Starting client at 10.0.0.14:1247 with timeout:10
My IP address is 10.0.0.14Skipped Seq from 2 to 5
Recovered out of order packet from 6 to 3
Recovered out of order packet from 6 to 4
Skipped Seq from 648 to 656
Skipped Seq from 656 to 658
Skipped Seq from 658 to 660
Skipped Seq from 661 to 663
Skipped Seq from 664 to 673
Skipped Seq from 674 to 676
Skipped Seq from 676 to 681
Skipped Seq from 681 to 689
Skipped Seq from 690 to 692
Skipped Seq from 692 to 694
Skipped Seq from 694 to 705
Skipped Seq from 706 to 717
Skipped Seq from 718 to 735
Skipped Seq from 735 to 739
Skipped Seq from 739 to 755
Skipped Seq from 755 to 775
Skipped Seq from 775 to 783
Skipped Seq from 783 to 788
Skipped Seq from 789 to 791
Skipped Seq from 792 to 795
Skipped Seq from 796 to 800
Skipped Seq from 800 to 809
Skipped Seq from 816 to 832
Skipped Seq from 832 to 856
Skipped Seq from 856 to 859
Skipped Seq from 860 to 868
Skipped Seq from 868 to 872
Skipped Seq from 872 to 874
Skipped Seq from 874 to 876
Skipped Seq from 877 to 889
Skipped Seq from 889 to 891
Skipped Seq from 893 to 899
Skipped Seq from 899 to 901
Skipped Seq from 901 to 905
Skipped Seq from 906 to 909
Skipped Seq from 910 to 912
Skipped Seq from 912 to 914
Skipped Seq from 915 to 917
Skipped Seq from 918 to 920
Skipped Seq from 920 to 922
Skipped Seq from 923 to 926
Skipped Seq from 927 to 929
Skipped Seq from 930 to 935
Skipped Seq from 935 to 937
Skipped Seq from 938 to 940
Skipped Seq from 940 to 942
Skipped Seq from 943 to 951
Skipped Seq from 951 to 953
Skipped Seq from 953 to 955
Skipped Seq from 956 to 959
Skipped Seq from 959 to 965
Skipped Seq from 965 to 968
Skipped Seq from 969 to 972
Skipped Seq from 973 to 975
Skipped Seq from 976 to 984
Skipped Seq from 984 to 986
Skipped Seq from 986 to 988
Skipped Seq from 989 to 992
Skipped Seq from 993 to 995
Skipped Seq from 996 to 1001
Skipped Seq from 1001 to 1006
Skipped Seq from 1006 to 1008
Skipped Seq from 1009 to 1012
Skipped Seq from 1013 to 1021
Skipped Seq from 1022 to 1024
Skipped Seq from 1024 to 1026
Skipped Seq from 1027 to 1029
Skipped Seq from 1029 to 1041
Skipped Seq from 1042 to 1044
Skipped Seq from 1044 to 1054
Skipped Seq from 1054 to 1057
Skipped Seq from 1058 to 1074
Skipped Seq from 1075 to 1077
Skipped Seq from 1078 to 1092
Skipped Seq from 1092 to 1094
Skipped Seq from 1095 to 1098
Skipped Seq from 1098 to 1112
Skipped Seq from 1113 to 1115
Skipped Seq from 1115 to 1130
Skipped Seq from 1130 to 1136
Skipped Seq from 1136 to 1147
Skipped Seq from 1148 to 1151
Skipped Seq from 1151 to 1166
Skipped Seq from 1166 to 1170
Skipped Seq from 1171 to 1175
Skipped Seq from 1175 to 1186
Skipped Seq from 1186 to 1190
Skipped Seq from 1191 to 1193
Skipped Seq from 1194 to 1197
Skipped Seq from 1198 to 1200
Skipped Seq from 1200 to 1202
Skipped Seq from 1203 to 1205
Skipped Seq from 1207 to 1210
Skipped Seq from 1211 to 1213
Skipped Seq from 1213 to 1215
Skipped Seq from 1215 to 1217
Skipped Seq from 1219 to 1221
Skipped Seq from 1221 to 1223
Skipped Seq from 1223 to 1225
Skipped Seq from 1227 to 1230
Skipped Seq from 1231 to 1234
Skipped Seq from 1234 to 1243
Skipped Seq from 1244 to 1246
Skipped Seq from 1247 to 1249
Skipped Seq from 1249 to 1264
Skipped Seq from 1264 to 1267
Skipped Seq from 1268 to 1279
Skipped Seq from 1280 to 1284
Skipped Seq from 1285 to 1288
Skipped Seq from 1288 to 1296
Skipped Seq from 1296 to 1299
Skipped Seq from 1300 to 1303
Skipped Seq from 1305 to 1319
Skipped Seq from 1320 to 1323
Skipped Seq from 1324 to 1327
Skipped Seq from 1327 to 1339
Skipped Seq from 1340 to 1360
Skipped Seq from 1360 to 1364
Skipped Seq from 1364 to 1380
Skipped Seq from 1380 to 1383
Skipped Seq from 1383 to 1385
Skipped Seq from 1385 to 1387
Skipped Seq from 1387 to 1389
Skipped Seq from 1391 to 1393
Skipped Seq from 1393 to 1400
Skipped Seq from 1401 to 1408
Skipped Seq from 1409 to 1411
Skipped Seq from 1411 to 1420
Skipped Seq from 1420 to 1422
Skipped Seq from 1422 to 1424
Skipped Seq from 1424 to 1429
Skipped Seq from 1429 to 1433
Skipped Seq from 1433 to 1436
Skipped Seq from 1436 to 1443
Skipped Seq from 1444 to 1446
Skipped Seq from 1446 to 1448
Skipped Seq from 1448 to 1451
Skipped Seq from 1451 to 1453
Skipped Seq from 1453 to 1455
Skipped Seq from 1456 to 1459
Skipped Seq from 1460 to 1462
Skipped Seq from 1463 to 1465
Skipped Seq from 1465 to 1467
Skipped Seq from 1468 to 1470
Skipped Seq from 1472 to 1475
Skipped Seq from 1475 to 1477
Skipped Seq from 1478 to 1480
Skipped Seq from 1480 to 1487
Skipped Seq from 1487 to 1498
Skipped Seq from 1499 to 1502
Skipped Seq from 1507 to 1513
Skipped Seq from 1513 to 1523
Skipped Seq from 1523 to 1526
Skipped Seq from 1526 to 1539
Skipped Seq from 1539 to 1541
Skipped Seq from 1542 to 1545
Skipped Seq from 1548 to 1551
Skipped Seq from 1551 to 1553
Skipped Seq from 1557 to 1564
Skipped Seq from 1564 to 1571
Skipped Seq from 1571 to 1577
Skipped Seq from 1577 to 1580
Skipped Seq from 1581 to 1583
Skipped Seq from 1585 to 1587
Skipped Seq from 1587 to 1590
Skipped Seq from 1591 to 1593
Skipped Seq from 1593 to 1595
Skipped Seq from 1595 to 1600
Skipped Seq from 1600 to 1607
Skipped Seq from 1607 to 1617
Skipped Seq from 1617 to 1619
Skipped Seq from 1619 to 1622
Skipped Seq from 1622 to 1628
Skipped Seq from 1628 to 1632
Skipped Seq from 1635 to 1642
Skipped Seq from 1642 to 1650
Skipped Seq from 1650 to 1653
Skipped Seq from 1653 to 1655
Skipped Seq from 1655 to 1658
Skipped Seq from 1658 to 1660
Skipped Seq from 1660 to 1662
Skipped Seq from 1663 to 1666
Skipped Seq from 1667 to 1670
Skipped Seq from 1671 to 1675
Skipped Seq from 1675 to 1679
Skipped Seq from 1680 to 1682
Skipped Seq from 1683 to 1687
Skipped Seq from 1688 to 1690
Skipped Seq from 1690 to 1692
Skipped Seq from 1694 to 1697
Skipped Seq from 1698 to 1705
Skipped Seq from 1705 to 1709
Skipped Seq from 1710 to 1723
Skipped Seq from 1723 to 1725
Skipped Seq from 1726 to 1729
Skipped Seq from 1730 to 1743
Skipped Seq from 1744 to 1755
Skipped Seq from 1756 to 1761
Skipped Seq from 1761 to 1770
Skipped Seq from 1770 to 1772
Skipped Seq from 1773 to 1790
Skipped Seq from 1791 to 1806
Skipped Seq from 1806 to 1808
Skipped Seq from 1808 to 1819
Skipped Seq from 1820 to 1840
Skipped Seq from 1840 to 1857
Skipped Seq from 1857 to 1859
Skipped Seq from 1860 to 1877
Skipped Seq from 1878 to 1900
Skipped Seq from 1901 to 1926
Skipped Seq from 1926 to 1946
Skipped Seq from 1947 to 1964
Skipped Seq from 1964 to 1976
Skipped Seq from 1978 to 1981
Skipped Seq from 1982 to 1997
Skipped Seq from 1997 to 2001
Skipped Seq from 2002 to 2016
Skipped Seq from 2016 to 2019
Skipped Seq from 2019 to 2021
Skipped Seq from 2021 to 2024
Skipped Seq from 2025 to 2029
Skipped Seq from 2029 to 2036
Skipped Seq from 2036 to 2039
Skipped Seq from 2039 to 2041
Skipped Seq from 2041 to 2058
Skipped Seq from 2058 to 2078
Skipped Seq from 2078 to 2098
Skipped Seq from 2098 to 2101
Skipped Seq from 2101 to 2113
Skipped Seq from 2113 to 2118
Skipped Seq from 2118 to 2133
Skipped Seq from 2133 to 2143
Skipped Seq from 2143 to 2148
Skipped Seq from 2148 to 2150
Skipped Seq from 2150 to 2152
Skipped Seq from 2152 to 2155
Skipped Seq from 2155 to 2160
Skipped Seq from 2160 to 2167
Skipped Seq from 2168 to 2171
Skipped Seq from 2172 to 2180
Skipped Seq from 2180 to 2185
Skipped Seq from 2186 to 2189
Skipped Seq from 2189 to 2191
Skipped Seq from 2192 to 2196
Skipped Seq from 2196 to 2200
Skipped Seq from 2200 to 2202
Skipped Seq from 2202 to 2204
Skipped Seq from 2206 to 2209
Skipped Seq from 2210 to 2213
Skipped Seq from 2214 to 2217
Skipped Seq from 2218 to 2221
Skipped Seq from 2222 to 2225
Skipped Seq from 2226 to 2228
Skipped Seq from 2230 to 2233
Skipped Seq from 2234 to 2237
Skipped Seq from 2237 to 2239
Skipped Seq from 2239 to 2241
Skipped Seq from 2242 to 2244
Skipped Seq from 2244 to 2246
Skipped Seq from 2246 to 2248
Skipped Seq from 2249 to 2251
Skipped Seq from 2251 to 2253
Skipped Seq from 2253 to 2256
Skipped Seq from 2257 to 2260
Skipped Seq from 2260 to 2264
Skipped Seq from 2264 to 2266
Skipped Seq from 2266 to 2268
Skipped Seq from 2269 to 2271
Skipped Seq from 2271 to 2273
Skipped Seq from 2274 to 2276
Skipped Seq from 2277 to 2280
Skipped Seq from 2281 to 2283
Skipped Seq from 2283 to 2286
Skipped Seq from 2286 to 2288
Skipped Seq from 2288 to 2290
Skipped Seq from 2290 to 2292
Skipped Seq from 2294 to 2296
Skipped Seq from 2296 to 2299
Skipped Seq from 2300 to 2303
Skipped Seq from 2304 to 2307
Skipped Seq from 2307 to 2310
Skipped Seq from 2311 to 2314
Skipped Seq from 2316 to 2321
Skipped Seq from 2321 to 2323
Skipped Seq from 2324 to 2331
Skipped Seq from 2333 to 2335
Skipped Seq from 2335 to 2338
Skipped Seq from 2338 to 2341
Skipped Seq from 2341 to 2345
Skipped Seq from 2345 to 2349
Skipped Seq from 2352 to 2355
Skipped Seq from 2356 to 2359
Skipped Seq from 2359 to 2361
Skipped Seq from 2362 to 2364
Skipped Seq from 2368 to 2371
Skipped Seq from 2371 to 2373
Skipped Seq from 2375 to 2377
Skipped Seq from 2379 to 2381
Skipped Seq from 2381 to 2386
Skipped Seq from 2386 to 2388
Skipped Seq from 2392 to 2394
Skipped Seq from 2394 to 2397
Skipped Seq from 2398 to 2401
Skipped Seq from 2404 to 2406
Skipped Seq from 2406 to 2413
Skipped Seq from 2414 to 2416
Skipped Seq from 2416 to 2420
Skipped Seq from 2421 to 2423
Skipped Seq from 2427 to 2431
Skipped Seq from 2432 to 2438
Skipped Seq from 2438 to 2442
Skipped Seq from 2442 to 2445
Skipped Seq from 2445 to 2451
Skipped Seq from 2451 to 2453
Skipped Seq from 2453 to 2455
Skipped Seq from 2456 to 2459
Skipped Seq from 2459 to 2461
Skipped Seq from 2463 to 2466
Skipped Seq from 2466 to 2468
Skipped Seq from 2469 to 2472
Skipped Seq from 2473 to 2476
Skipped Seq from 2476 to 2478
Skipped Seq from 2478 to 2480
Skipped Seq from 2480 to 2482
Skipped Seq from 2486 to 2488
Skipped Seq from 2488 to 2499
Skipped Seq from 2499 to 2501
Skipped Seq from 2504 to 2506
Skipped Seq from 2507 to 2509
Skipped Seq from 2509 to 2511
Skipped Seq from 2511 to 2513
Skipped Seq from 2513 to 2518
Skipped Seq from 2519 to 2522
Skipped Seq from 2522 to 2524
Skipped Seq from 2525 to 2528
Skipped Seq from 2529 to 2532
Skipped Seq from 2535 to 2537
Skipped Seq from 2539 to 2542
Skipped Seq from 2542 to 2544
Skipped Seq from 2544 to 2546
Skipped Seq from 2546 to 2548
Skipped Seq from 2549 to 2552
Skipped Seq from 2552 to 2555
Skipped Seq from 2557 to 2559
Skipped Seq from 2559 to 2566
Skipped Seq from 2566 to 2568
Skipped Seq from 2568 to 2572
Skipped Seq from 2572 to 2574
Skipped Seq from 2574 to 2576
Skipped Seq from 2576 to 2582
Skipped Seq from 2582 to 2584
Skipped Seq from 2584 to 2588
Skipped Seq from 2588 to 2590
Skipped Seq from 2590 to 2592
Skipped Seq from 2592 to 2595
Skipped Seq from 2595 to 2603
Skipped Seq from 2603 to 2606
Skipped Seq from 2609 to 2613
Skipped Seq from 2613 to 2621
Skipped Seq from 2622 to 2624
Skipped Seq from 2624 to 2627
Skipped Seq from 2628 to 2631
Skipped Seq from 2631 to 2633
Skipped Seq from 2633 to 2639
Skipped Seq from 2639 to 2644
Skipped Seq from 2645 to 2648
Skipped Seq from 2648 to 2654
Skipped Seq from 2654 to 2657
Skipped Seq from 2657 to 2663
Skipped Seq from 2663 to 2690
Skipped Seq from 2690 to 2713
Skipped Seq from 2714 to 2716
Skipped Seq from 2719 to 2722
Skipped Seq from 2723 to 2725
Skipped Seq from 2725 to 2730
Skipped Seq from 2732 to 2734
Skipped Seq from 2735 to 2742
Skipped Seq from 2742 to 2744
Skipped Seq from 2744 to 2748
Skipped Seq from 2751 to 2753
Skipped Seq from 2753 to 2757
Skipped Seq from 2757 to 2760
Skipped Seq from 2760 to 2772
Skipped Seq from 2773 to 2777
Skipped Seq from 2777 to 2781
Skipped Seq from 2781 to 2784
Skipped Seq from 2785 to 2787
Skipped Seq from 2790 to 2792
Skipped Seq from 2792 to 2794
Skipped Seq from 2796 to 2800
Skipped Seq from 2801 to 2806
Skipped Seq from 2807 to 2818
Skipped Seq from 2821 to 2823
Skipped Seq from 2823 to 2825
Skipped Seq from 2826 to 2829
Skipped Seq from 2829 to 2831
Skipped Seq from 2831 to 2833
Skipped Seq from 2834 to 2837
Skipped Seq from 2840 to 2844
Skipped Seq from 2845 to 2849
Skipped Seq from 2849 to 2852
Skipped Seq from 2852 to 2855
Skipped Seq from 2855 to 2857
Skipped Seq from 2857 to 2860
Skipped Seq from 2860 to 2863
Skipped Seq from 2863 to 2865
Skipped Seq from 2865 to 2867
Skipped Seq from 2867 to 2869
Skipped Seq from 2869 to 2871
Skipped Seq from 2871 to 2874
Skipped Seq from 2874 to 2877
Skipped Seq from 2877 to 2879
Skipped Seq from 2879 to 2882
Skipped Seq from 2883 to 2885
Skipped Seq from 2885 to 2888
Skipped Seq from 2888 to 2890
Skipped Seq from 2891 to 2894
Skipped Seq from 2894 to 2896
Skipped Seq from 2896 to 2900
Skipped Seq from 2900 to 2902
Skipped Seq from 2903 to 2905
Skipped Seq from 2905 to 2907
Skipped Seq from 2907 to 2910
Skipped Seq from 2911 to 2915
Skipped Seq from 2915 to 2917
Skipped Seq from 2917 to 2919
Skipped Seq from 2919 to 2923
Skipped Seq from 2926 to 2930
Skipped Seq from 2932 to 2935
Skipped Seq from 2936 to 2938
Skipped Seq from 2938 to 2940
Skipped Seq from 2940 to 2943
Skipped Seq from 2946 to 2949
Skipped Seq from 2949 to 2951
Skipped Seq from 2952 to 2955
Skipped Seq from 2955 to 2957
Skipped Seq from 2958 to 2961
Skipped Seq from 2964 to 2966
Skipped Seq from 2966 to 2968
Skipped Seq from 2968 to 2970
Skipped Seq from 2970 to 2983
Skipped Seq from 2983 to 2985
Skipped Seq from 2985 to 2989
Skipped Seq from 2989 to 2992
Skipped Seq from 2992 to 3002
Skipped Seq from 3003 to 3005
Skipped Seq from 3006 to 3010
Skipped Seq from 3010 to 3012
Skipped Seq from 3014 to 3019
Skipped Seq from 3021 to 3038
Skipped Seq from 3038 to 3048
Skipped Seq from 3048 to 3063
Skipped Seq from 3063 to 3071
Skipped Seq from 3071 to 3083
Skipped Seq from 3083 to 3095
Skipped Seq from 3095 to 3100
Skipped Seq from 3100 to 3107
Skipped Seq from 3107 to 3125
Skipped Seq from 3125 to 3127
Skipped Seq from 3127 to 3135
Skipped Seq from 3135 to 3141
Skipped Seq from 3141 to 3144
Skipped Seq from 3144 to 3150
Skipped Seq from 3150 to 3152
Skipped Seq from 3152 to 3158
Skipped Seq from 3158 to 3169
Skipped Seq from 3171 to 3175
Skipped Seq from 3175 to 3177
Skipped Seq from 3177 to 3183
Skipped Seq from 3183 to 3185
Skipped Seq from 3186 to 3188
Skipped Seq from 3188 to 3193
Skipped Seq from 3193 to 3199
Skipped Seq from 3200 to 3203
Skipped Seq from 3203 to 3207
Skipped Seq from 3207 to 3215
Skipped Seq from 3215 to 3223
Skipped Seq from 3223 to 3230
Skipped Seq from 3230 to 3238
Skipped Seq from 3238 to 3250
Skipped Seq from 3251 to 3255
Skipped Seq from 3255 to 3258
Skipped Seq from 3259 to 3268
Skipped Seq from 3268 to 3274
Skipped Seq from 3274 to 3277
Skipped Seq from 3277 to 3281
Skipped Seq from 3281 to 3286
Skipped Seq from 3286 to 3289
Skipped Seq from 3289 to 3291
Skipped Seq from 3291 to 3294
Skipped Seq from 3294 to 3296
Skipped Seq from 3296 to 3309
Skipped Seq from 3309 to 3312
Skipped Seq from 3312 to 3322
Skipped Seq from 3322 to 3328
Skipped Seq from 3328 to 3338
Skipped Seq from 3338 to 3341
Skipped Seq from 3342 to 3348
Skipped Seq from 3348 to 3350
Skipped Seq from 3350 to 3357
Skipped Seq from 3357 to 3360
Skipped Seq from 3361 to 3363
Skipped Seq from 3363 to 3365
Skipped Seq from 3365 to 3371
Skipped Seq from 3371 to 3374
Skipped Seq from 3374 to 3381
Skipped Seq from 3381 to 3387
Skipped Seq from 3387 to 3389
Skipped Seq from 3389 to 3393
Skipped Seq from 3395 to 3397
Skipped Seq from 3397 to 3399
Skipped Seq from 3399 to 3401
Skipped Seq from 3401 to 3405
Skipped Seq from 3407 to 3413
Skipped Seq from 3413 to 3417
Skipped Seq from 3417 to 3419
Skipped Seq from 3419 to 3422
Skipped Seq from 3422 to 3425
Skipped Seq from 3426 to 3428
Skipped Seq from 3429 to 3431
Skipped Seq from 3436 to 3442
Skipped Seq from 3449 to 3457
Skipped Seq from 3457 to 3468
Skipped Seq from 3468 to 3482
Skipped Seq from 3482 to 3488
Skipped Seq from 3488 to 3508
Skipped Seq from 3508 to 3510
Skipped Seq from 3511 to 3515
Skipped Seq from 3517 to 3522
Skipped Seq from 3524 to 3526
Skipped Seq from 3526 to 3528
Skipped Seq from 3529 to 3533
Skipped Seq from 3536 to 3538
Skipped Seq from 3538 to 3543
Skipped Seq from 3543 to 3545
Skipped Seq from 3545 to 3549
Skipped Seq from 3550 to 3555
Skipped Seq from 3557 to 3564
Skipped Seq from 3564 to 3570
Skipped Seq from 3570 to 3572
Skipped Seq from 3572 to 3578
Skipped Seq from 3579 to 3584
Skipped Seq from 3584 to 3588
Skipped Seq from 3589 to 3593
Skipped Seq from 3596 to 3600
Skipped Seq from 3600 to 3617
Skipped Seq from 3617 to 3632
Skipped Seq from 3633 to 3638
Skipped Seq from 3639 to 3643
Skipped Seq from 3643 to 3649
Skipped Seq from 3649 to 3654
Skipped Seq from 3654 to 3656
Skipped Seq from 3656 to 3662
Skipped Seq from 3662 to 3667
Skipped Seq from 3668 to 3674
Skipped Seq from 3674 to 3689
Skipped Seq from 3689 to 3696
Skipped Seq from 3696 to 3700
Skipped Seq from 3701 to 3703
Skipped Seq from 3703 to 3706
Skipped Seq from 3707 to 3709
Skipped Seq from 3709 to 3711
Skipped Seq from 3713 to 3716
Skipped Seq from 3717 to 3719
Skipped Seq from 3719 to 3721
Skipped Seq from 3721 to 3723
Skipped Seq from 3724 to 3727
Skipped Seq from 3728 to 3730
Skipped Seq from 3730 to 3733
Skipped Seq from 3734 to 3737
Skipped Seq from 3740 to 3744
Skipped Seq from 3745 to 3747
Skipped Seq from 3747 to 3750
Skipped Seq from 3752 to 3756
Skipped Seq from 3756 to 3762
Skipped Seq from 3762 to 3767
Skipped Seq from 3769 to 3773
Skipped Seq from 3773 to 3777
Skipped Seq from 3777 to 3783
Skipped Seq from 3783 to 3796
Skipped Seq from 3796 to 3802
Skipped Seq from 3802 to 3811
Skipped Seq from 3811 to 3816
Skipped Seq from 3816 to 3823
Skipped Seq from 3823 to 3826
Skipped Seq from 3827 to 3831
Skipped Seq from 3832 to 3837
Skipped Seq from 3837 to 3839
Skipped Seq from 3839 to 3841
Skipped Seq from 3841 to 3847
Skipped Seq from 3847 to 3853
Skipped Seq from 3853 to 3856
Skipped Seq from 3856 to 3858
Skipped Seq from 3858 to 3860
Skipped Seq from 3860 to 3866
Skipped Seq from 3866 to 3873
Skipped Seq from 3873 to 3877
Skipped Seq from 3877 to 3885
Skipped Seq from 3885 to 3888
Skipped Seq from 3888 to 3893
Skipped Seq from 3893 to 3897
Skipped Seq from 3897 to 3905
Skipped Seq from 3905 to 3925
Skipped Seq from 3925 to 3934
Skipped Seq from 3934 to 3946
Skipped Seq from 3946 to 3949
Skipped Seq from 3950 to 3953
Skipped Seq from 3953 to 3961
Skipped Seq from 3961 to 3963
Skipped Seq from 3963 to 3969
Skipped Seq from 3969 to 3972
Skipped Seq from 3972 to 3975
Skipped Seq from 3975 to 3981
Skipped Seq from 3981 to 3984
Skipped Seq from 3984 to 3986
Skipped Seq from 3986 to 3990
Skipped Seq from 3990 to 3993
Skipped Seq from 3993 to 3995
Skipped Seq from 3995 to 3999
Skipped Seq from 3999 to 4002
Skipped Seq from 4002 to 4004
Skipped Seq from 4005 to 4011
Skipped Seq from 4011 to 4014
Skipped Seq from 4014 to 4017
Skipped Seq from 4018 to 4021
Skipped Seq from 4021 to 4028
Skipped Seq from 4028 to 4034
Skipped Seq from 4034 to 4036
Skipped Seq from 4037 to 4040
Skipped Seq from 4040 to 4043
Skipped Seq from 4043 to 4047
Skipped Seq from 4047 to 4050
Skipped Seq from 4050 to 4053
Skipped Seq from 4053 to 4071
Skipped Seq from 4071 to 4073
Skipped Seq from 4073 to 4079
Skipped Seq from 4079 to 4087
Skipped Seq from 4087 to 4103
Skipped Seq from 4103 to 4115
Skipped Seq from 4115 to 4132
Skipped Seq from 4132 to 4135
Skipped Seq from 4135 to 4138
Skipped Seq from 4138 to 4142
Skipped Seq from 4142 to 4149
Skipped Seq from 4149 to 4151
Skipped Seq from 4151 to 4158
Skipped Seq from 4158 to 4166
Skipped Seq from 4166 to 4173
Skipped Seq from 4173 to 4177
Skipped Seq from 4177 to 4186
Skipped Seq from 4186 to 4190
Skipped Seq from 4190 to 4198
Skipped Seq from 4198 to 4206
Skipped Seq from 4206 to 4214
Skipped Seq from 4214 to 4223
Skipped Seq from 4223 to 4235
Skipped Seq from 4235 to 4250
Skipped Seq from 4250 to 4257
Skipped Seq from 4258 to 4260
Skipped Seq from 4260 to 4262
Skipped Seq from 4262 to 4264
Skipped Seq from 4264 to 4267
Skipped Seq from 4267 to 4273
Skipped Seq from 4273 to 4276
Skipped Seq from 4276 to 4278
Skipped Seq from 4279 to 4282
Skipped Seq from 4282 to 4284
Skipped Seq from 4284 to 4286
Skipped Seq from 4286 to 4288
Skipped Seq from 4288 to 4290
Skipped Seq from 4290 to 4292
Skipped Seq from 4292 to 4294
Skipped Seq from 4294 to 4296
Skipped Seq from 4296 to 4299
Skipped Seq from 4299 to 4303
Skipped Seq from 4303 to 4306
Skipped Seq from 4306 to 4309
Skipped Seq from 4309 to 4312
Skipped Seq from 4312 to 4314
Skipped Seq from 4315 to 4317
Skipped Seq from 4317 to 4320
Skipped Seq from 4320 to 4322
Skipped Seq from 4322 to 4326
Skipped Seq from 4328 to 4332
Skipped Seq from 4333 to 4335
Skipped Seq from 4335 to 4339
Skipped Seq from 4340 to 4342
Skipped Seq from 4342 to 4344
Skipped Seq from 4345 to 4347
Skipped Seq from 4347 to 4351
Skipped Seq from 4351 to 4353
Skipped Seq from 4353 to 4355
Skipped Seq from 4356 to 4358
Skipped Seq from 4360 to 4362
Skipped Seq from 4362 to 4365
Skipped Seq from 4367 to 4370
Skipped Seq from 4370 to 4373
Skipped Seq from 4373 to 4376
Skipped Seq from 4377 to 4379
Skipped Seq from 4380 to 4383
Skipped Seq from 4383 to 4385
Skipped Seq from 4385 to 4388
Skipped Seq from 4389 to 4393
Skipped Seq from 4393 to 4398
Skipped Seq from 4398 to 4401
Skipped Seq from 4406 to 4408
Skipped Seq from 4408 to 4413
Skipped Seq from 4413 to 4416
Skipped Seq from 4416 to 4418
Skipped Seq from 4418 to 4421
Skipped Seq from 4421 to 4426
Skipped Seq from 4426 to 4429
Skipped Seq from 4429 to 4432
Skipped Seq from 4432 to 4434
Skipped Seq from 4434 to 4441
Skipped Seq from 4442 to 4445
Skipped Seq from 4445 to 4448
Skipped Seq from 4448 to 4453
Skipped Seq from 4454 to 4457
Skipped Seq from 4457 to 4462
Skipped Seq from 4462 to 4468
Skipped Seq from 4468 to 4472
Skipped Seq from 4472 to 4474
Skipped Seq from 4474 to 4478
Skipped Seq from 4478 to 4480
Skipped Seq from 4481 to 4486
Skipped Seq from 4486 to 4492
Skipped Seq from 4492 to 4497
Skipped Seq from 4497 to 4503
Skipped Seq from 4503 to 4506
Skipped Seq from 4506 to 4511
Skipped Seq from 4511 to 4516
Skipped Seq from 4516 to 4519
Skipped Seq from 4519 to 4522
Skipped Seq from 4522 to 4526
Skipped Seq from 4527 to 4530
Skipped Seq from 4530 to 4533
Skipped Seq from 4533 to 4539
Skipped Seq from 4539 to 4541
Skipped Seq from 4541 to 4546
Skipped Seq from 4546 to 4554
Skipped Seq from 4554 to 4561
Skipped Seq from 4561 to 4566
Skipped Seq from 4566 to 4569
Skipped Seq from 4569 to 4573
Skipped Seq from 4573 to 4576
Skipped Seq from 4576 to 4580
Skipped Seq from 4580 to 4583
Skipped Seq from 4583 to 4589
Skipped Seq from 4589 to 4591
Skipped Seq from 4591 to 4596
Skipped Seq from 4596 to 4598
Skipped Seq from 4598 to 4606
Skipped Seq from 4606 to 4613
Skipped Seq from 4614 to 4616
Skipped Seq from 4616 to 4620
Skipped Seq from 4620 to 4622
Skipped Seq from 4622 to 4624
Skipped Seq from 4625 to 4629
Skipped Seq from 4630 to 4632
Skipped Seq from 4633 to 4636
Skipped Seq from 4637 to 4640
Skipped Seq from 4640 to 4643
Skipped Seq from 4643 to 4645
Skipped Seq from 4645 to 4650
Skipped Seq from 4650 to 4652
Skipped Seq from 4652 to 4656
Skipped Seq from 4656 to 4658
Skipped Seq from 4658 to 4661
Skipped Seq from 4661 to 4663
Skipped Seq from 4663 to 4665
Skipped Seq from 4665 to 4667
Skipped Seq from 4667 to 4669
Skipped Seq from 4669 to 4684
Skipped Seq from 4684 to 4697
Skipped Seq from 4697 to 4700
Skipped Seq from 4700 to 4704
Skipped Seq from 4704 to 4706
Skipped Seq from 4706 to 4710
Skipped Seq from 4710 to 4712
Skipped Seq from 4712 to 4716
Skipped Seq from 4716 to 4720
Skipped Seq from 4720 to 4728
Skipped Seq from 4728 to 4735
Skipped Seq from 4735 to 4740
Skipped Seq from 4740 to 4746
Skipped Seq from 4746 to 4748
Skipped Seq from 4748 to 4753
Skipped Seq from 4753 to 4755
Skipped Seq from 4755 to 4763
Skipped Seq from 4763 to 4766
Skipped Seq from 4766 to 4770
Skipped Seq from 4770 to 4774
Skipped Seq from 4774 to 4777
Skipped Seq from 4777 to 4781
Skipped Seq from 4781 to 4785
Skipped Seq from 4785 to 4789
Skipped Seq from 4789 to 4793
Skipped Seq from 4793 to 4797
Skipped Seq from 4797 to 4802
Skipped Seq from 4802 to 4806
Skipped Seq from 4806 to 4810
Skipped Seq from 4810 to 4819
Skipped Seq from 4820 to 4825
Skipped Seq from 4826 to 4828
Skipped Seq from 4828 to 4832
Skipped Seq from 4833 to 4835
Skipped Seq from 4835 to 4838
Skipped Seq from 4838 to 4840
Skipped Seq from 4841 to 4844
Skipped Seq from 4844 to 4848
Skipped Seq from 4848 to 4852
Skipped Seq from 4852 to 4857
Skipped Seq from 4857 to 4861
Skipped Seq from 4861 to 4866
Skipped Seq from 4866 to 4871
Skipped Seq from 4877 to 4879
Skipped Seq from 4880 to 4886
Skipped Seq from 4886 to 4889
Skipped Seq from 4895 to 4897
Skipped Seq from 4901 to 4906
Skipped Seq from 4907 to 4910
Skipped Seq from 4911 to 4917
Skipped Seq from 4918 to 4921
Skipped Seq from 4923 to 4926
Skipped Seq from 4927 to 4933
Skipped Seq from 4935 to 4938
Skipped Seq from 4938 to 4940
Skipped Seq from 4940 to 4943
Skipped Seq from 4943 to 4963
Skipped Seq from 4964 to 4967
Skipped Seq from 4975 to 4977
Skipped Seq from 4984 to 4987
Skipped Seq from 4988 to 4990
Skipped Seq from 4993 to 4995
Skipped Seq from 5004 to 5006
Skipped Seq from 5010 to 5012
Skipped Seq from 5025 to 5027
Skipped Seq from 5037 to 5039
Skipped Seq from 5049 to 5052
Skipped Seq from 5061 to 5063
Skipped Seq from 5071 to 5074
Skipped Seq from 5076 to 5080
Skipped Seq from 5080 to 5091
Skipped Seq from 5092 to 5094
Skipped Seq from 5097 to 5102
Skipped Seq from 5105 to 5107
Skipped Seq from 5109 to 5114
Skipped Seq from 5114 to 5119
Skipped Seq from 5119 to 5121
Skipped Seq from 5123 to 5125
Skipped Seq from 5126 to 5128
Skipped Seq from 5129 to 5131
Skipped Seq from 5131 to 5133
Skipped Seq from 5135 to 5137
Skipped Seq from 5138 to 5140
Skipped Seq from 5143 to 5145
Skipped Seq from 5150 to 5152
Skipped Seq from 5160 to 5162
Skipped Seq from 5166 to 5168
Skipped Seq from 5170 to 5172
Skipped Seq from 5182 to 5184
Skipped Seq from 5184 to 5186
Skipped Seq from 5186 to 5188
Skipped Seq from 5302 to 5304
Skipped Seq from 5307 to 5309
Skipped Seq from 5318 to 5320
Skipped Seq from 5333 to 5335
Skipped Seq from 5337 to 5339
Skipped Seq from 5343 to 5345
Skipped Seq from 10606 to 10608
Skipped Seq from 10620 to 10622
Skipped Seq from 10633 to 10635
Skipped Seq from 10640 to 10642
Skipped Seq from 10647 to 10649
Skipped Seq from 10654 to 10656
Skipped Seq from 10671 to 10673
Skipped Seq from 10697 to 10699
Skipped Seq from 10704 to 10706
Skipped Seq from 10710 to 10712
Skipped Seq from 10717 to 10719
Skipped Seq from 10724 to 10726
Skipped Seq from 10737 to 10739
Skipped Seq from 10757 to 10759
Skipped Seq from 10763 to 10765
Skipped Seq from 10771 to 10773
Skipped Seq from 10777 to 10779
Skipped Seq from 10785 to 10787
Skipped Seq from 10788 to 10790
Skipped Seq from 10790 to 10793
Skipped Seq from 10798 to 10800
Skipped Seq from 10800 to 10802
Skipped Seq from 10802 to 10804
Skipped Seq from 10804 to 10807
Skipped Seq from 10807 to 10809
Skipped Seq from 10809 to 10811
Skipped Seq from 10811 to 10814
Skipped Seq from 10814 to 10816
Skipped Seq from 10816 to 10818
Skipped Seq from 10818 to 10821
Skipped Seq from 10821 to 10823
Skipped Seq from 10823 to 10825
Skipped Seq from 10825 to 10828
Skipped Seq from 10828 to 10830
Skipped Seq from 10830 to 10833
Skipped Seq from 10833 to 10835
Skipped Seq from 10835 to 10837
Skipped Seq from 10837 to 10840
Skipped Seq from 10840 to 10842
Skipped Seq from 10842 to 10844
Skipped Seq from 10844 to 10847
Skipped Seq from 10847 to 10849
Skipped Seq from 10849 to 10851
Skipped Seq from 10851 to 10854
Skipped Seq from 10857 to 10859
Skipped Seq from 10863 to 10866
Skipped Seq from 10866 to 10868
Skipped Seq from 10868 to 10870
Skipped Seq from 10870 to 10873
Skipped Seq from 10875 to 10877
Skipped Seq from 10877 to 10880
Skipped Seq from 10884 to 10886
Skipped Seq from 10887 to 10889
Skipped Seq from 10889 to 10894
Skipped Seq from 10894 to 10896
Skipped Seq from 10896 to 10899
Skipped Seq from 10899 to 10901
Skipped Seq from 10901 to 10903
Skipped Seq from 10903 to 10905
Skipped Seq from 10905 to 10907
Skipped Seq from 10907 to 10911
Skipped Seq from 10913 to 10916
Skipped Seq from 10916 to 10918
Skipped Seq from 10918 to 10920
Skipped Seq from 10920 to 10923
Skipped Seq from 10923 to 10925
Skipped Seq from 10925 to 10927
Skipped Seq from 10927 to 10932
Skipped Seq from 10932 to 10935
Skipped Seq from 10936 to 10939
Skipped Seq from 10939 to 10944
Skipped Seq from 10944 to 10947
Skipped Seq from 10947 to 10949
Skipped Seq from 10949 to 10951
Skipped Seq from 10951 to 10954
Skipped Seq from 10955 to 10957
Skipped Seq from 10957 to 10959
Skipped Seq from 10959 to 10962
Skipped Seq from 10962 to 10964
Skipped Seq from 10964 to 10966
Skipped Seq from 10966 to 10969
Skipped Seq from 10969 to 10971
Skipped Seq from 10971 to 10974
Skipped Seq from 10977 to 10979
Skipped Seq from 10979 to 10981
Skipped Seq from 10981 to 10983
Skipped Seq from 10984 to 10986
Skipped Seq from 10990 to 10992
Skipped Seq from 10995 to 10997
Skipped Seq from 11002 to 11004
Skipped Seq from 11006 to 11008
Skipped Seq from 11009 to 11011
Skipped Seq from 11015 to 11018
Skipped Seq from 11021 to 11023
Skipped Seq from 11028 to 11030
Skipped Seq from 11034 to 11036
Skipped Seq from 11038 to 11040
Skipped Seq from 11041 to 11043
Skipped Seq from 11047 to 11049
Skipped Seq from 11052 to 11055
Skipped Seq from 11059 to 11061
Skipped Seq from 11061 to 11063
Skipped Seq from 11066 to 11068
Skipped Seq from 11071 to 11073
Skipped Seq from 11073 to 11076
Skipped Seq from 11076 to 11078
Skipped Seq from 11078 to 11080
Skipped Seq from 11080 to 11084
Skipped Seq from 11084 to 11086
Skipped Seq from 11086 to 11091
Skipped Seq from 11091 to 11093
Skipped Seq from 11093 to 11096
Skipped Seq from 11096 to 11098
Skipped Seq from 11098 to 11103
Skipped Seq from 11103 to 11107
Skipped Seq from 11107 to 11109
Skipped Seq from 11109 to 11111
Skipped Seq from 11111 to 11114
Skipped Seq from 11114 to 11116
Skipped Seq from 11116 to 11119
Skipped Seq from 11119 to 11122
Skipped Seq from 11122 to 11124
Skipped Seq from 11124 to 11130
Skipped Seq from 11130 to 11132
Skipped Seq from 11132 to 11135
Skipped Seq from 11135 to 11138
Skipped Seq from 11138 to 11141
Skipped Seq from 11141 to 11143
Skipped Seq from 11143 to 11145
Skipped Seq from 11145 to 11148
Skipped Seq from 11148 to 11150
Skipped Seq from 11150 to 11153
Skipped Seq from 11154 to 11156
Skipped Seq from 11156 to 11158
Skipped Seq from 11158 to 11161
Skipped Seq from 11161 to 11163
Skipped Seq from 11163 to 11167
Skipped Seq from 11167 to 11169
Skipped Seq from 11169 to 11171
Skipped Seq from 11171 to 11175
Skipped Seq from 11175 to 11177
Skipped Seq from 11177 to 11181
Skipped Seq from 11181 to 11183
Skipped Seq from 11183 to 11185
Skipped Seq from 11185 to 11191
Skipped Seq from 11191 to 11196
Skipped Seq from 11196 to 11199
Skipped Seq from 11199 to 11202
Skipped Seq from 11202 to 11204
Skipped Seq from 11204 to 11207
Skipped Seq from 11207 to 11210
Skipped Seq from 11210 to 11215
Skipped Seq from 11215 to 11217
Skipped Seq from 11217 to 11221
Skipped Seq from 11221 to 11223
Skipped Seq from 11223 to 11226
Skipped Seq from 11226 to 11229
Skipped Seq from 11229 to 11232
Skipped Seq from 11232 to 11234
Skipped Seq from 11234 to 11237
Skipped Seq from 11237 to 11240
Skipped Seq from 11240 to 11243
Skipped Seq from 11243 to 11246
Skipped Seq from 11246 to 11249
Skipped Seq from 11249 to 11251
Skipped Seq from 11251 to 11254
Skipped Seq from 11254 to 11256
Skipped Seq from 11256 to 11260
Skipped Seq from 11260 to 11262
Skipped Seq from 11262 to 11264
Skipped Seq from 11264 to 11267
Skipped Seq from 11267 to 11270
Skipped Seq from 11270 to 11273
Skipped Seq from 11273 to 11275
Skipped Seq from 11275 to 11277
Skipped Seq from 11277 to 11281
Skipped Seq from 11282 to 11284
Skipped Seq from 11289 to 11291
Skipped Seq from 11294 to 11296
Skipped Seq from 11300 to 11302
Skipped Seq from 11302 to 11305
Skipped Seq from 11306 to 11308
Skipped Seq from 11308 to 11311
Skipped Seq from 11314 to 11316
Skipped Seq from 11317 to 11319
Skipped Seq from 11321 to 11323
Skipped Seq from 11327 to 11329
Skipped Seq from 11334 to 11336
Skipped Seq from 11338 to 11341
Skipped Seq from 11364 to 11367
Skipped Seq from 11367 to 11379
Skipped Seq from 11382 to 11385
Skipped Seq from 11385 to 11388
Skipped Seq from 11388 to 11392
Skipped Seq from 11392 to 11394
Skipped Seq from 11394 to 11396
Skipped Seq from 11396 to 11398
Skipped Seq from 11398 to 11400
Skipped Seq from 11400 to 11402
Skipped Seq from 11402 to 11406
Skipped Seq from 11406 to 11408
Skipped Seq from 11409 to 11411
Skipped Seq from 11412 to 11414
Skipped Seq from 11415 to 11418
Skipped Seq from 11421 to 11424
Skipped Seq from 11425 to 11427
Skipped Seq from 11428 to 11431
Skipped Seq from 11434 to 11436
Skipped Seq from 11436 to 11438
Skipped Seq from 11438 to 11440
Skipped Seq from 11441 to 11443
Skipped Seq from 11443 to 11447
Skipped Seq from 11447 to 11450
Skipped Seq from 11450 to 11453
Skipped Seq from 11454 to 11456
Skipped Seq from 11456 to 11460
Skipped Seq from 11460 to 11463
Skipped Seq from 11463 to 11467
Skipped Seq from 11467 to 11470
Skipped Seq from 11470 to 11472
Skipped Seq from 11472 to 11474
Skipped Seq from 11474 to 11476
Skipped Seq from 11476 to 11479
Skipped Seq from 11479 to 11486
Skipped Seq from 11486 to 11489
Skipped Seq from 11489 to 11492
Skipped Seq from 11492 to 11496
Skipped Seq from 11496 to 11499
Skipped Seq from 11499 to 11505
Skipped Seq from 11505 to 11509
Skipped Seq from 11509 to 11512
Skipped Seq from 11512 to 11515
Skipped Seq from 11516 to 11518
Skipped Seq from 11518 to 11522
Skipped Seq from 11522 to 11525
Skipped Seq from 11525 to 11529
Skipped Seq from 11529 to 11531
Skipped Seq from 11532 to 11536
Skipped Seq from 11536 to 11539
Skipped Seq from 11539 to 11542
Skipped Seq from 11543 to 11545
Skipped Seq from 11546 to 11549
Skipped Seq from 11550 to 11553
Skipped Seq from 11553 to 11557
Skipped Seq from 11557 to 11559
Skipped Seq from 11559 to 11564
Skipped Seq from 11564 to 11567
Skipped Seq from 11567 to 11570
Skipped Seq from 11570 to 11574
Skipped Seq from 11574 to 11577
Skipped Seq from 11578 to 11580
Skipped Seq from 11580 to 11584
Skipped Seq from 11584 to 11587
Skipped Seq from 11587 to 11591
Skipped Seq from 11591 to 11594
Skipped Seq from 11594 to 11598
Skipped Seq from 11598 to 11601
Skipped Seq from 11601 to 11607
Skipped Seq from 11607 to 11611
Skipped Seq from 11611 to 11613
Skipped Seq from 11613 to 11617
Skipped Seq from 11617 to 11620
Skipped Seq from 11620 to 11624
Skipped Seq from 11624 to 11626
Skipped Seq from 11626 to 11630
Skipped Seq from 11630 to 11633
Skipped Seq from 11633 to 11636
Skipped Seq from 11636 to 11639
Skipped Seq from 11639 to 11642
Skipped Seq from 11643 to 11645
Skipped Seq from 11645 to 11649
Skipped Seq from 11649 to 11651
Skipped Seq from 11652 to 11655
Skipped Seq from 11656 to 11658
Skipped Seq from 11658 to 11662
Skipped Seq from 11662 to 11665
Skipped Seq from 11665 to 11669
Skipped Seq from 11669 to 11672
Skipped Seq from 11672 to 11674
Skipped Seq from 11674 to 11678
Skipped Seq from 11678 to 11682
Skipped Seq from 11682 to 11685
Skipped Seq from 11685 to 11689
Skipped Seq from 11689 to 11692
Skipped Seq from 11692 to 11695
Skipped Seq from 11696 to 11698
Skipped Seq from 11698 to 11702
Skipped Seq from 11706 to 11708
Skipped Seq from 11711 to 11713
Skipped Seq from 11724 to 11726
Skipped Seq from 11726 to 11728
Skipped Seq from 11729 to 11731
Skipped Seq from 11731 to 11733
Skipped Seq from 11733 to 11735
Skipped Seq from 11736 to 11738
Skipped Seq from 11738 to 11740
Skipped Seq from 11744 to 11746
Skipped Seq from 11746 to 11748
Skipped Seq from 11750 to 11752
Skipped Seq from 11753 to 11755
Skipped Seq from 11756 to 11758
Skipped Seq from 11758 to 11760
Skipped Seq from 11760 to 11762
Skipped Seq from 11763 to 11766
Skipped Seq from 11770 to 11772
Skipped Seq from 11776 to 11778
Skipped Seq from 11780 to 11782
Skipped Seq from 11783 to 11786
Skipped Seq from 11790 to 11793
Skipped Seq from 11797 to 11799
Skipped Seq from 11804 to 11806
Skipped Seq from 11810 to 11812
Skipped Seq from 11816 to 11818
Skipped Seq from 11818 to 11820
Skipped Seq from 11824 to 11826
Skipped Seq from 11831 to 11833
Skipped Seq from 11838 to 11840
Skipped Seq from 11851 to 11853
Skipped Seq from 11857 to 11859
Skipped Seq from 11865 to 11867
Skipped Seq from 11872 to 11874
Skipped Seq from 11878 to 11880
Skipped Seq from 11885 to 11887
Skipped Seq from 11892 to 11895
Skipped Seq from 11896 to 11898
Skipped Seq from 11898 to 11900
Skipped Seq from 11905 to 11907
Skipped Seq from 11912 to 11915
Skipped Seq from 11918 to 11920
Skipped Seq from 11921 to 11923
Skipped Seq from 11924 to 11928
Skipped Seq from 11929 to 11931
Skipped Seq from 11931 to 11934
Skipped Seq from 11936 to 11939
Skipped Seq from 11940 to 11942
Skipped Seq from 11943 to 11946
Skipped Seq from 11950 to 11952
Skipped Seq from 11955 to 11957
Skipped Seq from 11957 to 11959
Skipped Seq from 11959 to 11961
Skipped Seq from 11963 to 11965
Skipped Seq from 11970 to 11973
Skipped Seq from 11974 to 11976
Skipped Seq from 11977 to 11979
Skipped Seq from 11984 to 11986
Skipped Seq from 11986 to 11988
Skipped Seq from 11990 to 11992
Skipped Seq from 11997 to 11999
Skipped Seq from 12003 to 12005
Skipped Seq from 12008 to 12010
Skipped Seq from 12010 to 12012
Skipped Seq from 12012 to 12014
Skipped Seq from 12016 to 12019
Skipped Seq from 12020 to 12022
Skipped Seq from 12023 to 12025
Skipped Seq from 12028 to 12031
Skipped Seq from 12032 to 12034
Skipped Seq from 12036 to 12038
Skipped Seq from 12042 to 12044
Skipped Seq from 12044 to 12046
Skipped Seq from 12048 to 12050
Skipped Seq from 12052 to 12054
Skipped Seq from 12055 to 12058
Skipped Seq from 12059 to 12062
Skipped Seq from 12062 to 12064
Skipped Seq from 12067 to 12070
Skipped Seq from 12075 to 12077
Skipped Seq from 12080 to 12083
Skipped Seq from 12088 to 12091
Skipped Seq from 12095 to 12097
Skipped Seq from 12100 to 12102
Skipped Seq from 12102 to 12104
Skipped Seq from 12105 to 12107
Skipped Seq from 12108 to 12110
Skipped Seq from 12113 to 12115
Skipped Seq from 12115 to 12117
Skipped Seq from 12122 to 12124
Skipped Seq from 12126 to 12128
Skipped Seq from 12129 to 12131
Skipped Seq from 12131 to 12133
Skipped Seq from 12135 to 12137
Skipped Seq from 12139 to 12141
Skipped Seq from 12142 to 12144
Skipped Seq from 12144 to 12146
Skipped Seq from 12147 to 12151
Skipped Seq from 12152 to 12155
Skipped Seq from 12156 to 12160
Skipped Seq from 12161 to 12165
Skipped Seq from 12167 to 12169
Skipped Seq from 12170 to 12172
Skipped Seq from 12176 to 12178
Skipped Seq from 12178 to 12180
Skipped Seq from 12182 to 12184
Skipped Seq from 12184 to 12186
Skipped Seq from 12187 to 12190
Skipped Seq from 12191 to 12194
Skipped Seq from 12196 to 12200
Skipped Seq from 12201 to 12204
Skipped Seq from 12205 to 12210
Skipped Seq from 12210 to 12216
Skipped Seq from 12216 to 12221
Skipped Seq from 12221 to 12227
Skipped Seq from 12227 to 12231
Skipped Seq from 12232 to 12237
Skipped Seq from 12238 to 12242
Skipped Seq from 12243 to 12247
Skipped Seq from 12247 to 12250
Skipped Seq from 12250 to 12254
Skipped Seq from 12255 to 12258
Skipped Seq from 12258 to 12260
Skipped Seq from 12260 to 12264
Skipped Seq from 12264 to 12266
Skipped Seq from 12268 to 12271
Skipped Seq from 12272 to 12274
Skipped Seq from 12275 to 12278
Skipped Seq from 12279 to 12281
Skipped Seq from 12284 to 12287
Skipped Seq from 12291 to 12293
Skipped Seq from 12294 to 12296
Skipped Seq from 12298 to 12301
Skipped Seq from 12303 to 12305
Skipped Seq from 12305 to 12307
Skipped Seq from 12308 to 12310
Skipped Seq from 12311 to 12313
Skipped Seq from 12314 to 12316
Skipped Seq from 12318 to 12321
Skipped Seq from 12322 to 12327
Skipped Seq from 12327 to 12331
Skipped Seq from 12331 to 12336
Skipped Seq from 12336 to 12341
Skipped Seq from 12342 to 12347
Skipped Seq from 12347 to 12351
Skipped Seq from 12351 to 12356
Skipped Seq from 12356 to 12361
Skipped Seq from 12361 to 12366
Skipped Seq from 12366 to 12370
Skipped Seq from 12370 to 12372
Skipped Seq from 12372 to 12375
Skipped Seq from 12375 to 12380
Skipped Seq from 12381 to 12386
Skipped Seq from 12386 to 12390
Skipped Seq from 12390 to 12395
Skipped Seq from 12395 to 12399
Skipped Seq from 12400 to 12405
Skipped Seq from 12406 to 12409
Skipped Seq from 12410 to 12414
Skipped Seq from 12415 to 12419
Skipped Seq from 12420 to 12424
Skipped Seq from 12424 to 12426
Skipped Seq from 12426 to 12430
Skipped Seq from 12431 to 12435
Skipped Seq from 12436 to 12441
Skipped Seq from 12442 to 12447
Skipped Seq from 12448 to 12452
Skipped Seq from 12452 to 12457
Skipped Seq from 12458 to 12460
Skipped Seq from 12460 to 12463
Skipped Seq from 12464 to 12469
Skipped Seq from 12469 to 12474
Skipped Seq from 12475 to 12479
Skipped Seq from 12480 to 12483
Skipped Seq from 12484 to 12486
Skipped Seq from 12486 to 12489
Skipped Seq from 12490 to 12496
Skipped Seq from 12497 to 12501
Skipped Seq from 12503 to 12505
Skipped Seq from 12505 to 12507
Skipped Seq from 12508 to 12511
Skipped Seq from 12512 to 12517
Skipped Seq from 12518 to 12522
Skipped Seq from 12524 to 12528
Skipped Seq from 12529 to 12533
Skipped Seq from 12534 to 12539
Skipped Seq from 12539 to 12544
Skipped Seq from 12545 to 12550
Skipped Seq from 12551 to 12555
Skipped Seq from 12557 to 12561
Skipped Seq from 12563 to 12567
Skipped Seq from 12570 to 12572
Skipped Seq from 12572 to 12574
Skipped Seq from 12575 to 12579
Skipped Seq from 12579 to 12581
Skipped Seq from 12582 to 12586
Skipped Seq from 12586 to 12592
Skipped Seq from 12593 to 12598
Skipped Seq from 12599 to 12604
Skipped Seq from 12605 to 12610
Skipped Seq from 12612 to 12617
Skipped Seq from 12618 to 12622
Skipped Seq from 12622 to 12624
Skipped Seq from 12624 to 12629
Skipped Seq from 12629 to 12631
Skipped Seq from 12631 to 12635
Skipped Seq from 12635 to 12637
Skipped Seq from 12638 to 12644
Skipped Seq from 12645 to 12652
Skipped Seq from 12654 to 12660
Skipped Seq from 12661 to 12667
Skipped Seq from 12668 to 12674
Skipped Seq from 12675 to 12682
Skipped Seq from 12683 to 12689
Skipped Seq from 12689 to 12691
Skipped Seq from 12692 to 12696
Skipped Seq from 12696 to 12698
Skipped Seq from 12698 to 12703
Skipped Seq from 12703 to 12705
Skipped Seq from 12705 to 12712
Skipped Seq from 12716 to 12718
Skipped Seq from 12719 to 12721
Skipped Seq from 12724 to 12726
Skipped Seq from 12727 to 12729
Skipped Seq from 12730 to 12732
Skipped Seq from 12733 to 12740
Skipped Seq from 12740 to 12742
Skipped Seq from 12743 to 12749
Skipped Seq from 12753 to 12759
Skipped Seq from 12761 to 12768
Skipped Seq from 12769 to 12777
Skipped Seq from 12779 to 12786
Skipped Seq from 12789 to 12795
Skipped Seq from 12796 to 12798
Skipped Seq from 12798 to 12807
Skipped Seq from 12807 to 12816
Skipped Seq from 12816 to 12822
Skipped Seq from 12822 to 12827
Skipped Seq from 12827 to 12831
Skipped Seq from 12831 to 12834
Skipped Seq from 12834 to 12839
Skipped Seq from 12839 to 12844
Skipped Seq from 12844 to 12847
Skipped Seq from 12849 to 12854
Skipped Seq from 12854 to 12863
Skipped Seq from 12863 to 12867
Skipped Seq from 12867 to 12872
Skipped Seq from 12872 to 12875
Skipped Seq from 12875 to 12882
Skipped Seq from 12883 to 12888
Skipped Seq from 12888 to 12890
Skipped Seq from 12890 to 12892
Skipped Seq from 12894 to 12896
Skipped Seq from 12896 to 12899
Skipped Seq from 12899 to 12903
Skipped Seq from 12903 to 12907
Skipped Seq from 12909 to 12911
Skipped Seq from 12911 to 12914
Skipped Seq from 12914 to 12918
Skipped Seq from 12918 to 12922
Skipped Seq from 12922 to 12925
Skipped Seq from 12925 to 12934
Skipped Seq from 12934 to 12937
Skipped Seq from 12937 to 12942
Skipped Seq from 12942 to 12944
Skipped Seq from 12946 to 12951
Skipped Seq from 12952 to 12960
Skipped Seq from 12960 to 12965
Skipped Seq from 12965 to 12967
Skipped Seq from 12967 to 12972
Skipped Seq from 12974 to 12976
Skipped Seq from 12976 to 12981
Skipped Seq from 12981 to 12983
Skipped Seq from 12984 to 12987
Skipped Seq from 12987 to 12991
Skipped Seq from 12991 to 12994
Skipped Seq from 12999 to 13003
Skipped Seq from 13003 to 13010
Skipped Seq from 13010 to 13013
Skipped Seq from 13014 to 13017
Skipped Seq from 13017 to 13021
Skipped Seq from 13021 to 13026
Skipped Seq from 13026 to 13030
Skipped Seq from 13031 to 13035
Skipped Seq from 13035 to 13039
Skipped Seq from 13042 to 13047
Skipped Seq from 13047 to 13051
Skipped Seq from 13056 to 13059
Skipped Seq from 13059 to 13063
Skipped Seq from 13063 to 13065
Skipped Seq from 13066 to 13068
Skipped Seq from 13068 to 13073
Skipped Seq from 13076 to 13078
Skipped Seq from 13082 to 13084
Skipped Seq from 13088 to 13090
Skipped Seq from 13094 to 13096
Skipped Seq from 13108 to 13110
Skipped Seq from 13114 to 13116
Skipped Seq from 13120 to 13122
Skipped Seq from 13122 to 13124
Skipped Seq from 13125 to 13129
Skipped Seq from 13129 to 13131
Skipped Seq from 13132 to 13134
Skipped Seq from 13138 to 13142
Skipped Seq from 13142 to 13145
Skipped Seq from 13146 to 13150
Skipped Seq from 13153 to 13155
Skipped Seq from 13159 to 13162
Skipped Seq from 13163 to 13165
Skipped Seq from 13167 to 13170
Skipped Seq from 13170 to 13173
Skipped Seq from 13173 to 13175
Skipped Seq from 13175 to 13178
Skipped Seq from 13179 to 13183
Skipped Seq from 13183 to 13186
Skipped Seq from 13186 to 13189
Skipped Seq from 13189 to 13193
Skipped Seq from 13198 to 13200
Skipped Seq from 13203 to 13209
Skipped Seq from 13210 to 13218
Skipped Seq from 13219 to 13221
Skipped Seq from 13222 to 13228
Skipped Seq from 13228 to 13232
Skipped Seq from 13232 to 13235
Skipped Seq from 13238 to 13240
Skipped Seq from 13244 to 13246
Skipped Seq from 13251 to 13253
Skipped Seq from 13264 to 13266
Skipped Seq from 13285 to 13287
Skipped Seq from 13292 to 13294
Skipped Seq from 13328 to 13330
Skipped Seq from 13342 to 13344
Skipped Seq from 13360 to 13362
Skipped Seq from 13373 to 13375
Skipped Seq from 13380 to 13382
Skipped Seq from 13392 to 13394
Skipped Seq from 13405 to 13407
Skipped Seq from 13419 to 13421
Skipped Seq from 16548 to 16550
Skipped Seq from 16550 to 16553
Skipped Seq from 16553 to 16557
Skipped Seq from 16559 to 16561
Skipped Seq from 16562 to 16564
Skipped Seq from 16564 to 16567
Skipped Seq from 16567 to 16569
Skipped Seq from 16571 to 16573
Skipped Seq from 16575 to 16577
Skipped Seq from 16577 to 16579
Skipped Seq from 16579 to 16583
Skipped Seq from 16583 to 16591
Skipped Seq from 16591 to 16593
Skipped Seq from 16593 to 16596
Skipped Seq from 16596 to 16599
Skipped Seq from 16600 to 16603
Skipped Seq from 16603 to 16606
Skipped Seq from 16606 to 16609
Skipped Seq from 16609 to 16611
Skipped Seq from 16612 to 16615
Skipped Seq from 16616 to 16618
Skipped Seq from 16618 to 16620
Skipped Seq from 16623 to 16645
Skipped Seq from 16645 to 16668
Skipped Seq from 16669 to 16677
Skipped Seq from 16677 to 16679
Skipped Seq from 16679 to 16686
Skipped Seq from 16686 to 16688
Skipped Seq from 16688 to 16696
Skipped Seq from 16697 to 16699
Skipped Seq from 16699 to 16702
Skipped Seq from 16702 to 16704
Skipped Seq from 16704 to 16707
Skipped Seq from 16708 to 16710
Skipped Seq from 16710 to 16712
Skipped Seq from 16713 to 16715
Skipped Seq from 16716 to 16718
Skipped Seq from 16719 to 16723
Skipped Seq from 16724 to 16726
Skipped Seq from 16726 to 16728
Skipped Seq from 16728 to 16730
Skipped Seq from 16731 to 16734
Skipped Seq from 16735 to 16738
Skipped Seq from 16738 to 16749
Skipped Seq from 16749 to 16751
Skipped Seq from 16751 to 16766
Skipped Seq from 16766 to 16768
Skipped Seq from 16768 to 16772
Skipped Seq from 16773 to 16775
Skipped Seq from 16775 to 16777
Skipped Seq from 16777 to 16781
Skipped Seq from 16781 to 16788
Skipped Seq from 16788 to 16795
Skipped Seq from 16796 to 16799
Skipped Seq from 16799 to 16810
Skipped Seq from 16811 to 16821
Skipped Seq from 16822 to 16827
Skipped Seq from 16827 to 16830
Skipped Seq from 16830 to 16832
Skipped Seq from 16833 to 16835
Skipped Seq from 16835 to 16837
Skipped Seq from 16838 to 16840
Skipped Seq from 16840 to 16842
Skipped Seq from 16842 to 16848
Skipped Seq from 16848 to 16850
Skipped Seq from 16850 to 16859
Skipped Seq from 16859 to 16865
Skipped Seq from 16866 to 16868
Skipped Seq from 16869 to 16871
Skipped Seq from 16873 to 16875
Skipped Seq from 16875 to 16877
Skipped Seq from 16877 to 16879
Skipped Seq from 16879 to 16882
Skipped Seq from 16882 to 16884
Skipped Seq from 16885 to 16887
Skipped Seq from 16889 to 16891
Skipped Seq from 16891 to 16894
Skipped Seq from 16895 to 16898
Skipped Seq from 16899 to 16902
Skipped Seq from 16902 to 16904
Skipped Seq from 16904 to 16913
Skipped Seq from 16913 to 16917
Skipped Seq from 16917 to 16926
Skipped Seq from 16927 to 16930
Skipped Seq from 16931 to 16933
Skipped Seq from 16933 to 16943
Skipped Seq from 16943 to 16947
Skipped Seq from 16947 to 16949
Skipped Seq from 16949 to 16952
Skipped Seq from 16952 to 16956
Skipped Seq from 16957 to 16959
Skipped Seq from 16959 to 16962
Skipped Seq from 16963 to 16975
Skipped Seq from 16975 to 16977
Skipped Seq from 16978 to 16981
Skipped Seq from 16981 to 16984
Skipped Seq from 16984 to 16986
Skipped Seq from 16986 to 16991
Skipped Seq from 16991 to 16996
Skipped Seq from 16996 to 17001
Skipped Seq from 17001 to 17004
Skipped Seq from 17004 to 17007
Skipped Seq from 17008 to 17014
Skipped Seq from 17015 to 17021
Skipped Seq from 17022 to 17025
Skipped Seq from 17025 to 17029
Skipped Seq from 17031 to 17033
Skipped Seq from 17033 to 17046
Skipped Seq from 17046 to 17053
Skipped Seq from 17053 to 17055
Skipped Seq from 17055 to 17057
Skipped Seq from 17057 to 17062
Skipped Seq from 17062 to 17071
Skipped Seq from 17071 to 17085
Skipped Seq from 17086 to 17091
Skipped Seq from 17092 to 17102
Skipped Seq from 17102 to 17106
Skipped Seq from 17106 to 17111
Skipped Seq from 17111 to 17114
Skipped Seq from 17115 to 17117
Skipped Seq from 17117 to 17120
Skipped Seq from 17120 to 17122
Skipped Seq from 17123 to 17125
Skipped Seq from 17125 to 17128
Skipped Seq from 17128 to 17134
Skipped Seq from 17134 to 17136
Skipped Seq from 17137 to 17143
Skipped Seq from 17146 to 17150
Skipped Seq from 17151 to 17154
Skipped Seq from 17154 to 17160
Skipped Seq from 17160 to 17163
Skipped Seq from 17163 to 17165
Skipped Seq from 17165 to 17170
Skipped Seq from 17170 to 17176
Skipped Seq from 17177 to 17180
Skipped Seq from 17180 to 17183
Skipped Seq from 17183 to 17186
Skipped Seq from 17186 to 17188
Skipped Seq from 17188 to 17191
Skipped Seq from 17192 to 17194
Skipped Seq from 17194 to 17196
Skipped Seq from 17197 to 17200
Skipped Seq from 17200 to 17203
Skipped Seq from 17204 to 17206
Skipped Seq from 17206 to 17209
Skipped Seq from 17209 to 17215
Skipped Seq from 17215 to 17231
Skipped Seq from 17231 to 17238
Skipped Seq from 17238 to 17241
Skipped Seq from 17242 to 17245
Skipped Seq from 17246 to 17250
Skipped Seq from 17251 to 17254
Skipped Seq from 17254 to 17257
Skipped Seq from 17257 to 17259
Skipped Seq from 17259 to 17261
Skipped Seq from 17262 to 17264
Skipped Seq from 17264 to 17268
Skipped Seq from 17269 to 17274
Skipped Seq from 17274 to 17277
Skipped Seq from 17277 to 17280
Skipped Seq from 17281 to 17287
Skipped Seq from 17288 to 17290
Skipped Seq from 17291 to 17294
Skipped Seq from 17294 to 17296
Skipped Seq from 17297 to 17300
Skipped Seq from 17300 to 17303
Skipped Seq from 17304 to 17307
Skipped Seq from 17307 to 17310
Skipped Seq from 17310 to 17313
Skipped Seq from 17314 to 17316
Skipped Seq from 17316 to 17323
Skipped Seq from 17323 to 17333
Skipped Seq from 17333 to 17342
Skipped Seq from 17342 to 17348
Skipped Seq from 17348 to 17355
Skipped Seq from 17356 to 17361
Skipped Seq from 17362 to 17368
Skipped Seq from 17369 to 17378
Skipped Seq from 17378 to 17389
Skipped Seq from 17389 to 17396
Skipped Seq from 17396 to 17402
Skipped Seq from 17403 to 17415
Skipped Seq from 17415 to 17417
Skipped Seq from 17418 to 17424
Skipped Seq from 17424 to 17434
Skipped Seq from 17435 to 17441
Skipped Seq from 17441 to 17446
Skipped Seq from 17446 to 17448
Skipped Seq from 17448 to 17452
Skipped Seq from 17453 to 17458
Skipped Seq from 17458 to 17460
Skipped Seq from 17461 to 17464
Skipped Seq from 17466 to 17476
Skipped Seq from 17476 to 17480
Skipped Seq from 17480 to 17487
Skipped Seq from 17487 to 17490
Skipped Seq from 17490 to 17496
Skipped Seq from 17496 to 17502
Skipped Seq from 17503 to 17509
Skipped Seq from 17510 to 17516
Skipped Seq from 17516 to 17519
Skipped Seq from 17519 to 17522
Skipped Seq from 17522 to 17529
Skipped Seq from 17529 to 17537
Skipped Seq from 17537 to 17546
Skipped Seq from 17546 to 17556
Skipped Seq from 17556 to 17561
Skipped Seq from 17562 to 17568
Skipped Seq from 17569 to 17579
Skipped Seq from 17580 to 17605
Skipped Seq from 17605 to 17612
Skipped Seq from 17612 to 17618
Skipped Seq from 17618 to 17625
Skipped Seq from 17625 to 17632
Skipped Seq from 17632 to 17643
Skipped Seq from 17643 to 17645
Skipped Seq from 17645 to 17647
Skipped Seq from 17648 to 17650
Skipped Seq from 17655 to 17657
Skipped Seq from 17657 to 17660
Skipped Seq from 17662 to 17664
Skipped Seq from 17664 to 17670
Skipped Seq from 17670 to 17672
Skipped Seq from 17672 to 17674
Skipped Seq from 17674 to 17676
Skipped Seq from 17677 to 17679
Skipped Seq from 17679 to 17681
Skipped Seq from 17681 to 17683
Skipped Seq from 17683 to 17686
Skipped Seq from 17687 to 17690
Skipped Seq from 17690 to 17692
Skipped Seq from 17692 to 17694
Skipped Seq from 17695 to 17697
Skipped Seq from 17697 to 17699
Skipped Seq from 17699 to 17701
Skipped Seq from 17701 to 17705
Skipped Seq from 17705 to 17708
Skipped Seq from 17708 to 17713
Skipped Seq from 17713 to 17717
Skipped Seq from 17718 to 17722
Skipped Seq from 17722 to 17733
Skipped Seq from 17735 to 17737
Skipped Seq from 17745 to 17748
Skipped Seq from 17749 to 17752
Skipped Seq from 17752 to 17754
Skipped Seq from 17754 to 17757
Skipped Seq from 17757 to 17759
Skipped Seq from 17761 to 17764
Skipped Seq from 17765 to 17768
Skipped Seq from 17768 to 17770
Skipped Seq from 17770 to 17772
Skipped Seq from 17772 to 17775
Skipped Seq from 17775 to 17777
Skipped Seq from 17777 to 17779
Skipped Seq from 17779 to 17781
Skipped Seq from 17781 to 17783
Skipped Seq from 17784 to 17786
Skipped Seq from 17786 to 17789
Skipped Seq from 17789 to 17792
Skipped Seq from 17792 to 17794
Skipped Seq from 17794 to 17797
Skipped Seq from 17797 to 17800
Skipped Seq from 17800 to 17802
Skipped Seq from 17802 to 17804
Skipped Seq from 17806 to 17808
Skipped Seq from 17809 to 17811
Skipped Seq from 17811 to 17815
Skipped Seq from 17816 to 17820
Skipped Seq from 17823 to 17825
Skipped Seq from 17826 to 17832
Skipped Seq from 17833 to 17838
Skipped Seq from 17839 to 17841
Skipped Seq from 17841 to 17844
Skipped Seq from 17844 to 17856
Skipped Seq from 17856 to 17862
Skipped Seq from 17863 to 17868
Skipped Seq from 17868 to 17873
Skipped Seq from 17875 to 17880
Skipped Seq from 17880 to 17884
Skipped Seq from 17884 to 17888
Skipped Seq from 17889 to 17892
Skipped Seq from 17892 to 17899
Skipped Seq from 17900 to 17905
Skipped Seq from 17905 to 17912
Skipped Seq from 17912 to 17917
Skipped Seq from 17917 to 17925
Skipped Seq from 17925 to 17928
Skipped Seq from 17928 to 17933
Skipped Seq from 17933 to 17935
Skipped Seq from 17935 to 17938
Skipped Seq from 17938 to 17946
Skipped Seq from 17946 to 17951
Skipped Seq from 17951 to 17954
Skipped Seq from 17954 to 17957
Skipped Seq from 17957 to 17966
Skipped Seq from 17967 to 17969
Skipped Seq from 17970 to 17974
Skipped Seq from 17974 to 17977
Skipped Seq from 17977 to 17980
Skipped Seq from 17981 to 17983
Skipped Seq from 17983 to 17986
Skipped Seq from 17989 to 17994
Skipped Seq from 17994 to 17999
Skipped Seq from 17999 to 18007
Skipped Seq from 18007 to 18010
Skipped Seq from 18010 to 18013
Skipped Seq from 18014 to 18020
Skipped Seq from 18020 to 18025
Skipped Seq from 18025 to 18028
Skipped Seq from 18028 to 18034
Skipped Seq from 18034 to 18036
Skipped Seq from 18036 to 18040
Skipped Seq from 18041 to 18043
Skipped Seq from 18043 to 18045
Skipped Seq from 18046 to 18048
Skipped Seq from 18059 to 18061
Skipped Seq from 18062 to 18064
Skipped Seq from 18064 to 18066
Skipped Seq from 18066 to 18068
Skipped Seq from 18070 to 18072
Skipped Seq from 18072 to 18075
Skipped Seq from 18075 to 18077
Skipped Seq from 18078 to 18081
Skipped Seq from 18081 to 18088
Skipped Seq from 18088 to 18091
Skipped Seq from 18091 to 18096
Skipped Seq from 18096 to 18100
Skipped Seq from 18100 to 18105
Skipped Seq from 18105 to 18107
Skipped Seq from 18107 to 18109
Skipped Seq from 18109 to 18115
Skipped Seq from 18115 to 18119
Skipped Seq from 18119 to 18121
Skipped Seq from 18121 to 18125
Skipped Seq from 18125 to 18145
Skipped Seq from 18145 to 18150
Skipped Seq from 18150 to 18156
Skipped Seq from 18156 to 18162
Skipped Seq from 18162 to 18165
Skipped Seq from 18165 to 18174
Skipped Seq from 18174 to 18180
Skipped Seq from 18180 to 18187
Skipped Seq from 18187 to 18192
Skipped Seq from 18192 to 18196
Skipped Seq from 18196 to 18208
Skipped Seq from 18208 to 18213
Skipped Seq from 18213 to 18218
Skipped Seq from 18218 to 18221
Skipped Seq from 18221 to 18226
Skipped Seq from 18226 to 18228
Skipped Seq from 18228 to 18234
Skipped Seq from 18234 to 18238
Skipped Seq from 18238 to 18243
Skipped Seq from 18244 to 18251
Skipped Seq from 18253 to 18256
Skipped Seq from 18256 to 18259
Skipped Seq from 18259 to 18263
Skipped Seq from 18263 to 18266
Skipped Seq from 18266 to 18270
Skipped Seq from 18272 to 18274
Skipped Seq from 18274 to 18281
Skipped Seq from 18281 to 18283
Skipped Seq from 18283 to 18287
Skipped Seq from 18287 to 18290
Skipped Seq from 18290 to 18292
Skipped Seq from 18292 to 18297
Skipped Seq from 18297 to 18302
Skipped Seq from 18302 to 18306
Skipped Seq from 18306 to 18310
Skipped Seq from 18310 to 18312
Skipped Seq from 18312 to 18314
Skipped Seq from 18316 to 18321
Skipped Seq from 18321 to 18325
Skipped Seq from 18325 to 18332
Skipped Seq from 18332 to 18335
Skipped Seq from 18335 to 18340
Skipped Seq from 18340 to 18344
Skipped Seq from 18344 to 18348
Skipped Seq from 18348 to 18354
Skipped Seq from 18354 to 18357
Skipped Seq from 18359 to 18362
Skipped Seq from 18363 to 18366
Skipped Seq from 18366 to 18368
Skipped Seq from 18368 to 18370
Skipped Seq from 18370 to 18374
Skipped Seq from 18374 to 18378
Skipped Seq from 18378 to 18380
Skipped Seq from 18382 to 18384
Skipped Seq from 18384 to 18387
Skipped Seq from 18387 to 18389
Skipped Seq from 18389 to 18393
Skipped Seq from 18396 to 18399
Skipped Seq from 18399 to 18404
Skipped Seq from 18404 to 18407
Skipped Seq from 18407 to 18411
Skipped Seq from 18411 to 18419
Skipped Seq from 18419 to 18425
Skipped Seq from 18425 to 18427
Skipped Seq from 18427 to 18430
Skipped Seq from 18430 to 18435
Skipped Seq from 18435 to 18438
Skipped Seq from 18438 to 18443
Skipped Seq from 18443 to 18447
Skipped Seq from 18447 to 18451
Skipped Seq from 18451 to 18456
Skipped Seq from 18456 to 18460
Skipped Seq from 18460 to 18464
Skipped Seq from 18464 to 18468
Skipped Seq from 18468 to 18471
Skipped Seq from 18471 to 18475
Skipped Seq from 18475 to 18477
Skipped Seq from 18477 to 18494
Skipped Seq from 18494 to 18513
Skipped Seq from 18513 to 18524
Skipped Seq from 18524 to 18529
Skipped Seq from 18529 to 18532
Skipped Seq from 18532 to 18539
Skipped Seq from 18539 to 18543
Skipped Seq from 18543 to 18548
Skipped Seq from 18548 to 18558
Skipped Seq from 18558 to 18563
Skipped Seq from 18563 to 18568
Skipped Seq from 18568 to 18571
Skipped Seq from 18571 to 18576
Skipped Seq from 18576 to 18583
Skipped Seq from 18583 to 18587
Skipped Seq from 18587 to 18592
Skipped Seq from 18592 to 18594
Skipped Seq from 18594 to 18604
Skipped Seq from 18604 to 18607
Skipped Seq from 18607 to 18614
Skipped Seq from 18614 to 18616
Skipped Seq from 18616 to 18619
Skipped Seq from 18619 to 18621
Skipped Seq from 18625 to 18627
Skipped Seq from 18627 to 18630
Skipped Seq from 18630 to 18633
Skipped Seq from 18635 to 18637
Skipped Seq from 18637 to 18641
Skipped Seq from 18641 to 18643
Skipped Seq from 18644 to 18648
Skipped Seq from 18648 to 18651
Skipped Seq from 18651 to 18655
Skipped Seq from 18655 to 18660
Skipped Seq from 18660 to 18671
Skipped Seq from 18671 to 18675
Skipped Seq from 18675 to 18680
Skipped Seq from 18680 to 18683
Skipped Seq from 18683 to 18688
Skipped Seq from 18688 to 18704
Skipped Seq from 18704 to 18709
Skipped Seq from 18709 to 18711
Skipped Seq from 18711 to 18720
Skipped Seq from 18720 to 18725
Skipped Seq from 18725 to 18738
Skipped Seq from 18738 to 18743
Skipped Seq from 18743 to 18760
Skipped Seq from 18760 to 18764
Skipped Seq from 18764 to 18782
Skipped Seq from 18782 to 18785
Skipped Seq from 18785 to 18789
Skipped Seq from 18789 to 18791
Skipped Seq from 18791 to 18795
Skipped Seq from 18795 to 18798
Skipped Seq from 18798 to 18807
Skipped Seq from 18807 to 18810
Skipped Seq from 18810 to 18814
Skipped Seq from 18815 to 18818
Skipped Seq from 18818 to 18820
Skipped Seq from 18820 to 18822
Skipped Seq from 18822 to 18826
Skipped Seq from 18826 to 18831
Skipped Seq from 18831 to 18834
Skipped Seq from 18834 to 18838
Skipped Seq from 18838 to 18840
Skipped Seq from 18840 to 18852
Skipped Seq from 18852 to 18855
Skipped Seq from 18855 to 18859
Skipped Seq from 18859 to 18863
Skipped Seq from 18863 to 18867
Skipped Seq from 18867 to 18871
Skipped Seq from 18871 to 18873
Skipped Seq from 18873 to 18876
Skipped Seq from 18876 to 18879
Skipped Seq from 18879 to 18882
Skipped Seq from 18882 to 18884
Skipped Seq from 18884 to 18888
Skipped Seq from 18888 to 18891
Skipped Seq from 18891 to 18917
Skipped Seq from 18917 to 18931
Skipped Seq from 18931 to 18951
Skipped Seq from 18951 to 18956
Skipped Seq from 18956 to 18959
Skipped Seq from 18959 to 18964
Skipped Seq from 18964 to 18970
Skipped Seq from 18970 to 18975
Skipped Seq from 18976 to 18981
Skipped Seq from 18981 to 18986
Skipped Seq from 18986 to 18992
Skipped Seq from 18992 to 18997
Skipped Seq from 18997 to 19001
Skipped Seq from 19002 to 19005
Skipped Seq from 19005 to 19012
Skipped Seq from 19012 to 19017
Skipped Seq from 19017 to 19021
Skipped Seq from 19021 to 19023
Skipped Seq from 19024 to 19027
Skipped Seq from 19027 to 19030
Skipped Seq from 19030 to 19033
Skipped Seq from 19033 to 19035
Skipped Seq from 19036 to 19039
Skipped Seq from 19040 to 19042
Skipped Seq from 19042 to 19044
Skipped Seq from 19044 to 19046
Skipped Seq from 19046 to 19048
Skipped Seq from 19049 to 19054
Skipped Seq from 19054 to 19056
Skipped Seq from 19056 to 19059
Skipped Seq from 19059 to 19061
Skipped Seq from 19061 to 19066
Skipped Seq from 19068 to 19070
Skipped Seq from 19070 to 19073
Skipped Seq from 19073 to 19075
Skipped Seq from 19075 to 19079
Skipped Seq from 19079 to 19082
Skipped Seq from 19083 to 19085
Skipped Seq from 19086 to 19088
Skipped Seq from 19089 to 19093
Skipped Seq from 19093 to 19096
Skipped Seq from 19096 to 19099
Skipped Seq from 19099 to 19101
Skipped Seq from 19101 to 19103
Skipped Seq from 19103 to 19110
Skipped Seq from 19110 to 19116
Skipped Seq from 19116 to 19121
Skipped Seq from 19121 to 19125
Skipped Seq from 19125 to 19127
Skipped Seq from 19127 to 19131
Skipped Seq from 19131 to 19135
Skipped Seq from 19135 to 19138
Skipped Seq from 19138 to 19140
Skipped Seq from 19140 to 19144
Skipped Seq from 19144 to 19148
Skipped Seq from 19148 to 19152
Skipped Seq from 19152 to 19157
Skipped Seq from 19157 to 19160
Skipped Seq from 19160 to 19164
Skipped Seq from 19164 to 19166
Skipped Seq from 19166 to 19169
Skipped Seq from 19169 to 19174
Skipped Seq from 19174 to 19180
Skipped Seq from 19180 to 19184
Skipped Seq from 19184 to 19186
Skipped Seq from 19186 to 19190
Skipped Seq from 19190 to 19193
Skipped Seq from 19194 to 19199
Skipped Seq from 19199 to 19209
Skipped Seq from 19209 to 19231
Skipped Seq from 19231 to 19242
Skipped Seq from 19242 to 19248
Skipped Seq from 19248 to 19253
Skipped Seq from 19253 to 19256
Skipped Seq from 19256 to 19259
Skipped Seq from 19260 to 19262
Skipped Seq from 19263 to 19265
Skipped Seq from 19269 to 19271
Skipped Seq from 19276 to 19281
Skipped Seq from 19289 to 19309
Skipped Seq from 19309 to 19314
Skipped Seq from 19315 to 19318
Skipped Seq from 19318 to 19326
Skipped Seq from 19326 to 19329
Skipped Seq from 19330 to 19338
Skipped Seq from 19339 to 19343
Skipped Seq from 19343 to 19346
Skipped Seq from 19346 to 19348
Skipped Seq from 19348 to 19351
Skipped Seq from 19351 to 19356
Skipped Seq from 19356 to 19360
Skipped Seq from 19361 to 19364
Skipped Seq from 19364 to 19366
Skipped Seq from 19366 to 19368
Skipped Seq from 19368 to 19375
Skipped Seq from 19375 to 19382
Skipped Seq from 19382 to 19393
Skipped Seq from 19393 to 19405
Skipped Seq from 19405 to 19411
Skipped Seq from 19411 to 19426
Skipped Seq from 19426 to 19432
Skipped Seq from 19432 to 19435
Skipped Seq from 19436 to 19439
Skipped Seq from 19442 to 19444
Skipped Seq from 19447 to 19450
Skipped Seq from 19457 to 19459
Skipped Seq from 19463 to 19465
Skipped Seq from 19465 to 19468
Skipped Seq from 19471 to 19474
Skipped Seq from 19478 to 19484
Skipped Seq from 19484 to 19486
Skipped Seq from 19489 to 19491
Skipped Seq from 19494 to 19496
Skipped Seq from 19498 to 19500
Skipped Seq from 19505 to 19508
Skipped Seq from 19511 to 19514
Skipped Seq from 19514 to 19516
Skipped Seq from 19516 to 19519
Skipped Seq from 19519 to 19523
Skipped Seq from 19523 to 19525
Skipped Seq from 19526 to 19531
Skipped Seq from 19533 to 19542
Skipped Seq from 19542 to 19548
Skipped Seq from 19548 to 19552
Skipped Seq from 19553 to 19555
Skipped Seq from 19555 to 19557
Skipped Seq from 19562 to 19564
Skipped Seq from 19564 to 19567
Skipped Seq from 19567 to 19569
Skipped Seq from 19573 to 19576
Skipped Seq from 19579 to 19581
Skipped Seq from 19582 to 19584
Skipped Seq from 19588 to 19591
Skipped Seq from 19594 to 19599
Skipped Seq from 19599 to 19610
Skipped Seq from 19610 to 19613
Skipped Seq from 19615 to 19619
Skipped Seq from 19620 to 19627
Skipped Seq from 19629 to 19636
Skipped Seq from 19636 to 19643
Skipped Seq from 19643 to 19645
Skipped Seq from 19646 to 19650
Skipped Seq from 19651 to 19654
Skipped Seq from 19656 to 19659
Skipped Seq from 19660 to 19663
Skipped Seq from 19663 to 19665
Skipped Seq from 19665 to 19671
Skipped Seq from 19671 to 19677
Skipped Seq from 19677 to 19684
Skipped Seq from 19684 to 19690
Skipped Seq from 19690 to 19697
Skipped Seq from 19697 to 19699
Skipped Seq from 19699 to 19702
Skipped Seq from 19702 to 19709
Skipped Seq from 19709 to 19717
Skipped Seq from 19717 to 19723
Skipped Seq from 19723 to 19732
Skipped Seq from 19732 to 19739
Skipped Seq from 19739 to 19744
Skipped Seq from 19744 to 19760
Skipped Seq from 19762 to 19766
Skipped Seq from 19766 to 19768
Skipped Seq from 19773 to 19776
Skipped Seq from 19776 to 19778
Skipped Seq from 19779 to 19781
Skipped Seq from 19781 to 19783
Skipped Seq from 19786 to 19793
Skipped Seq from 19793 to 19803
Skipped Seq from 19804 to 19809
Skipped Seq from 19811 to 19813
Skipped Seq from 19813 to 19815
Skipped Seq from 19817 to 19819
Skipped Seq from 19819 to 19821
Skipped Seq from 19824 to 19828
Skipped Seq from 19832 to 19834
Skipped Seq from 19838 to 19840
Skipped Seq from 19843 to 19846
Skipped Seq from 19850 to 19852
Skipped Seq from 19852 to 19854
Skipped Seq from 19854 to 19858
Skipped Seq from 19858 to 19863
Skipped Seq from 19863 to 19873
Skipped Seq from 19875 to 19878
Skipped Seq from 19878 to 19882
Skipped Seq from 19883 to 19888
Skipped Seq from 19888 to 19892
Skipped Seq from 19892 to 19897
Skipped Seq from 19897 to 19899
Skipped Seq from 19899 to 19903
Skipped Seq from 19903 to 19906
Skipped Seq from 19913 to 19915
Skipped Seq from 19917 to 19919
Skipped Seq from 19923 to 19925
Skipped Seq from 19942 to 19944
Skipped Seq from 19948 to 19950
Skipped Seq from 19950 to 19952
Skipped Seq from 19952 to 19954
Skipped Seq from 19954 to 19956
Skipped Seq from 19962 to 19966
Skipped Seq from 19967 to 19970
Skipped Seq from 19972 to 19975
Skipped Seq from 19975 to 19977
Skipped Seq from 19980 to 19983
Skipped Seq from 19984 to 19989
Skipped Seq from 19990 to 19992
Skipped Seq from 19995 to 19997
Skipped Seq from 20004 to 20006
Skipped Seq from 20006 to 20008
Skipped Seq from 20008 to 20010
Skipped Seq from 20014 to 20017
Skipped Seq from 20018 to 20020
Skipped Seq from 20020 to 20022
Skipped Seq from 20022 to 20024
Skipped Seq from 20033 to 20035
Skipped Seq from 20038 to 20040
Skipped Seq from 20046 to 20048
Skipped Seq from 20050 to 20052
Skipped Seq from 20052 to 20054
Skipped Seq from 20054 to 20056
Skipped Seq from 20061 to 20064
Skipped Seq from 20064 to 20068
Skipped Seq from 20069 to 20071
Skipped Seq from 20071 to 20073
Skipped Seq from 20073 to 20076
Skipped Seq from 20076 to 20078
Skipped Seq from 20078 to 20080
Skipped Seq from 20080 to 20082
Skipped Seq from 20091 to 20096
Skipped Seq from 20098 to 20100
Skipped Seq from 20108 to 20110
Skipped Seq from 20111 to 20113
Skipped Seq from 20115 to 20119
Skipped Seq from 20120 to 20124
Skipped Seq from 20129 to 20131
Skipped Seq from 20135 to 20137
Skipped Seq from 20137 to 20139
Skipped Seq from 20139 to 20141
Skipped Seq from 20143 to 20145
Skipped Seq from 20148 to 20150
Skipped Seq from 20151 to 20154
Skipped Seq from 20165 to 20167
Skipped Seq from 20171 to 20174
Skipped Seq from 20176 to 20178
Skipped Seq from 20180 to 20184
Skipped Seq from 20185 to 20187
Skipped Seq from 20193 to 20195
Skipped Seq from 20195 to 20198
Skipped Seq from 20204 to 20206
Skipped Seq from 20206 to 20208
Skipped Seq from 20213 to 20215
Skipped Seq from 20220 to 20224
Skipped Seq from 20224 to 20226
Skipped Seq from 20228 to 20230
Skipped Seq from 20232 to 20234
Skipped Seq from 20242 to 20244
Skipped Seq from 20257 to 20259
Skipped Seq from 20270 to 20272
Skipped Seq from 20279 to 20281
Skipped Seq from 20513 to 20515
Skipped Seq from 20517 to 20519
Skipped Seq from 20521 to 20523
Skipped Seq from 20542 to 20544
Skipped Seq from 20553 to 20555
Skipped Seq from 20575 to 20577
Skipped Seq from 20700 to 20702
Skipped Seq from 20714 to 20716
Skipped Seq from 20728 to 20730
Number of times throttled: 13
Received: 14210 / 21100 packets
Start time: 1332811698.406248
End time: 1332811728.017025
Duration: 29.610777
