Starting client at 10.0.0.25:1236 with timeout:10
My IP address is 10.0.0.25Skipped Seq from 603 to 609
Skipped Seq from 610 to 617
Skipped Seq from 618 to 620
Skipped Seq from 622 to 625
Skipped Seq from 626 to 628
Skipped Seq from 628 to 630
Skipped Seq from 630 to 633
Skipped Seq from 634 to 637
Skipped Seq from 639 to 641
Skipped Seq from 641 to 643
Skipped Seq from 643 to 645
Skipped Seq from 646 to 651
Skipped Seq from 651 to 653
Skipped Seq from 654 to 657
Skipped Seq from 659 to 662
Skipped Seq from 663 to 665
Skipped Seq from 666 to 675
Skipped Seq from 675 to 677
Skipped Seq from 678 to 680
Skipped Seq from 680 to 682
Skipped Seq from 683 to 685
Skipped Seq from 687 to 689
Skipped Seq from 689 to 691
Skipped Seq from 691 to 693
Skipped Seq from 693 to 695
Skipped Seq from 695 to 697
Skipped Seq from 698 to 700
Skipped Seq from 700 to 704
Skipped Seq from 704 to 707
Skipped Seq from 708 to 710
Skipped Seq from 711 to 714
Skipped Seq from 714 to 718
Skipped Seq from 718 to 723
Skipped Seq from 723 to 726
Skipped Seq from 726 to 728
Skipped Seq from 728 to 730
Skipped Seq from 731 to 733
Skipped Seq from 733 to 736
Skipped Seq from 737 to 740
Skipped Seq from 741 to 743
Skipped Seq from 743 to 745
Skipped Seq from 745 to 747
Skipped Seq from 748 to 755
Skipped Seq from 756 to 758
Skipped Seq from 758 to 760
Skipped Seq from 761 to 763
Skipped Seq from 763 to 765
Skipped Seq from 765 to 767
Skipped Seq from 768 to 773
Skipped Seq from 773 to 777
Skipped Seq from 777 to 780
Skipped Seq from 781 to 783
Skipped Seq from 784 to 787
Skipped Seq from 788 to 796
Skipped Seq from 796 to 798
Skipped Seq from 798 to 800
Skipped Seq from 801 to 804
Skipped Seq from 804 to 813
Skipped Seq from 814 to 816
Skipped Seq from 817 to 820
Skipped Seq from 820 to 822
Skipped Seq from 823 to 825
Skipped Seq from 825 to 827
Skipped Seq from 828 to 833
Skipped Seq from 834 to 836
Skipped Seq from 837 to 841
Skipped Seq from 842 to 853
Skipped Seq from 853 to 856
Skipped Seq from 857 to 859
Skipped Seq from 859 to 861
Skipped Seq from 862 to 864
Skipped Seq from 864 to 876
Skipped Seq from 877 to 880
Skipped Seq from 882 to 884
Skipped Seq from 884 to 888
Skipped Seq from 888 to 896
Skipped Seq from 896 to 900
Skipped Seq from 901 to 903
Skipped Seq from 903 to 907
Skipped Seq from 908 to 913
Skipped Seq from 913 to 916
Skipped Seq from 917 to 920
Skipped Seq from 921 to 923
Skipped Seq from 923 to 927
Skipped Seq from 928 to 933
Skipped Seq from 934 to 937
Skipped Seq from 938 to 940
Skipped Seq from 941 to 944
Skipped Seq from 946 to 948
Skipped Seq from 948 to 950
Skipped Seq from 951 to 953
Skipped Seq from 954 to 957
Skipped Seq from 958 to 960
Skipped Seq from 961 to 965
Skipped Seq from 965 to 971
Skipped Seq from 971 to 973
Skipped Seq from 974 to 977
Skipped Seq from 978 to 980
Skipped Seq from 981 to 985
Skipped Seq from 986 to 991
Skipped Seq from 992 to 995
Skipped Seq from 995 to 997
Skipped Seq from 998 to 1000
Skipped Seq from 1000 to 1003
Skipped Seq from 1004 to 1006
Skipped Seq from 1006 to 1008
Skipped Seq from 1008 to 1010
Skipped Seq from 1012 to 1015
Skipped Seq from 1015 to 1017
Skipped Seq from 1018 to 1026
Skipped Seq from 1027 to 1030
Skipped Seq from 1032 to 1035
Skipped Seq from 1035 to 1037
Skipped Seq from 1038 to 1046
Skipped Seq from 1047 to 1050
Skipped Seq from 1052 to 1063
Skipped Seq from 1064 to 1068
Skipped Seq from 1068 to 1073
Skipped Seq from 1073 to 1078
Skipped Seq from 1078 to 1080
Skipped Seq from 1081 to 1085
Skipped Seq from 1085 to 1116
Skipped Seq from 1116 to 1118
Skipped Seq from 1118 to 1133
Skipped Seq from 1133 to 1138
Skipped Seq from 1139 to 1143
Skipped Seq from 1143 to 1150
Skipped Seq from 1151 to 1155
Skipped Seq from 1155 to 1160
Skipped Seq from 1160 to 1165
Skipped Seq from 1165 to 1168
Skipped Seq from 1168 to 1170
Skipped Seq from 1170 to 1172
Skipped Seq from 1172 to 1174
Skipped Seq from 1176 to 1179
Skipped Seq from 1180 to 1182
Skipped Seq from 1183 to 1190
Skipped Seq from 1191 to 1194
Skipped Seq from 1196 to 1199
Skipped Seq from 1200 to 1202
Skipped Seq from 1203 to 1207
Skipped Seq from 1208 to 1210
Skipped Seq from 1210 to 1212
Skipped Seq from 1212 to 1214
Skipped Seq from 1215 to 1219
Skipped Seq from 1221 to 1225
Skipped Seq from 1225 to 1227
Skipped Seq from 1227 to 1229
Skipped Seq from 1229 to 1231
Skipped Seq from 1232 to 1237
Skipped Seq from 1237 to 1240
Skipped Seq from 1240 to 1242
Skipped Seq from 1242 to 1245
Skipped Seq from 1245 to 1248
Skipped Seq from 1249 to 1251
Skipped Seq from 1252 to 1256
Skipped Seq from 1257 to 1261
Skipped Seq from 1261 to 1270
Skipped Seq from 1270 to 1272
Skipped Seq from 1272 to 1275
Skipped Seq from 1275 to 1289
Skipped Seq from 1290 to 1292
Skipped Seq from 1292 to 1294
Skipped Seq from 1295 to 1298
Skipped Seq from 1299 to 1302
Skipped Seq from 1302 to 1311
Skipped Seq from 1311 to 1315
Skipped Seq from 1315 to 1318
Skipped Seq from 1319 to 1322
Skipped Seq from 1322 to 1336
Skipped Seq from 1337 to 1344
Skipped Seq from 1344 to 1348
Skipped Seq from 1349 to 1351
Skipped Seq from 1352 to 1355
Skipped Seq from 1357 to 1359
Skipped Seq from 1359 to 1361
Skipped Seq from 1361 to 1363
Skipped Seq from 1363 to 1368
Skipped Seq from 1368 to 1371
Skipped Seq from 1372 to 1375
Skipped Seq from 1376 to 1378
Skipped Seq from 1380 to 1383
Skipped Seq from 1383 to 1391
Skipped Seq from 1391 to 1395
Skipped Seq from 1395 to 1398
Skipped Seq from 1399 to 1403
Skipped Seq from 1404 to 1415
Skipped Seq from 1416 to 1418
Skipped Seq from 1418 to 1420
Skipped Seq from 1420 to 1422
Skipped Seq from 1423 to 1426
Skipped Seq from 1428 to 1430
Skipped Seq from 1430 to 1434
Skipped Seq from 1435 to 1438
Skipped Seq from 1438 to 1440
Skipped Seq from 1440 to 1442
Skipped Seq from 1443 to 1445
Skipped Seq from 1445 to 1447
Skipped Seq from 1448 to 1450
Skipped Seq from 1450 to 1452
Skipped Seq from 1452 to 1454
Skipped Seq from 1454 to 1457
Skipped Seq from 1457 to 1461
Skipped Seq from 1462 to 1465
Skipped Seq from 1465 to 1467
Skipped Seq from 1467 to 1469
Skipped Seq from 1469 to 1471
Skipped Seq from 1471 to 1473
Skipped Seq from 1474 to 1476
Skipped Seq from 1477 to 1481
Skipped Seq from 1482 to 1485
Skipped Seq from 1485 to 1487
Skipped Seq from 1487 to 1489
Skipped Seq from 1491 to 1494
Skipped Seq from 1494 to 1496
Skipped Seq from 1497 to 1500
Skipped Seq from 1501 to 1504
Skipped Seq from 1505 to 1509
Skipped Seq from 1510 to 1512
Skipped Seq from 1512 to 1515
Skipped Seq from 1517 to 1519
Skipped Seq from 1519 to 1521
Skipped Seq from 1521 to 1523
Skipped Seq from 1524 to 1528
Skipped Seq from 1530 to 1533
Skipped Seq from 1534 to 1536
Skipped Seq from 1536 to 1539
Skipped Seq from 1541 to 1543
Skipped Seq from 1544 to 1549
Skipped Seq from 1550 to 1553
Skipped Seq from 1554 to 1556
Skipped Seq from 1557 to 1559
Skipped Seq from 1559 to 1561
Skipped Seq from 1561 to 1563
Skipped Seq from 1563 to 1565
Skipped Seq from 1565 to 1568
Skipped Seq from 1569 to 1573
Skipped Seq from 1574 to 1576
Skipped Seq from 1577 to 1579
Skipped Seq from 1579 to 1581
Skipped Seq from 1581 to 1583
Skipped Seq from 1583 to 1585
Skipped Seq from 1585 to 1587
Skipped Seq from 1588 to 1591
Skipped Seq from 1591 to 1596
Skipped Seq from 1596 to 1600
Skipped Seq from 1601 to 1604
Skipped Seq from 1604 to 1607
Skipped Seq from 1608 to 1611
Skipped Seq from 1611 to 1630
Skipped Seq from 1631 to 1634
Skipped Seq from 1635 to 1637
Skipped Seq from 1638 to 1654
Skipped Seq from 1654 to 1657
Skipped Seq from 1658 to 1662
Skipped Seq from 1662 to 1669
Skipped Seq from 1669 to 1674
Skipped Seq from 1675 to 1677
Skipped Seq from 1677 to 1679
Skipped Seq from 1679 to 1681
Skipped Seq from 1682 to 1684
Skipped Seq from 1684 to 1686
Skipped Seq from 1686 to 1688
Skipped Seq from 1690 to 1693
Skipped Seq from 1694 to 1697
Skipped Seq from 1697 to 1699
Skipped Seq from 1699 to 1701
Skipped Seq from 1702 to 1704
Skipped Seq from 1704 to 1706
Skipped Seq from 1706 to 1708
Skipped Seq from 1710 to 1713
Skipped Seq from 1713 to 1715
Skipped Seq from 1716 to 1720
Skipped Seq from 1720 to 1724
Skipped Seq from 1724 to 1728
Skipped Seq from 1729 to 1731
Skipped Seq from 1731 to 1733
Skipped Seq from 1734 to 1736
Skipped Seq from 1736 to 1738
Skipped Seq from 1739 to 1742
Skipped Seq from 1743 to 1745
Skipped Seq from 1746 to 1750
Skipped Seq from 1751 to 1756
Skipped Seq from 1756 to 1758
Skipped Seq from 1758 to 1760
Skipped Seq from 1760 to 1762
Skipped Seq from 1763 to 1767
Skipped Seq from 1767 to 1771
Skipped Seq from 1771 to 1775
Skipped Seq from 1775 to 1777
Skipped Seq from 1778 to 1780
Skipped Seq from 1780 to 1782
Skipped Seq from 1783 to 1786
Skipped Seq from 1786 to 1788
Skipped Seq from 1788 to 1790
Skipped Seq from 1790 to 1792
Skipped Seq from 1794 to 1797
Skipped Seq from 1797 to 1799
Skipped Seq from 1800 to 1803
Skipped Seq from 1804 to 1807
Skipped Seq from 1807 to 1812
Skipped Seq from 1812 to 1816
Skipped Seq from 1816 to 1818
Skipped Seq from 1820 to 1823
Skipped Seq from 1823 to 1832
Skipped Seq from 1832 to 1837
Skipped Seq from 1837 to 1856
Skipped Seq from 1857 to 1859
Skipped Seq from 1859 to 1861
Skipped Seq from 1862 to 1864
Skipped Seq from 1864 to 1866
Skipped Seq from 1866 to 1868
Skipped Seq from 1868 to 1871
Skipped Seq from 1871 to 1876
Skipped Seq from 1876 to 1880
Skipped Seq from 1881 to 1883
Skipped Seq from 1883 to 1886
Skipped Seq from 1888 to 1891
Skipped Seq from 1891 to 1895
Skipped Seq from 1895 to 1903
Skipped Seq from 1903 to 1907
Skipped Seq from 1908 to 1910
Skipped Seq from 1911 to 1914
Skipped Seq from 1915 to 1918
Skipped Seq from 1918 to 1922
Skipped Seq from 1923 to 1930
Skipped Seq from 1930 to 1934
Skipped Seq from 1935 to 1937
Skipped Seq from 1938 to 1941
Skipped Seq from 1942 to 1961
Skipped Seq from 1962 to 1965
Skipped Seq from 1965 to 1969
Skipped Seq from 1969 to 1992
Skipped Seq from 1992 to 1995
Skipped Seq from 1996 to 2004
Skipped Seq from 2004 to 2022
Skipped Seq from 2023 to 2026
Skipped Seq from 2027 to 2042
Skipped Seq from 2042 to 2045
Skipped Seq from 2045 to 2047
Skipped Seq from 2047 to 2049
Skipped Seq from 2050 to 2052
Skipped Seq from 2052 to 2054
Skipped Seq from 2055 to 2057
Skipped Seq from 2058 to 2062
Skipped Seq from 2062 to 2072
Skipped Seq from 2072 to 2077
Skipped Seq from 2077 to 2080
Skipped Seq from 2080 to 2082
Skipped Seq from 2082 to 2084
Skipped Seq from 2085 to 2110
Skipped Seq from 2111 to 2114
Skipped Seq from 2114 to 2118
Skipped Seq from 2119 to 2123
Skipped Seq from 2123 to 2126
Skipped Seq from 2128 to 2134
Skipped Seq from 2137 to 2146
Skipped Seq from 2149 to 2163
Skipped Seq from 2163 to 2167
Skipped Seq from 2168 to 2173
Skipped Seq from 2176 to 2178
Skipped Seq from 2179 to 2185
Skipped Seq from 2188 to 2190
Skipped Seq from 2191 to 2195
Skipped Seq from 2195 to 2197
Skipped Seq from 2197 to 2200
Skipped Seq from 2200 to 2204
Skipped Seq from 2205 to 2208
Skipped Seq from 2208 to 2210
Skipped Seq from 2210 to 2212
Skipped Seq from 2213 to 2215
Skipped Seq from 2215 to 2221
Skipped Seq from 2221 to 2224
Skipped Seq from 2224 to 2226
Skipped Seq from 2226 to 2229
Skipped Seq from 2229 to 2232
Skipped Seq from 2232 to 2234
Skipped Seq from 2234 to 2240
Skipped Seq from 2240 to 2242
Skipped Seq from 2242 to 2245
Skipped Seq from 2245 to 2251
Skipped Seq from 2251 to 2253
Skipped Seq from 2254 to 2256
Skipped Seq from 2256 to 2259
Skipped Seq from 2259 to 2261
Skipped Seq from 2261 to 2265
Skipped Seq from 2265 to 2267
Skipped Seq from 2267 to 2269
Skipped Seq from 2269 to 2273
Skipped Seq from 2273 to 2275
Skipped Seq from 2275 to 2277
Skipped Seq from 2277 to 2279
Skipped Seq from 2279 to 2285
Skipped Seq from 2285 to 2287
Skipped Seq from 2287 to 2289
Skipped Seq from 2289 to 2294
Skipped Seq from 2295 to 2297
Skipped Seq from 2297 to 2303
Skipped Seq from 2303 to 2305
Skipped Seq from 2305 to 2308
Skipped Seq from 2308 to 2311
Skipped Seq from 2311 to 2314
Skipped Seq from 2315 to 2317
Skipped Seq from 2317 to 2323
Skipped Seq from 2323 to 2325
Skipped Seq from 2325 to 2331
Skipped Seq from 2331 to 2334
Skipped Seq from 2336 to 2344
Skipped Seq from 2344 to 2346
Skipped Seq from 2346 to 2355
Skipped Seq from 2355 to 2357
Skipped Seq from 2360 to 2364
Skipped Seq from 2364 to 2366
Skipped Seq from 2366 to 2369
Skipped Seq from 2369 to 2372
Skipped Seq from 2372 to 2374
Skipped Seq from 2374 to 2377
Skipped Seq from 2377 to 2383
Skipped Seq from 2383 to 2385
Skipped Seq from 2385 to 2387
Skipped Seq from 2387 to 2391
Skipped Seq from 2391 to 2393
Skipped Seq from 2393 to 2395
Skipped Seq from 2395 to 2397
Skipped Seq from 2398 to 2400
Skipped Seq from 2400 to 2402
Skipped Seq from 2402 to 2406
Skipped Seq from 2406 to 2408
Skipped Seq from 2408 to 2411
Skipped Seq from 2413 to 2415
Skipped Seq from 2415 to 2417
Skipped Seq from 2418 to 2420
Skipped Seq from 2421 to 2427
Skipped Seq from 2427 to 2429
Skipped Seq from 2429 to 2437
Skipped Seq from 2437 to 2445
Skipped Seq from 2445 to 2453
Skipped Seq from 2453 to 2459
Skipped Seq from 2459 to 2461
Skipped Seq from 2461 to 2470
Skipped Seq from 2470 to 2473
Skipped Seq from 2473 to 2475
Skipped Seq from 2475 to 2478
Skipped Seq from 2479 to 2482
Skipped Seq from 2482 to 2487
Skipped Seq from 2487 to 2490
Skipped Seq from 2490 to 2497
Skipped Seq from 2499 to 2501
Skipped Seq from 2501 to 2504
Skipped Seq from 2504 to 2507
Skipped Seq from 2507 to 2511
Skipped Seq from 2512 to 2517
Skipped Seq from 2517 to 2520
Skipped Seq from 2520 to 2523
Skipped Seq from 2523 to 2525
Skipped Seq from 2525 to 2528
Skipped Seq from 2528 to 2531
Skipped Seq from 2531 to 2533
Skipped Seq from 2533 to 2537
Skipped Seq from 2537 to 2540
Skipped Seq from 2540 to 2544
Skipped Seq from 2544 to 2546
Skipped Seq from 2546 to 2548
Skipped Seq from 2549 to 2552
Skipped Seq from 2553 to 2555
Skipped Seq from 2555 to 2557
Skipped Seq from 2560 to 2563
Skipped Seq from 2564 to 2566
Skipped Seq from 2566 to 2568
Skipped Seq from 2568 to 2572
Skipped Seq from 2572 to 2574
Skipped Seq from 2574 to 2577
Skipped Seq from 2577 to 2590
Skipped Seq from 2590 to 2605
Skipped Seq from 2605 to 2615
Skipped Seq from 2615 to 2618
Skipped Seq from 2618 to 2621
Skipped Seq from 2623 to 2625
Skipped Seq from 2625 to 2627
Skipped Seq from 2627 to 2635
Skipped Seq from 2635 to 2637
Skipped Seq from 2638 to 2645
Skipped Seq from 2645 to 2649
Skipped Seq from 2649 to 2652
Skipped Seq from 2652 to 2658
Skipped Seq from 2658 to 2660
Skipped Seq from 2660 to 2666
Skipped Seq from 2666 to 2668
Skipped Seq from 2668 to 2676
Skipped Seq from 2676 to 2679
Skipped Seq from 2679 to 2690
Skipped Seq from 2690 to 2696
Skipped Seq from 2696 to 2698
Skipped Seq from 2698 to 2704
Skipped Seq from 2704 to 2708
Skipped Seq from 2708 to 2711
Skipped Seq from 2711 to 2715
Skipped Seq from 2715 to 2737
Skipped Seq from 2737 to 2745
Skipped Seq from 2745 to 2749
Skipped Seq from 2750 to 2757
Skipped Seq from 2757 to 2775
Skipped Seq from 2775 to 2778
Skipped Seq from 2778 to 2781
Skipped Seq from 2781 to 2783
Skipped Seq from 2783 to 2786
Skipped Seq from 2789 to 2793
Skipped Seq from 2793 to 2796
Skipped Seq from 2796 to 2800
Skipped Seq from 2801 to 2805
Skipped Seq from 2806 to 2809
Skipped Seq from 2809 to 2812
Skipped Seq from 2812 to 2814
Skipped Seq from 2815 to 2818
Skipped Seq from 2821 to 2823
Skipped Seq from 2824 to 2826
Skipped Seq from 2828 to 2832
Skipped Seq from 2835 to 2839
Skipped Seq from 2842 to 2844
Skipped Seq from 2844 to 2847
Skipped Seq from 2850 to 2854
Skipped Seq from 2857 to 2860
Skipped Seq from 2862 to 2864
Skipped Seq from 2864 to 2867
Skipped Seq from 2868 to 2870
Skipped Seq from 2871 to 2873
Skipped Seq from 2873 to 2876
Skipped Seq from 2876 to 2878
Skipped Seq from 2878 to 2880
Skipped Seq from 2880 to 2882
Skipped Seq from 2883 to 2887
Skipped Seq from 2887 to 2897
Skipped Seq from 2897 to 2905
Skipped Seq from 2905 to 2913
Skipped Seq from 2913 to 2924
Skipped Seq from 2924 to 2926
Skipped Seq from 2926 to 2932
Skipped Seq from 2932 to 2935
Skipped Seq from 2935 to 2944
Skipped Seq from 2944 to 2946
Skipped Seq from 2946 to 2956
Skipped Seq from 2956 to 2958
Skipped Seq from 2959 to 2961
Skipped Seq from 2961 to 2964
Skipped Seq from 2964 to 2970
Skipped Seq from 2970 to 2980
Skipped Seq from 2980 to 2985
Skipped Seq from 2986 to 2989
Skipped Seq from 2989 to 2992
Skipped Seq from 2992 to 2994
Skipped Seq from 2995 to 2997
Skipped Seq from 2998 to 3001
Skipped Seq from 3003 to 3005
Skipped Seq from 3006 to 3008
Skipped Seq from 3008 to 3011
Skipped Seq from 3011 to 3013
Skipped Seq from 3013 to 3015
Skipped Seq from 3015 to 3017
Skipped Seq from 3017 to 3041
Skipped Seq from 3041 to 3047
Skipped Seq from 3048 to 3066
Skipped Seq from 3068 to 3070
Skipped Seq from 3070 to 3077
Skipped Seq from 3079 to 3085
Skipped Seq from 3085 to 3087
Skipped Seq from 3087 to 3102
Skipped Seq from 3102 to 3106
Skipped Seq from 3106 to 3121
Skipped Seq from 3122 to 3128
Skipped Seq from 3129 to 3136
Skipped Seq from 3136 to 3143
Skipped Seq from 3143 to 3147
Skipped Seq from 3147 to 3149
Skipped Seq from 3149 to 3153
Skipped Seq from 3153 to 3155
Skipped Seq from 3156 to 3161
Skipped Seq from 3161 to 3163
Skipped Seq from 3163 to 3165
Skipped Seq from 3165 to 3167
Skipped Seq from 3168 to 3170
Skipped Seq from 3170 to 3173
Skipped Seq from 3173 to 3175
Skipped Seq from 3175 to 3177
Skipped Seq from 3177 to 3179
Skipped Seq from 3179 to 3182
Skipped Seq from 3182 to 3193
Skipped Seq from 3193 to 3196
Skipped Seq from 3196 to 3210
Skipped Seq from 3213 to 3221
Skipped Seq from 3221 to 3225
Skipped Seq from 3225 to 3228
Skipped Seq from 3228 to 3230
Skipped Seq from 3230 to 3233
Skipped Seq from 3233 to 3236
Skipped Seq from 3236 to 3240
Skipped Seq from 3240 to 3244
Skipped Seq from 3244 to 3246
Skipped Seq from 3246 to 3248
Skipped Seq from 3249 to 3252
Skipped Seq from 3252 to 3254
Skipped Seq from 3254 to 3257
Skipped Seq from 3257 to 3260
Skipped Seq from 3260 to 3263
Skipped Seq from 3264 to 3266
Skipped Seq from 3266 to 3270
Skipped Seq from 3270 to 3275
Skipped Seq from 3275 to 3278
Skipped Seq from 3278 to 3284
Skipped Seq from 3284 to 3286
Skipped Seq from 3286 to 3289
Skipped Seq from 3290 to 3296
Skipped Seq from 3296 to 3298
Skipped Seq from 3298 to 3304
Skipped Seq from 3304 to 3312
Skipped Seq from 3312 to 3316
Skipped Seq from 3317 to 3319
Skipped Seq from 3319 to 3325
Skipped Seq from 3325 to 3328
Skipped Seq from 3328 to 3331
Skipped Seq from 3331 to 3334
Skipped Seq from 3334 to 3340
Skipped Seq from 3341 to 3343
Skipped Seq from 3343 to 3345
Skipped Seq from 3345 to 3347
Skipped Seq from 3347 to 3349
Skipped Seq from 3349 to 3353
Skipped Seq from 3353 to 3355
Skipped Seq from 3355 to 3358
Skipped Seq from 3358 to 3385
Skipped Seq from 3385 to 3389
Skipped Seq from 3389 to 3392
Skipped Seq from 3392 to 3398
Skipped Seq from 3398 to 3404
Skipped Seq from 3404 to 3408
Skipped Seq from 3408 to 3414
Skipped Seq from 3414 to 3432
Skipped Seq from 3432 to 3435
Skipped Seq from 3435 to 3438
Skipped Seq from 3438 to 3441
Skipped Seq from 3442 to 3457
Skipped Seq from 3457 to 3461
Skipped Seq from 3461 to 3463
Skipped Seq from 3463 to 3467
Skipped Seq from 3467 to 3471
Skipped Seq from 3471 to 3478
Skipped Seq from 3479 to 3482
Skipped Seq from 3482 to 3485
Skipped Seq from 3485 to 3487
Skipped Seq from 3487 to 3490
Skipped Seq from 3490 to 3493
Skipped Seq from 3493 to 3496
Skipped Seq from 3496 to 3500
Skipped Seq from 3500 to 3502
Skipped Seq from 3502 to 3505
Skipped Seq from 3505 to 3509
Skipped Seq from 3509 to 3512
Skipped Seq from 3512 to 3516
Skipped Seq from 3516 to 3522
Skipped Seq from 3522 to 3524
Skipped Seq from 3524 to 3530
Skipped Seq from 3530 to 3533
Skipped Seq from 3533 to 3539
Skipped Seq from 3539 to 3542
Skipped Seq from 3542 to 3544
Skipped Seq from 3544 to 3546
Skipped Seq from 3546 to 3549
Skipped Seq from 3549 to 3552
Skipped Seq from 3552 to 3554
Skipped Seq from 3554 to 3557
Skipped Seq from 3557 to 3561
Skipped Seq from 3561 to 3564
Skipped Seq from 3564 to 3568
Skipped Seq from 3568 to 3572
Skipped Seq from 3572 to 3574
Skipped Seq from 3574 to 3576
Skipped Seq from 3576 to 3580
Skipped Seq from 3580 to 3582
Skipped Seq from 3582 to 3586
Skipped Seq from 3586 to 3588
Skipped Seq from 3588 to 3594
Skipped Seq from 3594 to 3596
Skipped Seq from 3596 to 3602
Skipped Seq from 3602 to 3606
Skipped Seq from 3606 to 3609
Skipped Seq from 3609 to 3613
Skipped Seq from 3613 to 3617
Skipped Seq from 3617 to 3619
Skipped Seq from 3619 to 3621
Skipped Seq from 3621 to 3623
Skipped Seq from 3623 to 3625
Skipped Seq from 3625 to 3630
Skipped Seq from 3631 to 3634
Skipped Seq from 3634 to 3643
Skipped Seq from 3644 to 3647
Skipped Seq from 3647 to 3649
Skipped Seq from 3650 to 3654
Skipped Seq from 3655 to 3661
Skipped Seq from 3661 to 3663
Skipped Seq from 3663 to 3671
Skipped Seq from 3671 to 3675
Skipped Seq from 3675 to 3682
Skipped Seq from 3682 to 3685
Skipped Seq from 3685 to 3688
Skipped Seq from 3688 to 3694
Skipped Seq from 3697 to 3702
Skipped Seq from 3708 to 3714
Skipped Seq from 3719 to 3728
Skipped Seq from 3733 to 3741
Skipped Seq from 3741 to 3746
Skipped Seq from 3746 to 3749
Skipped Seq from 3749 to 3751
Skipped Seq from 3751 to 3755
Skipped Seq from 3757 to 3761
Skipped Seq from 3762 to 3766
Skipped Seq from 3768 to 3770
Skipped Seq from 3770 to 3773
Skipped Seq from 3774 to 3776
Skipped Seq from 3776 to 3778
Skipped Seq from 3778 to 3780
Skipped Seq from 3782 to 3785
Skipped Seq from 3787 to 3791
Skipped Seq from 3792 to 3795
Skipped Seq from 3796 to 3798
Skipped Seq from 3798 to 3800
Skipped Seq from 3800 to 3804
Skipped Seq from 3804 to 3806
Skipped Seq from 3807 to 3811
Skipped Seq from 3812 to 3814
Skipped Seq from 3815 to 3819
Skipped Seq from 3820 to 3824
Skipped Seq from 3826 to 3828
Skipped Seq from 3828 to 3830
Skipped Seq from 3830 to 3832
Skipped Seq from 3833 to 3836
Skipped Seq from 3836 to 3838
Skipped Seq from 3840 to 3843
Skipped Seq from 3845 to 3849
Skipped Seq from 3849 to 3852
Skipped Seq from 3852 to 3856
Skipped Seq from 3856 to 3859
Skipped Seq from 3859 to 3861
Skipped Seq from 3861 to 3864
Skipped Seq from 3864 to 3867
Skipped Seq from 3867 to 3869
Skipped Seq from 3869 to 3872
Skipped Seq from 3872 to 3876
Skipped Seq from 3877 to 3881
Skipped Seq from 3882 to 3884
Skipped Seq from 3885 to 3889
Skipped Seq from 3889 to 3893
Skipped Seq from 3893 to 3895
Skipped Seq from 3895 to 3897
Skipped Seq from 3897 to 3901
Skipped Seq from 3902 to 3907
Skipped Seq from 3908 to 3912
Skipped Seq from 3913 to 3916
Skipped Seq from 3917 to 3923
Skipped Seq from 3923 to 3927
Skipped Seq from 3928 to 3956
Skipped Seq from 3956 to 3959
Skipped Seq from 3960 to 3965
Skipped Seq from 3965 to 3968
Skipped Seq from 3968 to 3971
Skipped Seq from 3972 to 3975
Skipped Seq from 3975 to 3979
Skipped Seq from 3979 to 3982
Skipped Seq from 3982 to 3988
Skipped Seq from 3988 to 3998
Skipped Seq from 3998 to 4004
Skipped Seq from 4004 to 4008
Skipped Seq from 4008 to 4017
Skipped Seq from 4017 to 4023
Skipped Seq from 4024 to 4026
Skipped Seq from 4026 to 4030
Skipped Seq from 4030 to 4034
Skipped Seq from 4034 to 4036
Skipped Seq from 4036 to 4040
Skipped Seq from 4040 to 4043
Skipped Seq from 4043 to 4045
Skipped Seq from 4045 to 4048
Skipped Seq from 4048 to 4051
Skipped Seq from 4052 to 4055
Skipped Seq from 4055 to 4059
Skipped Seq from 4059 to 4062
Skipped Seq from 4062 to 4064
Skipped Seq from 4064 to 4067
Skipped Seq from 4068 to 4071
Skipped Seq from 4071 to 4074
Skipped Seq from 4074 to 4077
Skipped Seq from 4077 to 4083
Skipped Seq from 4083 to 4089
Skipped Seq from 4089 to 4099
Skipped Seq from 4099 to 4101
Skipped Seq from 4102 to 4104
Skipped Seq from 4104 to 4107
Skipped Seq from 4107 to 4110
Skipped Seq from 4110 to 4114
Skipped Seq from 4114 to 4120
Skipped Seq from 4120 to 4123
Skipped Seq from 4123 to 4129
Skipped Seq from 4129 to 4133
Skipped Seq from 4133 to 4136
Skipped Seq from 4136 to 4139
Skipped Seq from 4139 to 4142
Skipped Seq from 4142 to 4145
Skipped Seq from 4145 to 4148
Skipped Seq from 4148 to 4151
Skipped Seq from 4152 to 4154
Skipped Seq from 4154 to 4158
Skipped Seq from 4159 to 4161
Skipped Seq from 4161 to 4165
Skipped Seq from 4165 to 4167
Skipped Seq from 4167 to 4169
Skipped Seq from 4169 to 4171
Skipped Seq from 4172 to 4178
Skipped Seq from 4179 to 4183
Skipped Seq from 4183 to 4185
Skipped Seq from 4185 to 4189
Skipped Seq from 4189 to 4200
Skipped Seq from 4200 to 4210
Skipped Seq from 4210 to 4216
Skipped Seq from 4216 to 4222
Skipped Seq from 4222 to 4224
Skipped Seq from 4224 to 4230
Skipped Seq from 4230 to 4232
Skipped Seq from 4233 to 4236
Skipped Seq from 4236 to 4238
Skipped Seq from 4238 to 4244
Skipped Seq from 4244 to 4251
Skipped Seq from 4252 to 4261
Skipped Seq from 4261 to 4272
Skipped Seq from 4272 to 4278
Skipped Seq from 4278 to 4285
Skipped Seq from 4285 to 4300
Skipped Seq from 4302 to 4307
Skipped Seq from 4307 to 4337
Skipped Seq from 4338 to 4340
Skipped Seq from 4340 to 4342
Skipped Seq from 4344 to 4354
Skipped Seq from 4356 to 4359
Skipped Seq from 4359 to 4361
Skipped Seq from 4361 to 4364
Skipped Seq from 4365 to 4369
Skipped Seq from 4370 to 4374
Skipped Seq from 4374 to 4376
Skipped Seq from 4376 to 4380
Skipped Seq from 4380 to 4385
Skipped Seq from 4385 to 4390
Skipped Seq from 4390 to 4395
Skipped Seq from 4396 to 4401
Skipped Seq from 4402 to 4404
Skipped Seq from 4406 to 4410
Skipped Seq from 4411 to 4415
Skipped Seq from 4415 to 4420
Skipped Seq from 4420 to 4422
Skipped Seq from 4423 to 4430
Skipped Seq from 4430 to 4437
Skipped Seq from 4437 to 4449
Skipped Seq from 4449 to 4455
Skipped Seq from 4457 to 4463
Skipped Seq from 4464 to 4467
Skipped Seq from 4467 to 4472
Skipped Seq from 4473 to 4477
Skipped Seq from 4477 to 4480
Skipped Seq from 4481 to 4485
Skipped Seq from 4485 to 4487
Skipped Seq from 4487 to 4491
Skipped Seq from 4491 to 4495
Skipped Seq from 4496 to 4499
Skipped Seq from 4499 to 4505
Skipped Seq from 4505 to 4509
Skipped Seq from 4509 to 4513
Skipped Seq from 4513 to 4517
Skipped Seq from 4521 to 4523
Skipped Seq from 4524 to 4531
Skipped Seq from 4532 to 4538
Skipped Seq from 4538 to 4552
Skipped Seq from 4553 to 4560
Skipped Seq from 4564 to 4566
Skipped Seq from 4568 to 4571
Skipped Seq from 4574 to 4576
Skipped Seq from 4579 to 4586
Skipped Seq from 4587 to 4589
Skipped Seq from 4594 to 4596
Skipped Seq from 4600 to 4604
Skipped Seq from 4605 to 4608
Skipped Seq from 4610 to 4613
Skipped Seq from 4613 to 4615
Skipped Seq from 4615 to 4619
Skipped Seq from 4619 to 4625
Skipped Seq from 4625 to 4633
Skipped Seq from 4633 to 4637
Skipped Seq from 4638 to 4642
Skipped Seq from 4642 to 4644
Skipped Seq from 4645 to 4664
Skipped Seq from 4664 to 4668
Skipped Seq from 4669 to 4671
Skipped Seq from 4671 to 4673
Skipped Seq from 4673 to 4676
Skipped Seq from 4677 to 4681
Skipped Seq from 4682 to 4684
Skipped Seq from 4686 to 4688
Skipped Seq from 4688 to 4690
Skipped Seq from 4690 to 4696
Skipped Seq from 4700 to 4703
Skipped Seq from 4705 to 4708
Skipped Seq from 4709 to 4718
Skipped Seq from 4718 to 4726
Skipped Seq from 4726 to 4730
Skipped Seq from 4730 to 4732
Skipped Seq from 4732 to 4735
Skipped Seq from 4736 to 4740
Skipped Seq from 4741 to 4744
Skipped Seq from 4746 to 4749
Skipped Seq from 4749 to 4754
Skipped Seq from 4754 to 4757
Skipped Seq from 4757 to 4760
Skipped Seq from 4760 to 4762
Skipped Seq from 4762 to 4764
Skipped Seq from 4765 to 4768
Skipped Seq from 4769 to 4773
Skipped Seq from 4775 to 4778
Skipped Seq from 4779 to 4781
Skipped Seq from 4784 to 4786
Skipped Seq from 4790 to 4792
Skipped Seq from 4793 to 4799
Skipped Seq from 4799 to 4803
Skipped Seq from 4804 to 4807
Skipped Seq from 4809 to 4812
Skipped Seq from 4813 to 4815
Skipped Seq from 4815 to 4819
Skipped Seq from 4819 to 4823
Skipped Seq from 4835 to 4837
Skipped Seq from 4844 to 4846
Skipped Seq from 4849 to 4852
Skipped Seq from 4853 to 4855
Skipped Seq from 4855 to 4857
Skipped Seq from 4857 to 4860
Skipped Seq from 4866 to 4869
Skipped Seq from 4875 to 4877
Skipped Seq from 4878 to 4880
Skipped Seq from 4903 to 4905
Skipped Seq from 4906 to 4908
Skipped Seq from 4912 to 4914
Skipped Seq from 4917 to 4919
Skipped Seq from 4928 to 4931
Skipped Seq from 4934 to 4937
Skipped Seq from 4937 to 4939
Skipped Seq from 4942 to 4944
Skipped Seq from 4945 to 4949
Skipped Seq from 4949 to 4951
Skipped Seq from 4952 to 4955
Skipped Seq from 4956 to 4959
Skipped Seq from 4961 to 4965
Skipped Seq from 4970 to 4972
Skipped Seq from 4972 to 4974
Skipped Seq from 4974 to 4976
Skipped Seq from 4976 to 4978
Skipped Seq from 4980 to 4982
Skipped Seq from 4983 to 4985
Skipped Seq from 4985 to 4988
Skipped Seq from 4989 to 4991
Skipped Seq from 4993 to 4995
Skipped Seq from 4995 to 4997
Skipped Seq from 4997 to 4999
Skipped Seq from 5001 to 5003
Skipped Seq from 5003 to 5005
Skipped Seq from 10620 to 10622
Skipped Seq from 10622 to 10624
Skipped Seq from 10624 to 10627
Skipped Seq from 10627 to 10629
Skipped Seq from 10629 to 10631
Skipped Seq from 10631 to 10636
Skipped Seq from 10636 to 10638
Skipped Seq from 10638 to 10641
Skipped Seq from 10652 to 10654
Skipped Seq from 10659 to 10661
Skipped Seq from 10666 to 10668
Skipped Seq from 10673 to 10675
Skipped Seq from 10681 to 10683
Skipped Seq from 10684 to 10686
Skipped Seq from 10686 to 10688
Skipped Seq from 10688 to 10691
Skipped Seq from 10691 to 10693
Skipped Seq from 10693 to 10695
Skipped Seq from 10695 to 10698
Skipped Seq from 10698 to 10700
Skipped Seq from 10700 to 10702
Skipped Seq from 10702 to 10705
Skipped Seq from 10705 to 10707
Skipped Seq from 10707 to 10709
Skipped Seq from 10709 to 10712
Skipped Seq from 10712 to 10714
Skipped Seq from 10714 to 10716
Skipped Seq from 10716 to 10719
Skipped Seq from 10719 to 10721
Skipped Seq from 10721 to 10723
Skipped Seq from 10723 to 10726
Skipped Seq from 10726 to 10728
Skipped Seq from 10728 to 10730
Skipped Seq from 10730 to 10733
Skipped Seq from 10733 to 10735
Skipped Seq from 10735 to 10737
Skipped Seq from 10737 to 10740
Skipped Seq from 10740 to 10742
Skipped Seq from 10742 to 10747
Skipped Seq from 10747 to 10749
Skipped Seq from 10749 to 10751
Skipped Seq from 10751 to 10754
Skipped Seq from 10754 to 10756
Skipped Seq from 10756 to 10758
Skipped Seq from 10758 to 10760
Skipped Seq from 10761 to 10763
Skipped Seq from 10766 to 10768
Skipped Seq from 10773 to 10775
Skipped Seq from 10779 to 10781
Skipped Seq from 10786 to 10788
Skipped Seq from 10792 to 10794
Skipped Seq from 10799 to 10801
Skipped Seq from 10806 to 10808
Skipped Seq from 10812 to 10814
Skipped Seq from 10815 to 10817
Skipped Seq from 10817 to 10819
Skipped Seq from 10819 to 10821
Skipped Seq from 10822 to 10824
Skipped Seq from 10825 to 10827
Skipped Seq from 10832 to 10834
Skipped Seq from 10841 to 10843
Skipped Seq from 10856 to 10858
Skipped Seq from 10872 to 10874
Skipped Seq from 10874 to 10880
Skipped Seq from 10880 to 10886
Skipped Seq from 10888 to 10890
Skipped Seq from 10898 to 10900
Skipped Seq from 10901 to 10903
Skipped Seq from 10903 to 10906
Skipped Seq from 10906 to 10909
Skipped Seq from 10912 to 10914
Skipped Seq from 10928 to 10931
Skipped Seq from 10934 to 10937
Skipped Seq from 10937 to 10940
Skipped Seq from 10940 to 10942
Skipped Seq from 10942 to 10950
Skipped Seq from 10950 to 10953
Skipped Seq from 10954 to 10958
Skipped Seq from 10959 to 10962
Skipped Seq from 10962 to 10968
Skipped Seq from 10968 to 10970
Skipped Seq from 10970 to 10974
Skipped Seq from 10974 to 10979
Skipped Seq from 10979 to 10983
Skipped Seq from 10983 to 10985
Skipped Seq from 10985 to 10991
Skipped Seq from 10991 to 10995
Skipped Seq from 10995 to 11000
Skipped Seq from 11001 to 11004
Skipped Seq from 11005 to 11009
Skipped Seq from 11009 to 11014
Skipped Seq from 11015 to 11019
Skipped Seq from 11019 to 11024
Skipped Seq from 11024 to 11026
Skipped Seq from 11026 to 11028
Skipped Seq from 11028 to 11030
Skipped Seq from 11030 to 11032
Skipped Seq from 11032 to 11035
Skipped Seq from 11035 to 11039
Skipped Seq from 11039 to 11046
Skipped Seq from 11046 to 11048
Skipped Seq from 11048 to 11061
Skipped Seq from 11061 to 11063
Skipped Seq from 11063 to 11068
Skipped Seq from 11068 to 11071
Skipped Seq from 11075 to 11077
Skipped Seq from 11077 to 11079
Skipped Seq from 11080 to 11083
Skipped Seq from 11083 to 11085
Skipped Seq from 11085 to 11091
Skipped Seq from 11091 to 11093
Skipped Seq from 11093 to 11096
Skipped Seq from 11096 to 11099
Skipped Seq from 11099 to 11101
Skipped Seq from 11101 to 11104
Skipped Seq from 11104 to 11107
Skipped Seq from 11107 to 11114
Skipped Seq from 11114 to 11118
Skipped Seq from 11118 to 11121
Skipped Seq from 11121 to 11124
Skipped Seq from 11124 to 11127
Skipped Seq from 11127 to 11129
Skipped Seq from 11129 to 11135
Skipped Seq from 11135 to 11137
Skipped Seq from 11137 to 11148
Skipped Seq from 11148 to 11150
Skipped Seq from 11150 to 11156
Skipped Seq from 11156 to 11159
Skipped Seq from 11159 to 11162
Skipped Seq from 11162 to 11167
Skipped Seq from 11167 to 11169
Skipped Seq from 11169 to 11172
Skipped Seq from 11172 to 11174
Skipped Seq from 11174 to 11178
Skipped Seq from 11178 to 11180
Skipped Seq from 11180 to 11182
Skipped Seq from 11182 to 11186
Skipped Seq from 11186 to 11188
Skipped Seq from 11188 to 11192
Skipped Seq from 11192 to 11194
Skipped Seq from 11194 to 11196
Skipped Seq from 11196 to 11199
Skipped Seq from 11200 to 11202
Skipped Seq from 11202 to 11205
Skipped Seq from 11205 to 11210
Skipped Seq from 11210 to 11213
Skipped Seq from 11213 to 11218
Skipped Seq from 11218 to 11226
Skipped Seq from 11226 to 11232
Skipped Seq from 11232 to 11240
Skipped Seq from 11240 to 11242
Skipped Seq from 11242 to 11246
Skipped Seq from 11246 to 11248
Skipped Seq from 11248 to 11254
Skipped Seq from 11254 to 11260
Skipped Seq from 11260 to 11262
Skipped Seq from 11262 to 11265
Skipped Seq from 11265 to 11271
Skipped Seq from 11271 to 11273
Skipped Seq from 11273 to 11277
Skipped Seq from 11277 to 11279
Skipped Seq from 11279 to 11283
Skipped Seq from 11283 to 11285
Skipped Seq from 11285 to 11289
Skipped Seq from 11289 to 11291
Skipped Seq from 11291 to 11294
Number of times throttled: 7
Received: 8055 / 11295 packets
Start time: 1332810433.293836
End time: 1332810450.125896
Duration: 16.832060
