Starting client at 10.0.0.17:1237 with timeout:10
My IP address is 10.0.0.17Skipped Seq from 746 to 749
Skipped Seq from 750 to 752
Skipped Seq from 752 to 755
Skipped Seq from 755 to 786
Skipped Seq from 788 to 821
Skipped Seq from 821 to 823
Skipped Seq from 824 to 826
Skipped Seq from 846 to 871
Skipped Seq from 872 to 874
Skipped Seq from 883 to 885
Skipped Seq from 891 to 893
Skipped Seq from 894 to 897
Skipped Seq from 902 to 904
Skipped Seq from 907 to 928
Skipped Seq from 928 to 935
Skipped Seq from 935 to 956
Skipped Seq from 960 to 986
Skipped Seq from 986 to 988
Skipped Seq from 988 to 996
Skipped Seq from 996 to 999
Skipped Seq from 1002 to 1005
Skipped Seq from 1006 to 1010
Skipped Seq from 1012 to 1015
Skipped Seq from 1026 to 1028
Skipped Seq from 1028 to 1035
Skipped Seq from 1043 to 1045
Skipped Seq from 1053 to 1055
Skipped Seq from 1056 to 1058
Skipped Seq from 1071 to 1073
Skipped Seq from 1080 to 1082
Skipped Seq from 1090 to 1092
Skipped Seq from 1093 to 1101
Skipped Seq from 1104 to 1112
Skipped Seq from 1112 to 1116
Skipped Seq from 1116 to 1134
Skipped Seq from 1135 to 1141
Skipped Seq from 1142 to 1144
Skipped Seq from 1144 to 1146
Skipped Seq from 1146 to 1157
Skipped Seq from 1157 to 1161
Skipped Seq from 1161 to 1228
Skipped Seq from 1239 to 1241
Number of times throttled: 1
Received: 934 / 1255 packets
Start time: 1332843267.762411
End time: 1332843273.567458
Duration: 5.805047
