Starting client at 10.0.0.24:1236 with timeout:10
My IP address is 10.0.0.24Skipped Seq from 814 to 816
Skipped Seq from 833 to 848
Skipped Seq from 848 to 878
Skipped Seq from 881 to 883
Skipped Seq from 886 to 889
Skipped Seq from 890 to 892
Skipped Seq from 894 to 896
Skipped Seq from 896 to 898
Skipped Seq from 898 to 900
Skipped Seq from 902 to 939
Skipped Seq from 939 to 990
Skipped Seq from 990 to 994
Skipped Seq from 996 to 1004
Skipped Seq from 1006 to 1008
Skipped Seq from 1008 to 1015
Skipped Seq from 1015 to 1048
Skipped Seq from 1052 to 1102
Skipped Seq from 1116 to 1118
Skipped Seq from 1118 to 1140
Skipped Seq from 1141 to 1147
Skipped Seq from 1150 to 1152
Skipped Seq from 1159 to 1176
Skipped Seq from 1177 to 1180
Skipped Seq from 1195 to 1206
Skipped Seq from 1217 to 1219
Skipped Seq from 1238 to 1240
Skipped Seq from 1250 to 1255
Skipped Seq from 1276 to 1278
Skipped Seq from 1280 to 1282
Skipped Seq from 1282 to 1284
Skipped Seq from 1297 to 1299
Skipped Seq from 1306 to 1334
Skipped Seq from 1343 to 1345
Skipped Seq from 1365 to 1367
Skipped Seq from 1384 to 1387
Skipped Seq from 1387 to 1400
Skipped Seq from 1406 to 1408
Skipped Seq from 1429 to 1431
Skipped Seq from 1449 to 1451
Skipped Seq from 1466 to 1476
Skipped Seq from 1492 to 1494
Skipped Seq from 1496 to 1542
Skipped Seq from 1554 to 1556
Skipped Seq from 1564 to 1604
Skipped Seq from 1613 to 1615
Skipped Seq from 1632 to 1634
Skipped Seq from 1634 to 1665
Skipped Seq from 1679 to 1681
Skipped Seq from 1700 to 1702
Skipped Seq from 1708 to 1710
Skipped Seq from 1710 to 1738
Skipped Seq from 1741 to 1743
Skipped Seq from 1751 to 1784
Skipped Seq from 1784 to 1787
Skipped Seq from 1788 to 1798
Skipped Seq from 1798 to 1802
Skipped Seq from 1802 to 1805
Skipped Seq from 1805 to 1812
Skipped Seq from 1812 to 1814
Skipped Seq from 1814 to 1816
Skipped Seq from 1817 to 1819
Skipped Seq from 1819 to 1821
Skipped Seq from 1822 to 1824
Skipped Seq from 1824 to 1826
Skipped Seq from 1826 to 1828
Skipped Seq from 1828 to 1831
Skipped Seq from 1832 to 1846
Skipped Seq from 1858 to 1894
Skipped Seq from 1895 to 1897
Skipped Seq from 1916 to 1918
Skipped Seq from 1926 to 1965
Skipped Seq from 1981 to 1983
Skipped Seq from 2002 to 2004
Skipped Seq from 2005 to 2007
Skipped Seq from 2010 to 2036
Skipped Seq from 2045 to 2047
Skipped Seq from 2056 to 2071
Skipped Seq from 2077 to 2079
Skipped Seq from 2096 to 2098
Skipped Seq from 2116 to 2118
Skipped Seq from 2118 to 2136
Skipped Seq from 2138 to 2141
Skipped Seq from 2141 to 2162
Skipped Seq from 2167 to 2169
Skipped Seq from 2175 to 2223
Skipped Seq from 2223 to 2234
Skipped Seq from 2246 to 2248
Skipped Seq from 2250 to 2252
Skipped Seq from 2255 to 2260
Skipped Seq from 2260 to 2264
Skipped Seq from 2264 to 2266
Skipped Seq from 2266 to 2272
Skipped Seq from 2272 to 2274
Skipped Seq from 2274 to 2283
Skipped Seq from 2283 to 2289
Skipped Seq from 2289 to 2295
Skipped Seq from 2295 to 2297
Skipped Seq from 2298 to 2300
Skipped Seq from 2300 to 2305
Skipped Seq from 2317 to 2319
Skipped Seq from 2328 to 2375
Skipped Seq from 2375 to 2380
Skipped Seq from 2382 to 2384
Skipped Seq from 2392 to 2462
Skipped Seq from 2462 to 2465
Skipped Seq from 2468 to 2470
Skipped Seq from 2470 to 2472
Skipped Seq from 2472 to 2474
Skipped Seq from 2476 to 2478
Skipped Seq from 2478 to 2480
Skipped Seq from 2480 to 2483
Skipped Seq from 2483 to 2487
Skipped Seq from 2487 to 2496
Skipped Seq from 2496 to 2501
Skipped Seq from 2501 to 2510
Skipped Seq from 2511 to 2513
Skipped Seq from 2514 to 2516
Skipped Seq from 2521 to 2547
Skipped Seq from 2555 to 2557
Skipped Seq from 2570 to 2572
Skipped Seq from 2573 to 2575
Skipped Seq from 2585 to 2587
Skipped Seq from 2593 to 2616
Skipped Seq from 2616 to 2621
Skipped Seq from 2621 to 2623
Skipped Seq from 2627 to 2629
Skipped Seq from 2647 to 2650
Skipped Seq from 2652 to 2684
Skipped Seq from 2684 to 2686
Skipped Seq from 2703 to 2705
Skipped Seq from 2722 to 2725
Skipped Seq from 2741 to 2743
Skipped Seq from 2746 to 2766
Skipped Seq from 2766 to 2768
Skipped Seq from 2785 to 2787
Skipped Seq from 2797 to 2828
Skipped Seq from 2846 to 2848
Skipped Seq from 2865 to 2871
Skipped Seq from 2873 to 2876
Skipped Seq from 2878 to 2880
Skipped Seq from 2899 to 2901
Skipped Seq from 2902 to 2905
Skipped Seq from 2925 to 2927
Skipped Seq from 2938 to 2944
Skipped Seq from 2947 to 2950
Skipped Seq from 2959 to 2961
Skipped Seq from 2973 to 2976
Skipped Seq from 2976 to 2992
Skipped Seq from 3002 to 3005
Skipped Seq from 3012 to 3014
Skipped Seq from 3014 to 3027
Skipped Seq from 3044 to 3048
Skipped Seq from 3054 to 3056
Skipped Seq from 3065 to 3070
Skipped Seq from 3074 to 3076
Skipped Seq from 3083 to 3098
Skipped Seq from 3118 to 3120
Skipped Seq from 3162 to 3164
Skipped Seq from 3169 to 3171
Skipped Seq from 3177 to 3179
Skipped Seq from 3183 to 3185
Skipped Seq from 3187 to 3192
Skipped Seq from 3192 to 3195
Skipped Seq from 3196 to 3198
Skipped Seq from 3203 to 3205
Skipped Seq from 3209 to 3211
Skipped Seq from 3211 to 3213
Skipped Seq from 3219 to 3221
Skipped Seq from 3225 to 3227
Skipped Seq from 3229 to 3231
Skipped Seq from 3231 to 3233
Skipped Seq from 3236 to 3238
Skipped Seq from 3241 to 3243
Skipped Seq from 3247 to 3249
Skipped Seq from 3249 to 3251
Skipped Seq from 3254 to 3256
Skipped Seq from 3293 to 3295
Skipped Seq from 3297 to 3299
Skipped Seq from 3299 to 3301
Skipped Seq from 3303 to 3305
Skipped Seq from 3307 to 3309
Number of times throttled: 6
Received: 3898 / 5143 packets
Start time: 1332843055.541710
End time: 1332843069.460990
Duration: 13.919280
