Starting client at 10.0.0.25:1250 with timeout:10
My IP address is 10.0.0.25Skipped Seq from 160 to 169
Skipped Seq from 170 to 175
Skipped Seq from 175 to 187
Skipped Seq from 187 to 194
Skipped Seq from 197 to 199
Skipped Seq from 199 to 201
Skipped Seq from 201 to 206
Skipped Seq from 208 to 210
Skipped Seq from 222 to 225
Skipped Seq from 225 to 227
Skipped Seq from 235 to 237
Skipped Seq from 256 to 259
Skipped Seq from 266 to 268
Skipped Seq from 270 to 272
Skipped Seq from 292 to 294
Skipped Seq from 294 to 305
Skipped Seq from 305 to 324
Skipped Seq from 328 to 330
Skipped Seq from 330 to 332
Skipped Seq from 334 to 336
Skipped Seq from 337 to 339
Skipped Seq from 339 to 343
Skipped Seq from 344 to 348
Skipped Seq from 348 to 350
Skipped Seq from 351 to 354
Skipped Seq from 354 to 356
Skipped Seq from 357 to 359
Skipped Seq from 359 to 362
Skipped Seq from 362 to 364
Skipped Seq from 372 to 374
Skipped Seq from 387 to 389
Skipped Seq from 389 to 391
Skipped Seq from 395 to 400
Skipped Seq from 401 to 430
Skipped Seq from 430 to 434
Skipped Seq from 434 to 436
Skipped Seq from 437 to 440
Skipped Seq from 443 to 447
Skipped Seq from 447 to 458
Skipped Seq from 458 to 460
Skipped Seq from 461 to 480
Skipped Seq from 481 to 503
Skipped Seq from 503 to 538
Skipped Seq from 543 to 552
Skipped Seq from 553 to 555
Skipped Seq from 555 to 568
Skipped Seq from 569 to 571
Skipped Seq from 574 to 576
Skipped Seq from 576 to 580
Skipped Seq from 580 to 582
Skipped Seq from 582 to 586
Skipped Seq from 587 to 589
Skipped Seq from 593 to 595
Skipped Seq from 604 to 606
Skipped Seq from 609 to 612
Skipped Seq from 612 to 614
Skipped Seq from 616 to 648
Skipped Seq from 650 to 652
Skipped Seq from 657 to 660
Skipped Seq from 660 to 678
Skipped Seq from 679 to 704
Skipped Seq from 704 to 715
Skipped Seq from 715 to 723
Skipped Seq from 724 to 728
Skipped Seq from 743 to 750
Skipped Seq from 763 to 765
Skipped Seq from 781 to 783
Skipped Seq from 788 to 801
Skipped Seq from 801 to 846
Skipped Seq from 848 to 870
Skipped Seq from 871 to 873
Skipped Seq from 875 to 877
Skipped Seq from 883 to 885
Skipped Seq from 922 to 924
Skipped Seq from 945 to 959
Skipped Seq from 959 to 962
Skipped Seq from 971 to 973
Skipped Seq from 974 to 981
Skipped Seq from 981 to 983
Skipped Seq from 986 to 988
Skipped Seq from 1004 to 1006
Skipped Seq from 1012 to 1016
Skipped Seq from 1017 to 1024
Skipped Seq from 1024 to 1035
Skipped Seq from 1045 to 1047
Skipped Seq from 1047 to 1053
Skipped Seq from 1055 to 1066
Skipped Seq from 1069 to 1088
Skipped Seq from 1088 to 1127
Skipped Seq from 1127 to 1178
Skipped Seq from 1195 to 1197
Skipped Seq from 1202 to 1232
Skipped Seq from 1233 to 1240
Skipped Seq from 1249 to 1253
Skipped Seq from 1262 to 1264
Skipped Seq from 1284 to 1310
Skipped Seq from 1310 to 1313
Skipped Seq from 1313 to 1315
Skipped Seq from 1319 to 1328
Skipped Seq from 1330 to 1332
Skipped Seq from 1332 to 1334
Skipped Seq from 1334 to 1336
Skipped Seq from 1336 to 1361
Skipped Seq from 1369 to 1372
Skipped Seq from 1376 to 1386
Skipped Seq from 1386 to 1388
Skipped Seq from 1388 to 1390
Skipped Seq from 1395 to 1397
Skipped Seq from 1402 to 1411
Skipped Seq from 1411 to 1422
Skipped Seq from 1423 to 1441
Skipped Seq from 1443 to 1445
Skipped Seq from 1462 to 1464
Skipped Seq from 1465 to 1467
Skipped Seq from 1468 to 1470
Skipped Seq from 1476 to 1483
Skipped Seq from 1483 to 1501
Skipped Seq from 1501 to 1572
Skipped Seq from 1573 to 1576
Skipped Seq from 1591 to 1593
Skipped Seq from 1599 to 1601
Skipped Seq from 1621 to 1623
Skipped Seq from 1624 to 1626
Skipped Seq from 1626 to 1630
Skipped Seq from 1631 to 1633
Skipped Seq from 1651 to 1653
Skipped Seq from 1654 to 1663
Skipped Seq from 1663 to 1668
Skipped Seq from 1675 to 1677
Skipped Seq from 1680 to 1701
Skipped Seq from 1701 to 1703
Skipped Seq from 1715 to 1717
Skipped Seq from 1718 to 1738
Skipped Seq from 1743 to 1745
Skipped Seq from 1759 to 1763
Skipped Seq from 1771 to 1773
Skipped Seq from 1791 to 1793
Skipped Seq from 1799 to 1824
Skipped Seq from 1824 to 1826
Skipped Seq from 1826 to 1828
Skipped Seq from 1834 to 1836
Skipped Seq from 1855 to 1857
Skipped Seq from 1876 to 1878
Skipped Seq from 1885 to 1915
Skipped Seq from 1915 to 1940
Skipped Seq from 1950 to 1953
Skipped Seq from 1971 to 1973
Skipped Seq from 2000 to 2003
Skipped Seq from 2003 to 2006
Skipped Seq from 2015 to 2017
Skipped Seq from 2022 to 2025
Skipped Seq from 2025 to 2027
Skipped Seq from 2027 to 2033
Skipped Seq from 2036 to 2038
Skipped Seq from 2042 to 2065
Skipped Seq from 2067 to 2069
Skipped Seq from 2085 to 2094
Skipped Seq from 2095 to 2097
Skipped Seq from 2112 to 2114
Skipped Seq from 2119 to 2188
Skipped Seq from 2188 to 2190
Skipped Seq from 2190 to 2193
Skipped Seq from 2198 to 2200
Skipped Seq from 2206 to 2208
Skipped Seq from 2208 to 2210
Skipped Seq from 2217 to 2277
Skipped Seq from 2279 to 2282
Skipped Seq from 2282 to 2286
Skipped Seq from 2286 to 2288
Skipped Seq from 2289 to 2291
Skipped Seq from 2333 to 2335
Skipped Seq from 2348 to 2353
Skipped Seq from 2353 to 2355
Skipped Seq from 2356 to 2365
Skipped Seq from 2368 to 2370
Skipped Seq from 2371 to 2385
Skipped Seq from 2396 to 2398
Skipped Seq from 2399 to 2403
Skipped Seq from 2404 to 2413
Skipped Seq from 2414 to 2416
Skipped Seq from 2426 to 2429
Skipped Seq from 2433 to 2435
Skipped Seq from 2477 to 2479
Skipped Seq from 7472 to 7474
Skipped Seq from 7482 to 7486
Skipped Seq from 7506 to 7510
Skipped Seq from 7512 to 7515
Skipped Seq from 7515 to 7518
Skipped Seq from 7518 to 7520
Skipped Seq from 7522 to 7524
Skipped Seq from 7543 to 7545
Skipped Seq from 7565 to 7569
Skipped Seq from 7569 to 7571
Skipped Seq from 7574 to 7577
Skipped Seq from 7577 to 7580
Skipped Seq from 7580 to 7584
Skipped Seq from 7584 to 7587
Skipped Seq from 7587 to 7590
Skipped Seq from 7590 to 7593
Skipped Seq from 7593 to 7596
Skipped Seq from 7596 to 7600
Skipped Seq from 7600 to 7603
Skipped Seq from 7603 to 7606
Skipped Seq from 7606 to 7609
Skipped Seq from 7609 to 7612
Skipped Seq from 7612 to 7615
Skipped Seq from 7615 to 7619
Skipped Seq from 7619 to 7622
Skipped Seq from 7622 to 7624
Skipped Seq from 7624 to 7626
Skipped Seq from 7626 to 7629
Skipped Seq from 7629 to 7632
Skipped Seq from 7632 to 7635
Skipped Seq from 7635 to 7638
Skipped Seq from 7638 to 7643
Skipped Seq from 7643 to 7649
Skipped Seq from 7649 to 7652
Skipped Seq from 7652 to 7655
Skipped Seq from 7658 to 7662
Skipped Seq from 7662 to 7665
Skipped Seq from 7665 to 7667
Skipped Seq from 7667 to 7671
Skipped Seq from 7671 to 7675
Skipped Seq from 7675 to 7678
Skipped Seq from 7678 to 7681
Skipped Seq from 7681 to 7684
Skipped Seq from 7684 to 7688
Skipped Seq from 7690 to 7696
Skipped Seq from 7696 to 7699
Skipped Seq from 7699 to 7703
Skipped Seq from 7703 to 7707
Skipped Seq from 7707 to 7712
Skipped Seq from 7712 to 7716
Skipped Seq from 7717 to 7719
Skipped Seq from 7736 to 7738
Skipped Seq from 7750 to 7752
Skipped Seq from 7760 to 7762
Skipped Seq from 7762 to 7764
Skipped Seq from 7769 to 7771
Skipped Seq from 7806 to 7808
Skipped Seq from 7824 to 7826
Skipped Seq from 7831 to 7835
Skipped Seq from 7835 to 7838
Skipped Seq from 7840 to 7843
Skipped Seq from 7851 to 7853
Skipped Seq from 7857 to 7861
Skipped Seq from 7861 to 7864
Skipped Seq from 7864 to 7868
Skipped Seq from 7868 to 7873
Skipped Seq from 7873 to 7876
Skipped Seq from 7876 to 7879
Skipped Seq from 7879 to 7883
Skipped Seq from 7883 to 7888
Skipped Seq from 7913 to 7915
Skipped Seq from 7933 to 7935
Skipped Seq from 7940 to 7942
Skipped Seq from 7944 to 7946
Skipped Seq from 7947 to 7950
Skipped Seq from 7952 to 7954
Skipped Seq from 7956 to 7958
Skipped Seq from 7960 to 7962
Skipped Seq from 7969 to 7971
Skipped Seq from 7972 to 7974
Skipped Seq from 7976 to 7978
Skipped Seq from 7980 to 7982
Skipped Seq from 7984 to 7986
Skipped Seq from 7988 to 7990
Skipped Seq from 7991 to 7993
Skipped Seq from 7993 to 7995
Skipped Seq from 7997 to 7999
Skipped Seq from 8000 to 8003
Skipped Seq from 8004 to 8007
Skipped Seq from 8008 to 8010
Skipped Seq from 8012 to 8016
Skipped Seq from 8017 to 8019
Skipped Seq from 8021 to 8024
Skipped Seq from 8025 to 8027
Skipped Seq from 8029 to 8031
Skipped Seq from 8033 to 8036
Skipped Seq from 8036 to 8038
Skipped Seq from 8038 to 8040
Skipped Seq from 8042 to 8044
Skipped Seq from 8046 to 8048
Skipped Seq from 8050 to 8052
Skipped Seq from 8054 to 8064
Skipped Seq from 8064 to 8068
Skipped Seq from 8068 to 8072
Skipped Seq from 8072 to 8080
Skipped Seq from 8080 to 8082
Skipped Seq from 8082 to 8087
Skipped Seq from 8087 to 8093
Skipped Seq from 8093 to 8098
Skipped Seq from 8098 to 8103
Skipped Seq from 8103 to 8107
Skipped Seq from 8107 to 8111
Skipped Seq from 8111 to 8114
Skipped Seq from 8114 to 8119
Skipped Seq from 8119 to 8122
Skipped Seq from 8123 to 8126
Skipped Seq from 8127 to 8130
Skipped Seq from 8130 to 8132
Skipped Seq from 8132 to 8136
Skipped Seq from 8136 to 8140
Skipped Seq from 8140 to 8148
Skipped Seq from 8148 to 8152
Skipped Seq from 8152 to 8156
Skipped Seq from 8156 to 8161
Skipped Seq from 8161 to 8165
Skipped Seq from 8165 to 8170
Skipped Seq from 8170 to 8174
Skipped Seq from 8174 to 8178
Skipped Seq from 8178 to 8184
Skipped Seq from 8184 to 8188
Skipped Seq from 8188 to 8191
Skipped Seq from 8191 to 8196
Skipped Seq from 8196 to 8201
Skipped Seq from 8228 to 8230
Skipped Seq from 8236 to 8239
Skipped Seq from 8243 to 8249
Skipped Seq from 8249 to 8253
Skipped Seq from 8258 to 8260
Skipped Seq from 8271 to 8273
Skipped Seq from 8273 to 8281
Skipped Seq from 8281 to 8285
Skipped Seq from 8285 to 8289
Skipped Seq from 8290 to 8294
Skipped Seq from 8295 to 8299
Skipped Seq from 8300 to 8305
Skipped Seq from 8305 to 8310
Skipped Seq from 8310 to 8314
Skipped Seq from 8315 to 8318
Skipped Seq from 8319 to 8323
Skipped Seq from 8323 to 8328
Skipped Seq from 8329 to 8333
Skipped Seq from 8333 to 8337
Skipped Seq from 8338 to 8341
Skipped Seq from 8341 to 8344
Skipped Seq from 8344 to 8351
Skipped Seq from 8351 to 8356
Skipped Seq from 8356 to 8361
Skipped Seq from 8361 to 8366
Skipped Seq from 8366 to 8370
Skipped Seq from 8370 to 8373
Skipped Seq from 8373 to 8378
Skipped Seq from 8378 to 8384
Skipped Seq from 8384 to 8388
Skipped Seq from 8388 to 8393
Skipped Seq from 8393 to 8398
Skipped Seq from 8398 to 8403
Skipped Seq from 8403 to 8408
Skipped Seq from 8408 to 8414
Skipped Seq from 8414 to 8419
Skipped Seq from 8419 to 8429
Skipped Seq from 8429 to 8435
Skipped Seq from 8435 to 8442
Skipped Seq from 8442 to 8448
Skipped Seq from 8448 to 8452
Skipped Seq from 8452 to 8459
Skipped Seq from 8459 to 8464
Skipped Seq from 8464 to 8467
Skipped Seq from 8468 to 8481
Skipped Seq from 8481 to 8485
Skipped Seq from 8485 to 8488
Skipped Seq from 8488 to 8491
Skipped Seq from 8491 to 8497
Skipped Seq from 8497 to 8504
Skipped Seq from 8504 to 8510
Skipped Seq from 8510 to 8515
Skipped Seq from 8515 to 8520
Skipped Seq from 8520 to 8526
Skipped Seq from 8526 to 8528
Skipped Seq from 8544 to 8546
Skipped Seq from 8554 to 8557
Skipped Seq from 8557 to 8560
Skipped Seq from 8560 to 8562
Skipped Seq from 8580 to 8583
Skipped Seq from 8595 to 8598
Skipped Seq from 8600 to 8604
Skipped Seq from 8604 to 8610
Skipped Seq from 8610 to 8614
Skipped Seq from 8614 to 8621
Skipped Seq from 8621 to 8627
Skipped Seq from 8627 to 8629
Skipped Seq from 8629 to 8636
Skipped Seq from 8642 to 8644
Skipped Seq from 8658 to 8660
Skipped Seq from 8666 to 8668
Skipped Seq from 8686 to 8688
Skipped Seq from 8703 to 8705
Skipped Seq from 8725 to 8727
Skipped Seq from 8747 to 8749
Skipped Seq from 8768 to 8770
Skipped Seq from 8773 to 8775
Skipped Seq from 8790 to 8792
Skipped Seq from 8812 to 8814
Skipped Seq from 8830 to 8832
Skipped Seq from 8833 to 8835
Skipped Seq from 8839 to 8841
Skipped Seq from 8848 to 8850
Skipped Seq from 8855 to 8857
Skipped Seq from 8864 to 8866
Skipped Seq from 8872 to 8876
Skipped Seq from 8885 to 8890
Skipped Seq from 8890 to 8898
Skipped Seq from 8899 to 8909
Skipped Seq from 8909 to 8916
Skipped Seq from 8916 to 8923
Skipped Seq from 8923 to 8933
Skipped Seq from 8933 to 8944
Skipped Seq from 8944 to 8954
Skipped Seq from 8954 to 8966
Skipped Seq from 8966 to 8975
Skipped Seq from 8976 to 8978
Skipped Seq from 8979 to 8989
Skipped Seq from 8989 to 8991
Skipped Seq from 8992 to 8998
Skipped Seq from 8998 to 9009
Skipped Seq from 9010 to 9024
Skipped Seq from 9024 to 9034
Skipped Seq from 9034 to 9042
Skipped Seq from 9042 to 9044
Skipped Seq from 9052 to 9054
Skipped Seq from 9061 to 9065
Skipped Seq from 9071 to 9076
Skipped Seq from 9078 to 9080
Skipped Seq from 9097 to 9099
Skipped Seq from 9118 to 9121
Skipped Seq from 9137 to 9139
Skipped Seq from 9156 to 9158
Skipped Seq from 9160 to 9162
Skipped Seq from 9174 to 9176
Skipped Seq from 9179 to 9181
Skipped Seq from 9196 to 9198
Skipped Seq from 9203 to 9215
Skipped Seq from 9217 to 9239
Skipped Seq from 9242 to 9244
Skipped Seq from 9244 to 9266
Skipped Seq from 9267 to 9292
Skipped Seq from 9293 to 9295
Skipped Seq from 9313 to 9315
Skipped Seq from 9332 to 9334
Skipped Seq from 9343 to 9347
Skipped Seq from 9353 to 9355
Skipped Seq from 9375 to 9377
Skipped Seq from 9412 to 9414
Skipped Seq from 9431 to 9433
Skipped Seq from 9434 to 9436
Skipped Seq from 9445 to 9447
Skipped Seq from 9456 to 9461
Skipped Seq from 9475 to 9477
Skipped Seq from 9482 to 9484
Skipped Seq from 9492 to 9494
Skipped Seq from 9499 to 9501
Skipped Seq from 9512 to 9514
Skipped Seq from 9528 to 9533
Skipped Seq from 9553 to 9555
Skipped Seq from 9586 to 9591
Skipped Seq from 9591 to 9593
Skipped Seq from 9596 to 9598
Skipped Seq from 9600 to 9602
Skipped Seq from 9603 to 9605
Skipped Seq from 9630 to 9632
Skipped Seq from 9636 to 9638
Skipped Seq from 9653 to 9661
Skipped Seq from 9662 to 9670
Skipped Seq from 9671 to 9681
Skipped Seq from 9681 to 9709
Skipped Seq from 9709 to 9711
Skipped Seq from 9711 to 9719
Skipped Seq from 9719 to 9755
Skipped Seq from 9755 to 9758
Skipped Seq from 9771 to 9773
Skipped Seq from 9779 to 9781
Skipped Seq from 9791 to 9793
Skipped Seq from 9793 to 9795
Skipped Seq from 9798 to 9800
Skipped Seq from 9803 to 9805
Skipped Seq from 9812 to 9814
Skipped Seq from 9814 to 9818
Skipped Seq from 9820 to 9822
Skipped Seq from 9824 to 9826
Skipped Seq from 9830 to 9832
Skipped Seq from 9835 to 9838
Skipped Seq from 9842 to 9844
Skipped Seq from 9848 to 9850
Skipped Seq from 9853 to 9856
Skipped Seq from 9859 to 9861
Skipped Seq from 9861 to 9863
Skipped Seq from 14841 to 14844
Skipped Seq from 14844 to 14851
Skipped Seq from 14851 to 14853
Skipped Seq from 14853 to 14857
Skipped Seq from 14857 to 14862
Skipped Seq from 14862 to 14865
Skipped Seq from 14865 to 14870
Skipped Seq from 14870 to 14873
Skipped Seq from 14873 to 14876
Skipped Seq from 14876 to 14879
Skipped Seq from 14879 to 14882
Skipped Seq from 14882 to 14886
Skipped Seq from 14886 to 14892
Skipped Seq from 14892 to 14894
Skipped Seq from 14894 to 14897
Skipped Seq from 14897 to 14900
Skipped Seq from 14900 to 14903
Skipped Seq from 14903 to 14906
Skipped Seq from 14906 to 14909
Skipped Seq from 14909 to 14912
Skipped Seq from 14912 to 14916
Skipped Seq from 14916 to 14918
Skipped Seq from 14918 to 14920
Skipped Seq from 14920 to 14924
Skipped Seq from 14924 to 14927
Skipped Seq from 14927 to 14933
Skipped Seq from 14933 to 14936
Skipped Seq from 14936 to 14939
Skipped Seq from 14939 to 14942
Skipped Seq from 14942 to 14946
Skipped Seq from 14946 to 14948
Skipped Seq from 14952 to 14954
Skipped Seq from 14974 to 14976
Skipped Seq from 14982 to 14985
Skipped Seq from 14987 to 14989
Skipped Seq from 15005 to 15007
Skipped Seq from 15020 to 15022
Skipped Seq from 15038 to 15040
Skipped Seq from 15046 to 15050
Skipped Seq from 15050 to 15054
Skipped Seq from 15054 to 15057
Skipped Seq from 15057 to 15060
Skipped Seq from 15060 to 15063
Skipped Seq from 15063 to 15065
Skipped Seq from 15071 to 15073
Skipped Seq from 15074 to 15076
Skipped Seq from 15103 to 15105
Skipped Seq from 15105 to 15107
Skipped Seq from 15123 to 15125
Skipped Seq from 15131 to 15134
Skipped Seq from 15150 to 15152
Skipped Seq from 15170 to 15172
Skipped Seq from 15172 to 15174
Skipped Seq from 15188 to 15190
Skipped Seq from 15192 to 15194
Skipped Seq from 15196 to 15198
Skipped Seq from 15203 to 15205
Skipped Seq from 15213 to 15215
Skipped Seq from 15217 to 15219
Skipped Seq from 15220 to 15223
Skipped Seq from 15223 to 15227
Skipped Seq from 15227 to 15230
Skipped Seq from 15231 to 15234
Skipped Seq from 15234 to 15238
Skipped Seq from 15239 to 15242
Skipped Seq from 15242 to 15246
Skipped Seq from 15246 to 15249
Skipped Seq from 15250 to 15259
Skipped Seq from 15259 to 15262
Skipped Seq from 15262 to 15266
Skipped Seq from 15266 to 15270
Skipped Seq from 15270 to 15282
Skipped Seq from 15282 to 15286
Skipped Seq from 15286 to 15289
Skipped Seq from 15289 to 15294
Skipped Seq from 15294 to 15297
Skipped Seq from 15297 to 15301
Skipped Seq from 15301 to 15305
Skipped Seq from 15305 to 15309
Skipped Seq from 15309 to 15313
Skipped Seq from 15313 to 15317
Skipped Seq from 15317 to 15321
Skipped Seq from 15321 to 15324
Skipped Seq from 15324 to 15328
Skipped Seq from 15328 to 15331
Skipped Seq from 15331 to 15335
Skipped Seq from 15335 to 15337
Skipped Seq from 15337 to 15340
Skipped Seq from 15340 to 15344
Skipped Seq from 15353 to 15356
Skipped Seq from 15356 to 15359
Skipped Seq from 15359 to 15363
Skipped Seq from 15363 to 15366
Skipped Seq from 15366 to 15370
Skipped Seq from 15370 to 15374
Skipped Seq from 15374 to 15378
Skipped Seq from 15378 to 15381
Skipped Seq from 15381 to 15386
Skipped Seq from 15386 to 15389
Skipped Seq from 15389 to 15392
Skipped Seq from 15393 to 15396
Skipped Seq from 15397 to 15401
Skipped Seq from 15401 to 15404
Skipped Seq from 15405 to 15408
Skipped Seq from 15409 to 15412
Skipped Seq from 15413 to 15416
Skipped Seq from 15423 to 15425
Skipped Seq from 15443 to 15445
Skipped Seq from 15474 to 15476
Skipped Seq from 15484 to 15489
Skipped Seq from 15489 to 15493
Skipped Seq from 15493 to 15497
Skipped Seq from 15497 to 15501
Skipped Seq from 15501 to 15505
Skipped Seq from 15505 to 15508
Skipped Seq from 15509 to 15512
Skipped Seq from 15513 to 15516
Skipped Seq from 15517 to 15522
Skipped Seq from 15522 to 15526
Skipped Seq from 15526 to 15529
Skipped Seq from 15529 to 15533
Skipped Seq from 15533 to 15541
Skipped Seq from 15541 to 15545
Skipped Seq from 15545 to 15548
Skipped Seq from 15548 to 15553
Skipped Seq from 15553 to 15557
Skipped Seq from 15557 to 15560
Skipped Seq from 15560 to 15567
Skipped Seq from 15567 to 15575
Skipped Seq from 15576 to 15579
Skipped Seq from 15579 to 15584
Skipped Seq from 15584 to 15588
Skipped Seq from 15588 to 15592
Skipped Seq from 15593 to 15601
Skipped Seq from 15601 to 15604
Skipped Seq from 15618 to 15620
Skipped Seq from 15627 to 15629
Skipped Seq from 15634 to 15637
Skipped Seq from 15638 to 15645
Skipped Seq from 15646 to 15649
Skipped Seq from 15651 to 15654
Skipped Seq from 15654 to 15657
Skipped Seq from 15659 to 15661
Skipped Seq from 15669 to 15671
Skipped Seq from 15687 to 15690
Skipped Seq from 15692 to 15694
Skipped Seq from 15696 to 15698
Skipped Seq from 15704 to 15707
Skipped Seq from 15715 to 15717
Skipped Seq from 15742 to 15744
Skipped Seq from 15754 to 15757
Skipped Seq from 15773 to 15775
Skipped Seq from 15785 to 15787
Skipped Seq from 15790 to 15792
Skipped Seq from 15794 to 15796
Skipped Seq from 15797 to 15799
Skipped Seq from 15804 to 15806
Skipped Seq from 15818 to 15820
Skipped Seq from 15820 to 15824
Skipped Seq from 15826 to 15829
Skipped Seq from 15831 to 15835
Skipped Seq from 15836 to 15840
Skipped Seq from 15844 to 15846
Skipped Seq from 15847 to 15852
Skipped Seq from 15854 to 15859
Skipped Seq from 15859 to 15861
Skipped Seq from 15861 to 15863
Skipped Seq from 15865 to 15867
Skipped Seq from 15867 to 15869
Skipped Seq from 15874 to 15876
Skipped Seq from 15876 to 15878
Skipped Seq from 15879 to 15881
Skipped Seq from 15881 to 15883
Skipped Seq from 15883 to 15886
Skipped Seq from 15886 to 15889
Skipped Seq from 15890 to 15896
Skipped Seq from 15896 to 15902
Skipped Seq from 15902 to 15904
Skipped Seq from 15904 to 15909
Skipped Seq from 15909 to 15914
Skipped Seq from 15914 to 15919
Skipped Seq from 15919 to 15926
Skipped Seq from 15926 to 15932
Skipped Seq from 15932 to 15939
Skipped Seq from 15939 to 15945
Skipped Seq from 15945 to 15947
Skipped Seq from 15947 to 15953
Skipped Seq from 15953 to 15960
Skipped Seq from 15961 to 15970
Skipped Seq from 15970 to 15990
Skipped Seq from 15991 to 15993
Skipped Seq from 16002 to 16004
Skipped Seq from 16010 to 16015
Skipped Seq from 16015 to 16020
Skipped Seq from 16020 to 16026
Skipped Seq from 16026 to 16045
Skipped Seq from 16045 to 16052
Skipped Seq from 16052 to 16069
Skipped Seq from 16069 to 16076
Skipped Seq from 16076 to 16085
Skipped Seq from 16085 to 16093
Skipped Seq from 16093 to 16116
Skipped Seq from 16116 to 16123
Skipped Seq from 16123 to 16131
Skipped Seq from 16131 to 16134
Skipped Seq from 16135 to 16138
Skipped Seq from 16138 to 16157
Skipped Seq from 16159 to 16161
Skipped Seq from 16162 to 16164
Skipped Seq from 16184 to 16186
Skipped Seq from 16186 to 16188
Skipped Seq from 16188 to 16209
Skipped Seq from 16209 to 16216
Skipped Seq from 16219 to 16222
Skipped Seq from 16222 to 16224
Skipped Seq from 16228 to 16231
Skipped Seq from 16236 to 16238
Skipped Seq from 16242 to 16244
Skipped Seq from 16247 to 16249
Skipped Seq from 16255 to 16257
Skipped Seq from 16261 to 16263
Skipped Seq from 16265 to 16278
Skipped Seq from 16279 to 16285
Skipped Seq from 16291 to 16293
Skipped Seq from 16296 to 16298
Skipped Seq from 16301 to 16303
Skipped Seq from 16310 to 16312
Skipped Seq from 16313 to 16316
Skipped Seq from 16322 to 16326
Skipped Seq from 16326 to 16328
Skipped Seq from 16329 to 16337
Skipped Seq from 16338 to 16357
Skipped Seq from 16357 to 16367
Skipped Seq from 16367 to 16378
Skipped Seq from 16378 to 16392
Skipped Seq from 16393 to 16412
Skipped Seq from 16412 to 16414
Skipped Seq from 16426 to 16429
Skipped Seq from 16436 to 16442
Skipped Seq from 16447 to 16453
Skipped Seq from 16457 to 16463
Skipped Seq from 16464 to 16475
Skipped Seq from 16476 to 16489
Skipped Seq from 16489 to 16500
Skipped Seq from 16500 to 16509
Skipped Seq from 16518 to 16521
Skipped Seq from 16525 to 16527
Skipped Seq from 16531 to 16552
Skipped Seq from 16553 to 16555
Skipped Seq from 16555 to 16557
Skipped Seq from 16564 to 16566
Skipped Seq from 16585 to 16587
Skipped Seq from 16589 to 16595
Skipped Seq from 16601 to 16632
Skipped Seq from 16638 to 16640
Skipped Seq from 16645 to 16651
Skipped Seq from 16652 to 16654
Skipped Seq from 16655 to 16661
Skipped Seq from 16663 to 16681
Skipped Seq from 16683 to 16691
Skipped Seq from 16694 to 16696
Skipped Seq from 16704 to 16708
Skipped Seq from 16714 to 16716
Skipped Seq from 16729 to 16731
Skipped Seq from 16738 to 16740
Skipped Seq from 16758 to 16764
Skipped Seq from 16782 to 16785
Skipped Seq from 16790 to 16792
Skipped Seq from 16796 to 16798
Skipped Seq from 16799 to 16802
Skipped Seq from 16803 to 16805
Skipped Seq from 16805 to 16807
Skipped Seq from 16807 to 16809
Skipped Seq from 16809 to 16811
Skipped Seq from 16827 to 16829
Skipped Seq from 16835 to 16841
Skipped Seq from 16842 to 16846
Skipped Seq from 16846 to 16848
Skipped Seq from 16848 to 16850
Skipped Seq from 16850 to 16852
Skipped Seq from 16852 to 16854
Skipped Seq from 16854 to 16856
Skipped Seq from 16858 to 16860
Skipped Seq from 16862 to 16865
Skipped Seq from 16866 to 16882
Skipped Seq from 16882 to 16904
Skipped Seq from 16904 to 16915
Skipped Seq from 16916 to 16935
Skipped Seq from 16935 to 16943
Skipped Seq from 16943 to 16953
Skipped Seq from 16953 to 16966
Skipped Seq from 16966 to 16974
Skipped Seq from 16974 to 16976
Skipped Seq from 16977 to 16979
Skipped Seq from 16979 to 16981
Skipped Seq from 16982 to 16984
Skipped Seq from 16984 to 16986
Skipped Seq from 16986 to 16988
Skipped Seq from 16988 to 16992
Skipped Seq from 16992 to 16995
Skipped Seq from 16995 to 16998
Skipped Seq from 16998 to 17007
Skipped Seq from 17007 to 17022
Skipped Seq from 17022 to 17038
Skipped Seq from 17038 to 17048
Skipped Seq from 17052 to 17065
Skipped Seq from 17065 to 17069
Skipped Seq from 17069 to 17071
Skipped Seq from 17076 to 17078
Skipped Seq from 17088 to 17090
Skipped Seq from 17090 to 17092
Skipped Seq from 17092 to 17094
Skipped Seq from 17094 to 17096
Skipped Seq from 17096 to 17099
Skipped Seq from 17101 to 17103
Skipped Seq from 17109 to 17111
Skipped Seq from 17111 to 17113
Skipped Seq from 17113 to 17115
Skipped Seq from 17116 to 17118
Skipped Seq from 17119 to 17121
Skipped Seq from 17122 to 17124
Skipped Seq from 17125 to 17135
Skipped Seq from 17136 to 17140
Skipped Seq from 17140 to 17142
Skipped Seq from 17147 to 17149
Skipped Seq from 17152 to 17155
Skipped Seq from 17159 to 17162
Skipped Seq from 17162 to 17164
Skipped Seq from 17164 to 17166
Skipped Seq from 17169 to 17171
Skipped Seq from 17176 to 17178
Skipped Seq from 17179 to 17181
Skipped Seq from 17181 to 17183
Skipped Seq from 17184 to 17186
Skipped Seq from 17187 to 17189
Skipped Seq from 17192 to 17194
Skipped Seq from 17196 to 17198
Skipped Seq from 17199 to 17202
Skipped Seq from 17208 to 17212
Skipped Seq from 17214 to 17217
Skipped Seq from 17217 to 17219
Skipped Seq from 17220 to 17223
Skipped Seq from 17282 to 17284
Skipped Seq from 17289 to 17291
Skipped Seq from 17303 to 17305
Skipped Seq from 17308 to 17314
Skipped Seq from 17328 to 17331
Skipped Seq from 17355 to 17364
Skipped Seq from 17364 to 17374
Skipped Seq from 17374 to 17381
Skipped Seq from 17382 to 17384
Skipped Seq from 17396 to 17398
Skipped Seq from 17589 to 17592
Skipped Seq from 17592 to 17600
Skipped Seq from 17601 to 17603
Skipped Seq from 17604 to 17610
Skipped Seq from 17618 to 17622
Skipped Seq from 17622 to 17624
Skipped Seq from 17632 to 17634
Skipped Seq from 17634 to 17636
Skipped Seq from 17639 to 17642
Skipped Seq from 17643 to 17646
Skipped Seq from 17655 to 17664
Skipped Seq from 17664 to 17678
Skipped Seq from 17678 to 17688
Skipped Seq from 17688 to 17690
Skipped Seq from 17694 to 17700
Skipped Seq from 17760 to 17763
Skipped Seq from 17770 to 17772
Skipped Seq from 17772 to 17774
Skipped Seq from 17781 to 17783
Skipped Seq from 17798 to 17801
Skipped Seq from 17804 to 17806
Skipped Seq from 17809 to 17811
Skipped Seq from 17814 to 17817
Skipped Seq from 17817 to 17819
Skipped Seq from 17821 to 17823
Skipped Seq from 17834 to 17837
Number of times throttled: 19
Received: 18380 / 21875 packets
Start time: 1332844373.919246
End time: 1332844432.727351
Duration: 58.808105
