Starting client at 10.0.0.22:1250 with timeout:10
My IP address is 10.0.0.22Skipped Seq from 3 to 5
Skipped Seq from 6 to 9
Skipped Seq from 13 to 15
Skipped Seq from 17 to 20
Skipped Seq from 23 to 28
Skipped Seq from 28 to 30
Skipped Seq from 30 to 32
Skipped Seq from 32 to 47
Skipped Seq from 47 to 49
Skipped Seq from 52 to 56
Skipped Seq from 56 to 58
Skipped Seq from 59 to 62
Skipped Seq from 64 to 72
Skipped Seq from 72 to 76
Skipped Seq from 76 to 79
Skipped Seq from 79 to 81
Skipped Seq from 82 to 84
Skipped Seq from 85 to 92
Skipped Seq from 92 to 95
Skipped Seq from 100 to 102
Skipped Seq from 102 to 106
Skipped Seq from 109 to 114
Skipped Seq from 114 to 117
Skipped Seq from 117 to 125
Skipped Seq from 125 to 127
Skipped Seq from 127 to 135
Skipped Seq from 135 to 138
Skipped Seq from 142 to 144
Skipped Seq from 144 to 146
Skipped Seq from 146 to 148
Skipped Seq from 148 to 151
Skipped Seq from 156 to 158
Skipped Seq from 160 to 172
Skipped Seq from 172 to 174
Skipped Seq from 174 to 176
Skipped Seq from 176 to 178
Skipped Seq from 180 to 182
Skipped Seq from 182 to 187
Skipped Seq from 187 to 189
Skipped Seq from 196 to 198
Skipped Seq from 201 to 203
Skipped Seq from 203 to 205
Skipped Seq from 211 to 213
Skipped Seq from 217 to 219
Skipped Seq from 219 to 221
Skipped Seq from 224 to 229
Skipped Seq from 231 to 234
Skipped Seq from 236 to 238
Skipped Seq from 238 to 240
Skipped Seq from 240 to 244
Skipped Seq from 244 to 247
Skipped Seq from 247 to 249
Skipped Seq from 249 to 252
Skipped Seq from 253 to 255
Skipped Seq from 257 to 262
Skipped Seq from 265 to 267
Skipped Seq from 272 to 274
Skipped Seq from 278 to 281
Skipped Seq from 281 to 287
Skipped Seq from 288 to 292
Skipped Seq from 294 to 298
Skipped Seq from 299 to 302
Skipped Seq from 305 to 307
Skipped Seq from 307 to 310
Skipped Seq from 314 to 317
Skipped Seq from 321 to 323
Skipped Seq from 327 to 330
Skipped Seq from 330 to 336
Skipped Seq from 336 to 339
Skipped Seq from 339 to 342
Skipped Seq from 342 to 348
Skipped Seq from 401 to 403
Skipped Seq from 413 to 416
Skipped Seq from 418 to 420
Skipped Seq from 421 to 423
Skipped Seq from 425 to 428
Skipped Seq from 428 to 431
Skipped Seq from 437 to 441
Skipped Seq from 442 to 444
Skipped Seq from 446 to 450
Skipped Seq from 450 to 452
Skipped Seq from 455 to 458
Skipped Seq from 460 to 464
Skipped Seq from 466 to 468
Skipped Seq from 471 to 481
Skipped Seq from 486 to 488
Skipped Seq from 488 to 491
Skipped Seq from 491 to 493
Skipped Seq from 496 to 498
Skipped Seq from 500 to 509
Skipped Seq from 509 to 511
Skipped Seq from 511 to 513
Skipped Seq from 513 to 527
Skipped Seq from 533 to 541
Skipped Seq from 542 to 544
Skipped Seq from 547 to 549
Skipped Seq from 549 to 551
Skipped Seq from 551 to 554
Skipped Seq from 554 to 560
Skipped Seq from 560 to 566
Skipped Seq from 567 to 570
Skipped Seq from 571 to 575
Skipped Seq from 578 to 580
Skipped Seq from 580 to 583
Skipped Seq from 584 to 587
Skipped Seq from 590 to 592
Skipped Seq from 592 to 600
Skipped Seq from 600 to 605
Skipped Seq from 605 to 607
Skipped Seq from 612 to 614
Skipped Seq from 629 to 631
Skipped Seq from 632 to 635
Skipped Seq from 636 to 644
Skipped Seq from 645 to 650
Skipped Seq from 650 to 653
Skipped Seq from 654 to 658
Skipped Seq from 660 to 663
Skipped Seq from 663 to 666
Skipped Seq from 668 to 676
Skipped Seq from 676 to 679
Skipped Seq from 680 to 682
Skipped Seq from 682 to 685
Skipped Seq from 686 to 689
Skipped Seq from 691 to 695
Skipped Seq from 696 to 698
Skipped Seq from 701 to 703
Skipped Seq from 709 to 711
Skipped Seq from 722 to 724
Skipped Seq from 725 to 727
Skipped Seq from 727 to 731
Skipped Seq from 733 to 745
Skipped Seq from 748 to 750
Skipped Seq from 750 to 754
Skipped Seq from 755 to 764
Skipped Seq from 764 to 766
Skipped Seq from 766 to 768
Skipped Seq from 768 to 770
Skipped Seq from 770 to 772
Skipped Seq from 774 to 777
Skipped Seq from 777 to 786
Skipped Seq from 788 to 794
Skipped Seq from 795 to 804
Skipped Seq from 807 to 809
Skipped Seq from 809 to 811
Skipped Seq from 813 to 827
Skipped Seq from 828 to 838
Skipped Seq from 838 to 840
Skipped Seq from 840 to 843
Skipped Seq from 843 to 850
Skipped Seq from 850 to 859
Skipped Seq from 860 to 862
Skipped Seq from 862 to 867
Skipped Seq from 867 to 869
Skipped Seq from 869 to 872
Skipped Seq from 872 to 877
Skipped Seq from 878 to 880
Skipped Seq from 881 to 883
Skipped Seq from 883 to 885
Skipped Seq from 885 to 887
Skipped Seq from 888 to 890
Skipped Seq from 890 to 892
Skipped Seq from 894 to 896
Skipped Seq from 896 to 899
Skipped Seq from 902 to 904
Skipped Seq from 904 to 908
Skipped Seq from 908 to 910
Skipped Seq from 910 to 912
Skipped Seq from 912 to 930
Skipped Seq from 930 to 935
Skipped Seq from 935 to 939
Skipped Seq from 941 to 943
Skipped Seq from 944 to 946
Skipped Seq from 949 to 951
Skipped Seq from 952 to 954
Skipped Seq from 954 to 957
Skipped Seq from 958 to 962
Skipped Seq from 962 to 964
Skipped Seq from 967 to 970
Skipped Seq from 970 to 972
Skipped Seq from 975 to 978
Skipped Seq from 980 to 987
Skipped Seq from 987 to 990
Skipped Seq from 990 to 992
Skipped Seq from 993 to 995
Skipped Seq from 995 to 998
Skipped Seq from 999 to 1001
Skipped Seq from 1003 to 1010
Skipped Seq from 1010 to 1018
Skipped Seq from 1019 to 1021
Skipped Seq from 1027 to 1035
Skipped Seq from 1042 to 1044
Skipped Seq from 1044 to 1048
Skipped Seq from 1049 to 1051
Skipped Seq from 1052 to 1056
Skipped Seq from 1056 to 1059
Skipped Seq from 1064 to 1067
Skipped Seq from 1067 to 1072
Skipped Seq from 1075 to 1077
Skipped Seq from 1079 to 1083
Skipped Seq from 1085 to 1089
Skipped Seq from 1089 to 1091
Skipped Seq from 1092 to 1094
Skipped Seq from 1095 to 1098
Skipped Seq from 1103 to 1105
Skipped Seq from 1105 to 1107
Skipped Seq from 1115 to 1117
Skipped Seq from 1118 to 1120
Skipped Seq from 1121 to 1124
Skipped Seq from 1126 to 1129
Skipped Seq from 1129 to 1132
Skipped Seq from 1132 to 1134
Skipped Seq from 1134 to 1136
Skipped Seq from 1136 to 1139
Skipped Seq from 1139 to 1141
Skipped Seq from 1141 to 1143
Skipped Seq from 1145 to 1147
Skipped Seq from 1149 to 1151
Skipped Seq from 1151 to 1153
Skipped Seq from 1154 to 1156
Skipped Seq from 1156 to 1160
Skipped Seq from 1160 to 1162
Skipped Seq from 1162 to 1165
Skipped Seq from 1165 to 1168
Skipped Seq from 1168 to 1172
Skipped Seq from 1172 to 1179
Skipped Seq from 1179 to 1182
Skipped Seq from 1182 to 1184
Skipped Seq from 1187 to 1189
Skipped Seq from 1191 to 1194
Skipped Seq from 1195 to 1197
Skipped Seq from 1199 to 1201
Skipped Seq from 1201 to 1205
Skipped Seq from 1205 to 1207
Skipped Seq from 1207 to 1209
Skipped Seq from 1212 to 1214
Skipped Seq from 1214 to 1221
Skipped Seq from 1222 to 1227
Skipped Seq from 1227 to 1234
Skipped Seq from 1234 to 1239
Skipped Seq from 1239 to 1242
Skipped Seq from 1242 to 1244
Skipped Seq from 1244 to 1247
Skipped Seq from 1247 to 1249
Skipped Seq from 1253 to 1255
Skipped Seq from 1255 to 1258
Skipped Seq from 1259 to 1262
Skipped Seq from 1262 to 1264
Skipped Seq from 1267 to 1269
Skipped Seq from 1270 to 1272
Skipped Seq from 1272 to 1282
Skipped Seq from 1285 to 1287
Skipped Seq from 1291 to 1295
Skipped Seq from 1297 to 1300
Skipped Seq from 1300 to 1304
Skipped Seq from 1305 to 1308
Skipped Seq from 1308 to 1310
Skipped Seq from 1314 to 1318
Skipped Seq from 1322 to 1326
Skipped Seq from 1326 to 1330
Skipped Seq from 1330 to 1332
Skipped Seq from 1332 to 1334
Skipped Seq from 1334 to 1340
Skipped Seq from 1340 to 1346
Skipped Seq from 1348 to 1350
Skipped Seq from 1351 to 1353
Skipped Seq from 1353 to 1355
Skipped Seq from 1355 to 1357
Skipped Seq from 1358 to 1360
Skipped Seq from 1360 to 1362
Skipped Seq from 1362 to 1364
Skipped Seq from 1365 to 1368
Skipped Seq from 1368 to 1371
Skipped Seq from 1371 to 1373
Skipped Seq from 1376 to 1380
Skipped Seq from 1380 to 1383
Skipped Seq from 1383 to 1385
Skipped Seq from 1390 to 1392
Skipped Seq from 1393 to 1396
Skipped Seq from 1396 to 1401
Skipped Seq from 1409 to 1412
Skipped Seq from 1412 to 1414
Skipped Seq from 1416 to 1419
Skipped Seq from 1420 to 1423
Skipped Seq from 1428 to 1430
Skipped Seq from 1441 to 1443
Skipped Seq from 1444 to 1446
Skipped Seq from 1448 to 1451
Skipped Seq from 1451 to 1453
Skipped Seq from 1453 to 1455
Skipped Seq from 1455 to 1463
Skipped Seq from 1463 to 1465
Skipped Seq from 1465 to 1467
Skipped Seq from 1470 to 1472
Skipped Seq from 1475 to 1479
Skipped Seq from 1480 to 1482
Skipped Seq from 1483 to 1485
Skipped Seq from 1485 to 1488
Skipped Seq from 1489 to 1491
Skipped Seq from 1494 to 1496
Skipped Seq from 1496 to 1499
Skipped Seq from 1500 to 1502
Skipped Seq from 1502 to 1505
Skipped Seq from 1508 to 1511
Skipped Seq from 1521 to 1523
Skipped Seq from 1523 to 1525
Skipped Seq from 1525 to 1527
Skipped Seq from 1551 to 1553
Skipped Seq from 1555 to 1558
Skipped Seq from 1571 to 1573
Skipped Seq from 1581 to 1586
Skipped Seq from 1590 to 1595
Skipped Seq from 1606 to 1609
Skipped Seq from 1659 to 1661
Skipped Seq from 5407 to 5413
Skipped Seq from 5416 to 5418
Skipped Seq from 5427 to 5429
Skipped Seq from 5434 to 5436
Skipped Seq from 5444 to 5447
Skipped Seq from 5447 to 5449
Skipped Seq from 5450 to 5458
Skipped Seq from 5458 to 5466
Skipped Seq from 5467 to 5474
Skipped Seq from 5474 to 5476
Skipped Seq from 5476 to 5483
Skipped Seq from 5483 to 5488
Skipped Seq from 5488 to 5491
Skipped Seq from 5491 to 5495
Skipped Seq from 5495 to 5500
Skipped Seq from 5500 to 5504
Skipped Seq from 5504 to 5506
Skipped Seq from 5506 to 5509
Skipped Seq from 5511 to 5516
Skipped Seq from 5517 to 5521
Skipped Seq from 5521 to 5523
Skipped Seq from 5523 to 5526
Skipped Seq from 5526 to 5537
Skipped Seq from 5542 to 5545
Skipped Seq from 5545 to 5547
Skipped Seq from 5547 to 5551
Skipped Seq from 5554 to 5558
Skipped Seq from 5558 to 5560
Skipped Seq from 5562 to 5565
Skipped Seq from 5571 to 5574
Skipped Seq from 5575 to 5580
Skipped Seq from 5582 to 5588
Skipped Seq from 5589 to 5591
Skipped Seq from 5591 to 5595
Skipped Seq from 5595 to 5599
Skipped Seq from 5599 to 5601
Skipped Seq from 5603 to 5605
Skipped Seq from 5608 to 5610
Skipped Seq from 5610 to 5612
Skipped Seq from 5614 to 5619
Skipped Seq from 5619 to 5629
Skipped Seq from 5629 to 5631
Skipped Seq from 5633 to 5638
Skipped Seq from 5639 to 5642
Skipped Seq from 5645 to 5648
Skipped Seq from 5648 to 5650
Skipped Seq from 5653 to 5655
Skipped Seq from 5662 to 5666
Skipped Seq from 5666 to 5669
Skipped Seq from 5669 to 5672
Skipped Seq from 5672 to 5675
Skipped Seq from 5679 to 5682
Skipped Seq from 5682 to 5684
Skipped Seq from 5684 to 5687
Skipped Seq from 5688 to 5692
Skipped Seq from 5692 to 5694
Skipped Seq from 5695 to 5697
Skipped Seq from 5697 to 5699
Skipped Seq from 5700 to 5703
Skipped Seq from 5705 to 5708
Skipped Seq from 5708 to 5727
Skipped Seq from 5727 to 5734
Skipped Seq from 5734 to 5741
Skipped Seq from 5741 to 5743
Skipped Seq from 5743 to 5747
Skipped Seq from 5748 to 5753
Skipped Seq from 5753 to 5755
Skipped Seq from 5755 to 5760
Skipped Seq from 5761 to 5766
Skipped Seq from 5766 to 5768
Skipped Seq from 5772 to 5774
Skipped Seq from 5779 to 5785
Skipped Seq from 5785 to 5787
Skipped Seq from 5787 to 5793
Skipped Seq from 5804 to 5806
Skipped Seq from 5808 to 5810
Skipped Seq from 5817 to 5820
Skipped Seq from 5822 to 5824
Skipped Seq from 5827 to 5831
Skipped Seq from 5833 to 5836
Skipped Seq from 5837 to 5839
Skipped Seq from 5839 to 5843
Skipped Seq from 5843 to 5845
Skipped Seq from 5845 to 5854
Skipped Seq from 5856 to 5861
Skipped Seq from 5861 to 5874
Skipped Seq from 5874 to 5881
Skipped Seq from 5881 to 5886
Skipped Seq from 5887 to 5902
Skipped Seq from 5902 to 5905
Skipped Seq from 5905 to 5914
Skipped Seq from 5914 to 5919
Skipped Seq from 5919 to 5923
Skipped Seq from 5925 to 5927
Skipped Seq from 5927 to 5930
Skipped Seq from 5930 to 5934
Skipped Seq from 5935 to 5940
Skipped Seq from 5942 to 5944
Skipped Seq from 5945 to 5947
Skipped Seq from 5947 to 5949
Skipped Seq from 5950 to 5953
Skipped Seq from 5956 to 5960
Skipped Seq from 5961 to 5973
Skipped Seq from 5974 to 5976
Skipped Seq from 5976 to 5978
Skipped Seq from 5978 to 5990
Skipped Seq from 5991 to 6002
Skipped Seq from 6002 to 6004
Skipped Seq from 6004 to 6012
Skipped Seq from 6012 to 6016
Skipped Seq from 6017 to 6019
Skipped Seq from 6020 to 6022
Skipped Seq from 6032 to 6034
Skipped Seq from 6040 to 6044
Skipped Seq from 6045 to 6047
Skipped Seq from 6049 to 6051
Skipped Seq from 6051 to 6054
Skipped Seq from 6057 to 6059
Skipped Seq from 6059 to 6061
Skipped Seq from 6061 to 6063
Skipped Seq from 6065 to 6067
Skipped Seq from 6072 to 6074
Skipped Seq from 6074 to 6077
Skipped Seq from 6080 to 6082
Skipped Seq from 6084 to 6089
Skipped Seq from 6089 to 6100
Skipped Seq from 6100 to 6104
Skipped Seq from 6104 to 6107
Skipped Seq from 6107 to 6111
Skipped Seq from 6113 to 6116
Skipped Seq from 6121 to 6124
Skipped Seq from 6124 to 6126
Skipped Seq from 6126 to 6137
Skipped Seq from 6138 to 6140
Skipped Seq from 6140 to 6145
Skipped Seq from 6146 to 6148
Skipped Seq from 6148 to 6150
Skipped Seq from 6151 to 6156
Skipped Seq from 6157 to 6161
Skipped Seq from 6161 to 6163
Skipped Seq from 6166 to 6168
Skipped Seq from 6168 to 6172
Skipped Seq from 6174 to 6176
Skipped Seq from 6176 to 6178
Skipped Seq from 6178 to 6180
Skipped Seq from 6182 to 6184
Skipped Seq from 6191 to 6194
Skipped Seq from 6194 to 6196
Skipped Seq from 6196 to 6198
Skipped Seq from 6207 to 6209
Skipped Seq from 6212 to 6214
Skipped Seq from 6214 to 6219
Skipped Seq from 6219 to 6222
Skipped Seq from 6224 to 6228
Skipped Seq from 6228 to 6236
Skipped Seq from 6236 to 6239
Skipped Seq from 6240 to 6246
Skipped Seq from 6246 to 6251
Skipped Seq from 6252 to 6255
Skipped Seq from 6257 to 6263
Skipped Seq from 6263 to 6267
Skipped Seq from 6267 to 6269
Skipped Seq from 6269 to 6272
Skipped Seq from 6272 to 6276
Skipped Seq from 6276 to 6282
Skipped Seq from 6285 to 6288
Skipped Seq from 6289 to 6291
Skipped Seq from 6299 to 6301
Skipped Seq from 6302 to 6306
Skipped Seq from 6307 to 6309
Skipped Seq from 6309 to 6312
Skipped Seq from 6315 to 6318
Skipped Seq from 6324 to 6327
Skipped Seq from 6327 to 6332
Skipped Seq from 6333 to 6336
Skipped Seq from 6336 to 6341
Skipped Seq from 6341 to 6343
Skipped Seq from 6343 to 6347
Skipped Seq from 6347 to 6353
Skipped Seq from 6354 to 6356
Skipped Seq from 6361 to 6363
Skipped Seq from 6374 to 6376
Skipped Seq from 6383 to 6385
Skipped Seq from 6406 to 6408
Skipped Seq from 6411 to 6413
Skipped Seq from 6415 to 6417
Skipped Seq from 6420 to 6423
Skipped Seq from 6424 to 6427
Skipped Seq from 6435 to 6439
Skipped Seq from 6439 to 6442
Skipped Seq from 6442 to 6445
Skipped Seq from 6446 to 6448
Skipped Seq from 6448 to 6450
Skipped Seq from 6450 to 6452
Skipped Seq from 6463 to 6465
Skipped Seq from 6466 to 6468
Skipped Seq from 6470 to 6474
Skipped Seq from 6475 to 6477
Skipped Seq from 6477 to 6480
Skipped Seq from 6480 to 6488
Skipped Seq from 6488 to 6492
Skipped Seq from 6492 to 6494
Skipped Seq from 6501 to 6503
Skipped Seq from 6506 to 6508
Skipped Seq from 6511 to 6513
Skipped Seq from 6514 to 6516
Skipped Seq from 6516 to 6520
Skipped Seq from 6523 to 6525
Skipped Seq from 6531 to 6533
Skipped Seq from 6537 to 6539
Skipped Seq from 6541 to 6543
Skipped Seq from 6543 to 6545
Skipped Seq from 6550 to 6554
Skipped Seq from 6558 to 6560
Skipped Seq from 6560 to 6562
Skipped Seq from 6564 to 6566
Skipped Seq from 6569 to 6571
Skipped Seq from 6572 to 6575
Skipped Seq from 6576 to 6578
Skipped Seq from 6578 to 6581
Skipped Seq from 6581 to 6584
Skipped Seq from 6585 to 6587
Skipped Seq from 6588 to 6590
Skipped Seq from 6593 to 6597
Skipped Seq from 6597 to 6599
Skipped Seq from 6600 to 6602
Skipped Seq from 6604 to 6606
Skipped Seq from 6606 to 6608
Skipped Seq from 6613 to 6616
Skipped Seq from 6616 to 6619
Skipped Seq from 6619 to 6623
Skipped Seq from 6624 to 6626
Skipped Seq from 6630 to 6633
Skipped Seq from 6636 to 6638
Skipped Seq from 6641 to 6643
Skipped Seq from 6654 to 6659
Skipped Seq from 6660 to 6662
Skipped Seq from 6662 to 6665
Skipped Seq from 6665 to 6668
Skipped Seq from 6668 to 6670
Skipped Seq from 6675 to 6679
Skipped Seq from 6681 to 6685
Skipped Seq from 6685 to 6689
Skipped Seq from 6689 to 6691
Skipped Seq from 6691 to 6694
Skipped Seq from 6695 to 6697
Skipped Seq from 6698 to 6703
Skipped Seq from 6703 to 6706
Skipped Seq from 6706 to 6710
Skipped Seq from 6710 to 6712
Skipped Seq from 6712 to 6717
Skipped Seq from 6717 to 6719
Skipped Seq from 6719 to 6722
Skipped Seq from 6722 to 6725
Skipped Seq from 6725 to 6729
Skipped Seq from 6732 to 6736
Skipped Seq from 6736 to 6738
Skipped Seq from 6738 to 6741
Skipped Seq from 6742 to 6745
Skipped Seq from 6745 to 6747
Skipped Seq from 6747 to 6749
Skipped Seq from 6751 to 6753
Skipped Seq from 6754 to 6757
Skipped Seq from 6757 to 6759
Skipped Seq from 6759 to 6761
Skipped Seq from 6762 to 6764
Skipped Seq from 6764 to 6767
Skipped Seq from 6769 to 6771
Skipped Seq from 6773 to 6775
Skipped Seq from 6779 to 6781
Skipped Seq from 6808 to 6810
Skipped Seq from 6813 to 6815
Skipped Seq from 6817 to 6821
Skipped Seq from 6821 to 6823
Skipped Seq from 6823 to 6827
Skipped Seq from 6828 to 6830
Skipped Seq from 6830 to 6832
Skipped Seq from 6832 to 6834
Skipped Seq from 6835 to 6838
Skipped Seq from 6838 to 6843
Skipped Seq from 6846 to 6848
Skipped Seq from 6850 to 6852
Skipped Seq from 6859 to 6861
Skipped Seq from 6872 to 6874
Skipped Seq from 6875 to 6877
Skipped Seq from 6888 to 6890
Skipped Seq from 6895 to 6897
Skipped Seq from 6902 to 6904
Skipped Seq from 6907 to 6910
Skipped Seq from 6912 to 6918
Skipped Seq from 6928 to 6930
Skipped Seq from 6930 to 6932
Skipped Seq from 6938 to 6940
Skipped Seq from 6947 to 6949
Skipped Seq from 6949 to 6951
Skipped Seq from 6951 to 6953
Skipped Seq from 6953 to 6955
Skipped Seq from 6956 to 6959
Skipped Seq from 6962 to 6964
Skipped Seq from 6967 to 6969
Skipped Seq from 6970 to 6973
Skipped Seq from 6974 to 6977
Skipped Seq from 6977 to 6979
Skipped Seq from 6982 to 6984
Skipped Seq from 6984 to 6986
Skipped Seq from 6986 to 6990
Skipped Seq from 6998 to 7000
Skipped Seq from 7000 to 7004
Skipped Seq from 7004 to 7007
Skipped Seq from 7010 to 7012
Skipped Seq from 7015 to 7017
Skipped Seq from 7021 to 7023
Skipped Seq from 7028 to 7030
Skipped Seq from 7033 to 7038
Skipped Seq from 7038 to 7043
Skipped Seq from 7043 to 7046
Skipped Seq from 7046 to 7049
Skipped Seq from 7049 to 7051
Skipped Seq from 7052 to 7057
Skipped Seq from 7057 to 7060
Skipped Seq from 7060 to 7063
Skipped Seq from 7063 to 7065
Skipped Seq from 7065 to 7067
Skipped Seq from 7067 to 7070
Skipped Seq from 7071 to 7076
Skipped Seq from 7076 to 7078
Skipped Seq from 7078 to 7082
Skipped Seq from 7082 to 7085
Skipped Seq from 7085 to 7089
Skipped Seq from 7096 to 7098
Skipped Seq from 7101 to 7104
Skipped Seq from 7106 to 7109
Skipped Seq from 7109 to 7111
Skipped Seq from 7111 to 7113
Skipped Seq from 7113 to 7117
Skipped Seq from 7118 to 7120
Skipped Seq from 7120 to 7123
Skipped Seq from 7124 to 7126
Skipped Seq from 7127 to 7130
Skipped Seq from 7131 to 7133
Skipped Seq from 7134 to 7136
Skipped Seq from 7139 to 7141
Skipped Seq from 7142 to 7144
Skipped Seq from 7146 to 7149
Skipped Seq from 7151 to 7153
Skipped Seq from 7153 to 7156
Skipped Seq from 7156 to 7158
Skipped Seq from 7159 to 7161
Skipped Seq from 7161 to 7163
Skipped Seq from 7163 to 7165
Skipped Seq from 7165 to 7170
Skipped Seq from 7171 to 7173
Skipped Seq from 7173 to 7175
Skipped Seq from 7175 to 7177
Skipped Seq from 7177 to 7179
Skipped Seq from 7179 to 7182
Skipped Seq from 7185 to 7187
Skipped Seq from 7189 to 7191
Skipped Seq from 7193 to 7195
Skipped Seq from 7200 to 7204
Skipped Seq from 7215 to 7218
Skipped Seq from 7218 to 7220
Skipped Seq from 7224 to 7228
Skipped Seq from 7231 to 7233
Skipped Seq from 7244 to 7246
Skipped Seq from 7247 to 7249
Skipped Seq from 7249 to 7251
Skipped Seq from 7257 to 7259
Skipped Seq from 7272 to 7274
Number of times throttled: 8
Received: 11067 / 12662 packets
Start time: 1332835900.723484
End time: 1332835936.874331
Duration: 36.150847
