Starting client at 10.0.0.27:1263 with timeout:10
My IP address is 10.0.0.27Skipped Seq from 3567 to 3569
Skipped Seq from 3571 to 3576
Skipped Seq from 3578 to 3580
Skipped Seq from 3580 to 3583
Skipped Seq from 3583 to 3586
Skipped Seq from 3591 to 3598
Skipped Seq from 3598 to 3600
Skipped Seq from 3605 to 3613
Skipped Seq from 3614 to 3618
Skipped Seq from 3623 to 3625
Skipped Seq from 3628 to 3631
Skipped Seq from 3636 to 3638
Skipped Seq from 3641 to 3646
Skipped Seq from 3646 to 3654
Skipped Seq from 3654 to 3656
Skipped Seq from 3656 to 3658
Skipped Seq from 3658 to 3660
Skipped Seq from 3660 to 3664
Skipped Seq from 3664 to 3666
Skipped Seq from 3668 to 3670
Skipped Seq from 3670 to 3677
Skipped Seq from 3678 to 3681
Skipped Seq from 3682 to 3688
Skipped Seq from 3689 to 3691
Skipped Seq from 3692 to 3696
Skipped Seq from 3696 to 3700
Skipped Seq from 3700 to 3702
Skipped Seq from 3702 to 3705
Skipped Seq from 3705 to 3707
Skipped Seq from 3707 to 3711
Skipped Seq from 3725 to 3727
Skipped Seq from 3728 to 3730
Skipped Seq from 3733 to 3735
Skipped Seq from 3738 to 3740
Skipped Seq from 3741 to 3743
Skipped Seq from 3744 to 3747
Skipped Seq from 3747 to 3754
Skipped Seq from 3756 to 3762
Skipped Seq from 3762 to 3767
Skipped Seq from 3767 to 3769
Skipped Seq from 3770 to 3778
Skipped Seq from 3778 to 3785
Skipped Seq from 3785 to 3793
Skipped Seq from 3798 to 3800
Skipped Seq from 3805 to 3807
Skipped Seq from 3810 to 3812
Skipped Seq from 3816 to 3818
Skipped Seq from 3820 to 3824
Skipped Seq from 3828 to 3830
Skipped Seq from 3833 to 3835
Skipped Seq from 3835 to 3837
Skipped Seq from 3837 to 3839
Skipped Seq from 3840 to 3842
Skipped Seq from 3845 to 3847
Skipped Seq from 3856 to 3858
Skipped Seq from 3858 to 3864
Skipped Seq from 3864 to 3867
Skipped Seq from 3867 to 3869
Skipped Seq from 3872 to 3879
Skipped Seq from 3879 to 3886
Skipped Seq from 3887 to 3891
Skipped Seq from 3891 to 3894
Skipped Seq from 3896 to 3899
Skipped Seq from 3901 to 3904
Skipped Seq from 3908 to 3910
Skipped Seq from 3915 to 3920
Skipped Seq from 3921 to 3923
Skipped Seq from 3923 to 3926
Skipped Seq from 3926 to 3928
Skipped Seq from 3929 to 3932
Skipped Seq from 3932 to 3937
Skipped Seq from 3937 to 3939
Skipped Seq from 3945 to 3947
Skipped Seq from 3948 to 3953
Skipped Seq from 3953 to 3956
Skipped Seq from 3956 to 3958
Skipped Seq from 3958 to 3962
Skipped Seq from 3963 to 3965
Skipped Seq from 3967 to 3975
Skipped Seq from 3976 to 3978
Skipped Seq from 3979 to 3987
Skipped Seq from 3987 to 3993
Skipped Seq from 3993 to 3995
Skipped Seq from 3995 to 3997
Skipped Seq from 3997 to 3999
Skipped Seq from 4000 to 4008
Skipped Seq from 4009 to 4013
Skipped Seq from 4015 to 4017
Skipped Seq from 4017 to 4021
Skipped Seq from 4021 to 4024
Skipped Seq from 4024 to 4031
Skipped Seq from 4032 to 4034
Skipped Seq from 4034 to 4036
Skipped Seq from 4036 to 4041
Skipped Seq from 4041 to 4044
Skipped Seq from 4048 to 4050
Skipped Seq from 4056 to 4058
Skipped Seq from 4059 to 4067
Skipped Seq from 4067 to 4072
Skipped Seq from 4072 to 4074
Skipped Seq from 4074 to 4076
Skipped Seq from 4080 to 4084
Skipped Seq from 4084 to 4088
Skipped Seq from 4088 to 4095
Skipped Seq from 4095 to 4097
Skipped Seq from 4097 to 4101
Skipped Seq from 4101 to 4103
Skipped Seq from 4105 to 4107
Skipped Seq from 4107 to 4110
Skipped Seq from 4112 to 4114
Skipped Seq from 4114 to 4116
Skipped Seq from 4121 to 4123
Skipped Seq from 4123 to 4126
Skipped Seq from 4126 to 4132
Skipped Seq from 4133 to 4135
Skipped Seq from 4137 to 4142
Skipped Seq from 4150 to 4153
Skipped Seq from 4153 to 4156
Skipped Seq from 4156 to 4160
Skipped Seq from 4160 to 4165
Skipped Seq from 4165 to 4169
Skipped Seq from 4171 to 4176
Skipped Seq from 4178 to 4187
Skipped Seq from 4187 to 4189
Skipped Seq from 4190 to 4192
Skipped Seq from 4193 to 4195
Skipped Seq from 4197 to 4200
Skipped Seq from 4200 to 4203
Skipped Seq from 4203 to 4205
Skipped Seq from 4205 to 4208
Skipped Seq from 4208 to 4214
Skipped Seq from 4214 to 4218
Skipped Seq from 4219 to 4221
Skipped Seq from 4221 to 4223
Skipped Seq from 4223 to 4225
Skipped Seq from 4226 to 4231
Skipped Seq from 4233 to 4239
Skipped Seq from 4242 to 4248
Skipped Seq from 4248 to 4255
Skipped Seq from 4255 to 4257
Skipped Seq from 4261 to 4263
Skipped Seq from 4267 to 4269
Skipped Seq from 4270 to 4272
Skipped Seq from 4272 to 4275
Skipped Seq from 4276 to 4283
Skipped Seq from 4283 to 4288
Skipped Seq from 4291 to 4294
Skipped Seq from 4296 to 4299
Skipped Seq from 4301 to 4303
Skipped Seq from 4305 to 4307
Skipped Seq from 4308 to 4310
Skipped Seq from 4312 to 4314
Skipped Seq from 4314 to 4317
Skipped Seq from 4317 to 4321
Skipped Seq from 4323 to 4325
Skipped Seq from 4329 to 4333
Skipped Seq from 4334 to 4336
Skipped Seq from 4336 to 4339
Skipped Seq from 4340 to 4342
Skipped Seq from 4343 to 4346
Skipped Seq from 4346 to 4348
Skipped Seq from 4349 to 4351
Skipped Seq from 4351 to 4354
Skipped Seq from 4355 to 4357
Skipped Seq from 4358 to 4363
Skipped Seq from 4364 to 4366
Skipped Seq from 4366 to 4368
Skipped Seq from 4369 to 4371
Skipped Seq from 4372 to 4374
Skipped Seq from 4376 to 4381
Skipped Seq from 4382 to 4386
Skipped Seq from 4389 to 4396
Skipped Seq from 4396 to 4401
Skipped Seq from 4402 to 4404
Skipped Seq from 4406 to 4408
Skipped Seq from 4408 to 4410
Skipped Seq from 4414 to 4418
Skipped Seq from 4419 to 4421
Skipped Seq from 4421 to 4424
Skipped Seq from 4425 to 4427
Skipped Seq from 4429 to 4431
Skipped Seq from 4433 to 4435
Skipped Seq from 4437 to 4441
Skipped Seq from 4443 to 4445
Skipped Seq from 4445 to 4449
Skipped Seq from 4451 to 4457
Skipped Seq from 4462 to 4464
Skipped Seq from 4465 to 4469
Skipped Seq from 4471 to 4478
Skipped Seq from 4479 to 4488
Skipped Seq from 4488 to 4490
Skipped Seq from 4490 to 4495
Skipped Seq from 4495 to 4497
Skipped Seq from 4499 to 4504
Skipped Seq from 4504 to 4506
Skipped Seq from 4507 to 4513
Skipped Seq from 4514 to 4516
Skipped Seq from 4517 to 4520
Skipped Seq from 4520 to 4522
Skipped Seq from 4523 to 4528
Skipped Seq from 4530 to 4534
Skipped Seq from 4536 to 4541
Skipped Seq from 4542 to 4547
Skipped Seq from 4547 to 4552
Skipped Seq from 4552 to 4555
Skipped Seq from 4558 to 4560
Skipped Seq from 4563 to 4565
Skipped Seq from 4566 to 4570
Skipped Seq from 4570 to 4572
Skipped Seq from 4573 to 4577
Skipped Seq from 4577 to 4579
Skipped Seq from 4583 to 4586
Skipped Seq from 4588 to 4595
Skipped Seq from 4597 to 4599
Skipped Seq from 4601 to 4603
Skipped Seq from 4606 to 4608
Skipped Seq from 4609 to 4614
Skipped Seq from 4614 to 4619
Skipped Seq from 4620 to 4622
Skipped Seq from 4623 to 4627
Skipped Seq from 4628 to 4630
Skipped Seq from 4633 to 4635
Skipped Seq from 4637 to 4640
Skipped Seq from 4640 to 4642
Skipped Seq from 4645 to 4647
Skipped Seq from 4647 to 4649
Skipped Seq from 4652 to 4655
Skipped Seq from 4656 to 4658
Skipped Seq from 4659 to 4661
Skipped Seq from 4666 to 4670
Skipped Seq from 4673 to 4675
Skipped Seq from 4680 to 4682
Skipped Seq from 4683 to 4686
Skipped Seq from 4686 to 4688
Skipped Seq from 4698 to 4700
Skipped Seq from 4704 to 4707
Skipped Seq from 4710 to 4712
Skipped Seq from 4712 to 4714
Skipped Seq from 4715 to 4717
Skipped Seq from 4718 to 4722
Skipped Seq from 4726 to 4728
Skipped Seq from 4728 to 4730
Skipped Seq from 4735 to 4738
Skipped Seq from 4742 to 4744
Skipped Seq from 4744 to 4746
Skipped Seq from 4747 to 4749
Skipped Seq from 4749 to 4752
Skipped Seq from 4752 to 4761
Skipped Seq from 4763 to 4765
Skipped Seq from 4768 to 4770
Skipped Seq from 4774 to 4777
Skipped Seq from 4782 to 4788
Skipped Seq from 4789 to 4792
Skipped Seq from 4794 to 4796
Skipped Seq from 4796 to 4799
Skipped Seq from 4800 to 4802
Skipped Seq from 4802 to 4807
Skipped Seq from 4807 to 4809
Skipped Seq from 4811 to 4814
Skipped Seq from 4814 to 4822
Skipped Seq from 4824 to 4830
Skipped Seq from 4830 to 4837
Skipped Seq from 4837 to 4839
Skipped Seq from 4839 to 4847
Skipped Seq from 4847 to 4853
Skipped Seq from 4855 to 4858
Skipped Seq from 4858 to 4860
Skipped Seq from 4860 to 4862
Skipped Seq from 4863 to 4870
Skipped Seq from 4870 to 4872
Skipped Seq from 4872 to 4879
Skipped Seq from 4880 to 4882
Skipped Seq from 4883 to 4887
Skipped Seq from 4888 to 4890
Skipped Seq from 4892 to 4894
Skipped Seq from 4902 to 4904
Skipped Seq from 4909 to 4911
Skipped Seq from 4913 to 4915
Skipped Seq from 4915 to 4918
Skipped Seq from 4920 to 4922
Skipped Seq from 4922 to 4924
Skipped Seq from 4924 to 4934
Skipped Seq from 4936 to 4939
Skipped Seq from 4944 to 4949
Skipped Seq from 4950 to 4952
Skipped Seq from 4955 to 4957
Skipped Seq from 4959 to 4973
Skipped Seq from 4974 to 4989
Skipped Seq from 4989 to 4992
Skipped Seq from 4994 to 5070
Skipped Seq from 5070 to 5095
Skipped Seq from 5095 to 5108
Skipped Seq from 5108 to 5172
Skipped Seq from 5173 to 5177
Skipped Seq from 5177 to 5191
Skipped Seq from 5192 to 5195
Skipped Seq from 5196 to 5200
Skipped Seq from 5200 to 5206
Skipped Seq from 5206 to 5209
Skipped Seq from 5209 to 5214
Skipped Seq from 5214 to 5217
Skipped Seq from 5217 to 5225
Skipped Seq from 5225 to 5228
Skipped Seq from 5228 to 5236
Skipped Seq from 5236 to 5268
Skipped Seq from 5268 to 5276
Skipped Seq from 5276 to 5278
Skipped Seq from 5279 to 5296
Skipped Seq from 5296 to 5300
Skipped Seq from 5301 to 5307
Skipped Seq from 5307 to 5316
Skipped Seq from 5316 to 5320
Skipped Seq from 5320 to 5327
Skipped Seq from 5327 to 5338
Skipped Seq from 5338 to 5340
Skipped Seq from 5340 to 5347
Skipped Seq from 5347 to 5372
Skipped Seq from 5372 to 5409
Skipped Seq from 5409 to 5412
Skipped Seq from 5412 to 5428
Skipped Seq from 5428 to 5438
Skipped Seq from 5438 to 5472
Skipped Seq from 5472 to 5479
Skipped Seq from 5479 to 5489
Skipped Seq from 5489 to 5493
Skipped Seq from 5493 to 5502
Skipped Seq from 5502 to 5510
Skipped Seq from 5510 to 5532
Skipped Seq from 5532 to 5563
Skipped Seq from 5563 to 5567
Skipped Seq from 5567 to 5573
Skipped Seq from 5573 to 5699
Skipped Seq from 5699 to 5736
Skipped Seq from 5736 to 5750
Skipped Seq from 5750 to 5829
Skipped Seq from 5829 to 5869
Skipped Seq from 5869 to 5878
Skipped Seq from 5878 to 5882
Skipped Seq from 5882 to 5922
Skipped Seq from 5922 to 5927
Skipped Seq from 5927 to 5939
Skipped Seq from 5939 to 5961
Skipped Seq from 5961 to 5967
Skipped Seq from 5967 to 5977
Skipped Seq from 5977 to 5996
Skipped Seq from 5996 to 6008
Skipped Seq from 6008 to 6012
Skipped Seq from 6012 to 6014
Skipped Seq from 6014 to 6026
Skipped Seq from 6026 to 6031
Skipped Seq from 6031 to 6034
Skipped Seq from 6034 to 6048
Skipped Seq from 6048 to 6060
Skipped Seq from 6060 to 6070
Skipped Seq from 6070 to 6072
Skipped Seq from 6072 to 6089
Skipped Seq from 6089 to 6092
Skipped Seq from 6092 to 6098
Skipped Seq from 6098 to 6100
Skipped Seq from 6100 to 6111
Skipped Seq from 6111 to 6125
Skipped Seq from 6125 to 6142
Skipped Seq from 6142 to 6148
Skipped Seq from 6148 to 6151
Skipped Seq from 6151 to 6155
Skipped Seq from 6155 to 6167
Skipped Seq from 6167 to 6191
Skipped Seq from 6191 to 6198
Skipped Seq from 6198 to 6214
Skipped Seq from 6214 to 6222
Skipped Seq from 6222 to 6289
Skipped Seq from 6289 to 6317
Skipped Seq from 6317 to 6338
Skipped Seq from 6338 to 6365
Skipped Seq from 6365 to 6392
Skipped Seq from 6392 to 6411
Skipped Seq from 6411 to 6414
Skipped Seq from 6414 to 6442
Skipped Seq from 6442 to 6448
Skipped Seq from 6448 to 6451
Skipped Seq from 6451 to 6459
Skipped Seq from 6459 to 6464
Skipped Seq from 6464 to 6488
Skipped Seq from 6488 to 6518
Skipped Seq from 6518 to 6572
Skipped Seq from 6572 to 6586
Skipped Seq from 6586 to 6603
Skipped Seq from 6603 to 6605
Skipped Seq from 6605 to 6612
Skipped Seq from 6612 to 6615
Skipped Seq from 6615 to 6645
Skipped Seq from 6645 to 6651
Skipped Seq from 6651 to 6653
Skipped Seq from 6653 to 6655
Skipped Seq from 6655 to 6665
Skipped Seq from 6666 to 6680
Skipped Seq from 6680 to 6684
Skipped Seq from 6684 to 6690
Skipped Seq from 6690 to 6703
Skipped Seq from 6703 to 6750
Skipped Seq from 6771 to 6773
Skipped Seq from 6802 to 6806
Skipped Seq from 6806 to 6808
Skipped Seq from 6816 to 6818
Skipped Seq from 6838 to 6840
Skipped Seq from 6881 to 6883
Skipped Seq from 6906 to 6908
Skipped Seq from 6937 to 6939
Skipped Seq from 6967 to 6969
Skipped Seq from 6984 to 6986
Skipped Seq from 6986 to 6988
Skipped Seq from 7021 to 7023
Skipped Seq from 7047 to 7049
Skipped Seq from 7078 to 7080
Skipped Seq from 7090 to 7092
Number of times throttled: 8
Received: 4896 / 7272 packets
Start time: 1332836185.855410
End time: 1332836207.805534
Duration: 21.950124
