Starting client at 10.0.0.21:1241 with timeout:10
My IP address is 10.0.0.21Skipped Seq from 28 to 30
Skipped Seq from 34 to 36
Skipped Seq from 45 to 50
Skipped Seq from 50 to 53
Skipped Seq from 53 to 57
Skipped Seq from 57 to 61
Skipped Seq from 63 to 66
Skipped Seq from 66 to 70
Skipped Seq from 70 to 73
Skipped Seq from 73 to 76
Skipped Seq from 77 to 79
Skipped Seq from 82 to 85
Skipped Seq from 86 to 88
Skipped Seq from 89 to 91
Skipped Seq from 95 to 97
Skipped Seq from 100 to 102
Skipped Seq from 102 to 104
Skipped Seq from 104 to 106
Skipped Seq from 108 to 111
Skipped Seq from 112 to 115
Skipped Seq from 117 to 119
Skipped Seq from 119 to 123
Skipped Seq from 124 to 126
Skipped Seq from 128 to 130
Skipped Seq from 130 to 135
Skipped Seq from 136 to 138
Skipped Seq from 138 to 141
Skipped Seq from 144 to 146
Skipped Seq from 146 to 149
Skipped Seq from 150 to 153
Skipped Seq from 154 to 156
Skipped Seq from 158 to 160
Skipped Seq from 160 to 162
Skipped Seq from 164 to 168
Skipped Seq from 168 to 171
Skipped Seq from 172 to 175
Skipped Seq from 175 to 177
Skipped Seq from 178 to 180
Skipped Seq from 181 to 183
Skipped Seq from 183 to 185
Skipped Seq from 185 to 188
Skipped Seq from 188 to 190
Skipped Seq from 190 to 192
Skipped Seq from 192 to 194
Skipped Seq from 194 to 196
Skipped Seq from 200 to 202
Skipped Seq from 207 to 209
Skipped Seq from 214 to 217
Skipped Seq from 221 to 223
Skipped Seq from 223 to 225
Skipped Seq from 226 to 228
Skipped Seq from 230 to 232
Skipped Seq from 234 to 236
Skipped Seq from 237 to 240
Skipped Seq from 240 to 242
Skipped Seq from 244 to 246
Skipped Seq from 251 to 253
Skipped Seq from 256 to 260
Skipped Seq from 268 to 270
Skipped Seq from 276 to 281
Skipped Seq from 282 to 284
Skipped Seq from 284 to 286
Skipped Seq from 289 to 292
Skipped Seq from 293 to 295
Skipped Seq from 295 to 300
Skipped Seq from 300 to 302
Skipped Seq from 302 to 304
Skipped Seq from 304 to 306
Skipped Seq from 309 to 314
Skipped Seq from 316 to 321
Skipped Seq from 325 to 327
Skipped Seq from 329 to 336
Skipped Seq from 336 to 339
Skipped Seq from 339 to 341
Skipped Seq from 341 to 343
Skipped Seq from 343 to 345
Skipped Seq from 346 to 350
Skipped Seq from 350 to 352
Skipped Seq from 352 to 355
Skipped Seq from 355 to 359
Skipped Seq from 359 to 366
Skipped Seq from 366 to 373
Skipped Seq from 373 to 376
Skipped Seq from 376 to 378
Skipped Seq from 378 to 382
Skipped Seq from 382 to 384
Skipped Seq from 384 to 386
Skipped Seq from 386 to 389
Skipped Seq from 390 to 392
Skipped Seq from 393 to 395
Skipped Seq from 395 to 397
Skipped Seq from 401 to 404
Skipped Seq from 405 to 411
Skipped Seq from 411 to 414
Skipped Seq from 415 to 418
Skipped Seq from 418 to 420
Skipped Seq from 426 to 428
Skipped Seq from 431 to 435
Skipped Seq from 436 to 440
Skipped Seq from 449 to 451
Skipped Seq from 469 to 471
Skipped Seq from 472 to 474
Skipped Seq from 474 to 476
Skipped Seq from 478 to 480
Skipped Seq from 487 to 491
Skipped Seq from 491 to 495
Skipped Seq from 499 to 501
Skipped Seq from 502 to 504
Skipped Seq from 504 to 506
Skipped Seq from 506 to 509
Skipped Seq from 509 to 513
Skipped Seq from 513 to 515
Skipped Seq from 516 to 518
Skipped Seq from 522 to 524
Skipped Seq from 524 to 527
Skipped Seq from 527 to 529
Skipped Seq from 530 to 532
Skipped Seq from 534 to 536
Skipped Seq from 536 to 538
Skipped Seq from 538 to 540
Skipped Seq from 541 to 544
Skipped Seq from 544 to 547
Skipped Seq from 547 to 550
Skipped Seq from 556 to 558
Skipped Seq from 559 to 566
Skipped Seq from 566 to 568
Skipped Seq from 568 to 570
Skipped Seq from 570 to 574
Skipped Seq from 574 to 576
Skipped Seq from 582 to 586
Skipped Seq from 586 to 590
Skipped Seq from 590 to 593
Skipped Seq from 593 to 595
Skipped Seq from 597 to 599
Skipped Seq from 599 to 601
Skipped Seq from 602 to 604
Skipped Seq from 604 to 607
Skipped Seq from 609 to 611
Skipped Seq from 611 to 614
Skipped Seq from 615 to 617
Skipped Seq from 617 to 622
Skipped Seq from 622 to 624
Skipped Seq from 630 to 632
Skipped Seq from 635 to 639
Skipped Seq from 639 to 641
Skipped Seq from 642 to 644
Skipped Seq from 646 to 648
Skipped Seq from 652 to 654
Skipped Seq from 658 to 660
Skipped Seq from 661 to 666
Skipped Seq from 670 to 672
Skipped Seq from 672 to 675
Skipped Seq from 675 to 681
Skipped Seq from 681 to 685
Skipped Seq from 686 to 688
Skipped Seq from 689 to 691
Skipped Seq from 694 to 696
Skipped Seq from 696 to 699
Skipped Seq from 699 to 706
Skipped Seq from 706 to 710
Skipped Seq from 710 to 713
Skipped Seq from 715 to 717
Skipped Seq from 718 to 721
Skipped Seq from 721 to 724
Skipped Seq from 728 to 730
Skipped Seq from 735 to 737
Skipped Seq from 739 to 741
Skipped Seq from 750 to 753
Skipped Seq from 754 to 756
Skipped Seq from 762 to 764
Skipped Seq from 795 to 797
Skipped Seq from 797 to 799
Skipped Seq from 811 to 813
Skipped Seq from 815 to 819
Skipped Seq from 820 to 823
Skipped Seq from 823 to 826
Skipped Seq from 830 to 833
Skipped Seq from 833 to 835
Skipped Seq from 849 to 851
Skipped Seq from 854 to 856
Skipped Seq from 856 to 858
Skipped Seq from 864 to 866
Skipped Seq from 870 to 872
Skipped Seq from 874 to 876
Skipped Seq from 879 to 881
Skipped Seq from 886 to 890
Skipped Seq from 891 to 893
Skipped Seq from 899 to 901
Skipped Seq from 914 to 916
Skipped Seq from 935 to 937
Skipped Seq from 938 to 941
Skipped Seq from 945 to 948
Skipped Seq from 954 to 959
Skipped Seq from 960 to 962
Skipped Seq from 962 to 965
Skipped Seq from 966 to 968
Skipped Seq from 968 to 972
Skipped Seq from 972 to 976
Skipped Seq from 976 to 982
Skipped Seq from 985 to 987
Skipped Seq from 997 to 999
Skipped Seq from 1000 to 1002
Skipped Seq from 1002 to 1005
Skipped Seq from 1005 to 1007
Skipped Seq from 1007 to 1010
Skipped Seq from 1015 to 1017
Skipped Seq from 1017 to 1019
Skipped Seq from 1027 to 1035
Skipped Seq from 1049 to 1051
Skipped Seq from 1060 to 1062
Skipped Seq from 1068 to 1070
Skipped Seq from 1071 to 1073
Skipped Seq from 1074 to 1077
Skipped Seq from 1077 to 1079
Skipped Seq from 1120 to 1126
Skipped Seq from 1135 to 1137
Skipped Seq from 1138 to 1141
Skipped Seq from 1141 to 1143
Skipped Seq from 1150 to 1158
Skipped Seq from 1159 to 1161
Skipped Seq from 1164 to 1166
Skipped Seq from 1171 to 1173
Skipped Seq from 1179 to 1181
Skipped Seq from 1187 to 1189
Skipped Seq from 1192 to 1197
Skipped Seq from 1203 to 1205
Skipped Seq from 1205 to 1207
Skipped Seq from 1207 to 1210
Skipped Seq from 1218 to 1220
Skipped Seq from 1226 to 1228
Skipped Seq from 1229 to 1232
Skipped Seq from 1244 to 1247
Skipped Seq from 1262 to 1264
Skipped Seq from 1264 to 1266
Skipped Seq from 1277 to 1279
Skipped Seq from 1284 to 1286
Skipped Seq from 1298 to 1303
Skipped Seq from 1306 to 1308
Skipped Seq from 1308 to 1310
Skipped Seq from 1314 to 1317
Skipped Seq from 1317 to 1321
Skipped Seq from 1321 to 1324
Skipped Seq from 1330 to 1332
Skipped Seq from 1334 to 1337
Skipped Seq from 1337 to 1340
Skipped Seq from 1349 to 1351
Skipped Seq from 1402 to 1404
Skipped Seq from 1413 to 1415
Skipped Seq from 1415 to 1417
Skipped Seq from 1421 to 1426
Skipped Seq from 1431 to 1436
Skipped Seq from 1436 to 1440
Skipped Seq from 1452 to 1454
Skipped Seq from 1465 to 1468
Number of times throttled: 4
Received: 1020 / 1473 packets
Start time: 1332835396.449232
End time: 1332835400.635277
Duration: 4.186045
