Starting client at 10.0.0.14:1234 with timeout:10
My IP address is 10.0.0.14Skipped Seq from 684 to 697
Skipped Seq from 697 to 699
Skipped Seq from 699 to 712
Skipped Seq from 712 to 718
Skipped Seq from 718 to 738
Skipped Seq from 738 to 768
Skipped Seq from 770 to 844
Skipped Seq from 845 to 853
Skipped Seq from 856 to 897
Skipped Seq from 906 to 908
Skipped Seq from 908 to 947
Skipped Seq from 947 to 955
Skipped Seq from 960 to 963
Skipped Seq from 963 to 985
Skipped Seq from 985 to 997
Skipped Seq from 999 to 1004
Skipped Seq from 1004 to 1009
Skipped Seq from 1009 to 1059
Skipped Seq from 1060 to 1062
Skipped Seq from 1062 to 1076
Skipped Seq from 1076 to 1081
Skipped Seq from 1084 to 1123
Skipped Seq from 1123 to 1133
Skipped Seq from 1133 to 1137
Skipped Seq from 1137 to 1143
Skipped Seq from 1143 to 1148
Skipped Seq from 1148 to 1150
Skipped Seq from 1150 to 1153
Skipped Seq from 1153 to 1156
Skipped Seq from 1156 to 1159
Skipped Seq from 1159 to 1172
Skipped Seq from 1172 to 1176
Skipped Seq from 1177 to 1187
Skipped Seq from 1187 to 1204
Skipped Seq from 1204 to 1234
Skipped Seq from 1234 to 1242
Skipped Seq from 1243 to 1246
Skipped Seq from 1246 to 1265
Skipped Seq from 1265 to 1275
Skipped Seq from 1275 to 1277
Skipped Seq from 1277 to 1303
Skipped Seq from 1307 to 1338
Skipped Seq from 1346 to 1348
Skipped Seq from 1353 to 1370
Skipped Seq from 1370 to 1377
Skipped Seq from 1377 to 1386
Skipped Seq from 1386 to 1388
Skipped Seq from 1393 to 1400
Skipped Seq from 1401 to 1405
Skipped Seq from 1405 to 1407
Skipped Seq from 1407 to 1409
Skipped Seq from 1409 to 1436
Skipped Seq from 1436 to 1446
Skipped Seq from 1446 to 1451
Skipped Seq from 1451 to 1453
Skipped Seq from 1453 to 1465
Skipped Seq from 1468 to 1470
Skipped Seq from 1471 to 1473
Skipped Seq from 1473 to 1501
Skipped Seq from 1501 to 1509
Skipped Seq from 1509 to 1526
Skipped Seq from 1526 to 1530
Skipped Seq from 1531 to 1533
Skipped Seq from 1539 to 1550
Skipped Seq from 1550 to 1556
Skipped Seq from 1559 to 1561
Skipped Seq from 1561 to 1563
Skipped Seq from 1563 to 1588
Skipped Seq from 1588 to 1590
Skipped Seq from 1590 to 1663
Skipped Seq from 1663 to 1665
Skipped Seq from 1665 to 1690
Skipped Seq from 1694 to 1696
Skipped Seq from 1697 to 1699
Skipped Seq from 1699 to 1740
Skipped Seq from 1740 to 1751
Skipped Seq from 1751 to 1753
Skipped Seq from 1764 to 1766
Skipped Seq from 1768 to 1805
Skipped Seq from 1805 to 1814
Skipped Seq from 1815 to 1861
Skipped Seq from 1861 to 1868
Skipped Seq from 1868 to 1887
Skipped Seq from 1896 to 1898
Skipped Seq from 1898 to 1904
Skipped Seq from 1904 to 1906
Skipped Seq from 1907 to 1930
Skipped Seq from 1931 to 1958
Skipped Seq from 1958 to 1971
Skipped Seq from 1973 to 1997
Skipped Seq from 1997 to 1999
Skipped Seq from 2000 to 2002
Skipped Seq from 2005 to 2010
Skipped Seq from 2016 to 2036
Skipped Seq from 2036 to 2041
Skipped Seq from 2042 to 2044
Skipped Seq from 2046 to 2072
Skipped Seq from 2073 to 2100
Skipped Seq from 2100 to 2114
Skipped Seq from 2114 to 2119
Skipped Seq from 2120 to 2154
Skipped Seq from 2154 to 2242
Skipped Seq from 2244 to 2267
Skipped Seq from 2267 to 2319
Skipped Seq from 2319 to 2327
Skipped Seq from 2330 to 2332
Skipped Seq from 2333 to 2335
Skipped Seq from 2335 to 2347
Skipped Seq from 2347 to 2354
Skipped Seq from 2354 to 2363
Skipped Seq from 2369 to 2383
Skipped Seq from 2383 to 2385
Skipped Seq from 2385 to 2393
Skipped Seq from 2399 to 2436
Skipped Seq from 2436 to 2486
Skipped Seq from 2486 to 2494
Skipped Seq from 2494 to 2498
Skipped Seq from 2499 to 2527
Skipped Seq from 2530 to 2532
Skipped Seq from 2533 to 2562
Skipped Seq from 2562 to 2568
Skipped Seq from 2568 to 2615
Skipped Seq from 2617 to 2629
Skipped Seq from 2629 to 2632
Skipped Seq from 2632 to 2648
Skipped Seq from 2649 to 2651
Skipped Seq from 2652 to 2684
Skipped Seq from 2684 to 2694
Skipped Seq from 2696 to 2716
Skipped Seq from 2716 to 2721
Skipped Seq from 2721 to 2724
Skipped Seq from 2724 to 2775
Skipped Seq from 2775 to 2788
Skipped Seq from 2789 to 2791
Skipped Seq from 2792 to 2794
Skipped Seq from 2795 to 2821
Skipped Seq from 2821 to 2823
Skipped Seq from 2823 to 2838
Skipped Seq from 2838 to 2840
Skipped Seq from 2843 to 2845
Skipped Seq from 2845 to 2849
Skipped Seq from 2849 to 2851
Skipped Seq from 2853 to 2872
Skipped Seq from 2873 to 2905
Skipped Seq from 2905 to 2907
Skipped Seq from 2909 to 2946
Skipped Seq from 2946 to 2953
Skipped Seq from 2953 to 2971
Skipped Seq from 2971 to 3011
Skipped Seq from 3011 to 3017
Skipped Seq from 3017 to 3029
Skipped Seq from 3029 to 3036
Skipped Seq from 3036 to 3059
Skipped Seq from 3059 to 3061
Skipped Seq from 3062 to 3065
Skipped Seq from 3065 to 3068
Skipped Seq from 3069 to 3088
Skipped Seq from 3090 to 3100
Skipped Seq from 3100 to 3106
Skipped Seq from 3106 to 3110
Skipped Seq from 3110 to 3126
Skipped Seq from 3126 to 3152
Skipped Seq from 3152 to 3161
Skipped Seq from 3164 to 3167
Skipped Seq from 3167 to 3169
Skipped Seq from 3169 to 3171
Skipped Seq from 3172 to 3174
Skipped Seq from 3174 to 3177
Skipped Seq from 3179 to 3181
Skipped Seq from 3181 to 3183
Skipped Seq from 3183 to 3186
Skipped Seq from 3186 to 3188
Skipped Seq from 3189 to 3191
Skipped Seq from 3191 to 3194
Skipped Seq from 3194 to 3205
Skipped Seq from 3206 to 3208
Skipped Seq from 3210 to 3212
Skipped Seq from 3214 to 3216
Skipped Seq from 3219 to 3225
Skipped Seq from 3227 to 3239
Skipped Seq from 3239 to 3241
Skipped Seq from 3244 to 3247
Skipped Seq from 3247 to 3251
Skipped Seq from 3253 to 3258
Skipped Seq from 3260 to 3264
Skipped Seq from 3264 to 3266
Skipped Seq from 3266 to 3268
Skipped Seq from 3270 to 3275
Skipped Seq from 3279 to 3281
Skipped Seq from 3281 to 3290
Skipped Seq from 3290 to 3292
Skipped Seq from 3293 to 3295
Skipped Seq from 3295 to 3298
Skipped Seq from 3298 to 3303
Skipped Seq from 3303 to 3305
Skipped Seq from 3306 to 3311
Skipped Seq from 3314 to 3316
Skipped Seq from 3317 to 3324
Skipped Seq from 3330 to 3333
Skipped Seq from 3334 to 3337
Skipped Seq from 3337 to 3339
Skipped Seq from 3358 to 3360
Skipped Seq from 3372 to 3374
Skipped Seq from 3374 to 3376
Skipped Seq from 3379 to 3389
Skipped Seq from 3391 to 3394
Skipped Seq from 3394 to 3415
Skipped Seq from 3416 to 3418
Skipped Seq from 3419 to 3435
Skipped Seq from 3436 to 3439
Skipped Seq from 3442 to 3446
Skipped Seq from 3450 to 3452
Skipped Seq from 3452 to 3454
Skipped Seq from 3459 to 3462
Skipped Seq from 3462 to 3464
Skipped Seq from 3464 to 3470
Skipped Seq from 3479 to 3485
Skipped Seq from 3485 to 3487
Skipped Seq from 3488 to 3494
Skipped Seq from 3499 to 3501
Skipped Seq from 3508 to 3510
Skipped Seq from 3510 to 3513
Skipped Seq from 3520 to 3522
Skipped Seq from 3531 to 3533
Skipped Seq from 3537 to 3539
Skipped Seq from 3539 to 3541
Skipped Seq from 3541 to 3544
Skipped Seq from 3544 to 3551
Skipped Seq from 3559 to 3563
Skipped Seq from 3564 to 3566
Skipped Seq from 3569 to 3571
Skipped Seq from 3574 to 3576
Skipped Seq from 3580 to 3582
Skipped Seq from 3583 to 3585
Skipped Seq from 3585 to 3595
Skipped Seq from 3599 to 3604
Skipped Seq from 3604 to 3606
Skipped Seq from 3608 to 3611
Skipped Seq from 3611 to 3614
Skipped Seq from 3614 to 3616
Skipped Seq from 3620 to 3623
Skipped Seq from 3638 to 3642
Skipped Seq from 5975 to 5979
Skipped Seq from 5982 to 5986
Skipped Seq from 5988 to 5990
Skipped Seq from 5995 to 5997
Skipped Seq from 6022 to 6024
Skipped Seq from 6027 to 6029
Skipped Seq from 6032 to 6034
Skipped Seq from 6039 to 6041
Skipped Seq from 6043 to 6045
Skipped Seq from 6045 to 6047
Skipped Seq from 6052 to 6055
Skipped Seq from 6063 to 6065
Skipped Seq from 6070 to 6075
Skipped Seq from 6080 to 6082
Skipped Seq from 6088 to 6095
Skipped Seq from 6095 to 6098
Skipped Seq from 6098 to 6100
Skipped Seq from 6101 to 6107
Skipped Seq from 6107 to 6109
Skipped Seq from 6113 to 6115
Skipped Seq from 6115 to 6117
Skipped Seq from 6119 to 6122
Skipped Seq from 6137 to 6143
Skipped Seq from 6149 to 6153
Skipped Seq from 6153 to 6155
Skipped Seq from 6155 to 6157
Skipped Seq from 6158 to 6160
Skipped Seq from 6160 to 6163
Skipped Seq from 6164 to 6167
Skipped Seq from 6168 to 6170
Skipped Seq from 6181 to 6185
Skipped Seq from 6185 to 6188
Skipped Seq from 6191 to 6193
Skipped Seq from 6196 to 6199
Skipped Seq from 6200 to 6204
Skipped Seq from 6205 to 6212
Skipped Seq from 6214 to 6218
Skipped Seq from 6219 to 6222
Skipped Seq from 6223 to 6227
Skipped Seq from 6232 to 6234
Skipped Seq from 6254 to 6256
Skipped Seq from 6262 to 6264
Skipped Seq from 6269 to 6274
Skipped Seq from 6278 to 6280
Skipped Seq from 6282 to 6284
Skipped Seq from 6286 to 6299
Skipped Seq from 6301 to 6314
Skipped Seq from 6314 to 6323
Skipped Seq from 6323 to 6325
Skipped Seq from 6325 to 6327
Skipped Seq from 6331 to 6333
Skipped Seq from 6333 to 6337
Skipped Seq from 6337 to 6340
Skipped Seq from 6340 to 6342
Skipped Seq from 6344 to 6346
Skipped Seq from 6346 to 6350
Skipped Seq from 6352 to 6355
Skipped Seq from 6357 to 6359
Skipped Seq from 6361 to 6366
Skipped Seq from 6375 to 6381
Skipped Seq from 6381 to 6386
Skipped Seq from 6405 to 6407
Skipped Seq from 6407 to 6409
Skipped Seq from 6411 to 6413
Skipped Seq from 6413 to 6415
Skipped Seq from 6418 to 6422
Skipped Seq from 6440 to 6443
Skipped Seq from 6449 to 6452
Skipped Seq from 6452 to 6455
Skipped Seq from 6458 to 6465
Skipped Seq from 6466 to 6469
Skipped Seq from 6474 to 6476
Skipped Seq from 6478 to 6481
Skipped Seq from 6481 to 6483
Skipped Seq from 6483 to 6485
Skipped Seq from 6490 to 6500
Skipped Seq from 6502 to 6504
Skipped Seq from 6505 to 6509
Skipped Seq from 6509 to 6513
Skipped Seq from 6515 to 6517
Skipped Seq from 6523 to 6525
Skipped Seq from 6533 to 6535
Skipped Seq from 6539 to 6542
Skipped Seq from 6543 to 6546
Skipped Seq from 6546 to 6548
Skipped Seq from 6550 to 6555
Skipped Seq from 6559 to 6567
Skipped Seq from 6567 to 6572
Skipped Seq from 6576 to 6590
Skipped Seq from 6591 to 6596
Skipped Seq from 6601 to 6605
Skipped Seq from 6606 to 6611
Skipped Seq from 6613 to 6615
Skipped Seq from 6615 to 6619
Skipped Seq from 6619 to 6624
Skipped Seq from 6624 to 6626
Skipped Seq from 6626 to 6630
Skipped Seq from 6633 to 6637
Skipped Seq from 6648 to 6650
Skipped Seq from 6651 to 6653
Skipped Seq from 6653 to 6655
Skipped Seq from 6656 to 6658
Skipped Seq from 6658 to 6660
Skipped Seq from 6665 to 6668
Skipped Seq from 6669 to 6671
Skipped Seq from 6672 to 6674
Skipped Seq from 6675 to 6679
Skipped Seq from 6679 to 6681
Skipped Seq from 6684 to 6695
Skipped Seq from 6695 to 6697
Skipped Seq from 6697 to 6699
Skipped Seq from 6700 to 6703
Skipped Seq from 6706 to 6710
Skipped Seq from 6712 to 6717
Skipped Seq from 6738 to 6740
Skipped Seq from 6750 to 6752
Skipped Seq from 6765 to 6767
Skipped Seq from 6767 to 6769
Skipped Seq from 6769 to 6775
Skipped Seq from 6775 to 6777
Skipped Seq from 6777 to 6781
Skipped Seq from 6781 to 6787
Skipped Seq from 6788 to 6793
Skipped Seq from 6794 to 6796
Skipped Seq from 6796 to 6798
Skipped Seq from 6798 to 6800
Skipped Seq from 6800 to 6803
Skipped Seq from 6803 to 6806
Skipped Seq from 6811 to 6813
Skipped Seq from 6835 to 6837
Skipped Seq from 6845 to 6848
Skipped Seq from 6852 to 6855
Skipped Seq from 6865 to 6867
Skipped Seq from 6867 to 6869
Skipped Seq from 6871 to 6874
Skipped Seq from 6876 to 6878
Skipped Seq from 6878 to 6882
Skipped Seq from 6883 to 6888
Skipped Seq from 6889 to 6894
Skipped Seq from 6896 to 6903
Skipped Seq from 6903 to 6905
Skipped Seq from 6906 to 6908
Skipped Seq from 6920 to 6922
Skipped Seq from 6925 to 6928
Skipped Seq from 6928 to 6930
Skipped Seq from 6930 to 6932
Skipped Seq from 6932 to 6934
Skipped Seq from 6936 to 6939
Skipped Seq from 6942 to 6944
Skipped Seq from 6946 to 6948
Skipped Seq from 6952 to 6954
Skipped Seq from 6966 to 6969
Skipped Seq from 6969 to 6971
Skipped Seq from 6976 to 6982
Skipped Seq from 6982 to 6985
Skipped Seq from 6985 to 6987
Skipped Seq from 6987 to 6992
Skipped Seq from 6992 to 7002
Skipped Seq from 7002 to 7004
Skipped Seq from 7004 to 7006
Skipped Seq from 7007 to 7009
Skipped Seq from 7009 to 7011
Skipped Seq from 7016 to 7018
Skipped Seq from 7020 to 7022
Skipped Seq from 7024 to 7029
Skipped Seq from 7029 to 7031
Skipped Seq from 7032 to 7037
Skipped Seq from 7037 to 7042
Skipped Seq from 7042 to 7047
Skipped Seq from 7047 to 7050
Skipped Seq from 7052 to 7054
Skipped Seq from 7060 to 7062
Skipped Seq from 7062 to 7064
Skipped Seq from 7064 to 7066
Skipped Seq from 7066 to 7068
Skipped Seq from 7070 to 7073
Skipped Seq from 7074 to 7077
Skipped Seq from 7079 to 7082
Skipped Seq from 7086 to 7088
Skipped Seq from 7088 to 7090
Skipped Seq from 7092 to 7094
Skipped Seq from 7094 to 7096
Skipped Seq from 7096 to 7098
Skipped Seq from 7099 to 7101
Skipped Seq from 7101 to 7103
Skipped Seq from 7105 to 7107
Skipped Seq from 7119 to 7121
Skipped Seq from 7138 to 7140
Skipped Seq from 7148 to 7150
Skipped Seq from 7156 to 7158
Skipped Seq from 7177 to 7180
Skipped Seq from 7198 to 7200
Skipped Seq from 7251 to 7253
Skipped Seq from 7303 to 7305
Skipped Seq from 7306 to 7308
Skipped Seq from 7318 to 7320
Skipped Seq from 9480 to 9484
Skipped Seq from 9487 to 9489
Skipped Seq from 9493 to 9499
Skipped Seq from 9499 to 9502
Skipped Seq from 9502 to 9504
Skipped Seq from 9505 to 9507
Skipped Seq from 9507 to 9510
Skipped Seq from 9512 to 9518
Skipped Seq from 9518 to 9521
Skipped Seq from 9525 to 9527
Skipped Seq from 9527 to 9529
Skipped Seq from 9530 to 9532
Skipped Seq from 9533 to 9535
Skipped Seq from 9535 to 9537
Skipped Seq from 9556 to 9558
Skipped Seq from 9558 to 9560
Skipped Seq from 9560 to 9562
Skipped Seq from 9562 to 9564
Skipped Seq from 9567 to 9569
Skipped Seq from 9570 to 9572
Skipped Seq from 9576 to 9578
Skipped Seq from 9582 to 9584
Skipped Seq from 9585 to 9587
Skipped Seq from 9587 to 9589
Skipped Seq from 9594 to 9597
Skipped Seq from 9597 to 9599
Skipped Seq from 9606 to 9608
Skipped Seq from 9612 to 9614
Skipped Seq from 9624 to 9629
Skipped Seq from 9629 to 9631
Skipped Seq from 9639 to 9641
Skipped Seq from 9648 to 9650
Skipped Seq from 9653 to 9663
Skipped Seq from 9666 to 9670
Skipped Seq from 9677 to 9679
Skipped Seq from 9683 to 9685
Skipped Seq from 9690 to 9695
Skipped Seq from 9696 to 9698
Skipped Seq from 9723 to 9725
Skipped Seq from 9725 to 9735
Skipped Seq from 9736 to 9738
Skipped Seq from 9739 to 9741
Skipped Seq from 9741 to 9744
Skipped Seq from 9745 to 9747
Skipped Seq from 9747 to 9749
Skipped Seq from 9753 to 9756
Skipped Seq from 9756 to 9758
Skipped Seq from 9762 to 9764
Skipped Seq from 9765 to 9771
Skipped Seq from 9774 to 9776
Skipped Seq from 9778 to 9780
Skipped Seq from 9782 to 9786
Skipped Seq from 9787 to 9789
Skipped Seq from 9792 to 9794
Skipped Seq from 9794 to 9797
Skipped Seq from 9797 to 9799
Skipped Seq from 9802 to 9804
Skipped Seq from 9805 to 9807
Skipped Seq from 9808 to 9810
Skipped Seq from 9813 to 9817
Skipped Seq from 9817 to 9819
Skipped Seq from 9825 to 9827
Skipped Seq from 9831 to 9833
Skipped Seq from 9833 to 9835
Skipped Seq from 9836 to 9838
Skipped Seq from 9849 to 9853
Skipped Seq from 9871 to 9874
Skipped Seq from 9874 to 9880
Skipped Seq from 9880 to 9883
Skipped Seq from 9891 to 9894
Skipped Seq from 9894 to 9900
Skipped Seq from 9900 to 9903
Skipped Seq from 9905 to 9908
Skipped Seq from 9909 to 9913
Skipped Seq from 9915 to 9919
Skipped Seq from 9920 to 9925
Skipped Seq from 9925 to 9929
Skipped Seq from 9930 to 9933
Skipped Seq from 9933 to 9937
Skipped Seq from 9939 to 9941
Skipped Seq from 9941 to 9951
Skipped Seq from 9951 to 9955
Skipped Seq from 9956 to 9958
Skipped Seq from 9967 to 9972
Skipped Seq from 9973 to 9977
Skipped Seq from 9979 to 9983
Skipped Seq from 9983 to 9988
Skipped Seq from 10001 to 10003
Skipped Seq from 10007 to 10009
Skipped Seq from 10020 to 10022
Skipped Seq from 10022 to 10025
Skipped Seq from 10028 to 10030
Skipped Seq from 10034 to 10038
Skipped Seq from 10041 to 10044
Skipped Seq from 10048 to 10052
Skipped Seq from 10070 to 10072
Skipped Seq from 10072 to 10074
Skipped Seq from 10077 to 10079
Skipped Seq from 10086 to 10090
Skipped Seq from 10124 to 10126
Skipped Seq from 10128 to 10131
Skipped Seq from 10132 to 10134
Skipped Seq from 10134 to 10137
Skipped Seq from 10137 to 10139
Skipped Seq from 10139 to 10142
Skipped Seq from 10142 to 10144
Skipped Seq from 10144 to 10148
Skipped Seq from 10149 to 10155
Skipped Seq from 10155 to 10157
Skipped Seq from 10160 to 10162
Skipped Seq from 10163 to 10165
Skipped Seq from 10165 to 10173
Skipped Seq from 10173 to 10179
Skipped Seq from 10179 to 10181
Skipped Seq from 10181 to 10184
Skipped Seq from 10185 to 10192
Skipped Seq from 10192 to 10195
Skipped Seq from 10195 to 10199
Skipped Seq from 10199 to 10205
Skipped Seq from 10205 to 10208
Skipped Seq from 10208 to 10211
Skipped Seq from 10211 to 10213
Skipped Seq from 10218 to 10220
Skipped Seq from 10220 to 10222
Skipped Seq from 10224 to 10227
Skipped Seq from 10229 to 10240
Skipped Seq from 10240 to 10242
Skipped Seq from 10242 to 10246
Skipped Seq from 10248 to 10252
Skipped Seq from 10254 to 10258
Skipped Seq from 10258 to 10261
Skipped Seq from 10262 to 10264
Skipped Seq from 10265 to 10268
Skipped Seq from 10269 to 10275
Skipped Seq from 10276 to 10279
Skipped Seq from 10279 to 10281
Skipped Seq from 10282 to 10284
Skipped Seq from 10296 to 10298
Skipped Seq from 10298 to 10300
Skipped Seq from 10300 to 10304
Skipped Seq from 10304 to 10312
Skipped Seq from 10312 to 10315
Skipped Seq from 10315 to 10317
Skipped Seq from 10318 to 10320
Skipped Seq from 10322 to 10324
Skipped Seq from 10325 to 10327
Skipped Seq from 10332 to 10335
Skipped Seq from 10335 to 10342
Skipped Seq from 10342 to 10352
Skipped Seq from 10354 to 10356
Skipped Seq from 10359 to 10363
Skipped Seq from 10363 to 10369
Skipped Seq from 10369 to 10372
Skipped Seq from 10380 to 10382
Skipped Seq from 10382 to 10384
Skipped Seq from 10384 to 10388
Skipped Seq from 10388 to 10391
Skipped Seq from 10391 to 10393
Skipped Seq from 10393 to 10399
Skipped Seq from 10400 to 10402
Skipped Seq from 10404 to 10408
Skipped Seq from 10408 to 10411
Skipped Seq from 10412 to 10421
Skipped Seq from 10421 to 10423
Skipped Seq from 10423 to 10425
Skipped Seq from 10431 to 10433
Skipped Seq from 10433 to 10435
Skipped Seq from 10440 to 10442
Skipped Seq from 10448 to 10451
Skipped Seq from 10453 to 10455
Skipped Seq from 10455 to 10458
Skipped Seq from 10458 to 10460
Skipped Seq from 10460 to 10462
Skipped Seq from 10462 to 10473
Skipped Seq from 10474 to 10476
Skipped Seq from 10479 to 10481
Skipped Seq from 10481 to 10483
Skipped Seq from 10502 to 10504
Skipped Seq from 10504 to 10506
Skipped Seq from 10508 to 10510
Skipped Seq from 10510 to 10514
Skipped Seq from 10515 to 10519
Skipped Seq from 10523 to 10526
Skipped Seq from 10526 to 10528
Skipped Seq from 10528 to 10531
Skipped Seq from 10534 to 10537
Skipped Seq from 10537 to 10539
Skipped Seq from 10546 to 10548
Skipped Seq from 10568 to 10570
Skipped Seq from 10572 to 10574
Skipped Seq from 10574 to 10576
Skipped Seq from 10580 to 10583
Skipped Seq from 10587 to 10589
Skipped Seq from 10593 to 10596
Skipped Seq from 10598 to 10602
Skipped Seq from 10604 to 10610
Skipped Seq from 10621 to 10624
Skipped Seq from 10626 to 10638
Skipped Seq from 10639 to 10642
Skipped Seq from 10642 to 10645
Skipped Seq from 10645 to 10649
Skipped Seq from 10674 to 10677
Skipped Seq from 10678 to 10682
Skipped Seq from 10686 to 10688
Skipped Seq from 10688 to 10690
Skipped Seq from 10694 to 10697
Skipped Seq from 10746 to 10748
Skipped Seq from 10759 to 10761
Skipped Seq from 10766 to 10769
Skipped Seq from 10769 to 10771
Skipped Seq from 10774 to 10776
Skipped Seq from 10809 to 10811
Number of times throttled: 15
Received: 9024 / 12308 packets
Start time: 1332835220.294342
End time: 1332835254.769467
Duration: 34.475125
