Starting client at 10.0.0.24:1290 with timeout:10
My IP address is 10.0.0.24Skipped Seq from 595 to 599
Skipped Seq from 599 to 601
Skipped Seq from 603 to 611
Skipped Seq from 611 to 616
Skipped Seq from 616 to 618
Skipped Seq from 618 to 621
Skipped Seq from 621 to 623
Skipped Seq from 623 to 627
Skipped Seq from 627 to 632
Skipped Seq from 634 to 636
Skipped Seq from 637 to 642
Skipped Seq from 642 to 647
Skipped Seq from 647 to 651
Skipped Seq from 651 to 654
Skipped Seq from 655 to 657
Skipped Seq from 657 to 661
Skipped Seq from 661 to 664
Skipped Seq from 664 to 666
Skipped Seq from 666 to 669
Skipped Seq from 669 to 672
Skipped Seq from 675 to 677
Skipped Seq from 678 to 680
Skipped Seq from 680 to 682
Skipped Seq from 682 to 684
Skipped Seq from 684 to 686
Skipped Seq from 689 to 692
Skipped Seq from 692 to 694
Skipped Seq from 694 to 699
Skipped Seq from 699 to 709
Skipped Seq from 711 to 714
Skipped Seq from 714 to 718
Skipped Seq from 720 to 723
Skipped Seq from 723 to 725
Skipped Seq from 725 to 727
Skipped Seq from 727 to 729
Skipped Seq from 729 to 732
Skipped Seq from 732 to 734
Skipped Seq from 737 to 739
Skipped Seq from 739 to 741
Skipped Seq from 747 to 749
Skipped Seq from 750 to 752
Skipped Seq from 753 to 755
Skipped Seq from 756 to 758
Skipped Seq from 758 to 760
Skipped Seq from 760 to 762
Skipped Seq from 765 to 767
Skipped Seq from 767 to 769
Skipped Seq from 769 to 772
Skipped Seq from 772 to 775
Skipped Seq from 775 to 777
Skipped Seq from 777 to 781
Skipped Seq from 783 to 785
Skipped Seq from 789 to 792
Skipped Seq from 792 to 795
Skipped Seq from 796 to 798
Skipped Seq from 798 to 801
Skipped Seq from 801 to 803
Skipped Seq from 805 to 807
Skipped Seq from 813 to 815
Skipped Seq from 815 to 817
Skipped Seq from 818 to 820
Skipped Seq from 821 to 823
Skipped Seq from 824 to 827
Skipped Seq from 827 to 830
Skipped Seq from 830 to 833
Skipped Seq from 833 to 836
Skipped Seq from 836 to 838
Skipped Seq from 840 to 846
Skipped Seq from 849 to 855
Skipped Seq from 855 to 859
Skipped Seq from 859 to 863
Skipped Seq from 863 to 865
Skipped Seq from 865 to 867
Skipped Seq from 867 to 871
Skipped Seq from 874 to 876
Skipped Seq from 876 to 880
Skipped Seq from 892 to 894
Skipped Seq from 894 to 896
Skipped Seq from 896 to 898
Skipped Seq from 898 to 901
Skipped Seq from 904 to 909
Skipped Seq from 914 to 916
Skipped Seq from 916 to 920
Skipped Seq from 920 to 924
Skipped Seq from 924 to 926
Skipped Seq from 926 to 931
Skipped Seq from 931 to 933
Skipped Seq from 933 to 947
Skipped Seq from 948 to 952
Skipped Seq from 952 to 955
Skipped Seq from 956 to 960
Skipped Seq from 960 to 964
Skipped Seq from 964 to 967
Skipped Seq from 967 to 974
Skipped Seq from 975 to 982
Skipped Seq from 982 to 989
Skipped Seq from 990 to 992
Skipped Seq from 993 to 996
Skipped Seq from 996 to 998
Skipped Seq from 998 to 1000
Skipped Seq from 1003 to 1005
Skipped Seq from 1006 to 1009
Skipped Seq from 1009 to 1018
Skipped Seq from 1018 to 1022
Skipped Seq from 1026 to 1033
Skipped Seq from 1033 to 1037
Skipped Seq from 1037 to 1040
Skipped Seq from 1041 to 1043
Skipped Seq from 1044 to 1048
Skipped Seq from 1048 to 1057
Skipped Seq from 1057 to 1059
Skipped Seq from 1059 to 1061
Skipped Seq from 1061 to 1063
Skipped Seq from 1065 to 1070
Skipped Seq from 1073 to 1087
Skipped Seq from 1091 to 1093
Skipped Seq from 1093 to 1096
Skipped Seq from 1096 to 1098
Skipped Seq from 1098 to 1100
Skipped Seq from 1100 to 1102
Skipped Seq from 1102 to 1104
Skipped Seq from 1104 to 1106
Skipped Seq from 1106 to 1109
Skipped Seq from 1110 to 1113
Skipped Seq from 1113 to 1115
Skipped Seq from 1119 to 1123
Skipped Seq from 1123 to 1125
Skipped Seq from 1125 to 1127
Skipped Seq from 1127 to 1130
Skipped Seq from 1130 to 1132
Skipped Seq from 1133 to 1135
Skipped Seq from 1139 to 1148
Skipped Seq from 1148 to 1151
Skipped Seq from 1154 to 1157
Skipped Seq from 1160 to 1163
Skipped Seq from 1163 to 1165
Skipped Seq from 1171 to 1175
Skipped Seq from 1175 to 1177
Skipped Seq from 1178 to 1181
Skipped Seq from 1181 to 1185
Skipped Seq from 1185 to 1197
Skipped Seq from 1197 to 1202
Skipped Seq from 1203 to 1205
Skipped Seq from 1205 to 1209
Skipped Seq from 1209 to 1215
Skipped Seq from 1216 to 1218
Skipped Seq from 1218 to 1223
Skipped Seq from 1223 to 1226
Skipped Seq from 1226 to 1229
Skipped Seq from 1229 to 1233
Skipped Seq from 1235 to 1237
Skipped Seq from 1238 to 1241
Skipped Seq from 1241 to 1244
Skipped Seq from 1244 to 1247
Skipped Seq from 1247 to 1251
Skipped Seq from 1251 to 1254
Skipped Seq from 1255 to 1265
Skipped Seq from 1265 to 1268
Skipped Seq from 1268 to 1271
Skipped Seq from 1272 to 1279
Skipped Seq from 1279 to 1283
Skipped Seq from 1285 to 1288
Skipped Seq from 1288 to 1292
Skipped Seq from 1292 to 1294
Skipped Seq from 1305 to 1307
Skipped Seq from 1308 to 1310
Skipped Seq from 1324 to 1327
Skipped Seq from 1330 to 1332
Skipped Seq from 1332 to 1337
Skipped Seq from 1337 to 1347
Skipped Seq from 1347 to 1349
Skipped Seq from 1349 to 1353
Skipped Seq from 1355 to 1357
Skipped Seq from 1365 to 1367
Skipped Seq from 1367 to 1369
Skipped Seq from 1369 to 1371
Skipped Seq from 1372 to 1374
Skipped Seq from 1379 to 1382
Skipped Seq from 1383 to 1386
Skipped Seq from 1386 to 1390
Skipped Seq from 1390 to 1392
Skipped Seq from 1392 to 1394
Skipped Seq from 1394 to 1399
Skipped Seq from 1399 to 1403
Skipped Seq from 1406 to 1409
Skipped Seq from 1409 to 1411
Skipped Seq from 1411 to 1413
Skipped Seq from 1413 to 1416
Skipped Seq from 1416 to 1418
Skipped Seq from 1420 to 1426
Skipped Seq from 1428 to 1435
Skipped Seq from 1436 to 1438
Skipped Seq from 1443 to 1445
Skipped Seq from 1450 to 1452
Skipped Seq from 1453 to 1455
Skipped Seq from 1460 to 1463
Skipped Seq from 1464 to 1466
Skipped Seq from 1467 to 1470
Skipped Seq from 1471 to 1474
Skipped Seq from 1474 to 1476
Skipped Seq from 1477 to 1479
Skipped Seq from 1480 to 1482
Skipped Seq from 1482 to 1484
Skipped Seq from 1486 to 1488
Skipped Seq from 1489 to 1491
Skipped Seq from 1491 to 1493
Skipped Seq from 1495 to 1498
Skipped Seq from 1498 to 1505
Skipped Seq from 1505 to 1508
Skipped Seq from 1508 to 1512
Skipped Seq from 1516 to 1519
Skipped Seq from 1520 to 1522
Skipped Seq from 1522 to 1525
Skipped Seq from 1526 to 1529
Skipped Seq from 1529 to 1531
Skipped Seq from 1531 to 1536
Skipped Seq from 1536 to 1538
Skipped Seq from 1540 to 1546
Skipped Seq from 1547 to 1554
Skipped Seq from 1554 to 1556
Skipped Seq from 1556 to 1558
Skipped Seq from 1561 to 1563
Skipped Seq from 1564 to 1566
Skipped Seq from 1567 to 1570
Skipped Seq from 1570 to 1578
Skipped Seq from 1578 to 1586
Skipped Seq from 1586 to 1591
Skipped Seq from 1591 to 1594
Skipped Seq from 1594 to 1597
Skipped Seq from 1597 to 1600
Skipped Seq from 1600 to 1606
Skipped Seq from 1608 to 1610
Skipped Seq from 1611 to 1645
Skipped Seq from 1645 to 1650
Skipped Seq from 1651 to 1654
Skipped Seq from 1655 to 1658
Skipped Seq from 1658 to 1663
Skipped Seq from 1663 to 1668
Skipped Seq from 1671 to 1673
Skipped Seq from 1675 to 1684
Skipped Seq from 1684 to 1690
Skipped Seq from 1691 to 1693
Skipped Seq from 1697 to 1701
Skipped Seq from 1701 to 1703
Skipped Seq from 1703 to 1708
Skipped Seq from 1708 to 1713
Skipped Seq from 1713 to 1717
Skipped Seq from 1717 to 1720
Skipped Seq from 1720 to 1723
Skipped Seq from 1723 to 1725
Skipped Seq from 1725 to 1727
Skipped Seq from 1727 to 1730
Skipped Seq from 1730 to 1733
Skipped Seq from 1733 to 1738
Skipped Seq from 1739 to 1744
Skipped Seq from 1744 to 1746
Skipped Seq from 1746 to 1748
Skipped Seq from 1748 to 1750
Skipped Seq from 1750 to 1753
Skipped Seq from 1754 to 1761
Skipped Seq from 1762 to 1781
Skipped Seq from 1781 to 1785
Skipped Seq from 1785 to 1788
Skipped Seq from 1790 to 1792
Skipped Seq from 1792 to 1799
Skipped Seq from 1802 to 1804
Skipped Seq from 1808 to 1810
Skipped Seq from 1811 to 1813
Skipped Seq from 1816 to 1818
Skipped Seq from 1821 to 1824
Skipped Seq from 1831 to 1834
Skipped Seq from 1834 to 1836
Skipped Seq from 1836 to 1838
Skipped Seq from 1843 to 1845
Skipped Seq from 1854 to 1856
Skipped Seq from 1856 to 1858
Skipped Seq from 1858 to 1863
Skipped Seq from 1863 to 1865
Skipped Seq from 1867 to 1873
Skipped Seq from 1878 to 1880
Skipped Seq from 1880 to 1883
Skipped Seq from 1883 to 1886
Skipped Seq from 1886 to 1894
Skipped Seq from 1894 to 1897
Skipped Seq from 1897 to 1899
Skipped Seq from 1899 to 1905
Skipped Seq from 1907 to 1911
Skipped Seq from 1912 to 1916
Skipped Seq from 1917 to 1919
Skipped Seq from 1919 to 1921
Skipped Seq from 1921 to 1923
Skipped Seq from 1923 to 1926
Skipped Seq from 1929 to 1931
Skipped Seq from 1932 to 1936
Skipped Seq from 1937 to 1950
Skipped Seq from 1952 to 1955
Skipped Seq from 1958 to 1961
Skipped Seq from 1961 to 1963
Skipped Seq from 1963 to 1966
Skipped Seq from 1967 to 1972
Skipped Seq from 1973 to 1984
Skipped Seq from 1984 to 1997
Skipped Seq from 1997 to 2000
Skipped Seq from 2000 to 2003
Skipped Seq from 2003 to 2007
Skipped Seq from 2008 to 2015
Skipped Seq from 2015 to 2017
Skipped Seq from 2017 to 2019
Skipped Seq from 2019 to 2023
Skipped Seq from 2023 to 2027
Skipped Seq from 2027 to 2029
Skipped Seq from 2029 to 2033
Skipped Seq from 2033 to 2040
Skipped Seq from 2040 to 2042
Skipped Seq from 2042 to 2044
Skipped Seq from 2044 to 2048
Skipped Seq from 2048 to 2050
Skipped Seq from 2050 to 2052
Skipped Seq from 2052 to 2056
Skipped Seq from 2060 to 2062
Skipped Seq from 2062 to 2064
Skipped Seq from 2065 to 2067
Skipped Seq from 2067 to 2070
Skipped Seq from 2073 to 2075
Skipped Seq from 2084 to 2088
Skipped Seq from 2090 to 2092
Skipped Seq from 2095 to 2097
Skipped Seq from 2099 to 2101
Skipped Seq from 2103 to 2106
Skipped Seq from 2109 to 2115
Skipped Seq from 2116 to 2120
Skipped Seq from 2121 to 2123
Skipped Seq from 2124 to 2127
Skipped Seq from 2129 to 2131
Skipped Seq from 2132 to 2134
Skipped Seq from 2136 to 2138
Skipped Seq from 2139 to 2143
Skipped Seq from 2143 to 2145
Skipped Seq from 2148 to 2155
Skipped Seq from 2155 to 2157
Skipped Seq from 2159 to 2162
Skipped Seq from 2163 to 2166
Skipped Seq from 2167 to 2169
Skipped Seq from 2169 to 2172
Skipped Seq from 2174 to 2177
Skipped Seq from 2178 to 2182
Skipped Seq from 2185 to 2188
Skipped Seq from 2188 to 2191
Skipped Seq from 2191 to 2194
Skipped Seq from 2194 to 2196
Skipped Seq from 2196 to 2200
Skipped Seq from 2202 to 2204
Skipped Seq from 2211 to 2215
Skipped Seq from 2215 to 2218
Skipped Seq from 2218 to 2222
Skipped Seq from 2222 to 2224
Skipped Seq from 2224 to 2226
Skipped Seq from 2226 to 2228
Skipped Seq from 2229 to 2231
Skipped Seq from 2231 to 2233
Skipped Seq from 2237 to 2239
Skipped Seq from 2239 to 2241
Skipped Seq from 2242 to 2245
Skipped Seq from 2246 to 2248
Skipped Seq from 2249 to 2252
Skipped Seq from 2253 to 2261
Skipped Seq from 2264 to 2266
Skipped Seq from 2267 to 2272
Skipped Seq from 2272 to 2274
Skipped Seq from 2274 to 2279
Skipped Seq from 2279 to 2287
Skipped Seq from 2287 to 2297
Skipped Seq from 2297 to 2301
Skipped Seq from 2301 to 2303
Skipped Seq from 2303 to 2307
Skipped Seq from 2307 to 2309
Skipped Seq from 2309 to 2311
Skipped Seq from 2313 to 2317
Skipped Seq from 2317 to 2321
Skipped Seq from 2322 to 2326
Skipped Seq from 2327 to 2331
Skipped Seq from 2332 to 2335
Skipped Seq from 2339 to 2341
Skipped Seq from 2345 to 2349
Skipped Seq from 2350 to 2352
Skipped Seq from 2353 to 2355
Skipped Seq from 2357 to 2364
Skipped Seq from 2365 to 2372
Skipped Seq from 2372 to 2376
Skipped Seq from 2376 to 2387
Skipped Seq from 2387 to 2389
Skipped Seq from 2389 to 2391
Skipped Seq from 2395 to 2397
Skipped Seq from 2397 to 2399
Skipped Seq from 2403 to 2405
Skipped Seq from 2406 to 2410
Skipped Seq from 2410 to 2416
Skipped Seq from 2416 to 2422
Skipped Seq from 2422 to 2427
Skipped Seq from 2428 to 2430
Skipped Seq from 2430 to 2433
Skipped Seq from 2444 to 2447
Skipped Seq from 2447 to 2449
Skipped Seq from 2471 to 2473
Skipped Seq from 2480 to 2482
Skipped Seq from 2483 to 2485
Skipped Seq from 2485 to 2489
Skipped Seq from 2489 to 2492
Skipped Seq from 2493 to 2495
Skipped Seq from 2495 to 2497
Skipped Seq from 2500 to 2502
Skipped Seq from 2503 to 2505
Skipped Seq from 2506 to 2510
Skipped Seq from 2510 to 2512
Skipped Seq from 2520 to 2522
Skipped Seq from 2529 to 2531
Skipped Seq from 2532 to 2534
Skipped Seq from 2535 to 2537
Skipped Seq from 2538 to 2540
Skipped Seq from 2540 to 2542
Skipped Seq from 2542 to 2548
Skipped Seq from 2548 to 2550
Skipped Seq from 2550 to 2552
Skipped Seq from 2556 to 2562
Skipped Seq from 2562 to 2565
Skipped Seq from 2568 to 2572
Skipped Seq from 2574 to 2576
Skipped Seq from 2580 to 2582
Skipped Seq from 2583 to 2588
Skipped Seq from 2591 to 2594
Skipped Seq from 2595 to 2597
Skipped Seq from 2599 to 2603
Skipped Seq from 2603 to 2605
Skipped Seq from 2610 to 2614
Skipped Seq from 2614 to 2616
Skipped Seq from 2619 to 2623
Skipped Seq from 2623 to 2625
Skipped Seq from 2625 to 2627
Skipped Seq from 2627 to 2629
Skipped Seq from 2631 to 2634
Skipped Seq from 2634 to 2636
Skipped Seq from 2636 to 2638
Skipped Seq from 15560 to 15580
Skipped Seq from 15580 to 15729
Skipped Seq from 15729 to 15753
Skipped Seq from 15753 to 15854
Skipped Seq from 15854 to 15863
Skipped Seq from 15863 to 15866
Skipped Seq from 15866 to 15875
Skipped Seq from 15875 to 15880
Skipped Seq from 15880 to 15885
Skipped Seq from 15885 to 15897
Skipped Seq from 15897 to 15917
Skipped Seq from 15917 to 15927
Skipped Seq from 15927 to 15983
Skipped Seq from 15983 to 15985
Skipped Seq from 15985 to 15989
Skipped Seq from 15989 to 15992
Skipped Seq from 15992 to 15995
Skipped Seq from 15995 to 16001
Skipped Seq from 16001 to 16004
Skipped Seq from 16004 to 16012
Skipped Seq from 16012 to 16027
Skipped Seq from 16027 to 16040
Skipped Seq from 16040 to 16046
Skipped Seq from 16046 to 16094
Skipped Seq from 16094 to 16096
Skipped Seq from 16096 to 16106
Skipped Seq from 16106 to 16110
Skipped Seq from 16111 to 16113
Skipped Seq from 16113 to 16116
Skipped Seq from 16116 to 16118
Skipped Seq from 16118 to 16139
Skipped Seq from 16139 to 16144
Skipped Seq from 16145 to 16149
Skipped Seq from 16149 to 16151
Skipped Seq from 16151 to 16158
Skipped Seq from 16158 to 16173
Skipped Seq from 16173 to 16245
Skipped Seq from 16245 to 16254
Skipped Seq from 16254 to 16273
Skipped Seq from 16273 to 16326
Skipped Seq from 16326 to 16350
Skipped Seq from 16351 to 16364
Skipped Seq from 16364 to 16390
Number of times throttled: 7
Received: 14508 / 16408 packets
Start time: 1332836737.200161
End time: 1332836797.263057
Duration: 60.062896
