Starting client at 10.0.0.24:1237 with timeout:10
My IP address is 10.0.0.24Skipped Seq from 1667 to 1669
Skipped Seq from 1672 to 1674
Skipped Seq from 1674 to 1676
Skipped Seq from 1682 to 1684
Skipped Seq from 1692 to 1694
Skipped Seq from 1703 to 1706
Skipped Seq from 1707 to 1709
Skipped Seq from 1712 to 1714
Skipped Seq from 1714 to 1716
Skipped Seq from 1717 to 1719
Skipped Seq from 1723 to 1725
Skipped Seq from 1729 to 1731
Skipped Seq from 1738 to 1740
Skipped Seq from 1740 to 1742
Skipped Seq from 1742 to 1744
Skipped Seq from 1748 to 1750
Skipped Seq from 1755 to 1757
Skipped Seq from 1762 to 1764
Skipped Seq from 1765 to 1767
Skipped Seq from 1769 to 1771
Skipped Seq from 1778 to 1780
Skipped Seq from 1780 to 1782
Skipped Seq from 1792 to 1794
Skipped Seq from 1799 to 1801
Skipped Seq from 1804 to 1806
Skipped Seq from 1808 to 1811
Skipped Seq from 1811 to 1813
Skipped Seq from 1816 to 1818
Skipped Seq from 1819 to 1821
Skipped Seq from 1828 to 1830
Skipped Seq from 1842 to 1844
Skipped Seq from 1846 to 1848
Skipped Seq from 1856 to 1858
Skipped Seq from 1858 to 1860
Skipped Seq from 1865 to 1867
Skipped Seq from 1871 to 1874
Skipped Seq from 1882 to 1884
Skipped Seq from 1886 to 1888
Skipped Seq from 1889 to 1891
Skipped Seq from 1894 to 1896
Skipped Seq from 1908 to 1910
Skipped Seq from 1920 to 1922
Skipped Seq from 1922 to 1924
Skipped Seq from 1925 to 1927
Skipped Seq from 1931 to 1933
Skipped Seq from 1937 to 1939
Skipped Seq from 1947 to 1949
Skipped Seq from 1952 to 1954
Skipped Seq from 1956 to 1958
Skipped Seq from 1967 to 1969
Skipped Seq from 1971 to 1973
Skipped Seq from 1975 to 1977
Skipped Seq from 1978 to 1980
Skipped Seq from 1985 to 1987
Skipped Seq from 1988 to 1990
Skipped Seq from 1992 to 1994
Skipped Seq from 1997 to 1999
Skipped Seq from 2000 to 2002
Skipped Seq from 2020 to 2022
Skipped Seq from 2026 to 2028
Skipped Seq from 2031 to 2033
Skipped Seq from 2041 to 2043
Skipped Seq from 2056 to 2059
Skipped Seq from 2070 to 2073
Skipped Seq from 2074 to 2076
Skipped Seq from 2085 to 2087
Skipped Seq from 2091 to 2093
Skipped Seq from 2099 to 2101
Skipped Seq from 2104 to 2106
Skipped Seq from 2114 to 2116
Skipped Seq from 2117 to 2119
Skipped Seq from 2121 to 2123
Skipped Seq from 2126 to 2128
Skipped Seq from 2130 to 2133
Skipped Seq from 2140 to 2142
Skipped Seq from 2144 to 2146
Skipped Seq from 2148 to 2150
Skipped Seq from 2156 to 2158
Skipped Seq from 2164 to 2166
Skipped Seq from 2171 to 2174
Skipped Seq from 2186 to 2188
Skipped Seq from 2189 to 2192
Skipped Seq from 2194 to 2196
Skipped Seq from 2207 to 2209
Skipped Seq from 2209 to 2211
Skipped Seq from 2213 to 2216
Skipped Seq from 2219 to 2221
Skipped Seq from 2221 to 2223
Skipped Seq from 2226 to 2228
Skipped Seq from 2229 to 2231
Skipped Seq from 2235 to 2237
Skipped Seq from 2241 to 2243
Skipped Seq from 2246 to 2249
Skipped Seq from 2256 to 2258
Skipped Seq from 2262 to 2264
Skipped Seq from 2265 to 2267
Skipped Seq from 2275 to 2277
Skipped Seq from 2278 to 2280
Skipped Seq from 2283 to 2285
Skipped Seq from 2287 to 2289
Skipped Seq from 2295 to 2297
Skipped Seq from 2297 to 2299
Skipped Seq from 2299 to 2301
Skipped Seq from 2306 to 2308
Skipped Seq from 2309 to 2311
Skipped Seq from 2311 to 2313
Skipped Seq from 2325 to 2327
Skipped Seq from 2329 to 2331
Skipped Seq from 2332 to 2334
Skipped Seq from 2343 to 2345
Skipped Seq from 2348 to 2350
Skipped Seq from 2364 to 2366
Skipped Seq from 2366 to 2368
Skipped Seq from 2376 to 2378
Skipped Seq from 2378 to 2380
Skipped Seq from 2383 to 2385
Skipped Seq from 2391 to 2393
Skipped Seq from 2394 to 2396
Skipped Seq from 2396 to 2398
Skipped Seq from 2399 to 2401
Skipped Seq from 2406 to 2408
Skipped Seq from 2417 to 2419
Skipped Seq from 2422 to 2425
Skipped Seq from 2428 to 2430
Skipped Seq from 2431 to 2433
Skipped Seq from 2435 to 2437
Skipped Seq from 2437 to 2439
Skipped Seq from 2445 to 2447
Skipped Seq from 2447 to 2449
Skipped Seq from 2451 to 2453
Skipped Seq from 2456 to 2458
Skipped Seq from 2459 to 2461
Skipped Seq from 2462 to 2464
Skipped Seq from 2467 to 2469
Skipped Seq from 2469 to 2471
Skipped Seq from 2471 to 2473
Skipped Seq from 2475 to 2477
Skipped Seq from 2478 to 2480
Skipped Seq from 2480 to 2483
Skipped Seq from 2486 to 2488
Skipped Seq from 2488 to 2490
Skipped Seq from 2493 to 2495
Skipped Seq from 2495 to 2497
Skipped Seq from 2503 to 2506
Skipped Seq from 2509 to 2511
Skipped Seq from 2516 to 2518
Skipped Seq from 2520 to 2522
Skipped Seq from 2527 to 2529
Skipped Seq from 2531 to 2533
Skipped Seq from 2534 to 2536
Skipped Seq from 2541 to 2544
Skipped Seq from 2546 to 2548
Skipped Seq from 2554 to 2556
Skipped Seq from 2561 to 2564
Skipped Seq from 2564 to 2566
Skipped Seq from 2569 to 2571
Skipped Seq from 2583 to 2585
Skipped Seq from 2587 to 2589
Skipped Seq from 2593 to 2595
Skipped Seq from 2597 to 2599
Skipped Seq from 2602 to 2604
Skipped Seq from 2607 to 2609
Skipped Seq from 2609 to 2611
Skipped Seq from 2614 to 2617
Skipped Seq from 2621 to 2623
Skipped Seq from 2623 to 2625
Skipped Seq from 2630 to 2632
Skipped Seq from 2632 to 2635
Skipped Seq from 2636 to 2641
Skipped Seq from 2641 to 2645
Skipped Seq from 2649 to 2651
Skipped Seq from 2651 to 2654
Skipped Seq from 2654 to 2658
Skipped Seq from 2659 to 2661
Skipped Seq from 2662 to 2664
Skipped Seq from 2667 to 2671
Skipped Seq from 2671 to 2673
Skipped Seq from 2673 to 2675
Skipped Seq from 2678 to 2680
Skipped Seq from 2680 to 2683
Skipped Seq from 2683 to 2685
Skipped Seq from 2688 to 2692
Skipped Seq from 2692 to 2694
Skipped Seq from 2694 to 2696
Skipped Seq from 2696 to 2698
Skipped Seq from 2698 to 2700
Skipped Seq from 2700 to 2703
Skipped Seq from 2705 to 2707
Skipped Seq from 2707 to 2709
Skipped Seq from 2709 to 2711
Skipped Seq from 2711 to 2713
Skipped Seq from 2716 to 2718
Skipped Seq from 2718 to 2722
Skipped Seq from 2725 to 2727
Skipped Seq from 2730 to 2733
Skipped Seq from 2733 to 2737
Skipped Seq from 2739 to 2741
Skipped Seq from 2741 to 2745
Skipped Seq from 2745 to 2747
Skipped Seq from 2747 to 2749
Skipped Seq from 2749 to 2751
Skipped Seq from 2751 to 2753
Skipped Seq from 2753 to 2758
Skipped Seq from 2759 to 2763
Skipped Seq from 2764 to 2766
Skipped Seq from 2768 to 2771
Skipped Seq from 2774 to 2776
Skipped Seq from 2776 to 2778
Skipped Seq from 2778 to 2781
Skipped Seq from 2785 to 2787
Skipped Seq from 2787 to 2790
Skipped Seq from 2794 to 2796
Skipped Seq from 2797 to 2800
Skipped Seq from 2800 to 2803
Skipped Seq from 2803 to 2805
Skipped Seq from 2809 to 2811
Skipped Seq from 2812 to 2815
Skipped Seq from 2818 to 2821
Skipped Seq from 2822 to 2825
Skipped Seq from 2825 to 2827
Skipped Seq from 2828 to 2831
Skipped Seq from 2833 to 2835
Skipped Seq from 2835 to 2843
Skipped Seq from 2843 to 2849
Skipped Seq from 2851 to 2853
Skipped Seq from 2858 to 2860
Skipped Seq from 2860 to 2862
Skipped Seq from 2862 to 2864
Skipped Seq from 2864 to 2867
Skipped Seq from 2867 to 2869
Skipped Seq from 2870 to 2873
Skipped Seq from 2873 to 2875
Skipped Seq from 2875 to 2877
Skipped Seq from 2878 to 2885
Skipped Seq from 2888 to 2890
Skipped Seq from 2891 to 2893
Skipped Seq from 2894 to 2897
Skipped Seq from 2897 to 2899
Skipped Seq from 2899 to 2901
Skipped Seq from 2903 to 2905
Skipped Seq from 2906 to 2911
Skipped Seq from 2911 to 2913
Skipped Seq from 2913 to 2918
Skipped Seq from 2918 to 2923
Skipped Seq from 2924 to 2930
Skipped Seq from 2933 to 2935
Skipped Seq from 2935 to 2937
Skipped Seq from 2939 to 2941
Skipped Seq from 2943 to 2948
Skipped Seq from 2948 to 2950
Skipped Seq from 2952 to 2954
Skipped Seq from 2954 to 2956
Skipped Seq from 2958 to 2960
Skipped Seq from 2960 to 2962
Skipped Seq from 2963 to 2965
Skipped Seq from 2965 to 2967
Skipped Seq from 2967 to 2970
Skipped Seq from 2970 to 2972
Skipped Seq from 2978 to 2980
Skipped Seq from 2981 to 2983
Skipped Seq from 2983 to 2985
Skipped Seq from 2985 to 2987
Skipped Seq from 2987 to 2990
Skipped Seq from 2991 to 2993
Skipped Seq from 2994 to 2996
Skipped Seq from 3000 to 3004
Skipped Seq from 3004 to 3006
Skipped Seq from 3006 to 3009
Skipped Seq from 3009 to 3012
Skipped Seq from 3014 to 3016
Skipped Seq from 3019 to 3021
Skipped Seq from 3022 to 3024
Skipped Seq from 3027 to 3030
Skipped Seq from 3030 to 3032
Skipped Seq from 3032 to 3036
Skipped Seq from 3038 to 3041
Skipped Seq from 3041 to 3043
Skipped Seq from 3043 to 3045
Skipped Seq from 3046 to 3048
Skipped Seq from 3048 to 3058
Skipped Seq from 3059 to 3062
Number of times throttled: 4
Received: 2676 / 3062 packets
Start time: 1332835306.957269
End time: 1332835318.721922
Duration: 11.764653
