Starting client at 10.0.0.22:1281 with timeout:10
My IP address is 10.0.0.22Skipped Seq from 1426 to 1428
Skipped Seq from 1429 to 1432
Skipped Seq from 1432 to 1434
Skipped Seq from 1489 to 1491
Skipped Seq from 1509 to 1511
Skipped Seq from 1542 to 1544
Skipped Seq from 1545 to 1547
Skipped Seq from 1555 to 1557
Skipped Seq from 1603 to 1605
Skipped Seq from 1619 to 1621
Skipped Seq from 1625 to 1627
Skipped Seq from 1638 to 1640
Skipped Seq from 1643 to 1646
Skipped Seq from 1653 to 1655
Skipped Seq from 1690 to 1692
Skipped Seq from 1720 to 1723
Skipped Seq from 1725 to 1727
Skipped Seq from 1727 to 1729
Skipped Seq from 1734 to 1736
Skipped Seq from 1752 to 1754
Skipped Seq from 1776 to 1778
Skipped Seq from 1783 to 1785
Skipped Seq from 1813 to 1815
Skipped Seq from 1817 to 1820
Skipped Seq from 1836 to 1838
Skipped Seq from 1840 to 1842
Skipped Seq from 1846 to 1848
Skipped Seq from 1862 to 1865
Skipped Seq from 1878 to 1880
Skipped Seq from 1893 to 1895
Skipped Seq from 1913 to 1915
Skipped Seq from 1921 to 1923
Skipped Seq from 1924 to 1926
Skipped Seq from 1932 to 1934
Skipped Seq from 1945 to 1947
Skipped Seq from 1962 to 1965
Skipped Seq from 1965 to 1967
Skipped Seq from 1967 to 1972
Skipped Seq from 1989 to 1991
Skipped Seq from 1999 to 2001
Skipped Seq from 2001 to 2005
Skipped Seq from 2014 to 2017
Skipped Seq from 2017 to 2019
Skipped Seq from 2019 to 2025
Skipped Seq from 2027 to 2029
Skipped Seq from 2032 to 2035
Skipped Seq from 2035 to 2037
Skipped Seq from 2038 to 2040
Skipped Seq from 2041 to 2043
Skipped Seq from 2043 to 2045
Skipped Seq from 2045 to 2047
Skipped Seq from 2047 to 2049
Skipped Seq from 2052 to 2054
Skipped Seq from 2056 to 2058
Skipped Seq from 2059 to 2061
Skipped Seq from 2061 to 2063
Skipped Seq from 2076 to 2078
Skipped Seq from 2079 to 2081
Skipped Seq from 2081 to 2083
Skipped Seq from 2084 to 2086
Skipped Seq from 2086 to 2089
Skipped Seq from 2089 to 2091
Skipped Seq from 2091 to 2093
Skipped Seq from 2094 to 2096
Skipped Seq from 2096 to 2103
Skipped Seq from 2106 to 2109
Skipped Seq from 2112 to 2114
Skipped Seq from 2114 to 2116
Skipped Seq from 2117 to 2119
Skipped Seq from 2119 to 2121
Skipped Seq from 2121 to 2123
Skipped Seq from 2125 to 2128
Skipped Seq from 2130 to 2133
Skipped Seq from 2135 to 2137
Skipped Seq from 2139 to 2141
Skipped Seq from 2141 to 2143
Skipped Seq from 2144 to 2147
Skipped Seq from 2147 to 2149
Skipped Seq from 2149 to 2151
Skipped Seq from 2156 to 2160
Skipped Seq from 2160 to 2164
Skipped Seq from 2166 to 2169
Skipped Seq from 2170 to 2176
Skipped Seq from 2177 to 2179
Skipped Seq from 2180 to 2182
Skipped Seq from 2184 to 2189
Skipped Seq from 2189 to 2191
Skipped Seq from 2192 to 2196
Skipped Seq from 2196 to 2199
Skipped Seq from 2201 to 2203
Skipped Seq from 2205 to 2208
Skipped Seq from 2209 to 2211
Skipped Seq from 2217 to 2220
Skipped Seq from 2224 to 2227
Skipped Seq from 2227 to 2233
Skipped Seq from 2233 to 2235
Skipped Seq from 2235 to 2237
Skipped Seq from 2246 to 2250
Skipped Seq from 2252 to 2254
Skipped Seq from 2254 to 2256
Skipped Seq from 2257 to 2259
Skipped Seq from 2260 to 2263
Skipped Seq from 2265 to 2268
Skipped Seq from 2270 to 2274
Skipped Seq from 2274 to 2278
Skipped Seq from 2278 to 2281
Skipped Seq from 2281 to 2284
Skipped Seq from 2285 to 2292
Skipped Seq from 2292 to 2294
Skipped Seq from 2294 to 2298
Skipped Seq from 2298 to 2300
Skipped Seq from 2302 to 2304
Skipped Seq from 2308 to 2311
Skipped Seq from 2311 to 2313
Skipped Seq from 2315 to 2320
Skipped Seq from 2320 to 2322
Skipped Seq from 2322 to 2324
Skipped Seq from 2329 to 2331
Skipped Seq from 2333 to 2336
Skipped Seq from 2336 to 2339
Skipped Seq from 2339 to 2343
Skipped Seq from 2345 to 2348
Skipped Seq from 2349 to 2351
Skipped Seq from 2351 to 2353
Skipped Seq from 2355 to 2357
Skipped Seq from 2363 to 2365
Skipped Seq from 2367 to 2369
Skipped Seq from 2373 to 2375
Skipped Seq from 2376 to 2378
Skipped Seq from 2395 to 2397
Skipped Seq from 2410 to 2412
Skipped Seq from 2439 to 2441
Skipped Seq from 2441 to 2443
Skipped Seq from 2445 to 2448
Skipped Seq from 2455 to 2457
Skipped Seq from 2464 to 2466
Skipped Seq from 2483 to 2485
Skipped Seq from 2498 to 2500
Skipped Seq from 2505 to 2508
Skipped Seq from 2513 to 2515
Skipped Seq from 2529 to 2531
Skipped Seq from 2534 to 2536
Skipped Seq from 2539 to 2541
Skipped Seq from 2562 to 2565
Skipped Seq from 2592 to 2595
Skipped Seq from 2628 to 2630
Skipped Seq from 2637 to 2639
Skipped Seq from 2645 to 2648
Skipped Seq from 2657 to 2659
Skipped Seq from 2660 to 2662
Skipped Seq from 2665 to 2667
Skipped Seq from 2689 to 2691
Skipped Seq from 2694 to 2696
Skipped Seq from 2697 to 2699
Skipped Seq from 2700 to 2703
Skipped Seq from 2721 to 2723
Skipped Seq from 2734 to 2736
Skipped Seq from 2736 to 2739
Skipped Seq from 2751 to 2753
Skipped Seq from 2770 to 2772
Skipped Seq from 2789 to 2791
Skipped Seq from 2793 to 2795
Skipped Seq from 2799 to 2801
Skipped Seq from 2829 to 2831
Skipped Seq from 2849 to 2851
Skipped Seq from 2853 to 2855
Skipped Seq from 2863 to 2865
Skipped Seq from 2872 to 2874
Skipped Seq from 2879 to 2882
Skipped Seq from 2883 to 2885
Skipped Seq from 2885 to 2887
Skipped Seq from 2888 to 2891
Skipped Seq from 2891 to 2893
Skipped Seq from 2896 to 2898
Skipped Seq from 2900 to 2902
Skipped Seq from 2904 to 2906
Skipped Seq from 2906 to 2908
Skipped Seq from 2909 to 2913
Skipped Seq from 2913 to 2915
Skipped Seq from 2916 to 2920
Skipped Seq from 2928 to 2930
Skipped Seq from 2932 to 2934
Skipped Seq from 2935 to 2937
Skipped Seq from 2938 to 2940
Skipped Seq from 2941 to 2944
Skipped Seq from 2949 to 2951
Skipped Seq from 2955 to 2958
Skipped Seq from 2959 to 2961
Skipped Seq from 2962 to 2964
Skipped Seq from 2969 to 2975
Skipped Seq from 2978 to 2980
Skipped Seq from 2980 to 2984
Skipped Seq from 2994 to 2996
Skipped Seq from 2998 to 3002
Skipped Seq from 3006 to 3008
Skipped Seq from 3009 to 3011
Skipped Seq from 3016 to 3018
Skipped Seq from 3024 to 3026
Skipped Seq from 3026 to 3029
Skipped Seq from 3031 to 3033
Skipped Seq from 3033 to 3036
Skipped Seq from 3041 to 3044
Skipped Seq from 3044 to 3046
Skipped Seq from 3048 to 3051
Skipped Seq from 3055 to 3059
Skipped Seq from 3060 to 3063
Skipped Seq from 3063 to 3065
Skipped Seq from 3068 to 3070
Skipped Seq from 3081 to 3085
Skipped Seq from 3087 to 3089
Skipped Seq from 3091 to 3093
Skipped Seq from 3093 to 3095
Skipped Seq from 3095 to 3097
Skipped Seq from 3098 to 3102
Skipped Seq from 3106 to 3109
Skipped Seq from 3116 to 3118
Skipped Seq from 3129 to 3132
Skipped Seq from 3133 to 3137
Skipped Seq from 3142 to 3144
Skipped Seq from 3147 to 3151
Skipped Seq from 3153 to 3156
Skipped Seq from 3161 to 3163
Skipped Seq from 3172 to 3174
Skipped Seq from 3178 to 3181
Skipped Seq from 3187 to 3190
Skipped Seq from 3213 to 3215
Skipped Seq from 3219 to 3221
Skipped Seq from 3227 to 3232
Skipped Seq from 3232 to 3234
Skipped Seq from 3235 to 3238
Skipped Seq from 3238 to 3240
Skipped Seq from 3247 to 3249
Skipped Seq from 3249 to 3251
Skipped Seq from 3252 to 3254
Skipped Seq from 3255 to 3258
Skipped Seq from 3258 to 3264
Skipped Seq from 3264 to 3266
Skipped Seq from 3266 to 3268
Skipped Seq from 3268 to 3270
Skipped Seq from 3270 to 3272
Skipped Seq from 3272 to 3274
Skipped Seq from 3274 to 3281
Skipped Seq from 3281 to 3283
Skipped Seq from 3284 to 3286
Skipped Seq from 3287 to 3290
Skipped Seq from 3291 to 3293
Skipped Seq from 3293 to 3295
Skipped Seq from 3295 to 3297
Skipped Seq from 3298 to 3300
Skipped Seq from 3300 to 3302
Skipped Seq from 3303 to 3311
Skipped Seq from 3311 to 3313
Skipped Seq from 3314 to 3316
Skipped Seq from 3316 to 3318
Skipped Seq from 3318 to 3320
Skipped Seq from 3320 to 3328
Skipped Seq from 3328 to 3330
Skipped Seq from 3330 to 3332
Skipped Seq from 3332 to 3334
Skipped Seq from 3334 to 3336
Skipped Seq from 3336 to 3341
Skipped Seq from 3341 to 3343
Skipped Seq from 3343 to 3345
Skipped Seq from 3345 to 3349
Skipped Seq from 3349 to 3351
Skipped Seq from 3351 to 3353
Skipped Seq from 3353 to 3355
Skipped Seq from 3356 to 3358
Skipped Seq from 3358 to 3360
Skipped Seq from 3360 to 3362
Skipped Seq from 3362 to 3364
Skipped Seq from 3364 to 3366
Skipped Seq from 3366 to 3368
Skipped Seq from 3368 to 3370
Skipped Seq from 3371 to 3373
Skipped Seq from 3373 to 3375
Skipped Seq from 3375 to 3377
Skipped Seq from 3377 to 3379
Skipped Seq from 3379 to 3386
Skipped Seq from 3386 to 3388
Skipped Seq from 3388 to 3390
Skipped Seq from 3390 to 3392
Skipped Seq from 3392 to 3394
Skipped Seq from 3394 to 3396
Skipped Seq from 3396 to 3398
Skipped Seq from 3398 to 3405
Skipped Seq from 3405 to 3407
Skipped Seq from 3407 to 3409
Skipped Seq from 3409 to 3411
Skipped Seq from 3411 to 3413
Skipped Seq from 3415 to 3417
Skipped Seq from 3417 to 3419
Skipped Seq from 3421 to 3423
Skipped Seq from 3423 to 3425
Skipped Seq from 3425 to 3427
Skipped Seq from 3427 to 3429
Skipped Seq from 3429 to 3432
Skipped Seq from 3432 to 3434
Skipped Seq from 3434 to 3436
Skipped Seq from 3436 to 3438
Skipped Seq from 3438 to 3440
Skipped Seq from 3440 to 3442
Skipped Seq from 3443 to 3447
Skipped Seq from 3447 to 3449
Skipped Seq from 3450 to 3453
Skipped Seq from 3453 to 3455
Skipped Seq from 3455 to 3457
Skipped Seq from 3457 to 3459
Skipped Seq from 3459 to 3461
Skipped Seq from 3461 to 3464
Skipped Seq from 3464 to 3470
Skipped Seq from 3471 to 3473
Skipped Seq from 3473 to 3475
Skipped Seq from 3475 to 3479
Skipped Seq from 3480 to 3483
Skipped Seq from 3483 to 3485
Skipped Seq from 3486 to 3495
Skipped Seq from 3495 to 3497
Skipped Seq from 3497 to 3499
Skipped Seq from 3499 to 3501
Skipped Seq from 3501 to 3505
Skipped Seq from 3506 to 3508
Skipped Seq from 3510 to 3512
Skipped Seq from 3512 to 3517
Skipped Seq from 3517 to 3519
Skipped Seq from 3521 to 3525
Skipped Seq from 3525 to 3527
Skipped Seq from 3527 to 3529
Skipped Seq from 3529 to 3531
Skipped Seq from 3531 to 3533
Skipped Seq from 3533 to 3535
Skipped Seq from 3536 to 3538
Skipped Seq from 3538 to 3540
Skipped Seq from 3540 to 3547
Skipped Seq from 3547 to 3549
Skipped Seq from 3549 to 3551
Skipped Seq from 3551 to 3553
Skipped Seq from 3554 to 3556
Skipped Seq from 3556 to 3558
Skipped Seq from 3561 to 3569
Skipped Seq from 3569 to 3571
Skipped Seq from 3571 to 3573
Skipped Seq from 3573 to 3575
Skipped Seq from 3575 to 3577
Skipped Seq from 3577 to 3580
Skipped Seq from 3580 to 3582
Skipped Seq from 3582 to 3584
Skipped Seq from 3584 to 3586
Skipped Seq from 3586 to 3588
Skipped Seq from 3588 to 3592
Skipped Seq from 3592 to 3599
Skipped Seq from 3599 to 3602
Skipped Seq from 3602 to 3605
Skipped Seq from 3605 to 3608
Skipped Seq from 3608 to 3611
Skipped Seq from 3611 to 3618
Skipped Seq from 3618 to 3621
Skipped Seq from 3621 to 3627
Skipped Seq from 3628 to 3633
Skipped Seq from 3633 to 3637
Skipped Seq from 3640 to 3643
Skipped Seq from 3647 to 3649
Skipped Seq from 3649 to 3653
Skipped Seq from 3653 to 3655
Skipped Seq from 3662 to 3664
Skipped Seq from 3668 to 3670
Skipped Seq from 3672 to 3676
Skipped Seq from 3676 to 3678
Skipped Seq from 3681 to 3684
Skipped Seq from 3685 to 3687
Skipped Seq from 3688 to 3692
Skipped Seq from 3693 to 3698
Skipped Seq from 3699 to 3702
Skipped Seq from 3702 to 3704
Skipped Seq from 3748 to 3750
Skipped Seq from 3750 to 3752
Skipped Seq from 7735 to 7737
Skipped Seq from 7737 to 7740
Skipped Seq from 7740 to 7743
Skipped Seq from 7743 to 7748
Skipped Seq from 7748 to 7751
Skipped Seq from 7753 to 7755
Skipped Seq from 7756 to 7759
Skipped Seq from 7763 to 7766
Skipped Seq from 7767 to 7769
Skipped Seq from 7770 to 7772
Skipped Seq from 7778 to 7780
Skipped Seq from 7780 to 7782
Skipped Seq from 7783 to 7787
Skipped Seq from 7791 to 7793
Skipped Seq from 7799 to 7802
Skipped Seq from 7804 to 7806
Skipped Seq from 7806 to 7808
Skipped Seq from 7811 to 7813
Skipped Seq from 7819 to 7822
Skipped Seq from 7824 to 7826
Skipped Seq from 7828 to 7832
Skipped Seq from 7832 to 7834
Skipped Seq from 7834 to 7836
Skipped Seq from 7836 to 7840
Skipped Seq from 7840 to 7842
Skipped Seq from 7844 to 7846
Skipped Seq from 7846 to 7849
Skipped Seq from 7850 to 7852
Skipped Seq from 7853 to 7858
Skipped Seq from 7859 to 7861
Skipped Seq from 7862 to 7864
Skipped Seq from 7866 to 7868
Skipped Seq from 7868 to 7870
Skipped Seq from 7871 to 7873
Skipped Seq from 7874 to 7876
Skipped Seq from 7877 to 7879
Skipped Seq from 7880 to 7882
Skipped Seq from 7882 to 7885
Skipped Seq from 7896 to 7898
Skipped Seq from 7900 to 7902
Skipped Seq from 7902 to 7904
Skipped Seq from 7904 to 7911
Skipped Seq from 7911 to 7915
Skipped Seq from 7915 to 7918
Skipped Seq from 7918 to 7920
Skipped Seq from 7921 to 7923
Skipped Seq from 7924 to 7926
Skipped Seq from 7926 to 7929
Skipped Seq from 7929 to 7932
Skipped Seq from 7935 to 7938
Skipped Seq from 7938 to 7940
Skipped Seq from 7940 to 7942
Skipped Seq from 7942 to 7946
Skipped Seq from 7946 to 7948
Skipped Seq from 7949 to 7954
Skipped Seq from 7954 to 7956
Skipped Seq from 7956 to 7958
Skipped Seq from 7958 to 7960
Skipped Seq from 7961 to 7963
Skipped Seq from 7975 to 7977
Skipped Seq from 7980 to 7982
Skipped Seq from 7985 to 7987
Skipped Seq from 7990 to 7992
Skipped Seq from 7999 to 8001
Skipped Seq from 8002 to 8004
Skipped Seq from 8005 to 8011
Skipped Seq from 8016 to 8019
Skipped Seq from 8021 to 8023
Skipped Seq from 8029 to 8031
Skipped Seq from 8035 to 8037
Skipped Seq from 8037 to 8040
Skipped Seq from 8040 to 8042
Skipped Seq from 8042 to 8045
Skipped Seq from 8046 to 8051
Skipped Seq from 8052 to 8055
Skipped Seq from 8055 to 8057
Skipped Seq from 8059 to 8061
Skipped Seq from 8062 to 8064
Skipped Seq from 8064 to 8067
Skipped Seq from 8067 to 8070
Skipped Seq from 8074 to 8076
Skipped Seq from 8076 to 8079
Skipped Seq from 8082 to 8084
Skipped Seq from 8087 to 8090
Skipped Seq from 8094 to 8096
Skipped Seq from 8103 to 8105
Skipped Seq from 8105 to 8107
Skipped Seq from 8114 to 8116
Skipped Seq from 8121 to 8124
Skipped Seq from 8124 to 8127
Skipped Seq from 8127 to 8129
Skipped Seq from 8129 to 8132
Skipped Seq from 8140 to 8142
Skipped Seq from 8147 to 8149
Skipped Seq from 8150 to 8152
Skipped Seq from 8153 to 8155
Skipped Seq from 8155 to 8157
Skipped Seq from 8157 to 8159
Skipped Seq from 8159 to 8162
Skipped Seq from 8162 to 8164
Skipped Seq from 8165 to 8167
Skipped Seq from 8169 to 8171
Skipped Seq from 8171 to 8173
Skipped Seq from 8173 to 8175
Skipped Seq from 8178 to 8180
Skipped Seq from 8180 to 8182
Skipped Seq from 8184 to 8186
Skipped Seq from 8186 to 8188
Skipped Seq from 8188 to 8191
Skipped Seq from 8192 to 8195
Skipped Seq from 8195 to 8199
Skipped Seq from 8199 to 8203
Skipped Seq from 8205 to 8207
Skipped Seq from 8207 to 8210
Skipped Seq from 8210 to 8212
Skipped Seq from 8212 to 8216
Skipped Seq from 8217 to 8219
Skipped Seq from 8220 to 8222
Skipped Seq from 8222 to 8224
Skipped Seq from 8224 to 8226
Skipped Seq from 8228 to 8230
Skipped Seq from 8230 to 8233
Skipped Seq from 8237 to 8240
Skipped Seq from 8244 to 8246
Skipped Seq from 8246 to 8249
Skipped Seq from 8266 to 8268
Skipped Seq from 8270 to 8272
Skipped Seq from 8277 to 8279
Skipped Seq from 8280 to 8284
Skipped Seq from 8286 to 8289
Skipped Seq from 8292 to 8296
Skipped Seq from 8297 to 8299
Skipped Seq from 8302 to 8306
Skipped Seq from 8310 to 8312
Skipped Seq from 8312 to 8314
Skipped Seq from 8314 to 8317
Skipped Seq from 8317 to 8319
Skipped Seq from 8319 to 8323
Skipped Seq from 8324 to 8329
Skipped Seq from 8329 to 8331
Skipped Seq from 8331 to 8333
Skipped Seq from 8335 to 8337
Skipped Seq from 8337 to 8342
Skipped Seq from 8342 to 8347
Skipped Seq from 8347 to 8349
Skipped Seq from 8349 to 8351
Skipped Seq from 8351 to 8353
Skipped Seq from 8353 to 8355
Skipped Seq from 8355 to 8357
Skipped Seq from 8357 to 8359
Skipped Seq from 8359 to 8362
Skipped Seq from 8363 to 8367
Skipped Seq from 8367 to 8371
Skipped Seq from 8372 to 8378
Skipped Seq from 8378 to 8380
Skipped Seq from 8380 to 8384
Skipped Seq from 8384 to 8386
Skipped Seq from 8386 to 8390
Skipped Seq from 8394 to 8396
Skipped Seq from 8397 to 8399
Skipped Seq from 8400 to 8402
Skipped Seq from 8404 to 8406
Skipped Seq from 8407 to 8410
Skipped Seq from 8411 to 8417
Skipped Seq from 8417 to 8420
Skipped Seq from 8421 to 8423
Skipped Seq from 8423 to 8425
Skipped Seq from 8425 to 8427
Skipped Seq from 8427 to 8429
Skipped Seq from 8429 to 8432
Skipped Seq from 8432 to 8434
Skipped Seq from 8438 to 8440
Skipped Seq from 8443 to 8445
Skipped Seq from 8452 to 8455
Skipped Seq from 8458 to 8460
Skipped Seq from 8461 to 8464
Skipped Seq from 8466 to 8468
Skipped Seq from 8470 to 8472
Skipped Seq from 8472 to 8475
Skipped Seq from 8476 to 8478
Skipped Seq from 8478 to 8480
Skipped Seq from 8480 to 8490
Skipped Seq from 8493 to 8496
Skipped Seq from 8496 to 8498
Skipped Seq from 8498 to 8502
Skipped Seq from 8505 to 8507
Skipped Seq from 8512 to 8514
Skipped Seq from 8516 to 8520
Skipped Seq from 8523 to 8525
Skipped Seq from 8530 to 8532
Skipped Seq from 8533 to 8536
Skipped Seq from 8536 to 8538
Skipped Seq from 8538 to 8541
Skipped Seq from 8541 to 8544
Skipped Seq from 8546 to 8548
Skipped Seq from 8548 to 8550
Skipped Seq from 8550 to 8553
Skipped Seq from 8556 to 8558
Skipped Seq from 8558 to 8561
Skipped Seq from 8564 to 8566
Skipped Seq from 8568 to 8571
Skipped Seq from 8571 to 8574
Skipped Seq from 8574 to 8578
Skipped Seq from 8580 to 8583
Skipped Seq from 8585 to 8587
Skipped Seq from 8587 to 8589
Skipped Seq from 8589 to 8592
Skipped Seq from 8593 to 8597
Skipped Seq from 8604 to 8606
Skipped Seq from 8611 to 8615
Skipped Seq from 8615 to 8618
Skipped Seq from 8618 to 8620
Skipped Seq from 8620 to 8623
Skipped Seq from 8626 to 8628
Skipped Seq from 8630 to 8632
Skipped Seq from 8640 to 8642
Skipped Seq from 8645 to 8647
Skipped Seq from 8665 to 8667
Skipped Seq from 8670 to 8672
Skipped Seq from 8682 to 8684
Skipped Seq from 8685 to 8687
Skipped Seq from 8690 to 8692
Skipped Seq from 8696 to 8698
Skipped Seq from 8702 to 8704
Skipped Seq from 8708 to 8712
Skipped Seq from 8712 to 8714
Skipped Seq from 8714 to 8720
Skipped Seq from 8721 to 8724
Skipped Seq from 8724 to 8726
Skipped Seq from 8731 to 8733
Skipped Seq from 8736 to 8739
Skipped Seq from 8739 to 8742
Skipped Seq from 8742 to 8744
Skipped Seq from 8744 to 8746
Skipped Seq from 8755 to 8757
Skipped Seq from 8759 to 8761
Skipped Seq from 8766 to 8772
Skipped Seq from 8773 to 8776
Skipped Seq from 8776 to 8778
Skipped Seq from 8778 to 8780
Skipped Seq from 8782 to 8784
Skipped Seq from 8784 to 8786
Skipped Seq from 8794 to 8796
Skipped Seq from 8799 to 8801
Skipped Seq from 8803 to 8805
Skipped Seq from 8805 to 8808
Skipped Seq from 8808 to 8810
Skipped Seq from 8818 to 8820
Skipped Seq from 8820 to 8822
Skipped Seq from 8823 to 8825
Skipped Seq from 8830 to 8832
Skipped Seq from 8835 to 8838
Skipped Seq from 8839 to 8841
Skipped Seq from 8841 to 8843
Skipped Seq from 8847 to 8849
Skipped Seq from 8850 to 8852
Skipped Seq from 8858 to 8860
Skipped Seq from 8861 to 8863
Skipped Seq from 8863 to 8866
Skipped Seq from 8866 to 8870
Skipped Seq from 8870 to 8872
Skipped Seq from 8872 to 8875
Skipped Seq from 8885 to 8887
Skipped Seq from 8887 to 8889
Skipped Seq from 8891 to 8893
Skipped Seq from 8902 to 8905
Skipped Seq from 8906 to 8909
Skipped Seq from 8910 to 8914
Skipped Seq from 8914 to 8917
Skipped Seq from 8917 to 8919
Skipped Seq from 8919 to 8921
Skipped Seq from 8925 to 8927
Skipped Seq from 8927 to 8930
Skipped Seq from 8930 to 8932
Skipped Seq from 8932 to 8934
Skipped Seq from 8936 to 8939
Skipped Seq from 8940 to 8943
Skipped Seq from 8946 to 8950
Skipped Seq from 8951 to 8954
Skipped Seq from 8955 to 8957
Skipped Seq from 8961 to 8965
Skipped Seq from 8967 to 8969
Skipped Seq from 8974 to 8976
Skipped Seq from 8977 to 8979
Skipped Seq from 8979 to 8984
Skipped Seq from 8984 to 8992
Skipped Seq from 8992 to 8994
Skipped Seq from 8998 to 9000
Skipped Seq from 9000 to 9002
Skipped Seq from 9002 to 9008
Skipped Seq from 9010 to 9013
Skipped Seq from 9014 to 9018
Skipped Seq from 9018 to 9023
Skipped Seq from 9024 to 9030
Skipped Seq from 9030 to 9032
Skipped Seq from 9032 to 9034
Skipped Seq from 9035 to 9037
Skipped Seq from 9037 to 9042
Skipped Seq from 9042 to 9045
Skipped Seq from 9045 to 9048
Skipped Seq from 9048 to 9051
Skipped Seq from 9052 to 9054
Skipped Seq from 9054 to 9062
Skipped Seq from 9062 to 9065
Skipped Seq from 9066 to 9071
Skipped Seq from 9071 to 9073
Skipped Seq from 9077 to 9080
Skipped Seq from 9080 to 9088
Skipped Seq from 9088 to 9090
Skipped Seq from 9091 to 9093
Skipped Seq from 9093 to 9099
Skipped Seq from 9099 to 9105
Skipped Seq from 9105 to 9108
Skipped Seq from 9109 to 9112
Skipped Seq from 9114 to 9117
Skipped Seq from 9118 to 9120
Skipped Seq from 9120 to 9122
Skipped Seq from 9122 to 9127
Skipped Seq from 9127 to 9132
Skipped Seq from 9132 to 9141
Skipped Seq from 9143 to 9147
Skipped Seq from 9147 to 9151
Skipped Seq from 9151 to 9154
Skipped Seq from 9154 to 9162
Skipped Seq from 9162 to 9169
Skipped Seq from 9171 to 9175
Skipped Seq from 9176 to 9178
Skipped Seq from 9178 to 9181
Skipped Seq from 9182 to 9188
Skipped Seq from 9189 to 9191
Skipped Seq from 9191 to 9193
Skipped Seq from 9193 to 9195
Skipped Seq from 9195 to 9198
Skipped Seq from 9199 to 9201
Skipped Seq from 9201 to 9205
Skipped Seq from 9205 to 9208
Skipped Seq from 9209 to 9211
Skipped Seq from 9212 to 9214
Skipped Seq from 9214 to 9216
Skipped Seq from 9216 to 9219
Skipped Seq from 9219 to 9221
Skipped Seq from 9221 to 9226
Skipped Seq from 9226 to 9229
Skipped Seq from 9229 to 9231
Skipped Seq from 9231 to 9234
Skipped Seq from 9235 to 9239
Skipped Seq from 9239 to 9242
Skipped Seq from 9242 to 9244
Skipped Seq from 9244 to 9247
Skipped Seq from 9249 to 9252
Skipped Seq from 9252 to 9261
Skipped Seq from 9261 to 9271
Skipped Seq from 9273 to 9275
Skipped Seq from 9278 to 9281
Skipped Seq from 9283 to 9286
Skipped Seq from 9286 to 9288
Skipped Seq from 9288 to 9290
Skipped Seq from 9290 to 9294
Skipped Seq from 9294 to 9299
Skipped Seq from 9302 to 9305
Skipped Seq from 9305 to 9307
Skipped Seq from 9308 to 9314
Skipped Seq from 9314 to 9317
Skipped Seq from 9317 to 9319
Skipped Seq from 9319 to 9322
Skipped Seq from 9322 to 9327
Skipped Seq from 9327 to 9331
Skipped Seq from 9331 to 9334
Skipped Seq from 9334 to 9340
Skipped Seq from 9340 to 9346
Skipped Seq from 9346 to 9348
Skipped Seq from 9348 to 9352
Skipped Seq from 9352 to 9354
Skipped Seq from 9354 to 9357
Skipped Seq from 9357 to 9359
Skipped Seq from 9359 to 9361
Skipped Seq from 9361 to 9363
Skipped Seq from 9363 to 9367
Skipped Seq from 9367 to 9373
Skipped Seq from 9373 to 9375
Skipped Seq from 9375 to 9377
Skipped Seq from 9377 to 9380
Skipped Seq from 9380 to 9384
Skipped Seq from 9384 to 9387
Skipped Seq from 9387 to 9389
Skipped Seq from 9389 to 9394
Skipped Seq from 9394 to 9396
Skipped Seq from 9396 to 9398
Skipped Seq from 9398 to 9402
Skipped Seq from 9402 to 9406
Skipped Seq from 9406 to 9409
Skipped Seq from 9410 to 9413
Skipped Seq from 9413 to 9415
Skipped Seq from 9415 to 9417
Skipped Seq from 9417 to 9420
Skipped Seq from 9420 to 9424
Skipped Seq from 9425 to 9428
Skipped Seq from 9429 to 9431
Skipped Seq from 9431 to 9438
Skipped Seq from 9438 to 9440
Skipped Seq from 9440 to 9442
Skipped Seq from 9442 to 9455
Skipped Seq from 9455 to 9463
Skipped Seq from 9463 to 9470
Skipped Seq from 9470 to 9472
Skipped Seq from 9472 to 9478
Skipped Seq from 9478 to 9483
Skipped Seq from 9484 to 9491
Skipped Seq from 9492 to 9495
Skipped Seq from 9497 to 9499
Skipped Seq from 9499 to 9502
Skipped Seq from 9502 to 9507
Skipped Seq from 9507 to 9513
Skipped Seq from 9513 to 9518
Skipped Seq from 9518 to 9520
Skipped Seq from 9520 to 9524
Skipped Seq from 9525 to 9527
Skipped Seq from 9527 to 9533
Skipped Seq from 9533 to 9535
Skipped Seq from 9535 to 9539
Skipped Seq from 9539 to 9541
Skipped Seq from 9541 to 9549
Skipped Seq from 9549 to 9551
Skipped Seq from 9551 to 9553
Skipped Seq from 9554 to 9558
Skipped Seq from 9558 to 9560
Skipped Seq from 9560 to 9564
Skipped Seq from 9564 to 9566
Skipped Seq from 9566 to 9569
Skipped Seq from 9570 to 9573
Skipped Seq from 9573 to 9576
Skipped Seq from 9576 to 9580
Skipped Seq from 9581 to 9583
Skipped Seq from 9583 to 9586
Skipped Seq from 9586 to 9588
Skipped Seq from 9589 to 9591
Skipped Seq from 9591 to 9593
Skipped Seq from 9593 to 9595
Skipped Seq from 9595 to 9605
Skipped Seq from 9605 to 9607
Skipped Seq from 9607 to 9610
Skipped Seq from 9611 to 9613
Skipped Seq from 9613 to 9615
Skipped Seq from 9615 to 9618
Skipped Seq from 9618 to 9620
Skipped Seq from 9620 to 9622
Skipped Seq from 9622 to 9630
Skipped Seq from 9630 to 9637
Skipped Seq from 9638 to 9641
Skipped Seq from 9642 to 9647
Skipped Seq from 9647 to 9653
Skipped Seq from 9653 to 9656
Skipped Seq from 9656 to 9658
Skipped Seq from 9658 to 9661
Skipped Seq from 9661 to 9663
Skipped Seq from 9663 to 9667
Skipped Seq from 9667 to 9669
Skipped Seq from 9669 to 9671
Skipped Seq from 9671 to 9674
Skipped Seq from 9674 to 9681
Skipped Seq from 9681 to 9685
Skipped Seq from 9685 to 9687
Skipped Seq from 9687 to 9689
Skipped Seq from 9689 to 9694
Skipped Seq from 9694 to 9699
Skipped Seq from 9701 to 9706
Skipped Seq from 9708 to 9710
Skipped Seq from 9710 to 9718
Skipped Seq from 9718 to 9720
Skipped Seq from 9720 to 9724
Skipped Seq from 9724 to 9729
Skipped Seq from 9730 to 9734
Skipped Seq from 9734 to 9739
Skipped Seq from 9739 to 9745
Skipped Seq from 9745 to 9748
Skipped Seq from 9748 to 9756
Skipped Seq from 9756 to 9760
Skipped Seq from 9760 to 9765
Skipped Seq from 9765 to 9769
Skipped Seq from 9769 to 9776
Skipped Seq from 9776 to 9781
Skipped Seq from 9781 to 9784
Skipped Seq from 9785 to 9791
Skipped Seq from 9791 to 9794
Skipped Seq from 9794 to 9799
Skipped Seq from 9799 to 9805
Skipped Seq from 9805 to 9811
Skipped Seq from 9811 to 9814
Skipped Seq from 9814 to 9817
Skipped Seq from 9817 to 9823
Skipped Seq from 9823 to 9828
Skipped Seq from 9828 to 9832
Skipped Seq from 9832 to 9837
Skipped Seq from 9837 to 9839
Skipped Seq from 9839 to 9841
Skipped Seq from 9841 to 9844
Skipped Seq from 9844 to 9846
Skipped Seq from 9846 to 9850
Skipped Seq from 9850 to 9853
Skipped Seq from 9855 to 9862
Skipped Seq from 9862 to 9865
Skipped Seq from 9865 to 9867
Skipped Seq from 9867 to 9869
Skipped Seq from 9870 to 9873
Skipped Seq from 9873 to 9875
Skipped Seq from 9875 to 9877
Skipped Seq from 9877 to 9880
Skipped Seq from 9880 to 9882
Skipped Seq from 9882 to 9884
Skipped Seq from 9884 to 9887
Skipped Seq from 9887 to 9890
Skipped Seq from 9890 to 9895
Skipped Seq from 9895 to 9897
Skipped Seq from 9897 to 9904
Skipped Seq from 9905 to 9908
Skipped Seq from 9908 to 9911
Skipped Seq from 9911 to 9913
Skipped Seq from 9913 to 9916
Skipped Seq from 9916 to 9919
Skipped Seq from 9919 to 9923
Skipped Seq from 9923 to 9926
Skipped Seq from 9926 to 9929
Skipped Seq from 9929 to 9931
Skipped Seq from 9931 to 9935
Skipped Seq from 9935 to 9938
Skipped Seq from 9938 to 9940
Skipped Seq from 9940 to 9944
Skipped Seq from 9944 to 9947
Skipped Seq from 9947 to 9949
Skipped Seq from 9949 to 9952
Skipped Seq from 9952 to 9954
Skipped Seq from 9954 to 9956
Skipped Seq from 9956 to 9958
Skipped Seq from 9958 to 9964
Skipped Seq from 9964 to 9966
Skipped Seq from 9966 to 9969
Skipped Seq from 9970 to 9973
Skipped Seq from 9974 to 9976
Skipped Seq from 9976 to 9978
Skipped Seq from 9978 to 9981
Skipped Seq from 9981 to 9985
Skipped Seq from 9985 to 9987
Skipped Seq from 9987 to 9990
Skipped Seq from 9992 to 9994
Skipped Seq from 9994 to 9996
Skipped Seq from 9996 to 9998
Skipped Seq from 9998 to 10000
Skipped Seq from 10000 to 10002
Skipped Seq from 10002 to 10006
Skipped Seq from 10006 to 10008
Skipped Seq from 10008 to 10010
Skipped Seq from 10010 to 10012
Skipped Seq from 10012 to 10014
Skipped Seq from 10014 to 10016
Skipped Seq from 10016 to 10019
Skipped Seq from 10019 to 10021
Skipped Seq from 10021 to 10023
Skipped Seq from 10023 to 10026
Skipped Seq from 10026 to 10028
Skipped Seq from 10028 to 10032
Skipped Seq from 10032 to 10034
Skipped Seq from 10034 to 10038
Skipped Seq from 10038 to 10041
Skipped Seq from 10041 to 10044
Skipped Seq from 10044 to 10049
Skipped Seq from 10049 to 10054
Skipped Seq from 10054 to 10057
Skipped Seq from 10057 to 10061
Skipped Seq from 10061 to 10066
Skipped Seq from 10066 to 10069
Skipped Seq from 10069 to 10072
Skipped Seq from 10072 to 10074
Skipped Seq from 10074 to 10077
Skipped Seq from 10077 to 10079
Skipped Seq from 10079 to 10084
Skipped Seq from 10084 to 10086
Skipped Seq from 10086 to 10090
Skipped Seq from 10090 to 10092
Skipped Seq from 10092 to 10095
Skipped Seq from 10095 to 10098
Skipped Seq from 10098 to 10100
Skipped Seq from 10100 to 10103
Skipped Seq from 10103 to 10107
Skipped Seq from 10107 to 10110
Skipped Seq from 10110 to 10112
Skipped Seq from 10112 to 10115
Skipped Seq from 10115 to 10117
Skipped Seq from 10117 to 10120
Skipped Seq from 10120 to 10122
Skipped Seq from 10122 to 10124
Skipped Seq from 10124 to 10127
Skipped Seq from 10127 to 10130
Skipped Seq from 10130 to 10135
Skipped Seq from 10135 to 10138
Skipped Seq from 10138 to 10144
Skipped Seq from 10144 to 10148
Skipped Seq from 10148 to 10150
Skipped Seq from 10150 to 10152
Skipped Seq from 10152 to 10155
Skipped Seq from 10155 to 10164
Skipped Seq from 10164 to 10167
Skipped Seq from 10167 to 10169
Skipped Seq from 10169 to 10174
Skipped Seq from 10174 to 10177
Skipped Seq from 10177 to 10184
Skipped Seq from 10184 to 10186
Skipped Seq from 10186 to 10189
Skipped Seq from 10189 to 10192
Skipped Seq from 10192 to 10194
Skipped Seq from 10194 to 10196
Skipped Seq from 10196 to 10200
Skipped Seq from 10201 to 10206
Skipped Seq from 10206 to 10212
Skipped Seq from 10212 to 10215
Skipped Seq from 10215 to 10223
Skipped Seq from 10223 to 10227
Skipped Seq from 10227 to 10231
Skipped Seq from 10232 to 10235
Skipped Seq from 10235 to 10238
Skipped Seq from 10238 to 10240
Skipped Seq from 10240 to 10244
Skipped Seq from 10244 to 10246
Skipped Seq from 10246 to 10248
Skipped Seq from 10248 to 10251
Skipped Seq from 10251 to 10254
Skipped Seq from 10254 to 10265
Skipped Seq from 10266 to 10270
Skipped Seq from 10270 to 10272
Skipped Seq from 10272 to 10277
Skipped Seq from 10277 to 10281
Skipped Seq from 10281 to 10283
Skipped Seq from 10283 to 10286
Skipped Seq from 10286 to 10294
Skipped Seq from 10294 to 10296
Skipped Seq from 10296 to 10298
Skipped Seq from 10298 to 10302
Skipped Seq from 10302 to 10304
Skipped Seq from 10304 to 10307
Skipped Seq from 10307 to 10310
Skipped Seq from 10311 to 10314
Skipped Seq from 10314 to 10316
Skipped Seq from 10316 to 10325
Skipped Seq from 10325 to 10329
Skipped Seq from 10329 to 10331
Skipped Seq from 10331 to 10335
Skipped Seq from 10335 to 10337
Skipped Seq from 10337 to 10343
Skipped Seq from 10344 to 10348
Skipped Seq from 10348 to 10351
Skipped Seq from 10351 to 10355
Skipped Seq from 10355 to 10357
Skipped Seq from 10357 to 10360
Skipped Seq from 10360 to 10365
Skipped Seq from 10365 to 10367
Skipped Seq from 10367 to 10370
Skipped Seq from 10370 to 10373
Skipped Seq from 10373 to 10375
Skipped Seq from 10375 to 10377
Skipped Seq from 10377 to 10384
Skipped Seq from 10384 to 10388
Skipped Seq from 10388 to 10391
Skipped Seq from 10391 to 10393
Skipped Seq from 10393 to 10400
Skipped Seq from 10400 to 10402
Skipped Seq from 10402 to 10407
Skipped Seq from 10408 to 10413
Skipped Seq from 10413 to 10417
Skipped Seq from 10417 to 10423
Skipped Seq from 10424 to 10427
Skipped Seq from 10427 to 10431
Skipped Seq from 10432 to 10435
Skipped Seq from 10435 to 10438
Skipped Seq from 10440 to 10445
Skipped Seq from 10446 to 10448
Skipped Seq from 10448 to 10451
Skipped Seq from 10451 to 10453
Skipped Seq from 10454 to 10459
Skipped Seq from 10459 to 10461
Skipped Seq from 10461 to 10465
Skipped Seq from 10465 to 10467
Skipped Seq from 10469 to 10471
Skipped Seq from 10471 to 10475
Skipped Seq from 10475 to 10477
Skipped Seq from 10477 to 10479
Skipped Seq from 10480 to 10482
Skipped Seq from 10483 to 10485
Skipped Seq from 10486 to 10489
Skipped Seq from 10489 to 10494
Skipped Seq from 10494 to 10496
Skipped Seq from 10498 to 10500
Skipped Seq from 10500 to 10502
Skipped Seq from 10504 to 10508
Skipped Seq from 10508 to 10511
Skipped Seq from 10512 to 10515
Skipped Seq from 10516 to 10520
Skipped Seq from 10522 to 10525
Skipped Seq from 10525 to 10527
Skipped Seq from 10529 to 10531
Skipped Seq from 10533 to 10536
Skipped Seq from 10538 to 10540
Skipped Seq from 10542 to 10546
Skipped Seq from 10549 to 10552
Skipped Seq from 10552 to 10554
Skipped Seq from 10555 to 10558
Skipped Seq from 10561 to 10564
Skipped Seq from 10565 to 10567
Skipped Seq from 10568 to 10570
Skipped Seq from 10570 to 10572
Skipped Seq from 10572 to 10577
Skipped Seq from 10580 to 10584
Skipped Seq from 10585 to 10590
Skipped Seq from 10591 to 10593
Skipped Seq from 10594 to 10597
Skipped Seq from 10597 to 10600
Skipped Seq from 10600 to 10603
Skipped Seq from 10603 to 10608
Skipped Seq from 10611 to 10615
Skipped Seq from 10619 to 10621
Skipped Seq from 10623 to 10625
Skipped Seq from 10625 to 10627
Skipped Seq from 10627 to 10629
Skipped Seq from 10631 to 10633
Skipped Seq from 10633 to 10639
Skipped Seq from 10639 to 10641
Skipped Seq from 10642 to 10644
Skipped Seq from 10644 to 10646
Skipped Seq from 10648 to 10652
Skipped Seq from 10653 to 10655
Skipped Seq from 10658 to 10662
Skipped Seq from 10664 to 10666
Skipped Seq from 10672 to 10674
Skipped Seq from 10674 to 10677
Skipped Seq from 10677 to 10679
Skipped Seq from 10679 to 10683
Skipped Seq from 10685 to 10687
Skipped Seq from 10688 to 10693
Skipped Seq from 10697 to 10701
Skipped Seq from 10701 to 10703
Skipped Seq from 10703 to 10708
Skipped Seq from 10709 to 10712
Skipped Seq from 10712 to 10714
Skipped Seq from 10715 to 10717
Skipped Seq from 10717 to 10721
Skipped Seq from 10721 to 10724
Skipped Seq from 10724 to 10728
Skipped Seq from 10730 to 10733
Skipped Seq from 10733 to 10737
Skipped Seq from 10737 to 10739
Skipped Seq from 10739 to 10742
Skipped Seq from 10742 to 10744
Skipped Seq from 10744 to 10747
Skipped Seq from 10747 to 10751
Skipped Seq from 10752 to 10754
Skipped Seq from 10754 to 10757
Skipped Seq from 10759 to 10762
Skipped Seq from 10762 to 10765
Skipped Seq from 10768 to 10772
Skipped Seq from 10772 to 10774
Skipped Seq from 10776 to 10790
Skipped Seq from 10793 to 10796
Skipped Seq from 10796 to 10799
Skipped Seq from 10799 to 10802
Skipped Seq from 10802 to 10804
Skipped Seq from 10807 to 10811
Skipped Seq from 10813 to 10816
Skipped Seq from 10817 to 10821
Skipped Seq from 10823 to 10825
Skipped Seq from 10827 to 10833
Skipped Seq from 10836 to 10840
Skipped Seq from 10843 to 10846
Skipped Seq from 10846 to 10849
Skipped Seq from 10850 to 10852
Skipped Seq from 10852 to 10854
Skipped Seq from 10854 to 10860
Skipped Seq from 10861 to 10863
Skipped Seq from 10863 to 10867
Skipped Seq from 10867 to 10869
Skipped Seq from 10871 to 10874
Skipped Seq from 10874 to 10876
Skipped Seq from 10877 to 10882
Skipped Seq from 10884 to 10886
Skipped Seq from 10890 to 10892
Skipped Seq from 10892 to 10895
Skipped Seq from 10902 to 10904
Skipped Seq from 10908 to 10912
Skipped Seq from 10921 to 10923
Skipped Seq from 10923 to 10925
Skipped Seq from 10925 to 10929
Skipped Seq from 10929 to 10932
Skipped Seq from 10935 to 10937
Skipped Seq from 10942 to 10946
Skipped Seq from 10946 to 10948
Skipped Seq from 10952 to 10954
Skipped Seq from 10954 to 10959
Skipped Seq from 10959 to 10963
Skipped Seq from 10964 to 10967
Skipped Seq from 10968 to 10970
Skipped Seq from 10971 to 10973
Skipped Seq from 10973 to 10975
Skipped Seq from 10977 to 10983
Skipped Seq from 10983 to 10986
Skipped Seq from 10986 to 10993
Skipped Seq from 10994 to 10998
Skipped Seq from 10999 to 11002
Skipped Seq from 11002 to 11004
Skipped Seq from 11006 to 11009
Skipped Seq from 11009 to 11011
Skipped Seq from 11015 to 11017
Skipped Seq from 11019 to 11022
Skipped Seq from 11024 to 11026
Skipped Seq from 11027 to 11030
Skipped Seq from 11031 to 11034
Skipped Seq from 11034 to 11036
Skipped Seq from 11036 to 11039
Skipped Seq from 11039 to 11041
Skipped Seq from 11042 to 11046
Skipped Seq from 11046 to 11048
Skipped Seq from 11049 to 11051
Skipped Seq from 11055 to 11057
Skipped Seq from 11065 to 11068
Skipped Seq from 11068 to 11071
Skipped Seq from 11139 to 11141
Skipped Seq from 11141 to 11145
Skipped Seq from 11146 to 11149
Skipped Seq from 11149 to 11152
Skipped Seq from 11153 to 11159
Skipped Seq from 11159 to 11168
Skipped Seq from 11168 to 11171
Skipped Seq from 11188 to 11190
Skipped Seq from 11198 to 11201
Skipped Seq from 11207 to 11210
Skipped Seq from 11210 to 11214
Skipped Seq from 11220 to 11222
Skipped Seq from 11230 to 11232
Skipped Seq from 11233 to 11236
Skipped Seq from 11241 to 11243
Skipped Seq from 11247 to 11249
Skipped Seq from 11251 to 11253
Skipped Seq from 11256 to 11259
Skipped Seq from 11259 to 11261
Skipped Seq from 11263 to 11266
Skipped Seq from 11266 to 11268
Skipped Seq from 11271 to 11273
Skipped Seq from 11297 to 11299
Skipped Seq from 11313 to 11316
Skipped Seq from 11316 to 11319
Skipped Seq from 11323 to 11326
Skipped Seq from 11338 to 11340
Skipped Seq from 11343 to 11346
Skipped Seq from 11347 to 11350
Skipped Seq from 11352 to 11355
Skipped Seq from 11355 to 11365
Skipped Seq from 11365 to 11367
Skipped Seq from 11373 to 11376
Skipped Seq from 11377 to 11379
Skipped Seq from 11379 to 11381
Skipped Seq from 11385 to 11388
Skipped Seq from 11393 to 11395
Skipped Seq from 11399 to 11401
Skipped Seq from 11421 to 11425
Skipped Seq from 11430 to 11432
Skipped Seq from 11436 to 11438
Skipped Seq from 11460 to 11462
Skipped Seq from 11464 to 11466
Skipped Seq from 11467 to 11469
Skipped Seq from 11473 to 11475
Skipped Seq from 11496 to 11498
Skipped Seq from 11498 to 11500
Skipped Seq from 11504 to 11507
Skipped Seq from 11509 to 11513
Skipped Seq from 11515 to 11517
Skipped Seq from 11530 to 11532
Number of times throttled: 14
Received: 10845 / 13303 packets
Start time: 1332836920.752043
End time: 1332836958.010724
Duration: 37.258681
