Starting client at 10.0.0.13:1262 with timeout:10
My IP address is 10.0.0.13Skipped Seq from 443 to 446
Skipped Seq from 446 to 449
Skipped Seq from 450 to 452
Skipped Seq from 452 to 454
Skipped Seq from 454 to 461
Skipped Seq from 461 to 471
Skipped Seq from 471 to 475
Skipped Seq from 475 to 478
Skipped Seq from 478 to 480
Skipped Seq from 480 to 483
Skipped Seq from 483 to 493
Skipped Seq from 495 to 498
Skipped Seq from 498 to 502
Skipped Seq from 503 to 505
Skipped Seq from 518 to 520
Skipped Seq from 522 to 526
Skipped Seq from 527 to 531
Skipped Seq from 535 to 537
Skipped Seq from 537 to 540
Skipped Seq from 540 to 543
Skipped Seq from 544 to 546
Skipped Seq from 560 to 562
Skipped Seq from 566 to 568
Skipped Seq from 570 to 573
Skipped Seq from 575 to 577
Skipped Seq from 579 to 584
Skipped Seq from 585 to 587
Skipped Seq from 588 to 590
Skipped Seq from 594 to 599
Skipped Seq from 600 to 602
Skipped Seq from 603 to 605
Skipped Seq from 605 to 608
Skipped Seq from 609 to 611
Skipped Seq from 612 to 614
Skipped Seq from 619 to 621
Skipped Seq from 622 to 626
Skipped Seq from 626 to 629
Skipped Seq from 630 to 632
Skipped Seq from 639 to 641
Skipped Seq from 644 to 646
Skipped Seq from 646 to 649
Skipped Seq from 649 to 652
Skipped Seq from 652 to 656
Skipped Seq from 656 to 664
Skipped Seq from 664 to 669
Skipped Seq from 669 to 671
Skipped Seq from 671 to 674
Skipped Seq from 674 to 676
Skipped Seq from 676 to 679
Skipped Seq from 679 to 681
Skipped Seq from 681 to 684
Skipped Seq from 684 to 686
Skipped Seq from 688 to 717
Skipped Seq from 720 to 723
Skipped Seq from 724 to 726
Skipped Seq from 726 to 731
Skipped Seq from 732 to 734
Skipped Seq from 738 to 740
Skipped Seq from 745 to 759
Skipped Seq from 759 to 766
Skipped Seq from 767 to 773
Skipped Seq from 775 to 777
Skipped Seq from 777 to 780
Skipped Seq from 780 to 782
Skipped Seq from 783 to 788
Skipped Seq from 788 to 790
Skipped Seq from 791 to 793
Skipped Seq from 793 to 796
Skipped Seq from 796 to 799
Skipped Seq from 799 to 808
Skipped Seq from 808 to 811
Skipped Seq from 811 to 825
Skipped Seq from 825 to 831
Skipped Seq from 831 to 833
Skipped Seq from 833 to 846
Skipped Seq from 847 to 849
Skipped Seq from 850 to 853
Skipped Seq from 854 to 856
Skipped Seq from 856 to 861
Skipped Seq from 861 to 864
Skipped Seq from 864 to 866
Skipped Seq from 866 to 871
Skipped Seq from 871 to 873
Skipped Seq from 873 to 876
Skipped Seq from 876 to 878
Skipped Seq from 879 to 885
Skipped Seq from 885 to 892
Skipped Seq from 892 to 894
Skipped Seq from 894 to 905
Skipped Seq from 905 to 912
Skipped Seq from 912 to 914
Skipped Seq from 914 to 918
Skipped Seq from 918 to 922
Skipped Seq from 926 to 930
Skipped Seq from 930 to 933
Skipped Seq from 935 to 939
Skipped Seq from 939 to 941
Skipped Seq from 941 to 949
Skipped Seq from 949 to 962
Skipped Seq from 962 to 964
Skipped Seq from 964 to 967
Skipped Seq from 968 to 971
Skipped Seq from 971 to 976
Skipped Seq from 979 to 992
Skipped Seq from 992 to 995
Skipped Seq from 996 to 1002
Skipped Seq from 1008 to 1011
Skipped Seq from 1011 to 1018
Skipped Seq from 1019 to 1032
Skipped Seq from 1032 to 1035
Skipped Seq from 1036 to 1038
Skipped Seq from 1041 to 1043
Skipped Seq from 1043 to 1049
Skipped Seq from 1050 to 1053
Skipped Seq from 1053 to 1055
Skipped Seq from 1055 to 1057
Skipped Seq from 1064 to 1068
Skipped Seq from 1068 to 1081
Skipped Seq from 1081 to 1089
Skipped Seq from 1092 to 1094
Skipped Seq from 1095 to 1099
Skipped Seq from 1099 to 1101
Skipped Seq from 1101 to 1106
Skipped Seq from 1110 to 1113
Skipped Seq from 1114 to 1116
Skipped Seq from 1118 to 1120
Skipped Seq from 1120 to 1124
Skipped Seq from 1124 to 1135
Skipped Seq from 1135 to 1146
Skipped Seq from 1146 to 1148
Skipped Seq from 1149 to 1153
Skipped Seq from 1153 to 1156
Skipped Seq from 1156 to 1159
Skipped Seq from 1159 to 1167
Skipped Seq from 1172 to 1181
Skipped Seq from 1181 to 1184
Skipped Seq from 1187 to 1190
Skipped Seq from 1190 to 1196
Skipped Seq from 1196 to 1203
Skipped Seq from 1204 to 1209
Skipped Seq from 1210 to 1214
Skipped Seq from 1214 to 1218
Skipped Seq from 1219 to 1224
Skipped Seq from 1224 to 1228
Skipped Seq from 1229 to 1231
Skipped Seq from 1232 to 1234
Skipped Seq from 1235 to 1237
Skipped Seq from 1237 to 1247
Skipped Seq from 1249 to 1252
Skipped Seq from 1255 to 1258
Skipped Seq from 1261 to 1265
Skipped Seq from 1265 to 1275
Skipped Seq from 1275 to 1277
Skipped Seq from 1283 to 1285
Skipped Seq from 1285 to 1289
Skipped Seq from 1289 to 1292
Skipped Seq from 1292 to 1295
Skipped Seq from 1297 to 1300
Skipped Seq from 1303 to 1309
Skipped Seq from 1309 to 1311
Skipped Seq from 1311 to 1318
Skipped Seq from 1318 to 1320
Skipped Seq from 1320 to 1324
Skipped Seq from 1324 to 1332
Skipped Seq from 1332 to 1344
Skipped Seq from 1344 to 1346
Skipped Seq from 1346 to 1353
Skipped Seq from 1355 to 1357
Skipped Seq from 1360 to 1368
Skipped Seq from 1368 to 1376
Skipped Seq from 1376 to 1378
Skipped Seq from 1378 to 1381
Skipped Seq from 1381 to 1383
Skipped Seq from 1383 to 1387
Skipped Seq from 1387 to 1392
Skipped Seq from 1392 to 1394
Skipped Seq from 1394 to 1396
Skipped Seq from 1396 to 1399
Skipped Seq from 1399 to 1401
Skipped Seq from 1402 to 1405
Skipped Seq from 1406 to 1408
Skipped Seq from 1410 to 1412
Skipped Seq from 1413 to 1416
Skipped Seq from 1417 to 1421
Skipped Seq from 1422 to 1424
Skipped Seq from 1426 to 1428
Skipped Seq from 1429 to 1432
Skipped Seq from 1433 to 1435
Skipped Seq from 1435 to 1439
Skipped Seq from 1441 to 1443
Skipped Seq from 1443 to 1446
Skipped Seq from 1449 to 1457
Skipped Seq from 1457 to 1461
Skipped Seq from 1461 to 1466
Skipped Seq from 1470 to 1489
Skipped Seq from 1489 to 1508
Skipped Seq from 1508 to 1513
Skipped Seq from 1514 to 1517
Skipped Seq from 1519 to 1523
Skipped Seq from 1523 to 1525
Skipped Seq from 1525 to 1532
Skipped Seq from 1533 to 1540
Skipped Seq from 1541 to 1544
Skipped Seq from 1544 to 1553
Skipped Seq from 1562 to 1565
Skipped Seq from 1566 to 1569
Skipped Seq from 1569 to 1577
Skipped Seq from 1579 to 1584
Skipped Seq from 1585 to 1598
Skipped Seq from 1598 to 1600
Skipped Seq from 1600 to 1604
Skipped Seq from 1604 to 1610
Skipped Seq from 1611 to 1614
Skipped Seq from 1614 to 1618
Skipped Seq from 1618 to 1622
Skipped Seq from 1622 to 1626
Skipped Seq from 1628 to 1637
Skipped Seq from 1637 to 1642
Skipped Seq from 1642 to 1646
Skipped Seq from 1646 to 1648
Skipped Seq from 1648 to 1655
Skipped Seq from 1657 to 1659
Skipped Seq from 1663 to 1667
Skipped Seq from 1668 to 1670
Skipped Seq from 1670 to 1672
Skipped Seq from 1672 to 1674
Skipped Seq from 1674 to 1676
Skipped Seq from 1679 to 1685
Skipped Seq from 1685 to 1688
Skipped Seq from 1689 to 1692
Skipped Seq from 1692 to 1694
Skipped Seq from 1694 to 1704
Skipped Seq from 1704 to 1707
Skipped Seq from 1709 to 1713
Skipped Seq from 1713 to 1732
Skipped Seq from 1732 to 1734
Skipped Seq from 1734 to 1743
Skipped Seq from 1743 to 1747
Skipped Seq from 1747 to 1761
Skipped Seq from 1761 to 1763
Skipped Seq from 1765 to 1773
Skipped Seq from 1773 to 1777
Skipped Seq from 1778 to 1783
Skipped Seq from 1783 to 1785
Skipped Seq from 1788 to 1793
Skipped Seq from 1795 to 1798
Skipped Seq from 1799 to 1801
Skipped Seq from 1805 to 1808
Skipped Seq from 1809 to 1811
Skipped Seq from 1811 to 1813
Skipped Seq from 1819 to 1821
Skipped Seq from 1821 to 1823
Skipped Seq from 1826 to 1828
Skipped Seq from 1830 to 1835
Skipped Seq from 1835 to 1841
Skipped Seq from 1841 to 1843
Skipped Seq from 1845 to 1847
Skipped Seq from 1848 to 1857
Skipped Seq from 1857 to 1860
Skipped Seq from 1860 to 1862
Skipped Seq from 1865 to 1868
Skipped Seq from 1871 to 1874
Skipped Seq from 1875 to 1877
Skipped Seq from 1877 to 1882
Skipped Seq from 1887 to 1889
Skipped Seq from 1892 to 1895
Skipped Seq from 1896 to 1898
Skipped Seq from 1901 to 1906
Skipped Seq from 1911 to 1915
Skipped Seq from 1921 to 1923
Skipped Seq from 1926 to 1931
Skipped Seq from 1931 to 1933
Skipped Seq from 1934 to 1936
Skipped Seq from 1940 to 1942
Skipped Seq from 1942 to 1944
Skipped Seq from 1950 to 1952
Skipped Seq from 1952 to 1955
Skipped Seq from 1957 to 1959
Skipped Seq from 1959 to 1961
Skipped Seq from 1961 to 1963
Skipped Seq from 1964 to 1966
Skipped Seq from 1969 to 1971
Skipped Seq from 1974 to 1976
Skipped Seq from 2081 to 2083
Skipped Seq from 2089 to 2091
Skipped Seq from 2091 to 2093
Skipped Seq from 2094 to 2096
Skipped Seq from 2101 to 2103
Skipped Seq from 2108 to 2110
Skipped Seq from 4596 to 4608
Skipped Seq from 4608 to 4611
Skipped Seq from 4611 to 4617
Skipped Seq from 4617 to 4619
Skipped Seq from 4620 to 4622
Skipped Seq from 4622 to 4626
Skipped Seq from 4627 to 4629
Skipped Seq from 4630 to 4632
Skipped Seq from 4632 to 4641
Skipped Seq from 4641 to 4643
Skipped Seq from 4644 to 4647
Skipped Seq from 4647 to 4651
Skipped Seq from 4653 to 4656
Skipped Seq from 4663 to 4665
Skipped Seq from 4688 to 4690
Skipped Seq from 4709 to 4712
Skipped Seq from 4715 to 4717
Skipped Seq from 4717 to 4719
Skipped Seq from 4723 to 4725
Skipped Seq from 4725 to 4727
Skipped Seq from 4730 to 4736
Skipped Seq from 4741 to 4743
Skipped Seq from 4748 to 4750
Skipped Seq from 4755 to 4757
Skipped Seq from 4762 to 4764
Skipped Seq from 4766 to 4768
Skipped Seq from 4768 to 4771
Skipped Seq from 4771 to 4773
Skipped Seq from 4773 to 4776
Skipped Seq from 4776 to 4778
Skipped Seq from 4778 to 4780
Skipped Seq from 4780 to 4782
Skipped Seq from 4790 to 4792
Skipped Seq from 4792 to 4794
Skipped Seq from 4794 to 4796
Skipped Seq from 4796 to 4798
Skipped Seq from 4799 to 4802
Skipped Seq from 4803 to 4805
Skipped Seq from 4805 to 4807
Skipped Seq from 4808 to 4810
Skipped Seq from 4810 to 4813
Skipped Seq from 4824 to 4826
Skipped Seq from 4829 to 4831
Skipped Seq from 4835 to 4837
Skipped Seq from 4840 to 4843
Skipped Seq from 4845 to 4848
Skipped Seq from 4852 to 4855
Skipped Seq from 4869 to 4872
Skipped Seq from 4872 to 4874
Skipped Seq from 4876 to 4878
Skipped Seq from 4881 to 4883
Skipped Seq from 4883 to 4885
Skipped Seq from 4890 to 4892
Skipped Seq from 4902 to 4904
Skipped Seq from 4904 to 4906
Skipped Seq from 4914 to 4916
Skipped Seq from 4925 to 4928
Skipped Seq from 4929 to 4934
Skipped Seq from 4944 to 4947
Skipped Seq from 4958 to 4963
Skipped Seq from 4975 to 4977
Skipped Seq from 4983 to 4987
Skipped Seq from 4987 to 4994
Skipped Seq from 4994 to 4996
Skipped Seq from 4996 to 4999
Skipped Seq from 5002 to 5011
Skipped Seq from 5028 to 5032
Skipped Seq from 5032 to 5045
Skipped Seq from 5045 to 5047
Skipped Seq from 5047 to 5050
Skipped Seq from 5051 to 5053
Skipped Seq from 5055 to 5057
Skipped Seq from 5058 to 5060
Skipped Seq from 5066 to 5070
Skipped Seq from 5074 to 5076
Skipped Seq from 5076 to 5078
Skipped Seq from 5080 to 5082
Skipped Seq from 5091 to 5093
Skipped Seq from 5104 to 5106
Skipped Seq from 5107 to 5109
Skipped Seq from 5119 to 5121
Skipped Seq from 5132 to 5134
Skipped Seq from 5138 to 5141
Skipped Seq from 5141 to 5143
Skipped Seq from 5145 to 5147
Skipped Seq from 5150 to 5154
Skipped Seq from 5154 to 5159
Skipped Seq from 5159 to 5162
Skipped Seq from 5162 to 5164
Skipped Seq from 5166 to 5168
Skipped Seq from 5170 to 5172
Skipped Seq from 5173 to 5175
Skipped Seq from 5180 to 5183
Skipped Seq from 5189 to 5192
Skipped Seq from 5195 to 5197
Skipped Seq from 5197 to 5199
Skipped Seq from 5203 to 5205
Skipped Seq from 5205 to 5207
Skipped Seq from 5208 to 5210
Skipped Seq from 5215 to 5218
Skipped Seq from 5218 to 5222
Skipped Seq from 5223 to 5225
Skipped Seq from 5231 to 5235
Skipped Seq from 5239 to 5243
Skipped Seq from 5243 to 5245
Skipped Seq from 5246 to 5248
Skipped Seq from 5249 to 5254
Skipped Seq from 5254 to 5256
Skipped Seq from 5256 to 5258
Skipped Seq from 5260 to 5263
Skipped Seq from 5263 to 5267
Skipped Seq from 5268 to 5270
Skipped Seq from 5271 to 5273
Skipped Seq from 5273 to 5277
Skipped Seq from 5277 to 5279
Skipped Seq from 5279 to 5281
Skipped Seq from 5284 to 5286
Skipped Seq from 5286 to 5289
Skipped Seq from 5289 to 5291
Skipped Seq from 5291 to 5293
Skipped Seq from 5294 to 5296
Skipped Seq from 5305 to 5307
Skipped Seq from 5307 to 5309
Skipped Seq from 5309 to 5311
Skipped Seq from 5326 to 5328
Skipped Seq from 5328 to 5330
Skipped Seq from 5330 to 5332
Skipped Seq from 5332 to 5334
Skipped Seq from 5334 to 5336
Skipped Seq from 5336 to 5338
Skipped Seq from 5338 to 5341
Skipped Seq from 5344 to 5347
Skipped Seq from 5348 to 5359
Skipped Seq from 5363 to 5365
Skipped Seq from 5365 to 5367
Skipped Seq from 5369 to 5371
Skipped Seq from 5371 to 5375
Skipped Seq from 5378 to 5380
Skipped Seq from 5383 to 5385
Skipped Seq from 5393 to 5395
Skipped Seq from 5395 to 5397
Skipped Seq from 5397 to 5399
Skipped Seq from 5407 to 5412
Skipped Seq from 5412 to 5414
Skipped Seq from 5415 to 5419
Skipped Seq from 5419 to 5422
Skipped Seq from 5426 to 5428
Skipped Seq from 5433 to 5435
Skipped Seq from 5454 to 5456
Skipped Seq from 5457 to 5461
Skipped Seq from 5461 to 5463
Skipped Seq from 5464 to 5467
Skipped Seq from 5469 to 5471
Skipped Seq from 5477 to 5479
Skipped Seq from 5481 to 5483
Skipped Seq from 5498 to 5500
Skipped Seq from 5503 to 5507
Skipped Seq from 5507 to 5509
Skipped Seq from 5509 to 5511
Skipped Seq from 5513 to 5517
Skipped Seq from 5524 to 5529
Skipped Seq from 5529 to 5531
Skipped Seq from 5544 to 5547
Skipped Seq from 5553 to 5557
Skipped Seq from 5558 to 5562
Skipped Seq from 5562 to 5564
Skipped Seq from 5564 to 5566
Skipped Seq from 5567 to 5569
Skipped Seq from 5572 to 5575
Skipped Seq from 5575 to 5577
Skipped Seq from 5582 to 5587
Skipped Seq from 5590 to 5599
Skipped Seq from 5607 to 5613
Skipped Seq from 5613 to 5615
Skipped Seq from 5629 to 5633
Skipped Seq from 5636 to 5639
Skipped Seq from 5649 to 5651
Skipped Seq from 5660 to 5662
Skipped Seq from 5665 to 5668
Skipped Seq from 5676 to 5678
Skipped Seq from 5754 to 5757
Skipped Seq from 5758 to 5760
Skipped Seq from 9062 to 9064
Skipped Seq from 9071 to 9074
Skipped Seq from 9074 to 9077
Skipped Seq from 9078 to 9089
Skipped Seq from 9091 to 9096
Skipped Seq from 9096 to 9098
Skipped Seq from 9099 to 9101
Skipped Seq from 9108 to 9111
Skipped Seq from 9111 to 9113
Skipped Seq from 9114 to 9117
Skipped Seq from 9123 to 9126
Skipped Seq from 9128 to 9130
Skipped Seq from 9130 to 9132
Skipped Seq from 9136 to 9141
Skipped Seq from 9142 to 9146
Skipped Seq from 9146 to 9148
Skipped Seq from 9150 to 9152
Skipped Seq from 9153 to 9155
Skipped Seq from 9160 to 9164
Skipped Seq from 9164 to 9168
Skipped Seq from 9175 to 9177
Skipped Seq from 9178 to 9180
Skipped Seq from 9181 to 9183
Skipped Seq from 9187 to 9190
Skipped Seq from 9201 to 9203
Skipped Seq from 9203 to 9205
Skipped Seq from 9206 to 9209
Skipped Seq from 9214 to 9218
Skipped Seq from 9219 to 9221
Skipped Seq from 9227 to 9230
Skipped Seq from 9236 to 9240
Skipped Seq from 9242 to 9244
Skipped Seq from 9245 to 9248
Skipped Seq from 9251 to 9253
Skipped Seq from 9254 to 9256
Skipped Seq from 9256 to 9267
Skipped Seq from 9267 to 9269
Skipped Seq from 9271 to 9273
Skipped Seq from 9273 to 9275
Skipped Seq from 9278 to 9281
Skipped Seq from 9283 to 9287
Skipped Seq from 9287 to 9291
Skipped Seq from 9291 to 9294
Skipped Seq from 9295 to 9297
Skipped Seq from 9297 to 9300
Skipped Seq from 9300 to 9303
Skipped Seq from 9304 to 9308
Skipped Seq from 9308 to 9312
Skipped Seq from 9312 to 9315
Skipped Seq from 9319 to 9321
Skipped Seq from 9322 to 9324
Skipped Seq from 9324 to 9327
Skipped Seq from 9330 to 9332
Skipped Seq from 9333 to 9335
Skipped Seq from 9336 to 9338
Skipped Seq from 9338 to 9342
Skipped Seq from 9346 to 9348
Skipped Seq from 9352 to 9354
Skipped Seq from 9359 to 9361
Skipped Seq from 9361 to 9364
Skipped Seq from 9364 to 9369
Skipped Seq from 9369 to 9375
Skipped Seq from 9377 to 9389
Skipped Seq from 9389 to 9395
Skipped Seq from 9395 to 9397
Skipped Seq from 9397 to 9401
Skipped Seq from 9404 to 9406
Skipped Seq from 9406 to 9408
Skipped Seq from 9412 to 9415
Skipped Seq from 9416 to 9419
Skipped Seq from 9427 to 9430
Skipped Seq from 9430 to 9432
Skipped Seq from 9432 to 9435
Skipped Seq from 9435 to 9437
Skipped Seq from 9438 to 9440
Skipped Seq from 9440 to 9442
Skipped Seq from 9444 to 9446
Skipped Seq from 9446 to 9448
Skipped Seq from 9451 to 9453
Skipped Seq from 9456 to 9458
Skipped Seq from 9458 to 9460
Skipped Seq from 9464 to 9474
Skipped Seq from 9474 to 9477
Skipped Seq from 9477 to 9483
Skipped Seq from 9483 to 9491
Skipped Seq from 9491 to 9498
Skipped Seq from 9499 to 9504
Skipped Seq from 9507 to 9514
Skipped Seq from 9514 to 9521
Skipped Seq from 9521 to 9528
Skipped Seq from 9528 to 9533
Skipped Seq from 9536 to 9543
Skipped Seq from 9543 to 9545
Skipped Seq from 9545 to 9550
Skipped Seq from 9550 to 9553
Skipped Seq from 9553 to 9559
Skipped Seq from 9559 to 9561
Skipped Seq from 9563 to 9567
Skipped Seq from 9568 to 9571
Skipped Seq from 9574 to 9576
Skipped Seq from 9582 to 9587
Skipped Seq from 9587 to 9590
Skipped Seq from 9590 to 9593
Skipped Seq from 9593 to 9600
Skipped Seq from 9601 to 9603
Skipped Seq from 9606 to 9609
Skipped Seq from 9620 to 9622
Skipped Seq from 9622 to 9625
Skipped Seq from 9625 to 9628
Skipped Seq from 9628 to 9630
Skipped Seq from 9630 to 9632
Skipped Seq from 9632 to 9634
Skipped Seq from 9636 to 9638
Skipped Seq from 9638 to 9640
Skipped Seq from 9640 to 9642
Skipped Seq from 9642 to 9644
Skipped Seq from 9644 to 9650
Skipped Seq from 9653 to 9655
Skipped Seq from 9656 to 9659
Skipped Seq from 9660 to 9662
Skipped Seq from 9664 to 9667
Skipped Seq from 9669 to 9674
Skipped Seq from 9676 to 9678
Skipped Seq from 9681 to 9684
Skipped Seq from 9684 to 9691
Skipped Seq from 9691 to 9693
Skipped Seq from 9696 to 9698
Skipped Seq from 9700 to 9702
Skipped Seq from 9706 to 9708
Skipped Seq from 9721 to 9724
Skipped Seq from 9724 to 9729
Skipped Seq from 9729 to 9736
Skipped Seq from 9737 to 9739
Skipped Seq from 9739 to 9742
Skipped Seq from 9743 to 9756
Skipped Seq from 9756 to 9759
Skipped Seq from 9759 to 9762
Skipped Seq from 9789 to 9791
Skipped Seq from 9791 to 9796
Skipped Seq from 9796 to 9798
Skipped Seq from 9798 to 9800
Skipped Seq from 9800 to 9802
Skipped Seq from 9805 to 9807
Skipped Seq from 9808 to 9811
Skipped Seq from 9811 to 9813
Skipped Seq from 9815 to 9817
Skipped Seq from 9834 to 9836
Skipped Seq from 9842 to 9844
Skipped Seq from 9849 to 9851
Skipped Seq from 9857 to 9859
Skipped Seq from 9860 to 9862
Skipped Seq from 9864 to 9866
Skipped Seq from 9867 to 9877
Skipped Seq from 9878 to 9880
Skipped Seq from 9880 to 9882
Skipped Seq from 9882 to 9885
Skipped Seq from 9887 to 9889
Skipped Seq from 9892 to 9895
Skipped Seq from 9895 to 9897
Skipped Seq from 9898 to 9908
Skipped Seq from 9908 to 9910
Skipped Seq from 9914 to 9916
Skipped Seq from 9920 to 9922
Skipped Seq from 9927 to 9929
Skipped Seq from 9932 to 9934
Skipped Seq from 9938 to 9940
Skipped Seq from 9945 to 9947
Skipped Seq from 9952 to 9954
Skipped Seq from 9954 to 9959
Skipped Seq from 9962 to 9965
Skipped Seq from 9965 to 9967
Skipped Seq from 9970 to 9978
Skipped Seq from 9978 to 9980
Skipped Seq from 9980 to 9990
Skipped Seq from 9994 to 9997
Skipped Seq from 9998 to 10005
Skipped Seq from 10008 to 10010
Skipped Seq from 10012 to 10014
Skipped Seq from 10021 to 10023
Skipped Seq from 10037 to 10039
Skipped Seq from 10045 to 10047
Skipped Seq from 10051 to 10053
Skipped Seq from 10053 to 10055
Skipped Seq from 10056 to 10058
Skipped Seq from 10073 to 10080
Skipped Seq from 10080 to 10091
Skipped Seq from 10092 to 10096
Skipped Seq from 10099 to 10103
Skipped Seq from 10103 to 10109
Skipped Seq from 10109 to 10111
Skipped Seq from 10111 to 10119
Skipped Seq from 10119 to 10121
Skipped Seq from 10122 to 10124
Skipped Seq from 10126 to 10128
Skipped Seq from 10128 to 10132
Skipped Seq from 10132 to 10134
Skipped Seq from 10134 to 10136
Skipped Seq from 10141 to 10143
Skipped Seq from 10147 to 10150
Skipped Seq from 10151 to 10154
Skipped Seq from 10155 to 10157
Skipped Seq from 10160 to 10166
Skipped Seq from 10168 to 10174
Skipped Seq from 10178 to 10180
Skipped Seq from 10181 to 10183
Skipped Seq from 10183 to 10186
Skipped Seq from 10186 to 10188
Skipped Seq from 10188 to 10190
Skipped Seq from 10193 to 10195
Skipped Seq from 10197 to 10199
Skipped Seq from 10202 to 10204
Skipped Seq from 10207 to 10209
Skipped Seq from 10209 to 10211
Skipped Seq from 10214 to 10220
Skipped Seq from 10222 to 10225
Skipped Seq from 10225 to 10227
Skipped Seq from 10230 to 10236
Skipped Seq from 10239 to 10241
Skipped Seq from 10246 to 10248
Skipped Seq from 10249 to 10251
Skipped Seq from 10251 to 10253
Skipped Seq from 10253 to 10255
Skipped Seq from 10257 to 10260
Skipped Seq from 10261 to 10266
Skipped Seq from 10266 to 10270
Skipped Seq from 10276 to 10281
Skipped Seq from 10286 to 10290
Skipped Seq from 10294 to 10296
Skipped Seq from 10296 to 10298
Skipped Seq from 10302 to 10304
Skipped Seq from 10304 to 10306
Skipped Seq from 10314 to 10318
Skipped Seq from 10319 to 10321
Skipped Seq from 10324 to 10326
Skipped Seq from 10331 to 10333
Skipped Seq from 10342 to 10344
Skipped Seq from 10344 to 10346
Skipped Seq from 10358 to 10360
Skipped Seq from 10364 to 10366
Skipped Seq from 10370 to 10372
Skipped Seq from 10373 to 10376
Skipped Seq from 10383 to 10390
Skipped Seq from 10391 to 10393
Skipped Seq from 10417 to 10419
Skipped Seq from 10443 to 10447
Skipped Seq from 10447 to 10453
Skipped Seq from 10453 to 10455
Skipped Seq from 10455 to 10459
Skipped Seq from 10459 to 10462
Skipped Seq from 10463 to 10465
Skipped Seq from 10465 to 10470
Skipped Seq from 10471 to 10473
Skipped Seq from 10473 to 10475
Skipped Seq from 10475 to 10477
Skipped Seq from 10478 to 10480
Skipped Seq from 10491 to 10494
Skipped Seq from 10495 to 10498
Skipped Seq from 10510 to 10515
Skipped Seq from 10516 to 10518
Skipped Seq from 10519 to 10522
Skipped Seq from 10525 to 10534
Skipped Seq from 10535 to 10537
Skipped Seq from 10539 to 10541
Skipped Seq from 10545 to 10548
Skipped Seq from 10556 to 10559
Skipped Seq from 10561 to 10568
Skipped Seq from 10597 to 10600
Skipped Seq from 10615 to 10619
Skipped Seq from 10619 to 10622
Skipped Seq from 10624 to 10626
Skipped Seq from 10645 to 10647
Skipped Seq from 10676 to 10679
Skipped Seq from 14331 to 14333
Skipped Seq from 14337 to 14339
Skipped Seq from 14341 to 14344
Skipped Seq from 14348 to 14350
Skipped Seq from 14350 to 14352
Skipped Seq from 14352 to 14355
Skipped Seq from 14355 to 14358
Skipped Seq from 14358 to 14360
Skipped Seq from 14365 to 14367
Skipped Seq from 14369 to 14372
Skipped Seq from 14381 to 14383
Skipped Seq from 14384 to 14386
Skipped Seq from 14390 to 14392
Skipped Seq from 14393 to 14395
Skipped Seq from 14413 to 14415
Skipped Seq from 14417 to 14419
Skipped Seq from 14419 to 14421
Skipped Seq from 14425 to 14427
Skipped Seq from 14427 to 14429
Skipped Seq from 14429 to 14431
Skipped Seq from 14431 to 14434
Skipped Seq from 14434 to 14438
Skipped Seq from 14438 to 14440
Skipped Seq from 14440 to 14451
Skipped Seq from 14451 to 14456
Skipped Seq from 14456 to 14459
Skipped Seq from 14465 to 14469
Skipped Seq from 14470 to 14472
Skipped Seq from 14473 to 14475
Skipped Seq from 14475 to 14480
Skipped Seq from 14484 to 14486
Skipped Seq from 14486 to 14490
Skipped Seq from 14490 to 14493
Skipped Seq from 14495 to 14500
Skipped Seq from 14501 to 14507
Skipped Seq from 14511 to 14514
Skipped Seq from 14514 to 14516
Skipped Seq from 14520 to 14523
Skipped Seq from 14523 to 14525
Skipped Seq from 14527 to 14529
Skipped Seq from 14548 to 14551
Skipped Seq from 14553 to 14556
Skipped Seq from 14559 to 14562
Skipped Seq from 14568 to 14570
Skipped Seq from 14574 to 14576
Skipped Seq from 14578 to 14580
Skipped Seq from 14584 to 14587
Skipped Seq from 14589 to 14591
Skipped Seq from 14594 to 14596
Skipped Seq from 14604 to 14606
Skipped Seq from 14611 to 14613
Skipped Seq from 14617 to 14619
Skipped Seq from 14619 to 14622
Skipped Seq from 14622 to 14624
Skipped Seq from 14624 to 14626
Skipped Seq from 14626 to 14628
Skipped Seq from 14631 to 14634
Skipped Seq from 14635 to 14637
Skipped Seq from 14637 to 14642
Skipped Seq from 14642 to 14652
Skipped Seq from 14652 to 14655
Skipped Seq from 14655 to 14658
Skipped Seq from 14658 to 14661
Skipped Seq from 14664 to 14666
Skipped Seq from 14674 to 14677
Skipped Seq from 14678 to 14680
Skipped Seq from 14680 to 14682
Skipped Seq from 14682 to 14685
Skipped Seq from 14685 to 14692
Skipped Seq from 14698 to 14701
Skipped Seq from 14705 to 14707
Skipped Seq from 14707 to 14709
Skipped Seq from 14721 to 14723
Skipped Seq from 14726 to 14729
Skipped Seq from 14729 to 14733
Skipped Seq from 14733 to 14735
Skipped Seq from 14736 to 14739
Skipped Seq from 14741 to 14745
Skipped Seq from 14745 to 14750
Skipped Seq from 14763 to 14765
Skipped Seq from 14766 to 14768
Skipped Seq from 14777 to 14781
Skipped Seq from 14784 to 14788
Skipped Seq from 14788 to 14790
Skipped Seq from 14791 to 14795
Skipped Seq from 14799 to 14801
Skipped Seq from 14802 to 14805
Skipped Seq from 14805 to 14807
Skipped Seq from 14813 to 14815
Skipped Seq from 14823 to 14825
Skipped Seq from 14826 to 14828
Skipped Seq from 14829 to 14831
Skipped Seq from 14831 to 14841
Skipped Seq from 14847 to 14849
Skipped Seq from 14851 to 14858
Skipped Seq from 14862 to 14865
Skipped Seq from 14868 to 14877
Skipped Seq from 14877 to 14882
Skipped Seq from 14896 to 14898
Skipped Seq from 14904 to 14907
Skipped Seq from 14909 to 14911
Skipped Seq from 14911 to 14914
Skipped Seq from 14914 to 14916
Skipped Seq from 14921 to 14925
Skipped Seq from 14925 to 14929
Skipped Seq from 14932 to 14934
Skipped Seq from 14934 to 14941
Skipped Seq from 14942 to 14945
Skipped Seq from 14948 to 14950
Skipped Seq from 14956 to 14958
Skipped Seq from 14961 to 14963
Skipped Seq from 14964 to 14966
Skipped Seq from 14967 to 14970
Skipped Seq from 14971 to 14974
Skipped Seq from 14975 to 14977
Skipped Seq from 14977 to 14980
Skipped Seq from 14980 to 14982
Skipped Seq from 14982 to 14985
Skipped Seq from 14986 to 14988
Skipped Seq from 14988 to 14990
Skipped Seq from 14993 to 14995
Skipped Seq from 14995 to 14997
Skipped Seq from 14997 to 15000
Skipped Seq from 15000 to 15002
Skipped Seq from 15003 to 15005
Skipped Seq from 15005 to 15007
Skipped Seq from 15007 to 15009
Skipped Seq from 15010 to 15012
Skipped Seq from 15014 to 15018
Skipped Seq from 15018 to 15026
Skipped Seq from 15029 to 15031
Skipped Seq from 15031 to 15035
Skipped Seq from 15035 to 15037
Skipped Seq from 15040 to 15042
Skipped Seq from 15046 to 15055
Skipped Seq from 15058 to 15061
Skipped Seq from 15062 to 15064
Skipped Seq from 15064 to 15066
Skipped Seq from 15066 to 15068
Skipped Seq from 15074 to 15076
Skipped Seq from 15077 to 15079
Skipped Seq from 15080 to 15082
Skipped Seq from 15097 to 15099
Skipped Seq from 15118 to 15120
Skipped Seq from 15124 to 15127
Skipped Seq from 15128 to 15130
Skipped Seq from 15131 to 15133
Skipped Seq from 15141 to 15146
Skipped Seq from 15150 to 15152
Skipped Seq from 15152 to 15154
Skipped Seq from 15156 to 15158
Skipped Seq from 15163 to 15165
Skipped Seq from 15165 to 15172
Skipped Seq from 15172 to 15176
Skipped Seq from 15176 to 15178
Skipped Seq from 15183 to 15185
Skipped Seq from 15187 to 15192
Skipped Seq from 15195 to 15197
Skipped Seq from 15197 to 15199
Skipped Seq from 15199 to 15201
Skipped Seq from 15201 to 15203
Skipped Seq from 15203 to 15206
Skipped Seq from 15209 to 15211
Skipped Seq from 15211 to 15213
Skipped Seq from 15221 to 15223
Skipped Seq from 15223 to 15226
Skipped Seq from 15229 to 15231
Skipped Seq from 15235 to 15241
Skipped Seq from 15241 to 15243
Skipped Seq from 15243 to 15247
Skipped Seq from 15250 to 15252
Skipped Seq from 15255 to 15257
Skipped Seq from 15258 to 15260
Skipped Seq from 15265 to 15270
Skipped Seq from 15281 to 15283
Skipped Seq from 15284 to 15286
Skipped Seq from 15286 to 15289
Skipped Seq from 15295 to 15297
Skipped Seq from 15302 to 15305
Skipped Seq from 15305 to 15308
Skipped Seq from 15308 to 15315
Skipped Seq from 15315 to 15317
Skipped Seq from 15317 to 15321
Skipped Seq from 15322 to 15324
Skipped Seq from 15325 to 15328
Skipped Seq from 15330 to 15332
Skipped Seq from 15333 to 15335
Skipped Seq from 15335 to 15337
Skipped Seq from 15338 to 15344
Skipped Seq from 15345 to 15348
Skipped Seq from 15349 to 15352
Skipped Seq from 15353 to 15355
Skipped Seq from 15377 to 15380
Skipped Seq from 15381 to 15383
Skipped Seq from 15383 to 15386
Skipped Seq from 15386 to 15389
Skipped Seq from 15389 to 15392
Skipped Seq from 15392 to 15394
Skipped Seq from 15395 to 15397
Skipped Seq from 15397 to 15401
Skipped Seq from 15401 to 15403
Skipped Seq from 15404 to 15406
Skipped Seq from 15408 to 15410
Skipped Seq from 15410 to 15412
Skipped Seq from 15412 to 15415
Skipped Seq from 15415 to 15417
Skipped Seq from 15418 to 15421
Skipped Seq from 15422 to 15426
Skipped Seq from 15426 to 15429
Skipped Seq from 15431 to 15433
Skipped Seq from 15434 to 15439
Skipped Seq from 15443 to 15446
Skipped Seq from 15447 to 15453
Skipped Seq from 15455 to 15457
Skipped Seq from 15467 to 15469
Skipped Seq from 15476 to 15478
Skipped Seq from 15482 to 15484
Skipped Seq from 15486 to 15489
Skipped Seq from 15492 to 15494
Skipped Seq from 15496 to 15498
Skipped Seq from 15500 to 15519
Skipped Seq from 15520 to 15522
Skipped Seq from 15522 to 15529
Skipped Seq from 15531 to 15533
Skipped Seq from 15535 to 15540
Skipped Seq from 15545 to 15547
Skipped Seq from 15550 to 15552
Skipped Seq from 15552 to 15555
Skipped Seq from 15557 to 15560
Skipped Seq from 15561 to 15567
Skipped Seq from 15569 to 15571
Skipped Seq from 15571 to 15578
Skipped Seq from 15579 to 15583
Skipped Seq from 15585 to 15590
Skipped Seq from 15594 to 15596
Skipped Seq from 15597 to 15599
Skipped Seq from 15604 to 15606
Skipped Seq from 15607 to 15609
Skipped Seq from 15609 to 15611
Skipped Seq from 15611 to 15614
Skipped Seq from 15615 to 15619
Skipped Seq from 15623 to 15630
Skipped Seq from 15634 to 15637
Skipped Seq from 15652 to 15654
Skipped Seq from 15654 to 15657
Skipped Seq from 15679 to 15681
Skipped Seq from 15682 to 15684
Skipped Seq from 15684 to 15689
Skipped Seq from 15698 to 15700
Skipped Seq from 15700 to 15702
Skipped Seq from 15712 to 15714
Skipped Seq from 15720 to 15722
Skipped Seq from 15745 to 15747
Skipped Seq from 15763 to 15765
Skipped Seq from 15766 to 15768
Skipped Seq from 15786 to 15788
Skipped Seq from 15788 to 15790
Skipped Seq from 15793 to 15795
Skipped Seq from 15798 to 15801
Skipped Seq from 15803 to 15805
Skipped Seq from 15816 to 15820
Skipped Seq from 15820 to 15822
Skipped Seq from 15822 to 15828
Skipped Seq from 15832 to 15834
Skipped Seq from 15834 to 15836
Skipped Seq from 15845 to 15847
Skipped Seq from 15855 to 15858
Skipped Seq from 15861 to 15866
Skipped Seq from 15866 to 15870
Skipped Seq from 15870 to 15873
Skipped Seq from 15879 to 15881
Skipped Seq from 15912 to 15915
Skipped Seq from 15919 to 15922
Skipped Seq from 15927 to 15929
Skipped Seq from 15929 to 15931
Skipped Seq from 15931 to 15933
Skipped Seq from 15941 to 15946
Skipped Seq from 15947 to 15949
Skipped Seq from 15954 to 15956
Skipped Seq from 15978 to 15983
Skipped Seq from 15983 to 15985
Skipped Seq from 15985 to 15987
Skipped Seq from 15992 to 15995
Skipped Seq from 15995 to 15998
Skipped Seq from 15998 to 16000
Skipped Seq from 16011 to 16013
Skipped Seq from 16020 to 16022
Skipped Seq from 16022 to 16026
Skipped Seq from 16026 to 16029
Skipped Seq from 16029 to 16031
Skipped Seq from 16036 to 16038
Skipped Seq from 19461 to 19464
Skipped Seq from 19465 to 19471
Skipped Seq from 19471 to 19473
Skipped Seq from 19475 to 19477
Skipped Seq from 19477 to 19479
Skipped Seq from 19480 to 19482
Skipped Seq from 19482 to 19484
Skipped Seq from 19487 to 19490
Skipped Seq from 19493 to 19495
Skipped Seq from 19495 to 19497
Skipped Seq from 19497 to 19504
Skipped Seq from 19506 to 19512
Skipped Seq from 19513 to 19517
Skipped Seq from 19519 to 19526
Skipped Seq from 19526 to 19528
Skipped Seq from 19528 to 19531
Skipped Seq from 19532 to 19536
Skipped Seq from 19536 to 19546
Skipped Seq from 19546 to 19560
Skipped Seq from 19563 to 19567
Skipped Seq from 19567 to 19590
Skipped Seq from 19591 to 19598
Skipped Seq from 19598 to 19601
Skipped Seq from 19601 to 19605
Skipped Seq from 19605 to 19613
Skipped Seq from 19613 to 19615
Skipped Seq from 19615 to 19619
Skipped Seq from 19621 to 19625
Skipped Seq from 19627 to 19629
Skipped Seq from 19630 to 19633
Skipped Seq from 19633 to 19635
Skipped Seq from 19638 to 19640
Skipped Seq from 19640 to 19642
Skipped Seq from 19642 to 19644
Number of times throttled: 19
Received: 17046 / 19646 packets
Start time: 1332835758.940653
End time: 1332835815.784152
Duration: 56.843499
