Starting client at 10.0.0.21:1269 with timeout:10
My IP address is 10.0.0.21Skipped Seq from 0 to 3
Skipped Seq from 3 to 6
Skipped Seq from 7 to 9
Skipped Seq from 9 to 11
Skipped Seq from 11 to 15
Skipped Seq from 19 to 21
Skipped Seq from 22 to 26
Skipped Seq from 26 to 28
Skipped Seq from 28 to 30
Skipped Seq from 31 to 34
Skipped Seq from 34 to 38
Skipped Seq from 38 to 52
Skipped Seq from 52 to 56
Skipped Seq from 60 to 66
Skipped Seq from 66 to 69
Skipped Seq from 70 to 72
Skipped Seq from 76 to 78
Skipped Seq from 79 to 81
Skipped Seq from 85 to 87
Skipped Seq from 93 to 95
Skipped Seq from 107 to 109
Skipped Seq from 123 to 125
Skipped Seq from 127 to 129
Skipped Seq from 129 to 131
Skipped Seq from 144 to 146
Skipped Seq from 151 to 153
Skipped Seq from 153 to 155
Skipped Seq from 156 to 158
Skipped Seq from 161 to 163
Skipped Seq from 163 to 166
Skipped Seq from 167 to 169
Skipped Seq from 174 to 179
Skipped Seq from 179 to 191
Skipped Seq from 191 to 194
Skipped Seq from 195 to 198
Skipped Seq from 198 to 201
Skipped Seq from 203 to 205
Skipped Seq from 206 to 209
Skipped Seq from 210 to 212
Skipped Seq from 216 to 218
Skipped Seq from 224 to 227
Skipped Seq from 227 to 229
Skipped Seq from 229 to 231
Skipped Seq from 231 to 237
Skipped Seq from 239 to 243
Skipped Seq from 243 to 246
Skipped Seq from 246 to 248
Skipped Seq from 251 to 254
Skipped Seq from 257 to 259
Skipped Seq from 267 to 269
Skipped Seq from 272 to 276
Skipped Seq from 279 to 281
Skipped Seq from 281 to 285
Skipped Seq from 286 to 288
Skipped Seq from 288 to 290
Skipped Seq from 292 to 297
Skipped Seq from 299 to 302
Skipped Seq from 303 to 311
Skipped Seq from 313 to 317
Skipped Seq from 317 to 319
Skipped Seq from 322 to 325
Skipped Seq from 327 to 333
Skipped Seq from 334 to 337
Skipped Seq from 338 to 340
Skipped Seq from 342 to 345
Skipped Seq from 345 to 350
Skipped Seq from 352 to 354
Skipped Seq from 355 to 358
Skipped Seq from 358 to 361
Skipped Seq from 366 to 368
Skipped Seq from 368 to 371
Skipped Seq from 371 to 373
Skipped Seq from 375 to 379
Skipped Seq from 379 to 384
Skipped Seq from 384 to 416
Skipped Seq from 416 to 418
Skipped Seq from 419 to 421
Skipped Seq from 427 to 429
Skipped Seq from 433 to 435
Skipped Seq from 436 to 438
Skipped Seq from 449 to 452
Skipped Seq from 454 to 456
Skipped Seq from 466 to 468
Skipped Seq from 468 to 483
Skipped Seq from 483 to 494
Skipped Seq from 494 to 498
Skipped Seq from 498 to 500
Skipped Seq from 500 to 506
Skipped Seq from 507 to 509
Skipped Seq from 511 to 514
Skipped Seq from 515 to 518
Skipped Seq from 520 to 527
Skipped Seq from 527 to 530
Skipped Seq from 531 to 533
Skipped Seq from 534 to 536
Skipped Seq from 538 to 543
Skipped Seq from 544 to 547
Skipped Seq from 547 to 549
Skipped Seq from 551 to 553
Skipped Seq from 553 to 556
Skipped Seq from 556 to 558
Skipped Seq from 558 to 560
Skipped Seq from 560 to 562
Skipped Seq from 562 to 572
Skipped Seq from 572 to 575
Skipped Seq from 575 to 581
Skipped Seq from 581 to 584
Skipped Seq from 584 to 591
Skipped Seq from 591 to 594
Skipped Seq from 594 to 604
Skipped Seq from 604 to 610
Skipped Seq from 612 to 615
Skipped Seq from 620 to 622
Skipped Seq from 622 to 625
Skipped Seq from 626 to 630
Skipped Seq from 631 to 635
Skipped Seq from 635 to 642
Skipped Seq from 642 to 656
Skipped Seq from 657 to 660
Skipped Seq from 662 to 666
Skipped Seq from 669 to 672
Skipped Seq from 680 to 685
Skipped Seq from 685 to 687
Skipped Seq from 689 to 694
Skipped Seq from 695 to 700
Skipped Seq from 700 to 702
Skipped Seq from 703 to 713
Skipped Seq from 713 to 720
Skipped Seq from 720 to 724
Skipped Seq from 724 to 726
Skipped Seq from 726 to 728
Skipped Seq from 732 to 736
Skipped Seq from 736 to 739
Skipped Seq from 739 to 741
Skipped Seq from 742 to 750
Skipped Seq from 751 to 756
Skipped Seq from 756 to 766
Skipped Seq from 766 to 769
Skipped Seq from 769 to 774
Skipped Seq from 776 to 786
Skipped Seq from 786 to 788
Skipped Seq from 791 to 793
Skipped Seq from 796 to 799
Skipped Seq from 799 to 801
Skipped Seq from 802 to 805
Skipped Seq from 807 to 811
Skipped Seq from 811 to 813
Skipped Seq from 813 to 816
Skipped Seq from 820 to 824
Skipped Seq from 826 to 828
Skipped Seq from 829 to 833
Skipped Seq from 835 to 837
Skipped Seq from 844 to 846
Skipped Seq from 846 to 858
Skipped Seq from 858 to 866
Skipped Seq from 866 to 872
Skipped Seq from 874 to 878
Skipped Seq from 879 to 882
Skipped Seq from 882 to 890
Skipped Seq from 890 to 895
Skipped Seq from 896 to 914
Skipped Seq from 915 to 926
Skipped Seq from 926 to 929
Skipped Seq from 930 to 932
Skipped Seq from 934 to 940
Skipped Seq from 942 to 949
Skipped Seq from 950 to 963
Skipped Seq from 963 to 965
Skipped Seq from 966 to 972
Skipped Seq from 973 to 980
Skipped Seq from 982 to 994
Skipped Seq from 994 to 996
Skipped Seq from 996 to 1001
Skipped Seq from 1001 to 1012
Skipped Seq from 1012 to 1015
Skipped Seq from 1015 to 1017
Skipped Seq from 1017 to 1027
Skipped Seq from 1027 to 1031
Skipped Seq from 1031 to 1034
Skipped Seq from 1034 to 1037
Skipped Seq from 1037 to 1048
Skipped Seq from 1048 to 1051
Skipped Seq from 1051 to 1053
Skipped Seq from 1053 to 1055
Skipped Seq from 1055 to 1057
Skipped Seq from 1057 to 1059
Skipped Seq from 1061 to 1063
Skipped Seq from 1063 to 1065
Skipped Seq from 1065 to 1067
Skipped Seq from 1068 to 1070
Skipped Seq from 1070 to 1072
Skipped Seq from 1074 to 1080
Skipped Seq from 1080 to 1083
Skipped Seq from 1083 to 1090
Skipped Seq from 1093 to 1098
Skipped Seq from 1098 to 1100
Skipped Seq from 1100 to 1102
Skipped Seq from 1102 to 1104
Skipped Seq from 1106 to 1108
Skipped Seq from 1108 to 1111
Skipped Seq from 1112 to 1117
Skipped Seq from 1120 to 1122
Skipped Seq from 1123 to 1126
Skipped Seq from 1126 to 1128
Skipped Seq from 1129 to 1132
Skipped Seq from 1132 to 1134
Skipped Seq from 1134 to 1139
Skipped Seq from 1139 to 1145
Skipped Seq from 1146 to 1148
Skipped Seq from 1149 to 1151
Skipped Seq from 1153 to 1156
Skipped Seq from 1159 to 1162
Skipped Seq from 1162 to 1170
Skipped Seq from 1170 to 1175
Skipped Seq from 1182 to 1184
Skipped Seq from 1189 to 1191
Skipped Seq from 1195 to 1198
Skipped Seq from 1198 to 1205
Skipped Seq from 1205 to 1207
Skipped Seq from 1207 to 1209
Skipped Seq from 1210 to 1213
Skipped Seq from 1216 to 1221
Skipped Seq from 1221 to 1224
Skipped Seq from 1224 to 1227
Skipped Seq from 1229 to 1231
Skipped Seq from 1234 to 1236
Skipped Seq from 1236 to 1239
Skipped Seq from 1239 to 1241
Skipped Seq from 1253 to 1256
Skipped Seq from 1256 to 1264
Skipped Seq from 1264 to 1266
Skipped Seq from 1266 to 1269
Skipped Seq from 1271 to 1273
Skipped Seq from 1273 to 1278
Skipped Seq from 1278 to 1282
Skipped Seq from 1282 to 1284
Skipped Seq from 1284 to 1287
Skipped Seq from 1287 to 1289
Skipped Seq from 1289 to 1293
Skipped Seq from 1293 to 1295
Skipped Seq from 1295 to 1314
Skipped Seq from 1314 to 1316
Skipped Seq from 1316 to 1321
Skipped Seq from 1322 to 1327
Skipped Seq from 1328 to 1330
Skipped Seq from 1335 to 1339
Skipped Seq from 1340 to 1347
Skipped Seq from 1349 to 1351
Skipped Seq from 1353 to 1355
Skipped Seq from 1357 to 1361
Skipped Seq from 1363 to 1365
Skipped Seq from 1366 to 1368
Skipped Seq from 1375 to 1377
Skipped Seq from 1377 to 1380
Skipped Seq from 1388 to 1390
Skipped Seq from 1393 to 1396
Skipped Seq from 1397 to 1399
Skipped Seq from 1400 to 1402
Skipped Seq from 1404 to 1409
Skipped Seq from 1411 to 1413
Skipped Seq from 1414 to 1416
Skipped Seq from 1417 to 1419
Skipped Seq from 1423 to 1425
Skipped Seq from 1426 to 1428
Skipped Seq from 1428 to 1431
Skipped Seq from 1434 to 1436
Skipped Seq from 1440 to 1443
Skipped Seq from 1444 to 1446
Skipped Seq from 1447 to 1453
Skipped Seq from 1453 to 1456
Skipped Seq from 1458 to 1460
Skipped Seq from 1460 to 1462
Skipped Seq from 1465 to 1467
Skipped Seq from 1477 to 1479
Skipped Seq from 1480 to 1483
Skipped Seq from 1483 to 1486
Skipped Seq from 1487 to 1491
Skipped Seq from 1491 to 1495
Skipped Seq from 1495 to 1497
Skipped Seq from 1498 to 1500
Skipped Seq from 1500 to 1508
Skipped Seq from 1527 to 1529
Skipped Seq from 1530 to 1532
Skipped Seq from 1535 to 1537
Skipped Seq from 1546 to 1548
Skipped Seq from 1551 to 1554
Skipped Seq from 1559 to 1561
Skipped Seq from 1562 to 1565
Skipped Seq from 1566 to 1571
Skipped Seq from 1575 to 1579
Skipped Seq from 1580 to 1588
Skipped Seq from 1589 to 1591
Skipped Seq from 1595 to 1600
Skipped Seq from 1602 to 1604
Skipped Seq from 1605 to 1607
Skipped Seq from 1620 to 1622
Skipped Seq from 1631 to 1635
Skipped Seq from 1640 to 1642
Skipped Seq from 1647 to 1651
Skipped Seq from 1652 to 1655
Skipped Seq from 1662 to 1664
Skipped Seq from 1664 to 1667
Skipped Seq from 1668 to 1675
Skipped Seq from 1690 to 1692
Skipped Seq from 1709 to 1711
Skipped Seq from 1714 to 1716
Skipped Seq from 1716 to 1718
Skipped Seq from 1719 to 1722
Skipped Seq from 1728 to 1731
Skipped Seq from 1731 to 1733
Skipped Seq from 1733 to 1735
Skipped Seq from 1735 to 1738
Skipped Seq from 1742 to 1746
Skipped Seq from 1749 to 1751
Skipped Seq from 1751 to 1754
Skipped Seq from 1755 to 1757
Skipped Seq from 1762 to 1764
Skipped Seq from 1764 to 1769
Skipped Seq from 1769 to 1771
Skipped Seq from 1775 to 1777
Skipped Seq from 1779 to 1783
Skipped Seq from 1783 to 1787
Skipped Seq from 1787 to 1791
Skipped Seq from 1791 to 1795
Skipped Seq from 1801 to 1803
Skipped Seq from 1804 to 1808
Skipped Seq from 1809 to 1811
Skipped Seq from 7023 to 7026
Skipped Seq from 7026 to 7028
Skipped Seq from 7029 to 7031
Skipped Seq from 7031 to 7033
Skipped Seq from 7033 to 7035
Skipped Seq from 7037 to 7039
Skipped Seq from 7039 to 7041
Skipped Seq from 7044 to 7046
Skipped Seq from 7048 to 7051
Skipped Seq from 7052 to 7054
Skipped Seq from 7054 to 7056
Skipped Seq from 7057 to 7060
Skipped Seq from 7061 to 7064
Skipped Seq from 7066 to 7068
Skipped Seq from 7072 to 7074
Skipped Seq from 7077 to 7079
Skipped Seq from 7082 to 7084
Skipped Seq from 7089 to 7091
Skipped Seq from 7091 to 7093
Skipped Seq from 7093 to 7095
Skipped Seq from 7097 to 7099
Skipped Seq from 7099 to 7101
Skipped Seq from 7104 to 7106
Skipped Seq from 7106 to 7108
Skipped Seq from 7108 to 7110
Skipped Seq from 7113 to 7115
Skipped Seq from 7115 to 7118
Skipped Seq from 7118 to 7120
Skipped Seq from 7120 to 7122
Skipped Seq from 7122 to 7124
Skipped Seq from 7127 to 7129
Skipped Seq from 7131 to 7133
Skipped Seq from 7136 to 7139
Skipped Seq from 7139 to 7141
Skipped Seq from 7141 to 7143
Skipped Seq from 7143 to 7145
Skipped Seq from 7145 to 7147
Skipped Seq from 7148 to 7150
Skipped Seq from 7151 to 7153
Skipped Seq from 7153 to 7155
Skipped Seq from 7161 to 7171
Skipped Seq from 7171 to 7174
Skipped Seq from 7175 to 7177
Skipped Seq from 7180 to 7183
Skipped Seq from 7185 to 7187
Skipped Seq from 7187 to 7189
Skipped Seq from 7189 to 7191
Skipped Seq from 7192 to 7195
Skipped Seq from 7195 to 7197
Skipped Seq from 7199 to 7201
Skipped Seq from 7202 to 7206
Skipped Seq from 7208 to 7210
Skipped Seq from 7219 to 7222
Skipped Seq from 7223 to 7225
Skipped Seq from 7227 to 7229
Skipped Seq from 7236 to 7238
Skipped Seq from 7240 to 7242
Skipped Seq from 7249 to 7251
Skipped Seq from 7252 to 7254
Skipped Seq from 7257 to 7259
Skipped Seq from 7259 to 7261
Skipped Seq from 7262 to 7266
Skipped Seq from 7269 to 7271
Skipped Seq from 7271 to 7273
Skipped Seq from 7277 to 7279
Skipped Seq from 7283 to 7285
Skipped Seq from 7288 to 7291
Skipped Seq from 7292 to 7294
Skipped Seq from 7294 to 7296
Skipped Seq from 7296 to 7298
Skipped Seq from 7300 to 7302
Skipped Seq from 7306 to 7310
Skipped Seq from 7310 to 7312
Skipped Seq from 7313 to 7316
Skipped Seq from 7316 to 7318
Skipped Seq from 7327 to 7329
Skipped Seq from 7330 to 7332
Skipped Seq from 7332 to 7334
Skipped Seq from 7334 to 7337
Skipped Seq from 7340 to 7342
Skipped Seq from 7343 to 7345
Skipped Seq from 7346 to 7348
Skipped Seq from 7350 to 7352
Skipped Seq from 7355 to 7357
Skipped Seq from 7359 to 7361
Skipped Seq from 7361 to 7363
Skipped Seq from 7364 to 7366
Skipped Seq from 7366 to 7369
Skipped Seq from 7369 to 7372
Skipped Seq from 7373 to 7376
Skipped Seq from 7376 to 7378
Skipped Seq from 7378 to 7381
Skipped Seq from 7382 to 7385
Skipped Seq from 7385 to 7387
Skipped Seq from 7387 to 7389
Skipped Seq from 7393 to 7396
Skipped Seq from 7397 to 7399
Skipped Seq from 7399 to 7401
Skipped Seq from 7412 to 7414
Skipped Seq from 7431 to 7433
Skipped Seq from 7442 to 7444
Skipped Seq from 7447 to 7449
Skipped Seq from 7453 to 7455
Skipped Seq from 7456 to 7458
Skipped Seq from 7464 to 7467
Skipped Seq from 7468 to 7470
Skipped Seq from 7471 to 7474
Skipped Seq from 7475 to 7477
Skipped Seq from 7477 to 7479
Skipped Seq from 7480 to 7482
Skipped Seq from 7482 to 7484
Skipped Seq from 7484 to 7486
Skipped Seq from 7489 to 7492
Skipped Seq from 7492 to 7494
Skipped Seq from 7494 to 7496
Skipped Seq from 7497 to 7499
Skipped Seq from 7500 to 7502
Skipped Seq from 7502 to 7505
Skipped Seq from 7506 to 7508
Skipped Seq from 7509 to 7512
Skipped Seq from 7515 to 7517
Skipped Seq from 7522 to 7524
Skipped Seq from 7524 to 7526
Skipped Seq from 7529 to 7531
Skipped Seq from 7531 to 7533
Skipped Seq from 7535 to 7537
Skipped Seq from 7538 to 7541
Skipped Seq from 7541 to 7543
Skipped Seq from 7554 to 7556
Skipped Seq from 7556 to 7558
Skipped Seq from 7558 to 7561
Skipped Seq from 7561 to 7563
Skipped Seq from 7564 to 7567
Skipped Seq from 7567 to 7569
Skipped Seq from 7570 to 7573
Skipped Seq from 7582 to 7586
Skipped Seq from 7586 to 7588
Skipped Seq from 7588 to 7590
Skipped Seq from 7590 to 7592
Skipped Seq from 7599 to 7601
Skipped Seq from 7603 to 7605
Skipped Seq from 7611 to 7613
Skipped Seq from 7613 to 7615
Skipped Seq from 7616 to 7619
Skipped Seq from 7619 to 7621
Skipped Seq from 7622 to 7624
Skipped Seq from 7625 to 7627
Skipped Seq from 7627 to 7630
Skipped Seq from 7631 to 7633
Skipped Seq from 7633 to 7636
Skipped Seq from 7637 to 7640
Skipped Seq from 7643 to 7646
Skipped Seq from 7646 to 7648
Skipped Seq from 7655 to 7657
Skipped Seq from 7660 to 7663
Skipped Seq from 7664 to 7666
Skipped Seq from 7666 to 7669
Skipped Seq from 7672 to 7674
Skipped Seq from 7674 to 7676
Skipped Seq from 7676 to 7679
Skipped Seq from 7680 to 7683
Skipped Seq from 7684 to 7687
Skipped Seq from 7688 to 7690
Skipped Seq from 7690 to 7692
Skipped Seq from 7694 to 7696
Skipped Seq from 7696 to 7700
Skipped Seq from 7703 to 7705
Skipped Seq from 7710 to 7712
Skipped Seq from 7731 to 7733
Skipped Seq from 7733 to 7735
Skipped Seq from 7740 to 7742
Skipped Seq from 7743 to 7748
Skipped Seq from 7748 to 7750
Skipped Seq from 7750 to 7752
Skipped Seq from 7752 to 7755
Skipped Seq from 7755 to 7758
Skipped Seq from 7758 to 7760
Skipped Seq from 7761 to 7763
Skipped Seq from 7768 to 7770
Skipped Seq from 7775 to 7777
Skipped Seq from 7782 to 7784
Skipped Seq from 7784 to 7786
Skipped Seq from 7788 to 7790
Skipped Seq from 7793 to 7796
Skipped Seq from 7799 to 7801
Skipped Seq from 7805 to 7807
Skipped Seq from 7812 to 7814
Skipped Seq from 7818 to 7820
Skipped Seq from 7826 to 7828
Skipped Seq from 7829 to 7831
Skipped Seq from 7832 to 7835
Skipped Seq from 7835 to 7837
Skipped Seq from 7837 to 7840
Skipped Seq from 7840 to 7843
Skipped Seq from 7843 to 7847
Skipped Seq from 7849 to 7851
Skipped Seq from 7851 to 7853
Skipped Seq from 7856 to 7858
Skipped Seq from 7863 to 7865
Skipped Seq from 7868 to 7871
Skipped Seq from 7877 to 7879
Skipped Seq from 7881 to 7885
Skipped Seq from 7885 to 7888
Skipped Seq from 7888 to 7890
Skipped Seq from 7890 to 7892
Skipped Seq from 7892 to 7894
Skipped Seq from 7894 to 7896
Skipped Seq from 7896 to 7898
Skipped Seq from 7898 to 7900
Skipped Seq from 7903 to 7905
Skipped Seq from 7905 to 7907
Skipped Seq from 7907 to 7909
Skipped Seq from 7910 to 7913
Skipped Seq from 7913 to 7915
Skipped Seq from 7915 to 7917
Skipped Seq from 7918 to 7922
Skipped Seq from 7922 to 7924
Skipped Seq from 7925 to 7928
Skipped Seq from 7930 to 7932
Skipped Seq from 7936 to 7938
Skipped Seq from 7938 to 7940
Skipped Seq from 7944 to 7947
Skipped Seq from 7948 to 7950
Skipped Seq from 7950 to 7954
Skipped Seq from 7956 to 7959
Skipped Seq from 7961 to 7963
Skipped Seq from 7963 to 7966
Skipped Seq from 7966 to 7968
Skipped Seq from 7968 to 7970
Skipped Seq from 7971 to 7973
Skipped Seq from 7977 to 7979
Skipped Seq from 7979 to 7982
Skipped Seq from 7983 to 7986
Skipped Seq from 7987 to 7989
Skipped Seq from 7990 to 7993
Skipped Seq from 7993 to 7995
Skipped Seq from 7995 to 7997
Skipped Seq from 7997 to 7999
Skipped Seq from 8000 to 8003
Skipped Seq from 8005 to 8007
Skipped Seq from 8008 to 8010
Skipped Seq from 8010 to 8013
Skipped Seq from 8013 to 8015
Skipped Seq from 8015 to 8018
Skipped Seq from 8018 to 8020
Skipped Seq from 8020 to 8022
Skipped Seq from 8022 to 8025
Skipped Seq from 8025 to 8032
Skipped Seq from 8033 to 8037
Skipped Seq from 8037 to 8039
Skipped Seq from 8041 to 8045
Skipped Seq from 8047 to 8050
Skipped Seq from 8050 to 8052
Skipped Seq from 8052 to 8054
Skipped Seq from 8054 to 8056
Skipped Seq from 8056 to 8058
Skipped Seq from 8058 to 8060
Skipped Seq from 8060 to 8063
Skipped Seq from 8065 to 8067
Skipped Seq from 8068 to 8071
Skipped Seq from 8074 to 8076
Skipped Seq from 8080 to 8082
Skipped Seq from 8091 to 8093
Skipped Seq from 8093 to 8096
Skipped Seq from 8097 to 8100
Skipped Seq from 8100 to 8102
Skipped Seq from 8102 to 8104
Skipped Seq from 8104 to 8106
Skipped Seq from 8106 to 8108
Skipped Seq from 8108 to 8110
Skipped Seq from 8110 to 8113
Skipped Seq from 8114 to 8117
Skipped Seq from 8118 to 8120
Skipped Seq from 8120 to 8122
Skipped Seq from 8127 to 8129
Skipped Seq from 8131 to 8134
Skipped Seq from 8134 to 8137
Skipped Seq from 8137 to 8139
Skipped Seq from 8141 to 8144
Skipped Seq from 8144 to 8146
Skipped Seq from 8146 to 8151
Skipped Seq from 8152 to 8154
Skipped Seq from 8154 to 8156
Skipped Seq from 8157 to 8159
Skipped Seq from 8168 to 8175
Skipped Seq from 8175 to 8178
Skipped Seq from 8180 to 8182
Skipped Seq from 8183 to 8185
Skipped Seq from 8186 to 8188
Skipped Seq from 8188 to 8190
Skipped Seq from 8190 to 8193
Skipped Seq from 8193 to 8195
Skipped Seq from 8196 to 8198
Skipped Seq from 8200 to 8203
Skipped Seq from 8204 to 8206
Skipped Seq from 8208 to 8210
Skipped Seq from 8210 to 8212
Skipped Seq from 8212 to 8214
Skipped Seq from 8214 to 8217
Skipped Seq from 8217 to 8219
Skipped Seq from 8221 to 8223
Skipped Seq from 8224 to 8226
Skipped Seq from 8228 to 8230
Skipped Seq from 8234 to 8236
Skipped Seq from 8239 to 8242
Skipped Seq from 8242 to 8244
Skipped Seq from 8247 to 8249
Skipped Seq from 8251 to 8253
Skipped Seq from 8253 to 8256
Skipped Seq from 8256 to 8258
Skipped Seq from 8258 to 8260
Skipped Seq from 8260 to 8263
Skipped Seq from 8264 to 8267
Skipped Seq from 8270 to 8272
Skipped Seq from 8272 to 8275
Skipped Seq from 8275 to 8277
Skipped Seq from 8277 to 8279
Skipped Seq from 8279 to 8281
Skipped Seq from 8284 to 8286
Skipped Seq from 8288 to 8290
Skipped Seq from 8291 to 8293
Skipped Seq from 8293 to 8297
Skipped Seq from 8297 to 8300
Skipped Seq from 8300 to 8303
Skipped Seq from 8303 to 8307
Skipped Seq from 8308 to 8310
Skipped Seq from 8311 to 8319
Skipped Seq from 8319 to 8322
Skipped Seq from 8322 to 8324
Skipped Seq from 8324 to 8328
Skipped Seq from 8328 to 8331
Skipped Seq from 8331 to 8335
Skipped Seq from 8335 to 8338
Skipped Seq from 8346 to 8349
Skipped Seq from 8351 to 8353
Skipped Seq from 8355 to 8357
Skipped Seq from 8357 to 8359
Skipped Seq from 8359 to 8363
Skipped Seq from 8363 to 8365
Skipped Seq from 8365 to 8369
Skipped Seq from 8369 to 8372
Skipped Seq from 8372 to 8374
Skipped Seq from 8374 to 8377
Skipped Seq from 8377 to 8380
Skipped Seq from 8380 to 8382
Skipped Seq from 8386 to 8389
Skipped Seq from 8389 to 8391
Skipped Seq from 8392 to 8396
Skipped Seq from 8401 to 8403
Skipped Seq from 8405 to 8407
Skipped Seq from 8407 to 8410
Skipped Seq from 8415 to 8418
Skipped Seq from 8418 to 8421
Skipped Seq from 8421 to 8423
Skipped Seq from 8423 to 8433
Skipped Seq from 8434 to 8436
Skipped Seq from 8440 to 8442
Skipped Seq from 8446 to 8449
Skipped Seq from 8453 to 8455
Skipped Seq from 8459 to 8461
Skipped Seq from 8465 to 8467
Skipped Seq from 8475 to 8480
Skipped Seq from 8480 to 8482
Skipped Seq from 8483 to 8485
Skipped Seq from 8489 to 8491
Skipped Seq from 8493 to 8495
Skipped Seq from 8496 to 8498
Skipped Seq from 8500 to 8502
Skipped Seq from 8502 to 8504
Skipped Seq from 8504 to 8507
Skipped Seq from 8507 to 8511
Skipped Seq from 8511 to 8513
Skipped Seq from 8513 to 8515
Skipped Seq from 8515 to 8517
Skipped Seq from 8518 to 8520
Skipped Seq from 8520 to 8524
Skipped Seq from 8524 to 8526
Skipped Seq from 8526 to 8528
Skipped Seq from 8530 to 8532
Skipped Seq from 8532 to 8534
Skipped Seq from 8534 to 8538
Skipped Seq from 8538 to 8541
Skipped Seq from 8541 to 8543
Skipped Seq from 8551 to 8553
Skipped Seq from 8556 to 8558
Skipped Seq from 8558 to 8560
Skipped Seq from 8563 to 8565
Skipped Seq from 8566 to 8569
Skipped Seq from 8572 to 8575
Skipped Seq from 8577 to 8580
Skipped Seq from 8581 to 8587
Skipped Seq from 8587 to 8590
Skipped Seq from 8590 to 8593
Skipped Seq from 8593 to 8596
Skipped Seq from 8597 to 8599
Skipped Seq from 8599 to 8603
Skipped Seq from 8603 to 8605
Skipped Seq from 8605 to 8609
Skipped Seq from 8609 to 8611
Skipped Seq from 8611 to 8614
Skipped Seq from 8614 to 8617
Skipped Seq from 8618 to 8620
Skipped Seq from 8621 to 8624
Skipped Seq from 8624 to 8628
Skipped Seq from 8628 to 8630
Skipped Seq from 8631 to 8634
Skipped Seq from 8634 to 8636
Skipped Seq from 8637 to 8640
Skipped Seq from 8640 to 8642
Skipped Seq from 8644 to 8646
Skipped Seq from 8646 to 8649
Skipped Seq from 8649 to 8651
Skipped Seq from 8652 to 8654
Skipped Seq from 8654 to 8657
Skipped Seq from 8657 to 8659
Skipped Seq from 8663 to 8665
Skipped Seq from 8665 to 8667
Skipped Seq from 8670 to 8672
Skipped Seq from 8677 to 8680
Skipped Seq from 8683 to 8686
Skipped Seq from 8686 to 8688
Skipped Seq from 8693 to 8696
Skipped Seq from 8698 to 8700
Skipped Seq from 8706 to 8708
Skipped Seq from 8710 to 8712
Skipped Seq from 8718 to 8720
Skipped Seq from 8722 to 8724
Skipped Seq from 8739 to 8741
Skipped Seq from 8744 to 8747
Skipped Seq from 8750 to 8752
Skipped Seq from 8752 to 8754
Skipped Seq from 8756 to 8758
Skipped Seq from 8777 to 8780
Skipped Seq from 8792 to 8794
Number of times throttled: 9
Received: 12486 / 14036 packets
Start time: 1332836210.683054
End time: 1332836249.029589
Duration: 38.346535
