Starting client at 10.0.0.15:1268 with timeout:10
My IP address is 10.0.0.15Skipped Seq from 787 to 797
Skipped Seq from 798 to 800
Skipped Seq from 801 to 803
Skipped Seq from 803 to 805
Skipped Seq from 808 to 810
Skipped Seq from 811 to 813
Skipped Seq from 816 to 818
Skipped Seq from 818 to 820
Skipped Seq from 823 to 825
Skipped Seq from 832 to 834
Skipped Seq from 837 to 840
Skipped Seq from 840 to 843
Skipped Seq from 843 to 848
Skipped Seq from 848 to 850
Skipped Seq from 853 to 858
Skipped Seq from 859 to 866
Skipped Seq from 869 to 871
Skipped Seq from 873 to 875
Skipped Seq from 878 to 880
Skipped Seq from 882 to 890
Skipped Seq from 897 to 903
Skipped Seq from 906 to 913
Skipped Seq from 913 to 915
Skipped Seq from 922 to 925
Skipped Seq from 925 to 928
Skipped Seq from 931 to 937
Skipped Seq from 937 to 940
Skipped Seq from 940 to 942
Skipped Seq from 947 to 950
Skipped Seq from 950 to 952
Skipped Seq from 955 to 957
Skipped Seq from 960 to 966
Skipped Seq from 969 to 978
Skipped Seq from 979 to 986
Skipped Seq from 993 to 1001
Skipped Seq from 1002 to 1004
Skipped Seq from 1004 to 1010
Skipped Seq from 1013 to 1022
Skipped Seq from 1022 to 1029
Skipped Seq from 1030 to 1033
Skipped Seq from 1033 to 1035
Skipped Seq from 1041 to 1043
Skipped Seq from 1048 to 1054
Skipped Seq from 1058 to 1060
Skipped Seq from 1060 to 1063
Skipped Seq from 1064 to 1066
Skipped Seq from 1072 to 1075
Skipped Seq from 1077 to 1079
Skipped Seq from 1079 to 1081
Skipped Seq from 1085 to 1087
Skipped Seq from 1088 to 1090
Skipped Seq from 1095 to 1097
Skipped Seq from 1102 to 1105
Skipped Seq from 1110 to 1112
Skipped Seq from 1120 to 1126
Skipped Seq from 1127 to 1129
Skipped Seq from 1130 to 1134
Skipped Seq from 1134 to 1136
Skipped Seq from 1144 to 1149
Skipped Seq from 1150 to 1155
Skipped Seq from 1155 to 1164
Skipped Seq from 1164 to 1167
Skipped Seq from 1167 to 1178
Skipped Seq from 1178 to 1183
Skipped Seq from 1186 to 1188
Skipped Seq from 1189 to 1198
Skipped Seq from 1199 to 1204
Skipped Seq from 1204 to 1207
Skipped Seq from 1207 to 1213
Skipped Seq from 1213 to 1218
Skipped Seq from 1219 to 1224
Skipped Seq from 1230 to 1234
Skipped Seq from 1234 to 1238
Skipped Seq from 1238 to 1240
Skipped Seq from 1243 to 1245
Skipped Seq from 1250 to 1256
Skipped Seq from 1260 to 1262
Skipped Seq from 1262 to 1266
Skipped Seq from 1269 to 1271
Skipped Seq from 1271 to 1275
Skipped Seq from 1275 to 1277
Skipped Seq from 1283 to 1287
Skipped Seq from 1290 to 1292
Skipped Seq from 1299 to 1305
Skipped Seq from 1308 to 1313
Skipped Seq from 1313 to 1316
Skipped Seq from 1316 to 1318
Skipped Seq from 1318 to 1320
Skipped Seq from 1321 to 1327
Skipped Seq from 1327 to 1329
Skipped Seq from 1330 to 1338
Skipped Seq from 1338 to 1346
Skipped Seq from 1347 to 1357
Skipped Seq from 1357 to 1359
Skipped Seq from 1359 to 1361
Skipped Seq from 1362 to 1372
Skipped Seq from 1372 to 1383
Skipped Seq from 1383 to 1389
Skipped Seq from 1392 to 1394
Skipped Seq from 1398 to 1401
Skipped Seq from 1403 to 1406
Skipped Seq from 1407 to 1409
Skipped Seq from 1414 to 1416
Skipped Seq from 1421 to 1427
Skipped Seq from 1428 to 1439
Skipped Seq from 1442 to 1444
Skipped Seq from 1445 to 1448
Skipped Seq from 1449 to 1451
Skipped Seq from 1455 to 1461
Skipped Seq from 1471 to 1473
Skipped Seq from 1473 to 1476
Skipped Seq from 1476 to 1478
Skipped Seq from 1479 to 1481
Skipped Seq from 1483 to 1489
Skipped Seq from 1493 to 1495
Skipped Seq from 1495 to 1500
Skipped Seq from 1501 to 1520
Skipped Seq from 1520 to 1528
Skipped Seq from 1530 to 1532
Skipped Seq from 1536 to 1540
Skipped Seq from 1549 to 1551
Skipped Seq from 1558 to 1560
Skipped Seq from 1560 to 1566
Skipped Seq from 1571 to 1576
Skipped Seq from 1581 to 1583
Skipped Seq from 1584 to 1588
Skipped Seq from 1592 to 1594
Skipped Seq from 1595 to 1603
Skipped Seq from 1607 to 1609
Skipped Seq from 1609 to 1612
Skipped Seq from 1615 to 1617
Skipped Seq from 1618 to 1620
Skipped Seq from 1622 to 1624
Skipped Seq from 1627 to 1630
Skipped Seq from 1633 to 1635
Skipped Seq from 1635 to 1637
Skipped Seq from 1643 to 1645
Skipped Seq from 1645 to 1655
Skipped Seq from 1656 to 1667
Skipped Seq from 1667 to 1670
Skipped Seq from 1672 to 1676
Skipped Seq from 1676 to 1680
Skipped Seq from 1683 to 1685
Skipped Seq from 1685 to 1689
Skipped Seq from 1689 to 1691
Skipped Seq from 1692 to 1700
Skipped Seq from 1700 to 1710
Skipped Seq from 1710 to 1713
Skipped Seq from 1713 to 1715
Skipped Seq from 1715 to 1717
Skipped Seq from 1717 to 1719
Skipped Seq from 1719 to 1721
Skipped Seq from 1721 to 1723
Skipped Seq from 1723 to 1725
Skipped Seq from 1725 to 1728
Skipped Seq from 1729 to 1731
Skipped Seq from 1731 to 1734
Skipped Seq from 1734 to 1736
Skipped Seq from 1737 to 1739
Skipped Seq from 1739 to 1742
Skipped Seq from 1742 to 1746
Skipped Seq from 1746 to 1749
Skipped Seq from 1749 to 1751
Skipped Seq from 1751 to 1761
Skipped Seq from 1761 to 1767
Skipped Seq from 1767 to 1775
Skipped Seq from 1775 to 1778
Skipped Seq from 1779 to 1781
Skipped Seq from 1786 to 1788
Skipped Seq from 1793 to 1800
Skipped Seq from 1800 to 1804
Skipped Seq from 1804 to 1807
Skipped Seq from 1807 to 1815
Skipped Seq from 1815 to 1822
Skipped Seq from 1823 to 1828
Skipped Seq from 1828 to 1832
Skipped Seq from 1832 to 1835
Skipped Seq from 1835 to 1846
Skipped Seq from 1846 to 1852
Skipped Seq from 1854 to 1861
Skipped Seq from 1862 to 1869
Skipped Seq from 1870 to 1875
Skipped Seq from 1875 to 1881
Skipped Seq from 1881 to 1883
Skipped Seq from 1883 to 1885
Skipped Seq from 1885 to 1889
Skipped Seq from 1889 to 1891
Skipped Seq from 1895 to 1897
Skipped Seq from 1898 to 1900
Skipped Seq from 1902 to 1904
Skipped Seq from 1907 to 1909
Skipped Seq from 1909 to 1914
Skipped Seq from 1921 to 1923
Skipped Seq from 1927 to 1929
Skipped Seq from 1932 to 1935
Skipped Seq from 1936 to 1943
Skipped Seq from 1943 to 1951
Skipped Seq from 1951 to 1958
Skipped Seq from 1962 to 1965
Skipped Seq from 1965 to 1967
Skipped Seq from 1968 to 1970
Skipped Seq from 1970 to 1974
Skipped Seq from 1977 to 1984
Skipped Seq from 1984 to 1986
Skipped Seq from 1987 to 1993
Skipped Seq from 1993 to 1997
Skipped Seq from 1999 to 2006
Skipped Seq from 2006 to 2008
Skipped Seq from 2008 to 2010
Skipped Seq from 2012 to 2015
Skipped Seq from 2015 to 2017
Skipped Seq from 2021 to 2024
Skipped Seq from 2025 to 2028
Skipped Seq from 2029 to 2035
Skipped Seq from 2035 to 2041
Skipped Seq from 2041 to 2043
Skipped Seq from 2044 to 2046
Skipped Seq from 2046 to 2049
Skipped Seq from 2054 to 2056
Skipped Seq from 2056 to 2058
Skipped Seq from 2058 to 2064
Skipped Seq from 2066 to 2068
Skipped Seq from 2068 to 2072
Skipped Seq from 2073 to 2075
Skipped Seq from 2075 to 2077
Skipped Seq from 2077 to 2083
Skipped Seq from 2085 to 2093
Skipped Seq from 2094 to 2098
Skipped Seq from 2098 to 2103
Skipped Seq from 2103 to 2105
Skipped Seq from 2108 to 2114
Skipped Seq from 2116 to 2119
Skipped Seq from 2123 to 2125
Skipped Seq from 2125 to 2128
Skipped Seq from 2131 to 2133
Skipped Seq from 2136 to 2139
Skipped Seq from 2142 to 2149
Skipped Seq from 2149 to 2153
Skipped Seq from 2156 to 2161
Skipped Seq from 2161 to 2163
Skipped Seq from 2163 to 2168
Skipped Seq from 2170 to 2177
Skipped Seq from 2179 to 2184
Skipped Seq from 2184 to 2187
Skipped Seq from 2190 to 2192
Skipped Seq from 2192 to 2194
Skipped Seq from 2196 to 2204
Skipped Seq from 2205 to 2209
Skipped Seq from 2209 to 2224
Skipped Seq from 2224 to 2233
Skipped Seq from 2233 to 2236
Skipped Seq from 2237 to 2239
Skipped Seq from 2244 to 2246
Skipped Seq from 2246 to 2248
Skipped Seq from 2253 to 2256
Skipped Seq from 2257 to 2259
Skipped Seq from 2260 to 2266
Skipped Seq from 2266 to 2269
Skipped Seq from 2273 to 2275
Skipped Seq from 2278 to 2280
Skipped Seq from 2285 to 2287
Skipped Seq from 2293 to 2295
Skipped Seq from 2298 to 2300
Skipped Seq from 2303 to 2305
Skipped Seq from 2305 to 2307
Skipped Seq from 2310 to 2314
Skipped Seq from 2317 to 2320
Skipped Seq from 2320 to 2324
Skipped Seq from 2325 to 2328
Skipped Seq from 2328 to 2330
Skipped Seq from 2332 to 2337
Skipped Seq from 2337 to 2341
Skipped Seq from 2344 to 2346
Skipped Seq from 2349 to 2351
Skipped Seq from 2354 to 2356
Skipped Seq from 2360 to 2362
Skipped Seq from 2366 to 2368
Skipped Seq from 2372 to 2374
Skipped Seq from 2378 to 2380
Skipped Seq from 2387 to 2389
Skipped Seq from 2389 to 2391
Skipped Seq from 2395 to 2398
Skipped Seq from 2400 to 2402
Skipped Seq from 2407 to 2409
Skipped Seq from 2419 to 2421
Skipped Seq from 2426 to 2428
Skipped Seq from 2431 to 2444
Skipped Seq from 2444 to 2451
Skipped Seq from 2453 to 2455
Number of times throttled: 5
Received: 1606 / 2461 packets
Start time: 1332836357.127474
End time: 1332836376.595168
Duration: 19.467694
