Starting client at 10.0.0.19:1266 with timeout:10
My IP address is 10.0.0.19Skipped Seq from 575 to 577
Skipped Seq from 577 to 579
Skipped Seq from 582 to 584
Skipped Seq from 584 to 586
Skipped Seq from 588 to 593
Skipped Seq from 593 to 595
Skipped Seq from 595 to 599
Skipped Seq from 600 to 602
Skipped Seq from 602 to 604
Skipped Seq from 606 to 608
Skipped Seq from 613 to 616
Skipped Seq from 619 to 628
Skipped Seq from 628 to 637
Skipped Seq from 638 to 643
Skipped Seq from 649 to 651
Skipped Seq from 652 to 654
Skipped Seq from 657 to 661
Skipped Seq from 662 to 664
Skipped Seq from 669 to 671
Skipped Seq from 672 to 675
Skipped Seq from 675 to 677
Skipped Seq from 680 to 682
Skipped Seq from 685 to 687
Skipped Seq from 688 to 692
Skipped Seq from 694 to 696
Skipped Seq from 696 to 698
Skipped Seq from 698 to 700
Skipped Seq from 700 to 702
Skipped Seq from 713 to 715
Skipped Seq from 715 to 717
Skipped Seq from 717 to 719
Skipped Seq from 720 to 738
Skipped Seq from 740 to 743
Skipped Seq from 744 to 747
Skipped Seq from 747 to 749
Skipped Seq from 750 to 752
Skipped Seq from 752 to 754
Skipped Seq from 759 to 762
Skipped Seq from 762 to 764
Skipped Seq from 767 to 769
Skipped Seq from 769 to 771
Skipped Seq from 773 to 775
Skipped Seq from 779 to 783
Skipped Seq from 785 to 787
Skipped Seq from 787 to 789
Skipped Seq from 791 to 797
Skipped Seq from 798 to 806
Skipped Seq from 806 to 812
Skipped Seq from 812 to 814
Skipped Seq from 818 to 825
Skipped Seq from 825 to 840
Skipped Seq from 840 to 842
Skipped Seq from 842 to 849
Skipped Seq from 849 to 867
Skipped Seq from 867 to 869
Skipped Seq from 870 to 872
Skipped Seq from 872 to 874
Skipped Seq from 876 to 881
Skipped Seq from 884 to 891
Skipped Seq from 891 to 893
Skipped Seq from 897 to 905
Skipped Seq from 905 to 909
Skipped Seq from 911 to 913
Skipped Seq from 918 to 920
Skipped Seq from 920 to 923
Skipped Seq from 924 to 926
Skipped Seq from 926 to 931
Skipped Seq from 931 to 939
Skipped Seq from 939 to 941
Skipped Seq from 941 to 952
Skipped Seq from 954 to 958
Skipped Seq from 958 to 965
Skipped Seq from 965 to 967
Skipped Seq from 969 to 975
Skipped Seq from 978 to 983
Skipped Seq from 985 to 987
Skipped Seq from 987 to 990
Skipped Seq from 992 to 994
Skipped Seq from 994 to 996
Skipped Seq from 996 to 999
Skipped Seq from 1000 to 1002
Skipped Seq from 1003 to 1007
Skipped Seq from 1007 to 1009
Skipped Seq from 1009 to 1013
Skipped Seq from 1013 to 1016
Skipped Seq from 1017 to 1019
Skipped Seq from 1019 to 1022
Skipped Seq from 1023 to 1026
Skipped Seq from 1032 to 1034
Skipped Seq from 1039 to 1043
Skipped Seq from 1045 to 1049
Skipped Seq from 1049 to 1051
Skipped Seq from 1055 to 1057
Skipped Seq from 1057 to 1061
Skipped Seq from 1062 to 1064
Skipped Seq from 1067 to 1070
Skipped Seq from 1070 to 1072
Skipped Seq from 1074 to 1076
Skipped Seq from 1080 to 1082
Skipped Seq from 1084 to 1090
Skipped Seq from 1091 to 1095
Skipped Seq from 1096 to 1100
Skipped Seq from 1100 to 1116
Skipped Seq from 1118 to 1120
Skipped Seq from 1122 to 1125
Skipped Seq from 1126 to 1136
Skipped Seq from 1136 to 1140
Skipped Seq from 1142 to 1148
Skipped Seq from 1148 to 1154
Skipped Seq from 1158 to 1162
Skipped Seq from 1164 to 1168
Skipped Seq from 1169 to 1176
Skipped Seq from 1177 to 1182
Skipped Seq from 1182 to 1184
Skipped Seq from 1184 to 1188
Skipped Seq from 1192 to 1196
Skipped Seq from 1199 to 1202
Skipped Seq from 1202 to 1204
Skipped Seq from 1204 to 1206
Skipped Seq from 1210 to 1212
Skipped Seq from 1215 to 1220
Skipped Seq from 1225 to 1229
Skipped Seq from 1232 to 1234
Skipped Seq from 1234 to 1237
Skipped Seq from 1237 to 1243
Skipped Seq from 1243 to 1245
Skipped Seq from 1245 to 1251
Skipped Seq from 1251 to 1255
Skipped Seq from 1255 to 1258
Skipped Seq from 1258 to 1261
Skipped Seq from 1262 to 1269
Skipped Seq from 1270 to 1272
Skipped Seq from 1272 to 1281
Skipped Seq from 1284 to 1287
Skipped Seq from 1288 to 1293
Skipped Seq from 1293 to 1300
Skipped Seq from 1300 to 1303
Skipped Seq from 1304 to 1309
Skipped Seq from 1309 to 1311
Skipped Seq from 1314 to 1318
Skipped Seq from 1319 to 1321
Skipped Seq from 1321 to 1329
Skipped Seq from 1329 to 1331
Skipped Seq from 1333 to 1336
Skipped Seq from 1338 to 1342
Skipped Seq from 1345 to 1349
Skipped Seq from 1351 to 1353
Skipped Seq from 1355 to 1358
Skipped Seq from 1358 to 1363
Skipped Seq from 1363 to 1366
Skipped Seq from 1366 to 1369
Skipped Seq from 1370 to 1372
Skipped Seq from 1372 to 1374
Skipped Seq from 1376 to 1378
Skipped Seq from 1397 to 1399
Skipped Seq from 1408 to 1410
Skipped Seq from 1414 to 1417
Skipped Seq from 1424 to 1426
Skipped Seq from 1429 to 1431
Skipped Seq from 1434 to 1436
Skipped Seq from 1467 to 1469
Skipped Seq from 1493 to 1495
Skipped Seq from 1524 to 1526
Skipped Seq from 1547 to 1549
Skipped Seq from 1560 to 1562
Skipped Seq from 1570 to 1572
Skipped Seq from 1577 to 1579
Skipped Seq from 1605 to 1607
Skipped Seq from 1631 to 1633
Skipped Seq from 1664 to 1666
Skipped Seq from 1696 to 1698
Skipped Seq from 1705 to 1708
Skipped Seq from 1714 to 1716
Skipped Seq from 1743 to 1745
Skipped Seq from 1770 to 1772
Skipped Seq from 1801 to 1803
Skipped Seq from 1837 to 1839
Skipped Seq from 1847 to 1850
Skipped Seq from 1850 to 1853
Skipped Seq from 1856 to 1858
Skipped Seq from 1878 to 1880
Skipped Seq from 1910 to 1912
Skipped Seq from 1939 to 1941
Skipped Seq from 1975 to 1977
Skipped Seq from 2001 to 2003
Skipped Seq from 2027 to 2029
Skipped Seq from 2068 to 2070
Skipped Seq from 2096 to 2098
Skipped Seq from 2126 to 2128
Skipped Seq from 2137 to 2139
Skipped Seq from 2160 to 2162
Skipped Seq from 2185 to 2187
Skipped Seq from 2214 to 2216
Skipped Seq from 2244 to 2246
Skipped Seq from 2279 to 2283
Skipped Seq from 2298 to 2300
Skipped Seq from 2336 to 2338
Skipped Seq from 2358 to 2360
Skipped Seq from 2393 to 2395
Skipped Seq from 2411 to 2413
Skipped Seq from 2422 to 2425
Skipped Seq from 2426 to 2429
Skipped Seq from 2431 to 2434
Skipped Seq from 2443 to 2445
Skipped Seq from 2466 to 2468
Skipped Seq from 2478 to 2481
Skipped Seq from 2485 to 2487
Skipped Seq from 2504 to 2506
Skipped Seq from 2520 to 2522
Skipped Seq from 2533 to 2535
Skipped Seq from 2545 to 2547
Skipped Seq from 2567 to 2569
Skipped Seq from 2589 to 2591
Skipped Seq from 2620 to 2622
Skipped Seq from 2661 to 2663
Skipped Seq from 2685 to 2687
Skipped Seq from 2708 to 2710
Skipped Seq from 2717 to 2719
Skipped Seq from 2747 to 2749
Skipped Seq from 2766 to 2768
Skipped Seq from 2805 to 2807
Skipped Seq from 2835 to 2837
Skipped Seq from 2842 to 2844
Skipped Seq from 2847 to 2850
Skipped Seq from 2852 to 2856
Skipped Seq from 2876 to 2878
Skipped Seq from 2883 to 2885
Skipped Seq from 2885 to 2887
Skipped Seq from 2888 to 2890
Skipped Seq from 2908 to 2910
Number of times throttled: 5
Received: 3611 / 4141 packets
Start time: 1332836361.132071
End time: 1332836372.053110
Duration: 10.921039
