Starting client at 10.0.0.20:1244 with timeout:10
My IP address is 10.0.0.20Skipped Seq from 158 to 164
Skipped Seq from 165 to 175
Skipped Seq from 176 to 180
Skipped Seq from 180 to 182
Skipped Seq from 182 to 193
Skipped Seq from 193 to 201
Skipped Seq from 201 to 204
Skipped Seq from 204 to 210
Skipped Seq from 210 to 214
Skipped Seq from 216 to 218
Skipped Seq from 219 to 221
Skipped Seq from 222 to 224
Skipped Seq from 225 to 232
Skipped Seq from 235 to 238
Skipped Seq from 240 to 243
Skipped Seq from 243 to 245
Skipped Seq from 247 to 250
Skipped Seq from 251 to 258
Skipped Seq from 258 to 260
Skipped Seq from 260 to 262
Skipped Seq from 262 to 266
Skipped Seq from 269 to 272
Skipped Seq from 275 to 278
Skipped Seq from 282 to 284
Skipped Seq from 284 to 287
Skipped Seq from 292 to 296
Skipped Seq from 296 to 298
Skipped Seq from 299 to 301
Skipped Seq from 301 to 307
Skipped Seq from 307 to 311
Skipped Seq from 311 to 314
Skipped Seq from 315 to 320
Skipped Seq from 321 to 325
Skipped Seq from 325 to 330
Skipped Seq from 331 to 334
Skipped Seq from 335 to 340
Skipped Seq from 340 to 342
Skipped Seq from 348 to 352
Skipped Seq from 354 to 356
Skipped Seq from 357 to 362
Skipped Seq from 362 to 367
Skipped Seq from 367 to 369
Skipped Seq from 369 to 382
Skipped Seq from 382 to 386
Skipped Seq from 386 to 390
Skipped Seq from 390 to 394
Skipped Seq from 394 to 398
Skipped Seq from 400 to 406
Skipped Seq from 406 to 410
Skipped Seq from 410 to 412
Skipped Seq from 412 to 414
Skipped Seq from 414 to 418
Skipped Seq from 418 to 422
Skipped Seq from 422 to 424
Skipped Seq from 424 to 429
Skipped Seq from 429 to 431
Skipped Seq from 432 to 439
Skipped Seq from 439 to 441
Skipped Seq from 444 to 446
Skipped Seq from 449 to 453
Skipped Seq from 453 to 457
Skipped Seq from 463 to 465
Skipped Seq from 465 to 467
Skipped Seq from 468 to 474
Skipped Seq from 475 to 480
Skipped Seq from 480 to 482
Skipped Seq from 482 to 485
Skipped Seq from 485 to 488
Skipped Seq from 488 to 493
Skipped Seq from 493 to 501
Skipped Seq from 502 to 507
Skipped Seq from 507 to 510
Skipped Seq from 510 to 514
Skipped Seq from 514 to 519
Skipped Seq from 523 to 526
Skipped Seq from 526 to 530
Skipped Seq from 530 to 543
Skipped Seq from 543 to 546
Skipped Seq from 546 to 550
Skipped Seq from 550 to 558
Skipped Seq from 558 to 561
Skipped Seq from 566 to 570
Skipped Seq from 572 to 578
Skipped Seq from 578 to 581
Skipped Seq from 581 to 584
Skipped Seq from 584 to 587
Skipped Seq from 589 to 591
Skipped Seq from 591 to 593
Skipped Seq from 593 to 600
Skipped Seq from 600 to 610
Skipped Seq from 610 to 616
Skipped Seq from 616 to 618
Skipped Seq from 618 to 621
Skipped Seq from 622 to 625
Skipped Seq from 627 to 629
Skipped Seq from 629 to 631
Skipped Seq from 633 to 635
Skipped Seq from 635 to 638
Skipped Seq from 639 to 648
Skipped Seq from 648 to 651
Skipped Seq from 654 to 657
Skipped Seq from 657 to 660
Skipped Seq from 660 to 667
Skipped Seq from 667 to 675
Skipped Seq from 675 to 680
Skipped Seq from 680 to 683
Skipped Seq from 684 to 687
Skipped Seq from 687 to 689
Skipped Seq from 689 to 700
Skipped Seq from 710 to 713
Skipped Seq from 715 to 717
Skipped Seq from 718 to 720
Skipped Seq from 724 to 726
Skipped Seq from 727 to 729
Skipped Seq from 729 to 731
Skipped Seq from 731 to 734
Skipped Seq from 734 to 743
Skipped Seq from 743 to 747
Skipped Seq from 749 to 754
Skipped Seq from 755 to 757
Skipped Seq from 757 to 761
Skipped Seq from 761 to 763
Skipped Seq from 763 to 767
Skipped Seq from 767 to 773
Skipped Seq from 774 to 777
Skipped Seq from 777 to 780
Skipped Seq from 782 to 790
Skipped Seq from 790 to 792
Skipped Seq from 795 to 797
Skipped Seq from 797 to 800
Skipped Seq from 800 to 805
Skipped Seq from 807 to 819
Skipped Seq from 819 to 824
Skipped Seq from 824 to 827
Skipped Seq from 831 to 833
Skipped Seq from 833 to 836
Skipped Seq from 836 to 839
Skipped Seq from 839 to 841
Skipped Seq from 841 to 843
Skipped Seq from 846 to 849
Skipped Seq from 849 to 852
Skipped Seq from 852 to 854
Skipped Seq from 854 to 863
Skipped Seq from 863 to 873
Skipped Seq from 873 to 883
Skipped Seq from 883 to 896
Skipped Seq from 896 to 898
Skipped Seq from 899 to 901
Skipped Seq from 903 to 905
Skipped Seq from 907 to 909
Skipped Seq from 910 to 912
Skipped Seq from 914 to 916
Skipped Seq from 916 to 918
Skipped Seq from 918 to 920
Skipped Seq from 920 to 922
Skipped Seq from 924 to 927
Skipped Seq from 930 to 933
Skipped Seq from 934 to 936
Skipped Seq from 936 to 938
Skipped Seq from 941 to 943
Skipped Seq from 946 to 948
Skipped Seq from 949 to 951
Skipped Seq from 953 to 955
Skipped Seq from 959 to 961
Skipped Seq from 967 to 969
Skipped Seq from 988 to 991
Skipped Seq from 991 to 993
Skipped Seq from 999 to 1005
Skipped Seq from 1009 to 1011
Skipped Seq from 1011 to 1014
Skipped Seq from 1025 to 1027
Skipped Seq from 1028 to 1032
Skipped Seq from 1036 to 1039
Skipped Seq from 1053 to 1056
Skipped Seq from 1064 to 1066
Skipped Seq from 1073 to 1075
Skipped Seq from 1076 to 1078
Skipped Seq from 1078 to 1080
Skipped Seq from 1081 to 1085
Skipped Seq from 1085 to 1087
Skipped Seq from 1089 to 1092
Skipped Seq from 1094 to 1096
Skipped Seq from 1096 to 1101
Skipped Seq from 1101 to 1103
Skipped Seq from 1104 to 1107
Skipped Seq from 1113 to 1115
Skipped Seq from 1115 to 1117
Skipped Seq from 1119 to 1124
Skipped Seq from 1124 to 1126
Skipped Seq from 1126 to 1128
Skipped Seq from 1132 to 1141
Skipped Seq from 1141 to 1146
Skipped Seq from 1153 to 1155
Skipped Seq from 1161 to 1163
Skipped Seq from 1164 to 1166
Skipped Seq from 1166 to 1169
Skipped Seq from 1169 to 1173
Skipped Seq from 1176 to 1178
Skipped Seq from 1179 to 1181
Skipped Seq from 1182 to 1185
Skipped Seq from 1187 to 1194
Skipped Seq from 1195 to 1197
Skipped Seq from 1200 to 1202
Skipped Seq from 1209 to 1211
Skipped Seq from 1212 to 1214
Skipped Seq from 1214 to 1225
Skipped Seq from 1229 to 1231
Skipped Seq from 1232 to 1236
Skipped Seq from 1237 to 1239
Skipped Seq from 1242 to 1244
Skipped Seq from 1247 to 1251
Skipped Seq from 1251 to 1255
Skipped Seq from 1255 to 1258
Skipped Seq from 1258 to 1262
Skipped Seq from 1262 to 1264
Skipped Seq from 1267 to 1269
Skipped Seq from 1271 to 1273
Skipped Seq from 1275 to 1277
Skipped Seq from 1278 to 1280
Skipped Seq from 1280 to 1282
Skipped Seq from 1282 to 1284
Skipped Seq from 1284 to 1287
Skipped Seq from 1287 to 1293
Skipped Seq from 1293 to 1297
Skipped Seq from 1297 to 1299
Skipped Seq from 1299 to 1303
Skipped Seq from 1305 to 1314
Skipped Seq from 1316 to 1318
Skipped Seq from 1322 to 1326
Skipped Seq from 1326 to 1331
Number of times throttled: 5
Received: 697 / 1332 packets
Start time: 1332835558.034773
End time: 1332835574.732261
Duration: 16.697488
