Starting client at 10.0.0.18:1258 with timeout:10
My IP address is 10.0.0.18Skipped Seq from 2 to 20
Skipped Seq from 20 to 30
Skipped Seq from 30 to 32
Skipped Seq from 37 to 39
Skipped Seq from 50 to 58
Skipped Seq from 58 to 61
Skipped Seq from 61 to 63
Skipped Seq from 63 to 68
Skipped Seq from 68 to 73
Skipped Seq from 73 to 77
Skipped Seq from 77 to 79
Skipped Seq from 80 to 82
Skipped Seq from 86 to 88
Skipped Seq from 89 to 92
Skipped Seq from 93 to 95
Skipped Seq from 95 to 97
Skipped Seq from 98 to 103
Skipped Seq from 103 to 107
Skipped Seq from 107 to 110
Skipped Seq from 110 to 112
Skipped Seq from 112 to 114
Skipped Seq from 114 to 122
Skipped Seq from 124 to 126
Skipped Seq from 134 to 138
Skipped Seq from 138 to 140
Skipped Seq from 140 to 142
Skipped Seq from 142 to 144
Skipped Seq from 144 to 147
Skipped Seq from 148 to 151
Skipped Seq from 151 to 153
Skipped Seq from 153 to 155
Skipped Seq from 155 to 158
Skipped Seq from 158 to 160
Skipped Seq from 160 to 164
Skipped Seq from 165 to 168
Skipped Seq from 169 to 173
Skipped Seq from 173 to 175
Skipped Seq from 176 to 178
Skipped Seq from 179 to 183
Skipped Seq from 184 to 190
Skipped Seq from 190 to 195
Skipped Seq from 195 to 197
Skipped Seq from 197 to 203
Skipped Seq from 203 to 210
Skipped Seq from 210 to 213
Skipped Seq from 213 to 219
Skipped Seq from 222 to 228
Skipped Seq from 228 to 233
Skipped Seq from 235 to 238
Skipped Seq from 238 to 240
Skipped Seq from 240 to 242
Skipped Seq from 252 to 254
Skipped Seq from 254 to 256
Skipped Seq from 256 to 262
Skipped Seq from 262 to 264
Skipped Seq from 264 to 266
Skipped Seq from 266 to 269
Skipped Seq from 271 to 274
Skipped Seq from 274 to 276
Skipped Seq from 276 to 278
Skipped Seq from 278 to 281
Skipped Seq from 282 to 287
Skipped Seq from 287 to 289
Skipped Seq from 289 to 294
Skipped Seq from 295 to 297
Skipped Seq from 298 to 300
Skipped Seq from 300 to 309
Skipped Seq from 309 to 311
Skipped Seq from 311 to 313
Skipped Seq from 313 to 316
Skipped Seq from 316 to 322
Skipped Seq from 322 to 329
Skipped Seq from 330 to 337
Skipped Seq from 337 to 340
Skipped Seq from 340 to 358
Skipped Seq from 358 to 363
Skipped Seq from 363 to 366
Skipped Seq from 366 to 372
Skipped Seq from 372 to 383
Skipped Seq from 383 to 389
Skipped Seq from 389 to 392
Skipped Seq from 392 to 396
Skipped Seq from 397 to 403
Skipped Seq from 403 to 417
Skipped Seq from 417 to 425
Skipped Seq from 425 to 428
Skipped Seq from 428 to 433
Skipped Seq from 433 to 438
Skipped Seq from 439 to 445
Skipped Seq from 445 to 457
Skipped Seq from 457 to 459
Skipped Seq from 459 to 462
Skipped Seq from 463 to 467
Skipped Seq from 467 to 470
Skipped Seq from 470 to 472
Skipped Seq from 472 to 491
Skipped Seq from 491 to 494
Skipped Seq from 494 to 496
Skipped Seq from 496 to 500
Skipped Seq from 500 to 502
Skipped Seq from 502 to 511
Skipped Seq from 511 to 514
Skipped Seq from 514 to 517
Skipped Seq from 517 to 534
Skipped Seq from 534 to 539
Skipped Seq from 539 to 543
Skipped Seq from 543 to 546
Skipped Seq from 546 to 551
Skipped Seq from 551 to 560
Skipped Seq from 560 to 564
Skipped Seq from 565 to 567
Skipped Seq from 567 to 569
Skipped Seq from 570 to 575
Skipped Seq from 575 to 588
Skipped Seq from 592 to 595
Skipped Seq from 601 to 603
Skipped Seq from 607 to 610
Skipped Seq from 614 to 617
Skipped Seq from 617 to 621
Skipped Seq from 621 to 627
Skipped Seq from 628 to 630
Skipped Seq from 632 to 634
Skipped Seq from 637 to 639
Skipped Seq from 640 to 642
Skipped Seq from 643 to 653
Skipped Seq from 653 to 662
Skipped Seq from 662 to 670
Skipped Seq from 672 to 675
Skipped Seq from 675 to 679
Skipped Seq from 679 to 685
Skipped Seq from 685 to 693
Skipped Seq from 693 to 695
Skipped Seq from 695 to 699
Skipped Seq from 700 to 703
Skipped Seq from 710 to 712
Skipped Seq from 714 to 729
Skipped Seq from 730 to 734
Skipped Seq from 734 to 736
Skipped Seq from 738 to 741
Skipped Seq from 741 to 743
Skipped Seq from 743 to 745
Skipped Seq from 745 to 749
Skipped Seq from 749 to 754
Skipped Seq from 754 to 756
Skipped Seq from 756 to 758
Skipped Seq from 760 to 764
Skipped Seq from 764 to 766
Skipped Seq from 766 to 768
Skipped Seq from 769 to 771
Skipped Seq from 771 to 773
Skipped Seq from 773 to 775
Skipped Seq from 775 to 778
Skipped Seq from 778 to 781
Skipped Seq from 782 to 785
Skipped Seq from 785 to 788
Skipped Seq from 788 to 794
Skipped Seq from 796 to 798
Skipped Seq from 798 to 802
Skipped Seq from 802 to 807
Skipped Seq from 807 to 814
Skipped Seq from 814 to 817
Skipped Seq from 817 to 828
Skipped Seq from 828 to 831
Skipped Seq from 831 to 834
Skipped Seq from 834 to 839
Skipped Seq from 840 to 844
Skipped Seq from 845 to 850
Skipped Seq from 850 to 859
Skipped Seq from 859 to 870
Skipped Seq from 870 to 875
Skipped Seq from 875 to 878
Skipped Seq from 878 to 880
Skipped Seq from 880 to 882
Skipped Seq from 882 to 884
Skipped Seq from 886 to 890
Skipped Seq from 890 to 900
Skipped Seq from 900 to 902
Skipped Seq from 902 to 907
Skipped Seq from 907 to 911
Skipped Seq from 911 to 915
Skipped Seq from 916 to 918
Skipped Seq from 918 to 924
Skipped Seq from 925 to 927
Skipped Seq from 929 to 931
Skipped Seq from 932 to 934
Skipped Seq from 935 to 937
Skipped Seq from 937 to 941
Skipped Seq from 943 to 947
Skipped Seq from 947 to 949
Skipped Seq from 949 to 951
Skipped Seq from 951 to 954
Skipped Seq from 955 to 959
Skipped Seq from 959 to 963
Skipped Seq from 963 to 967
Skipped Seq from 967 to 970
Skipped Seq from 971 to 973
Skipped Seq from 973 to 980
Skipped Seq from 980 to 982
Skipped Seq from 982 to 987
Skipped Seq from 987 to 990
Skipped Seq from 991 to 993
Skipped Seq from 995 to 997
Skipped Seq from 997 to 999
Skipped Seq from 999 to 1005
Skipped Seq from 1005 to 1010
Skipped Seq from 1010 to 1014
Skipped Seq from 1015 to 1017
Skipped Seq from 1017 to 1019
Skipped Seq from 1019 to 1023
Skipped Seq from 1023 to 1027
Skipped Seq from 1028 to 1031
Skipped Seq from 1032 to 1038
Skipped Seq from 1038 to 1042
Skipped Seq from 1042 to 1045
Skipped Seq from 1046 to 1050
Skipped Seq from 1050 to 1052
Skipped Seq from 1055 to 1057
Skipped Seq from 1058 to 1060
Skipped Seq from 1061 to 1064
Skipped Seq from 1065 to 1071
Skipped Seq from 1073 to 1075
Skipped Seq from 1077 to 1082
Skipped Seq from 1084 to 1094
Skipped Seq from 1094 to 1096
Skipped Seq from 1096 to 1103
Skipped Seq from 1104 to 1109
Skipped Seq from 1109 to 1115
Skipped Seq from 1118 to 1124
Skipped Seq from 1124 to 1128
Skipped Seq from 1128 to 1130
Skipped Seq from 1131 to 1133
Skipped Seq from 1138 to 1141
Skipped Seq from 1145 to 1149
Skipped Seq from 1149 to 1151
Skipped Seq from 1155 to 1158
Skipped Seq from 1163 to 1165
Skipped Seq from 1170 to 1172
Skipped Seq from 1179 to 1182
Skipped Seq from 1193 to 1195
Skipped Seq from 1197 to 1200
Skipped Seq from 1201 to 1204
Skipped Seq from 1209 to 1211
Skipped Seq from 1213 to 1215
Skipped Seq from 1221 to 1223
Skipped Seq from 1225 to 1228
Skipped Seq from 1229 to 1231
Skipped Seq from 1232 to 1236
Skipped Seq from 1237 to 1239
Skipped Seq from 1239 to 1242
Skipped Seq from 1242 to 1244
Skipped Seq from 1246 to 1249
Skipped Seq from 1250 to 1252
Skipped Seq from 1252 to 1256
Skipped Seq from 1257 to 1261
Skipped Seq from 1261 to 1273
Skipped Seq from 1273 to 1276
Skipped Seq from 1277 to 1279
Skipped Seq from 1280 to 1284
Skipped Seq from 1286 to 1289
Skipped Seq from 1289 to 1291
Skipped Seq from 1293 to 1295
Skipped Seq from 1295 to 1297
Skipped Seq from 1303 to 1305
Skipped Seq from 1307 to 1309
Skipped Seq from 1310 to 1312
Skipped Seq from 1313 to 1316
Skipped Seq from 1318 to 1320
Skipped Seq from 1326 to 1329
Skipped Seq from 1330 to 1332
Skipped Seq from 1332 to 1334
Skipped Seq from 1335 to 1339
Skipped Seq from 1339 to 1342
Skipped Seq from 1342 to 1345
Skipped Seq from 1346 to 1352
Skipped Seq from 1352 to 1354
Skipped Seq from 1358 to 1360
Skipped Seq from 1360 to 1362
Skipped Seq from 1364 to 1366
Skipped Seq from 1366 to 1368
Skipped Seq from 1368 to 1370
Skipped Seq from 1370 to 1372
Skipped Seq from 1374 to 1376
Skipped Seq from 1376 to 1378
Skipped Seq from 1378 to 1381
Skipped Seq from 1382 to 1385
Skipped Seq from 1385 to 1387
Skipped Seq from 1387 to 1389
Skipped Seq from 1390 to 1394
Skipped Seq from 1394 to 1396
Skipped Seq from 1397 to 1400
Skipped Seq from 1402 to 1404
Skipped Seq from 1405 to 1416
Skipped Seq from 1416 to 1421
Skipped Seq from 1422 to 1430
Skipped Seq from 1430 to 1435
Skipped Seq from 1436 to 1443
Skipped Seq from 1444 to 1446
Skipped Seq from 1446 to 1452
Skipped Seq from 1454 to 1459
Skipped Seq from 1462 to 1465
Skipped Seq from 1465 to 1467
Skipped Seq from 1470 to 1472
Skipped Seq from 1474 to 1476
Skipped Seq from 1478 to 1480
Skipped Seq from 1484 to 1487
Skipped Seq from 1488 to 1490
Skipped Seq from 1493 to 1497
Skipped Seq from 1497 to 1499
Skipped Seq from 1501 to 1503
Skipped Seq from 1508 to 1510
Skipped Seq from 1510 to 1512
Skipped Seq from 1516 to 1518
Skipped Seq from 1519 to 1521
Skipped Seq from 1526 to 1528
Skipped Seq from 1529 to 1534
Skipped Seq from 1535 to 1538
Skipped Seq from 1544 to 1549
Skipped Seq from 1549 to 1557
Skipped Seq from 1557 to 1561
Skipped Seq from 1561 to 1565
Skipped Seq from 1565 to 1570
Skipped Seq from 1570 to 1574
Skipped Seq from 1575 to 1581
Skipped Seq from 1581 to 1585
Skipped Seq from 1586 to 1591
Skipped Seq from 1592 to 1595
Skipped Seq from 1595 to 1597
Skipped Seq from 1597 to 1599
Skipped Seq from 1599 to 1601
Skipped Seq from 1601 to 1603
Skipped Seq from 1609 to 1622
Skipped Seq from 1622 to 1636
Skipped Seq from 1636 to 1639
Skipped Seq from 1639 to 1648
Skipped Seq from 1648 to 1650
Skipped Seq from 1650 to 1654
Skipped Seq from 1654 to 1657
Skipped Seq from 1657 to 1659
Skipped Seq from 1659 to 1661
Skipped Seq from 1662 to 1666
Skipped Seq from 1666 to 1670
Skipped Seq from 1670 to 1676
Skipped Seq from 1679 to 1681
Skipped Seq from 1682 to 1692
Skipped Seq from 1694 to 1698
Skipped Seq from 1698 to 1700
Skipped Seq from 1705 to 1707
Skipped Seq from 1709 to 1723
Skipped Seq from 1723 to 1725
Skipped Seq from 1725 to 1729
Skipped Seq from 1729 to 1735
Skipped Seq from 1738 to 1740
Skipped Seq from 1744 to 1749
Skipped Seq from 1751 to 1753
Skipped Seq from 1760 to 1767
Skipped Seq from 1768 to 1770
Skipped Seq from 1771 to 1773
Skipped Seq from 1773 to 1781
Skipped Seq from 1783 to 1785
Skipped Seq from 1785 to 1787
Skipped Seq from 1787 to 1789
Skipped Seq from 1790 to 1792
Skipped Seq from 1796 to 1798
Skipped Seq from 1799 to 1803
Skipped Seq from 1803 to 1805
Skipped Seq from 1807 to 1813
Skipped Seq from 1817 to 1819
Skipped Seq from 1819 to 1821
Skipped Seq from 1825 to 1827
Skipped Seq from 1827 to 1831
Skipped Seq from 1832 to 1834
Skipped Seq from 1834 to 1836
Skipped Seq from 1836 to 1849
Skipped Seq from 1851 to 1853
Skipped Seq from 1854 to 1856
Skipped Seq from 1857 to 1864
Skipped Seq from 1864 to 1873
Skipped Seq from 1874 to 1878
Skipped Seq from 1880 to 1885
Skipped Seq from 1885 to 1892
Skipped Seq from 1892 to 1894
Skipped Seq from 1894 to 1902
Skipped Seq from 1903 to 1907
Skipped Seq from 1908 to 1910
Skipped Seq from 1917 to 1920
Skipped Seq from 1924 to 1926
Skipped Seq from 1926 to 1935
Skipped Seq from 1935 to 1937
Skipped Seq from 1937 to 1939
Skipped Seq from 1939 to 1946
Skipped Seq from 1946 to 1948
Skipped Seq from 1950 to 1952
Skipped Seq from 1952 to 1957
Skipped Seq from 1957 to 1962
Skipped Seq from 1962 to 1964
Skipped Seq from 1964 to 1966
Skipped Seq from 1966 to 1972
Skipped Seq from 1972 to 1980
Skipped Seq from 1980 to 1983
Skipped Seq from 1987 to 1990
Skipped Seq from 1991 to 1994
Skipped Seq from 1994 to 1998
Skipped Seq from 1998 to 2002
Skipped Seq from 2002 to 2005
Skipped Seq from 2006 to 2008
Skipped Seq from 2010 to 2012
Skipped Seq from 2021 to 2023
Skipped Seq from 2030 to 2032
Skipped Seq from 2035 to 2044
Skipped Seq from 2044 to 2053
Skipped Seq from 2053 to 2055
Skipped Seq from 2062 to 2073
Skipped Seq from 2075 to 2077
Skipped Seq from 2078 to 2080
Skipped Seq from 2080 to 2082
Skipped Seq from 2085 to 2087
Skipped Seq from 2088 to 2090
Skipped Seq from 2091 to 2093
Skipped Seq from 2095 to 2099
Skipped Seq from 2099 to 2101
Skipped Seq from 2101 to 2103
Skipped Seq from 2103 to 2105
Skipped Seq from 2110 to 2112
Skipped Seq from 2113 to 2116
Skipped Seq from 2117 to 2144
Skipped Seq from 2145 to 2152
Skipped Seq from 2152 to 2154
Skipped Seq from 2154 to 2156
Skipped Seq from 2156 to 2159
Skipped Seq from 2159 to 2169
Skipped Seq from 2170 to 2181
Skipped Seq from 2181 to 2183
Skipped Seq from 2185 to 2190
Skipped Seq from 2190 to 2210
Skipped Seq from 2210 to 2213
Skipped Seq from 2215 to 2217
Skipped Seq from 2218 to 2222
Skipped Seq from 2225 to 2227
Skipped Seq from 2230 to 2235
Skipped Seq from 2235 to 2241
Skipped Seq from 2248 to 2257
Skipped Seq from 2258 to 2263
Skipped Seq from 2263 to 2267
Skipped Seq from 2269 to 2277
Skipped Seq from 2277 to 2281
Skipped Seq from 2281 to 2292
Skipped Seq from 2292 to 2296
Skipped Seq from 2296 to 2309
Skipped Seq from 2309 to 2312
Skipped Seq from 2313 to 2315
Skipped Seq from 2315 to 2325
Skipped Seq from 2327 to 2329
Skipped Seq from 2329 to 2334
Skipped Seq from 2339 to 2344
Skipped Seq from 2344 to 2350
Skipped Seq from 2351 to 2355
Skipped Seq from 2360 to 2362
Skipped Seq from 2371 to 2374
Skipped Seq from 2374 to 2392
Skipped Seq from 2392 to 2394
Skipped Seq from 2394 to 2403
Skipped Seq from 2403 to 2412
Skipped Seq from 2412 to 2418
Skipped Seq from 2418 to 2421
Skipped Seq from 2421 to 2425
Skipped Seq from 2425 to 2434
Skipped Seq from 2434 to 2447
Skipped Seq from 2448 to 2450
Skipped Seq from 2450 to 2454
Skipped Seq from 2455 to 2464
Skipped Seq from 2464 to 2466
Skipped Seq from 2467 to 2469
Skipped Seq from 2469 to 2472
Skipped Seq from 2472 to 2475
Skipped Seq from 2475 to 2477
Skipped Seq from 2480 to 2483
Skipped Seq from 2483 to 2486
Skipped Seq from 2486 to 2488
Skipped Seq from 2488 to 2491
Skipped Seq from 2491 to 2494
Skipped Seq from 2494 to 2496
Skipped Seq from 2496 to 2498
Skipped Seq from 2498 to 2510
Skipped Seq from 2510 to 2515
Skipped Seq from 2516 to 2523
Skipped Seq from 2523 to 2528
Skipped Seq from 2531 to 2533
Skipped Seq from 2533 to 2535
Skipped Seq from 2537 to 2543
Skipped Seq from 2543 to 2547
Skipped Seq from 2547 to 2552
Skipped Seq from 2552 to 2559
Skipped Seq from 2559 to 2561
Skipped Seq from 2564 to 2566
Skipped Seq from 2566 to 2572
Skipped Seq from 2572 to 2574
Skipped Seq from 2578 to 2586
Skipped Seq from 2586 to 2590
Skipped Seq from 2590 to 2593
Skipped Seq from 2593 to 2595
Skipped Seq from 2596 to 2598
Skipped Seq from 2599 to 2606
Skipped Seq from 2606 to 2612
Skipped Seq from 2612 to 2618
Skipped Seq from 2625 to 2628
Skipped Seq from 2628 to 2630
Skipped Seq from 2630 to 2632
Skipped Seq from 2632 to 2637
Skipped Seq from 2638 to 2648
Skipped Seq from 2650 to 2653
Skipped Seq from 2653 to 2657
Skipped Seq from 2657 to 2659
Skipped Seq from 2660 to 2662
Skipped Seq from 2664 to 2669
Skipped Seq from 2669 to 2672
Skipped Seq from 2679 to 2681
Skipped Seq from 2682 to 2685
Skipped Seq from 2687 to 2689
Skipped Seq from 2691 to 2693
Skipped Seq from 2693 to 2702
Skipped Seq from 2702 to 2705
Skipped Seq from 2705 to 2708
Skipped Seq from 2708 to 2710
Skipped Seq from 2713 to 2716
Skipped Seq from 2719 to 2721
Skipped Seq from 2721 to 2725
Skipped Seq from 2725 to 2729
Skipped Seq from 2729 to 2731
Skipped Seq from 2733 to 2735
Skipped Seq from 2735 to 2739
Skipped Seq from 2741 to 2749
Skipped Seq from 2753 to 2757
Skipped Seq from 2761 to 2773
Skipped Seq from 2773 to 2776
Skipped Seq from 2779 to 2783
Skipped Seq from 2783 to 2786
Skipped Seq from 2786 to 2790
Skipped Seq from 2790 to 2796
Skipped Seq from 2797 to 2800
Skipped Seq from 2803 to 2805
Skipped Seq from 2807 to 2813
Skipped Seq from 2815 to 2817
Skipped Seq from 2825 to 2828
Skipped Seq from 2828 to 2830
Skipped Seq from 2830 to 2832
Skipped Seq from 2832 to 2841
Skipped Seq from 2841 to 2851
Skipped Seq from 2851 to 2855
Skipped Seq from 2855 to 2858
Skipped Seq from 2858 to 2862
Skipped Seq from 2863 to 2865
Skipped Seq from 2865 to 2868
Skipped Seq from 2869 to 2875
Skipped Seq from 2875 to 2879
Skipped Seq from 2879 to 2881
Skipped Seq from 2881 to 2892
Skipped Seq from 2892 to 2894
Number of times throttled: 6
Received: 1129 / 2900 packets
Start time: 1332836069.852138
End time: 1332836076.322966
Duration: 6.470828
