Starting client at 10.0.0.27:1270 with timeout:10
My IP address is 10.0.0.27Skipped Seq from 522 to 529
Skipped Seq from 529 to 542
Skipped Seq from 542 to 548
Skipped Seq from 548 to 550
Skipped Seq from 550 to 552
Skipped Seq from 553 to 566
Skipped Seq from 566 to 568
Skipped Seq from 568 to 579
Skipped Seq from 579 to 600
Skipped Seq from 600 to 603
Skipped Seq from 603 to 613
Skipped Seq from 613 to 617
Skipped Seq from 617 to 623
Skipped Seq from 623 to 625
Skipped Seq from 625 to 627
Skipped Seq from 627 to 630
Skipped Seq from 631 to 633
Skipped Seq from 633 to 635
Skipped Seq from 637 to 639
Skipped Seq from 642 to 645
Skipped Seq from 650 to 652
Skipped Seq from 667 to 669
Skipped Seq from 677 to 679
Skipped Seq from 680 to 683
Skipped Seq from 683 to 685
Skipped Seq from 686 to 688
Skipped Seq from 689 to 691
Skipped Seq from 692 to 694
Skipped Seq from 694 to 696
Skipped Seq from 705 to 707
Skipped Seq from 707 to 709
Skipped Seq from 709 to 711
Skipped Seq from 713 to 715
Skipped Seq from 728 to 730
Skipped Seq from 735 to 738
Skipped Seq from 742 to 744
Skipped Seq from 747 to 749
Skipped Seq from 749 to 751
Skipped Seq from 752 to 754
Skipped Seq from 755 to 757
Skipped Seq from 763 to 765
Skipped Seq from 765 to 767
Skipped Seq from 771 to 775
Skipped Seq from 776 to 779
Skipped Seq from 784 to 786
Number of times throttled: 1
Received: 2818 / 2944 packets
Start time: 1332836292.068683
End time: 1332836302.702717
Duration: 10.634034
