Starting client at 10.0.0.19:1240 with timeout:10
My IP address is 10.0.0.19Skipped Seq from 625 to 629
Skipped Seq from 629 to 636
Skipped Seq from 636 to 640
Skipped Seq from 642 to 650
Skipped Seq from 650 to 652
Skipped Seq from 652 to 654
Skipped Seq from 658 to 663
Skipped Seq from 667 to 669
Skipped Seq from 674 to 676
Skipped Seq from 680 to 682
Skipped Seq from 686 to 691
Skipped Seq from 695 to 697
Skipped Seq from 699 to 702
Skipped Seq from 704 to 706
Skipped Seq from 708 to 710
Skipped Seq from 710 to 712
Skipped Seq from 718 to 721
Skipped Seq from 721 to 723
Skipped Seq from 726 to 729
Skipped Seq from 731 to 741
Skipped Seq from 741 to 750
Skipped Seq from 752 to 757
Skipped Seq from 764 to 766
Skipped Seq from 766 to 773
Skipped Seq from 773 to 775
Skipped Seq from 776 to 783
Skipped Seq from 785 to 788
Skipped Seq from 791 to 797
Skipped Seq from 798 to 800
Skipped Seq from 805 to 808
Skipped Seq from 814 to 816
Skipped Seq from 820 to 822
Skipped Seq from 826 to 828
Skipped Seq from 828 to 831
Skipped Seq from 832 to 841
Skipped Seq from 841 to 843
Skipped Seq from 853 to 855
Skipped Seq from 856 to 859
Skipped Seq from 860 to 862
Skipped Seq from 867 to 870
Skipped Seq from 871 to 874
Skipped Seq from 876 to 878
Skipped Seq from 878 to 880
Skipped Seq from 882 to 884
Skipped Seq from 884 to 886
Skipped Seq from 888 to 894
Skipped Seq from 894 to 896
Skipped Seq from 896 to 900
Skipped Seq from 900 to 902
Skipped Seq from 904 to 907
Skipped Seq from 907 to 910
Skipped Seq from 910 to 912
Skipped Seq from 914 to 916
Skipped Seq from 917 to 920
Skipped Seq from 923 to 925
Skipped Seq from 925 to 927
Skipped Seq from 931 to 939
Skipped Seq from 939 to 942
Skipped Seq from 942 to 945
Skipped Seq from 945 to 947
Skipped Seq from 951 to 953
Skipped Seq from 953 to 955
Skipped Seq from 955 to 959
Skipped Seq from 961 to 964
Skipped Seq from 965 to 968
Skipped Seq from 969 to 975
Skipped Seq from 975 to 977
Skipped Seq from 978 to 980
Skipped Seq from 985 to 987
Skipped Seq from 988 to 990
Skipped Seq from 992 to 994
Skipped Seq from 994 to 998
Skipped Seq from 1001 to 1005
Skipped Seq from 1005 to 1007
Skipped Seq from 1010 to 1012
Skipped Seq from 1012 to 1019
Skipped Seq from 1023 to 1029
Skipped Seq from 1033 to 1039
Skipped Seq from 1039 to 1041
Skipped Seq from 1041 to 1043
Skipped Seq from 1043 to 1046
Skipped Seq from 1052 to 1054
Skipped Seq from 1059 to 1061
Skipped Seq from 1061 to 1065
Skipped Seq from 1068 to 1070
Skipped Seq from 1070 to 1076
Skipped Seq from 1076 to 1078
Skipped Seq from 1081 to 1083
Skipped Seq from 1083 to 1087
Skipped Seq from 1088 to 1090
Skipped Seq from 1092 to 1094
Skipped Seq from 1094 to 1096
Skipped Seq from 1101 to 1105
Skipped Seq from 1110 to 1118
Skipped Seq from 1120 to 1122
Skipped Seq from 1122 to 1126
Skipped Seq from 1126 to 1132
Skipped Seq from 1134 to 1136
Skipped Seq from 1141 to 1143
Skipped Seq from 1147 to 1149
Skipped Seq from 1149 to 1152
Skipped Seq from 1157 to 1160
Skipped Seq from 1163 to 1165
Skipped Seq from 1167 to 1169
Skipped Seq from 1172 to 1174
Skipped Seq from 1174 to 1184
Skipped Seq from 1184 to 1193
Skipped Seq from 1193 to 1195
Skipped Seq from 1198 to 1200
Skipped Seq from 1200 to 1202
Skipped Seq from 1204 to 1206
Skipped Seq from 1209 to 1212
Skipped Seq from 1219 to 1223
Skipped Seq from 1228 to 1230
Skipped Seq from 1231 to 1236
Skipped Seq from 1243 to 1245
Skipped Seq from 1251 to 1255
Skipped Seq from 1261 to 1267
Skipped Seq from 1267 to 1269
Skipped Seq from 1270 to 1275
Skipped Seq from 1275 to 1277
Skipped Seq from 1277 to 1283
Skipped Seq from 1286 to 1292
Skipped Seq from 1295 to 1297
Skipped Seq from 1297 to 1305
Skipped Seq from 1305 to 1328
Skipped Seq from 1328 to 1330
Skipped Seq from 1330 to 1337
Skipped Seq from 1337 to 1352
Skipped Seq from 1352 to 1427
Skipped Seq from 1427 to 1439
Skipped Seq from 1439 to 1442
Skipped Seq from 1442 to 1457
Skipped Seq from 1458 to 1460
Skipped Seq from 1466 to 1473
Skipped Seq from 1475 to 1480
Skipped Seq from 1482 to 1484
Skipped Seq from 1484 to 1492
Skipped Seq from 1492 to 1494
Skipped Seq from 1495 to 1497
Skipped Seq from 1497 to 1502
Skipped Seq from 1502 to 1507
Skipped Seq from 1507 to 1517
Skipped Seq from 1517 to 1524
Skipped Seq from 1526 to 1533
Skipped Seq from 1534 to 1537
Skipped Seq from 1538 to 1540
Skipped Seq from 1540 to 1542
Skipped Seq from 1544 to 1546
Skipped Seq from 1546 to 1548
Skipped Seq from 1553 to 1555
Skipped Seq from 1559 to 1561
Skipped Seq from 1562 to 1564
Skipped Seq from 1564 to 1567
Skipped Seq from 1569 to 1573
Skipped Seq from 1574 to 1577
Skipped Seq from 1578 to 1581
Skipped Seq from 1581 to 1585
Skipped Seq from 1585 to 1597
Skipped Seq from 1597 to 1629
Skipped Seq from 1629 to 1692
Skipped Seq from 1692 to 1698
Skipped Seq from 1698 to 1700
Skipped Seq from 1700 to 1704
Skipped Seq from 1704 to 1706
Skipped Seq from 1706 to 1713
Skipped Seq from 1713 to 1720
Skipped Seq from 1720 to 1723
Skipped Seq from 1723 to 1728
Skipped Seq from 1728 to 1730
Skipped Seq from 1730 to 1734
Skipped Seq from 1736 to 1738
Skipped Seq from 1738 to 1740
Skipped Seq from 1740 to 1743
Skipped Seq from 1744 to 1758
Skipped Seq from 1758 to 1778
Skipped Seq from 1778 to 1839
Skipped Seq from 1839 to 1862
Skipped Seq from 1862 to 1870
Skipped Seq from 1870 to 1882
Skipped Seq from 1882 to 1907
Skipped Seq from 1908 to 1938
Skipped Seq from 1940 to 1949
Skipped Seq from 1949 to 1957
Skipped Seq from 1957 to 1960
Skipped Seq from 1961 to 1965
Skipped Seq from 1965 to 1967
Skipped Seq from 1967 to 1988
Skipped Seq from 1988 to 1992
Skipped Seq from 1993 to 1998
Skipped Seq from 1999 to 2001
Skipped Seq from 2001 to 2003
Skipped Seq from 2004 to 2008
Skipped Seq from 2008 to 2063
Skipped Seq from 2063 to 2072
Skipped Seq from 2072 to 2074
Skipped Seq from 2074 to 2082
Skipped Seq from 2082 to 2133
Skipped Seq from 2133 to 2220
Skipped Seq from 2220 to 2312
Skipped Seq from 2313 to 2331
Skipped Seq from 2331 to 2333
Skipped Seq from 2333 to 2384
Skipped Seq from 2384 to 2422
Skipped Seq from 2422 to 2440
Skipped Seq from 2440 to 2474
Skipped Seq from 2474 to 2491
Skipped Seq from 2491 to 2551
Skipped Seq from 2551 to 2578
Skipped Seq from 2578 to 2594
Skipped Seq from 2594 to 2605
Skipped Seq from 2605 to 2613
Skipped Seq from 2613 to 2679
Skipped Seq from 2679 to 2682
Skipped Seq from 2682 to 2771
Skipped Seq from 2771 to 2832
Skipped Seq from 2832 to 2846
Skipped Seq from 2846 to 2865
Skipped Seq from 2865 to 2913
Skipped Seq from 2913 to 3016
Skipped Seq from 3016 to 3046
Skipped Seq from 3046 to 3056
Skipped Seq from 3056 to 3059
Skipped Seq from 3059 to 3115
Skipped Seq from 3115 to 3141
Skipped Seq from 3141 to 3160
Skipped Seq from 3160 to 3167
Skipped Seq from 3167 to 3175
Skipped Seq from 3175 to 3184
Skipped Seq from 3184 to 3199
Skipped Seq from 3199 to 3207
Skipped Seq from 3208 to 3227
Skipped Seq from 3227 to 3239
Skipped Seq from 3239 to 3243
Skipped Seq from 3243 to 3248
Skipped Seq from 3249 to 3256
Skipped Seq from 3256 to 3286
Skipped Seq from 3286 to 3291
Skipped Seq from 3291 to 3296
Skipped Seq from 3296 to 3300
Skipped Seq from 3300 to 3310
Skipped Seq from 3311 to 3317
Skipped Seq from 3317 to 3321
Skipped Seq from 3321 to 3326
Skipped Seq from 3326 to 3346
Skipped Seq from 3346 to 3349
Skipped Seq from 3349 to 3359
Skipped Seq from 3359 to 3369
Skipped Seq from 3369 to 3396
Skipped Seq from 3396 to 3415
Skipped Seq from 3415 to 3425
Skipped Seq from 3425 to 3442
Skipped Seq from 3442 to 3444
Skipped Seq from 3444 to 3452
Skipped Seq from 3452 to 3494
Skipped Seq from 3494 to 3499
Skipped Seq from 3500 to 3529
Skipped Seq from 3529 to 3545
Skipped Seq from 3545 to 3611
Skipped Seq from 3611 to 3615
Skipped Seq from 3615 to 3647
Skipped Seq from 3647 to 3664
Skipped Seq from 3664 to 3670
Skipped Seq from 3670 to 3684
Skipped Seq from 3684 to 3692
Skipped Seq from 3692 to 3697
Skipped Seq from 3697 to 3702
Skipped Seq from 3702 to 3740
Skipped Seq from 3740 to 3744
Skipped Seq from 3744 to 3794
Skipped Seq from 3794 to 3800
Skipped Seq from 3800 to 3837
Skipped Seq from 3837 to 3846
Skipped Seq from 3846 to 3850
Skipped Seq from 3851 to 3854
Skipped Seq from 3854 to 3858
Skipped Seq from 3858 to 3861
Skipped Seq from 3861 to 3867
Skipped Seq from 3867 to 3872
Skipped Seq from 3872 to 3876
Skipped Seq from 3876 to 3882
Skipped Seq from 3882 to 3884
Skipped Seq from 3884 to 3887
Skipped Seq from 3887 to 3892
Skipped Seq from 3893 to 3898
Skipped Seq from 3898 to 3900
Skipped Seq from 3900 to 3904
Skipped Seq from 3904 to 3909
Skipped Seq from 3909 to 3911
Skipped Seq from 3911 to 3913
Skipped Seq from 3913 to 3917
Skipped Seq from 3917 to 3922
Skipped Seq from 3922 to 3925
Skipped Seq from 3925 to 3927
Skipped Seq from 3927 to 3931
Skipped Seq from 3931 to 3933
Skipped Seq from 3934 to 3936
Skipped Seq from 3938 to 3941
Skipped Seq from 3943 to 3951
Skipped Seq from 3953 to 3956
Skipped Seq from 3956 to 3960
Skipped Seq from 3960 to 3964
Skipped Seq from 3964 to 3968
Skipped Seq from 3968 to 3972
Skipped Seq from 3973 to 3976
Skipped Seq from 3976 to 3982
Skipped Seq from 3982 to 3991
Skipped Seq from 3991 to 3993
Skipped Seq from 3994 to 3996
Skipped Seq from 3996 to 4002
Skipped Seq from 4002 to 4013
Skipped Seq from 4013 to 4015
Skipped Seq from 4015 to 4019
Skipped Seq from 4019 to 4021
Skipped Seq from 4021 to 4025
Skipped Seq from 4025 to 4027
Skipped Seq from 4027 to 4033
Skipped Seq from 4033 to 4035
Skipped Seq from 4035 to 4041
Skipped Seq from 4041 to 4047
Skipped Seq from 4047 to 4049
Skipped Seq from 4050 to 4057
Skipped Seq from 4057 to 4059
Skipped Seq from 4059 to 4066
Skipped Seq from 4066 to 4071
Skipped Seq from 4071 to 4075
Skipped Seq from 4075 to 4077
Skipped Seq from 4077 to 4080
Skipped Seq from 4082 to 4085
Skipped Seq from 4085 to 4087
Skipped Seq from 4087 to 4089
Skipped Seq from 4089 to 4096
Skipped Seq from 4096 to 4098
Skipped Seq from 4098 to 4103
Skipped Seq from 4103 to 4108
Skipped Seq from 4108 to 4111
Skipped Seq from 4111 to 4118
Skipped Seq from 4118 to 4120
Skipped Seq from 4120 to 4124
Skipped Seq from 4124 to 4126
Skipped Seq from 4126 to 4131
Skipped Seq from 4132 to 4134
Skipped Seq from 4134 to 4137
Skipped Seq from 4137 to 4139
Skipped Seq from 4139 to 4142
Skipped Seq from 4142 to 4145
Skipped Seq from 4145 to 4150
Skipped Seq from 4150 to 4152
Skipped Seq from 4152 to 4165
Skipped Seq from 4165 to 4170
Skipped Seq from 4170 to 4174
Skipped Seq from 4175 to 4181
Skipped Seq from 4181 to 4184
Skipped Seq from 4184 to 4187
Skipped Seq from 4187 to 4192
Skipped Seq from 4193 to 4197
Skipped Seq from 4197 to 4204
Skipped Seq from 4204 to 4220
Skipped Seq from 4220 to 4241
Skipped Seq from 4241 to 4243
Skipped Seq from 4243 to 4265
Skipped Seq from 4265 to 4272
Skipped Seq from 4272 to 4275
Skipped Seq from 4275 to 4282
Skipped Seq from 4282 to 4285
Skipped Seq from 4285 to 4290
Skipped Seq from 4290 to 4292
Skipped Seq from 4292 to 4302
Skipped Seq from 4302 to 4309
Skipped Seq from 4309 to 4311
Skipped Seq from 4311 to 4315
Skipped Seq from 4315 to 4317
Skipped Seq from 4317 to 4321
Skipped Seq from 4321 to 4335
Skipped Seq from 4335 to 4358
Skipped Seq from 4358 to 4366
Skipped Seq from 4366 to 4374
Skipped Seq from 4374 to 4381
Skipped Seq from 4381 to 4391
Skipped Seq from 4391 to 4394
Skipped Seq from 4394 to 4397
Skipped Seq from 4397 to 4403
Skipped Seq from 4403 to 4405
Skipped Seq from 4405 to 4426
Skipped Seq from 4426 to 4428
Skipped Seq from 4428 to 4439
Skipped Seq from 4439 to 4441
Skipped Seq from 4441 to 4447
Skipped Seq from 4447 to 4452
Skipped Seq from 4452 to 4458
Skipped Seq from 4459 to 4462
Skipped Seq from 4463 to 4465
Skipped Seq from 4470 to 4477
Skipped Seq from 4478 to 4480
Skipped Seq from 4481 to 4489
Skipped Seq from 4491 to 4496
Skipped Seq from 4499 to 4506
Skipped Seq from 4506 to 4515
Skipped Seq from 4518 to 4520
Skipped Seq from 4520 to 4522
Skipped Seq from 4528 to 4530
Skipped Seq from 4530 to 4532
Skipped Seq from 4532 to 4536
Skipped Seq from 4541 to 4548
Skipped Seq from 4548 to 4555
Skipped Seq from 4555 to 4558
Skipped Seq from 4558 to 4560
Skipped Seq from 4565 to 4567
Skipped Seq from 4570 to 4572
Skipped Seq from 4573 to 4576
Skipped Seq from 4576 to 4581
Skipped Seq from 4581 to 4589
Skipped Seq from 4589 to 4591
Skipped Seq from 4591 to 4597
Skipped Seq from 4600 to 4602
Skipped Seq from 4602 to 4609
Skipped Seq from 4609 to 4611
Skipped Seq from 4614 to 4620
Skipped Seq from 4624 to 4626
Skipped Seq from 4626 to 4628
Skipped Seq from 4629 to 4634
Skipped Seq from 4634 to 4636
Skipped Seq from 4636 to 4638
Skipped Seq from 4640 to 4643
Skipped Seq from 4643 to 4645
Skipped Seq from 4648 to 4652
Skipped Seq from 4656 to 4663
Skipped Seq from 4664 to 4667
Skipped Seq from 4668 to 4670
Skipped Seq from 4671 to 4673
Skipped Seq from 4674 to 4678
Skipped Seq from 4678 to 4686
Skipped Seq from 4686 to 4688
Skipped Seq from 4689 to 4697
Skipped Seq from 4699 to 4705
Skipped Seq from 4706 to 4708
Skipped Seq from 4708 to 4712
Skipped Seq from 4715 to 4717
Skipped Seq from 4718 to 4720
Skipped Seq from 4723 to 4725
Skipped Seq from 4727 to 4730
Skipped Seq from 4734 to 4742
Skipped Seq from 4742 to 4744
Skipped Seq from 4744 to 4750
Skipped Seq from 4750 to 4752
Skipped Seq from 4753 to 4764
Skipped Seq from 4764 to 4767
Skipped Seq from 4767 to 4770
Skipped Seq from 4774 to 4778
Skipped Seq from 4779 to 4782
Skipped Seq from 4785 to 4787
Skipped Seq from 4791 to 4793
Skipped Seq from 4793 to 4798
Skipped Seq from 4802 to 4804
Skipped Seq from 4804 to 4806
Skipped Seq from 4808 to 4810
Skipped Seq from 4813 to 4815
Skipped Seq from 4815 to 4817
Skipped Seq from 4824 to 4826
Skipped Seq from 4831 to 4833
Skipped Seq from 4836 to 4841
Skipped Seq from 4842 to 4850
Skipped Seq from 4851 to 4853
Skipped Seq from 4858 to 4860
Skipped Seq from 4861 to 4863
Skipped Seq from 4865 to 4867
Skipped Seq from 4869 to 4873
Skipped Seq from 4874 to 4876
Skipped Seq from 4880 to 4882
Skipped Seq from 4884 to 4886
Skipped Seq from 4890 to 4893
Skipped Seq from 4896 to 4900
Skipped Seq from 4900 to 4902
Skipped Seq from 4902 to 4904
Skipped Seq from 4911 to 4913
Skipped Seq from 4916 to 4920
Skipped Seq from 4920 to 4922
Skipped Seq from 4923 to 4925
Skipped Seq from 4925 to 4929
Skipped Seq from 4929 to 4932
Skipped Seq from 4933 to 4935
Skipped Seq from 4935 to 4938
Skipped Seq from 4938 to 4944
Skipped Seq from 4947 to 4954
Skipped Seq from 4957 to 4962
Skipped Seq from 4962 to 4964
Skipped Seq from 4964 to 4970
Skipped Seq from 4974 to 4978
Skipped Seq from 4980 to 4985
Skipped Seq from 4987 to 4993
Skipped Seq from 4994 to 4996
Skipped Seq from 4997 to 4999
Skipped Seq from 5004 to 5006
Skipped Seq from 5006 to 5008
Skipped Seq from 5008 to 5011
Skipped Seq from 5012 to 5014
Skipped Seq from 5019 to 5021
Skipped Seq from 5024 to 5027
Skipped Seq from 5027 to 5035
Skipped Seq from 5036 to 5039
Skipped Seq from 5041 to 5048
Skipped Seq from 5050 to 5052
Skipped Seq from 5055 to 5058
Skipped Seq from 5058 to 5060
Skipped Seq from 5060 to 5062
Skipped Seq from 5066 to 5072
Skipped Seq from 5077 to 5080
Skipped Seq from 5083 to 5085
Skipped Seq from 5088 to 5094
Skipped Seq from 5094 to 5096
Skipped Seq from 5097 to 5100
Skipped Seq from 5100 to 5104
Skipped Seq from 5105 to 5107
Skipped Seq from 5108 to 5110
Skipped Seq from 5111 to 5113
Number of times throttled: 9
Received: 3181 / 6630 packets
Start time: 1332835467.731526
End time: 1332835485.284671
Duration: 17.553145
