Starting client at 10.0.0.17:1254 with timeout:10
My IP address is 10.0.0.17Skipped Seq from 2768 to 2770
Skipped Seq from 2775 to 2777
Skipped Seq from 2780 to 2783
Skipped Seq from 2783 to 2785
Skipped Seq from 2789 to 2795
Skipped Seq from 2798 to 2805
Skipped Seq from 2808 to 2810
Skipped Seq from 2810 to 2815
Skipped Seq from 2815 to 2817
Skipped Seq from 2819 to 2823
Skipped Seq from 2826 to 2832
Skipped Seq from 2833 to 2837
Skipped Seq from 2839 to 2841
Skipped Seq from 2841 to 2845
Skipped Seq from 2845 to 2847
Skipped Seq from 2849 to 2851
Skipped Seq from 2854 to 2859
Skipped Seq from 2860 to 2862
Skipped Seq from 2864 to 2866
Skipped Seq from 2868 to 2870
Skipped Seq from 2870 to 2872
Skipped Seq from 2872 to 2875
Skipped Seq from 2877 to 2879
Skipped Seq from 2879 to 2881
Skipped Seq from 2881 to 2883
Skipped Seq from 2883 to 2886
Skipped Seq from 2887 to 2889
Skipped Seq from 2889 to 2891
Skipped Seq from 2893 to 2895
Skipped Seq from 2895 to 2897
Skipped Seq from 2897 to 2901
Skipped Seq from 2901 to 2905
Skipped Seq from 2905 to 2907
Skipped Seq from 2910 to 2915
Skipped Seq from 2919 to 2921
Skipped Seq from 2921 to 2925
Skipped Seq from 2927 to 2929
Skipped Seq from 2930 to 2932
Skipped Seq from 2932 to 2934
Skipped Seq from 2946 to 2948
Skipped Seq from 2948 to 2951
Skipped Seq from 2953 to 2955
Skipped Seq from 2959 to 2961
Skipped Seq from 2963 to 2965
Skipped Seq from 2966 to 2968
Skipped Seq from 2973 to 2976
Skipped Seq from 2977 to 2979
Skipped Seq from 2979 to 2982
Skipped Seq from 2983 to 2985
Skipped Seq from 2988 to 2991
Skipped Seq from 2994 to 2997
Skipped Seq from 3002 to 3006
Skipped Seq from 3009 to 3013
Skipped Seq from 3013 to 3016
Skipped Seq from 3017 to 3023
Skipped Seq from 3023 to 3026
Skipped Seq from 3026 to 3032
Skipped Seq from 3033 to 3036
Skipped Seq from 3039 to 3042
Skipped Seq from 3042 to 3044
Skipped Seq from 3045 to 3047
Skipped Seq from 3048 to 3050
Skipped Seq from 3051 to 3053
Skipped Seq from 3053 to 3055
Skipped Seq from 3056 to 3058
Skipped Seq from 3061 to 3063
Skipped Seq from 3063 to 3065
Skipped Seq from 3068 to 3070
Skipped Seq from 3072 to 3075
Skipped Seq from 3075 to 3079
Skipped Seq from 3079 to 3087
Skipped Seq from 3087 to 3098
Skipped Seq from 3098 to 3106
Skipped Seq from 3107 to 3112
Skipped Seq from 3115 to 3117
Skipped Seq from 3117 to 3119
Skipped Seq from 3120 to 3122
Skipped Seq from 3122 to 3125
Skipped Seq from 3130 to 3132
Skipped Seq from 3132 to 3140
Skipped Seq from 3141 to 3149
Skipped Seq from 3149 to 3156
Skipped Seq from 3162 to 3177
Skipped Seq from 3177 to 3183
Skipped Seq from 3184 to 3186
Skipped Seq from 3190 to 3192
Skipped Seq from 3192 to 3195
Skipped Seq from 3197 to 3199
Skipped Seq from 3201 to 3203
Skipped Seq from 3204 to 3206
Skipped Seq from 3206 to 3209
Skipped Seq from 3210 to 3212
Skipped Seq from 3218 to 3223
Skipped Seq from 3223 to 3229
Skipped Seq from 3231 to 3233
Skipped Seq from 3235 to 3238
Skipped Seq from 3240 to 3242
Skipped Seq from 3242 to 3244
Skipped Seq from 3244 to 3246
Skipped Seq from 3246 to 3248
Skipped Seq from 3248 to 3250
Skipped Seq from 3253 to 3255
Skipped Seq from 3255 to 3258
Skipped Seq from 3258 to 3261
Skipped Seq from 3263 to 3271
Skipped Seq from 3276 to 3280
Skipped Seq from 3280 to 3282
Skipped Seq from 3284 to 3287
Skipped Seq from 3288 to 3290
Skipped Seq from 3291 to 3293
Skipped Seq from 3294 to 3296
Skipped Seq from 3296 to 3299
Skipped Seq from 3299 to 3301
Skipped Seq from 3302 to 3304
Skipped Seq from 3304 to 3312
Skipped Seq from 3312 to 3314
Skipped Seq from 3314 to 3322
Skipped Seq from 3322 to 3328
Skipped Seq from 3328 to 3330
Skipped Seq from 3333 to 3337
Skipped Seq from 3337 to 3339
Skipped Seq from 3345 to 3349
Skipped Seq from 3352 to 3354
Skipped Seq from 3354 to 3356
Skipped Seq from 3359 to 3361
Skipped Seq from 3362 to 3367
Skipped Seq from 3371 to 3376
Skipped Seq from 3378 to 3383
Skipped Seq from 3383 to 3385
Skipped Seq from 3387 to 3389
Skipped Seq from 3389 to 3393
Skipped Seq from 3397 to 3399
Skipped Seq from 3400 to 3408
Skipped Seq from 3408 to 3417
Skipped Seq from 3417 to 3424
Skipped Seq from 3424 to 3429
Skipped Seq from 3430 to 3439
Skipped Seq from 3439 to 3448
Skipped Seq from 3448 to 3454
Skipped Seq from 3454 to 3460
Skipped Seq from 3461 to 3463
Skipped Seq from 3463 to 3466
Skipped Seq from 3466 to 3469
Skipped Seq from 3469 to 3475
Skipped Seq from 3475 to 3482
Skipped Seq from 3482 to 3498
Skipped Seq from 3498 to 3500
Skipped Seq from 3500 to 3502
Skipped Seq from 3502 to 3504
Skipped Seq from 3507 to 3509
Skipped Seq from 3511 to 3515
Skipped Seq from 3517 to 3520
Skipped Seq from 3522 to 3524
Skipped Seq from 3528 to 3530
Skipped Seq from 3534 to 3536
Skipped Seq from 3542 to 3544
Skipped Seq from 3546 to 3548
Skipped Seq from 3548 to 3556
Skipped Seq from 3556 to 3566
Skipped Seq from 3566 to 3568
Skipped Seq from 3570 to 3575
Skipped Seq from 3581 to 3583
Skipped Seq from 3587 to 3591
Skipped Seq from 3595 to 3598
Skipped Seq from 3598 to 3601
Skipped Seq from 3601 to 3603
Skipped Seq from 3605 to 3611
Skipped Seq from 3614 to 3620
Skipped Seq from 3620 to 3622
Skipped Seq from 3624 to 3628
Skipped Seq from 3628 to 3630
Skipped Seq from 3632 to 3634
Skipped Seq from 3635 to 3638
Skipped Seq from 3638 to 3640
Skipped Seq from 3641 to 3643
Skipped Seq from 3648 to 3659
Skipped Seq from 3666 to 3669
Skipped Seq from 3669 to 3676
Skipped Seq from 3676 to 3681
Skipped Seq from 3683 to 3688
Skipped Seq from 3688 to 3690
Skipped Seq from 3690 to 3692
Skipped Seq from 3697 to 3699
Skipped Seq from 3705 to 3707
Skipped Seq from 3710 to 3712
Skipped Seq from 3714 to 3722
Skipped Seq from 3722 to 3725
Skipped Seq from 3725 to 3730
Skipped Seq from 3732 to 3734
Skipped Seq from 3738 to 3740
Skipped Seq from 3741 to 3743
Skipped Seq from 3747 to 3749
Skipped Seq from 3750 to 3752
Skipped Seq from 3758 to 3763
Skipped Seq from 3766 to 3771
Skipped Seq from 3772 to 3774
Skipped Seq from 3779 to 3781
Skipped Seq from 3784 to 3786
Skipped Seq from 3790 to 3792
Skipped Seq from 3795 to 3797
Skipped Seq from 3798 to 3800
Skipped Seq from 3806 to 3808
Skipped Seq from 3812 to 3814
Skipped Seq from 3815 to 3819
Skipped Seq from 3819 to 3829
Skipped Seq from 3829 to 3831
Skipped Seq from 3832 to 3834
Skipped Seq from 3834 to 3838
Skipped Seq from 3838 to 3846
Skipped Seq from 3846 to 3855
Skipped Seq from 3856 to 3864
Skipped Seq from 3864 to 3869
Skipped Seq from 3869 to 3871
Skipped Seq from 3871 to 3876
Skipped Seq from 3879 to 3881
Skipped Seq from 3886 to 3889
Skipped Seq from 3893 to 3895
Skipped Seq from 3896 to 3898
Skipped Seq from 3898 to 3904
Skipped Seq from 3904 to 3906
Skipped Seq from 3913 to 3915
Skipped Seq from 3919 to 3923
Skipped Seq from 3924 to 3931
Skipped Seq from 3931 to 3937
Skipped Seq from 3937 to 3940
Skipped Seq from 3940 to 3943
Skipped Seq from 3943 to 3952
Skipped Seq from 3953 to 3955
Skipped Seq from 3956 to 3958
Skipped Seq from 3961 to 3963
Skipped Seq from 3969 to 3971
Skipped Seq from 3974 to 3976
Skipped Seq from 3978 to 3980
Skipped Seq from 3983 to 3985
Skipped Seq from 3986 to 3988
Skipped Seq from 3988 to 3990
Skipped Seq from 3990 to 3995
Skipped Seq from 3995 to 4000
Skipped Seq from 4000 to 4011
Skipped Seq from 4013 to 4015
Skipped Seq from 4016 to 4019
Skipped Seq from 4019 to 4021
Skipped Seq from 4023 to 4026
Skipped Seq from 4026 to 4028
Skipped Seq from 4030 to 4032
Skipped Seq from 4032 to 4036
Skipped Seq from 4039 to 4049
Skipped Seq from 4049 to 4054
Skipped Seq from 4054 to 4057
Skipped Seq from 4059 to 4064
Skipped Seq from 4065 to 4071
Skipped Seq from 4071 to 4076
Skipped Seq from 4085 to 4087
Skipped Seq from 4087 to 4095
Skipped Seq from 4098 to 4100
Skipped Seq from 4100 to 4102
Skipped Seq from 4104 to 4106
Skipped Seq from 4107 to 4109
Skipped Seq from 4113 to 4115
Skipped Seq from 4117 to 4119
Skipped Seq from 4119 to 4121
Skipped Seq from 4121 to 4126
Skipped Seq from 4126 to 4131
Skipped Seq from 4131 to 4133
Skipped Seq from 4133 to 4137
Skipped Seq from 4142 to 4153
Skipped Seq from 4153 to 4162
Skipped Seq from 4162 to 4168
Skipped Seq from 4169 to 4173
Skipped Seq from 4173 to 4178
Skipped Seq from 4182 to 4188
Skipped Seq from 4190 to 4192
Skipped Seq from 4197 to 4199
Skipped Seq from 4201 to 4204
Skipped Seq from 4206 to 4208
Skipped Seq from 4209 to 4213
Skipped Seq from 4215 to 4217
Skipped Seq from 4217 to 4221
Skipped Seq from 4221 to 4223
Skipped Seq from 4223 to 4225
Skipped Seq from 4227 to 4232
Skipped Seq from 4235 to 4238
Skipped Seq from 4238 to 4241
Skipped Seq from 4242 to 4244
Skipped Seq from 4244 to 4246
Skipped Seq from 4249 to 4251
Skipped Seq from 4255 to 4257
Skipped Seq from 4257 to 4259
Skipped Seq from 4266 to 4273
Skipped Seq from 4273 to 4275
Skipped Seq from 4277 to 4279
Skipped Seq from 4285 to 4291
Skipped Seq from 4291 to 4293
Skipped Seq from 4298 to 4300
Skipped Seq from 4302 to 4304
Skipped Seq from 4307 to 4309
Skipped Seq from 4309 to 4313
Skipped Seq from 4313 to 4315
Skipped Seq from 4315 to 4318
Skipped Seq from 4318 to 4322
Skipped Seq from 4322 to 4324
Skipped Seq from 4327 to 4330
Skipped Seq from 4334 to 4337
Skipped Seq from 4340 to 4342
Skipped Seq from 4346 to 4348
Skipped Seq from 4359 to 4361
Skipped Seq from 4361 to 4364
Skipped Seq from 4366 to 4368
Skipped Seq from 4370 to 4373
Skipped Seq from 4375 to 4380
Skipped Seq from 4381 to 4383
Skipped Seq from 4383 to 4385
Skipped Seq from 4391 to 4395
Skipped Seq from 4397 to 4403
Skipped Seq from 4404 to 4406
Skipped Seq from 4407 to 4413
Skipped Seq from 4413 to 4419
Skipped Seq from 4422 to 4424
Skipped Seq from 4424 to 4431
Skipped Seq from 4433 to 4438
Skipped Seq from 4442 to 4444
Skipped Seq from 4446 to 4448
Skipped Seq from 4451 to 4453
Skipped Seq from 4453 to 4459
Skipped Seq from 4459 to 4461
Skipped Seq from 4472 to 4478
Skipped Seq from 4478 to 4480
Skipped Seq from 4480 to 4487
Skipped Seq from 4492 to 4494
Skipped Seq from 4494 to 4504
Skipped Seq from 4504 to 4512
Skipped Seq from 4512 to 4514
Skipped Seq from 4516 to 4523
Skipped Seq from 4524 to 4531
Skipped Seq from 4531 to 4541
Skipped Seq from 4541 to 4550
Skipped Seq from 4550 to 4556
Skipped Seq from 4559 to 4570
Skipped Seq from 4573 to 4576
Skipped Seq from 4576 to 4578
Skipped Seq from 4582 to 4588
Skipped Seq from 4591 to 4598
Skipped Seq from 4599 to 4601
Skipped Seq from 4601 to 4606
Skipped Seq from 4606 to 4609
Skipped Seq from 4610 to 4612
Skipped Seq from 4614 to 4616
Skipped Seq from 4616 to 4621
Skipped Seq from 4621 to 4625
Skipped Seq from 4625 to 4627
Skipped Seq from 4628 to 4632
Skipped Seq from 4632 to 4640
Skipped Seq from 4640 to 4644
Skipped Seq from 4644 to 4650
Skipped Seq from 4651 to 4654
Skipped Seq from 4654 to 4657
Skipped Seq from 4658 to 4665
Skipped Seq from 4666 to 4668
Skipped Seq from 4668 to 4671
Skipped Seq from 4673 to 4678
Skipped Seq from 4679 to 4681
Skipped Seq from 4681 to 4683
Skipped Seq from 4687 to 4691
Skipped Seq from 4692 to 4694
Skipped Seq from 4694 to 4702
Skipped Seq from 4704 to 4706
Skipped Seq from 4706 to 4709
Skipped Seq from 4709 to 4715
Skipped Seq from 4716 to 4718
Skipped Seq from 4723 to 4725
Skipped Seq from 4726 to 4732
Skipped Seq from 4733 to 4735
Skipped Seq from 4735 to 4737
Skipped Seq from 4738 to 4740
Skipped Seq from 4742 to 4748
Skipped Seq from 4750 to 4754
Skipped Seq from 4756 to 4761
Skipped Seq from 4765 to 4769
Skipped Seq from 4769 to 4771
Skipped Seq from 4773 to 4778
Skipped Seq from 4781 to 4783
Skipped Seq from 4789 to 4791
Skipped Seq from 4792 to 4794
Skipped Seq from 4794 to 4796
Skipped Seq from 4797 to 4799
Skipped Seq from 4800 to 4803
Skipped Seq from 4803 to 4805
Skipped Seq from 4808 to 4811
Skipped Seq from 4811 to 4816
Skipped Seq from 4818 to 4824
Skipped Seq from 4825 to 4827
Skipped Seq from 4828 to 4833
Skipped Seq from 4833 to 4835
Skipped Seq from 4835 to 4851
Skipped Seq from 4851 to 4857
Skipped Seq from 4858 to 4860
Skipped Seq from 4862 to 4864
Skipped Seq from 4864 to 4872
Skipped Seq from 4873 to 4878
Skipped Seq from 4881 to 4895
Skipped Seq from 4895 to 4897
Skipped Seq from 4900 to 4906
Skipped Seq from 4907 to 4916
Skipped Seq from 4916 to 4925
Skipped Seq from 4925 to 4931
Skipped Seq from 4931 to 4933
Skipped Seq from 4935 to 4941
Skipped Seq from 4944 to 4949
Skipped Seq from 4949 to 4961
Skipped Seq from 4961 to 4965
Skipped Seq from 4965 to 4970
Skipped Seq from 4972 to 4975
Skipped Seq from 4980 to 4984
Skipped Seq from 4984 to 4986
Skipped Seq from 4994 to 4996
Skipped Seq from 5000 to 5002
Skipped Seq from 5002 to 5004
Skipped Seq from 5004 to 5006
Skipped Seq from 5006 to 5008
Skipped Seq from 5008 to 5013
Skipped Seq from 5013 to 5015
Skipped Seq from 5015 to 5018
Skipped Seq from 5020 to 5023
Skipped Seq from 5023 to 5025
Skipped Seq from 5025 to 5033
Skipped Seq from 5034 to 5036
Skipped Seq from 5037 to 5039
Skipped Seq from 5040 to 5042
Skipped Seq from 5042 to 5046
Skipped Seq from 5046 to 5049
Skipped Seq from 5051 to 5053
Skipped Seq from 5066 to 5082
Skipped Seq from 5082 to 5091
Skipped Seq from 5091 to 5096
Skipped Seq from 5096 to 5112
Skipped Seq from 5112 to 5114
Skipped Seq from 5114 to 5118
Skipped Seq from 5119 to 5121
Skipped Seq from 5121 to 5124
Skipped Seq from 5124 to 5135
Skipped Seq from 5135 to 5139
Skipped Seq from 5139 to 5144
Skipped Seq from 5144 to 5151
Skipped Seq from 5151 to 5157
Skipped Seq from 5158 to 5162
Skipped Seq from 5162 to 5172
Skipped Seq from 5172 to 5182
Skipped Seq from 5186 to 5192
Skipped Seq from 5192 to 5197
Skipped Seq from 5197 to 5200
Skipped Seq from 5200 to 5205
Skipped Seq from 5206 to 5210
Skipped Seq from 5214 to 5216
Skipped Seq from 5219 to 5221
Skipped Seq from 5221 to 5224
Skipped Seq from 5224 to 5226
Skipped Seq from 5226 to 5228
Skipped Seq from 5232 to 5234
Skipped Seq from 5237 to 5239
Skipped Seq from 5239 to 5242
Skipped Seq from 5249 to 5251
Skipped Seq from 5251 to 5253
Skipped Seq from 5268 to 5275
Skipped Seq from 5276 to 5278
Skipped Seq from 5281 to 5284
Skipped Seq from 5286 to 5288
Skipped Seq from 5295 to 5297
Skipped Seq from 5300 to 5302
Skipped Seq from 5313 to 5315
Skipped Seq from 5315 to 5318
Skipped Seq from 5318 to 5320
Skipped Seq from 5320 to 5323
Skipped Seq from 5323 to 5327
Skipped Seq from 5327 to 5333
Skipped Seq from 5336 to 5338
Skipped Seq from 5338 to 5346
Skipped Seq from 5399 to 5402
Skipped Seq from 5410 to 5412
Skipped Seq from 5415 to 5417
Skipped Seq from 5426 to 5428
Skipped Seq from 5428 to 5432
Skipped Seq from 5432 to 5434
Skipped Seq from 5440 to 5442
Skipped Seq from 5443 to 5449
Skipped Seq from 5449 to 5451
Skipped Seq from 5452 to 5454
Skipped Seq from 5456 to 5459
Skipped Seq from 5463 to 5465
Skipped Seq from 5465 to 5467
Skipped Seq from 5475 to 5480
Skipped Seq from 5485 to 5488
Skipped Seq from 5489 to 5491
Skipped Seq from 5491 to 5493
Skipped Seq from 5494 to 5497
Skipped Seq from 5527 to 5529
Skipped Seq from 5529 to 5531
Skipped Seq from 5534 to 5536
Skipped Seq from 5544 to 5546
Skipped Seq from 5546 to 5550
Skipped Seq from 5551 to 5554
Skipped Seq from 5554 to 5556
Skipped Seq from 5557 to 5559
Skipped Seq from 5573 to 5575
Skipped Seq from 5575 to 5577
Skipped Seq from 5577 to 5579
Skipped Seq from 5579 to 5581
Skipped Seq from 5581 to 5583
Skipped Seq from 5583 to 5585
Skipped Seq from 5585 to 5587
Skipped Seq from 5588 to 5591
Skipped Seq from 5591 to 5595
Skipped Seq from 5598 to 5600
Skipped Seq from 5601 to 5607
Skipped Seq from 5607 to 5609
Skipped Seq from 5609 to 5611
Skipped Seq from 5611 to 5614
Skipped Seq from 5616 to 5618
Skipped Seq from 5627 to 5629
Skipped Seq from 5633 to 5635
Skipped Seq from 5637 to 5640
Skipped Seq from 5642 to 5644
Skipped Seq from 5644 to 5646
Skipped Seq from 5648 to 5651
Skipped Seq from 5653 to 5655
Skipped Seq from 5660 to 5663
Skipped Seq from 5663 to 5665
Skipped Seq from 5700 to 5706
Skipped Seq from 5708 to 5710
Skipped Seq from 5712 to 5714
Skipped Seq from 5716 to 5718
Skipped Seq from 5718 to 5721
Skipped Seq from 5725 to 5728
Skipped Seq from 5730 to 5732
Skipped Seq from 5732 to 5736
Skipped Seq from 5765 to 5767
Skipped Seq from 5771 to 5773
Skipped Seq from 5773 to 5776
Skipped Seq from 5776 to 5778
Skipped Seq from 5778 to 5786
Skipped Seq from 5786 to 5791
Skipped Seq from 5796 to 5800
Skipped Seq from 5809 to 5812
Skipped Seq from 5814 to 5817
Skipped Seq from 5817 to 5820
Skipped Seq from 5820 to 5824
Skipped Seq from 5824 to 5827
Skipped Seq from 5827 to 5831
Skipped Seq from 5832 to 5834
Skipped Seq from 5837 to 5839
Skipped Seq from 5848 to 5850
Skipped Seq from 5858 to 5860
Skipped Seq from 5866 to 5869
Skipped Seq from 5874 to 5876
Skipped Seq from 5884 to 5886
Skipped Seq from 5896 to 5898
Skipped Seq from 5898 to 5900
Skipped Seq from 5902 to 5904
Skipped Seq from 5906 to 5908
Skipped Seq from 5912 to 5915
Skipped Seq from 5920 to 5922
Skipped Seq from 5923 to 5925
Skipped Seq from 5925 to 5927
Skipped Seq from 5938 to 5944
Skipped Seq from 5949 to 5952
Skipped Seq from 5955 to 5957
Skipped Seq from 5958 to 5960
Skipped Seq from 5966 to 5968
Skipped Seq from 5973 to 5975
Skipped Seq from 5977 to 5979
Skipped Seq from 5979 to 5982
Skipped Seq from 5984 to 5986
Skipped Seq from 5988 to 5990
Skipped Seq from 5990 to 5993
Skipped Seq from 5993 to 5995
Skipped Seq from 5999 to 6001
Skipped Seq from 6002 to 6005
Skipped Seq from 6012 to 6014
Skipped Seq from 6023 to 6025
Skipped Seq from 6029 to 6031
Skipped Seq from 6034 to 6036
Skipped Seq from 6037 to 6039
Skipped Seq from 6042 to 6044
Skipped Seq from 6046 to 6048
Skipped Seq from 6052 to 6054
Skipped Seq from 6055 to 6057
Skipped Seq from 6081 to 6083
Skipped Seq from 6083 to 6085
Skipped Seq from 6085 to 6091
Skipped Seq from 6093 to 6096
Skipped Seq from 6096 to 6100
Skipped Seq from 6104 to 6107
Skipped Seq from 6107 to 6110
Skipped Seq from 6114 to 6116
Skipped Seq from 6119 to 6121
Skipped Seq from 6148 to 6151
Skipped Seq from 6158 to 6161
Skipped Seq from 6161 to 6165
Skipped Seq from 6166 to 6168
Skipped Seq from 6172 to 6174
Skipped Seq from 10462 to 10464
Skipped Seq from 10464 to 10467
Skipped Seq from 10469 to 10471
Skipped Seq from 10472 to 10474
Skipped Seq from 10474 to 10478
Skipped Seq from 10481 to 10484
Skipped Seq from 10484 to 10487
Skipped Seq from 10490 to 10492
Skipped Seq from 10492 to 10494
Skipped Seq from 10496 to 10500
Skipped Seq from 10500 to 10503
Skipped Seq from 10503 to 10505
Skipped Seq from 10508 to 10510
Skipped Seq from 10513 to 10515
Skipped Seq from 10518 to 10520
Skipped Seq from 10520 to 10523
Skipped Seq from 10523 to 10525
Skipped Seq from 10528 to 10530
Skipped Seq from 10530 to 10532
Skipped Seq from 10532 to 10535
Skipped Seq from 10536 to 10538
Skipped Seq from 10538 to 10541
Skipped Seq from 10541 to 10543
Skipped Seq from 10543 to 10545
Skipped Seq from 10545 to 10547
Skipped Seq from 10547 to 10549
Skipped Seq from 10552 to 10554
Skipped Seq from 10555 to 10557
Skipped Seq from 10558 to 10560
Skipped Seq from 10562 to 10564
Skipped Seq from 10573 to 10575
Skipped Seq from 10577 to 10579
Skipped Seq from 10581 to 10583
Skipped Seq from 10585 to 10587
Skipped Seq from 10587 to 10589
Skipped Seq from 10590 to 10592
Skipped Seq from 10594 to 10596
Skipped Seq from 10597 to 10599
Skipped Seq from 10600 to 10603
Skipped Seq from 10606 to 10608
Skipped Seq from 10609 to 10611
Skipped Seq from 10611 to 10613
Skipped Seq from 10613 to 10615
Skipped Seq from 10618 to 10620
Skipped Seq from 10623 to 10627
Skipped Seq from 10629 to 10632
Skipped Seq from 10639 to 10641
Skipped Seq from 10647 to 10649
Skipped Seq from 10649 to 10651
Skipped Seq from 10651 to 10653
Skipped Seq from 10654 to 10656
Skipped Seq from 10661 to 10663
Skipped Seq from 10663 to 10665
Skipped Seq from 10666 to 10670
Skipped Seq from 10670 to 10673
Skipped Seq from 10673 to 10675
Skipped Seq from 10675 to 10677
Skipped Seq from 10677 to 10680
Skipped Seq from 10683 to 10686
Skipped Seq from 10688 to 10690
Skipped Seq from 10692 to 10694
Skipped Seq from 10695 to 10697
Skipped Seq from 10697 to 10699
Skipped Seq from 10703 to 10705
Skipped Seq from 10708 to 10711
Skipped Seq from 10712 to 10715
Skipped Seq from 10717 to 10719
Skipped Seq from 10724 to 10726
Skipped Seq from 10726 to 10729
Skipped Seq from 10730 to 10732
Skipped Seq from 10736 to 10738
Skipped Seq from 10741 to 10743
Skipped Seq from 10743 to 10746
Skipped Seq from 10748 to 10750
Skipped Seq from 10751 to 10753
Skipped Seq from 10754 to 10757
Skipped Seq from 10760 to 10763
Skipped Seq from 10765 to 10767
Skipped Seq from 10767 to 10769
Skipped Seq from 10778 to 10781
Skipped Seq from 10784 to 10786
Skipped Seq from 10787 to 10789
Skipped Seq from 10792 to 10794
Skipped Seq from 10798 to 10800
Skipped Seq from 10801 to 10803
Skipped Seq from 10806 to 10808
Skipped Seq from 10811 to 10814
Skipped Seq from 10814 to 10816
Skipped Seq from 10816 to 10818
Skipped Seq from 10818 to 10820
Skipped Seq from 10821 to 10823
Skipped Seq from 10824 to 10826
Skipped Seq from 10826 to 10828
Skipped Seq from 10828 to 10830
Skipped Seq from 10832 to 10834
Skipped Seq from 10835 to 10837
Skipped Seq from 10837 to 10840
Skipped Seq from 10845 to 10847
Skipped Seq from 10847 to 10849
Skipped Seq from 10851 to 10853
Skipped Seq from 10865 to 10867
Skipped Seq from 10868 to 10870
Skipped Seq from 10870 to 10874
Skipped Seq from 10877 to 10879
Skipped Seq from 10884 to 10886
Skipped Seq from 10886 to 10888
Skipped Seq from 10889 to 10891
Skipped Seq from 10892 to 10894
Skipped Seq from 10894 to 10897
Skipped Seq from 10903 to 10905
Skipped Seq from 10905 to 10908
Skipped Seq from 10909 to 10911
Skipped Seq from 10912 to 10914
Skipped Seq from 10914 to 10916
Skipped Seq from 10916 to 10918
Skipped Seq from 10920 to 10922
Skipped Seq from 10923 to 10925
Skipped Seq from 10925 to 10928
Skipped Seq from 10930 to 10932
Skipped Seq from 10932 to 10934
Skipped Seq from 10936 to 10939
Skipped Seq from 10940 to 10942
Skipped Seq from 10943 to 10946
Skipped Seq from 10947 to 10949
Skipped Seq from 10949 to 10951
Skipped Seq from 10951 to 10954
Skipped Seq from 10955 to 10957
Skipped Seq from 10957 to 10959
Skipped Seq from 10959 to 10962
Skipped Seq from 10965 to 10969
Skipped Seq from 10970 to 10972
Skipped Seq from 10979 to 10981
Skipped Seq from 10984 to 10987
Skipped Seq from 10987 to 10989
Skipped Seq from 10989 to 10993
Skipped Seq from 10993 to 10996
Skipped Seq from 10996 to 10998
Skipped Seq from 10998 to 11000
Skipped Seq from 11003 to 11006
Skipped Seq from 11007 to 11010
Skipped Seq from 11011 to 11014
Skipped Seq from 11015 to 11017
Skipped Seq from 11018 to 11021
Skipped Seq from 11024 to 11026
Skipped Seq from 11030 to 11033
Skipped Seq from 11034 to 11036
Skipped Seq from 11043 to 11045
Skipped Seq from 11046 to 11048
Skipped Seq from 11048 to 11050
Skipped Seq from 11051 to 11053
Skipped Seq from 11054 to 11056
Skipped Seq from 11057 to 11060
Skipped Seq from 11063 to 11066
Skipped Seq from 11073 to 11077
Skipped Seq from 11078 to 11081
Skipped Seq from 11084 to 11087
Skipped Seq from 11089 to 11091
Skipped Seq from 11092 to 11094
Skipped Seq from 11094 to 11096
Skipped Seq from 11099 to 11102
Skipped Seq from 11102 to 11104
Skipped Seq from 11104 to 11106
Skipped Seq from 11110 to 11113
Skipped Seq from 11113 to 11115
Skipped Seq from 11115 to 11117
Skipped Seq from 11123 to 11125
Skipped Seq from 11127 to 11129
Skipped Seq from 11129 to 11131
Skipped Seq from 11132 to 11134
Skipped Seq from 11135 to 11137
Skipped Seq from 11138 to 11141
Skipped Seq from 11142 to 11144
Skipped Seq from 11144 to 11149
Skipped Seq from 11149 to 11151
Skipped Seq from 11151 to 11157
Skipped Seq from 11157 to 11161
Skipped Seq from 11162 to 11164
Skipped Seq from 11166 to 11169
Skipped Seq from 11169 to 11171
Skipped Seq from 11172 to 11174
Skipped Seq from 11176 to 11179
Skipped Seq from 11180 to 11183
Skipped Seq from 11188 to 11190
Skipped Seq from 11190 to 11192
Skipped Seq from 11195 to 11197
Skipped Seq from 11200 to 11202
Skipped Seq from 11204 to 11206
Skipped Seq from 11213 to 11215
Skipped Seq from 11216 to 11218
Skipped Seq from 11220 to 11224
Skipped Seq from 11227 to 11229
Skipped Seq from 11230 to 11234
Skipped Seq from 11236 to 11240
Skipped Seq from 11242 to 11244
Skipped Seq from 11246 to 11248
Skipped Seq from 11251 to 11253
Skipped Seq from 11254 to 11256
Skipped Seq from 11256 to 11259
Skipped Seq from 11259 to 11262
Skipped Seq from 11262 to 11264
Skipped Seq from 11268 to 11271
Skipped Seq from 11272 to 11277
Skipped Seq from 11281 to 11286
Skipped Seq from 11288 to 11290
Skipped Seq from 11291 to 11295
Skipped Seq from 11296 to 11299
Skipped Seq from 11300 to 11302
Skipped Seq from 11303 to 11307
Skipped Seq from 11307 to 11309
Number of times throttled: 11
Received: 9457 / 11314 packets
Start time: 1332835922.784632
End time: 1332835958.561871
Duration: 35.777239
