Starting client at 10.0.0.24:1260 with timeout:10
My IP address is 10.0.0.24Skipped Seq from 0 to 2
Skipped Seq from 2 to 6
Skipped Seq from 6 to 8
Skipped Seq from 8 to 20
Skipped Seq from 20 to 23
Skipped Seq from 23 to 27
Skipped Seq from 27 to 34
Skipped Seq from 35 to 39
Skipped Seq from 40 to 43
Skipped Seq from 44 to 47
Skipped Seq from 47 to 51
Skipped Seq from 51 to 57
Skipped Seq from 57 to 61
Skipped Seq from 61 to 65
Skipped Seq from 65 to 69
Skipped Seq from 69 to 73
Skipped Seq from 73 to 75
Skipped Seq from 75 to 79
Skipped Seq from 79 to 81
Skipped Seq from 81 to 83
Skipped Seq from 83 to 85
Skipped Seq from 85 to 87
Skipped Seq from 89 to 91
Skipped Seq from 92 to 94
Skipped Seq from 101 to 103
Skipped Seq from 104 to 107
Skipped Seq from 107 to 112
Skipped Seq from 112 to 114
Skipped Seq from 114 to 116
Skipped Seq from 116 to 119
Skipped Seq from 120 to 131
Skipped Seq from 131 to 133
Skipped Seq from 133 to 137
Skipped Seq from 137 to 142
Skipped Seq from 142 to 146
Skipped Seq from 147 to 152
Skipped Seq from 152 to 154
Skipped Seq from 156 to 159
Skipped Seq from 159 to 161
Skipped Seq from 162 to 165
Skipped Seq from 165 to 167
Skipped Seq from 169 to 171
Skipped Seq from 172 to 174
Skipped Seq from 174 to 176
Skipped Seq from 176 to 181
Skipped Seq from 181 to 191
Skipped Seq from 191 to 197
Skipped Seq from 204 to 206
Skipped Seq from 206 to 215
Skipped Seq from 215 to 219
Skipped Seq from 219 to 223
Skipped Seq from 223 to 226
Skipped Seq from 226 to 228
Skipped Seq from 228 to 230
Skipped Seq from 237 to 239
Skipped Seq from 243 to 246
Skipped Seq from 246 to 249
Skipped Seq from 249 to 257
Skipped Seq from 258 to 262
Skipped Seq from 263 to 272
Skipped Seq from 273 to 275
Skipped Seq from 280 to 285
Skipped Seq from 285 to 291
Skipped Seq from 291 to 295
Skipped Seq from 295 to 297
Skipped Seq from 298 to 307
Skipped Seq from 307 to 309
Skipped Seq from 309 to 311
Skipped Seq from 311 to 314
Skipped Seq from 314 to 320
Skipped Seq from 320 to 328
Skipped Seq from 331 to 333
Skipped Seq from 333 to 336
Skipped Seq from 336 to 346
Skipped Seq from 346 to 348
Skipped Seq from 348 to 351
Skipped Seq from 351 to 366
Skipped Seq from 368 to 370
Skipped Seq from 379 to 381
Skipped Seq from 382 to 385
Skipped Seq from 388 to 394
Skipped Seq from 395 to 397
Skipped Seq from 397 to 399
Skipped Seq from 400 to 402
Skipped Seq from 402 to 406
Skipped Seq from 406 to 409
Skipped Seq from 409 to 418
Skipped Seq from 418 to 421
Skipped Seq from 422 to 425
Skipped Seq from 425 to 427
Skipped Seq from 429 to 432
Skipped Seq from 432 to 435
Skipped Seq from 437 to 439
Skipped Seq from 439 to 442
Skipped Seq from 446 to 448
Skipped Seq from 448 to 450
Skipped Seq from 452 to 455
Skipped Seq from 459 to 461
Skipped Seq from 463 to 465
Skipped Seq from 466 to 477
Skipped Seq from 478 to 481
Skipped Seq from 481 to 485
Skipped Seq from 485 to 489
Skipped Seq from 489 to 493
Skipped Seq from 493 to 498
Skipped Seq from 499 to 502
Skipped Seq from 503 to 507
Skipped Seq from 507 to 509
Skipped Seq from 513 to 515
Skipped Seq from 516 to 520
Skipped Seq from 524 to 529
Skipped Seq from 531 to 533
Skipped Seq from 533 to 542
Skipped Seq from 542 to 545
Skipped Seq from 546 to 548
Skipped Seq from 548 to 553
Skipped Seq from 553 to 557
Skipped Seq from 557 to 564
Skipped Seq from 564 to 566
Skipped Seq from 566 to 571
Skipped Seq from 571 to 573
Skipped Seq from 573 to 580
Skipped Seq from 580 to 582
Skipped Seq from 582 to 584
Skipped Seq from 585 to 587
Skipped Seq from 587 to 589
Skipped Seq from 589 to 597
Skipped Seq from 597 to 600
Skipped Seq from 600 to 604
Skipped Seq from 609 to 611
Skipped Seq from 612 to 617
Skipped Seq from 618 to 625
Skipped Seq from 625 to 632
Skipped Seq from 632 to 636
Skipped Seq from 636 to 638
Skipped Seq from 638 to 640
Skipped Seq from 641 to 643
Skipped Seq from 643 to 646
Skipped Seq from 646 to 650
Skipped Seq from 651 to 653
Skipped Seq from 658 to 660
Skipped Seq from 664 to 666
Skipped Seq from 666 to 668
Skipped Seq from 669 to 671
Skipped Seq from 671 to 673
Skipped Seq from 673 to 677
Skipped Seq from 678 to 681
Skipped Seq from 682 to 684
Skipped Seq from 688 to 691
Skipped Seq from 694 to 700
Skipped Seq from 700 to 706
Skipped Seq from 706 to 708
Skipped Seq from 714 to 716
Skipped Seq from 716 to 719
Skipped Seq from 719 to 722
Skipped Seq from 725 to 734
Skipped Seq from 734 to 739
Skipped Seq from 739 to 741
Skipped Seq from 741 to 743
Skipped Seq from 743 to 747
Skipped Seq from 747 to 756
Skipped Seq from 756 to 760
Skipped Seq from 760 to 768
Skipped Seq from 768 to 776
Skipped Seq from 776 to 782
Skipped Seq from 782 to 788
Skipped Seq from 788 to 792
Skipped Seq from 794 to 799
Skipped Seq from 799 to 801
Skipped Seq from 804 to 807
Skipped Seq from 807 to 809
Skipped Seq from 810 to 814
Skipped Seq from 814 to 817
Skipped Seq from 819 to 828
Skipped Seq from 829 to 837
Skipped Seq from 837 to 840
Skipped Seq from 840 to 847
Skipped Seq from 847 to 863
Skipped Seq from 863 to 873
Skipped Seq from 873 to 885
Skipped Seq from 885 to 888
Skipped Seq from 889 to 891
Skipped Seq from 896 to 898
Skipped Seq from 899 to 907
Skipped Seq from 907 to 909
Skipped Seq from 910 to 915
Skipped Seq from 915 to 925
Skipped Seq from 925 to 930
Skipped Seq from 931 to 933
Skipped Seq from 933 to 935
Skipped Seq from 937 to 943
Skipped Seq from 946 to 948
Skipped Seq from 951 to 956
Skipped Seq from 958 to 961
Skipped Seq from 961 to 965
Skipped Seq from 967 to 969
Skipped Seq from 970 to 977
Skipped Seq from 977 to 979
Skipped Seq from 983 to 986
Skipped Seq from 986 to 988
Skipped Seq from 988 to 994
Skipped Seq from 997 to 1007
Skipped Seq from 1007 to 1015
Skipped Seq from 1016 to 1024
Skipped Seq from 1025 to 1027
Skipped Seq from 1028 to 1030
Skipped Seq from 1030 to 1042
Skipped Seq from 1043 to 1045
Skipped Seq from 1045 to 1049
Skipped Seq from 1049 to 1053
Skipped Seq from 1053 to 1063
Skipped Seq from 1066 to 1069
Skipped Seq from 1071 to 1073
Skipped Seq from 1074 to 1076
Skipped Seq from 1080 to 1084
Skipped Seq from 1094 to 1097
Skipped Seq from 1103 to 1106
Skipped Seq from 1109 to 1111
Skipped Seq from 1111 to 1113
Skipped Seq from 1113 to 1115
Skipped Seq from 1118 to 1120
Skipped Seq from 1120 to 1123
Skipped Seq from 1124 to 1127
Skipped Seq from 1136 to 1143
Skipped Seq from 1143 to 1150
Skipped Seq from 1150 to 1153
Skipped Seq from 1153 to 1163
Skipped Seq from 1163 to 1176
Skipped Seq from 1178 to 1180
Skipped Seq from 1187 to 1189
Skipped Seq from 1190 to 1194
Skipped Seq from 1195 to 1199
Skipped Seq from 1199 to 1201
Skipped Seq from 1201 to 1208
Skipped Seq from 1208 to 1210
Skipped Seq from 1212 to 1216
Skipped Seq from 1220 to 1222
Skipped Seq from 1224 to 1237
Skipped Seq from 1237 to 1239
Skipped Seq from 1243 to 1246
Skipped Seq from 1247 to 1251
Skipped Seq from 1256 to 1262
Skipped Seq from 1262 to 1264
Skipped Seq from 1269 to 1274
Skipped Seq from 1274 to 1277
Skipped Seq from 1277 to 1280
Skipped Seq from 1281 to 1284
Skipped Seq from 1284 to 1290
Skipped Seq from 1291 to 1294
Skipped Seq from 1294 to 1296
Skipped Seq from 1298 to 1303
Skipped Seq from 1303 to 1306
Skipped Seq from 1308 to 1310
Skipped Seq from 1313 to 1318
Skipped Seq from 1327 to 1330
Skipped Seq from 1345 to 1347
Skipped Seq from 1352 to 1354
Skipped Seq from 1358 to 1362
Skipped Seq from 1368 to 1370
Skipped Seq from 1372 to 1374
Skipped Seq from 1383 to 1385
Skipped Seq from 1387 to 1389
Skipped Seq from 1396 to 1399
Skipped Seq from 1406 to 1409
Skipped Seq from 1409 to 1411
Skipped Seq from 1412 to 1422
Skipped Seq from 1422 to 1424
Skipped Seq from 1424 to 1428
Skipped Seq from 1429 to 1431
Skipped Seq from 1431 to 1433
Skipped Seq from 1444 to 1446
Skipped Seq from 1462 to 1465
Skipped Seq from 1469 to 1473
Skipped Seq from 1473 to 1475
Skipped Seq from 1476 to 1484
Skipped Seq from 1484 to 1487
Skipped Seq from 1491 to 1494
Skipped Seq from 1494 to 1496
Skipped Seq from 1496 to 1501
Skipped Seq from 1501 to 1506
Skipped Seq from 1506 to 1509
Skipped Seq from 1509 to 1511
Skipped Seq from 1511 to 1516
Skipped Seq from 1516 to 1519
Skipped Seq from 1520 to 1526
Skipped Seq from 1526 to 1531
Skipped Seq from 1533 to 1535
Skipped Seq from 1535 to 1537
Skipped Seq from 1537 to 1539
Skipped Seq from 1540 to 1542
Skipped Seq from 1542 to 1548
Skipped Seq from 1548 to 1554
Skipped Seq from 1555 to 1559
Skipped Seq from 1559 to 1561
Skipped Seq from 1561 to 1563
Skipped Seq from 1575 to 1577
Skipped Seq from 1577 to 1579
Skipped Seq from 1583 to 1585
Skipped Seq from 1585 to 1587
Skipped Seq from 1589 to 1593
Skipped Seq from 1596 to 1598
Skipped Seq from 1600 to 1603
Skipped Seq from 1603 to 1605
Skipped Seq from 1614 to 1616
Skipped Seq from 1630 to 1633
Skipped Seq from 1633 to 1637
Skipped Seq from 1638 to 1640
Skipped Seq from 1666 to 1669
Skipped Seq from 1670 to 1673
Skipped Seq from 1674 to 1676
Skipped Seq from 1676 to 1679
Skipped Seq from 1679 to 1682
Skipped Seq from 1686 to 1691
Skipped Seq from 1691 to 1693
Skipped Seq from 1695 to 1697
Skipped Seq from 1697 to 1703
Skipped Seq from 1711 to 1714
Skipped Seq from 1714 to 1717
Skipped Seq from 1717 to 1719
Skipped Seq from 1722 to 1727
Skipped Seq from 1732 to 1740
Skipped Seq from 1740 to 1742
Skipped Seq from 1742 to 1746
Skipped Seq from 1746 to 1775
Skipped Seq from 1776 to 1778
Skipped Seq from 1783 to 1785
Skipped Seq from 1793 to 1795
Skipped Seq from 1797 to 1799
Skipped Seq from 1800 to 1802
Skipped Seq from 1872 to 1874
Skipped Seq from 1883 to 1885
Skipped Seq from 1892 to 1894
Skipped Seq from 1906 to 1909
Skipped Seq from 1909 to 1911
Skipped Seq from 1928 to 1930
Skipped Seq from 1948 to 1950
Skipped Seq from 1956 to 1958
Skipped Seq from 1960 to 1962
Skipped Seq from 1965 to 1967
Number of times throttled: 4
Received: 7227 / 8221 packets
Start time: 1332835787.030148
End time: 1332835807.850142
Duration: 20.819994
