Starting client at 10.0.0.24:1235 with timeout:10
My IP address is 10.0.0.24Skipped Seq from 0 to 4
Recovered out of order packet from 7 to 2
Skipped Seq from 3059 to 3061
Skipped Seq from 3061 to 3063
Skipped Seq from 3065 to 3067
Skipped Seq from 3070 to 3072
Skipped Seq from 3077 to 3079
Skipped Seq from 3087 to 3089
Skipped Seq from 3105 to 3107
Skipped Seq from 3114 to 3116
Skipped Seq from 3118 to 3120
Skipped Seq from 3123 to 3125
Skipped Seq from 3126 to 3128
Skipped Seq from 3128 to 3130
Skipped Seq from 3132 to 3134
Skipped Seq from 3137 to 3139
Skipped Seq from 3142 to 3145
Skipped Seq from 3146 to 3148
Skipped Seq from 3151 to 3153
Skipped Seq from 3155 to 3158
Skipped Seq from 3160 to 3162
Skipped Seq from 3164 to 3167
Skipped Seq from 3168 to 3170
Skipped Seq from 3172 to 3174
Skipped Seq from 3177 to 3179
Skipped Seq from 3181 to 3183
Skipped Seq from 3183 to 3185
Skipped Seq from 3187 to 3189
Skipped Seq from 3190 to 3192
Skipped Seq from 3194 to 3198
Skipped Seq from 3198 to 3200
Skipped Seq from 3201 to 3203
Skipped Seq from 3203 to 3205
Skipped Seq from 3205 to 3207
Skipped Seq from 3208 to 3210
Skipped Seq from 3211 to 3213
Skipped Seq from 3213 to 3215
Skipped Seq from 3216 to 3218
Skipped Seq from 3220 to 3223
Skipped Seq from 3225 to 3227
Skipped Seq from 3229 to 3231
Skipped Seq from 3233 to 3235
Skipped Seq from 3235 to 3239
Skipped Seq from 3239 to 3241
Skipped Seq from 3245 to 3249
Skipped Seq from 3251 to 3253
Skipped Seq from 3253 to 3256
Skipped Seq from 3258 to 3261
Skipped Seq from 3267 to 3269
Skipped Seq from 3271 to 3273
Skipped Seq from 3276 to 3278
Skipped Seq from 3280 to 3282
Skipped Seq from 3284 to 3287
Skipped Seq from 3289 to 3291
Skipped Seq from 3294 to 3296
Skipped Seq from 3296 to 3298
Skipped Seq from 3298 to 3300
Skipped Seq from 3302 to 3304
Skipped Seq from 3310 to 3313
Skipped Seq from 3315 to 3317
Skipped Seq from 3318 to 3320
Skipped Seq from 3320 to 3322
Skipped Seq from 3323 to 3325
Skipped Seq from 3327 to 3330
Skipped Seq from 3331 to 3333
Skipped Seq from 3336 to 3338
Skipped Seq from 3348 to 3350
Skipped Seq from 3351 to 3354
Skipped Seq from 3354 to 3358
Skipped Seq from 3359 to 3361
Skipped Seq from 3361 to 3363
Skipped Seq from 3366 to 3368
Skipped Seq from 3377 to 3379
Skipped Seq from 3379 to 3381
Skipped Seq from 3384 to 3387
Skipped Seq from 3395 to 3397
Skipped Seq from 3409 to 3411
Skipped Seq from 3411 to 3413
Skipped Seq from 3416 to 3419
Skipped Seq from 3420 to 3423
Skipped Seq from 3430 to 3434
Skipped Seq from 3441 to 3445
Skipped Seq from 3452 to 3454
Skipped Seq from 3456 to 3458
Skipped Seq from 3460 to 3462
Skipped Seq from 3464 to 3466
Skipped Seq from 3468 to 3470
Skipped Seq from 3470 to 3472
Skipped Seq from 3473 to 3475
Skipped Seq from 3482 to 3484
Skipped Seq from 3486 to 3488
Skipped Seq from 3491 to 3493
Skipped Seq from 3499 to 3501
Skipped Seq from 3501 to 3504
Skipped Seq from 3505 to 3507
Skipped Seq from 3509 to 3511
Skipped Seq from 3514 to 3516
Skipped Seq from 3516 to 3518
Skipped Seq from 3518 to 3520
Skipped Seq from 3521 to 3523
Skipped Seq from 3527 to 3529
Skipped Seq from 3534 to 3536
Skipped Seq from 3542 to 3545
Skipped Seq from 3547 to 3550
Skipped Seq from 3551 to 3553
Skipped Seq from 3556 to 3558
Skipped Seq from 3561 to 3563
Skipped Seq from 3569 to 3572
Skipped Seq from 3579 to 3581
Skipped Seq from 3590 to 3592
Skipped Seq from 3597 to 3599
Skipped Seq from 3600 to 3602
Skipped Seq from 3632 to 3634
Skipped Seq from 3649 to 3651
Skipped Seq from 3658 to 3660
Skipped Seq from 3679 to 3681
Skipped Seq from 3833 to 3835
Skipped Seq from 3840 to 3842
Skipped Seq from 3851 to 3853
Skipped Seq from 3857 to 3859
Skipped Seq from 3864 to 3866
Skipped Seq from 3882 to 3884
Skipped Seq from 3933 to 3935
Skipped Seq from 3944 to 3946
Skipped Seq from 4373 to 4375
Skipped Seq from 4375 to 4377
Skipped Seq from 4380 to 4384
Skipped Seq from 4387 to 4391
Skipped Seq from 4395 to 4400
Skipped Seq from 4401 to 4403
Skipped Seq from 4403 to 4407
Skipped Seq from 4408 to 4410
Skipped Seq from 4413 to 4415
Skipped Seq from 4422 to 4424
Skipped Seq from 4428 to 4430
Skipped Seq from 4435 to 4437
Skipped Seq from 4446 to 4448
Skipped Seq from 4449 to 4451
Skipped Seq from 4452 to 4454
Skipped Seq from 4455 to 4461
Skipped Seq from 4461 to 4464
Skipped Seq from 4464 to 4466
Skipped Seq from 4467 to 4469
Skipped Seq from 4472 to 4476
Skipped Seq from 4476 to 4483
Skipped Seq from 4485 to 4494
Skipped Seq from 4494 to 4505
Skipped Seq from 4505 to 4512
Skipped Seq from 4517 to 4519
Skipped Seq from 4525 to 4527
Skipped Seq from 4532 to 4534
Skipped Seq from 4537 to 4539
Skipped Seq from 4540 to 4542
Skipped Seq from 4545 to 4547
Skipped Seq from 4548 to 4551
Skipped Seq from 4551 to 4553
Skipped Seq from 4556 to 4558
Skipped Seq from 4561 to 4563
Skipped Seq from 4566 to 4573
Skipped Seq from 4573 to 4583
Skipped Seq from 4584 to 4589
Skipped Seq from 4589 to 4591
Skipped Seq from 4594 to 4601
Skipped Seq from 4602 to 4604
Skipped Seq from 4605 to 4608
Skipped Seq from 4609 to 4611
Skipped Seq from 4613 to 4620
Skipped Seq from 4624 to 4627
Skipped Seq from 4631 to 4638
Skipped Seq from 4641 to 4644
Skipped Seq from 4644 to 4648
Skipped Seq from 4648 to 4650
Skipped Seq from 4651 to 4657
Skipped Seq from 4658 to 4663
Skipped Seq from 4663 to 4670
Skipped Seq from 4671 to 4674
Skipped Seq from 4674 to 4676
Skipped Seq from 4677 to 4679
Skipped Seq from 4679 to 4690
Skipped Seq from 4690 to 4697
Skipped Seq from 4698 to 4700
Skipped Seq from 4700 to 4704
Skipped Seq from 4704 to 4708
Skipped Seq from 4708 to 4715
Skipped Seq from 4715 to 4723
Skipped Seq from 4723 to 4731
Skipped Seq from 4731 to 4739
Skipped Seq from 4741 to 4744
Skipped Seq from 4744 to 4748
Skipped Seq from 4750 to 4752
Skipped Seq from 4753 to 4757
Skipped Seq from 4757 to 4759
Skipped Seq from 4762 to 4768
Skipped Seq from 4772 to 4774
Skipped Seq from 4774 to 4778
Skipped Seq from 4778 to 4780
Skipped Seq from 4781 to 4786
Skipped Seq from 4786 to 4788
Skipped Seq from 4789 to 4795
Skipped Seq from 4799 to 4802
Skipped Seq from 4803 to 4805
Skipped Seq from 4807 to 4809
Skipped Seq from 4809 to 4814
Skipped Seq from 4814 to 4816
Skipped Seq from 4819 to 4823
Skipped Seq from 4827 to 4831
Skipped Seq from 4834 to 4836
Skipped Seq from 4836 to 4840
Skipped Seq from 4841 to 4843
Skipped Seq from 4847 to 4849
Skipped Seq from 4852 to 4864
Skipped Seq from 4864 to 4866
Skipped Seq from 4866 to 4868
Skipped Seq from 4869 to 4874
Skipped Seq from 4874 to 4906
Skipped Seq from 4906 to 4910
Skipped Seq from 4916 to 4920
Skipped Seq from 4921 to 4923
Skipped Seq from 4923 to 4927
Skipped Seq from 4928 to 4934
Skipped Seq from 4936 to 4938
Skipped Seq from 4938 to 4945
Skipped Seq from 4945 to 4954
Skipped Seq from 4954 to 4960
Skipped Seq from 4961 to 4977
Skipped Seq from 4977 to 4992
Skipped Seq from 4992 to 4994
Skipped Seq from 4995 to 4999
Skipped Seq from 5002 to 5004
Skipped Seq from 5009 to 5011
Skipped Seq from 5015 to 5017
Skipped Seq from 5019 to 5021
Skipped Seq from 5023 to 5027
Skipped Seq from 5030 to 5036
Skipped Seq from 5039 to 5044
Skipped Seq from 5045 to 5047
Skipped Seq from 5047 to 5050
Skipped Seq from 5051 to 5053
Skipped Seq from 5054 to 5057
Skipped Seq from 5057 to 5062
Skipped Seq from 5063 to 5065
Skipped Seq from 5070 to 5072
Skipped Seq from 5072 to 5074
Skipped Seq from 5076 to 5078
Skipped Seq from 5080 to 5083
Skipped Seq from 5084 to 5086
Skipped Seq from 5090 to 5092
Skipped Seq from 5093 to 5095
Skipped Seq from 5097 to 5099
Skipped Seq from 5105 to 5107
Skipped Seq from 5110 to 5112
Skipped Seq from 5112 to 5114
Skipped Seq from 5115 to 5120
Skipped Seq from 5120 to 5124
Skipped Seq from 5126 to 5131
Skipped Seq from 5131 to 5137
Skipped Seq from 5141 to 5143
Skipped Seq from 5143 to 5145
Skipped Seq from 5145 to 5152
Skipped Seq from 5152 to 5158
Skipped Seq from 5162 to 5164
Skipped Seq from 5170 to 5173
Skipped Seq from 5179 to 5181
Skipped Seq from 5182 to 5186
Skipped Seq from 5188 to 5190
Skipped Seq from 5190 to 5193
Skipped Seq from 5194 to 5197
Skipped Seq from 5197 to 5199
Skipped Seq from 5199 to 5205
Skipped Seq from 5207 to 5214
Skipped Seq from 5216 to 5218
Skipped Seq from 5218 to 5228
Skipped Seq from 5228 to 5230
Skipped Seq from 5230 to 5233
Skipped Seq from 5233 to 5236
Skipped Seq from 5236 to 5238
Skipped Seq from 5239 to 5241
Skipped Seq from 5242 to 5244
Skipped Seq from 5244 to 5246
Skipped Seq from 5246 to 5249
Skipped Seq from 5252 to 5255
Skipped Seq from 5256 to 5259
Skipped Seq from 5260 to 5262
Skipped Seq from 5265 to 5267
Skipped Seq from 5267 to 5269
Skipped Seq from 5269 to 5271
Skipped Seq from 5273 to 5275
Skipped Seq from 5276 to 5278
Skipped Seq from 5278 to 5280
Skipped Seq from 5280 to 5284
Skipped Seq from 5284 to 5290
Skipped Seq from 5291 to 5298
Skipped Seq from 5300 to 5302
Skipped Seq from 5307 to 5309
Skipped Seq from 5316 to 5318
Skipped Seq from 5321 to 5323
Skipped Seq from 5328 to 5330
Skipped Seq from 5331 to 5334
Skipped Seq from 5336 to 5338
Skipped Seq from 5338 to 5340
Skipped Seq from 5341 to 5343
Skipped Seq from 5343 to 5345
Skipped Seq from 5345 to 5347
Skipped Seq from 5348 to 5351
Skipped Seq from 5353 to 5356
Skipped Seq from 5357 to 5359
Skipped Seq from 5359 to 5361
Skipped Seq from 5366 to 5370
Skipped Seq from 5376 to 5378
Skipped Seq from 5380 to 5382
Skipped Seq from 5382 to 5384
Skipped Seq from 5387 to 5389
Skipped Seq from 5389 to 5391
Skipped Seq from 5393 to 5395
Skipped Seq from 5396 to 5403
Skipped Seq from 5405 to 5410
Skipped Seq from 5411 to 5413
Skipped Seq from 5416 to 5418
Skipped Seq from 5420 to 5422
Skipped Seq from 5422 to 5424
Skipped Seq from 5424 to 5437
Skipped Seq from 5440 to 5442
Skipped Seq from 5446 to 5448
Skipped Seq from 5454 to 5456
Skipped Seq from 5456 to 5458
Skipped Seq from 5458 to 5461
Skipped Seq from 5463 to 5465
Skipped Seq from 5465 to 5467
Skipped Seq from 5471 to 5474
Skipped Seq from 5476 to 5482
Skipped Seq from 5485 to 5487
Skipped Seq from 5489 to 5491
Skipped Seq from 5492 to 5496
Skipped Seq from 5498 to 5500
Skipped Seq from 5538 to 5540
Skipped Seq from 5542 to 5545
Skipped Seq from 5545 to 5547
Skipped Seq from 5549 to 5553
Skipped Seq from 5555 to 5557
Skipped Seq from 5560 to 5562
Skipped Seq from 5562 to 5564
Skipped Seq from 5567 to 5570
Skipped Seq from 5571 to 5576
Skipped Seq from 5579 to 5585
Skipped Seq from 5585 to 5587
Skipped Seq from 5593 to 5603
Skipped Seq from 5603 to 5606
Skipped Seq from 5608 to 5611
Skipped Seq from 5611 to 5614
Skipped Seq from 5628 to 5633
Skipped Seq from 5641 to 5647
Skipped Seq from 5648 to 5652
Skipped Seq from 5652 to 5654
Skipped Seq from 5657 to 5664
Skipped Seq from 5664 to 5669
Skipped Seq from 5670 to 5675
Skipped Seq from 5675 to 5681
Skipped Seq from 5682 to 5687
Skipped Seq from 5687 to 5689
Skipped Seq from 5692 to 5696
Skipped Seq from 5714 to 5722
Skipped Seq from 5743 to 5745
Skipped Seq from 5754 to 5756
Skipped Seq from 5763 to 5765
Skipped Seq from 5772 to 5774
Skipped Seq from 5775 to 5782
Skipped Seq from 5784 to 5790
Skipped Seq from 5793 to 5795
Skipped Seq from 5795 to 5798
Skipped Seq from 5798 to 5800
Skipped Seq from 5814 to 5816
Skipped Seq from 5816 to 5823
Skipped Seq from 5824 to 5828
Skipped Seq from 5831 to 5833
Skipped Seq from 5837 to 5839
Skipped Seq from 5840 to 5846
Skipped Seq from 5846 to 5848
Skipped Seq from 5849 to 5855
Skipped Seq from 5856 to 5867
Skipped Seq from 5867 to 5872
Skipped Seq from 5873 to 5878
Skipped Seq from 5881 to 5883
Skipped Seq from 5910 to 5912
Skipped Seq from 5917 to 5920
Skipped Seq from 5920 to 5922
Skipped Seq from 5930 to 5932
Skipped Seq from 5937 to 5939
Skipped Seq from 5948 to 5951
Skipped Seq from 5951 to 5954
Skipped Seq from 5954 to 5957
Skipped Seq from 5957 to 5960
Skipped Seq from 5961 to 5964
Skipped Seq from 5965 to 5967
Skipped Seq from 5968 to 5972
Skipped Seq from 5975 to 5978
Skipped Seq from 5978 to 5980
Skipped Seq from 5985 to 5987
Skipped Seq from 5992 to 5994
Skipped Seq from 5996 to 5999
Skipped Seq from 5999 to 6001
Skipped Seq from 6004 to 6008
Skipped Seq from 6008 to 6010
Skipped Seq from 6014 to 6016
Skipped Seq from 6029 to 6033
Skipped Seq from 6040 to 6042
Skipped Seq from 6045 to 6047
Skipped Seq from 6051 to 6053
Skipped Seq from 6057 to 6062
Skipped Seq from 6067 to 6069
Skipped Seq from 6090 to 6092
Skipped Seq from 6092 to 6095
Skipped Seq from 6111 to 6113
Skipped Seq from 6113 to 6116
Skipped Seq from 6118 to 6120
Skipped Seq from 6122 to 6124
Skipped Seq from 6131 to 6133
Skipped Seq from 6135 to 6137
Skipped Seq from 6146 to 6148
Skipped Seq from 6149 to 6151
Skipped Seq from 6151 to 6155
Skipped Seq from 6156 to 6159
Skipped Seq from 6162 to 6164
Skipped Seq from 6172 to 6174
Skipped Seq from 6179 to 6182
Skipped Seq from 6182 to 6184
Skipped Seq from 6186 to 6191
Skipped Seq from 6192 to 6194
Skipped Seq from 6198 to 6200
Skipped Seq from 6204 to 6207
Skipped Seq from 6209 to 6211
Skipped Seq from 6214 to 6216
Skipped Seq from 6218 to 6220
Skipped Seq from 6222 to 6225
Skipped Seq from 6225 to 6228
Skipped Seq from 6229 to 6231
Skipped Seq from 6232 to 6234
Skipped Seq from 6234 to 6236
Skipped Seq from 6238 to 6240
Skipped Seq from 6241 to 6243
Skipped Seq from 6245 to 6250
Skipped Seq from 6257 to 6259
Skipped Seq from 6259 to 6262
Skipped Seq from 6263 to 6265
Skipped Seq from 6265 to 6267
Skipped Seq from 6267 to 6269
Skipped Seq from 6271 to 6273
Skipped Seq from 6273 to 6276
Skipped Seq from 6277 to 6279
Skipped Seq from 6281 to 6283
Skipped Seq from 6283 to 6285
Skipped Seq from 6285 to 6287
Skipped Seq from 6288 to 6293
Skipped Seq from 6295 to 6297
Skipped Seq from 6297 to 6299
Skipped Seq from 6302 to 6304
Skipped Seq from 6305 to 6307
Skipped Seq from 6309 to 6313
Skipped Seq from 6314 to 6319
Skipped Seq from 6322 to 6327
Skipped Seq from 6328 to 6330
Skipped Seq from 6330 to 6333
Skipped Seq from 6334 to 6340
Skipped Seq from 6340 to 6343
Skipped Seq from 6343 to 6347
Skipped Seq from 6348 to 6350
Skipped Seq from 6351 to 6353
Skipped Seq from 6433 to 6438
Skipped Seq from 6477 to 6479
Skipped Seq from 6558 to 6560
Skipped Seq from 6567 to 6569
Skipped Seq from 6580 to 6583
Skipped Seq from 6588 to 6590
Skipped Seq from 6596 to 6598
Skipped Seq from 11117 to 11120
Skipped Seq from 11123 to 11125
Skipped Seq from 11129 to 11131
Skipped Seq from 11131 to 11134
Skipped Seq from 11136 to 11138
Skipped Seq from 11139 to 11141
Skipped Seq from 11146 to 11148
Skipped Seq from 11154 to 11156
Skipped Seq from 11158 to 11162
Skipped Seq from 11164 to 11166
Skipped Seq from 11167 to 11170
Skipped Seq from 11170 to 11172
Skipped Seq from 11172 to 11174
Skipped Seq from 11174 to 11177
Skipped Seq from 11180 to 11182
Skipped Seq from 11182 to 11184
Skipped Seq from 11185 to 11187
Skipped Seq from 11194 to 11196
Skipped Seq from 11205 to 11207
Skipped Seq from 11209 to 11211
Skipped Seq from 11212 to 11214
Skipped Seq from 11216 to 11218
Skipped Seq from 11220 to 11222
Skipped Seq from 11223 to 11225
Skipped Seq from 11228 to 11230
Skipped Seq from 11232 to 11234
Skipped Seq from 11234 to 11236
Skipped Seq from 11240 to 11242
Skipped Seq from 11243 to 11245
Skipped Seq from 11248 to 11250
Skipped Seq from 11252 to 11254
Skipped Seq from 11256 to 11258
Skipped Seq from 11258 to 11260
Skipped Seq from 11261 to 11263
Skipped Seq from 11263 to 11266
Skipped Seq from 11269 to 11272
Skipped Seq from 11273 to 11275
Skipped Seq from 11278 to 11280
Skipped Seq from 11281 to 11283
Skipped Seq from 11285 to 11287
Skipped Seq from 11287 to 11289
Skipped Seq from 11293 to 11295
Skipped Seq from 11295 to 11297
Skipped Seq from 11297 to 11299
Skipped Seq from 11301 to 11303
Skipped Seq from 11303 to 11305
Skipped Seq from 11306 to 11308
Skipped Seq from 11313 to 11316
Skipped Seq from 11320 to 11322
Skipped Seq from 11322 to 11324
Skipped Seq from 11331 to 11334
Skipped Seq from 11337 to 11339
Skipped Seq from 11339 to 11341
Skipped Seq from 11341 to 11343
Skipped Seq from 11343 to 11345
Skipped Seq from 11345 to 11349
Skipped Seq from 11349 to 11351
Skipped Seq from 11354 to 11356
Skipped Seq from 11362 to 11364
Skipped Seq from 11366 to 11368
Skipped Seq from 11369 to 11371
Skipped Seq from 11374 to 11376
Skipped Seq from 11378 to 11380
Skipped Seq from 11382 to 11384
Skipped Seq from 11386 to 11388
Skipped Seq from 11389 to 11391
Skipped Seq from 11394 to 11397
Skipped Seq from 11400 to 11402
Skipped Seq from 11405 to 11407
Skipped Seq from 11408 to 11410
Skipped Seq from 11410 to 11412
Skipped Seq from 11415 to 11417
Skipped Seq from 11420 to 11422
Skipped Seq from 11423 to 11425
Skipped Seq from 11428 to 11430
Skipped Seq from 11431 to 11434
Skipped Seq from 11436 to 11439
Skipped Seq from 11440 to 11442
Skipped Seq from 11450 to 11453
Skipped Seq from 11456 to 11458
Skipped Seq from 11458 to 11461
Skipped Seq from 11463 to 11465
Skipped Seq from 11467 to 11469
Skipped Seq from 11471 to 11473
Skipped Seq from 11473 to 11475
Skipped Seq from 11476 to 11478
Skipped Seq from 11479 to 11481
Skipped Seq from 11481 to 11483
Skipped Seq from 11484 to 11487
Skipped Seq from 11487 to 11489
Skipped Seq from 11490 to 11492
Skipped Seq from 11496 to 11498
Skipped Seq from 11500 to 11502
Skipped Seq from 11509 to 11511
Skipped Seq from 11511 to 11513
Skipped Seq from 11514 to 11516
Skipped Seq from 11519 to 11521
Skipped Seq from 11522 to 11524
Skipped Seq from 11527 to 11529
Skipped Seq from 11530 to 11533
Skipped Seq from 11535 to 11537
Skipped Seq from 11540 to 11542
Skipped Seq from 11545 to 11547
Skipped Seq from 11549 to 11551
Skipped Seq from 11563 to 11565
Skipped Seq from 11572 to 11574
Skipped Seq from 11578 to 11580
Skipped Seq from 11581 to 11584
Skipped Seq from 11585 to 11587
Skipped Seq from 11588 to 11591
Skipped Seq from 11593 to 11596
Skipped Seq from 11599 to 11601
Skipped Seq from 11601 to 11603
Skipped Seq from 11604 to 11608
Skipped Seq from 11609 to 11613
Skipped Seq from 11614 to 11618
Skipped Seq from 11619 to 11621
Skipped Seq from 11621 to 11623
Skipped Seq from 11625 to 11627
Skipped Seq from 11628 to 11630
Skipped Seq from 11633 to 11636
Skipped Seq from 11638 to 11640
Skipped Seq from 11640 to 11642
Skipped Seq from 11642 to 11644
Skipped Seq from 11644 to 11646
Skipped Seq from 11650 to 11652
Skipped Seq from 11653 to 11655
Skipped Seq from 11655 to 11657
Skipped Seq from 11661 to 11665
Skipped Seq from 11667 to 11670
Skipped Seq from 11671 to 11673
Skipped Seq from 11676 to 11678
Skipped Seq from 11678 to 11680
Skipped Seq from 11680 to 11683
Skipped Seq from 11683 to 11685
Skipped Seq from 11685 to 11687
Skipped Seq from 11690 to 11693
Skipped Seq from 11694 to 11696
Skipped Seq from 11696 to 11698
Skipped Seq from 11698 to 11700
Skipped Seq from 11701 to 11703
Skipped Seq from 11706 to 11708
Skipped Seq from 11708 to 11710
Skipped Seq from 11723 to 11725
Skipped Seq from 11726 to 11729
Skipped Seq from 11731 to 11733
Skipped Seq from 11739 to 11741
Skipped Seq from 11741 to 11743
Skipped Seq from 11744 to 11747
Skipped Seq from 11748 to 11751
Skipped Seq from 11751 to 11755
Skipped Seq from 11756 to 11758
Skipped Seq from 11774 to 11776
Skipped Seq from 11777 to 11780
Skipped Seq from 11780 to 11784
Skipped Seq from 11784 to 11786
Skipped Seq from 11788 to 11790
Skipped Seq from 11792 to 11794
Skipped Seq from 11797 to 11799
Skipped Seq from 11799 to 11802
Skipped Seq from 11806 to 11808
Skipped Seq from 11809 to 11812
Skipped Seq from 11814 to 11816
Skipped Seq from 11817 to 11819
Skipped Seq from 11819 to 11821
Skipped Seq from 11824 to 11826
Skipped Seq from 11829 to 11831
Skipped Seq from 11835 to 11837
Skipped Seq from 11837 to 11839
Skipped Seq from 11847 to 11849
Skipped Seq from 11851 to 11853
Skipped Seq from 11853 to 11855
Skipped Seq from 11857 to 11859
Skipped Seq from 11860 to 11863
Skipped Seq from 11863 to 11865
Skipped Seq from 11870 to 11872
Skipped Seq from 11872 to 11874
Skipped Seq from 11877 to 11880
Skipped Seq from 11880 to 11882
Skipped Seq from 11882 to 11884
Skipped Seq from 11886 to 11888
Skipped Seq from 11890 to 11892
Skipped Seq from 11896 to 11899
Skipped Seq from 11900 to 11902
Skipped Seq from 11903 to 11906
Skipped Seq from 11907 to 11912
Skipped Seq from 11914 to 11916
Skipped Seq from 11916 to 11920
Skipped Seq from 11921 to 11926
Skipped Seq from 11926 to 11930
Skipped Seq from 11931 to 11934
Skipped Seq from 11938 to 11940
Skipped Seq from 11941 to 11943
Skipped Seq from 11945 to 11948
Skipped Seq from 11967 to 11970
Skipped Seq from 11971 to 11973
Skipped Seq from 11975 to 11977
Skipped Seq from 11980 to 11982
Skipped Seq from 11985 to 11987
Skipped Seq from 11988 to 11990
Skipped Seq from 11993 to 11995
Skipped Seq from 11996 to 11998
Skipped Seq from 11999 to 12001
Skipped Seq from 12003 to 12005
Skipped Seq from 12009 to 12012
Skipped Seq from 12015 to 12017
Skipped Seq from 12018 to 12020
Skipped Seq from 12020 to 12022
Skipped Seq from 12025 to 12027
Skipped Seq from 12028 to 12030
Skipped Seq from 12038 to 12040
Skipped Seq from 12041 to 12043
Skipped Seq from 12044 to 12046
Skipped Seq from 12046 to 12048
Skipped Seq from 12051 to 12055
Skipped Seq from 12055 to 12057
Skipped Seq from 12059 to 12061
Skipped Seq from 12062 to 12064
Skipped Seq from 12065 to 12068
Skipped Seq from 12070 to 12073
Skipped Seq from 12073 to 12075
Skipped Seq from 12075 to 12077
Skipped Seq from 12077 to 12079
Skipped Seq from 12079 to 12082
Skipped Seq from 12083 to 12085
Skipped Seq from 12085 to 12087
Skipped Seq from 12087 to 12090
Skipped Seq from 12092 to 12095
Skipped Seq from 12095 to 12098
Skipped Seq from 12098 to 12103
Skipped Seq from 12103 to 12105
Skipped Seq from 12109 to 12111
Skipped Seq from 12111 to 12114
Skipped Seq from 12117 to 12119
Skipped Seq from 12124 to 12128
Skipped Seq from 12128 to 12131
Skipped Seq from 12131 to 12134
Skipped Seq from 12134 to 12139
Skipped Seq from 12139 to 12147
Skipped Seq from 12149 to 12154
Skipped Seq from 12154 to 12158
Skipped Seq from 12158 to 12161
Skipped Seq from 12161 to 12163
Skipped Seq from 12164 to 12166
Skipped Seq from 12167 to 12169
Skipped Seq from 12169 to 12172
Skipped Seq from 12172 to 12175
Skipped Seq from 12175 to 12177
Skipped Seq from 12177 to 12185
Skipped Seq from 12185 to 12187
Skipped Seq from 12187 to 12189
Skipped Seq from 12191 to 12194
Skipped Seq from 12194 to 12196
Skipped Seq from 12196 to 12205
Skipped Seq from 12206 to 12209
Skipped Seq from 12209 to 12211
Skipped Seq from 12211 to 12216
Skipped Seq from 12216 to 12221
Skipped Seq from 12221 to 12224
Skipped Seq from 12225 to 12230
Skipped Seq from 12230 to 12232
Skipped Seq from 12232 to 12243
Skipped Seq from 12243 to 12246
Skipped Seq from 12246 to 12248
Skipped Seq from 12248 to 12250
Skipped Seq from 12251 to 12254
Skipped Seq from 12255 to 12257
Skipped Seq from 12257 to 12259
Skipped Seq from 12259 to 12264
Skipped Seq from 12265 to 12267
Skipped Seq from 12268 to 12270
Skipped Seq from 12271 to 12273
Skipped Seq from 12273 to 12276
Skipped Seq from 12276 to 12278
Skipped Seq from 12278 to 12281
Skipped Seq from 12281 to 12284
Skipped Seq from 12284 to 12286
Skipped Seq from 12286 to 12289
Skipped Seq from 12289 to 12293
Skipped Seq from 12294 to 12296
Skipped Seq from 12296 to 12299
Skipped Seq from 12299 to 12301
Skipped Seq from 12301 to 12304
Skipped Seq from 12307 to 12309
Skipped Seq from 12310 to 12315
Skipped Seq from 12315 to 12318
Skipped Seq from 12318 to 12323
Skipped Seq from 12324 to 12328
Skipped Seq from 12328 to 12330
Skipped Seq from 12333 to 12335
Skipped Seq from 12335 to 12337
Skipped Seq from 12339 to 12341
Skipped Seq from 12341 to 12344
Skipped Seq from 12345 to 12347
Skipped Seq from 12348 to 12350
Skipped Seq from 12350 to 12352
Skipped Seq from 12352 to 12354
Skipped Seq from 12355 to 12357
Skipped Seq from 12357 to 12359
Skipped Seq from 12359 to 12362
Skipped Seq from 12363 to 12365
Skipped Seq from 12365 to 12367
Skipped Seq from 12369 to 12371
Skipped Seq from 12374 to 12376
Skipped Seq from 12377 to 12379
Skipped Seq from 12379 to 12382
Skipped Seq from 12383 to 12387
Skipped Seq from 12387 to 12391
Skipped Seq from 12391 to 12394
Skipped Seq from 12394 to 12396
Skipped Seq from 12396 to 12404
Skipped Seq from 12405 to 12408
Skipped Seq from 12414 to 12416
Skipped Seq from 12419 to 12423
Skipped Seq from 12425 to 12428
Skipped Seq from 12428 to 12430
Skipped Seq from 12431 to 12433
Skipped Seq from 12437 to 12439
Skipped Seq from 12439 to 12441
Skipped Seq from 12441 to 12445
Skipped Seq from 12445 to 12453
Skipped Seq from 12453 to 12455
Skipped Seq from 12456 to 12458
Skipped Seq from 12461 to 12464
Skipped Seq from 12466 to 12469
Skipped Seq from 12472 to 12475
Skipped Seq from 12475 to 12478
Skipped Seq from 12479 to 12485
Skipped Seq from 12486 to 12488
Skipped Seq from 12489 to 12491
Skipped Seq from 12491 to 12495
Skipped Seq from 12496 to 12500
Skipped Seq from 12500 to 12502
Skipped Seq from 12503 to 12506
Skipped Seq from 12506 to 12509
Skipped Seq from 12510 to 12520
Skipped Seq from 12521 to 12526
Skipped Seq from 12527 to 12530
Skipped Seq from 12530 to 12533
Skipped Seq from 12534 to 12537
Skipped Seq from 12539 to 12541
Skipped Seq from 12541 to 12543
Skipped Seq from 12544 to 12546
Skipped Seq from 12547 to 12551
Skipped Seq from 12551 to 12553
Skipped Seq from 12553 to 12556
Skipped Seq from 12557 to 12560
Skipped Seq from 12560 to 12566
Skipped Seq from 12566 to 12568
Skipped Seq from 12568 to 12573
Skipped Seq from 12573 to 12575
Skipped Seq from 12575 to 12577
Skipped Seq from 12578 to 12580
Skipped Seq from 12580 to 12583
Skipped Seq from 12583 to 12585
Skipped Seq from 12585 to 12588
Skipped Seq from 12588 to 12591
Skipped Seq from 12592 to 12594
Skipped Seq from 12594 to 12598
Skipped Seq from 12598 to 12600
Skipped Seq from 12600 to 12604
Skipped Seq from 12604 to 12609
Skipped Seq from 12610 to 12614
Skipped Seq from 12614 to 12625
Skipped Seq from 12625 to 12627
Skipped Seq from 12627 to 12629
Skipped Seq from 12629 to 12632
Skipped Seq from 12632 to 12634
Skipped Seq from 12634 to 12637
Skipped Seq from 12637 to 12641
Skipped Seq from 12643 to 12653
Skipped Seq from 12653 to 12655
Skipped Seq from 12655 to 12657
Skipped Seq from 12657 to 12662
Skipped Seq from 12663 to 12665
Skipped Seq from 12665 to 12668
Skipped Seq from 12669 to 12674
Skipped Seq from 12676 to 12678
Skipped Seq from 12678 to 12680
Skipped Seq from 12682 to 12685
Skipped Seq from 12685 to 12688
Skipped Seq from 12688 to 12690
Skipped Seq from 12690 to 12693
Skipped Seq from 12693 to 12696
Skipped Seq from 12696 to 12698
Skipped Seq from 12698 to 12701
Skipped Seq from 12701 to 12703
Skipped Seq from 12703 to 12706
Skipped Seq from 12706 to 12708
Skipped Seq from 12708 to 12711
Skipped Seq from 12711 to 12717
Skipped Seq from 12718 to 12720
Skipped Seq from 12720 to 12722
Skipped Seq from 12722 to 12724
Skipped Seq from 12728 to 12730
Skipped Seq from 12730 to 12733
Skipped Seq from 12733 to 12735
Skipped Seq from 12736 to 12739
Skipped Seq from 12741 to 12743
Skipped Seq from 12751 to 12754
Skipped Seq from 12756 to 12758
Skipped Seq from 12760 to 12763
Skipped Seq from 12765 to 12769
Skipped Seq from 12773 to 12775
Skipped Seq from 12775 to 12778
Skipped Seq from 12778 to 12781
Skipped Seq from 12781 to 12784
Skipped Seq from 12784 to 12787
Skipped Seq from 12789 to 12791
Skipped Seq from 12794 to 12797
Skipped Seq from 12799 to 12804
Skipped Seq from 12805 to 12807
Skipped Seq from 12807 to 12809
Skipped Seq from 12813 to 12816
Skipped Seq from 12816 to 12819
Skipped Seq from 12819 to 12821
Skipped Seq from 12822 to 12824
Skipped Seq from 12824 to 12826
Skipped Seq from 12828 to 12830
Skipped Seq from 12833 to 12837
Skipped Seq from 12842 to 12844
Skipped Seq from 12845 to 12847
Skipped Seq from 12851 to 12854
Skipped Seq from 12857 to 12860
Skipped Seq from 12863 to 12865
Skipped Seq from 12868 to 12870
Skipped Seq from 12870 to 12874
Skipped Seq from 12875 to 12877
Skipped Seq from 12878 to 12880
Skipped Seq from 12881 to 12883
Skipped Seq from 12889 to 12891
Skipped Seq from 12891 to 12893
Skipped Seq from 12896 to 12899
Skipped Seq from 12902 to 12905
Skipped Seq from 12906 to 12908
Skipped Seq from 12910 to 12912
Skipped Seq from 12912 to 12915
Skipped Seq from 12918 to 12923
Skipped Seq from 12923 to 12925
Skipped Seq from 12927 to 12929
Skipped Seq from 12930 to 12932
Skipped Seq from 12932 to 12939
Skipped Seq from 12939 to 12942
Skipped Seq from 12942 to 12944
Skipped Seq from 12946 to 12948
Skipped Seq from 12949 to 12952
Skipped Seq from 12952 to 12955
Skipped Seq from 12956 to 12958
Skipped Seq from 12958 to 12960
Skipped Seq from 12961 to 12964
Skipped Seq from 12964 to 12966
Skipped Seq from 12966 to 12970
Skipped Seq from 12971 to 12974
Skipped Seq from 12974 to 12976
Skipped Seq from 12977 to 12979
Skipped Seq from 12979 to 12982
Skipped Seq from 12982 to 12987
Skipped Seq from 12987 to 12991
Skipped Seq from 12991 to 12993
Skipped Seq from 12993 to 12995
Skipped Seq from 12995 to 12997
Skipped Seq from 12999 to 13003
Skipped Seq from 13003 to 13005
Skipped Seq from 13005 to 13008
Skipped Seq from 13008 to 13011
Skipped Seq from 13011 to 13014
Skipped Seq from 13014 to 13017
Skipped Seq from 13021 to 13024
Skipped Seq from 13027 to 13029
Skipped Seq from 13029 to 13032
Skipped Seq from 13032 to 13035
Skipped Seq from 13036 to 13039
Skipped Seq from 13040 to 13042
Skipped Seq from 13047 to 13049
Skipped Seq from 13049 to 13052
Skipped Seq from 13053 to 13055
Skipped Seq from 13056 to 13058
Skipped Seq from 13059 to 13061
Skipped Seq from 13063 to 13065
Skipped Seq from 13065 to 13068
Skipped Seq from 13068 to 13075
Skipped Seq from 13076 to 13084
Skipped Seq from 13084 to 13088
Skipped Seq from 13088 to 13090
Skipped Seq from 13096 to 13098
Skipped Seq from 13098 to 13100
Skipped Seq from 13102 to 13104
Skipped Seq from 13105 to 13107
Skipped Seq from 13107 to 13110
Skipped Seq from 13110 to 13112
Skipped Seq from 13114 to 13117
Skipped Seq from 13117 to 13122
Skipped Seq from 13122 to 13124
Skipped Seq from 13127 to 13129
Skipped Seq from 13129 to 13134
Skipped Seq from 13134 to 13137
Skipped Seq from 13137 to 13141
Skipped Seq from 13141 to 13146
Skipped Seq from 13146 to 13149
Skipped Seq from 13149 to 13152
Skipped Seq from 13152 to 13159
Skipped Seq from 13159 to 13161
Skipped Seq from 13163 to 13165
Skipped Seq from 13169 to 13171
Skipped Seq from 13177 to 13179
Skipped Seq from 13183 to 13185
Skipped Seq from 13190 to 13192
Skipped Seq from 13198 to 13200
Skipped Seq from 13201 to 13203
Skipped Seq from 13206 to 13208
Skipped Seq from 13216 to 13218
Skipped Seq from 13220 to 13234
Skipped Seq from 13234 to 13240
Skipped Seq from 13240 to 13243
Skipped Seq from 13243 to 13247
Skipped Seq from 13247 to 13254
Skipped Seq from 13254 to 13261
Skipped Seq from 13261 to 13263
Skipped Seq from 13263 to 13268
Skipped Seq from 13268 to 13271
Skipped Seq from 13271 to 13276
Skipped Seq from 13278 to 13280
Skipped Seq from 13280 to 13283
Skipped Seq from 13283 to 13286
Skipped Seq from 13286 to 13289
Skipped Seq from 13290 to 13292
Skipped Seq from 13293 to 13297
Skipped Seq from 13297 to 13303
Skipped Seq from 13303 to 13305
Skipped Seq from 13307 to 13309
Skipped Seq from 13314 to 13316
Skipped Seq from 13322 to 13325
Skipped Seq from 13328 to 13332
Skipped Seq from 13332 to 13337
Skipped Seq from 13337 to 13342
Skipped Seq from 13343 to 13346
Skipped Seq from 13347 to 13350
Skipped Seq from 13350 to 13353
Skipped Seq from 13353 to 13357
Skipped Seq from 13358 to 13361
Skipped Seq from 13363 to 13367
Skipped Seq from 13368 to 13371
Skipped Seq from 13371 to 13374
Skipped Seq from 13374 to 13376
Skipped Seq from 13376 to 13379
Skipped Seq from 13379 to 13386
Skipped Seq from 13386 to 13389
Skipped Seq from 13389 to 13393
Skipped Seq from 13393 to 13395
Skipped Seq from 13396 to 13399
Skipped Seq from 13399 to 13401
Skipped Seq from 13402 to 13404
Skipped Seq from 13404 to 13406
Skipped Seq from 13407 to 13409
Skipped Seq from 13409 to 13411
Skipped Seq from 13415 to 13418
Skipped Seq from 13421 to 13423
Skipped Seq from 13426 to 13428
Skipped Seq from 13436 to 13440
Skipped Seq from 13441 to 13444
Skipped Seq from 13449 to 13451
Skipped Seq from 13457 to 13459
Skipped Seq from 13460 to 13462
Skipped Seq from 13464 to 13466
Skipped Seq from 13466 to 13469
Skipped Seq from 13482 to 13485
Skipped Seq from 13486 to 13489
Skipped Seq from 13489 to 13492
Skipped Seq from 13493 to 13497
Skipped Seq from 13497 to 13500
Skipped Seq from 13502 to 13504
Skipped Seq from 13505 to 13507
Skipped Seq from 13507 to 13511
Skipped Seq from 13511 to 13513
Skipped Seq from 13519 to 13521
Skipped Seq from 13526 to 13528
Skipped Seq from 13531 to 13533
Skipped Seq from 13542 to 13544
Skipped Seq from 13552 to 13554
Skipped Seq from 13566 to 13568
Skipped Seq from 13569 to 13571
Skipped Seq from 13571 to 13574
Skipped Seq from 13575 to 13577
Skipped Seq from 13577 to 13579
Skipped Seq from 13585 to 13587
Skipped Seq from 13587 to 13589
Skipped Seq from 13589 to 13591
Skipped Seq from 13592 to 13594
Skipped Seq from 13594 to 13596
Skipped Seq from 13598 to 13600
Skipped Seq from 13602 to 13607
Skipped Seq from 13610 to 13612
Skipped Seq from 13614 to 13617
Skipped Seq from 13617 to 13619
Skipped Seq from 13621 to 13624
Skipped Seq from 13624 to 13626
Skipped Seq from 13628 to 13630
Skipped Seq from 13630 to 13632
Skipped Seq from 13635 to 13638
Skipped Seq from 13638 to 13640
Skipped Seq from 13641 to 13643
Skipped Seq from 13643 to 13646
Skipped Seq from 13649 to 13653
Skipped Seq from 13653 to 13659
Skipped Seq from 13660 to 13664
Skipped Seq from 13664 to 13667
Skipped Seq from 13671 to 13674
Skipped Seq from 13681 to 13683
Skipped Seq from 13705 to 13707
Skipped Seq from 13707 to 13709
Skipped Seq from 13719 to 13722
Skipped Seq from 13723 to 13725
Skipped Seq from 13726 to 13729
Skipped Seq from 13730 to 13732
Skipped Seq from 13733 to 13735
Skipped Seq from 13739 to 13747
Skipped Seq from 13747 to 13750
Skipped Seq from 13764 to 13766
Skipped Seq from 13766 to 13768
Skipped Seq from 13768 to 13770
Skipped Seq from 13770 to 13772
Skipped Seq from 13784 to 13787
Skipped Seq from 13788 to 13790
Skipped Seq from 13790 to 13792
Skipped Seq from 13793 to 13801
Skipped Seq from 13801 to 13804
Skipped Seq from 13806 to 13808
Skipped Seq from 13808 to 13810
Skipped Seq from 13816 to 13818
Skipped Seq from 13819 to 13822
Skipped Seq from 13825 to 13827
Skipped Seq from 13827 to 13829
Skipped Seq from 13840 to 13843
Skipped Seq from 13844 to 13846
Skipped Seq from 13846 to 13850
Skipped Seq from 13851 to 13853
Skipped Seq from 13854 to 13857
Skipped Seq from 13857 to 13859
Skipped Seq from 13861 to 13863
Skipped Seq from 13864 to 13866
Skipped Seq from 13866 to 13868
Number of times throttled: 11
Received: 12406 / 14554 packets
Start time: 1332835248.249121
End time: 1332835288.985553
Duration: 40.736432
