Starting client at 10.0.0.15:1243 with timeout:10
My IP address is 10.0.0.15Skipped Seq from 120 to 124
Skipped Seq from 125 to 127
Skipped Seq from 129 to 131
Skipped Seq from 138 to 140
Skipped Seq from 143 to 148
Skipped Seq from 148 to 150
Skipped Seq from 151 to 153
Skipped Seq from 154 to 159
Skipped Seq from 160 to 162
Skipped Seq from 165 to 169
Skipped Seq from 170 to 172
Skipped Seq from 172 to 174
Skipped Seq from 179 to 181
Skipped Seq from 184 to 186
Skipped Seq from 186 to 188
Skipped Seq from 193 to 197
Skipped Seq from 197 to 199
Skipped Seq from 200 to 203
Skipped Seq from 205 to 208
Skipped Seq from 211 to 213
Skipped Seq from 213 to 217
Skipped Seq from 217 to 219
Skipped Seq from 221 to 223
Skipped Seq from 223 to 226
Skipped Seq from 226 to 229
Skipped Seq from 231 to 233
Skipped Seq from 233 to 237
Skipped Seq from 246 to 249
Skipped Seq from 250 to 252
Skipped Seq from 252 to 255
Skipped Seq from 269 to 271
Skipped Seq from 280 to 282
Skipped Seq from 283 to 286
Skipped Seq from 287 to 289
Skipped Seq from 497 to 499
Skipped Seq from 503 to 505
Skipped Seq from 507 to 510
Skipped Seq from 511 to 513
Skipped Seq from 517 to 520
Skipped Seq from 522 to 524
Skipped Seq from 525 to 527
Skipped Seq from 527 to 531
Skipped Seq from 531 to 533
Skipped Seq from 534 to 537
Skipped Seq from 566 to 569
Skipped Seq from 572 to 575
Skipped Seq from 576 to 579
Skipped Seq from 579 to 581
Skipped Seq from 581 to 583
Skipped Seq from 584 to 586
Skipped Seq from 601 to 604
Skipped Seq from 604 to 610
Skipped Seq from 615 to 617
Skipped Seq from 624 to 626
Skipped Seq from 626 to 628
Skipped Seq from 634 to 636
Skipped Seq from 641 to 650
Skipped Seq from 653 to 655
Skipped Seq from 655 to 657
Skipped Seq from 658 to 662
Skipped Seq from 664 to 666
Skipped Seq from 670 to 673
Skipped Seq from 674 to 676
Skipped Seq from 683 to 685
Skipped Seq from 689 to 691
Skipped Seq from 691 to 695
Skipped Seq from 695 to 697
Skipped Seq from 702 to 704
Skipped Seq from 704 to 707
Skipped Seq from 708 to 710
Skipped Seq from 710 to 713
Skipped Seq from 717 to 720
Skipped Seq from 721 to 723
Skipped Seq from 726 to 728
Skipped Seq from 728 to 732
Skipped Seq from 738 to 742
Skipped Seq from 745 to 747
Skipped Seq from 747 to 757
Skipped Seq from 758 to 762
Skipped Seq from 762 to 767
Skipped Seq from 767 to 769
Skipped Seq from 789 to 793
Skipped Seq from 793 to 798
Skipped Seq from 798 to 802
Skipped Seq from 803 to 806
Skipped Seq from 807 to 809
Skipped Seq from 811 to 814
Skipped Seq from 816 to 822
Skipped Seq from 822 to 825
Skipped Seq from 828 to 830
Skipped Seq from 830 to 832
Skipped Seq from 833 to 836
Skipped Seq from 840 to 843
Skipped Seq from 851 to 853
Skipped Seq from 853 to 855
Skipped Seq from 856 to 859
Skipped Seq from 860 to 863
Skipped Seq from 863 to 865
Skipped Seq from 866 to 869
Skipped Seq from 871 to 873
Skipped Seq from 874 to 876
Skipped Seq from 879 to 882
Skipped Seq from 882 to 884
Skipped Seq from 888 to 891
Skipped Seq from 893 to 895
Skipped Seq from 898 to 900
Skipped Seq from 900 to 903
Skipped Seq from 905 to 907
Skipped Seq from 908 to 912
Skipped Seq from 917 to 919
Skipped Seq from 921 to 923
Skipped Seq from 934 to 936
Skipped Seq from 938 to 941
Skipped Seq from 945 to 948
Skipped Seq from 950 to 952
Skipped Seq from 958 to 960
Skipped Seq from 960 to 963
Skipped Seq from 963 to 965
Skipped Seq from 966 to 968
Skipped Seq from 971 to 974
Skipped Seq from 976 to 978
Skipped Seq from 981 to 983
Skipped Seq from 983 to 985
Skipped Seq from 985 to 987
Skipped Seq from 989 to 993
Skipped Seq from 996 to 998
Skipped Seq from 1000 to 1002
Skipped Seq from 1007 to 1012
Skipped Seq from 1015 to 1017
Skipped Seq from 1018 to 1020
Skipped Seq from 1022 to 1024
Skipped Seq from 1024 to 1026
Skipped Seq from 1027 to 1030
Skipped Seq from 1035 to 1038
Skipped Seq from 1040 to 1043
Skipped Seq from 1043 to 1046
Skipped Seq from 1048 to 1050
Number of times throttled: 2
Received: 810 / 1052 packets
Start time: 1332835403.083100
End time: 1332835407.037746
Duration: 3.954646
