Starting client at 10.0.0.23:1288 with timeout:10
My IP address is 10.0.0.23Skipped Seq from 12883 to 12885
Skipped Seq from 12888 to 12890
Skipped Seq from 12894 to 12896
Skipped Seq from 12898 to 12900
Skipped Seq from 12903 to 12908
Skipped Seq from 12908 to 12914
Skipped Seq from 12914 to 12918
Skipped Seq from 12918 to 12923
Skipped Seq from 12923 to 12930
Skipped Seq from 12930 to 12943
Skipped Seq from 12943 to 12951
Skipped Seq from 12951 to 12965
Skipped Seq from 12965 to 12969
Skipped Seq from 12972 to 12977
Skipped Seq from 12977 to 12979
Skipped Seq from 12981 to 12984
Skipped Seq from 12986 to 12990
Skipped Seq from 12990 to 12996
Skipped Seq from 12997 to 13003
Skipped Seq from 13003 to 13005
Skipped Seq from 13011 to 13015
Skipped Seq from 13017 to 13020
Skipped Seq from 13025 to 13027
Skipped Seq from 13032 to 13034
Skipped Seq from 13038 to 13040
Skipped Seq from 13043 to 13047
Skipped Seq from 13049 to 13051
Skipped Seq from 13051 to 13054
Skipped Seq from 13055 to 13057
Skipped Seq from 13058 to 13062
Skipped Seq from 13062 to 13069
Skipped Seq from 13069 to 13076
Skipped Seq from 13078 to 13082
Skipped Seq from 13083 to 13090
Skipped Seq from 13091 to 13098
Skipped Seq from 13098 to 13102
Skipped Seq from 13102 to 13104
Skipped Seq from 13105 to 13109
Skipped Seq from 13110 to 13112
Skipped Seq from 13116 to 13118
Skipped Seq from 13118 to 13122
Skipped Seq from 13123 to 13125
Skipped Seq from 13125 to 13131
Skipped Seq from 13131 to 13135
Skipped Seq from 13135 to 13138
Skipped Seq from 13139 to 13144
Skipped Seq from 13145 to 13147
Skipped Seq from 13147 to 13151
Skipped Seq from 13152 to 13155
Skipped Seq from 13159 to 13162
Skipped Seq from 13163 to 13165
Skipped Seq from 13165 to 13167
Skipped Seq from 13169 to 13174
Skipped Seq from 13175 to 13177
Skipped Seq from 13177 to 13179
Skipped Seq from 13179 to 13181
Skipped Seq from 13186 to 13189
Skipped Seq from 13191 to 13194
Skipped Seq from 13199 to 13201
Skipped Seq from 13206 to 13214
Skipped Seq from 13214 to 13216
Skipped Seq from 13218 to 13222
Skipped Seq from 13223 to 13229
Skipped Seq from 13229 to 13235
Skipped Seq from 13236 to 13239
Skipped Seq from 13239 to 13244
Skipped Seq from 13252 to 13255
Skipped Seq from 13258 to 13262
Skipped Seq from 13263 to 13265
Skipped Seq from 13267 to 13269
Skipped Seq from 13270 to 13281
Skipped Seq from 13281 to 13286
Skipped Seq from 13286 to 13290
Skipped Seq from 13291 to 13293
Skipped Seq from 13295 to 13297
Skipped Seq from 13299 to 13301
Skipped Seq from 13305 to 13307
Skipped Seq from 13317 to 13319
Skipped Seq from 13321 to 13323
Skipped Seq from 13325 to 13327
Skipped Seq from 13329 to 13332
Skipped Seq from 13332 to 13335
Skipped Seq from 13335 to 13342
Skipped Seq from 13342 to 13345
Skipped Seq from 13345 to 13348
Skipped Seq from 13349 to 13353
Skipped Seq from 13355 to 13357
Skipped Seq from 13362 to 13364
Skipped Seq from 13366 to 13368
Skipped Seq from 13368 to 13370
Skipped Seq from 13374 to 13376
Skipped Seq from 13379 to 13384
Skipped Seq from 13385 to 13387
Skipped Seq from 13388 to 13391
Skipped Seq from 13391 to 13393
Skipped Seq from 13393 to 13396
Skipped Seq from 13397 to 13404
Skipped Seq from 13405 to 13410
Skipped Seq from 13414 to 13418
Skipped Seq from 13419 to 13421
Skipped Seq from 13421 to 13425
Skipped Seq from 13425 to 13427
Skipped Seq from 13427 to 13432
Skipped Seq from 13432 to 13434
Skipped Seq from 13434 to 13439
Skipped Seq from 13442 to 13446
Skipped Seq from 13446 to 13448
Skipped Seq from 13451 to 13457
Skipped Seq from 13459 to 13464
Skipped Seq from 13464 to 13466
Skipped Seq from 13470 to 13472
Skipped Seq from 13472 to 13478
Skipped Seq from 13478 to 13481
Skipped Seq from 13481 to 13483
Skipped Seq from 13484 to 13490
Skipped Seq from 13491 to 13495
Skipped Seq from 13495 to 13498
Skipped Seq from 13499 to 13503
Skipped Seq from 13504 to 13506
Skipped Seq from 13510 to 13512
Skipped Seq from 13512 to 13520
Skipped Seq from 13520 to 13525
Skipped Seq from 13525 to 13537
Skipped Seq from 13537 to 13544
Skipped Seq from 13545 to 13549
Skipped Seq from 13550 to 13552
Skipped Seq from 13552 to 13557
Skipped Seq from 13559 to 13562
Skipped Seq from 13563 to 13565
Skipped Seq from 13568 to 13570
Skipped Seq from 13571 to 13573
Skipped Seq from 13580 to 13582
Skipped Seq from 13583 to 13591
Skipped Seq from 13591 to 13594
Skipped Seq from 13597 to 13601
Skipped Seq from 13606 to 13611
Skipped Seq from 13614 to 13616
Skipped Seq from 13616 to 13619
Skipped Seq from 13620 to 13622
Skipped Seq from 13625 to 13629
Skipped Seq from 13629 to 13636
Skipped Seq from 13637 to 13644
Skipped Seq from 13645 to 13651
Skipped Seq from 13651 to 13657
Skipped Seq from 13657 to 13662
Skipped Seq from 13664 to 13666
Skipped Seq from 13671 to 13676
Skipped Seq from 13678 to 13680
Skipped Seq from 13681 to 13684
Skipped Seq from 13684 to 13686
Skipped Seq from 13690 to 13692
Skipped Seq from 13692 to 13694
Skipped Seq from 13696 to 13699
Skipped Seq from 13702 to 13704
Skipped Seq from 13704 to 13706
Skipped Seq from 13706 to 13708
Skipped Seq from 13709 to 13711
Skipped Seq from 13713 to 13717
Skipped Seq from 13720 to 13722
Skipped Seq from 13726 to 13729
Skipped Seq from 13731 to 13733
Skipped Seq from 13735 to 13738
Skipped Seq from 13739 to 13741
Skipped Seq from 13749 to 13751
Skipped Seq from 13755 to 13757
Skipped Seq from 13758 to 13761
Skipped Seq from 13763 to 13765
Skipped Seq from 13766 to 13769
Skipped Seq from 13773 to 13776
Skipped Seq from 13777 to 13785
Skipped Seq from 13785 to 13789
Skipped Seq from 13790 to 13795
Skipped Seq from 13795 to 13798
Skipped Seq from 13798 to 13801
Skipped Seq from 13801 to 13804
Skipped Seq from 13805 to 13807
Skipped Seq from 13808 to 13814
Skipped Seq from 13814 to 13819
Skipped Seq from 13819 to 13823
Skipped Seq from 13828 to 13831
Skipped Seq from 13831 to 13833
Skipped Seq from 13836 to 13840
Skipped Seq from 13840 to 13847
Skipped Seq from 13847 to 13850
Skipped Seq from 13850 to 13852
Skipped Seq from 13852 to 13854
Skipped Seq from 13854 to 13858
Skipped Seq from 13859 to 13864
Skipped Seq from 13864 to 13866
Skipped Seq from 13867 to 13870
Skipped Seq from 13871 to 13877
Skipped Seq from 13878 to 13881
Skipped Seq from 13883 to 13885
Skipped Seq from 13890 to 13892
Skipped Seq from 13895 to 13898
Skipped Seq from 13905 to 13907
Skipped Seq from 13910 to 13912
Skipped Seq from 13914 to 13922
Skipped Seq from 13922 to 13924
Skipped Seq from 13927 to 13930
Skipped Seq from 13934 to 13938
Skipped Seq from 13940 to 13942
Skipped Seq from 13942 to 13944
Skipped Seq from 13945 to 13947
Skipped Seq from 13950 to 13952
Skipped Seq from 13952 to 13954
Skipped Seq from 13957 to 13959
Skipped Seq from 13961 to 13963
Skipped Seq from 13967 to 13970
Skipped Seq from 13970 to 13972
Skipped Seq from 13972 to 13975
Skipped Seq from 13981 to 13987
Skipped Seq from 13989 to 13999
Skipped Seq from 13999 to 14004
Skipped Seq from 14007 to 14010
Skipped Seq from 14012 to 14015
Skipped Seq from 14015 to 14020
Skipped Seq from 14020 to 14025
Skipped Seq from 14025 to 14031
Skipped Seq from 14031 to 14035
Skipped Seq from 14037 to 14039
Skipped Seq from 14040 to 14050
Skipped Seq from 14052 to 14055
Skipped Seq from 14060 to 14062
Skipped Seq from 14062 to 14065
Skipped Seq from 14067 to 14069
Skipped Seq from 14069 to 14072
Skipped Seq from 14073 to 14075
Skipped Seq from 14077 to 14079
Skipped Seq from 14079 to 14081
Skipped Seq from 14085 to 14091
Skipped Seq from 14094 to 14101
Skipped Seq from 14103 to 14105
Skipped Seq from 14106 to 14114
Skipped Seq from 14117 to 14121
Skipped Seq from 14122 to 14124
Skipped Seq from 14128 to 14130
Skipped Seq from 14132 to 14134
Skipped Seq from 14143 to 14145
Skipped Seq from 14145 to 14150
Skipped Seq from 14153 to 14158
Skipped Seq from 14159 to 14162
Skipped Seq from 14162 to 14165
Skipped Seq from 14167 to 14169
Skipped Seq from 14170 to 14172
Skipped Seq from 14172 to 14175
Skipped Seq from 14178 to 14181
Skipped Seq from 14182 to 14189
Skipped Seq from 14189 to 14194
Skipped Seq from 14195 to 14197
Skipped Seq from 14198 to 14202
Skipped Seq from 14202 to 14204
Skipped Seq from 14206 to 14214
Skipped Seq from 14218 to 14222
Skipped Seq from 14224 to 14233
Skipped Seq from 14233 to 14235
Skipped Seq from 14238 to 14245
Skipped Seq from 14249 to 14256
Skipped Seq from 14256 to 14260
Skipped Seq from 14260 to 14266
Skipped Seq from 14269 to 14275
Skipped Seq from 14277 to 14285
Skipped Seq from 14287 to 14289
Skipped Seq from 14290 to 14298
Skipped Seq from 14298 to 14300
Skipped Seq from 14301 to 14303
Skipped Seq from 14303 to 14305
Skipped Seq from 14306 to 14308
Skipped Seq from 14309 to 14313
Skipped Seq from 14315 to 14317
Skipped Seq from 14319 to 14321
Skipped Seq from 14321 to 14323
Skipped Seq from 14324 to 14331
Skipped Seq from 14332 to 14334
Skipped Seq from 14335 to 14339
Skipped Seq from 14344 to 14346
Skipped Seq from 14346 to 14350
Skipped Seq from 14350 to 14352
Skipped Seq from 14352 to 14354
Skipped Seq from 14356 to 14359
Skipped Seq from 14359 to 14361
Skipped Seq from 14366 to 14368
Skipped Seq from 14377 to 14379
Skipped Seq from 14379 to 14384
Skipped Seq from 14384 to 14386
Skipped Seq from 14391 to 14396
Skipped Seq from 14400 to 14402
Skipped Seq from 14404 to 14406
Skipped Seq from 14406 to 14408
Skipped Seq from 14409 to 14411
Skipped Seq from 14414 to 14417
Skipped Seq from 14423 to 14426
Skipped Seq from 14431 to 14433
Skipped Seq from 14433 to 14436
Skipped Seq from 14438 to 14440
Skipped Seq from 14446 to 14448
Skipped Seq from 14449 to 14451
Skipped Seq from 14453 to 14455
Skipped Seq from 14455 to 14457
Skipped Seq from 14457 to 14459
Skipped Seq from 14459 to 14461
Skipped Seq from 14462 to 14475
Skipped Seq from 14475 to 14481
Skipped Seq from 14481 to 14483
Skipped Seq from 14487 to 14489
Skipped Seq from 14489 to 14493
Skipped Seq from 14495 to 14497
Skipped Seq from 14499 to 14501
Skipped Seq from 14501 to 14503
Skipped Seq from 14503 to 14505
Skipped Seq from 14513 to 14515
Skipped Seq from 14516 to 14518
Skipped Seq from 14522 to 14524
Skipped Seq from 14527 to 14530
Skipped Seq from 14530 to 14532
Skipped Seq from 14534 to 14538
Skipped Seq from 14538 to 14543
Skipped Seq from 14543 to 14547
Skipped Seq from 14547 to 14553
Skipped Seq from 14554 to 14556
Skipped Seq from 14556 to 14560
Skipped Seq from 14561 to 14563
Skipped Seq from 14564 to 14570
Skipped Seq from 14570 to 14573
Skipped Seq from 14577 to 14579
Skipped Seq from 14585 to 14587
Skipped Seq from 14587 to 14589
Skipped Seq from 14591 to 14594
Skipped Seq from 14597 to 14600
Skipped Seq from 14602 to 14604
Skipped Seq from 14611 to 14613
Skipped Seq from 14619 to 14621
Skipped Seq from 14625 to 14627
Skipped Seq from 14632 to 14634
Skipped Seq from 14641 to 14643
Skipped Seq from 14654 to 14658
Skipped Seq from 14666 to 14668
Skipped Seq from 14669 to 14672
Skipped Seq from 14676 to 14679
Skipped Seq from 14680 to 14682
Skipped Seq from 14683 to 14685
Skipped Seq from 14686 to 14688
Skipped Seq from 14688 to 14690
Skipped Seq from 14691 to 14696
Skipped Seq from 14698 to 14701
Skipped Seq from 14704 to 14706
Skipped Seq from 14711 to 14713
Skipped Seq from 14713 to 14715
Skipped Seq from 14716 to 14718
Skipped Seq from 14719 to 14721
Skipped Seq from 14724 to 14732
Skipped Seq from 14733 to 14740
Skipped Seq from 14740 to 14748
Skipped Seq from 14753 to 14757
Skipped Seq from 14763 to 14765
Skipped Seq from 14767 to 14769
Skipped Seq from 14769 to 14778
Skipped Seq from 14779 to 14804
Skipped Seq from 14804 to 14808
Skipped Seq from 14810 to 14812
Skipped Seq from 14812 to 14819
Skipped Seq from 14819 to 14822
Skipped Seq from 14822 to 14831
Skipped Seq from 14831 to 14834
Skipped Seq from 14834 to 14836
Skipped Seq from 14836 to 14843
Skipped Seq from 14843 to 14848
Skipped Seq from 14851 to 14853
Skipped Seq from 14854 to 14857
Skipped Seq from 14858 to 14860
Skipped Seq from 14864 to 14866
Skipped Seq from 14867 to 14871
Skipped Seq from 14876 to 14878
Skipped Seq from 14880 to 14885
Skipped Seq from 14886 to 14888
Skipped Seq from 14890 to 14894
Skipped Seq from 14894 to 14899
Skipped Seq from 14902 to 14910
Skipped Seq from 14913 to 14915
Skipped Seq from 14917 to 14923
Skipped Seq from 14927 to 14929
Skipped Seq from 14930 to 14934
Skipped Seq from 14934 to 14936
Skipped Seq from 14939 to 14941
Skipped Seq from 14942 to 14946
Skipped Seq from 14948 to 14950
Skipped Seq from 14950 to 14959
Skipped Seq from 14959 to 14961
Skipped Seq from 14961 to 14967
Skipped Seq from 14967 to 14969
Skipped Seq from 14971 to 14973
Skipped Seq from 14973 to 14979
Skipped Seq from 14980 to 14982
Skipped Seq from 14983 to 14999
Skipped Seq from 14999 to 15002
Skipped Seq from 15004 to 15006
Skipped Seq from 15020 to 15024
Skipped Seq from 15024 to 15026
Skipped Seq from 15030 to 15033
Skipped Seq from 15038 to 15042
Skipped Seq from 15045 to 15047
Skipped Seq from 15050 to 15052
Skipped Seq from 15053 to 15055
Skipped Seq from 15056 to 15058
Skipped Seq from 15064 to 15067
Skipped Seq from 15069 to 15072
Skipped Seq from 15072 to 15074
Skipped Seq from 15075 to 15077
Skipped Seq from 15078 to 15082
Skipped Seq from 15089 to 15091
Skipped Seq from 15096 to 15099
Skipped Seq from 15103 to 15107
Skipped Seq from 15113 to 15115
Skipped Seq from 15115 to 15117
Skipped Seq from 15121 to 15123
Skipped Seq from 15129 to 15131
Skipped Seq from 15140 to 15145
Skipped Seq from 15145 to 15147
Skipped Seq from 15159 to 15162
Skipped Seq from 15163 to 15178
Skipped Seq from 15180 to 15183
Skipped Seq from 15184 to 15186
Skipped Seq from 15187 to 15192
Skipped Seq from 15195 to 15199
Skipped Seq from 15204 to 15208
Skipped Seq from 15216 to 15218
Skipped Seq from 15218 to 15221
Skipped Seq from 15221 to 15224
Skipped Seq from 15225 to 15231
Skipped Seq from 15231 to 15233
Skipped Seq from 15233 to 15235
Skipped Seq from 15235 to 15237
Skipped Seq from 15238 to 15244
Skipped Seq from 15244 to 15246
Skipped Seq from 15246 to 15250
Skipped Seq from 15251 to 15254
Skipped Seq from 15254 to 15257
Skipped Seq from 15257 to 15260
Skipped Seq from 15266 to 15268
Skipped Seq from 15447 to 15451
Number of times throttled: 5
Received: 26829 / 27986 packets
Start time: 1332836937.531550
End time: 1332837017.201072
Duration: 79.669522
