Starting client at 10.0.0.16:1268 with timeout:10
My IP address is 10.0.0.16Skipped Seq from 735 to 741
Skipped Seq from 741 to 748
Skipped Seq from 748 to 750
Skipped Seq from 751 to 754
Skipped Seq from 754 to 756
Skipped Seq from 756 to 758
Skipped Seq from 759 to 763
Skipped Seq from 763 to 765
Skipped Seq from 770 to 775
Skipped Seq from 776 to 780
Skipped Seq from 780 to 787
Skipped Seq from 788 to 795
Skipped Seq from 795 to 797
Skipped Seq from 798 to 802
Skipped Seq from 802 to 805
Skipped Seq from 805 to 811
Skipped Seq from 811 to 813
Skipped Seq from 815 to 817
Skipped Seq from 820 to 822
Skipped Seq from 823 to 825
Skipped Seq from 829 to 831
Skipped Seq from 834 to 836
Skipped Seq from 836 to 838
Skipped Seq from 842 to 846
Skipped Seq from 848 to 851
Skipped Seq from 853 to 855
Skipped Seq from 858 to 860
Skipped Seq from 860 to 864
Skipped Seq from 865 to 867
Skipped Seq from 867 to 869
Skipped Seq from 875 to 879
Skipped Seq from 881 to 886
Skipped Seq from 886 to 888
Skipped Seq from 893 to 897
Skipped Seq from 900 to 902
Skipped Seq from 908 to 910
Skipped Seq from 911 to 913
Skipped Seq from 914 to 916
Skipped Seq from 916 to 918
Skipped Seq from 918 to 928
Skipped Seq from 931 to 939
Skipped Seq from 939 to 942
Skipped Seq from 942 to 946
Skipped Seq from 946 to 949
Skipped Seq from 949 to 951
Skipped Seq from 952 to 955
Skipped Seq from 957 to 960
Skipped Seq from 965 to 967
Skipped Seq from 972 to 974
Skipped Seq from 975 to 977
Skipped Seq from 977 to 979
Skipped Seq from 982 to 984
Skipped Seq from 988 to 990
Skipped Seq from 991 to 994
Skipped Seq from 996 to 998
Skipped Seq from 1000 to 1002
Skipped Seq from 1003 to 1005
Skipped Seq from 1010 to 1012
Skipped Seq from 1015 to 1018
Skipped Seq from 1018 to 1020
Skipped Seq from 1021 to 1023
Skipped Seq from 1023 to 1025
Skipped Seq from 1025 to 1031
Skipped Seq from 1031 to 1033
Skipped Seq from 1033 to 1039
Skipped Seq from 1042 to 1046
Skipped Seq from 1050 to 1052
Skipped Seq from 1056 to 1058
Skipped Seq from 1060 to 1062
Skipped Seq from 1064 to 1066
Skipped Seq from 1067 to 1069
Skipped Seq from 1069 to 1073
Skipped Seq from 1074 to 1076
Skipped Seq from 1076 to 1082
Skipped Seq from 1085 to 1094
Skipped Seq from 1094 to 1110
Skipped Seq from 1110 to 1112
Skipped Seq from 1113 to 1115
Skipped Seq from 1116 to 1118
Skipped Seq from 1121 to 1123
Skipped Seq from 1123 to 1126
Skipped Seq from 1128 to 1130
Skipped Seq from 1140 to 1143
Skipped Seq from 1143 to 1145
Skipped Seq from 1149 to 1153
Skipped Seq from 1155 to 1157
Skipped Seq from 1157 to 1162
Skipped Seq from 1162 to 1164
Skipped Seq from 1167 to 1173
Skipped Seq from 1175 to 1181
Skipped Seq from 1183 to 1185
Skipped Seq from 1190 to 1192
Skipped Seq from 1195 to 1205
Skipped Seq from 1205 to 1209
Skipped Seq from 1209 to 1216
Skipped Seq from 1216 to 1218
Skipped Seq from 1218 to 1224
Skipped Seq from 1226 to 1228
Skipped Seq from 1229 to 1231
Skipped Seq from 1233 to 1235
Skipped Seq from 1236 to 1238
Skipped Seq from 1238 to 1245
Skipped Seq from 1246 to 1248
Skipped Seq from 1250 to 1252
Skipped Seq from 1253 to 1256
Skipped Seq from 1256 to 1263
Skipped Seq from 1263 to 1273
Skipped Seq from 1277 to 1279
Skipped Seq from 1279 to 1281
Skipped Seq from 1281 to 1285
Skipped Seq from 1285 to 1292
Skipped Seq from 1299 to 1301
Skipped Seq from 1304 to 1309
Skipped Seq from 1311 to 1317
Skipped Seq from 1317 to 1319
Skipped Seq from 1321 to 1324
Skipped Seq from 1324 to 1326
Skipped Seq from 1328 to 1332
Skipped Seq from 1335 to 1339
Skipped Seq from 1341 to 1343
Skipped Seq from 1343 to 1345
Skipped Seq from 1350 to 1357
Skipped Seq from 1357 to 1359
Skipped Seq from 1359 to 1365
Skipped Seq from 1365 to 1367
Skipped Seq from 1368 to 1375
Skipped Seq from 1375 to 1377
Skipped Seq from 1378 to 1382
Skipped Seq from 1382 to 1389
Skipped Seq from 1390 to 1393
Skipped Seq from 1395 to 1398
Skipped Seq from 1401 to 1403
Skipped Seq from 1410 to 1417
Skipped Seq from 1417 to 1421
Skipped Seq from 1422 to 1425
Skipped Seq from 1426 to 1428
Skipped Seq from 1428 to 1431
Skipped Seq from 1431 to 1439
Skipped Seq from 1440 to 1448
Skipped Seq from 1448 to 1453
Skipped Seq from 1455 to 1459
Skipped Seq from 1459 to 1466
Skipped Seq from 1467 to 1472
Skipped Seq from 1473 to 1478
Skipped Seq from 1478 to 1480
Skipped Seq from 1480 to 1486
Skipped Seq from 1487 to 1489
Skipped Seq from 1489 to 1493
Skipped Seq from 1494 to 1496
Skipped Seq from 1499 to 1501
Skipped Seq from 1501 to 1505
Skipped Seq from 1505 to 1507
Skipped Seq from 1510 to 1512
Skipped Seq from 1512 to 1517
Skipped Seq from 1520 to 1525
Skipped Seq from 1526 to 1529
Skipped Seq from 1531 to 1533
Skipped Seq from 1534 to 1536
Skipped Seq from 1537 to 1539
Skipped Seq from 1539 to 1545
Skipped Seq from 1546 to 1551
Skipped Seq from 1551 to 1553
Skipped Seq from 1554 to 1558
Skipped Seq from 1561 to 1567
Skipped Seq from 1567 to 1573
Skipped Seq from 1573 to 1580
Skipped Seq from 1582 to 1584
Skipped Seq from 1584 to 1586
Skipped Seq from 1586 to 1589
Skipped Seq from 1590 to 1594
Skipped Seq from 1595 to 1597
Skipped Seq from 1599 to 1602
Skipped Seq from 1604 to 1607
Skipped Seq from 1607 to 1609
Skipped Seq from 1611 to 1613
Skipped Seq from 1613 to 1615
Skipped Seq from 1615 to 1617
Skipped Seq from 1618 to 1620
Skipped Seq from 1621 to 1627
Skipped Seq from 1627 to 1629
Skipped Seq from 1629 to 1631
Skipped Seq from 1637 to 1642
Skipped Seq from 1642 to 1644
Skipped Seq from 1647 to 1651
Skipped Seq from 1651 to 1653
Skipped Seq from 1657 to 1661
Skipped Seq from 1664 to 1667
Skipped Seq from 1672 to 1674
Skipped Seq from 1674 to 1677
Skipped Seq from 1679 to 1684
Skipped Seq from 1684 to 1686
Skipped Seq from 1688 to 1690
Skipped Seq from 1693 to 1696
Skipped Seq from 1699 to 1701
Skipped Seq from 1705 to 1709
Skipped Seq from 1709 to 1711
Skipped Seq from 1715 to 1719
Skipped Seq from 1719 to 1721
Skipped Seq from 1722 to 1727
Skipped Seq from 1728 to 1731
Skipped Seq from 1734 to 1738
Skipped Seq from 1739 to 1744
Skipped Seq from 1744 to 1746
Skipped Seq from 1747 to 1754
Skipped Seq from 1755 to 1757
Skipped Seq from 1757 to 1764
Skipped Seq from 1764 to 1766
Skipped Seq from 1766 to 1770
Skipped Seq from 1773 to 1775
Skipped Seq from 1775 to 1780
Skipped Seq from 1782 to 1784
Skipped Seq from 1784 to 1786
Skipped Seq from 1786 to 1789
Skipped Seq from 1790 to 1796
Skipped Seq from 1796 to 1803
Skipped Seq from 1803 to 1807
Skipped Seq from 1816 to 1822
Skipped Seq from 1824 to 1829
Skipped Seq from 1829 to 1833
Skipped Seq from 1833 to 1837
Skipped Seq from 1839 to 1848
Skipped Seq from 1855 to 1858
Skipped Seq from 1858 to 1860
Skipped Seq from 1864 to 1866
Skipped Seq from 1876 to 1878
Skipped Seq from 1881 to 1883
Skipped Seq from 1887 to 1889
Skipped Seq from 1889 to 1891
Skipped Seq from 1891 to 1893
Skipped Seq from 1893 to 1895
Skipped Seq from 1897 to 1901
Skipped Seq from 1914 to 1917
Skipped Seq from 1917 to 1921
Skipped Seq from 1924 to 1928
Skipped Seq from 1928 to 1932
Skipped Seq from 1932 to 1934
Skipped Seq from 1936 to 1938
Skipped Seq from 1941 to 1943
Skipped Seq from 1944 to 1946
Skipped Seq from 1948 to 1951
Skipped Seq from 1956 to 1958
Skipped Seq from 1964 to 1966
Skipped Seq from 1968 to 1970
Skipped Seq from 1975 to 1977
Skipped Seq from 1981 to 1983
Skipped Seq from 1983 to 1985
Skipped Seq from 1990 to 1995
Skipped Seq from 1996 to 2002
Skipped Seq from 2002 to 2004
Skipped Seq from 2005 to 2007
Skipped Seq from 2008 to 2010
Skipped Seq from 2013 to 2016
Skipped Seq from 2021 to 2026
Skipped Seq from 2029 to 2033
Skipped Seq from 2034 to 2039
Skipped Seq from 2039 to 2041
Skipped Seq from 2041 to 2049
Skipped Seq from 2055 to 2058
Skipped Seq from 2061 to 2063
Skipped Seq from 2068 to 2073
Skipped Seq from 2074 to 2076
Skipped Seq from 2081 to 2083
Skipped Seq from 2087 to 2089
Skipped Seq from 2094 to 2096
Skipped Seq from 2099 to 2103
Skipped Seq from 2103 to 2105
Skipped Seq from 2106 to 2111
Skipped Seq from 2112 to 2117
Skipped Seq from 2119 to 2121
Skipped Seq from 2122 to 2127
Skipped Seq from 2127 to 2129
Skipped Seq from 2133 to 2137
Skipped Seq from 2140 to 2144
Skipped Seq from 2144 to 2146
Skipped Seq from 2149 to 2152
Skipped Seq from 2158 to 2160
Skipped Seq from 2161 to 2166
Skipped Seq from 2172 to 2179
Skipped Seq from 2179 to 2185
Skipped Seq from 2186 to 2188
Skipped Seq from 2192 to 2195
Skipped Seq from 2202 to 2205
Skipped Seq from 2205 to 2207
Skipped Seq from 2207 to 2209
Skipped Seq from 2213 to 2216
Skipped Seq from 2217 to 2219
Skipped Seq from 2225 to 2227
Skipped Seq from 2234 to 2236
Skipped Seq from 2239 to 2241
Skipped Seq from 2243 to 2245
Skipped Seq from 2247 to 2249
Skipped Seq from 2251 to 2253
Skipped Seq from 2253 to 2255
Skipped Seq from 2259 to 2262
Skipped Seq from 2262 to 2280
Skipped Seq from 2280 to 2282
Skipped Seq from 2282 to 2287
Skipped Seq from 2291 to 2297
Skipped Seq from 2297 to 2301
Skipped Seq from 2301 to 2308
Skipped Seq from 2309 to 2316
Skipped Seq from 2316 to 2318
Skipped Seq from 2322 to 2324
Skipped Seq from 2325 to 2327
Skipped Seq from 2330 to 2332
Skipped Seq from 2333 to 2335
Skipped Seq from 2336 to 2342
Skipped Seq from 2344 to 2349
Skipped Seq from 2349 to 2351
Skipped Seq from 2351 to 2353
Skipped Seq from 2354 to 2361
Skipped Seq from 2361 to 2366
Skipped Seq from 2370 to 2377
Skipped Seq from 2382 to 2384
Skipped Seq from 2386 to 2388
Skipped Seq from 2388 to 2390
Skipped Seq from 2393 to 2396
Skipped Seq from 2396 to 2399
Skipped Seq from 2402 to 2405
Skipped Seq from 2409 to 2411
Skipped Seq from 2411 to 2419
Skipped Seq from 2419 to 2421
Skipped Seq from 2421 to 2425
Skipped Seq from 2427 to 2430
Skipped Seq from 2435 to 2438
Skipped Seq from 2440 to 2442
Skipped Seq from 2443 to 2446
Skipped Seq from 2446 to 2448
Skipped Seq from 2453 to 2458
Skipped Seq from 2458 to 2465
Skipped Seq from 2465 to 2467
Skipped Seq from 2467 to 2469
Skipped Seq from 2471 to 2475
Skipped Seq from 2479 to 2486
Skipped Seq from 2486 to 2495
Skipped Seq from 2495 to 2503
Skipped Seq from 2504 to 2506
Skipped Seq from 2506 to 2511
Skipped Seq from 2511 to 2513
Skipped Seq from 2515 to 2521
Skipped Seq from 2522 to 2532
Skipped Seq from 2533 to 2542
Skipped Seq from 2542 to 2549
Skipped Seq from 2550 to 2555
Skipped Seq from 2556 to 2558
Skipped Seq from 2559 to 2566
Skipped Seq from 2570 to 2574
Skipped Seq from 2578 to 2586
Skipped Seq from 2586 to 2588
Skipped Seq from 2589 to 2593
Skipped Seq from 2593 to 2595
Skipped Seq from 2600 to 2602
Skipped Seq from 2608 to 2612
Skipped Seq from 2615 to 2617
Skipped Seq from 2619 to 2623
Skipped Seq from 2623 to 2640
Skipped Seq from 2640 to 2649
Skipped Seq from 2649 to 2656
Skipped Seq from 2658 to 2661
Skipped Seq from 2661 to 2668
Skipped Seq from 2669 to 2671
Skipped Seq from 2671 to 2675
Skipped Seq from 2675 to 2678
Skipped Seq from 2681 to 2685
Skipped Seq from 2689 to 2694
Skipped Seq from 2694 to 2696
Skipped Seq from 2698 to 2704
Skipped Seq from 2704 to 2706
Skipped Seq from 2706 to 2712
Skipped Seq from 2714 to 2721
Skipped Seq from 2723 to 2725
Skipped Seq from 2728 to 2730
Skipped Seq from 2732 to 2735
Skipped Seq from 2740 to 2742
Skipped Seq from 2745 to 2747
Skipped Seq from 2752 to 2756
Skipped Seq from 2757 to 2759
Skipped Seq from 2761 to 2763
Skipped Seq from 2768 to 2773
Skipped Seq from 2773 to 2775
Skipped Seq from 2777 to 2782
Skipped Seq from 2783 to 2790
Skipped Seq from 2790 to 2793
Skipped Seq from 2793 to 2795
Skipped Seq from 2795 to 2798
Skipped Seq from 2798 to 2804
Skipped Seq from 2804 to 2816
Skipped Seq from 2816 to 2818
Skipped Seq from 2818 to 2823
Skipped Seq from 2823 to 2825
Skipped Seq from 2825 to 2827
Skipped Seq from 2829 to 2831
Skipped Seq from 2841 to 2843
Skipped Seq from 2843 to 2846
Skipped Seq from 2849 to 2851
Skipped Seq from 2851 to 2855
Skipped Seq from 2856 to 2858
Skipped Seq from 2860 to 2867
Skipped Seq from 2870 to 2877
Skipped Seq from 2881 to 2883
Skipped Seq from 2883 to 2888
Skipped Seq from 2890 to 2893
Skipped Seq from 2893 to 2895
Skipped Seq from 2895 to 2900
Skipped Seq from 2900 to 2903
Skipped Seq from 2903 to 2907
Skipped Seq from 2907 to 2918
Skipped Seq from 2918 to 2920
Skipped Seq from 2923 to 2926
Skipped Seq from 2927 to 2930
Skipped Seq from 2931 to 2933
Skipped Seq from 2938 to 2940
Skipped Seq from 2940 to 2942
Skipped Seq from 2942 to 2944
Skipped Seq from 2944 to 2946
Skipped Seq from 2952 to 2954
Skipped Seq from 2957 to 2959
Skipped Seq from 2959 to 2961
Skipped Seq from 2966 to 2969
Skipped Seq from 2971 to 2973
Skipped Seq from 2978 to 2980
Skipped Seq from 2992 to 2995
Skipped Seq from 2998 to 3002
Skipped Seq from 3005 to 3015
Skipped Seq from 3015 to 3017
Skipped Seq from 3018 to 3022
Skipped Seq from 3025 to 3028
Skipped Seq from 3030 to 3041
Skipped Seq from 3042 to 3044
Skipped Seq from 3044 to 3047
Skipped Seq from 3047 to 3049
Skipped Seq from 3051 to 3055
Skipped Seq from 3055 to 3057
Skipped Seq from 3058 to 3064
Skipped Seq from 3067 to 3073
Skipped Seq from 3074 to 3089
Skipped Seq from 3089 to 3091
Skipped Seq from 3093 to 3098
Skipped Seq from 3101 to 3104
Skipped Seq from 3109 to 3111
Skipped Seq from 3113 to 3115
Skipped Seq from 3115 to 3119
Skipped Seq from 3120 to 3122
Skipped Seq from 3169 to 3171
Skipped Seq from 3179 to 3181
Skipped Seq from 3181 to 3188
Skipped Seq from 3230 to 3232
Skipped Seq from 3235 to 3237
Skipped Seq from 3249 to 3251
Skipped Seq from 3259 to 3261
Skipped Seq from 3278 to 3280
Skipped Seq from 3283 to 3285
Skipped Seq from 3292 to 3294
Number of times throttled: 6
Received: 2955 / 4157 packets
Start time: 1332836236.553451
End time: 1332836247.475074
Duration: 10.921623
