Starting client at 10.0.0.20:1257 with timeout:10
My IP address is 10.0.0.20Skipped Seq from 1 to 3
Recovered out of order packet from 3 to 2
Skipped Seq from 1689 to 1691
Skipped Seq from 1691 to 1694
Skipped Seq from 1695 to 1697
Skipped Seq from 1697 to 1700
Skipped Seq from 1702 to 1706
Skipped Seq from 1709 to 1711
Skipped Seq from 1713 to 1715
Skipped Seq from 1715 to 1717
Skipped Seq from 1719 to 1721
Skipped Seq from 1723 to 1725
Skipped Seq from 1725 to 1728
Skipped Seq from 1732 to 1734
Skipped Seq from 1734 to 1736
Skipped Seq from 1736 to 1738
Skipped Seq from 1741 to 1743
Skipped Seq from 1748 to 1750
Skipped Seq from 1750 to 1752
Skipped Seq from 1753 to 1757
Skipped Seq from 1757 to 1759
Skipped Seq from 1759 to 1761
Skipped Seq from 1761 to 1766
Skipped Seq from 1766 to 1768
Skipped Seq from 1769 to 1773
Skipped Seq from 1773 to 1776
Skipped Seq from 1776 to 1778
Skipped Seq from 1778 to 1780
Skipped Seq from 1780 to 1782
Skipped Seq from 1783 to 1786
Skipped Seq from 1786 to 1789
Skipped Seq from 1791 to 1794
Skipped Seq from 1795 to 1801
Skipped Seq from 1803 to 1805
Skipped Seq from 1805 to 1809
Skipped Seq from 1809 to 1811
Skipped Seq from 1813 to 1816
Skipped Seq from 1818 to 1820
Skipped Seq from 1820 to 1823
Skipped Seq from 1823 to 1825
Skipped Seq from 1826 to 1828
Skipped Seq from 1828 to 1830
Skipped Seq from 1830 to 1832
Skipped Seq from 1832 to 1835
Skipped Seq from 1847 to 1849
Skipped Seq from 1850 to 1852
Skipped Seq from 1852 to 1855
Skipped Seq from 1855 to 1858
Skipped Seq from 1859 to 1861
Skipped Seq from 1861 to 1864
Skipped Seq from 1864 to 1866
Skipped Seq from 1868 to 1870
Skipped Seq from 1872 to 1875
Skipped Seq from 1875 to 1878
Skipped Seq from 1878 to 1880
Skipped Seq from 1882 to 1888
Skipped Seq from 1889 to 1891
Skipped Seq from 1892 to 1895
Skipped Seq from 1896 to 1900
Skipped Seq from 1900 to 1903
Skipped Seq from 1904 to 1906
Skipped Seq from 1906 to 1909
Skipped Seq from 1909 to 1913
Skipped Seq from 1913 to 1916
Skipped Seq from 1917 to 1920
Skipped Seq from 1931 to 1933
Skipped Seq from 1934 to 1936
Skipped Seq from 1936 to 1938
Skipped Seq from 1940 to 1942
Skipped Seq from 1948 to 1950
Skipped Seq from 1950 to 1952
Skipped Seq from 1953 to 1955
Skipped Seq from 1956 to 1958
Skipped Seq from 1958 to 1960
Skipped Seq from 1960 to 1963
Skipped Seq from 1967 to 1971
Skipped Seq from 1974 to 1976
Skipped Seq from 1979 to 1982
Skipped Seq from 1983 to 1985
Skipped Seq from 1985 to 1987
Skipped Seq from 1988 to 1990
Skipped Seq from 1990 to 1992
Skipped Seq from 1992 to 1994
Skipped Seq from 1996 to 2001
Skipped Seq from 2004 to 2008
Skipped Seq from 2008 to 2010
Skipped Seq from 2014 to 2016
Skipped Seq from 2017 to 2019
Skipped Seq from 2020 to 2024
Skipped Seq from 2024 to 2026
Skipped Seq from 2028 to 2032
Skipped Seq from 2032 to 2036
Skipped Seq from 2036 to 2038
Skipped Seq from 2039 to 2041
Skipped Seq from 2041 to 2043
Skipped Seq from 2044 to 2046
Skipped Seq from 2046 to 2050
Skipped Seq from 2050 to 2052
Skipped Seq from 2053 to 2055
Skipped Seq from 2055 to 2057
Skipped Seq from 2058 to 2061
Skipped Seq from 2062 to 2064
Skipped Seq from 2068 to 2070
Skipped Seq from 2071 to 2073
Skipped Seq from 2074 to 2076
Skipped Seq from 2076 to 2078
Skipped Seq from 2081 to 2083
Skipped Seq from 2090 to 2092
Skipped Seq from 2104 to 2106
Skipped Seq from 2106 to 2108
Skipped Seq from 2111 to 2115
Skipped Seq from 2115 to 2117
Skipped Seq from 2119 to 2122
Skipped Seq from 2124 to 2126
Skipped Seq from 2131 to 2133
Skipped Seq from 2135 to 2137
Skipped Seq from 2138 to 2140
Skipped Seq from 2143 to 2146
Skipped Seq from 2146 to 2148
Skipped Seq from 2153 to 2155
Skipped Seq from 2155 to 2158
Skipped Seq from 2162 to 2164
Skipped Seq from 2167 to 2169
Skipped Seq from 2172 to 2179
Skipped Seq from 2181 to 2183
Skipped Seq from 2183 to 2185
Skipped Seq from 2185 to 2187
Skipped Seq from 2187 to 2189
Skipped Seq from 2189 to 2191
Skipped Seq from 2191 to 2193
Skipped Seq from 2195 to 2198
Skipped Seq from 2198 to 2200
Skipped Seq from 2201 to 2204
Skipped Seq from 2215 to 2217
Skipped Seq from 2222 to 2224
Skipped Seq from 2226 to 2228
Skipped Seq from 2233 to 2235
Skipped Seq from 2239 to 2242
Skipped Seq from 2242 to 2244
Skipped Seq from 2244 to 2246
Skipped Seq from 2251 to 2253
Skipped Seq from 2253 to 2255
Skipped Seq from 2265 to 2267
Skipped Seq from 2268 to 2272
Skipped Seq from 2278 to 2280
Skipped Seq from 2282 to 2284
Skipped Seq from 2284 to 2286
Skipped Seq from 2287 to 2289
Skipped Seq from 2291 to 2293
Skipped Seq from 2300 to 2303
Skipped Seq from 2306 to 2309
Skipped Seq from 2310 to 2317
Skipped Seq from 2326 to 2328
Skipped Seq from 2328 to 2330
Skipped Seq from 2331 to 2333
Skipped Seq from 2333 to 2335
Skipped Seq from 2338 to 2340
Skipped Seq from 2342 to 2344
Skipped Seq from 2347 to 2349
Skipped Seq from 2352 to 2355
Skipped Seq from 2358 to 2360
Skipped Seq from 2366 to 2369
Skipped Seq from 2372 to 2374
Skipped Seq from 2378 to 2380
Skipped Seq from 2383 to 2385
Skipped Seq from 2385 to 2387
Skipped Seq from 2389 to 2391
Skipped Seq from 2392 to 2395
Skipped Seq from 2395 to 2397
Skipped Seq from 2405 to 2407
Skipped Seq from 2411 to 2413
Skipped Seq from 2413 to 2415
Skipped Seq from 2415 to 2419
Skipped Seq from 2419 to 2421
Skipped Seq from 2421 to 2423
Skipped Seq from 2424 to 2427
Skipped Seq from 2427 to 2429
Skipped Seq from 2431 to 2434
Skipped Seq from 2435 to 2437
Skipped Seq from 2444 to 2446
Skipped Seq from 2449 to 2452
Skipped Seq from 2453 to 2455
Skipped Seq from 2456 to 2458
Skipped Seq from 2458 to 2461
Skipped Seq from 2461 to 2463
Skipped Seq from 2464 to 2466
Skipped Seq from 2468 to 2470
Skipped Seq from 2473 to 2477
Skipped Seq from 2480 to 2482
Skipped Seq from 2485 to 2487
Skipped Seq from 2488 to 2492
Skipped Seq from 2495 to 2499
Skipped Seq from 2499 to 2503
Skipped Seq from 2510 to 2513
Skipped Seq from 2513 to 2516
Skipped Seq from 2516 to 2518
Skipped Seq from 2520 to 2523
Skipped Seq from 2523 to 2525
Skipped Seq from 2527 to 2529
Skipped Seq from 2531 to 2533
Skipped Seq from 2536 to 2538
Skipped Seq from 2547 to 2549
Skipped Seq from 2555 to 2557
Skipped Seq from 2561 to 2564
Skipped Seq from 2572 to 2574
Skipped Seq from 2588 to 2590
Skipped Seq from 2590 to 2592
Skipped Seq from 2593 to 2595
Skipped Seq from 2595 to 2597
Skipped Seq from 2597 to 2599
Skipped Seq from 2603 to 2605
Skipped Seq from 2605 to 2608
Skipped Seq from 2608 to 2611
Skipped Seq from 2611 to 2613
Skipped Seq from 2616 to 2620
Skipped Seq from 2621 to 2623
Skipped Seq from 2636 to 2638
Skipped Seq from 2639 to 2641
Skipped Seq from 2644 to 2646
Skipped Seq from 2646 to 2648
Skipped Seq from 2660 to 2665
Skipped Seq from 2681 to 2684
Skipped Seq from 2684 to 2686
Skipped Seq from 2686 to 2688
Skipped Seq from 2690 to 2693
Skipped Seq from 2703 to 2705
Skipped Seq from 2716 to 2718
Skipped Seq from 2725 to 2727
Skipped Seq from 2734 to 2736
Skipped Seq from 2738 to 2741
Skipped Seq from 2742 to 2748
Skipped Seq from 2749 to 2754
Skipped Seq from 2758 to 2761
Skipped Seq from 2770 to 2772
Skipped Seq from 2778 to 2781
Skipped Seq from 2781 to 2783
Skipped Seq from 2812 to 2814
Skipped Seq from 2820 to 2822
Skipped Seq from 2822 to 2824
Skipped Seq from 2825 to 2828
Skipped Seq from 2829 to 2831
Skipped Seq from 2831 to 2835
Skipped Seq from 2835 to 2838
Skipped Seq from 2838 to 2840
Skipped Seq from 2840 to 2845
Skipped Seq from 2853 to 2855
Skipped Seq from 2858 to 2860
Skipped Seq from 2868 to 2871
Skipped Seq from 2877 to 2879
Skipped Seq from 2883 to 2886
Skipped Seq from 2887 to 2892
Skipped Seq from 2894 to 2897
Skipped Seq from 2897 to 2901
Skipped Seq from 2901 to 2903
Skipped Seq from 2907 to 2909
Skipped Seq from 2918 to 2920
Skipped Seq from 2925 to 2927
Skipped Seq from 2934 to 2938
Skipped Seq from 2940 to 2943
Skipped Seq from 2943 to 2945
Skipped Seq from 2945 to 2948
Skipped Seq from 2948 to 2951
Skipped Seq from 2951 to 2953
Skipped Seq from 2954 to 2957
Skipped Seq from 2957 to 2959
Skipped Seq from 2961 to 2966
Skipped Seq from 2966 to 2970
Skipped Seq from 2972 to 2977
Skipped Seq from 2983 to 2986
Skipped Seq from 2986 to 2988
Skipped Seq from 2989 to 2991
Skipped Seq from 2992 to 2994
Skipped Seq from 3004 to 3006
Skipped Seq from 3017 to 3019
Skipped Seq from 3020 to 3022
Skipped Seq from 3040 to 3046
Skipped Seq from 3051 to 3053
Skipped Seq from 3065 to 3067
Skipped Seq from 3079 to 3083
Skipped Seq from 3091 to 3096
Skipped Seq from 3097 to 3099
Skipped Seq from 3145 to 3147
Skipped Seq from 3148 to 3150
Skipped Seq from 3152 to 3154
Skipped Seq from 3171 to 3173
Skipped Seq from 3176 to 3180
Skipped Seq from 3182 to 3184
Skipped Seq from 3188 to 3190
Skipped Seq from 3195 to 3198
Skipped Seq from 3249 to 3252
Skipped Seq from 3253 to 3257
Skipped Seq from 3265 to 3269
Skipped Seq from 3270 to 3272
Skipped Seq from 3280 to 3283
Skipped Seq from 3318 to 3328
Skipped Seq from 3328 to 3330
Skipped Seq from 3345 to 3347
Skipped Seq from 3361 to 3363
Skipped Seq from 3369 to 3371
Skipped Seq from 3381 to 3385
Skipped Seq from 3385 to 3387
Skipped Seq from 3389 to 3391
Skipped Seq from 3675 to 3677
Skipped Seq from 3677 to 3679
Skipped Seq from 3679 to 3681
Skipped Seq from 3685 to 3688
Skipped Seq from 3688 to 3692
Skipped Seq from 3700 to 3702
Skipped Seq from 3705 to 3707
Skipped Seq from 3707 to 3710
Skipped Seq from 3710 to 3712
Skipped Seq from 3713 to 3715
Skipped Seq from 3717 to 3720
Skipped Seq from 3722 to 3724
Skipped Seq from 3726 to 3728
Skipped Seq from 3729 to 3731
Skipped Seq from 3731 to 3737
Skipped Seq from 3737 to 3739
Skipped Seq from 3740 to 3742
Skipped Seq from 3747 to 3750
Skipped Seq from 3750 to 3755
Skipped Seq from 3756 to 3758
Skipped Seq from 3768 to 3772
Skipped Seq from 3773 to 3775
Skipped Seq from 3784 to 3788
Skipped Seq from 3788 to 3792
Skipped Seq from 3793 to 3799
Skipped Seq from 3799 to 3805
Skipped Seq from 3805 to 3807
Skipped Seq from 3807 to 3809
Skipped Seq from 3809 to 3811
Skipped Seq from 3812 to 3815
Skipped Seq from 3815 to 3818
Skipped Seq from 3821 to 3823
Skipped Seq from 3838 to 3840
Skipped Seq from 3840 to 3842
Skipped Seq from 3842 to 3844
Skipped Seq from 3846 to 3849
Skipped Seq from 3857 to 3859
Skipped Seq from 3859 to 3862
Skipped Seq from 3864 to 3868
Skipped Seq from 3871 to 3873
Skipped Seq from 3874 to 3876
Skipped Seq from 3877 to 3879
Skipped Seq from 3887 to 3889
Skipped Seq from 3889 to 3891
Skipped Seq from 3892 to 3901
Skipped Seq from 3908 to 3911
Skipped Seq from 3911 to 3913
Skipped Seq from 3922 to 3933
Skipped Seq from 3940 to 3942
Skipped Seq from 3945 to 3948
Skipped Seq from 3949 to 3951
Skipped Seq from 3952 to 3954
Skipped Seq from 3955 to 3957
Skipped Seq from 3958 to 3961
Skipped Seq from 3961 to 3963
Skipped Seq from 3964 to 3967
Skipped Seq from 3970 to 3974
Skipped Seq from 3978 to 3981
Skipped Seq from 3982 to 3985
Skipped Seq from 3987 to 3989
Skipped Seq from 3994 to 3997
Skipped Seq from 3998 to 4000
Skipped Seq from 4000 to 4002
Skipped Seq from 4002 to 4004
Skipped Seq from 4005 to 4007
Skipped Seq from 4008 to 4010
Skipped Seq from 4016 to 4018
Skipped Seq from 4023 to 4026
Skipped Seq from 4028 to 4030
Skipped Seq from 4039 to 4041
Skipped Seq from 4047 to 4050
Skipped Seq from 4057 to 4059
Skipped Seq from 4063 to 4065
Skipped Seq from 4067 to 4069
Skipped Seq from 4069 to 4071
Skipped Seq from 4071 to 4073
Skipped Seq from 4076 to 4079
Skipped Seq from 4087 to 4089
Skipped Seq from 4089 to 4092
Skipped Seq from 4093 to 4095
Skipped Seq from 4096 to 4099
Skipped Seq from 4099 to 4101
Skipped Seq from 4104 to 4106
Skipped Seq from 4106 to 4108
Skipped Seq from 4109 to 4112
Skipped Seq from 4124 to 4126
Skipped Seq from 4129 to 4131
Skipped Seq from 4134 to 4137
Skipped Seq from 4142 to 4146
Skipped Seq from 4146 to 4148
Skipped Seq from 4153 to 4155
Skipped Seq from 4155 to 4158
Skipped Seq from 4158 to 4162
Skipped Seq from 4167 to 4169
Skipped Seq from 4195 to 4200
Skipped Seq from 4200 to 4203
Skipped Seq from 4204 to 4206
Skipped Seq from 4209 to 4212
Skipped Seq from 4215 to 4231
Skipped Seq from 4231 to 4234
Skipped Seq from 4234 to 4236
Skipped Seq from 4254 to 4259
Skipped Seq from 4265 to 4269
Skipped Seq from 4281 to 4287
Skipped Seq from 4291 to 4293
Skipped Seq from 4309 to 4311
Skipped Seq from 4312 to 4316
Skipped Seq from 4316 to 4318
Skipped Seq from 4319 to 4321
Skipped Seq from 4328 to 4332
Skipped Seq from 4332 to 4334
Skipped Seq from 4336 to 4338
Skipped Seq from 4338 to 4343
Skipped Seq from 4343 to 4345
Skipped Seq from 4345 to 4347
Skipped Seq from 4357 to 4359
Skipped Seq from 4368 to 4375
Skipped Seq from 4376 to 4378
Skipped Seq from 4378 to 4381
Skipped Seq from 4382 to 4384
Skipped Seq from 4384 to 4387
Skipped Seq from 4387 to 4391
Skipped Seq from 4391 to 4394
Skipped Seq from 4562 to 4564
Skipped Seq from 4584 to 4586
Skipped Seq from 4589 to 4592
Skipped Seq from 4596 to 4598
Skipped Seq from 4603 to 4605
Skipped Seq from 4608 to 4610
Skipped Seq from 4611 to 4614
Skipped Seq from 4618 to 4620
Skipped Seq from 4628 to 4630
Skipped Seq from 4650 to 4652
Skipped Seq from 4656 to 4658
Skipped Seq from 4672 to 4675
Skipped Seq from 4675 to 4677
Skipped Seq from 4677 to 4679
Skipped Seq from 4680 to 4682
Skipped Seq from 4684 to 4686
Skipped Seq from 4736 to 4739
Skipped Seq from 4751 to 4753
Skipped Seq from 4753 to 4755
Skipped Seq from 4755 to 4759
Skipped Seq from 4759 to 4761
Skipped Seq from 4770 to 4772
Skipped Seq from 4773 to 4775
Skipped Seq from 4775 to 4779
Skipped Seq from 4779 to 4785
Skipped Seq from 4787 to 4789
Skipped Seq from 4789 to 4791
Skipped Seq from 4791 to 4793
Skipped Seq from 4795 to 4798
Skipped Seq from 4800 to 4802
Skipped Seq from 4803 to 4805
Skipped Seq from 4806 to 4812
Skipped Seq from 4812 to 4815
Skipped Seq from 4815 to 4817
Skipped Seq from 4818 to 4820
Skipped Seq from 4820 to 4823
Skipped Seq from 4824 to 4826
Skipped Seq from 4829 to 4831
Skipped Seq from 4831 to 4833
Skipped Seq from 4833 to 4836
Skipped Seq from 4836 to 4838
Skipped Seq from 4839 to 4842
Skipped Seq from 4842 to 4845
Skipped Seq from 4846 to 4849
Skipped Seq from 4850 to 4854
Skipped Seq from 4854 to 4856
Skipped Seq from 4862 to 4864
Skipped Seq from 4864 to 4868
Skipped Seq from 4869 to 4876
Skipped Seq from 4876 to 4880
Skipped Seq from 4882 to 4884
Skipped Seq from 4884 to 4886
Skipped Seq from 4887 to 4889
Skipped Seq from 4892 to 4898
Skipped Seq from 4898 to 4906
Skipped Seq from 4907 to 4909
Skipped Seq from 4910 to 4913
Skipped Seq from 4914 to 4916
Skipped Seq from 4917 to 4919
Skipped Seq from 4919 to 4921
Skipped Seq from 4921 to 4928
Skipped Seq from 4928 to 4930
Skipped Seq from 4930 to 4932
Skipped Seq from 4932 to 4934
Skipped Seq from 4934 to 4937
Skipped Seq from 4938 to 4940
Skipped Seq from 4940 to 4942
Skipped Seq from 4942 to 4944
Skipped Seq from 4944 to 4946
Skipped Seq from 4946 to 4948
Skipped Seq from 4949 to 4953
Skipped Seq from 4954 to 4956
Skipped Seq from 4956 to 4969
Skipped Seq from 4969 to 4972
Skipped Seq from 4972 to 4976
Skipped Seq from 4976 to 4978
Skipped Seq from 4978 to 4980
Skipped Seq from 4981 to 4983
Skipped Seq from 4983 to 4987
Skipped Seq from 4987 to 4989
Skipped Seq from 4991 to 4993
Skipped Seq from 4996 to 4998
Skipped Seq from 4998 to 5003
Skipped Seq from 5003 to 5005
Skipped Seq from 5006 to 5012
Skipped Seq from 5012 to 5015
Skipped Seq from 5016 to 5018
Skipped Seq from 5018 to 5020
Skipped Seq from 5022 to 5024
Skipped Seq from 5024 to 5027
Skipped Seq from 5029 to 5031
Skipped Seq from 5032 to 5034
Skipped Seq from 5035 to 5039
Skipped Seq from 5040 to 5053
Skipped Seq from 5054 to 5057
Skipped Seq from 5059 to 5061
Skipped Seq from 5061 to 5067
Skipped Seq from 5067 to 5070
Skipped Seq from 5070 to 5074
Skipped Seq from 5076 to 5080
Skipped Seq from 5080 to 5082
Skipped Seq from 5083 to 5088
Skipped Seq from 5088 to 5091
Skipped Seq from 5091 to 5095
Skipped Seq from 5095 to 5098
Skipped Seq from 5098 to 5102
Skipped Seq from 5104 to 5106
Skipped Seq from 5107 to 5109
Skipped Seq from 5109 to 5112
Skipped Seq from 5112 to 5114
Skipped Seq from 5115 to 5117
Skipped Seq from 5118 to 5124
Skipped Seq from 5125 to 5127
Skipped Seq from 5127 to 5129
Skipped Seq from 5130 to 5134
Skipped Seq from 5135 to 5137
Skipped Seq from 5142 to 5144
Skipped Seq from 5145 to 5147
Skipped Seq from 5149 to 5153
Skipped Seq from 5153 to 5155
Skipped Seq from 5156 to 5159
Skipped Seq from 5160 to 5163
Skipped Seq from 5169 to 5171
Skipped Seq from 5172 to 5175
Skipped Seq from 5175 to 5179
Skipped Seq from 5180 to 5183
Skipped Seq from 5184 to 5186
Skipped Seq from 5187 to 5190
Skipped Seq from 5190 to 5192
Skipped Seq from 5192 to 5194
Skipped Seq from 5199 to 5201
Skipped Seq from 5204 to 5207
Skipped Seq from 5207 to 5209
Skipped Seq from 5212 to 5214
Skipped Seq from 5221 to 5226
Skipped Seq from 5227 to 5229
Skipped Seq from 5251 to 5253
Skipped Seq from 5262 to 5265
Skipped Seq from 5266 to 5268
Skipped Seq from 5272 to 5274
Skipped Seq from 5274 to 5276
Skipped Seq from 5278 to 5281
Skipped Seq from 5281 to 5284
Skipped Seq from 5288 to 5290
Skipped Seq from 5293 to 5295
Skipped Seq from 5295 to 5297
Skipped Seq from 5298 to 5300
Skipped Seq from 5308 to 5310
Skipped Seq from 5311 to 5314
Skipped Seq from 5314 to 5316
Skipped Seq from 5316 to 5324
Skipped Seq from 5329 to 5336
Skipped Seq from 5336 to 5339
Skipped Seq from 5342 to 5344
Skipped Seq from 5351 to 5353
Skipped Seq from 5356 to 5361
Skipped Seq from 5361 to 5367
Skipped Seq from 5372 to 5374
Skipped Seq from 5375 to 5377
Skipped Seq from 5377 to 5379
Skipped Seq from 5381 to 5389
Skipped Seq from 5389 to 5391
Skipped Seq from 5391 to 5393
Skipped Seq from 5393 to 5396
Skipped Seq from 5397 to 5399
Skipped Seq from 5399 to 5404
Skipped Seq from 5408 to 5410
Skipped Seq from 5410 to 5412
Skipped Seq from 5413 to 5416
Skipped Seq from 5416 to 5418
Skipped Seq from 5418 to 5420
Skipped Seq from 5420 to 5422
Skipped Seq from 5423 to 5425
Skipped Seq from 5431 to 5433
Skipped Seq from 5442 to 5447
Skipped Seq from 5449 to 5454
Skipped Seq from 5454 to 5457
Skipped Seq from 5458 to 5462
Skipped Seq from 5466 to 5469
Skipped Seq from 5471 to 5473
Skipped Seq from 5473 to 5481
Skipped Seq from 5484 to 5486
Skipped Seq from 5493 to 5495
Skipped Seq from 5507 to 5509
Skipped Seq from 5513 to 5515
Skipped Seq from 5518 to 5522
Skipped Seq from 5522 to 5526
Skipped Seq from 5528 to 5533
Skipped Seq from 5533 to 5536
Skipped Seq from 5543 to 5545
Skipped Seq from 5546 to 5548
Skipped Seq from 5551 to 5553
Skipped Seq from 5554 to 5556
Skipped Seq from 5556 to 5558
Skipped Seq from 5559 to 5566
Skipped Seq from 5566 to 5568
Skipped Seq from 5578 to 5580
Skipped Seq from 5588 to 5591
Skipped Seq from 5592 to 5594
Skipped Seq from 5600 to 5603
Skipped Seq from 5603 to 5605
Skipped Seq from 5605 to 5608
Skipped Seq from 5610 to 5612
Skipped Seq from 5612 to 5615
Skipped Seq from 5615 to 5625
Skipped Seq from 5625 to 5627
Skipped Seq from 5630 to 5633
Skipped Seq from 5640 to 5642
Skipped Seq from 5646 to 5648
Skipped Seq from 5661 to 5663
Skipped Seq from 5663 to 5665
Skipped Seq from 5669 to 5672
Skipped Seq from 5689 to 5691
Skipped Seq from 5693 to 5695
Skipped Seq from 5696 to 5699
Skipped Seq from 5706 to 5709
Skipped Seq from 5722 to 5727
Skipped Seq from 5733 to 5735
Skipped Seq from 5737 to 5739
Skipped Seq from 5739 to 5741
Skipped Seq from 5743 to 5748
Skipped Seq from 5753 to 5756
Skipped Seq from 5764 to 5770
Skipped Seq from 5784 to 5787
Skipped Seq from 5787 to 5790
Skipped Seq from 5794 to 5796
Skipped Seq from 5798 to 5801
Skipped Seq from 5805 to 5808
Skipped Seq from 5811 to 5813
Skipped Seq from 5813 to 5815
Skipped Seq from 5816 to 5818
Skipped Seq from 5821 to 5824
Skipped Seq from 5827 to 5835
Skipped Seq from 5840 to 5842
Skipped Seq from 5843 to 5845
Skipped Seq from 8212 to 8215
Skipped Seq from 8215 to 8218
Skipped Seq from 8219 to 8221
Skipped Seq from 8224 to 8226
Skipped Seq from 8226 to 8230
Skipped Seq from 8232 to 8234
Skipped Seq from 8237 to 8244
Skipped Seq from 8245 to 8248
Skipped Seq from 8251 to 8260
Skipped Seq from 8260 to 8262
Skipped Seq from 8264 to 8266
Skipped Seq from 8272 to 8274
Skipped Seq from 8274 to 8291
Skipped Seq from 8291 to 8293
Skipped Seq from 8294 to 8297
Skipped Seq from 8297 to 8300
Skipped Seq from 8303 to 8307
Skipped Seq from 8308 to 8310
Skipped Seq from 8313 to 8318
Skipped Seq from 8319 to 8324
Skipped Seq from 8328 to 8331
Skipped Seq from 8331 to 8336
Skipped Seq from 8336 to 8344
Skipped Seq from 8345 to 8347
Skipped Seq from 8347 to 8352
Skipped Seq from 8352 to 8354
Skipped Seq from 8354 to 8356
Skipped Seq from 8357 to 8361
Skipped Seq from 8361 to 8364
Skipped Seq from 8366 to 8369
Skipped Seq from 8369 to 8371
Skipped Seq from 8375 to 8380
Skipped Seq from 8380 to 8382
Skipped Seq from 8383 to 8385
Skipped Seq from 8386 to 8391
Skipped Seq from 8391 to 8393
Skipped Seq from 8420 to 8423
Skipped Seq from 8423 to 8444
Skipped Seq from 8445 to 8447
Skipped Seq from 8448 to 8450
Skipped Seq from 8454 to 8458
Skipped Seq from 8462 to 8466
Skipped Seq from 8467 to 8471
Skipped Seq from 8471 to 8473
Skipped Seq from 8473 to 8475
Skipped Seq from 8475 to 8479
Skipped Seq from 8479 to 8484
Skipped Seq from 8484 to 8486
Skipped Seq from 8487 to 8489
Skipped Seq from 8491 to 8496
Skipped Seq from 8496 to 8499
Skipped Seq from 8500 to 8505
Skipped Seq from 8505 to 8509
Skipped Seq from 8509 to 8511
Skipped Seq from 8511 to 8513
Skipped Seq from 8515 to 8517
Skipped Seq from 8518 to 8532
Skipped Seq from 8532 to 8544
Skipped Seq from 8545 to 8548
Skipped Seq from 8550 to 8553
Skipped Seq from 8553 to 8555
Skipped Seq from 8559 to 8561
Skipped Seq from 8563 to 8566
Skipped Seq from 8566 to 8574
Skipped Seq from 8574 to 8576
Skipped Seq from 8577 to 8580
Skipped Seq from 8580 to 8584
Skipped Seq from 8585 to 8590
Skipped Seq from 8590 to 8593
Skipped Seq from 8598 to 8604
Skipped Seq from 8605 to 8609
Skipped Seq from 8611 to 8614
Skipped Seq from 8616 to 8618
Skipped Seq from 8626 to 8629
Skipped Seq from 8631 to 8647
Skipped Seq from 8649 to 8653
Skipped Seq from 8654 to 8657
Skipped Seq from 8666 to 8669
Skipped Seq from 8669 to 8671
Skipped Seq from 8687 to 8689
Skipped Seq from 8690 to 8694
Skipped Seq from 8694 to 8698
Skipped Seq from 8699 to 8701
Skipped Seq from 8704 to 8707
Skipped Seq from 8709 to 8711
Skipped Seq from 8711 to 8718
Skipped Seq from 8719 to 8723
Skipped Seq from 8723 to 8725
Skipped Seq from 8728 to 8730
Skipped Seq from 8730 to 8734
Skipped Seq from 8734 to 8738
Skipped Seq from 8738 to 8740
Skipped Seq from 8740 to 8742
Skipped Seq from 8742 to 8746
Skipped Seq from 8746 to 8752
Skipped Seq from 8752 to 8757
Skipped Seq from 8757 to 8762
Skipped Seq from 8762 to 8769
Skipped Seq from 8769 to 8772
Skipped Seq from 8772 to 8774
Skipped Seq from 8776 to 8788
Skipped Seq from 8788 to 8790
Skipped Seq from 8791 to 8793
Skipped Seq from 8793 to 8795
Skipped Seq from 8797 to 8799
Skipped Seq from 8799 to 8801
Skipped Seq from 8803 to 8806
Skipped Seq from 8810 to 8814
Skipped Seq from 8814 to 8816
Skipped Seq from 8816 to 8820
Skipped Seq from 8820 to 8823
Skipped Seq from 8823 to 8829
Skipped Seq from 8829 to 8833
Skipped Seq from 8836 to 8839
Skipped Seq from 8839 to 8842
Skipped Seq from 8847 to 8849
Skipped Seq from 8849 to 8851
Skipped Seq from 8855 to 8857
Skipped Seq from 8857 to 8859
Skipped Seq from 8860 to 8864
Skipped Seq from 8865 to 8868
Skipped Seq from 8868 to 8877
Skipped Seq from 8879 to 8881
Skipped Seq from 8882 to 8885
Skipped Seq from 8886 to 8890
Skipped Seq from 8890 to 8893
Skipped Seq from 8893 to 8896
Skipped Seq from 8896 to 8900
Skipped Seq from 8905 to 8910
Skipped Seq from 8911 to 8913
Skipped Seq from 8913 to 8915
Skipped Seq from 8915 to 8917
Skipped Seq from 8917 to 8919
Skipped Seq from 8921 to 8929
Skipped Seq from 8929 to 8931
Skipped Seq from 8931 to 8933
Skipped Seq from 8933 to 8936
Skipped Seq from 8938 to 8944
Skipped Seq from 8945 to 8947
Skipped Seq from 8947 to 8950
Skipped Seq from 8950 to 8953
Skipped Seq from 8953 to 8963
Skipped Seq from 8963 to 8966
Skipped Seq from 8966 to 8971
Skipped Seq from 8971 to 8974
Skipped Seq from 8974 to 8977
Skipped Seq from 8977 to 8984
Skipped Seq from 8984 to 8986
Skipped Seq from 8986 to 8991
Skipped Seq from 8991 to 8993
Skipped Seq from 8995 to 8999
Skipped Seq from 9000 to 9002
Skipped Seq from 9008 to 9010
Skipped Seq from 9010 to 9014
Skipped Seq from 9014 to 9017
Skipped Seq from 9017 to 9023
Skipped Seq from 9024 to 9033
Skipped Seq from 9033 to 9040
Skipped Seq from 9040 to 9055
Skipped Seq from 9055 to 9057
Skipped Seq from 9057 to 9059
Skipped Seq from 9059 to 9063
Skipped Seq from 9064 to 9079
Skipped Seq from 9079 to 9081
Skipped Seq from 9081 to 9083
Skipped Seq from 9083 to 9086
Skipped Seq from 9086 to 9090
Skipped Seq from 9091 to 9098
Skipped Seq from 9098 to 9103
Skipped Seq from 9106 to 9114
Skipped Seq from 9117 to 9119
Skipped Seq from 9119 to 9121
Skipped Seq from 9122 to 9125
Skipped Seq from 9136 to 9141
Skipped Seq from 9141 to 9144
Skipped Seq from 9144 to 9149
Skipped Seq from 9150 to 9157
Skipped Seq from 9159 to 9170
Skipped Seq from 9172 to 9177
Skipped Seq from 9178 to 9181
Skipped Seq from 9187 to 9190
Skipped Seq from 9190 to 9192
Skipped Seq from 9196 to 9198
Skipped Seq from 9199 to 9201
Skipped Seq from 9201 to 9204
Skipped Seq from 9204 to 9206
Skipped Seq from 9207 to 9215
Skipped Seq from 9215 to 9222
Skipped Seq from 9224 to 9226
Skipped Seq from 9226 to 9228
Skipped Seq from 9228 to 9236
Skipped Seq from 9236 to 9238
Skipped Seq from 9239 to 9246
Skipped Seq from 9246 to 9250
Skipped Seq from 9251 to 9254
Skipped Seq from 9254 to 9257
Skipped Seq from 9257 to 9263
Skipped Seq from 9263 to 9266
Skipped Seq from 9267 to 9269
Skipped Seq from 9269 to 9278
Skipped Seq from 9278 to 9281
Skipped Seq from 9281 to 9288
Skipped Seq from 9290 to 9292
Skipped Seq from 9292 to 9299
Skipped Seq from 9299 to 9304
Skipped Seq from 9304 to 9306
Skipped Seq from 9307 to 9310
Skipped Seq from 9310 to 9313
Skipped Seq from 9314 to 9316
Skipped Seq from 9316 to 9319
Skipped Seq from 9319 to 9323
Skipped Seq from 9325 to 9331
Skipped Seq from 9331 to 9334
Skipped Seq from 9336 to 9340
Skipped Seq from 9341 to 9343
Skipped Seq from 9343 to 9345
Skipped Seq from 9345 to 9348
Skipped Seq from 9349 to 9359
Skipped Seq from 9359 to 9361
Skipped Seq from 9361 to 9364
Skipped Seq from 9364 to 9367
Skipped Seq from 9367 to 9374
Skipped Seq from 9375 to 9377
Skipped Seq from 9377 to 9379
Skipped Seq from 9381 to 9383
Skipped Seq from 9384 to 9386
Skipped Seq from 9387 to 9389
Skipped Seq from 9389 to 9394
Skipped Seq from 9394 to 9397
Skipped Seq from 9397 to 9405
Skipped Seq from 9405 to 9419
Skipped Seq from 9419 to 9422
Skipped Seq from 9422 to 9424
Skipped Seq from 9424 to 9427
Skipped Seq from 9427 to 9430
Skipped Seq from 9430 to 9434
Skipped Seq from 9435 to 9437
Skipped Seq from 9437 to 9441
Skipped Seq from 9441 to 9443
Skipped Seq from 9446 to 9449
Skipped Seq from 9449 to 9453
Skipped Seq from 9453 to 9457
Skipped Seq from 9462 to 9464
Skipped Seq from 9464 to 9468
Skipped Seq from 9469 to 9473
Skipped Seq from 9473 to 9475
Skipped Seq from 9476 to 9482
Skipped Seq from 9483 to 9485
Skipped Seq from 9485 to 9487
Skipped Seq from 9487 to 9489
Skipped Seq from 9489 to 9492
Skipped Seq from 9503 to 9506
Skipped Seq from 9506 to 9508
Skipped Seq from 9508 to 9511
Skipped Seq from 9511 to 9513
Skipped Seq from 9514 to 9518
Skipped Seq from 9518 to 9529
Skipped Seq from 9529 to 9531
Skipped Seq from 9534 to 9536
Skipped Seq from 9536 to 9540
Skipped Seq from 9540 to 9544
Skipped Seq from 9544 to 9555
Skipped Seq from 9555 to 9559
Skipped Seq from 9559 to 9561
Skipped Seq from 9562 to 9573
Skipped Seq from 9577 to 9579
Skipped Seq from 9580 to 9584
Skipped Seq from 9588 to 9590
Skipped Seq from 9593 to 9595
Skipped Seq from 9595 to 9599
Skipped Seq from 9603 to 9607
Skipped Seq from 9608 to 9612
Skipped Seq from 9612 to 9614
Skipped Seq from 9616 to 9620
Skipped Seq from 9620 to 9622
Skipped Seq from 9622 to 9630
Skipped Seq from 9630 to 9633
Skipped Seq from 9633 to 9652
Skipped Seq from 9652 to 9666
Skipped Seq from 9669 to 9671
Skipped Seq from 9671 to 9675
Skipped Seq from 9675 to 9685
Skipped Seq from 9685 to 9687
Skipped Seq from 9697 to 9699
Skipped Seq from 9700 to 9702
Skipped Seq from 9702 to 9707
Skipped Seq from 9707 to 9709
Skipped Seq from 9716 to 9718
Skipped Seq from 9724 to 9726
Skipped Seq from 9726 to 9728
Skipped Seq from 9731 to 9733
Skipped Seq from 9733 to 9735
Skipped Seq from 9735 to 9741
Skipped Seq from 9742 to 9746
Skipped Seq from 9746 to 9752
Skipped Seq from 9753 to 9756
Skipped Seq from 9760 to 9762
Skipped Seq from 9767 to 9769
Skipped Seq from 9770 to 9772
Skipped Seq from 9774 to 9776
Skipped Seq from 9776 to 9779
Skipped Seq from 9779 to 9785
Skipped Seq from 9790 to 9795
Skipped Seq from 9798 to 9800
Skipped Seq from 9800 to 9802
Skipped Seq from 9804 to 9806
Skipped Seq from 9808 to 9810
Skipped Seq from 9812 to 9814
Skipped Seq from 9819 to 9822
Skipped Seq from 9823 to 9825
Skipped Seq from 9825 to 9827
Skipped Seq from 9828 to 9830
Skipped Seq from 9837 to 9839
Skipped Seq from 9840 to 9843
Skipped Seq from 9843 to 9845
Skipped Seq from 9853 to 9855
Skipped Seq from 9860 to 9862
Skipped Seq from 9862 to 9866
Skipped Seq from 9866 to 9868
Skipped Seq from 9868 to 9871
Skipped Seq from 9872 to 9874
Skipped Seq from 9875 to 9877
Skipped Seq from 9878 to 9880
Skipped Seq from 9887 to 9889
Skipped Seq from 9889 to 9898
Skipped Seq from 9902 to 9905
Skipped Seq from 9905 to 9907
Skipped Seq from 9908 to 9913
Skipped Seq from 9914 to 9916
Skipped Seq from 9919 to 9925
Skipped Seq from 9929 to 9931
Skipped Seq from 9981 to 9983
Skipped Seq from 13737 to 13739
Skipped Seq from 13742 to 13747
Skipped Seq from 13747 to 13749
Skipped Seq from 13750 to 13753
Skipped Seq from 13753 to 13755
Skipped Seq from 13755 to 13759
Skipped Seq from 13760 to 13763
Skipped Seq from 13763 to 13766
Skipped Seq from 13768 to 13772
Skipped Seq from 13773 to 13775
Skipped Seq from 13784 to 13786
Skipped Seq from 13786 to 13788
Skipped Seq from 13790 to 13792
Skipped Seq from 13795 to 13797
Skipped Seq from 13803 to 13808
Skipped Seq from 13808 to 13810
Skipped Seq from 13810 to 13815
Skipped Seq from 13817 to 13819
Skipped Seq from 13819 to 13821
Skipped Seq from 13825 to 13828
Skipped Seq from 13837 to 13839
Skipped Seq from 13843 to 13845
Skipped Seq from 13848 to 13850
Skipped Seq from 13854 to 13856
Skipped Seq from 13859 to 13861
Skipped Seq from 13866 to 13868
Skipped Seq from 13868 to 13870
Skipped Seq from 13871 to 13877
Skipped Seq from 13878 to 13880
Skipped Seq from 13881 to 13883
Skipped Seq from 13883 to 13885
Skipped Seq from 13885 to 13887
Skipped Seq from 13887 to 13889
Skipped Seq from 13890 to 13892
Skipped Seq from 13893 to 13895
Skipped Seq from 13896 to 13899
Skipped Seq from 13899 to 13901
Skipped Seq from 13903 to 13905
Skipped Seq from 13908 to 13911
Skipped Seq from 13911 to 13914
Skipped Seq from 13917 to 13925
Skipped Seq from 13928 to 13936
Skipped Seq from 13937 to 13945
Skipped Seq from 13945 to 13951
Skipped Seq from 13951 to 13953
Skipped Seq from 13953 to 13955
Skipped Seq from 13959 to 13961
Skipped Seq from 13961 to 13963
Skipped Seq from 13972 to 13974
Skipped Seq from 13974 to 13977
Skipped Seq from 13977 to 13985
Skipped Seq from 13985 to 13988
Skipped Seq from 13989 to 13994
Skipped Seq from 13995 to 13997
Skipped Seq from 13998 to 14000
Skipped Seq from 14000 to 14008
Skipped Seq from 14008 to 14010
Skipped Seq from 14016 to 14019
Skipped Seq from 14019 to 14023
Skipped Seq from 14024 to 14027
Skipped Seq from 14032 to 14035
Skipped Seq from 14035 to 14037
Skipped Seq from 14037 to 14039
Skipped Seq from 14039 to 14042
Skipped Seq from 14042 to 14044
Skipped Seq from 14048 to 14050
Skipped Seq from 14050 to 14053
Skipped Seq from 14053 to 14055
Skipped Seq from 14057 to 14059
Skipped Seq from 14062 to 14064
Skipped Seq from 14068 to 14070
Skipped Seq from 14071 to 14073
Skipped Seq from 14078 to 14080
Skipped Seq from 14080 to 14082
Skipped Seq from 14082 to 14084
Skipped Seq from 14088 to 14090
Skipped Seq from 14091 to 14094
Skipped Seq from 14094 to 14098
Skipped Seq from 14098 to 14100
Skipped Seq from 14101 to 14104
Skipped Seq from 14104 to 14110
Skipped Seq from 14113 to 14115
Skipped Seq from 14119 to 14121
Skipped Seq from 14121 to 14124
Skipped Seq from 14124 to 14126
Skipped Seq from 14126 to 14142
Skipped Seq from 14142 to 14145
Skipped Seq from 14146 to 14160
Skipped Seq from 14160 to 14164
Skipped Seq from 14164 to 14172
Skipped Seq from 14172 to 14177
Skipped Seq from 14177 to 14180
Skipped Seq from 14180 to 14192
Skipped Seq from 14193 to 14195
Skipped Seq from 14197 to 14199
Skipped Seq from 14199 to 14201
Skipped Seq from 14201 to 14203
Skipped Seq from 14214 to 14216
Skipped Seq from 14216 to 14218
Skipped Seq from 14221 to 14224
Skipped Seq from 14224 to 14226
Skipped Seq from 14228 to 14231
Skipped Seq from 14231 to 14234
Skipped Seq from 14234 to 14242
Skipped Seq from 14246 to 14248
Skipped Seq from 14251 to 14253
Skipped Seq from 14253 to 14255
Skipped Seq from 14256 to 14258
Skipped Seq from 14258 to 14260
Skipped Seq from 14261 to 14265
Skipped Seq from 14268 to 14270
Skipped Seq from 14270 to 14278
Skipped Seq from 14278 to 14282
Skipped Seq from 14283 to 14285
Skipped Seq from 14286 to 14288
Skipped Seq from 14289 to 14294
Skipped Seq from 14294 to 14296
Skipped Seq from 14297 to 14299
Skipped Seq from 14299 to 14301
Skipped Seq from 14302 to 14309
Skipped Seq from 14309 to 14311
Skipped Seq from 14312 to 14320
Skipped Seq from 14320 to 14322
Skipped Seq from 14325 to 14327
Skipped Seq from 14328 to 14331
Skipped Seq from 14331 to 14336
Skipped Seq from 14344 to 14350
Skipped Seq from 14350 to 14365
Skipped Seq from 14365 to 14367
Skipped Seq from 14367 to 14370
Skipped Seq from 14371 to 14373
Skipped Seq from 14374 to 14378
Skipped Seq from 14378 to 14381
Skipped Seq from 14381 to 14383
Skipped Seq from 14384 to 14386
Skipped Seq from 14387 to 14389
Skipped Seq from 14391 to 14395
Skipped Seq from 14395 to 14398
Skipped Seq from 14399 to 14402
Skipped Seq from 14402 to 14404
Skipped Seq from 14404 to 14406
Skipped Seq from 14406 to 14410
Skipped Seq from 14410 to 14412
Skipped Seq from 14412 to 14414
Skipped Seq from 14414 to 14416
Skipped Seq from 14421 to 14423
Skipped Seq from 14429 to 14431
Skipped Seq from 14433 to 14435
Skipped Seq from 14435 to 14437
Skipped Seq from 14440 to 14459
Skipped Seq from 14459 to 14461
Skipped Seq from 14464 to 14467
Skipped Seq from 14467 to 14473
Skipped Seq from 14473 to 14475
Skipped Seq from 14475 to 14478
Skipped Seq from 14478 to 14481
Skipped Seq from 14481 to 14483
Skipped Seq from 14484 to 14487
Skipped Seq from 14488 to 14499
Skipped Seq from 14500 to 14508
Skipped Seq from 14509 to 14512
Skipped Seq from 14513 to 14521
Skipped Seq from 14522 to 14532
Skipped Seq from 14532 to 14534
Skipped Seq from 14534 to 14537
Skipped Seq from 14538 to 14545
Skipped Seq from 14546 to 14552
Skipped Seq from 14552 to 14559
Skipped Seq from 14559 to 14561
Skipped Seq from 14561 to 14564
Skipped Seq from 14564 to 14567
Skipped Seq from 14568 to 14571
Skipped Seq from 14573 to 14575
Skipped Seq from 14578 to 14580
Skipped Seq from 14586 to 14588
Skipped Seq from 14595 to 14597
Skipped Seq from 14597 to 14599
Skipped Seq from 14599 to 14603
Skipped Seq from 14603 to 14606
Skipped Seq from 14613 to 14616
Skipped Seq from 14617 to 14622
Skipped Seq from 14623 to 14627
Skipped Seq from 14627 to 14629
Skipped Seq from 14629 to 14631
Skipped Seq from 14640 to 14642
Skipped Seq from 14651 to 14653
Skipped Seq from 14653 to 14656
Skipped Seq from 14663 to 14665
Skipped Seq from 14667 to 14673
Skipped Seq from 14677 to 14679
Skipped Seq from 14685 to 14687
Skipped Seq from 14687 to 14692
Skipped Seq from 14692 to 14697
Skipped Seq from 14697 to 14703
Skipped Seq from 14703 to 14706
Skipped Seq from 14706 to 14709
Skipped Seq from 14712 to 14714
Skipped Seq from 14714 to 14716
Skipped Seq from 14717 to 14720
Skipped Seq from 14723 to 14728
Skipped Seq from 14728 to 14734
Skipped Seq from 14734 to 14736
Skipped Seq from 14738 to 14740
Skipped Seq from 14740 to 14742
Skipped Seq from 14742 to 14744
Skipped Seq from 14746 to 14749
Skipped Seq from 14749 to 14751
Skipped Seq from 14752 to 14754
Skipped Seq from 14754 to 14756
Skipped Seq from 14756 to 14758
Skipped Seq from 14758 to 14761
Skipped Seq from 14761 to 14763
Skipped Seq from 14773 to 14775
Skipped Seq from 14782 to 14784
Skipped Seq from 14784 to 14788
Skipped Seq from 14788 to 14793
Skipped Seq from 14795 to 14797
Skipped Seq from 14797 to 14800
Skipped Seq from 14803 to 14806
Skipped Seq from 14812 to 14816
Skipped Seq from 14816 to 14818
Skipped Seq from 14823 to 14825
Skipped Seq from 14825 to 14827
Skipped Seq from 14827 to 14829
Skipped Seq from 14829 to 14832
Skipped Seq from 14834 to 14836
Skipped Seq from 14837 to 14841
Skipped Seq from 14845 to 14847
Skipped Seq from 14851 to 14853
Skipped Seq from 14854 to 14856
Skipped Seq from 14857 to 14860
Skipped Seq from 14861 to 14863
Skipped Seq from 14863 to 14866
Skipped Seq from 14866 to 14868
Skipped Seq from 14871 to 14873
Skipped Seq from 14873 to 14876
Skipped Seq from 14876 to 14879
Skipped Seq from 14884 to 14887
Skipped Seq from 14888 to 14890
Skipped Seq from 14890 to 14892
Skipped Seq from 14893 to 14896
Skipped Seq from 14896 to 14898
Skipped Seq from 14898 to 14900
Skipped Seq from 14904 to 14906
Skipped Seq from 14906 to 14908
Skipped Seq from 14909 to 14911
Skipped Seq from 14913 to 14915
Skipped Seq from 14915 to 14917
Skipped Seq from 14918 to 14921
Skipped Seq from 14921 to 14924
Skipped Seq from 14926 to 14928
Skipped Seq from 14928 to 14930
Skipped Seq from 14930 to 14932
Skipped Seq from 14932 to 14934
Skipped Seq from 14934 to 14936
Skipped Seq from 14936 to 14938
Skipped Seq from 14938 to 14944
Skipped Seq from 14944 to 14946
Skipped Seq from 14951 to 14953
Skipped Seq from 14953 to 14956
Skipped Seq from 14958 to 14961
Skipped Seq from 14962 to 14965
Skipped Seq from 14965 to 14968
Skipped Seq from 14970 to 14973
Skipped Seq from 14973 to 14975
Skipped Seq from 14976 to 14978
Skipped Seq from 14978 to 14982
Skipped Seq from 14982 to 14984
Skipped Seq from 14986 to 14988
Skipped Seq from 14990 to 14992
Skipped Seq from 14995 to 14998
Skipped Seq from 15000 to 15005
Skipped Seq from 15023 to 15026
Skipped Seq from 15038 to 15040
Skipped Seq from 15058 to 15062
Skipped Seq from 15065 to 15067
Skipped Seq from 15070 to 15073
Skipped Seq from 15077 to 15079
Skipped Seq from 15079 to 15084
Skipped Seq from 15085 to 15087
Skipped Seq from 15090 to 15093
Skipped Seq from 15096 to 15102
Skipped Seq from 15102 to 15106
Skipped Seq from 15106 to 15109
Skipped Seq from 15109 to 15111
Skipped Seq from 15111 to 15113
Skipped Seq from 15113 to 15117
Skipped Seq from 15117 to 15120
Skipped Seq from 15120 to 15127
Skipped Seq from 15128 to 15134
Skipped Seq from 15134 to 15138
Skipped Seq from 15138 to 15140
Skipped Seq from 15140 to 15142
Skipped Seq from 15143 to 15145
Skipped Seq from 15146 to 15148
Skipped Seq from 15154 to 15156
Skipped Seq from 15163 to 15165
Skipped Seq from 15175 to 15178
Skipped Seq from 15178 to 15180
Skipped Seq from 15181 to 15183
Skipped Seq from 15183 to 15187
Skipped Seq from 15188 to 15191
Skipped Seq from 15191 to 15193
Skipped Seq from 15193 to 15197
Skipped Seq from 15197 to 15199
Skipped Seq from 15199 to 15201
Skipped Seq from 15201 to 15204
Skipped Seq from 15204 to 15206
Skipped Seq from 15207 to 15212
Skipped Seq from 15212 to 15214
Skipped Seq from 15214 to 15216
Skipped Seq from 15217 to 15222
Skipped Seq from 15222 to 15225
Skipped Seq from 15225 to 15229
Skipped Seq from 15229 to 15233
Skipped Seq from 15233 to 15236
Skipped Seq from 15238 to 15241
Skipped Seq from 15243 to 15248
Skipped Seq from 15248 to 15254
Skipped Seq from 15254 to 15259
Skipped Seq from 15260 to 15267
Skipped Seq from 15267 to 15274
Skipped Seq from 15274 to 15276
Skipped Seq from 15278 to 15283
Skipped Seq from 15283 to 15285
Skipped Seq from 15285 to 15287
Skipped Seq from 15288 to 15292
Skipped Seq from 15292 to 15295
Skipped Seq from 15295 to 15297
Skipped Seq from 15297 to 15299
Skipped Seq from 15299 to 15301
Skipped Seq from 15302 to 15305
Skipped Seq from 15308 to 15311
Skipped Seq from 15312 to 15314
Skipped Seq from 15314 to 15316
Skipped Seq from 15319 to 15321
Skipped Seq from 15321 to 15327
Skipped Seq from 15327 to 15329
Skipped Seq from 15330 to 15333
Skipped Seq from 15337 to 15340
Skipped Seq from 15341 to 15345
Skipped Seq from 15345 to 15348
Skipped Seq from 15348 to 15350
Skipped Seq from 15350 to 15356
Skipped Seq from 15357 to 15362
Skipped Seq from 15362 to 15364
Skipped Seq from 15374 to 15376
Skipped Seq from 15380 to 15382
Skipped Seq from 15382 to 15384
Skipped Seq from 15386 to 15392
Skipped Seq from 15397 to 15399
Skipped Seq from 15410 to 15412
Skipped Seq from 15417 to 15419
Skipped Seq from 15419 to 15423
Skipped Seq from 15423 to 15426
Skipped Seq from 15426 to 15428
Skipped Seq from 15432 to 15434
Skipped Seq from 15437 to 15439
Skipped Seq from 15451 to 15453
Skipped Seq from 15458 to 15460
Skipped Seq from 15464 to 15466
Skipped Seq from 15467 to 15470
Skipped Seq from 15470 to 15472
Skipped Seq from 15472 to 15474
Skipped Seq from 15479 to 15481
Skipped Seq from 15484 to 15486
Skipped Seq from 15492 to 15494
Skipped Seq from 15505 to 15507
Skipped Seq from 15517 to 15519
Skipped Seq from 15523 to 15525
Skipped Seq from 15526 to 15528
Skipped Seq from 15534 to 15536
Skipped Seq from 15536 to 15539
Skipped Seq from 15541 to 15543
Skipped Seq from 15578 to 15581
Skipped Seq from 15582 to 15584
Skipped Seq from 15592 to 15594
Skipped Seq from 15605 to 15608
Skipped Seq from 15610 to 15612
Number of times throttled: 21
Received: 21996 / 24967 packets
Start time: 1332835876.253726
End time: 1332835947.864310
Duration: 71.610584
