Mar 27 01:00:08|00001|openflowd|INFO|Open vSwitch version 1.1.0pre2
Mar 27 01:00:08|00002|openflowd|INFO|OpenFlow protocol version 0x01
Mar 27 01:00:08|00003|ofproto|INFO|using datapath ID 0000002320d406bf
Mar 27 01:00:08|00004|ofproto|INFO|datapath ID changed to 0000000000000003
Mar 27 01:00:08|00005|rconn|INFO|dp2<->tcp:127.0.0.1:6633: connecting...
Mar 27 01:00:08|00006|rconn|WARN|dp2<->tcp:127.0.0.1:6633: connection failed (Connection refused)
Mar 27 01:00:08|00007|rconn|INFO|dp2<->tcp:127.0.0.1:6633: waiting 1 seconds before reconnect
Mar 27 01:00:09|00008|rconn|INFO|dp2<->tcp:127.0.0.1:6633: connecting...
Mar 27 01:00:09|00009|rconn|WARN|dp2<->tcp:127.0.0.1:6633: connection failed (Connection refused)
Mar 27 01:00:09|00010|rconn|INFO|dp2<->tcp:127.0.0.1:6633: waiting 2 seconds before reconnect
Mar 27 01:00:11|00011|rconn|INFO|dp2<->tcp:127.0.0.1:6633: connecting...
Mar 27 01:00:11|00012|rconn|WARN|dp2<->tcp:127.0.0.1:6633: connection failed (Connection refused)
Mar 27 01:00:11|00013|rconn|INFO|dp2<->tcp:127.0.0.1:6633: waiting 4 seconds before reconnect
Mar 27 01:00:15|00014|rconn|INFO|dp2<->tcp:127.0.0.1:6633: connecting...
Mar 27 01:00:15|00015|rconn|INFO|dp2<->tcp:127.0.0.1:6633: connected
Mar 27 01:00:15|00016|ofp_util|WARN|received Nicira extension message of unknown type 8
Mar 27 01:00:15|00017|ofp_util|INFO|normalization changed ofp_match, details:
Mar 27 01:00:15|00018|ofp_util|INFO| pre: wildcards=0xffffffff  in_port=    0  dl_src=00:00:10:16:6d:09  dl_dst=80:d3:16:01:0a:00  dl_vlan=    0  dl_vlan_pcp=255  dl_type=0xffff  nw_tos=   0  nw_proto=   0  nw_src= 0x9090909  nw_dst=0x4a415041  tp_src=19978  tp_dst=    0
Mar 27 01:00:15|00019|ofp_util|INFO|post: wildcards= 0x23fffff  in_port=    0  dl_src=00:00:00:00:00:00  dl_dst=00:00:00:00:00:00  dl_vlan=    0  dl_vlan_pcp=255  dl_type=     0  nw_tos=   0  nw_proto=   0  nw_src=         0  nw_dst=         0  tp_src=    0  tp_dst=    0
Mar 27 01:00:20|00020|ofp_util|INFO|normalization changed ofp_match, details:
Mar 27 01:00:20|00021|ofp_util|INFO| pre: wildcards=  0x200030  in_port=    3  dl_src=00:00:00:00:00:0f  dl_dst=00:00:00:00:00:1f  dl_vlan=65535  dl_vlan_pcp=  0  dl_type=     0  nw_tos=   0  nw_proto=   0  nw_src= 0xa00000f  nw_dst= 0xa00001f  tp_src= 1234  tp_dst=52127
Mar 27 01:00:20|00022|ofp_util|INFO|post: wildcards=  0x2ffff0  in_port=    3  dl_src=00:00:00:00:00:0f  dl_dst=00:00:00:00:00:1f  dl_vlan=65535  dl_vlan_pcp=  0  dl_type=     0  nw_tos=   0  nw_proto=   0  nw_src=         0  nw_dst=         0  tp_src=    0  tp_dst=    0
Mar 27 01:00:20|00023|ofp_util|INFO|normalization changed ofp_match, details:
Mar 27 01:00:20|00024|ofp_util|INFO| pre: wildcards=  0x200030  in_port=    3  dl_src=00:00:00:00:00:0f  dl_dst=00:00:00:00:00:1f  dl_vlan=65535  dl_vlan_pcp=  0  dl_type=     0  nw_tos=   0  nw_proto=   0  nw_src= 0xa00000f  nw_dst= 0xa00001f  tp_src= 1234  tp_dst=52127
Mar 27 01:00:20|00025|ofp_util|INFO|post: wildcards=  0x2ffff0  in_port=    3  dl_src=00:00:00:00:00:0f  dl_dst=00:00:00:00:00:1f  dl_vlan=65535  dl_vlan_pcp=  0  dl_type=     0  nw_tos=   0  nw_proto=   0  nw_src=         0  nw_dst=         0  tp_src=    0  tp_dst=    0
Mar 27 01:00:20|00026|ofp_util|INFO|normalization changed ofp_match, details:
Mar 27 01:00:20|00027|ofp_util|INFO| pre: wildcards=  0x200030  in_port=    3  dl_src=00:00:00:00:00:0f  dl_dst=00:00:00:00:00:1f  dl_vlan=65535  dl_vlan_pcp=  0  dl_type=     0  nw_tos=   0  nw_proto=   0  nw_src= 0xa00000f  nw_dst= 0xa00001f  tp_src= 1234  tp_dst=52127
Mar 27 01:00:20|00028|ofp_util|INFO|post: wildcards=  0x2ffff0  in_port=    3  dl_src=00:00:00:00:00:0f  dl_dst=00:00:00:00:00:1f  dl_vlan=65535  dl_vlan_pcp=  0  dl_type=     0  nw_tos=   0  nw_proto=   0  nw_src=         0  nw_dst=         0  tp_src=    0  tp_dst=    0
Mar 27 01:01:19|00029|ofp_util|INFO|Dropped 29 log messages in last 59 seconds due to excessive rate
Mar 27 01:01:19|00030|ofp_util|INFO|normalization changed ofp_match, details:
Mar 27 01:01:19|00031|ofp_util|INFO| pre: wildcards=  0x200030  in_port=    2  dl_src=00:00:00:00:00:10  dl_dst=00:00:00:00:00:1f  dl_vlan=65535  dl_vlan_pcp=  0  dl_type=     0  nw_tos=   0  nw_proto=   0  nw_src= 0xa000010  nw_dst= 0xa00001f  tp_src= 1235  tp_dst=51256
Mar 27 01:01:19|00032|ofp_util|INFO|post: wildcards=  0x2ffff0  in_port=    2  dl_src=00:00:00:00:00:10  dl_dst=00:00:00:00:00:1f  dl_vlan=65535  dl_vlan_pcp=  0  dl_type=     0  nw_tos=   0  nw_proto=   0  nw_src=         0  nw_dst=         0  tp_src=    0  tp_dst=    0
Mar 27 01:02:15|00033|ofp_util|INFO|Dropped 14 log messages in last 56 seconds due to excessive rate
Mar 27 01:02:15|00034|ofp_util|INFO|normalization changed ofp_match, details:
Mar 27 01:02:15|00035|ofp_util|INFO| pre: wildcards=  0x200030  in_port=    5  dl_src=00:00:00:00:00:0f  dl_dst=00:00:00:00:00:1f  dl_vlan=65535  dl_vlan_pcp=  0  dl_type=     0  nw_tos=   0  nw_proto=   0  nw_src= 0xa00000f  nw_dst= 0xa00001f  tp_src= 1240  tp_dst=58424
Mar 27 01:02:15|00036|ofp_util|INFO|post: wildcards=  0x2ffff0  in_port=    5  dl_src=00:00:00:00:00:0f  dl_dst=00:00:00:00:00:1f  dl_vlan=65535  dl_vlan_pcp=  0  dl_type=     0  nw_tos=   0  nw_proto=   0  nw_src=         0  nw_dst=         0  tp_src=    0  tp_dst=    0
Mar 27 01:03:18|00037|ofp_util|INFO|Dropped 13 log messages in last 63 seconds due to excessive rate
Mar 27 01:03:18|00038|ofp_util|INFO|normalization changed ofp_match, details:
Mar 27 01:03:18|00039|ofp_util|INFO| pre: wildcards=  0x200030  in_port=    5  dl_src=00:00:00:00:00:15  dl_dst=00:00:00:00:00:1f  dl_vlan=65535  dl_vlan_pcp=  0  dl_type=     0  nw_tos=   0  nw_proto=   0  nw_src= 0xa000015  nw_dst= 0xa00001f  tp_src= 1242  tp_dst=47616
Mar 27 01:03:18|00040|ofp_util|INFO|post: wildcards=  0x2ffff0  in_port=    5  dl_src=00:00:00:00:00:15  dl_dst=00:00:00:00:00:1f  dl_vlan=65535  dl_vlan_pcp=  0  dl_type=     0  nw_tos=   0  nw_proto=   0  nw_src=         0  nw_dst=         0  tp_src=    0  tp_dst=    0
Mar 27 01:04:19|00041|ofp_util|INFO|Dropped 21 log messages in last 61 seconds due to excessive rate
Mar 27 01:04:19|00042|ofp_util|INFO|normalization changed ofp_match, details:
Mar 27 01:04:19|00043|ofp_util|INFO| pre: wildcards=  0x200030  in_port=    2  dl_src=00:00:00:00:00:0f  dl_dst=00:00:00:00:00:1f  dl_vlan=65535  dl_vlan_pcp=  0  dl_type=     0  nw_tos=   0  nw_proto=   0  nw_src= 0xa00000f  nw_dst= 0xa00001f  tp_src= 1245  tp_dst=45257
Mar 27 01:04:19|00044|ofp_util|INFO|post: wildcards=  0x2ffff0  in_port=    2  dl_src=00:00:00:00:00:0f  dl_dst=00:00:00:00:00:1f  dl_vlan=65535  dl_vlan_pcp=  0  dl_type=     0  nw_tos=   0  nw_proto=   0  nw_src=         0  nw_dst=         0  tp_src=    0  tp_dst=    0
Mar 27 01:05:29|00045|ofp_util|INFO|Dropped 21 log messages in last 70 seconds due to excessive rate
Mar 27 01:05:29|00046|ofp_util|INFO|normalization changed ofp_match, details:
Mar 27 01:05:29|00047|ofp_util|INFO| pre: wildcards=  0x200030  in_port=    4  dl_src=00:00:00:00:00:10  dl_dst=00:00:00:00:00:1f  dl_vlan=65535  dl_vlan_pcp=  0  dl_type=     0  nw_tos=   0  nw_proto=   0  nw_src= 0xa000010  nw_dst= 0xa00001f  tp_src= 1242  tp_dst=34200
Mar 27 01:05:29|00048|ofp_util|INFO|post: wildcards=  0x2ffff0  in_port=    4  dl_src=00:00:00:00:00:10  dl_dst=00:00:00:00:00:1f  dl_vlan=65535  dl_vlan_pcp=  0  dl_type=     0  nw_tos=   0  nw_proto=   0  nw_src=         0  nw_dst=         0  tp_src=    0  tp_dst=    0
Mar 27 01:06:26|00049|ofp_util|INFO|Dropped 18 log messages in last 57 seconds due to excessive rate
Mar 27 01:06:26|00050|ofp_util|INFO|normalization changed ofp_match, details:
Mar 27 01:06:26|00051|ofp_util|INFO| pre: wildcards=  0x200030  in_port=    2  dl_src=00:00:00:00:00:1b  dl_dst=00:00:00:00:00:1f  dl_vlan=65535  dl_vlan_pcp=  0  dl_type=     0  nw_tos=   0  nw_proto=   0  nw_src= 0xa00001b  nw_dst= 0xa00001f  tp_src= 1244  tp_dst=43646
Mar 27 01:06:26|00052|ofp_util|INFO|post: wildcards=  0x2ffff0  in_port=    2  dl_src=00:00:00:00:00:1b  dl_dst=00:00:00:00:00:1f  dl_vlan=65535  dl_vlan_pcp=  0  dl_type=     0  nw_tos=   0  nw_proto=   0  nw_src=         0  nw_dst=         0  tp_src=    0  tp_dst=    0
Mar 27 01:07:22|00053|ofp_util|INFO|Dropped 21 log messages in last 56 seconds due to excessive rate
Mar 27 01:07:22|00054|ofp_util|INFO|normalization changed ofp_match, details:
Mar 27 01:07:22|00055|ofp_util|INFO| pre: wildcards=  0x200030  in_port=    4  dl_src=00:00:00:00:00:0e  dl_dst=00:00:00:00:00:1f  dl_vlan=65535  dl_vlan_pcp=  0  dl_type=     0  nw_tos=   0  nw_proto=   0  nw_src= 0xa00000e  nw_dst= 0xa00001f  tp_src= 1248  tp_dst=43104
Mar 27 01:07:22|00056|ofp_util|INFO|post: wildcards=  0x2ffff0  in_port=    4  dl_src=00:00:00:00:00:0e  dl_dst=00:00:00:00:00:1f  dl_vlan=65535  dl_vlan_pcp=  0  dl_type=     0  nw_tos=   0  nw_proto=   0  nw_src=         0  nw_dst=         0  tp_src=    0  tp_dst=    0
Mar 27 01:08:17|00057|ofp_util|INFO|Dropped 11 log messages in last 55 seconds due to excessive rate
Mar 27 01:08:17|00058|ofp_util|INFO|normalization changed ofp_match, details:
Mar 27 01:08:17|00059|ofp_util|INFO| pre: wildcards=  0x200030  in_port=    2  dl_src=00:00:00:00:00:17  dl_dst=00:00:00:00:00:1f  dl_vlan=65535  dl_vlan_pcp=  0  dl_type=     0  nw_tos=   0  nw_proto=   0  nw_src= 0xa000017  nw_dst= 0xa00001f  tp_src= 1248  tp_dst=44019
Mar 27 01:08:17|00060|ofp_util|INFO|post: wildcards=  0x2ffff0  in_port=    2  dl_src=00:00:00:00:00:17  dl_dst=00:00:00:00:00:1f  dl_vlan=65535  dl_vlan_pcp=  0  dl_type=     0  nw_tos=   0  nw_proto=   0  nw_src=         0  nw_dst=         0  tp_src=    0  tp_dst=    0
Mar 27 01:09:18|00061|ofp_util|INFO|Dropped 25 log messages in last 61 seconds due to excessive rate
Mar 27 01:09:18|00062|ofp_util|INFO|normalization changed ofp_match, details:
Mar 27 01:09:18|00063|ofp_util|INFO| pre: wildcards=  0x200030  in_port=    2  dl_src=00:00:00:00:00:0d  dl_dst=00:00:00:00:00:1f  dl_vlan=65535  dl_vlan_pcp=  0  dl_type=     0  nw_tos=   0  nw_proto=   0  nw_src= 0xa00000d  nw_dst= 0xa00001f  tp_src= 1262  tp_dst=51874
Mar 27 01:09:18|00064|ofp_util|INFO|post: wildcards=  0x2ffff0  in_port=    2  dl_src=00:00:00:00:00:0d  dl_dst=00:00:00:00:00:1f  dl_vlan=65535  dl_vlan_pcp=  0  dl_type=     0  nw_tos=   0  nw_proto=   0  nw_src=         0  nw_dst=         0  tp_src=    0  tp_dst=    0
Mar 27 01:10:16|00065|ofp_util|INFO|Dropped 15 log messages in last 57 seconds due to excessive rate
Mar 27 01:10:16|00066|ofp_util|INFO|normalization changed ofp_match, details:
Mar 27 01:10:16|00067|ofp_util|INFO| pre: wildcards=  0x200030  in_port=    2  dl_src=00:00:00:00:00:1a  dl_dst=00:00:00:00:00:1f  dl_vlan=65535  dl_vlan_pcp=  0  dl_type=     0  nw_tos=   0  nw_proto=   0  nw_src= 0xa00001a  nw_dst= 0xa00001f  tp_src= 1254  tp_dst=37670
Mar 27 01:10:16|00068|ofp_util|INFO|post: wildcards=  0x2ffff0  in_port=    2  dl_src=00:00:00:00:00:1a  dl_dst=00:00:00:00:00:1f  dl_vlan=65535  dl_vlan_pcp=  0  dl_type=     0  nw_tos=   0  nw_proto=   0  nw_src=         0  nw_dst=         0  tp_src=    0  tp_dst=    0
Mar 27 01:11:16|00069|ofp_util|INFO|Dropped 20 log messages in last 60 seconds due to excessive rate
Mar 27 01:11:16|00070|ofp_util|INFO|normalization changed ofp_match, details:
Mar 27 01:11:16|00071|ofp_util|INFO| pre: wildcards=  0x200030  in_port=    5  dl_src=00:00:00:00:00:14  dl_dst=00:00:00:00:00:1f  dl_vlan=65535  dl_vlan_pcp=  0  dl_type=     0  nw_tos=   0  nw_proto=   0  nw_src= 0xa000014  nw_dst= 0xa00001f  tp_src= 1257  tp_dst=50095
Mar 27 01:11:16|00072|ofp_util|INFO|post: wildcards=  0x2ffff0  in_port=    5  dl_src=00:00:00:00:00:14  dl_dst=00:00:00:00:00:1f  dl_vlan=65535  dl_vlan_pcp=  0  dl_type=     0  nw_tos=   0  nw_proto=   0  nw_src=         0  nw_dst=         0  tp_src=    0  tp_dst=    0
Mar 27 01:12:27|00073|ofp_util|INFO|Dropped 14 log messages in last 72 seconds due to excessive rate
Mar 27 01:12:27|00074|ofp_util|INFO|normalization changed ofp_match, details:
Mar 27 01:12:27|00075|ofp_util|INFO| pre: wildcards=  0x200030  in_port=    4  dl_src=00:00:00:00:00:14  dl_dst=00:00:00:00:00:1f  dl_vlan=65535  dl_vlan_pcp=  0  dl_type=     0  nw_tos=   0  nw_proto=   0  nw_src= 0xa000014  nw_dst= 0xa00001f  tp_src= 1258  tp_dst=54059
Mar 27 01:12:27|00076|ofp_util|INFO|post: wildcards=  0x2ffff0  in_port=    4  dl_src=00:00:00:00:00:14  dl_dst=00:00:00:00:00:1f  dl_vlan=65535  dl_vlan_pcp=  0  dl_type=     0  nw_tos=   0  nw_proto=   0  nw_src=         0  nw_dst=         0  tp_src=    0  tp_dst=    0
Mar 27 01:13:16|00077|ofp_util|INFO|Dropped 13 log messages in last 48 seconds due to excessive rate
Mar 27 01:13:16|00078|ofp_util|INFO|normalization changed ofp_match, details:
Mar 27 01:13:16|00079|ofp_util|INFO| pre: wildcards=  0x200030  in_port=    3  dl_src=00:00:00:00:00:13  dl_dst=00:00:00:00:00:1f  dl_vlan=65535  dl_vlan_pcp=  0  dl_type=     0  nw_tos=   0  nw_proto=   0  nw_src= 0xa000013  nw_dst= 0xa00001f  tp_src= 1257  tp_dst=59873
Mar 27 01:13:16|00080|ofp_util|INFO|post: wildcards=  0x2ffff0  in_port=    3  dl_src=00:00:00:00:00:13  dl_dst=00:00:00:00:00:1f  dl_vlan=65535  dl_vlan_pcp=  0  dl_type=     0  nw_tos=   0  nw_proto=   0  nw_src=         0  nw_dst=         0  tp_src=    0  tp_dst=    0
Mar 27 01:14:16|00081|ofp_util|INFO|Dropped 21 log messages in last 60 seconds due to excessive rate
Mar 27 01:14:16|00082|ofp_util|INFO|normalization changed ofp_match, details:
Mar 27 01:14:16|00083|ofp_util|INFO| pre: wildcards=  0x200030  in_port=    5  dl_src=00:00:00:00:00:15  dl_dst=00:00:00:00:00:1f  dl_vlan=65535  dl_vlan_pcp=  0  dl_type=     0  nw_tos=   0  nw_proto=   0  nw_src= 0xa000015  nw_dst= 0xa00001f  tp_src= 1263  tp_dst=49058
Mar 27 01:14:16|00084|ofp_util|INFO|post: wildcards=  0x2ffff0  in_port=    5  dl_src=00:00:00:00:00:15  dl_dst=00:00:00:00:00:1f  dl_vlan=65535  dl_vlan_pcp=  0  dl_type=     0  nw_tos=   0  nw_proto=   0  nw_src=         0  nw_dst=         0  tp_src=    0  tp_dst=    0
Mar 27 01:15:16|00085|ofp_util|INFO|Dropped 20 log messages in last 61 seconds due to excessive rate
Mar 27 01:15:16|00086|ofp_util|INFO|normalization changed ofp_match, details:
Mar 27 01:15:16|00087|ofp_util|INFO| pre: wildcards=  0x200030  in_port=    2  dl_src=00:00:00:00:00:17  dl_dst=00:00:00:00:00:1f  dl_vlan=65535  dl_vlan_pcp=  0  dl_type=     0  nw_tos=   0  nw_proto=   0  nw_src= 0xa000017  nw_dst= 0xa00001f  tp_src= 1261  tp_dst=43681
Mar 27 01:15:16|00088|ofp_util|INFO|post: wildcards=  0x2ffff0  in_port=    2  dl_src=00:00:00:00:00:17  dl_dst=00:00:00:00:00:1f  dl_vlan=65535  dl_vlan_pcp=  0  dl_type=     0  nw_tos=   0  nw_proto=   0  nw_src=         0  nw_dst=         0  tp_src=    0  tp_dst=    0
Mar 27 01:16:25|00089|ofp_util|INFO|Dropped 23 log messages in last 69 seconds due to excessive rate
Mar 27 01:16:25|00090|ofp_util|INFO|normalization changed ofp_match, details:
Mar 27 01:16:25|00091|ofp_util|INFO| pre: wildcards=  0x200030  in_port=    2  dl_src=00:00:00:00:00:1b  dl_dst=00:00:00:00:00:1f  dl_vlan=65535  dl_vlan_pcp=  0  dl_type=     0  nw_tos=   0  nw_proto=   0  nw_src= 0xa00001b  nw_dst= 0xa00001f  tp_src= 1263  tp_dst=50581
Mar 27 01:16:25|00092|ofp_util|INFO|post: wildcards=  0x2ffff0  in_port=    2  dl_src=00:00:00:00:00:1b  dl_dst=00:00:00:00:00:1f  dl_vlan=65535  dl_vlan_pcp=  0  dl_type=     0  nw_tos=   0  nw_proto=   0  nw_src=         0  nw_dst=         0  tp_src=    0  tp_dst=    0
Mar 27 01:17:19|00093|ofp_util|INFO|Dropped 29 log messages in last 54 seconds due to excessive rate
Mar 27 01:17:19|00094|ofp_util|INFO|normalization changed ofp_match, details:
Mar 27 01:17:19|00095|ofp_util|INFO| pre: wildcards=  0x200030  in_port=    2  dl_src=00:00:00:00:00:0d  dl_dst=00:00:00:00:00:1f  dl_vlan=65535  dl_vlan_pcp=  0  dl_type=     0  nw_tos=   0  nw_proto=   0  nw_src= 0xa00000d  nw_dst= 0xa00001f  tp_src= 1273  tp_dst=59115
Mar 27 01:17:19|00096|ofp_util|INFO|post: wildcards=  0x2ffff0  in_port=    2  dl_src=00:00:00:00:00:0d  dl_dst=00:00:00:00:00:1f  dl_vlan=65535  dl_vlan_pcp=  0  dl_type=     0  nw_tos=   0  nw_proto=   0  nw_src=         0  nw_dst=         0  tp_src=    0  tp_dst=    0
Mar 27 01:18:19|00097|ofp_util|INFO|Dropped 19 log messages in last 60 seconds due to excessive rate
Mar 27 01:18:19|00098|ofp_util|INFO|normalization changed ofp_match, details:
Mar 27 01:18:19|00099|ofp_util|INFO| pre: wildcards=  0x200030  in_port=    4  dl_src=00:00:00:00:00:18  dl_dst=00:00:00:00:00:1f  dl_vlan=65535  dl_vlan_pcp=  0  dl_type=     0  nw_tos=   0  nw_proto=   0  nw_src= 0xa000018  nw_dst= 0xa00001f  tp_src= 1272  tp_dst=44256
Mar 27 01:18:19|00100|ofp_util|INFO|post: wildcards=  0x2ffff0  in_port=    4  dl_src=00:00:00:00:00:18  dl_dst=00:00:00:00:00:1f  dl_vlan=65535  dl_vlan_pcp=  0  dl_type=     0  nw_tos=   0  nw_proto=   0  nw_src=         0  nw_dst=         0  tp_src=    0  tp_dst=    0
Mar 27 01:19:23|00101|ofp_util|INFO|Dropped 14 log messages in last 63 seconds due to excessive rate
Mar 27 01:19:23|00102|ofp_util|INFO|normalization changed ofp_match, details:
Mar 27 01:19:23|00103|ofp_util|INFO| pre: wildcards=  0x200030  in_port=    3  dl_src=00:00:00:00:00:1b  dl_dst=00:00:00:00:00:1f  dl_vlan=65535  dl_vlan_pcp=  0  dl_type=     0  nw_tos=   0  nw_proto=   0  nw_src= 0xa00001b  nw_dst= 0xa00001f  tp_src= 1273  tp_dst=38041
Mar 27 01:19:23|00104|ofp_util|INFO|post: wildcards=  0x2ffff0  in_port=    3  dl_src=00:00:00:00:00:1b  dl_dst=00:00:00:00:00:1f  dl_vlan=65535  dl_vlan_pcp=  0  dl_type=     0  nw_tos=   0  nw_proto=   0  nw_src=         0  nw_dst=         0  tp_src=    0  tp_dst=    0
Mar 27 01:20:17|00105|ofp_util|INFO|Dropped 21 log messages in last 55 seconds due to excessive rate
Mar 27 01:20:17|00106|ofp_util|INFO|normalization changed ofp_match, details:
Mar 27 01:20:17|00107|ofp_util|INFO| pre: wildcards=  0x200030  in_port=    5  dl_src=00:00:00:00:00:0d  dl_dst=00:00:00:00:00:1f  dl_vlan=65535  dl_vlan_pcp=  0  dl_type=     0  nw_tos=   0  nw_proto=   0  nw_src= 0xa00000d  nw_dst= 0xa00001f  tp_src= 1278  tp_dst=33301
Mar 27 01:20:17|00108|ofp_util|INFO|post: wildcards=  0x2ffff0  in_port=    5  dl_src=00:00:00:00:00:0d  dl_dst=00:00:00:00:00:1f  dl_vlan=65535  dl_vlan_pcp=  0  dl_type=     0  nw_tos=   0  nw_proto=   0  nw_src=         0  nw_dst=         0  tp_src=    0  tp_dst=    0
Mar 27 01:21:17|00109|ofp_util|INFO|Dropped 22 log messages in last 60 seconds due to excessive rate
Mar 27 01:21:17|00110|ofp_util|INFO|normalization changed ofp_match, details:
Mar 27 01:21:17|00111|ofp_util|INFO| pre: wildcards=  0x200030  in_port=    4  dl_src=00:00:00:00:00:13  dl_dst=00:00:00:00:00:1f  dl_vlan=65535  dl_vlan_pcp=  0  dl_type=     0  nw_tos=   0  nw_proto=   0  nw_src= 0xa000013  nw_dst= 0xa00001f  tp_src=    3  tp_dst=    3
Mar 27 01:21:17|00112|ofp_util|INFO|post: wildcards=  0x2ffff0  in_port=    4  dl_src=00:00:00:00:00:13  dl_dst=00:00:00:00:00:1f  dl_vlan=65535  dl_vlan_pcp=  0  dl_type=     0  nw_tos=   0  nw_proto=   0  nw_src=         0  nw_dst=         0  tp_src=    0  tp_dst=    0
Mar 27 01:22:20|00113|ofp_util|INFO|Dropped 22 log messages in last 62 seconds due to excessive rate
Mar 27 01:22:20|00114|ofp_util|INFO|normalization changed ofp_match, details:
Mar 27 01:22:20|00115|ofp_util|INFO| pre: wildcards=  0x200030  in_port=    2  dl_src=00:00:00:00:00:11  dl_dst=00:00:00:00:00:1f  dl_vlan=65535  dl_vlan_pcp=  0  dl_type=     0  nw_tos=   0  nw_proto=   0  nw_src= 0xa000011  nw_dst= 0xa00001f  tp_src= 1279  tp_dst=53686
Mar 27 01:22:20|00116|ofp_util|INFO|post: wildcards=  0x2ffff0  in_port=    2  dl_src=00:00:00:00:00:11  dl_dst=00:00:00:00:00:1f  dl_vlan=65535  dl_vlan_pcp=  0  dl_type=     0  nw_tos=   0  nw_proto=   0  nw_src=         0  nw_dst=         0  tp_src=    0  tp_dst=    0
Mar 27 01:23:23|00117|ofp_util|INFO|Dropped 16 log messages in last 63 seconds due to excessive rate
Mar 27 01:23:23|00118|ofp_util|INFO|normalization changed ofp_match, details:
Mar 27 01:23:23|00119|ofp_util|INFO| pre: wildcards=  0x200030  in_port=    4  dl_src=00:00:00:00:00:16  dl_dst=00:00:00:00:00:1f  dl_vlan=65535  dl_vlan_pcp=  0  dl_type=     0  nw_tos=   0  nw_proto=   0  nw_src= 0xa000016  nw_dst= 0xa00001f  tp_src= 1273  tp_dst=51772
Mar 27 01:23:23|00120|ofp_util|INFO|post: wildcards=  0x2ffff0  in_port=    4  dl_src=00:00:00:00:00:16  dl_dst=00:00:00:00:00:1f  dl_vlan=65535  dl_vlan_pcp=  0  dl_type=     0  nw_tos=   0  nw_proto=   0  nw_src=         0  nw_dst=         0  tp_src=    0  tp_dst=    0
Mar 27 01:24:21|00121|ofp_util|INFO|Dropped 17 log messages in last 57 seconds due to excessive rate
Mar 27 01:24:21|00122|ofp_util|INFO|normalization changed ofp_match, details:
Mar 27 01:24:21|00123|ofp_util|INFO| pre: wildcards=  0x200030  in_port=    4  dl_src=00:00:00:00:00:17  dl_dst=00:00:00:00:00:1f  dl_vlan=65535  dl_vlan_pcp=  0  dl_type=     0  nw_tos=   0  nw_proto=   0  nw_src= 0xa000017  nw_dst= 0xa00001f  tp_src= 1281  tp_dst=54117
Mar 27 01:24:21|00124|ofp_util|INFO|post: wildcards=  0x2ffff0  in_port=    4  dl_src=00:00:00:00:00:17  dl_dst=00:00:00:00:00:1f  dl_vlan=65535  dl_vlan_pcp=  0  dl_type=     0  nw_tos=   0  nw_proto=   0  nw_src=         0  nw_dst=         0  tp_src=    0  tp_dst=    0
Mar 27 01:25:16|00125|ofp_util|INFO|Dropped 23 log messages in last 56 seconds due to excessive rate
Mar 27 01:25:16|00126|ofp_util|INFO|normalization changed ofp_match, details:
Mar 27 01:25:16|00127|ofp_util|INFO| pre: wildcards=  0x200030  in_port=    2  dl_src=00:00:00:00:00:14  dl_dst=00:00:00:00:00:1f  dl_vlan=65535  dl_vlan_pcp=  0  dl_type=     0  nw_tos=   0  nw_proto=   0  nw_src= 0xa000014  nw_dst= 0xa00001f  tp_src= 1287  tp_dst=40146
Mar 27 01:25:16|00128|ofp_util|INFO|post: wildcards=  0x2ffff0  in_port=    2  dl_src=00:00:00:00:00:14  dl_dst=00:00:00:00:00:1f  dl_vlan=65535  dl_vlan_pcp=  0  dl_type=     0  nw_tos=   0  nw_proto=   0  nw_src=         0  nw_dst=         0  tp_src=    0  tp_dst=    0
Mar 27 01:26:17|00129|ofp_util|INFO|Dropped 18 log messages in last 61 seconds due to excessive rate
Mar 27 01:26:17|00130|ofp_util|INFO|normalization changed ofp_match, details:
Mar 27 01:26:17|00131|ofp_util|INFO| pre: wildcards=  0x200030  in_port=    5  dl_src=00:00:00:00:00:14  dl_dst=00:00:00:00:00:1f  dl_vlan=65535  dl_vlan_pcp=  0  dl_type=     0  nw_tos=   0  nw_proto=   0  nw_src= 0xa000014  nw_dst= 0xa00001f  tp_src= 1290  tp_dst=59909
Mar 27 01:26:17|00132|ofp_util|INFO|post: wildcards=  0x2ffff0  in_port=    5  dl_src=00:00:00:00:00:14  dl_dst=00:00:00:00:00:1f  dl_vlan=65535  dl_vlan_pcp=  0  dl_type=     0  nw_tos=   0  nw_proto=   0  nw_src=         0  nw_dst=         0  tp_src=    0  tp_dst=    0
Mar 27 01:27:18|00133|ofp_util|INFO|Dropped 8 log messages in last 55 seconds due to excessive rate
Mar 27 01:27:18|00134|ofp_util|INFO|normalization changed ofp_match, details:
Mar 27 01:27:18|00135|ofp_util|INFO| pre: wildcards=  0x200030  in_port=    3  dl_src=00:00:00:00:00:0f  dl_dst=00:00:00:00:00:1f  dl_vlan=65535  dl_vlan_pcp=  0  dl_type=     0  nw_tos=   0  nw_proto=   0  nw_src= 0xa00000f  nw_dst= 0xa00001f  tp_src=    3  tp_dst=    3
Mar 27 01:27:18|00136|ofp_util|INFO|post: wildcards=  0x2ffff0  in_port=    3  dl_src=00:00:00:00:00:0f  dl_dst=00:00:00:00:00:1f  dl_vlan=65535  dl_vlan_pcp=  0  dl_type=     0  nw_tos=   0  nw_proto=   0  nw_src=         0  nw_dst=         0  tp_src=    0  tp_dst=    0
Mar 27 01:28:22|00137|ofp_util|INFO|Dropped 23 log messages in last 64 seconds due to excessive rate
Mar 27 01:28:22|00138|ofp_util|INFO|normalization changed ofp_match, details:
Mar 27 01:28:22|00139|ofp_util|INFO| pre: wildcards=  0x200030  in_port=    3  dl_src=00:00:00:00:00:15  dl_dst=00:00:00:00:00:1f  dl_vlan=65535  dl_vlan_pcp=  0  dl_type=     0  nw_tos=   0  nw_proto=   0  nw_src= 0xa000015  nw_dst= 0xa00001f  tp_src= 1286  tp_dst=36052
Mar 27 01:28:22|00140|ofp_util|INFO|post: wildcards=  0x2ffff0  in_port=    3  dl_src=00:00:00:00:00:15  dl_dst=00:00:00:00:00:1f  dl_vlan=65535  dl_vlan_pcp=  0  dl_type=     0  nw_tos=   0  nw_proto=   0  nw_src=         0  nw_dst=         0  tp_src=    0  tp_dst=    0
Mar 27 01:29:18|00141|ofp_util|INFO|Dropped 17 log messages in last 56 seconds due to excessive rate
Mar 27 01:29:18|00142|ofp_util|INFO|normalization changed ofp_match, details:
Mar 27 01:29:18|00143|ofp_util|INFO| pre: wildcards=  0x200030  in_port=    5  dl_src=00:00:00:00:00:16  dl_dst=00:00:00:00:00:1f  dl_vlan=65535  dl_vlan_pcp=  0  dl_type=     0  nw_tos=   0  nw_proto=   0  nw_src= 0xa000016  nw_dst= 0xa00001f  tp_src= 1282  tp_dst=44018
Mar 27 01:29:18|00144|ofp_util|INFO|post: wildcards=  0x2ffff0  in_port=    5  dl_src=00:00:00:00:00:16  dl_dst=00:00:00:00:00:1f  dl_vlan=65535  dl_vlan_pcp=  0  dl_type=     0  nw_tos=   0  nw_proto=   0  nw_src=         0  nw_dst=         0  tp_src=    0  tp_dst=    0
Mar 27 01:30:17|00145|ofp_util|INFO|Dropped 21 log messages in last 59 seconds due to excessive rate
Mar 27 01:30:17|00146|ofp_util|INFO|normalization changed ofp_match, details:
Mar 27 01:30:17|00147|ofp_util|INFO| pre: wildcards=  0x200030  in_port=    5  dl_src=00:00:00:00:00:17  dl_dst=00:00:00:00:00:1f  dl_vlan=65535  dl_vlan_pcp=  0  dl_type=     0  nw_tos=   0  nw_proto=   0  nw_src= 0xa000017  nw_dst= 0xa00001f  tp_src= 1289  tp_dst=46457
Mar 27 01:30:17|00148|ofp_util|INFO|post: wildcards=  0x2ffff0  in_port=    5  dl_src=00:00:00:00:00:17  dl_dst=00:00:00:00:00:1f  dl_vlan=65535  dl_vlan_pcp=  0  dl_type=     0  nw_tos=   0  nw_proto=   0  nw_src=         0  nw_dst=         0  tp_src=    0  tp_dst=    0
Mar 27 01:31:07|00149|rconn|INFO|dp2<->tcp:127.0.0.1:6633: connection closed by peer
Mar 27 01:31:07|00150|netdev_linux|WARN|ethtool command ETHTOOL_GSET on network device s3-eth1 failed: No such device
Mar 27 01:31:07|00151|timeval|WARN|80 ms poll interval (0 ms user, 0 ms system) is over 128 times the weighted mean interval 1 ms (4266 samples)
Mar 27 01:31:07|00152|timeval|WARN|context switches: 1 voluntary, 0 involuntary
Mar 27 01:31:07|00153|coverage|INFO|Event coverage (epoch 4266/entire run), hash=8ce1c602:
Mar 27 01:31:07|00154|coverage|INFO|ofproto_update_port          1 /         5
Mar 27 01:31:07|00155|coverage|INFO|poll_fd_wait                 7 /     38166
Mar 27 01:31:07|00156|coverage|INFO|poll_zero_timeout            1 /         6
Mar 27 01:31:07|00157|coverage|INFO|util_xalloc                152 /     92444
Mar 27 01:31:07|00158|coverage|INFO|netdev_get_hwaddr            1 /        11
Mar 27 01:31:07|00159|coverage|INFO|netdev_ethtool               1 /        11
Mar 27 01:31:07|00160|coverage|INFO|netlink_received            55 /       294
Mar 27 01:31:07|00161|coverage|INFO|rtnetlink_changed           55 /       294
Mar 27 01:31:07|00162|coverage|INFO|facet_changed_rule           0 /       372
Mar 27 01:31:07|00163|coverage|INFO|facet_revalidate             0 /      8624
Mar 27 01:31:07|00164|coverage|INFO|ofproto_del_rule             0 /       341
Mar 27 01:31:07|00165|coverage|INFO|ofproto_error                0 /         1
Mar 27 01:31:07|00166|coverage|INFO|ofproto_expiration           0 /      1855
Mar 27 01:31:07|00167|coverage|INFO|ofproto_expired              0 /       341
Mar 27 01:31:07|00168|coverage|INFO|ofproto_ofp2odp              0 /      9676
Mar 27 01:31:07|00169|coverage|INFO|ofproto_packet_in            0 /       639
Mar 27 01:31:07|00170|coverage|INFO|ofproto_recv_openflow        0 /      1484
Mar 27 01:31:07|00171|coverage|INFO|pktbuf_retrieved             0 /       610
Mar 27 01:31:07|00172|coverage|INFO|dpif_flow_flush              0 /         1
Mar 27 01:31:07|00173|coverage|INFO|dpif_flow_put                0 /      1060
Mar 27 01:31:07|00174|coverage|INFO|dpif_flow_del                0 /      1052
Mar 27 01:31:07|00175|coverage|INFO|dpif_flow_query_list         0 /      1855
Mar 27 01:31:07|00176|coverage|INFO|dpif_flow_query_list_n       0 /     16363
Mar 27 01:31:07|00177|coverage|INFO|dpif_execute                 0 /      1397
Mar 27 01:31:07|00178|coverage|INFO|dpif_purge                   0 /         1
Mar 27 01:31:07|00179|coverage|INFO|flow_extract                 0 /      2036
Mar 27 01:31:07|00180|coverage|INFO|hmap_expand                  0 /        21
Mar 27 01:31:07|00181|coverage|INFO|rconn_overflow               0 /        21
Mar 27 01:31:07|00182|coverage|INFO|rconn_queued                 0 /      1221
Mar 27 01:31:07|00183|coverage|INFO|rconn_sent                   0 /      1221
Mar 27 01:31:07|00184|coverage|INFO|vconn_open                   0 /         4
Mar 27 01:31:07|00185|coverage|INFO|vconn_received               0 /      1485
Mar 27 01:31:07|00186|coverage|INFO|vconn_sent                   0 /      1222
Mar 27 01:31:07|00187|coverage|INFO|pstream_open                 0 /         1
Mar 27 01:31:07|00188|coverage|INFO|stream_open                  0 /         4
Mar 27 01:31:07|00189|coverage|INFO|50 events never hit
Mar 27 01:31:07|00190|rconn|INFO|dp2<->tcp:127.0.0.1:6633: connecting...
Mar 27 01:31:07|00191|rconn|WARN|dp2<->tcp:127.0.0.1:6633: connection failed (Connection refused)
Mar 27 01:31:07|00192|rconn|INFO|dp2<->tcp:127.0.0.1:6633: waiting 2 seconds before reconnect
Mar 27 01:31:09|00193|rconn|INFO|dp2<->tcp:127.0.0.1:6633: connecting...
Mar 27 01:31:09|00194|rconn|WARN|dp2<->tcp:127.0.0.1:6633: connection failed (Connection refused)
Mar 27 01:31:09|00195|rconn|INFO|dp2<->tcp:127.0.0.1:6633: waiting 4 seconds before reconnect
Mar 27 01:31:09|00196|timeval|WARN|7 ms poll interval (0 ms user, 0 ms system) is over 11 times the weighted mean interval 1 ms (4320 samples)
Mar 27 01:31:09|00197|timeval|WARN|context switches: 1 voluntary, 0 involuntary
Mar 27 01:31:09|00198|coverage|INFO|Event coverage (epoch 4320/entire run), hash=b3e89ff2:
Mar 27 01:31:09|00199|coverage|INFO|ofproto_update_port          1 /         7
Mar 27 01:31:09|00200|coverage|INFO|hmap_expand                  2 /        24
Mar 27 01:31:09|00201|coverage|INFO|poll_fd_wait                 7 /     38596
Mar 27 01:31:09|00202|coverage|INFO|poll_zero_timeout            1 /         8
Mar 27 01:31:09|00203|coverage|INFO|util_xalloc                 62 /     93582
Mar 27 01:31:09|00204|coverage|INFO|netlink_received             5 /       355
Mar 27 01:31:09|00205|coverage|INFO|rtnetlink_changed            5 /       355
Mar 27 01:31:09|00206|coverage|INFO|facet_changed_rule           0 /       372
Mar 27 01:31:09|00207|coverage|INFO|facet_revalidate             0 /      8624
Mar 27 01:31:09|00208|coverage|INFO|ofproto_del_rule             0 /       341
Mar 27 01:31:09|00209|coverage|INFO|ofproto_error                0 /         1
Mar 27 01:31:09|00210|coverage|INFO|ofproto_expiration           0 /      1857
Mar 27 01:31:09|00211|coverage|INFO|ofproto_expired              0 /       341
Mar 27 01:31:09|00212|coverage|INFO|ofproto_ofp2odp              0 /      9676
Mar 27 01:31:09|00213|coverage|INFO|ofproto_packet_in            0 /       639
Mar 27 01:31:09|00214|coverage|INFO|ofproto_recv_openflow        0 /      1484
Mar 27 01:31:09|00215|coverage|INFO|pktbuf_retrieved             0 /       610
Mar 27 01:31:09|00216|coverage|INFO|dpif_flow_flush              0 /         1
Mar 27 01:31:09|00217|coverage|INFO|dpif_flow_put                0 /      1060
Mar 27 01:31:09|00218|coverage|INFO|dpif_flow_del                0 /      1052
Mar 27 01:31:09|00219|coverage|INFO|dpif_flow_query_list         0 /      1857
Mar 27 01:31:09|00220|coverage|INFO|dpif_flow_query_list_n       0 /     16363
Mar 27 01:31:09|00221|coverage|INFO|dpif_execute                 0 /      1397
Mar 27 01:31:09|00222|coverage|INFO|dpif_purge                   0 /         1
Mar 27 01:31:09|00223|coverage|INFO|flow_extract                 0 /      2036
Mar 27 01:31:09|00224|coverage|INFO|rconn_overflow               0 /        21
Mar 27 01:31:09|00225|coverage|INFO|rconn_queued                 0 /      1221
Mar 27 01:31:09|00226|coverage|INFO|rconn_sent                   0 /      1221
Mar 27 01:31:09|00227|coverage|INFO|vconn_open                   0 /         6
Mar 27 01:31:09|00228|coverage|INFO|vconn_received               0 /      1485
Mar 27 01:31:09|00229|coverage|INFO|vconn_sent                   0 /      1222
Mar 27 01:31:09|00230|coverage|INFO|netdev_get_hwaddr            0 /        11
Mar 27 01:31:09|00231|coverage|INFO|netdev_ethtool               0 /        11
Mar 27 01:31:09|00232|coverage|INFO|pstream_open                 0 /         1
Mar 27 01:31:09|00233|coverage|INFO|stream_open                  0 /         6
Mar 27 01:31:09|00234|coverage|INFO|50 events never hit
Mar 27 01:31:09|00235|dpif_linux|WARN|system@dp2: read failed: No such device
Mar 27 01:31:09|00236|ofproto|ERR|system@dp2: datapath was destroyed externally
ovs-openflowd: unrecoverable datapath error (No such device)
