Starting client at 10.0.0.26:1286 with timeout:10
My IP address is 10.0.0.26Skipped Seq from 378 to 381
Skipped Seq from 382 to 384
Skipped Seq from 384 to 389
Skipped Seq from 390 to 394
Skipped Seq from 416 to 420
Skipped Seq from 458 to 460
Skipped Seq from 472 to 496
Skipped Seq from 496 to 498
Skipped Seq from 499 to 502
Skipped Seq from 504 to 506
Skipped Seq from 509 to 511
Skipped Seq from 512 to 517
Skipped Seq from 517 to 522
Skipped Seq from 522 to 526
Skipped Seq from 527 to 545
Skipped Seq from 545 to 548
Skipped Seq from 549 to 553
Skipped Seq from 553 to 556
Skipped Seq from 556 to 563
Skipped Seq from 563 to 586
Skipped Seq from 587 to 589
Skipped Seq from 590 to 594
Skipped Seq from 595 to 597
Skipped Seq from 598 to 601
Skipped Seq from 602 to 605
Skipped Seq from 606 to 613
Skipped Seq from 613 to 645
Skipped Seq from 645 to 652
Number of times throttled: 2
Received: 495 / 659 packets
Start time: 1332765517.617990
End time: 1332765533.216102
Duration: 15.598112
