Starting client at 10.0.0.19:1234 with timeout:10
My IP address is 10.0.0.19Skipped Seq from 570 to 572
Skipped Seq from 572 to 574
Skipped Seq from 574 to 578
Skipped Seq from 578 to 582
Skipped Seq from 585 to 587
Skipped Seq from 592 to 594
Skipped Seq from 632 to 634
Skipped Seq from 652 to 660
Skipped Seq from 660 to 734
Skipped Seq from 741 to 745
Skipped Seq from 746 to 748
Skipped Seq from 749 to 751
Skipped Seq from 765 to 770
Skipped Seq from 770 to 772
Skipped Seq from 801 to 803
Skipped Seq from 821 to 825
Skipped Seq from 826 to 830
Skipped Seq from 830 to 841
Skipped Seq from 841 to 844
Skipped Seq from 857 to 859
Skipped Seq from 871 to 873
Skipped Seq from 890 to 892
Skipped Seq from 903 to 905
Skipped Seq from 913 to 917
Skipped Seq from 920 to 922
Skipped Seq from 926 to 948
Skipped Seq from 949 to 954
Skipped Seq from 954 to 956
Skipped Seq from 956 to 983
Skipped Seq from 1021 to 1023
Skipped Seq from 1023 to 1027
Skipped Seq from 1030 to 1032
Skipped Seq from 1036 to 1038
Skipped Seq from 1038 to 1040
Skipped Seq from 1054 to 1072
Skipped Seq from 1072 to 1074
Skipped Seq from 1075 to 1083
Skipped Seq from 1086 to 1089
Skipped Seq from 1089 to 1133
Skipped Seq from 1133 to 1160
Skipped Seq from 1160 to 1230
Skipped Seq from 1233 to 1245
Skipped Seq from 1245 to 1287
Skipped Seq from 1287 to 1315
Skipped Seq from 1315 to 1337
Skipped Seq from 1337 to 1345
Skipped Seq from 1358 to 1435
Skipped Seq from 1435 to 1476
Skipped Seq from 1476 to 1478
Skipped Seq from 1484 to 1505
Skipped Seq from 1510 to 1514
Skipped Seq from 1515 to 1518
Skipped Seq from 1523 to 1525
Skipped Seq from 1530 to 1532
Skipped Seq from 1537 to 1543
Skipped Seq from 1543 to 1545
Skipped Seq from 1555 to 1557
Skipped Seq from 1560 to 1564
Skipped Seq from 1568 to 1573
Skipped Seq from 1584 to 1645
Skipped Seq from 1645 to 1660
Skipped Seq from 1660 to 1662
Skipped Seq from 1663 to 1669
Skipped Seq from 1671 to 1673
Skipped Seq from 1674 to 1676
Skipped Seq from 1682 to 1698
Skipped Seq from 1699 to 1702
Skipped Seq from 1703 to 1705
Skipped Seq from 1717 to 1719
Skipped Seq from 1720 to 1722
Skipped Seq from 1724 to 1727
Skipped Seq from 1727 to 1729
Skipped Seq from 1730 to 1732
Skipped Seq from 1733 to 1735
Skipped Seq from 1745 to 1747
Skipped Seq from 1753 to 1755
Skipped Seq from 1755 to 1757
Skipped Seq from 1790 to 1792
Skipped Seq from 1825 to 1827
Skipped Seq from 4297 to 4299
Skipped Seq from 4304 to 4306
Skipped Seq from 4317 to 4320
Skipped Seq from 4320 to 4322
Skipped Seq from 4324 to 4327
Skipped Seq from 4327 to 4330
Skipped Seq from 4332 to 4335
Skipped Seq from 4337 to 4339
Skipped Seq from 4339 to 4341
Skipped Seq from 4341 to 4344
Skipped Seq from 4344 to 4346
Skipped Seq from 4349 to 4351
Skipped Seq from 4355 to 4357
Skipped Seq from 4358 to 4361
Skipped Seq from 4361 to 4364
Skipped Seq from 4420 to 4425
Skipped Seq from 4425 to 4427
Skipped Seq from 4427 to 4429
Skipped Seq from 4429 to 4431
Skipped Seq from 4431 to 4438
Skipped Seq from 4438 to 4440
Skipped Seq from 4440 to 4442
Skipped Seq from 4442 to 4449
Skipped Seq from 4449 to 4451
Skipped Seq from 4451 to 4453
Skipped Seq from 4492 to 4494
Skipped Seq from 4494 to 4499
Skipped Seq from 4499 to 4501
Skipped Seq from 4501 to 4503
Skipped Seq from 4503 to 4505
Skipped Seq from 4505 to 4507
Skipped Seq from 4507 to 4509
Skipped Seq from 4509 to 4512
Skipped Seq from 4512 to 4514
Skipped Seq from 4514 to 4516
Skipped Seq from 4516 to 4518
Skipped Seq from 4518 to 4520
Skipped Seq from 4520 to 4522
Skipped Seq from 4522 to 4528
Skipped Seq from 4528 to 4530
Skipped Seq from 4530 to 4532
Skipped Seq from 4532 to 4534
Skipped Seq from 4534 to 4536
Skipped Seq from 4541 to 4543
Skipped Seq from 4545 to 4547
Skipped Seq from 4549 to 4551
Skipped Seq from 4564 to 4567
Skipped Seq from 4567 to 4570
Skipped Seq from 4570 to 4572
Skipped Seq from 4572 to 4574
Skipped Seq from 4585 to 4587
Skipped Seq from 4589 to 4591
Skipped Seq from 4594 to 4597
Skipped Seq from 4597 to 4599
Skipped Seq from 4604 to 4606
Skipped Seq from 4611 to 4613
Skipped Seq from 4613 to 4615
Skipped Seq from 4618 to 4620
Skipped Seq from 4620 to 4622
Skipped Seq from 4625 to 4627
Skipped Seq from 4633 to 4635
Skipped Seq from 4635 to 4646
Skipped Seq from 4649 to 4651
Skipped Seq from 4655 to 4657
Skipped Seq from 4671 to 4673
Skipped Seq from 4709 to 4711
Skipped Seq from 4725 to 4727
Skipped Seq from 4727 to 4730
Skipped Seq from 4730 to 4733
Skipped Seq from 4733 to 4736
Skipped Seq from 4736 to 4738
Skipped Seq from 4738 to 4742
Skipped Seq from 4742 to 4745
Skipped Seq from 4745 to 4748
Skipped Seq from 4748 to 4750
Skipped Seq from 4751 to 4753
Skipped Seq from 4753 to 4755
Skipped Seq from 4755 to 4758
Skipped Seq from 4760 to 4764
Skipped Seq from 4765 to 4768
Skipped Seq from 4768 to 4770
Skipped Seq from 4771 to 4773
Skipped Seq from 4773 to 4776
Skipped Seq from 4776 to 4779
Skipped Seq from 4779 to 4781
Skipped Seq from 4781 to 4783
Skipped Seq from 4793 to 4795
Skipped Seq from 4796 to 4798
Skipped Seq from 4807 to 4809
Skipped Seq from 4813 to 4816
Skipped Seq from 4816 to 4818
Skipped Seq from 4822 to 4824
Skipped Seq from 4825 to 4830
Skipped Seq from 4831 to 4836
Skipped Seq from 4836 to 4840
Skipped Seq from 4840 to 4843
Skipped Seq from 4844 to 4846
Skipped Seq from 4847 to 4849
Skipped Seq from 4851 to 4854
Skipped Seq from 4907 to 4909
Skipped Seq from 4963 to 4965
Skipped Seq from 4994 to 4996
Skipped Seq from 5029 to 5031
Skipped Seq from 5064 to 5069
Skipped Seq from 5082 to 5084
Skipped Seq from 5124 to 5138
Skipped Seq from 5138 to 5144
Skipped Seq from 5144 to 5147
Skipped Seq from 5147 to 5154
Skipped Seq from 5154 to 5160
Skipped Seq from 5160 to 5168
Skipped Seq from 5183 to 5185
Skipped Seq from 5192 to 5194
Skipped Seq from 5199 to 5201
Skipped Seq from 5206 to 5208
Skipped Seq from 5208 to 5211
Skipped Seq from 5233 to 5236
Skipped Seq from 5237 to 5240
Skipped Seq from 5277 to 5280
Skipped Seq from 5280 to 5282
Skipped Seq from 5300 to 5302
Number of times throttled: 10
Received: 27076 / 28029 packets
Start time: 1332763831.469372
End time: 1332764000.530163
Duration: 169.060791
