Starting client at 10.0.0.23:1239 with timeout:10
My IP address is 10.0.0.23Skipped Seq from 1695 to 1700
Skipped Seq from 1707 to 1709
Skipped Seq from 1717 to 1719
Skipped Seq from 1736 to 1738
Skipped Seq from 1745 to 1748
Skipped Seq from 1748 to 1750
Skipped Seq from 1774 to 1776
Skipped Seq from 1817 to 1820
Skipped Seq from 1832 to 1834
Skipped Seq from 1888 to 1893
Skipped Seq from 1916 to 1918
Skipped Seq from 1935 to 1938
Skipped Seq from 1951 to 1954
Skipped Seq from 1964 to 1966
Skipped Seq from 1966 to 1968
Skipped Seq from 1968 to 1970
Skipped Seq from 2182 to 2184
Skipped Seq from 2314 to 2316
Skipped Seq from 2356 to 2358
Skipped Seq from 2461 to 2464
Skipped Seq from 2464 to 2466
Skipped Seq from 2466 to 2469
Skipped Seq from 2474 to 2476
Skipped Seq from 2495 to 2497
Skipped Seq from 2497 to 2499
Skipped Seq from 2506 to 2508
Skipped Seq from 2513 to 2515
Skipped Seq from 2548 to 2550
Skipped Seq from 5996 to 6015
Skipped Seq from 6017 to 6019
Skipped Seq from 6024 to 6029
Skipped Seq from 6034 to 6036
Skipped Seq from 6047 to 6097
Skipped Seq from 6097 to 6100
Skipped Seq from 6100 to 6103
Skipped Seq from 6104 to 6106
Skipped Seq from 6106 to 6109
Skipped Seq from 6109 to 6111
Skipped Seq from 6111 to 6116
Skipped Seq from 6116 to 6136
Skipped Seq from 6147 to 6149
Skipped Seq from 6167 to 6169
Skipped Seq from 6169 to 6171
Skipped Seq from 6175 to 6181
Skipped Seq from 6182 to 6184
Skipped Seq from 6185 to 6187
Skipped Seq from 6196 to 6198
Skipped Seq from 6199 to 6201
Skipped Seq from 6204 to 6206
Skipped Seq from 6230 to 6233
Skipped Seq from 6233 to 6239
Skipped Seq from 6240 to 6243
Skipped Seq from 6246 to 6248
Skipped Seq from 6251 to 6261
Skipped Seq from 6261 to 6266
Skipped Seq from 6267 to 6269
Skipped Seq from 6275 to 6277
Skipped Seq from 6290 to 6293
Skipped Seq from 6310 to 6315
Skipped Seq from 6320 to 6323
Skipped Seq from 6342 to 6344
Skipped Seq from 6344 to 6347
Skipped Seq from 6351 to 6354
Skipped Seq from 6365 to 6367
Skipped Seq from 6389 to 6392
Skipped Seq from 6427 to 6429
Skipped Seq from 6463 to 6492
Skipped Seq from 6496 to 6498
Skipped Seq from 6504 to 6518
Skipped Seq from 6518 to 6527
Skipped Seq from 6527 to 6529
Skipped Seq from 6557 to 6559
Skipped Seq from 6591 to 6593
Skipped Seq from 6598 to 6602
Skipped Seq from 6615 to 6642
Skipped Seq from 6650 to 6652
Skipped Seq from 6662 to 6664
Skipped Seq from 6686 to 6688
Skipped Seq from 6716 to 6720
Skipped Seq from 6724 to 6733
Skipped Seq from 6733 to 6735
Skipped Seq from 6735 to 6780
Skipped Seq from 6780 to 6785
Skipped Seq from 6785 to 6787
Skipped Seq from 6787 to 6790
Skipped Seq from 6790 to 6795
Skipped Seq from 6796 to 6812
Skipped Seq from 6812 to 6845
Skipped Seq from 6847 to 6849
Skipped Seq from 6850 to 6852
Skipped Seq from 6852 to 6865
Skipped Seq from 6866 to 6878
Skipped Seq from 6878 to 6887
Skipped Seq from 6888 to 6890
Skipped Seq from 6894 to 6896
Skipped Seq from 6896 to 6898
Skipped Seq from 6898 to 6901
Skipped Seq from 6901 to 6904
Skipped Seq from 6904 to 6908
Skipped Seq from 6908 to 6911
Skipped Seq from 6911 to 6913
Skipped Seq from 6915 to 6918
Skipped Seq from 6918 to 6920
Skipped Seq from 6923 to 6925
Skipped Seq from 6925 to 6928
Skipped Seq from 6928 to 6930
Skipped Seq from 6930 to 6933
Skipped Seq from 6933 to 6935
Skipped Seq from 6937 to 6940
Skipped Seq from 6940 to 6943
Skipped Seq from 6943 to 6945
Skipped Seq from 6946 to 6960
Skipped Seq from 6962 to 6965
Skipped Seq from 6965 to 6968
Skipped Seq from 6969 to 6971
Skipped Seq from 6973 to 6981
Skipped Seq from 6981 to 6987
Skipped Seq from 6987 to 6993
Skipped Seq from 6993 to 6995
Skipped Seq from 6995 to 6999
Skipped Seq from 6999 to 7001
Skipped Seq from 7003 to 7005
Skipped Seq from 7005 to 7007
Skipped Seq from 7007 to 7012
Skipped Seq from 7012 to 7015
Skipped Seq from 7015 to 7017
Skipped Seq from 7017 to 7019
Skipped Seq from 7019 to 7021
Skipped Seq from 7021 to 7023
Skipped Seq from 7023 to 7025
Skipped Seq from 7025 to 7027
Skipped Seq from 7027 to 7029
Skipped Seq from 7029 to 7031
Skipped Seq from 7031 to 7033
Skipped Seq from 7033 to 7035
Skipped Seq from 7035 to 7037
Skipped Seq from 7037 to 7039
Skipped Seq from 7039 to 7041
Skipped Seq from 7041 to 7043
Skipped Seq from 7043 to 7045
Skipped Seq from 7045 to 7048
Skipped Seq from 7048 to 7050
Skipped Seq from 7061 to 7063
Skipped Seq from 7065 to 7067
Skipped Seq from 7067 to 7069
Skipped Seq from 7069 to 7071
Skipped Seq from 7071 to 7074
Skipped Seq from 7074 to 7077
Skipped Seq from 7083 to 7085
Skipped Seq from 7086 to 7088
Skipped Seq from 7093 to 7095
Skipped Seq from 7095 to 7097
Skipped Seq from 7154 to 7156
Skipped Seq from 7158 to 7160
Skipped Seq from 7160 to 7162
Skipped Seq from 7162 to 7164
Skipped Seq from 7164 to 7166
Skipped Seq from 7176 to 7178
Skipped Seq from 7182 to 7184
Number of times throttled: 8
Received: 8347 / 8891 packets
Start time: 1332764014.440913
End time: 1332764073.653794
Duration: 59.212881
