Starting client at 10.0.0.14:1248 with timeout:10
My IP address is 10.0.0.14Skipped Seq from 2159 to 2161
Skipped Seq from 2177 to 2179
Skipped Seq from 2179 to 2182
Skipped Seq from 2185 to 2191
Skipped Seq from 2192 to 2194
Skipped Seq from 2194 to 2196
Skipped Seq from 2198 to 2200
Skipped Seq from 2201 to 2203
Skipped Seq from 2209 to 2211
Skipped Seq from 2238 to 2240
Skipped Seq from 2310 to 2312
Skipped Seq from 2317 to 2319
Skipped Seq from 2381 to 2385
Skipped Seq from 2412 to 2414
Skipped Seq from 2422 to 2428
Skipped Seq from 2430 to 2433
Skipped Seq from 2434 to 2436
Skipped Seq from 2523 to 2526
Skipped Seq from 2567 to 2569
Skipped Seq from 2592 to 2595
Skipped Seq from 2639 to 2642
Skipped Seq from 2642 to 2644
Skipped Seq from 2647 to 2649
Skipped Seq from 2653 to 2657
Skipped Seq from 2662 to 2664
Skipped Seq from 2668 to 2671
Skipped Seq from 2714 to 2716
Skipped Seq from 2737 to 2739
Skipped Seq from 2742 to 2744
Skipped Seq from 2753 to 2755
Skipped Seq from 2773 to 2775
Skipped Seq from 2775 to 2777
Skipped Seq from 2854 to 2856
Skipped Seq from 2905 to 2907
Skipped Seq from 2920 to 2922
Skipped Seq from 2937 to 2941
Skipped Seq from 2944 to 2946
Skipped Seq from 2947 to 2949
Skipped Seq from 2954 to 2958
Skipped Seq from 2974 to 2976
Skipped Seq from 2994 to 2996
Skipped Seq from 3023 to 3025
Skipped Seq from 3025 to 3027
Skipped Seq from 3043 to 3045
Skipped Seq from 3066 to 3068
Skipped Seq from 3079 to 3081
Skipped Seq from 3139 to 3141
Skipped Seq from 3171 to 3173
Skipped Seq from 3217 to 3219
Skipped Seq from 3225 to 3227
Skipped Seq from 3228 to 3230
Skipped Seq from 3241 to 3243
Skipped Seq from 3273 to 3275
Skipped Seq from 3306 to 3308
Number of times throttled: 4
Received: 4611 / 4687 packets
Start time: 1332764250.879745
End time: 1332764287.257346
Duration: 36.377601
