Starting client at 10.0.0.23:1256 with timeout:10
My IP address is 10.0.0.23Skipped Seq from 913 to 916
Skipped Seq from 916 to 918
Skipped Seq from 918 to 920
Skipped Seq from 923 to 929
Skipped Seq from 938 to 942
Skipped Seq from 946 to 949
Skipped Seq from 958 to 967
Skipped Seq from 967 to 977
Skipped Seq from 977 to 986
Skipped Seq from 986 to 1000
Skipped Seq from 1000 to 1002
Skipped Seq from 1002 to 1004
Skipped Seq from 1007 to 1009
Skipped Seq from 1019 to 1021
Skipped Seq from 1026 to 1028
Skipped Seq from 1040 to 1042
Skipped Seq from 1050 to 1053
Skipped Seq from 1053 to 1056
Skipped Seq from 1058 to 1061
Skipped Seq from 1065 to 1067
Skipped Seq from 1083 to 1086
Skipped Seq from 1086 to 1089
Skipped Seq from 1089 to 1092
Skipped Seq from 1092 to 1094
Skipped Seq from 1095 to 1097
Skipped Seq from 1098 to 1101
Skipped Seq from 1102 to 1106
Skipped Seq from 1106 to 1108
Skipped Seq from 1109 to 1111
Skipped Seq from 1112 to 1114
Skipped Seq from 1118 to 1120
Skipped Seq from 1121 to 1123
Skipped Seq from 1124 to 1131
Skipped Seq from 1131 to 1155
Skipped Seq from 1155 to 1157
Skipped Seq from 1157 to 1161
Skipped Seq from 1161 to 1163
Skipped Seq from 1163 to 1167
Skipped Seq from 1168 to 1170
Skipped Seq from 1170 to 1174
Skipped Seq from 1174 to 1177
Skipped Seq from 1177 to 1179
Skipped Seq from 1180 to 1182
Skipped Seq from 1182 to 1190
Skipped Seq from 1192 to 1198
Skipped Seq from 1198 to 1202
Skipped Seq from 1203 to 1205
Skipped Seq from 1205 to 1207
Skipped Seq from 1209 to 1211
Skipped Seq from 1211 to 1213
Skipped Seq from 1214 to 1223
Skipped Seq from 1235 to 1237
Skipped Seq from 1237 to 1243
Skipped Seq from 1243 to 1245
Skipped Seq from 1248 to 1250
Skipped Seq from 1250 to 1252
Skipped Seq from 1253 to 1256
Skipped Seq from 1259 to 1261
Skipped Seq from 1262 to 1264
Skipped Seq from 1268 to 1270
Skipped Seq from 1272 to 1274
Skipped Seq from 1274 to 1276
Skipped Seq from 1277 to 1279
Skipped Seq from 1280 to 1282
Skipped Seq from 1286 to 1288
Skipped Seq from 1288 to 1291
Skipped Seq from 1291 to 1297
Skipped Seq from 1306 to 1327
Skipped Seq from 1327 to 1392
Skipped Seq from 1628 to 1630
Skipped Seq from 1632 to 1634
Skipped Seq from 1636 to 1638
Skipped Seq from 1638 to 1640
Skipped Seq from 1642 to 1644
Skipped Seq from 1646 to 1648
Skipped Seq from 1648 to 1650
Skipped Seq from 1652 to 1655
Skipped Seq from 1657 to 1659
Skipped Seq from 1665 to 1668
Skipped Seq from 1669 to 1673
Skipped Seq from 1674 to 1676
Skipped Seq from 1676 to 1679
Skipped Seq from 1680 to 1683
Skipped Seq from 1686 to 1688
Skipped Seq from 1699 to 1701
Skipped Seq from 1706 to 1708
Skipped Seq from 1715 to 1717
Skipped Seq from 1721 to 1723
Skipped Seq from 1730 to 1732
Skipped Seq from 1734 to 1736
Skipped Seq from 1741 to 1743
Skipped Seq from 1743 to 1745
Skipped Seq from 1754 to 1756
Skipped Seq from 1756 to 1758
Skipped Seq from 1766 to 1768
Skipped Seq from 1768 to 1770
Skipped Seq from 1781 to 1783
Skipped Seq from 1783 to 1787
Skipped Seq from 1787 to 1789
Skipped Seq from 1795 to 1802
Skipped Seq from 1802 to 1804
Skipped Seq from 1808 to 1812
Skipped Seq from 1830 to 1832
Skipped Seq from 1865 to 1867
Skipped Seq from 1873 to 1879
Skipped Seq from 1889 to 1891
Skipped Seq from 1894 to 1899
Skipped Seq from 1900 to 1904
Skipped Seq from 1906 to 1908
Skipped Seq from 1908 to 1912
Skipped Seq from 1914 to 1923
Skipped Seq from 1923 to 1926
Skipped Seq from 1926 to 1928
Skipped Seq from 1929 to 1932
Skipped Seq from 1940 to 1942
Skipped Seq from 1942 to 1944
Skipped Seq from 1944 to 1949
Skipped Seq from 1950 to 1952
Skipped Seq from 1954 to 1967
Skipped Seq from 1967 to 1975
Skipped Seq from 1976 to 1978
Skipped Seq from 1978 to 1980
Skipped Seq from 1981 to 1983
Skipped Seq from 1986 to 1988
Skipped Seq from 2002 to 2004
Skipped Seq from 2005 to 2007
Skipped Seq from 2008 to 2010
Skipped Seq from 2013 to 2015
Skipped Seq from 2017 to 2022
Skipped Seq from 2029 to 2031
Skipped Seq from 2049 to 2051
Skipped Seq from 2056 to 2058
Skipped Seq from 2066 to 2068
Skipped Seq from 2069 to 2072
Skipped Seq from 2073 to 2075
Skipped Seq from 2078 to 2080
Skipped Seq from 2081 to 2084
Skipped Seq from 2085 to 2087
Skipped Seq from 2115 to 2118
Skipped Seq from 4373 to 4377
Skipped Seq from 4377 to 4382
Skipped Seq from 4382 to 4386
Skipped Seq from 4387 to 4394
Skipped Seq from 4394 to 4397
Skipped Seq from 4397 to 4400
Skipped Seq from 4400 to 4403
Skipped Seq from 4403 to 4409
Skipped Seq from 4409 to 4413
Skipped Seq from 4413 to 4420
Skipped Seq from 4420 to 4423
Skipped Seq from 4423 to 4426
Skipped Seq from 4426 to 4432
Skipped Seq from 4432 to 4438
Skipped Seq from 4438 to 4441
Skipped Seq from 4441 to 4443
Skipped Seq from 4443 to 4446
Skipped Seq from 4446 to 4450
Skipped Seq from 4450 to 4452
Skipped Seq from 4453 to 4459
Skipped Seq from 4459 to 4463
Skipped Seq from 4463 to 4466
Skipped Seq from 4466 to 4473
Skipped Seq from 4473 to 4475
Skipped Seq from 4476 to 4482
Skipped Seq from 4482 to 4484
Skipped Seq from 4484 to 4488
Skipped Seq from 4488 to 4492
Skipped Seq from 4492 to 4494
Skipped Seq from 4494 to 4497
Skipped Seq from 4497 to 4501
Skipped Seq from 4501 to 4514
Skipped Seq from 4514 to 4517
Skipped Seq from 4517 to 4521
Skipped Seq from 4521 to 4524
Skipped Seq from 4524 to 4528
Skipped Seq from 4528 to 4533
Skipped Seq from 4535 to 4537
Skipped Seq from 4537 to 4541
Skipped Seq from 4541 to 4543
Skipped Seq from 4543 to 4556
Skipped Seq from 4556 to 4562
Skipped Seq from 4562 to 4564
Skipped Seq from 4564 to 4569
Skipped Seq from 4571 to 4573
Skipped Seq from 4574 to 4577
Skipped Seq from 4577 to 4581
Skipped Seq from 4581 to 4584
Skipped Seq from 4584 to 4593
Skipped Seq from 4593 to 4597
Skipped Seq from 4597 to 4599
Skipped Seq from 4599 to 4601
Skipped Seq from 4601 to 4603
Skipped Seq from 4604 to 4606
Skipped Seq from 4606 to 4610
Skipped Seq from 4610 to 4612
Skipped Seq from 4613 to 4615
Skipped Seq from 4616 to 4618
Skipped Seq from 4618 to 4625
Skipped Seq from 4626 to 4628
Skipped Seq from 4628 to 4632
Skipped Seq from 4633 to 4635
Skipped Seq from 4635 to 4637
Skipped Seq from 4638 to 4641
Skipped Seq from 4641 to 4643
Skipped Seq from 4643 to 4645
Skipped Seq from 4646 to 4652
Skipped Seq from 4653 to 4657
Skipped Seq from 4658 to 4662
Skipped Seq from 4662 to 4675
Skipped Seq from 4676 to 4681
Skipped Seq from 4681 to 4684
Skipped Seq from 4684 to 4688
Skipped Seq from 4688 to 4692
Skipped Seq from 4693 to 4697
Skipped Seq from 4700 to 4705
Skipped Seq from 4705 to 4709
Skipped Seq from 4709 to 4720
Skipped Seq from 4720 to 4725
Skipped Seq from 4725 to 4727
Skipped Seq from 4727 to 4733
Skipped Seq from 4733 to 4736
Skipped Seq from 4737 to 4740
Skipped Seq from 4741 to 4745
Skipped Seq from 4745 to 4749
Skipped Seq from 4749 to 4753
Skipped Seq from 4753 to 4757
Skipped Seq from 4759 to 4762
Skipped Seq from 4763 to 4768
Skipped Seq from 4768 to 4773
Number of times throttled: 10
Received: 4095 / 4775 packets
Start time: 1332764630.875252
End time: 1332764671.583304
Duration: 40.708052
