Starting client at 10.0.0.15:1250 with timeout:10
My IP address is 10.0.0.15Skipped Seq from 666 to 676
Skipped Seq from 677 to 680
Skipped Seq from 680 to 683
Skipped Seq from 683 to 691
Skipped Seq from 691 to 696
Skipped Seq from 696 to 702
Skipped Seq from 704 to 707
Skipped Seq from 707 to 710
Skipped Seq from 710 to 714
Skipped Seq from 714 to 720
Skipped Seq from 720 to 726
Skipped Seq from 726 to 732
Skipped Seq from 735 to 737
Skipped Seq from 737 to 739
Skipped Seq from 747 to 750
Skipped Seq from 750 to 752
Skipped Seq from 752 to 757
Skipped Seq from 757 to 759
Skipped Seq from 760 to 764
Skipped Seq from 768 to 771
Skipped Seq from 774 to 777
Skipped Seq from 780 to 783
Skipped Seq from 787 to 795
Skipped Seq from 795 to 798
Skipped Seq from 799 to 802
Skipped Seq from 804 to 807
Skipped Seq from 807 to 810
Skipped Seq from 812 to 814
Skipped Seq from 815 to 820
Skipped Seq from 820 to 822
Skipped Seq from 824 to 827
Skipped Seq from 828 to 830
Skipped Seq from 831 to 835
Skipped Seq from 835 to 839
Skipped Seq from 839 to 843
Skipped Seq from 844 to 846
Skipped Seq from 846 to 848
Skipped Seq from 855 to 860
Skipped Seq from 864 to 868
Skipped Seq from 874 to 877
Skipped Seq from 877 to 886
Skipped Seq from 888 to 891
Skipped Seq from 893 to 895
Skipped Seq from 896 to 899
Skipped Seq from 900 to 902
Skipped Seq from 906 to 910
Skipped Seq from 911 to 914
Skipped Seq from 914 to 918
Skipped Seq from 920 to 925
Skipped Seq from 925 to 930
Skipped Seq from 930 to 932
Skipped Seq from 932 to 937
Skipped Seq from 939 to 941
Skipped Seq from 941 to 943
Skipped Seq from 943 to 945
Skipped Seq from 947 to 953
Skipped Seq from 957 to 959
Skipped Seq from 964 to 966
Skipped Seq from 967 to 976
Skipped Seq from 976 to 981
Skipped Seq from 981 to 984
Skipped Seq from 985 to 988
Skipped Seq from 988 to 991
Skipped Seq from 991 to 993
Skipped Seq from 993 to 995
Skipped Seq from 996 to 1001
Skipped Seq from 1006 to 1008
Skipped Seq from 1008 to 1015
Skipped Seq from 1015 to 1018
Skipped Seq from 1018 to 1023
Skipped Seq from 1023 to 1027
Skipped Seq from 1029 to 1036
Skipped Seq from 1036 to 1040
Skipped Seq from 1042 to 1044
Skipped Seq from 1052 to 1054
Skipped Seq from 1054 to 1056
Skipped Seq from 1056 to 1059
Skipped Seq from 1059 to 1061
Skipped Seq from 1066 to 1068
Skipped Seq from 1068 to 1070
Skipped Seq from 1070 to 1076
Skipped Seq from 1076 to 1084
Skipped Seq from 1085 to 1087
Skipped Seq from 1101 to 1103
Skipped Seq from 1104 to 1107
Skipped Seq from 1110 to 1112
Skipped Seq from 1112 to 1116
Skipped Seq from 1116 to 1119
Skipped Seq from 1119 to 1121
Skipped Seq from 1133 to 1136
Skipped Seq from 1161 to 1164
Skipped Seq from 1166 to 1168
Skipped Seq from 1182 to 1185
Skipped Seq from 1199 to 1205
Skipped Seq from 1206 to 1209
Skipped Seq from 1209 to 1211
Skipped Seq from 1211 to 1218
Skipped Seq from 1218 to 1222
Skipped Seq from 1222 to 1226
Skipped Seq from 1226 to 1231
Skipped Seq from 1231 to 1236
Skipped Seq from 1236 to 1240
Skipped Seq from 1240 to 1243
Skipped Seq from 1243 to 1252
Skipped Seq from 1252 to 1258
Skipped Seq from 1258 to 1262
Skipped Seq from 1263 to 1265
Skipped Seq from 1266 to 1268
Skipped Seq from 1268 to 1271
Skipped Seq from 1272 to 1275
Skipped Seq from 1283 to 1285
Skipped Seq from 1287 to 1293
Skipped Seq from 1293 to 1295
Skipped Seq from 1295 to 1297
Skipped Seq from 1303 to 1305
Skipped Seq from 1305 to 1311
Skipped Seq from 1311 to 1313
Skipped Seq from 1315 to 1319
Skipped Seq from 1319 to 1323
Skipped Seq from 1324 to 1326
Skipped Seq from 1326 to 1334
Skipped Seq from 1335 to 1339
Skipped Seq from 1339 to 1344
Skipped Seq from 1344 to 1346
Skipped Seq from 1349 to 1351
Skipped Seq from 1351 to 1355
Skipped Seq from 1356 to 1358
Skipped Seq from 1362 to 1369
Skipped Seq from 1373 to 1377
Skipped Seq from 1377 to 1379
Skipped Seq from 1379 to 1384
Skipped Seq from 1385 to 1388
Skipped Seq from 1389 to 1395
Skipped Seq from 1395 to 1398
Skipped Seq from 1399 to 1401
Skipped Seq from 1403 to 1405
Skipped Seq from 1407 to 1409
Skipped Seq from 1409 to 1412
Skipped Seq from 1412 to 1415
Skipped Seq from 1424 to 1428
Skipped Seq from 1428 to 1431
Skipped Seq from 1432 to 1434
Skipped Seq from 1437 to 1441
Skipped Seq from 1444 to 1446
Skipped Seq from 1447 to 1449
Skipped Seq from 1452 to 1454
Skipped Seq from 1454 to 1456
Skipped Seq from 1456 to 1458
Skipped Seq from 1458 to 1460
Skipped Seq from 1460 to 1463
Skipped Seq from 1464 to 1466
Skipped Seq from 1467 to 1470
Skipped Seq from 1470 to 1475
Skipped Seq from 1475 to 1477
Skipped Seq from 1478 to 1481
Skipped Seq from 1481 to 1484
Skipped Seq from 1484 to 1488
Skipped Seq from 1488 to 1490
Skipped Seq from 1491 to 1496
Skipped Seq from 1496 to 1498
Skipped Seq from 1499 to 1501
Skipped Seq from 1503 to 1506
Skipped Seq from 1507 to 1509
Skipped Seq from 1516 to 1521
Skipped Seq from 1523 to 1525
Skipped Seq from 1527 to 1529
Skipped Seq from 1529 to 1531
Skipped Seq from 1531 to 1536
Skipped Seq from 1536 to 1538
Skipped Seq from 1539 to 1543
Skipped Seq from 1544 to 1546
Skipped Seq from 1557 to 1562
Skipped Seq from 1562 to 1568
Skipped Seq from 1568 to 1572
Skipped Seq from 1572 to 1576
Skipped Seq from 1577 to 1579
Skipped Seq from 1579 to 1588
Skipped Seq from 1588 to 1590
Skipped Seq from 1595 to 1599
Skipped Seq from 1599 to 1603
Skipped Seq from 1604 to 1606
Skipped Seq from 1607 to 1609
Skipped Seq from 1616 to 1618
Skipped Seq from 1618 to 1621
Skipped Seq from 1629 to 1635
Skipped Seq from 1635 to 1637
Skipped Seq from 1641 to 1644
Skipped Seq from 1644 to 1646
Skipped Seq from 1646 to 1648
Skipped Seq from 1649 to 1656
Skipped Seq from 1657 to 1662
Skipped Seq from 1667 to 1670
Skipped Seq from 1670 to 1677
Skipped Seq from 1678 to 1680
Skipped Seq from 1680 to 1682
Skipped Seq from 1682 to 1686
Skipped Seq from 1693 to 1697
Skipped Seq from 1699 to 1704
Skipped Seq from 1705 to 1708
Skipped Seq from 1710 to 1712
Skipped Seq from 1712 to 1715
Skipped Seq from 1716 to 1718
Skipped Seq from 1718 to 1723
Skipped Seq from 1723 to 1725
Skipped Seq from 1725 to 1728
Skipped Seq from 1728 to 1730
Skipped Seq from 1730 to 1735
Skipped Seq from 1735 to 1739
Skipped Seq from 1742 to 1744
Skipped Seq from 1748 to 1751
Skipped Seq from 1762 to 1773
Skipped Seq from 1775 to 1777
Skipped Seq from 1777 to 1782
Skipped Seq from 1782 to 1786
Skipped Seq from 1796 to 1804
Skipped Seq from 1804 to 1807
Skipped Seq from 1808 to 1813
Skipped Seq from 1816 to 1821
Skipped Seq from 1821 to 1823
Skipped Seq from 1824 to 1826
Skipped Seq from 1826 to 1828
Skipped Seq from 1834 to 1836
Skipped Seq from 1836 to 1841
Skipped Seq from 1841 to 1846
Skipped Seq from 1846 to 1850
Skipped Seq from 1852 to 1871
Skipped Seq from 1872 to 1875
Skipped Seq from 1875 to 1877
Skipped Seq from 1877 to 1879
Skipped Seq from 1883 to 1887
Skipped Seq from 1888 to 1891
Skipped Seq from 1891 to 1895
Skipped Seq from 1898 to 1900
Skipped Seq from 1900 to 1903
Skipped Seq from 1909 to 1912
Skipped Seq from 1915 to 1917
Skipped Seq from 1918 to 1921
Skipped Seq from 1925 to 1932
Skipped Seq from 1933 to 1935
Skipped Seq from 1941 to 1944
Skipped Seq from 1946 to 1949
Skipped Seq from 1954 to 1956
Skipped Seq from 1960 to 1964
Skipped Seq from 1964 to 1967
Skipped Seq from 1967 to 1972
Skipped Seq from 1972 to 1976
Skipped Seq from 1978 to 1980
Skipped Seq from 1981 to 1984
Skipped Seq from 1987 to 1989
Skipped Seq from 1989 to 1993
Skipped Seq from 1996 to 2001
Skipped Seq from 2001 to 2003
Skipped Seq from 2011 to 2014
Skipped Seq from 2016 to 2018
Skipped Seq from 2024 to 2027
Skipped Seq from 2029 to 2037
Skipped Seq from 2038 to 2041
Skipped Seq from 2041 to 2049
Skipped Seq from 2050 to 2052
Skipped Seq from 2058 to 2063
Skipped Seq from 2065 to 2067
Skipped Seq from 2070 to 2075
Skipped Seq from 2075 to 2077
Skipped Seq from 2077 to 2081
Skipped Seq from 2084 to 2087
Skipped Seq from 2087 to 2096
Skipped Seq from 2096 to 2099
Skipped Seq from 2099 to 2110
Skipped Seq from 2110 to 2114
Skipped Seq from 2114 to 2118
Skipped Seq from 2123 to 2126
Skipped Seq from 2126 to 2131
Skipped Seq from 2136 to 2138
Skipped Seq from 2139 to 2144
Skipped Seq from 2144 to 2151
Skipped Seq from 2152 to 2154
Skipped Seq from 2155 to 2166
Skipped Seq from 2168 to 2172
Skipped Seq from 2173 to 2175
Skipped Seq from 2175 to 2179
Skipped Seq from 2179 to 2182
Skipped Seq from 2182 to 2184
Skipped Seq from 2184 to 2188
Skipped Seq from 2193 to 2195
Skipped Seq from 2195 to 2198
Skipped Seq from 2198 to 2201
Skipped Seq from 2204 to 2206
Skipped Seq from 2206 to 2208
Skipped Seq from 2208 to 2214
Skipped Seq from 2217 to 2219
Skipped Seq from 2222 to 2227
Skipped Seq from 2229 to 2234
Skipped Seq from 2234 to 2238
Skipped Seq from 2239 to 2242
Skipped Seq from 2243 to 2249
Skipped Seq from 2250 to 2256
Skipped Seq from 2256 to 2258
Skipped Seq from 2258 to 2261
Skipped Seq from 2266 to 2276
Skipped Seq from 2281 to 2283
Skipped Seq from 2284 to 2286
Skipped Seq from 2287 to 2291
Skipped Seq from 2291 to 2295
Skipped Seq from 2295 to 2302
Skipped Seq from 2302 to 2305
Skipped Seq from 2305 to 2307
Skipped Seq from 2307 to 2309
Skipped Seq from 2309 to 2320
Skipped Seq from 2320 to 2328
Skipped Seq from 2331 to 2333
Skipped Seq from 2334 to 2336
Skipped Seq from 2338 to 2340
Skipped Seq from 2344 to 2346
Skipped Seq from 2346 to 2349
Skipped Seq from 2349 to 2355
Skipped Seq from 2355 to 2359
Skipped Seq from 2360 to 2365
Skipped Seq from 2371 to 2373
Skipped Seq from 2373 to 2376
Skipped Seq from 2377 to 2380
Skipped Seq from 2381 to 2386
Skipped Seq from 2397 to 2403
Skipped Seq from 2403 to 2405
Skipped Seq from 2412 to 2414
Skipped Seq from 2422 to 2424
Skipped Seq from 2426 to 2432
Skipped Seq from 2432 to 2434
Skipped Seq from 2441 to 2443
Skipped Seq from 2447 to 2449
Skipped Seq from 2456 to 2458
Skipped Seq from 2463 to 2465
Skipped Seq from 2470 to 2472
Skipped Seq from 2483 to 2486
Skipped Seq from 2487 to 2493
Skipped Seq from 2493 to 2497
Skipped Seq from 2507 to 2510
Skipped Seq from 2510 to 2512
Skipped Seq from 2512 to 2515
Skipped Seq from 2525 to 2527
Skipped Seq from 2532 to 2534
Skipped Seq from 2540 to 2544
Skipped Seq from 2544 to 2546
Skipped Seq from 2548 to 2550
Skipped Seq from 2565 to 2568
Skipped Seq from 2569 to 2571
Skipped Seq from 2571 to 2573
Skipped Seq from 2573 to 2576
Skipped Seq from 2580 to 2582
Skipped Seq from 2592 to 2602
Skipped Seq from 2603 to 2609
Skipped Seq from 2611 to 2614
Skipped Seq from 2631 to 2633
Skipped Seq from 2638 to 2640
Skipped Seq from 2662 to 2665
Skipped Seq from 2676 to 2678
Skipped Seq from 2678 to 2681
Skipped Seq from 2681 to 2685
Skipped Seq from 2685 to 2687
Skipped Seq from 2689 to 2691
Skipped Seq from 2691 to 2693
Skipped Seq from 2693 to 2695
Skipped Seq from 2697 to 2700
Skipped Seq from 2700 to 2702
Skipped Seq from 2710 to 2712
Skipped Seq from 2715 to 2717
Skipped Seq from 2717 to 2720
Skipped Seq from 2729 to 2731
Skipped Seq from 2737 to 2739
Skipped Seq from 2762 to 2764
Skipped Seq from 2772 to 2775
Skipped Seq from 2776 to 2778
Skipped Seq from 2800 to 2803
Skipped Seq from 2812 to 2814
Skipped Seq from 2826 to 2828
Skipped Seq from 2831 to 2833
Skipped Seq from 2836 to 2838
Skipped Seq from 2852 to 2854
Skipped Seq from 2882 to 2885
Skipped Seq from 2888 to 2890
Skipped Seq from 2890 to 2892
Number of times throttled: 3
Received: 5895 / 6866 packets
Start time: 1315407219.303831
End time: 1315407237.421135
Duration: 18.117304
