Starting client at 10.0.0.13:1240 with timeout:10
My IP address is 10.0.0.13Skipped Seq from 12 to 15
Recovered out of order packet from 27 to 13
Recovered out of order packet from 27 to 14
Skipped Seq from 684 to 688
Skipped Seq from 688 to 691
Skipped Seq from 692 to 698
Skipped Seq from 698 to 702
Skipped Seq from 707 to 709
Skipped Seq from 710 to 715
Skipped Seq from 715 to 717
Skipped Seq from 720 to 723
Skipped Seq from 723 to 727
Skipped Seq from 730 to 733
Skipped Seq from 734 to 736
Skipped Seq from 738 to 742
Skipped Seq from 745 to 747
Skipped Seq from 748 to 754
Skipped Seq from 757 to 759
Skipped Seq from 761 to 763
Skipped Seq from 763 to 767
Skipped Seq from 771 to 774
Skipped Seq from 785 to 788
Skipped Seq from 792 to 794
Skipped Seq from 796 to 800
Skipped Seq from 803 to 805
Skipped Seq from 805 to 808
Skipped Seq from 809 to 812
Skipped Seq from 812 to 815
Skipped Seq from 816 to 819
Skipped Seq from 820 to 825
Skipped Seq from 826 to 828
Skipped Seq from 837 to 839
Skipped Seq from 841 to 853
Skipped Seq from 854 to 856
Skipped Seq from 858 to 863
Skipped Seq from 863 to 869
Skipped Seq from 876 to 879
Skipped Seq from 879 to 881
Skipped Seq from 881 to 883
Skipped Seq from 883 to 885
Skipped Seq from 889 to 893
Skipped Seq from 895 to 902
Skipped Seq from 902 to 908
Skipped Seq from 909 to 914
Skipped Seq from 914 to 917
Skipped Seq from 917 to 920
Skipped Seq from 932 to 935
Skipped Seq from 935 to 947
Skipped Seq from 948 to 953
Skipped Seq from 953 to 956
Skipped Seq from 956 to 958
Skipped Seq from 958 to 968
Skipped Seq from 969 to 974
Skipped Seq from 974 to 978
Skipped Seq from 978 to 980
Skipped Seq from 982 to 986
Skipped Seq from 987 to 989
Skipped Seq from 991 to 993
Skipped Seq from 994 to 997
Skipped Seq from 998 to 1000
Skipped Seq from 1003 to 1005
Skipped Seq from 1006 to 1015
Skipped Seq from 1016 to 1024
Skipped Seq from 1026 to 1028
Skipped Seq from 1028 to 1030
Skipped Seq from 1031 to 1033
Skipped Seq from 1033 to 1046
Skipped Seq from 1051 to 1053
Skipped Seq from 1053 to 1057
Skipped Seq from 1057 to 1059
Skipped Seq from 1059 to 1061
Skipped Seq from 1061 to 1065
Skipped Seq from 1065 to 1077
Skipped Seq from 1077 to 1080
Skipped Seq from 1080 to 1084
Skipped Seq from 1086 to 1090
Skipped Seq from 1090 to 1103
Skipped Seq from 1103 to 1106
Skipped Seq from 1107 to 1117
Skipped Seq from 1118 to 1124
Skipped Seq from 1124 to 1131
Skipped Seq from 1131 to 1136
Skipped Seq from 1136 to 1139
Skipped Seq from 1141 to 1150
Skipped Seq from 1150 to 1154
Skipped Seq from 1154 to 1157
Skipped Seq from 1157 to 1162
Skipped Seq from 1163 to 1168
Skipped Seq from 1168 to 1173
Skipped Seq from 1173 to 1180
Skipped Seq from 1181 to 1183
Skipped Seq from 1183 to 1185
Skipped Seq from 1185 to 1189
Skipped Seq from 1189 to 1192
Skipped Seq from 1192 to 1196
Skipped Seq from 1197 to 1210
Skipped Seq from 1210 to 1212
Skipped Seq from 1212 to 1215
Skipped Seq from 1217 to 1219
Skipped Seq from 1219 to 1221
Skipped Seq from 1221 to 1224
Skipped Seq from 1224 to 1227
Skipped Seq from 1227 to 1229
Skipped Seq from 1229 to 1233
Skipped Seq from 1233 to 1236
Skipped Seq from 1236 to 1239
Skipped Seq from 1239 to 1241
Skipped Seq from 1242 to 1246
Skipped Seq from 1246 to 1249
Skipped Seq from 1249 to 1251
Skipped Seq from 1252 to 1254
Skipped Seq from 1254 to 1256
Skipped Seq from 1257 to 1266
Skipped Seq from 1266 to 1269
Skipped Seq from 1269 to 1273
Skipped Seq from 1273 to 1275
Skipped Seq from 1275 to 1277
Skipped Seq from 1277 to 1294
Skipped Seq from 1294 to 1298
Skipped Seq from 1300 to 1302
Skipped Seq from 1303 to 1307
Skipped Seq from 1308 to 1310
Skipped Seq from 1310 to 1317
Skipped Seq from 1317 to 1319
Skipped Seq from 1320 to 1326
Skipped Seq from 1327 to 1329
Skipped Seq from 1329 to 1331
Skipped Seq from 1335 to 1342
Skipped Seq from 1343 to 1345
Skipped Seq from 1347 to 1349
Skipped Seq from 1350 to 1361
Skipped Seq from 1361 to 1367
Skipped Seq from 1368 to 1374
Skipped Seq from 1374 to 1376
Skipped Seq from 1376 to 1378
Skipped Seq from 1380 to 1382
Skipped Seq from 1385 to 1389
Skipped Seq from 1392 to 1394
Skipped Seq from 1394 to 1396
Skipped Seq from 1396 to 1400
Skipped Seq from 1400 to 1403
Skipped Seq from 1405 to 1407
Skipped Seq from 1410 to 1414
Skipped Seq from 1414 to 1423
Skipped Seq from 1423 to 1435
Skipped Seq from 1436 to 1438
Skipped Seq from 1438 to 1441
Skipped Seq from 1441 to 1444
Skipped Seq from 1444 to 1450
Skipped Seq from 1452 to 1456
Skipped Seq from 1456 to 1458
Skipped Seq from 1458 to 1460
Skipped Seq from 1460 to 1463
Skipped Seq from 1465 to 1470
Skipped Seq from 1470 to 1473
Skipped Seq from 1473 to 1475
Skipped Seq from 1475 to 1477
Skipped Seq from 1477 to 1480
Skipped Seq from 1480 to 1482
Skipped Seq from 1482 to 1484
Skipped Seq from 1484 to 1490
Skipped Seq from 1490 to 1493
Skipped Seq from 1494 to 1496
Skipped Seq from 1496 to 1498
Skipped Seq from 1499 to 1501
Skipped Seq from 1505 to 1507
Skipped Seq from 1508 to 1510
Skipped Seq from 1510 to 1519
Skipped Seq from 1521 to 1523
Skipped Seq from 1524 to 1526
Skipped Seq from 1526 to 1528
Skipped Seq from 1529 to 1531
Skipped Seq from 1531 to 1533
Skipped Seq from 1534 to 1536
Skipped Seq from 1536 to 1540
Skipped Seq from 1540 to 1551
Skipped Seq from 1551 to 1557
Skipped Seq from 1557 to 1561
Skipped Seq from 1561 to 1565
Skipped Seq from 1565 to 1568
Skipped Seq from 1569 to 1571
Skipped Seq from 1572 to 1581
Skipped Seq from 1582 to 1584
Skipped Seq from 1584 to 1587
Skipped Seq from 1588 to 1591
Skipped Seq from 1591 to 1593
Skipped Seq from 1594 to 1596
Skipped Seq from 1599 to 1602
Skipped Seq from 1602 to 1604
Skipped Seq from 1604 to 1606
Skipped Seq from 1607 to 1612
Skipped Seq from 1612 to 1616
Skipped Seq from 1616 to 1618
Skipped Seq from 1618 to 1620
Skipped Seq from 1620 to 1624
Skipped Seq from 1625 to 1627
Skipped Seq from 1627 to 1643
Skipped Seq from 1643 to 1650
Skipped Seq from 1650 to 1653
Skipped Seq from 1655 to 1657
Skipped Seq from 1657 to 1660
Skipped Seq from 1661 to 1664
Skipped Seq from 1664 to 1667
Skipped Seq from 1667 to 1675
Skipped Seq from 1678 to 1686
Skipped Seq from 1687 to 1690
Skipped Seq from 1690 to 1693
Skipped Seq from 1693 to 1696
Skipped Seq from 1696 to 1702
Skipped Seq from 1703 to 1705
Skipped Seq from 1706 to 1708
Skipped Seq from 1710 to 1712
Skipped Seq from 1714 to 1716
Skipped Seq from 1718 to 1722
Skipped Seq from 1722 to 1730
Skipped Seq from 1732 to 1735
Skipped Seq from 1735 to 1737
Skipped Seq from 1738 to 1741
Skipped Seq from 1742 to 1751
Skipped Seq from 1751 to 1753
Skipped Seq from 1753 to 1759
Skipped Seq from 1759 to 1764
Skipped Seq from 1766 to 1768
Skipped Seq from 1769 to 1771
Skipped Seq from 1771 to 1776
Skipped Seq from 1780 to 1784
Skipped Seq from 1784 to 1786
Skipped Seq from 1786 to 1788
Skipped Seq from 1791 to 1793
Skipped Seq from 1793 to 1795
Skipped Seq from 1798 to 1807
Skipped Seq from 1807 to 1824
Skipped Seq from 1824 to 1826
Skipped Seq from 1826 to 1829
Skipped Seq from 1829 to 1835
Skipped Seq from 1835 to 1838
Skipped Seq from 1838 to 1841
Skipped Seq from 1846 to 1853
Skipped Seq from 1853 to 1856
Skipped Seq from 1856 to 1859
Skipped Seq from 1860 to 1874
Skipped Seq from 1874 to 1881
Skipped Seq from 1881 to 1883
Skipped Seq from 1883 to 1886
Skipped Seq from 1887 to 1889
Skipped Seq from 1889 to 1891
Skipped Seq from 1891 to 1896
Skipped Seq from 1896 to 1898
Skipped Seq from 1898 to 1900
Skipped Seq from 1901 to 1912
Skipped Seq from 1913 to 1915
Skipped Seq from 1916 to 1920
Skipped Seq from 1920 to 1922
Skipped Seq from 1922 to 1932
Skipped Seq from 1932 to 1936
Skipped Seq from 1936 to 1940
Skipped Seq from 1941 to 1947
Skipped Seq from 1947 to 1954
Skipped Seq from 1955 to 1957
Skipped Seq from 1958 to 1960
Skipped Seq from 1960 to 1963
Skipped Seq from 1964 to 1966
Skipped Seq from 1972 to 1975
Skipped Seq from 1975 to 1985
Skipped Seq from 1985 to 1987
Skipped Seq from 1987 to 1991
Skipped Seq from 1992 to 1994
Skipped Seq from 1994 to 1996
Skipped Seq from 1996 to 2004
Skipped Seq from 2004 to 2010
Skipped Seq from 2010 to 2012
Skipped Seq from 2013 to 2015
Skipped Seq from 2016 to 2023
Skipped Seq from 2023 to 2032
Skipped Seq from 2032 to 2035
Skipped Seq from 2035 to 2037
Skipped Seq from 2038 to 2049
Skipped Seq from 2051 to 2053
Skipped Seq from 2053 to 2057
Skipped Seq from 2058 to 2063
Skipped Seq from 2063 to 2071
Skipped Seq from 2071 to 2075
Skipped Seq from 2078 to 2082
Skipped Seq from 2082 to 2084
Skipped Seq from 2084 to 2088
Skipped Seq from 2088 to 2093
Skipped Seq from 2093 to 2100
Skipped Seq from 2100 to 2103
Skipped Seq from 2103 to 2105
Skipped Seq from 2105 to 2111
Skipped Seq from 2112 to 2115
Skipped Seq from 2115 to 2117
Skipped Seq from 2117 to 2119
Skipped Seq from 2120 to 2123
Skipped Seq from 2123 to 2142
Skipped Seq from 2179 to 2185
Skipped Seq from 2185 to 2191
Skipped Seq from 2195 to 2203
Skipped Seq from 2205 to 2215
Skipped Seq from 2215 to 2227
Skipped Seq from 2228 to 2238
Skipped Seq from 2238 to 2246
Skipped Seq from 2246 to 2260
Skipped Seq from 2260 to 2262
Skipped Seq from 2262 to 2271
Skipped Seq from 2271 to 2273
Skipped Seq from 2274 to 2276
Skipped Seq from 2276 to 2280
Skipped Seq from 2280 to 2290
Skipped Seq from 2291 to 2303
Skipped Seq from 2304 to 2306
Skipped Seq from 2307 to 2311
Skipped Seq from 2312 to 2314
Skipped Seq from 2317 to 2326
Skipped Seq from 2326 to 2329
Skipped Seq from 2329 to 2333
Skipped Seq from 2333 to 2337
Skipped Seq from 2339 to 2342
Skipped Seq from 2342 to 2344
Skipped Seq from 2344 to 2347
Skipped Seq from 2347 to 2349
Skipped Seq from 2350 to 2352
Skipped Seq from 2352 to 2362
Skipped Seq from 2363 to 2365
Skipped Seq from 2367 to 2369
Skipped Seq from 2369 to 2371
Skipped Seq from 2371 to 2373
Skipped Seq from 2374 to 2376
Skipped Seq from 2379 to 2382
Skipped Seq from 2382 to 2387
Skipped Seq from 2387 to 2392
Skipped Seq from 2397 to 2406
Skipped Seq from 2406 to 2408
Skipped Seq from 2412 to 2414
Skipped Seq from 2414 to 2420
Skipped Seq from 2420 to 2425
Skipped Seq from 2425 to 2428
Skipped Seq from 2428 to 2433
Skipped Seq from 2433 to 2436
Skipped Seq from 2437 to 2439
Skipped Seq from 2439 to 2441
Skipped Seq from 2443 to 2445
Skipped Seq from 2445 to 2451
Skipped Seq from 2451 to 2454
Skipped Seq from 2454 to 2459
Skipped Seq from 2459 to 2463
Skipped Seq from 2463 to 2465
Skipped Seq from 2465 to 2468
Skipped Seq from 2468 to 2470
Skipped Seq from 2470 to 2474
Skipped Seq from 2474 to 2477
Skipped Seq from 2477 to 2481
Skipped Seq from 2481 to 2483
Skipped Seq from 2483 to 2485
Skipped Seq from 2485 to 2487
Skipped Seq from 2487 to 2499
Skipped Seq from 2499 to 2506
Skipped Seq from 2506 to 2510
Skipped Seq from 2510 to 2513
Skipped Seq from 2514 to 2516
Skipped Seq from 2516 to 2518
Skipped Seq from 2518 to 2520
Skipped Seq from 2520 to 2529
Skipped Seq from 2529 to 2531
Skipped Seq from 2531 to 2538
Skipped Seq from 2538 to 2540
Skipped Seq from 2540 to 2553
Skipped Seq from 2553 to 2556
Skipped Seq from 2558 to 2560
Skipped Seq from 2561 to 2563
Skipped Seq from 2565 to 2567
Skipped Seq from 2568 to 2572
Skipped Seq from 2573 to 2575
Skipped Seq from 2575 to 2577
Skipped Seq from 2578 to 2580
Skipped Seq from 2580 to 2583
Skipped Seq from 2583 to 2586
Skipped Seq from 2587 to 2589
Skipped Seq from 2591 to 2593
Skipped Seq from 2593 to 2601
Skipped Seq from 2601 to 2604
Skipped Seq from 2604 to 2608
Skipped Seq from 2608 to 2614
Skipped Seq from 2618 to 2625
Skipped Seq from 2625 to 2628
Skipped Seq from 2630 to 2633
Skipped Seq from 2633 to 2635
Skipped Seq from 2635 to 2639
Skipped Seq from 2639 to 2645
Skipped Seq from 2645 to 2648
Skipped Seq from 2648 to 2652
Skipped Seq from 2653 to 2658
Skipped Seq from 2658 to 2660
Skipped Seq from 2660 to 2664
Skipped Seq from 2664 to 2670
Skipped Seq from 2670 to 2674
Skipped Seq from 2674 to 2677
Skipped Seq from 2678 to 2681
Skipped Seq from 2681 to 2684
Skipped Seq from 2688 to 2690
Skipped Seq from 2691 to 2693
Skipped Seq from 2693 to 2704
Skipped Seq from 2704 to 2714
Skipped Seq from 2714 to 2719
Skipped Seq from 2719 to 2723
Skipped Seq from 2723 to 2725
Skipped Seq from 2726 to 2728
Skipped Seq from 2728 to 2741
Skipped Seq from 2743 to 2750
Skipped Seq from 2751 to 2760
Skipped Seq from 2760 to 2764
Skipped Seq from 2765 to 2767
Skipped Seq from 2767 to 2770
Skipped Seq from 2770 to 2774
Skipped Seq from 2774 to 2777
Skipped Seq from 2777 to 2780
Skipped Seq from 2782 to 2784
Skipped Seq from 2784 to 2786
Skipped Seq from 2786 to 2791
Skipped Seq from 2794 to 2798
Skipped Seq from 2798 to 2800
Skipped Seq from 2801 to 2803
Skipped Seq from 2803 to 2806
Skipped Seq from 2807 to 2810
Skipped Seq from 2810 to 2818
Skipped Seq from 2818 to 2822
Skipped Seq from 2822 to 2831
Skipped Seq from 2836 to 2839
Skipped Seq from 2839 to 2843
Skipped Seq from 2844 to 2852
Skipped Seq from 2852 to 2855
Skipped Seq from 2855 to 2858
Skipped Seq from 2858 to 2861
Skipped Seq from 2861 to 2863
Skipped Seq from 2863 to 2865
Skipped Seq from 2865 to 2867
Skipped Seq from 2869 to 2871
Skipped Seq from 2871 to 2875
Skipped Seq from 2876 to 2884
Skipped Seq from 2884 to 2888
Skipped Seq from 2889 to 2891
Skipped Seq from 2892 to 2894
Skipped Seq from 2897 to 2899
Skipped Seq from 2899 to 2901
Skipped Seq from 2901 to 2903
Skipped Seq from 2903 to 2905
Skipped Seq from 2905 to 2907
Skipped Seq from 2907 to 2909
Skipped Seq from 2910 to 2916
Skipped Seq from 2918 to 2920
Skipped Seq from 2922 to 2924
Skipped Seq from 2924 to 2926
Skipped Seq from 2926 to 2928
Skipped Seq from 2928 to 2930
Skipped Seq from 2930 to 2935
Skipped Seq from 2935 to 2947
Skipped Seq from 2947 to 2954
Skipped Seq from 2954 to 2957
Skipped Seq from 2957 to 2959
Skipped Seq from 2959 to 2961
Skipped Seq from 2961 to 2971
Skipped Seq from 2971 to 2974
Skipped Seq from 2974 to 2976
Skipped Seq from 2976 to 2978
Skipped Seq from 2978 to 2980
Skipped Seq from 2980 to 2985
Skipped Seq from 2985 to 2998
Skipped Seq from 2998 to 3002
Skipped Seq from 3003 to 3006
Skipped Seq from 3007 to 3009
Skipped Seq from 3013 to 3015
Skipped Seq from 3016 to 3018
Skipped Seq from 3020 to 3022
Skipped Seq from 3022 to 3025
Skipped Seq from 3025 to 3027
Skipped Seq from 3029 to 3031
Skipped Seq from 3035 to 3037
Skipped Seq from 3040 to 3043
Skipped Seq from 3043 to 3048
Skipped Seq from 3048 to 3050
Skipped Seq from 3050 to 3053
Skipped Seq from 3056 to 3058
Skipped Seq from 3058 to 3061
Skipped Seq from 3061 to 3063
Skipped Seq from 3063 to 3066
Skipped Seq from 3067 to 3070
Skipped Seq from 3071 to 3074
Skipped Seq from 3076 to 3082
Skipped Seq from 3085 to 3087
Skipped Seq from 3089 to 3092
Skipped Seq from 3093 to 3095
Skipped Seq from 3098 to 3100
Skipped Seq from 3105 to 3109
Skipped Seq from 3109 to 3111
Skipped Seq from 3111 to 3115
Skipped Seq from 3115 to 3119
Number of times throttled: 2
Received: 1596 / 3125 packets
Start time: 1315406799.137668
End time: 1315406813.171054
Duration: 14.033386
