Sep 07 09:40:24|00001|openflowd|INFO|Open vSwitch version 1.1.0pre2
Sep 07 09:40:24|00002|openflowd|INFO|OpenFlow protocol version 0x01
Sep 07 09:40:24|00003|ofproto|INFO|using datapath ID 0000002320bb9157
Sep 07 09:40:24|00004|ofproto|INFO|datapath ID changed to 0000000000000005
Sep 07 09:40:24|00005|rconn|INFO|dp4<->tcp:127.0.0.1:6633: connecting...
Sep 07 09:40:24|00006|rconn|WARN|dp4<->tcp:127.0.0.1:6633: connection failed (Connection refused)
Sep 07 09:40:24|00007|rconn|INFO|dp4<->tcp:127.0.0.1:6633: waiting 1 seconds before reconnect
Sep 07 09:40:24|00008|rconn|INFO|dp4<->tcp:127.0.0.1:6633: connecting...
Sep 07 09:40:24|00009|rconn|WARN|dp4<->tcp:127.0.0.1:6633: connection failed (Connection refused)
Sep 07 09:40:24|00010|rconn|INFO|dp4<->tcp:127.0.0.1:6633: waiting 2 seconds before reconnect
Sep 07 09:40:26|00011|rconn|INFO|dp4<->tcp:127.0.0.1:6633: connecting...
Sep 07 09:40:26|00012|rconn|WARN|dp4<->tcp:127.0.0.1:6633: connection failed (Connection refused)
Sep 07 09:40:26|00013|rconn|INFO|dp4<->tcp:127.0.0.1:6633: waiting 4 seconds before reconnect
Sep 07 09:40:30|00014|rconn|INFO|dp4<->tcp:127.0.0.1:6633: connecting...
Sep 07 09:40:30|00015|rconn|INFO|dp4<->tcp:127.0.0.1:6633: connected
Sep 07 09:40:30|00016|ofp_util|WARN|received Nicira extension message of unknown type 8
Sep 07 09:40:30|00017|ofp_util|INFO|normalization changed ofp_match, details:
Sep 07 09:40:30|00018|ofp_util|INFO| pre: wildcards=0xffffffff  in_port=30825  dl_src=c3:09:78:41:c2:09  dl_dst=90:69:c3:09:03:00  dl_vlan=    0  dl_vlan_pcp=  0  dl_type=     0  nw_tos=   0  nw_proto= 0x1  nw_src= 0x2000000  nw_dst=0x87000000  tp_src=65295  tp_dst=    0
Sep 07 09:40:30|00019|ofp_util|INFO|post: wildcards= 0x23fffff  in_port=30825  dl_src=00:00:00:00:00:00  dl_dst=00:00:00:00:00:00  dl_vlan=    0  dl_vlan_pcp=  0  dl_type=     0  nw_tos=   0  nw_proto=   0  nw_src=         0  nw_dst=         0  tp_src=    0  tp_dst=    0
Sep 07 09:40:41|00020|ofp_util|INFO|normalization changed ofp_match, details:
Sep 07 09:40:41|00021|ofp_util|INFO| pre: wildcards=      0x30  in_port=    6  dl_src=00:00:00:00:00:12  dl_dst=00:00:00:00:00:1e  dl_vlan=65535  dl_vlan_pcp=  0  dl_type=     0  nw_tos=   0  nw_proto=   0  nw_src= 0xa000012  nw_dst= 0xa00001e  tp_src= 1234  tp_dst=54858
Sep 07 09:40:41|00022|ofp_util|INFO|post: wildcards=  0x2ffff0  in_port=    6  dl_src=00:00:00:00:00:12  dl_dst=00:00:00:00:00:1e  dl_vlan=65535  dl_vlan_pcp=  0  dl_type=     0  nw_tos=   0  nw_proto=   0  nw_src=         0  nw_dst=         0  tp_src=    0  tp_dst=    0
Sep 07 09:40:41|00023|ofp_util|INFO|normalization changed ofp_match, details:
Sep 07 09:40:41|00024|ofp_util|INFO| pre: wildcards=      0x30  in_port=    6  dl_src=00:00:00:00:00:12  dl_dst=00:00:00:00:00:1e  dl_vlan=65535  dl_vlan_pcp=  0  dl_type=     0  nw_tos=   0  nw_proto=   0  nw_src= 0xa000012  nw_dst= 0xa00001e  tp_src= 1234  tp_dst=54858
Sep 07 09:40:41|00025|ofp_util|INFO|post: wildcards=  0x2ffff0  in_port=    6  dl_src=00:00:00:00:00:12  dl_dst=00:00:00:00:00:1e  dl_vlan=65535  dl_vlan_pcp=  0  dl_type=     0  nw_tos=   0  nw_proto=   0  nw_src=         0  nw_dst=         0  tp_src=    0  tp_dst=    0
Sep 07 09:40:57|00026|ofp_util|INFO|normalization changed ofp_match, details:
Sep 07 09:40:57|00027|ofp_util|INFO| pre: wildcards=      0x30  in_port=    7  dl_src=00:00:00:00:00:16  dl_dst=00:00:00:00:00:20  dl_vlan=65535  dl_vlan_pcp=  0  dl_type=     0  nw_tos=   0  nw_proto=   0  nw_src= 0xa000016  nw_dst= 0xa000020  tp_src= 1234  tp_dst=51766
Sep 07 09:40:57|00028|ofp_util|INFO|post: wildcards=  0x2ffff0  in_port=    7  dl_src=00:00:00:00:00:16  dl_dst=00:00:00:00:00:20  dl_vlan=65535  dl_vlan_pcp=  0  dl_type=     0  nw_tos=   0  nw_proto=   0  nw_src=         0  nw_dst=         0  tp_src=    0  tp_dst=    0
Sep 07 09:41:30|00029|ofp_util|INFO|Dropped 8 log messages in last 33 seconds due to excessive rate
Sep 07 09:41:30|00030|ofp_util|INFO|normalization changed ofp_match, details:
Sep 07 09:41:30|00031|ofp_util|INFO| pre: wildcards=      0x30  in_port=    5  dl_src=00:00:00:00:00:10  dl_dst=00:00:00:00:00:1f  dl_vlan=65535  dl_vlan_pcp=  0  dl_type=     0  nw_tos=   0  nw_proto=   0  nw_src= 0xa000010  nw_dst= 0xa00001f  tp_src= 1234  tp_dst=52604
Sep 07 09:41:30|00032|ofp_util|INFO|post: wildcards=  0x2ffff0  in_port=    5  dl_src=00:00:00:00:00:10  dl_dst=00:00:00:00:00:1f  dl_vlan=65535  dl_vlan_pcp=  0  dl_type=     0  nw_tos=   0  nw_proto=   0  nw_src=         0  nw_dst=         0  tp_src=    0  tp_dst=    0
Sep 07 09:42:53|00033|ofp_util|INFO|Dropped 7 log messages in last 82 seconds due to excessive rate
Sep 07 09:42:53|00034|ofp_util|INFO|normalization changed ofp_match, details:
Sep 07 09:42:53|00035|ofp_util|INFO| pre: wildcards=      0x30  in_port=    5  dl_src=00:00:00:00:00:10  dl_dst=00:00:00:00:00:1d  dl_vlan=65535  dl_vlan_pcp=  0  dl_type=     0  nw_tos=   0  nw_proto=   0  nw_src= 0xa000010  nw_dst= 0xa00001d  tp_src= 1235  tp_dst=53304
Sep 07 09:42:53|00036|ofp_util|INFO|post: wildcards=  0x2ffff0  in_port=    5  dl_src=00:00:00:00:00:10  dl_dst=00:00:00:00:00:1d  dl_vlan=65535  dl_vlan_pcp=  0  dl_type=     0  nw_tos=   0  nw_proto=   0  nw_src=         0  nw_dst=         0  tp_src=    0  tp_dst=    0
Sep 07 09:43:41|00037|ofp_util|INFO|Dropped 13 log messages in last 49 seconds due to excessive rate
Sep 07 09:43:41|00038|ofp_util|INFO|normalization changed ofp_match, details:
Sep 07 09:43:41|00039|ofp_util|INFO| pre: wildcards=      0x30  in_port=    6  dl_src=00:00:00:00:00:12  dl_dst=00:00:00:00:00:1e  dl_vlan=65535  dl_vlan_pcp=  0  dl_type=     0  nw_tos=   0  nw_proto=   0  nw_src= 0xa000012  nw_dst= 0xa00001e  tp_src= 1236  tp_dst=52991
Sep 07 09:43:41|00040|ofp_util|INFO|post: wildcards=  0x2ffff0  in_port=    6  dl_src=00:00:00:00:00:12  dl_dst=00:00:00:00:00:1e  dl_vlan=65535  dl_vlan_pcp=  0  dl_type=     0  nw_tos=   0  nw_proto=   0  nw_src=         0  nw_dst=         0  tp_src=    0  tp_dst=    0
Sep 07 09:44:41|00041|ofp_util|INFO|Dropped 4 log messages in last 60 seconds due to excessive rate
Sep 07 09:44:41|00042|ofp_util|INFO|normalization changed ofp_match, details:
Sep 07 09:44:41|00043|ofp_util|INFO| pre: wildcards=      0x30  in_port=    8  dl_src=00:00:00:00:00:11  dl_dst=00:00:00:00:00:20  dl_vlan=65535  dl_vlan_pcp=  0  dl_type=     0  nw_tos= 0x4  nw_proto=   0  nw_src= 0xa000011  nw_dst= 0xa000020  tp_src= 1234  tp_dst=43724
Sep 07 09:44:41|00044|ofp_util|INFO|post: wildcards=  0x2ffff0  in_port=    8  dl_src=00:00:00:00:00:11  dl_dst=00:00:00:00:00:20  dl_vlan=65535  dl_vlan_pcp=  0  dl_type=     0  nw_tos=   0  nw_proto=   0  nw_src=         0  nw_dst=         0  tp_src=    0  tp_dst=    0
Sep 07 09:46:26|00045|ofp_util|INFO|Dropped 7 log messages in last 105 seconds due to excessive rate
Sep 07 09:46:26|00046|ofp_util|INFO|normalization changed ofp_match, details:
Sep 07 09:46:26|00047|ofp_util|INFO| pre: wildcards=      0x30  in_port=    7  dl_src=00:00:00:00:00:15  dl_dst=00:00:00:00:00:1f  dl_vlan=65535  dl_vlan_pcp=  0  dl_type=     0  nw_tos=   0  nw_proto=   0  nw_src= 0xa000015  nw_dst= 0xa00001f  tp_src= 1236  tp_dst=39383
Sep 07 09:46:26|00048|ofp_util|INFO|post: wildcards=  0x2ffff0  in_port=    7  dl_src=00:00:00:00:00:15  dl_dst=00:00:00:00:00:1f  dl_vlan=65535  dl_vlan_pcp=  0  dl_type=     0  nw_tos=   0  nw_proto=   0  nw_src=         0  nw_dst=         0  tp_src=    0  tp_dst=    0
Sep 07 09:46:54|00049|ofp_util|INFO|Dropped 5 log messages in last 28 seconds due to excessive rate
Sep 07 09:46:54|00050|ofp_util|INFO|normalization changed ofp_match, details:
Sep 07 09:46:54|00051|ofp_util|INFO| pre: wildcards=      0x30  in_port=    6  dl_src=00:00:00:00:00:13  dl_dst=00:00:00:00:00:1f  dl_vlan=65535  dl_vlan_pcp=  0  dl_type=     0  nw_tos=   0  nw_proto=   0  nw_src= 0xa000013  nw_dst= 0xa00001f  tp_src= 1236  tp_dst=49313
Sep 07 09:46:54|00052|ofp_util|INFO|post: wildcards=  0x2ffff0  in_port=    6  dl_src=00:00:00:00:00:13  dl_dst=00:00:00:00:00:1f  dl_vlan=65535  dl_vlan_pcp=  0  dl_type=     0  nw_tos=   0  nw_proto=   0  nw_src=         0  nw_dst=         0  tp_src=    0  tp_dst=    0
Sep 07 09:47:51|00053|ofp_util|INFO|Dropped 3 log messages in last 57 seconds due to excessive rate
Sep 07 09:47:51|00054|ofp_util|INFO|normalization changed ofp_match, details:
Sep 07 09:47:51|00055|ofp_util|INFO| pre: wildcards=      0x30  in_port=    7  dl_src=00:00:00:00:00:17  dl_dst=00:00:00:00:00:1e  dl_vlan=65535  dl_vlan_pcp=  0  dl_type=     0  nw_tos=   0  nw_proto=   0  nw_src= 0xa000017  nw_dst= 0xa00001e  tp_src= 1237  tp_dst=55144
Sep 07 09:47:51|00056|ofp_util|INFO|post: wildcards=  0x2ffff0  in_port=    7  dl_src=00:00:00:00:00:17  dl_dst=00:00:00:00:00:1e  dl_vlan=65535  dl_vlan_pcp=  0  dl_type=     0  nw_tos=   0  nw_proto=   0  nw_src=         0  nw_dst=         0  tp_src=    0  tp_dst=    0
Sep 07 09:48:35|00057|ofp_util|INFO|Dropped 5 log messages in last 43 seconds due to excessive rate
Sep 07 09:48:35|00058|ofp_util|INFO|normalization changed ofp_match, details:
Sep 07 09:48:35|00059|ofp_util|INFO| pre: wildcards=      0x30  in_port=    6  dl_src=00:00:00:00:00:14  dl_dst=00:00:00:00:00:1f  dl_vlan=65535  dl_vlan_pcp=  0  dl_type=     0  nw_tos=   0  nw_proto=   0  nw_src= 0xa000014  nw_dst= 0xa00001f  tp_src= 1235  tp_dst=45234
Sep 07 09:48:35|00060|ofp_util|INFO|post: wildcards=  0x2ffff0  in_port=    6  dl_src=00:00:00:00:00:14  dl_dst=00:00:00:00:00:1f  dl_vlan=65535  dl_vlan_pcp=  0  dl_type=     0  nw_tos=   0  nw_proto=   0  nw_src=         0  nw_dst=         0  tp_src=    0  tp_dst=    0
Sep 07 09:49:33|00061|ofp_util|INFO|Dropped 6 log messages in last 59 seconds due to excessive rate
Sep 07 09:49:33|00062|ofp_util|INFO|normalization changed ofp_match, details:
Sep 07 09:49:33|00063|ofp_util|INFO| pre: wildcards=      0x30  in_port=    6  dl_src=00:00:00:00:00:14  dl_dst=00:00:00:00:00:1f  dl_vlan=65535  dl_vlan_pcp=  0  dl_type=     0  nw_tos=   0  nw_proto=   0  nw_src= 0xa000014  nw_dst= 0xa00001f  tp_src= 1237  tp_dst=35289
Sep 07 09:49:33|00064|ofp_util|INFO|post: wildcards=  0x2ffff0  in_port=    6  dl_src=00:00:00:00:00:14  dl_dst=00:00:00:00:00:1f  dl_vlan=65535  dl_vlan_pcp=  0  dl_type=     0  nw_tos=   0  nw_proto=   0  nw_src=         0  nw_dst=         0  tp_src=    0  tp_dst=    0
Sep 07 09:50:30|00065|ofp_util|INFO|Dropped 31 log messages in last 57 seconds due to excessive rate
Sep 07 09:50:30|00066|ofp_util|INFO|normalization changed ofp_match, details:
Sep 07 09:50:30|00067|ofp_util|INFO| pre: wildcards=      0x30  in_port=    5  dl_src=00:00:00:00:00:0f  dl_dst=00:00:00:00:00:20  dl_vlan=65535  dl_vlan_pcp=  0  dl_type=     0  nw_tos=   0  nw_proto=   0  nw_src= 0xa00000f  nw_dst= 0xa000020  tp_src= 1237  tp_dst=46141
Sep 07 09:50:30|00068|ofp_util|INFO|post: wildcards=  0x2ffff0  in_port=    5  dl_src=00:00:00:00:00:0f  dl_dst=00:00:00:00:00:20  dl_vlan=65535  dl_vlan_pcp=  0  dl_type=     0  nw_tos=   0  nw_proto=   0  nw_src=         0  nw_dst=         0  tp_src=    0  tp_dst=    0
Sep 07 09:51:35|00069|ofp_util|INFO|Dropped 13 log messages in last 65 seconds due to excessive rate
Sep 07 09:51:35|00070|ofp_util|INFO|normalization changed ofp_match, details:
Sep 07 09:51:35|00071|ofp_util|INFO| pre: wildcards=      0x30  in_port=    8  dl_src=00:00:00:00:00:1c  dl_dst=00:00:00:00:00:1f  dl_vlan=65535  dl_vlan_pcp=  0  dl_type=     0  nw_tos= 0x4  nw_proto=   0  nw_src= 0xa00001c  nw_dst= 0xa00001f  tp_src= 1239  tp_dst=39099
Sep 07 09:51:35|00072|ofp_util|INFO|post: wildcards=  0x2ffff0  in_port=    8  dl_src=00:00:00:00:00:1c  dl_dst=00:00:00:00:00:1f  dl_vlan=65535  dl_vlan_pcp=  0  dl_type=     0  nw_tos=   0  nw_proto=   0  nw_src=         0  nw_dst=         0  tp_src=    0  tp_dst=    0
Sep 07 09:52:31|00073|ofp_util|INFO|Dropped 4 log messages in last 55 seconds due to excessive rate
Sep 07 09:52:31|00074|ofp_util|INFO|normalization changed ofp_match, details:
Sep 07 09:52:31|00075|ofp_util|INFO| pre: wildcards=      0x30  in_port=    8  dl_src=00:00:00:00:00:1b  dl_dst=00:00:00:00:00:1d  dl_vlan=65535  dl_vlan_pcp=  0  dl_type=     0  nw_tos= 0x4  nw_proto=   0  nw_src= 0xa00001b  nw_dst= 0xa00001d  tp_src= 1238  tp_dst=35595
Sep 07 09:52:31|00076|ofp_util|INFO|post: wildcards=  0x2ffff0  in_port=    8  dl_src=00:00:00:00:00:1b  dl_dst=00:00:00:00:00:1d  dl_vlan=65535  dl_vlan_pcp=  0  dl_type=     0  nw_tos=   0  nw_proto=   0  nw_src=         0  nw_dst=         0  tp_src=    0  tp_dst=    0
Sep 07 09:53:43|00077|ofp_util|INFO|Dropped 4 log messages in last 73 seconds due to excessive rate
Sep 07 09:53:43|00078|ofp_util|INFO|normalization changed ofp_match, details:
Sep 07 09:53:43|00079|ofp_util|INFO| pre: wildcards=      0x30  in_port=    6  dl_src=00:00:00:00:00:13  dl_dst=00:00:00:00:00:1d  dl_vlan=65535  dl_vlan_pcp=  0  dl_type=     0  nw_tos=   0  nw_proto=   0  nw_src= 0xa000013  nw_dst= 0xa00001d  tp_src= 1241  tp_dst=59621
Sep 07 09:53:43|00080|ofp_util|INFO|post: wildcards=  0x2ffff0  in_port=    6  dl_src=00:00:00:00:00:13  dl_dst=00:00:00:00:00:1d  dl_vlan=65535  dl_vlan_pcp=  0  dl_type=     0  nw_tos=   0  nw_proto=   0  nw_src=         0  nw_dst=         0  tp_src=    0  tp_dst=    0
Sep 07 09:54:30|00081|ofp_util|INFO|Dropped 15 log messages in last 47 seconds due to excessive rate
Sep 07 09:54:30|00082|ofp_util|INFO|normalization changed ofp_match, details:
Sep 07 09:54:30|00083|ofp_util|INFO| pre: wildcards=      0x30  in_port=    8  dl_src=00:00:00:00:00:19  dl_dst=00:00:00:00:00:1f  dl_vlan=65535  dl_vlan_pcp=  0  dl_type=     0  nw_tos=   0  nw_proto=   0  nw_src= 0xa000019  nw_dst= 0xa00001f  tp_src= 1239  tp_dst=49040
Sep 07 09:54:30|00084|ofp_util|INFO|post: wildcards=  0x2ffff0  in_port=    8  dl_src=00:00:00:00:00:19  dl_dst=00:00:00:00:00:1f  dl_vlan=65535  dl_vlan_pcp=  0  dl_type=     0  nw_tos=   0  nw_proto=   0  nw_src=         0  nw_dst=         0  tp_src=    0  tp_dst=    0
Sep 07 09:55:55|00085|ofp_util|INFO|Dropped 16 log messages in last 84 seconds due to excessive rate
Sep 07 09:55:55|00086|ofp_util|INFO|normalization changed ofp_match, details:
Sep 07 09:55:55|00087|ofp_util|INFO| pre: wildcards=      0x30  in_port=    5  dl_src=00:00:00:00:00:0d  dl_dst=00:00:00:00:00:1d  dl_vlan=65535  dl_vlan_pcp=  0  dl_type=     0  nw_tos=   0  nw_proto=   0  nw_src= 0xa00000d  nw_dst= 0xa00001d  tp_src= 1240  tp_dst=43256
Sep 07 09:55:55|00088|ofp_util|INFO|post: wildcards=  0x2ffff0  in_port=    5  dl_src=00:00:00:00:00:0d  dl_dst=00:00:00:00:00:1d  dl_vlan=65535  dl_vlan_pcp=  0  dl_type=     0  nw_tos=   0  nw_proto=   0  nw_src=         0  nw_dst=         0  tp_src=    0  tp_dst=    0
Sep 07 09:56:42|00089|ofp_util|INFO|Dropped 4 log messages in last 48 seconds due to excessive rate
Sep 07 09:56:42|00090|ofp_util|INFO|normalization changed ofp_match, details:
Sep 07 09:56:42|00091|ofp_util|INFO| pre: wildcards=      0x30  in_port=    5  dl_src=00:00:00:00:00:0e  dl_dst=00:00:00:00:00:1e  dl_vlan=65535  dl_vlan_pcp=  0  dl_type=     0  nw_tos=   0  nw_proto=   0  nw_src= 0xa00000e  nw_dst= 0xa00001e  tp_src= 1239  tp_dst=41203
Sep 07 09:56:42|00092|ofp_util|INFO|post: wildcards=  0x2ffff0  in_port=    5  dl_src=00:00:00:00:00:0e  dl_dst=00:00:00:00:00:1e  dl_vlan=65535  dl_vlan_pcp=  0  dl_type=     0  nw_tos=   0  nw_proto=   0  nw_src=         0  nw_dst=         0  tp_src=    0  tp_dst=    0
Sep 07 09:58:17|00093|ofp_util|INFO|Dropped 3 log messages in last 95 seconds due to excessive rate
Sep 07 09:58:17|00094|ofp_util|INFO|normalization changed ofp_match, details:
Sep 07 09:58:17|00095|ofp_util|INFO| pre: wildcards=      0x30  in_port=    6  dl_src=00:00:00:00:00:13  dl_dst=00:00:00:00:00:1f  dl_vlan=65535  dl_vlan_pcp=  0  dl_type=     0  nw_tos=   0  nw_proto=   0  nw_src= 0xa000013  nw_dst= 0xa00001f  tp_src= 1243  tp_dst=55845
Sep 07 09:58:17|00096|ofp_util|INFO|post: wildcards=  0x2ffff0  in_port=    6  dl_src=00:00:00:00:00:13  dl_dst=00:00:00:00:00:1f  dl_vlan=65535  dl_vlan_pcp=  0  dl_type=     0  nw_tos=   0  nw_proto=   0  nw_src=         0  nw_dst=         0  tp_src=    0  tp_dst=    0
Sep 07 09:58:57|00097|ofp_util|INFO|Dropped 1 log messages in last 40 seconds due to excessive rate
Sep 07 09:58:57|00098|ofp_util|INFO|normalization changed ofp_match, details:
Sep 07 09:58:57|00099|ofp_util|INFO| pre: wildcards=      0x30  in_port=    7  dl_src=00:00:00:00:00:15  dl_dst=00:00:00:00:00:1f  dl_vlan=65535  dl_vlan_pcp=  0  dl_type=     0  nw_tos=   0  nw_proto=   0  nw_src= 0xa000015  nw_dst= 0xa00001f  tp_src= 1240  tp_dst=39373
Sep 07 09:58:57|00100|ofp_util|INFO|post: wildcards=  0x2ffff0  in_port=    7  dl_src=00:00:00:00:00:15  dl_dst=00:00:00:00:00:1f  dl_vlan=65535  dl_vlan_pcp=  0  dl_type=     0  nw_tos=   0  nw_proto=   0  nw_src=         0  nw_dst=         0  tp_src=    0  tp_dst=    0
Sep 07 09:59:45|00101|ofp_util|INFO|Dropped 3 log messages in last 48 seconds due to excessive rate
Sep 07 09:59:45|00102|ofp_util|INFO|normalization changed ofp_match, details:
Sep 07 09:59:45|00103|ofp_util|INFO| pre: wildcards=      0x30  in_port=    7  dl_src=00:00:00:00:00:15  dl_dst=00:00:00:00:00:1f  dl_vlan=65535  dl_vlan_pcp=  0  dl_type=     0  nw_tos=   0  nw_proto=   0  nw_src= 0xa000015  nw_dst= 0xa00001f  tp_src= 1243  tp_dst=52958
Sep 07 09:59:45|00104|ofp_util|INFO|post: wildcards=  0x2ffff0  in_port=    7  dl_src=00:00:00:00:00:15  dl_dst=00:00:00:00:00:1f  dl_vlan=65535  dl_vlan_pcp=  0  dl_type=     0  nw_tos=   0  nw_proto=   0  nw_src=         0  nw_dst=         0  tp_src=    0  tp_dst=    0
Sep 07 10:00:40|00105|ofp_util|INFO|Dropped 18 log messages in last 54 seconds due to excessive rate
Sep 07 10:00:40|00106|ofp_util|INFO|normalization changed ofp_match, details:
Sep 07 10:00:40|00107|ofp_util|INFO| pre: wildcards=      0x30  in_port=    5  dl_src=00:00:00:00:00:0d  dl_dst=00:00:00:00:00:1f  dl_vlan=65535  dl_vlan_pcp=  0  dl_type=     0  nw_tos=   0  nw_proto=   0  nw_src= 0xa00000d  nw_dst= 0xa00001f  tp_src= 1242  tp_dst=38703
Sep 07 10:00:40|00108|ofp_util|INFO|post: wildcards=  0x2ffff0  in_port=    5  dl_src=00:00:00:00:00:0d  dl_dst=00:00:00:00:00:1f  dl_vlan=65535  dl_vlan_pcp=  0  dl_type=     0  nw_tos=   0  nw_proto=   0  nw_src=         0  nw_dst=         0  tp_src=    0  tp_dst=    0
Sep 07 10:01:29|00109|rconn|INFO|dp4<->tcp:127.0.0.1:6633: connection closed by peer
Sep 07 10:01:30|00110|netdev_linux|WARN|ethtool command ETHTOOL_GSET on network device s5-eth1 failed: No such device
Sep 07 10:01:30|00111|rconn|INFO|dp4<->tcp:127.0.0.1:6633: connecting...
Sep 07 10:01:30|00112|rconn|WARN|dp4<->tcp:127.0.0.1:6633: connection failed (Connection refused)
Sep 07 10:01:30|00113|rconn|INFO|dp4<->tcp:127.0.0.1:6633: waiting 2 seconds before reconnect
Sep 07 10:01:31|00114|netdev_linux|WARN|ethtool command ETHTOOL_GSET on network device s5-eth2 failed: No such device
Sep 07 10:01:32|00115|netdev_linux|WARN|ethtool command ETHTOOL_GSET on network device s5-eth3 failed: No such device
Sep 07 10:01:32|00116|rconn|INFO|dp4<->tcp:127.0.0.1:6633: connecting...
Sep 07 10:01:32|00117|rconn|WARN|dp4<->tcp:127.0.0.1:6633: connection failed (Connection refused)
Sep 07 10:01:32|00118|rconn|INFO|dp4<->tcp:127.0.0.1:6633: waiting 4 seconds before reconnect
Sep 07 10:01:33|00119|netdev_linux|WARN|ethtool command ETHTOOL_GSET on network device s5-eth4 failed: No such device
Sep 07 10:01:35|00120|dpif_linux|WARN|system@dp4: read failed: No such device
Sep 07 10:01:35|00121|ofproto|ERR|system@dp4: datapath was destroyed externally
ovs-openflowd: unrecoverable datapath error (No such device)
