Starting client at 10.0.0.26:1236 with timeout:10
My IP address is 10.0.0.26Skipped Seq from 21030 to 21032
Skipped Seq from 21072 to 21074
Skipped Seq from 21082 to 21085
Skipped Seq from 21090 to 21092
Skipped Seq from 21112 to 21114
Skipped Seq from 21155 to 21159
Skipped Seq from 21183 to 21185
Skipped Seq from 21203 to 21205
Skipped Seq from 21245 to 21247
Skipped Seq from 21266 to 21268
Skipped Seq from 21307 to 21309
Skipped Seq from 21329 to 21331
Skipped Seq from 21334 to 21336
Skipped Seq from 21337 to 21339
Skipped Seq from 21378 to 21380
Skipped Seq from 21407 to 21409
Skipped Seq from 21427 to 21429
Skipped Seq from 21471 to 21473
Skipped Seq from 21477 to 21479
Skipped Seq from 21479 to 21483
Skipped Seq from 21515 to 21517
Skipped Seq from 21537 to 21539
Skipped Seq from 21576 to 21578
Skipped Seq from 21598 to 21600
Skipped Seq from 21635 to 21637
Skipped Seq from 21660 to 21662
Skipped Seq from 21701 to 21703
Skipped Seq from 21722 to 21724
Skipped Seq from 21764 to 21766
Skipped Seq from 21778 to 21780
Skipped Seq from 21819 to 21821
Skipped Seq from 21842 to 21844
Skipped Seq from 21886 to 21888
Skipped Seq from 21908 to 21911
Skipped Seq from 21921 to 21923
Skipped Seq from 21958 to 21960
Skipped Seq from 21980 to 21982
Skipped Seq from 22020 to 22022
Skipped Seq from 22041 to 22043
Skipped Seq from 22048 to 22050
Skipped Seq from 22052 to 22054
Skipped Seq from 22054 to 22057
Skipped Seq from 22065 to 22067
Skipped Seq from 22097 to 22099
Skipped Seq from 22134 to 22136
Skipped Seq from 22178 to 22180
Skipped Seq from 22197 to 22199
Skipped Seq from 22219 to 22221
Skipped Seq from 22261 to 22263
Skipped Seq from 22279 to 22281
Skipped Seq from 22313 to 22315
Skipped Seq from 22344 to 22346
Skipped Seq from 22364 to 22366
Skipped Seq from 22402 to 22404
Skipped Seq from 22424 to 22426
Skipped Seq from 22463 to 22465
Skipped Seq from 22483 to 22485
Skipped Seq from 22489 to 22491
Skipped Seq from 22529 to 22531
Skipped Seq from 22548 to 22550
Skipped Seq from 22591 to 22594
Skipped Seq from 22595 to 22597
Skipped Seq from 22616 to 22618
Skipped Seq from 22627 to 22630
Skipped Seq from 22631 to 22633
Skipped Seq from 22652 to 22654
Skipped Seq from 22694 to 22696
Skipped Seq from 22714 to 22716
Skipped Seq from 22748 to 22750
Number of times throttled: 1
Received: 22692 / 22770 packets
Start time: 1332808677.625462
End time: 1332808754.067346
Duration: 76.441884
