Starting client at 10.0.0.27:1235 with timeout:10
My IP address is 10.0.0.27Skipped Seq from 3243 to 3245
Skipped Seq from 3245 to 3247
Skipped Seq from 3261 to 3266
Skipped Seq from 3271 to 3273
Skipped Seq from 3276 to 3279
Skipped Seq from 3284 to 3286
Skipped Seq from 3287 to 3289
Skipped Seq from 3293 to 3297
Skipped Seq from 3297 to 3300
Skipped Seq from 3300 to 3302
Skipped Seq from 3305 to 3309
Skipped Seq from 3311 to 3313
Skipped Seq from 3319 to 3335
Skipped Seq from 3335 to 3341
Skipped Seq from 3351 to 3353
Skipped Seq from 3370 to 3390
Skipped Seq from 3400 to 3402
Skipped Seq from 3404 to 3409
Skipped Seq from 3409 to 3411
Skipped Seq from 3417 to 3419
Skipped Seq from 3442 to 3444
Skipped Seq from 3478 to 3480
Skipped Seq from 3501 to 3503
Skipped Seq from 3516 to 3519
Skipped Seq from 3549 to 3551
Skipped Seq from 3571 to 3573
Skipped Seq from 3596 to 3598
Skipped Seq from 3646 to 3648
Skipped Seq from 3659 to 3664
Skipped Seq from 3687 to 3689
Skipped Seq from 3707 to 3709
Skipped Seq from 3740 to 3742
Skipped Seq from 3770 to 3772
Skipped Seq from 3792 to 3794
Skipped Seq from 3824 to 3826
Skipped Seq from 3848 to 3851
Skipped Seq from 3869 to 3871
Skipped Seq from 3919 to 3921
Skipped Seq from 3931 to 3933
Skipped Seq from 3968 to 3970
Skipped Seq from 3988 to 3990
Skipped Seq from 4031 to 4033
Skipped Seq from 4050 to 4052
Skipped Seq from 4090 to 4093
Skipped Seq from 4096 to 4098
Skipped Seq from 4124 to 4126
Skipped Seq from 4166 to 4168
Skipped Seq from 4186 to 4188
Skipped Seq from 4217 to 4219
Skipped Seq from 4234 to 4238
Skipped Seq from 4247 to 4249
Skipped Seq from 4256 to 4258
Skipped Seq from 4263 to 4265
Skipped Seq from 4307 to 4309
Skipped Seq from 4322 to 4324
Skipped Seq from 4331 to 4333
Skipped Seq from 4351 to 4353
Skipped Seq from 4366 to 4368
Skipped Seq from 4391 to 4393
Skipped Seq from 4435 to 4437
Skipped Seq from 4453 to 4455
Skipped Seq from 4487 to 4489
Skipped Seq from 4521 to 4523
Skipped Seq from 4555 to 4557
Skipped Seq from 4574 to 4576
Skipped Seq from 4605 to 4607
Skipped Seq from 4634 to 4636
Skipped Seq from 4664 to 4668
Skipped Seq from 4669 to 4671
Skipped Seq from 4699 to 4701
Skipped Seq from 4735 to 4737
Skipped Seq from 4756 to 4758
Skipped Seq from 4789 to 4791
Skipped Seq from 4808 to 4812
Skipped Seq from 4812 to 4814
Skipped Seq from 4843 to 4845
Skipped Seq from 4874 to 4876
Skipped Seq from 4893 to 4895
Skipped Seq from 4932 to 4934
Skipped Seq from 4956 to 4958
Skipped Seq from 4988 to 4991
Skipped Seq from 4997 to 4999
Skipped Seq from 5030 to 5032
Skipped Seq from 5051 to 5053
Skipped Seq from 5072 to 5075
Skipped Seq from 5100 to 5102
Skipped Seq from 5131 to 5136
Skipped Seq from 5142 to 5144
Skipped Seq from 5175 to 5177
Skipped Seq from 5195 to 5197
Skipped Seq from 5230 to 5232
Skipped Seq from 5268 to 5270
Skipped Seq from 5290 to 5292
Skipped Seq from 5294 to 5296
Skipped Seq from 5321 to 5323
Skipped Seq from 5356 to 5358
Skipped Seq from 5399 to 5401
Skipped Seq from 5419 to 5421
Skipped Seq from 5442 to 5444
Skipped Seq from 5467 to 5469
Skipped Seq from 5504 to 5506
Skipped Seq from 5540 to 5542
Skipped Seq from 5562 to 5566
Skipped Seq from 5582 to 5588
Skipped Seq from 5590 to 5594
Skipped Seq from 5600 to 5602
Skipped Seq from 5607 to 5609
Skipped Seq from 5612 to 5614
Skipped Seq from 5621 to 5623
Skipped Seq from 5627 to 5629
Skipped Seq from 5638 to 5640
Skipped Seq from 5653 to 5680
Skipped Seq from 5695 to 5725
Skipped Seq from 5734 to 5736
Skipped Seq from 5766 to 5768
Skipped Seq from 5771 to 5773
Skipped Seq from 5779 to 5781
Skipped Seq from 5784 to 5787
Skipped Seq from 5793 to 5795
Skipped Seq from 5799 to 5801
Skipped Seq from 5806 to 5808
Skipped Seq from 5814 to 5816
Skipped Seq from 5818 to 5820
Skipped Seq from 5823 to 5826
Skipped Seq from 5833 to 5836
Skipped Seq from 5838 to 5840
Skipped Seq from 5842 to 5844
Skipped Seq from 5848 to 5850
Skipped Seq from 5852 to 5854
Skipped Seq from 5856 to 5858
Skipped Seq from 5859 to 5861
Skipped Seq from 5862 to 5864
Skipped Seq from 5864 to 5866
Skipped Seq from 5870 to 5872
Skipped Seq from 5875 to 5877
Skipped Seq from 5879 to 5881
Skipped Seq from 5881 to 5883
Skipped Seq from 5884 to 5886
Skipped Seq from 5886 to 5888
Skipped Seq from 5889 to 5893
Skipped Seq from 5896 to 5898
Skipped Seq from 5899 to 5901
Skipped Seq from 5902 to 5904
Skipped Seq from 5907 to 5909
Skipped Seq from 5910 to 5912
Skipped Seq from 5912 to 5914
Skipped Seq from 5915 to 5918
Skipped Seq from 5921 to 5923
Skipped Seq from 5925 to 5927
Skipped Seq from 5929 to 5931
Skipped Seq from 5931 to 5933
Skipped Seq from 5933 to 5935
Skipped Seq from 5939 to 5942
Skipped Seq from 5944 to 5947
Skipped Seq from 5948 to 5950
Skipped Seq from 5952 to 5954
Skipped Seq from 5956 to 5958
Skipped Seq from 5959 to 5961
Skipped Seq from 5963 to 5965
Skipped Seq from 5967 to 5969
Skipped Seq from 5970 to 5972
Skipped Seq from 5974 to 5976
Skipped Seq from 5976 to 5978
Skipped Seq from 5979 to 5981
Skipped Seq from 5983 to 5985
Skipped Seq from 5986 to 5988
Skipped Seq from 5990 to 5995
Skipped Seq from 5996 to 5998
Skipped Seq from 6000 to 6003
Skipped Seq from 6004 to 6006
Skipped Seq from 6006 to 6008
Skipped Seq from 6009 to 6011
Skipped Seq from 6025 to 6027
Skipped Seq from 6027 to 6029
Skipped Seq from 6030 to 6032
Skipped Seq from 6033 to 6036
Skipped Seq from 6053 to 6055
Skipped Seq from 6056 to 6059
Skipped Seq from 6061 to 6063
Skipped Seq from 6063 to 6065
Skipped Seq from 6066 to 6068
Skipped Seq from 6069 to 6071
Skipped Seq from 6072 to 6074
Skipped Seq from 6074 to 6076
Skipped Seq from 6077 to 6080
Skipped Seq from 6081 to 6084
Skipped Seq from 6084 to 6086
Skipped Seq from 6088 to 6090
Skipped Seq from 6090 to 6092
Skipped Seq from 6093 to 6095
Skipped Seq from 6096 to 6099
Skipped Seq from 6100 to 6102
Skipped Seq from 6102 to 6104
Skipped Seq from 6105 to 6107
Skipped Seq from 6108 to 6110
Skipped Seq from 6111 to 6113
Skipped Seq from 6114 to 6117
Skipped Seq from 6118 to 6120
Skipped Seq from 6120 to 6122
Skipped Seq from 6123 to 6125
Skipped Seq from 6294 to 6297
Skipped Seq from 6297 to 6301
Skipped Seq from 6301 to 6303
Skipped Seq from 6303 to 6306
Skipped Seq from 6307 to 6310
Skipped Seq from 6312 to 6316
Skipped Seq from 6318 to 6320
Skipped Seq from 6321 to 6323
Skipped Seq from 6325 to 6328
Skipped Seq from 6349 to 6351
Skipped Seq from 6352 to 6354
Skipped Seq from 6355 to 6359
Skipped Seq from 6360 to 6362
Skipped Seq from 6366 to 6368
Skipped Seq from 6381 to 6383
Skipped Seq from 6392 to 6394
Skipped Seq from 6395 to 6397
Skipped Seq from 6401 to 6404
Skipped Seq from 6404 to 6408
Skipped Seq from 6409 to 6412
Skipped Seq from 6414 to 6416
Skipped Seq from 6416 to 6423
Skipped Seq from 6423 to 6426
Skipped Seq from 6427 to 6429
Skipped Seq from 6429 to 6431
Skipped Seq from 6431 to 6434
Skipped Seq from 6436 to 6440
Skipped Seq from 6443 to 6447
Skipped Seq from 6449 to 6452
Skipped Seq from 6452 to 6455
Skipped Seq from 6456 to 6461
Skipped Seq from 6463 to 6465
Skipped Seq from 6465 to 6467
Skipped Seq from 6486 to 6488
Skipped Seq from 6490 to 6492
Skipped Seq from 6492 to 6497
Skipped Seq from 6498 to 6508
Skipped Seq from 6528 to 6532
Skipped Seq from 6532 to 6535
Skipped Seq from 6535 to 6537
Skipped Seq from 6537 to 6545
Skipped Seq from 6546 to 6550
Skipped Seq from 6551 to 6556
Skipped Seq from 6558 to 6564
Skipped Seq from 6564 to 6566
Skipped Seq from 6568 to 6570
Skipped Seq from 6579 to 6583
Skipped Seq from 6583 to 6587
Skipped Seq from 6588 to 6592
Skipped Seq from 6592 to 6596
Skipped Seq from 6596 to 6601
Skipped Seq from 6602 to 6610
Skipped Seq from 6611 to 6613
Skipped Seq from 6613 to 6617
Skipped Seq from 6617 to 6620
Skipped Seq from 6621 to 6623
Skipped Seq from 6623 to 6627
Skipped Seq from 6628 to 6630
Skipped Seq from 6630 to 6634
Skipped Seq from 6634 to 6636
Skipped Seq from 6638 to 6640
Skipped Seq from 6642 to 6645
Skipped Seq from 6648 to 6650
Skipped Seq from 6653 to 6656
Skipped Seq from 6658 to 6660
Skipped Seq from 6665 to 6667
Skipped Seq from 6669 to 6671
Skipped Seq from 6687 to 6689
Skipped Seq from 6689 to 6691
Skipped Seq from 6691 to 6698
Skipped Seq from 6698 to 6700
Skipped Seq from 6700 to 6702
Skipped Seq from 6703 to 6705
Skipped Seq from 6706 to 6709
Skipped Seq from 6709 to 6712
Skipped Seq from 6713 to 6716
Skipped Seq from 6716 to 6718
Skipped Seq from 6718 to 6721
Skipped Seq from 6721 to 6724
Skipped Seq from 6725 to 6731
Skipped Seq from 6731 to 6735
Skipped Seq from 6735 to 6737
Skipped Seq from 6737 to 6741
Skipped Seq from 6742 to 6746
Skipped Seq from 6752 to 6754
Skipped Seq from 6765 to 6768
Skipped Seq from 6776 to 6778
Skipped Seq from 6796 to 6798
Skipped Seq from 6799 to 6801
Skipped Seq from 6803 to 6805
Skipped Seq from 6806 to 6809
Skipped Seq from 6815 to 6817
Skipped Seq from 6850 to 6853
Skipped Seq from 6856 to 6858
Skipped Seq from 6867 to 6869
Skipped Seq from 6872 to 6875
Skipped Seq from 6885 to 6887
Skipped Seq from 6889 to 6895
Skipped Seq from 6895 to 6897
Skipped Seq from 6898 to 6900
Skipped Seq from 6900 to 6902
Skipped Seq from 6902 to 6904
Skipped Seq from 6905 to 6907
Skipped Seq from 6910 to 6912
Skipped Seq from 6914 to 6917
Skipped Seq from 6917 to 6919
Skipped Seq from 6920 to 6922
Skipped Seq from 6922 to 6924
Skipped Seq from 6924 to 6926
Skipped Seq from 6927 to 6929
Skipped Seq from 6931 to 6934
Skipped Seq from 6956 to 6958
Skipped Seq from 6967 to 6969
Skipped Seq from 6993 to 6996
Skipped Seq from 6999 to 7001
Skipped Seq from 7020 to 7022
Skipped Seq from 7025 to 7030
Skipped Seq from 7043 to 7045
Skipped Seq from 7055 to 7057
Skipped Seq from 7057 to 7060
Skipped Seq from 7062 to 7065
Skipped Seq from 7083 to 7085
Skipped Seq from 7119 to 7121
Skipped Seq from 7132 to 7134
Skipped Seq from 7136 to 7141
Skipped Seq from 7144 to 7147
Skipped Seq from 7150 to 7153
Skipped Seq from 7153 to 7155
Skipped Seq from 7157 to 7160
Skipped Seq from 7162 to 7168
Skipped Seq from 7170 to 7172
Skipped Seq from 7176 to 7185
Skipped Seq from 7189 to 7191
Skipped Seq from 7210 to 7214
Skipped Seq from 7214 to 7221
Skipped Seq from 7239 to 7248
Skipped Seq from 7249 to 7254
Skipped Seq from 7254 to 7258
Skipped Seq from 7259 to 7261
Skipped Seq from 7262 to 7267
Skipped Seq from 7267 to 7270
Skipped Seq from 12086 to 12090
Skipped Seq from 12090 to 12093
Skipped Seq from 12093 to 12097
Skipped Seq from 12097 to 12099
Skipped Seq from 12101 to 12104
Skipped Seq from 12108 to 12110
Skipped Seq from 12122 to 12124
Skipped Seq from 12144 to 12146
Skipped Seq from 12152 to 12154
Skipped Seq from 12162 to 12164
Skipped Seq from 12181 to 12183
Skipped Seq from 12201 to 12203
Skipped Seq from 12205 to 12209
Skipped Seq from 12209 to 12211
Skipped Seq from 12212 to 12214
Skipped Seq from 12214 to 12217
Skipped Seq from 12217 to 12220
Skipped Seq from 12221 to 12224
Skipped Seq from 12224 to 12227
Skipped Seq from 12227 to 12229
Skipped Seq from 12230 to 12232
Skipped Seq from 12233 to 12235
Skipped Seq from 12236 to 12238
Skipped Seq from 12238 to 12241
Skipped Seq from 12242 to 12245
Skipped Seq from 12245 to 12248
Skipped Seq from 12248 to 12251
Skipped Seq from 12251 to 12254
Skipped Seq from 12254 to 12257
Skipped Seq from 12257 to 12259
Skipped Seq from 12260 to 12263
Skipped Seq from 12263 to 12267
Skipped Seq from 12268 to 12271
Skipped Seq from 12274 to 12276
Skipped Seq from 12279 to 12281
Skipped Seq from 12282 to 12284
Skipped Seq from 12284 to 12286
Skipped Seq from 12286 to 12288
Skipped Seq from 12289 to 12291
Skipped Seq from 12292 to 12294
Skipped Seq from 12295 to 12297
Skipped Seq from 12298 to 12300
Skipped Seq from 12301 to 12303
Skipped Seq from 12304 to 12307
Skipped Seq from 12308 to 12310
Skipped Seq from 12311 to 12313
Skipped Seq from 12314 to 12316
Skipped Seq from 12318 to 12320
Skipped Seq from 12321 to 12323
Skipped Seq from 12324 to 12326
Skipped Seq from 12351 to 12354
Skipped Seq from 12362 to 12364
Skipped Seq from 12369 to 12371
Skipped Seq from 12389 to 12391
Skipped Seq from 12415 to 12417
Skipped Seq from 12447 to 12449
Skipped Seq from 12466 to 12471
Skipped Seq from 12472 to 12474
Skipped Seq from 12486 to 12488
Skipped Seq from 12488 to 12491
Skipped Seq from 12492 to 12494
Skipped Seq from 12494 to 12496
Skipped Seq from 12497 to 12499
Skipped Seq from 12499 to 12507
Skipped Seq from 12507 to 12512
Skipped Seq from 12513 to 12515
Skipped Seq from 12516 to 12523
Skipped Seq from 12524 to 12528
Skipped Seq from 12528 to 12531
Skipped Seq from 12531 to 12535
Skipped Seq from 12535 to 12538
Skipped Seq from 12538 to 12542
Skipped Seq from 12542 to 12545
Skipped Seq from 12545 to 12549
Skipped Seq from 12549 to 12553
Skipped Seq from 12553 to 12555
Skipped Seq from 12555 to 12558
Skipped Seq from 12558 to 12563
Skipped Seq from 12563 to 12569
Skipped Seq from 12569 to 12573
Skipped Seq from 12573 to 12577
Skipped Seq from 12577 to 12580
Skipped Seq from 12580 to 12583
Skipped Seq from 12583 to 12586
Skipped Seq from 12586 to 12591
Skipped Seq from 12591 to 12594
Skipped Seq from 12594 to 12597
Skipped Seq from 12597 to 12599
Skipped Seq from 12600 to 12605
Skipped Seq from 12609 to 12611
Skipped Seq from 12630 to 12632
Skipped Seq from 12653 to 12655
Skipped Seq from 12662 to 12664
Skipped Seq from 12673 to 12675
Skipped Seq from 12695 to 12697
Skipped Seq from 12716 to 12719
Skipped Seq from 12736 to 12738
Skipped Seq from 12739 to 12741
Skipped Seq from 12764 to 12766
Skipped Seq from 12771 to 12773
Skipped Seq from 12773 to 12776
Skipped Seq from 12780 to 12783
Skipped Seq from 12783 to 12787
Skipped Seq from 12787 to 12792
Skipped Seq from 12792 to 12796
Skipped Seq from 12796 to 12800
Skipped Seq from 12800 to 12804
Skipped Seq from 12804 to 12808
Skipped Seq from 12808 to 12813
Skipped Seq from 12813 to 12816
Skipped Seq from 12816 to 12821
Skipped Seq from 12821 to 12825
Skipped Seq from 12825 to 12828
Skipped Seq from 12829 to 12834
Skipped Seq from 12834 to 12837
Skipped Seq from 12838 to 12842
Skipped Seq from 12842 to 12845
Skipped Seq from 12846 to 12849
Skipped Seq from 12850 to 12854
Skipped Seq from 12855 to 12859
Skipped Seq from 12859 to 12863
Skipped Seq from 12863 to 12867
Skipped Seq from 12867 to 12870
Skipped Seq from 12870 to 12876
Skipped Seq from 12876 to 12880
Skipped Seq from 12880 to 12884
Skipped Seq from 12884 to 12886
Skipped Seq from 12886 to 12893
Number of times throttled: 11
Received: 22716 / 23624 packets
Start time: 1332808232.751772
End time: 1332808309.651881
Duration: 76.900109
