Starting client at 10.0.0.14:1236 with timeout:10
My IP address is 10.0.0.14Skipped Seq from 6480 to 6495
Skipped Seq from 6501 to 6517
Skipped Seq from 6517 to 6576
Skipped Seq from 6595 to 6597
Skipped Seq from 6604 to 6623
Skipped Seq from 6627 to 6639
Skipped Seq from 6646 to 6668
Skipped Seq from 6670 to 6695
Skipped Seq from 6695 to 6700
Skipped Seq from 6700 to 6720
Skipped Seq from 6722 to 6732
Skipped Seq from 6732 to 6734
Skipped Seq from 6744 to 6758
Skipped Seq from 6758 to 6773
Skipped Seq from 6773 to 6776
Skipped Seq from 6777 to 6779
Skipped Seq from 6794 to 6807
Skipped Seq from 6818 to 6820
Skipped Seq from 6840 to 6845
Skipped Seq from 6856 to 6858
Skipped Seq from 6865 to 6874
Skipped Seq from 6876 to 6878
Skipped Seq from 6890 to 6892
Skipped Seq from 6911 to 6920
Skipped Seq from 6929 to 6931
Skipped Seq from 6939 to 6968
Skipped Seq from 6968 to 6970
Skipped Seq from 6970 to 6976
Skipped Seq from 6979 to 6983
Skipped Seq from 6984 to 6996
Skipped Seq from 7010 to 7012
Skipped Seq from 7031 to 7057
Skipped Seq from 7071 to 7073
Skipped Seq from 7086 to 7088
Skipped Seq from 7090 to 7107
Skipped Seq from 7110 to 7118
Skipped Seq from 7118 to 7120
Skipped Seq from 7120 to 7122
Skipped Seq from 7129 to 7135
Skipped Seq from 7135 to 7163
Skipped Seq from 7163 to 7186
Skipped Seq from 7186 to 7228
Skipped Seq from 7237 to 7239
Skipped Seq from 7240 to 7270
Skipped Seq from 7270 to 7294
Skipped Seq from 7297 to 7308
Skipped Seq from 7308 to 7310
Skipped Seq from 7326 to 7328
Skipped Seq from 7328 to 7334
Skipped Seq from 7342 to 7344
Skipped Seq from 7361 to 7363
Skipped Seq from 7374 to 7414
Skipped Seq from 7414 to 7436
Skipped Seq from 7436 to 7450
Skipped Seq from 7450 to 7468
Skipped Seq from 7468 to 7470
Skipped Seq from 7472 to 7476
Skipped Seq from 7476 to 7478
Skipped Seq from 7488 to 7490
Skipped Seq from 7490 to 7495
Skipped Seq from 7495 to 7497
Skipped Seq from 7497 to 7509
Skipped Seq from 7511 to 7537
Skipped Seq from 7537 to 7542
Skipped Seq from 7543 to 7545
Skipped Seq from 7558 to 7560
Skipped Seq from 7561 to 7563
Skipped Seq from 7569 to 7571
Skipped Seq from 7571 to 7574
Skipped Seq from 7574 to 7576
Skipped Seq from 7588 to 7590
Skipped Seq from 7595 to 7598
Skipped Seq from 7606 to 7608
Skipped Seq from 7617 to 7619
Skipped Seq from 7619 to 7624
Skipped Seq from 7624 to 7630
Skipped Seq from 7636 to 7666
Skipped Seq from 7668 to 7670
Skipped Seq from 7682 to 7684
Skipped Seq from 7701 to 7703
Skipped Seq from 7711 to 7713
Skipped Seq from 7715 to 7724
Skipped Seq from 7732 to 7734
Skipped Seq from 7737 to 7741
Skipped Seq from 7741 to 7762
Skipped Seq from 7763 to 7767
Skipped Seq from 7767 to 7769
Skipped Seq from 7780 to 7782
Skipped Seq from 7799 to 7801
Skipped Seq from 7809 to 7811
Skipped Seq from 7819 to 7821
Skipped Seq from 7835 to 7858
Skipped Seq from 7861 to 7863
Skipped Seq from 7883 to 7885
Skipped Seq from 7902 to 7904
Skipped Seq from 7906 to 7928
Skipped Seq from 7948 to 7950
Skipped Seq from 7969 to 7971
Skipped Seq from 7985 to 8019
Skipped Seq from 8032 to 8034
Skipped Seq from 8041 to 8047
Skipped Seq from 8047 to 8049
Skipped Seq from 8058 to 8060
Skipped Seq from 8062 to 8064
Skipped Seq from 8084 to 8086
Skipped Seq from 8098 to 8109
Skipped Seq from 8128 to 8130
Skipped Seq from 8146 to 8148
Skipped Seq from 8162 to 8168
Skipped Seq from 8168 to 8170
Skipped Seq from 8181 to 8183
Skipped Seq from 8204 to 8206
Skipped Seq from 8207 to 8215
Skipped Seq from 8225 to 8227
Skipped Seq from 8245 to 8247
Skipped Seq from 8263 to 8265
Skipped Seq from 8266 to 8268
Skipped Seq from 8283 to 8285
Skipped Seq from 8289 to 8296
Skipped Seq from 8313 to 8315
Skipped Seq from 8334 to 8336
Skipped Seq from 8345 to 8372
Skipped Seq from 8379 to 8381
Skipped Seq from 8397 to 8399
Skipped Seq from 8420 to 8422
Skipped Seq from 8429 to 8438
Skipped Seq from 8441 to 8443
Skipped Seq from 8463 to 8465
Skipped Seq from 8484 to 8486
Skipped Seq from 8486 to 8506
Skipped Seq from 8524 to 8526
Skipped Seq from 8529 to 8541
Skipped Seq from 8541 to 8543
Skipped Seq from 8543 to 8545
Skipped Seq from 8546 to 8550
Skipped Seq from 8560 to 8562
Skipped Seq from 8579 to 8581
Skipped Seq from 8582 to 8599
Skipped Seq from 8599 to 8602
Skipped Seq from 8610 to 8612
Skipped Seq from 8619 to 8631
Skipped Seq from 8635 to 8658
Skipped Seq from 8663 to 8665
Skipped Seq from 8671 to 8675
Skipped Seq from 8696 to 8698
Skipped Seq from 8704 to 8711
Skipped Seq from 8714 to 8718
Skipped Seq from 8718 to 8722
Skipped Seq from 8722 to 8724
Skipped Seq from 8730 to 8732
Skipped Seq from 8732 to 8735
Skipped Seq from 8736 to 8739
Skipped Seq from 8739 to 8742
Skipped Seq from 8742 to 8750
Skipped Seq from 8750 to 8785
Skipped Seq from 8785 to 8787
Skipped Seq from 8797 to 8843
Skipped Seq from 8847 to 8866
Skipped Seq from 8879 to 8881
Skipped Seq from 8889 to 8893
Skipped Seq from 8899 to 8902
Skipped Seq from 8923 to 8925
Skipped Seq from 8944 to 8946
Skipped Seq from 8954 to 8957
Skipped Seq from 8961 to 8965
Skipped Seq from 9028 to 9031
Skipped Seq from 9032 to 9034
Skipped Seq from 9034 to 9036
Skipped Seq from 9042 to 9044
Skipped Seq from 9050 to 9052
Skipped Seq from 9054 to 9056
Skipped Seq from 9058 to 9060
Skipped Seq from 9067 to 9069
Skipped Seq from 9072 to 9074
Skipped Seq from 9074 to 9076
Skipped Seq from 9080 to 9082
Skipped Seq from 9085 to 9087
Skipped Seq from 9091 to 9093
Skipped Seq from 9094 to 9096
Skipped Seq from 9097 to 9099
Skipped Seq from 9111 to 9113
Number of times throttled: 5
Received: 12471 / 13657 packets
Start time: 1332808470.771507
End time: 1332808520.581225
Duration: 49.809718
