Starting client at 10.0.0.26:1245 with timeout:10
My IP address is 10.0.0.26Skipped Seq from 1836 to 1839
Skipped Seq from 1841 to 1843
Skipped Seq from 1844 to 1847
Skipped Seq from 1853 to 1855
Skipped Seq from 1869 to 1872
Skipped Seq from 1872 to 1874
Skipped Seq from 1874 to 1876
Skipped Seq from 1876 to 1878
Skipped Seq from 1879 to 1881
Skipped Seq from 1881 to 1883
Skipped Seq from 1883 to 1885
Skipped Seq from 1886 to 1888
Skipped Seq from 1888 to 1893
Skipped Seq from 1893 to 1895
Skipped Seq from 1895 to 1898
Skipped Seq from 1899 to 1904
Skipped Seq from 1904 to 1906
Skipped Seq from 1906 to 1908
Skipped Seq from 1908 to 1911
Skipped Seq from 1911 to 1913
Skipped Seq from 1913 to 1916
Skipped Seq from 1916 to 1919
Skipped Seq from 1920 to 1923
Skipped Seq from 1923 to 1925
Skipped Seq from 1927 to 1934
Skipped Seq from 1939 to 1942
Skipped Seq from 1942 to 1945
Skipped Seq from 1950 to 1953
Skipped Seq from 1953 to 1956
Skipped Seq from 1957 to 1960
Skipped Seq from 1960 to 1963
Skipped Seq from 1964 to 1966
Skipped Seq from 1966 to 1968
Skipped Seq from 1968 to 1974
Skipped Seq from 1974 to 1978
Skipped Seq from 1979 to 1982
Skipped Seq from 1982 to 1985
Skipped Seq from 1985 to 1987
Skipped Seq from 1987 to 1989
Skipped Seq from 1989 to 1991
Skipped Seq from 1991 to 1994
Skipped Seq from 1994 to 1996
Skipped Seq from 1996 to 1998
Skipped Seq from 1998 to 2001
Skipped Seq from 2002 to 2006
Skipped Seq from 2006 to 2009
Skipped Seq from 2010 to 2013
Skipped Seq from 2013 to 2017
Skipped Seq from 2019 to 2021
Skipped Seq from 2021 to 2025
Skipped Seq from 2025 to 2027
Skipped Seq from 2028 to 2031
Skipped Seq from 2031 to 2034
Skipped Seq from 2036 to 2038
Skipped Seq from 2038 to 2041
Skipped Seq from 2041 to 2044
Skipped Seq from 2044 to 2047
Skipped Seq from 2047 to 2049
Skipped Seq from 2049 to 2052
Skipped Seq from 2053 to 2056
Skipped Seq from 2056 to 2059
Skipped Seq from 2061 to 2067
Skipped Seq from 2067 to 2070
Skipped Seq from 2071 to 2073
Skipped Seq from 2073 to 2075
Skipped Seq from 2078 to 2082
Skipped Seq from 2084 to 2086
Skipped Seq from 2086 to 2089
Skipped Seq from 2091 to 2093
Skipped Seq from 2095 to 2101
Skipped Seq from 2101 to 2104
Skipped Seq from 2107 to 2111
Skipped Seq from 2114 to 2117
Skipped Seq from 2117 to 2120
Skipped Seq from 2121 to 2125
Skipped Seq from 2125 to 2128
Skipped Seq from 2128 to 2131
Skipped Seq from 2132 to 2134
Skipped Seq from 2139 to 2142
Skipped Seq from 2143 to 2145
Skipped Seq from 2176 to 2178
Skipped Seq from 2179 to 2182
Skipped Seq from 2190 to 2192
Skipped Seq from 2192 to 2195
Skipped Seq from 2195 to 2197
Skipped Seq from 2209 to 2211
Skipped Seq from 2233 to 2236
Skipped Seq from 2237 to 2240
Skipped Seq from 2240 to 2246
Skipped Seq from 2246 to 2248
Skipped Seq from 2249 to 2252
Skipped Seq from 2252 to 2254
Skipped Seq from 2254 to 2257
Skipped Seq from 2257 to 2263
Skipped Seq from 2263 to 2265
Skipped Seq from 2265 to 2267
Skipped Seq from 2270 to 2272
Skipped Seq from 2272 to 2276
Skipped Seq from 2276 to 2279
Skipped Seq from 2279 to 2282
Skipped Seq from 2282 to 2284
Skipped Seq from 2285 to 2287
Skipped Seq from 2287 to 2290
Skipped Seq from 2290 to 2294
Skipped Seq from 2294 to 2297
Skipped Seq from 2299 to 2301
Skipped Seq from 2301 to 2303
Skipped Seq from 2303 to 2310
Skipped Seq from 2312 to 2314
Skipped Seq from 2314 to 2318
Skipped Seq from 2318 to 2320
Skipped Seq from 2320 to 2323
Skipped Seq from 2325 to 2328
Skipped Seq from 2328 to 2331
Skipped Seq from 2331 to 2334
Skipped Seq from 2334 to 2336
Skipped Seq from 2337 to 2339
Skipped Seq from 2340 to 2342
Skipped Seq from 2342 to 2345
Skipped Seq from 2345 to 2347
Skipped Seq from 2349 to 2351
Skipped Seq from 2352 to 2358
Skipped Seq from 2358 to 2362
Skipped Seq from 2363 to 2365
Skipped Seq from 2367 to 2369
Skipped Seq from 2369 to 2372
Skipped Seq from 2372 to 2375
Skipped Seq from 2375 to 2379
Skipped Seq from 2381 to 2383
Skipped Seq from 2383 to 2386
Skipped Seq from 2386 to 2389
Skipped Seq from 2389 to 2391
Skipped Seq from 2391 to 2394
Skipped Seq from 2394 to 2396
Skipped Seq from 2397 to 2400
Skipped Seq from 2400 to 2407
Skipped Seq from 2407 to 2411
Skipped Seq from 2411 to 2415
Skipped Seq from 2415 to 2418
Skipped Seq from 2421 to 2424
Skipped Seq from 2424 to 2427
Skipped Seq from 2453 to 2456
Skipped Seq from 2464 to 2466
Skipped Seq from 2467 to 2469
Skipped Seq from 2469 to 2471
Skipped Seq from 2472 to 2478
Skipped Seq from 2478 to 2480
Skipped Seq from 2480 to 2483
Skipped Seq from 2483 to 2486
Skipped Seq from 2489 to 2492
Skipped Seq from 2492 to 2497
Skipped Seq from 2497 to 2500
Skipped Seq from 2501 to 2504
Skipped Seq from 2504 to 2507
Skipped Seq from 2508 to 2513
Skipped Seq from 2514 to 2518
Skipped Seq from 2518 to 2520
Skipped Seq from 2525 to 2527
Skipped Seq from 2527 to 2530
Skipped Seq from 2530 to 2533
Skipped Seq from 2533 to 2537
Skipped Seq from 2539 to 2541
Skipped Seq from 2542 to 2544
Skipped Seq from 2544 to 2551
Skipped Seq from 2551 to 2555
Skipped Seq from 2555 to 2558
Skipped Seq from 2558 to 2562
Skipped Seq from 2562 to 2565
Skipped Seq from 2565 to 2567
Skipped Seq from 2567 to 2569
Skipped Seq from 2570 to 2572
Skipped Seq from 2572 to 2575
Skipped Seq from 2575 to 2579
Skipped Seq from 2579 to 2581
Skipped Seq from 2581 to 2583
Skipped Seq from 2583 to 2585
Skipped Seq from 2585 to 2587
Skipped Seq from 2588 to 2593
Skipped Seq from 2594 to 2598
Skipped Seq from 2599 to 2601
Skipped Seq from 2604 to 2606
Skipped Seq from 2644 to 2646
Skipped Seq from 2686 to 2688
Skipped Seq from 2711 to 2713
Skipped Seq from 2723 to 2725
Skipped Seq from 2731 to 2733
Skipped Seq from 2737 to 2739
Skipped Seq from 2740 to 2742
Skipped Seq from 2745 to 2747
Skipped Seq from 2747 to 2749
Skipped Seq from 2749 to 2751
Skipped Seq from 2751 to 2754
Skipped Seq from 2756 to 2758
Skipped Seq from 2758 to 2760
Skipped Seq from 2762 to 2764
Skipped Seq from 2767 to 2769
Skipped Seq from 2771 to 2773
Skipped Seq from 2774 to 2777
Skipped Seq from 2782 to 2784
Skipped Seq from 2786 to 2788
Skipped Seq from 2789 to 2791
Skipped Seq from 2793 to 2796
Skipped Seq from 2796 to 2798
Skipped Seq from 2806 to 2808
Skipped Seq from 2826 to 2829
Skipped Seq from 2829 to 2831
Skipped Seq from 2833 to 2836
Skipped Seq from 2843 to 2845
Skipped Seq from 2854 to 2856
Skipped Seq from 2893 to 2895
Skipped Seq from 2914 to 2919
Skipped Seq from 2919 to 2921
Skipped Seq from 2922 to 2927
Skipped Seq from 2928 to 2932
Skipped Seq from 2934 to 2939
Skipped Seq from 2943 to 2946
Skipped Seq from 2946 to 2949
Skipped Seq from 2950 to 2957
Skipped Seq from 2957 to 2959
Skipped Seq from 2959 to 2962
Skipped Seq from 2962 to 2965
Skipped Seq from 2965 to 2975
Skipped Seq from 2975 to 2983
Skipped Seq from 2997 to 2999
Skipped Seq from 3005 to 3010
Skipped Seq from 3010 to 3012
Skipped Seq from 3012 to 3015
Skipped Seq from 3015 to 3017
Skipped Seq from 3019 to 3022
Skipped Seq from 3022 to 3025
Skipped Seq from 3036 to 3038
Skipped Seq from 3039 to 3045
Skipped Seq from 3045 to 3047
Skipped Seq from 3047 to 3050
Skipped Seq from 3051 to 3053
Skipped Seq from 3053 to 3055
Skipped Seq from 3055 to 3060
Skipped Seq from 3060 to 3062
Skipped Seq from 3062 to 3064
Skipped Seq from 3066 to 3068
Skipped Seq from 3068 to 3072
Skipped Seq from 3072 to 3074
Skipped Seq from 3085 to 3087
Skipped Seq from 3091 to 3093
Skipped Seq from 3098 to 3100
Skipped Seq from 3100 to 3102
Skipped Seq from 3118 to 3120
Skipped Seq from 3121 to 3126
Skipped Seq from 3135 to 3137
Skipped Seq from 3140 to 3142
Skipped Seq from 3143 to 3146
Skipped Seq from 3146 to 3148
Skipped Seq from 3148 to 3151
Skipped Seq from 3153 to 3156
Skipped Seq from 3156 to 3160
Skipped Seq from 3160 to 3162
Skipped Seq from 3166 to 3169
Skipped Seq from 3169 to 3173
Skipped Seq from 3173 to 3175
Skipped Seq from 3176 to 3178
Skipped Seq from 3178 to 3181
Skipped Seq from 3182 to 3185
Skipped Seq from 3185 to 3187
Skipped Seq from 3187 to 3189
Skipped Seq from 3189 to 3193
Skipped Seq from 3193 to 3196
Skipped Seq from 3196 to 3198
Skipped Seq from 3198 to 3201
Skipped Seq from 3209 to 3211
Skipped Seq from 3211 to 3215
Skipped Seq from 3215 to 3218
Skipped Seq from 3226 to 3228
Skipped Seq from 3230 to 3232
Skipped Seq from 3236 to 3241
Skipped Seq from 3241 to 3243
Skipped Seq from 3243 to 3246
Skipped Seq from 3246 to 3252
Skipped Seq from 3253 to 3256
Skipped Seq from 3256 to 3259
Skipped Seq from 3260 to 3266
Skipped Seq from 3296 to 3298
Skipped Seq from 3300 to 3304
Skipped Seq from 3307 to 3309
Skipped Seq from 3309 to 3312
Skipped Seq from 3313 to 3315
Skipped Seq from 3319 to 3322
Skipped Seq from 3322 to 3324
Skipped Seq from 3325 to 3328
Skipped Seq from 3328 to 3331
Skipped Seq from 3334 to 3337
Skipped Seq from 3337 to 3339
Skipped Seq from 3339 to 3342
Skipped Seq from 3342 to 3345
Skipped Seq from 3345 to 3349
Skipped Seq from 3349 to 3351
Skipped Seq from 3351 to 3354
Skipped Seq from 3354 to 3356
Skipped Seq from 3356 to 3358
Skipped Seq from 3358 to 3363
Skipped Seq from 3363 to 3365
Skipped Seq from 3365 to 3367
Skipped Seq from 3368 to 3370
Skipped Seq from 3370 to 3373
Skipped Seq from 3373 to 3378
Skipped Seq from 3378 to 3382
Skipped Seq from 3382 to 3384
Skipped Seq from 3394 to 3397
Skipped Seq from 3407 to 3411
Skipped Seq from 3412 to 3415
Skipped Seq from 3416 to 3423
Skipped Seq from 3427 to 3429
Skipped Seq from 3431 to 3437
Skipped Seq from 3437 to 3442
Skipped Seq from 3442 to 3446
Skipped Seq from 3450 to 3452
Skipped Seq from 3472 to 3474
Skipped Seq from 3495 to 3497
Skipped Seq from 3500 to 3502
Skipped Seq from 3502 to 3504
Skipped Seq from 3504 to 3509
Skipped Seq from 3510 to 3514
Skipped Seq from 3514 to 3520
Skipped Seq from 3520 to 3522
Skipped Seq from 3523 to 3529
Skipped Seq from 3529 to 3535
Skipped Seq from 3535 to 3537
Skipped Seq from 3537 to 3546
Skipped Seq from 3546 to 3548
Skipped Seq from 3548 to 3550
Skipped Seq from 3551 to 3555
Skipped Seq from 3564 to 3566
Skipped Seq from 3585 to 3587
Skipped Seq from 3590 to 3596
Skipped Seq from 3596 to 3602
Skipped Seq from 3602 to 3605
Skipped Seq from 3605 to 3612
Skipped Seq from 3612 to 3615
Skipped Seq from 3617 to 3619
Skipped Seq from 3619 to 3623
Skipped Seq from 3623 to 3629
Skipped Seq from 3631 to 3637
Skipped Seq from 3637 to 3642
Skipped Seq from 3648 to 3650
Skipped Seq from 3652 to 3656
Skipped Seq from 3656 to 3658
Skipped Seq from 3666 to 3668
Skipped Seq from 3686 to 3688
Skipped Seq from 3697 to 3700
Skipped Seq from 3705 to 3707
Skipped Seq from 3708 to 3712
Skipped Seq from 3712 to 3715
Number of times throttled: 5
Received: 7135 / 7849 packets
Start time: 1332809501.728589
End time: 1332809533.755712
Duration: 32.027123
