Starting client at 10.0.0.27:1236 with timeout:10
My IP address is 10.0.0.27Skipped Seq from 23 to 32
Recovered out of order packet from 79 to 24
Recovered out of order packet from 79 to 25
Recovered out of order packet from 79 to 26
Recovered out of order packet from 79 to 27
Recovered out of order packet from 79 to 28
Recovered out of order packet from 79 to 29
Recovered out of order packet from 79 to 30
Recovered out of order packet from 79 to 31
Skipped Seq from 178 to 211
Skipped Seq from 681 to 688
Skipped Seq from 7395 to 7406
Skipped Seq from 7415 to 7417
Skipped Seq from 7433 to 7442
Skipped Seq from 7447 to 7459
Skipped Seq from 7474 to 7476
Skipped Seq from 7497 to 7524
Skipped Seq from 7541 to 7544
Skipped Seq from 7553 to 7558
Skipped Seq from 7564 to 7570
Skipped Seq from 7591 to 7593
Skipped Seq from 7602 to 7606
Skipped Seq from 7614 to 7624
Number of times throttled: 1
Received: 23137 / 23256 packets
Start time: 1315133588.278267
End time: 1315133625.651060
Duration: 37.372793
