Starting client at 10.0.0.15:1242 with timeout:10
My IP address is 10.0.0.15Skipped Seq from 936 to 938
Skipped Seq from 945 to 947
Skipped Seq from 947 to 950
Skipped Seq from 951 to 953
Skipped Seq from 953 to 955
Skipped Seq from 955 to 957
Skipped Seq from 957 to 960
Skipped Seq from 964 to 966
Skipped Seq from 966 to 968
Skipped Seq from 970 to 972
Skipped Seq from 976 to 978
Skipped Seq from 978 to 980
Skipped Seq from 981 to 983
Skipped Seq from 1001 to 1003
Skipped Seq from 1008 to 1010
Skipped Seq from 1018 to 1020
Skipped Seq from 1020 to 1023
Skipped Seq from 1025 to 1027
Skipped Seq from 1028 to 1030
Skipped Seq from 1030 to 1032
Skipped Seq from 1034 to 1038
Skipped Seq from 1038 to 1041
Skipped Seq from 1041 to 1043
Skipped Seq from 1043 to 1045
Skipped Seq from 1046 to 1048
Skipped Seq from 1049 to 1052
Skipped Seq from 1054 to 1056
Skipped Seq from 1058 to 1060
Skipped Seq from 1063 to 1065
Skipped Seq from 1066 to 1070
Skipped Seq from 1071 to 1074
Skipped Seq from 1075 to 1077
Skipped Seq from 1079 to 1081
Skipped Seq from 1086 to 1088
Skipped Seq from 1090 to 1093
Skipped Seq from 1097 to 1099
Skipped Seq from 1102 to 1107
Skipped Seq from 1108 to 1110
Skipped Seq from 1116 to 1118
Skipped Seq from 1121 to 1123
Skipped Seq from 1123 to 1126
Skipped Seq from 1127 to 1129
Skipped Seq from 1131 to 1133
Skipped Seq from 1134 to 1137
Skipped Seq from 1137 to 1141
Skipped Seq from 1142 to 1145
Skipped Seq from 1145 to 1149
Skipped Seq from 1151 to 1153
Skipped Seq from 1158 to 1160
Skipped Seq from 1160 to 1162
Skipped Seq from 1166 to 1168
Skipped Seq from 1173 to 1175
Skipped Seq from 1178 to 1182
Skipped Seq from 1184 to 1186
Skipped Seq from 1187 to 1189
Skipped Seq from 1194 to 1196
Skipped Seq from 1196 to 1199
Skipped Seq from 1200 to 1202
Skipped Seq from 1207 to 1209
Skipped Seq from 1209 to 1212
Skipped Seq from 1214 to 1216
Skipped Seq from 1217 to 1221
Skipped Seq from 1222 to 1224
Skipped Seq from 1224 to 1228
Skipped Seq from 1231 to 1233
Skipped Seq from 1234 to 1236
Skipped Seq from 1236 to 1238
Skipped Seq from 1239 to 1242
Skipped Seq from 1242 to 1244
Skipped Seq from 1251 to 1254
Skipped Seq from 1256 to 1258
Skipped Seq from 1258 to 1261
Skipped Seq from 1261 to 1264
Skipped Seq from 1264 to 1266
Skipped Seq from 1266 to 1271
Skipped Seq from 1271 to 1273
Skipped Seq from 1288 to 1290
Skipped Seq from 1299 to 1302
Skipped Seq from 1304 to 1309
Skipped Seq from 1313 to 1315
Skipped Seq from 1317 to 1319
Skipped Seq from 1319 to 1321
Skipped Seq from 1322 to 1325
Skipped Seq from 1327 to 1329
Skipped Seq from 1329 to 1331
Skipped Seq from 1331 to 1333
Skipped Seq from 1334 to 1336
Skipped Seq from 1336 to 1338
Skipped Seq from 1338 to 1340
Skipped Seq from 1344 to 1346
Skipped Seq from 1346 to 1348
Skipped Seq from 1349 to 1351
Skipped Seq from 1351 to 1355
Skipped Seq from 1358 to 1362
Skipped Seq from 1366 to 1369
Skipped Seq from 1371 to 1373
Skipped Seq from 1375 to 1378
Skipped Seq from 1378 to 1383
Skipped Seq from 1383 to 1385
Skipped Seq from 1388 to 1390
Skipped Seq from 1393 to 1395
Skipped Seq from 1396 to 1399
Skipped Seq from 1400 to 1402
Skipped Seq from 1402 to 1404
Skipped Seq from 1405 to 1408
Skipped Seq from 1412 to 1414
Skipped Seq from 1416 to 1418
Skipped Seq from 1418 to 1420
Skipped Seq from 1423 to 1430
Skipped Seq from 1431 to 1436
Skipped Seq from 1437 to 1439
Skipped Seq from 1441 to 1444
Skipped Seq from 1459 to 1461
Skipped Seq from 1462 to 1464
Skipped Seq from 1467 to 1469
Skipped Seq from 1472 to 1474
Skipped Seq from 1485 to 1488
Skipped Seq from 1489 to 1493
Skipped Seq from 1493 to 1496
Skipped Seq from 1496 to 1498
Skipped Seq from 1498 to 1500
Skipped Seq from 1501 to 1503
Skipped Seq from 1503 to 1505
Skipped Seq from 1506 to 1511
Skipped Seq from 1515 to 1518
Skipped Seq from 1522 to 1524
Skipped Seq from 1525 to 1527
Skipped Seq from 1529 to 1531
Skipped Seq from 1533 to 1536
Skipped Seq from 1536 to 1538
Skipped Seq from 1542 to 1545
Skipped Seq from 1546 to 1548
Skipped Seq from 1549 to 1551
Skipped Seq from 1552 to 1554
Skipped Seq from 1554 to 1561
Skipped Seq from 1564 to 1571
Skipped Seq from 1571 to 1573
Skipped Seq from 1575 to 1578
Skipped Seq from 1582 to 1587
Skipped Seq from 1588 to 1591
Skipped Seq from 1591 to 1596
Skipped Seq from 1598 to 1601
Skipped Seq from 1601 to 1603
Skipped Seq from 1603 to 1605
Skipped Seq from 1612 to 1614
Skipped Seq from 1617 to 1624
Skipped Seq from 1624 to 1626
Skipped Seq from 1626 to 1628
Skipped Seq from 1629 to 1632
Skipped Seq from 1641 to 1643
Skipped Seq from 1649 to 1652
Skipped Seq from 1655 to 1657
Skipped Seq from 1657 to 1659
Skipped Seq from 1664 to 1666
Skipped Seq from 1669 to 1672
Skipped Seq from 1672 to 1675
Skipped Seq from 1675 to 1677
Skipped Seq from 1677 to 1680
Skipped Seq from 1691 to 1697
Skipped Seq from 1697 to 1699
Skipped Seq from 1699 to 1702
Skipped Seq from 1702 to 1704
Skipped Seq from 1706 to 1709
Skipped Seq from 1709 to 1711
Skipped Seq from 1711 to 1713
Skipped Seq from 1717 to 1719
Skipped Seq from 1720 to 1724
Skipped Seq from 1725 to 1729
Skipped Seq from 1730 to 1732
Skipped Seq from 1732 to 1734
Skipped Seq from 1734 to 1736
Skipped Seq from 1736 to 1738
Skipped Seq from 1741 to 1744
Skipped Seq from 1747 to 1749
Skipped Seq from 1749 to 1756
Skipped Seq from 1757 to 1763
Skipped Seq from 1763 to 1765
Skipped Seq from 1765 to 1768
Skipped Seq from 1769 to 1775
Skipped Seq from 1780 to 1782
Skipped Seq from 1784 to 1786
Skipped Seq from 1792 to 1796
Skipped Seq from 1797 to 1803
Skipped Seq from 1804 to 1808
Skipped Seq from 1810 to 1812
Skipped Seq from 1813 to 1816
Skipped Seq from 1820 to 1823
Skipped Seq from 1824 to 1826
Skipped Seq from 1826 to 1829
Skipped Seq from 1829 to 1831
Skipped Seq from 1833 to 1838
Skipped Seq from 1838 to 1842
Skipped Seq from 1846 to 1855
Skipped Seq from 1855 to 1857
Skipped Seq from 1862 to 1869
Skipped Seq from 1873 to 1876
Skipped Seq from 1876 to 1878
Skipped Seq from 1882 to 1884
Skipped Seq from 1887 to 1891
Skipped Seq from 1892 to 1901
Skipped Seq from 1901 to 1905
Skipped Seq from 1905 to 1908
Skipped Seq from 1912 to 1914
Skipped Seq from 1914 to 1916
Skipped Seq from 1929 to 1932
Skipped Seq from 1932 to 1934
Skipped Seq from 1934 to 1936
Skipped Seq from 1940 to 1942
Skipped Seq from 1946 to 1951
Skipped Seq from 1951 to 1953
Skipped Seq from 1958 to 1960
Skipped Seq from 1961 to 1963
Skipped Seq from 1963 to 1968
Skipped Seq from 1969 to 1977
Skipped Seq from 1978 to 1981
Skipped Seq from 1981 to 1983
Skipped Seq from 1983 to 1985
Skipped Seq from 1987 to 1989
Skipped Seq from 1997 to 2000
Skipped Seq from 2000 to 2002
Skipped Seq from 2002 to 2011
Skipped Seq from 2014 to 2017
Skipped Seq from 2018 to 2021
Skipped Seq from 2026 to 2028
Skipped Seq from 2031 to 2038
Skipped Seq from 2038 to 2041
Skipped Seq from 2041 to 2043
Skipped Seq from 2043 to 2045
Skipped Seq from 2046 to 2051
Skipped Seq from 2052 to 2055
Skipped Seq from 2061 to 2063
Skipped Seq from 2067 to 2069
Skipped Seq from 2070 to 2072
Skipped Seq from 2073 to 2077
Skipped Seq from 2078 to 2081
Skipped Seq from 2082 to 2087
Skipped Seq from 2087 to 2089
Skipped Seq from 2094 to 2097
Skipped Seq from 2097 to 2104
Skipped Seq from 2107 to 2110
Skipped Seq from 2110 to 2112
Skipped Seq from 2113 to 2116
Skipped Seq from 2116 to 2118
Skipped Seq from 2120 to 2123
Skipped Seq from 2129 to 2132
Skipped Seq from 2139 to 2145
Skipped Seq from 2154 to 2157
Skipped Seq from 2161 to 2163
Skipped Seq from 2178 to 2180
Skipped Seq from 2184 to 2189
Skipped Seq from 2189 to 2191
Skipped Seq from 2191 to 2193
Skipped Seq from 2199 to 2201
Skipped Seq from 2204 to 2207
Skipped Seq from 2210 to 2213
Skipped Seq from 2213 to 2216
Skipped Seq from 2220 to 2231
Skipped Seq from 2232 to 2235
Skipped Seq from 2247 to 2253
Skipped Seq from 2254 to 2256
Skipped Seq from 2257 to 2259
Skipped Seq from 2264 to 2267
Skipped Seq from 2268 to 2270
Skipped Seq from 2270 to 2272
Skipped Seq from 2273 to 2281
Skipped Seq from 2281 to 2284
Skipped Seq from 13021 to 13023
Skipped Seq from 13023 to 13025
Skipped Seq from 13027 to 13030
Skipped Seq from 13030 to 13032
Skipped Seq from 13033 to 13036
Skipped Seq from 13039 to 13041
Skipped Seq from 13048 to 13050
Skipped Seq from 13057 to 13059
Skipped Seq from 13071 to 13073
Skipped Seq from 13077 to 13079
Skipped Seq from 13079 to 13082
Skipped Seq from 13088 to 13091
Skipped Seq from 13092 to 13094
Skipped Seq from 13094 to 13096
Skipped Seq from 13096 to 13099
Skipped Seq from 13105 to 13107
Skipped Seq from 13116 to 13121
Skipped Seq from 13122 to 13125
Skipped Seq from 13126 to 13128
Skipped Seq from 13131 to 13134
Skipped Seq from 13134 to 13137
Skipped Seq from 13138 to 13140
Skipped Seq from 13144 to 13147
Skipped Seq from 13148 to 13151
Skipped Seq from 13152 to 13154
Skipped Seq from 13161 to 13165
Skipped Seq from 13165 to 13167
Skipped Seq from 13169 to 13171
Skipped Seq from 13180 to 13183
Skipped Seq from 13219 to 13223
Skipped Seq from 13225 to 13227
Skipped Seq from 13228 to 13230
Skipped Seq from 13230 to 13232
Skipped Seq from 13236 to 13239
Skipped Seq from 13241 to 13245
Skipped Seq from 13248 to 13250
Skipped Seq from 13251 to 13253
Skipped Seq from 13254 to 13257
Skipped Seq from 13259 to 13261
Skipped Seq from 13261 to 13265
Skipped Seq from 13269 to 13271
Skipped Seq from 13271 to 13273
Skipped Seq from 13273 to 13276
Skipped Seq from 13279 to 13281
Skipped Seq from 13281 to 13285
Skipped Seq from 13287 to 13290
Skipped Seq from 13290 to 13292
Skipped Seq from 13294 to 13296
Skipped Seq from 13297 to 13300
Skipped Seq from 13310 to 13316
Skipped Seq from 13316 to 13318
Skipped Seq from 13329 to 13331
Skipped Seq from 13347 to 13352
Skipped Seq from 13354 to 13357
Skipped Seq from 13357 to 13361
Skipped Seq from 13361 to 13365
Skipped Seq from 13366 to 13370
Skipped Seq from 13372 to 13374
Skipped Seq from 13410 to 13412
Skipped Seq from 13414 to 13416
Skipped Seq from 13416 to 13418
Skipped Seq from 13419 to 13423
Skipped Seq from 13423 to 13425
Skipped Seq from 13425 to 13427
Skipped Seq from 13439 to 13442
Skipped Seq from 13442 to 13444
Skipped Seq from 13445 to 13449
Skipped Seq from 13453 to 13456
Skipped Seq from 13456 to 13458
Skipped Seq from 13476 to 13478
Skipped Seq from 13478 to 13481
Skipped Seq from 13489 to 13492
Skipped Seq from 13493 to 13496
Skipped Seq from 13500 to 13503
Skipped Seq from 13504 to 13509
Skipped Seq from 13512 to 13515
Skipped Seq from 13515 to 13518
Skipped Seq from 13518 to 13521
Skipped Seq from 13521 to 13527
Skipped Seq from 13527 to 13531
Skipped Seq from 13532 to 13536
Skipped Seq from 13537 to 13539
Skipped Seq from 13542 to 13545
Skipped Seq from 13549 to 13551
Skipped Seq from 13552 to 13557
Skipped Seq from 13560 to 13564
Skipped Seq from 13565 to 13568
Skipped Seq from 13571 to 13575
Skipped Seq from 13575 to 13577
Skipped Seq from 13583 to 13586
Skipped Seq from 13587 to 13589
Skipped Seq from 13590 to 13592
Skipped Seq from 13592 to 13595
Skipped Seq from 13595 to 13597
Skipped Seq from 13597 to 13599
Skipped Seq from 13599 to 13604
Skipped Seq from 13605 to 13607
Skipped Seq from 13607 to 13610
Skipped Seq from 13611 to 13616
Skipped Seq from 13616 to 13619
Skipped Seq from 13627 to 13632
Skipped Seq from 13633 to 13637
Skipped Seq from 13642 to 13645
Skipped Seq from 13664 to 13666
Skipped Seq from 13680 to 13682
Skipped Seq from 13693 to 13695
Skipped Seq from 13726 to 13728
Skipped Seq from 13728 to 13732
Skipped Seq from 13732 to 13735
Skipped Seq from 13736 to 13738
Skipped Seq from 13739 to 13742
Skipped Seq from 13747 to 13749
Skipped Seq from 13753 to 13755
Skipped Seq from 13761 to 13764
Skipped Seq from 13766 to 13768
Skipped Seq from 13770 to 13774
Skipped Seq from 13776 to 13780
Skipped Seq from 13797 to 13799
Skipped Seq from 13799 to 13801
Skipped Seq from 13806 to 13808
Skipped Seq from 13808 to 13810
Skipped Seq from 13823 to 13825
Skipped Seq from 13836 to 13838
Skipped Seq from 13840 to 13843
Skipped Seq from 13843 to 13845
Skipped Seq from 13857 to 13860
Skipped Seq from 13861 to 13863
Skipped Seq from 13864 to 13866
Skipped Seq from 13866 to 13869
Skipped Seq from 13869 to 13871
Skipped Seq from 13871 to 13873
Skipped Seq from 13874 to 13876
Skipped Seq from 13887 to 13889
Skipped Seq from 13896 to 13898
Skipped Seq from 13907 to 13909
Skipped Seq from 13928 to 13930
Skipped Seq from 13937 to 13940
Skipped Seq from 13945 to 13947
Skipped Seq from 13965 to 13968
Skipped Seq from 13968 to 13970
Skipped Seq from 13970 to 13972
Skipped Seq from 13981 to 13983
Skipped Seq from 13990 to 13992
Skipped Seq from 13994 to 13999
Skipped Seq from 14003 to 14006
Skipped Seq from 14018 to 14020
Skipped Seq from 14023 to 14025
Skipped Seq from 14038 to 14043
Skipped Seq from 14043 to 14046
Skipped Seq from 14046 to 14049
Skipped Seq from 14051 to 14053
Skipped Seq from 14061 to 14063
Skipped Seq from 14069 to 14071
Skipped Seq from 14079 to 14081
Skipped Seq from 14082 to 14084
Skipped Seq from 14084 to 14089
Skipped Seq from 14093 to 14095
Skipped Seq from 14111 to 14113
Skipped Seq from 14116 to 14121
Skipped Seq from 14126 to 14128
Skipped Seq from 14137 to 14139
Skipped Seq from 14145 to 14147
Skipped Seq from 14158 to 14162
Skipped Seq from 14173 to 14175
Skipped Seq from 14180 to 14182
Skipped Seq from 14183 to 14186
Skipped Seq from 14186 to 14188
Skipped Seq from 14188 to 14192
Skipped Seq from 14196 to 14200
Skipped Seq from 14208 to 14210
Skipped Seq from 14211 to 14213
Skipped Seq from 14217 to 14219
Skipped Seq from 14219 to 14221
Skipped Seq from 14229 to 14231
Skipped Seq from 14233 to 14235
Skipped Seq from 14235 to 14237
Skipped Seq from 14237 to 14240
Skipped Seq from 14242 to 14246
Skipped Seq from 14248 to 14255
Skipped Seq from 14265 to 14268
Skipped Seq from 14269 to 14277
Skipped Seq from 14277 to 14283
Skipped Seq from 14283 to 14288
Skipped Seq from 14288 to 14293
Skipped Seq from 14295 to 14297
Skipped Seq from 14302 to 14304
Skipped Seq from 14304 to 14307
Skipped Seq from 14308 to 14311
Skipped Seq from 14324 to 14326
Skipped Seq from 14327 to 14329
Skipped Seq from 14340 to 14344
Skipped Seq from 14351 to 14353
Skipped Seq from 14356 to 14358
Skipped Seq from 14369 to 14372
Skipped Seq from 14379 to 14381
Skipped Seq from 14382 to 14384
Skipped Seq from 14384 to 14387
Skipped Seq from 14389 to 14392
Skipped Seq from 14392 to 14394
Skipped Seq from 14394 to 14397
Skipped Seq from 14399 to 14401
Skipped Seq from 14403 to 14407
Skipped Seq from 14408 to 14414
Skipped Seq from 14427 to 14432
Skipped Seq from 14432 to 14435
Skipped Seq from 14437 to 14442
Skipped Seq from 14442 to 14447
Skipped Seq from 14447 to 14454
Skipped Seq from 14454 to 14458
Skipped Seq from 14459 to 14463
Skipped Seq from 14464 to 14466
Skipped Seq from 14466 to 14468
Skipped Seq from 14468 to 14470
Skipped Seq from 14470 to 14475
Skipped Seq from 14475 to 14480
Skipped Seq from 14480 to 14482
Skipped Seq from 14482 to 14485
Skipped Seq from 14485 to 14488
Skipped Seq from 14490 to 14497
Skipped Seq from 14497 to 14499
Skipped Seq from 14501 to 14503
Skipped Seq from 14503 to 14507
Skipped Seq from 14507 to 14510
Skipped Seq from 14514 to 14516
Skipped Seq from 14516 to 14519
Skipped Seq from 14519 to 14521
Skipped Seq from 14521 to 14524
Skipped Seq from 14527 to 14529
Skipped Seq from 14529 to 14532
Skipped Seq from 14532 to 14540
Skipped Seq from 14540 to 14550
Skipped Seq from 14553 to 14559
Skipped Seq from 14559 to 14561
Skipped Seq from 14561 to 14563
Skipped Seq from 14564 to 14570
Skipped Seq from 14570 to 14572
Skipped Seq from 14576 to 14578
Skipped Seq from 14578 to 14583
Skipped Seq from 14584 to 14589
Skipped Seq from 14589 to 14591
Skipped Seq from 14591 to 14593
Skipped Seq from 14593 to 14600
Skipped Seq from 14601 to 14607
Skipped Seq from 14607 to 14609
Skipped Seq from 14609 to 14611
Skipped Seq from 14611 to 14613
Skipped Seq from 14613 to 14617
Skipped Seq from 14618 to 14622
Skipped Seq from 14624 to 14626
Skipped Seq from 14627 to 14630
Skipped Seq from 14630 to 14632
Skipped Seq from 14632 to 14636
Skipped Seq from 14637 to 14639
Skipped Seq from 14642 to 14647
Skipped Seq from 14648 to 14652
Skipped Seq from 14653 to 14671
Skipped Seq from 14672 to 14676
Skipped Seq from 14676 to 14679
Skipped Seq from 14680 to 14684
Skipped Seq from 14684 to 14686
Skipped Seq from 14686 to 14688
Skipped Seq from 14689 to 14693
Skipped Seq from 14693 to 14696
Skipped Seq from 14696 to 14699
Skipped Seq from 14707 to 14715
Skipped Seq from 14717 to 14721
Skipped Seq from 14721 to 14723
Skipped Seq from 14723 to 14726
Skipped Seq from 14728 to 14730
Skipped Seq from 14730 to 14733
Skipped Seq from 14734 to 14739
Skipped Seq from 14740 to 14743
Skipped Seq from 14745 to 14747
Skipped Seq from 14749 to 14752
Skipped Seq from 14753 to 14755
Skipped Seq from 14755 to 14758
Skipped Seq from 14760 to 14762
Skipped Seq from 14766 to 14770
Skipped Seq from 14774 to 14778
Skipped Seq from 14778 to 14781
Skipped Seq from 14782 to 14784
Skipped Seq from 14785 to 14789
Skipped Seq from 14790 to 14795
Skipped Seq from 14795 to 14800
Skipped Seq from 14800 to 14802
Skipped Seq from 14806 to 14810
Skipped Seq from 14810 to 14820
Skipped Seq from 14820 to 14822
Skipped Seq from 14822 to 14824
Skipped Seq from 14835 to 14838
Skipped Seq from 14840 to 14842
Skipped Seq from 14842 to 14851
Skipped Seq from 14852 to 14856
Skipped Seq from 14861 to 14863
Skipped Seq from 14864 to 14866
Skipped Seq from 14871 to 14873
Skipped Seq from 14873 to 14875
Skipped Seq from 14875 to 14877
Skipped Seq from 14882 to 14885
Skipped Seq from 14896 to 14900
Skipped Seq from 14906 to 14914
Skipped Seq from 14915 to 14919
Skipped Seq from 14926 to 14932
Skipped Seq from 14935 to 14937
Skipped Seq from 14952 to 14954
Skipped Seq from 14957 to 14962
Skipped Seq from 14967 to 14969
Skipped Seq from 14972 to 14975
Skipped Seq from 14976 to 14978
Skipped Seq from 14988 to 14992
Skipped Seq from 14994 to 14996
Skipped Seq from 15017 to 15025
Skipped Seq from 15026 to 15028
Skipped Seq from 15035 to 15037
Skipped Seq from 15039 to 15041
Skipped Seq from 15045 to 15047
Skipped Seq from 15049 to 15051
Skipped Seq from 15052 to 15058
Skipped Seq from 15062 to 15064
Skipped Seq from 15067 to 15070
Skipped Seq from 15075 to 15078
Skipped Seq from 15090 to 15092
Skipped Seq from 15092 to 15095
Skipped Seq from 15096 to 15099
Skipped Seq from 15099 to 15102
Skipped Seq from 15102 to 15105
Skipped Seq from 15106 to 15108
Skipped Seq from 15108 to 15110
Skipped Seq from 15110 to 15113
Skipped Seq from 15114 to 15116
Skipped Seq from 15119 to 15121
Skipped Seq from 15121 to 15134
Skipped Seq from 15140 to 15142
Skipped Seq from 15142 to 15145
Skipped Seq from 15145 to 15148
Skipped Seq from 15157 to 15163
Skipped Seq from 15170 to 15172
Skipped Seq from 15179 to 15181
Skipped Seq from 15200 to 15205
Skipped Seq from 15205 to 15208
Skipped Seq from 15219 to 15222
Skipped Seq from 15225 to 15228
Skipped Seq from 15230 to 15234
Skipped Seq from 15237 to 15248
Skipped Seq from 15254 to 15258
Skipped Seq from 15258 to 15260
Skipped Seq from 15262 to 15264
Skipped Seq from 15268 to 15271
Skipped Seq from 15272 to 15274
Skipped Seq from 15274 to 15277
Skipped Seq from 15279 to 15281
Skipped Seq from 15282 to 15284
Skipped Seq from 15285 to 15290
Skipped Seq from 15290 to 15293
Skipped Seq from 15306 to 15309
Skipped Seq from 15315 to 15320
Skipped Seq from 15320 to 15322
Skipped Seq from 15327 to 15329
Skipped Seq from 15334 to 15336
Skipped Seq from 15336 to 15338
Skipped Seq from 15339 to 15341
Skipped Seq from 15343 to 15345
Skipped Seq from 15345 to 15349
Skipped Seq from 15349 to 15352
Skipped Seq from 15352 to 15354
Skipped Seq from 15354 to 15356
Skipped Seq from 15359 to 15361
Skipped Seq from 15372 to 15374
Skipped Seq from 15381 to 15384
Skipped Seq from 15384 to 15386
Skipped Seq from 15386 to 15388
Skipped Seq from 15389 to 15391
Skipped Seq from 15400 to 15404
Skipped Seq from 15405 to 15407
Skipped Seq from 15408 to 15411
Skipped Seq from 15411 to 15414
Skipped Seq from 15418 to 15420
Skipped Seq from 15421 to 15425
Skipped Seq from 15427 to 15430
Skipped Seq from 15435 to 15437
Skipped Seq from 15437 to 15440
Skipped Seq from 15441 to 15443
Skipped Seq from 15453 to 15456
Skipped Seq from 15456 to 15460
Skipped Seq from 15471 to 15473
Skipped Seq from 15476 to 15478
Skipped Seq from 15481 to 15484
Skipped Seq from 15485 to 15490
Skipped Seq from 15495 to 15501
Skipped Seq from 15513 to 15516
Skipped Seq from 15525 to 15529
Skipped Seq from 15530 to 15532
Skipped Seq from 15537 to 15539
Skipped Seq from 15543 to 15545
Skipped Seq from 15545 to 15547
Skipped Seq from 15549 to 15551
Skipped Seq from 15568 to 15577
Skipped Seq from 15577 to 15581
Skipped Seq from 15582 to 15595
Skipped Seq from 15595 to 15599
Skipped Seq from 15606 to 15609
Skipped Seq from 15609 to 15611
Skipped Seq from 15618 to 15620
Skipped Seq from 15629 to 15637
Skipped Seq from 15638 to 15640
Skipped Seq from 15646 to 15648
Skipped Seq from 15660 to 15670
Skipped Seq from 15673 to 15676
Skipped Seq from 15676 to 15684
Skipped Seq from 15685 to 15688
Skipped Seq from 15689 to 15692
Skipped Seq from 15692 to 15694
Skipped Seq from 15699 to 15701
Skipped Seq from 15703 to 15705
Skipped Seq from 15706 to 15711
Skipped Seq from 15721 to 15724
Skipped Seq from 15739 to 15741
Skipped Seq from 15751 to 15758
Skipped Seq from 15758 to 15760
Skipped Seq from 15763 to 15765
Skipped Seq from 15766 to 15768
Skipped Seq from 15768 to 15770
Skipped Seq from 15772 to 15777
Skipped Seq from 15782 to 15784
Skipped Seq from 15788 to 15793
Skipped Seq from 15793 to 15796
Skipped Seq from 15796 to 15798
Skipped Seq from 15801 to 15804
Skipped Seq from 15808 to 15812
Skipped Seq from 15828 to 15830
Skipped Seq from 15830 to 15835
Skipped Seq from 15837 to 15839
Skipped Seq from 15848 to 15852
Skipped Seq from 15860 to 15865
Skipped Seq from 15865 to 15868
Skipped Seq from 15870 to 15873
Skipped Seq from 15873 to 15875
Skipped Seq from 15878 to 15880
Skipped Seq from 15886 to 15888
Skipped Seq from 15891 to 15893
Skipped Seq from 15906 to 15912
Skipped Seq from 15937 to 15939
Skipped Seq from 15944 to 15949
Skipped Seq from 15949 to 15953
Skipped Seq from 15956 to 15959
Skipped Seq from 15964 to 15969
Skipped Seq from 15973 to 15975
Skipped Seq from 15976 to 15980
Skipped Seq from 15997 to 15999
Skipped Seq from 16012 to 16014
Skipped Seq from 16014 to 16017
Skipped Seq from 16017 to 16019
Skipped Seq from 16022 to 16025
Skipped Seq from 16033 to 16035
Skipped Seq from 16037 to 16040
Skipped Seq from 16042 to 16044
Skipped Seq from 16049 to 16051
Skipped Seq from 16053 to 16058
Skipped Seq from 16059 to 16061
Skipped Seq from 16071 to 16074
Skipped Seq from 16077 to 16079
Skipped Seq from 16084 to 16087
Skipped Seq from 16089 to 16091
Skipped Seq from 16098 to 16100
Skipped Seq from 16102 to 16105
Skipped Seq from 16106 to 16111
Skipped Seq from 16114 to 16117
Skipped Seq from 16124 to 16130
Skipped Seq from 16130 to 16132
Skipped Seq from 16139 to 16141
Skipped Seq from 16143 to 16147
Skipped Seq from 16149 to 16154
Skipped Seq from 16155 to 16159
Skipped Seq from 16167 to 16170
Skipped Seq from 16171 to 16174
Skipped Seq from 16205 to 16208
Skipped Seq from 16209 to 16213
Skipped Seq from 16213 to 16216
Skipped Seq from 16216 to 16221
Skipped Seq from 16226 to 16229
Skipped Seq from 16237 to 16239
Skipped Seq from 16242 to 16245
Skipped Seq from 16247 to 16249
Skipped Seq from 16251 to 16253
Skipped Seq from 16258 to 16260
Skipped Seq from 16270 to 16272
Skipped Seq from 16272 to 16274
Skipped Seq from 16279 to 16281
Skipped Seq from 16281 to 16283
Skipped Seq from 16287 to 16290
Skipped Seq from 16292 to 16297
Skipped Seq from 16297 to 16299
Skipped Seq from 16311 to 16315
Skipped Seq from 16323 to 16327
Skipped Seq from 16329 to 16332
Skipped Seq from 16335 to 16337
Skipped Seq from 23582 to 23719
Skipped Seq from 23769 to 23776
Skipped Seq from 23830 to 23843
Skipped Seq from 23904 to 23917
Number of times throttled: 7
Received: 50262 / 52011 packets
Start time: 1315209569.798478
End time: 1315209631.070263
Duration: 61.271785
