Starting client at 10.0.0.22:1289 with timeout:10
My IP address is 10.0.0.22Skipped Seq from 2 to 4
Skipped Seq from 5 to 14
Skipped Seq from 16 to 18
Skipped Seq from 20 to 22
Skipped Seq from 27 to 29
Skipped Seq from 29 to 33
Skipped Seq from 36 to 38
Skipped Seq from 38 to 42
Skipped Seq from 51 to 53
Skipped Seq from 55 to 57
Skipped Seq from 58 to 60
Skipped Seq from 67 to 69
Skipped Seq from 71 to 73
Skipped Seq from 84 to 86
Skipped Seq from 87 to 90
Skipped Seq from 90 to 92
Skipped Seq from 99 to 101
Skipped Seq from 115 to 117
Skipped Seq from 181 to 183
Skipped Seq from 183 to 185
Skipped Seq from 198 to 200
Skipped Seq from 208 to 211
Skipped Seq from 213 to 215
Skipped Seq from 227 to 229
Skipped Seq from 258 to 260
Skipped Seq from 485 to 487
Skipped Seq from 493 to 495
Skipped Seq from 546 to 549
Skipped Seq from 563 to 566
Skipped Seq from 575 to 577
Skipped Seq from 582 to 585
Skipped Seq from 585 to 588
Skipped Seq from 597 to 599
Skipped Seq from 601 to 606
Skipped Seq from 607 to 614
Skipped Seq from 633 to 637
Skipped Seq from 644 to 647
Skipped Seq from 647 to 649
Skipped Seq from 649 to 651
Skipped Seq from 657 to 659
Skipped Seq from 659 to 661
Skipped Seq from 664 to 666
Skipped Seq from 666 to 669
Skipped Seq from 673 to 678
Skipped Seq from 682 to 684
Skipped Seq from 692 to 694
Skipped Seq from 694 to 696
Skipped Seq from 699 to 702
Skipped Seq from 703 to 705
Skipped Seq from 706 to 708
Skipped Seq from 709 to 712
Skipped Seq from 712 to 715
Skipped Seq from 718 to 720
Skipped Seq from 721 to 723
Skipped Seq from 725 to 727
Skipped Seq from 731 to 733
Skipped Seq from 734 to 736
Skipped Seq from 739 to 744
Skipped Seq from 744 to 746
Skipped Seq from 750 to 753
Skipped Seq from 753 to 755
Skipped Seq from 756 to 759
Skipped Seq from 764 to 767
Skipped Seq from 768 to 770
Skipped Seq from 770 to 773
Skipped Seq from 775 to 777
Skipped Seq from 779 to 783
Skipped Seq from 786 to 788
Skipped Seq from 789 to 792
Skipped Seq from 793 to 795
Skipped Seq from 798 to 800
Skipped Seq from 801 to 804
Skipped Seq from 807 to 809
Skipped Seq from 815 to 822
Skipped Seq from 830 to 833
Skipped Seq from 837 to 839
Skipped Seq from 840 to 842
Skipped Seq from 842 to 844
Skipped Seq from 846 to 849
Skipped Seq from 849 to 852
Skipped Seq from 852 to 854
Skipped Seq from 854 to 857
Skipped Seq from 864 to 868
Skipped Seq from 876 to 879
Skipped Seq from 881 to 883
Skipped Seq from 883 to 885
Skipped Seq from 889 to 891
Skipped Seq from 895 to 898
Skipped Seq from 899 to 901
Skipped Seq from 909 to 911
Skipped Seq from 911 to 913
Skipped Seq from 913 to 915
Skipped Seq from 916 to 920
Skipped Seq from 920 to 923
Skipped Seq from 929 to 933
Skipped Seq from 934 to 936
Skipped Seq from 936 to 938
Skipped Seq from 939 to 941
Skipped Seq from 944 to 946
Skipped Seq from 947 to 950
Skipped Seq from 950 to 952
Skipped Seq from 955 to 959
Skipped Seq from 963 to 965
Skipped Seq from 965 to 968
Skipped Seq from 969 to 971
Skipped Seq from 973 to 975
Skipped Seq from 977 to 982
Skipped Seq from 984 to 987
Skipped Seq from 987 to 991
Skipped Seq from 992 to 996
Skipped Seq from 999 to 1003
Skipped Seq from 1004 to 1007
Skipped Seq from 1009 to 1011
Skipped Seq from 1016 to 1019
Skipped Seq from 1019 to 1021
Skipped Seq from 1032 to 1034
Skipped Seq from 1039 to 1041
Skipped Seq from 1068 to 1070
Skipped Seq from 1073 to 1075
Skipped Seq from 1076 to 1078
Skipped Seq from 1083 to 1086
Skipped Seq from 1109 to 1111
Skipped Seq from 1132 to 1134
Skipped Seq from 2858 to 2860
Skipped Seq from 2860 to 2863
Skipped Seq from 2864 to 2871
Skipped Seq from 2871 to 2875
Skipped Seq from 2876 to 2878
Skipped Seq from 2879 to 2881
Skipped Seq from 2881 to 2887
Skipped Seq from 2887 to 2891
Skipped Seq from 2891 to 2895
Skipped Seq from 2899 to 2901
Skipped Seq from 2903 to 2905
Skipped Seq from 2905 to 2909
Skipped Seq from 2911 to 2913
Skipped Seq from 2914 to 2916
Skipped Seq from 2920 to 2922
Skipped Seq from 2922 to 2924
Skipped Seq from 2924 to 2926
Skipped Seq from 2927 to 2929
Skipped Seq from 2929 to 2932
Skipped Seq from 2932 to 2934
Skipped Seq from 2934 to 2938
Skipped Seq from 2940 to 2942
Skipped Seq from 2942 to 2946
Skipped Seq from 2947 to 2949
Skipped Seq from 2949 to 2955
Skipped Seq from 2955 to 2959
Skipped Seq from 2959 to 2964
Skipped Seq from 2964 to 2969
Skipped Seq from 2969 to 2974
Skipped Seq from 2974 to 2978
Skipped Seq from 2978 to 2983
Skipped Seq from 2983 to 2993
Skipped Seq from 2994 to 3004
Skipped Seq from 3005 to 3007
Skipped Seq from 3007 to 3015
Skipped Seq from 3015 to 3017
Skipped Seq from 3017 to 3019
Skipped Seq from 3019 to 3022
Skipped Seq from 3025 to 3031
Skipped Seq from 3033 to 3035
Skipped Seq from 3035 to 3046
Skipped Seq from 3048 to 3055
Skipped Seq from 3055 to 3061
Skipped Seq from 3061 to 3064
Skipped Seq from 3065 to 3069
Skipped Seq from 3069 to 3071
Skipped Seq from 3072 to 3076
Skipped Seq from 3076 to 3080
Skipped Seq from 3080 to 3083
Skipped Seq from 3083 to 3087
Skipped Seq from 3087 to 3089
Skipped Seq from 3089 to 3093
Skipped Seq from 3093 to 3097
Skipped Seq from 3097 to 3100
Skipped Seq from 3103 to 3105
Skipped Seq from 3105 to 3111
Skipped Seq from 3111 to 3120
Skipped Seq from 3120 to 3123
Skipped Seq from 3123 to 3129
Skipped Seq from 3129 to 3131
Skipped Seq from 3131 to 3134
Skipped Seq from 3134 to 3137
Skipped Seq from 3137 to 3150
Skipped Seq from 3150 to 3156
Skipped Seq from 3157 to 3159
Skipped Seq from 3159 to 3161
Skipped Seq from 3162 to 3165
Skipped Seq from 3167 to 3170
Skipped Seq from 3170 to 3172
Skipped Seq from 3172 to 3186
Skipped Seq from 3186 to 3191
Skipped Seq from 3191 to 3195
Skipped Seq from 3195 to 3200
Skipped Seq from 3201 to 3217
Skipped Seq from 3219 to 3221
Skipped Seq from 3221 to 3223
Skipped Seq from 3223 to 3225
Skipped Seq from 3225 to 3233
Skipped Seq from 3233 to 3237
Skipped Seq from 3238 to 3242
Skipped Seq from 3242 to 3244
Skipped Seq from 3244 to 3251
Skipped Seq from 3252 to 3255
Skipped Seq from 3255 to 3257
Skipped Seq from 3257 to 3261
Skipped Seq from 3261 to 3265
Skipped Seq from 3265 to 3272
Skipped Seq from 3274 to 3276
Skipped Seq from 3276 to 3283
Skipped Seq from 3283 to 3296
Skipped Seq from 3296 to 3309
Skipped Seq from 3309 to 3314
Skipped Seq from 3314 to 3320
Skipped Seq from 3320 to 3342
Skipped Seq from 3342 to 3346
Skipped Seq from 3346 to 3356
Skipped Seq from 3356 to 3359
Skipped Seq from 3360 to 3366
Skipped Seq from 3366 to 3371
Skipped Seq from 3372 to 3382
Skipped Seq from 3382 to 3384
Skipped Seq from 3384 to 3387
Skipped Seq from 3388 to 3390
Skipped Seq from 3391 to 3394
Skipped Seq from 3395 to 3402
Skipped Seq from 3402 to 3410
Skipped Seq from 3410 to 3417
Skipped Seq from 3417 to 3420
Skipped Seq from 3423 to 3428
Skipped Seq from 3430 to 3434
Skipped Seq from 3435 to 3440
Skipped Seq from 3442 to 3445
Skipped Seq from 3445 to 3458
Skipped Seq from 3459 to 3461
Skipped Seq from 3461 to 3469
Skipped Seq from 3469 to 3477
Skipped Seq from 3477 to 3482
Skipped Seq from 3483 to 3488
Skipped Seq from 3488 to 3490
Skipped Seq from 3491 to 3494
Skipped Seq from 3496 to 3508
Skipped Seq from 3508 to 3510
Skipped Seq from 3510 to 3512
Skipped Seq from 3512 to 3514
Skipped Seq from 3514 to 3516
Skipped Seq from 3516 to 3520
Skipped Seq from 3520 to 3522
Skipped Seq from 3524 to 3526
Skipped Seq from 3527 to 3559
Skipped Seq from 3559 to 3561
Skipped Seq from 3561 to 3563
Skipped Seq from 3564 to 3567
Skipped Seq from 3567 to 3569
Skipped Seq from 3569 to 3573
Skipped Seq from 3573 to 3575
Skipped Seq from 3576 to 3580
Skipped Seq from 3581 to 3584
Skipped Seq from 3586 to 3593
Skipped Seq from 3593 to 3595
Skipped Seq from 3595 to 3598
Skipped Seq from 3598 to 3600
Skipped Seq from 3600 to 3605
Skipped Seq from 3605 to 3610
Skipped Seq from 3610 to 3617
Skipped Seq from 3617 to 3619
Skipped Seq from 3619 to 3656
Skipped Seq from 3656 to 3672
Skipped Seq from 3672 to 3674
Skipped Seq from 3676 to 3683
Skipped Seq from 3684 to 3703
Skipped Seq from 3703 to 3708
Skipped Seq from 3708 to 3710
Skipped Seq from 3712 to 3714
Skipped Seq from 3714 to 3718
Skipped Seq from 3718 to 3723
Skipped Seq from 3725 to 3737
Skipped Seq from 3738 to 3743
Skipped Seq from 3743 to 3752
Skipped Seq from 3753 to 3756
Skipped Seq from 3756 to 3758
Skipped Seq from 3761 to 3770
Skipped Seq from 3771 to 3773
Skipped Seq from 3773 to 3776
Skipped Seq from 3777 to 3779
Skipped Seq from 3782 to 3784
Skipped Seq from 3784 to 3787
Skipped Seq from 3788 to 3791
Skipped Seq from 3791 to 3793
Skipped Seq from 3795 to 3800
Skipped Seq from 3801 to 3804
Skipped Seq from 3804 to 3808
Skipped Seq from 3808 to 3814
Skipped Seq from 3815 to 3823
Skipped Seq from 3823 to 3830
Skipped Seq from 3831 to 3834
Skipped Seq from 3836 to 3839
Skipped Seq from 3839 to 3841
Skipped Seq from 3841 to 3843
Skipped Seq from 3843 to 3845
Skipped Seq from 3846 to 3848
Skipped Seq from 3849 to 3865
Skipped Seq from 3866 to 3869
Skipped Seq from 3869 to 3872
Skipped Seq from 3873 to 3875
Skipped Seq from 3876 to 3879
Skipped Seq from 3879 to 3882
Skipped Seq from 3884 to 3889
Skipped Seq from 3889 to 3891
Skipped Seq from 3891 to 3894
Skipped Seq from 3895 to 3897
Skipped Seq from 3900 to 3904
Skipped Seq from 3906 to 3908
Skipped Seq from 3910 to 3912
Skipped Seq from 3912 to 3915
Skipped Seq from 3915 to 3918
Skipped Seq from 3918 to 3925
Skipped Seq from 3926 to 3928
Skipped Seq from 3928 to 3930
Skipped Seq from 3931 to 3939
Skipped Seq from 3940 to 3944
Skipped Seq from 3944 to 3950
Skipped Seq from 3950 to 3955
Skipped Seq from 3955 to 3958
Skipped Seq from 3958 to 3961
Skipped Seq from 3961 to 3963
Skipped Seq from 3963 to 3965
Skipped Seq from 3970 to 3972
Skipped Seq from 3972 to 3981
Skipped Seq from 3982 to 3984
Skipped Seq from 3984 to 3986
Skipped Seq from 3986 to 3988
Skipped Seq from 3988 to 3995
Skipped Seq from 3995 to 4004
Skipped Seq from 4004 to 4010
Skipped Seq from 4011 to 4015
Skipped Seq from 4017 to 4021
Skipped Seq from 4021 to 4023
Skipped Seq from 4024 to 4026
Skipped Seq from 4027 to 4029
Skipped Seq from 4029 to 4032
Skipped Seq from 4033 to 4036
Skipped Seq from 4037 to 4048
Skipped Seq from 4048 to 4053
Skipped Seq from 4053 to 4055
Skipped Seq from 4055 to 4057
Skipped Seq from 4057 to 4071
Skipped Seq from 4073 to 4075
Skipped Seq from 4075 to 4077
Skipped Seq from 4077 to 4080
Skipped Seq from 4081 to 4085
Skipped Seq from 4086 to 4092
Skipped Seq from 4092 to 4101
Skipped Seq from 4102 to 4104
Skipped Seq from 4106 to 4122
Skipped Seq from 4123 to 4125
Skipped Seq from 4125 to 4127
Skipped Seq from 4127 to 4133
Skipped Seq from 4133 to 4137
Skipped Seq from 4137 to 4144
Skipped Seq from 4144 to 4151
Skipped Seq from 4151 to 4153
Skipped Seq from 4153 to 4160
Skipped Seq from 4160 to 4165
Skipped Seq from 4169 to 4171
Skipped Seq from 4171 to 4177
Skipped Seq from 4177 to 4185
Skipped Seq from 4188 to 4192
Skipped Seq from 4196 to 4208
Skipped Seq from 4208 to 4219
Skipped Seq from 4219 to 4228
Skipped Seq from 4228 to 4230
Skipped Seq from 4232 to 4234
Skipped Seq from 4236 to 4246
Skipped Seq from 4246 to 4254
Skipped Seq from 4256 to 4259
Skipped Seq from 4259 to 4262
Skipped Seq from 4262 to 4264
Skipped Seq from 4264 to 4267
Skipped Seq from 4267 to 4271
Skipped Seq from 4271 to 4273
Skipped Seq from 4275 to 4277
Skipped Seq from 4277 to 4279
Skipped Seq from 4279 to 4282
Skipped Seq from 4282 to 4284
Skipped Seq from 4284 to 4286
Skipped Seq from 4287 to 4307
Skipped Seq from 4307 to 4309
Skipped Seq from 4309 to 4311
Skipped Seq from 4311 to 4313
Skipped Seq from 4313 to 4315
Skipped Seq from 4316 to 4318
Skipped Seq from 4319 to 4323
Skipped Seq from 4324 to 4329
Skipped Seq from 4329 to 4331
Skipped Seq from 4331 to 4336
Skipped Seq from 4336 to 4338
Skipped Seq from 4344 to 4346
Skipped Seq from 4346 to 4349
Skipped Seq from 4352 to 4354
Skipped Seq from 4361 to 4363
Skipped Seq from 4366 to 4369
Skipped Seq from 4369 to 4376
Skipped Seq from 4376 to 4383
Skipped Seq from 4384 to 4386
Skipped Seq from 4386 to 4388
Skipped Seq from 4388 to 4392
Skipped Seq from 4393 to 4395
Skipped Seq from 4398 to 4400
Skipped Seq from 4403 to 4405
Skipped Seq from 4407 to 4409
Skipped Seq from 4410 to 4413
Skipped Seq from 4413 to 4415
Skipped Seq from 4415 to 4417
Skipped Seq from 4418 to 4423
Skipped Seq from 4425 to 4430
Skipped Seq from 4431 to 4433
Skipped Seq from 4433 to 4441
Skipped Seq from 4442 to 4444
Skipped Seq from 4445 to 4448
Skipped Seq from 4450 to 4452
Skipped Seq from 4453 to 4455
Skipped Seq from 4455 to 4457
Skipped Seq from 4458 to 4460
Skipped Seq from 4464 to 4466
Skipped Seq from 4468 to 4474
Skipped Seq from 4474 to 4477
Skipped Seq from 4496 to 4498
Skipped Seq from 4498 to 4511
Skipped Seq from 4517 to 4524
Skipped Seq from 4525 to 4528
Skipped Seq from 4541 to 4543
Skipped Seq from 4558 to 4560
Skipped Seq from 4565 to 4567
Skipped Seq from 4568 to 4570
Skipped Seq from 4573 to 4575
Skipped Seq from 4576 to 4578
Skipped Seq from 4607 to 4609
Skipped Seq from 4609 to 4611
Skipped Seq from 4614 to 4616
Skipped Seq from 4654 to 4656
Skipped Seq from 6471 to 6474
Skipped Seq from 6475 to 6477
Skipped Seq from 6479 to 6481
Skipped Seq from 6486 to 6489
Skipped Seq from 6489 to 6492
Skipped Seq from 6492 to 6494
Skipped Seq from 6495 to 6498
Skipped Seq from 6499 to 6502
Skipped Seq from 6505 to 6507
Skipped Seq from 6507 to 6509
Skipped Seq from 6512 to 6514
Skipped Seq from 6517 to 6520
Skipped Seq from 6521 to 6523
Skipped Seq from 6528 to 6533
Skipped Seq from 6534 to 6536
Skipped Seq from 6539 to 6543
Skipped Seq from 6544 to 6547
Skipped Seq from 6548 to 6551
Skipped Seq from 6552 to 6556
Skipped Seq from 6559 to 6562
Skipped Seq from 6566 to 6572
Skipped Seq from 6575 to 6577
Skipped Seq from 6577 to 6581
Skipped Seq from 6581 to 6585
Skipped Seq from 6586 to 6589
Skipped Seq from 6590 to 6592
Skipped Seq from 6595 to 6597
Skipped Seq from 6597 to 6599
Skipped Seq from 6603 to 6606
Skipped Seq from 6607 to 6614
Skipped Seq from 6624 to 6633
Skipped Seq from 6638 to 6642
Skipped Seq from 6642 to 6644
Skipped Seq from 6644 to 6646
Skipped Seq from 6648 to 6651
Skipped Seq from 6652 to 6654
Skipped Seq from 6654 to 6656
Skipped Seq from 6657 to 6661
Skipped Seq from 6663 to 6665
Skipped Seq from 6670 to 6674
Skipped Seq from 6675 to 6678
Skipped Seq from 6678 to 6682
Skipped Seq from 6682 to 6684
Skipped Seq from 6685 to 6688
Skipped Seq from 6688 to 6690
Skipped Seq from 6690 to 6693
Skipped Seq from 6695 to 6697
Skipped Seq from 6698 to 6701
Skipped Seq from 6701 to 6704
Skipped Seq from 6704 to 6706
Skipped Seq from 6706 to 6708
Skipped Seq from 6708 to 6711
Skipped Seq from 6714 to 6717
Skipped Seq from 6718 to 6720
Skipped Seq from 6721 to 6723
Skipped Seq from 6726 to 6730
Skipped Seq from 6740 to 6743
Skipped Seq from 6747 to 6754
Skipped Seq from 6754 to 6756
Skipped Seq from 6758 to 6760
Skipped Seq from 6760 to 6762
Skipped Seq from 6765 to 6768
Skipped Seq from 6768 to 6770
Skipped Seq from 6773 to 6775
Skipped Seq from 6776 to 6780
Skipped Seq from 6782 to 6784
Skipped Seq from 6784 to 6788
Skipped Seq from 6788 to 6791
Skipped Seq from 6791 to 6793
Skipped Seq from 6796 to 6799
Skipped Seq from 6800 to 6806
Skipped Seq from 6806 to 6812
Skipped Seq from 6815 to 6819
Skipped Seq from 6821 to 6824
Skipped Seq from 6825 to 6828
Skipped Seq from 6830 to 6833
Skipped Seq from 6834 to 6836
Skipped Seq from 6841 to 6844
Skipped Seq from 6845 to 6849
Skipped Seq from 6850 to 6852
Skipped Seq from 6854 to 6857
Skipped Seq from 6863 to 6872
Skipped Seq from 6873 to 6876
Skipped Seq from 6883 to 6888
Skipped Seq from 6888 to 6890
Skipped Seq from 6890 to 6892
Skipped Seq from 6892 to 6894
Skipped Seq from 6904 to 6908
Skipped Seq from 6908 to 6911
Skipped Seq from 6911 to 6914
Skipped Seq from 6914 to 6916
Skipped Seq from 6916 to 6918
Skipped Seq from 6918 to 6920
Skipped Seq from 6923 to 6926
Skipped Seq from 6926 to 6936
Skipped Seq from 6943 to 6948
Skipped Seq from 6949 to 6951
Skipped Seq from 6951 to 6953
Skipped Seq from 6956 to 6960
Skipped Seq from 6961 to 6964
Skipped Seq from 6967 to 6969
Skipped Seq from 6979 to 6983
Skipped Seq from 6984 to 6986
Skipped Seq from 6986 to 6994
Skipped Seq from 6994 to 7000
Skipped Seq from 7000 to 7002
Skipped Seq from 7010 to 7012
Skipped Seq from 7013 to 7016
Skipped Seq from 7016 to 7018
Skipped Seq from 7018 to 7020
Skipped Seq from 7020 to 7022
Skipped Seq from 7022 to 7026
Skipped Seq from 7026 to 7033
Skipped Seq from 7039 to 7042
Skipped Seq from 7043 to 7045
Skipped Seq from 7046 to 7048
Skipped Seq from 7049 to 7051
Skipped Seq from 7054 to 7056
Skipped Seq from 7059 to 7070
Skipped Seq from 7071 to 7075
Skipped Seq from 7081 to 7087
Skipped Seq from 7090 to 7092
Skipped Seq from 7093 to 7097
Skipped Seq from 7098 to 7101
Skipped Seq from 7101 to 7104
Skipped Seq from 7111 to 7113
Skipped Seq from 7115 to 7118
Skipped Seq from 7122 to 7125
Skipped Seq from 7129 to 7131
Skipped Seq from 7134 to 7137
Skipped Seq from 7138 to 7141
Skipped Seq from 7141 to 7145
Skipped Seq from 7145 to 7147
Skipped Seq from 7149 to 7151
Skipped Seq from 7153 to 7155
Skipped Seq from 7155 to 7159
Skipped Seq from 7159 to 7165
Skipped Seq from 7166 to 7171
Skipped Seq from 7172 to 7175
Skipped Seq from 7175 to 7177
Skipped Seq from 7181 to 7183
Skipped Seq from 7185 to 7187
Skipped Seq from 7190 to 7193
Skipped Seq from 7196 to 7200
Skipped Seq from 7200 to 7207
Skipped Seq from 7208 to 7210
Skipped Seq from 7211 to 7214
Skipped Seq from 7216 to 7219
Skipped Seq from 7219 to 7222
Skipped Seq from 7225 to 7227
Skipped Seq from 7231 to 7233
Skipped Seq from 7234 to 7236
Skipped Seq from 7237 to 7239
Skipped Seq from 7241 to 7244
Skipped Seq from 7249 to 7253
Skipped Seq from 7253 to 7256
Skipped Seq from 7257 to 7259
Skipped Seq from 7262 to 7265
Skipped Seq from 7265 to 7269
Skipped Seq from 7269 to 7278
Skipped Seq from 7278 to 7280
Skipped Seq from 7280 to 7282
Skipped Seq from 7284 to 7286
Skipped Seq from 7288 to 7294
Skipped Seq from 7294 to 7296
Skipped Seq from 7296 to 7298
Skipped Seq from 7299 to 7302
Skipped Seq from 7302 to 7304
Skipped Seq from 7304 to 7306
Skipped Seq from 7307 to 7309
Skipped Seq from 7311 to 7313
Skipped Seq from 7315 to 7317
Skipped Seq from 7321 to 7323
Skipped Seq from 7323 to 7326
Skipped Seq from 7326 to 7328
Skipped Seq from 7328 to 7332
Skipped Seq from 7338 to 7340
Skipped Seq from 7340 to 7343
Skipped Seq from 7346 to 7348
Skipped Seq from 7348 to 7350
Skipped Seq from 7351 to 7354
Skipped Seq from 7354 to 7356
Skipped Seq from 7358 to 7363
Skipped Seq from 7371 to 7373
Skipped Seq from 7374 to 7378
Skipped Seq from 7378 to 7380
Skipped Seq from 7381 to 7383
Skipped Seq from 7384 to 7386
Skipped Seq from 7387 to 7390
Skipped Seq from 7391 to 7399
Skipped Seq from 7399 to 7401
Skipped Seq from 7406 to 7409
Skipped Seq from 7410 to 7412
Skipped Seq from 7413 to 7415
Skipped Seq from 7415 to 7417
Skipped Seq from 7420 to 7423
Skipped Seq from 7424 to 7426
Skipped Seq from 7426 to 7428
Skipped Seq from 7428 to 7432
Skipped Seq from 7432 to 7434
Skipped Seq from 7434 to 7436
Skipped Seq from 7436 to 7439
Skipped Seq from 7440 to 7442
Skipped Seq from 7442 to 7444
Skipped Seq from 7445 to 7454
Skipped Seq from 7455 to 7458
Skipped Seq from 7460 to 7463
Skipped Seq from 7463 to 7465
Skipped Seq from 7465 to 7473
Skipped Seq from 7474 to 7476
Skipped Seq from 7476 to 7478
Skipped Seq from 7478 to 7480
Skipped Seq from 7485 to 7490
Skipped Seq from 7491 to 7494
Skipped Seq from 7495 to 7498
Skipped Seq from 7502 to 7504
Skipped Seq from 7512 to 7518
Skipped Seq from 7521 to 7525
Skipped Seq from 7525 to 7527
Skipped Seq from 7527 to 7530
Skipped Seq from 7531 to 7533
Skipped Seq from 7535 to 7537
Skipped Seq from 7537 to 7540
Skipped Seq from 7553 to 7555
Skipped Seq from 7555 to 7558
Skipped Seq from 7559 to 7561
Skipped Seq from 7562 to 7567
Skipped Seq from 7573 to 7575
Skipped Seq from 7592 to 7594
Skipped Seq from 7594 to 7596
Skipped Seq from 7596 to 7598
Skipped Seq from 7643 to 7645
Skipped Seq from 7649 to 7651
Skipped Seq from 7653 to 7655
Skipped Seq from 7661 to 7663
Skipped Seq from 7663 to 7665
Skipped Seq from 7674 to 7676
Skipped Seq from 7690 to 7692
Skipped Seq from 7695 to 7697
Skipped Seq from 7708 to 7710
Skipped Seq from 7711 to 7713
Skipped Seq from 7713 to 7715
Skipped Seq from 8402 to 8404
Skipped Seq from 8405 to 8407
Skipped Seq from 8407 to 8411
Skipped Seq from 8413 to 8415
Skipped Seq from 8423 to 8429
Skipped Seq from 8433 to 8436
Skipped Seq from 8438 to 8440
Skipped Seq from 8447 to 8449
Skipped Seq from 8450 to 8453
Skipped Seq from 8455 to 8457
Skipped Seq from 8461 to 8463
Skipped Seq from 8465 to 8468
Skipped Seq from 8472 to 8475
Skipped Seq from 8480 to 8484
Skipped Seq from 8484 to 8486
Skipped Seq from 8487 to 8489
Skipped Seq from 8496 to 8500
Skipped Seq from 8503 to 8510
Skipped Seq from 8517 to 8523
Skipped Seq from 8531 to 8533
Skipped Seq from 8534 to 8537
Skipped Seq from 8537 to 8542
Skipped Seq from 8545 to 8547
Skipped Seq from 8547 to 8549
Skipped Seq from 8555 to 8558
Skipped Seq from 8564 to 8569
Skipped Seq from 8569 to 8571
Skipped Seq from 8576 to 8578
Skipped Seq from 8581 to 8586
Skipped Seq from 8588 to 8590
Skipped Seq from 8599 to 8601
Skipped Seq from 8601 to 8604
Skipped Seq from 8604 to 8607
Skipped Seq from 8607 to 8609
Skipped Seq from 8615 to 8617
Skipped Seq from 8618 to 8621
Skipped Seq from 8621 to 8627
Skipped Seq from 8627 to 8630
Skipped Seq from 8644 to 8646
Skipped Seq from 8656 to 8660
Skipped Seq from 8664 to 8666
Skipped Seq from 8672 to 8674
Skipped Seq from 8682 to 8685
Skipped Seq from 8706 to 8710
Skipped Seq from 8713 to 8716
Skipped Seq from 8718 to 8720
Skipped Seq from 8722 to 8725
Skipped Seq from 8750 to 8759
Skipped Seq from 8769 to 8775
Skipped Seq from 8776 to 8778
Skipped Seq from 8778 to 8780
Skipped Seq from 8788 to 8792
Skipped Seq from 8795 to 8797
Skipped Seq from 8800 to 8802
Skipped Seq from 8806 to 8818
Skipped Seq from 8819 to 8822
Skipped Seq from 8822 to 8824
Skipped Seq from 8824 to 8827
Skipped Seq from 8830 to 8832
Skipped Seq from 8835 to 8838
Skipped Seq from 8862 to 8864
Skipped Seq from 8864 to 8866
Skipped Seq from 8867 to 8870
Skipped Seq from 8875 to 8877
Skipped Seq from 8884 to 8886
Skipped Seq from 8888 to 8891
Skipped Seq from 8892 to 8898
Skipped Seq from 8898 to 8901
Skipped Seq from 8924 to 8930
Skipped Seq from 8939 to 8941
Skipped Seq from 8943 to 8946
Skipped Seq from 8947 to 8951
Skipped Seq from 8953 to 8956
Skipped Seq from 8957 to 8960
Skipped Seq from 11321 to 11323
Skipped Seq from 11326 to 11328
Skipped Seq from 11330 to 11333
Skipped Seq from 11335 to 11338
Skipped Seq from 11339 to 11344
Skipped Seq from 11347 to 11349
Skipped Seq from 11353 to 11355
Skipped Seq from 11357 to 11359
Skipped Seq from 11360 to 11363
Skipped Seq from 11364 to 11366
Skipped Seq from 11370 to 11373
Skipped Seq from 11373 to 11376
Skipped Seq from 11381 to 11385
Skipped Seq from 11388 to 11390
Skipped Seq from 11390 to 11392
Skipped Seq from 11396 to 11398
Skipped Seq from 11399 to 11401
Skipped Seq from 11403 to 11406
Skipped Seq from 11414 to 11416
Skipped Seq from 11417 to 11420
Skipped Seq from 11421 to 11423
Skipped Seq from 11423 to 11425
Skipped Seq from 11426 to 11433
Skipped Seq from 11433 to 11438
Skipped Seq from 11441 to 11443
Skipped Seq from 11444 to 11447
Skipped Seq from 11447 to 11449
Skipped Seq from 11450 to 11452
Skipped Seq from 11453 to 11456
Skipped Seq from 11459 to 11462
Skipped Seq from 11464 to 11467
Skipped Seq from 11467 to 11470
Skipped Seq from 11472 to 11475
Skipped Seq from 11478 to 11481
Skipped Seq from 11481 to 11483
Skipped Seq from 11483 to 11485
Skipped Seq from 11485 to 11487
Skipped Seq from 11489 to 11491
Skipped Seq from 11493 to 11499
Skipped Seq from 11500 to 11503
Skipped Seq from 11508 to 11511
Skipped Seq from 11512 to 11515
Skipped Seq from 11517 to 11520
Skipped Seq from 11521 to 11525
Skipped Seq from 11525 to 11529
Skipped Seq from 11532 to 11534
Skipped Seq from 11534 to 11539
Skipped Seq from 11540 to 11542
Skipped Seq from 11542 to 11544
Skipped Seq from 11546 to 11550
Skipped Seq from 11554 to 11556
Skipped Seq from 11557 to 11559
Skipped Seq from 11563 to 11565
Skipped Seq from 11567 to 11569
Skipped Seq from 11569 to 11573
Skipped Seq from 11575 to 11577
Skipped Seq from 11581 to 11583
Skipped Seq from 11584 to 11587
Skipped Seq from 11588 to 11590
Skipped Seq from 11591 to 11595
Skipped Seq from 11596 to 11600
Skipped Seq from 11600 to 11603
Skipped Seq from 11604 to 11606
Skipped Seq from 11612 to 11615
Skipped Seq from 11618 to 11624
Skipped Seq from 11626 to 11629
Skipped Seq from 11637 to 11640
Skipped Seq from 11640 to 11642
Skipped Seq from 11642 to 11646
Skipped Seq from 11647 to 11651
Skipped Seq from 11651 to 11654
Skipped Seq from 11660 to 11666
Skipped Seq from 11670 to 11672
Skipped Seq from 11674 to 11676
Skipped Seq from 11676 to 11680
Skipped Seq from 11681 to 11686
Skipped Seq from 11686 to 11688
Skipped Seq from 11689 to 11691
Skipped Seq from 11691 to 11693
Skipped Seq from 11695 to 11697
Skipped Seq from 11697 to 11701
Skipped Seq from 11701 to 11704
Skipped Seq from 11705 to 11708
Skipped Seq from 11709 to 11711
Skipped Seq from 11712 to 11714
Skipped Seq from 11714 to 11716
Skipped Seq from 11716 to 11718
Skipped Seq from 11718 to 11722
Skipped Seq from 11722 to 11724
Skipped Seq from 11726 to 11728
Skipped Seq from 11729 to 11734
Skipped Seq from 11738 to 11742
Skipped Seq from 11742 to 11744
Skipped Seq from 11768 to 11772
Skipped Seq from 11785 to 11787
Skipped Seq from 11793 to 11795
Skipped Seq from 11799 to 11801
Skipped Seq from 11810 to 11812
Skipped Seq from 11815 to 11817
Skipped Seq from 11820 to 11822
Skipped Seq from 11829 to 11831
Skipped Seq from 11841 to 11844
Skipped Seq from 11874 to 11876
Skipped Seq from 11892 to 11894
Skipped Seq from 11910 to 11912
Skipped Seq from 11914 to 11916
Skipped Seq from 11920 to 11922
Skipped Seq from 11929 to 11932
Skipped Seq from 11932 to 11934
Skipped Seq from 11940 to 11942
Skipped Seq from 11943 to 11945
Skipped Seq from 11948 to 11950
Skipped Seq from 11962 to 11964
Skipped Seq from 11976 to 11978
Skipped Seq from 11978 to 11981
Skipped Seq from 11982 to 11985
Skipped Seq from 11986 to 11988
Skipped Seq from 11988 to 11990
Skipped Seq from 12001 to 12003
Skipped Seq from 12007 to 12011
Skipped Seq from 12025 to 12027
Skipped Seq from 12031 to 12034
Skipped Seq from 12053 to 12057
Skipped Seq from 12059 to 12062
Skipped Seq from 12068 to 12071
Skipped Seq from 12071 to 12074
Skipped Seq from 12082 to 12084
Skipped Seq from 12085 to 12087
Skipped Seq from 12090 to 12093
Skipped Seq from 12096 to 12099
Skipped Seq from 12099 to 12102
Skipped Seq from 12107 to 12110
Skipped Seq from 12118 to 12120
Skipped Seq from 12120 to 12122
Skipped Seq from 12140 to 12142
Skipped Seq from 12150 to 12152
Skipped Seq from 12165 to 12168
Skipped Seq from 12171 to 12173
Skipped Seq from 12194 to 12196
Skipped Seq from 12199 to 12201
Skipped Seq from 12209 to 12211
Skipped Seq from 12213 to 12215
Skipped Seq from 12216 to 12218
Skipped Seq from 12218 to 12220
Skipped Seq from 12239 to 12241
Skipped Seq from 12241 to 12243
Skipped Seq from 12245 to 12247
Skipped Seq from 12247 to 12250
Skipped Seq from 12276 to 12278
Skipped Seq from 12279 to 12284
Skipped Seq from 12285 to 12287
Skipped Seq from 12287 to 12291
Skipped Seq from 12308 to 12310
Skipped Seq from 12324 to 12326
Skipped Seq from 12575 to 12579
Skipped Seq from 12579 to 12582
Skipped Seq from 12587 to 12591
Skipped Seq from 12591 to 12593
Skipped Seq from 12595 to 12598
Skipped Seq from 12849 to 12851
Skipped Seq from 12851 to 12853
Skipped Seq from 12876 to 12880
Skipped Seq from 12882 to 12886
Skipped Seq from 12886 to 12892
Skipped Seq from 12894 to 12899
Skipped Seq from 12899 to 12901
Skipped Seq from 12903 to 12907
Skipped Seq from 12917 to 12922
Skipped Seq from 12940 to 12942
Skipped Seq from 12959 to 12961
Skipped Seq from 12965 to 12967
Skipped Seq from 12967 to 12969
Skipped Seq from 12972 to 12974
Skipped Seq from 12977 to 12981
Skipped Seq from 12983 to 12986
Skipped Seq from 12988 to 12990
Skipped Seq from 12990 to 12992
Skipped Seq from 12999 to 13003
Skipped Seq from 13020 to 13027
Skipped Seq from 13037 to 13043
Skipped Seq from 13047 to 13049
Skipped Seq from 13050 to 13053
Skipped Seq from 13055 to 13057
Skipped Seq from 13069 to 13071
Skipped Seq from 13078 to 13080
Skipped Seq from 13081 to 13084
Skipped Seq from 13084 to 13088
Skipped Seq from 13093 to 13095
Skipped Seq from 13095 to 13097
Skipped Seq from 13111 to 13113
Skipped Seq from 13113 to 13115
Skipped Seq from 13117 to 13120
Skipped Seq from 13129 to 13132
Skipped Seq from 13132 to 13134
Skipped Seq from 13144 to 13146
Skipped Seq from 13147 to 13151
Skipped Seq from 13156 to 13160
Skipped Seq from 13160 to 13162
Skipped Seq from 13162 to 13164
Skipped Seq from 13164 to 13166
Skipped Seq from 13171 to 13173
Skipped Seq from 13175 to 13181
Skipped Seq from 13182 to 13186
Skipped Seq from 13190 to 13194
Skipped Seq from 13203 to 13206
Skipped Seq from 13207 to 13209
Skipped Seq from 13219 to 13225
Skipped Seq from 13225 to 13227
Skipped Seq from 13228 to 13232
Skipped Seq from 13235 to 13239
Skipped Seq from 13246 to 13248
Skipped Seq from 13250 to 13253
Skipped Seq from 13258 to 13264
Skipped Seq from 13270 to 13273
Skipped Seq from 13278 to 13280
Skipped Seq from 13283 to 13286
Skipped Seq from 13289 to 13291
Skipped Seq from 13292 to 13295
Skipped Seq from 13297 to 13299
Skipped Seq from 13299 to 13301
Skipped Seq from 13319 to 13322
Skipped Seq from 13323 to 13325
Skipped Seq from 13330 to 13332
Skipped Seq from 13337 to 13339
Skipped Seq from 13359 to 13361
Skipped Seq from 13361 to 13364
Skipped Seq from 13368 to 13370
Skipped Seq from 13370 to 13374
Skipped Seq from 13406 to 13408
Skipped Seq from 13423 to 13426
Skipped Seq from 13427 to 13430
Skipped Seq from 13433 to 13438
Skipped Seq from 13442 to 13445
Skipped Seq from 13445 to 13447
Skipped Seq from 13456 to 13458
Skipped Seq from 13461 to 13463
Skipped Seq from 13484 to 13486
Skipped Seq from 13498 to 13500
Skipped Seq from 13509 to 13516
Skipped Seq from 13516 to 13518
Skipped Seq from 13518 to 13520
Skipped Seq from 13529 to 13532
Skipped Seq from 13539 to 13541
Skipped Seq from 13543 to 13550
Skipped Seq from 13551 to 13553
Skipped Seq from 13553 to 13556
Skipped Seq from 13557 to 13559
Skipped Seq from 13564 to 13566
Skipped Seq from 13588 to 13590
Skipped Seq from 13590 to 13593
Skipped Seq from 13596 to 13598
Skipped Seq from 13610 to 13613
Skipped Seq from 13618 to 13623
Skipped Seq from 13625 to 13627
Skipped Seq from 13646 to 13648
Skipped Seq from 13648 to 13651
Skipped Seq from 13653 to 13656
Skipped Seq from 13659 to 13661
Skipped Seq from 13672 to 13674
Skipped Seq from 13674 to 13676
Skipped Seq from 13680 to 13682
Skipped Seq from 13689 to 13692
Skipped Seq from 13692 to 13694
Skipped Seq from 13698 to 13701
Skipped Seq from 13702 to 13707
Number of times throttled: 17
Received: 11222 / 13708 packets
Start time: 1332840352.181551
End time: 1332840400.667908
Duration: 48.486357
