Starting client at 10.0.0.12:1265 with timeout:10
My IP address is 10.0.0.12Skipped Seq from 39 to 44
Skipped Seq from 44 to 47
Skipped Seq from 47 to 49
Skipped Seq from 49 to 53
Skipped Seq from 54 to 56
Skipped Seq from 56 to 60
Skipped Seq from 60 to 67
Skipped Seq from 67 to 71
Skipped Seq from 71 to 75
Skipped Seq from 75 to 84
Skipped Seq from 84 to 88
Skipped Seq from 88 to 91
Skipped Seq from 91 to 93
Skipped Seq from 95 to 99
Skipped Seq from 99 to 101
Skipped Seq from 102 to 104
Skipped Seq from 104 to 106
Skipped Seq from 112 to 117
Skipped Seq from 117 to 119
Skipped Seq from 119 to 122
Skipped Seq from 122 to 124
Skipped Seq from 124 to 126
Skipped Seq from 128 to 130
Skipped Seq from 130 to 132
Skipped Seq from 133 to 135
Skipped Seq from 136 to 138
Skipped Seq from 141 to 144
Skipped Seq from 145 to 147
Skipped Seq from 149 to 151
Skipped Seq from 151 to 154
Skipped Seq from 155 to 158
Skipped Seq from 158 to 160
Skipped Seq from 161 to 163
Skipped Seq from 164 to 167
Skipped Seq from 167 to 170
Skipped Seq from 170 to 172
Skipped Seq from 172 to 175
Skipped Seq from 175 to 177
Skipped Seq from 177 to 179
Skipped Seq from 179 to 181
Skipped Seq from 181 to 188
Skipped Seq from 188 to 191
Skipped Seq from 191 to 199
Skipped Seq from 199 to 201
Skipped Seq from 201 to 203
Skipped Seq from 203 to 206
Skipped Seq from 207 to 209
Skipped Seq from 210 to 212
Skipped Seq from 214 to 216
Skipped Seq from 217 to 219
Skipped Seq from 225 to 229
Skipped Seq from 229 to 231
Skipped Seq from 231 to 233
Skipped Seq from 234 to 242
Skipped Seq from 242 to 251
Skipped Seq from 251 to 253
Skipped Seq from 253 to 257
Skipped Seq from 259 to 261
Skipped Seq from 262 to 264
Skipped Seq from 265 to 269
Skipped Seq from 269 to 274
Skipped Seq from 274 to 276
Skipped Seq from 276 to 278
Skipped Seq from 278 to 284
Skipped Seq from 285 to 288
Skipped Seq from 289 to 294
Skipped Seq from 294 to 306
Skipped Seq from 306 to 310
Skipped Seq from 311 to 313
Skipped Seq from 324 to 326
Skipped Seq from 326 to 328
Skipped Seq from 329 to 332
Skipped Seq from 332 to 338
Skipped Seq from 340 to 348
Skipped Seq from 348 to 352
Skipped Seq from 352 to 360
Skipped Seq from 360 to 364
Skipped Seq from 366 to 368
Skipped Seq from 369 to 372
Skipped Seq from 373 to 378
Skipped Seq from 378 to 381
Skipped Seq from 381 to 386
Skipped Seq from 387 to 389
Skipped Seq from 390 to 393
Skipped Seq from 393 to 396
Skipped Seq from 396 to 398
Skipped Seq from 400 to 407
Skipped Seq from 407 to 410
Skipped Seq from 410 to 412
Skipped Seq from 412 to 415
Skipped Seq from 415 to 417
Skipped Seq from 417 to 420
Skipped Seq from 420 to 422
Skipped Seq from 422 to 424
Skipped Seq from 424 to 439
Skipped Seq from 440 to 442
Skipped Seq from 443 to 448
Skipped Seq from 452 to 456
Skipped Seq from 456 to 458
Skipped Seq from 459 to 463
Skipped Seq from 463 to 465
Skipped Seq from 465 to 469
Skipped Seq from 471 to 475
Skipped Seq from 475 to 478
Skipped Seq from 478 to 481
Skipped Seq from 488 to 490
Skipped Seq from 494 to 498
Skipped Seq from 499 to 503
Skipped Seq from 504 to 506
Skipped Seq from 507 to 509
Skipped Seq from 509 to 511
Skipped Seq from 512 to 517
Skipped Seq from 518 to 520
Skipped Seq from 524 to 526
Skipped Seq from 526 to 536
Skipped Seq from 536 to 541
Skipped Seq from 542 to 546
Skipped Seq from 547 to 550
Skipped Seq from 550 to 552
Skipped Seq from 552 to 554
Skipped Seq from 554 to 556
Skipped Seq from 556 to 558
Skipped Seq from 558 to 569
Skipped Seq from 569 to 572
Skipped Seq from 576 to 578
Skipped Seq from 578 to 580
Skipped Seq from 581 to 586
Skipped Seq from 586 to 588
Skipped Seq from 588 to 591
Skipped Seq from 591 to 596
Skipped Seq from 597 to 599
Skipped Seq from 604 to 606
Skipped Seq from 606 to 610
Skipped Seq from 610 to 626
Skipped Seq from 626 to 631
Skipped Seq from 634 to 637
Skipped Seq from 639 to 643
Skipped Seq from 643 to 649
Skipped Seq from 649 to 651
Skipped Seq from 652 to 657
Skipped Seq from 657 to 664
Skipped Seq from 666 to 671
Skipped Seq from 673 to 676
Skipped Seq from 676 to 680
Skipped Seq from 680 to 688
Skipped Seq from 688 to 691
Skipped Seq from 694 to 698
Skipped Seq from 698 to 703
Skipped Seq from 706 to 709
Skipped Seq from 709 to 712
Skipped Seq from 712 to 714
Skipped Seq from 714 to 727
Skipped Seq from 727 to 729
Skipped Seq from 729 to 732
Skipped Seq from 732 to 736
Skipped Seq from 737 to 742
Skipped Seq from 742 to 748
Skipped Seq from 748 to 750
Skipped Seq from 751 to 754
Skipped Seq from 755 to 761
Skipped Seq from 761 to 765
Skipped Seq from 765 to 770
Skipped Seq from 770 to 772
Skipped Seq from 772 to 779
Skipped Seq from 785 to 788
Skipped Seq from 789 to 793
Skipped Seq from 794 to 797
Skipped Seq from 798 to 800
Skipped Seq from 812 to 823
Skipped Seq from 824 to 829
Skipped Seq from 829 to 832
Skipped Seq from 832 to 837
Skipped Seq from 837 to 854
Skipped Seq from 856 to 859
Skipped Seq from 859 to 865
Skipped Seq from 867 to 876
Skipped Seq from 877 to 883
Skipped Seq from 883 to 885
Skipped Seq from 886 to 893
Skipped Seq from 893 to 895
Skipped Seq from 895 to 897
Skipped Seq from 897 to 900
Skipped Seq from 901 to 906
Skipped Seq from 907 to 911
Skipped Seq from 912 to 914
Skipped Seq from 916 to 918
Skipped Seq from 918 to 921
Skipped Seq from 921 to 923
Skipped Seq from 923 to 925
Skipped Seq from 926 to 928
Skipped Seq from 928 to 938
Skipped Seq from 938 to 947
Skipped Seq from 948 to 950
Skipped Seq from 951 to 955
Skipped Seq from 955 to 961
Skipped Seq from 963 to 971
Skipped Seq from 972 to 974
Skipped Seq from 975 to 980
Skipped Seq from 980 to 983
Skipped Seq from 986 to 988
Skipped Seq from 991 to 993
Skipped Seq from 998 to 1004
Skipped Seq from 1004 to 1009
Skipped Seq from 1009 to 1012
Skipped Seq from 1013 to 1017
Skipped Seq from 1017 to 1019
Skipped Seq from 1019 to 1021
Skipped Seq from 1022 to 1027
Skipped Seq from 1029 to 1034
Skipped Seq from 1036 to 1039
Skipped Seq from 1039 to 1041
Skipped Seq from 1041 to 1052
Skipped Seq from 1052 to 1055
Skipped Seq from 1055 to 1059
Skipped Seq from 1059 to 1061
Skipped Seq from 1063 to 1068
Skipped Seq from 1070 to 1072
Skipped Seq from 1073 to 1076
Skipped Seq from 1077 to 1079
Skipped Seq from 1083 to 1085
Skipped Seq from 1086 to 1093
Skipped Seq from 1094 to 1101
Skipped Seq from 1101 to 1103
Skipped Seq from 1105 to 1108
Skipped Seq from 1108 to 1110
Skipped Seq from 1111 to 1124
Skipped Seq from 1124 to 1130
Skipped Seq from 1130 to 1133
Skipped Seq from 1133 to 1135
Skipped Seq from 1135 to 1137
Skipped Seq from 1137 to 1139
Skipped Seq from 1139 to 1142
Skipped Seq from 1142 to 1166
Skipped Seq from 1166 to 1170
Skipped Seq from 1170 to 1174
Skipped Seq from 1174 to 1178
Skipped Seq from 1178 to 1185
Skipped Seq from 1185 to 1188
Skipped Seq from 1188 to 1196
Skipped Seq from 1196 to 1200
Skipped Seq from 1202 to 1211
Skipped Seq from 1212 to 1225
Skipped Seq from 1227 to 1229
Skipped Seq from 1230 to 1233
Skipped Seq from 1233 to 1237
Skipped Seq from 1238 to 1241
Skipped Seq from 1241 to 1243
Skipped Seq from 1243 to 1257
Skipped Seq from 1257 to 1259
Skipped Seq from 1259 to 1262
Skipped Seq from 1263 to 1265
Skipped Seq from 1268 to 1270
Skipped Seq from 1272 to 1274
Skipped Seq from 1274 to 1280
Skipped Seq from 1280 to 1284
Skipped Seq from 1286 to 1288
Skipped Seq from 1289 to 1292
Skipped Seq from 1292 to 1296
Skipped Seq from 1298 to 1300
Skipped Seq from 1300 to 1302
Skipped Seq from 1302 to 1304
Skipped Seq from 1307 to 1316
Skipped Seq from 1316 to 1325
Skipped Seq from 1325 to 1329
Skipped Seq from 1330 to 1332
Skipped Seq from 1332 to 1335
Skipped Seq from 1335 to 1340
Skipped Seq from 1347 to 1354
Skipped Seq from 1354 to 1361
Skipped Seq from 1361 to 1364
Skipped Seq from 1364 to 1368
Skipped Seq from 1368 to 1370
Skipped Seq from 1371 to 1373
Skipped Seq from 1374 to 1380
Skipped Seq from 1382 to 1385
Skipped Seq from 1385 to 1388
Skipped Seq from 1388 to 1391
Skipped Seq from 1391 to 1395
Skipped Seq from 1395 to 1400
Skipped Seq from 1400 to 1403
Skipped Seq from 1403 to 1406
Skipped Seq from 1406 to 1410
Skipped Seq from 1410 to 1412
Skipped Seq from 1412 to 1415
Skipped Seq from 1415 to 1418
Skipped Seq from 1418 to 1422
Skipped Seq from 1424 to 1428
Skipped Seq from 1428 to 1431
Skipped Seq from 1431 to 1434
Skipped Seq from 1436 to 1439
Skipped Seq from 1439 to 1441
Skipped Seq from 1444 to 1451
Skipped Seq from 1453 to 1455
Skipped Seq from 1459 to 1461
Skipped Seq from 1461 to 1466
Skipped Seq from 1466 to 1468
Skipped Seq from 1468 to 1470
Skipped Seq from 1471 to 1473
Skipped Seq from 1478 to 1481
Skipped Seq from 1486 to 1488
Skipped Seq from 1489 to 1492
Skipped Seq from 1494 to 1496
Skipped Seq from 1501 to 1508
Skipped Seq from 1508 to 1510
Skipped Seq from 1511 to 1517
Skipped Seq from 1518 to 1521
Skipped Seq from 1533 to 1538
Skipped Seq from 1538 to 1541
Skipped Seq from 1543 to 1552
Skipped Seq from 1553 to 1567
Skipped Seq from 1604 to 1606
Skipped Seq from 1608 to 1610
Skipped Seq from 1612 to 1614
Skipped Seq from 1614 to 1616
Skipped Seq from 1616 to 1618
Skipped Seq from 1618 to 1620
Skipped Seq from 1628 to 1630
Skipped Seq from 1651 to 1653
Skipped Seq from 1665 to 1667
Skipped Seq from 1695 to 1697
Skipped Seq from 5870 to 5872
Skipped Seq from 5873 to 5876
Skipped Seq from 5881 to 5883
Skipped Seq from 5885 to 5889
Skipped Seq from 5893 to 5896
Skipped Seq from 5898 to 5904
Skipped Seq from 5913 to 5916
Skipped Seq from 5927 to 5930
Skipped Seq from 5933 to 5936
Skipped Seq from 5940 to 5943
Skipped Seq from 5949 to 5957
Skipped Seq from 5968 to 5970
Skipped Seq from 5974 to 5976
Skipped Seq from 5978 to 5980
Skipped Seq from 5981 to 5983
Skipped Seq from 5984 to 5986
Skipped Seq from 5986 to 5991
Skipped Seq from 5991 to 5993
Skipped Seq from 6000 to 6006
Skipped Seq from 6006 to 6008
Skipped Seq from 6012 to 6014
Skipped Seq from 6019 to 6022
Skipped Seq from 6029 to 6032
Skipped Seq from 6038 to 6042
Skipped Seq from 6042 to 6047
Skipped Seq from 6047 to 6050
Skipped Seq from 6051 to 6053
Skipped Seq from 6054 to 6056
Skipped Seq from 6057 to 6063
Skipped Seq from 6067 to 6069
Skipped Seq from 6073 to 6076
Skipped Seq from 6080 to 6083
Skipped Seq from 6095 to 6099
Skipped Seq from 6100 to 6104
Skipped Seq from 6104 to 6108
Skipped Seq from 6110 to 6114
Skipped Seq from 6130 to 6136
Skipped Seq from 6140 to 6142
Skipped Seq from 6146 to 6150
Skipped Seq from 6162 to 6166
Skipped Seq from 6171 to 6173
Skipped Seq from 6184 to 6186
Skipped Seq from 6187 to 6189
Skipped Seq from 6202 to 6204
Skipped Seq from 6206 to 6209
Skipped Seq from 6212 to 6215
Skipped Seq from 6228 to 6230
Skipped Seq from 6230 to 6232
Skipped Seq from 6233 to 6241
Skipped Seq from 6241 to 6243
Skipped Seq from 6256 to 6261
Skipped Seq from 6267 to 6270
Skipped Seq from 6270 to 6273
Skipped Seq from 6275 to 6280
Skipped Seq from 6281 to 6283
Skipped Seq from 6295 to 6297
Skipped Seq from 6297 to 6300
Skipped Seq from 6304 to 6306
Skipped Seq from 6309 to 6311
Skipped Seq from 6312 to 6315
Skipped Seq from 6325 to 6337
Skipped Seq from 6339 to 6345
Skipped Seq from 6347 to 6349
Skipped Seq from 6350 to 6352
Skipped Seq from 6352 to 6354
Skipped Seq from 6355 to 6364
Skipped Seq from 6364 to 6373
Skipped Seq from 6375 to 6377
Skipped Seq from 6377 to 6379
Skipped Seq from 6379 to 6381
Skipped Seq from 6382 to 6384
Skipped Seq from 6384 to 6388
Skipped Seq from 6390 to 6396
Skipped Seq from 6396 to 6405
Skipped Seq from 6405 to 6407
Skipped Seq from 6407 to 6409
Skipped Seq from 6409 to 6413
Skipped Seq from 6419 to 6421
Skipped Seq from 6423 to 6428
Skipped Seq from 6428 to 6433
Skipped Seq from 6434 to 6436
Skipped Seq from 6436 to 6444
Skipped Seq from 6446 to 6448
Skipped Seq from 6448 to 6460
Skipped Seq from 6462 to 6466
Skipped Seq from 6466 to 6470
Skipped Seq from 6470 to 6472
Skipped Seq from 6474 to 6478
Skipped Seq from 6478 to 6480
Skipped Seq from 6482 to 6484
Skipped Seq from 6484 to 6486
Skipped Seq from 6491 to 6493
Skipped Seq from 6494 to 6499
Skipped Seq from 6499 to 6502
Skipped Seq from 6502 to 6504
Skipped Seq from 6507 to 6511
Skipped Seq from 6511 to 6518
Skipped Seq from 6518 to 6532
Skipped Seq from 6533 to 6537
Skipped Seq from 6538 to 6540
Skipped Seq from 6542 to 6548
Skipped Seq from 6548 to 6552
Skipped Seq from 6552 to 6555
Skipped Seq from 6558 to 6568
Skipped Seq from 6573 to 6576
Skipped Seq from 6576 to 6581
Skipped Seq from 6582 to 6587
Skipped Seq from 6592 to 6594
Skipped Seq from 6594 to 6599
Skipped Seq from 6599 to 6603
Skipped Seq from 6603 to 6610
Skipped Seq from 6610 to 6613
Skipped Seq from 6614 to 6620
Skipped Seq from 6621 to 6623
Skipped Seq from 6623 to 6625
Skipped Seq from 6626 to 6630
Skipped Seq from 6634 to 6636
Skipped Seq from 6636 to 6645
Skipped Seq from 6646 to 6652
Skipped Seq from 6657 to 6662
Skipped Seq from 6669 to 6671
Skipped Seq from 6671 to 6676
Skipped Seq from 6676 to 6682
Skipped Seq from 6682 to 6684
Skipped Seq from 6686 to 6691
Skipped Seq from 6691 to 6696
Skipped Seq from 6701 to 6704
Skipped Seq from 6706 to 6709
Skipped Seq from 6709 to 6712
Skipped Seq from 6715 to 6717
Skipped Seq from 6718 to 6720
Skipped Seq from 6721 to 6726
Skipped Seq from 6728 to 6730
Skipped Seq from 6734 to 6736
Skipped Seq from 6736 to 6738
Skipped Seq from 6739 to 6742
Skipped Seq from 6742 to 6744
Skipped Seq from 6746 to 6748
Skipped Seq from 6748 to 6751
Skipped Seq from 6752 to 6754
Skipped Seq from 6756 to 6760
Skipped Seq from 6760 to 6762
Skipped Seq from 6762 to 6765
Skipped Seq from 6768 to 6774
Skipped Seq from 6774 to 6779
Skipped Seq from 6779 to 6782
Skipped Seq from 6782 to 6784
Skipped Seq from 6799 to 6803
Skipped Seq from 6809 to 6812
Skipped Seq from 6815 to 6819
Skipped Seq from 6821 to 6826
Skipped Seq from 6830 to 6832
Skipped Seq from 6832 to 6834
Skipped Seq from 6844 to 6848
Skipped Seq from 6850 to 6852
Skipped Seq from 6858 to 6864
Skipped Seq from 6866 to 6868
Skipped Seq from 6871 to 6886
Skipped Seq from 6888 to 6890
Skipped Seq from 6891 to 6893
Skipped Seq from 6896 to 6899
Skipped Seq from 6899 to 6904
Skipped Seq from 6907 to 6913
Skipped Seq from 6913 to 6920
Skipped Seq from 6921 to 6935
Skipped Seq from 6936 to 6938
Skipped Seq from 6941 to 6943
Skipped Seq from 6944 to 6950
Skipped Seq from 6951 to 6953
Skipped Seq from 6957 to 6959
Skipped Seq from 6960 to 6962
Skipped Seq from 6964 to 6972
Skipped Seq from 6972 to 6975
Skipped Seq from 6980 to 6988
Skipped Seq from 6988 to 6992
Skipped Seq from 6992 to 6995
Skipped Seq from 6996 to 7000
Skipped Seq from 7001 to 7006
Skipped Seq from 7006 to 7011
Skipped Seq from 7011 to 7014
Skipped Seq from 7015 to 7036
Skipped Seq from 7038 to 7044
Skipped Seq from 7044 to 7050
Skipped Seq from 7050 to 7052
Skipped Seq from 7052 to 7056
Skipped Seq from 7057 to 7061
Skipped Seq from 7061 to 7063
Skipped Seq from 7063 to 7065
Skipped Seq from 7065 to 7067
Skipped Seq from 7067 to 7070
Skipped Seq from 7070 to 7074
Skipped Seq from 7074 to 7076
Skipped Seq from 7077 to 7079
Skipped Seq from 7080 to 7082
Skipped Seq from 7090 to 7095
Skipped Seq from 7100 to 7106
Skipped Seq from 7106 to 7111
Skipped Seq from 7111 to 7116
Skipped Seq from 7118 to 7120
Skipped Seq from 7123 to 7134
Skipped Seq from 7134 to 7140
Skipped Seq from 7141 to 7149
Skipped Seq from 7149 to 7151
Skipped Seq from 7152 to 7157
Skipped Seq from 7157 to 7162
Skipped Seq from 7162 to 7167
Skipped Seq from 7171 to 7174
Skipped Seq from 7174 to 7180
Skipped Seq from 7190 to 7192
Skipped Seq from 7199 to 7201
Skipped Seq from 7201 to 7203
Skipped Seq from 7204 to 7213
Skipped Seq from 7213 to 7215
Skipped Seq from 7215 to 7227
Skipped Seq from 7238 to 7240
Skipped Seq from 7240 to 7244
Skipped Seq from 7244 to 7252
Skipped Seq from 7252 to 7257
Skipped Seq from 7257 to 7266
Skipped Seq from 7270 to 7284
Skipped Seq from 7286 to 7288
Skipped Seq from 7290 to 7292
Skipped Seq from 7292 to 7294
Skipped Seq from 7299 to 7301
Skipped Seq from 7302 to 7304
Skipped Seq from 7317 to 7320
Skipped Seq from 7320 to 7322
Skipped Seq from 7324 to 7326
Skipped Seq from 7340 to 7346
Skipped Seq from 7348 to 7351
Skipped Seq from 7351 to 7353
Skipped Seq from 7357 to 7360
Skipped Seq from 7378 to 7383
Skipped Seq from 7385 to 7389
Skipped Seq from 7391 to 7409
Skipped Seq from 7409 to 7412
Skipped Seq from 7412 to 7418
Skipped Seq from 7421 to 7431
Skipped Seq from 7434 to 7441
Skipped Seq from 7442 to 7446
Skipped Seq from 7447 to 7450
Skipped Seq from 7451 to 7456
Skipped Seq from 7457 to 7459
Skipped Seq from 7471 to 7474
Skipped Seq from 7477 to 7479
Skipped Seq from 7479 to 7481
Skipped Seq from 7483 to 7489
Skipped Seq from 7491 to 7506
Skipped Seq from 7506 to 7509
Skipped Seq from 7512 to 7515
Skipped Seq from 7527 to 7529
Skipped Seq from 7530 to 7534
Skipped Seq from 7537 to 7542
Skipped Seq from 7554 to 7556
Skipped Seq from 7556 to 7559
Skipped Seq from 7560 to 7563
Skipped Seq from 7566 to 7568
Skipped Seq from 7568 to 7571
Skipped Seq from 7571 to 7573
Skipped Seq from 7573 to 7575
Skipped Seq from 7579 to 7581
Skipped Seq from 7584 to 7587
Skipped Seq from 7587 to 7591
Skipped Seq from 7596 to 7599
Skipped Seq from 7605 to 7607
Skipped Seq from 7607 to 7610
Skipped Seq from 7612 to 7615
Skipped Seq from 7619 to 7622
Skipped Seq from 7622 to 7625
Skipped Seq from 7629 to 7634
Skipped Seq from 7634 to 7641
Skipped Seq from 7673 to 7676
Skipped Seq from 15456 to 15462
Skipped Seq from 15465 to 15474
Skipped Seq from 15477 to 15482
Skipped Seq from 15482 to 15484
Skipped Seq from 15493 to 15498
Skipped Seq from 15501 to 15503
Skipped Seq from 15520 to 15524
Skipped Seq from 15536 to 15541
Skipped Seq from 15541 to 15544
Skipped Seq from 15548 to 15550
Skipped Seq from 15562 to 15565
Skipped Seq from 15573 to 15579
Skipped Seq from 15583 to 15587
Skipped Seq from 15591 to 15594
Skipped Seq from 15594 to 15596
Skipped Seq from 15600 to 15604
Skipped Seq from 15611 to 15614
Skipped Seq from 15617 to 15620
Skipped Seq from 15620 to 15622
Skipped Seq from 15623 to 15625
Skipped Seq from 15627 to 15629
Skipped Seq from 15634 to 15636
Skipped Seq from 15638 to 15640
Skipped Seq from 15642 to 15646
Skipped Seq from 15659 to 15661
Skipped Seq from 15668 to 15670
Skipped Seq from 15677 to 15681
Skipped Seq from 15682 to 15685
Skipped Seq from 15685 to 15687
Skipped Seq from 15688 to 15690
Skipped Seq from 15692 to 15694
Skipped Seq from 15696 to 15698
Skipped Seq from 15704 to 15709
Skipped Seq from 15709 to 15712
Skipped Seq from 15718 to 15723
Skipped Seq from 15727 to 15729
Skipped Seq from 15736 to 15740
Skipped Seq from 15743 to 15746
Skipped Seq from 15758 to 15760
Skipped Seq from 15764 to 15766
Skipped Seq from 15767 to 15769
Skipped Seq from 15769 to 15771
Skipped Seq from 15771 to 15775
Skipped Seq from 15779 to 15786
Skipped Seq from 15788 to 15790
Skipped Seq from 15790 to 15793
Skipped Seq from 15793 to 15796
Skipped Seq from 15801 to 15803
Skipped Seq from 15820 to 15824
Skipped Seq from 15825 to 15830
Skipped Seq from 15830 to 15833
Skipped Seq from 15834 to 15838
Skipped Seq from 15840 to 15842
Skipped Seq from 15850 to 15852
Skipped Seq from 15852 to 15856
Skipped Seq from 15871 to 15875
Skipped Seq from 15875 to 15877
Skipped Seq from 15886 to 15891
Skipped Seq from 15895 to 15898
Skipped Seq from 15898 to 15901
Skipped Seq from 15905 to 15907
Skipped Seq from 15908 to 15910
Skipped Seq from 15915 to 15918
Skipped Seq from 15927 to 15930
Skipped Seq from 15934 to 15937
Skipped Seq from 15938 to 15941
Skipped Seq from 15943 to 15945
Skipped Seq from 15945 to 15948
Skipped Seq from 15959 to 15961
Skipped Seq from 15962 to 15964
Skipped Seq from 15964 to 15966
Skipped Seq from 15967 to 15972
Skipped Seq from 15972 to 15974
Skipped Seq from 15974 to 15976
Skipped Seq from 15977 to 15980
Skipped Seq from 15982 to 15987
Skipped Seq from 15990 to 15992
Skipped Seq from 15995 to 15997
Skipped Seq from 16000 to 16004
Skipped Seq from 16007 to 16011
Skipped Seq from 16015 to 16020
Skipped Seq from 16020 to 16022
Skipped Seq from 16025 to 16028
Skipped Seq from 16030 to 16032
Skipped Seq from 16036 to 16038
Skipped Seq from 16038 to 16042
Skipped Seq from 16048 to 16051
Skipped Seq from 16052 to 16055
Skipped Seq from 16064 to 16066
Skipped Seq from 16067 to 16070
Skipped Seq from 16070 to 16072
Skipped Seq from 16072 to 16075
Skipped Seq from 16080 to 16082
Skipped Seq from 16082 to 16084
Skipped Seq from 16084 to 16086
Skipped Seq from 16088 to 16091
Skipped Seq from 16091 to 16093
Skipped Seq from 16098 to 16101
Skipped Seq from 16104 to 16106
Skipped Seq from 16112 to 16114
Skipped Seq from 16115 to 16117
Skipped Seq from 16121 to 16125
Skipped Seq from 16134 to 16137
Skipped Seq from 16138 to 16140
Skipped Seq from 16145 to 16147
Skipped Seq from 16148 to 16150
Skipped Seq from 16151 to 16154
Skipped Seq from 16156 to 16159
Skipped Seq from 16164 to 16166
Skipped Seq from 16166 to 16168
Skipped Seq from 16172 to 16176
Skipped Seq from 16176 to 16179
Skipped Seq from 16181 to 16183
Skipped Seq from 16184 to 16188
Skipped Seq from 16188 to 16191
Skipped Seq from 16191 to 16193
Skipped Seq from 16193 to 16196
Skipped Seq from 16196 to 16198
Skipped Seq from 16201 to 16204
Skipped Seq from 16210 to 16212
Skipped Seq from 16214 to 16218
Skipped Seq from 16220 to 16223
Skipped Seq from 16224 to 16230
Skipped Seq from 16233 to 16235
Skipped Seq from 16241 to 16243
Skipped Seq from 16245 to 16249
Skipped Seq from 16249 to 16254
Skipped Seq from 16258 to 16260
Skipped Seq from 16261 to 16263
Skipped Seq from 16269 to 16271
Skipped Seq from 16271 to 16273
Skipped Seq from 16285 to 16288
Skipped Seq from 16289 to 16292
Skipped Seq from 16294 to 16297
Skipped Seq from 16297 to 16300
Skipped Seq from 16305 to 16308
Skipped Seq from 16308 to 16311
Skipped Seq from 16315 to 16320
Skipped Seq from 16320 to 16322
Skipped Seq from 16323 to 16325
Skipped Seq from 16326 to 16328
Skipped Seq from 16329 to 16333
Skipped Seq from 16334 to 16336
Skipped Seq from 16336 to 16338
Skipped Seq from 16339 to 16341
Skipped Seq from 16342 to 16345
Skipped Seq from 16359 to 16361
Skipped Seq from 16361 to 16363
Skipped Seq from 16367 to 16371
Skipped Seq from 16372 to 16374
Skipped Seq from 16376 to 16378
Skipped Seq from 16379 to 16381
Skipped Seq from 16381 to 16383
Skipped Seq from 16383 to 16385
Skipped Seq from 16389 to 16392
Skipped Seq from 16396 to 16398
Skipped Seq from 16398 to 16400
Skipped Seq from 16402 to 16406
Skipped Seq from 16406 to 16409
Skipped Seq from 16409 to 16411
Skipped Seq from 16422 to 16424
Skipped Seq from 16429 to 16431
Skipped Seq from 16432 to 16437
Skipped Seq from 16441 to 16443
Skipped Seq from 16444 to 16446
Skipped Seq from 16448 to 16450
Skipped Seq from 16460 to 16462
Skipped Seq from 16463 to 16465
Skipped Seq from 16471 to 16474
Skipped Seq from 16476 to 16478
Skipped Seq from 16478 to 16481
Skipped Seq from 16481 to 16483
Skipped Seq from 16484 to 16486
Skipped Seq from 16488 to 16490
Skipped Seq from 16498 to 16500
Skipped Seq from 16500 to 16503
Skipped Seq from 16504 to 16509
Skipped Seq from 16522 to 16524
Skipped Seq from 16541 to 16548
Skipped Seq from 16549 to 16551
Skipped Seq from 16553 to 16555
Skipped Seq from 16556 to 16558
Skipped Seq from 16561 to 16563
Skipped Seq from 16563 to 16566
Skipped Seq from 16568 to 16570
Skipped Seq from 16576 to 16578
Skipped Seq from 16588 to 16590
Skipped Seq from 16590 to 16592
Skipped Seq from 16592 to 16594
Skipped Seq from 16595 to 16598
Skipped Seq from 16599 to 16601
Skipped Seq from 16601 to 16603
Skipped Seq from 16608 to 16612
Skipped Seq from 16613 to 16616
Skipped Seq from 16620 to 16622
Skipped Seq from 16625 to 16627
Skipped Seq from 16631 to 16633
Skipped Seq from 16642 to 16645
Skipped Seq from 16649 to 16652
Skipped Seq from 16664 to 16666
Skipped Seq from 16667 to 16671
Skipped Seq from 16671 to 16675
Skipped Seq from 16677 to 16679
Skipped Seq from 16680 to 16683
Skipped Seq from 16684 to 16686
Skipped Seq from 16686 to 16688
Skipped Seq from 16689 to 16692
Skipped Seq from 16692 to 16694
Skipped Seq from 16694 to 16697
Skipped Seq from 16698 to 16701
Skipped Seq from 16703 to 16706
Skipped Seq from 16715 to 16726
Skipped Seq from 16731 to 16736
Skipped Seq from 16740 to 16743
Skipped Seq from 16745 to 16751
Skipped Seq from 16754 to 16758
Skipped Seq from 16759 to 16762
Skipped Seq from 16762 to 16764
Skipped Seq from 16768 to 16770
Skipped Seq from 16771 to 16773
Skipped Seq from 16779 to 16781
Skipped Seq from 16782 to 16785
Skipped Seq from 16790 to 16793
Skipped Seq from 16793 to 16795
Skipped Seq from 16796 to 16799
Skipped Seq from 16799 to 16802
Skipped Seq from 16802 to 16804
Skipped Seq from 16804 to 16806
Skipped Seq from 16806 to 16808
Skipped Seq from 16812 to 16814
Skipped Seq from 16817 to 16820
Skipped Seq from 16820 to 16822
Skipped Seq from 16824 to 16826
Skipped Seq from 16834 to 16836
Skipped Seq from 16838 to 16840
Skipped Seq from 16843 to 16845
Skipped Seq from 16847 to 16849
Skipped Seq from 16854 to 16857
Skipped Seq from 16859 to 16861
Skipped Seq from 16864 to 16867
Skipped Seq from 16868 to 16871
Skipped Seq from 16873 to 16876
Skipped Seq from 16881 to 16884
Skipped Seq from 16885 to 16889
Skipped Seq from 16890 to 16892
Skipped Seq from 16892 to 16895
Skipped Seq from 16896 to 16899
Skipped Seq from 16901 to 16903
Skipped Seq from 16903 to 16905
Skipped Seq from 16905 to 16908
Skipped Seq from 16909 to 16911
Skipped Seq from 16912 to 16915
Skipped Seq from 16917 to 16920
Skipped Seq from 16927 to 16929
Skipped Seq from 16933 to 16935
Skipped Seq from 16935 to 16938
Skipped Seq from 16939 to 16941
Skipped Seq from 16942 to 16946
Skipped Seq from 16946 to 16948
Skipped Seq from 16950 to 16954
Skipped Seq from 16966 to 16968
Skipped Seq from 16970 to 16972
Skipped Seq from 16972 to 16977
Skipped Seq from 16978 to 16980
Skipped Seq from 16980 to 16982
Skipped Seq from 16983 to 16985
Skipped Seq from 16986 to 16989
Skipped Seq from 16990 to 16992
Skipped Seq from 16992 to 16996
Skipped Seq from 16997 to 16999
Skipped Seq from 16999 to 17001
Skipped Seq from 17004 to 17006
Skipped Seq from 17006 to 17009
Skipped Seq from 17013 to 17015
Skipped Seq from 17015 to 17019
Skipped Seq from 17020 to 17022
Skipped Seq from 17022 to 17025
Skipped Seq from 17025 to 17027
Skipped Seq from 17027 to 17031
Skipped Seq from 17031 to 17034
Skipped Seq from 17035 to 17037
Skipped Seq from 17040 to 17043
Skipped Seq from 17043 to 17046
Skipped Seq from 17048 to 17050
Skipped Seq from 17053 to 17060
Skipped Seq from 17060 to 17062
Skipped Seq from 17062 to 17065
Skipped Seq from 17065 to 17068
Skipped Seq from 17068 to 17072
Skipped Seq from 17074 to 17076
Skipped Seq from 17077 to 17079
Skipped Seq from 17079 to 17081
Skipped Seq from 17083 to 17086
Skipped Seq from 17086 to 17088
Skipped Seq from 17088 to 17091
Skipped Seq from 17091 to 17093
Skipped Seq from 17093 to 17095
Skipped Seq from 17099 to 17101
Skipped Seq from 17110 to 17113
Skipped Seq from 17113 to 17115
Skipped Seq from 17117 to 17119
Skipped Seq from 17119 to 17123
Skipped Seq from 17124 to 17126
Skipped Seq from 17139 to 17141
Skipped Seq from 17147 to 17149
Skipped Seq from 17159 to 17161
Skipped Seq from 17165 to 17167
Skipped Seq from 17168 to 17170
Skipped Seq from 17173 to 17175
Skipped Seq from 17192 to 17194
Skipped Seq from 17195 to 17197
Skipped Seq from 17202 to 17204
Skipped Seq from 17205 to 17207
Skipped Seq from 17215 to 17217
Skipped Seq from 17239 to 17246
Skipped Seq from 17248 to 17251
Skipped Seq from 17251 to 17254
Skipped Seq from 17255 to 17257
Skipped Seq from 17257 to 17259
Skipped Seq from 17277 to 17279
Skipped Seq from 17280 to 17283
Skipped Seq from 17289 to 17291
Skipped Seq from 25057 to 25060
Skipped Seq from 25067 to 25070
Skipped Seq from 25071 to 25073
Skipped Seq from 25074 to 25078
Skipped Seq from 25084 to 25087
Skipped Seq from 25088 to 25090
Skipped Seq from 25101 to 25103
Skipped Seq from 25104 to 25108
Skipped Seq from 25110 to 25113
Skipped Seq from 25113 to 25116
Skipped Seq from 25119 to 25122
Skipped Seq from 25129 to 25131
Skipped Seq from 25135 to 25137
Skipped Seq from 25138 to 25140
Skipped Seq from 25140 to 25142
Skipped Seq from 25155 to 25157
Skipped Seq from 25159 to 25161
Skipped Seq from 25161 to 25163
Skipped Seq from 25178 to 25183
Skipped Seq from 25193 to 25195
Skipped Seq from 25195 to 25198
Skipped Seq from 25206 to 25208
Skipped Seq from 25210 to 25212
Skipped Seq from 25212 to 25216
Skipped Seq from 25222 to 25225
Skipped Seq from 25230 to 25234
Skipped Seq from 25235 to 25239
Skipped Seq from 25242 to 25245
Skipped Seq from 25264 to 25268
Skipped Seq from 25269 to 25271
Skipped Seq from 25273 to 25276
Skipped Seq from 25277 to 25279
Skipped Seq from 25287 to 25290
Skipped Seq from 25295 to 25298
Skipped Seq from 25301 to 25305
Skipped Seq from 25311 to 25314
Skipped Seq from 25316 to 25318
Skipped Seq from 25322 to 25324
Skipped Seq from 25326 to 25328
Skipped Seq from 25328 to 25331
Skipped Seq from 25332 to 25334
Skipped Seq from 25339 to 25342
Skipped Seq from 25357 to 25359
Skipped Seq from 25379 to 25381
Skipped Seq from 25386 to 25388
Skipped Seq from 25391 to 25398
Skipped Seq from 25398 to 25401
Skipped Seq from 25402 to 25406
Skipped Seq from 25406 to 25410
Skipped Seq from 25470 to 25473
Skipped Seq from 25477 to 25486
Skipped Seq from 25486 to 25501
Skipped Seq from 25501 to 25503
Skipped Seq from 25509 to 25513
Skipped Seq from 25513 to 25516
Skipped Seq from 25517 to 25529
Skipped Seq from 25534 to 25537
Skipped Seq from 25537 to 25540
Skipped Seq from 25542 to 25544
Skipped Seq from 25546 to 25548
Skipped Seq from 25559 to 25561
Skipped Seq from 25561 to 25564
Skipped Seq from 25564 to 25566
Skipped Seq from 25567 to 25572
Skipped Seq from 25573 to 25575
Skipped Seq from 25575 to 25578
Skipped Seq from 25593 to 25595
Skipped Seq from 25601 to 25603
Skipped Seq from 25609 to 25611
Skipped Seq from 25615 to 25617
Skipped Seq from 25617 to 25619
Skipped Seq from 25625 to 25627
Skipped Seq from 25627 to 25629
Skipped Seq from 25630 to 25632
Skipped Seq from 25635 to 25640
Skipped Seq from 25642 to 25644
Skipped Seq from 25644 to 25646
Skipped Seq from 25648 to 25650
Skipped Seq from 25651 to 25653
Skipped Seq from 25656 to 25658
Skipped Seq from 25658 to 25660
Skipped Seq from 25661 to 25665
Skipped Seq from 25665 to 25667
Skipped Seq from 25667 to 25671
Skipped Seq from 25671 to 25674
Skipped Seq from 25674 to 25680
Skipped Seq from 25681 to 25685
Skipped Seq from 25686 to 25688
Skipped Seq from 25688 to 25690
Skipped Seq from 25693 to 25695
Skipped Seq from 25696 to 25700
Skipped Seq from 25701 to 25703
Skipped Seq from 25705 to 25708
Skipped Seq from 25708 to 25710
Skipped Seq from 25710 to 25712
Skipped Seq from 25712 to 25714
Skipped Seq from 25718 to 25720
Skipped Seq from 25731 to 25733
Skipped Seq from 25733 to 25738
Skipped Seq from 25742 to 25746
Skipped Seq from 25746 to 25748
Skipped Seq from 25751 to 25753
Skipped Seq from 25754 to 25759
Skipped Seq from 25759 to 25761
Skipped Seq from 25762 to 25764
Skipped Seq from 25766 to 25768
Skipped Seq from 25769 to 25773
Skipped Seq from 25773 to 25777
Skipped Seq from 25786 to 25790
Skipped Seq from 25791 to 25796
Skipped Seq from 25796 to 25798
Skipped Seq from 25798 to 25800
Skipped Seq from 25801 to 25803
Skipped Seq from 25803 to 25805
Skipped Seq from 25813 to 25816
Skipped Seq from 25816 to 25818
Skipped Seq from 25820 to 25823
Skipped Seq from 25824 to 25826
Skipped Seq from 25830 to 25832
Skipped Seq from 25832 to 25834
Skipped Seq from 25841 to 25844
Skipped Seq from 25845 to 25847
Skipped Seq from 25848 to 25850
Skipped Seq from 25851 to 25854
Skipped Seq from 25855 to 25858
Skipped Seq from 25858 to 25861
Skipped Seq from 25861 to 25863
Skipped Seq from 25866 to 25868
Skipped Seq from 25872 to 25876
Skipped Seq from 25878 to 25881
Skipped Seq from 25882 to 25884
Skipped Seq from 25889 to 25891
Skipped Seq from 25894 to 25896
Skipped Seq from 25897 to 25899
Skipped Seq from 25900 to 25903
Skipped Seq from 25904 to 25906
Skipped Seq from 25906 to 25909
Skipped Seq from 25913 to 25915
Skipped Seq from 25915 to 25917
Skipped Seq from 25921 to 25923
Skipped Seq from 25923 to 25925
Skipped Seq from 25929 to 25932
Skipped Seq from 25934 to 25936
Skipped Seq from 25936 to 25938
Skipped Seq from 25938 to 25942
Skipped Seq from 25942 to 25945
Skipped Seq from 25947 to 25949
Skipped Seq from 25949 to 25952
Skipped Seq from 25952 to 25956
Skipped Seq from 25956 to 25959
Skipped Seq from 25959 to 25962
Skipped Seq from 25966 to 25968
Skipped Seq from 25975 to 25977
Skipped Seq from 25980 to 25982
Skipped Seq from 25985 to 25987
Skipped Seq from 25988 to 25991
Skipped Seq from 25992 to 25994
Skipped Seq from 25995 to 25997
Skipped Seq from 26000 to 26002
Skipped Seq from 26004 to 26007
Skipped Seq from 26007 to 26010
Skipped Seq from 26010 to 26012
Skipped Seq from 26012 to 26016
Skipped Seq from 26019 to 26022
Skipped Seq from 26022 to 26024
Skipped Seq from 26025 to 26027
Skipped Seq from 26030 to 26032
Skipped Seq from 26032 to 26035
Skipped Seq from 26038 to 26040
Skipped Seq from 26041 to 26044
Skipped Seq from 26059 to 26061
Skipped Seq from 26061 to 26063
Skipped Seq from 26063 to 26065
Skipped Seq from 26066 to 26068
Skipped Seq from 26070 to 26072
Skipped Seq from 26072 to 26074
Skipped Seq from 26075 to 26077
Skipped Seq from 26077 to 26079
Skipped Seq from 26080 to 26082
Skipped Seq from 26105 to 26108
Skipped Seq from 26109 to 26111
Skipped Seq from 26111 to 26113
Skipped Seq from 26116 to 26118
Skipped Seq from 26118 to 26121
Skipped Seq from 26126 to 26130
Skipped Seq from 26130 to 26134
Skipped Seq from 26142 to 26148
Skipped Seq from 26154 to 26157
Skipped Seq from 26158 to 26161
Skipped Seq from 26161 to 26164
Skipped Seq from 26164 to 26166
Skipped Seq from 26167 to 26169
Skipped Seq from 26174 to 26180
Skipped Seq from 26187 to 26189
Skipped Seq from 26189 to 26193
Skipped Seq from 26194 to 26197
Skipped Seq from 26197 to 26199
Skipped Seq from 26199 to 26202
Skipped Seq from 26205 to 26207
Skipped Seq from 26214 to 26216
Skipped Seq from 26216 to 26218
Skipped Seq from 26220 to 26223
Skipped Seq from 26223 to 26225
Skipped Seq from 26225 to 26227
Skipped Seq from 26230 to 26232
Skipped Seq from 26236 to 26238
Skipped Seq from 26240 to 26242
Skipped Seq from 26242 to 26245
Skipped Seq from 26248 to 26250
Skipped Seq from 26253 to 26255
Skipped Seq from 26257 to 26260
Skipped Seq from 26262 to 26266
Skipped Seq from 26268 to 26270
Skipped Seq from 26270 to 26272
Skipped Seq from 26276 to 26278
Skipped Seq from 26278 to 26283
Skipped Seq from 26302 to 26312
Skipped Seq from 26318 to 26321
Skipped Seq from 26327 to 26329
Skipped Seq from 26329 to 26331
Skipped Seq from 26331 to 26333
Skipped Seq from 26335 to 26338
Skipped Seq from 26339 to 26341
Skipped Seq from 26343 to 26346
Skipped Seq from 26347 to 26349
Skipped Seq from 26351 to 26353
Skipped Seq from 26353 to 26358
Skipped Seq from 26358 to 26360
Skipped Seq from 26360 to 26362
Skipped Seq from 26362 to 26365
Skipped Seq from 26370 to 26372
Skipped Seq from 26376 to 26378
Skipped Seq from 26378 to 26380
Skipped Seq from 26382 to 26384
Skipped Seq from 26384 to 26386
Skipped Seq from 26387 to 26389
Skipped Seq from 26392 to 26395
Skipped Seq from 26408 to 26411
Skipped Seq from 26414 to 26416
Skipped Seq from 26416 to 26418
Skipped Seq from 26418 to 26420
Skipped Seq from 26431 to 26433
Skipped Seq from 26441 to 26445
Skipped Seq from 26447 to 26449
Skipped Seq from 26450 to 26455
Skipped Seq from 26455 to 26457
Skipped Seq from 26459 to 26461
Skipped Seq from 26463 to 26465
Skipped Seq from 26465 to 26467
Skipped Seq from 26469 to 26473
Skipped Seq from 26474 to 26478
Skipped Seq from 26480 to 26482
Skipped Seq from 26483 to 26485
Skipped Seq from 26486 to 26488
Skipped Seq from 26488 to 26495
Skipped Seq from 26498 to 26500
Skipped Seq from 26504 to 26507
Skipped Seq from 26507 to 26509
Skipped Seq from 26509 to 26513
Skipped Seq from 26518 to 26520
Skipped Seq from 26521 to 26523
Skipped Seq from 26523 to 26525
Skipped Seq from 26525 to 26530
Skipped Seq from 26531 to 26534
Skipped Seq from 26537 to 26539
Skipped Seq from 26543 to 26548
Skipped Seq from 26553 to 26555
Skipped Seq from 26560 to 26562
Skipped Seq from 26562 to 26568
Skipped Seq from 26570 to 26572
Skipped Seq from 26574 to 26578
Skipped Seq from 26583 to 26586
Skipped Seq from 26587 to 26589
Skipped Seq from 26594 to 26599
Skipped Seq from 26599 to 26601
Skipped Seq from 26601 to 26603
Skipped Seq from 26604 to 26606
Skipped Seq from 26606 to 26608
Skipped Seq from 26611 to 26613
Skipped Seq from 26614 to 26617
Skipped Seq from 26618 to 26621
Skipped Seq from 26623 to 26625
Skipped Seq from 26625 to 26629
Skipped Seq from 26629 to 26631
Skipped Seq from 26631 to 26633
Skipped Seq from 26633 to 26637
Skipped Seq from 26637 to 26639
Skipped Seq from 26642 to 26644
Skipped Seq from 26647 to 26649
Skipped Seq from 26649 to 26652
Skipped Seq from 26652 to 26655
Skipped Seq from 26660 to 26664
Skipped Seq from 26665 to 26668
Skipped Seq from 26668 to 26670
Skipped Seq from 26671 to 26673
Skipped Seq from 26677 to 26682
Skipped Seq from 26682 to 26684
Skipped Seq from 26684 to 26687
Skipped Seq from 26687 to 26689
Skipped Seq from 26689 to 26694
Skipped Seq from 26701 to 26704
Skipped Seq from 26704 to 26706
Skipped Seq from 26706 to 26710
Skipped Seq from 26710 to 26712
Skipped Seq from 26719 to 26721
Skipped Seq from 26722 to 26724
Skipped Seq from 26726 to 26728
Skipped Seq from 26729 to 26731
Skipped Seq from 26733 to 26735
Skipped Seq from 26747 to 26749
Skipped Seq from 26758 to 26760
Skipped Seq from 26761 to 26763
Skipped Seq from 26765 to 26767
Skipped Seq from 26767 to 26769
Skipped Seq from 26770 to 26773
Skipped Seq from 26789 to 26791
Skipped Seq from 26793 to 26795
Skipped Seq from 26806 to 26808
Skipped Seq from 26808 to 26810
Skipped Seq from 26816 to 26818
Skipped Seq from 26818 to 26820
Skipped Seq from 26824 to 26826
Skipped Seq from 26826 to 26828
Number of times throttled: 18
Received: 24652 / 27580 packets
Start time: 1332839856.861201
End time: 1332839942.763133
Duration: 85.901932
