Starting client at 10.0.0.23:1264 with timeout:10
My IP address is 10.0.0.23Skipped Seq from 389 to 392
Skipped Seq from 396 to 398
Skipped Seq from 398 to 400
Skipped Seq from 400 to 405
Skipped Seq from 410 to 413
Skipped Seq from 413 to 415
Skipped Seq from 416 to 418
Skipped Seq from 418 to 420
Skipped Seq from 420 to 423
Skipped Seq from 423 to 428
Skipped Seq from 428 to 431
Skipped Seq from 431 to 434
Skipped Seq from 435 to 437
Skipped Seq from 437 to 442
Skipped Seq from 445 to 448
Skipped Seq from 449 to 451
Skipped Seq from 451 to 453
Skipped Seq from 453 to 457
Skipped Seq from 458 to 460
Skipped Seq from 461 to 463
Skipped Seq from 463 to 467
Skipped Seq from 469 to 472
Skipped Seq from 472 to 474
Skipped Seq from 474 to 482
Skipped Seq from 482 to 484
Skipped Seq from 485 to 491
Skipped Seq from 493 to 495
Skipped Seq from 495 to 498
Skipped Seq from 500 to 507
Skipped Seq from 508 to 510
Skipped Seq from 510 to 512
Skipped Seq from 514 to 518
Skipped Seq from 519 to 521
Skipped Seq from 522 to 524
Skipped Seq from 526 to 529
Skipped Seq from 529 to 533
Skipped Seq from 533 to 535
Skipped Seq from 536 to 538
Skipped Seq from 541 to 543
Skipped Seq from 543 to 547
Skipped Seq from 549 to 555
Skipped Seq from 555 to 557
Skipped Seq from 557 to 560
Skipped Seq from 560 to 562
Skipped Seq from 562 to 565
Skipped Seq from 567 to 569
Skipped Seq from 573 to 577
Skipped Seq from 577 to 579
Skipped Seq from 580 to 582
Skipped Seq from 584 to 586
Skipped Seq from 586 to 588
Skipped Seq from 588 to 596
Skipped Seq from 596 to 598
Skipped Seq from 600 to 603
Skipped Seq from 603 to 611
Skipped Seq from 611 to 618
Skipped Seq from 618 to 622
Skipped Seq from 622 to 626
Skipped Seq from 628 to 630
Skipped Seq from 630 to 632
Skipped Seq from 632 to 634
Skipped Seq from 634 to 636
Skipped Seq from 636 to 638
Skipped Seq from 638 to 641
Skipped Seq from 648 to 651
Skipped Seq from 651 to 666
Skipped Seq from 667 to 669
Skipped Seq from 669 to 675
Skipped Seq from 676 to 681
Skipped Seq from 683 to 685
Skipped Seq from 685 to 688
Skipped Seq from 688 to 691
Skipped Seq from 692 to 694
Skipped Seq from 695 to 697
Skipped Seq from 697 to 700
Skipped Seq from 700 to 702
Skipped Seq from 702 to 708
Skipped Seq from 709 to 711
Skipped Seq from 711 to 713
Skipped Seq from 713 to 723
Skipped Seq from 723 to 731
Skipped Seq from 731 to 734
Skipped Seq from 735 to 749
Skipped Seq from 749 to 752
Skipped Seq from 752 to 756
Skipped Seq from 756 to 767
Skipped Seq from 767 to 774
Skipped Seq from 774 to 781
Skipped Seq from 783 to 785
Skipped Seq from 785 to 788
Skipped Seq from 789 to 791
Skipped Seq from 792 to 799
Skipped Seq from 801 to 803
Skipped Seq from 803 to 810
Skipped Seq from 810 to 814
Skipped Seq from 815 to 821
Skipped Seq from 821 to 823
Skipped Seq from 824 to 826
Skipped Seq from 827 to 842
Skipped Seq from 842 to 845
Skipped Seq from 845 to 849
Skipped Seq from 849 to 855
Skipped Seq from 855 to 857
Skipped Seq from 858 to 871
Skipped Seq from 872 to 874
Skipped Seq from 874 to 881
Skipped Seq from 881 to 891
Skipped Seq from 891 to 901
Skipped Seq from 901 to 906
Skipped Seq from 906 to 908
Skipped Seq from 908 to 913
Skipped Seq from 913 to 923
Skipped Seq from 923 to 926
Skipped Seq from 926 to 928
Skipped Seq from 928 to 930
Skipped Seq from 930 to 936
Skipped Seq from 941 to 944
Skipped Seq from 947 to 949
Skipped Seq from 949 to 955
Skipped Seq from 955 to 958
Skipped Seq from 958 to 968
Skipped Seq from 968 to 973
Skipped Seq from 973 to 976
Skipped Seq from 978 to 981
Skipped Seq from 981 to 987
Skipped Seq from 992 to 996
Skipped Seq from 996 to 1000
Skipped Seq from 1000 to 1002
Skipped Seq from 1005 to 1010
Skipped Seq from 1010 to 1021
Skipped Seq from 1021 to 1023
Skipped Seq from 1025 to 1037
Skipped Seq from 1037 to 1039
Skipped Seq from 1040 to 1050
Skipped Seq from 1052 to 1061
Skipped Seq from 1061 to 1064
Skipped Seq from 1064 to 1067
Skipped Seq from 1068 to 1072
Skipped Seq from 1072 to 1076
Skipped Seq from 1076 to 1089
Skipped Seq from 1089 to 1095
Skipped Seq from 1095 to 1098
Skipped Seq from 1100 to 1110
Skipped Seq from 1110 to 1116
Skipped Seq from 1116 to 1121
Skipped Seq from 1121 to 1130
Skipped Seq from 1131 to 1135
Skipped Seq from 1138 to 1140
Skipped Seq from 1142 to 1145
Skipped Seq from 1146 to 1151
Skipped Seq from 1152 to 1156
Skipped Seq from 1156 to 1166
Skipped Seq from 1166 to 1190
Skipped Seq from 1190 to 1218
Skipped Seq from 1218 to 1223
Skipped Seq from 1223 to 1229
Skipped Seq from 1229 to 1249
Skipped Seq from 1249 to 1291
Skipped Seq from 1291 to 1302
Skipped Seq from 1302 to 1308
Skipped Seq from 1308 to 1312
Skipped Seq from 1312 to 1319
Skipped Seq from 1320 to 1322
Skipped Seq from 1322 to 1325
Skipped Seq from 1325 to 1328
Skipped Seq from 1328 to 1341
Skipped Seq from 1341 to 1347
Skipped Seq from 1347 to 1355
Skipped Seq from 1355 to 1364
Skipped Seq from 1364 to 1366
Skipped Seq from 1366 to 1372
Skipped Seq from 1372 to 1382
Skipped Seq from 1384 to 1404
Skipped Seq from 1404 to 1411
Skipped Seq from 1411 to 1416
Skipped Seq from 1416 to 1423
Skipped Seq from 1423 to 1442
Skipped Seq from 1442 to 1449
Skipped Seq from 1451 to 1467
Skipped Seq from 1468 to 1471
Skipped Seq from 1472 to 1487
Skipped Seq from 1487 to 1489
Skipped Seq from 1489 to 1492
Skipped Seq from 1494 to 1500
Skipped Seq from 1500 to 1502
Skipped Seq from 1502 to 1513
Skipped Seq from 1515 to 1522
Skipped Seq from 1522 to 1526
Skipped Seq from 1527 to 1529
Skipped Seq from 1529 to 1533
Skipped Seq from 1533 to 1537
Skipped Seq from 1537 to 1543
Skipped Seq from 1543 to 1553
Skipped Seq from 1553 to 1556
Skipped Seq from 1556 to 1564
Skipped Seq from 1564 to 1589
Skipped Seq from 1589 to 1598
Skipped Seq from 1598 to 1600
Skipped Seq from 1601 to 1603
Skipped Seq from 1605 to 1609
Skipped Seq from 1609 to 1624
Skipped Seq from 1624 to 1627
Skipped Seq from 1627 to 1644
Skipped Seq from 1648 to 1650
Skipped Seq from 1651 to 1654
Skipped Seq from 1654 to 1658
Skipped Seq from 1658 to 1671
Skipped Seq from 1672 to 1690
Skipped Seq from 1690 to 1695
Skipped Seq from 1695 to 1697
Skipped Seq from 1699 to 1703
Skipped Seq from 1704 to 1706
Skipped Seq from 1706 to 1709
Skipped Seq from 1711 to 1715
Skipped Seq from 1715 to 1718
Skipped Seq from 1718 to 1722
Skipped Seq from 1722 to 1731
Skipped Seq from 1731 to 1733
Skipped Seq from 1735 to 1737
Skipped Seq from 1737 to 1739
Skipped Seq from 1740 to 1743
Skipped Seq from 1743 to 1745
Skipped Seq from 1745 to 1747
Skipped Seq from 1747 to 1751
Skipped Seq from 1751 to 1760
Skipped Seq from 1760 to 1766
Skipped Seq from 1766 to 1772
Skipped Seq from 1773 to 1792
Skipped Seq from 1792 to 1799
Skipped Seq from 1799 to 1804
Skipped Seq from 1804 to 1811
Skipped Seq from 1811 to 1816
Skipped Seq from 1816 to 1818
Skipped Seq from 1818 to 1821
Skipped Seq from 1821 to 1828
Skipped Seq from 1829 to 1850
Skipped Seq from 1850 to 1853
Skipped Seq from 1853 to 1855
Skipped Seq from 1857 to 1863
Skipped Seq from 1864 to 1866
Skipped Seq from 1866 to 1870
Skipped Seq from 1870 to 1882
Skipped Seq from 1882 to 1886
Skipped Seq from 1886 to 1895
Skipped Seq from 1895 to 1900
Skipped Seq from 1900 to 1904
Skipped Seq from 1904 to 1906
Skipped Seq from 1907 to 1909
Skipped Seq from 1909 to 1913
Skipped Seq from 1914 to 1917
Skipped Seq from 1917 to 1920
Skipped Seq from 1921 to 1923
Skipped Seq from 1923 to 1929
Skipped Seq from 1929 to 1933
Skipped Seq from 1933 to 1935
Skipped Seq from 1935 to 1937
Skipped Seq from 1937 to 1940
Skipped Seq from 1940 to 1943
Skipped Seq from 1943 to 1946
Skipped Seq from 1946 to 1949
Skipped Seq from 1950 to 1952
Skipped Seq from 1954 to 1961
Skipped Seq from 1962 to 1966
Skipped Seq from 1967 to 1969
Skipped Seq from 1969 to 1972
Skipped Seq from 1972 to 1974
Skipped Seq from 1974 to 2000
Skipped Seq from 2001 to 2007
Skipped Seq from 2008 to 2013
Skipped Seq from 2013 to 2022
Skipped Seq from 2022 to 2028
Skipped Seq from 2028 to 2030
Skipped Seq from 2030 to 2034
Skipped Seq from 2034 to 2037
Skipped Seq from 2037 to 2047
Skipped Seq from 2047 to 2051
Skipped Seq from 2051 to 2053
Skipped Seq from 2053 to 2057
Skipped Seq from 2057 to 2060
Skipped Seq from 2060 to 2068
Skipped Seq from 2068 to 2072
Skipped Seq from 2072 to 2094
Skipped Seq from 2094 to 2096
Skipped Seq from 2096 to 2099
Skipped Seq from 2099 to 2101
Skipped Seq from 2104 to 2126
Skipped Seq from 2126 to 2131
Skipped Seq from 2131 to 2136
Skipped Seq from 2136 to 2139
Skipped Seq from 2140 to 2142
Skipped Seq from 2142 to 2147
Skipped Seq from 2147 to 2149
Skipped Seq from 2149 to 2157
Skipped Seq from 2157 to 2160
Skipped Seq from 2160 to 2162
Skipped Seq from 2162 to 2166
Skipped Seq from 2166 to 2168
Skipped Seq from 2168 to 2170
Skipped Seq from 2171 to 2183
Skipped Seq from 2183 to 2194
Skipped Seq from 2194 to 2200
Skipped Seq from 2200 to 2207
Skipped Seq from 2207 to 2218
Skipped Seq from 2219 to 2225
Skipped Seq from 2225 to 2227
Skipped Seq from 2233 to 2235
Skipped Seq from 2235 to 2238
Skipped Seq from 2242 to 2244
Skipped Seq from 2246 to 2251
Skipped Seq from 2254 to 2256
Skipped Seq from 2257 to 2260
Skipped Seq from 2263 to 2265
Skipped Seq from 2266 to 2270
Skipped Seq from 2270 to 2273
Skipped Seq from 2274 to 2282
Skipped Seq from 2282 to 2287
Skipped Seq from 2290 to 2292
Skipped Seq from 2293 to 2297
Skipped Seq from 2298 to 2308
Skipped Seq from 2312 to 2316
Skipped Seq from 2317 to 2324
Skipped Seq from 2324 to 2327
Skipped Seq from 2330 to 2334
Skipped Seq from 2336 to 2340
Skipped Seq from 2341 to 2344
Skipped Seq from 2345 to 2350
Skipped Seq from 2351 to 2353
Skipped Seq from 2354 to 2357
Skipped Seq from 2358 to 2362
Skipped Seq from 2363 to 2368
Skipped Seq from 2369 to 2375
Skipped Seq from 2375 to 2379
Skipped Seq from 2379 to 2384
Skipped Seq from 2390 to 2392
Skipped Seq from 2396 to 2398
Skipped Seq from 2398 to 2403
Skipped Seq from 2403 to 2405
Skipped Seq from 2406 to 2410
Skipped Seq from 2413 to 2416
Skipped Seq from 2416 to 2418
Skipped Seq from 2418 to 2422
Skipped Seq from 2422 to 2424
Skipped Seq from 2424 to 2427
Skipped Seq from 2427 to 2429
Skipped Seq from 2434 to 2439
Skipped Seq from 2441 to 2444
Skipped Seq from 2445 to 2448
Skipped Seq from 2448 to 2450
Skipped Seq from 2450 to 2452
Skipped Seq from 2452 to 2454
Skipped Seq from 2454 to 2456
Skipped Seq from 2458 to 2461
Skipped Seq from 2461 to 2463
Skipped Seq from 2464 to 2467
Skipped Seq from 2468 to 2473
Skipped Seq from 2474 to 2479
Skipped Seq from 2480 to 2490
Skipped Seq from 2491 to 2496
Skipped Seq from 2496 to 2503
Skipped Seq from 2506 to 2508
Skipped Seq from 2508 to 2513
Skipped Seq from 2515 to 2526
Skipped Seq from 2526 to 2529
Skipped Seq from 2529 to 2532
Skipped Seq from 2532 to 2535
Skipped Seq from 2535 to 2537
Skipped Seq from 2537 to 2539
Skipped Seq from 2539 to 2541
Skipped Seq from 2541 to 2545
Skipped Seq from 2546 to 2548
Skipped Seq from 2548 to 2551
Skipped Seq from 2551 to 2556
Skipped Seq from 2557 to 2560
Skipped Seq from 2561 to 2563
Skipped Seq from 2564 to 2567
Skipped Seq from 2573 to 2578
Skipped Seq from 2580 to 2584
Skipped Seq from 2584 to 2586
Skipped Seq from 2587 to 2589
Skipped Seq from 2591 to 2593
Skipped Seq from 2596 to 2598
Skipped Seq from 2598 to 2600
Skipped Seq from 2600 to 2602
Skipped Seq from 2605 to 2608
Skipped Seq from 2608 to 2610
Skipped Seq from 2611 to 2613
Skipped Seq from 2613 to 2617
Skipped Seq from 2621 to 2623
Skipped Seq from 2627 to 2630
Skipped Seq from 2632 to 2634
Skipped Seq from 2642 to 2644
Skipped Seq from 2644 to 2646
Skipped Seq from 2646 to 2649
Skipped Seq from 2653 to 2655
Skipped Seq from 2657 to 2659
Skipped Seq from 2662 to 2664
Skipped Seq from 2667 to 2669
Skipped Seq from 2669 to 2672
Skipped Seq from 2673 to 2676
Skipped Seq from 2683 to 2685
Skipped Seq from 2689 to 2691
Skipped Seq from 2693 to 2696
Skipped Seq from 2697 to 2699
Skipped Seq from 2703 to 2707
Skipped Seq from 2711 to 2714
Skipped Seq from 2717 to 2719
Skipped Seq from 2720 to 2722
Skipped Seq from 2722 to 2724
Skipped Seq from 2728 to 2732
Skipped Seq from 2741 to 2743
Skipped Seq from 2746 to 2748
Skipped Seq from 2775 to 2779
Skipped Seq from 2786 to 2788
Skipped Seq from 2789 to 2791
Skipped Seq from 4534 to 4539
Skipped Seq from 4539 to 4541
Skipped Seq from 4541 to 4543
Skipped Seq from 4546 to 4551
Skipped Seq from 4555 to 4557
Skipped Seq from 4558 to 4560
Skipped Seq from 4562 to 4565
Skipped Seq from 4566 to 4568
Skipped Seq from 4568 to 4571
Skipped Seq from 4579 to 4582
Skipped Seq from 4585 to 4591
Skipped Seq from 4592 to 4594
Skipped Seq from 4594 to 4599
Skipped Seq from 4601 to 4604
Skipped Seq from 4609 to 4611
Skipped Seq from 4611 to 4613
Skipped Seq from 4617 to 4622
Skipped Seq from 4622 to 4626
Skipped Seq from 4626 to 4629
Skipped Seq from 4629 to 4631
Skipped Seq from 4633 to 4635
Skipped Seq from 4640 to 4642
Skipped Seq from 4644 to 4646
Skipped Seq from 4650 to 4655
Skipped Seq from 4656 to 4659
Skipped Seq from 4660 to 4663
Skipped Seq from 4663 to 4666
Skipped Seq from 4668 to 4671
Skipped Seq from 4672 to 4677
Skipped Seq from 4677 to 4680
Skipped Seq from 4681 to 4683
Skipped Seq from 4684 to 4686
Skipped Seq from 4687 to 4690
Skipped Seq from 4695 to 4698
Skipped Seq from 4699 to 4702
Skipped Seq from 4708 to 4710
Skipped Seq from 4711 to 4716
Skipped Seq from 4716 to 4721
Skipped Seq from 4726 to 4730
Skipped Seq from 4730 to 4732
Skipped Seq from 4734 to 4738
Skipped Seq from 4738 to 4742
Skipped Seq from 4746 to 4749
Skipped Seq from 4752 to 4754
Skipped Seq from 4754 to 4756
Skipped Seq from 4760 to 4762
Skipped Seq from 4762 to 4768
Skipped Seq from 4770 to 4772
Skipped Seq from 4776 to 4782
Skipped Seq from 4783 to 4786
Skipped Seq from 4787 to 4789
Skipped Seq from 4793 to 4798
Skipped Seq from 4799 to 4801
Skipped Seq from 4802 to 4805
Skipped Seq from 4805 to 4808
Skipped Seq from 4809 to 4812
Skipped Seq from 4812 to 4814
Skipped Seq from 4816 to 4818
Skipped Seq from 4820 to 4823
Skipped Seq from 4823 to 4825
Skipped Seq from 4827 to 4831
Skipped Seq from 4832 to 4834
Skipped Seq from 4835 to 4837
Skipped Seq from 4842 to 4846
Skipped Seq from 4846 to 4848
Skipped Seq from 4860 to 4862
Skipped Seq from 4866 to 4870
Skipped Seq from 4870 to 4872
Skipped Seq from 4872 to 4875
Skipped Seq from 4875 to 4879
Skipped Seq from 4880 to 4884
Skipped Seq from 4884 to 4888
Skipped Seq from 4888 to 4892
Skipped Seq from 4894 to 4896
Skipped Seq from 4897 to 4901
Skipped Seq from 4901 to 4903
Skipped Seq from 4904 to 4907
Skipped Seq from 4913 to 4915
Skipped Seq from 4916 to 4918
Skipped Seq from 4919 to 4922
Skipped Seq from 4922 to 4925
Skipped Seq from 4925 to 4927
Skipped Seq from 4933 to 4935
Skipped Seq from 4936 to 4938
Skipped Seq from 4939 to 4941
Skipped Seq from 4943 to 4945
Skipped Seq from 4946 to 4956
Skipped Seq from 4956 to 4961
Skipped Seq from 4962 to 4965
Skipped Seq from 4967 to 4970
Skipped Seq from 4970 to 4974
Skipped Seq from 4974 to 4977
Skipped Seq from 4977 to 4982
Skipped Seq from 4984 to 4988
Skipped Seq from 4988 to 4990
Skipped Seq from 4991 to 4993
Skipped Seq from 4993 to 4995
Skipped Seq from 4998 to 5001
Skipped Seq from 5002 to 5004
Skipped Seq from 5004 to 5007
Skipped Seq from 5008 to 5012
Skipped Seq from 5013 to 5016
Skipped Seq from 5016 to 5018
Skipped Seq from 5019 to 5021
Skipped Seq from 5021 to 5026
Skipped Seq from 5028 to 5037
Skipped Seq from 5037 to 5040
Skipped Seq from 5040 to 5045
Skipped Seq from 5045 to 5047
Skipped Seq from 5050 to 5056
Skipped Seq from 5056 to 5059
Skipped Seq from 5061 to 5063
Skipped Seq from 5067 to 5070
Skipped Seq from 5070 to 5074
Skipped Seq from 5075 to 5078
Skipped Seq from 5087 to 5092
Skipped Seq from 5092 to 5094
Skipped Seq from 5094 to 5102
Skipped Seq from 5105 to 5108
Skipped Seq from 5108 to 5113
Skipped Seq from 5114 to 5116
Skipped Seq from 5116 to 5118
Skipped Seq from 5118 to 5120
Skipped Seq from 5133 to 5137
Skipped Seq from 5137 to 5144
Skipped Seq from 5144 to 5161
Skipped Seq from 5162 to 5165
Skipped Seq from 5167 to 5169
Skipped Seq from 5172 to 5177
Skipped Seq from 5185 to 5191
Skipped Seq from 5191 to 5196
Skipped Seq from 5198 to 5200
Skipped Seq from 5200 to 5202
Skipped Seq from 5207 to 5209
Skipped Seq from 5210 to 5216
Skipped Seq from 5217 to 5219
Skipped Seq from 5220 to 5230
Skipped Seq from 5230 to 5232
Skipped Seq from 5232 to 5235
Skipped Seq from 5236 to 5238
Skipped Seq from 5244 to 5247
Skipped Seq from 5248 to 5250
Skipped Seq from 5258 to 5260
Skipped Seq from 5264 to 5268
Skipped Seq from 5268 to 5270
Skipped Seq from 5270 to 5272
Skipped Seq from 5273 to 5275
Skipped Seq from 5275 to 5280
Skipped Seq from 5282 to 5286
Skipped Seq from 5286 to 5291
Skipped Seq from 5295 to 5297
Skipped Seq from 5297 to 5301
Skipped Seq from 5305 to 5307
Skipped Seq from 5309 to 5313
Skipped Seq from 5315 to 5317
Skipped Seq from 5317 to 5320
Skipped Seq from 5320 to 5322
Skipped Seq from 5324 to 5328
Skipped Seq from 5328 to 5331
Skipped Seq from 5338 to 5340
Skipped Seq from 5340 to 5343
Skipped Seq from 5346 to 5348
Skipped Seq from 5357 to 5361
Skipped Seq from 5369 to 5371
Skipped Seq from 5372 to 5374
Skipped Seq from 5377 to 5382
Skipped Seq from 5382 to 5384
Skipped Seq from 5385 to 5388
Skipped Seq from 5390 to 5392
Skipped Seq from 5393 to 5396
Skipped Seq from 5399 to 5401
Skipped Seq from 5402 to 5405
Skipped Seq from 5406 to 5409
Skipped Seq from 5409 to 5412
Skipped Seq from 5412 to 5417
Skipped Seq from 5420 to 5422
Skipped Seq from 5423 to 5426
Skipped Seq from 5426 to 5432
Skipped Seq from 5433 to 5435
Skipped Seq from 5436 to 5438
Skipped Seq from 5442 to 5444
Skipped Seq from 5444 to 5446
Skipped Seq from 5449 to 5452
Skipped Seq from 5452 to 5455
Skipped Seq from 5460 to 5462
Skipped Seq from 5464 to 5466
Skipped Seq from 5471 to 5473
Skipped Seq from 5473 to 5475
Skipped Seq from 5480 to 5482
Skipped Seq from 5483 to 5485
Skipped Seq from 5489 to 5492
Skipped Seq from 5494 to 5515
Skipped Seq from 5515 to 5517
Skipped Seq from 5517 to 5523
Skipped Seq from 5523 to 5525
Skipped Seq from 5525 to 5528
Skipped Seq from 5528 to 5530
Skipped Seq from 5533 to 5535
Skipped Seq from 5535 to 5539
Skipped Seq from 5544 to 5546
Skipped Seq from 5546 to 5549
Skipped Seq from 5552 to 5554
Skipped Seq from 5555 to 5559
Skipped Seq from 5567 to 5570
Skipped Seq from 5570 to 5574
Skipped Seq from 5574 to 5576
Skipped Seq from 5577 to 5579
Skipped Seq from 5579 to 5581
Skipped Seq from 5581 to 5583
Skipped Seq from 5584 to 5587
Skipped Seq from 5590 to 5592
Skipped Seq from 5593 to 5595
Skipped Seq from 5596 to 5598
Skipped Seq from 5598 to 5608
Skipped Seq from 5609 to 5615
Skipped Seq from 5615 to 5618
Skipped Seq from 5618 to 5622
Skipped Seq from 5626 to 5628
Skipped Seq from 5628 to 5632
Skipped Seq from 5632 to 5637
Skipped Seq from 5637 to 5639
Skipped Seq from 5640 to 5644
Skipped Seq from 5644 to 5647
Skipped Seq from 5649 to 5654
Skipped Seq from 5657 to 5659
Skipped Seq from 5662 to 5665
Skipped Seq from 5671 to 5677
Skipped Seq from 5681 to 5684
Skipped Seq from 5684 to 5688
Skipped Seq from 5688 to 5694
Skipped Seq from 5694 to 5698
Skipped Seq from 5698 to 5703
Skipped Seq from 5703 to 5705
Skipped Seq from 5705 to 5708
Skipped Seq from 5711 to 5713
Skipped Seq from 5715 to 5722
Skipped Seq from 5726 to 5728
Skipped Seq from 5730 to 5732
Skipped Seq from 5732 to 5734
Skipped Seq from 5734 to 5737
Skipped Seq from 5739 to 5743
Skipped Seq from 5744 to 5746
Skipped Seq from 5751 to 5756
Skipped Seq from 5757 to 5764
Skipped Seq from 5765 to 5771
Skipped Seq from 5771 to 5773
Skipped Seq from 5774 to 5776
Skipped Seq from 5776 to 5778
Skipped Seq from 5779 to 5782
Skipped Seq from 5785 to 5787
Skipped Seq from 5787 to 5789
Skipped Seq from 5790 to 5792
Skipped Seq from 5793 to 5795
Skipped Seq from 5798 to 5801
Skipped Seq from 5801 to 5806
Skipped Seq from 5807 to 5810
Skipped Seq from 5811 to 5813
Skipped Seq from 5813 to 5815
Skipped Seq from 5816 to 5819
Skipped Seq from 5821 to 5826
Skipped Seq from 5838 to 5840
Skipped Seq from 5840 to 5843
Skipped Seq from 5844 to 5847
Skipped Seq from 5872 to 5876
Skipped Seq from 5879 to 5883
Skipped Seq from 5886 to 5889
Skipped Seq from 5946 to 5948
Skipped Seq from 5960 to 5962
Skipped Seq from 5962 to 5965
Skipped Seq from 5978 to 5980
Skipped Seq from 6023 to 6026
Number of times throttled: 10
Received: 5556 / 7799 packets
Start time: 1332839752.479094
End time: 1332839783.437793
Duration: 30.958699
