Starting client at 10.0.0.12:1280 with timeout:10
My IP address is 10.0.0.12Skipped Seq from 1 to 3
Skipped Seq from 3 to 7
Skipped Seq from 7 to 18
Skipped Seq from 18 to 21
Skipped Seq from 21 to 44
Skipped Seq from 44 to 46
Skipped Seq from 46 to 55
Skipped Seq from 56 to 82
Skipped Seq from 82 to 91
Skipped Seq from 91 to 113
Skipped Seq from 113 to 115
Skipped Seq from 116 to 120
Skipped Seq from 122 to 124
Skipped Seq from 125 to 127
Skipped Seq from 127 to 129
Skipped Seq from 130 to 137
Skipped Seq from 137 to 139
Skipped Seq from 139 to 145
Skipped Seq from 145 to 154
Skipped Seq from 154 to 156
Skipped Seq from 156 to 158
Skipped Seq from 158 to 161
Skipped Seq from 163 to 167
Skipped Seq from 173 to 175
Skipped Seq from 184 to 186
Skipped Seq from 186 to 188
Skipped Seq from 195 to 201
Skipped Seq from 201 to 207
Skipped Seq from 208 to 210
Skipped Seq from 210 to 212
Skipped Seq from 212 to 221
Skipped Seq from 221 to 224
Skipped Seq from 224 to 226
Skipped Seq from 226 to 229
Skipped Seq from 229 to 231
Skipped Seq from 232 to 235
Skipped Seq from 235 to 242
Skipped Seq from 242 to 244
Skipped Seq from 244 to 249
Skipped Seq from 249 to 251
Skipped Seq from 251 to 256
Skipped Seq from 256 to 259
Skipped Seq from 259 to 262
Skipped Seq from 262 to 265
Skipped Seq from 265 to 267
Skipped Seq from 267 to 271
Skipped Seq from 271 to 277
Skipped Seq from 277 to 283
Skipped Seq from 288 to 291
Skipped Seq from 291 to 295
Skipped Seq from 296 to 300
Skipped Seq from 300 to 302
Skipped Seq from 303 to 310
Skipped Seq from 310 to 316
Skipped Seq from 318 to 326
Skipped Seq from 326 to 328
Skipped Seq from 328 to 331
Skipped Seq from 331 to 335
Skipped Seq from 335 to 337
Skipped Seq from 337 to 340
Skipped Seq from 340 to 344
Skipped Seq from 344 to 346
Skipped Seq from 348 to 350
Skipped Seq from 351 to 357
Skipped Seq from 361 to 367
Skipped Seq from 367 to 370
Skipped Seq from 370 to 375
Skipped Seq from 376 to 383
Skipped Seq from 383 to 385
Skipped Seq from 387 to 391
Skipped Seq from 392 to 397
Skipped Seq from 398 to 403
Skipped Seq from 404 to 406
Skipped Seq from 406 to 408
Skipped Seq from 408 to 414
Skipped Seq from 414 to 417
Skipped Seq from 417 to 419
Skipped Seq from 421 to 425
Skipped Seq from 426 to 428
Skipped Seq from 429 to 431
Skipped Seq from 431 to 433
Skipped Seq from 433 to 436
Skipped Seq from 436 to 439
Skipped Seq from 440 to 442
Skipped Seq from 447 to 451
Skipped Seq from 451 to 453
Skipped Seq from 454 to 459
Skipped Seq from 459 to 462
Skipped Seq from 462 to 466
Skipped Seq from 466 to 470
Skipped Seq from 472 to 475
Skipped Seq from 477 to 482
Skipped Seq from 482 to 484
Skipped Seq from 484 to 487
Skipped Seq from 488 to 499
Skipped Seq from 499 to 506
Skipped Seq from 508 to 512
Skipped Seq from 512 to 514
Skipped Seq from 514 to 516
Skipped Seq from 526 to 531
Skipped Seq from 531 to 534
Skipped Seq from 534 to 537
Skipped Seq from 541 to 546
Skipped Seq from 547 to 549
Skipped Seq from 549 to 551
Skipped Seq from 551 to 555
Skipped Seq from 556 to 558
Skipped Seq from 558 to 562
Skipped Seq from 563 to 565
Skipped Seq from 566 to 569
Skipped Seq from 569 to 572
Skipped Seq from 573 to 575
Skipped Seq from 581 to 583
Skipped Seq from 583 to 585
Skipped Seq from 585 to 587
Skipped Seq from 589 to 593
Skipped Seq from 597 to 599
Skipped Seq from 599 to 602
Skipped Seq from 603 to 606
Skipped Seq from 607 to 614
Skipped Seq from 614 to 616
Skipped Seq from 624 to 627
Skipped Seq from 636 to 639
Skipped Seq from 639 to 641
Skipped Seq from 642 to 645
Skipped Seq from 648 to 650
Skipped Seq from 650 to 654
Skipped Seq from 657 to 659
Skipped Seq from 659 to 662
Skipped Seq from 662 to 665
Skipped Seq from 667 to 672
Skipped Seq from 672 to 677
Skipped Seq from 677 to 679
Skipped Seq from 680 to 683
Skipped Seq from 683 to 696
Skipped Seq from 697 to 699
Skipped Seq from 699 to 704
Skipped Seq from 704 to 710
Skipped Seq from 710 to 713
Skipped Seq from 713 to 715
Skipped Seq from 715 to 718
Skipped Seq from 718 to 724
Skipped Seq from 724 to 727
Skipped Seq from 727 to 738
Skipped Seq from 738 to 741
Skipped Seq from 742 to 744
Skipped Seq from 746 to 750
Skipped Seq from 751 to 755
Skipped Seq from 756 to 759
Skipped Seq from 761 to 763
Skipped Seq from 766 to 768
Skipped Seq from 768 to 770
Skipped Seq from 771 to 776
Skipped Seq from 777 to 782
Skipped Seq from 782 to 785
Skipped Seq from 785 to 789
Skipped Seq from 789 to 792
Skipped Seq from 794 to 801
Skipped Seq from 801 to 816
Skipped Seq from 820 to 827
Skipped Seq from 827 to 832
Skipped Seq from 833 to 835
Skipped Seq from 835 to 839
Skipped Seq from 841 to 848
Skipped Seq from 850 to 855
Skipped Seq from 855 to 865
Skipped Seq from 865 to 877
Skipped Seq from 878 to 881
Skipped Seq from 881 to 883
Skipped Seq from 883 to 886
Skipped Seq from 887 to 892
Skipped Seq from 893 to 898
Skipped Seq from 901 to 905
Skipped Seq from 905 to 908
Skipped Seq from 908 to 910
Skipped Seq from 911 to 913
Skipped Seq from 913 to 915
Skipped Seq from 915 to 919
Skipped Seq from 920 to 924
Skipped Seq from 924 to 926
Skipped Seq from 926 to 941
Skipped Seq from 943 to 945
Skipped Seq from 945 to 948
Skipped Seq from 948 to 950
Skipped Seq from 950 to 952
Skipped Seq from 952 to 955
Skipped Seq from 956 to 960
Skipped Seq from 960 to 962
Skipped Seq from 963 to 965
Skipped Seq from 966 to 973
Skipped Seq from 973 to 978
Skipped Seq from 979 to 982
Skipped Seq from 982 to 985
Skipped Seq from 986 to 988
Skipped Seq from 993 to 996
Skipped Seq from 996 to 998
Skipped Seq from 999 to 1003
Skipped Seq from 1004 to 1006
Skipped Seq from 1010 to 1012
Skipped Seq from 1013 to 1015
Skipped Seq from 1018 to 1028
Skipped Seq from 1028 to 1032
Skipped Seq from 1032 to 1036
Skipped Seq from 1037 to 1040
Skipped Seq from 1041 to 1045
Skipped Seq from 1045 to 1048
Skipped Seq from 1048 to 1050
Skipped Seq from 1050 to 1054
Skipped Seq from 1054 to 1060
Skipped Seq from 1063 to 1069
Skipped Seq from 1069 to 1071
Skipped Seq from 1076 to 1079
Skipped Seq from 1080 to 1086
Skipped Seq from 1086 to 1088
Skipped Seq from 1088 to 1090
Skipped Seq from 1092 to 1102
Skipped Seq from 1102 to 1106
Skipped Seq from 1106 to 1108
Skipped Seq from 1108 to 1110
Skipped Seq from 1113 to 1115
Skipped Seq from 1115 to 1121
Skipped Seq from 1121 to 1124
Skipped Seq from 1127 to 1131
Skipped Seq from 1131 to 1135
Skipped Seq from 1138 to 1141
Skipped Seq from 1141 to 1144
Skipped Seq from 1146 to 1149
Skipped Seq from 1149 to 1156
Skipped Seq from 1157 to 1159
Skipped Seq from 1160 to 1162
Skipped Seq from 1163 to 1165
Skipped Seq from 1167 to 1171
Skipped Seq from 1171 to 1173
Skipped Seq from 1173 to 1175
Skipped Seq from 1177 to 1179
Skipped Seq from 1180 to 1182
Skipped Seq from 1183 to 1185
Skipped Seq from 1190 to 1196
Skipped Seq from 1197 to 1199
Skipped Seq from 1204 to 1207
Skipped Seq from 1207 to 1212
Skipped Seq from 1213 to 1215
Skipped Seq from 1216 to 1218
Skipped Seq from 1222 to 1225
Skipped Seq from 1225 to 1238
Skipped Seq from 1240 to 1250
Skipped Seq from 1251 to 1253
Skipped Seq from 1253 to 1258
Skipped Seq from 1259 to 1261
Skipped Seq from 1261 to 1264
Skipped Seq from 1264 to 1267
Skipped Seq from 1267 to 1269
Skipped Seq from 1270 to 1272
Skipped Seq from 1273 to 1275
Skipped Seq from 1276 to 1282
Skipped Seq from 1282 to 1285
Skipped Seq from 1285 to 1287
Skipped Seq from 1287 to 1290
Skipped Seq from 1291 to 1295
Skipped Seq from 1295 to 1299
Skipped Seq from 1299 to 1305
Skipped Seq from 1305 to 1307
Skipped Seq from 1307 to 1309
Skipped Seq from 1309 to 1316
Skipped Seq from 1319 to 1323
Skipped Seq from 1323 to 1329
Skipped Seq from 1331 to 1335
Skipped Seq from 1336 to 1339
Skipped Seq from 1339 to 1344
Skipped Seq from 1344 to 1348
Skipped Seq from 1348 to 1356
Skipped Seq from 1356 to 1362
Skipped Seq from 1362 to 1374
Skipped Seq from 1375 to 1378
Skipped Seq from 1378 to 1383
Skipped Seq from 1385 to 1392
Skipped Seq from 1394 to 1396
Skipped Seq from 1396 to 1400
Skipped Seq from 1400 to 1402
Skipped Seq from 1402 to 1404
Skipped Seq from 1404 to 1406
Skipped Seq from 1406 to 1412
Skipped Seq from 1412 to 1418
Skipped Seq from 1420 to 1423
Skipped Seq from 1427 to 1430
Skipped Seq from 1435 to 1437
Skipped Seq from 1437 to 1442
Skipped Seq from 1442 to 1458
Skipped Seq from 1460 to 1462
Skipped Seq from 1470 to 1472
Skipped Seq from 1472 to 1487
Skipped Seq from 1487 to 1489
Skipped Seq from 1495 to 1497
Skipped Seq from 1498 to 1501
Skipped Seq from 1506 to 1509
Skipped Seq from 1509 to 1511
Skipped Seq from 1517 to 1521
Skipped Seq from 1521 to 1535
Skipped Seq from 1536 to 1539
Skipped Seq from 1540 to 1548
Skipped Seq from 1553 to 1556
Skipped Seq from 1557 to 1561
Skipped Seq from 1561 to 1567
Skipped Seq from 1573 to 1579
Skipped Seq from 1584 to 1587
Skipped Seq from 1588 to 1592
Skipped Seq from 1604 to 1610
Skipped Seq from 1614 to 1623
Skipped Seq from 1627 to 1633
Skipped Seq from 1633 to 1640
Skipped Seq from 1640 to 1646
Skipped Seq from 1646 to 1650
Skipped Seq from 1651 to 1658
Skipped Seq from 1660 to 1662
Skipped Seq from 1666 to 1669
Skipped Seq from 1669 to 1673
Skipped Seq from 1673 to 1685
Skipped Seq from 1685 to 1689
Skipped Seq from 1704 to 1708
Skipped Seq from 1709 to 1711
Skipped Seq from 1711 to 1718
Skipped Seq from 1722 to 1728
Skipped Seq from 1728 to 1730
Skipped Seq from 1731 to 1736
Skipped Seq from 1738 to 1741
Skipped Seq from 1744 to 1746
Skipped Seq from 1750 to 1752
Skipped Seq from 1752 to 1754
Skipped Seq from 1759 to 1765
Skipped Seq from 1766 to 1769
Skipped Seq from 1769 to 1780
Skipped Seq from 1781 to 1796
Skipped Seq from 1798 to 1801
Skipped Seq from 1804 to 1806
Skipped Seq from 1806 to 1812
Skipped Seq from 1815 to 1819
Skipped Seq from 1823 to 1830
Skipped Seq from 1830 to 1833
Skipped Seq from 1833 to 1835
Skipped Seq from 1835 to 1838
Skipped Seq from 1839 to 1843
Skipped Seq from 1844 to 1847
Skipped Seq from 1849 to 1852
Skipped Seq from 1852 to 1854
Skipped Seq from 1854 to 1856
Skipped Seq from 1856 to 1858
Skipped Seq from 1862 to 1866
Skipped Seq from 1867 to 1873
Skipped Seq from 1881 to 1885
Skipped Seq from 1888 to 1890
Skipped Seq from 1890 to 1892
Skipped Seq from 1895 to 1897
Skipped Seq from 1897 to 1900
Skipped Seq from 1902 to 1908
Skipped Seq from 1911 to 1916
Skipped Seq from 1916 to 1922
Skipped Seq from 1923 to 1927
Skipped Seq from 1933 to 1935
Skipped Seq from 1937 to 1940
Skipped Seq from 1951 to 1955
Skipped Seq from 1962 to 1965
Skipped Seq from 1988 to 1990
Skipped Seq from 2009 to 2012
Skipped Seq from 2015 to 2017
Skipped Seq from 2061 to 2064
Skipped Seq from 2070 to 2074
Skipped Seq from 2094 to 2098
Skipped Seq from 2111 to 2113
Skipped Seq from 2113 to 2115
Skipped Seq from 2115 to 2118
Skipped Seq from 2123 to 2126
Number of times throttled: 5
Received: 4515 / 5691 packets
Start time: 1332840522.772159
End time: 1332840547.605908
Duration: 24.833749
