Starting client at 10.0.0.15:1240 with timeout:10
My IP address is 10.0.0.15Skipped Seq from 794 to 796
Skipped Seq from 800 to 806
Skipped Seq from 810 to 813
Skipped Seq from 813 to 816
Skipped Seq from 816 to 818
Skipped Seq from 820 to 822
Skipped Seq from 826 to 829
Skipped Seq from 829 to 835
Skipped Seq from 835 to 837
Skipped Seq from 845 to 847
Skipped Seq from 849 to 852
Skipped Seq from 857 to 859
Skipped Seq from 863 to 868
Skipped Seq from 870 to 872
Skipped Seq from 875 to 879
Skipped Seq from 879 to 882
Skipped Seq from 883 to 886
Skipped Seq from 887 to 889
Skipped Seq from 892 to 894
Skipped Seq from 901 to 903
Skipped Seq from 903 to 909
Skipped Seq from 910 to 912
Skipped Seq from 920 to 923
Skipped Seq from 925 to 928
Skipped Seq from 928 to 931
Skipped Seq from 933 to 935
Skipped Seq from 936 to 941
Skipped Seq from 941 to 945
Skipped Seq from 946 to 950
Skipped Seq from 951 to 956
Skipped Seq from 957 to 960
Skipped Seq from 962 to 966
Skipped Seq from 968 to 970
Skipped Seq from 970 to 972
Skipped Seq from 977 to 981
Skipped Seq from 983 to 985
Skipped Seq from 985 to 987
Skipped Seq from 990 to 992
Skipped Seq from 994 to 997
Skipped Seq from 998 to 1001
Skipped Seq from 1004 to 1009
Skipped Seq from 1015 to 1017
Skipped Seq from 1018 to 1020
Skipped Seq from 1025 to 1030
Skipped Seq from 1033 to 1035
Skipped Seq from 1035 to 1039
Skipped Seq from 1044 to 1047
Skipped Seq from 1049 to 1051
Skipped Seq from 1051 to 1053
Skipped Seq from 1054 to 1057
Skipped Seq from 1061 to 1063
Skipped Seq from 1067 to 1069
Skipped Seq from 1069 to 1071
Skipped Seq from 1073 to 1078
Skipped Seq from 1087 to 1089
Skipped Seq from 1092 to 1096
Skipped Seq from 1100 to 1105
Skipped Seq from 1105 to 1108
Skipped Seq from 1109 to 1111
Skipped Seq from 1111 to 1114
Skipped Seq from 1119 to 1125
Skipped Seq from 1126 to 1131
Skipped Seq from 1132 to 1135
Skipped Seq from 1135 to 1137
Skipped Seq from 1139 to 1141
Skipped Seq from 1141 to 1143
Skipped Seq from 1144 to 1146
Skipped Seq from 1150 to 1152
Skipped Seq from 1159 to 1163
Skipped Seq from 1165 to 1167
Skipped Seq from 1170 to 1174
Skipped Seq from 1181 to 1185
Skipped Seq from 1186 to 1188
Skipped Seq from 1189 to 1192
Skipped Seq from 1194 to 1196
Skipped Seq from 1205 to 1210
Skipped Seq from 1212 to 1215
Skipped Seq from 1232 to 1238
Skipped Seq from 1241 to 1245
Skipped Seq from 1245 to 1248
Skipped Seq from 1248 to 1261
Skipped Seq from 1262 to 1267
Skipped Seq from 1267 to 1269
Skipped Seq from 1270 to 1274
Skipped Seq from 1274 to 1277
Skipped Seq from 1278 to 1282
Skipped Seq from 1282 to 1286
Skipped Seq from 1287 to 1289
Skipped Seq from 1291 to 1293
Skipped Seq from 1293 to 1296
Skipped Seq from 1298 to 1300
Skipped Seq from 1302 to 1305
Skipped Seq from 1308 to 1310
Skipped Seq from 1313 to 1315
Skipped Seq from 1315 to 1318
Skipped Seq from 1323 to 1325
Skipped Seq from 1338 to 1340
Skipped Seq from 1340 to 1344
Skipped Seq from 1346 to 1349
Skipped Seq from 1357 to 1360
Skipped Seq from 1363 to 1365
Skipped Seq from 1365 to 1368
Skipped Seq from 1369 to 1371
Skipped Seq from 1373 to 1382
Skipped Seq from 1382 to 1386
Skipped Seq from 1387 to 1390
Skipped Seq from 1391 to 1393
Skipped Seq from 1394 to 1396
Skipped Seq from 1396 to 1398
Skipped Seq from 1399 to 1401
Skipped Seq from 1402 to 1405
Skipped Seq from 1416 to 1421
Skipped Seq from 1422 to 1425
Skipped Seq from 1429 to 1431
Skipped Seq from 1431 to 1433
Skipped Seq from 1434 to 1437
Skipped Seq from 1447 to 1449
Skipped Seq from 1451 to 1453
Skipped Seq from 1455 to 1459
Skipped Seq from 1472 to 1480
Skipped Seq from 1480 to 1484
Skipped Seq from 1491 to 1502
Skipped Seq from 1507 to 1510
Skipped Seq from 1511 to 1514
Skipped Seq from 1514 to 1525
Skipped Seq from 1525 to 1532
Skipped Seq from 1532 to 1537
Skipped Seq from 1539 to 1544
Skipped Seq from 1544 to 1549
Skipped Seq from 1549 to 1552
Skipped Seq from 1555 to 1558
Skipped Seq from 1558 to 1565
Skipped Seq from 1565 to 1570
Skipped Seq from 1578 to 1583
Skipped Seq from 1590 to 1595
Skipped Seq from 1595 to 1598
Skipped Seq from 1600 to 1603
Skipped Seq from 1605 to 1608
Skipped Seq from 1612 to 1614
Skipped Seq from 1619 to 1621
Skipped Seq from 1621 to 1623
Skipped Seq from 1629 to 1631
Skipped Seq from 1636 to 1640
Skipped Seq from 1643 to 1647
Skipped Seq from 1647 to 1649
Skipped Seq from 1652 to 1655
Skipped Seq from 1658 to 1660
Skipped Seq from 1684 to 1689
Skipped Seq from 1697 to 1701
Skipped Seq from 1701 to 1703
Skipped Seq from 1705 to 1707
Skipped Seq from 1707 to 1710
Skipped Seq from 1713 to 1715
Skipped Seq from 1722 to 1725
Skipped Seq from 1726 to 1731
Skipped Seq from 1731 to 1733
Skipped Seq from 1735 to 1739
Skipped Seq from 1740 to 1745
Skipped Seq from 1746 to 1749
Skipped Seq from 1753 to 1759
Skipped Seq from 1766 to 1768
Skipped Seq from 1768 to 1771
Skipped Seq from 1771 to 1774
Skipped Seq from 1779 to 1781
Skipped Seq from 1783 to 1785
Skipped Seq from 1788 to 1792
Skipped Seq from 1796 to 1799
Skipped Seq from 1808 to 1810
Skipped Seq from 1810 to 1813
Skipped Seq from 1816 to 1818
Skipped Seq from 1821 to 1826
Skipped Seq from 1828 to 1833
Skipped Seq from 1834 to 1837
Skipped Seq from 1838 to 1840
Skipped Seq from 1844 to 1850
Skipped Seq from 1852 to 1854
Skipped Seq from 1856 to 1862
Skipped Seq from 1864 to 1866
Skipped Seq from 1953 to 1958
Skipped Seq from 1961 to 1964
Skipped Seq from 1972 to 1980
Skipped Seq from 1983 to 1985
Skipped Seq from 1990 to 1992
Skipped Seq from 2011 to 2016
Number of times throttled: 4
Received: 2574 / 3014 packets
Start time: 1332838818.110727
End time: 1332838836.594746
Duration: 18.484019
