Starting client at 10.0.0.21:1236 with timeout:10
My IP address is 10.0.0.21Skipped Seq from 647 to 654
Skipped Seq from 655 to 662
Skipped Seq from 663 to 667
Skipped Seq from 667 to 671
Skipped Seq from 671 to 673
Skipped Seq from 678 to 683
Skipped Seq from 683 to 687
Skipped Seq from 689 to 693
Skipped Seq from 695 to 699
Skipped Seq from 699 to 702
Skipped Seq from 703 to 705
Skipped Seq from 705 to 707
Skipped Seq from 709 to 717
Skipped Seq from 717 to 722
Skipped Seq from 722 to 731
Skipped Seq from 732 to 736
Skipped Seq from 736 to 738
Skipped Seq from 738 to 741
Skipped Seq from 741 to 743
Skipped Seq from 744 to 746
Skipped Seq from 747 to 749
Skipped Seq from 753 to 760
Skipped Seq from 760 to 766
Skipped Seq from 766 to 768
Skipped Seq from 771 to 776
Skipped Seq from 778 to 780
Skipped Seq from 780 to 783
Skipped Seq from 783 to 786
Skipped Seq from 786 to 789
Skipped Seq from 789 to 791
Skipped Seq from 791 to 793
Skipped Seq from 797 to 800
Skipped Seq from 803 to 805
Skipped Seq from 815 to 818
Skipped Seq from 819 to 823
Skipped Seq from 826 to 833
Skipped Seq from 834 to 836
Skipped Seq from 841 to 843
Skipped Seq from 846 to 848
Skipped Seq from 848 to 850
Skipped Seq from 850 to 853
Skipped Seq from 854 to 860
Skipped Seq from 860 to 862
Skipped Seq from 864 to 866
Skipped Seq from 868 to 870
Skipped Seq from 870 to 880
Skipped Seq from 880 to 882
Skipped Seq from 882 to 884
Skipped Seq from 886 to 888
Skipped Seq from 888 to 890
Skipped Seq from 893 to 895
Skipped Seq from 898 to 901
Skipped Seq from 908 to 910
Skipped Seq from 912 to 914
Skipped Seq from 915 to 917
Skipped Seq from 920 to 922
Skipped Seq from 922 to 924
Skipped Seq from 928 to 930
Skipped Seq from 931 to 939
Skipped Seq from 939 to 944
Skipped Seq from 944 to 949
Skipped Seq from 949 to 958
Skipped Seq from 958 to 964
Skipped Seq from 966 to 973
Skipped Seq from 974 to 978
Skipped Seq from 979 to 981
Skipped Seq from 982 to 986
Skipped Seq from 986 to 993
Skipped Seq from 993 to 1000
Skipped Seq from 1002 to 1013
Skipped Seq from 1013 to 1015
Skipped Seq from 1019 to 1021
Skipped Seq from 1023 to 1027
Skipped Seq from 1027 to 1032
Skipped Seq from 1033 to 1039
Skipped Seq from 1039 to 1041
Skipped Seq from 1042 to 1046
Skipped Seq from 1046 to 1050
Skipped Seq from 1051 to 1057
Skipped Seq from 1057 to 1059
Skipped Seq from 1059 to 1061
Skipped Seq from 1062 to 1065
Skipped Seq from 1067 to 1076
Skipped Seq from 1077 to 1079
Skipped Seq from 1080 to 1083
Skipped Seq from 1084 to 1086
Skipped Seq from 1089 to 1091
Skipped Seq from 1091 to 1094
Skipped Seq from 1094 to 1102
Skipped Seq from 1104 to 1111
Skipped Seq from 1112 to 1114
Skipped Seq from 1114 to 1116
Skipped Seq from 1118 to 1120
Skipped Seq from 1125 to 1132
Skipped Seq from 1133 to 1135
Skipped Seq from 1135 to 1139
Skipped Seq from 1140 to 1143
Skipped Seq from 1143 to 1148
Skipped Seq from 1148 to 1150
Skipped Seq from 1150 to 1153
Skipped Seq from 1158 to 1165
Skipped Seq from 1174 to 1177
Skipped Seq from 1177 to 1182
Skipped Seq from 1184 to 1192
Skipped Seq from 1192 to 1194
Skipped Seq from 1198 to 1201
Skipped Seq from 1204 to 1206
Skipped Seq from 1208 to 1210
Skipped Seq from 1211 to 1214
Skipped Seq from 1214 to 1217
Skipped Seq from 1218 to 1223
Skipped Seq from 1223 to 1227
Skipped Seq from 1227 to 1230
Skipped Seq from 1230 to 1237
Skipped Seq from 1237 to 1241
Skipped Seq from 1243 to 1246
Skipped Seq from 1247 to 1249
Skipped Seq from 1249 to 1251
Skipped Seq from 1252 to 1256
Skipped Seq from 1256 to 1260
Skipped Seq from 1268 to 1270
Skipped Seq from 1274 to 1278
Skipped Seq from 1279 to 1281
Skipped Seq from 1282 to 1284
Skipped Seq from 1284 to 1286
Skipped Seq from 1286 to 1288
Skipped Seq from 1289 to 1297
Skipped Seq from 1297 to 1299
Skipped Seq from 1299 to 1303
Skipped Seq from 1303 to 1305
Skipped Seq from 1305 to 1308
Skipped Seq from 1314 to 1316
Skipped Seq from 1316 to 1319
Skipped Seq from 1319 to 1322
Skipped Seq from 1322 to 1325
Skipped Seq from 1325 to 1328
Skipped Seq from 1328 to 1330
Skipped Seq from 1331 to 1338
Skipped Seq from 1339 to 1341
Skipped Seq from 1344 to 1347
Skipped Seq from 1347 to 1351
Skipped Seq from 1351 to 1354
Skipped Seq from 1354 to 1358
Skipped Seq from 1358 to 1360
Skipped Seq from 1362 to 1365
Skipped Seq from 1365 to 1367
Skipped Seq from 1368 to 1370
Skipped Seq from 1371 to 1378
Skipped Seq from 1378 to 1381
Skipped Seq from 1381 to 1384
Skipped Seq from 1385 to 1388
Skipped Seq from 1388 to 1390
Skipped Seq from 1390 to 1392
Skipped Seq from 1392 to 1394
Skipped Seq from 1398 to 1400
Skipped Seq from 1400 to 1403
Skipped Seq from 1405 to 1407
Skipped Seq from 1408 to 1412
Skipped Seq from 1412 to 1414
Skipped Seq from 1417 to 1423
Skipped Seq from 1423 to 1426
Skipped Seq from 1426 to 1428
Skipped Seq from 1428 to 1432
Skipped Seq from 1432 to 1434
Skipped Seq from 1434 to 1436
Skipped Seq from 1440 to 1442
Skipped Seq from 1442 to 1445
Skipped Seq from 1446 to 1451
Skipped Seq from 1451 to 1453
Skipped Seq from 1454 to 1459
Skipped Seq from 1459 to 1462
Skipped Seq from 1462 to 1464
Skipped Seq from 1466 to 1468
Skipped Seq from 1471 to 1473
Skipped Seq from 1473 to 1476
Skipped Seq from 1477 to 1479
Skipped Seq from 1482 to 1484
Skipped Seq from 1484 to 1487
Skipped Seq from 1488 to 1494
Skipped Seq from 1494 to 1496
Skipped Seq from 1497 to 1500
Skipped Seq from 1500 to 1504
Skipped Seq from 1504 to 1507
Skipped Seq from 1508 to 1510
Skipped Seq from 1512 to 1516
Skipped Seq from 1516 to 1518
Skipped Seq from 1519 to 1525
Skipped Seq from 1526 to 1530
Skipped Seq from 1531 to 1533
Skipped Seq from 1533 to 1535
Skipped Seq from 1539 to 1544
Skipped Seq from 1544 to 1547
Skipped Seq from 1548 to 1551
Skipped Seq from 1555 to 1559
Skipped Seq from 1559 to 1561
Skipped Seq from 1561 to 1565
Skipped Seq from 1569 to 1574
Skipped Seq from 1575 to 1577
Skipped Seq from 1580 to 1583
Skipped Seq from 1583 to 1588
Skipped Seq from 1588 to 1590
Skipped Seq from 1591 to 1597
Skipped Seq from 1599 to 1601
Skipped Seq from 1601 to 1604
Skipped Seq from 1606 to 1608
Skipped Seq from 1612 to 1614
Skipped Seq from 1618 to 1624
Skipped Seq from 1624 to 1633
Skipped Seq from 1633 to 1635
Skipped Seq from 1635 to 1637
Skipped Seq from 1637 to 1645
Skipped Seq from 1647 to 1649
Skipped Seq from 1649 to 1651
Skipped Seq from 1652 to 1654
Skipped Seq from 1654 to 1658
Skipped Seq from 1658 to 1660
Skipped Seq from 1664 to 1666
Skipped Seq from 1667 to 1670
Skipped Seq from 1670 to 1673
Skipped Seq from 1673 to 1675
Skipped Seq from 1675 to 1677
Skipped Seq from 1677 to 1679
Skipped Seq from 1679 to 1681
Skipped Seq from 1684 to 1686
Skipped Seq from 1687 to 1689
Skipped Seq from 1693 to 1695
Skipped Seq from 1698 to 1700
Skipped Seq from 1706 to 1708
Skipped Seq from 1709 to 1720
Skipped Seq from 1720 to 1725
Skipped Seq from 1725 to 1727
Skipped Seq from 1733 to 1735
Skipped Seq from 1736 to 1740
Skipped Seq from 1741 to 1744
Skipped Seq from 1744 to 1746
Skipped Seq from 1746 to 1753
Skipped Seq from 1753 to 1757
Skipped Seq from 1758 to 1760
Skipped Seq from 1761 to 1764
Skipped Seq from 1766 to 1770
Skipped Seq from 1771 to 1774
Skipped Seq from 1775 to 1780
Skipped Seq from 1781 to 1783
Skipped Seq from 1783 to 1785
Skipped Seq from 1788 to 1792
Skipped Seq from 1792 to 1795
Skipped Seq from 1795 to 1799
Skipped Seq from 1799 to 1804
Skipped Seq from 1804 to 1806
Skipped Seq from 1806 to 1808
Skipped Seq from 1808 to 1810
Skipped Seq from 1811 to 1818
Skipped Seq from 1818 to 1820
Skipped Seq from 1822 to 1824
Skipped Seq from 1824 to 1827
Skipped Seq from 1829 to 1832
Skipped Seq from 1847 to 1872
Skipped Seq from 1872 to 1878
Skipped Seq from 1879 to 1897
Skipped Seq from 1897 to 1900
Skipped Seq from 1900 to 1902
Skipped Seq from 1906 to 1910
Skipped Seq from 1910 to 1913
Skipped Seq from 1913 to 1915
Skipped Seq from 1918 to 1921
Skipped Seq from 1921 to 1924
Skipped Seq from 1926 to 1928
Skipped Seq from 1928 to 1930
Skipped Seq from 1938 to 1940
Skipped Seq from 1945 to 1955
Skipped Seq from 1955 to 1961
Skipped Seq from 1961 to 1965
Skipped Seq from 1968 to 1971
Skipped Seq from 1971 to 1973
Skipped Seq from 1976 to 1979
Skipped Seq from 1981 to 1983
Skipped Seq from 1983 to 1986
Skipped Seq from 1986 to 1989
Skipped Seq from 1989 to 1991
Skipped Seq from 1991 to 1993
Skipped Seq from 1994 to 1996
Skipped Seq from 1998 to 2000
Skipped Seq from 2000 to 2002
Skipped Seq from 2002 to 2005
Skipped Seq from 2005 to 2008
Skipped Seq from 2011 to 2017
Skipped Seq from 2017 to 2019
Skipped Seq from 2019 to 2021
Skipped Seq from 2022 to 2024
Skipped Seq from 2024 to 2027
Skipped Seq from 2027 to 2030
Skipped Seq from 2030 to 2033
Skipped Seq from 2033 to 2037
Skipped Seq from 2038 to 2041
Skipped Seq from 2046 to 2048
Skipped Seq from 2048 to 2050
Skipped Seq from 2050 to 2054
Skipped Seq from 2054 to 2056
Skipped Seq from 2056 to 2059
Skipped Seq from 2059 to 2062
Skipped Seq from 2062 to 2074
Skipped Seq from 2074 to 2078
Skipped Seq from 2078 to 2081
Skipped Seq from 2081 to 2084
Skipped Seq from 2084 to 2092
Skipped Seq from 2093 to 2095
Skipped Seq from 2100 to 2102
Skipped Seq from 2102 to 2105
Skipped Seq from 2105 to 2111
Skipped Seq from 2111 to 2113
Skipped Seq from 2113 to 2116
Skipped Seq from 2116 to 2123
Skipped Seq from 2123 to 2126
Skipped Seq from 2126 to 2128
Skipped Seq from 2128 to 2130
Skipped Seq from 2130 to 2133
Skipped Seq from 2133 to 2135
Skipped Seq from 2135 to 2141
Skipped Seq from 2141 to 2145
Skipped Seq from 2146 to 2148
Skipped Seq from 2149 to 2151
Skipped Seq from 2151 to 2153
Skipped Seq from 2157 to 2160
Skipped Seq from 2160 to 2162
Skipped Seq from 2162 to 2164
Skipped Seq from 2164 to 2167
Skipped Seq from 2168 to 2171
Skipped Seq from 2172 to 2174
Skipped Seq from 2174 to 2181
Skipped Seq from 2181 to 2185
Skipped Seq from 2185 to 2191
Skipped Seq from 2192 to 2196
Skipped Seq from 2196 to 2201
Skipped Seq from 2208 to 2210
Skipped Seq from 2211 to 2213
Skipped Seq from 2215 to 2218
Skipped Seq from 2219 to 2221
Skipped Seq from 2221 to 2224
Skipped Seq from 2226 to 2228
Skipped Seq from 2228 to 2230
Skipped Seq from 2232 to 2234
Skipped Seq from 2234 to 2237
Skipped Seq from 2237 to 2241
Skipped Seq from 2241 to 2243
Skipped Seq from 2243 to 2245
Skipped Seq from 2245 to 2248
Skipped Seq from 2249 to 2251
Skipped Seq from 2266 to 2268
Skipped Seq from 2272 to 2274
Skipped Seq from 2274 to 2277
Skipped Seq from 2277 to 2280
Skipped Seq from 2281 to 2284
Skipped Seq from 2284 to 2286
Skipped Seq from 2287 to 2291
Skipped Seq from 2292 to 2294
Skipped Seq from 2296 to 2300
Skipped Seq from 2301 to 2303
Skipped Seq from 2303 to 2305
Skipped Seq from 2305 to 2307
Skipped Seq from 2308 to 2310
Skipped Seq from 2313 to 2321
Skipped Seq from 2324 to 2326
Skipped Seq from 2326 to 2329
Skipped Seq from 2330 to 2332
Skipped Seq from 2333 to 2335
Skipped Seq from 2338 to 2340
Skipped Seq from 2340 to 2343
Skipped Seq from 2343 to 2345
Skipped Seq from 2349 to 2352
Skipped Seq from 2353 to 2356
Skipped Seq from 2356 to 2359
Skipped Seq from 2362 to 2364
Skipped Seq from 2369 to 2372
Skipped Seq from 2372 to 2374
Skipped Seq from 2376 to 2378
Skipped Seq from 2380 to 2382
Skipped Seq from 2384 to 2386
Skipped Seq from 2387 to 2389
Skipped Seq from 2391 to 2393
Skipped Seq from 2393 to 2395
Skipped Seq from 2396 to 2398
Skipped Seq from 2399 to 2401
Skipped Seq from 2402 to 2406
Skipped Seq from 2409 to 2412
Skipped Seq from 2419 to 2421
Skipped Seq from 2429 to 2433
Skipped Seq from 4461 to 4464
Skipped Seq from 4464 to 4467
Skipped Seq from 4467 to 4470
Skipped Seq from 4470 to 4473
Skipped Seq from 4475 to 4478
Skipped Seq from 4479 to 4481
Skipped Seq from 4483 to 4485
Skipped Seq from 4492 to 4497
Skipped Seq from 4498 to 4500
Skipped Seq from 4500 to 4503
Skipped Seq from 4508 to 4511
Skipped Seq from 4512 to 4514
Skipped Seq from 4514 to 4517
Skipped Seq from 4519 to 4521
Skipped Seq from 4524 to 4527
Skipped Seq from 4529 to 4532
Skipped Seq from 4536 to 4538
Skipped Seq from 4540 to 4543
Skipped Seq from 4545 to 4547
Skipped Seq from 4547 to 4550
Skipped Seq from 4551 to 4553
Skipped Seq from 4553 to 4555
Skipped Seq from 4557 to 4560
Skipped Seq from 4566 to 4568
Skipped Seq from 4568 to 4572
Skipped Seq from 4576 to 4578
Skipped Seq from 4599 to 4602
Skipped Seq from 4602 to 4620
Skipped Seq from 4634 to 4638
Skipped Seq from 4646 to 4651
Skipped Seq from 4652 to 4654
Skipped Seq from 4658 to 4660
Skipped Seq from 4665 to 4667
Skipped Seq from 4675 to 4677
Skipped Seq from 4678 to 4682
Skipped Seq from 4682 to 4685
Skipped Seq from 4688 to 4690
Skipped Seq from 4691 to 4693
Skipped Seq from 4694 to 4696
Skipped Seq from 4696 to 4701
Skipped Seq from 4701 to 4705
Skipped Seq from 4706 to 4708
Skipped Seq from 4709 to 4712
Skipped Seq from 4718 to 4722
Skipped Seq from 4722 to 4724
Skipped Seq from 4725 to 4727
Skipped Seq from 4729 to 4732
Skipped Seq from 4733 to 4735
Skipped Seq from 4736 to 4738
Skipped Seq from 4738 to 4740
Skipped Seq from 4741 to 4744
Skipped Seq from 4747 to 4749
Skipped Seq from 4750 to 4753
Skipped Seq from 4754 to 4757
Skipped Seq from 4760 to 4764
Skipped Seq from 4765 to 4768
Skipped Seq from 4773 to 4776
Skipped Seq from 4776 to 4778
Skipped Seq from 4790 to 4792
Skipped Seq from 4792 to 4797
Skipped Seq from 4800 to 4802
Skipped Seq from 4808 to 4814
Skipped Seq from 4815 to 4819
Skipped Seq from 4822 to 4825
Skipped Seq from 4827 to 4829
Skipped Seq from 4829 to 4832
Skipped Seq from 4835 to 4837
Skipped Seq from 4838 to 4841
Skipped Seq from 4845 to 4857
Skipped Seq from 4857 to 4859
Skipped Seq from 4864 to 4871
Skipped Seq from 4877 to 4880
Skipped Seq from 4881 to 4885
Skipped Seq from 4887 to 4889
Skipped Seq from 4889 to 4892
Skipped Seq from 4892 to 4894
Skipped Seq from 4895 to 4897
Skipped Seq from 4897 to 4902
Skipped Seq from 4906 to 4908
Skipped Seq from 4910 to 4913
Skipped Seq from 4914 to 4917
Skipped Seq from 4919 to 4921
Skipped Seq from 4921 to 4925
Skipped Seq from 4926 to 4928
Skipped Seq from 4930 to 4932
Skipped Seq from 4937 to 4941
Skipped Seq from 4944 to 4946
Skipped Seq from 4948 to 4953
Skipped Seq from 4953 to 4955
Skipped Seq from 4956 to 4958
Skipped Seq from 4961 to 4963
Skipped Seq from 4966 to 4968
Skipped Seq from 4974 to 4981
Skipped Seq from 4982 to 4985
Skipped Seq from 4988 to 4991
Skipped Seq from 4991 to 4993
Skipped Seq from 4995 to 4998
Skipped Seq from 4998 to 5000
Skipped Seq from 5003 to 5007
Skipped Seq from 5007 to 5013
Skipped Seq from 5014 to 5016
Skipped Seq from 5016 to 5018
Skipped Seq from 5018 to 5021
Skipped Seq from 5029 to 5045
Skipped Seq from 5055 to 5058
Skipped Seq from 5060 to 5063
Skipped Seq from 5064 to 5066
Skipped Seq from 5072 to 5074
Skipped Seq from 5077 to 5081
Skipped Seq from 5081 to 5086
Skipped Seq from 5087 to 5089
Skipped Seq from 5089 to 5091
Skipped Seq from 5095 to 5104
Skipped Seq from 5104 to 5106
Skipped Seq from 5106 to 5108
Skipped Seq from 5108 to 5111
Skipped Seq from 5116 to 5120
Skipped Seq from 5120 to 5122
Skipped Seq from 5124 to 5126
Skipped Seq from 5136 to 5138
Skipped Seq from 5138 to 5140
Skipped Seq from 5140 to 5142
Skipped Seq from 5142 to 5145
Skipped Seq from 5149 to 5151
Skipped Seq from 5152 to 5158
Skipped Seq from 5161 to 5163
Skipped Seq from 5164 to 5166
Skipped Seq from 5166 to 5171
Skipped Seq from 5171 to 5173
Skipped Seq from 5173 to 5177
Skipped Seq from 5178 to 5181
Skipped Seq from 5183 to 5188
Skipped Seq from 5188 to 5192
Skipped Seq from 5193 to 5196
Skipped Seq from 5197 to 5201
Skipped Seq from 5203 to 5206
Skipped Seq from 5206 to 5208
Skipped Seq from 5216 to 5218
Skipped Seq from 5223 to 5225
Skipped Seq from 5225 to 5228
Skipped Seq from 5229 to 5232
Skipped Seq from 5233 to 5235
Skipped Seq from 5238 to 5242
Skipped Seq from 5245 to 5248
Skipped Seq from 5252 to 5255
Skipped Seq from 5256 to 5258
Skipped Seq from 5259 to 5261
Skipped Seq from 5261 to 5266
Skipped Seq from 5266 to 5269
Skipped Seq from 5270 to 5273
Skipped Seq from 5273 to 5278
Skipped Seq from 5310 to 5316
Skipped Seq from 5319 to 5328
Skipped Seq from 5328 to 5330
Skipped Seq from 5331 to 5333
Skipped Seq from 5334 to 5337
Skipped Seq from 5339 to 5341
Skipped Seq from 5341 to 5343
Skipped Seq from 5346 to 5351
Skipped Seq from 5354 to 5357
Skipped Seq from 5357 to 5360
Skipped Seq from 5360 to 5362
Skipped Seq from 5363 to 5365
Skipped Seq from 5365 to 5367
Skipped Seq from 5368 to 5371
Skipped Seq from 5372 to 5375
Skipped Seq from 5376 to 5378
Skipped Seq from 5379 to 5383
Skipped Seq from 5384 to 5389
Skipped Seq from 5391 to 5393
Skipped Seq from 5395 to 5399
Skipped Seq from 5406 to 5409
Skipped Seq from 5409 to 5411
Skipped Seq from 5412 to 5415
Skipped Seq from 5416 to 5421
Skipped Seq from 5422 to 5424
Skipped Seq from 5424 to 5427
Skipped Seq from 5427 to 5430
Skipped Seq from 5432 to 5434
Skipped Seq from 5435 to 5437
Skipped Seq from 5438 to 5441
Skipped Seq from 5441 to 5443
Skipped Seq from 5443 to 5446
Skipped Seq from 5446 to 5453
Skipped Seq from 5453 to 5455
Skipped Seq from 5456 to 5458
Skipped Seq from 5460 to 5462
Skipped Seq from 5465 to 5470
Skipped Seq from 5471 to 5476
Skipped Seq from 5477 to 5479
Skipped Seq from 5482 to 5484
Skipped Seq from 5490 to 5492
Skipped Seq from 5492 to 5495
Skipped Seq from 5497 to 5501
Skipped Seq from 5510 to 5512
Skipped Seq from 5514 to 5517
Skipped Seq from 5520 to 5524
Skipped Seq from 5525 to 5527
Skipped Seq from 5527 to 5530
Skipped Seq from 5531 to 5536
Skipped Seq from 5537 to 5541
Skipped Seq from 5551 to 5555
Skipped Seq from 5556 to 5559
Skipped Seq from 5562 to 5565
Skipped Seq from 5573 to 5575
Skipped Seq from 5579 to 5581
Skipped Seq from 5581 to 5586
Skipped Seq from 5590 to 5597
Skipped Seq from 5601 to 5603
Skipped Seq from 5603 to 5607
Skipped Seq from 5607 to 5609
Skipped Seq from 5615 to 5618
Skipped Seq from 5623 to 5626
Skipped Seq from 5630 to 5633
Skipped Seq from 5634 to 5636
Number of times throttled: 8
Received: 4237 / 5641 packets
Start time: 1332838313.244579
End time: 1332838339.784260
Duration: 26.539681
