Starting client at 10.0.0.24:1260 with timeout:10
My IP address is 10.0.0.24Skipped Seq from 820 to 825
Skipped Seq from 834 to 836
Skipped Seq from 839 to 841
Skipped Seq from 841 to 843
Skipped Seq from 844 to 846
Skipped Seq from 875 to 880
Skipped Seq from 882 to 884
Skipped Seq from 892 to 894
Skipped Seq from 901 to 905
Skipped Seq from 905 to 909
Skipped Seq from 921 to 923
Skipped Seq from 927 to 929
Skipped Seq from 945 to 950
Skipped Seq from 953 to 958
Skipped Seq from 958 to 962
Skipped Seq from 971 to 980
Skipped Seq from 980 to 982
Skipped Seq from 985 to 990
Skipped Seq from 993 to 999
Skipped Seq from 999 to 1002
Skipped Seq from 1002 to 1004
Skipped Seq from 1006 to 1017
Skipped Seq from 1037 to 1039
Skipped Seq from 1047 to 1057
Skipped Seq from 1057 to 1065
Skipped Seq from 1075 to 1078
Skipped Seq from 1078 to 1080
Skipped Seq from 1082 to 1087
Skipped Seq from 1098 to 1100
Skipped Seq from 1100 to 1102
Skipped Seq from 1102 to 1104
Skipped Seq from 1123 to 1125
Skipped Seq from 1125 to 1131
Skipped Seq from 1132 to 1134
Skipped Seq from 1144 to 1147
Skipped Seq from 1147 to 1149
Skipped Seq from 1155 to 1167
Skipped Seq from 1167 to 1171
Skipped Seq from 1171 to 1175
Skipped Seq from 1177 to 1179
Skipped Seq from 1180 to 1182
Skipped Seq from 1182 to 1184
Skipped Seq from 1187 to 1189
Skipped Seq from 1204 to 1215
Skipped Seq from 1222 to 1229
Skipped Seq from 1234 to 1242
Skipped Seq from 1243 to 1246
Skipped Seq from 1264 to 1266
Skipped Seq from 1268 to 1273
Skipped Seq from 1283 to 1285
Skipped Seq from 1291 to 1293
Skipped Seq from 1294 to 1298
Skipped Seq from 1298 to 1305
Skipped Seq from 1306 to 1308
Skipped Seq from 1310 to 1317
Skipped Seq from 1318 to 1320
Skipped Seq from 1334 to 1337
Skipped Seq from 1342 to 1344
Skipped Seq from 1359 to 1367
Skipped Seq from 1373 to 1376
Skipped Seq from 1395 to 1406
Skipped Seq from 1406 to 1409
Skipped Seq from 1411 to 1414
Skipped Seq from 1414 to 1417
Skipped Seq from 1418 to 1420
Skipped Seq from 1427 to 1429
Skipped Seq from 1429 to 1431
Skipped Seq from 1470 to 1478
Skipped Seq from 1478 to 1483
Skipped Seq from 1483 to 1485
Skipped Seq from 1486 to 1493
Skipped Seq from 1493 to 1503
Skipped Seq from 1505 to 1508
Skipped Seq from 1517 to 1521
Skipped Seq from 1522 to 1524
Skipped Seq from 1526 to 1532
Skipped Seq from 1542 to 1547
Skipped Seq from 1560 to 1563
Skipped Seq from 1569 to 1573
Skipped Seq from 1573 to 1577
Skipped Seq from 1577 to 1579
Skipped Seq from 1579 to 1583
Skipped Seq from 1596 to 1599
Skipped Seq from 1599 to 1602
Skipped Seq from 1605 to 1607
Skipped Seq from 1607 to 1614
Skipped Seq from 1620 to 1624
Skipped Seq from 1624 to 1627
Skipped Seq from 1629 to 1633
Skipped Seq from 1634 to 1636
Skipped Seq from 1640 to 1644
Skipped Seq from 1647 to 1650
Skipped Seq from 1650 to 1654
Skipped Seq from 1655 to 1660
Skipped Seq from 1665 to 1667
Skipped Seq from 1670 to 1672
Skipped Seq from 1673 to 1675
Skipped Seq from 1693 to 1697
Skipped Seq from 1703 to 1705
Skipped Seq from 1709 to 1712
Skipped Seq from 1713 to 1716
Skipped Seq from 1724 to 1731
Skipped Seq from 1738 to 1741
Skipped Seq from 1748 to 1750
Skipped Seq from 1750 to 1752
Skipped Seq from 1755 to 1758
Skipped Seq from 1759 to 1762
Skipped Seq from 1764 to 1769
Skipped Seq from 1788 to 1795
Skipped Seq from 1799 to 1802
Skipped Seq from 1803 to 1807
Skipped Seq from 1808 to 1811
Skipped Seq from 1817 to 1819
Skipped Seq from 1819 to 1823
Skipped Seq from 1823 to 1831
Skipped Seq from 1843 to 1848
Skipped Seq from 1848 to 1854
Skipped Seq from 1864 to 1866
Number of times throttled: 3
Received: 2058 / 2409 packets
Start time: 1332839710.611100
End time: 1332839727.432887
Duration: 16.821787
