Starting client at 10.0.0.25:1274 with timeout:10
My IP address is 10.0.0.25Skipped Seq from 1236 to 1238
Skipped Seq from 1244 to 1246
Skipped Seq from 1253 to 1255
Skipped Seq from 1255 to 1257
Skipped Seq from 1263 to 1265
Skipped Seq from 1273 to 1275
Skipped Seq from 1279 to 1281
Skipped Seq from 1290 to 1292
Skipped Seq from 1296 to 1298
Skipped Seq from 1299 to 1301
Skipped Seq from 1303 to 1306
Skipped Seq from 1308 to 1310
Skipped Seq from 1310 to 1312
Skipped Seq from 1313 to 1316
Skipped Seq from 1316 to 1318
Skipped Seq from 1319 to 1322
Skipped Seq from 1326 to 1329
Skipped Seq from 1331 to 1333
Skipped Seq from 1339 to 1343
Skipped Seq from 1343 to 1345
Skipped Seq from 1345 to 1347
Skipped Seq from 1348 to 1351
Skipped Seq from 1351 to 1354
Skipped Seq from 1355 to 1357
Skipped Seq from 1357 to 1360
Skipped Seq from 1360 to 1364
Skipped Seq from 1364 to 1367
Skipped Seq from 1367 to 1369
Skipped Seq from 1371 to 1377
Skipped Seq from 1377 to 1381
Skipped Seq from 1383 to 1385
Skipped Seq from 1386 to 1388
Skipped Seq from 1390 to 1393
Skipped Seq from 1394 to 1396
Skipped Seq from 1396 to 1398
Skipped Seq from 1398 to 1402
Skipped Seq from 1402 to 1405
Skipped Seq from 1405 to 1408
Skipped Seq from 1410 to 1413
Skipped Seq from 1414 to 1416
Skipped Seq from 1416 to 1418
Skipped Seq from 1420 to 1422
Skipped Seq from 1424 to 1428
Skipped Seq from 1428 to 1430
Skipped Seq from 1430 to 1433
Skipped Seq from 1435 to 1437
Skipped Seq from 1439 to 1441
Skipped Seq from 1442 to 1444
Skipped Seq from 1445 to 1447
Skipped Seq from 1448 to 1450
Skipped Seq from 1450 to 1454
Skipped Seq from 1455 to 1457
Skipped Seq from 1463 to 1465
Skipped Seq from 1465 to 1468
Skipped Seq from 1468 to 1472
Skipped Seq from 1472 to 1475
Skipped Seq from 1482 to 1485
Skipped Seq from 1486 to 1488
Skipped Seq from 1493 to 1495
Skipped Seq from 1495 to 1498
Skipped Seq from 1498 to 1501
Skipped Seq from 1501 to 1505
Skipped Seq from 1506 to 1508
Skipped Seq from 1508 to 1510
Skipped Seq from 1510 to 1513
Skipped Seq from 1514 to 1517
Skipped Seq from 1517 to 1519
Skipped Seq from 1519 to 1524
Skipped Seq from 1524 to 1527
Skipped Seq from 1531 to 1533
Skipped Seq from 1534 to 1536
Skipped Seq from 1536 to 1538
Skipped Seq from 1538 to 1541
Skipped Seq from 1541 to 1544
Skipped Seq from 1545 to 1548
Skipped Seq from 1548 to 1553
Skipped Seq from 1553 to 1556
Skipped Seq from 1557 to 1559
Skipped Seq from 1562 to 1565
Skipped Seq from 1565 to 1567
Skipped Seq from 1567 to 1569
Skipped Seq from 1569 to 1576
Skipped Seq from 1576 to 1578
Skipped Seq from 1580 to 1582
Skipped Seq from 1583 to 1586
Skipped Seq from 1586 to 1591
Skipped Seq from 1596 to 1602
Skipped Seq from 1602 to 1605
Skipped Seq from 1605 to 1607
Skipped Seq from 1607 to 1610
Skipped Seq from 1612 to 1614
Skipped Seq from 1616 to 1618
Skipped Seq from 1619 to 1622
Skipped Seq from 1622 to 1625
Skipped Seq from 1626 to 1628
Skipped Seq from 1629 to 1631
Skipped Seq from 1636 to 1639
Skipped Seq from 1639 to 1641
Skipped Seq from 1641 to 1646
Skipped Seq from 1646 to 1649
Skipped Seq from 1649 to 1651
Skipped Seq from 1651 to 1654
Skipped Seq from 1656 to 1658
Skipped Seq from 1658 to 1660
Skipped Seq from 1660 to 1663
Skipped Seq from 1664 to 1666
Skipped Seq from 1668 to 1670
Skipped Seq from 1670 to 1673
Skipped Seq from 1673 to 1675
Skipped Seq from 1677 to 1679
Skipped Seq from 1680 to 1682
Skipped Seq from 1687 to 1689
Skipped Seq from 1689 to 1695
Skipped Seq from 1697 to 1699
Skipped Seq from 1700 to 1702
Skipped Seq from 1711 to 1713
Skipped Seq from 1713 to 1715
Skipped Seq from 1715 to 1718
Skipped Seq from 1718 to 1720
Skipped Seq from 1720 to 1722
Skipped Seq from 1722 to 1724
Skipped Seq from 1726 to 1728
Skipped Seq from 1729 to 1732
Skipped Seq from 1732 to 1734
Skipped Seq from 1735 to 1739
Skipped Seq from 1739 to 1741
Skipped Seq from 1741 to 1743
Skipped Seq from 1745 to 1749
Skipped Seq from 1749 to 1752
Skipped Seq from 1752 to 1756
Skipped Seq from 1756 to 1758
Skipped Seq from 1762 to 1764
Skipped Seq from 1765 to 1767
Skipped Seq from 1770 to 1772
Skipped Seq from 1772 to 1775
Skipped Seq from 1775 to 1777
Skipped Seq from 1777 to 1779
Skipped Seq from 1779 to 1781
Skipped Seq from 1782 to 1784
Skipped Seq from 1784 to 1789
Skipped Seq from 1790 to 1792
Skipped Seq from 1797 to 1799
Skipped Seq from 1799 to 1803
Skipped Seq from 1803 to 1806
Skipped Seq from 1809 to 1811
Skipped Seq from 1812 to 1815
Skipped Seq from 1815 to 1817
Skipped Seq from 1818 to 1822
Skipped Seq from 1823 to 1826
Skipped Seq from 1828 to 1830
Skipped Seq from 1830 to 1832
Skipped Seq from 1833 to 1836
Skipped Seq from 1836 to 1841
Skipped Seq from 1841 to 1843
Skipped Seq from 1844 to 1846
Skipped Seq from 1846 to 1849
Skipped Seq from 1849 to 1852
Skipped Seq from 1854 to 1856
Skipped Seq from 1856 to 1858
Skipped Seq from 1859 to 1861
Skipped Seq from 1861 to 1863
Skipped Seq from 1864 to 1867
Skipped Seq from 1867 to 1870
Skipped Seq from 1873 to 1877
Skipped Seq from 1881 to 1883
Skipped Seq from 1883 to 1886
Skipped Seq from 1886 to 1888
Skipped Seq from 1890 to 1893
Skipped Seq from 1893 to 1899
Skipped Seq from 1899 to 1902
Skipped Seq from 1902 to 1908
Skipped Seq from 1908 to 1910
Skipped Seq from 1911 to 1914
Skipped Seq from 1914 to 1916
Skipped Seq from 1923 to 1925
Skipped Seq from 1930 to 1932
Skipped Seq from 1936 to 1938
Skipped Seq from 1939 to 1941
Skipped Seq from 1941 to 1943
Skipped Seq from 1953 to 1957
Skipped Seq from 1957 to 1960
Skipped Seq from 1962 to 1965
Skipped Seq from 1965 to 1967
Skipped Seq from 1967 to 1969
Skipped Seq from 1970 to 1974
Skipped Seq from 1974 to 1980
Skipped Seq from 1981 to 1983
Skipped Seq from 1983 to 1988
Skipped Seq from 1989 to 1991
Skipped Seq from 1995 to 1998
Skipped Seq from 1998 to 2000
Skipped Seq from 2001 to 2008
Skipped Seq from 2012 to 2014
Skipped Seq from 2015 to 2021
Skipped Seq from 2021 to 2023
Skipped Seq from 2023 to 2027
Skipped Seq from 2027 to 2029
Skipped Seq from 2030 to 2035
Skipped Seq from 2036 to 2040
Skipped Seq from 2040 to 2043
Skipped Seq from 2043 to 2049
Skipped Seq from 2051 to 2055
Skipped Seq from 2055 to 2060
Skipped Seq from 2077 to 2082
Skipped Seq from 2082 to 2084
Skipped Seq from 2086 to 2088
Number of times throttled: 3
Received: 5570 / 5942 packets
Start time: 1332841085.383198
End time: 1332841112.069942
Duration: 26.686744
