Starting client at 10.0.0.24:1263 with timeout:10
My IP address is 10.0.0.24Skipped Seq from 6 to 13
Skipped Seq from 13 to 16
Skipped Seq from 17 to 29
Skipped Seq from 29 to 31
Skipped Seq from 31 to 34
Skipped Seq from 34 to 36
Skipped Seq from 38 to 40
Skipped Seq from 40 to 42
Skipped Seq from 45 to 48
Skipped Seq from 51 to 58
Skipped Seq from 58 to 63
Skipped Seq from 64 to 68
Skipped Seq from 68 to 70
Skipped Seq from 70 to 73
Skipped Seq from 73 to 77
Skipped Seq from 78 to 85
Skipped Seq from 85 to 87
Skipped Seq from 91 to 94
Skipped Seq from 96 to 98
Skipped Seq from 98 to 105
Skipped Seq from 105 to 110
Skipped Seq from 111 to 116
Skipped Seq from 123 to 130
Skipped Seq from 131 to 137
Skipped Seq from 137 to 143
Skipped Seq from 144 to 146
Skipped Seq from 146 to 151
Skipped Seq from 151 to 156
Skipped Seq from 156 to 159
Skipped Seq from 159 to 161
Skipped Seq from 161 to 163
Skipped Seq from 163 to 168
Skipped Seq from 168 to 175
Skipped Seq from 176 to 180
Skipped Seq from 180 to 185
Skipped Seq from 185 to 194
Skipped Seq from 195 to 198
Skipped Seq from 198 to 201
Skipped Seq from 202 to 204
Skipped Seq from 204 to 208
Skipped Seq from 208 to 210
Skipped Seq from 211 to 213
Skipped Seq from 213 to 219
Skipped Seq from 219 to 221
Skipped Seq from 222 to 226
Skipped Seq from 226 to 229
Skipped Seq from 229 to 231
Skipped Seq from 232 to 236
Skipped Seq from 236 to 238
Skipped Seq from 239 to 242
Skipped Seq from 242 to 246
Skipped Seq from 249 to 251
Skipped Seq from 251 to 253
Skipped Seq from 259 to 261
Skipped Seq from 266 to 269
Skipped Seq from 281 to 283
Skipped Seq from 295 to 297
Skipped Seq from 325 to 327
Skipped Seq from 328 to 330
Skipped Seq from 331 to 335
Skipped Seq from 335 to 340
Skipped Seq from 340 to 342
Skipped Seq from 342 to 344
Skipped Seq from 346 to 349
Skipped Seq from 350 to 356
Skipped Seq from 358 to 360
Skipped Seq from 360 to 369
Skipped Seq from 370 to 372
Skipped Seq from 372 to 374
Skipped Seq from 374 to 376
Skipped Seq from 377 to 383
Skipped Seq from 383 to 386
Skipped Seq from 389 to 393
Skipped Seq from 395 to 397
Skipped Seq from 401 to 403
Skipped Seq from 405 to 409
Skipped Seq from 409 to 412
Skipped Seq from 412 to 414
Skipped Seq from 415 to 417
Skipped Seq from 417 to 419
Skipped Seq from 419 to 421
Skipped Seq from 421 to 426
Skipped Seq from 427 to 433
Skipped Seq from 433 to 436
Skipped Seq from 437 to 440
Skipped Seq from 440 to 442
Skipped Seq from 442 to 448
Skipped Seq from 448 to 450
Skipped Seq from 450 to 452
Skipped Seq from 452 to 457
Skipped Seq from 457 to 459
Skipped Seq from 459 to 462
Skipped Seq from 462 to 464
Skipped Seq from 465 to 468
Skipped Seq from 469 to 472
Skipped Seq from 472 to 478
Skipped Seq from 478 to 480
Skipped Seq from 482 to 487
Skipped Seq from 489 to 492
Skipped Seq from 492 to 494
Skipped Seq from 496 to 498
Skipped Seq from 498 to 502
Skipped Seq from 505 to 508
Skipped Seq from 508 to 513
Skipped Seq from 513 to 516
Skipped Seq from 516 to 519
Skipped Seq from 519 to 521
Skipped Seq from 522 to 524
Skipped Seq from 524 to 527
Skipped Seq from 527 to 529
Skipped Seq from 531 to 533
Skipped Seq from 537 to 540
Skipped Seq from 541 to 545
Skipped Seq from 545 to 547
Skipped Seq from 547 to 552
Skipped Seq from 553 to 556
Skipped Seq from 561 to 565
Skipped Seq from 565 to 569
Skipped Seq from 570 to 573
Skipped Seq from 576 to 578
Skipped Seq from 578 to 581
Skipped Seq from 582 to 585
Skipped Seq from 585 to 590
Skipped Seq from 590 to 592
Skipped Seq from 592 to 595
Skipped Seq from 598 to 600
Skipped Seq from 600 to 603
Skipped Seq from 608 to 610
Skipped Seq from 613 to 615
Skipped Seq from 615 to 619
Skipped Seq from 619 to 623
Skipped Seq from 623 to 630
Skipped Seq from 630 to 632
Skipped Seq from 633 to 636
Skipped Seq from 636 to 641
Skipped Seq from 641 to 649
Skipped Seq from 649 to 651
Skipped Seq from 652 to 657
Skipped Seq from 657 to 666
Skipped Seq from 666 to 674
Skipped Seq from 674 to 677
Skipped Seq from 677 to 679
Skipped Seq from 683 to 685
Skipped Seq from 686 to 691
Skipped Seq from 696 to 700
Skipped Seq from 700 to 702
Skipped Seq from 703 to 706
Skipped Seq from 706 to 708
Skipped Seq from 708 to 711
Skipped Seq from 712 to 714
Skipped Seq from 716 to 718
Skipped Seq from 718 to 720
Skipped Seq from 722 to 724
Skipped Seq from 724 to 726
Skipped Seq from 730 to 732
Skipped Seq from 733 to 736
Skipped Seq from 746 to 748
Skipped Seq from 750 to 753
Skipped Seq from 753 to 755
Skipped Seq from 756 to 758
Skipped Seq from 758 to 760
Skipped Seq from 761 to 763
Skipped Seq from 763 to 765
Skipped Seq from 765 to 767
Skipped Seq from 767 to 769
Skipped Seq from 769 to 773
Skipped Seq from 776 to 780
Skipped Seq from 780 to 783
Skipped Seq from 784 to 787
Skipped Seq from 787 to 791
Skipped Seq from 791 to 793
Skipped Seq from 797 to 799
Skipped Seq from 801 to 807
Skipped Seq from 808 to 810
Skipped Seq from 811 to 818
Skipped Seq from 818 to 821
Skipped Seq from 822 to 826
Skipped Seq from 827 to 830
Skipped Seq from 830 to 835
Skipped Seq from 835 to 837
Skipped Seq from 838 to 840
Skipped Seq from 841 to 844
Skipped Seq from 852 to 854
Skipped Seq from 854 to 857
Skipped Seq from 862 to 865
Skipped Seq from 868 to 870
Skipped Seq from 870 to 872
Skipped Seq from 872 to 877
Skipped Seq from 878 to 880
Skipped Seq from 880 to 882
Skipped Seq from 884 to 888
Skipped Seq from 890 to 892
Skipped Seq from 893 to 895
Skipped Seq from 900 to 903
Skipped Seq from 905 to 907
Skipped Seq from 909 to 911
Skipped Seq from 913 to 915
Skipped Seq from 918 to 920
Skipped Seq from 921 to 923
Skipped Seq from 923 to 926
Skipped Seq from 927 to 929
Skipped Seq from 930 to 932
Skipped Seq from 932 to 934
Skipped Seq from 934 to 937
Skipped Seq from 940 to 943
Skipped Seq from 945 to 948
Skipped Seq from 948 to 950
Skipped Seq from 950 to 954
Skipped Seq from 954 to 956
Skipped Seq from 956 to 958
Skipped Seq from 959 to 962
Skipped Seq from 962 to 964
Skipped Seq from 964 to 967
Skipped Seq from 969 to 971
Skipped Seq from 973 to 975
Skipped Seq from 975 to 977
Skipped Seq from 983 to 986
Skipped Seq from 991 to 994
Skipped Seq from 994 to 996
Skipped Seq from 1004 to 1007
Skipped Seq from 1008 to 1011
Skipped Seq from 1017 to 1020
Skipped Seq from 1022 to 1024
Skipped Seq from 1034 to 1036
Skipped Seq from 1037 to 1039
Skipped Seq from 1048 to 1050
Skipped Seq from 1063 to 1065
Skipped Seq from 1068 to 1071
Skipped Seq from 1073 to 1077
Skipped Seq from 1078 to 1080
Skipped Seq from 1081 to 1083
Skipped Seq from 1083 to 1085
Skipped Seq from 1098 to 1100
Skipped Seq from 1101 to 1103
Skipped Seq from 1104 to 1106
Skipped Seq from 1112 to 1114
Skipped Seq from 1129 to 1131
Skipped Seq from 1131 to 1135
Skipped Seq from 1171 to 1173
Skipped Seq from 1181 to 1184
Skipped Seq from 1185 to 1187
Skipped Seq from 1192 to 1195
Skipped Seq from 1195 to 1197
Skipped Seq from 1203 to 1206
Skipped Seq from 1207 to 1209
Skipped Seq from 1219 to 1221
Skipped Seq from 1226 to 1229
Skipped Seq from 1230 to 1233
Skipped Seq from 1234 to 1236
Skipped Seq from 1237 to 1239
Skipped Seq from 1240 to 1242
Skipped Seq from 1243 to 1247
Skipped Seq from 1247 to 1249
Skipped Seq from 1252 to 1254
Skipped Seq from 1254 to 1256
Skipped Seq from 1256 to 1258
Skipped Seq from 1258 to 1263
Skipped Seq from 1263 to 1265
Skipped Seq from 1266 to 1270
Skipped Seq from 1282 to 1284
Skipped Seq from 1284 to 1286
Skipped Seq from 1297 to 1299
Skipped Seq from 1309 to 1311
Skipped Seq from 4056 to 4058
Skipped Seq from 4058 to 4066
Skipped Seq from 4073 to 4077
Skipped Seq from 4077 to 4081
Skipped Seq from 4082 to 4086
Skipped Seq from 4088 to 4092
Skipped Seq from 4095 to 4097
Skipped Seq from 4101 to 4103
Skipped Seq from 4112 to 4115
Skipped Seq from 4115 to 4117
Skipped Seq from 4117 to 4120
Skipped Seq from 4123 to 4126
Skipped Seq from 4129 to 4132
Skipped Seq from 4132 to 4134
Skipped Seq from 4138 to 4141
Skipped Seq from 4144 to 4148
Skipped Seq from 4150 to 4152
Skipped Seq from 4155 to 4159
Skipped Seq from 4159 to 4161
Skipped Seq from 4163 to 4168
Skipped Seq from 4175 to 4179
Skipped Seq from 4180 to 4183
Skipped Seq from 4187 to 4190
Skipped Seq from 4194 to 4200
Skipped Seq from 4202 to 4208
Skipped Seq from 4208 to 4215
Skipped Seq from 4223 to 4225
Skipped Seq from 4226 to 4229
Skipped Seq from 4232 to 4237
Skipped Seq from 4242 to 4245
Skipped Seq from 4245 to 4254
Skipped Seq from 4257 to 4259
Skipped Seq from 4259 to 4262
Skipped Seq from 4267 to 4270
Skipped Seq from 4271 to 4273
Skipped Seq from 4274 to 4277
Skipped Seq from 4277 to 4279
Skipped Seq from 4281 to 4283
Skipped Seq from 4283 to 4287
Skipped Seq from 4287 to 4290
Skipped Seq from 4299 to 4301
Skipped Seq from 4301 to 4303
Skipped Seq from 4303 to 4307
Skipped Seq from 4307 to 4309
Skipped Seq from 4309 to 4311
Skipped Seq from 4313 to 4317
Skipped Seq from 4317 to 4319
Skipped Seq from 4323 to 4327
Skipped Seq from 4329 to 4336
Skipped Seq from 4337 to 4344
Skipped Seq from 4352 to 4354
Skipped Seq from 4354 to 4356
Skipped Seq from 4356 to 4358
Skipped Seq from 4368 to 4375
Skipped Seq from 4376 to 4380
Skipped Seq from 4380 to 4383
Skipped Seq from 4391 to 4393
Skipped Seq from 4395 to 4405
Skipped Seq from 4405 to 4407
Skipped Seq from 4410 to 4413
Skipped Seq from 4413 to 4415
Skipped Seq from 4415 to 4417
Skipped Seq from 4418 to 4420
Skipped Seq from 4420 to 4424
Skipped Seq from 4425 to 4427
Skipped Seq from 4432 to 4435
Skipped Seq from 4435 to 4438
Skipped Seq from 4439 to 4441
Skipped Seq from 4441 to 4444
Skipped Seq from 4444 to 4446
Skipped Seq from 4446 to 4449
Skipped Seq from 4450 to 4454
Skipped Seq from 4457 to 4459
Skipped Seq from 4460 to 4463
Skipped Seq from 4466 to 4475
Skipped Seq from 4475 to 4480
Skipped Seq from 4481 to 4484
Skipped Seq from 4486 to 4488
Skipped Seq from 4488 to 4491
Skipped Seq from 4491 to 4495
Skipped Seq from 4496 to 4499
Skipped Seq from 4499 to 4502
Skipped Seq from 4502 to 4505
Skipped Seq from 4505 to 4507
Skipped Seq from 4510 to 4515
Skipped Seq from 4515 to 4517
Skipped Seq from 4523 to 4526
Skipped Seq from 4526 to 4528
Skipped Seq from 4528 to 4530
Skipped Seq from 4531 to 4533
Skipped Seq from 4536 to 4539
Skipped Seq from 4544 to 4546
Skipped Seq from 4546 to 4551
Skipped Seq from 4552 to 4555
Skipped Seq from 4556 to 4558
Skipped Seq from 4559 to 4561
Skipped Seq from 4563 to 4571
Skipped Seq from 4571 to 4577
Skipped Seq from 4578 to 4581
Skipped Seq from 4583 to 4588
Skipped Seq from 4588 to 4590
Skipped Seq from 4591 to 4597
Skipped Seq from 4599 to 4601
Skipped Seq from 4601 to 4605
Skipped Seq from 4605 to 4609
Skipped Seq from 4609 to 4615
Skipped Seq from 4615 to 4617
Skipped Seq from 4617 to 4619
Skipped Seq from 4622 to 4624
Skipped Seq from 4627 to 4632
Skipped Seq from 4632 to 4636
Skipped Seq from 4637 to 4639
Skipped Seq from 4640 to 4647
Skipped Seq from 4647 to 4652
Skipped Seq from 4652 to 4655
Skipped Seq from 4656 to 4658
Skipped Seq from 4665 to 4667
Skipped Seq from 4671 to 4673
Skipped Seq from 4673 to 4680
Skipped Seq from 4680 to 4683
Skipped Seq from 4685 to 4687
Skipped Seq from 4687 to 4690
Skipped Seq from 4690 to 4694
Skipped Seq from 4695 to 4703
Skipped Seq from 4706 to 4710
Skipped Seq from 4710 to 4712
Skipped Seq from 4712 to 4714
Skipped Seq from 4717 to 4720
Skipped Seq from 4720 to 4723
Skipped Seq from 4723 to 4726
Skipped Seq from 4726 to 4728
Skipped Seq from 4728 to 4730
Skipped Seq from 4730 to 4734
Skipped Seq from 4734 to 4736
Skipped Seq from 4737 to 4740
Skipped Seq from 4741 to 4743
Skipped Seq from 4749 to 4752
Skipped Seq from 4752 to 4760
Skipped Seq from 4761 to 4763
Skipped Seq from 4763 to 4765
Skipped Seq from 4765 to 4767
Skipped Seq from 4767 to 4769
Skipped Seq from 4771 to 4774
Skipped Seq from 4774 to 4779
Skipped Seq from 4781 to 4785
Skipped Seq from 4785 to 4787
Skipped Seq from 4787 to 4791
Skipped Seq from 4791 to 4794
Skipped Seq from 4794 to 4796
Skipped Seq from 4800 to 4803
Skipped Seq from 4804 to 4811
Skipped Seq from 4817 to 4820
Skipped Seq from 4820 to 4822
Skipped Seq from 4823 to 4826
Skipped Seq from 4826 to 4830
Skipped Seq from 4830 to 4832
Skipped Seq from 4837 to 4839
Skipped Seq from 4840 to 4842
Skipped Seq from 4842 to 4845
Skipped Seq from 4851 to 4854
Skipped Seq from 4854 to 4861
Skipped Seq from 4862 to 4864
Skipped Seq from 4868 to 4871
Skipped Seq from 4875 to 4877
Skipped Seq from 4878 to 4882
Skipped Seq from 4888 to 4890
Skipped Seq from 4890 to 4895
Skipped Seq from 4895 to 4899
Skipped Seq from 4899 to 4902
Skipped Seq from 4902 to 4908
Skipped Seq from 4909 to 4911
Skipped Seq from 4911 to 4913
Skipped Seq from 4914 to 4919
Skipped Seq from 4919 to 4921
Skipped Seq from 4922 to 4924
Skipped Seq from 4924 to 4928
Skipped Seq from 4928 to 4931
Skipped Seq from 4932 to 4934
Skipped Seq from 4939 to 4941
Skipped Seq from 4942 to 4945
Skipped Seq from 4945 to 4947
Skipped Seq from 4953 to 4955
Skipped Seq from 4957 to 4959
Skipped Seq from 4959 to 4962
Skipped Seq from 4962 to 4964
Skipped Seq from 4964 to 4969
Skipped Seq from 4969 to 4973
Skipped Seq from 4977 to 4979
Skipped Seq from 4979 to 4982
Skipped Seq from 4982 to 4986
Skipped Seq from 4986 to 4992
Skipped Seq from 4992 to 4999
Skipped Seq from 5003 to 5006
Skipped Seq from 5006 to 5008
Skipped Seq from 5008 to 5012
Skipped Seq from 5012 to 5014
Skipped Seq from 5023 to 5027
Skipped Seq from 5029 to 5033
Skipped Seq from 5033 to 5038
Skipped Seq from 5038 to 5041
Skipped Seq from 5041 to 5045
Skipped Seq from 5045 to 5047
Skipped Seq from 5047 to 5054
Skipped Seq from 5054 to 5056
Skipped Seq from 5056 to 5058
Skipped Seq from 5062 to 5066
Skipped Seq from 5067 to 5069
Skipped Seq from 5071 to 5073
Skipped Seq from 5074 to 5077
Skipped Seq from 5081 to 5087
Skipped Seq from 5088 to 5093
Skipped Seq from 5093 to 5095
Skipped Seq from 5095 to 5097
Skipped Seq from 5098 to 5101
Skipped Seq from 5103 to 5105
Skipped Seq from 5109 to 5111
Skipped Seq from 5111 to 5113
Skipped Seq from 5113 to 5116
Skipped Seq from 5116 to 5118
Skipped Seq from 5118 to 5121
Skipped Seq from 5123 to 5125
Skipped Seq from 5129 to 5131
Skipped Seq from 5135 to 5137
Skipped Seq from 5138 to 5140
Skipped Seq from 5140 to 5142
Skipped Seq from 5142 to 5144
Skipped Seq from 5145 to 5147
Skipped Seq from 5148 to 5150
Skipped Seq from 5150 to 5152
Skipped Seq from 5154 to 5156
Skipped Seq from 5157 to 5160
Skipped Seq from 5161 to 5163
Skipped Seq from 5164 to 5168
Skipped Seq from 5168 to 5170
Skipped Seq from 5170 to 5172
Skipped Seq from 5172 to 5178
Skipped Seq from 5178 to 5181
Skipped Seq from 5185 to 5193
Skipped Seq from 5194 to 5196
Skipped Seq from 5199 to 5202
Skipped Seq from 5213 to 5215
Skipped Seq from 5215 to 5217
Skipped Seq from 5218 to 5220
Skipped Seq from 5231 to 5235
Skipped Seq from 5235 to 5238
Skipped Seq from 5239 to 5242
Skipped Seq from 5245 to 5247
Skipped Seq from 5248 to 5250
Skipped Seq from 5254 to 5256
Skipped Seq from 5258 to 5261
Skipped Seq from 5262 to 5264
Skipped Seq from 5285 to 5288
Skipped Seq from 5312 to 5316
Skipped Seq from 5323 to 5325
Skipped Seq from 5340 to 5342
Skipped Seq from 5346 to 5348
Skipped Seq from 5365 to 5367
Skipped Seq from 5406 to 5408
Number of times throttled: 8
Received: 6139 / 7272 packets
Start time: 1332839811.892363
End time: 1332839842.093460
Duration: 30.201097
