Starting client at 10.0.0.20:1247 with timeout:10
My IP address is 10.0.0.20Skipped Seq from 2635 to 2638
Skipped Seq from 2638 to 2640
Skipped Seq from 2641 to 2647
Skipped Seq from 2648 to 2650
Skipped Seq from 2655 to 2658
Skipped Seq from 2660 to 2663
Skipped Seq from 2663 to 2666
Skipped Seq from 2666 to 2668
Skipped Seq from 2670 to 2672
Skipped Seq from 2673 to 2675
Skipped Seq from 2677 to 2680
Skipped Seq from 2680 to 2682
Skipped Seq from 2683 to 2686
Skipped Seq from 2691 to 2693
Skipped Seq from 2693 to 2696
Skipped Seq from 2696 to 2698
Skipped Seq from 2698 to 2703
Skipped Seq from 2704 to 2707
Skipped Seq from 2708 to 2710
Skipped Seq from 2712 to 2714
Skipped Seq from 2716 to 2723
Skipped Seq from 2726 to 2728
Skipped Seq from 2728 to 2730
Skipped Seq from 2730 to 2733
Skipped Seq from 2733 to 2736
Skipped Seq from 2738 to 2740
Skipped Seq from 2742 to 2745
Skipped Seq from 2745 to 2749
Skipped Seq from 2749 to 2751
Skipped Seq from 2752 to 2754
Skipped Seq from 2755 to 2760
Skipped Seq from 2763 to 2766
Skipped Seq from 2766 to 2769
Skipped Seq from 2769 to 2772
Skipped Seq from 2773 to 2777
Skipped Seq from 2778 to 2781
Skipped Seq from 2781 to 2783
Skipped Seq from 2784 to 2795
Skipped Seq from 2797 to 2799
Skipped Seq from 2799 to 2804
Skipped Seq from 2804 to 2808
Skipped Seq from 2808 to 2811
Skipped Seq from 2811 to 2813
Skipped Seq from 2815 to 2819
Skipped Seq from 2821 to 2824
Skipped Seq from 2824 to 2828
Skipped Seq from 2830 to 2835
Skipped Seq from 2835 to 2837
Skipped Seq from 2837 to 2839
Skipped Seq from 2839 to 2841
Skipped Seq from 2841 to 2844
Skipped Seq from 2844 to 2846
Skipped Seq from 2850 to 2852
Skipped Seq from 2852 to 2857
Skipped Seq from 2857 to 2860
Skipped Seq from 2860 to 2862
Skipped Seq from 2862 to 2864
Skipped Seq from 2868 to 2870
Skipped Seq from 2870 to 2872
Skipped Seq from 2872 to 2874
Skipped Seq from 2874 to 2879
Skipped Seq from 2883 to 2885
Skipped Seq from 2885 to 2887
Skipped Seq from 2887 to 2890
Skipped Seq from 2891 to 2898
Skipped Seq from 2898 to 2900
Skipped Seq from 2900 to 2902
Skipped Seq from 2904 to 2909
Skipped Seq from 2909 to 2917
Skipped Seq from 2917 to 2922
Skipped Seq from 2922 to 2924
Skipped Seq from 2924 to 2927
Skipped Seq from 2931 to 2934
Skipped Seq from 2937 to 2947
Skipped Seq from 2950 to 2955
Skipped Seq from 2956 to 2965
Skipped Seq from 2966 to 2968
Skipped Seq from 2970 to 2972
Skipped Seq from 2972 to 2974
Skipped Seq from 2974 to 2976
Skipped Seq from 2981 to 2987
Skipped Seq from 2987 to 2990
Skipped Seq from 2992 to 2994
Skipped Seq from 2994 to 2999
Skipped Seq from 3000 to 3009
Skipped Seq from 3009 to 3012
Skipped Seq from 3012 to 3016
Skipped Seq from 3016 to 3018
Skipped Seq from 3018 to 3023
Skipped Seq from 3025 to 3029
Skipped Seq from 3029 to 3031
Skipped Seq from 3032 to 3034
Skipped Seq from 3034 to 3038
Skipped Seq from 3038 to 3040
Skipped Seq from 3040 to 3042
Skipped Seq from 3042 to 3044
Skipped Seq from 3045 to 3051
Skipped Seq from 3053 to 3056
Skipped Seq from 3056 to 3058
Skipped Seq from 3059 to 3061
Skipped Seq from 3063 to 3065
Skipped Seq from 3066 to 3068
Skipped Seq from 3069 to 3076
Skipped Seq from 3079 to 3081
Skipped Seq from 3082 to 3084
Skipped Seq from 3084 to 3090
Skipped Seq from 3093 to 3095
Skipped Seq from 3095 to 3099
Skipped Seq from 3100 to 3103
Skipped Seq from 3105 to 3107
Skipped Seq from 3107 to 3109
Skipped Seq from 3112 to 3114
Skipped Seq from 3114 to 3116
Skipped Seq from 3116 to 3118
Skipped Seq from 3124 to 3127
Skipped Seq from 3127 to 3136
Skipped Seq from 3136 to 3144
Skipped Seq from 3144 to 3148
Skipped Seq from 3148 to 3151
Skipped Seq from 3151 to 3157
Skipped Seq from 3158 to 3165
Skipped Seq from 3167 to 3169
Skipped Seq from 3169 to 3172
Skipped Seq from 3174 to 3177
Skipped Seq from 3178 to 3180
Skipped Seq from 3182 to 3186
Skipped Seq from 3187 to 3193
Skipped Seq from 3194 to 3196
Skipped Seq from 3196 to 3199
Skipped Seq from 3216 to 3225
Skipped Seq from 3226 to 3234
Skipped Seq from 3237 to 3239
Skipped Seq from 3240 to 3242
Skipped Seq from 3248 to 3250
Skipped Seq from 3251 to 3253
Skipped Seq from 3256 to 3258
Skipped Seq from 3259 to 3261
Skipped Seq from 3262 to 3267
Skipped Seq from 3268 to 3270
Skipped Seq from 3272 to 3274
Skipped Seq from 3279 to 3281
Skipped Seq from 3281 to 3288
Skipped Seq from 3288 to 3297
Skipped Seq from 3299 to 3305
Skipped Seq from 3309 to 3315
Skipped Seq from 3315 to 3319
Skipped Seq from 3319 to 3322
Skipped Seq from 3325 to 3329
Skipped Seq from 3331 to 3336
Skipped Seq from 3336 to 3369
Skipped Seq from 3371 to 3373
Skipped Seq from 3373 to 3376
Skipped Seq from 3376 to 3384
Skipped Seq from 3385 to 3388
Skipped Seq from 3389 to 3391
Skipped Seq from 3391 to 3394
Skipped Seq from 3394 to 3397
Skipped Seq from 3397 to 3399
Skipped Seq from 3399 to 3409
Skipped Seq from 3409 to 3417
Skipped Seq from 3417 to 3422
Skipped Seq from 3422 to 3426
Skipped Seq from 3426 to 3428
Skipped Seq from 3428 to 3430
Skipped Seq from 3434 to 3439
Skipped Seq from 3440 to 3443
Skipped Seq from 3443 to 3445
Skipped Seq from 3446 to 3448
Skipped Seq from 3448 to 3451
Skipped Seq from 3452 to 3454
Skipped Seq from 3455 to 3460
Skipped Seq from 3461 to 3465
Skipped Seq from 3467 to 3476
Skipped Seq from 3476 to 3483
Skipped Seq from 3483 to 3485
Skipped Seq from 3486 to 3492
Skipped Seq from 3496 to 3499
Skipped Seq from 3499 to 3508
Skipped Seq from 3508 to 3520
Skipped Seq from 3525 to 3532
Skipped Seq from 3535 to 3540
Skipped Seq from 3542 to 3544
Skipped Seq from 3545 to 3549
Skipped Seq from 3549 to 3551
Skipped Seq from 3554 to 3558
Skipped Seq from 3561 to 3566
Skipped Seq from 3567 to 3570
Skipped Seq from 3570 to 3579
Skipped Seq from 3579 to 3588
Skipped Seq from 3588 to 3603
Skipped Seq from 3604 to 3616
Skipped Seq from 3616 to 3624
Skipped Seq from 3625 to 3634
Skipped Seq from 3634 to 3652
Skipped Seq from 3652 to 3655
Skipped Seq from 3655 to 3665
Skipped Seq from 3665 to 3684
Skipped Seq from 3685 to 3694
Skipped Seq from 3694 to 3701
Skipped Seq from 3701 to 3722
Skipped Seq from 3723 to 3731
Skipped Seq from 3731 to 3741
Skipped Seq from 3743 to 3751
Skipped Seq from 3755 to 3759
Skipped Seq from 3759 to 3761
Skipped Seq from 3765 to 3776
Skipped Seq from 3777 to 3786
Skipped Seq from 3786 to 3796
Skipped Seq from 3796 to 3804
Skipped Seq from 3805 to 3811
Skipped Seq from 3811 to 3822
Skipped Seq from 3822 to 3826
Skipped Seq from 3826 to 3829
Skipped Seq from 3829 to 3835
Skipped Seq from 3839 to 3844
Skipped Seq from 3846 to 3848
Skipped Seq from 3851 to 3854
Skipped Seq from 3854 to 3856
Skipped Seq from 3859 to 3862
Skipped Seq from 3863 to 3870
Skipped Seq from 3870 to 3877
Skipped Seq from 3877 to 3879
Skipped Seq from 3881 to 3886
Skipped Seq from 3888 to 3896
Skipped Seq from 3898 to 3905
Skipped Seq from 3907 to 3909
Skipped Seq from 3909 to 3914
Skipped Seq from 3914 to 3916
Skipped Seq from 3918 to 3924
Skipped Seq from 3927 to 3932
Skipped Seq from 3932 to 3934
Skipped Seq from 3937 to 3939
Skipped Seq from 3939 to 3947
Skipped Seq from 3947 to 3949
Skipped Seq from 3950 to 3958
Skipped Seq from 3960 to 3993
Skipped Seq from 3993 to 3995
Skipped Seq from 3996 to 3998
Skipped Seq from 3999 to 4003
Skipped Seq from 4004 to 4006
Skipped Seq from 4009 to 4014
Skipped Seq from 4018 to 4024
Skipped Seq from 4026 to 4030
Skipped Seq from 4032 to 4034
Skipped Seq from 4034 to 4040
Skipped Seq from 4040 to 4042
Skipped Seq from 4044 to 4049
Skipped Seq from 4052 to 4059
Skipped Seq from 4060 to 4068
Skipped Seq from 4068 to 4070
Skipped Seq from 4071 to 4078
Skipped Seq from 4079 to 4089
Skipped Seq from 4091 to 4093
Skipped Seq from 4093 to 4096
Skipped Seq from 4096 to 4111
Skipped Seq from 4113 to 4123
Skipped Seq from 4123 to 4134
Skipped Seq from 4134 to 4142
Skipped Seq from 4144 to 4152
Skipped Seq from 4152 to 4160
Skipped Seq from 4160 to 4162
Skipped Seq from 4164 to 4169
Skipped Seq from 4170 to 4191
Skipped Seq from 4194 to 4214
Skipped Seq from 4214 to 4221
Skipped Seq from 4221 to 4227
Skipped Seq from 4227 to 4229
Skipped Seq from 4229 to 4235
Skipped Seq from 4236 to 4238
Skipped Seq from 4239 to 4241
Skipped Seq from 4243 to 4249
Skipped Seq from 4249 to 4251
Skipped Seq from 4252 to 4254
Skipped Seq from 4255 to 4257
Skipped Seq from 4257 to 4259
Skipped Seq from 4261 to 4263
Skipped Seq from 4263 to 4267
Skipped Seq from 4267 to 4277
Skipped Seq from 4278 to 4282
Skipped Seq from 4282 to 4290
Skipped Seq from 4290 to 4294
Skipped Seq from 4294 to 4297
Skipped Seq from 4298 to 4300
Skipped Seq from 4301 to 4303
Skipped Seq from 4304 to 4320
Skipped Seq from 4320 to 4323
Skipped Seq from 4323 to 4326
Skipped Seq from 4329 to 4331
Skipped Seq from 4333 to 4336
Skipped Seq from 4337 to 4342
Skipped Seq from 4343 to 4345
Skipped Seq from 4348 to 4355
Skipped Seq from 4355 to 4358
Skipped Seq from 4358 to 4362
Skipped Seq from 4362 to 4366
Skipped Seq from 4366 to 4369
Skipped Seq from 4369 to 4371
Skipped Seq from 4371 to 4373
Skipped Seq from 4374 to 4376
Skipped Seq from 4377 to 4379
Skipped Seq from 4379 to 4381
Skipped Seq from 4382 to 4384
Skipped Seq from 4385 to 4388
Skipped Seq from 4388 to 4397
Skipped Seq from 4398 to 4400
Skipped Seq from 4400 to 4402
Skipped Seq from 4403 to 4411
Skipped Seq from 4411 to 4413
Skipped Seq from 4413 to 4415
Skipped Seq from 4416 to 4418
Skipped Seq from 4418 to 4427
Skipped Seq from 4427 to 4430
Skipped Seq from 4430 to 4436
Skipped Seq from 4436 to 4443
Skipped Seq from 4443 to 4453
Skipped Seq from 4454 to 4457
Skipped Seq from 4458 to 4470
Skipped Seq from 4471 to 4486
Skipped Seq from 4488 to 4490
Skipped Seq from 4490 to 4495
Skipped Seq from 4495 to 4497
Skipped Seq from 4499 to 4507
Skipped Seq from 4508 to 4514
Skipped Seq from 4515 to 4523
Skipped Seq from 4523 to 4525
Skipped Seq from 4528 to 4534
Skipped Seq from 4536 to 4542
Skipped Seq from 4544 to 4552
Skipped Seq from 4553 to 4555
Skipped Seq from 4555 to 4569
Skipped Seq from 4572 to 4579
Skipped Seq from 4581 to 4583
Skipped Seq from 4583 to 4590
Skipped Seq from 4591 to 4593
Skipped Seq from 4596 to 4601
Skipped Seq from 4605 to 4607
Skipped Seq from 4607 to 4609
Skipped Seq from 4609 to 4614
Skipped Seq from 4615 to 4617
Skipped Seq from 4620 to 4623
Skipped Seq from 4631 to 4641
Skipped Seq from 4641 to 4662
Skipped Seq from 4662 to 4669
Skipped Seq from 4670 to 4673
Skipped Seq from 4673 to 4678
Skipped Seq from 4678 to 4680
Skipped Seq from 4680 to 4687
Skipped Seq from 4689 to 4696
Skipped Seq from 4697 to 4703
Skipped Seq from 4704 to 4714
Skipped Seq from 4715 to 4720
Skipped Seq from 4724 to 4733
Skipped Seq from 4734 to 4736
Skipped Seq from 4736 to 4738
Skipped Seq from 4740 to 4743
Skipped Seq from 4743 to 4746
Skipped Seq from 4749 to 4753
Skipped Seq from 4757 to 4759
Skipped Seq from 4760 to 4763
Skipped Seq from 4764 to 4766
Skipped Seq from 4769 to 4776
Skipped Seq from 4779 to 4787
Skipped Seq from 4790 to 4796
Skipped Seq from 4798 to 4800
Skipped Seq from 4802 to 4808
Skipped Seq from 4810 to 4823
Skipped Seq from 4823 to 4853
Skipped Seq from 4853 to 4861
Skipped Seq from 4861 to 4863
Skipped Seq from 4865 to 4870
Skipped Seq from 4871 to 4881
Skipped Seq from 4883 to 4889
Skipped Seq from 4890 to 4899
Skipped Seq from 4900 to 4909
Skipped Seq from 4910 to 4912
Skipped Seq from 4914 to 4917
Skipped Seq from 4917 to 4919
Skipped Seq from 4919 to 4922
Skipped Seq from 4922 to 4925
Skipped Seq from 4927 to 4937
Skipped Seq from 4937 to 4941
Skipped Seq from 4941 to 4943
Skipped Seq from 4943 to 4948
Skipped Seq from 4948 to 4951
Skipped Seq from 4951 to 4956
Skipped Seq from 4956 to 4962
Skipped Seq from 4962 to 4975
Skipped Seq from 4975 to 4979
Skipped Seq from 4983 to 4985
Skipped Seq from 4985 to 4991
Skipped Seq from 4995 to 5001
Skipped Seq from 5001 to 5004
Skipped Seq from 5007 to 5010
Skipped Seq from 5010 to 5015
Skipped Seq from 5015 to 5017
Skipped Seq from 5017 to 5019
Skipped Seq from 5019 to 5026
Skipped Seq from 5027 to 5029
Skipped Seq from 5029 to 5032
Skipped Seq from 5034 to 5037
Skipped Seq from 5037 to 5039
Skipped Seq from 5039 to 5042
Skipped Seq from 5042 to 5046
Skipped Seq from 5046 to 5052
Skipped Seq from 5053 to 5055
Skipped Seq from 5056 to 5059
Skipped Seq from 5059 to 5061
Skipped Seq from 5062 to 5064
Skipped Seq from 5064 to 5071
Skipped Seq from 5071 to 5073
Skipped Seq from 5073 to 5076
Skipped Seq from 5076 to 5081
Skipped Seq from 5087 to 5089
Skipped Seq from 5090 to 5092
Skipped Seq from 5093 to 5099
Skipped Seq from 5099 to 5104
Skipped Seq from 5108 to 5110
Skipped Seq from 5113 to 5117
Skipped Seq from 5118 to 5120
Skipped Seq from 5121 to 5123
Skipped Seq from 5125 to 5128
Skipped Seq from 5129 to 5132
Skipped Seq from 5132 to 5134
Skipped Seq from 5134 to 5136
Skipped Seq from 5137 to 5140
Skipped Seq from 5140 to 5142
Skipped Seq from 5142 to 5144
Skipped Seq from 5144 to 5146
Skipped Seq from 5148 to 5157
Skipped Seq from 5157 to 5160
Skipped Seq from 5160 to 5162
Skipped Seq from 5165 to 5167
Skipped Seq from 5168 to 5171
Skipped Seq from 5175 to 5179
Skipped Seq from 5179 to 5184
Skipped Seq from 5185 to 5189
Skipped Seq from 5189 to 5193
Skipped Seq from 5196 to 5198
Skipped Seq from 5199 to 5202
Skipped Seq from 5203 to 5207
Skipped Seq from 5207 to 5209
Skipped Seq from 5209 to 5211
Skipped Seq from 5211 to 5213
Skipped Seq from 5213 to 5222
Skipped Seq from 5222 to 5224
Skipped Seq from 5224 to 5229
Skipped Seq from 5229 to 5231
Skipped Seq from 5233 to 5236
Skipped Seq from 5237 to 5240
Skipped Seq from 5240 to 5242
Skipped Seq from 5245 to 5247
Skipped Seq from 5248 to 5250
Skipped Seq from 5253 to 5258
Skipped Seq from 5258 to 5261
Skipped Seq from 5261 to 5263
Skipped Seq from 5266 to 5269
Skipped Seq from 5269 to 5274
Skipped Seq from 5276 to 5279
Skipped Seq from 5280 to 5282
Skipped Seq from 5287 to 5289
Skipped Seq from 5295 to 5297
Skipped Seq from 5297 to 5299
Skipped Seq from 5299 to 5302
Skipped Seq from 5302 to 5304
Skipped Seq from 5305 to 5307
Skipped Seq from 5311 to 5313
Skipped Seq from 5313 to 5317
Skipped Seq from 5318 to 5321
Skipped Seq from 5321 to 5324
Skipped Seq from 5324 to 5334
Skipped Seq from 5335 to 5341
Skipped Seq from 5344 to 5346
Skipped Seq from 5348 to 5351
Skipped Seq from 5366 to 5368
Skipped Seq from 5369 to 5372
Skipped Seq from 5372 to 5374
Skipped Seq from 5375 to 5379
Skipped Seq from 5379 to 5383
Skipped Seq from 5383 to 5385
Skipped Seq from 5385 to 5387
Skipped Seq from 5389 to 5392
Skipped Seq from 5398 to 5400
Skipped Seq from 5403 to 5405
Skipped Seq from 5406 to 5408
Skipped Seq from 5409 to 5412
Skipped Seq from 5416 to 5420
Skipped Seq from 5420 to 5423
Skipped Seq from 5427 to 5429
Skipped Seq from 5431 to 5434
Skipped Seq from 5482 to 5485
Skipped Seq from 5485 to 5487
Skipped Seq from 5488 to 5490
Skipped Seq from 5495 to 5497
Skipped Seq from 12226 to 12228
Skipped Seq from 12231 to 12234
Skipped Seq from 12235 to 12237
Skipped Seq from 12241 to 12243
Skipped Seq from 12245 to 12249
Skipped Seq from 12251 to 12253
Skipped Seq from 12258 to 12260
Skipped Seq from 12262 to 12264
Skipped Seq from 12267 to 12269
Skipped Seq from 12273 to 12276
Skipped Seq from 12281 to 12283
Skipped Seq from 12286 to 12288
Skipped Seq from 12288 to 12290
Skipped Seq from 12293 to 12295
Skipped Seq from 12295 to 12297
Skipped Seq from 12308 to 12310
Skipped Seq from 12311 to 12313
Skipped Seq from 12313 to 12315
Skipped Seq from 12325 to 12328
Skipped Seq from 12332 to 12334
Skipped Seq from 12339 to 12343
Skipped Seq from 12344 to 12346
Skipped Seq from 12346 to 12348
Skipped Seq from 12348 to 12350
Skipped Seq from 12353 to 12355
Skipped Seq from 12359 to 12362
Skipped Seq from 12366 to 12368
Skipped Seq from 12369 to 12371
Skipped Seq from 12372 to 12374
Skipped Seq from 12374 to 12377
Skipped Seq from 12378 to 12380
Skipped Seq from 12380 to 12382
Skipped Seq from 12390 to 12392
Skipped Seq from 12402 to 12413
Skipped Seq from 12429 to 12439
Skipped Seq from 12448 to 12452
Skipped Seq from 12458 to 12469
Skipped Seq from 12470 to 12472
Skipped Seq from 12472 to 12474
Skipped Seq from 12478 to 12483
Skipped Seq from 12488 to 12491
Skipped Seq from 12492 to 12494
Skipped Seq from 12494 to 12496
Skipped Seq from 12500 to 12502
Skipped Seq from 12504 to 12507
Skipped Seq from 12528 to 12536
Skipped Seq from 12547 to 12549
Skipped Seq from 12558 to 12562
Skipped Seq from 12562 to 12566
Skipped Seq from 12591 to 12593
Skipped Seq from 12598 to 12600
Skipped Seq from 12600 to 12602
Skipped Seq from 12604 to 12606
Skipped Seq from 12612 to 12614
Skipped Seq from 12616 to 12618
Skipped Seq from 12620 to 12624
Skipped Seq from 12627 to 12629
Skipped Seq from 12631 to 12634
Skipped Seq from 12635 to 12637
Skipped Seq from 12637 to 12639
Skipped Seq from 12652 to 12654
Skipped Seq from 12657 to 12660
Skipped Seq from 12664 to 12666
Skipped Seq from 12672 to 12676
Skipped Seq from 12677 to 12681
Skipped Seq from 12682 to 12687
Skipped Seq from 12687 to 12690
Skipped Seq from 12690 to 12693
Skipped Seq from 12702 to 12704
Skipped Seq from 12704 to 12707
Skipped Seq from 12711 to 12713
Skipped Seq from 12714 to 12716
Skipped Seq from 12717 to 12719
Skipped Seq from 12723 to 12725
Skipped Seq from 12727 to 12729
Skipped Seq from 12736 to 12739
Skipped Seq from 12742 to 12744
Skipped Seq from 12749 to 12753
Skipped Seq from 12768 to 12774
Skipped Seq from 12775 to 12781
Skipped Seq from 12783 to 12785
Skipped Seq from 12785 to 12788
Skipped Seq from 12789 to 12792
Skipped Seq from 12793 to 12796
Skipped Seq from 12799 to 12802
Skipped Seq from 12811 to 12816
Skipped Seq from 12817 to 12822
Skipped Seq from 12829 to 12833
Skipped Seq from 12839 to 12841
Skipped Seq from 12848 to 12852
Skipped Seq from 12859 to 12862
Skipped Seq from 12866 to 12869
Skipped Seq from 12883 to 12885
Skipped Seq from 12886 to 12889
Skipped Seq from 12896 to 12898
Skipped Seq from 12899 to 12901
Skipped Seq from 12902 to 12905
Skipped Seq from 12907 to 12909
Skipped Seq from 12913 to 12918
Skipped Seq from 12920 to 12922
Skipped Seq from 12923 to 12925
Skipped Seq from 12926 to 12928
Skipped Seq from 12928 to 12930
Skipped Seq from 12944 to 12950
Skipped Seq from 12966 to 12973
Skipped Seq from 12975 to 12980
Skipped Seq from 12981 to 12983
Skipped Seq from 12984 to 12986
Skipped Seq from 12987 to 12989
Skipped Seq from 12989 to 12991
Skipped Seq from 12993 to 12995
Skipped Seq from 13009 to 13011
Skipped Seq from 13013 to 13015
Skipped Seq from 13018 to 13021
Skipped Seq from 13021 to 13025
Skipped Seq from 13026 to 13028
Skipped Seq from 13029 to 13032
Skipped Seq from 13038 to 13040
Skipped Seq from 13045 to 13047
Skipped Seq from 13050 to 13052
Skipped Seq from 13061 to 13067
Skipped Seq from 13071 to 13073
Skipped Seq from 13078 to 13082
Skipped Seq from 13083 to 13085
Skipped Seq from 13087 to 13089
Skipped Seq from 13089 to 13092
Skipped Seq from 13092 to 13095
Skipped Seq from 13097 to 13099
Skipped Seq from 13102 to 13106
Skipped Seq from 13107 to 13110
Skipped Seq from 13118 to 13120
Skipped Seq from 13125 to 13127
Skipped Seq from 13128 to 13130
Skipped Seq from 13153 to 13157
Skipped Seq from 13169 to 13171
Skipped Seq from 13171 to 13173
Skipped Seq from 13173 to 13176
Skipped Seq from 13176 to 13178
Skipped Seq from 13181 to 13183
Skipped Seq from 13187 to 13190
Skipped Seq from 13192 to 13194
Skipped Seq from 13194 to 13197
Skipped Seq from 13197 to 13199
Skipped Seq from 13199 to 13201
Skipped Seq from 13204 to 13206
Skipped Seq from 13214 to 13216
Skipped Seq from 13219 to 13221
Skipped Seq from 13225 to 13227
Skipped Seq from 13227 to 13229
Skipped Seq from 13231 to 13233
Skipped Seq from 13236 to 13238
Skipped Seq from 13240 to 13245
Skipped Seq from 13245 to 13247
Skipped Seq from 13247 to 13249
Skipped Seq from 13250 to 13252
Skipped Seq from 13265 to 13267
Skipped Seq from 13270 to 13273
Skipped Seq from 13275 to 13277
Skipped Seq from 13280 to 13282
Skipped Seq from 13285 to 13288
Skipped Seq from 13288 to 13291
Skipped Seq from 13291 to 13294
Skipped Seq from 13294 to 13296
Skipped Seq from 13296 to 13298
Skipped Seq from 13314 to 13316
Skipped Seq from 13317 to 13319
Skipped Seq from 13321 to 13323
Skipped Seq from 13323 to 13325
Skipped Seq from 13333 to 13336
Skipped Seq from 13338 to 13340
Skipped Seq from 13341 to 13345
Skipped Seq from 13347 to 13351
Skipped Seq from 13351 to 13353
Skipped Seq from 13353 to 13356
Skipped Seq from 13356 to 13358
Skipped Seq from 13359 to 13362
Skipped Seq from 13364 to 13366
Skipped Seq from 13369 to 13372
Skipped Seq from 13372 to 13376
Skipped Seq from 13376 to 13379
Skipped Seq from 13384 to 13386
Skipped Seq from 13386 to 13388
Skipped Seq from 13389 to 13392
Skipped Seq from 13393 to 13396
Skipped Seq from 13396 to 13400
Skipped Seq from 13406 to 13410
Skipped Seq from 13411 to 13413
Skipped Seq from 13413 to 13419
Skipped Seq from 13419 to 13423
Skipped Seq from 13423 to 13425
Skipped Seq from 13425 to 13431
Skipped Seq from 13431 to 13434
Skipped Seq from 13435 to 13438
Skipped Seq from 13441 to 13444
Skipped Seq from 13444 to 13449
Skipped Seq from 13450 to 13452
Skipped Seq from 13452 to 13454
Skipped Seq from 13454 to 13456
Skipped Seq from 13456 to 13460
Skipped Seq from 13465 to 13467
Skipped Seq from 13467 to 13472
Skipped Seq from 13472 to 13474
Skipped Seq from 13474 to 13478
Skipped Seq from 13478 to 13484
Skipped Seq from 13485 to 13487
Skipped Seq from 13487 to 13490
Skipped Seq from 13490 to 13492
Skipped Seq from 13494 to 13501
Skipped Seq from 13501 to 13506
Skipped Seq from 13508 to 13512
Skipped Seq from 13513 to 13515
Skipped Seq from 13517 to 13520
Skipped Seq from 13520 to 13522
Skipped Seq from 13524 to 13527
Skipped Seq from 13527 to 13529
Skipped Seq from 13529 to 13532
Skipped Seq from 13532 to 13536
Skipped Seq from 13536 to 13541
Skipped Seq from 13541 to 13543
Skipped Seq from 13544 to 13547
Skipped Seq from 13547 to 13549
Skipped Seq from 13549 to 13551
Skipped Seq from 13552 to 13554
Skipped Seq from 13554 to 13556
Skipped Seq from 13556 to 13558
Skipped Seq from 13558 to 13560
Skipped Seq from 13561 to 13563
Skipped Seq from 13567 to 13572
Skipped Seq from 13573 to 13575
Skipped Seq from 13577 to 13581
Skipped Seq from 13581 to 13586
Skipped Seq from 13587 to 13589
Skipped Seq from 13591 to 13597
Skipped Seq from 13597 to 13599
Skipped Seq from 13601 to 13603
Skipped Seq from 13603 to 13605
Skipped Seq from 13605 to 13610
Skipped Seq from 13611 to 13615
Skipped Seq from 13615 to 13620
Skipped Seq from 13620 to 13623
Skipped Seq from 13626 to 13631
Skipped Seq from 13632 to 13634
Skipped Seq from 13636 to 13638
Skipped Seq from 13639 to 13641
Skipped Seq from 13641 to 13643
Skipped Seq from 13646 to 13654
Skipped Seq from 13654 to 13656
Skipped Seq from 13656 to 13660
Skipped Seq from 13660 to 13662
Skipped Seq from 13662 to 13664
Skipped Seq from 13666 to 13671
Skipped Seq from 13671 to 13673
Skipped Seq from 13673 to 13675
Skipped Seq from 13678 to 13683
Skipped Seq from 13683 to 13687
Skipped Seq from 13687 to 13694
Skipped Seq from 13694 to 13696
Skipped Seq from 13696 to 13698
Skipped Seq from 13698 to 13702
Skipped Seq from 13704 to 13706
Skipped Seq from 13706 to 13727
Skipped Seq from 13727 to 13736
Skipped Seq from 13736 to 13747
Skipped Seq from 13747 to 13749
Skipped Seq from 13750 to 13752
Skipped Seq from 13753 to 13755
Skipped Seq from 13757 to 13759
Skipped Seq from 13759 to 13761
Skipped Seq from 13761 to 13764
Skipped Seq from 13764 to 13775
Skipped Seq from 13780 to 13785
Skipped Seq from 13785 to 13790
Skipped Seq from 13790 to 13792
Skipped Seq from 13798 to 13806
Skipped Seq from 13807 to 13815
Skipped Seq from 13815 to 13817
Skipped Seq from 13817 to 13819
Skipped Seq from 13819 to 13822
Skipped Seq from 13824 to 13826
Skipped Seq from 13826 to 13831
Skipped Seq from 13832 to 13835
Skipped Seq from 13837 to 13839
Skipped Seq from 13839 to 13843
Skipped Seq from 13845 to 13847
Skipped Seq from 13849 to 13853
Skipped Seq from 13853 to 13855
Skipped Seq from 13858 to 13864
Skipped Seq from 13864 to 13867
Skipped Seq from 13870 to 13872
Skipped Seq from 13873 to 13881
Skipped Seq from 13883 to 13885
Skipped Seq from 13885 to 13887
Skipped Seq from 13887 to 13889
Skipped Seq from 13894 to 13897
Skipped Seq from 13900 to 13905
Skipped Seq from 13905 to 13907
Skipped Seq from 13907 to 13910
Skipped Seq from 13911 to 13914
Skipped Seq from 13915 to 13917
Skipped Seq from 13917 to 13926
Skipped Seq from 13926 to 13928
Skipped Seq from 13929 to 13940
Skipped Seq from 13944 to 13948
Skipped Seq from 13948 to 13956
Skipped Seq from 13956 to 13960
Skipped Seq from 13961 to 13964
Skipped Seq from 13965 to 13967
Skipped Seq from 13967 to 13969
Skipped Seq from 13969 to 13971
Skipped Seq from 13971 to 13973
Skipped Seq from 13974 to 13984
Skipped Seq from 13984 to 13986
Skipped Seq from 13987 to 13991
Skipped Seq from 13991 to 13994
Skipped Seq from 13994 to 13997
Skipped Seq from 13998 to 14005
Skipped Seq from 14008 to 14011
Skipped Seq from 14011 to 14015
Skipped Seq from 14015 to 14020
Skipped Seq from 14021 to 14024
Skipped Seq from 14024 to 14027
Skipped Seq from 14027 to 14029
Skipped Seq from 14029 to 14031
Skipped Seq from 14032 to 14034
Skipped Seq from 14035 to 14037
Skipped Seq from 14037 to 14039
Skipped Seq from 14039 to 14046
Skipped Seq from 14046 to 14049
Skipped Seq from 14050 to 14055
Skipped Seq from 14055 to 14058
Skipped Seq from 14062 to 14065
Skipped Seq from 14066 to 14068
Skipped Seq from 14070 to 14072
Skipped Seq from 14078 to 14080
Skipped Seq from 14085 to 14088
Skipped Seq from 14088 to 14090
Skipped Seq from 14094 to 14097
Skipped Seq from 14101 to 14103
Skipped Seq from 14109 to 14111
Skipped Seq from 14115 to 14117
Skipped Seq from 14117 to 14119
Skipped Seq from 14120 to 14123
Skipped Seq from 14123 to 14125
Skipped Seq from 14125 to 14129
Skipped Seq from 14130 to 14132
Skipped Seq from 14133 to 14135
Skipped Seq from 14135 to 14140
Skipped Seq from 14141 to 14144
Skipped Seq from 14147 to 14149
Skipped Seq from 14149 to 14153
Skipped Seq from 14155 to 14157
Skipped Seq from 14157 to 14165
Skipped Seq from 14166 to 14169
Skipped Seq from 14171 to 14174
Skipped Seq from 14176 to 14178
Skipped Seq from 14178 to 14181
Skipped Seq from 14184 to 14188
Skipped Seq from 14188 to 14192
Skipped Seq from 14193 to 14195
Skipped Seq from 14195 to 14197
Skipped Seq from 14197 to 14200
Skipped Seq from 14200 to 14203
Skipped Seq from 14205 to 14210
Skipped Seq from 14211 to 14214
Skipped Seq from 14216 to 14218
Skipped Seq from 14221 to 14227
Skipped Seq from 14228 to 14235
Skipped Seq from 14236 to 14240
Skipped Seq from 14243 to 14245
Skipped Seq from 14245 to 14247
Skipped Seq from 14250 to 14255
Skipped Seq from 14256 to 14269
Skipped Seq from 14269 to 14271
Skipped Seq from 14271 to 14274
Skipped Seq from 14277 to 14279
Skipped Seq from 14279 to 14281
Skipped Seq from 14282 to 14284
Skipped Seq from 14284 to 14289
Skipped Seq from 14294 to 14300
Skipped Seq from 14302 to 14304
Skipped Seq from 14306 to 14309
Skipped Seq from 14311 to 14313
Skipped Seq from 14314 to 14318
Skipped Seq from 14320 to 14323
Skipped Seq from 14324 to 14326
Skipped Seq from 14327 to 14330
Skipped Seq from 14333 to 14336
Skipped Seq from 14336 to 14339
Skipped Seq from 14339 to 14341
Skipped Seq from 14344 to 14348
Skipped Seq from 14352 to 14356
Skipped Seq from 14356 to 14358
Skipped Seq from 14367 to 14374
Skipped Seq from 14376 to 14378
Skipped Seq from 14378 to 14381
Skipped Seq from 14387 to 14390
Skipped Seq from 14390 to 14392
Skipped Seq from 14392 to 14396
Skipped Seq from 14396 to 14398
Skipped Seq from 14403 to 14406
Skipped Seq from 14411 to 14413
Skipped Seq from 14413 to 14417
Skipped Seq from 14418 to 14421
Skipped Seq from 14421 to 14424
Skipped Seq from 14428 to 14430
Skipped Seq from 14430 to 14432
Skipped Seq from 14432 to 14434
Skipped Seq from 14436 to 14440
Skipped Seq from 14440 to 14443
Skipped Seq from 14443 to 14447
Skipped Seq from 14449 to 14451
Skipped Seq from 14456 to 14458
Skipped Seq from 14461 to 14463
Skipped Seq from 14469 to 14471
Skipped Seq from 14476 to 14478
Skipped Seq from 14491 to 14497
Skipped Seq from 14506 to 14514
Skipped Seq from 14520 to 14522
Skipped Seq from 14524 to 14532
Skipped Seq from 14532 to 14537
Skipped Seq from 14540 to 14542
Skipped Seq from 14542 to 14544
Skipped Seq from 14545 to 14548
Skipped Seq from 14549 to 14551
Skipped Seq from 14555 to 14558
Skipped Seq from 14559 to 14568
Skipped Seq from 14568 to 14570
Skipped Seq from 14575 to 14577
Skipped Seq from 14577 to 14579
Skipped Seq from 14590 to 14593
Skipped Seq from 14594 to 14596
Skipped Seq from 14619 to 14623
Skipped Seq from 14624 to 14626
Skipped Seq from 14626 to 14628
Skipped Seq from 14633 to 14637
Skipped Seq from 14641 to 14643
Skipped Seq from 14645 to 14647
Skipped Seq from 14676 to 14680
Skipped Seq from 14680 to 14684
Skipped Seq from 14691 to 14695
Skipped Seq from 14697 to 14700
Skipped Seq from 14705 to 14708
Skipped Seq from 14719 to 14724
Skipped Seq from 14729 to 14734
Skipped Seq from 14734 to 14737
Skipped Seq from 14745 to 14748
Skipped Seq from 14749 to 14751
Skipped Seq from 14751 to 14755
Skipped Seq from 14758 to 14760
Skipped Seq from 14760 to 14762
Skipped Seq from 14765 to 14769
Skipped Seq from 14769 to 14773
Skipped Seq from 14774 to 14776
Skipped Seq from 14777 to 14783
Skipped Seq from 14783 to 14786
Skipped Seq from 14787 to 14789
Skipped Seq from 14789 to 14791
Skipped Seq from 14805 to 14808
Skipped Seq from 14812 to 14817
Skipped Seq from 14818 to 14821
Skipped Seq from 14827 to 14830
Skipped Seq from 14834 to 14836
Skipped Seq from 14847 to 14852
Skipped Seq from 14858 to 14861
Skipped Seq from 14861 to 14864
Skipped Seq from 14865 to 14869
Skipped Seq from 14875 to 14879
Skipped Seq from 14882 to 14884
Skipped Seq from 14890 to 14894
Skipped Seq from 14895 to 14897
Skipped Seq from 14909 to 14915
Skipped Seq from 16544 to 16553
Skipped Seq from 16559 to 16563
Skipped Seq from 16563 to 16565
Skipped Seq from 16582 to 16585
Skipped Seq from 16612 to 16630
Skipped Seq from 16631 to 16634
Skipped Seq from 16634 to 16644
Skipped Seq from 16644 to 16649
Skipped Seq from 16651 to 16654
Skipped Seq from 16676 to 16680
Skipped Seq from 16686 to 16691
Skipped Seq from 16691 to 16708
Skipped Seq from 16708 to 16710
Skipped Seq from 16723 to 16725
Skipped Seq from 16736 to 16742
Skipped Seq from 16742 to 16745
Skipped Seq from 16745 to 16747
Skipped Seq from 16750 to 16757
Skipped Seq from 16763 to 16769
Skipped Seq from 16777 to 16779
Skipped Seq from 16779 to 16785
Skipped Seq from 16785 to 16788
Skipped Seq from 16791 to 16796
Skipped Seq from 16797 to 16804
Skipped Seq from 16805 to 16812
Skipped Seq from 16816 to 16819
Skipped Seq from 16819 to 16823
Skipped Seq from 16839 to 16841
Skipped Seq from 16841 to 16844
Skipped Seq from 16855 to 16860
Skipped Seq from 16865 to 16870
Skipped Seq from 16870 to 16872
Skipped Seq from 16872 to 16874
Skipped Seq from 16874 to 16877
Skipped Seq from 16882 to 16886
Skipped Seq from 16886 to 16889
Skipped Seq from 16889 to 16891
Skipped Seq from 16891 to 16894
Skipped Seq from 16897 to 16900
Skipped Seq from 16901 to 16903
Skipped Seq from 16905 to 16907
Skipped Seq from 16907 to 16910
Skipped Seq from 16916 to 16919
Skipped Seq from 16924 to 16926
Skipped Seq from 16926 to 16928
Skipped Seq from 16932 to 16934
Skipped Seq from 16936 to 16940
Skipped Seq from 16944 to 16948
Skipped Seq from 16949 to 16952
Skipped Seq from 16953 to 16958
Skipped Seq from 16958 to 16960
Skipped Seq from 16969 to 16972
Skipped Seq from 16977 to 16981
Skipped Seq from 16989 to 16992
Skipped Seq from 16992 to 16994
Skipped Seq from 17004 to 17006
Skipped Seq from 17014 to 17017
Skipped Seq from 17029 to 17032
Skipped Seq from 17042 to 17044
Skipped Seq from 17046 to 17050
Skipped Seq from 17058 to 17060
Skipped Seq from 17067 to 17069
Skipped Seq from 17069 to 17074
Skipped Seq from 17080 to 17082
Skipped Seq from 17096 to 17098
Skipped Seq from 17100 to 17102
Skipped Seq from 17103 to 17105
Skipped Seq from 17107 to 17110
Skipped Seq from 17111 to 17113
Skipped Seq from 17116 to 17119
Skipped Seq from 17120 to 17122
Skipped Seq from 17132 to 17141
Skipped Seq from 17146 to 17150
Skipped Seq from 17152 to 17154
Skipped Seq from 17162 to 17165
Skipped Seq from 17166 to 17168
Skipped Seq from 17192 to 17197
Skipped Seq from 17204 to 17207
Skipped Seq from 17208 to 17210
Skipped Seq from 17210 to 17212
Skipped Seq from 17213 to 17219
Skipped Seq from 17219 to 17222
Skipped Seq from 17234 to 17237
Skipped Seq from 17255 to 17258
Skipped Seq from 17271 to 17273
Skipped Seq from 17285 to 17287
Skipped Seq from 17289 to 17291
Skipped Seq from 17314 to 17316
Skipped Seq from 17319 to 17321
Skipped Seq from 17326 to 17328
Skipped Seq from 17328 to 17331
Skipped Seq from 17335 to 17337
Skipped Seq from 17347 to 17349
Skipped Seq from 17357 to 17359
Skipped Seq from 17362 to 17364
Skipped Seq from 17364 to 17366
Skipped Seq from 17370 to 17372
Skipped Seq from 17376 to 17378
Number of times throttled: 15
Received: 19314 / 22372 packets
Start time: 1332838889.839845
End time: 1332838962.562904
Duration: 72.723059
