Starting client at 10.0.0.17:1251 with timeout:10
My IP address is 10.0.0.17Skipped Seq from 899 to 902
Skipped Seq from 910 to 914
Skipped Seq from 914 to 918
Skipped Seq from 927 to 931
Skipped Seq from 934 to 937
Skipped Seq from 937 to 939
Skipped Seq from 940 to 942
Skipped Seq from 944 to 948
Skipped Seq from 952 to 954
Skipped Seq from 985 to 989
Skipped Seq from 993 to 998
Skipped Seq from 1008 to 1010
Skipped Seq from 1014 to 1016
Skipped Seq from 1018 to 1021
Skipped Seq from 1025 to 1028
Skipped Seq from 1032 to 1038
Skipped Seq from 1038 to 1042
Skipped Seq from 1042 to 1053
Skipped Seq from 1062 to 1066
Skipped Seq from 1069 to 1072
Skipped Seq from 1072 to 1074
Skipped Seq from 1081 to 1087
Skipped Seq from 1097 to 1101
Skipped Seq from 1102 to 1104
Skipped Seq from 1110 to 1112
Skipped Seq from 1116 to 1121
Skipped Seq from 1121 to 1129
Skipped Seq from 1129 to 1133
Skipped Seq from 1133 to 1135
Skipped Seq from 1138 to 1141
Skipped Seq from 1146 to 1151
Skipped Seq from 1161 to 1163
Skipped Seq from 1166 to 1169
Skipped Seq from 1169 to 1172
Skipped Seq from 1183 to 1187
Skipped Seq from 1187 to 1190
Skipped Seq from 1191 to 1193
Skipped Seq from 1194 to 1197
Skipped Seq from 1199 to 1201
Skipped Seq from 1219 to 1237
Skipped Seq from 1237 to 1256
Skipped Seq from 1256 to 1259
Skipped Seq from 1265 to 1268
Skipped Seq from 1268 to 1275
Skipped Seq from 1275 to 1279
Skipped Seq from 1280 to 1285
Skipped Seq from 1293 to 1295
Skipped Seq from 1297 to 1302
Skipped Seq from 1328 to 1330
Skipped Seq from 1330 to 1332
Skipped Seq from 1333 to 1335
Skipped Seq from 1337 to 1340
Skipped Seq from 1340 to 1343
Skipped Seq from 1343 to 1345
Skipped Seq from 1351 to 1355
Skipped Seq from 1355 to 1358
Skipped Seq from 1360 to 1365
Skipped Seq from 1366 to 1370
Skipped Seq from 1378 to 1380
Skipped Seq from 1390 to 1393
Skipped Seq from 1393 to 1396
Skipped Seq from 1399 to 1401
Skipped Seq from 1401 to 1406
Skipped Seq from 1409 to 1411
Skipped Seq from 1441 to 1449
Skipped Seq from 1463 to 1465
Skipped Seq from 1467 to 1470
Skipped Seq from 1470 to 1473
Skipped Seq from 1478 to 1483
Skipped Seq from 1491 to 1493
Skipped Seq from 1495 to 1498
Skipped Seq from 1509 to 1511
Skipped Seq from 1516 to 1521
Skipped Seq from 1525 to 1527
Number of times throttled: 2
Received: 1325 / 1540 packets
Start time: 1332839007.001128
End time: 1332839022.358877
Duration: 15.357749
