Starting client at 10.0.0.12:1236 with timeout:10
My IP address is 10.0.0.12Skipped Seq from 1250 to 1252
Skipped Seq from 1253 to 1256
Skipped Seq from 1256 to 1258
Skipped Seq from 1277 to 1279
Skipped Seq from 1280 to 1289
Skipped Seq from 1301 to 1303
Skipped Seq from 1303 to 1308
Skipped Seq from 1309 to 1311
Skipped Seq from 1316 to 1318
Skipped Seq from 1327 to 1330
Skipped Seq from 1330 to 1332
Skipped Seq from 1335 to 1337
Skipped Seq from 1344 to 1346
Skipped Seq from 1350 to 1354
Skipped Seq from 1355 to 1359
Skipped Seq from 1359 to 1363
Skipped Seq from 1368 to 1373
Skipped Seq from 1381 to 1383
Skipped Seq from 1389 to 1391
Skipped Seq from 1391 to 1394
Skipped Seq from 1394 to 1398
Skipped Seq from 1425 to 1428
Skipped Seq from 1430 to 1432
Skipped Seq from 1433 to 1435
Skipped Seq from 1435 to 1437
Skipped Seq from 1437 to 1440
Skipped Seq from 1440 to 1442
Skipped Seq from 1454 to 1457
Skipped Seq from 1457 to 1459
Skipped Seq from 1466 to 1470
Skipped Seq from 1470 to 1475
Skipped Seq from 1475 to 1480
Skipped Seq from 1484 to 1486
Skipped Seq from 1486 to 1490
Skipped Seq from 1493 to 1497
Skipped Seq from 1516 to 1518
Skipped Seq from 1518 to 1524
Skipped Seq from 1524 to 1526
Skipped Seq from 1532 to 1538
Skipped Seq from 1561 to 1563
Skipped Seq from 1570 to 1574
Skipped Seq from 1574 to 1576
Skipped Seq from 1578 to 1580
Skipped Seq from 1590 to 1593
Skipped Seq from 1598 to 1600
Skipped Seq from 1600 to 1603
Skipped Seq from 1608 to 1610
Skipped Seq from 1615 to 1621
Skipped Seq from 1626 to 1631
Skipped Seq from 1641 to 1644
Skipped Seq from 1646 to 1650
Skipped Seq from 1650 to 1656
Skipped Seq from 1656 to 1659
Skipped Seq from 1659 to 1661
Skipped Seq from 1661 to 1665
Skipped Seq from 1665 to 1669
Skipped Seq from 1670 to 1672
Skipped Seq from 1689 to 1691
Skipped Seq from 1692 to 1706
Skipped Seq from 1706 to 1708
Skipped Seq from 1709 to 1712
Skipped Seq from 1719 to 1729
Skipped Seq from 1731 to 1734
Skipped Seq from 1734 to 1736
Skipped Seq from 1736 to 1739
Skipped Seq from 1739 to 1741
Skipped Seq from 1748 to 1754
Skipped Seq from 1754 to 1757
Skipped Seq from 1761 to 1763
Skipped Seq from 1766 to 1773
Skipped Seq from 1778 to 1781
Skipped Seq from 1786 to 1788
Skipped Seq from 1794 to 1798
Skipped Seq from 1829 to 1833
Skipped Seq from 1843 to 1847
Skipped Seq from 1850 to 1853
Skipped Seq from 1853 to 1855
Skipped Seq from 1855 to 1857
Skipped Seq from 1859 to 1861
Skipped Seq from 1863 to 1867
Skipped Seq from 1867 to 1869
Skipped Seq from 1878 to 1883
Skipped Seq from 1886 to 1888
Skipped Seq from 1892 to 1894
Skipped Seq from 1901 to 1904
Skipped Seq from 1905 to 1907
Skipped Seq from 1920 to 1923
Skipped Seq from 1924 to 1929
Skipped Seq from 1935 to 1937
Skipped Seq from 1937 to 1939
Skipped Seq from 1939 to 1941
Skipped Seq from 1947 to 1951
Skipped Seq from 1951 to 1953
Skipped Seq from 1956 to 1962
Skipped Seq from 1964 to 1967
Skipped Seq from 1976 to 1980
Skipped Seq from 1980 to 1982
Skipped Seq from 1982 to 1985
Skipped Seq from 1985 to 1987
Skipped Seq from 1988 to 1991
Skipped Seq from 1993 to 1995
Skipped Seq from 2001 to 2003
Skipped Seq from 2003 to 2005
Skipped Seq from 2005 to 2007
Skipped Seq from 2024 to 2026
Skipped Seq from 2031 to 2033
Skipped Seq from 2035 to 2041
Skipped Seq from 2042 to 2045
Skipped Seq from 2050 to 2052
Skipped Seq from 2059 to 2061
Skipped Seq from 2066 to 2070
Skipped Seq from 2074 to 2076
Skipped Seq from 2076 to 2078
Skipped Seq from 2078 to 2080
Skipped Seq from 2080 to 2083
Skipped Seq from 2084 to 2090
Skipped Seq from 2099 to 2102
Skipped Seq from 2102 to 2105
Skipped Seq from 2107 to 2109
Skipped Seq from 2109 to 2112
Skipped Seq from 2120 to 2122
Skipped Seq from 2122 to 2124
Skipped Seq from 2124 to 2127
Skipped Seq from 2128 to 2130
Skipped Seq from 2131 to 2133
Skipped Seq from 2133 to 2135
Skipped Seq from 2136 to 2142
Skipped Seq from 2147 to 2150
Skipped Seq from 2155 to 2159
Skipped Seq from 2163 to 2165
Skipped Seq from 2171 to 2173
Skipped Seq from 2179 to 2181
Skipped Seq from 2185 to 2187
Skipped Seq from 2188 to 2190
Skipped Seq from 2191 to 2193
Skipped Seq from 2193 to 2195
Skipped Seq from 2197 to 2202
Skipped Seq from 2207 to 2209
Skipped Seq from 2213 to 2218
Skipped Seq from 2221 to 2223
Skipped Seq from 2229 to 2234
Skipped Seq from 2245 to 2252
Skipped Seq from 2255 to 2257
Skipped Seq from 2267 to 2269
Skipped Seq from 2269 to 2272
Skipped Seq from 2272 to 2275
Skipped Seq from 2283 to 2288
Skipped Seq from 2292 to 2294
Skipped Seq from 2294 to 2297
Skipped Seq from 2297 to 2300
Skipped Seq from 2307 to 2309
Skipped Seq from 2316 to 2322
Skipped Seq from 2333 to 2339
Skipped Seq from 2339 to 2346
Skipped Seq from 2346 to 2348
Skipped Seq from 2348 to 2350
Skipped Seq from 2354 to 2357
Skipped Seq from 2357 to 2359
Skipped Seq from 2359 to 2361
Skipped Seq from 2369 to 2373
Skipped Seq from 2375 to 2379
Skipped Seq from 2379 to 2381
Skipped Seq from 2381 to 2383
Skipped Seq from 2383 to 2385
Skipped Seq from 2392 to 2400
Skipped Seq from 2408 to 2410
Skipped Seq from 2410 to 2413
Skipped Seq from 2413 to 2416
Skipped Seq from 2416 to 2419
Skipped Seq from 2421 to 2423
Skipped Seq from 2423 to 2429
Skipped Seq from 2429 to 2431
Skipped Seq from 2461 to 2472
Skipped Seq from 2488 to 2492
Skipped Seq from 2502 to 2504
Skipped Seq from 2509 to 2511
Skipped Seq from 2511 to 2516
Skipped Seq from 2519 to 2528
Skipped Seq from 2528 to 2530
Skipped Seq from 2531 to 2538
Skipped Seq from 2540 to 2545
Skipped Seq from 2546 to 2549
Skipped Seq from 2549 to 2553
Skipped Seq from 2557 to 2561
Skipped Seq from 2562 to 2564
Skipped Seq from 2564 to 2566
Skipped Seq from 2566 to 2573
Skipped Seq from 2587 to 2593
Skipped Seq from 2594 to 2597
Skipped Seq from 2597 to 2600
Skipped Seq from 2606 to 2608
Skipped Seq from 2615 to 2618
Skipped Seq from 2618 to 2623
Skipped Seq from 2623 to 2625
Skipped Seq from 2629 to 2631
Skipped Seq from 2639 to 2641
Skipped Seq from 2644 to 2646
Skipped Seq from 2649 to 2651
Skipped Seq from 2655 to 2657
Skipped Seq from 2658 to 2660
Skipped Seq from 2664 to 2668
Skipped Seq from 2671 to 2674
Skipped Seq from 2674 to 2676
Skipped Seq from 6060 to 6065
Skipped Seq from 6065 to 6067
Skipped Seq from 6067 to 6069
Skipped Seq from 6071 to 6076
Skipped Seq from 6077 to 6080
Skipped Seq from 6081 to 6083
Skipped Seq from 6086 to 6088
Skipped Seq from 6088 to 6090
Skipped Seq from 6090 to 6093
Skipped Seq from 6095 to 6097
Skipped Seq from 6097 to 6104
Skipped Seq from 6104 to 6106
Skipped Seq from 6108 to 6110
Skipped Seq from 6111 to 6121
Skipped Seq from 6121 to 6123
Skipped Seq from 6123 to 6125
Skipped Seq from 6125 to 6129
Skipped Seq from 6133 to 6140
Skipped Seq from 6142 to 6146
Skipped Seq from 6146 to 6150
Skipped Seq from 6150 to 6155
Skipped Seq from 6163 to 6171
Skipped Seq from 6177 to 6179
Skipped Seq from 6180 to 6184
Skipped Seq from 6185 to 6187
Skipped Seq from 6187 to 6189
Skipped Seq from 6189 to 6192
Skipped Seq from 6192 to 6195
Skipped Seq from 6195 to 6199
Skipped Seq from 6199 to 6201
Skipped Seq from 6202 to 6204
Skipped Seq from 6205 to 6207
Skipped Seq from 6216 to 6221
Skipped Seq from 6222 to 6226
Skipped Seq from 6226 to 6229
Skipped Seq from 6232 to 6243
Skipped Seq from 6245 to 6247
Skipped Seq from 6247 to 6249
Skipped Seq from 6258 to 6260
Skipped Seq from 6260 to 6270
Skipped Seq from 6277 to 6279
Skipped Seq from 6279 to 6281
Skipped Seq from 6281 to 6285
Skipped Seq from 6287 to 6297
Skipped Seq from 6297 to 6301
Skipped Seq from 6301 to 6310
Skipped Seq from 6316 to 6318
Skipped Seq from 6323 to 6329
Skipped Seq from 6329 to 6335
Skipped Seq from 6335 to 6341
Skipped Seq from 6341 to 6347
Skipped Seq from 6348 to 6353
Skipped Seq from 6356 to 6361
Skipped Seq from 6365 to 6368
Skipped Seq from 6372 to 6379
Skipped Seq from 6382 to 6386
Skipped Seq from 6389 to 6391
Skipped Seq from 6392 to 6394
Skipped Seq from 6394 to 6396
Skipped Seq from 6397 to 6406
Skipped Seq from 6408 to 6412
Skipped Seq from 6412 to 6420
Skipped Seq from 6425 to 6427
Skipped Seq from 6428 to 6431
Skipped Seq from 6432 to 6435
Skipped Seq from 6436 to 6439
Skipped Seq from 6441 to 6443
Skipped Seq from 6446 to 6448
Skipped Seq from 6448 to 6452
Skipped Seq from 6455 to 6457
Skipped Seq from 6457 to 6461
Skipped Seq from 6463 to 6471
Skipped Seq from 6471 to 6475
Skipped Seq from 6480 to 6484
Skipped Seq from 6486 to 6493
Skipped Seq from 6495 to 6507
Skipped Seq from 6508 to 6510
Skipped Seq from 6512 to 6515
Skipped Seq from 6519 to 6521
Skipped Seq from 6523 to 6526
Skipped Seq from 6530 to 6538
Skipped Seq from 6538 to 6541
Skipped Seq from 6541 to 6547
Skipped Seq from 6547 to 6549
Skipped Seq from 6551 to 6554
Skipped Seq from 6554 to 6556
Skipped Seq from 6558 to 6560
Skipped Seq from 6560 to 6564
Skipped Seq from 6566 to 6568
Skipped Seq from 6570 to 6575
Skipped Seq from 6575 to 6579
Skipped Seq from 6579 to 6585
Skipped Seq from 6585 to 6594
Skipped Seq from 6594 to 6598
Skipped Seq from 6598 to 6605
Skipped Seq from 6605 to 6608
Skipped Seq from 6612 to 6614
Skipped Seq from 6616 to 6619
Skipped Seq from 6619 to 6622
Skipped Seq from 6631 to 6633
Skipped Seq from 6633 to 6640
Skipped Seq from 6640 to 6642
Skipped Seq from 6642 to 6645
Skipped Seq from 6645 to 6649
Skipped Seq from 6654 to 6657
Skipped Seq from 6657 to 6661
Skipped Seq from 6661 to 6663
Skipped Seq from 6664 to 6668
Skipped Seq from 6668 to 6670
Skipped Seq from 6670 to 6673
Skipped Seq from 6677 to 6679
Skipped Seq from 6679 to 6682
Skipped Seq from 6682 to 6686
Skipped Seq from 6686 to 6688
Skipped Seq from 6688 to 6690
Skipped Seq from 6694 to 6698
Skipped Seq from 6699 to 6702
Skipped Seq from 6704 to 6706
Skipped Seq from 6707 to 6711
Skipped Seq from 6711 to 6714
Skipped Seq from 6717 to 6720
Skipped Seq from 6722 to 6725
Skipped Seq from 6725 to 6728
Skipped Seq from 6735 to 6738
Skipped Seq from 6738 to 6744
Skipped Seq from 6744 to 6752
Skipped Seq from 6754 to 6756
Skipped Seq from 6756 to 6758
Skipped Seq from 6759 to 6762
Skipped Seq from 6763 to 6765
Skipped Seq from 6766 to 6768
Skipped Seq from 6770 to 6772
Skipped Seq from 6778 to 6785
Skipped Seq from 6785 to 6790
Skipped Seq from 6792 to 6794
Skipped Seq from 6796 to 6800
Skipped Seq from 6800 to 6802
Skipped Seq from 6802 to 6804
Skipped Seq from 6804 to 6807
Skipped Seq from 6808 to 6812
Skipped Seq from 6813 to 6820
Skipped Seq from 6821 to 6828
Skipped Seq from 6828 to 6830
Skipped Seq from 6830 to 6832
Skipped Seq from 6832 to 6834
Skipped Seq from 6837 to 6844
Skipped Seq from 6844 to 6847
Skipped Seq from 6848 to 6855
Skipped Seq from 6855 to 6858
Skipped Seq from 6858 to 6863
Skipped Seq from 6863 to 6865
Skipped Seq from 6866 to 6870
Skipped Seq from 6870 to 6873
Skipped Seq from 6873 to 6879
Skipped Seq from 6879 to 6881
Skipped Seq from 6886 to 6888
Skipped Seq from 6888 to 6891
Skipped Seq from 6891 to 6895
Skipped Seq from 6895 to 6900
Skipped Seq from 6900 to 6902
Skipped Seq from 6902 to 6904
Skipped Seq from 6906 to 6912
Skipped Seq from 6913 to 6918
Skipped Seq from 6920 to 6924
Skipped Seq from 6924 to 6929
Skipped Seq from 6932 to 6934
Skipped Seq from 6934 to 6936
Skipped Seq from 6936 to 6941
Skipped Seq from 6941 to 6945
Skipped Seq from 6945 to 6950
Skipped Seq from 6957 to 6968
Skipped Seq from 6968 to 6985
Skipped Seq from 7001 to 7005
Skipped Seq from 7005 to 7010
Skipped Seq from 7012 to 7014
Skipped Seq from 7014 to 7020
Skipped Seq from 7020 to 7025
Skipped Seq from 7026 to 7028
Skipped Seq from 7028 to 7033
Skipped Seq from 7033 to 7035
Skipped Seq from 7037 to 7040
Skipped Seq from 7041 to 7043
Skipped Seq from 7043 to 7045
Skipped Seq from 7046 to 7048
Skipped Seq from 7049 to 7051
Skipped Seq from 7051 to 7055
Skipped Seq from 7055 to 7057
Skipped Seq from 7057 to 7060
Skipped Seq from 7060 to 7064
Skipped Seq from 7069 to 7071
Skipped Seq from 7075 to 7079
Skipped Seq from 7081 to 7084
Skipped Seq from 7084 to 7086
Skipped Seq from 7087 to 7089
Skipped Seq from 7089 to 7091
Skipped Seq from 7092 to 7094
Skipped Seq from 7095 to 7098
Skipped Seq from 7099 to 7101
Skipped Seq from 7103 to 7105
Skipped Seq from 7105 to 7107
Skipped Seq from 7107 to 7110
Skipped Seq from 7112 to 7116
Skipped Seq from 7116 to 7120
Skipped Seq from 7120 to 7124
Skipped Seq from 7124 to 7128
Skipped Seq from 7128 to 7132
Skipped Seq from 7132 to 7135
Skipped Seq from 7138 to 7148
Skipped Seq from 7149 to 7151
Skipped Seq from 7151 to 7153
Skipped Seq from 7154 to 7157
Skipped Seq from 7161 to 7165
Skipped Seq from 7165 to 7167
Skipped Seq from 7170 to 7172
Skipped Seq from 7173 to 7175
Skipped Seq from 7175 to 7177
Skipped Seq from 7177 to 7180
Skipped Seq from 7181 to 7183
Skipped Seq from 7183 to 7185
Skipped Seq from 7185 to 7187
Skipped Seq from 7189 to 7192
Skipped Seq from 7192 to 7195
Skipped Seq from 7195 to 7197
Skipped Seq from 7198 to 7201
Skipped Seq from 7201 to 7204
Skipped Seq from 7205 to 7207
Skipped Seq from 7213 to 7216
Skipped Seq from 7218 to 7220
Skipped Seq from 7231 to 7233
Skipped Seq from 7236 to 7239
Skipped Seq from 7240 to 7242
Skipped Seq from 7242 to 7244
Skipped Seq from 7247 to 7249
Skipped Seq from 7250 to 7252
Skipped Seq from 7257 to 7262
Skipped Seq from 7263 to 7267
Skipped Seq from 7267 to 7269
Skipped Seq from 7272 to 7274
Skipped Seq from 7278 to 7280
Skipped Seq from 7280 to 7285
Skipped Seq from 7285 to 7291
Skipped Seq from 7294 to 7297
Skipped Seq from 7298 to 7305
Skipped Seq from 7306 to 7310
Skipped Seq from 7310 to 7312
Skipped Seq from 7318 to 7321
Skipped Seq from 7322 to 7324
Skipped Seq from 7325 to 7327
Skipped Seq from 7332 to 7334
Skipped Seq from 7337 to 7341
Skipped Seq from 7346 to 7348
Skipped Seq from 7352 to 7358
Skipped Seq from 7359 to 7361
Skipped Seq from 7361 to 7363
Skipped Seq from 7373 to 7375
Skipped Seq from 7385 to 7387
Skipped Seq from 7388 to 7390
Skipped Seq from 7394 to 7397
Skipped Seq from 7397 to 7400
Skipped Seq from 7414 to 7417
Skipped Seq from 7418 to 7422
Skipped Seq from 7425 to 7427
Skipped Seq from 10785 to 10789
Skipped Seq from 10789 to 10791
Skipped Seq from 10792 to 10802
Skipped Seq from 10802 to 10808
Skipped Seq from 10808 to 10811
Skipped Seq from 10812 to 10814
Skipped Seq from 10814 to 10816
Skipped Seq from 10816 to 10821
Skipped Seq from 10822 to 10825
Skipped Seq from 10825 to 10828
Skipped Seq from 10832 to 10834
Skipped Seq from 10834 to 10840
Skipped Seq from 10840 to 10843
Skipped Seq from 10843 to 10847
Skipped Seq from 10848 to 10851
Skipped Seq from 10853 to 10859
Skipped Seq from 10859 to 10861
Skipped Seq from 10861 to 10863
Skipped Seq from 10863 to 10866
Skipped Seq from 10866 to 10868
Skipped Seq from 10869 to 10872
Skipped Seq from 10874 to 10876
Skipped Seq from 10878 to 10888
Skipped Seq from 10891 to 10893
Skipped Seq from 10896 to 10899
Skipped Seq from 10899 to 10904
Skipped Seq from 10904 to 10914
Skipped Seq from 10914 to 10916
Skipped Seq from 10917 to 10919
Skipped Seq from 10920 to 10927
Skipped Seq from 10927 to 10929
Skipped Seq from 10929 to 10935
Skipped Seq from 10936 to 10938
Skipped Seq from 10939 to 10946
Skipped Seq from 10946 to 10951
Skipped Seq from 10951 to 10956
Skipped Seq from 10962 to 10966
Skipped Seq from 10985 to 10994
Skipped Seq from 10996 to 10999
Skipped Seq from 10999 to 11003
Skipped Seq from 11003 to 11005
Skipped Seq from 11008 to 11015
Skipped Seq from 11018 to 11020
Skipped Seq from 11020 to 11023
Skipped Seq from 11025 to 11027
Skipped Seq from 11029 to 11031
Skipped Seq from 11031 to 11035
Skipped Seq from 11035 to 11039
Skipped Seq from 11039 to 11042
Skipped Seq from 11042 to 11044
Skipped Seq from 11044 to 11046
Skipped Seq from 11048 to 11050
Skipped Seq from 11050 to 11056
Skipped Seq from 11056 to 11058
Skipped Seq from 11062 to 11066
Skipped Seq from 11066 to 11069
Skipped Seq from 11075 to 11082
Skipped Seq from 11084 to 11086
Skipped Seq from 11088 to 11090
Skipped Seq from 11090 to 11098
Skipped Seq from 11098 to 11100
Skipped Seq from 11101 to 11108
Skipped Seq from 11111 to 11115
Skipped Seq from 11116 to 11118
Skipped Seq from 11120 to 11122
Skipped Seq from 11123 to 11125
Skipped Seq from 11125 to 11131
Skipped Seq from 11136 to 11144
Skipped Seq from 11145 to 11151
Skipped Seq from 11151 to 11153
Skipped Seq from 11153 to 11158
Skipped Seq from 11158 to 11162
Skipped Seq from 11162 to 11164
Skipped Seq from 11166 to 11170
Skipped Seq from 11170 to 11174
Skipped Seq from 11174 to 11176
Skipped Seq from 11176 to 11181
Skipped Seq from 11183 to 11185
Skipped Seq from 11185 to 11187
Skipped Seq from 11187 to 11190
Skipped Seq from 11191 to 11196
Skipped Seq from 11196 to 11199
Skipped Seq from 11199 to 11201
Skipped Seq from 11202 to 11205
Skipped Seq from 11209 to 11215
Skipped Seq from 11215 to 11217
Skipped Seq from 11217 to 11219
Skipped Seq from 11222 to 11225
Skipped Seq from 11225 to 11228
Skipped Seq from 11228 to 11230
Skipped Seq from 11233 to 11238
Skipped Seq from 11239 to 11241
Skipped Seq from 11246 to 11255
Skipped Seq from 11255 to 11258
Skipped Seq from 11259 to 11262
Skipped Seq from 11264 to 11266
Skipped Seq from 11266 to 11268
Skipped Seq from 11268 to 11270
Skipped Seq from 11274 to 11276
Skipped Seq from 11278 to 11282
Skipped Seq from 11283 to 11285
Skipped Seq from 11287 to 11290
Skipped Seq from 11290 to 11293
Skipped Seq from 11293 to 11298
Skipped Seq from 11298 to 11300
Skipped Seq from 11300 to 11309
Skipped Seq from 11311 to 11313
Skipped Seq from 11313 to 11316
Skipped Seq from 11317 to 11320
Skipped Seq from 11321 to 11325
Skipped Seq from 11331 to 11336
Skipped Seq from 11337 to 11339
Skipped Seq from 11339 to 11342
Skipped Seq from 11342 to 11344
Skipped Seq from 11346 to 11349
Skipped Seq from 11349 to 11352
Skipped Seq from 11352 to 11357
Skipped Seq from 11361 to 11363
Skipped Seq from 11363 to 11369
Skipped Seq from 11369 to 11379
Skipped Seq from 11379 to 11387
Skipped Seq from 11387 to 11390
Skipped Seq from 11390 to 11392
Skipped Seq from 11392 to 11394
Skipped Seq from 11394 to 11398
Skipped Seq from 11399 to 11401
Skipped Seq from 11407 to 11409
Skipped Seq from 11411 to 11413
Skipped Seq from 11413 to 11420
Skipped Seq from 11420 to 11427
Skipped Seq from 11428 to 11433
Skipped Seq from 11434 to 11436
Skipped Seq from 11436 to 11438
Skipped Seq from 11438 to 11445
Skipped Seq from 11448 to 11450
Skipped Seq from 11451 to 11454
Skipped Seq from 11454 to 11457
Skipped Seq from 11457 to 11461
Skipped Seq from 11461 to 11468
Skipped Seq from 11469 to 11471
Skipped Seq from 11472 to 11475
Skipped Seq from 11476 to 11480
Skipped Seq from 11480 to 11482
Skipped Seq from 11485 to 11494
Skipped Seq from 11494 to 11496
Skipped Seq from 11496 to 11498
Skipped Seq from 11499 to 11501
Skipped Seq from 11501 to 11507
Skipped Seq from 11507 to 11509
Skipped Seq from 11510 to 11513
Skipped Seq from 11513 to 11515
Skipped Seq from 11516 to 11519
Skipped Seq from 11520 to 11527
Skipped Seq from 11527 to 11529
Skipped Seq from 11529 to 11532
Skipped Seq from 11534 to 11536
Skipped Seq from 11542 to 11544
Skipped Seq from 11544 to 11552
Skipped Seq from 11552 to 11555
Skipped Seq from 11555 to 11562
Skipped Seq from 11562 to 11567
Skipped Seq from 11567 to 11570
Skipped Seq from 11570 to 11577
Skipped Seq from 11579 to 11582
Skipped Seq from 11584 to 11589
Skipped Seq from 11591 to 11598
Skipped Seq from 11604 to 11609
Skipped Seq from 11609 to 11616
Skipped Seq from 11618 to 11620
Skipped Seq from 11623 to 11627
Skipped Seq from 11627 to 11629
Skipped Seq from 11630 to 11634
Skipped Seq from 11634 to 11636
Skipped Seq from 11639 to 11641
Skipped Seq from 11645 to 11649
Skipped Seq from 11653 to 11670
Skipped Seq from 11676 to 11679
Skipped Seq from 11679 to 11681
Skipped Seq from 11681 to 11683
Skipped Seq from 11688 to 11690
Skipped Seq from 11690 to 11696
Skipped Seq from 11696 to 11713
Skipped Seq from 11716 to 11721
Skipped Seq from 11721 to 11725
Skipped Seq from 11725 to 11728
Skipped Seq from 11728 to 11732
Skipped Seq from 11732 to 11738
Skipped Seq from 11738 to 11748
Skipped Seq from 11749 to 11751
Skipped Seq from 11754 to 11756
Skipped Seq from 11756 to 11758
Skipped Seq from 11758 to 11760
Skipped Seq from 11760 to 11762
Skipped Seq from 11764 to 11766
Skipped Seq from 11769 to 11771
Skipped Seq from 11771 to 11777
Skipped Seq from 11777 to 11780
Skipped Seq from 11780 to 11782
Skipped Seq from 11787 to 11789
Skipped Seq from 11790 to 11792
Skipped Seq from 11792 to 11796
Skipped Seq from 11796 to 11798
Skipped Seq from 11800 to 11803
Skipped Seq from 11803 to 11805
Skipped Seq from 11805 to 11807
Skipped Seq from 11807 to 11809
Skipped Seq from 11809 to 11812
Skipped Seq from 11812 to 11814
Skipped Seq from 11816 to 11820
Skipped Seq from 11820 to 11823
Skipped Seq from 11823 to 11827
Skipped Seq from 11828 to 11830
Skipped Seq from 11830 to 11832
Skipped Seq from 11836 to 11839
Skipped Seq from 11839 to 11842
Skipped Seq from 11842 to 11844
Skipped Seq from 11844 to 11848
Skipped Seq from 11848 to 11854
Skipped Seq from 11854 to 11858
Skipped Seq from 11860 to 11866
Skipped Seq from 11867 to 11872
Skipped Seq from 11872 to 11877
Skipped Seq from 11877 to 11883
Skipped Seq from 11883 to 11889
Skipped Seq from 11889 to 11891
Skipped Seq from 11891 to 11893
Skipped Seq from 11894 to 11904
Skipped Seq from 11904 to 11907
Skipped Seq from 11907 to 11910
Skipped Seq from 11910 to 11912
Skipped Seq from 11913 to 11917
Skipped Seq from 11917 to 11920
Skipped Seq from 11920 to 11923
Skipped Seq from 11923 to 11925
Skipped Seq from 11925 to 11929
Skipped Seq from 11931 to 11933
Skipped Seq from 11933 to 11935
Skipped Seq from 11935 to 11937
Skipped Seq from 11939 to 11941
Skipped Seq from 11942 to 11944
Skipped Seq from 11944 to 11947
Skipped Seq from 11947 to 11950
Skipped Seq from 11951 to 11955
Skipped Seq from 11955 to 11961
Skipped Seq from 11964 to 11966
Skipped Seq from 11966 to 11972
Skipped Seq from 11972 to 11986
Skipped Seq from 11986 to 11988
Skipped Seq from 11988 to 11990
Skipped Seq from 11990 to 11995
Skipped Seq from 11995 to 11999
Skipped Seq from 12000 to 12008
Skipped Seq from 12009 to 12011
Skipped Seq from 12013 to 12016
Skipped Seq from 12017 to 12021
Skipped Seq from 12021 to 12027
Skipped Seq from 12027 to 12031
Skipped Seq from 12031 to 12037
Skipped Seq from 12037 to 12039
Skipped Seq from 12039 to 12041
Skipped Seq from 12041 to 12043
Skipped Seq from 12043 to 12055
Skipped Seq from 12059 to 12062
Skipped Seq from 12064 to 12068
Skipped Seq from 12068 to 12072
Skipped Seq from 12074 to 12077
Skipped Seq from 12077 to 12085
Skipped Seq from 12090 to 12094
Skipped Seq from 12095 to 12097
Skipped Seq from 12100 to 12102
Skipped Seq from 12107 to 12110
Skipped Seq from 12132 to 12134
Skipped Seq from 12136 to 12139
Skipped Seq from 12149 to 12151
Skipped Seq from 12152 to 12154
Skipped Seq from 12155 to 12159
Skipped Seq from 12161 to 12163
Skipped Seq from 12164 to 12166
Skipped Seq from 12168 to 12171
Skipped Seq from 12172 to 12174
Skipped Seq from 12174 to 12176
Skipped Seq from 12181 to 12183
Skipped Seq from 12183 to 12185
Skipped Seq from 12185 to 12187
Skipped Seq from 12187 to 12189
Skipped Seq from 12192 to 12194
Skipped Seq from 12196 to 12199
Skipped Seq from 12199 to 12201
Skipped Seq from 12201 to 12203
Skipped Seq from 12204 to 12207
Skipped Seq from 12208 to 12211
Skipped Seq from 12211 to 12213
Skipped Seq from 12213 to 12215
Skipped Seq from 12215 to 12217
Skipped Seq from 12217 to 12219
Skipped Seq from 12226 to 12229
Skipped Seq from 12231 to 12233
Skipped Seq from 12233 to 12236
Skipped Seq from 12237 to 12239
Skipped Seq from 12240 to 12242
Skipped Seq from 12246 to 12248
Skipped Seq from 12256 to 12259
Skipped Seq from 12259 to 12262
Skipped Seq from 12262 to 12266
Skipped Seq from 12266 to 12268
Skipped Seq from 12268 to 12270
Skipped Seq from 12270 to 12272
Skipped Seq from 12280 to 12283
Number of times throttled: 12
Received: 12094 / 14067 packets
Start time: 1332838285.790825
End time: 1332838335.251969
Duration: 49.461144
