Starting client at 10.0.0.12:1240 with timeout:10
My IP address is 10.0.0.12Skipped Seq from 173 to 179
Skipped Seq from 179 to 182
Skipped Seq from 187 to 198
Skipped Seq from 202 to 207
Skipped Seq from 208 to 210
Skipped Seq from 210 to 212
Skipped Seq from 213 to 218
Skipped Seq from 223 to 225
Skipped Seq from 228 to 231
Skipped Seq from 237 to 241
Skipped Seq from 241 to 243
Skipped Seq from 243 to 246
Skipped Seq from 249 to 251
Skipped Seq from 251 to 253
Skipped Seq from 255 to 258
Skipped Seq from 259 to 265
Skipped Seq from 267 to 269
Skipped Seq from 275 to 278
Skipped Seq from 279 to 281
Skipped Seq from 282 to 284
Skipped Seq from 285 to 288
Skipped Seq from 291 to 293
Skipped Seq from 294 to 296
Skipped Seq from 297 to 300
Skipped Seq from 304 to 309
Skipped Seq from 309 to 312
Skipped Seq from 314 to 316
Skipped Seq from 319 to 325
Skipped Seq from 344 to 346
Skipped Seq from 347 to 349
Skipped Seq from 357 to 372
Skipped Seq from 374 to 376
Skipped Seq from 379 to 388
Skipped Seq from 390 to 392
Skipped Seq from 394 to 399
Skipped Seq from 401 to 404
Skipped Seq from 404 to 408
Skipped Seq from 414 to 419
Skipped Seq from 427 to 429
Skipped Seq from 429 to 433
Skipped Seq from 433 to 438
Skipped Seq from 439 to 441
Skipped Seq from 441 to 444
Skipped Seq from 448 to 451
Skipped Seq from 452 to 454
Skipped Seq from 455 to 460
Skipped Seq from 464 to 468
Skipped Seq from 482 to 485
Skipped Seq from 485 to 487
Skipped Seq from 492 to 494
Skipped Seq from 494 to 496
Skipped Seq from 499 to 503
Skipped Seq from 504 to 506
Skipped Seq from 507 to 510
Skipped Seq from 510 to 512
Skipped Seq from 513 to 517
Skipped Seq from 517 to 519
Skipped Seq from 521 to 524
Skipped Seq from 524 to 527
Skipped Seq from 528 to 530
Skipped Seq from 530 to 536
Skipped Seq from 542 to 547
Skipped Seq from 550 to 552
Skipped Seq from 552 to 555
Skipped Seq from 556 to 559
Skipped Seq from 559 to 561
Skipped Seq from 561 to 564
Skipped Seq from 570 to 572
Skipped Seq from 573 to 575
Skipped Seq from 575 to 577
Skipped Seq from 579 to 583
Skipped Seq from 583 to 586
Skipped Seq from 592 to 594
Skipped Seq from 598 to 600
Skipped Seq from 612 to 614
Skipped Seq from 614 to 619
Skipped Seq from 621 to 623
Skipped Seq from 624 to 626
Skipped Seq from 626 to 629
Skipped Seq from 629 to 631
Skipped Seq from 635 to 638
Skipped Seq from 646 to 649
Skipped Seq from 653 to 657
Skipped Seq from 661 to 665
Skipped Seq from 665 to 670
Skipped Seq from 675 to 678
Skipped Seq from 680 to 683
Skipped Seq from 685 to 689
Skipped Seq from 697 to 706
Skipped Seq from 711 to 714
Skipped Seq from 718 to 721
Skipped Seq from 722 to 724
Skipped Seq from 725 to 728
Skipped Seq from 735 to 737
Skipped Seq from 737 to 742
Skipped Seq from 745 to 747
Skipped Seq from 748 to 751
Skipped Seq from 753 to 755
Skipped Seq from 755 to 757
Skipped Seq from 758 to 760
Skipped Seq from 765 to 769
Skipped Seq from 770 to 774
Skipped Seq from 778 to 780
Skipped Seq from 781 to 784
Skipped Seq from 792 to 798
Skipped Seq from 815 to 817
Skipped Seq from 829 to 831
Skipped Seq from 840 to 849
Skipped Seq from 849 to 851
Skipped Seq from 851 to 853
Skipped Seq from 860 to 862
Skipped Seq from 917 to 920
Skipped Seq from 921 to 926
Skipped Seq from 927 to 929
Skipped Seq from 944 to 947
Skipped Seq from 970 to 974
Skipped Seq from 974 to 977
Skipped Seq from 977 to 979
Skipped Seq from 989 to 991
Skipped Seq from 1006 to 1008
Skipped Seq from 1011 to 1013
Skipped Seq from 1017 to 1019
Skipped Seq from 1023 to 1026
Skipped Seq from 1037 to 1039
Skipped Seq from 1067 to 1070
Skipped Seq from 1074 to 1079
Skipped Seq from 3251 to 3256
Skipped Seq from 3286 to 3289
Skipped Seq from 3294 to 3301
Skipped Seq from 3305 to 3313
Skipped Seq from 3313 to 3315
Skipped Seq from 3328 to 3330
Skipped Seq from 3330 to 3332
Skipped Seq from 3334 to 3336
Skipped Seq from 3338 to 3342
Skipped Seq from 3344 to 3347
Skipped Seq from 3351 to 3353
Skipped Seq from 3353 to 3355
Skipped Seq from 3364 to 3366
Skipped Seq from 3377 to 3379
Skipped Seq from 3385 to 3387
Skipped Seq from 3391 to 3395
Skipped Seq from 3396 to 3402
Skipped Seq from 3408 to 3410
Skipped Seq from 3412 to 3414
Skipped Seq from 3419 to 3422
Skipped Seq from 3432 to 3434
Skipped Seq from 3442 to 3444
Skipped Seq from 3447 to 3450
Skipped Seq from 3451 to 3456
Skipped Seq from 3457 to 3460
Skipped Seq from 3463 to 3466
Skipped Seq from 3469 to 3471
Skipped Seq from 3474 to 3482
Skipped Seq from 3488 to 3491
Skipped Seq from 3495 to 3497
Skipped Seq from 3500 to 3504
Skipped Seq from 3506 to 3508
Skipped Seq from 3509 to 3512
Skipped Seq from 3513 to 3515
Skipped Seq from 3520 to 3523
Skipped Seq from 3526 to 3528
Skipped Seq from 3530 to 3532
Skipped Seq from 3532 to 3536
Skipped Seq from 3538 to 3543
Skipped Seq from 3543 to 3546
Skipped Seq from 3547 to 3549
Skipped Seq from 3550 to 3552
Skipped Seq from 3555 to 3558
Skipped Seq from 3558 to 3566
Skipped Seq from 3566 to 3570
Skipped Seq from 3575 to 3578
Skipped Seq from 3578 to 3581
Skipped Seq from 3582 to 3584
Skipped Seq from 3591 to 3595
Skipped Seq from 3598 to 3600
Skipped Seq from 3601 to 3603
Skipped Seq from 3604 to 3606
Skipped Seq from 3606 to 3610
Skipped Seq from 3611 to 3617
Skipped Seq from 3617 to 3621
Skipped Seq from 3628 to 3630
Skipped Seq from 3632 to 3637
Skipped Seq from 3641 to 3646
Skipped Seq from 3649 to 3653
Skipped Seq from 3660 to 3662
Skipped Seq from 3662 to 3664
Skipped Seq from 3670 to 3673
Skipped Seq from 3673 to 3676
Skipped Seq from 3678 to 3680
Skipped Seq from 3683 to 3686
Skipped Seq from 3688 to 3690
Skipped Seq from 3693 to 3696
Skipped Seq from 3699 to 3702
Skipped Seq from 3704 to 3708
Skipped Seq from 3710 to 3713
Skipped Seq from 3721 to 3723
Skipped Seq from 3725 to 3727
Skipped Seq from 3736 to 3738
Skipped Seq from 3738 to 3740
Skipped Seq from 3741 to 3744
Skipped Seq from 3744 to 3746
Skipped Seq from 3753 to 3755
Skipped Seq from 3758 to 3762
Skipped Seq from 3766 to 3770
Skipped Seq from 3770 to 3773
Skipped Seq from 3773 to 3777
Skipped Seq from 3777 to 3779
Skipped Seq from 3779 to 3782
Skipped Seq from 3782 to 3784
Skipped Seq from 3785 to 3788
Skipped Seq from 3788 to 3792
Skipped Seq from 3794 to 3797
Skipped Seq from 3797 to 3799
Skipped Seq from 3799 to 3802
Skipped Seq from 3811 to 3814
Skipped Seq from 3814 to 3818
Skipped Seq from 3819 to 3822
Skipped Seq from 3823 to 3825
Skipped Seq from 3827 to 3829
Skipped Seq from 3830 to 3832
Skipped Seq from 3836 to 3838
Skipped Seq from 3851 to 3854
Skipped Seq from 3854 to 3856
Skipped Seq from 3858 to 3860
Skipped Seq from 3864 to 3866
Skipped Seq from 3869 to 3872
Skipped Seq from 3877 to 3881
Skipped Seq from 3881 to 3885
Skipped Seq from 3885 to 3889
Skipped Seq from 3889 to 3891
Skipped Seq from 3892 to 3897
Skipped Seq from 3897 to 3900
Skipped Seq from 3902 to 3905
Skipped Seq from 3915 to 3918
Skipped Seq from 3918 to 3920
Skipped Seq from 3924 to 3926
Skipped Seq from 3926 to 3938
Skipped Seq from 3938 to 3940
Skipped Seq from 3942 to 3945
Skipped Seq from 3954 to 3956
Skipped Seq from 3956 to 3959
Skipped Seq from 3964 to 3966
Skipped Seq from 3966 to 3968
Skipped Seq from 3969 to 3971
Skipped Seq from 3976 to 3978
Skipped Seq from 3979 to 3981
Skipped Seq from 3984 to 3986
Skipped Seq from 3991 to 3993
Skipped Seq from 3997 to 3999
Skipped Seq from 4029 to 4032
Skipped Seq from 4034 to 4041
Skipped Seq from 4043 to 4046
Skipped Seq from 4073 to 4082
Skipped Seq from 4083 to 4104
Skipped Seq from 4104 to 4108
Skipped Seq from 4110 to 4112
Skipped Seq from 4112 to 4115
Skipped Seq from 4115 to 4126
Skipped Seq from 4126 to 4135
Skipped Seq from 4137 to 4140
Skipped Seq from 4150 to 4153
Skipped Seq from 4153 to 4155
Skipped Seq from 4155 to 4157
Skipped Seq from 4168 to 4171
Skipped Seq from 4178 to 4180
Skipped Seq from 4219 to 4221
Skipped Seq from 4224 to 4229
Skipped Seq from 6034 to 6038
Skipped Seq from 6040 to 6043
Skipped Seq from 6049 to 6054
Skipped Seq from 6055 to 6061
Skipped Seq from 6064 to 6067
Skipped Seq from 6067 to 6070
Skipped Seq from 6073 to 6078
Skipped Seq from 6080 to 6083
Skipped Seq from 6088 to 6090
Skipped Seq from 6090 to 6092
Skipped Seq from 6093 to 6095
Skipped Seq from 6095 to 6098
Skipped Seq from 6099 to 6101
Skipped Seq from 6116 to 6119
Skipped Seq from 6119 to 6123
Skipped Seq from 6129 to 6141
Skipped Seq from 6143 to 6145
Skipped Seq from 6146 to 6152
Skipped Seq from 6153 to 6156
Skipped Seq from 6162 to 6165
Skipped Seq from 6166 to 6170
Skipped Seq from 6173 to 6176
Skipped Seq from 6184 to 6186
Skipped Seq from 6186 to 6192
Skipped Seq from 6197 to 6200
Skipped Seq from 6202 to 6204
Skipped Seq from 6204 to 6207
Skipped Seq from 6208 to 6212
Skipped Seq from 6215 to 6219
Skipped Seq from 6221 to 6226
Skipped Seq from 6227 to 6229
Skipped Seq from 6229 to 6231
Skipped Seq from 6233 to 6235
Skipped Seq from 6235 to 6237
Skipped Seq from 6241 to 6243
Skipped Seq from 6243 to 6247
Skipped Seq from 6251 to 6257
Skipped Seq from 6258 to 6262
Skipped Seq from 6263 to 6265
Skipped Seq from 6268 to 6271
Skipped Seq from 6275 to 6280
Skipped Seq from 6280 to 6285
Skipped Seq from 6286 to 6297
Skipped Seq from 6297 to 6301
Skipped Seq from 6307 to 6311
Skipped Seq from 6312 to 6317
Skipped Seq from 6318 to 6322
Skipped Seq from 6324 to 6330
Skipped Seq from 6331 to 6333
Skipped Seq from 6333 to 6336
Skipped Seq from 6338 to 6345
Skipped Seq from 6348 to 6350
Skipped Seq from 6352 to 6354
Skipped Seq from 6357 to 6360
Skipped Seq from 6361 to 6376
Skipped Seq from 6378 to 6382
Skipped Seq from 6386 to 6392
Skipped Seq from 6397 to 6400
Skipped Seq from 6402 to 6404
Skipped Seq from 6404 to 6418
Skipped Seq from 6418 to 6420
Skipped Seq from 6421 to 6427
Skipped Seq from 6427 to 6434
Skipped Seq from 6435 to 6437
Skipped Seq from 6441 to 6443
Skipped Seq from 6443 to 6446
Skipped Seq from 6448 to 6450
Skipped Seq from 6450 to 6460
Skipped Seq from 6464 to 6468
Skipped Seq from 6473 to 6476
Skipped Seq from 6476 to 6478
Skipped Seq from 6478 to 6515
Skipped Seq from 6517 to 6526
Skipped Seq from 6528 to 6536
Skipped Seq from 6536 to 6542
Skipped Seq from 6543 to 6546
Skipped Seq from 6547 to 6549
Skipped Seq from 6550 to 6552
Skipped Seq from 6552 to 6556
Skipped Seq from 6556 to 6558
Skipped Seq from 6558 to 6561
Skipped Seq from 6561 to 6564
Skipped Seq from 6564 to 6566
Skipped Seq from 6566 to 6568
Skipped Seq from 6568 to 6573
Skipped Seq from 6574 to 6577
Skipped Seq from 6577 to 6579
Skipped Seq from 6582 to 6584
Skipped Seq from 6584 to 6589
Skipped Seq from 6589 to 6594
Skipped Seq from 6594 to 6597
Skipped Seq from 6597 to 6600
Skipped Seq from 6600 to 6603
Skipped Seq from 6603 to 6606
Skipped Seq from 6610 to 6613
Skipped Seq from 6616 to 6619
Skipped Seq from 6623 to 6625
Skipped Seq from 6626 to 6629
Skipped Seq from 6629 to 6633
Skipped Seq from 6633 to 6637
Skipped Seq from 6637 to 6639
Skipped Seq from 6644 to 6653
Skipped Seq from 6653 to 6655
Skipped Seq from 6656 to 6662
Skipped Seq from 6663 to 6665
Skipped Seq from 6667 to 6669
Skipped Seq from 6673 to 6675
Skipped Seq from 6676 to 6679
Skipped Seq from 6681 to 6683
Skipped Seq from 6686 to 6693
Skipped Seq from 6693 to 6697
Skipped Seq from 6697 to 6700
Skipped Seq from 6701 to 6707
Skipped Seq from 6709 to 6717
Skipped Seq from 6717 to 6719
Skipped Seq from 6726 to 6729
Skipped Seq from 6729 to 6734
Skipped Seq from 6735 to 6738
Skipped Seq from 6738 to 6740
Skipped Seq from 6740 to 6742
Skipped Seq from 6748 to 6751
Skipped Seq from 6754 to 6757
Skipped Seq from 6758 to 6764
Skipped Seq from 6772 to 6778
Skipped Seq from 6781 to 6784
Skipped Seq from 6784 to 6788
Skipped Seq from 6788 to 6791
Skipped Seq from 6795 to 6800
Skipped Seq from 6801 to 6803
Skipped Seq from 6803 to 6808
Skipped Seq from 6812 to 6814
Skipped Seq from 6815 to 6818
Skipped Seq from 6822 to 6825
Skipped Seq from 6826 to 6829
Skipped Seq from 6830 to 6833
Skipped Seq from 6839 to 6841
Skipped Seq from 6842 to 6844
Skipped Seq from 6851 to 6853
Skipped Seq from 6853 to 6858
Skipped Seq from 6860 to 6863
Skipped Seq from 6867 to 6870
Skipped Seq from 6870 to 6872
Skipped Seq from 6873 to 6878
Skipped Seq from 6880 to 6883
Skipped Seq from 6883 to 6886
Skipped Seq from 6888 to 6891
Skipped Seq from 6894 to 6899
Skipped Seq from 6904 to 6906
Skipped Seq from 6909 to 6919
Skipped Seq from 6927 to 6929
Skipped Seq from 6929 to 6933
Skipped Seq from 6945 to 6947
Skipped Seq from 6958 to 6961
Skipped Seq from 6963 to 6965
Skipped Seq from 6965 to 6968
Skipped Seq from 6985 to 6989
Skipped Seq from 6989 to 6991
Skipped Seq from 6995 to 6998
Skipped Seq from 7007 to 7010
Skipped Seq from 7011 to 7014
Skipped Seq from 7017 to 7019
Skipped Seq from 7039 to 7041
Skipped Seq from 7043 to 7045
Skipped Seq from 7045 to 7047
Skipped Seq from 7049 to 7051
Skipped Seq from 7061 to 7063
Skipped Seq from 7066 to 7069
Skipped Seq from 7075 to 7077
Skipped Seq from 7077 to 7079
Skipped Seq from 7085 to 7087
Skipped Seq from 7091 to 7096
Skipped Seq from 7101 to 7103
Skipped Seq from 7107 to 7110
Skipped Seq from 7112 to 7124
Skipped Seq from 7980 to 7984
Skipped Seq from 7984 to 7987
Skipped Seq from 7991 to 7993
Skipped Seq from 7994 to 7997
Skipped Seq from 7999 to 8002
Skipped Seq from 8005 to 8008
Skipped Seq from 8008 to 8010
Skipped Seq from 8011 to 8013
Skipped Seq from 8013 to 8015
Skipped Seq from 8018 to 8020
Skipped Seq from 8020 to 8024
Skipped Seq from 8024 to 8026
Skipped Seq from 8032 to 8035
Skipped Seq from 8041 to 8046
Skipped Seq from 8047 to 8050
Skipped Seq from 8052 to 8055
Skipped Seq from 8056 to 8058
Skipped Seq from 8058 to 8060
Skipped Seq from 8061 to 8064
Skipped Seq from 8068 to 8073
Skipped Seq from 8073 to 8075
Skipped Seq from 8077 to 8079
Skipped Seq from 8079 to 8081
Skipped Seq from 8082 to 8084
Skipped Seq from 8084 to 8086
Skipped Seq from 8097 to 8100
Skipped Seq from 8100 to 8124
Skipped Seq from 8126 to 8130
Skipped Seq from 8134 to 8138
Skipped Seq from 8141 to 8144
Skipped Seq from 8146 to 8149
Skipped Seq from 8151 to 8155
Skipped Seq from 8155 to 8158
Skipped Seq from 8159 to 8161
Skipped Seq from 8161 to 8164
Skipped Seq from 8166 to 8168
Skipped Seq from 8171 to 8173
Skipped Seq from 8174 to 8177
Skipped Seq from 8177 to 8180
Skipped Seq from 8180 to 8182
Skipped Seq from 8183 to 8187
Skipped Seq from 8189 to 8192
Skipped Seq from 8192 to 8195
Skipped Seq from 8195 to 8197
Skipped Seq from 8200 to 8204
Skipped Seq from 8204 to 8208
Skipped Seq from 8209 to 8211
Skipped Seq from 8211 to 8213
Skipped Seq from 8213 to 8215
Skipped Seq from 8217 to 8220
Skipped Seq from 8220 to 8222
Skipped Seq from 8222 to 8224
Skipped Seq from 8225 to 8227
Skipped Seq from 8229 to 8233
Skipped Seq from 8234 to 8236
Skipped Seq from 8240 to 8242
Skipped Seq from 8243 to 8246
Skipped Seq from 8246 to 8252
Skipped Seq from 8256 to 8258
Skipped Seq from 8261 to 8263
Skipped Seq from 8263 to 8271
Skipped Seq from 8272 to 8274
Skipped Seq from 8275 to 8278
Skipped Seq from 8285 to 8288
Skipped Seq from 8289 to 8291
Skipped Seq from 8296 to 8301
Skipped Seq from 8307 to 8312
Skipped Seq from 8313 to 8317
Skipped Seq from 8318 to 8320
Skipped Seq from 8321 to 8323
Skipped Seq from 8324 to 8327
Skipped Seq from 8330 to 8333
Skipped Seq from 8333 to 8337
Skipped Seq from 8340 to 8342
Skipped Seq from 8343 to 8347
Skipped Seq from 8347 to 8353
Skipped Seq from 8354 to 8358
Skipped Seq from 8358 to 8362
Skipped Seq from 8362 to 8368
Skipped Seq from 8371 to 8373
Skipped Seq from 8373 to 8376
Skipped Seq from 8377 to 8381
Skipped Seq from 8384 to 8387
Skipped Seq from 8400 to 8402
Skipped Seq from 8402 to 8406
Skipped Seq from 8408 to 8412
Skipped Seq from 8413 to 8416
Skipped Seq from 8416 to 8419
Skipped Seq from 8422 to 8424
Skipped Seq from 8424 to 8429
Skipped Seq from 8431 to 8437
Skipped Seq from 8437 to 8442
Skipped Seq from 8442 to 8446
Skipped Seq from 8448 to 8451
Skipped Seq from 8451 to 8453
Skipped Seq from 8453 to 8457
Skipped Seq from 8457 to 8459
Skipped Seq from 8461 to 8464
Skipped Seq from 8464 to 8466
Skipped Seq from 8468 to 8470
Skipped Seq from 8471 to 8474
Skipped Seq from 8474 to 8476
Skipped Seq from 8476 to 8481
Skipped Seq from 8483 to 8486
Skipped Seq from 8486 to 8496
Skipped Seq from 8499 to 8501
Skipped Seq from 8502 to 8506
Skipped Seq from 8506 to 8508
Skipped Seq from 8510 to 8514
Skipped Seq from 8514 to 8517
Skipped Seq from 8517 to 8521
Skipped Seq from 8521 to 8527
Skipped Seq from 8533 to 8537
Skipped Seq from 8537 to 8540
Skipped Seq from 8540 to 8542
Skipped Seq from 8542 to 8544
Skipped Seq from 8546 to 8550
Skipped Seq from 8550 to 8552
Skipped Seq from 8552 to 8555
Skipped Seq from 8556 to 8558
Skipped Seq from 8558 to 8564
Skipped Seq from 8565 to 8567
Skipped Seq from 8568 to 8571
Skipped Seq from 8571 to 8573
Skipped Seq from 8574 to 8576
Skipped Seq from 8576 to 8584
Skipped Seq from 8585 to 8589
Skipped Seq from 8589 to 8592
Skipped Seq from 8596 to 8600
Skipped Seq from 8602 to 8604
Skipped Seq from 8604 to 8606
Skipped Seq from 8606 to 8609
Skipped Seq from 8610 to 8612
Skipped Seq from 8612 to 8617
Skipped Seq from 8619 to 8623
Skipped Seq from 8623 to 8626
Skipped Seq from 8627 to 8629
Skipped Seq from 8630 to 8636
Skipped Seq from 8636 to 8638
Skipped Seq from 8640 to 8644
Skipped Seq from 8644 to 8649
Skipped Seq from 8650 to 8663
Skipped Seq from 8679 to 8681
Skipped Seq from 8681 to 8688
Skipped Seq from 8690 to 8692
Skipped Seq from 8694 to 8696
Skipped Seq from 8697 to 8700
Skipped Seq from 8701 to 8703
Skipped Seq from 8708 to 8710
Skipped Seq from 8713 to 8716
Skipped Seq from 8716 to 8719
Skipped Seq from 8726 to 8729
Skipped Seq from 8733 to 8735
Skipped Seq from 8735 to 8737
Skipped Seq from 8740 to 8742
Skipped Seq from 8744 to 8748
Skipped Seq from 8749 to 8752
Skipped Seq from 8766 to 8769
Skipped Seq from 8779 to 8781
Skipped Seq from 8782 to 8784
Skipped Seq from 8787 to 8790
Skipped Seq from 8791 to 8793
Skipped Seq from 8794 to 8797
Skipped Seq from 8797 to 8800
Skipped Seq from 8800 to 8803
Skipped Seq from 8803 to 8805
Skipped Seq from 8807 to 8810
Skipped Seq from 8810 to 8813
Skipped Seq from 8816 to 8818
Skipped Seq from 8818 to 8820
Skipped Seq from 8833 to 8836
Skipped Seq from 8839 to 8842
Skipped Seq from 8855 to 8857
Skipped Seq from 8863 to 8866
Skipped Seq from 8872 to 8874
Skipped Seq from 8895 to 8897
Number of times throttled: 12
Received: 7644 / 9167 packets
Start time: 1332838388.167471
End time: 1332838423.776364
Duration: 35.608893
