Starting client at 10.0.0.14:1268 with timeout:10
My IP address is 10.0.0.14Skipped Seq from 3 to 7
Skipped Seq from 7 to 10
Skipped Seq from 11 to 13
Skipped Seq from 18 to 20
Skipped Seq from 31 to 34
Skipped Seq from 37 to 39
Skipped Seq from 41 to 43
Skipped Seq from 43 to 45
Skipped Seq from 60 to 62
Skipped Seq from 70 to 72
Skipped Seq from 72 to 74
Skipped Seq from 74 to 76
Skipped Seq from 76 to 78
Skipped Seq from 80 to 82
Skipped Seq from 103 to 105
Skipped Seq from 109 to 111
Skipped Seq from 111 to 113
Skipped Seq from 118 to 120
Skipped Seq from 120 to 123
Skipped Seq from 124 to 127
Skipped Seq from 202 to 204
Skipped Seq from 206 to 208
Skipped Seq from 208 to 212
Skipped Seq from 213 to 216
Skipped Seq from 217 to 219
Skipped Seq from 222 to 224
Skipped Seq from 225 to 227
Skipped Seq from 227 to 230
Skipped Seq from 233 to 237
Skipped Seq from 242 to 245
Skipped Seq from 245 to 247
Skipped Seq from 247 to 251
Skipped Seq from 251 to 253
Skipped Seq from 253 to 258
Skipped Seq from 258 to 263
Skipped Seq from 267 to 270
Skipped Seq from 273 to 275
Skipped Seq from 275 to 280
Skipped Seq from 282 to 293
Skipped Seq from 295 to 298
Skipped Seq from 303 to 307
Skipped Seq from 307 to 310
Skipped Seq from 312 to 316
Skipped Seq from 328 to 331
Skipped Seq from 343 to 346
Skipped Seq from 346 to 351
Skipped Seq from 359 to 362
Skipped Seq from 363 to 365
Skipped Seq from 369 to 371
Skipped Seq from 377 to 385
Skipped Seq from 387 to 390
Skipped Seq from 394 to 400
Skipped Seq from 405 to 408
Skipped Seq from 408 to 416
Skipped Seq from 416 to 424
Skipped Seq from 425 to 437
Skipped Seq from 437 to 441
Skipped Seq from 441 to 444
Skipped Seq from 458 to 462
Skipped Seq from 479 to 484
Skipped Seq from 485 to 492
Skipped Seq from 497 to 499
Skipped Seq from 504 to 506
Skipped Seq from 513 to 521
Skipped Seq from 525 to 530
Skipped Seq from 535 to 537
Skipped Seq from 544 to 547
Skipped Seq from 552 to 555
Skipped Seq from 557 to 561
Skipped Seq from 564 to 566
Skipped Seq from 581 to 583
Skipped Seq from 594 to 597
Skipped Seq from 601 to 603
Skipped Seq from 608 to 611
Skipped Seq from 611 to 613
Skipped Seq from 613 to 615
Skipped Seq from 615 to 621
Skipped Seq from 628 to 632
Skipped Seq from 632 to 638
Skipped Seq from 638 to 649
Skipped Seq from 649 to 652
Skipped Seq from 652 to 655
Skipped Seq from 655 to 657
Skipped Seq from 664 to 667
Skipped Seq from 667 to 670
Skipped Seq from 684 to 690
Skipped Seq from 690 to 692
Skipped Seq from 693 to 701
Skipped Seq from 738 to 741
Skipped Seq from 757 to 759
Skipped Seq from 763 to 766
Skipped Seq from 779 to 786
Skipped Seq from 792 to 794
Skipped Seq from 794 to 796
Skipped Seq from 797 to 799
Skipped Seq from 814 to 816
Skipped Seq from 819 to 821
Skipped Seq from 826 to 828
Number of times throttled: 3
Received: 2953 / 3199 packets
Start time: 1332839997.572527
End time: 1332840016.177287
Duration: 18.604760
