Starting client at 10.0.0.14:1254 with timeout:10
My IP address is 10.0.0.14Skipped Seq from 605 to 608
Skipped Seq from 610 to 613
Skipped Seq from 613 to 615
Skipped Seq from 615 to 617
Skipped Seq from 617 to 622
Skipped Seq from 624 to 626
Skipped Seq from 627 to 630
Skipped Seq from 634 to 637
Skipped Seq from 637 to 639
Skipped Seq from 639 to 641
Skipped Seq from 644 to 646
Skipped Seq from 647 to 649
Skipped Seq from 649 to 652
Skipped Seq from 654 to 657
Skipped Seq from 657 to 659
Skipped Seq from 659 to 662
Skipped Seq from 666 to 669
Skipped Seq from 674 to 677
Skipped Seq from 678 to 682
Skipped Seq from 682 to 684
Skipped Seq from 684 to 688
Skipped Seq from 689 to 692
Skipped Seq from 694 to 696
Skipped Seq from 696 to 698
Skipped Seq from 698 to 701
Skipped Seq from 703 to 705
Skipped Seq from 705 to 709
Skipped Seq from 710 to 715
Skipped Seq from 721 to 723
Skipped Seq from 726 to 728
Skipped Seq from 732 to 734
Skipped Seq from 734 to 741
Skipped Seq from 744 to 747
Skipped Seq from 747 to 749
Skipped Seq from 749 to 751
Skipped Seq from 753 to 756
Skipped Seq from 758 to 769
Skipped Seq from 770 to 772
Skipped Seq from 772 to 774
Skipped Seq from 774 to 776
Skipped Seq from 776 to 779
Skipped Seq from 780 to 782
Skipped Seq from 783 to 786
Skipped Seq from 786 to 789
Skipped Seq from 790 to 792
Skipped Seq from 795 to 800
Skipped Seq from 800 to 809
Skipped Seq from 812 to 814
Skipped Seq from 818 to 822
Skipped Seq from 822 to 825
Skipped Seq from 827 to 830
Skipped Seq from 832 to 837
Skipped Seq from 837 to 839
Skipped Seq from 839 to 844
Skipped Seq from 844 to 846
Skipped Seq from 848 to 850
Skipped Seq from 851 to 854
Skipped Seq from 854 to 856
Skipped Seq from 856 to 860
Skipped Seq from 860 to 866
Skipped Seq from 866 to 869
Skipped Seq from 873 to 879
Skipped Seq from 879 to 882
Skipped Seq from 883 to 886
Skipped Seq from 886 to 891
Skipped Seq from 893 to 896
Skipped Seq from 896 to 899
Skipped Seq from 899 to 908
Skipped Seq from 909 to 911
Skipped Seq from 913 to 916
Skipped Seq from 916 to 919
Skipped Seq from 919 to 922
Skipped Seq from 922 to 926
Skipped Seq from 932 to 935
Skipped Seq from 936 to 939
Skipped Seq from 942 to 944
Skipped Seq from 945 to 949
Skipped Seq from 950 to 954
Skipped Seq from 957 to 959
Skipped Seq from 962 to 964
Skipped Seq from 965 to 968
Skipped Seq from 968 to 971
Skipped Seq from 971 to 976
Skipped Seq from 978 to 980
Skipped Seq from 980 to 982
Skipped Seq from 983 to 986
Skipped Seq from 986 to 991
Skipped Seq from 994 to 997
Skipped Seq from 998 to 1000
Skipped Seq from 1001 to 1003
Skipped Seq from 1003 to 1006
Skipped Seq from 1006 to 1011
Skipped Seq from 1011 to 1013
Skipped Seq from 1016 to 1018
Skipped Seq from 1019 to 1022
Skipped Seq from 1024 to 1027
Skipped Seq from 1029 to 1032
Skipped Seq from 1041 to 1044
Skipped Seq from 1044 to 1050
Skipped Seq from 1053 to 1063
Skipped Seq from 1063 to 1067
Skipped Seq from 1067 to 1070
Skipped Seq from 1070 to 1072
Skipped Seq from 1075 to 1080
Skipped Seq from 1080 to 1084
Skipped Seq from 1087 to 1091
Skipped Seq from 1091 to 1094
Skipped Seq from 1096 to 1099
Skipped Seq from 1099 to 1102
Skipped Seq from 1103 to 1106
Skipped Seq from 1109 to 1111
Skipped Seq from 1112 to 1116
Skipped Seq from 1121 to 1125
Skipped Seq from 1125 to 1128
Skipped Seq from 1130 to 1135
Skipped Seq from 1139 to 1141
Skipped Seq from 1141 to 1143
Skipped Seq from 1143 to 1145
Skipped Seq from 1145 to 1147
Skipped Seq from 1147 to 1150
Skipped Seq from 1150 to 1154
Skipped Seq from 1155 to 1157
Skipped Seq from 1158 to 1165
Skipped Seq from 1166 to 1168
Skipped Seq from 1168 to 1170
Skipped Seq from 1174 to 1181
Skipped Seq from 1181 to 1183
Skipped Seq from 1204 to 1210
Skipped Seq from 1210 to 1214
Skipped Seq from 1219 to 1223
Skipped Seq from 1232 to 1237
Skipped Seq from 1238 to 1240
Skipped Seq from 1242 to 1246
Skipped Seq from 1246 to 1249
Skipped Seq from 1251 to 1254
Skipped Seq from 1255 to 1260
Skipped Seq from 1260 to 1263
Skipped Seq from 1266 to 1270
Skipped Seq from 1271 to 1274
Skipped Seq from 1274 to 1276
Skipped Seq from 1276 to 1279
Skipped Seq from 1283 to 1285
Skipped Seq from 1285 to 1287
Skipped Seq from 1287 to 1290
Skipped Seq from 1291 to 1294
Skipped Seq from 1295 to 1297
Skipped Seq from 1299 to 1301
Skipped Seq from 1304 to 1309
Skipped Seq from 1312 to 1314
Skipped Seq from 1320 to 1322
Skipped Seq from 1326 to 1328
Skipped Seq from 1328 to 1330
Skipped Seq from 1330 to 1333
Skipped Seq from 1343 to 1345
Skipped Seq from 1349 to 1351
Skipped Seq from 1351 to 1356
Skipped Seq from 1357 to 1361
Skipped Seq from 1364 to 1370
Skipped Seq from 1370 to 1373
Skipped Seq from 1375 to 1377
Skipped Seq from 1377 to 1379
Skipped Seq from 1380 to 1383
Skipped Seq from 1383 to 1386
Skipped Seq from 1389 to 1391
Skipped Seq from 1391 to 1393
Skipped Seq from 1397 to 1399
Skipped Seq from 1403 to 1413
Skipped Seq from 1413 to 1415
Skipped Seq from 1415 to 1419
Skipped Seq from 1419 to 1422
Skipped Seq from 1422 to 1424
Skipped Seq from 1425 to 1430
Skipped Seq from 1431 to 1434
Skipped Seq from 1436 to 1441
Skipped Seq from 1442 to 1454
Skipped Seq from 1454 to 1458
Skipped Seq from 1458 to 1460
Skipped Seq from 1461 to 1467
Skipped Seq from 1467 to 1471
Skipped Seq from 1471 to 1473
Skipped Seq from 1474 to 1476
Skipped Seq from 1476 to 1485
Skipped Seq from 1485 to 1489
Skipped Seq from 1490 to 1492
Skipped Seq from 1492 to 1496
Skipped Seq from 1497 to 1513
Skipped Seq from 1513 to 1515
Skipped Seq from 1517 to 1520
Skipped Seq from 1524 to 1527
Skipped Seq from 1530 to 1533
Skipped Seq from 1536 to 1543
Skipped Seq from 1547 to 1549
Skipped Seq from 1551 to 1553
Skipped Seq from 1553 to 1560
Skipped Seq from 1560 to 1562
Skipped Seq from 1562 to 1572
Skipped Seq from 1572 to 1576
Skipped Seq from 1576 to 1581
Skipped Seq from 1581 to 1595
Skipped Seq from 1595 to 1601
Skipped Seq from 1603 to 1607
Skipped Seq from 1607 to 1609
Skipped Seq from 1609 to 1612
Skipped Seq from 1612 to 1614
Skipped Seq from 1616 to 1619
Skipped Seq from 1619 to 1628
Skipped Seq from 1629 to 1631
Skipped Seq from 1631 to 1633
Skipped Seq from 1633 to 1643
Skipped Seq from 1643 to 1645
Skipped Seq from 1646 to 1650
Skipped Seq from 1654 to 1662
Skipped Seq from 1667 to 1683
Skipped Seq from 1687 to 1690
Skipped Seq from 1694 to 1696
Skipped Seq from 1697 to 1703
Skipped Seq from 1703 to 1708
Skipped Seq from 1710 to 1712
Skipped Seq from 1713 to 1717
Skipped Seq from 1717 to 1719
Skipped Seq from 1719 to 1722
Skipped Seq from 1722 to 1725
Skipped Seq from 1727 to 1731
Skipped Seq from 1737 to 1739
Skipped Seq from 1745 to 1748
Skipped Seq from 1753 to 1756
Skipped Seq from 1757 to 1760
Skipped Seq from 1760 to 1764
Skipped Seq from 1764 to 1766
Skipped Seq from 1768 to 1775
Skipped Seq from 1778 to 1781
Skipped Seq from 1783 to 1785
Skipped Seq from 1789 to 1791
Skipped Seq from 1794 to 1800
Skipped Seq from 1801 to 1805
Skipped Seq from 1813 to 1816
Skipped Seq from 1816 to 1820
Skipped Seq from 1820 to 1822
Skipped Seq from 1822 to 1825
Skipped Seq from 1826 to 1829
Skipped Seq from 1829 to 1833
Skipped Seq from 1840 to 1842
Skipped Seq from 1842 to 1845
Skipped Seq from 1845 to 1848
Skipped Seq from 1854 to 1856
Skipped Seq from 1862 to 1865
Skipped Seq from 1875 to 1877
Skipped Seq from 1878 to 1883
Skipped Seq from 1885 to 1887
Skipped Seq from 1888 to 1890
Skipped Seq from 1892 to 1895
Skipped Seq from 1897 to 1903
Skipped Seq from 1913 to 1916
Skipped Seq from 1916 to 1919
Skipped Seq from 1920 to 1927
Skipped Seq from 1983 to 1986
Skipped Seq from 1988 to 1990
Skipped Seq from 2081 to 2083
Skipped Seq from 2086 to 2088
Skipped Seq from 2091 to 2093
Skipped Seq from 6145 to 6151
Skipped Seq from 6160 to 6162
Skipped Seq from 6165 to 6170
Skipped Seq from 6172 to 6175
Skipped Seq from 6175 to 6177
Skipped Seq from 6186 to 6189
Skipped Seq from 6189 to 6192
Skipped Seq from 6193 to 6195
Skipped Seq from 6197 to 6200
Skipped Seq from 6202 to 6204
Skipped Seq from 6204 to 6211
Skipped Seq from 6220 to 6222
Skipped Seq from 6223 to 6225
Skipped Seq from 6228 to 6231
Skipped Seq from 6232 to 6234
Skipped Seq from 6240 to 6242
Skipped Seq from 6242 to 6246
Skipped Seq from 6247 to 6250
Skipped Seq from 6250 to 6252
Skipped Seq from 6252 to 6254
Skipped Seq from 6255 to 6257
Skipped Seq from 6262 to 6264
Skipped Seq from 6264 to 6267
Skipped Seq from 6269 to 6271
Skipped Seq from 6275 to 6277
Skipped Seq from 6278 to 6281
Skipped Seq from 6283 to 6285
Skipped Seq from 6287 to 6291
Skipped Seq from 6291 to 6293
Skipped Seq from 6301 to 6304
Skipped Seq from 6304 to 6306
Skipped Seq from 6313 to 6322
Skipped Seq from 6323 to 6325
Skipped Seq from 6325 to 6328
Skipped Seq from 6331 to 6333
Skipped Seq from 6333 to 6335
Skipped Seq from 6335 to 6337
Skipped Seq from 6347 to 6349
Skipped Seq from 6354 to 6357
Skipped Seq from 6366 to 6368
Skipped Seq from 6369 to 6371
Skipped Seq from 6372 to 6374
Skipped Seq from 6374 to 6377
Skipped Seq from 6378 to 6380
Skipped Seq from 6382 to 6385
Skipped Seq from 6386 to 6389
Skipped Seq from 6390 to 6392
Skipped Seq from 6392 to 6396
Skipped Seq from 6396 to 6398
Skipped Seq from 6399 to 6404
Skipped Seq from 6406 to 6408
Skipped Seq from 6416 to 6418
Skipped Seq from 6421 to 6424
Skipped Seq from 6424 to 6427
Skipped Seq from 6428 to 6430
Skipped Seq from 6432 to 6434
Skipped Seq from 6434 to 6436
Skipped Seq from 6441 to 6443
Skipped Seq from 6444 to 6446
Skipped Seq from 6448 to 6450
Skipped Seq from 6450 to 6453
Skipped Seq from 6460 to 6464
Skipped Seq from 6464 to 6466
Skipped Seq from 6468 to 6470
Skipped Seq from 6476 to 6478
Skipped Seq from 6485 to 6487
Skipped Seq from 6488 to 6493
Skipped Seq from 6494 to 6497
Skipped Seq from 6499 to 6501
Skipped Seq from 6505 to 6508
Skipped Seq from 6509 to 6513
Skipped Seq from 6513 to 6515
Skipped Seq from 6516 to 6519
Skipped Seq from 6519 to 6521
Skipped Seq from 6526 to 6528
Skipped Seq from 6528 to 6530
Skipped Seq from 6537 to 6539
Skipped Seq from 6541 to 6544
Skipped Seq from 6545 to 6547
Skipped Seq from 6549 to 6551
Skipped Seq from 6552 to 6554
Skipped Seq from 6555 to 6560
Skipped Seq from 6564 to 6567
Skipped Seq from 6568 to 6570
Skipped Seq from 6576 to 6578
Skipped Seq from 6578 to 6580
Skipped Seq from 6586 to 6590
Skipped Seq from 6591 to 6594
Skipped Seq from 6596 to 6602
Skipped Seq from 6609 to 6611
Skipped Seq from 6611 to 6613
Skipped Seq from 6619 to 6625
Skipped Seq from 6625 to 6627
Skipped Seq from 6635 to 6637
Skipped Seq from 6639 to 6642
Skipped Seq from 6644 to 6646
Skipped Seq from 6646 to 6649
Skipped Seq from 6653 to 6655
Skipped Seq from 6662 to 6664
Skipped Seq from 6671 to 6673
Skipped Seq from 6675 to 6677
Skipped Seq from 6677 to 6679
Skipped Seq from 6679 to 6682
Skipped Seq from 6682 to 6689
Skipped Seq from 6691 to 6693
Skipped Seq from 6700 to 6702
Skipped Seq from 6702 to 6704
Skipped Seq from 6708 to 6711
Skipped Seq from 6712 to 6714
Skipped Seq from 6714 to 6718
Skipped Seq from 6735 to 6738
Skipped Seq from 6749 to 6752
Skipped Seq from 6755 to 6758
Skipped Seq from 6759 to 6762
Skipped Seq from 6765 to 6767
Skipped Seq from 6771 to 6773
Skipped Seq from 6773 to 6775
Skipped Seq from 6776 to 6778
Skipped Seq from 6779 to 6785
Skipped Seq from 6786 to 6788
Skipped Seq from 6793 to 6795
Skipped Seq from 6798 to 6804
Skipped Seq from 6806 to 6808
Skipped Seq from 6809 to 6811
Skipped Seq from 6814 to 6817
Skipped Seq from 6823 to 6826
Skipped Seq from 6827 to 6829
Skipped Seq from 6845 to 6853
Skipped Seq from 6856 to 6858
Skipped Seq from 6859 to 6862
Skipped Seq from 6865 to 6867
Skipped Seq from 6870 to 6873
Skipped Seq from 6877 to 6879
Skipped Seq from 6880 to 6882
Skipped Seq from 6885 to 6887
Skipped Seq from 6888 to 6892
Skipped Seq from 6894 to 6896
Skipped Seq from 6899 to 6901
Skipped Seq from 6901 to 6903
Skipped Seq from 6907 to 6912
Skipped Seq from 6913 to 6926
Skipped Seq from 6928 to 6939
Skipped Seq from 6939 to 6941
Skipped Seq from 6941 to 6943
Skipped Seq from 6945 to 6947
Skipped Seq from 6948 to 6950
Skipped Seq from 6950 to 6952
Skipped Seq from 6952 to 6956
Skipped Seq from 6959 to 6961
Skipped Seq from 6961 to 6963
Skipped Seq from 6967 to 6969
Skipped Seq from 6970 to 6973
Skipped Seq from 6975 to 6980
Skipped Seq from 6980 to 6984
Skipped Seq from 6987 to 6989
Skipped Seq from 6990 to 6992
Skipped Seq from 6992 to 6996
Skipped Seq from 6997 to 6999
Skipped Seq from 7003 to 7006
Skipped Seq from 7008 to 7011
Skipped Seq from 7012 to 7014
Skipped Seq from 7014 to 7016
Skipped Seq from 7017 to 7020
Skipped Seq from 7020 to 7022
Skipped Seq from 7023 to 7026
Skipped Seq from 7026 to 7030
Skipped Seq from 7032 to 7036
Skipped Seq from 7037 to 7042
Skipped Seq from 7043 to 7048
Skipped Seq from 7049 to 7051
Skipped Seq from 7058 to 7060
Skipped Seq from 7060 to 7063
Skipped Seq from 7063 to 7066
Skipped Seq from 7067 to 7071
Skipped Seq from 7074 to 7076
Skipped Seq from 7076 to 7082
Skipped Seq from 7083 to 7089
Skipped Seq from 7089 to 7091
Skipped Seq from 7092 to 7103
Skipped Seq from 7104 to 7114
Skipped Seq from 7114 to 7117
Skipped Seq from 7122 to 7125
Skipped Seq from 7133 to 7135
Skipped Seq from 7135 to 7138
Skipped Seq from 7138 to 7141
Skipped Seq from 7141 to 7147
Skipped Seq from 7148 to 7150
Skipped Seq from 7152 to 7156
Skipped Seq from 7156 to 7158
Skipped Seq from 7158 to 7161
Skipped Seq from 7167 to 7169
Skipped Seq from 7169 to 7171
Skipped Seq from 7171 to 7173
Skipped Seq from 7173 to 7175
Skipped Seq from 7175 to 7178
Skipped Seq from 7178 to 7183
Skipped Seq from 7183 to 7185
Skipped Seq from 7185 to 7187
Skipped Seq from 7187 to 7189
Skipped Seq from 7189 to 7194
Skipped Seq from 7194 to 7196
Skipped Seq from 7198 to 7200
Skipped Seq from 7200 to 7203
Skipped Seq from 7205 to 7207
Skipped Seq from 7207 to 7211
Skipped Seq from 7211 to 7214
Skipped Seq from 7215 to 7217
Skipped Seq from 7217 to 7222
Skipped Seq from 7222 to 7224
Skipped Seq from 7224 to 7226
Skipped Seq from 7227 to 7229
Skipped Seq from 7229 to 7231
Skipped Seq from 7232 to 7235
Skipped Seq from 7236 to 7238
Skipped Seq from 7240 to 7242
Skipped Seq from 7242 to 7244
Skipped Seq from 7244 to 7246
Skipped Seq from 7246 to 7254
Skipped Seq from 7254 to 7256
Skipped Seq from 7257 to 7263
Skipped Seq from 7264 to 7269
Skipped Seq from 7270 to 7272
Skipped Seq from 7273 to 7275
Skipped Seq from 7276 to 7278
Skipped Seq from 7279 to 7281
Skipped Seq from 7281 to 7283
Skipped Seq from 7286 to 7288
Skipped Seq from 7290 to 7292
Skipped Seq from 7295 to 7309
Skipped Seq from 7309 to 7312
Skipped Seq from 7312 to 7316
Skipped Seq from 7316 to 7318
Skipped Seq from 7320 to 7322
Skipped Seq from 7322 to 7332
Skipped Seq from 7332 to 7334
Skipped Seq from 7334 to 7336
Skipped Seq from 7336 to 7338
Skipped Seq from 7338 to 7340
Skipped Seq from 7342 to 7349
Skipped Seq from 7355 to 7357
Skipped Seq from 7357 to 7359
Skipped Seq from 7360 to 7363
Skipped Seq from 7364 to 7367
Skipped Seq from 7371 to 7374
Skipped Seq from 7376 to 7378
Skipped Seq from 7378 to 7381
Skipped Seq from 7381 to 7385
Skipped Seq from 7386 to 7389
Skipped Seq from 7392 to 7394
Skipped Seq from 7394 to 7401
Skipped Seq from 7403 to 7405
Skipped Seq from 7407 to 7410
Skipped Seq from 7411 to 7419
Skipped Seq from 7421 to 7424
Skipped Seq from 7424 to 7426
Skipped Seq from 7432 to 7434
Skipped Seq from 7434 to 7439
Skipped Seq from 7442 to 7445
Skipped Seq from 7447 to 7449
Skipped Seq from 7452 to 7459
Skipped Seq from 7459 to 7462
Skipped Seq from 7464 to 7467
Skipped Seq from 7467 to 7470
Skipped Seq from 7470 to 7472
Skipped Seq from 7473 to 7480
Skipped Seq from 7480 to 7485
Skipped Seq from 7485 to 7497
Skipped Seq from 7497 to 7500
Skipped Seq from 7500 to 7502
Skipped Seq from 7508 to 7510
Skipped Seq from 7510 to 7512
Skipped Seq from 7513 to 7518
Skipped Seq from 7518 to 7520
Skipped Seq from 7520 to 7522
Skipped Seq from 7527 to 7534
Skipped Seq from 7534 to 7536
Skipped Seq from 7537 to 7539
Skipped Seq from 7542 to 7546
Skipped Seq from 7547 to 7552
Skipped Seq from 7552 to 7554
Skipped Seq from 7554 to 7559
Skipped Seq from 7564 to 7573
Skipped Seq from 7573 to 7575
Skipped Seq from 7576 to 7578
Skipped Seq from 7581 to 7586
Skipped Seq from 7588 to 7593
Skipped Seq from 7594 to 7598
Skipped Seq from 7598 to 7603
Skipped Seq from 7604 to 7609
Skipped Seq from 7609 to 7612
Skipped Seq from 7612 to 7614
Skipped Seq from 7614 to 7620
Skipped Seq from 7621 to 7623
Skipped Seq from 7625 to 7629
Skipped Seq from 7653 to 7656
Skipped Seq from 7672 to 7684
Skipped Seq from 7694 to 7703
Skipped Seq from 7709 to 7711
Skipped Seq from 7721 to 7723
Skipped Seq from 7726 to 7732
Skipped Seq from 7732 to 7736
Skipped Seq from 7736 to 7740
Skipped Seq from 7740 to 7744
Skipped Seq from 7745 to 7748
Skipped Seq from 7748 to 7753
Skipped Seq from 7754 to 7756
Skipped Seq from 7762 to 7764
Skipped Seq from 7765 to 7767
Skipped Seq from 7769 to 7771
Skipped Seq from 7772 to 7774
Skipped Seq from 7775 to 7777
Skipped Seq from 7777 to 7779
Skipped Seq from 7780 to 7782
Skipped Seq from 7782 to 7784
Skipped Seq from 7789 to 7792
Skipped Seq from 7792 to 7796
Skipped Seq from 7800 to 7802
Skipped Seq from 7802 to 7806
Skipped Seq from 7806 to 7808
Skipped Seq from 7809 to 7811
Skipped Seq from 7811 to 7816
Skipped Seq from 7816 to 7818
Skipped Seq from 7822 to 7825
Skipped Seq from 7830 to 7833
Skipped Seq from 7833 to 7835
Skipped Seq from 7835 to 7838
Skipped Seq from 7840 to 7842
Skipped Seq from 7848 to 7850
Skipped Seq from 7851 to 7855
Skipped Seq from 7855 to 7858
Skipped Seq from 7860 to 7863
Skipped Seq from 7866 to 7869
Skipped Seq from 7869 to 7873
Skipped Seq from 7873 to 7876
Skipped Seq from 7880 to 7883
Skipped Seq from 7884 to 7886
Skipped Seq from 7886 to 7889
Skipped Seq from 7889 to 7893
Skipped Seq from 7897 to 7902
Skipped Seq from 7906 to 7910
Skipped Seq from 7911 to 7913
Skipped Seq from 7914 to 7916
Skipped Seq from 7921 to 7923
Skipped Seq from 7924 to 7927
Skipped Seq from 7929 to 7931
Skipped Seq from 7931 to 7933
Skipped Seq from 7936 to 7940
Skipped Seq from 7942 to 7947
Skipped Seq from 7948 to 7953
Skipped Seq from 7953 to 7958
Skipped Seq from 7958 to 7964
Skipped Seq from 7964 to 7966
Skipped Seq from 7966 to 7972
Skipped Seq from 7974 to 7977
Skipped Seq from 7980 to 7983
Skipped Seq from 7983 to 7985
Skipped Seq from 7985 to 7989
Skipped Seq from 7994 to 7999
Skipped Seq from 8000 to 8002
Skipped Seq from 8005 to 8007
Skipped Seq from 8007 to 8016
Skipped Seq from 8021 to 8023
Skipped Seq from 8037 to 8042
Skipped Seq from 8042 to 8045
Skipped Seq from 8045 to 8047
Skipped Seq from 8049 to 8051
Skipped Seq from 8052 to 8057
Skipped Seq from 8060 to 8066
Skipped Seq from 8066 to 8071
Skipped Seq from 8091 to 8107
Skipped Seq from 8107 to 8109
Skipped Seq from 8109 to 8115
Skipped Seq from 8128 to 8132
Skipped Seq from 8135 to 8140
Skipped Seq from 8140 to 8148
Skipped Seq from 8157 to 8162
Skipped Seq from 8162 to 8164
Skipped Seq from 8165 to 8167
Skipped Seq from 8172 to 8177
Skipped Seq from 8180 to 8182
Skipped Seq from 8182 to 8185
Skipped Seq from 8201 to 8204
Skipped Seq from 8205 to 8207
Skipped Seq from 8215 to 8217
Skipped Seq from 8221 to 8223
Skipped Seq from 8223 to 8226
Skipped Seq from 8226 to 8230
Skipped Seq from 8232 to 8235
Skipped Seq from 8235 to 8237
Number of times throttled: 10
Received: 9766 / 11314 packets
Start time: 1332839370.178846
End time: 1332839412.002379
Duration: 41.823533
