Starting client at 10.0.0.11:1275 with timeout:10
My IP address is 10.0.0.11Skipped Seq from 836 to 839
Skipped Seq from 842 to 846
Skipped Seq from 846 to 848
Skipped Seq from 848 to 851
Skipped Seq from 856 to 859
Skipped Seq from 861 to 864
Skipped Seq from 864 to 866
Skipped Seq from 867 to 870
Skipped Seq from 875 to 879
Skipped Seq from 879 to 881
Skipped Seq from 885 to 889
Skipped Seq from 894 to 896
Skipped Seq from 901 to 907
Skipped Seq from 907 to 909
Skipped Seq from 911 to 927
Skipped Seq from 927 to 929
Skipped Seq from 930 to 934
Skipped Seq from 934 to 936
Skipped Seq from 937 to 940
Skipped Seq from 940 to 942
Skipped Seq from 942 to 945
Skipped Seq from 949 to 951
Skipped Seq from 951 to 954
Skipped Seq from 955 to 957
Skipped Seq from 965 to 967
Skipped Seq from 967 to 970
Skipped Seq from 975 to 979
Skipped Seq from 979 to 981
Skipped Seq from 982 to 984
Skipped Seq from 984 to 988
Skipped Seq from 988 to 990
Skipped Seq from 990 to 992
Skipped Seq from 995 to 997
Skipped Seq from 999 to 1002
Skipped Seq from 1002 to 1004
Skipped Seq from 1004 to 1008
Skipped Seq from 1012 to 1014
Skipped Seq from 1016 to 1018
Skipped Seq from 1020 to 1025
Skipped Seq from 1028 to 1030
Skipped Seq from 1030 to 1033
Skipped Seq from 1038 to 1040
Skipped Seq from 1044 to 1048
Skipped Seq from 1049 to 1051
Skipped Seq from 1052 to 1055
Skipped Seq from 1058 to 1062
Skipped Seq from 1068 to 1072
Skipped Seq from 1073 to 1075
Skipped Seq from 1079 to 1081
Skipped Seq from 1083 to 1085
Skipped Seq from 1086 to 1091
Skipped Seq from 1091 to 1094
Skipped Seq from 1096 to 1100
Skipped Seq from 1105 to 1107
Skipped Seq from 1107 to 1110
Skipped Seq from 1111 to 1116
Skipped Seq from 1116 to 1118
Skipped Seq from 1129 to 1131
Skipped Seq from 1131 to 1133
Skipped Seq from 1136 to 1140
Skipped Seq from 1140 to 1142
Skipped Seq from 1145 to 1147
Skipped Seq from 1148 to 1150
Skipped Seq from 1150 to 1152
Skipped Seq from 1160 to 1162
Skipped Seq from 1163 to 1165
Skipped Seq from 1166 to 1168
Skipped Seq from 1170 to 1172
Skipped Seq from 1177 to 1179
Skipped Seq from 1180 to 1182
Skipped Seq from 1184 to 1187
Skipped Seq from 1188 to 1191
Skipped Seq from 1191 to 1195
Skipped Seq from 1196 to 1200
Skipped Seq from 1200 to 1202
Skipped Seq from 1202 to 1205
Skipped Seq from 1207 to 1212
Skipped Seq from 1215 to 1220
Skipped Seq from 1220 to 1222
Skipped Seq from 1225 to 1228
Skipped Seq from 1228 to 1230
Skipped Seq from 1231 to 1236
Skipped Seq from 1236 to 1239
Skipped Seq from 1240 to 1242
Skipped Seq from 1243 to 1247
Skipped Seq from 1247 to 1250
Skipped Seq from 1251 to 1255
Skipped Seq from 1258 to 1260
Skipped Seq from 1263 to 1265
Skipped Seq from 1265 to 1267
Skipped Seq from 1267 to 1271
Skipped Seq from 1273 to 1275
Skipped Seq from 1277 to 1279
Skipped Seq from 1283 to 1287
Skipped Seq from 1287 to 1291
Skipped Seq from 1295 to 1299
Skipped Seq from 1299 to 1302
Skipped Seq from 1302 to 1305
Skipped Seq from 1306 to 1308
Skipped Seq from 1310 to 1313
Skipped Seq from 1313 to 1315
Skipped Seq from 1318 to 1321
Skipped Seq from 1322 to 1324
Skipped Seq from 1324 to 1329
Skipped Seq from 1332 to 1334
Skipped Seq from 1338 to 1340
Skipped Seq from 1342 to 1345
Skipped Seq from 1345 to 1348
Skipped Seq from 1352 to 1356
Skipped Seq from 1358 to 1361
Skipped Seq from 1362 to 1367
Skipped Seq from 1370 to 1372
Skipped Seq from 1374 to 1381
Skipped Seq from 1381 to 1383
Skipped Seq from 1383 to 1391
Skipped Seq from 1391 to 1394
Skipped Seq from 1396 to 1399
Skipped Seq from 1403 to 1406
Skipped Seq from 1406 to 1408
Skipped Seq from 1408 to 1410
Skipped Seq from 1410 to 1412
Skipped Seq from 1412 to 1414
Skipped Seq from 1415 to 1417
Skipped Seq from 1419 to 1421
Skipped Seq from 1421 to 1427
Skipped Seq from 1427 to 1429
Skipped Seq from 1429 to 1432
Skipped Seq from 1433 to 1435
Skipped Seq from 1436 to 1439
Skipped Seq from 1439 to 1441
Skipped Seq from 1442 to 1444
Skipped Seq from 1447 to 1457
Skipped Seq from 1459 to 1462
Skipped Seq from 1464 to 1466
Skipped Seq from 1466 to 1469
Skipped Seq from 1473 to 1475
Skipped Seq from 1475 to 1477
Skipped Seq from 1477 to 1479
Skipped Seq from 1486 to 1488
Skipped Seq from 1496 to 1498
Skipped Seq from 1500 to 1502
Skipped Seq from 1502 to 1504
Skipped Seq from 1506 to 1511
Skipped Seq from 1511 to 1514
Skipped Seq from 1515 to 1517
Skipped Seq from 1520 to 1522
Skipped Seq from 1528 to 1537
Skipped Seq from 1537 to 1539
Skipped Seq from 1539 to 1543
Skipped Seq from 1544 to 1551
Skipped Seq from 1551 to 1555
Skipped Seq from 1559 to 1561
Skipped Seq from 1561 to 1564
Skipped Seq from 1567 to 1569
Skipped Seq from 1570 to 1579
Skipped Seq from 1580 to 1583
Skipped Seq from 1585 to 1587
Skipped Seq from 1589 to 1594
Skipped Seq from 1600 to 1603
Skipped Seq from 1603 to 1607
Skipped Seq from 1610 to 1615
Skipped Seq from 1615 to 1620
Skipped Seq from 1622 to 1624
Skipped Seq from 1660 to 1665
Skipped Seq from 1678 to 1682
Skipped Seq from 1682 to 1687
Skipped Seq from 1690 to 1694
Skipped Seq from 1694 to 1696
Skipped Seq from 1697 to 1700
Skipped Seq from 1700 to 1703
Skipped Seq from 1707 to 1709
Skipped Seq from 1709 to 1712
Skipped Seq from 1712 to 1718
Skipped Seq from 1721 to 1723
Skipped Seq from 1724 to 1728
Skipped Seq from 1728 to 1730
Skipped Seq from 1730 to 1732
Skipped Seq from 1734 to 1737
Skipped Seq from 1737 to 1740
Skipped Seq from 1741 to 1745
Skipped Seq from 1749 to 1751
Skipped Seq from 1751 to 1753
Skipped Seq from 1755 to 1759
Skipped Seq from 1759 to 1761
Skipped Seq from 1761 to 1763
Skipped Seq from 1763 to 1765
Skipped Seq from 1765 to 1772
Skipped Seq from 1772 to 1774
Skipped Seq from 1774 to 1777
Skipped Seq from 1780 to 1783
Skipped Seq from 1784 to 1788
Skipped Seq from 1790 to 1793
Skipped Seq from 1794 to 1797
Skipped Seq from 1798 to 1801
Skipped Seq from 1803 to 1809
Skipped Seq from 1809 to 1811
Skipped Seq from 1813 to 1816
Skipped Seq from 1817 to 1819
Skipped Seq from 1822 to 1828
Skipped Seq from 1828 to 1830
Skipped Seq from 1830 to 1832
Skipped Seq from 1832 to 1835
Skipped Seq from 1838 to 1840
Skipped Seq from 1842 to 1847
Skipped Seq from 1847 to 1849
Skipped Seq from 1849 to 1851
Skipped Seq from 1851 to 1853
Skipped Seq from 1859 to 1862
Skipped Seq from 1864 to 1869
Skipped Seq from 1874 to 1877
Skipped Seq from 1879 to 1886
Skipped Seq from 1891 to 1896
Skipped Seq from 1901 to 1903
Skipped Seq from 1906 to 1909
Skipped Seq from 1909 to 1913
Skipped Seq from 1916 to 1925
Skipped Seq from 1926 to 1928
Skipped Seq from 1929 to 1931
Skipped Seq from 1933 to 1937
Skipped Seq from 1939 to 1942
Skipped Seq from 1942 to 1947
Skipped Seq from 1947 to 1950
Skipped Seq from 1960 to 1970
Skipped Seq from 1973 to 1976
Skipped Seq from 1976 to 1979
Skipped Seq from 1985 to 1990
Skipped Seq from 1990 to 1993
Skipped Seq from 1994 to 2002
Skipped Seq from 2004 to 2006
Skipped Seq from 2007 to 2010
Skipped Seq from 2010 to 2012
Skipped Seq from 2012 to 2014
Skipped Seq from 2016 to 2019
Skipped Seq from 2020 to 2022
Skipped Seq from 2024 to 2026
Skipped Seq from 2026 to 2030
Skipped Seq from 2030 to 2033
Skipped Seq from 2034 to 2036
Skipped Seq from 2036 to 2042
Skipped Seq from 2042 to 2045
Skipped Seq from 2047 to 2050
Skipped Seq from 2051 to 2053
Skipped Seq from 2060 to 2064
Skipped Seq from 2066 to 2073
Skipped Seq from 2074 to 2077
Skipped Seq from 2084 to 2086
Skipped Seq from 2086 to 2088
Skipped Seq from 2090 to 2094
Skipped Seq from 2096 to 2100
Skipped Seq from 2102 to 2105
Skipped Seq from 2107 to 2109
Skipped Seq from 2110 to 2112
Skipped Seq from 2115 to 2122
Skipped Seq from 2123 to 2128
Skipped Seq from 2128 to 2131
Skipped Seq from 2135 to 2138
Skipped Seq from 2138 to 2142
Skipped Seq from 2142 to 2145
Skipped Seq from 2145 to 2148
Skipped Seq from 2148 to 2151
Skipped Seq from 2152 to 2154
Skipped Seq from 2155 to 2157
Skipped Seq from 2158 to 2161
Skipped Seq from 2164 to 2169
Skipped Seq from 2170 to 2173
Skipped Seq from 2174 to 2176
Skipped Seq from 2178 to 2181
Skipped Seq from 2181 to 2184
Skipped Seq from 2185 to 2187
Skipped Seq from 2189 to 2191
Skipped Seq from 2199 to 2204
Skipped Seq from 2204 to 2218
Skipped Seq from 2218 to 2220
Skipped Seq from 2220 to 2226
Skipped Seq from 2229 to 2231
Skipped Seq from 2232 to 2235
Skipped Seq from 2235 to 2239
Skipped Seq from 2243 to 2248
Skipped Seq from 2248 to 2252
Skipped Seq from 2254 to 2256
Skipped Seq from 2256 to 2258
Skipped Seq from 2258 to 2260
Skipped Seq from 2268 to 2270
Skipped Seq from 2270 to 2274
Skipped Seq from 2274 to 2278
Skipped Seq from 2278 to 2295
Skipped Seq from 2295 to 2299
Skipped Seq from 2317 to 2323
Skipped Seq from 2323 to 2337
Skipped Seq from 2355 to 2357
Skipped Seq from 2369 to 2372
Skipped Seq from 2376 to 2379
Skipped Seq from 2382 to 2386
Number of times throttled: 4
Received: 4522 / 5211 packets
Start time: 1332840371.147072
End time: 1332840395.835095
Duration: 24.688023
