Starting client at 10.0.0.22:1238 with timeout:10
My IP address is 10.0.0.22Skipped Seq from 453 to 455
Skipped Seq from 455 to 458
Skipped Seq from 458 to 460
Skipped Seq from 460 to 462
Skipped Seq from 462 to 465
Skipped Seq from 465 to 468
Skipped Seq from 468 to 472
Skipped Seq from 474 to 486
Skipped Seq from 486 to 490
Skipped Seq from 495 to 505
Skipped Seq from 505 to 508
Skipped Seq from 510 to 512
Skipped Seq from 512 to 515
Skipped Seq from 515 to 518
Skipped Seq from 518 to 521
Skipped Seq from 521 to 523
Skipped Seq from 523 to 526
Skipped Seq from 526 to 528
Skipped Seq from 528 to 532
Skipped Seq from 535 to 537
Skipped Seq from 538 to 540
Skipped Seq from 540 to 548
Skipped Seq from 553 to 558
Skipped Seq from 559 to 561
Skipped Seq from 561 to 565
Skipped Seq from 567 to 569
Skipped Seq from 571 to 577
Skipped Seq from 577 to 580
Skipped Seq from 581 to 583
Skipped Seq from 583 to 590
Skipped Seq from 592 to 594
Skipped Seq from 595 to 598
Skipped Seq from 599 to 601
Skipped Seq from 601 to 604
Skipped Seq from 604 to 606
Skipped Seq from 606 to 610
Skipped Seq from 610 to 612
Skipped Seq from 614 to 616
Skipped Seq from 616 to 618
Skipped Seq from 618 to 622
Skipped Seq from 622 to 624
Skipped Seq from 639 to 641
Skipped Seq from 642 to 649
Skipped Seq from 649 to 660
Skipped Seq from 661 to 663
Skipped Seq from 663 to 665
Skipped Seq from 667 to 669
Skipped Seq from 669 to 671
Skipped Seq from 671 to 674
Skipped Seq from 674 to 677
Skipped Seq from 678 to 680
Skipped Seq from 681 to 683
Skipped Seq from 683 to 687
Skipped Seq from 688 to 698
Skipped Seq from 701 to 703
Skipped Seq from 703 to 707
Skipped Seq from 709 to 714
Skipped Seq from 714 to 718
Skipped Seq from 722 to 731
Skipped Seq from 731 to 733
Skipped Seq from 733 to 739
Skipped Seq from 740 to 748
Skipped Seq from 748 to 751
Skipped Seq from 751 to 754
Skipped Seq from 754 to 756
Skipped Seq from 756 to 758
Skipped Seq from 759 to 761
Skipped Seq from 765 to 768
Skipped Seq from 774 to 777
Skipped Seq from 777 to 781
Skipped Seq from 782 to 785
Skipped Seq from 786 to 789
Skipped Seq from 790 to 793
Skipped Seq from 794 to 796
Skipped Seq from 796 to 800
Skipped Seq from 801 to 804
Skipped Seq from 804 to 806
Skipped Seq from 808 to 811
Skipped Seq from 811 to 813
Skipped Seq from 813 to 816
Skipped Seq from 817 to 819
Skipped Seq from 819 to 821
Skipped Seq from 824 to 826
Skipped Seq from 827 to 829
Skipped Seq from 829 to 831
Skipped Seq from 831 to 835
Skipped Seq from 835 to 837
Skipped Seq from 837 to 840
Skipped Seq from 843 to 846
Skipped Seq from 847 to 849
Skipped Seq from 849 to 853
Skipped Seq from 855 to 858
Skipped Seq from 858 to 860
Skipped Seq from 862 to 864
Skipped Seq from 865 to 867
Skipped Seq from 867 to 871
Skipped Seq from 871 to 873
Skipped Seq from 875 to 877
Skipped Seq from 877 to 880
Skipped Seq from 880 to 882
Skipped Seq from 883 to 885
Skipped Seq from 886 to 890
Skipped Seq from 892 to 895
Skipped Seq from 898 to 900
Skipped Seq from 900 to 902
Skipped Seq from 903 to 906
Skipped Seq from 907 to 912
Skipped Seq from 912 to 920
Skipped Seq from 920 to 925
Skipped Seq from 925 to 929
Skipped Seq from 929 to 938
Skipped Seq from 939 to 941
Skipped Seq from 942 to 948
Skipped Seq from 948 to 950
Skipped Seq from 950 to 953
Skipped Seq from 955 to 958
Skipped Seq from 958 to 960
Skipped Seq from 960 to 962
Skipped Seq from 962 to 964
Skipped Seq from 964 to 966
Skipped Seq from 967 to 969
Skipped Seq from 972 to 974
Skipped Seq from 974 to 980
Skipped Seq from 983 to 986
Skipped Seq from 987 to 990
Skipped Seq from 991 to 995
Skipped Seq from 995 to 1001
Skipped Seq from 1003 to 1005
Skipped Seq from 1006 to 1008
Skipped Seq from 1008 to 1012
Skipped Seq from 1012 to 1014
Skipped Seq from 1015 to 1019
Skipped Seq from 1019 to 1021
Skipped Seq from 1021 to 1023
Skipped Seq from 1024 to 1026
Skipped Seq from 1026 to 1028
Skipped Seq from 1028 to 1030
Skipped Seq from 1032 to 1034
Skipped Seq from 1040 to 1042
Skipped Seq from 1044 to 1046
Skipped Seq from 1048 to 1056
Skipped Seq from 1060 to 1069
Skipped Seq from 1070 to 1076
Skipped Seq from 1077 to 1080
Skipped Seq from 1080 to 1083
Skipped Seq from 1084 to 1091
Skipped Seq from 1091 to 1095
Skipped Seq from 1095 to 1099
Skipped Seq from 1100 to 1103
Skipped Seq from 1103 to 1105
Skipped Seq from 1107 to 1109
Skipped Seq from 1109 to 1112
Skipped Seq from 1114 to 1123
Skipped Seq from 1124 to 1127
Skipped Seq from 1127 to 1130
Skipped Seq from 1135 to 1137
Skipped Seq from 1137 to 1141
Skipped Seq from 1144 to 1146
Skipped Seq from 1146 to 1148
Skipped Seq from 1151 to 1154
Skipped Seq from 1154 to 1156
Skipped Seq from 1159 to 1161
Skipped Seq from 1161 to 1163
Skipped Seq from 1163 to 1166
Skipped Seq from 1166 to 1168
Skipped Seq from 1168 to 1170
Skipped Seq from 1170 to 1183
Skipped Seq from 1183 to 1185
Skipped Seq from 1188 to 1192
Skipped Seq from 1195 to 1199
Skipped Seq from 1200 to 1202
Skipped Seq from 1202 to 1210
Skipped Seq from 1211 to 1214
Skipped Seq from 1220 to 1222
Skipped Seq from 1222 to 1225
Skipped Seq from 1225 to 1227
Skipped Seq from 1228 to 1230
Skipped Seq from 1231 to 1235
Skipped Seq from 1235 to 1237
Skipped Seq from 1237 to 1241
Skipped Seq from 1241 to 1243
Skipped Seq from 1245 to 1247
Skipped Seq from 1247 to 1249
Skipped Seq from 1249 to 1254
Skipped Seq from 1258 to 1264
Skipped Seq from 1265 to 1274
Skipped Seq from 1274 to 1276
Skipped Seq from 1276 to 1279
Skipped Seq from 1281 to 1283
Skipped Seq from 1285 to 1289
Skipped Seq from 1289 to 1295
Skipped Seq from 1295 to 1297
Skipped Seq from 1301 to 1305
Skipped Seq from 1336 to 1344
Skipped Seq from 1344 to 1351
Skipped Seq from 1351 to 1360
Skipped Seq from 1362 to 1364
Skipped Seq from 1367 to 1370
Skipped Seq from 1370 to 1374
Skipped Seq from 1376 to 1384
Skipped Seq from 1384 to 1388
Skipped Seq from 1388 to 1398
Skipped Seq from 1398 to 1403
Skipped Seq from 1403 to 1405
Skipped Seq from 1405 to 1410
Skipped Seq from 1410 to 1413
Skipped Seq from 1413 to 1416
Skipped Seq from 1416 to 1421
Skipped Seq from 1421 to 1423
Skipped Seq from 1423 to 1426
Skipped Seq from 1426 to 1430
Skipped Seq from 1430 to 1432
Skipped Seq from 1432 to 1440
Skipped Seq from 1440 to 1446
Skipped Seq from 1446 to 1448
Skipped Seq from 1448 to 1451
Skipped Seq from 1451 to 1457
Skipped Seq from 1457 to 1462
Skipped Seq from 1462 to 1472
Skipped Seq from 1472 to 1475
Skipped Seq from 1475 to 1487
Skipped Seq from 1487 to 1489
Skipped Seq from 1489 to 1495
Skipped Seq from 1495 to 1498
Skipped Seq from 1502 to 1505
Skipped Seq from 1505 to 1508
Skipped Seq from 1508 to 1510
Skipped Seq from 1510 to 1512
Skipped Seq from 1515 to 1517
Skipped Seq from 1517 to 1519
Skipped Seq from 1520 to 1523
Skipped Seq from 1524 to 1529
Skipped Seq from 1529 to 1531
Skipped Seq from 1532 to 1537
Skipped Seq from 1537 to 1540
Skipped Seq from 1542 to 1544
Skipped Seq from 1549 to 1552
Skipped Seq from 1556 to 1558
Skipped Seq from 1559 to 1562
Skipped Seq from 1562 to 1564
Skipped Seq from 1567 to 1569
Skipped Seq from 1574 to 1576
Skipped Seq from 1578 to 1582
Skipped Seq from 1582 to 1585
Skipped Seq from 1585 to 1587
Skipped Seq from 1587 to 1589
Skipped Seq from 1589 to 1592
Skipped Seq from 1593 to 1596
Skipped Seq from 1596 to 1599
Skipped Seq from 1599 to 1604
Skipped Seq from 1604 to 1607
Skipped Seq from 1607 to 1614
Skipped Seq from 1616 to 1619
Skipped Seq from 1620 to 1624
Skipped Seq from 1624 to 1627
Skipped Seq from 1627 to 1629
Skipped Seq from 1629 to 1632
Skipped Seq from 1632 to 1634
Skipped Seq from 1634 to 1638
Skipped Seq from 1638 to 1644
Skipped Seq from 1644 to 1646
Skipped Seq from 1649 to 1651
Skipped Seq from 1653 to 1656
Skipped Seq from 1656 to 1658
Skipped Seq from 1660 to 1664
Skipped Seq from 1664 to 1666
Skipped Seq from 1667 to 1671
Skipped Seq from 1673 to 1677
Skipped Seq from 1679 to 1682
Skipped Seq from 1683 to 1686
Skipped Seq from 1687 to 1689
Skipped Seq from 1691 to 1693
Skipped Seq from 1693 to 1695
Skipped Seq from 1695 to 1697
Skipped Seq from 1698 to 1700
Skipped Seq from 1702 to 1707
Skipped Seq from 1708 to 1710
Skipped Seq from 1710 to 1715
Skipped Seq from 1715 to 1718
Skipped Seq from 1718 to 1720
Skipped Seq from 1721 to 1723
Skipped Seq from 1724 to 1726
Skipped Seq from 1726 to 1728
Skipped Seq from 1728 to 1730
Skipped Seq from 1731 to 1733
Skipped Seq from 1733 to 1735
Skipped Seq from 1739 to 1742
Skipped Seq from 1743 to 1745
Skipped Seq from 1747 to 1750
Skipped Seq from 1750 to 1752
Skipped Seq from 1752 to 1754
Skipped Seq from 1755 to 1760
Skipped Seq from 1761 to 1764
Skipped Seq from 1765 to 1768
Skipped Seq from 1768 to 1772
Skipped Seq from 1773 to 1777
Skipped Seq from 1777 to 1779
Skipped Seq from 1779 to 1783
Skipped Seq from 1787 to 1790
Skipped Seq from 1790 to 1792
Skipped Seq from 1792 to 1795
Skipped Seq from 1798 to 1803
Skipped Seq from 1804 to 1806
Skipped Seq from 1806 to 1808
Skipped Seq from 1808 to 1811
Skipped Seq from 1812 to 1816
Skipped Seq from 1820 to 1822
Skipped Seq from 1822 to 1824
Skipped Seq from 1827 to 1829
Skipped Seq from 1829 to 1832
Skipped Seq from 1832 to 1834
Skipped Seq from 1834 to 1837
Skipped Seq from 1840 to 1842
Skipped Seq from 1842 to 1845
Skipped Seq from 1848 to 1851
Skipped Seq from 1853 to 1859
Skipped Seq from 1859 to 1861
Skipped Seq from 1861 to 1863
Skipped Seq from 1864 to 1866
Skipped Seq from 1867 to 1869
Skipped Seq from 1872 to 1876
Skipped Seq from 1880 to 1885
Skipped Seq from 1890 to 1892
Skipped Seq from 1899 to 1901
Skipped Seq from 1901 to 1903
Skipped Seq from 1906 to 1910
Skipped Seq from 1913 to 1917
Skipped Seq from 1920 to 1924
Skipped Seq from 1937 to 1939
Skipped Seq from 1941 to 1947
Skipped Seq from 1949 to 1951
Skipped Seq from 1951 to 1953
Skipped Seq from 1956 to 1958
Skipped Seq from 1974 to 1976
Skipped Seq from 1979 to 1981
Number of times throttled: 4
Received: 3456 / 4255 packets
Start time: 1332838314.768423
End time: 1332838336.710396
Duration: 21.941973
