Starting client at 10.0.0.23:1281 with timeout:10
My IP address is 10.0.0.23Skipped Seq from 396 to 398
Skipped Seq from 399 to 401
Skipped Seq from 403 to 406
Skipped Seq from 407 to 412
Skipped Seq from 412 to 414
Skipped Seq from 414 to 416
Skipped Seq from 421 to 434
Skipped Seq from 435 to 439
Skipped Seq from 440 to 450
Skipped Seq from 457 to 461
Skipped Seq from 462 to 465
Skipped Seq from 468 to 471
Skipped Seq from 475 to 480
Skipped Seq from 483 to 485
Skipped Seq from 485 to 487
Skipped Seq from 487 to 490
Skipped Seq from 491 to 493
Skipped Seq from 502 to 510
Skipped Seq from 518 to 520
Skipped Seq from 523 to 528
Skipped Seq from 529 to 532
Skipped Seq from 533 to 535
Skipped Seq from 537 to 539
Skipped Seq from 540 to 546
Skipped Seq from 549 to 554
Skipped Seq from 554 to 559
Skipped Seq from 559 to 564
Skipped Seq from 570 to 575
Skipped Seq from 578 to 581
Skipped Seq from 582 to 584
Skipped Seq from 585 to 590
Skipped Seq from 594 to 596
Skipped Seq from 600 to 602
Skipped Seq from 603 to 605
Skipped Seq from 606 to 612
Skipped Seq from 612 to 616
Skipped Seq from 617 to 619
Skipped Seq from 620 to 622
Skipped Seq from 622 to 635
Skipped Seq from 636 to 639
Skipped Seq from 642 to 649
Skipped Seq from 650 to 653
Skipped Seq from 653 to 655
Skipped Seq from 657 to 662
Skipped Seq from 668 to 670
Skipped Seq from 670 to 672
Skipped Seq from 672 to 674
Skipped Seq from 674 to 680
Skipped Seq from 680 to 684
Skipped Seq from 687 to 689
Skipped Seq from 692 to 698
Skipped Seq from 705 to 711
Skipped Seq from 719 to 725
Skipped Seq from 725 to 729
Skipped Seq from 731 to 733
Skipped Seq from 733 to 735
Skipped Seq from 739 to 742
Skipped Seq from 743 to 745
Skipped Seq from 745 to 748
Skipped Seq from 748 to 754
Skipped Seq from 755 to 758
Skipped Seq from 767 to 769
Skipped Seq from 774 to 785
Skipped Seq from 803 to 809
Skipped Seq from 809 to 817
Skipped Seq from 822 to 825
Skipped Seq from 826 to 831
Skipped Seq from 831 to 837
Skipped Seq from 837 to 841
Skipped Seq from 843 to 847
Skipped Seq from 855 to 857
Skipped Seq from 863 to 865
Skipped Seq from 865 to 867
Skipped Seq from 867 to 870
Skipped Seq from 871 to 873
Skipped Seq from 873 to 879
Skipped Seq from 879 to 882
Skipped Seq from 882 to 885
Skipped Seq from 887 to 889
Skipped Seq from 889 to 891
Skipped Seq from 893 to 896
Skipped Seq from 896 to 898
Skipped Seq from 900 to 905
Skipped Seq from 907 to 909
Skipped Seq from 912 to 916
Skipped Seq from 916 to 926
Skipped Seq from 926 to 928
Skipped Seq from 929 to 934
Skipped Seq from 934 to 936
Skipped Seq from 938 to 941
Skipped Seq from 941 to 943
Skipped Seq from 943 to 948
Skipped Seq from 949 to 951
Skipped Seq from 951 to 953
Skipped Seq from 953 to 955
Skipped Seq from 955 to 962
Skipped Seq from 964 to 967
Skipped Seq from 969 to 973
Skipped Seq from 973 to 976
Skipped Seq from 976 to 979
Skipped Seq from 986 to 991
Skipped Seq from 998 to 1000
Skipped Seq from 1001 to 1003
Skipped Seq from 1005 to 1007
Skipped Seq from 1007 to 1010
Skipped Seq from 1011 to 1013
Skipped Seq from 1014 to 1017
Skipped Seq from 1018 to 1020
Skipped Seq from 1024 to 1035
Skipped Seq from 1035 to 1038
Skipped Seq from 1041 to 1045
Skipped Seq from 1046 to 1049
Skipped Seq from 1053 to 1056
Skipped Seq from 1064 to 1067
Skipped Seq from 1069 to 1081
Skipped Seq from 1081 to 1088
Skipped Seq from 1099 to 1106
Skipped Seq from 1106 to 1110
Skipped Seq from 1111 to 1115
Skipped Seq from 1117 to 1124
Skipped Seq from 1124 to 1130
Skipped Seq from 1132 to 1135
Skipped Seq from 1135 to 1137
Skipped Seq from 1137 to 1140
Skipped Seq from 1141 to 1144
Skipped Seq from 1144 to 1148
Skipped Seq from 1152 to 1154
Skipped Seq from 1154 to 1157
Skipped Seq from 1161 to 1164
Skipped Seq from 1166 to 1168
Skipped Seq from 1168 to 1170
Skipped Seq from 1172 to 1176
Skipped Seq from 1176 to 1179
Skipped Seq from 1182 to 1185
Skipped Seq from 1185 to 1187
Skipped Seq from 1189 to 1193
Skipped Seq from 1194 to 1205
Skipped Seq from 1206 to 1214
Skipped Seq from 1216 to 1218
Skipped Seq from 1222 to 1224
Skipped Seq from 1226 to 1233
Skipped Seq from 1233 to 1236
Skipped Seq from 1238 to 1249
Skipped Seq from 1249 to 1251
Skipped Seq from 1251 to 1256
Skipped Seq from 1256 to 1258
Skipped Seq from 1259 to 1264
Skipped Seq from 1264 to 1269
Skipped Seq from 1273 to 1276
Skipped Seq from 1276 to 1280
Skipped Seq from 1280 to 1284
Skipped Seq from 1284 to 1293
Skipped Seq from 1294 to 1298
Skipped Seq from 1299 to 1301
Skipped Seq from 1301 to 1303
Skipped Seq from 1303 to 1307
Skipped Seq from 1307 to 1309
Skipped Seq from 1309 to 1319
Skipped Seq from 1319 to 1322
Skipped Seq from 1322 to 1326
Skipped Seq from 1329 to 1331
Skipped Seq from 1332 to 1336
Skipped Seq from 1336 to 1338
Skipped Seq from 1341 to 1349
Skipped Seq from 1356 to 1358
Skipped Seq from 1359 to 1362
Skipped Seq from 1363 to 1366
Skipped Seq from 1369 to 1373
Skipped Seq from 1373 to 1387
Skipped Seq from 1391 to 1394
Skipped Seq from 1394 to 1398
Skipped Seq from 1398 to 1402
Skipped Seq from 1406 to 1409
Skipped Seq from 1413 to 1415
Skipped Seq from 1420 to 1428
Skipped Seq from 1433 to 1441
Skipped Seq from 1445 to 1449
Skipped Seq from 1451 to 1457
Skipped Seq from 1457 to 1461
Skipped Seq from 1461 to 1466
Skipped Seq from 1466 to 1468
Skipped Seq from 1468 to 1475
Skipped Seq from 1486 to 1493
Skipped Seq from 1493 to 1499
Skipped Seq from 1499 to 1501
Skipped Seq from 1503 to 1505
Skipped Seq from 1507 to 1510
Skipped Seq from 1510 to 1512
Skipped Seq from 1512 to 1516
Skipped Seq from 1523 to 1525
Skipped Seq from 1537 to 1546
Skipped Seq from 1547 to 1550
Skipped Seq from 1550 to 1552
Skipped Seq from 1554 to 1557
Skipped Seq from 1565 to 1569
Skipped Seq from 1576 to 1578
Skipped Seq from 1585 to 1590
Skipped Seq from 1615 to 1619
Skipped Seq from 1625 to 1629
Skipped Seq from 1635 to 1638
Skipped Seq from 1669 to 1672
Skipped Seq from 1676 to 1679
Skipped Seq from 1684 to 1686
Skipped Seq from 1726 to 1728
Skipped Seq from 6121 to 6126
Skipped Seq from 6128 to 6130
Skipped Seq from 6130 to 6132
Skipped Seq from 6137 to 6139
Skipped Seq from 6145 to 6147
Skipped Seq from 6150 to 6155
Skipped Seq from 6162 to 6164
Skipped Seq from 6165 to 6167
Skipped Seq from 6172 to 6176
Skipped Seq from 6177 to 6180
Skipped Seq from 6180 to 6182
Skipped Seq from 6185 to 6188
Skipped Seq from 6190 to 6192
Skipped Seq from 6192 to 6194
Skipped Seq from 6197 to 6199
Skipped Seq from 6200 to 6202
Skipped Seq from 6203 to 6205
Skipped Seq from 6213 to 6215
Skipped Seq from 6215 to 6217
Skipped Seq from 6219 to 6223
Skipped Seq from 6223 to 6227
Skipped Seq from 6236 to 6238
Skipped Seq from 6243 to 6245
Skipped Seq from 6246 to 6253
Skipped Seq from 6253 to 6257
Skipped Seq from 6260 to 6263
Skipped Seq from 6264 to 6266
Skipped Seq from 6266 to 6269
Skipped Seq from 6283 to 6285
Skipped Seq from 6285 to 6297
Skipped Seq from 6313 to 6318
Skipped Seq from 6329 to 6331
Skipped Seq from 6342 to 6351
Skipped Seq from 6354 to 6361
Skipped Seq from 6361 to 6363
Skipped Seq from 6378 to 6382
Skipped Seq from 6388 to 6396
Skipped Seq from 6401 to 6404
Skipped Seq from 6413 to 6416
Skipped Seq from 6416 to 6418
Skipped Seq from 6419 to 6422
Skipped Seq from 6423 to 6428
Skipped Seq from 6428 to 6433
Skipped Seq from 6446 to 6449
Skipped Seq from 6449 to 6452
Skipped Seq from 6454 to 6456
Skipped Seq from 6460 to 6467
Skipped Seq from 6467 to 6470
Skipped Seq from 6470 to 6472
Skipped Seq from 6473 to 6475
Skipped Seq from 6495 to 6500
Skipped Seq from 6500 to 6504
Skipped Seq from 6514 to 6516
Skipped Seq from 6517 to 6519
Skipped Seq from 6519 to 6522
Skipped Seq from 6534 to 6539
Skipped Seq from 6540 to 6543
Skipped Seq from 6551 to 6553
Skipped Seq from 6553 to 6556
Skipped Seq from 6556 to 6559
Skipped Seq from 6559 to 6561
Skipped Seq from 6563 to 6566
Skipped Seq from 6571 to 6573
Skipped Seq from 6581 to 6583
Skipped Seq from 6585 to 6588
Skipped Seq from 6588 to 6590
Skipped Seq from 6592 to 6596
Skipped Seq from 6596 to 6599
Skipped Seq from 6599 to 6601
Skipped Seq from 6603 to 6605
Skipped Seq from 6608 to 6610
Skipped Seq from 6613 to 6615
Skipped Seq from 6624 to 6627
Skipped Seq from 6629 to 6631
Skipped Seq from 6639 to 6642
Skipped Seq from 6642 to 6644
Skipped Seq from 6650 to 6652
Skipped Seq from 6655 to 6658
Skipped Seq from 6658 to 6662
Skipped Seq from 6665 to 6667
Skipped Seq from 6667 to 6669
Skipped Seq from 6671 to 6673
Skipped Seq from 6673 to 6675
Skipped Seq from 6677 to 6679
Skipped Seq from 6684 to 6686
Skipped Seq from 6688 to 6690
Skipped Seq from 6692 to 6695
Skipped Seq from 6701 to 6705
Skipped Seq from 6705 to 6712
Skipped Seq from 6721 to 6723
Skipped Seq from 6728 to 6732
Skipped Seq from 6737 to 6740
Skipped Seq from 6752 to 6754
Skipped Seq from 6756 to 6758
Skipped Seq from 6758 to 6764
Skipped Seq from 6764 to 6767
Skipped Seq from 6767 to 6771
Skipped Seq from 6777 to 6779
Skipped Seq from 6783 to 6785
Skipped Seq from 6788 to 6797
Skipped Seq from 6800 to 6802
Skipped Seq from 6805 to 6807
Skipped Seq from 6807 to 6811
Skipped Seq from 6815 to 6820
Skipped Seq from 6824 to 6826
Skipped Seq from 6837 to 6840
Skipped Seq from 6840 to 6843
Skipped Seq from 6843 to 6847
Skipped Seq from 6849 to 6851
Skipped Seq from 6853 to 6857
Skipped Seq from 6859 to 6863
Skipped Seq from 6863 to 6865
Skipped Seq from 6875 to 6881
Skipped Seq from 6885 to 6889
Skipped Seq from 6897 to 6899
Skipped Seq from 6907 to 6909
Skipped Seq from 6911 to 6913
Skipped Seq from 6913 to 6916
Skipped Seq from 6920 to 6923
Skipped Seq from 6927 to 6929
Skipped Seq from 6931 to 6935
Skipped Seq from 6936 to 6939
Skipped Seq from 6945 to 6948
Skipped Seq from 6955 to 6960
Skipped Seq from 6964 to 6968
Skipped Seq from 6976 to 6980
Skipped Seq from 6981 to 6983
Skipped Seq from 6985 to 6988
Skipped Seq from 6992 to 6994
Skipped Seq from 6994 to 6997
Skipped Seq from 6999 to 7001
Skipped Seq from 7002 to 7011
Skipped Seq from 7013 to 7015
Skipped Seq from 7016 to 7018
Skipped Seq from 7018 to 7020
Skipped Seq from 7020 to 7022
Skipped Seq from 7028 to 7030
Skipped Seq from 7031 to 7033
Skipped Seq from 7044 to 7046
Skipped Seq from 7049 to 7051
Skipped Seq from 7053 to 7055
Skipped Seq from 7063 to 7069
Skipped Seq from 7069 to 7075
Skipped Seq from 7075 to 7077
Skipped Seq from 7077 to 7083
Skipped Seq from 7085 to 7087
Skipped Seq from 7087 to 7089
Skipped Seq from 7092 to 7102
Skipped Seq from 7104 to 7108
Skipped Seq from 7110 to 7112
Skipped Seq from 7118 to 7120
Skipped Seq from 7120 to 7122
Skipped Seq from 7122 to 7125
Skipped Seq from 7126 to 7131
Skipped Seq from 7132 to 7134
Skipped Seq from 7151 to 7156
Skipped Seq from 7161 to 7166
Skipped Seq from 7172 to 7175
Skipped Seq from 7178 to 7180
Skipped Seq from 7180 to 7182
Skipped Seq from 7182 to 7184
Skipped Seq from 7185 to 7187
Skipped Seq from 7187 to 7189
Skipped Seq from 7191 to 7195
Skipped Seq from 7195 to 7197
Skipped Seq from 7202 to 7207
Skipped Seq from 7209 to 7211
Skipped Seq from 7217 to 7221
Skipped Seq from 7224 to 7226
Skipped Seq from 20566 to 20568
Skipped Seq from 20570 to 20576
Skipped Seq from 20576 to 20579
Skipped Seq from 20579 to 20581
Skipped Seq from 20581 to 20589
Skipped Seq from 20594 to 20596
Skipped Seq from 20598 to 20600
Skipped Seq from 20601 to 20604
Skipped Seq from 20605 to 20607
Skipped Seq from 20608 to 20610
Skipped Seq from 20610 to 20617
Skipped Seq from 20617 to 20623
Skipped Seq from 20625 to 20628
Skipped Seq from 20628 to 20632
Skipped Seq from 20633 to 20635
Skipped Seq from 20635 to 20638
Skipped Seq from 20640 to 20642
Skipped Seq from 20644 to 20646
Skipped Seq from 20646 to 20650
Skipped Seq from 20651 to 20655
Skipped Seq from 20655 to 20661
Skipped Seq from 20661 to 20663
Skipped Seq from 20664 to 20669
Skipped Seq from 20669 to 20671
Skipped Seq from 20672 to 20674
Skipped Seq from 20675 to 20677
Skipped Seq from 20680 to 20683
Skipped Seq from 20685 to 20687
Skipped Seq from 20691 to 20693
Skipped Seq from 20696 to 20698
Skipped Seq from 20699 to 20701
Skipped Seq from 20706 to 20708
Skipped Seq from 20712 to 20714
Skipped Seq from 20714 to 20719
Skipped Seq from 20724 to 20726
Skipped Seq from 20730 to 20732
Skipped Seq from 20732 to 20734
Skipped Seq from 20737 to 20740
Skipped Seq from 20743 to 20745
Skipped Seq from 20749 to 20754
Skipped Seq from 20757 to 20761
Skipped Seq from 20761 to 20763
Skipped Seq from 20765 to 20771
Skipped Seq from 20772 to 20777
Skipped Seq from 20780 to 20784
Skipped Seq from 20785 to 20789
Skipped Seq from 20790 to 20792
Skipped Seq from 20795 to 20797
Skipped Seq from 20797 to 20799
Skipped Seq from 20800 to 20803
Skipped Seq from 20804 to 20807
Skipped Seq from 20807 to 20810
Skipped Seq from 20810 to 20812
Skipped Seq from 20812 to 20814
Skipped Seq from 20816 to 20818
Skipped Seq from 20821 to 20825
Skipped Seq from 20825 to 20827
Skipped Seq from 20833 to 20837
Skipped Seq from 20838 to 20843
Skipped Seq from 20844 to 20846
Skipped Seq from 20848 to 20851
Skipped Seq from 20851 to 20855
Skipped Seq from 20855 to 20857
Skipped Seq from 20857 to 20860
Skipped Seq from 20860 to 20864
Skipped Seq from 20864 to 20866
Skipped Seq from 20866 to 20869
Skipped Seq from 20869 to 20871
Skipped Seq from 20873 to 20875
Skipped Seq from 20875 to 20877
Skipped Seq from 20877 to 20881
Skipped Seq from 20882 to 20885
Skipped Seq from 20893 to 20896
Skipped Seq from 20896 to 20903
Skipped Seq from 20904 to 20908
Skipped Seq from 20911 to 20914
Skipped Seq from 20914 to 20916
Skipped Seq from 20917 to 20919
Skipped Seq from 20921 to 20923
Skipped Seq from 20924 to 20927
Skipped Seq from 20930 to 20932
Skipped Seq from 20933 to 20935
Skipped Seq from 20936 to 20938
Skipped Seq from 20938 to 20940
Skipped Seq from 20940 to 20942
Skipped Seq from 20943 to 20945
Skipped Seq from 20947 to 20949
Skipped Seq from 20949 to 20951
Skipped Seq from 20951 to 20956
Skipped Seq from 20958 to 20963
Skipped Seq from 20968 to 20970
Skipped Seq from 20972 to 20975
Skipped Seq from 20976 to 20978
Skipped Seq from 20980 to 20982
Skipped Seq from 20982 to 20987
Skipped Seq from 20987 to 20994
Skipped Seq from 20995 to 20997
Skipped Seq from 21001 to 21004
Skipped Seq from 21004 to 21007
Skipped Seq from 21009 to 21011
Skipped Seq from 21014 to 21019
Skipped Seq from 21021 to 21024
Skipped Seq from 21025 to 21027
Skipped Seq from 21027 to 21034
Skipped Seq from 21034 to 21038
Skipped Seq from 21038 to 21040
Skipped Seq from 21040 to 21042
Skipped Seq from 21042 to 21048
Skipped Seq from 21050 to 21053
Skipped Seq from 21053 to 21060
Skipped Seq from 21060 to 21063
Skipped Seq from 21063 to 21065
Skipped Seq from 21066 to 21068
Skipped Seq from 21069 to 21075
Skipped Seq from 21075 to 21080
Skipped Seq from 21081 to 21084
Skipped Seq from 21085 to 21088
Skipped Seq from 21088 to 21091
Skipped Seq from 21091 to 21094
Skipped Seq from 21095 to 21097
Skipped Seq from 21097 to 21099
Skipped Seq from 21099 to 21101
Skipped Seq from 21102 to 21104
Skipped Seq from 21107 to 21110
Skipped Seq from 21111 to 21116
Skipped Seq from 21118 to 21120
Skipped Seq from 21123 to 21125
Skipped Seq from 21125 to 21127
Skipped Seq from 21128 to 21130
Skipped Seq from 21132 to 21137
Skipped Seq from 21137 to 21143
Skipped Seq from 21143 to 21148
Skipped Seq from 21149 to 21151
Skipped Seq from 21153 to 21155
Skipped Seq from 21155 to 21157
Skipped Seq from 21157 to 21159
Skipped Seq from 21161 to 21165
Skipped Seq from 21167 to 21169
Skipped Seq from 21171 to 21173
Skipped Seq from 21176 to 21179
Skipped Seq from 21180 to 21183
Skipped Seq from 21184 to 21186
Skipped Seq from 21187 to 21190
Skipped Seq from 21192 to 21196
Skipped Seq from 21200 to 21203
Skipped Seq from 21203 to 21206
Skipped Seq from 21207 to 21211
Skipped Seq from 21211 to 21213
Skipped Seq from 21213 to 21216
Skipped Seq from 21218 to 21224
Skipped Seq from 21224 to 21229
Skipped Seq from 21230 to 21232
Skipped Seq from 21234 to 21236
Skipped Seq from 21236 to 21238
Skipped Seq from 21239 to 21241
Skipped Seq from 21241 to 21249
Skipped Seq from 21250 to 21257
Skipped Seq from 21257 to 21261
Skipped Seq from 21261 to 21263
Skipped Seq from 21263 to 21267
Skipped Seq from 21270 to 21274
Skipped Seq from 21274 to 21277
Skipped Seq from 21277 to 21279
Skipped Seq from 21279 to 21282
Skipped Seq from 21282 to 21290
Skipped Seq from 21291 to 21293
Skipped Seq from 21297 to 21299
Skipped Seq from 21302 to 21304
Skipped Seq from 21306 to 21308
Skipped Seq from 21309 to 21311
Skipped Seq from 21315 to 21317
Skipped Seq from 21317 to 21320
Skipped Seq from 21322 to 21326
Skipped Seq from 21327 to 21332
Skipped Seq from 21334 to 21336
Skipped Seq from 21338 to 21340
Skipped Seq from 21342 to 21344
Skipped Seq from 21345 to 21347
Skipped Seq from 21347 to 21351
Skipped Seq from 21352 to 21360
Skipped Seq from 21361 to 21363
Skipped Seq from 21363 to 21365
Skipped Seq from 21367 to 21369
Skipped Seq from 21369 to 21373
Skipped Seq from 21373 to 21375
Skipped Seq from 21375 to 21380
Skipped Seq from 21382 to 21384
Skipped Seq from 21386 to 21390
Skipped Seq from 21392 to 21394
Skipped Seq from 21394 to 21396
Skipped Seq from 21397 to 21403
Skipped Seq from 21404 to 21406
Skipped Seq from 21406 to 21408
Skipped Seq from 21408 to 21410
Skipped Seq from 21417 to 21422
Skipped Seq from 21423 to 21427
Skipped Seq from 21429 to 21431
Skipped Seq from 21434 to 21437
Skipped Seq from 21443 to 21445
Skipped Seq from 21447 to 21449
Skipped Seq from 21452 to 21454
Skipped Seq from 21454 to 21457
Skipped Seq from 21457 to 21459
Skipped Seq from 21462 to 21465
Skipped Seq from 21465 to 21473
Skipped Seq from 21474 to 21477
Skipped Seq from 21478 to 21480
Skipped Seq from 21480 to 21485
Skipped Seq from 21494 to 21496
Skipped Seq from 21505 to 21508
Skipped Seq from 21512 to 21516
Skipped Seq from 21516 to 21518
Skipped Seq from 21520 to 21522
Skipped Seq from 21523 to 21526
Skipped Seq from 21527 to 21534
Skipped Seq from 21535 to 21540
Skipped Seq from 21541 to 21545
Skipped Seq from 21548 to 21551
Skipped Seq from 21551 to 21554
Skipped Seq from 21554 to 21559
Skipped Seq from 21559 to 21561
Skipped Seq from 21568 to 21573
Skipped Seq from 21573 to 21576
Skipped Seq from 21576 to 21579
Skipped Seq from 21580 to 21582
Skipped Seq from 21582 to 21585
Skipped Seq from 21585 to 21591
Skipped Seq from 21591 to 21593
Skipped Seq from 21593 to 21600
Skipped Seq from 21600 to 21603
Skipped Seq from 21603 to 21605
Skipped Seq from 21605 to 21607
Skipped Seq from 21609 to 21615
Skipped Seq from 21615 to 21620
Skipped Seq from 21620 to 21622
Skipped Seq from 21623 to 21626
Skipped Seq from 21627 to 21630
Skipped Seq from 21630 to 21633
Skipped Seq from 21639 to 21643
Skipped Seq from 21643 to 21646
Skipped Seq from 21646 to 21648
Skipped Seq from 21649 to 21652
Skipped Seq from 21652 to 21654
Skipped Seq from 21654 to 21657
Skipped Seq from 21659 to 21661
Skipped Seq from 21661 to 21663
Skipped Seq from 21665 to 21667
Skipped Seq from 21667 to 21671
Skipped Seq from 21672 to 21675
Skipped Seq from 21676 to 21678
Skipped Seq from 21678 to 21680
Skipped Seq from 21684 to 21686
Skipped Seq from 21686 to 21688
Skipped Seq from 21688 to 21692
Skipped Seq from 21695 to 21699
Skipped Seq from 21700 to 21703
Skipped Seq from 21705 to 21707
Skipped Seq from 21715 to 21717
Skipped Seq from 21719 to 21721
Skipped Seq from 21724 to 21727
Skipped Seq from 21729 to 21731
Skipped Seq from 21732 to 21734
Skipped Seq from 21735 to 21738
Skipped Seq from 21741 to 21743
Skipped Seq from 21747 to 21750
Skipped Seq from 21751 to 21754
Skipped Seq from 21754 to 21756
Skipped Seq from 21757 to 21760
Skipped Seq from 21760 to 21762
Skipped Seq from 21765 to 21767
Skipped Seq from 21775 to 21780
Skipped Seq from 21784 to 21786
Skipped Seq from 21786 to 21789
Skipped Seq from 21791 to 21793
Skipped Seq from 21795 to 21798
Skipped Seq from 21799 to 21802
Skipped Seq from 21803 to 21805
Skipped Seq from 21808 to 21810
Skipped Seq from 21811 to 21814
Skipped Seq from 21814 to 21816
Skipped Seq from 21818 to 21820
Skipped Seq from 21822 to 21824
Skipped Seq from 21825 to 21827
Skipped Seq from 21830 to 21832
Skipped Seq from 21832 to 21834
Skipped Seq from 21838 to 21841
Skipped Seq from 21842 to 21844
Skipped Seq from 21846 to 21850
Skipped Seq from 21850 to 21853
Skipped Seq from 21853 to 21855
Skipped Seq from 21856 to 21858
Skipped Seq from 21858 to 21860
Skipped Seq from 21860 to 21862
Skipped Seq from 21863 to 21868
Skipped Seq from 21870 to 21873
Skipped Seq from 21881 to 21884
Skipped Seq from 21885 to 21887
Skipped Seq from 21887 to 21891
Skipped Seq from 21892 to 21894
Skipped Seq from 21897 to 21900
Skipped Seq from 21902 to 21910
Skipped Seq from 21911 to 21914
Skipped Seq from 21914 to 21920
Skipped Seq from 21922 to 21927
Skipped Seq from 21933 to 21939
Skipped Seq from 21942 to 21944
Skipped Seq from 21948 to 21954
Skipped Seq from 21960 to 21962
Skipped Seq from 21965 to 21967
Skipped Seq from 21967 to 21969
Skipped Seq from 21971 to 21973
Skipped Seq from 21974 to 21976
Skipped Seq from 21976 to 21979
Skipped Seq from 21979 to 21981
Skipped Seq from 21983 to 21985
Skipped Seq from 21987 to 21989
Skipped Seq from 21989 to 21991
Skipped Seq from 21994 to 21998
Skipped Seq from 21998 to 22000
Skipped Seq from 22000 to 22003
Skipped Seq from 22004 to 22007
Skipped Seq from 22009 to 22020
Skipped Seq from 22022 to 22029
Skipped Seq from 22032 to 22035
Skipped Seq from 22035 to 22037
Skipped Seq from 22040 to 22042
Skipped Seq from 22043 to 22046
Skipped Seq from 22054 to 22056
Skipped Seq from 22058 to 22060
Skipped Seq from 22060 to 22062
Skipped Seq from 22063 to 22065
Skipped Seq from 22065 to 22068
Skipped Seq from 22068 to 22070
Skipped Seq from 22070 to 22073
Skipped Seq from 22075 to 22079
Skipped Seq from 22085 to 22087
Skipped Seq from 22093 to 22096
Skipped Seq from 22097 to 22099
Skipped Seq from 22099 to 22103
Skipped Seq from 22108 to 22111
Skipped Seq from 22114 to 22118
Skipped Seq from 22118 to 22123
Skipped Seq from 22123 to 22125
Skipped Seq from 22125 to 22127
Skipped Seq from 22127 to 22129
Skipped Seq from 22130 to 22132
Skipped Seq from 22134 to 22136
Skipped Seq from 22136 to 22138
Skipped Seq from 22138 to 22140
Skipped Seq from 22142 to 22144
Skipped Seq from 22144 to 22147
Skipped Seq from 22147 to 22152
Skipped Seq from 22152 to 22156
Skipped Seq from 22156 to 22160
Skipped Seq from 22161 to 22163
Skipped Seq from 22163 to 22166
Skipped Seq from 22166 to 22170
Skipped Seq from 22170 to 22173
Skipped Seq from 22173 to 22175
Skipped Seq from 22175 to 22181
Skipped Seq from 22181 to 22185
Skipped Seq from 22185 to 22187
Skipped Seq from 22188 to 22192
Skipped Seq from 22194 to 22196
Skipped Seq from 22198 to 22200
Skipped Seq from 22200 to 22202
Skipped Seq from 22202 to 22207
Skipped Seq from 22209 to 22211
Skipped Seq from 22213 to 22222
Skipped Seq from 22222 to 22226
Skipped Seq from 22226 to 22228
Skipped Seq from 22229 to 22233
Skipped Seq from 22234 to 22236
Skipped Seq from 22238 to 22240
Skipped Seq from 22242 to 22244
Skipped Seq from 22246 to 22250
Skipped Seq from 22250 to 22253
Skipped Seq from 22253 to 22259
Skipped Seq from 22259 to 22261
Skipped Seq from 22261 to 22263
Skipped Seq from 22266 to 22268
Skipped Seq from 22271 to 22275
Skipped Seq from 22275 to 22278
Skipped Seq from 22278 to 22281
Skipped Seq from 22281 to 22283
Skipped Seq from 22283 to 22286
Skipped Seq from 22286 to 22288
Skipped Seq from 22289 to 22292
Skipped Seq from 22292 to 22295
Skipped Seq from 22296 to 22302
Skipped Seq from 22303 to 22308
Skipped Seq from 22310 to 22312
Skipped Seq from 22312 to 22317
Skipped Seq from 22318 to 22323
Skipped Seq from 22323 to 22325
Skipped Seq from 22325 to 22329
Skipped Seq from 22329 to 22331
Skipped Seq from 22331 to 22334
Skipped Seq from 22336 to 22338
Skipped Seq from 22338 to 22344
Skipped Seq from 22344 to 22348
Skipped Seq from 22350 to 22354
Skipped Seq from 22354 to 22356
Skipped Seq from 22356 to 22358
Skipped Seq from 22358 to 22362
Skipped Seq from 22362 to 22367
Skipped Seq from 22371 to 22373
Skipped Seq from 22375 to 22379
Skipped Seq from 22379 to 22381
Skipped Seq from 22381 to 22385
Skipped Seq from 22385 to 22387
Skipped Seq from 22387 to 22389
Skipped Seq from 22390 to 22395
Skipped Seq from 22395 to 22398
Skipped Seq from 22399 to 22405
Skipped Seq from 22405 to 22410
Skipped Seq from 22410 to 22413
Skipped Seq from 22413 to 22415
Skipped Seq from 22416 to 22419
Skipped Seq from 22419 to 22421
Skipped Seq from 22421 to 22428
Skipped Seq from 22431 to 22433
Skipped Seq from 22433 to 22436
Skipped Seq from 22437 to 22442
Skipped Seq from 22442 to 22446
Skipped Seq from 22448 to 22450
Skipped Seq from 22450 to 22456
Skipped Seq from 22457 to 22459
Skipped Seq from 22459 to 22461
Skipped Seq from 22461 to 22463
Skipped Seq from 22463 to 22469
Skipped Seq from 22470 to 22472
Skipped Seq from 22473 to 22478
Skipped Seq from 22478 to 22480
Skipped Seq from 22481 to 22483
Skipped Seq from 22486 to 22488
Skipped Seq from 22490 to 22492
Skipped Seq from 22492 to 22495
Skipped Seq from 22496 to 22498
Skipped Seq from 22498 to 22508
Skipped Seq from 22509 to 22513
Skipped Seq from 22513 to 22515
Skipped Seq from 22516 to 22520
Skipped Seq from 22521 to 22524
Skipped Seq from 22525 to 22527
Skipped Seq from 22533 to 22535
Skipped Seq from 22535 to 22538
Skipped Seq from 22538 to 22546
Skipped Seq from 22547 to 22551
Skipped Seq from 22551 to 22554
Skipped Seq from 22556 to 22558
Skipped Seq from 22560 to 22563
Skipped Seq from 22563 to 22567
Skipped Seq from 22567 to 22571
Skipped Seq from 22575 to 22577
Skipped Seq from 22579 to 22582
Skipped Seq from 22584 to 22586
Skipped Seq from 22587 to 22592
Skipped Seq from 22596 to 22598
Skipped Seq from 22599 to 22601
Skipped Seq from 22602 to 22604
Skipped Seq from 22604 to 22607
Skipped Seq from 22609 to 22612
Skipped Seq from 22615 to 22617
Skipped Seq from 22619 to 22623
Skipped Seq from 22623 to 22626
Skipped Seq from 22633 to 22637
Skipped Seq from 22638 to 22640
Skipped Seq from 22640 to 22642
Skipped Seq from 22642 to 22644
Skipped Seq from 22646 to 22649
Skipped Seq from 22649 to 22652
Skipped Seq from 22652 to 22654
Skipped Seq from 22654 to 22656
Skipped Seq from 22664 to 22666
Skipped Seq from 22667 to 22671
Skipped Seq from 22671 to 22675
Skipped Seq from 22678 to 22680
Skipped Seq from 22680 to 22682
Skipped Seq from 22684 to 22697
Skipped Seq from 22701 to 22703
Skipped Seq from 22704 to 22706
Skipped Seq from 22708 to 22710
Skipped Seq from 22712 to 22714
Skipped Seq from 22718 to 22720
Skipped Seq from 22722 to 22724
Skipped Seq from 22730 to 22734
Skipped Seq from 22735 to 22739
Skipped Seq from 22741 to 22743
Skipped Seq from 22744 to 22746
Skipped Seq from 22752 to 22757
Skipped Seq from 22757 to 22761
Skipped Seq from 22763 to 22768
Skipped Seq from 22768 to 22770
Skipped Seq from 22770 to 22772
Skipped Seq from 22772 to 22776
Skipped Seq from 22777 to 22779
Skipped Seq from 22780 to 22785
Skipped Seq from 22787 to 22789
Skipped Seq from 22791 to 22799
Skipped Seq from 22801 to 22805
Skipped Seq from 22805 to 22808
Skipped Seq from 22810 to 22814
Skipped Seq from 22814 to 22816
Skipped Seq from 22819 to 22823
Skipped Seq from 22823 to 22826
Skipped Seq from 22829 to 22831
Skipped Seq from 22834 to 22836
Skipped Seq from 22838 to 22851
Skipped Seq from 22852 to 22855
Skipped Seq from 22856 to 22860
Skipped Seq from 22861 to 22867
Skipped Seq from 22867 to 22870
Skipped Seq from 22871 to 22875
Skipped Seq from 22875 to 22877
Skipped Seq from 22880 to 22882
Skipped Seq from 22883 to 22885
Skipped Seq from 22885 to 22887
Skipped Seq from 22887 to 22889
Skipped Seq from 22889 to 22892
Skipped Seq from 22893 to 22895
Skipped Seq from 22896 to 22898
Skipped Seq from 22898 to 22900
Skipped Seq from 22900 to 22902
Skipped Seq from 22903 to 22905
Skipped Seq from 22905 to 22908
Skipped Seq from 22909 to 22911
Skipped Seq from 22912 to 22917
Skipped Seq from 22918 to 22920
Skipped Seq from 22921 to 22923
Skipped Seq from 22923 to 22927
Skipped Seq from 22927 to 22929
Skipped Seq from 22929 to 22934
Skipped Seq from 22934 to 22936
Skipped Seq from 22936 to 22941
Skipped Seq from 22949 to 22951
Skipped Seq from 22957 to 22959
Skipped Seq from 22961 to 22969
Skipped Seq from 22979 to 22984
Skipped Seq from 22984 to 22987
Skipped Seq from 22987 to 22989
Skipped Seq from 22990 to 22993
Skipped Seq from 22993 to 22995
Skipped Seq from 23000 to 23003
Skipped Seq from 23006 to 23009
Skipped Seq from 23018 to 23020
Skipped Seq from 23060 to 23062
Skipped Seq from 23071 to 23073
Skipped Seq from 23078 to 23080
Skipped Seq from 23080 to 23082
Skipped Seq from 23083 to 23085
Skipped Seq from 23098 to 23100
Skipped Seq from 23111 to 23114
Skipped Seq from 23117 to 23119
Skipped Seq from 23123 to 23125
Number of times throttled: 11
Received: 22846 / 25012 packets
Start time: 1332840840.878754
End time: 1332840920.974206
Duration: 80.095452
