Starting client at 10.0.0.13:1268 with timeout:10
My IP address is 10.0.0.13Skipped Seq from 469 to 471
Skipped Seq from 481 to 483
Skipped Seq from 486 to 488
Skipped Seq from 496 to 501
Skipped Seq from 501 to 504
Skipped Seq from 504 to 508
Skipped Seq from 513 to 517
Skipped Seq from 522 to 524
Skipped Seq from 524 to 529
Skipped Seq from 532 to 538
Skipped Seq from 544 to 547
Skipped Seq from 549 to 553
Skipped Seq from 571 to 574
Skipped Seq from 574 to 577
Skipped Seq from 578 to 583
Skipped Seq from 594 to 602
Skipped Seq from 606 to 610
Skipped Seq from 614 to 616
Skipped Seq from 620 to 625
Skipped Seq from 626 to 629
Skipped Seq from 629 to 633
Skipped Seq from 634 to 639
Skipped Seq from 657 to 659
Skipped Seq from 672 to 674
Skipped Seq from 676 to 681
Skipped Seq from 685 to 693
Skipped Seq from 694 to 699
Skipped Seq from 703 to 706
Skipped Seq from 710 to 715
Skipped Seq from 723 to 725
Skipped Seq from 727 to 729
Skipped Seq from 735 to 744
Skipped Seq from 757 to 761
Skipped Seq from 764 to 767
Skipped Seq from 767 to 769
Skipped Seq from 773 to 775
Skipped Seq from 780 to 786
Skipped Seq from 787 to 789
Skipped Seq from 793 to 796
Skipped Seq from 800 to 803
Skipped Seq from 808 to 810
Skipped Seq from 810 to 812
Skipped Seq from 820 to 822
Skipped Seq from 823 to 827
Skipped Seq from 830 to 833
Skipped Seq from 836 to 838
Skipped Seq from 840 to 842
Skipped Seq from 848 to 856
Skipped Seq from 858 to 860
Skipped Seq from 860 to 862
Skipped Seq from 864 to 866
Skipped Seq from 871 to 874
Skipped Seq from 874 to 876
Skipped Seq from 876 to 879
Skipped Seq from 879 to 881
Skipped Seq from 885 to 887
Skipped Seq from 887 to 889
Skipped Seq from 890 to 893
Skipped Seq from 893 to 899
Skipped Seq from 899 to 901
Skipped Seq from 901 to 903
Skipped Seq from 909 to 912
Skipped Seq from 916 to 919
Skipped Seq from 919 to 922
Skipped Seq from 923 to 927
Skipped Seq from 930 to 933
Skipped Seq from 933 to 935
Skipped Seq from 940 to 944
Skipped Seq from 945 to 953
Skipped Seq from 956 to 958
Skipped Seq from 959 to 961
Skipped Seq from 961 to 968
Skipped Seq from 971 to 973
Skipped Seq from 973 to 975
Skipped Seq from 980 to 986
Skipped Seq from 987 to 989
Skipped Seq from 991 to 998
Skipped Seq from 1004 to 1006
Skipped Seq from 1035 to 1046
Skipped Seq from 1046 to 1049
Skipped Seq from 1049 to 1052
Skipped Seq from 1052 to 1054
Skipped Seq from 1054 to 1058
Skipped Seq from 1058 to 1062
Skipped Seq from 1065 to 1068
Skipped Seq from 1073 to 1075
Skipped Seq from 1075 to 1078
Skipped Seq from 1078 to 1081
Skipped Seq from 1084 to 1086
Skipped Seq from 1091 to 1093
Skipped Seq from 1095 to 1098
Skipped Seq from 1098 to 1101
Skipped Seq from 1103 to 1107
Skipped Seq from 1116 to 1129
Skipped Seq from 1129 to 1132
Skipped Seq from 1134 to 1137
Skipped Seq from 1138 to 1140
Skipped Seq from 1144 to 1147
Skipped Seq from 1150 to 1157
Skipped Seq from 1157 to 1160
Skipped Seq from 1160 to 1162
Skipped Seq from 1165 to 1168
Skipped Seq from 1173 to 1179
Skipped Seq from 1188 to 1193
Skipped Seq from 1199 to 1203
Skipped Seq from 1207 to 1211
Skipped Seq from 1211 to 1214
Skipped Seq from 1217 to 1220
Skipped Seq from 1220 to 1229
Skipped Seq from 1230 to 1232
Skipped Seq from 1233 to 1235
Skipped Seq from 1238 to 1241
Skipped Seq from 1242 to 1244
Skipped Seq from 1247 to 1256
Skipped Seq from 1260 to 1262
Skipped Seq from 1266 to 1268
Skipped Seq from 1272 to 1274
Skipped Seq from 1275 to 1279
Skipped Seq from 1283 to 1287
Skipped Seq from 1288 to 1291
Skipped Seq from 1291 to 1297
Skipped Seq from 1297 to 1300
Skipped Seq from 1306 to 1312
Skipped Seq from 1312 to 1316
Skipped Seq from 1327 to 1333
Skipped Seq from 1335 to 1337
Skipped Seq from 1342 to 1344
Skipped Seq from 1344 to 1361
Skipped Seq from 1367 to 1372
Skipped Seq from 1372 to 1376
Skipped Seq from 1376 to 1383
Skipped Seq from 1394 to 1401
Skipped Seq from 1407 to 1411
Skipped Seq from 1424 to 1433
Skipped Seq from 1435 to 1437
Skipped Seq from 1437 to 1441
Skipped Seq from 1442 to 1445
Skipped Seq from 1450 to 1454
Skipped Seq from 1461 to 1465
Skipped Seq from 1465 to 1467
Skipped Seq from 1470 to 1472
Skipped Seq from 1472 to 1478
Skipped Seq from 1480 to 1483
Skipped Seq from 1483 to 1486
Skipped Seq from 1508 to 1519
Skipped Seq from 2847 to 2849
Skipped Seq from 2851 to 2853
Skipped Seq from 2857 to 2859
Skipped Seq from 2859 to 2864
Skipped Seq from 2866 to 2868
Skipped Seq from 2871 to 2879
Skipped Seq from 2882 to 2884
Skipped Seq from 2885 to 2891
Skipped Seq from 2891 to 2893
Skipped Seq from 2893 to 2897
Skipped Seq from 2897 to 2900
Skipped Seq from 2903 to 2906
Skipped Seq from 2908 to 2910
Skipped Seq from 2913 to 2915
Skipped Seq from 2922 to 2930
Skipped Seq from 2930 to 2940
Skipped Seq from 2951 to 2953
Skipped Seq from 2963 to 2965
Skipped Seq from 2965 to 2967
Skipped Seq from 2968 to 2972
Skipped Seq from 2978 to 2982
Skipped Seq from 2982 to 2987
Skipped Seq from 2989 to 2992
Skipped Seq from 2992 to 2995
Skipped Seq from 2996 to 2999
Skipped Seq from 3001 to 3009
Skipped Seq from 3016 to 3023
Skipped Seq from 3023 to 3026
Skipped Seq from 3027 to 3030
Skipped Seq from 3031 to 3034
Skipped Seq from 3040 to 3045
Skipped Seq from 3053 to 3057
Skipped Seq from 3062 to 3067
Skipped Seq from 3069 to 3072
Skipped Seq from 3072 to 3076
Skipped Seq from 3079 to 3082
Skipped Seq from 3082 to 3084
Skipped Seq from 3085 to 3087
Skipped Seq from 3088 to 3090
Skipped Seq from 3095 to 3098
Skipped Seq from 3105 to 3110
Skipped Seq from 3110 to 3113
Skipped Seq from 3115 to 3118
Skipped Seq from 3118 to 3121
Skipped Seq from 3125 to 3130
Skipped Seq from 3130 to 3133
Skipped Seq from 3135 to 3137
Skipped Seq from 3137 to 3140
Skipped Seq from 3140 to 3142
Skipped Seq from 3144 to 3147
Skipped Seq from 3148 to 3150
Skipped Seq from 3151 to 3153
Skipped Seq from 3157 to 3160
Skipped Seq from 3160 to 3162
Skipped Seq from 3164 to 3166
Skipped Seq from 3166 to 3172
Skipped Seq from 3176 to 3179
Skipped Seq from 3179 to 3181
Skipped Seq from 3181 to 3185
Skipped Seq from 3185 to 3189
Skipped Seq from 3191 to 3193
Skipped Seq from 3198 to 3202
Skipped Seq from 3203 to 3205
Skipped Seq from 3207 to 3211
Skipped Seq from 3212 to 3215
Skipped Seq from 3215 to 3218
Skipped Seq from 3219 to 3222
Skipped Seq from 3227 to 3234
Skipped Seq from 3237 to 3240
Skipped Seq from 3242 to 3246
Skipped Seq from 3249 to 3251
Skipped Seq from 3254 to 3259
Skipped Seq from 3259 to 3262
Skipped Seq from 3271 to 3283
Skipped Seq from 3283 to 3289
Skipped Seq from 3297 to 3303
Skipped Seq from 3303 to 3305
Skipped Seq from 3305 to 3307
Skipped Seq from 3309 to 3313
Skipped Seq from 3316 to 3318
Skipped Seq from 3322 to 3327
Skipped Seq from 3328 to 3331
Skipped Seq from 3332 to 3334
Skipped Seq from 3334 to 3341
Skipped Seq from 3342 to 3344
Skipped Seq from 3345 to 3348
Skipped Seq from 3350 to 3355
Skipped Seq from 3355 to 3362
Skipped Seq from 3362 to 3364
Skipped Seq from 3366 to 3368
Skipped Seq from 3368 to 3371
Skipped Seq from 3374 to 3376
Skipped Seq from 3379 to 3382
Skipped Seq from 3382 to 3384
Skipped Seq from 3386 to 3388
Skipped Seq from 3388 to 3390
Skipped Seq from 3393 to 3395
Skipped Seq from 3398 to 3403
Skipped Seq from 3403 to 3406
Skipped Seq from 3406 to 3408
Skipped Seq from 3413 to 3416
Skipped Seq from 3416 to 3419
Skipped Seq from 3421 to 3423
Skipped Seq from 3423 to 3426
Skipped Seq from 3426 to 3432
Skipped Seq from 3432 to 3437
Skipped Seq from 3439 to 3441
Skipped Seq from 3443 to 3446
Skipped Seq from 3447 to 3450
Skipped Seq from 3450 to 3453
Skipped Seq from 3454 to 3457
Skipped Seq from 3457 to 3463
Skipped Seq from 3474 to 3476
Skipped Seq from 3478 to 3481
Skipped Seq from 3482 to 3484
Skipped Seq from 3484 to 3486
Skipped Seq from 3486 to 3488
Skipped Seq from 3490 to 3492
Skipped Seq from 3492 to 3495
Skipped Seq from 3498 to 3502
Skipped Seq from 3514 to 3517
Skipped Seq from 3517 to 3521
Skipped Seq from 3521 to 3524
Skipped Seq from 3524 to 3526
Skipped Seq from 3526 to 3532
Skipped Seq from 3536 to 3538
Skipped Seq from 3542 to 3545
Skipped Seq from 3546 to 3552
Skipped Seq from 3553 to 3556
Skipped Seq from 3558 to 3560
Skipped Seq from 3560 to 3563
Skipped Seq from 3565 to 3567
Skipped Seq from 3569 to 3571
Skipped Seq from 3575 to 3581
Skipped Seq from 3583 to 3591
Skipped Seq from 3592 to 3594
Skipped Seq from 3595 to 3599
Skipped Seq from 3599 to 3601
Skipped Seq from 3608 to 3612
Skipped Seq from 3618 to 3622
Skipped Seq from 3624 to 3627
Skipped Seq from 3627 to 3629
Skipped Seq from 3629 to 3632
Skipped Seq from 3632 to 3634
Skipped Seq from 3635 to 3639
Skipped Seq from 3639 to 3643
Skipped Seq from 3644 to 3646
Skipped Seq from 3649 to 3657
Skipped Seq from 3658 to 3661
Skipped Seq from 3662 to 3666
Skipped Seq from 3667 to 3669
Skipped Seq from 3669 to 3671
Skipped Seq from 3671 to 3678
Skipped Seq from 3680 to 3684
Skipped Seq from 3685 to 3687
Skipped Seq from 3687 to 3689
Skipped Seq from 3694 to 3698
Skipped Seq from 3698 to 3700
Skipped Seq from 3701 to 3704
Skipped Seq from 3704 to 3706
Skipped Seq from 3707 to 3709
Skipped Seq from 3710 to 3712
Skipped Seq from 3713 to 3722
Skipped Seq from 3728 to 3731
Skipped Seq from 3732 to 3736
Skipped Seq from 3752 to 3754
Skipped Seq from 3754 to 3756
Skipped Seq from 3756 to 3762
Skipped Seq from 3764 to 3766
Skipped Seq from 3766 to 3769
Skipped Seq from 3769 to 3772
Skipped Seq from 3773 to 3780
Skipped Seq from 3780 to 3784
Skipped Seq from 3786 to 3789
Skipped Seq from 3789 to 3797
Skipped Seq from 3800 to 3803
Skipped Seq from 3805 to 3807
Skipped Seq from 3821 to 3823
Skipped Seq from 3824 to 3828
Skipped Seq from 3832 to 3834
Skipped Seq from 3852 to 3855
Skipped Seq from 3861 to 3868
Skipped Seq from 3869 to 3871
Skipped Seq from 3874 to 3876
Skipped Seq from 3877 to 3879
Skipped Seq from 3890 to 3892
Skipped Seq from 3907 to 3909
Skipped Seq from 3910 to 3915
Skipped Seq from 3924 to 3927
Skipped Seq from 3932 to 3935
Skipped Seq from 3935 to 3941
Skipped Seq from 3947 to 3950
Skipped Seq from 3950 to 3952
Skipped Seq from 3955 to 3960
Skipped Seq from 3968 to 3970
Skipped Seq from 3976 to 3978
Skipped Seq from 4021 to 4024
Skipped Seq from 4028 to 4030
Number of times throttled: 6
Received: 3262 / 4157 packets
Start time: 1332839894.200916
End time: 1332839916.121337
Duration: 21.920421
