Starting client at 10.0.0.13:1243 with timeout:10
My IP address is 10.0.0.13Skipped Seq from 684 to 688
Skipped Seq from 690 to 692
Skipped Seq from 693 to 698
Skipped Seq from 701 to 703
Skipped Seq from 704 to 710
Skipped Seq from 713 to 718
Skipped Seq from 720 to 722
Skipped Seq from 722 to 728
Skipped Seq from 728 to 730
Skipped Seq from 730 to 757
Skipped Seq from 757 to 763
Skipped Seq from 763 to 769
Skipped Seq from 773 to 781
Skipped Seq from 781 to 784
Skipped Seq from 784 to 802
Skipped Seq from 802 to 831
Skipped Seq from 831 to 838
Skipped Seq from 839 to 841
Skipped Seq from 842 to 844
Skipped Seq from 844 to 846
Skipped Seq from 846 to 851
Skipped Seq from 853 to 860
Skipped Seq from 862 to 865
Skipped Seq from 870 to 882
Skipped Seq from 882 to 888
Skipped Seq from 888 to 890
Skipped Seq from 890 to 896
Skipped Seq from 899 to 905
Skipped Seq from 905 to 911
Skipped Seq from 911 to 914
Skipped Seq from 914 to 918
Skipped Seq from 918 to 922
Skipped Seq from 922 to 926
Skipped Seq from 926 to 929
Skipped Seq from 930 to 932
Skipped Seq from 933 to 935
Skipped Seq from 937 to 940
Skipped Seq from 940 to 945
Skipped Seq from 945 to 949
Skipped Seq from 949 to 952
Skipped Seq from 952 to 957
Skipped Seq from 957 to 960
Skipped Seq from 961 to 967
Skipped Seq from 968 to 972
Skipped Seq from 972 to 986
Skipped Seq from 986 to 990
Skipped Seq from 992 to 998
Skipped Seq from 998 to 1001
Skipped Seq from 1001 to 1005
Skipped Seq from 1005 to 1010
Skipped Seq from 1011 to 1015
Skipped Seq from 1015 to 1017
Skipped Seq from 1019 to 1027
Skipped Seq from 1027 to 1030
Skipped Seq from 1030 to 1035
Skipped Seq from 1041 to 1044
Skipped Seq from 1046 to 1050
Skipped Seq from 1051 to 1053
Skipped Seq from 1053 to 1055
Skipped Seq from 1055 to 1057
Skipped Seq from 1057 to 1059
Skipped Seq from 1060 to 1063
Skipped Seq from 1063 to 1066
Skipped Seq from 1066 to 1070
Skipped Seq from 1071 to 1073
Skipped Seq from 1075 to 1077
Skipped Seq from 1078 to 1080
Skipped Seq from 1080 to 1084
Skipped Seq from 1084 to 1087
Skipped Seq from 1088 to 1091
Skipped Seq from 1091 to 1098
Skipped Seq from 1098 to 1101
Skipped Seq from 1101 to 1113
Skipped Seq from 1113 to 1115
Skipped Seq from 1117 to 1119
Skipped Seq from 1120 to 1123
Skipped Seq from 1126 to 1129
Skipped Seq from 1129 to 1131
Skipped Seq from 1131 to 1133
Skipped Seq from 1134 to 1139
Skipped Seq from 1140 to 1146
Skipped Seq from 1146 to 1148
Skipped Seq from 1148 to 1150
Skipped Seq from 1150 to 1154
Skipped Seq from 1154 to 1156
Skipped Seq from 1160 to 1162
Skipped Seq from 1164 to 1173
Skipped Seq from 1173 to 1179
Skipped Seq from 1179 to 1187
Skipped Seq from 1187 to 1190
Skipped Seq from 1190 to 1192
Skipped Seq from 1192 to 1194
Skipped Seq from 1194 to 1197
Skipped Seq from 1197 to 1199
Skipped Seq from 1200 to 1202
Skipped Seq from 1202 to 1204
Skipped Seq from 1205 to 1208
Skipped Seq from 1208 to 1211
Skipped Seq from 1211 to 1215
Skipped Seq from 1215 to 1217
Skipped Seq from 1218 to 1222
Skipped Seq from 1223 to 1225
Skipped Seq from 1225 to 1232
Skipped Seq from 1232 to 1239
Skipped Seq from 1239 to 1245
Skipped Seq from 1245 to 1247
Skipped Seq from 1247 to 1255
Skipped Seq from 1255 to 1258
Skipped Seq from 1258 to 1263
Skipped Seq from 1264 to 1266
Skipped Seq from 1266 to 1272
Skipped Seq from 1273 to 1275
Skipped Seq from 1278 to 1281
Skipped Seq from 1281 to 1289
Skipped Seq from 1289 to 1291
Skipped Seq from 1291 to 1300
Skipped Seq from 1301 to 1304
Skipped Seq from 1304 to 1307
Skipped Seq from 1307 to 1313
Skipped Seq from 1313 to 1321
Skipped Seq from 1324 to 1326
Skipped Seq from 1329 to 1334
Skipped Seq from 1335 to 1341
Skipped Seq from 1341 to 1343
Skipped Seq from 1343 to 1345
Skipped Seq from 1348 to 1351
Skipped Seq from 1352 to 1354
Skipped Seq from 1354 to 1357
Skipped Seq from 1357 to 1360
Skipped Seq from 1361 to 1366
Skipped Seq from 1366 to 1369
Skipped Seq from 1370 to 1372
Skipped Seq from 1372 to 1374
Skipped Seq from 1375 to 1378
Skipped Seq from 1378 to 1380
Skipped Seq from 1388 to 1395
Skipped Seq from 1395 to 1404
Skipped Seq from 1405 to 1407
Skipped Seq from 1408 to 1411
Skipped Seq from 1411 to 1416
Skipped Seq from 1419 to 1421
Skipped Seq from 1422 to 1426
Skipped Seq from 1426 to 1431
Skipped Seq from 1431 to 1433
Skipped Seq from 1433 to 1435
Skipped Seq from 1436 to 1438
Skipped Seq from 1438 to 1443
Skipped Seq from 1443 to 1452
Skipped Seq from 1452 to 1455
Skipped Seq from 1455 to 1461
Skipped Seq from 1461 to 1463
Skipped Seq from 1463 to 1467
Skipped Seq from 1467 to 1473
Skipped Seq from 1473 to 1478
Skipped Seq from 1479 to 1482
Skipped Seq from 1483 to 1486
Skipped Seq from 1486 to 1488
Skipped Seq from 1488 to 1490
Skipped Seq from 1491 to 1498
Skipped Seq from 1498 to 1501
Skipped Seq from 1501 to 1504
Skipped Seq from 1504 to 1506
Skipped Seq from 1506 to 1508
Skipped Seq from 1510 to 1515
Skipped Seq from 1515 to 1523
Skipped Seq from 1523 to 1525
Skipped Seq from 1525 to 1531
Skipped Seq from 1531 to 1533
Skipped Seq from 1533 to 1545
Skipped Seq from 1545 to 1549
Skipped Seq from 1549 to 1555
Skipped Seq from 1559 to 1562
Skipped Seq from 1564 to 1566
Skipped Seq from 1566 to 1568
Skipped Seq from 1569 to 1572
Skipped Seq from 1572 to 1574
Skipped Seq from 1574 to 1578
Skipped Seq from 1578 to 1584
Skipped Seq from 1584 to 1590
Skipped Seq from 1590 to 1605
Skipped Seq from 1605 to 1609
Skipped Seq from 1609 to 1611
Skipped Seq from 1611 to 1613
Skipped Seq from 1613 to 1616
Skipped Seq from 1616 to 1618
Skipped Seq from 1618 to 1636
Skipped Seq from 1636 to 1647
Skipped Seq from 1647 to 1650
Skipped Seq from 1651 to 1655
Skipped Seq from 1659 to 1661
Skipped Seq from 1661 to 1664
Skipped Seq from 1666 to 1668
Skipped Seq from 1669 to 1676
Skipped Seq from 1679 to 1682
Skipped Seq from 1687 to 1691
Skipped Seq from 1693 to 1701
Skipped Seq from 1702 to 1720
Skipped Seq from 1721 to 1738
Skipped Seq from 1738 to 1740
Skipped Seq from 1740 to 1750
Skipped Seq from 1751 to 1757
Skipped Seq from 1758 to 1760
Skipped Seq from 1762 to 1764
Skipped Seq from 1765 to 1767
Skipped Seq from 1769 to 1773
Skipped Seq from 1773 to 1781
Skipped Seq from 1781 to 1783
Skipped Seq from 1783 to 1786
Skipped Seq from 1786 to 1788
Skipped Seq from 1788 to 1790
Skipped Seq from 1790 to 1792
Skipped Seq from 1796 to 1798
Skipped Seq from 1798 to 1800
Skipped Seq from 1801 to 1803
Skipped Seq from 1803 to 1805
Skipped Seq from 1805 to 1807
Skipped Seq from 1808 to 1810
Skipped Seq from 1810 to 1815
Skipped Seq from 1815 to 1830
Skipped Seq from 1830 to 1837
Skipped Seq from 1839 to 1844
Skipped Seq from 1844 to 1852
Skipped Seq from 1852 to 1854
Skipped Seq from 1854 to 1856
Skipped Seq from 1859 to 1861
Skipped Seq from 1861 to 1868
Skipped Seq from 1870 to 1874
Skipped Seq from 1875 to 1882
Skipped Seq from 1882 to 1890
Skipped Seq from 1896 to 1898
Skipped Seq from 1904 to 1915
Skipped Seq from 1915 to 1921
Skipped Seq from 1923 to 1925
Skipped Seq from 1925 to 1944
Skipped Seq from 1944 to 1947
Skipped Seq from 1947 to 1950
Skipped Seq from 1951 to 1953
Skipped Seq from 1953 to 1957
Skipped Seq from 1958 to 1960
Skipped Seq from 1960 to 1964
Skipped Seq from 1965 to 1968
Skipped Seq from 1969 to 1972
Skipped Seq from 1972 to 1974
Skipped Seq from 1975 to 1977
Skipped Seq from 1978 to 1980
Skipped Seq from 1980 to 1982
Skipped Seq from 1984 to 1988
Skipped Seq from 1988 to 1993
Skipped Seq from 1993 to 1997
Skipped Seq from 1997 to 2000
Skipped Seq from 2001 to 2003
Skipped Seq from 2003 to 2005
Skipped Seq from 2005 to 2011
Skipped Seq from 2011 to 2014
Skipped Seq from 2014 to 2026
Skipped Seq from 2026 to 2030
Skipped Seq from 2030 to 2038
Skipped Seq from 2038 to 2040
Skipped Seq from 2040 to 2042
Skipped Seq from 2043 to 2047
Skipped Seq from 2048 to 2055
Skipped Seq from 2057 to 2059
Skipped Seq from 2059 to 2063
Skipped Seq from 2063 to 2067
Skipped Seq from 2067 to 2071
Skipped Seq from 2071 to 2085
Skipped Seq from 2086 to 2088
Skipped Seq from 2088 to 2096
Skipped Seq from 2096 to 2101
Skipped Seq from 2101 to 2106
Skipped Seq from 2106 to 2108
Skipped Seq from 2110 to 2112
Skipped Seq from 2112 to 2114
Skipped Seq from 2117 to 2119
Skipped Seq from 2119 to 2121
Skipped Seq from 2122 to 2124
Skipped Seq from 2125 to 2127
Skipped Seq from 2129 to 2131
Skipped Seq from 2131 to 2133
Skipped Seq from 2135 to 2146
Skipped Seq from 2146 to 2149
Skipped Seq from 2149 to 2163
Skipped Seq from 2163 to 2166
Skipped Seq from 2166 to 2169
Skipped Seq from 2169 to 2172
Skipped Seq from 2172 to 2176
Skipped Seq from 2176 to 2180
Skipped Seq from 2180 to 2186
Skipped Seq from 2187 to 2190
Skipped Seq from 2190 to 2201
Skipped Seq from 2201 to 2204
Skipped Seq from 2204 to 2207
Skipped Seq from 2207 to 2209
Skipped Seq from 2209 to 2212
Skipped Seq from 2212 to 2215
Skipped Seq from 2215 to 2223
Skipped Seq from 2224 to 2226
Skipped Seq from 2226 to 2230
Skipped Seq from 2230 to 2232
Skipped Seq from 2232 to 2234
Skipped Seq from 2235 to 2237
Skipped Seq from 2238 to 2251
Skipped Seq from 2251 to 2254
Skipped Seq from 2255 to 2265
Skipped Seq from 2265 to 2268
Skipped Seq from 2269 to 2272
Skipped Seq from 2273 to 2287
Skipped Seq from 2287 to 2291
Skipped Seq from 2291 to 2293
Skipped Seq from 2295 to 2297
Skipped Seq from 2298 to 2301
Skipped Seq from 2302 to 2304
Skipped Seq from 2307 to 2310
Skipped Seq from 2312 to 2314
Skipped Seq from 2314 to 2316
Skipped Seq from 2318 to 2320
Skipped Seq from 2320 to 2323
Skipped Seq from 2323 to 2326
Skipped Seq from 2326 to 2331
Skipped Seq from 2332 to 2335
Skipped Seq from 2335 to 2350
Skipped Seq from 2350 to 2352
Skipped Seq from 2352 to 2354
Skipped Seq from 2354 to 2359
Skipped Seq from 2359 to 2363
Skipped Seq from 2363 to 2370
Skipped Seq from 2371 to 2373
Skipped Seq from 2374 to 2376
Skipped Seq from 2376 to 2378
Skipped Seq from 2378 to 2380
Skipped Seq from 2380 to 2382
Skipped Seq from 2386 to 2388
Skipped Seq from 2388 to 2390
Skipped Seq from 2392 to 2401
Skipped Seq from 2401 to 2403
Skipped Seq from 2404 to 2407
Skipped Seq from 2407 to 2410
Skipped Seq from 2410 to 2415
Skipped Seq from 2416 to 2418
Skipped Seq from 2418 to 2424
Skipped Seq from 2426 to 2430
Skipped Seq from 2434 to 2447
Skipped Seq from 2448 to 2453
Skipped Seq from 2454 to 2460
Skipped Seq from 2461 to 2469
Skipped Seq from 2469 to 2471
Skipped Seq from 2471 to 2481
Skipped Seq from 2482 to 2488
Skipped Seq from 2488 to 2491
Skipped Seq from 2495 to 2497
Skipped Seq from 2497 to 2502
Skipped Seq from 2502 to 2508
Skipped Seq from 2510 to 2515
Skipped Seq from 2515 to 2517
Skipped Seq from 2518 to 2520
Skipped Seq from 2520 to 2522
Skipped Seq from 2522 to 2525
Skipped Seq from 2525 to 2533
Skipped Seq from 2536 to 2539
Skipped Seq from 2539 to 2580
Skipped Seq from 2580 to 2582
Skipped Seq from 2583 to 2588
Skipped Seq from 2588 to 2590
Skipped Seq from 2592 to 2598
Skipped Seq from 2598 to 2603
Skipped Seq from 2603 to 2607
Skipped Seq from 2608 to 2610
Skipped Seq from 2610 to 2612
Skipped Seq from 2612 to 2617
Skipped Seq from 2617 to 2632
Skipped Seq from 2634 to 2640
Skipped Seq from 2640 to 2645
Skipped Seq from 2645 to 2647
Skipped Seq from 2650 to 2653
Skipped Seq from 2656 to 2660
Skipped Seq from 2661 to 2663
Skipped Seq from 2664 to 2666
Skipped Seq from 2670 to 2672
Skipped Seq from 2673 to 2675
Skipped Seq from 2675 to 2683
Skipped Seq from 2684 to 2688
Skipped Seq from 2688 to 2694
Skipped Seq from 2697 to 2701
Skipped Seq from 2701 to 2703
Skipped Seq from 2703 to 2706
Skipped Seq from 2706 to 2713
Skipped Seq from 2713 to 2715
Skipped Seq from 2715 to 2720
Skipped Seq from 2720 to 2723
Skipped Seq from 2723 to 2735
Skipped Seq from 2736 to 2738
Skipped Seq from 2739 to 2741
Skipped Seq from 2741 to 2759
Skipped Seq from 2760 to 2765
Skipped Seq from 2767 to 2770
Skipped Seq from 2770 to 2772
Skipped Seq from 2773 to 2775
Skipped Seq from 2777 to 2779
Skipped Seq from 2780 to 2788
Skipped Seq from 2789 to 2791
Skipped Seq from 2794 to 2800
Skipped Seq from 2800 to 2802
Skipped Seq from 2802 to 2805
Skipped Seq from 2805 to 2821
Skipped Seq from 2821 to 2829
Skipped Seq from 2830 to 2832
Skipped Seq from 2833 to 2835
Skipped Seq from 2836 to 2838
Skipped Seq from 2838 to 2844
Skipped Seq from 2844 to 2848
Skipped Seq from 2849 to 2853
Skipped Seq from 2856 to 2863
Skipped Seq from 2863 to 2871
Skipped Seq from 2872 to 2875
Skipped Seq from 2878 to 2888
Skipped Seq from 2888 to 2890
Skipped Seq from 2890 to 2903
Skipped Seq from 2903 to 2905
Skipped Seq from 2905 to 2907
Skipped Seq from 2909 to 2911
Skipped Seq from 2911 to 2914
Skipped Seq from 2917 to 2919
Skipped Seq from 2919 to 2921
Skipped Seq from 2921 to 2923
Skipped Seq from 2924 to 2926
Skipped Seq from 2926 to 2928
Skipped Seq from 2928 to 2932
Skipped Seq from 2932 to 2941
Skipped Seq from 2942 to 2945
Skipped Seq from 2949 to 2953
Skipped Seq from 2953 to 2955
Skipped Seq from 2955 to 2957
Skipped Seq from 2957 to 2961
Skipped Seq from 2962 to 2969
Skipped Seq from 2973 to 2975
Skipped Seq from 2978 to 2984
Skipped Seq from 2984 to 2987
Skipped Seq from 2988 to 2990
Skipped Seq from 2991 to 2995
Skipped Seq from 2995 to 2997
Skipped Seq from 3000 to 3002
Skipped Seq from 3002 to 3005
Skipped Seq from 3006 to 3008
Skipped Seq from 3009 to 3014
Skipped Seq from 3016 to 3023
Skipped Seq from 3023 to 3034
Skipped Seq from 3053 to 3057
Skipped Seq from 3059 to 3062
Skipped Seq from 3065 to 3067
Skipped Seq from 3069 to 3072
Skipped Seq from 3072 to 3078
Skipped Seq from 3079 to 3085
Skipped Seq from 3085 to 3090
Skipped Seq from 3091 to 3094
Skipped Seq from 3094 to 3096
Skipped Seq from 3097 to 3101
Skipped Seq from 3103 to 3106
Skipped Seq from 3109 to 3111
Skipped Seq from 3113 to 3118
Skipped Seq from 3120 to 3122
Skipped Seq from 3125 to 3127
Skipped Seq from 3136 to 3138
Skipped Seq from 3138 to 3141
Skipped Seq from 3142 to 3144
Skipped Seq from 3154 to 3159
Skipped Seq from 3159 to 3161
Skipped Seq from 3167 to 3169
Skipped Seq from 3172 to 3174
Skipped Seq from 3178 to 3180
Skipped Seq from 3191 to 3193
Skipped Seq from 3194 to 3196
Skipped Seq from 3201 to 3203
Skipped Seq from 4645 to 4647
Skipped Seq from 4654 to 4657
Skipped Seq from 4660 to 4662
Skipped Seq from 4663 to 4666
Skipped Seq from 4673 to 4678
Skipped Seq from 4683 to 4686
Skipped Seq from 4689 to 4692
Skipped Seq from 4695 to 4697
Skipped Seq from 4697 to 4699
Skipped Seq from 4727 to 4730
Skipped Seq from 4740 to 4742
Skipped Seq from 4760 to 4762
Skipped Seq from 4765 to 4767
Skipped Seq from 4771 to 4773
Skipped Seq from 4802 to 4805
Skipped Seq from 4806 to 4808
Skipped Seq from 4822 to 4824
Skipped Seq from 4837 to 4839
Skipped Seq from 4843 to 4846
Skipped Seq from 4857 to 4860
Skipped Seq from 4881 to 4884
Skipped Seq from 4888 to 4891
Skipped Seq from 4893 to 4895
Skipped Seq from 4909 to 4911
Skipped Seq from 4925 to 4927
Skipped Seq from 4937 to 4939
Skipped Seq from 4945 to 4948
Skipped Seq from 4954 to 4956
Skipped Seq from 4957 to 4959
Skipped Seq from 4962 to 4965
Skipped Seq from 4965 to 4968
Skipped Seq from 4973 to 4976
Skipped Seq from 4988 to 4990
Skipped Seq from 4992 to 4994
Skipped Seq from 5027 to 5029
Skipped Seq from 5029 to 5031
Skipped Seq from 5039 to 5041
Skipped Seq from 5050 to 5053
Skipped Seq from 5053 to 5055
Skipped Seq from 5055 to 5057
Skipped Seq from 5090 to 5094
Skipped Seq from 5094 to 5098
Skipped Seq from 5098 to 5100
Skipped Seq from 5102 to 5105
Skipped Seq from 5122 to 5124
Skipped Seq from 5129 to 5131
Skipped Seq from 5133 to 5135
Skipped Seq from 5136 to 5139
Skipped Seq from 5139 to 5142
Skipped Seq from 5143 to 5145
Skipped Seq from 5146 to 5152
Skipped Seq from 5152 to 5156
Skipped Seq from 5160 to 5162
Skipped Seq from 5163 to 5165
Skipped Seq from 5167 to 5169
Skipped Seq from 5169 to 5171
Skipped Seq from 5171 to 5173
Skipped Seq from 5177 to 5181
Skipped Seq from 5184 to 5186
Skipped Seq from 5191 to 5194
Skipped Seq from 5202 to 5206
Skipped Seq from 5214 to 5218
Skipped Seq from 5218 to 5221
Skipped Seq from 5227 to 5229
Skipped Seq from 5229 to 5232
Skipped Seq from 5232 to 5236
Skipped Seq from 5236 to 5238
Skipped Seq from 5238 to 5240
Skipped Seq from 5241 to 5244
Skipped Seq from 5257 to 5259
Skipped Seq from 5259 to 5262
Skipped Seq from 5262 to 5264
Skipped Seq from 5287 to 5293
Skipped Seq from 5293 to 5301
Skipped Seq from 5305 to 5308
Skipped Seq from 5311 to 5319
Skipped Seq from 5325 to 5327
Skipped Seq from 5329 to 5331
Skipped Seq from 5339 to 5341
Skipped Seq from 5346 to 5348
Skipped Seq from 5350 to 5353
Skipped Seq from 5357 to 5359
Skipped Seq from 5371 to 5378
Skipped Seq from 5390 to 5394
Skipped Seq from 5400 to 5403
Skipped Seq from 5403 to 5405
Skipped Seq from 5406 to 5410
Skipped Seq from 5411 to 5413
Skipped Seq from 5413 to 5416
Skipped Seq from 5420 to 5422
Skipped Seq from 5428 to 5430
Skipped Seq from 5433 to 5436
Skipped Seq from 5440 to 5442
Skipped Seq from 5442 to 5445
Skipped Seq from 5451 to 5454
Skipped Seq from 5458 to 5460
Skipped Seq from 5472 to 5482
Skipped Seq from 5486 to 5500
Skipped Seq from 5500 to 5503
Skipped Seq from 5503 to 5505
Skipped Seq from 5505 to 5507
Skipped Seq from 5508 to 5511
Skipped Seq from 5511 to 5513
Skipped Seq from 5514 to 5516
Skipped Seq from 5516 to 5519
Skipped Seq from 5522 to 5526
Skipped Seq from 5533 to 5536
Skipped Seq from 5536 to 5539
Skipped Seq from 5540 to 5545
Skipped Seq from 5549 to 5557
Skipped Seq from 5563 to 5565
Skipped Seq from 5567 to 5569
Skipped Seq from 5572 to 5574
Skipped Seq from 5574 to 5576
Skipped Seq from 5576 to 5578
Skipped Seq from 5580 to 5583
Skipped Seq from 5585 to 5587
Skipped Seq from 5588 to 5592
Skipped Seq from 5592 to 5594
Skipped Seq from 5594 to 5597
Skipped Seq from 5605 to 5607
Skipped Seq from 5610 to 5613
Skipped Seq from 5619 to 5622
Skipped Seq from 5622 to 5625
Skipped Seq from 5625 to 5628
Skipped Seq from 5651 to 5654
Skipped Seq from 5654 to 5656
Skipped Seq from 11126 to 11129
Skipped Seq from 11129 to 11132
Skipped Seq from 11135 to 11138
Skipped Seq from 11140 to 11142
Skipped Seq from 11144 to 11148
Skipped Seq from 11152 to 11155
Skipped Seq from 11159 to 11161
Skipped Seq from 11164 to 11166
Skipped Seq from 11169 to 11171
Skipped Seq from 11173 to 11175
Skipped Seq from 11176 to 11178
Skipped Seq from 11182 to 11187
Skipped Seq from 11187 to 11191
Skipped Seq from 11194 to 11199
Skipped Seq from 11200 to 11202
Skipped Seq from 11207 to 11209
Skipped Seq from 11220 to 11223
Skipped Seq from 11225 to 11230
Skipped Seq from 11233 to 11236
Skipped Seq from 11237 to 11239
Skipped Seq from 11240 to 11242
Skipped Seq from 11242 to 11246
Skipped Seq from 11247 to 11249
Skipped Seq from 11251 to 11253
Skipped Seq from 11253 to 11256
Skipped Seq from 11256 to 11259
Skipped Seq from 11259 to 11261
Skipped Seq from 11273 to 11275
Skipped Seq from 11276 to 11279
Skipped Seq from 11279 to 11282
Skipped Seq from 11282 to 11284
Skipped Seq from 11284 to 11286
Skipped Seq from 11289 to 11292
Skipped Seq from 11292 to 11294
Skipped Seq from 11298 to 11300
Skipped Seq from 11300 to 11302
Skipped Seq from 11306 to 11308
Skipped Seq from 11312 to 11314
Skipped Seq from 11314 to 11316
Skipped Seq from 11320 to 11322
Skipped Seq from 11324 to 11327
Skipped Seq from 11327 to 11329
Skipped Seq from 11331 to 11333
Skipped Seq from 11336 to 11338
Skipped Seq from 11347 to 11349
Skipped Seq from 11352 to 11354
Skipped Seq from 11359 to 11361
Skipped Seq from 11362 to 11366
Skipped Seq from 11366 to 11370
Skipped Seq from 11372 to 11374
Skipped Seq from 11375 to 11377
Skipped Seq from 11380 to 11383
Skipped Seq from 11387 to 11392
Skipped Seq from 11394 to 11399
Skipped Seq from 11402 to 11404
Skipped Seq from 11413 to 11415
Skipped Seq from 11417 to 11424
Skipped Seq from 11424 to 11427
Skipped Seq from 11428 to 11430
Skipped Seq from 11430 to 11432
Skipped Seq from 11433 to 11436
Skipped Seq from 11439 to 11445
Skipped Seq from 11446 to 11450
Skipped Seq from 11458 to 11461
Skipped Seq from 11464 to 11466
Skipped Seq from 11466 to 11468
Skipped Seq from 11471 to 11474
Skipped Seq from 11474 to 11476
Skipped Seq from 11478 to 11481
Skipped Seq from 11482 to 11487
Skipped Seq from 11489 to 11495
Skipped Seq from 11498 to 11500
Skipped Seq from 11500 to 11502
Skipped Seq from 11509 to 11511
Skipped Seq from 11513 to 11515
Skipped Seq from 11517 to 11524
Skipped Seq from 11525 to 11527
Skipped Seq from 11529 to 11532
Skipped Seq from 11532 to 11534
Skipped Seq from 11534 to 11536
Skipped Seq from 11536 to 11541
Skipped Seq from 11544 to 11546
Skipped Seq from 11549 to 11551
Skipped Seq from 11554 to 11556
Skipped Seq from 11559 to 11561
Skipped Seq from 11562 to 11567
Skipped Seq from 11568 to 11570
Skipped Seq from 11571 to 11574
Skipped Seq from 11574 to 11577
Skipped Seq from 11577 to 11579
Skipped Seq from 11585 to 11587
Skipped Seq from 11588 to 11592
Skipped Seq from 11593 to 11596
Skipped Seq from 11599 to 11602
Skipped Seq from 11602 to 11606
Skipped Seq from 11606 to 11608
Skipped Seq from 11614 to 11616
Skipped Seq from 11618 to 11625
Skipped Seq from 11625 to 11628
Skipped Seq from 11629 to 11631
Skipped Seq from 11633 to 11636
Skipped Seq from 11640 to 11642
Skipped Seq from 11643 to 11648
Skipped Seq from 11651 to 11653
Skipped Seq from 11653 to 11655
Skipped Seq from 11656 to 11660
Skipped Seq from 11660 to 11663
Skipped Seq from 11663 to 11666
Skipped Seq from 11669 to 11671
Skipped Seq from 11674 to 11676
Skipped Seq from 11685 to 11688
Skipped Seq from 11694 to 11696
Skipped Seq from 11698 to 11701
Skipped Seq from 11705 to 11707
Skipped Seq from 11713 to 11715
Skipped Seq from 11720 to 11724
Skipped Seq from 11725 to 11728
Skipped Seq from 11728 to 11732
Skipped Seq from 11732 to 11736
Skipped Seq from 11738 to 11740
Skipped Seq from 11741 to 11745
Skipped Seq from 11758 to 11760
Skipped Seq from 11760 to 11762
Skipped Seq from 11763 to 11765
Skipped Seq from 11765 to 11767
Skipped Seq from 11774 to 11777
Skipped Seq from 11779 to 11782
Skipped Seq from 11784 to 11787
Skipped Seq from 11790 to 11793
Skipped Seq from 11793 to 11796
Skipped Seq from 11797 to 11799
Skipped Seq from 11801 to 11803
Skipped Seq from 11803 to 11808
Skipped Seq from 11808 to 11812
Skipped Seq from 11815 to 11819
Skipped Seq from 11819 to 11822
Skipped Seq from 11822 to 11825
Skipped Seq from 11831 to 11833
Skipped Seq from 11835 to 11837
Skipped Seq from 11837 to 11840
Skipped Seq from 11840 to 11842
Skipped Seq from 11842 to 11844
Skipped Seq from 11859 to 11862
Skipped Seq from 11868 to 11870
Skipped Seq from 11870 to 11873
Skipped Seq from 11873 to 11875
Skipped Seq from 11879 to 11884
Skipped Seq from 11884 to 11886
Skipped Seq from 11895 to 11897
Skipped Seq from 11898 to 11902
Skipped Seq from 11905 to 11909
Skipped Seq from 11909 to 11912
Skipped Seq from 11917 to 11919
Skipped Seq from 11919 to 11922
Skipped Seq from 11925 to 11929
Skipped Seq from 11931 to 11933
Skipped Seq from 11933 to 11935
Skipped Seq from 11937 to 11939
Skipped Seq from 11939 to 11942
Skipped Seq from 11942 to 11948
Skipped Seq from 11951 to 11955
Skipped Seq from 11955 to 11958
Skipped Seq from 11960 to 11962
Skipped Seq from 11963 to 11966
Skipped Seq from 11966 to 11968
Skipped Seq from 11970 to 11972
Skipped Seq from 11979 to 11982
Skipped Seq from 11988 to 11990
Skipped Seq from 11993 to 11995
Skipped Seq from 11995 to 11998
Skipped Seq from 12002 to 12005
Skipped Seq from 12008 to 12010
Skipped Seq from 12012 to 12014
Skipped Seq from 12017 to 12019
Skipped Seq from 12019 to 12023
Skipped Seq from 12024 to 12026
Skipped Seq from 12030 to 12032
Skipped Seq from 12034 to 12036
Skipped Seq from 12036 to 12040
Skipped Seq from 12040 to 12042
Skipped Seq from 12043 to 12045
Skipped Seq from 12055 to 12060
Skipped Seq from 12063 to 12065
Skipped Seq from 12069 to 12071
Skipped Seq from 12071 to 12080
Skipped Seq from 12097 to 12107
Skipped Seq from 12107 to 12109
Skipped Seq from 12117 to 12121
Skipped Seq from 12124 to 12126
Skipped Seq from 12129 to 12131
Skipped Seq from 12132 to 12135
Skipped Seq from 12135 to 12139
Skipped Seq from 12139 to 12143
Skipped Seq from 12143 to 12145
Skipped Seq from 12149 to 12151
Skipped Seq from 12153 to 12156
Skipped Seq from 12158 to 12160
Skipped Seq from 12161 to 12163
Skipped Seq from 12165 to 12167
Skipped Seq from 12167 to 12169
Skipped Seq from 12169 to 12172
Skipped Seq from 12172 to 12174
Skipped Seq from 12174 to 12176
Skipped Seq from 12180 to 12182
Skipped Seq from 12185 to 12188
Skipped Seq from 12189 to 12193
Skipped Seq from 12196 to 12199
Skipped Seq from 12201 to 12204
Skipped Seq from 12205 to 12208
Skipped Seq from 12210 to 12213
Skipped Seq from 12215 to 12217
Skipped Seq from 12218 to 12220
Skipped Seq from 12220 to 12222
Skipped Seq from 12223 to 12226
Skipped Seq from 12228 to 12232
Skipped Seq from 12236 to 12239
Skipped Seq from 12240 to 12242
Skipped Seq from 12243 to 12245
Skipped Seq from 12250 to 12252
Skipped Seq from 12252 to 12260
Skipped Seq from 12263 to 12267
Skipped Seq from 12267 to 12272
Skipped Seq from 12273 to 12275
Skipped Seq from 12275 to 12277
Skipped Seq from 12282 to 12285
Skipped Seq from 12294 to 12296
Skipped Seq from 12298 to 12300
Skipped Seq from 12300 to 12303
Skipped Seq from 12303 to 12308
Skipped Seq from 12310 to 12312
Skipped Seq from 12314 to 12318
Skipped Seq from 12320 to 12328
Skipped Seq from 12328 to 12330
Skipped Seq from 12336 to 12340
Skipped Seq from 12340 to 12342
Skipped Seq from 12342 to 12345
Skipped Seq from 12345 to 12347
Skipped Seq from 12347 to 12350
Skipped Seq from 12350 to 12352
Skipped Seq from 12352 to 12355
Skipped Seq from 12355 to 12359
Skipped Seq from 12360 to 12364
Skipped Seq from 12365 to 12368
Skipped Seq from 12371 to 12373
Skipped Seq from 12373 to 12376
Skipped Seq from 12386 to 12389
Skipped Seq from 12389 to 12392
Skipped Seq from 12392 to 12396
Skipped Seq from 12397 to 12400
Skipped Seq from 12401 to 12404
Skipped Seq from 12405 to 12407
Skipped Seq from 12412 to 12415
Skipped Seq from 12415 to 12417
Skipped Seq from 12417 to 12419
Skipped Seq from 12420 to 12423
Skipped Seq from 12423 to 12425
Skipped Seq from 12425 to 12428
Skipped Seq from 12430 to 12433
Skipped Seq from 12434 to 12436
Skipped Seq from 12439 to 12441
Skipped Seq from 12442 to 12446
Skipped Seq from 12448 to 12450
Skipped Seq from 12450 to 12452
Skipped Seq from 12453 to 12456
Skipped Seq from 12461 to 12463
Skipped Seq from 12465 to 12469
Skipped Seq from 12471 to 12474
Skipped Seq from 12475 to 12477
Skipped Seq from 12477 to 12480
Skipped Seq from 12480 to 12483
Skipped Seq from 12483 to 12486
Skipped Seq from 12487 to 12490
Skipped Seq from 12492 to 12495
Skipped Seq from 12495 to 12504
Skipped Seq from 12508 to 12510
Skipped Seq from 12515 to 12518
Skipped Seq from 12521 to 12523
Skipped Seq from 12530 to 12536
Skipped Seq from 12537 to 12539
Skipped Seq from 12540 to 12542
Skipped Seq from 12544 to 12547
Skipped Seq from 12550 to 12552
Skipped Seq from 12563 to 12565
Skipped Seq from 12565 to 12567
Skipped Seq from 12574 to 12577
Skipped Seq from 12577 to 12580
Skipped Seq from 12581 to 12584
Skipped Seq from 12584 to 12587
Skipped Seq from 12588 to 12590
Skipped Seq from 12590 to 12594
Skipped Seq from 12595 to 12597
Skipped Seq from 12602 to 12604
Skipped Seq from 12612 to 12620
Skipped Seq from 12623 to 12626
Skipped Seq from 12626 to 12629
Skipped Seq from 12629 to 12632
Skipped Seq from 12633 to 12635
Skipped Seq from 12635 to 12637
Skipped Seq from 12639 to 12641
Skipped Seq from 12642 to 12645
Skipped Seq from 12647 to 12651
Skipped Seq from 12651 to 12653
Skipped Seq from 12653 to 12661
Skipped Seq from 12664 to 12668
Skipped Seq from 12668 to 12671
Skipped Seq from 12671 to 12674
Skipped Seq from 12674 to 12678
Skipped Seq from 12678 to 12680
Skipped Seq from 12680 to 12682
Skipped Seq from 12682 to 12684
Skipped Seq from 12685 to 12687
Skipped Seq from 12688 to 12695
Skipped Seq from 12696 to 12702
Skipped Seq from 12704 to 12706
Skipped Seq from 12708 to 12710
Skipped Seq from 12710 to 12713
Skipped Seq from 12714 to 12716
Number of times throttled: 13
Received: 10224 / 12717 packets
Start time: 1332838712.661653
End time: 1332838760.058429
Duration: 47.396776
