Starting client at 10.0.0.10:1286 with timeout:10
My IP address is 10.0.0.10Skipped Seq from 1148 to 1151
Skipped Seq from 1158 to 1161
Skipped Seq from 1163 to 1165
Skipped Seq from 1173 to 1175
Skipped Seq from 1180 to 1182
Skipped Seq from 1185 to 1187
Skipped Seq from 1187 to 1189
Skipped Seq from 1191 to 1193
Skipped Seq from 1197 to 1199
Skipped Seq from 1211 to 1213
Skipped Seq from 1217 to 1220
Skipped Seq from 1222 to 1226
Skipped Seq from 1238 to 1241
Skipped Seq from 1241 to 1243
Skipped Seq from 1243 to 1246
Skipped Seq from 1246 to 1249
Skipped Seq from 1250 to 1252
Skipped Seq from 1257 to 1259
Skipped Seq from 1264 to 1267
Skipped Seq from 1268 to 1270
Skipped Seq from 1270 to 1272
Skipped Seq from 1272 to 1274
Skipped Seq from 1279 to 1281
Skipped Seq from 1283 to 1285
Skipped Seq from 1285 to 1288
Skipped Seq from 1289 to 1291
Skipped Seq from 1291 to 1294
Skipped Seq from 1294 to 1296
Skipped Seq from 1302 to 1304
Skipped Seq from 1308 to 1311
Skipped Seq from 1311 to 1314
Skipped Seq from 1316 to 1318
Skipped Seq from 1326 to 1328
Skipped Seq from 1329 to 1331
Skipped Seq from 1332 to 1334
Skipped Seq from 1337 to 1339
Skipped Seq from 1344 to 1346
Skipped Seq from 1347 to 1349
Skipped Seq from 1349 to 1351
Skipped Seq from 1352 to 1354
Skipped Seq from 1354 to 1356
Skipped Seq from 1364 to 1366
Skipped Seq from 1367 to 1370
Skipped Seq from 1371 to 1374
Skipped Seq from 1379 to 1381
Skipped Seq from 1388 to 1390
Skipped Seq from 1397 to 1399
Skipped Seq from 1399 to 1401
Skipped Seq from 1401 to 1403
Skipped Seq from 1403 to 1405
Skipped Seq from 1406 to 1409
Skipped Seq from 1409 to 1414
Skipped Seq from 1414 to 1418
Skipped Seq from 1423 to 1426
Skipped Seq from 1426 to 1428
Skipped Seq from 1429 to 1431
Skipped Seq from 1445 to 1447
Skipped Seq from 1447 to 1449
Skipped Seq from 1456 to 1459
Skipped Seq from 1461 to 1464
Skipped Seq from 1464 to 1469
Skipped Seq from 1472 to 1474
Skipped Seq from 1474 to 1478
Skipped Seq from 1478 to 1480
Skipped Seq from 1481 to 1483
Skipped Seq from 1483 to 1486
Skipped Seq from 1494 to 1496
Skipped Seq from 1502 to 1504
Skipped Seq from 1508 to 1514
Skipped Seq from 1516 to 1519
Skipped Seq from 1524 to 1528
Skipped Seq from 1529 to 1533
Skipped Seq from 1533 to 1535
Skipped Seq from 1535 to 1539
Skipped Seq from 1540 to 1543
Skipped Seq from 1544 to 1547
Skipped Seq from 1549 to 1551
Skipped Seq from 1551 to 1555
Skipped Seq from 1558 to 1561
Skipped Seq from 1563 to 1567
Skipped Seq from 1568 to 1570
Skipped Seq from 1570 to 1572
Skipped Seq from 1586 to 1588
Skipped Seq from 1591 to 1593
Skipped Seq from 1595 to 1597
Skipped Seq from 1598 to 1600
Skipped Seq from 1601 to 1603
Skipped Seq from 1604 to 1607
Skipped Seq from 1609 to 1611
Skipped Seq from 1614 to 1616
Skipped Seq from 1616 to 1620
Skipped Seq from 1620 to 1624
Skipped Seq from 1629 to 1631
Skipped Seq from 1635 to 1637
Skipped Seq from 1639 to 1641
Skipped Seq from 1643 to 1645
Skipped Seq from 1646 to 1650
Skipped Seq from 1652 to 1655
Skipped Seq from 1664 to 1666
Skipped Seq from 1666 to 1668
Skipped Seq from 1673 to 1675
Skipped Seq from 1675 to 1681
Skipped Seq from 1682 to 1684
Skipped Seq from 1684 to 1688
Skipped Seq from 1689 to 1694
Skipped Seq from 1694 to 1697
Skipped Seq from 1698 to 1701
Skipped Seq from 1702 to 1705
Skipped Seq from 1705 to 1708
Skipped Seq from 1708 to 1711
Skipped Seq from 1712 to 1714
Skipped Seq from 1715 to 1718
Skipped Seq from 1718 to 1721
Skipped Seq from 1726 to 1728
Skipped Seq from 1729 to 1732
Skipped Seq from 1733 to 1736
Skipped Seq from 1736 to 1738
Skipped Seq from 1739 to 1742
Skipped Seq from 1744 to 1747
Skipped Seq from 1753 to 1756
Skipped Seq from 1760 to 1762
Skipped Seq from 1762 to 1764
Skipped Seq from 1764 to 1766
Skipped Seq from 1768 to 1771
Skipped Seq from 1773 to 1775
Skipped Seq from 1776 to 1778
Skipped Seq from 1779 to 1783
Skipped Seq from 1786 to 1789
Skipped Seq from 1790 to 1793
Skipped Seq from 1795 to 1797
Skipped Seq from 1797 to 1799
Skipped Seq from 1801 to 1804
Skipped Seq from 1804 to 1806
Skipped Seq from 1808 to 1811
Skipped Seq from 1813 to 1815
Skipped Seq from 1816 to 1818
Skipped Seq from 1818 to 1820
Skipped Seq from 1822 to 1824
Skipped Seq from 1826 to 1828
Skipped Seq from 1828 to 1830
Skipped Seq from 1831 to 1833
Skipped Seq from 1834 to 1836
Skipped Seq from 1836 to 1838
Skipped Seq from 1838 to 1840
Skipped Seq from 1842 to 1844
Skipped Seq from 1844 to 1846
Skipped Seq from 1846 to 1848
Skipped Seq from 1849 to 1851
Skipped Seq from 1855 to 1858
Skipped Seq from 1861 to 1864
Skipped Seq from 1865 to 1868
Skipped Seq from 1868 to 1870
Skipped Seq from 1872 to 1876
Skipped Seq from 1878 to 1880
Skipped Seq from 1881 to 1883
Skipped Seq from 1883 to 1885
Skipped Seq from 1886 to 1889
Skipped Seq from 1889 to 1891
Skipped Seq from 1891 to 1894
Skipped Seq from 1898 to 1900
Skipped Seq from 1900 to 1902
Skipped Seq from 1910 to 1912
Skipped Seq from 1912 to 1916
Skipped Seq from 1916 to 1918
Skipped Seq from 1919 to 1922
Skipped Seq from 1922 to 1926
Skipped Seq from 1926 to 1929
Skipped Seq from 1931 to 1934
Skipped Seq from 1937 to 1940
Skipped Seq from 1940 to 1942
Skipped Seq from 1942 to 1944
Skipped Seq from 1945 to 1948
Skipped Seq from 1948 to 1950
Skipped Seq from 1950 to 1952
Skipped Seq from 1953 to 1955
Skipped Seq from 1957 to 1961
Skipped Seq from 1963 to 1965
Skipped Seq from 1965 to 1972
Skipped Seq from 1974 to 1976
Skipped Seq from 1976 to 1978
Skipped Seq from 1979 to 1981
Skipped Seq from 1982 to 1984
Skipped Seq from 1990 to 1993
Skipped Seq from 1995 to 1997
Skipped Seq from 1999 to 2001
Skipped Seq from 2001 to 2005
Skipped Seq from 2017 to 2019
Skipped Seq from 2021 to 2024
Skipped Seq from 2024 to 2026
Skipped Seq from 2026 to 2028
Skipped Seq from 2029 to 2031
Skipped Seq from 2037 to 2039
Skipped Seq from 2042 to 2045
Skipped Seq from 2048 to 2050
Skipped Seq from 2069 to 2071
Skipped Seq from 2076 to 2078
Skipped Seq from 2081 to 2083
Skipped Seq from 2085 to 2087
Skipped Seq from 2091 to 2093
Skipped Seq from 2104 to 2109
Skipped Seq from 2111 to 2114
Skipped Seq from 2114 to 2117
Skipped Seq from 2117 to 2119
Skipped Seq from 2119 to 2122
Skipped Seq from 2122 to 2124
Skipped Seq from 2125 to 2127
Skipped Seq from 2127 to 2131
Skipped Seq from 2131 to 2136
Skipped Seq from 2136 to 2138
Skipped Seq from 2138 to 2142
Skipped Seq from 2142 to 2144
Skipped Seq from 2144 to 2147
Skipped Seq from 2147 to 2149
Skipped Seq from 2150 to 2152
Skipped Seq from 2156 to 2160
Skipped Seq from 2163 to 2169
Skipped Seq from 2177 to 2179
Skipped Seq from 2191 to 2193
Skipped Seq from 2194 to 2196
Skipped Seq from 2218 to 2220
Skipped Seq from 2231 to 2233
Skipped Seq from 2238 to 2240
Skipped Seq from 2251 to 2253
Skipped Seq from 2263 to 2266
Skipped Seq from 2277 to 2279
Skipped Seq from 2287 to 2289
Skipped Seq from 2292 to 2294
Skipped Seq from 2298 to 2300
Skipped Seq from 2300 to 2302
Skipped Seq from 2306 to 2308
Skipped Seq from 2309 to 2311
Skipped Seq from 2313 to 2315
Skipped Seq from 2318 to 2320
Skipped Seq from 2320 to 2322
Skipped Seq from 2322 to 2324
Skipped Seq from 2324 to 2329
Skipped Seq from 2329 to 2331
Skipped Seq from 2331 to 2333
Skipped Seq from 2334 to 2336
Skipped Seq from 2336 to 2338
Skipped Seq from 2338 to 2340
Skipped Seq from 2343 to 2346
Skipped Seq from 2346 to 2349
Skipped Seq from 2349 to 2352
Skipped Seq from 2352 to 2355
Skipped Seq from 2355 to 2357
Skipped Seq from 2359 to 2361
Skipped Seq from 2361 to 2368
Skipped Seq from 2377 to 2379
Skipped Seq from 2380 to 2385
Skipped Seq from 2386 to 2388
Skipped Seq from 2394 to 2396
Skipped Seq from 2396 to 2398
Skipped Seq from 2400 to 2402
Skipped Seq from 2404 to 2406
Skipped Seq from 2409 to 2413
Skipped Seq from 2414 to 2416
Skipped Seq from 2419 to 2423
Skipped Seq from 2423 to 2426
Skipped Seq from 2428 to 2430
Skipped Seq from 2432 to 2434
Skipped Seq from 2436 to 2439
Skipped Seq from 2444 to 2446
Skipped Seq from 2447 to 2449
Skipped Seq from 2454 to 2456
Skipped Seq from 2457 to 2459
Skipped Seq from 2460 to 2462
Skipped Seq from 2465 to 2467
Skipped Seq from 2468 to 2470
Skipped Seq from 2470 to 2472
Skipped Seq from 2472 to 2474
Skipped Seq from 2474 to 2477
Skipped Seq from 2486 to 2489
Skipped Seq from 2491 to 2494
Skipped Seq from 2496 to 2501
Skipped Seq from 2501 to 2504
Skipped Seq from 2507 to 2510
Skipped Seq from 2513 to 2515
Skipped Seq from 2515 to 2517
Skipped Seq from 2517 to 2520
Skipped Seq from 2523 to 2526
Skipped Seq from 2526 to 2528
Skipped Seq from 2528 to 2531
Skipped Seq from 2532 to 2534
Skipped Seq from 2534 to 2536
Skipped Seq from 2536 to 2538
Skipped Seq from 2538 to 2541
Skipped Seq from 2542 to 2545
Skipped Seq from 2546 to 2549
Skipped Seq from 2550 to 2554
Skipped Seq from 2554 to 2556
Skipped Seq from 2557 to 2561
Skipped Seq from 2561 to 2563
Skipped Seq from 2563 to 2565
Skipped Seq from 2565 to 2567
Skipped Seq from 2569 to 2571
Skipped Seq from 2575 to 2578
Skipped Seq from 2579 to 2581
Skipped Seq from 2581 to 2584
Skipped Seq from 2584 to 2588
Skipped Seq from 2588 to 2590
Skipped Seq from 2599 to 2601
Skipped Seq from 2604 to 2606
Skipped Seq from 2606 to 2609
Skipped Seq from 2615 to 2617
Skipped Seq from 2617 to 2619
Skipped Seq from 2620 to 2623
Skipped Seq from 2623 to 2625
Skipped Seq from 2625 to 2627
Skipped Seq from 2627 to 2629
Skipped Seq from 2629 to 2631
Skipped Seq from 2632 to 2634
Skipped Seq from 2637 to 2639
Skipped Seq from 2640 to 2642
Skipped Seq from 2643 to 2648
Skipped Seq from 2649 to 2651
Skipped Seq from 2652 to 2654
Skipped Seq from 2655 to 2659
Skipped Seq from 2661 to 2663
Skipped Seq from 2664 to 2669
Skipped Seq from 2679 to 2682
Skipped Seq from 2682 to 2684
Skipped Seq from 2685 to 2687
Skipped Seq from 2688 to 2690
Skipped Seq from 2691 to 2693
Skipped Seq from 2694 to 2696
Skipped Seq from 2697 to 2700
Skipped Seq from 2702 to 2707
Skipped Seq from 2707 to 2709
Skipped Seq from 2709 to 2711
Skipped Seq from 2711 to 2713
Skipped Seq from 2713 to 2716
Skipped Seq from 2716 to 2718
Skipped Seq from 2719 to 2725
Skipped Seq from 2725 to 2727
Skipped Seq from 2728 to 2732
Skipped Seq from 2732 to 2735
Skipped Seq from 2738 to 2740
Skipped Seq from 2740 to 2742
Skipped Seq from 2743 to 2745
Skipped Seq from 2746 to 2749
Skipped Seq from 2765 to 2767
Skipped Seq from 2769 to 2773
Skipped Seq from 2773 to 2775
Skipped Seq from 2775 to 2779
Skipped Seq from 2779 to 2781
Skipped Seq from 2790 to 2792
Skipped Seq from 2793 to 2795
Skipped Seq from 2795 to 2797
Skipped Seq from 2797 to 2800
Skipped Seq from 2810 to 2814
Skipped Seq from 2820 to 2822
Skipped Seq from 2824 to 2826
Skipped Seq from 2826 to 2829
Skipped Seq from 2829 to 2831
Skipped Seq from 2834 to 2837
Skipped Seq from 2838 to 2841
Skipped Seq from 2848 to 2850
Skipped Seq from 2851 to 2853
Skipped Seq from 2856 to 2858
Skipped Seq from 2861 to 2864
Skipped Seq from 2869 to 2871
Skipped Seq from 2872 to 2876
Skipped Seq from 2880 to 2882
Skipped Seq from 2888 to 2890
Skipped Seq from 2890 to 2893
Skipped Seq from 2894 to 2898
Skipped Seq from 2898 to 2902
Skipped Seq from 2903 to 2905
Skipped Seq from 2910 to 2912
Skipped Seq from 2920 to 2922
Skipped Seq from 2922 to 2927
Skipped Seq from 2927 to 2929
Skipped Seq from 2934 to 2936
Skipped Seq from 2936 to 2939
Skipped Seq from 2940 to 2943
Skipped Seq from 2944 to 2946
Skipped Seq from 2949 to 2951
Skipped Seq from 2970 to 2972
Skipped Seq from 2974 to 2977
Skipped Seq from 2980 to 2982
Skipped Seq from 2991 to 2993
Skipped Seq from 2994 to 2996
Skipped Seq from 3002 to 3006
Skipped Seq from 3022 to 3030
Skipped Seq from 3031 to 3033
Skipped Seq from 3034 to 3037
Skipped Seq from 3038 to 3049
Skipped Seq from 3049 to 3051
Skipped Seq from 3062 to 3064
Skipped Seq from 3069 to 3071
Skipped Seq from 3076 to 3078
Skipped Seq from 3088 to 3094
Skipped Seq from 3097 to 3099
Skipped Seq from 3102 to 3109
Skipped Seq from 3117 to 3119
Skipped Seq from 4526 to 4547
Skipped Seq from 4554 to 4576
Number of times throttled: 5
Received: 4002 / 4690 packets
Start time: 1332837616.865572
End time: 1332837629.981785
Duration: 13.116213
