Starting client at 10.0.0.24:1236 with timeout:10
My IP address is 10.0.0.24Skipped Seq from 849 to 853
Skipped Seq from 855 to 858
Skipped Seq from 860 to 863
Skipped Seq from 865 to 868
Skipped Seq from 869 to 873
Skipped Seq from 880 to 882
Skipped Seq from 882 to 884
Skipped Seq from 884 to 887
Skipped Seq from 893 to 895
Skipped Seq from 906 to 908
Skipped Seq from 909 to 911
Skipped Seq from 912 to 915
Skipped Seq from 915 to 917
Skipped Seq from 919 to 922
Skipped Seq from 922 to 924
Skipped Seq from 924 to 926
Skipped Seq from 927 to 931
Skipped Seq from 933 to 937
Skipped Seq from 937 to 943
Skipped Seq from 949 to 954
Skipped Seq from 956 to 959
Skipped Seq from 959 to 964
Skipped Seq from 964 to 968
Skipped Seq from 968 to 970
Skipped Seq from 973 to 975
Skipped Seq from 976 to 979
Skipped Seq from 980 to 983
Skipped Seq from 984 to 989
Skipped Seq from 992 to 995
Skipped Seq from 995 to 999
Skipped Seq from 1001 to 1004
Skipped Seq from 1006 to 1008
Skipped Seq from 1008 to 1015
Skipped Seq from 1019 to 1025
Skipped Seq from 1035 to 1037
Skipped Seq from 1037 to 1044
Skipped Seq from 1044 to 1046
Skipped Seq from 1047 to 1049
Skipped Seq from 1049 to 1051
Skipped Seq from 1054 to 1056
Skipped Seq from 1059 to 1062
Skipped Seq from 1062 to 1064
Skipped Seq from 1064 to 1067
Skipped Seq from 1070 to 1072
Skipped Seq from 1072 to 1074
Skipped Seq from 1075 to 1077
Skipped Seq from 1092 to 1098
Skipped Seq from 1098 to 1104
Skipped Seq from 1104 to 1108
Skipped Seq from 1108 to 1110
Skipped Seq from 1110 to 1113
Skipped Seq from 1114 to 1119
Skipped Seq from 1119 to 1121
Skipped Seq from 1123 to 1128
Skipped Seq from 1128 to 1131
Skipped Seq from 1131 to 1133
Skipped Seq from 1133 to 1137
Skipped Seq from 1139 to 1142
Skipped Seq from 1145 to 1147
Skipped Seq from 1149 to 1151
Skipped Seq from 1151 to 1153
Skipped Seq from 1153 to 1155
Skipped Seq from 1155 to 1160
Skipped Seq from 1163 to 1165
Skipped Seq from 1166 to 1168
Skipped Seq from 1170 to 1172
Skipped Seq from 1172 to 1175
Skipped Seq from 1176 to 1178
Skipped Seq from 1179 to 1182
Skipped Seq from 1188 to 1190
Skipped Seq from 1191 to 1195
Skipped Seq from 1197 to 1199
Skipped Seq from 1203 to 1205
Skipped Seq from 1205 to 1207
Skipped Seq from 1209 to 1211
Skipped Seq from 1215 to 1217
Skipped Seq from 1217 to 1219
Skipped Seq from 1221 to 1225
Skipped Seq from 1227 to 1230
Skipped Seq from 1233 to 1236
Skipped Seq from 1238 to 1242
Skipped Seq from 1244 to 1248
Skipped Seq from 1250 to 1252
Skipped Seq from 1257 to 1260
Skipped Seq from 1270 to 1277
Skipped Seq from 1311 to 1314
Skipped Seq from 1315 to 1317
Skipped Seq from 1317 to 1320
Skipped Seq from 1327 to 1329
Skipped Seq from 1329 to 1331
Skipped Seq from 1332 to 1335
Skipped Seq from 1335 to 1339
Skipped Seq from 1339 to 1341
Skipped Seq from 1343 to 1346
Skipped Seq from 1346 to 1349
Skipped Seq from 1349 to 1351
Skipped Seq from 1352 to 1356
Skipped Seq from 1356 to 1360
Skipped Seq from 1360 to 1362
Skipped Seq from 1362 to 1365
Skipped Seq from 1365 to 1367
Skipped Seq from 1367 to 1369
Skipped Seq from 1369 to 1373
Skipped Seq from 1373 to 1376
Skipped Seq from 1379 to 1381
Skipped Seq from 1382 to 1386
Skipped Seq from 1388 to 1392
Skipped Seq from 1401 to 1403
Skipped Seq from 1407 to 1409
Skipped Seq from 1412 to 1418
Skipped Seq from 1418 to 1420
Skipped Seq from 1420 to 1425
Skipped Seq from 1425 to 1429
Skipped Seq from 1430 to 1434
Skipped Seq from 1434 to 1436
Skipped Seq from 1436 to 1439
Skipped Seq from 1440 to 1442
Skipped Seq from 1442 to 1444
Skipped Seq from 1445 to 1452
Skipped Seq from 1452 to 1454
Skipped Seq from 1454 to 1458
Skipped Seq from 1459 to 1461
Skipped Seq from 1464 to 1468
Skipped Seq from 1469 to 1479
Skipped Seq from 1479 to 1489
Skipped Seq from 1489 to 1492
Skipped Seq from 1495 to 1498
Skipped Seq from 1498 to 1501
Skipped Seq from 1501 to 1504
Skipped Seq from 1504 to 1506
Skipped Seq from 1507 to 1509
Skipped Seq from 1509 to 1512
Skipped Seq from 1512 to 1518
Skipped Seq from 1518 to 1521
Skipped Seq from 1529 to 1531
Skipped Seq from 1532 to 1534
Skipped Seq from 1536 to 1539
Skipped Seq from 1544 to 1546
Skipped Seq from 1546 to 1549
Skipped Seq from 1552 to 1556
Skipped Seq from 1557 to 1559
Skipped Seq from 1559 to 1561
Skipped Seq from 1561 to 1565
Skipped Seq from 1569 to 1574
Skipped Seq from 1578 to 1581
Skipped Seq from 1581 to 1583
Skipped Seq from 1584 to 1587
Skipped Seq from 1589 to 1592
Skipped Seq from 1594 to 1596
Skipped Seq from 1596 to 1598
Skipped Seq from 1598 to 1600
Skipped Seq from 1602 to 1604
Skipped Seq from 1604 to 1609
Skipped Seq from 1611 to 1614
Skipped Seq from 1616 to 1620
Skipped Seq from 1622 to 1624
Skipped Seq from 1629 to 1631
Skipped Seq from 1631 to 1638
Skipped Seq from 1639 to 1641
Skipped Seq from 1641 to 1643
Skipped Seq from 1651 to 1653
Skipped Seq from 1655 to 1657
Skipped Seq from 1658 to 1661
Skipped Seq from 1661 to 1663
Skipped Seq from 1663 to 1665
Skipped Seq from 1665 to 1668
Skipped Seq from 1668 to 1671
Skipped Seq from 1671 to 1676
Skipped Seq from 1676 to 1678
Skipped Seq from 1678 to 1680
Skipped Seq from 1680 to 1682
Skipped Seq from 1682 to 1684
Skipped Seq from 1688 to 1690
Skipped Seq from 1690 to 1694
Skipped Seq from 1695 to 1698
Skipped Seq from 1699 to 1702
Skipped Seq from 1702 to 1707
Skipped Seq from 1707 to 1709
Skipped Seq from 1710 to 1712
Skipped Seq from 1712 to 1714
Skipped Seq from 1715 to 1717
Skipped Seq from 1718 to 1720
Skipped Seq from 1720 to 1723
Skipped Seq from 1724 to 1726
Skipped Seq from 1726 to 1728
Skipped Seq from 1728 to 1730
Skipped Seq from 1730 to 1732
Skipped Seq from 1732 to 1736
Skipped Seq from 1736 to 1743
Skipped Seq from 1743 to 1745
Skipped Seq from 1746 to 1749
Skipped Seq from 1749 to 1751
Skipped Seq from 1751 to 1754
Skipped Seq from 1754 to 1756
Skipped Seq from 1757 to 1759
Skipped Seq from 1759 to 1762
Skipped Seq from 1762 to 1764
Skipped Seq from 1764 to 1769
Skipped Seq from 1771 to 1773
Skipped Seq from 1773 to 1775
Skipped Seq from 1776 to 1784
Skipped Seq from 1787 to 1789
Skipped Seq from 1792 to 1799
Skipped Seq from 1799 to 1802
Skipped Seq from 1803 to 1805
Skipped Seq from 1805 to 1807
Skipped Seq from 1807 to 1810
Skipped Seq from 1811 to 1813
Skipped Seq from 1816 to 1819
Skipped Seq from 1820 to 1824
Skipped Seq from 1825 to 1827
Skipped Seq from 1827 to 1829
Skipped Seq from 1829 to 1831
Skipped Seq from 1831 to 1833
Skipped Seq from 1833 to 1835
Skipped Seq from 1835 to 1837
Skipped Seq from 1838 to 1841
Skipped Seq from 1841 to 1845
Skipped Seq from 1845 to 1848
Skipped Seq from 1848 to 1850
Skipped Seq from 1851 to 1853
Skipped Seq from 1853 to 1856
Skipped Seq from 1858 to 1861
Skipped Seq from 1863 to 1865
Skipped Seq from 1865 to 1867
Skipped Seq from 1867 to 1872
Skipped Seq from 1873 to 1875
Skipped Seq from 1880 to 1882
Skipped Seq from 1882 to 1884
Skipped Seq from 1885 to 1888
Skipped Seq from 1888 to 1890
Skipped Seq from 1892 to 1894
Skipped Seq from 1895 to 1902
Skipped Seq from 1906 to 1913
Skipped Seq from 1913 to 1915
Skipped Seq from 1916 to 1918
Skipped Seq from 1923 to 1926
Skipped Seq from 1927 to 1931
Skipped Seq from 1933 to 1936
Skipped Seq from 1937 to 1944
Skipped Seq from 1944 to 1946
Skipped Seq from 1947 to 1950
Skipped Seq from 1950 to 1953
Skipped Seq from 1962 to 1965
Skipped Seq from 1984 to 1990
Skipped Seq from 1991 to 1996
Skipped Seq from 1996 to 1998
Skipped Seq from 1998 to 2000
Skipped Seq from 2000 to 2003
Skipped Seq from 2004 to 2006
Skipped Seq from 2007 to 2011
Skipped Seq from 2011 to 2017
Skipped Seq from 2018 to 2020
Skipped Seq from 2021 to 2025
Skipped Seq from 2025 to 2027
Skipped Seq from 2028 to 2032
Skipped Seq from 2033 to 2036
Skipped Seq from 2037 to 2039
Skipped Seq from 2044 to 2047
Skipped Seq from 2048 to 2051
Skipped Seq from 2051 to 2053
Skipped Seq from 2053 to 2056
Skipped Seq from 2056 to 2058
Skipped Seq from 2058 to 2061
Skipped Seq from 2062 to 2067
Skipped Seq from 2069 to 2071
Skipped Seq from 2071 to 2073
Skipped Seq from 2073 to 2075
Skipped Seq from 2076 to 2079
Skipped Seq from 2079 to 2083
Skipped Seq from 2084 to 2087
Skipped Seq from 2088 to 2091
Skipped Seq from 2104 to 2107
Skipped Seq from 2107 to 2110
Skipped Seq from 2112 to 2117
Skipped Seq from 2117 to 2119
Skipped Seq from 2119 to 2121
Skipped Seq from 2122 to 2125
Skipped Seq from 2127 to 2130
Skipped Seq from 2132 to 2134
Skipped Seq from 2134 to 2144
Skipped Seq from 2144 to 2147
Skipped Seq from 2147 to 2149
Skipped Seq from 2151 to 2154
Skipped Seq from 2160 to 2162
Skipped Seq from 2162 to 2165
Skipped Seq from 2165 to 2167
Skipped Seq from 2168 to 2171
Skipped Seq from 2182 to 2186
Skipped Seq from 2187 to 2189
Skipped Seq from 2191 to 2194
Skipped Seq from 2199 to 2201
Skipped Seq from 2202 to 2204
Skipped Seq from 2214 to 2217
Skipped Seq from 2225 to 2227
Skipped Seq from 2227 to 2232
Skipped Seq from 2234 to 2237
Skipped Seq from 2240 to 2243
Skipped Seq from 2243 to 2245
Skipped Seq from 2246 to 2249
Skipped Seq from 2249 to 2251
Skipped Seq from 2253 to 2257
Skipped Seq from 2257 to 2260
Skipped Seq from 2264 to 2266
Skipped Seq from 2266 to 2270
Skipped Seq from 2270 to 2273
Skipped Seq from 2275 to 2277
Skipped Seq from 2277 to 2282
Skipped Seq from 2284 to 2286
Skipped Seq from 2289 to 2291
Skipped Seq from 2291 to 2294
Skipped Seq from 2296 to 2298
Skipped Seq from 2298 to 2301
Skipped Seq from 2306 to 2309
Skipped Seq from 2309 to 2311
Skipped Seq from 2311 to 2315
Skipped Seq from 2315 to 2318
Skipped Seq from 2324 to 2327
Skipped Seq from 2328 to 2331
Skipped Seq from 2337 to 2339
Skipped Seq from 2342 to 2346
Skipped Seq from 2346 to 2350
Skipped Seq from 2364 to 2368
Skipped Seq from 2369 to 2372
Skipped Seq from 2374 to 2380
Skipped Seq from 2382 to 2385
Skipped Seq from 2391 to 2393
Skipped Seq from 2393 to 2395
Skipped Seq from 2396 to 2398
Skipped Seq from 2399 to 2403
Skipped Seq from 2408 to 2410
Skipped Seq from 2416 to 2418
Skipped Seq from 2423 to 2425
Skipped Seq from 2439 to 2441
Skipped Seq from 2451 to 2454
Skipped Seq from 2473 to 2475
Skipped Seq from 2496 to 2498
Skipped Seq from 2499 to 2501
Skipped Seq from 5258 to 5261
Skipped Seq from 5263 to 5269
Skipped Seq from 5270 to 5275
Skipped Seq from 5277 to 5279
Skipped Seq from 5279 to 5281
Skipped Seq from 5283 to 5286
Skipped Seq from 5288 to 5290
Skipped Seq from 5290 to 5293
Skipped Seq from 5297 to 5301
Skipped Seq from 5306 to 5308
Skipped Seq from 5308 to 5310
Skipped Seq from 5316 to 5318
Skipped Seq from 5319 to 5321
Skipped Seq from 5325 to 5327
Skipped Seq from 5327 to 5329
Skipped Seq from 5331 to 5335
Skipped Seq from 5335 to 5341
Skipped Seq from 5345 to 5347
Skipped Seq from 5347 to 5350
Skipped Seq from 5351 to 5354
Skipped Seq from 5354 to 5356
Skipped Seq from 5357 to 5360
Skipped Seq from 5361 to 5365
Skipped Seq from 5366 to 5369
Skipped Seq from 5370 to 5372
Skipped Seq from 5381 to 5387
Skipped Seq from 5388 to 5392
Skipped Seq from 5393 to 5397
Skipped Seq from 5397 to 5405
Skipped Seq from 5409 to 5411
Skipped Seq from 5411 to 5418
Skipped Seq from 5418 to 5420
Skipped Seq from 5421 to 5427
Skipped Seq from 5427 to 5430
Skipped Seq from 5432 to 5438
Skipped Seq from 5443 to 5448
Skipped Seq from 5454 to 5458
Skipped Seq from 5471 to 5486
Skipped Seq from 5488 to 5492
Skipped Seq from 5501 to 5508
Skipped Seq from 5511 to 5515
Skipped Seq from 5516 to 5519
Skipped Seq from 5519 to 5522
Skipped Seq from 5523 to 5525
Skipped Seq from 5526 to 5528
Skipped Seq from 5528 to 5531
Skipped Seq from 5531 to 5534
Skipped Seq from 5534 to 5537
Skipped Seq from 5540 to 5543
Skipped Seq from 5543 to 5551
Skipped Seq from 5552 to 5554
Skipped Seq from 5554 to 5562
Skipped Seq from 5562 to 5567
Skipped Seq from 5569 to 5572
Skipped Seq from 5574 to 5576
Skipped Seq from 5579 to 5582
Skipped Seq from 5583 to 5585
Skipped Seq from 5585 to 5590
Skipped Seq from 5591 to 5593
Skipped Seq from 5600 to 5603
Skipped Seq from 5610 to 5616
Skipped Seq from 5616 to 5620
Skipped Seq from 5621 to 5623
Skipped Seq from 5623 to 5625
Skipped Seq from 5631 to 5636
Skipped Seq from 5641 to 5644
Skipped Seq from 5645 to 5647
Skipped Seq from 5648 to 5656
Skipped Seq from 5656 to 5658
Skipped Seq from 5660 to 5662
Skipped Seq from 5662 to 5667
Skipped Seq from 5668 to 5671
Skipped Seq from 5671 to 5674
Skipped Seq from 5674 to 5676
Skipped Seq from 5680 to 5684
Skipped Seq from 5690 to 5695
Skipped Seq from 5695 to 5697
Skipped Seq from 5697 to 5700
Skipped Seq from 5700 to 5708
Skipped Seq from 5710 to 5714
Skipped Seq from 5717 to 5720
Skipped Seq from 5720 to 5725
Skipped Seq from 5728 to 5730
Skipped Seq from 5730 to 5737
Skipped Seq from 5738 to 5740
Skipped Seq from 5741 to 5745
Skipped Seq from 5748 to 5752
Skipped Seq from 5752 to 5755
Skipped Seq from 5761 to 5763
Skipped Seq from 5763 to 5765
Skipped Seq from 5765 to 5768
Skipped Seq from 5768 to 5770
Skipped Seq from 5772 to 5774
Skipped Seq from 5775 to 5777
Skipped Seq from 5779 to 5781
Skipped Seq from 5781 to 5783
Skipped Seq from 5785 to 5788
Skipped Seq from 5788 to 5793
Skipped Seq from 5794 to 5797
Skipped Seq from 5797 to 5804
Skipped Seq from 5807 to 5815
Skipped Seq from 5815 to 5821
Skipped Seq from 5826 to 5828
Skipped Seq from 5828 to 5830
Skipped Seq from 5830 to 5833
Skipped Seq from 5836 to 5838
Skipped Seq from 5842 to 5844
Skipped Seq from 5845 to 5847
Skipped Seq from 5854 to 5856
Skipped Seq from 5857 to 5859
Skipped Seq from 5862 to 5866
Skipped Seq from 5868 to 5870
Skipped Seq from 5874 to 5880
Skipped Seq from 5882 to 5885
Skipped Seq from 5889 to 5892
Skipped Seq from 5892 to 5894
Skipped Seq from 5898 to 5901
Skipped Seq from 5901 to 5905
Skipped Seq from 5905 to 5907
Skipped Seq from 5907 to 5910
Skipped Seq from 5910 to 5912
Skipped Seq from 5914 to 5917
Skipped Seq from 5920 to 5924
Skipped Seq from 5924 to 5926
Skipped Seq from 5926 to 5935
Skipped Seq from 5935 to 5938
Skipped Seq from 5941 to 5943
Skipped Seq from 5943 to 5946
Skipped Seq from 5948 to 5952
Skipped Seq from 5956 to 5961
Skipped Seq from 5962 to 5965
Skipped Seq from 5966 to 5974
Skipped Seq from 5975 to 5979
Skipped Seq from 5981 to 5983
Skipped Seq from 5984 to 5986
Skipped Seq from 5986 to 5991
Skipped Seq from 5994 to 5997
Skipped Seq from 5997 to 5999
Skipped Seq from 5999 to 6001
Skipped Seq from 6004 to 6008
Skipped Seq from 6011 to 6018
Skipped Seq from 6018 to 6020
Skipped Seq from 6020 to 6022
Skipped Seq from 6027 to 6030
Skipped Seq from 6030 to 6032
Skipped Seq from 6033 to 6038
Skipped Seq from 6039 to 6041
Skipped Seq from 6041 to 6043
Skipped Seq from 6043 to 6049
Skipped Seq from 6049 to 6052
Skipped Seq from 6052 to 6055
Skipped Seq from 6055 to 6058
Skipped Seq from 6059 to 6062
Skipped Seq from 6067 to 6071
Skipped Seq from 6073 to 6075
Skipped Seq from 6075 to 6078
Skipped Seq from 6078 to 6080
Skipped Seq from 6080 to 6082
Skipped Seq from 6084 to 6089
Skipped Seq from 6089 to 6091
Skipped Seq from 6091 to 6099
Skipped Seq from 6099 to 6107
Skipped Seq from 6109 to 6116
Skipped Seq from 6118 to 6123
Skipped Seq from 6124 to 6127
Skipped Seq from 6133 to 6135
Skipped Seq from 6136 to 6143
Skipped Seq from 6146 to 6163
Skipped Seq from 6163 to 6170
Skipped Seq from 6170 to 6172
Skipped Seq from 6182 to 6194
Skipped Seq from 6194 to 6206
Skipped Seq from 6207 to 6215
Skipped Seq from 6215 to 6221
Skipped Seq from 6222 to 6226
Skipped Seq from 6226 to 6232
Skipped Seq from 6233 to 6238
Skipped Seq from 6239 to 6241
Skipped Seq from 6241 to 6246
Skipped Seq from 6248 to 6255
Skipped Seq from 6255 to 6257
Skipped Seq from 6259 to 6268
Skipped Seq from 6270 to 6274
Skipped Seq from 6275 to 6277
Skipped Seq from 6277 to 6279
Skipped Seq from 6279 to 6289
Skipped Seq from 6291 to 6293
Skipped Seq from 6295 to 6297
Skipped Seq from 6299 to 6301
Skipped Seq from 6304 to 6308
Skipped Seq from 6308 to 6311
Skipped Seq from 6311 to 6316
Skipped Seq from 6317 to 6321
Skipped Seq from 6324 to 6326
Skipped Seq from 6326 to 6328
Skipped Seq from 6328 to 6331
Skipped Seq from 6335 to 6340
Skipped Seq from 6340 to 6346
Skipped Seq from 6351 to 6353
Skipped Seq from 6354 to 6356
Skipped Seq from 6356 to 6358
Skipped Seq from 6359 to 6362
Skipped Seq from 6364 to 6367
Skipped Seq from 6371 to 6373
Skipped Seq from 6384 to 6387
Skipped Seq from 6394 to 6397
Skipped Seq from 6403 to 6407
Skipped Seq from 6408 to 6413
Skipped Seq from 6414 to 6417
Skipped Seq from 6418 to 6423
Skipped Seq from 6427 to 6431
Skipped Seq from 6432 to 6434
Skipped Seq from 6438 to 6441
Skipped Seq from 6443 to 6448
Skipped Seq from 6451 to 6455
Skipped Seq from 6456 to 6459
Skipped Seq from 6472 to 6475
Skipped Seq from 6477 to 6479
Skipped Seq from 6479 to 6482
Skipped Seq from 6483 to 6487
Skipped Seq from 6501 to 6504
Skipped Seq from 6505 to 6507
Skipped Seq from 6513 to 6515
Skipped Seq from 6522 to 6525
Skipped Seq from 6527 to 6529
Skipped Seq from 6533 to 6536
Skipped Seq from 6536 to 6539
Skipped Seq from 6544 to 6550
Skipped Seq from 6550 to 6552
Skipped Seq from 6552 to 6554
Skipped Seq from 6580 to 6583
Skipped Seq from 7828 to 7834
Skipped Seq from 7834 to 7839
Skipped Seq from 7839 to 7841
Skipped Seq from 7841 to 7843
Skipped Seq from 7850 to 7856
Skipped Seq from 7858 to 7867
Skipped Seq from 7872 to 7877
Skipped Seq from 7879 to 7881
Skipped Seq from 7890 to 7892
Skipped Seq from 7894 to 7897
Skipped Seq from 7897 to 7900
Skipped Seq from 7901 to 7905
Skipped Seq from 7907 to 7909
Skipped Seq from 7909 to 7912
Skipped Seq from 7913 to 7917
Skipped Seq from 7925 to 7929
Skipped Seq from 7935 to 7939
Skipped Seq from 7942 to 7947
Skipped Seq from 7949 to 7952
Skipped Seq from 7954 to 7956
Skipped Seq from 7956 to 7958
Skipped Seq from 7959 to 7961
Skipped Seq from 7962 to 7964
Skipped Seq from 7964 to 7968
Skipped Seq from 7971 to 7974
Skipped Seq from 7974 to 7978
Skipped Seq from 7981 to 7983
Skipped Seq from 7987 to 7991
Skipped Seq from 7992 to 7997
Skipped Seq from 8003 to 8005
Skipped Seq from 8006 to 8008
Skipped Seq from 8009 to 8011
Skipped Seq from 8011 to 8014
Skipped Seq from 8014 to 8020
Skipped Seq from 8022 to 8024
Skipped Seq from 8024 to 8026
Skipped Seq from 8028 to 8036
Skipped Seq from 8036 to 8039
Skipped Seq from 8041 to 8043
Skipped Seq from 8043 to 8045
Skipped Seq from 8046 to 8048
Skipped Seq from 8054 to 8057
Skipped Seq from 8058 to 8062
Skipped Seq from 8062 to 8068
Skipped Seq from 8073 to 8076
Skipped Seq from 8079 to 8081
Skipped Seq from 8083 to 8085
Skipped Seq from 8087 to 8091
Skipped Seq from 8092 to 8096
Skipped Seq from 8096 to 8099
Skipped Seq from 8099 to 8104
Skipped Seq from 8105 to 8107
Skipped Seq from 8108 to 8111
Skipped Seq from 8111 to 8117
Skipped Seq from 8117 to 8122
Skipped Seq from 8122 to 8125
Skipped Seq from 8134 to 8139
Skipped Seq from 8140 to 8143
Skipped Seq from 8143 to 8145
Skipped Seq from 8145 to 8147
Skipped Seq from 8148 to 8152
Skipped Seq from 8153 to 8155
Skipped Seq from 8165 to 8167
Skipped Seq from 8167 to 8170
Skipped Seq from 8174 to 8177
Skipped Seq from 8177 to 8179
Skipped Seq from 8180 to 8182
Skipped Seq from 8187 to 8190
Skipped Seq from 8199 to 8203
Skipped Seq from 8204 to 8206
Skipped Seq from 8210 to 8213
Skipped Seq from 8215 to 8217
Skipped Seq from 8218 to 8221
Skipped Seq from 8221 to 8224
Skipped Seq from 8225 to 8241
Skipped Seq from 8241 to 8245
Skipped Seq from 8246 to 8249
Skipped Seq from 8249 to 8252
Skipped Seq from 8252 to 8254
Skipped Seq from 8256 to 8260
Skipped Seq from 8262 to 8264
Skipped Seq from 8278 to 8280
Skipped Seq from 8301 to 8307
Skipped Seq from 8310 to 8323
Skipped Seq from 8323 to 8331
Skipped Seq from 8332 to 8334
Skipped Seq from 8334 to 8336
Skipped Seq from 8336 to 8339
Skipped Seq from 8340 to 8345
Skipped Seq from 8346 to 8350
Skipped Seq from 8351 to 8353
Skipped Seq from 8354 to 8358
Skipped Seq from 8361 to 8364
Skipped Seq from 8365 to 8367
Skipped Seq from 8368 to 8370
Skipped Seq from 8373 to 8380
Skipped Seq from 8381 to 8384
Skipped Seq from 8388 to 8390
Skipped Seq from 8392 to 8396
Skipped Seq from 8397 to 8399
Skipped Seq from 8400 to 8406
Skipped Seq from 8415 to 8418
Skipped Seq from 8420 to 8423
Skipped Seq from 8423 to 8425
Skipped Seq from 8427 to 8429
Skipped Seq from 8429 to 8433
Skipped Seq from 8433 to 8435
Skipped Seq from 8439 to 8443
Skipped Seq from 8449 to 8451
Skipped Seq from 8451 to 8453
Skipped Seq from 8456 to 8460
Skipped Seq from 8460 to 8467
Skipped Seq from 8470 to 8472
Skipped Seq from 8474 to 8477
Skipped Seq from 8477 to 8479
Skipped Seq from 8480 to 8486
Skipped Seq from 8486 to 8489
Skipped Seq from 8490 to 8493
Skipped Seq from 8494 to 8496
Skipped Seq from 8500 to 8504
Skipped Seq from 8504 to 8506
Skipped Seq from 8510 to 8515
Skipped Seq from 8515 to 8517
Skipped Seq from 8517 to 8524
Skipped Seq from 8529 to 8531
Skipped Seq from 8542 to 8544
Skipped Seq from 8544 to 8546
Skipped Seq from 8546 to 8548
Skipped Seq from 8548 to 8550
Skipped Seq from 8551 to 8553
Skipped Seq from 8553 to 8555
Skipped Seq from 8558 to 8564
Skipped Seq from 8564 to 8566
Skipped Seq from 8567 to 8570
Skipped Seq from 8570 to 8572
Skipped Seq from 8576 to 8579
Skipped Seq from 8581 to 8584
Skipped Seq from 8590 to 8592
Skipped Seq from 8595 to 8597
Skipped Seq from 8601 to 8604
Skipped Seq from 8611 to 8613
Skipped Seq from 8615 to 8619
Skipped Seq from 8619 to 8621
Skipped Seq from 8622 to 8624
Skipped Seq from 8633 to 8638
Skipped Seq from 8638 to 8642
Skipped Seq from 8644 to 8646
Skipped Seq from 8651 to 8653
Skipped Seq from 8653 to 8655
Skipped Seq from 8655 to 8658
Skipped Seq from 8658 to 8660
Skipped Seq from 8663 to 8667
Skipped Seq from 8667 to 8669
Skipped Seq from 8669 to 8671
Skipped Seq from 8672 to 8674
Skipped Seq from 8676 to 8685
Skipped Seq from 8694 to 8700
Skipped Seq from 8702 to 8705
Skipped Seq from 8706 to 8709
Skipped Seq from 8710 to 8712
Skipped Seq from 8716 to 8719
Skipped Seq from 8720 to 8724
Skipped Seq from 8738 to 8740
Skipped Seq from 8741 to 8745
Skipped Seq from 8747 to 8749
Skipped Seq from 8749 to 8752
Skipped Seq from 8752 to 8756
Skipped Seq from 8758 to 8760
Skipped Seq from 8765 to 8767
Skipped Seq from 8767 to 8769
Skipped Seq from 8778 to 8781
Skipped Seq from 8789 to 8791
Skipped Seq from 8793 to 8797
Skipped Seq from 8810 to 8813
Skipped Seq from 8813 to 8816
Skipped Seq from 8829 to 8831
Skipped Seq from 8832 to 8835
Skipped Seq from 8838 to 8840
Skipped Seq from 8868 to 8870
Skipped Seq from 8870 to 8872
Skipped Seq from 8872 to 8876
Skipped Seq from 8878 to 8881
Skipped Seq from 8903 to 8905
Skipped Seq from 8914 to 8916
Skipped Seq from 8919 to 8921
Skipped Seq from 8934 to 8937
Skipped Seq from 8941 to 8943
Skipped Seq from 8957 to 8959
Skipped Seq from 8963 to 8970
Skipped Seq from 8970 to 8973
Skipped Seq from 8982 to 8985
Skipped Seq from 8987 to 8989
Number of times throttled: 11
Received: 9914 / 11675 packets
Start time: 1332835224.478863
End time: 1332835257.339036
Duration: 32.860173
