Starting client at 10.0.0.11:1257 with timeout:10
My IP address is 10.0.0.11Skipped Seq from 596 to 600
Skipped Seq from 600 to 602
Skipped Seq from 602 to 604
Skipped Seq from 608 to 611
Skipped Seq from 613 to 615
Skipped Seq from 615 to 618
Skipped Seq from 618 to 620
Skipped Seq from 620 to 626
Skipped Seq from 628 to 630
Skipped Seq from 634 to 638
Skipped Seq from 638 to 642
Skipped Seq from 642 to 648
Skipped Seq from 648 to 651
Skipped Seq from 653 to 655
Skipped Seq from 660 to 662
Skipped Seq from 662 to 664
Skipped Seq from 673 to 678
Skipped Seq from 678 to 680
Skipped Seq from 680 to 683
Skipped Seq from 686 to 689
Skipped Seq from 690 to 692
Skipped Seq from 692 to 696
Skipped Seq from 696 to 699
Skipped Seq from 699 to 701
Skipped Seq from 701 to 703
Skipped Seq from 703 to 708
Skipped Seq from 708 to 712
Skipped Seq from 712 to 714
Skipped Seq from 714 to 716
Skipped Seq from 716 to 725
Skipped Seq from 725 to 727
Skipped Seq from 727 to 731
Skipped Seq from 732 to 734
Skipped Seq from 737 to 748
Skipped Seq from 752 to 760
Skipped Seq from 760 to 764
Skipped Seq from 764 to 777
Skipped Seq from 777 to 781
Skipped Seq from 781 to 784
Skipped Seq from 784 to 786
Skipped Seq from 788 to 792
Skipped Seq from 792 to 795
Skipped Seq from 798 to 803
Skipped Seq from 804 to 806
Skipped Seq from 806 to 809
Skipped Seq from 815 to 817
Skipped Seq from 818 to 823
Skipped Seq from 823 to 827
Skipped Seq from 827 to 830
Skipped Seq from 832 to 834
Skipped Seq from 834 to 841
Skipped Seq from 841 to 848
Skipped Seq from 848 to 854
Skipped Seq from 855 to 857
Skipped Seq from 857 to 862
Skipped Seq from 862 to 868
Skipped Seq from 868 to 873
Skipped Seq from 874 to 876
Skipped Seq from 882 to 886
Skipped Seq from 886 to 892
Skipped Seq from 892 to 900
Skipped Seq from 902 to 906
Skipped Seq from 906 to 908
Skipped Seq from 908 to 910
Skipped Seq from 912 to 914
Skipped Seq from 914 to 918
Skipped Seq from 918 to 921
Skipped Seq from 921 to 926
Skipped Seq from 928 to 935
Skipped Seq from 936 to 940
Skipped Seq from 942 to 944
Skipped Seq from 945 to 950
Skipped Seq from 951 to 953
Skipped Seq from 956 to 960
Skipped Seq from 960 to 967
Skipped Seq from 967 to 970
Skipped Seq from 970 to 974
Skipped Seq from 976 to 982
Skipped Seq from 982 to 988
Skipped Seq from 993 to 995
Skipped Seq from 996 to 998
Skipped Seq from 1001 to 1003
Skipped Seq from 1005 to 1009
Skipped Seq from 1009 to 1011
Skipped Seq from 1011 to 1013
Skipped Seq from 1013 to 1019
Skipped Seq from 1020 to 1022
Skipped Seq from 1028 to 1030
Skipped Seq from 1031 to 1036
Skipped Seq from 1036 to 1039
Skipped Seq from 1039 to 1041
Skipped Seq from 1042 to 1044
Skipped Seq from 1044 to 1049
Skipped Seq from 1049 to 1053
Skipped Seq from 1053 to 1055
Skipped Seq from 1055 to 1064
Skipped Seq from 1064 to 1066
Skipped Seq from 1066 to 1068
Skipped Seq from 1070 to 1074
Skipped Seq from 1076 to 1078
Skipped Seq from 1079 to 1085
Skipped Seq from 1085 to 1089
Skipped Seq from 1090 to 1092
Skipped Seq from 1094 to 1096
Skipped Seq from 1096 to 1101
Skipped Seq from 1103 to 1106
Skipped Seq from 1106 to 1108
Skipped Seq from 1111 to 1117
Skipped Seq from 1122 to 1125
Skipped Seq from 1125 to 1129
Skipped Seq from 1129 to 1146
Skipped Seq from 1147 to 1149
Skipped Seq from 1149 to 1151
Skipped Seq from 1151 to 1155
Skipped Seq from 1155 to 1158
Skipped Seq from 1158 to 1160
Skipped Seq from 1160 to 1166
Skipped Seq from 1167 to 1169
Skipped Seq from 1169 to 1171
Skipped Seq from 1171 to 1173
Skipped Seq from 1174 to 1176
Skipped Seq from 1179 to 1181
Skipped Seq from 1181 to 1183
Skipped Seq from 1185 to 1189
Skipped Seq from 1190 to 1193
Skipped Seq from 1193 to 1197
Skipped Seq from 1197 to 1203
Skipped Seq from 1207 to 1209
Skipped Seq from 1215 to 1217
Skipped Seq from 1217 to 1223
Skipped Seq from 1223 to 1228
Skipped Seq from 1228 to 1230
Skipped Seq from 1230 to 1237
Skipped Seq from 1237 to 1245
Skipped Seq from 1245 to 1250
Skipped Seq from 1250 to 1252
Skipped Seq from 1252 to 1255
Skipped Seq from 1256 to 1260
Skipped Seq from 1260 to 1264
Skipped Seq from 1264 to 1270
Skipped Seq from 1273 to 1276
Skipped Seq from 1276 to 1279
Skipped Seq from 1279 to 1282
Skipped Seq from 1282 to 1291
Skipped Seq from 1291 to 1295
Skipped Seq from 1296 to 1300
Skipped Seq from 1300 to 1305
Skipped Seq from 1305 to 1307
Skipped Seq from 1308 to 1312
Skipped Seq from 1315 to 1317
Skipped Seq from 1317 to 1320
Skipped Seq from 1320 to 1322
Skipped Seq from 1323 to 1325
Skipped Seq from 1326 to 1333
Skipped Seq from 1333 to 1337
Skipped Seq from 1337 to 1339
Skipped Seq from 1339 to 1342
Skipped Seq from 1345 to 1351
Skipped Seq from 1351 to 1355
Skipped Seq from 1355 to 1360
Skipped Seq from 1360 to 1364
Skipped Seq from 1383 to 1385
Skipped Seq from 1395 to 1397
Skipped Seq from 1405 to 1407
Skipped Seq from 1412 to 1416
Skipped Seq from 1416 to 1418
Skipped Seq from 1418 to 1421
Skipped Seq from 1423 to 1426
Skipped Seq from 1426 to 1428
Skipped Seq from 1430 to 1433
Skipped Seq from 1434 to 1439
Skipped Seq from 1440 to 1444
Skipped Seq from 1445 to 1450
Skipped Seq from 1450 to 1452
Skipped Seq from 1461 to 1468
Skipped Seq from 1468 to 1475
Skipped Seq from 1477 to 1482
Skipped Seq from 1482 to 1487
Skipped Seq from 1488 to 1490
Skipped Seq from 1492 to 1494
Skipped Seq from 1494 to 1496
Skipped Seq from 1499 to 1501
Skipped Seq from 1501 to 1505
Skipped Seq from 1505 to 1507
Skipped Seq from 1509 to 1511
Skipped Seq from 1511 to 1513
Skipped Seq from 1514 to 1516
Skipped Seq from 1517 to 1519
Skipped Seq from 1520 to 1522
Skipped Seq from 1522 to 1524
Skipped Seq from 1525 to 1530
Skipped Seq from 1532 to 1535
Skipped Seq from 1535 to 1540
Skipped Seq from 1540 to 1542
Skipped Seq from 1542 to 1544
Skipped Seq from 1547 to 1549
Skipped Seq from 1555 to 1558
Skipped Seq from 1563 to 1565
Skipped Seq from 1567 to 1569
Skipped Seq from 1570 to 1572
Skipped Seq from 1572 to 1574
Skipped Seq from 1574 to 1576
Skipped Seq from 1576 to 1583
Skipped Seq from 1583 to 1587
Skipped Seq from 1587 to 1590
Skipped Seq from 1590 to 1596
Skipped Seq from 1596 to 1606
Skipped Seq from 1606 to 1609
Skipped Seq from 1609 to 1618
Skipped Seq from 1618 to 1622
Skipped Seq from 1623 to 1625
Skipped Seq from 1626 to 1628
Skipped Seq from 1628 to 1634
Skipped Seq from 1635 to 1640
Skipped Seq from 1640 to 1644
Skipped Seq from 1644 to 1646
Skipped Seq from 1647 to 1650
Skipped Seq from 1650 to 1652
Skipped Seq from 1654 to 1657
Skipped Seq from 1661 to 1663
Skipped Seq from 1666 to 1669
Skipped Seq from 1670 to 1673
Skipped Seq from 1674 to 1678
Skipped Seq from 1680 to 1685
Skipped Seq from 1685 to 1687
Skipped Seq from 1687 to 1693
Skipped Seq from 1694 to 1702
Skipped Seq from 1702 to 1704
Skipped Seq from 1709 to 1711
Skipped Seq from 1711 to 1713
Skipped Seq from 1741 to 1743
Skipped Seq from 1772 to 1774
Skipped Seq from 1807 to 1809
Skipped Seq from 1835 to 1837
Skipped Seq from 1875 to 1877
Skipped Seq from 1884 to 1887
Skipped Seq from 1893 to 1895
Skipped Seq from 1895 to 1898
Skipped Seq from 1902 to 1905
Skipped Seq from 1906 to 1909
Skipped Seq from 1910 to 1912
Skipped Seq from 1912 to 1916
Skipped Seq from 1916 to 1918
Skipped Seq from 1918 to 1923
Skipped Seq from 1925 to 1927
Skipped Seq from 1928 to 1930
Skipped Seq from 1930 to 1934
Skipped Seq from 1935 to 1937
Skipped Seq from 1938 to 1940
Skipped Seq from 1940 to 1942
Skipped Seq from 1942 to 1944
Skipped Seq from 1944 to 1946
Skipped Seq from 1950 to 1952
Skipped Seq from 1954 to 1956
Skipped Seq from 1957 to 1960
Skipped Seq from 1961 to 1963
Skipped Seq from 1963 to 1965
Skipped Seq from 1968 to 1974
Skipped Seq from 1975 to 1977
Skipped Seq from 1977 to 1983
Skipped Seq from 1984 to 1992
Skipped Seq from 1992 to 1995
Skipped Seq from 1996 to 2001
Skipped Seq from 2001 to 2003
Skipped Seq from 2004 to 2006
Skipped Seq from 2007 to 2009
Skipped Seq from 2009 to 2011
Skipped Seq from 2013 to 2016
Skipped Seq from 2017 to 2022
Skipped Seq from 2022 to 2025
Skipped Seq from 2025 to 2027
Skipped Seq from 2027 to 2029
Skipped Seq from 2029 to 2032
Skipped Seq from 2032 to 2036
Skipped Seq from 2037 to 2039
Skipped Seq from 2040 to 2042
Skipped Seq from 2042 to 2044
Skipped Seq from 2051 to 2053
Skipped Seq from 2054 to 2056
Skipped Seq from 2058 to 2064
Skipped Seq from 2065 to 2067
Skipped Seq from 2067 to 2071
Skipped Seq from 2072 to 2074
Skipped Seq from 2074 to 2076
Skipped Seq from 2076 to 2078
Skipped Seq from 2079 to 2081
Skipped Seq from 2081 to 2083
Skipped Seq from 2083 to 2086
Skipped Seq from 2086 to 2088
Skipped Seq from 2088 to 2090
Skipped Seq from 2090 to 2092
Skipped Seq from 2094 to 2097
Skipped Seq from 2100 to 2103
Skipped Seq from 2108 to 2110
Skipped Seq from 2110 to 2113
Skipped Seq from 2113 to 2116
Skipped Seq from 2120 to 2122
Skipped Seq from 2123 to 2125
Skipped Seq from 2128 to 2130
Skipped Seq from 2132 to 2134
Skipped Seq from 2136 to 2142
Skipped Seq from 2147 to 2149
Skipped Seq from 2152 to 2154
Skipped Seq from 2158 to 2160
Skipped Seq from 2160 to 2163
Skipped Seq from 2167 to 2170
Skipped Seq from 2171 to 2177
Skipped Seq from 2177 to 2181
Skipped Seq from 2186 to 2188
Skipped Seq from 2189 to 2191
Skipped Seq from 2192 to 2196
Skipped Seq from 2197 to 2200
Skipped Seq from 2202 to 2206
Skipped Seq from 2206 to 2216
Skipped Seq from 2220 to 2222
Skipped Seq from 2223 to 2225
Skipped Seq from 2225 to 2227
Skipped Seq from 2228 to 2233
Skipped Seq from 2233 to 2240
Skipped Seq from 2240 to 2243
Skipped Seq from 2244 to 2246
Skipped Seq from 2246 to 2249
Skipped Seq from 2249 to 2252
Skipped Seq from 2252 to 2254
Skipped Seq from 2254 to 2256
Skipped Seq from 2258 to 2260
Skipped Seq from 2263 to 2266
Skipped Seq from 2269 to 2273
Skipped Seq from 2274 to 2276
Skipped Seq from 2277 to 2280
Skipped Seq from 2281 to 2283
Skipped Seq from 2284 to 2289
Skipped Seq from 2292 to 2294
Skipped Seq from 2294 to 2299
Skipped Seq from 2300 to 2303
Skipped Seq from 2306 to 2311
Skipped Seq from 2311 to 2317
Skipped Seq from 2318 to 2323
Skipped Seq from 2323 to 2335
Skipped Seq from 2337 to 2339
Skipped Seq from 2339 to 2341
Skipped Seq from 2341 to 2343
Skipped Seq from 2344 to 2351
Skipped Seq from 2361 to 2363
Skipped Seq from 2364 to 2366
Skipped Seq from 2366 to 2368
Skipped Seq from 2371 to 2375
Skipped Seq from 2375 to 2380
Skipped Seq from 2382 to 2384
Skipped Seq from 2385 to 2389
Skipped Seq from 2389 to 2391
Skipped Seq from 2391 to 2394
Skipped Seq from 2397 to 2399
Skipped Seq from 2399 to 2401
Skipped Seq from 2403 to 2411
Skipped Seq from 2411 to 2413
Skipped Seq from 2414 to 2416
Skipped Seq from 2418 to 2420
Skipped Seq from 2424 to 2427
Skipped Seq from 2427 to 2430
Skipped Seq from 2430 to 2432
Skipped Seq from 2432 to 2435
Skipped Seq from 2435 to 2438
Skipped Seq from 2438 to 2440
Skipped Seq from 2442 to 2444
Skipped Seq from 2444 to 2447
Skipped Seq from 2447 to 2449
Skipped Seq from 2452 to 2457
Skipped Seq from 2457 to 2460
Skipped Seq from 2460 to 2470
Skipped Seq from 2470 to 2472
Skipped Seq from 2472 to 2475
Skipped Seq from 2476 to 2478
Skipped Seq from 2478 to 2480
Skipped Seq from 2481 to 2484
Skipped Seq from 2487 to 2494
Skipped Seq from 2495 to 2498
Skipped Seq from 2498 to 2500
Skipped Seq from 2501 to 2504
Skipped Seq from 2505 to 2509
Skipped Seq from 2509 to 2512
Skipped Seq from 2513 to 2516
Skipped Seq from 2516 to 2519
Skipped Seq from 2521 to 2524
Skipped Seq from 2526 to 2529
Skipped Seq from 2529 to 2534
Skipped Seq from 2534 to 2536
Skipped Seq from 2536 to 2544
Skipped Seq from 2545 to 2550
Skipped Seq from 2551 to 2553
Skipped Seq from 2553 to 2555
Skipped Seq from 2557 to 2563
Skipped Seq from 2563 to 2565
Skipped Seq from 2565 to 2567
Skipped Seq from 2567 to 2569
Skipped Seq from 2571 to 2578
Skipped Seq from 2579 to 2581
Skipped Seq from 2581 to 2583
Skipped Seq from 2583 to 2587
Skipped Seq from 2587 to 2590
Skipped Seq from 2591 to 2593
Skipped Seq from 2595 to 2597
Skipped Seq from 2598 to 2601
Skipped Seq from 2601 to 2603
Skipped Seq from 2603 to 2605
Skipped Seq from 2608 to 2610
Skipped Seq from 2610 to 2613
Skipped Seq from 2613 to 2618
Skipped Seq from 2618 to 2626
Skipped Seq from 2628 to 2631
Skipped Seq from 2631 to 2634
Skipped Seq from 2636 to 2639
Skipped Seq from 2640 to 2643
Skipped Seq from 2643 to 2645
Skipped Seq from 2645 to 2649
Skipped Seq from 2649 to 2660
Skipped Seq from 2660 to 2662
Skipped Seq from 2665 to 2671
Skipped Seq from 2672 to 2675
Skipped Seq from 2676 to 2678
Skipped Seq from 2679 to 2682
Skipped Seq from 2684 to 2686
Skipped Seq from 2687 to 2689
Skipped Seq from 2689 to 2695
Skipped Seq from 2696 to 2699
Skipped Seq from 2700 to 2702
Skipped Seq from 2703 to 2707
Skipped Seq from 2707 to 2709
Skipped Seq from 2709 to 2711
Skipped Seq from 2711 to 2715
Skipped Seq from 2715 to 2717
Skipped Seq from 2717 to 2719
Skipped Seq from 2720 to 2722
Skipped Seq from 2724 to 2727
Skipped Seq from 2731 to 2733
Skipped Seq from 2737 to 2743
Skipped Seq from 2743 to 2745
Skipped Seq from 2745 to 2749
Skipped Seq from 2749 to 2751
Skipped Seq from 2753 to 2755
Skipped Seq from 2758 to 2761
Skipped Seq from 2761 to 2764
Skipped Seq from 2764 to 2768
Skipped Seq from 2768 to 2772
Skipped Seq from 2772 to 2774
Skipped Seq from 2775 to 2777
Skipped Seq from 2777 to 2780
Skipped Seq from 2781 to 2783
Skipped Seq from 2783 to 2785
Skipped Seq from 2786 to 2788
Skipped Seq from 2790 to 2796
Skipped Seq from 2796 to 2804
Skipped Seq from 2804 to 2809
Skipped Seq from 2810 to 2812
Skipped Seq from 2812 to 2817
Skipped Seq from 2818 to 2820
Skipped Seq from 2822 to 2824
Skipped Seq from 2829 to 2831
Skipped Seq from 2833 to 2838
Skipped Seq from 2839 to 2844
Skipped Seq from 2847 to 2851
Skipped Seq from 2853 to 2859
Skipped Seq from 2860 to 2873
Skipped Seq from 2873 to 2878
Skipped Seq from 2880 to 2883
Skipped Seq from 2891 to 2893
Skipped Seq from 2897 to 2900
Skipped Seq from 2906 to 2908
Skipped Seq from 2908 to 2910
Skipped Seq from 2910 to 2912
Skipped Seq from 2912 to 2915
Skipped Seq from 2915 to 2918
Skipped Seq from 2920 to 2922
Skipped Seq from 2923 to 2925
Skipped Seq from 2927 to 2929
Skipped Seq from 2929 to 2931
Skipped Seq from 2931 to 2933
Skipped Seq from 2934 to 2936
Skipped Seq from 2940 to 2942
Skipped Seq from 2945 to 2947
Skipped Seq from 2951 to 2954
Skipped Seq from 2956 to 2958
Skipped Seq from 2958 to 2960
Skipped Seq from 2963 to 2965
Skipped Seq from 2966 to 2969
Skipped Seq from 2973 to 2975
Skipped Seq from 2980 to 2982
Skipped Seq from 2983 to 2986
Skipped Seq from 2986 to 2988
Skipped Seq from 2991 to 2993
Skipped Seq from 3003 to 3005
Skipped Seq from 3005 to 3008
Skipped Seq from 3010 to 3013
Skipped Seq from 3024 to 3026
Skipped Seq from 3032 to 3034
Skipped Seq from 3040 to 3044
Skipped Seq from 3046 to 3049
Skipped Seq from 3049 to 3051
Skipped Seq from 3051 to 3055
Skipped Seq from 3056 to 3058
Skipped Seq from 3059 to 3061
Skipped Seq from 3061 to 3064
Skipped Seq from 3066 to 3068
Skipped Seq from 3072 to 3074
Skipped Seq from 3081 to 3083
Skipped Seq from 3084 to 3090
Skipped Seq from 3092 to 3094
Skipped Seq from 3099 to 3101
Skipped Seq from 3124 to 3126
Skipped Seq from 3127 to 3129
Skipped Seq from 3131 to 3133
Skipped Seq from 3135 to 3137
Skipped Seq from 3139 to 3143
Skipped Seq from 3151 to 3153
Skipped Seq from 3153 to 3159
Skipped Seq from 3159 to 3161
Skipped Seq from 3162 to 3165
Skipped Seq from 3165 to 3169
Skipped Seq from 3182 to 3184
Skipped Seq from 3187 to 3189
Skipped Seq from 3192 to 3195
Skipped Seq from 3196 to 3198
Skipped Seq from 3202 to 3204
Skipped Seq from 3204 to 3207
Skipped Seq from 3208 to 3213
Skipped Seq from 3214 to 3216
Skipped Seq from 3219 to 3221
Skipped Seq from 3227 to 3229
Skipped Seq from 3230 to 3233
Skipped Seq from 3233 to 3235
Skipped Seq from 3246 to 3248
Skipped Seq from 3248 to 3251
Skipped Seq from 3254 to 3256
Skipped Seq from 3265 to 3271
Skipped Seq from 3280 to 3282
Skipped Seq from 3283 to 3285
Skipped Seq from 3295 to 3297
Skipped Seq from 3297 to 3300
Skipped Seq from 3303 to 3305
Skipped Seq from 3305 to 3307
Skipped Seq from 3309 to 3311
Skipped Seq from 3315 to 3317
Skipped Seq from 3322 to 3326
Skipped Seq from 3327 to 3329
Skipped Seq from 3331 to 3333
Skipped Seq from 3335 to 3337
Skipped Seq from 3349 to 3352
Skipped Seq from 3352 to 3355
Skipped Seq from 3357 to 3361
Skipped Seq from 3362 to 3364
Skipped Seq from 3364 to 3368
Skipped Seq from 3371 to 3374
Skipped Seq from 3374 to 3376
Skipped Seq from 3387 to 3389
Skipped Seq from 3390 to 3392
Skipped Seq from 3410 to 3412
Skipped Seq from 3413 to 3415
Skipped Seq from 3427 to 3429
Skipped Seq from 3429 to 3434
Skipped Seq from 3436 to 3438
Skipped Seq from 3439 to 3441
Skipped Seq from 3449 to 3451
Skipped Seq from 3460 to 3462
Skipped Seq from 3462 to 3464
Skipped Seq from 3468 to 3470
Skipped Seq from 3472 to 3475
Skipped Seq from 3478 to 3480
Skipped Seq from 3503 to 3506
Skipped Seq from 3516 to 3519
Skipped Seq from 3521 to 3523
Skipped Seq from 3523 to 3528
Skipped Seq from 3528 to 3530
Skipped Seq from 3530 to 3532
Skipped Seq from 3555 to 3557
Skipped Seq from 3558 to 3560
Skipped Seq from 3563 to 3565
Skipped Seq from 3566 to 3568
Skipped Seq from 3571 to 3577
Skipped Seq from 3577 to 3581
Skipped Seq from 3584 to 3586
Skipped Seq from 3596 to 3598
Skipped Seq from 3599 to 3603
Skipped Seq from 3611 to 3615
Skipped Seq from 3616 to 3619
Skipped Seq from 3622 to 3624
Skipped Seq from 3630 to 3632
Skipped Seq from 3735 to 3738
Skipped Seq from 3746 to 3749
Skipped Seq from 3796 to 3798
Skipped Seq from 3799 to 3802
Skipped Seq from 3803 to 3806
Skipped Seq from 3810 to 3813
Skipped Seq from 3820 to 3822
Skipped Seq from 3831 to 3834
Skipped Seq from 3843 to 3845
Skipped Seq from 3845 to 3847
Skipped Seq from 3858 to 3860
Skipped Seq from 3861 to 3863
Skipped Seq from 3868 to 3870
Skipped Seq from 3872 to 3874
Skipped Seq from 3875 to 3879
Skipped Seq from 3879 to 3882
Skipped Seq from 6530 to 6533
Skipped Seq from 6535 to 6541
Skipped Seq from 6544 to 6546
Skipped Seq from 6549 to 6553
Skipped Seq from 6555 to 6558
Skipped Seq from 6558 to 6571
Skipped Seq from 6583 to 6596
Skipped Seq from 6599 to 6607
Skipped Seq from 6607 to 6610
Skipped Seq from 6611 to 6613
Skipped Seq from 6614 to 6617
Skipped Seq from 6617 to 6622
Skipped Seq from 6624 to 6628
Skipped Seq from 6628 to 6630
Skipped Seq from 6630 to 6635
Skipped Seq from 6636 to 6639
Skipped Seq from 6647 to 6649
Skipped Seq from 6651 to 6653
Skipped Seq from 6654 to 6656
Skipped Seq from 6656 to 6658
Skipped Seq from 6658 to 6660
Skipped Seq from 6661 to 6663
Skipped Seq from 6665 to 6668
Skipped Seq from 6674 to 6677
Skipped Seq from 6679 to 6681
Skipped Seq from 6683 to 6687
Skipped Seq from 6687 to 6691
Skipped Seq from 6693 to 6695
Skipped Seq from 6699 to 6701
Skipped Seq from 6702 to 6704
Skipped Seq from 6712 to 6714
Skipped Seq from 6715 to 6718
Skipped Seq from 6718 to 6721
Skipped Seq from 6723 to 6725
Skipped Seq from 6725 to 6727
Skipped Seq from 6727 to 6729
Skipped Seq from 6729 to 6732
Skipped Seq from 6736 to 6739
Skipped Seq from 6739 to 6741
Skipped Seq from 6742 to 6745
Skipped Seq from 6745 to 6747
Skipped Seq from 6747 to 6751
Skipped Seq from 6751 to 6753
Skipped Seq from 6762 to 6765
Skipped Seq from 6768 to 6771
Skipped Seq from 6771 to 6773
Skipped Seq from 6774 to 6779
Skipped Seq from 6779 to 6782
Skipped Seq from 6786 to 6788
Skipped Seq from 6788 to 6792
Skipped Seq from 6797 to 6799
Skipped Seq from 6799 to 6801
Skipped Seq from 6807 to 6809
Skipped Seq from 6809 to 6811
Skipped Seq from 6811 to 6816
Skipped Seq from 6818 to 6823
Skipped Seq from 6826 to 6831
Skipped Seq from 6835 to 6837
Skipped Seq from 6837 to 6839
Skipped Seq from 6840 to 6842
Skipped Seq from 6844 to 6847
Skipped Seq from 6847 to 6849
Skipped Seq from 6851 to 6854
Skipped Seq from 6862 to 6866
Skipped Seq from 6870 to 6872
Skipped Seq from 6876 to 6878
Skipped Seq from 6885 to 6888
Skipped Seq from 6889 to 6891
Skipped Seq from 6895 to 6897
Skipped Seq from 6898 to 6901
Skipped Seq from 6914 to 6921
Skipped Seq from 6923 to 6926
Skipped Seq from 6927 to 6931
Skipped Seq from 6931 to 6934
Skipped Seq from 6944 to 6948
Skipped Seq from 6948 to 6953
Skipped Seq from 6960 to 6962
Skipped Seq from 6962 to 6964
Skipped Seq from 6982 to 6985
Skipped Seq from 6985 to 6988
Skipped Seq from 6991 to 6994
Skipped Seq from 7021 to 7023
Skipped Seq from 7032 to 7035
Skipped Seq from 7037 to 7039
Skipped Seq from 7039 to 7041
Skipped Seq from 7043 to 7045
Skipped Seq from 7050 to 7052
Skipped Seq from 7054 to 7056
Skipped Seq from 7063 to 7065
Skipped Seq from 7093 to 7095
Skipped Seq from 7095 to 7097
Skipped Seq from 7104 to 7106
Skipped Seq from 7109 to 7111
Skipped Seq from 7129 to 7131
Skipped Seq from 7140 to 7142
Skipped Seq from 7148 to 7150
Skipped Seq from 7150 to 7152
Skipped Seq from 7185 to 7188
Skipped Seq from 7192 to 7197
Skipped Seq from 7199 to 7204
Skipped Seq from 7224 to 7226
Skipped Seq from 7226 to 7228
Skipped Seq from 7230 to 7232
Skipped Seq from 7236 to 7239
Skipped Seq from 7240 to 7243
Skipped Seq from 7244 to 7246
Skipped Seq from 7247 to 7251
Skipped Seq from 7272 to 7274
Skipped Seq from 7274 to 7277
Skipped Seq from 7298 to 7300
Skipped Seq from 7302 to 7305
Skipped Seq from 7312 to 7316
Skipped Seq from 7330 to 7332
Skipped Seq from 7332 to 7335
Skipped Seq from 7351 to 7353
Skipped Seq from 7355 to 7357
Skipped Seq from 7359 to 7362
Skipped Seq from 7370 to 7372
Skipped Seq from 7386 to 7388
Skipped Seq from 7388 to 7390
Skipped Seq from 7417 to 7419
Skipped Seq from 7419 to 7421
Skipped Seq from 7432 to 7434
Skipped Seq from 7436 to 7438
Skipped Seq from 7450 to 7452
Skipped Seq from 7456 to 7458
Skipped Seq from 7474 to 7476
Skipped Seq from 7479 to 7481
Skipped Seq from 7495 to 7497
Skipped Seq from 7498 to 7500
Skipped Seq from 7508 to 7510
Skipped Seq from 7531 to 7533
Skipped Seq from 7543 to 7545
Skipped Seq from 7546 to 7550
Skipped Seq from 7553 to 7555
Skipped Seq from 7557 to 7559
Skipped Seq from 7559 to 7563
Skipped Seq from 7563 to 7565
Skipped Seq from 7565 to 7567
Skipped Seq from 7567 to 7569
Skipped Seq from 7573 to 7575
Skipped Seq from 7578 to 7580
Skipped Seq from 7580 to 7582
Skipped Seq from 7582 to 7587
Skipped Seq from 7587 to 7589
Skipped Seq from 7590 to 7592
Skipped Seq from 7592 to 7596
Skipped Seq from 7599 to 7601
Skipped Seq from 7602 to 7605
Skipped Seq from 7605 to 7608
Skipped Seq from 7611 to 7613
Skipped Seq from 7613 to 7616
Skipped Seq from 7616 to 7619
Skipped Seq from 7619 to 7622
Skipped Seq from 7628 to 7630
Skipped Seq from 7631 to 7635
Skipped Seq from 7636 to 7638
Skipped Seq from 7638 to 7640
Skipped Seq from 7642 to 7644
Skipped Seq from 7644 to 7648
Skipped Seq from 7652 to 7654
Skipped Seq from 7655 to 7657
Skipped Seq from 7657 to 7660
Skipped Seq from 7675 to 7677
Skipped Seq from 7686 to 7689
Skipped Seq from 7690 to 7693
Skipped Seq from 7700 to 7702
Skipped Seq from 7707 to 7709
Skipped Seq from 7709 to 7711
Skipped Seq from 7711 to 7714
Skipped Seq from 7714 to 7716
Skipped Seq from 7719 to 7721
Skipped Seq from 7723 to 7725
Skipped Seq from 7730 to 7733
Skipped Seq from 7733 to 7735
Skipped Seq from 7737 to 7741
Skipped Seq from 7746 to 7748
Skipped Seq from 7748 to 7751
Skipped Seq from 7751 to 7753
Skipped Seq from 7756 to 7758
Skipped Seq from 7769 to 7771
Skipped Seq from 7778 to 7782
Skipped Seq from 7800 to 7802
Skipped Seq from 7807 to 7809
Skipped Seq from 7815 to 7817
Skipped Seq from 7822 to 7824
Skipped Seq from 7827 to 7829
Skipped Seq from 7831 to 7833
Skipped Seq from 7834 to 7837
Skipped Seq from 7853 to 7855
Skipped Seq from 7856 to 7858
Skipped Seq from 7871 to 7873
Skipped Seq from 7877 to 7879
Skipped Seq from 7880 to 7882
Skipped Seq from 7886 to 7888
Skipped Seq from 7895 to 7897
Skipped Seq from 7904 to 7906
Skipped Seq from 7913 to 7917
Skipped Seq from 7926 to 7928
Skipped Seq from 7929 to 7931
Skipped Seq from 7934 to 7938
Skipped Seq from 7939 to 7941
Skipped Seq from 7941 to 7943
Skipped Seq from 7957 to 7959
Skipped Seq from 7959 to 7961
Skipped Seq from 7971 to 7973
Skipped Seq from 7977 to 7979
Skipped Seq from 7980 to 7983
Skipped Seq from 7989 to 7992
Skipped Seq from 7993 to 7995
Skipped Seq from 7998 to 8001
Skipped Seq from 8005 to 8007
Skipped Seq from 8010 to 8013
Skipped Seq from 8013 to 8015
Skipped Seq from 8015 to 8018
Skipped Seq from 8025 to 8028
Skipped Seq from 8034 to 8036
Skipped Seq from 8044 to 8046
Skipped Seq from 8070 to 8072
Skipped Seq from 8087 to 8089
Skipped Seq from 8090 to 8093
Skipped Seq from 8114 to 8118
Skipped Seq from 8489 to 8523
Skipped Seq from 8560 to 8568
Skipped Seq from 10676 to 10679
Skipped Seq from 10681 to 10683
Skipped Seq from 10683 to 10686
Skipped Seq from 10686 to 10689
Skipped Seq from 10690 to 10695
Skipped Seq from 10696 to 10700
Skipped Seq from 10701 to 10707
Skipped Seq from 10707 to 10712
Skipped Seq from 10712 to 10714
Skipped Seq from 10715 to 10717
Skipped Seq from 10718 to 10722
Skipped Seq from 10723 to 10725
Skipped Seq from 10727 to 10729
Skipped Seq from 10731 to 10733
Skipped Seq from 10734 to 10739
Skipped Seq from 10740 to 10743
Skipped Seq from 10743 to 10745
Skipped Seq from 10745 to 10747
Skipped Seq from 10747 to 10749
Skipped Seq from 10750 to 10752
Skipped Seq from 10752 to 10758
Skipped Seq from 10758 to 10760
Skipped Seq from 10762 to 10766
Skipped Seq from 10769 to 10771
Skipped Seq from 10772 to 10776
Skipped Seq from 10780 to 10785
Skipped Seq from 10786 to 10790
Skipped Seq from 10792 to 10797
Skipped Seq from 10797 to 10800
Skipped Seq from 10800 to 10802
Skipped Seq from 10802 to 10805
Skipped Seq from 10810 to 10812
Skipped Seq from 10815 to 10817
Skipped Seq from 10817 to 10820
Skipped Seq from 10821 to 10824
Skipped Seq from 10825 to 10827
Skipped Seq from 10828 to 10830
Skipped Seq from 10833 to 10836
Skipped Seq from 10840 to 10843
Skipped Seq from 10843 to 10847
Skipped Seq from 10847 to 10849
Skipped Seq from 10849 to 10851
Skipped Seq from 10856 to 10858
Skipped Seq from 10861 to 10863
Skipped Seq from 10867 to 10869
Skipped Seq from 10869 to 10871
Skipped Seq from 10873 to 10876
Skipped Seq from 10878 to 10881
Skipped Seq from 10883 to 10890
Skipped Seq from 10890 to 10893
Skipped Seq from 10897 to 10899
Skipped Seq from 10902 to 10904
Skipped Seq from 10906 to 10908
Skipped Seq from 10912 to 10914
Skipped Seq from 10921 to 10923
Skipped Seq from 10928 to 10930
Skipped Seq from 10932 to 10935
Skipped Seq from 10941 to 10943
Skipped Seq from 10943 to 10946
Skipped Seq from 10946 to 10948
Skipped Seq from 10949 to 10952
Skipped Seq from 10960 to 10963
Skipped Seq from 10964 to 10971
Skipped Seq from 10973 to 10975
Skipped Seq from 10986 to 10988
Skipped Seq from 10990 to 10992
Skipped Seq from 10993 to 10995
Skipped Seq from 10997 to 10999
Skipped Seq from 11003 to 11005
Skipped Seq from 11005 to 11010
Skipped Seq from 11011 to 11013
Skipped Seq from 11014 to 11016
Skipped Seq from 11017 to 11019
Skipped Seq from 11019 to 11021
Skipped Seq from 11028 to 11033
Skipped Seq from 11033 to 11035
Skipped Seq from 11036 to 11038
Skipped Seq from 11058 to 11060
Skipped Seq from 11075 to 11079
Skipped Seq from 11081 to 11083
Skipped Seq from 11089 to 11092
Skipped Seq from 11092 to 11094
Skipped Seq from 11094 to 11096
Skipped Seq from 11097 to 11101
Skipped Seq from 11101 to 11103
Skipped Seq from 11104 to 11106
Skipped Seq from 11106 to 11111
Skipped Seq from 11115 to 11117
Skipped Seq from 11117 to 11119
Skipped Seq from 11119 to 11121
Skipped Seq from 11127 to 11131
Skipped Seq from 11133 to 11135
Skipped Seq from 11135 to 11138
Skipped Seq from 11140 to 11146
Skipped Seq from 11147 to 11151
Skipped Seq from 11154 to 11156
Skipped Seq from 11160 to 11165
Skipped Seq from 11170 to 11172
Skipped Seq from 11172 to 11174
Skipped Seq from 11175 to 11177
Skipped Seq from 11178 to 11181
Skipped Seq from 11189 to 11191
Skipped Seq from 11191 to 11193
Skipped Seq from 11201 to 11203
Skipped Seq from 11203 to 11205
Skipped Seq from 11208 to 11210
Skipped Seq from 11212 to 11214
Skipped Seq from 11216 to 11221
Skipped Seq from 11223 to 11225
Skipped Seq from 11227 to 11229
Skipped Seq from 11229 to 11231
Skipped Seq from 11232 to 11234
Skipped Seq from 11237 to 11239
Skipped Seq from 11246 to 11249
Skipped Seq from 11254 to 11256
Skipped Seq from 11263 to 11269
Skipped Seq from 11269 to 11271
Skipped Seq from 11273 to 11276
Skipped Seq from 11280 to 11282
Skipped Seq from 11282 to 11285
Skipped Seq from 11286 to 11288
Skipped Seq from 11288 to 11290
Skipped Seq from 11290 to 11292
Skipped Seq from 11292 to 11295
Skipped Seq from 11295 to 11297
Skipped Seq from 11298 to 11304
Skipped Seq from 11304 to 11307
Skipped Seq from 11307 to 11311
Skipped Seq from 11311 to 11313
Skipped Seq from 11316 to 11318
Skipped Seq from 11318 to 11320
Skipped Seq from 11320 to 11322
Skipped Seq from 11323 to 11327
Skipped Seq from 11327 to 11331
Skipped Seq from 11332 to 11335
Skipped Seq from 11335 to 11338
Skipped Seq from 11340 to 11344
Skipped Seq from 11345 to 11347
Skipped Seq from 11348 to 11350
Skipped Seq from 11350 to 11352
Skipped Seq from 11355 to 11358
Skipped Seq from 11358 to 11360
Skipped Seq from 11361 to 11364
Skipped Seq from 11364 to 11366
Skipped Seq from 11369 to 11374
Skipped Seq from 11379 to 11381
Skipped Seq from 11383 to 11385
Skipped Seq from 11386 to 11389
Skipped Seq from 11407 to 11409
Skipped Seq from 11409 to 11412
Skipped Seq from 11413 to 11416
Skipped Seq from 11416 to 11418
Skipped Seq from 11418 to 11421
Skipped Seq from 11425 to 11427
Skipped Seq from 11427 to 11429
Skipped Seq from 11429 to 11432
Skipped Seq from 11433 to 11435
Skipped Seq from 11439 to 11443
Skipped Seq from 11443 to 11445
Skipped Seq from 11451 to 11455
Skipped Seq from 11455 to 11457
Skipped Seq from 11461 to 11463
Skipped Seq from 11463 to 11467
Skipped Seq from 11469 to 11471
Skipped Seq from 11475 to 11479
Skipped Seq from 11482 to 11484
Skipped Seq from 11487 to 11490
Skipped Seq from 11490 to 11492
Skipped Seq from 11492 to 11494
Skipped Seq from 11494 to 11496
Skipped Seq from 11498 to 11500
Skipped Seq from 11500 to 11502
Skipped Seq from 11503 to 11506
Skipped Seq from 11510 to 11515
Skipped Seq from 11519 to 11522
Skipped Seq from 11522 to 11524
Skipped Seq from 11525 to 11527
Skipped Seq from 11538 to 11543
Skipped Seq from 11543 to 11547
Skipped Seq from 11547 to 11552
Skipped Seq from 11564 to 11569
Skipped Seq from 11569 to 11571
Skipped Seq from 11571 to 11574
Skipped Seq from 11574 to 11576
Skipped Seq from 11576 to 11578
Skipped Seq from 11578 to 11581
Skipped Seq from 11583 to 11585
Skipped Seq from 11590 to 11592
Skipped Seq from 11593 to 11595
Skipped Seq from 11601 to 11605
Skipped Seq from 11608 to 11610
Skipped Seq from 11611 to 11613
Skipped Seq from 11615 to 11619
Skipped Seq from 11622 to 11625
Skipped Seq from 11625 to 11629
Skipped Seq from 11639 to 11646
Skipped Seq from 11648 to 11650
Skipped Seq from 11650 to 11652
Skipped Seq from 11659 to 11661
Skipped Seq from 11661 to 11663
Skipped Seq from 11663 to 11665
Skipped Seq from 11665 to 11671
Skipped Seq from 11675 to 11678
Skipped Seq from 11680 to 11683
Skipped Seq from 11683 to 11685
Skipped Seq from 11687 to 11690
Skipped Seq from 11690 to 11695
Skipped Seq from 11695 to 11697
Skipped Seq from 11698 to 11701
Skipped Seq from 11701 to 11704
Skipped Seq from 11705 to 11709
Skipped Seq from 11710 to 11713
Skipped Seq from 11727 to 11729
Skipped Seq from 11729 to 11731
Skipped Seq from 11732 to 11734
Skipped Seq from 11735 to 11738
Skipped Seq from 11738 to 11740
Skipped Seq from 11741 to 11743
Skipped Seq from 11744 to 11746
Skipped Seq from 11746 to 11748
Skipped Seq from 11749 to 11751
Skipped Seq from 11753 to 11755
Skipped Seq from 11757 to 11759
Skipped Seq from 11761 to 11763
Skipped Seq from 11763 to 11766
Skipped Seq from 11768 to 11770
Skipped Seq from 11771 to 11778
Skipped Seq from 11778 to 11780
Skipped Seq from 11780 to 11785
Skipped Seq from 11785 to 11792
Skipped Seq from 11793 to 11815
Skipped Seq from 11817 to 11826
Skipped Seq from 11827 to 11833
Skipped Seq from 11838 to 11840
Skipped Seq from 11843 to 11846
Skipped Seq from 11847 to 11852
Skipped Seq from 11852 to 11854
Skipped Seq from 11854 to 11862
Skipped Seq from 11862 to 11864
Skipped Seq from 11864 to 11868
Skipped Seq from 11868 to 11870
Skipped Seq from 11872 to 11876
Skipped Seq from 11877 to 11879
Skipped Seq from 11882 to 11885
Skipped Seq from 11886 to 11888
Skipped Seq from 11888 to 11891
Skipped Seq from 11891 to 11894
Skipped Seq from 11896 to 11899
Skipped Seq from 11901 to 11908
Skipped Seq from 11912 to 11915
Skipped Seq from 11916 to 11918
Skipped Seq from 11919 to 11921
Skipped Seq from 11922 to 11924
Skipped Seq from 11931 to 11933
Skipped Seq from 11940 to 11942
Skipped Seq from 11942 to 11946
Skipped Seq from 11950 to 11953
Skipped Seq from 11953 to 11956
Skipped Seq from 11978 to 11980
Skipped Seq from 11986 to 11989
Skipped Seq from 11998 to 12000
Skipped Seq from 12035 to 12038
Skipped Seq from 12043 to 12045
Skipped Seq from 12120 to 12122
Skipped Seq from 12124 to 12126
Skipped Seq from 12134 to 12136
Skipped Seq from 12141 to 12144
Skipped Seq from 12749 to 12751
Skipped Seq from 12756 to 12758
Skipped Seq from 12765 to 12770
Skipped Seq from 12771 to 12773
Skipped Seq from 12774 to 12779
Skipped Seq from 12780 to 12783
Skipped Seq from 12783 to 12786
Skipped Seq from 12792 to 12794
Skipped Seq from 12794 to 12796
Skipped Seq from 12796 to 12798
Skipped Seq from 12819 to 12823
Skipped Seq from 12826 to 12831
Skipped Seq from 12832 to 12835
Skipped Seq from 12835 to 12839
Skipped Seq from 12844 to 12846
Skipped Seq from 12849 to 12851
Skipped Seq from 12858 to 12862
Skipped Seq from 12867 to 12869
Skipped Seq from 12869 to 12873
Skipped Seq from 12873 to 12876
Skipped Seq from 12881 to 12884
Skipped Seq from 12892 to 12894
Skipped Seq from 12895 to 12897
Skipped Seq from 12900 to 12902
Skipped Seq from 12910 to 12912
Skipped Seq from 12915 to 12917
Skipped Seq from 12917 to 12920
Skipped Seq from 12922 to 12930
Skipped Seq from 12936 to 12938
Skipped Seq from 12941 to 12944
Skipped Seq from 12947 to 12951
Skipped Seq from 12954 to 12957
Skipped Seq from 12961 to 12964
Skipped Seq from 12970 to 12974
Skipped Seq from 12974 to 12977
Skipped Seq from 12977 to 12981
Skipped Seq from 12981 to 12984
Skipped Seq from 12988 to 12991
Skipped Seq from 12993 to 12997
Skipped Seq from 13002 to 13005
Skipped Seq from 13051 to 13053
Skipped Seq from 13061 to 13063
Skipped Seq from 13088 to 13090
Skipped Seq from 13125 to 13127
Skipped Seq from 13137 to 13140
Skipped Seq from 13166 to 13170
Skipped Seq from 13184 to 13187
Skipped Seq from 13204 to 13207
Skipped Seq from 13209 to 13211
Skipped Seq from 13211 to 13213
Skipped Seq from 13218 to 13220
Skipped Seq from 13228 to 13234
Skipped Seq from 13238 to 13240
Skipped Seq from 13283 to 13287
Skipped Seq from 13288 to 13290
Skipped Seq from 13291 to 13293
Skipped Seq from 13320 to 13325
Skipped Seq from 13325 to 13327
Skipped Seq from 13328 to 13330
Skipped Seq from 13334 to 13336
Skipped Seq from 13337 to 13343
Skipped Seq from 13344 to 13347
Skipped Seq from 13349 to 13352
Skipped Seq from 13353 to 13355
Number of times throttled: 19
Received: 11256 / 13691 packets
Start time: 1332836476.296040
End time: 1332836513.526975
Duration: 37.230935
