Starting client at 10.0.0.10:1274 with timeout:10
My IP address is 10.0.0.10Skipped Seq from 6 to 11
Skipped Seq from 11 to 21
Skipped Seq from 21 to 23
Skipped Seq from 23 to 26
Skipped Seq from 30 to 39
Skipped Seq from 39 to 41
Skipped Seq from 41 to 43
Skipped Seq from 46 to 48
Skipped Seq from 53 to 57
Skipped Seq from 62 to 66
Skipped Seq from 70 to 78
Skipped Seq from 79 to 82
Skipped Seq from 83 to 89
Skipped Seq from 89 to 91
Skipped Seq from 93 to 95
Skipped Seq from 97 to 99
Skipped Seq from 99 to 101
Skipped Seq from 109 to 113
Skipped Seq from 117 to 120
Skipped Seq from 122 to 124
Skipped Seq from 126 to 128
Skipped Seq from 129 to 131
Skipped Seq from 132 to 134
Skipped Seq from 134 to 137
Skipped Seq from 137 to 139
Skipped Seq from 139 to 142
Skipped Seq from 143 to 145
Skipped Seq from 155 to 157
Skipped Seq from 158 to 160
Skipped Seq from 163 to 166
Skipped Seq from 178 to 180
Skipped Seq from 181 to 183
Skipped Seq from 184 to 186
Skipped Seq from 186 to 189
Skipped Seq from 190 to 195
Skipped Seq from 196 to 198
Skipped Seq from 198 to 201
Skipped Seq from 213 to 216
Skipped Seq from 218 to 220
Skipped Seq from 228 to 230
Skipped Seq from 235 to 237
Skipped Seq from 238 to 241
Skipped Seq from 242 to 245
Skipped Seq from 253 to 255
Skipped Seq from 256 to 259
Skipped Seq from 277 to 280
Skipped Seq from 512 to 515
Skipped Seq from 515 to 517
Skipped Seq from 518 to 523
Skipped Seq from 534 to 541
Skipped Seq from 545 to 547
Skipped Seq from 549 to 553
Skipped Seq from 567 to 570
Skipped Seq from 571 to 573
Skipped Seq from 573 to 575
Skipped Seq from 577 to 579
Skipped Seq from 586 to 589
Skipped Seq from 596 to 598
Skipped Seq from 620 to 623
Skipped Seq from 624 to 629
Skipped Seq from 633 to 636
Skipped Seq from 639 to 642
Skipped Seq from 644 to 646
Skipped Seq from 648 to 650
Skipped Seq from 657 to 659
Skipped Seq from 659 to 661
Skipped Seq from 661 to 664
Skipped Seq from 665 to 667
Skipped Seq from 671 to 675
Skipped Seq from 678 to 680
Skipped Seq from 687 to 690
Skipped Seq from 699 to 701
Skipped Seq from 701 to 703
Skipped Seq from 704 to 706
Skipped Seq from 712 to 714
Skipped Seq from 723 to 726
Skipped Seq from 726 to 729
Skipped Seq from 740 to 746
Skipped Seq from 750 to 753
Skipped Seq from 753 to 757
Skipped Seq from 762 to 764
Skipped Seq from 770 to 772
Skipped Seq from 772 to 774
Skipped Seq from 784 to 786
Skipped Seq from 786 to 788
Skipped Seq from 796 to 801
Skipped Seq from 804 to 806
Skipped Seq from 819 to 821
Skipped Seq from 835 to 841
Skipped Seq from 851 to 855
Skipped Seq from 857 to 859
Skipped Seq from 859 to 862
Skipped Seq from 869 to 874
Skipped Seq from 881 to 883
Skipped Seq from 887 to 889
Skipped Seq from 892 to 894
Skipped Seq from 895 to 897
Skipped Seq from 905 to 909
Skipped Seq from 913 to 916
Skipped Seq from 921 to 923
Skipped Seq from 929 to 933
Skipped Seq from 937 to 939
Skipped Seq from 945 to 948
Skipped Seq from 948 to 950
Skipped Seq from 954 to 957
Skipped Seq from 957 to 959
Skipped Seq from 960 to 963
Skipped Seq from 970 to 973
Skipped Seq from 976 to 981
Skipped Seq from 990 to 992
Skipped Seq from 999 to 1001
Skipped Seq from 1006 to 1009
Skipped Seq from 1009 to 1012
Skipped Seq from 1033 to 1035
Skipped Seq from 1035 to 1038
Skipped Seq from 1044 to 1049
Skipped Seq from 1049 to 1051
Skipped Seq from 1053 to 1055
Skipped Seq from 1055 to 1057
Skipped Seq from 1060 to 1063
Skipped Seq from 1064 to 1066
Skipped Seq from 1066 to 1069
Skipped Seq from 1069 to 1071
Skipped Seq from 1074 to 1077
Skipped Seq from 1078 to 1082
Skipped Seq from 1089 to 1091
Skipped Seq from 1099 to 1101
Skipped Seq from 1114 to 1117
Skipped Seq from 1121 to 1127
Skipped Seq from 1127 to 1130
Skipped Seq from 1132 to 1134
Skipped Seq from 1136 to 1139
Skipped Seq from 1139 to 1141
Skipped Seq from 1154 to 1156
Skipped Seq from 1158 to 1163
Skipped Seq from 1173 to 1175
Skipped Seq from 1183 to 1189
Skipped Seq from 1203 to 1205
Skipped Seq from 7684 to 7686
Skipped Seq from 7689 to 7692
Skipped Seq from 7693 to 7698
Skipped Seq from 7698 to 7700
Skipped Seq from 7700 to 7702
Skipped Seq from 7704 to 7706
Skipped Seq from 7708 to 7710
Skipped Seq from 7713 to 7715
Skipped Seq from 7715 to 7721
Skipped Seq from 7724 to 7727
Skipped Seq from 7727 to 7729
Skipped Seq from 7730 to 7732
Skipped Seq from 7734 to 7738
Skipped Seq from 7739 to 7742
Skipped Seq from 7745 to 7754
Skipped Seq from 7757 to 7759
Skipped Seq from 7759 to 7761
Skipped Seq from 7762 to 7771
Skipped Seq from 7771 to 7774
Skipped Seq from 7774 to 7778
Skipped Seq from 7780 to 7783
Skipped Seq from 7783 to 7785
Skipped Seq from 7785 to 7788
Skipped Seq from 7788 to 7791
Skipped Seq from 7793 to 7795
Skipped Seq from 7795 to 7799
Skipped Seq from 7801 to 7803
Skipped Seq from 7804 to 7807
Skipped Seq from 7807 to 7816
Skipped Seq from 7816 to 7827
Skipped Seq from 7828 to 7830
Skipped Seq from 7830 to 7832
Skipped Seq from 7833 to 7842
Skipped Seq from 7842 to 7844
Skipped Seq from 7844 to 7847
Skipped Seq from 7848 to 7855
Skipped Seq from 7856 to 7859
Skipped Seq from 7860 to 7865
Skipped Seq from 7866 to 7868
Skipped Seq from 7871 to 7874
Skipped Seq from 7874 to 7884
Skipped Seq from 7885 to 7887
Skipped Seq from 7890 to 7893
Skipped Seq from 7896 to 7903
Skipped Seq from 7904 to 7910
Skipped Seq from 7912 to 7915
Skipped Seq from 7916 to 7921
Skipped Seq from 7923 to 7925
Skipped Seq from 7927 to 7929
Skipped Seq from 7929 to 7936
Skipped Seq from 7936 to 7938
Skipped Seq from 7938 to 7941
Skipped Seq from 7941 to 7943
Skipped Seq from 7943 to 7945
Skipped Seq from 7945 to 7950
Skipped Seq from 7951 to 7954
Skipped Seq from 7954 to 7957
Skipped Seq from 7958 to 7962
Skipped Seq from 7963 to 7965
Skipped Seq from 7965 to 7976
Skipped Seq from 7977 to 7980
Skipped Seq from 7980 to 8001
Skipped Seq from 8001 to 8012
Skipped Seq from 8012 to 8020
Skipped Seq from 8021 to 8030
Skipped Seq from 8035 to 8039
Skipped Seq from 8039 to 8041
Skipped Seq from 8045 to 8049
Skipped Seq from 8049 to 8053
Skipped Seq from 8053 to 8055
Skipped Seq from 8055 to 8058
Skipped Seq from 8065 to 8067
Skipped Seq from 8067 to 8069
Skipped Seq from 8070 to 8072
Skipped Seq from 8074 to 8078
Skipped Seq from 8078 to 8081
Skipped Seq from 8081 to 8090
Skipped Seq from 8095 to 8097
Skipped Seq from 8101 to 8103
Skipped Seq from 8104 to 8106
Skipped Seq from 8106 to 8108
Skipped Seq from 8109 to 8111
Skipped Seq from 8112 to 8114
Skipped Seq from 8116 to 8120
Skipped Seq from 8122 to 8133
Skipped Seq from 8135 to 8137
Skipped Seq from 8139 to 8142
Skipped Seq from 8146 to 8149
Skipped Seq from 8149 to 8153
Skipped Seq from 8153 to 8155
Skipped Seq from 8155 to 8158
Skipped Seq from 8158 to 8163
Skipped Seq from 8163 to 8166
Skipped Seq from 8166 to 8168
Skipped Seq from 8168 to 8171
Skipped Seq from 8172 to 8174
Skipped Seq from 8174 to 8190
Skipped Seq from 8191 to 8195
Skipped Seq from 8195 to 8197
Skipped Seq from 8200 to 8204
Skipped Seq from 8206 to 8209
Skipped Seq from 8209 to 8214
Skipped Seq from 8214 to 8217
Skipped Seq from 8217 to 8222
Skipped Seq from 8222 to 8226
Skipped Seq from 8226 to 8228
Skipped Seq from 8228 to 8230
Skipped Seq from 8231 to 8233
Skipped Seq from 8233 to 8235
Skipped Seq from 8238 to 8241
Skipped Seq from 8241 to 8243
Skipped Seq from 8243 to 8248
Skipped Seq from 8248 to 8252
Skipped Seq from 8256 to 8265
Skipped Seq from 8265 to 8270
Skipped Seq from 8270 to 8273
Skipped Seq from 8275 to 8277
Skipped Seq from 8278 to 8280
Skipped Seq from 8280 to 8288
Skipped Seq from 8288 to 8290
Skipped Seq from 8290 to 8308
Skipped Seq from 8310 to 8316
Skipped Seq from 8316 to 8318
Skipped Seq from 8323 to 8325
Skipped Seq from 8325 to 8328
Skipped Seq from 8329 to 8332
Skipped Seq from 8332 to 8337
Skipped Seq from 8337 to 8349
Skipped Seq from 8349 to 8352
Skipped Seq from 8352 to 8363
Skipped Seq from 8363 to 8368
Skipped Seq from 8369 to 8374
Skipped Seq from 8375 to 8377
Skipped Seq from 8379 to 8381
Skipped Seq from 8381 to 8385
Skipped Seq from 8385 to 8387
Skipped Seq from 8390 to 8393
Skipped Seq from 8393 to 8395
Skipped Seq from 8398 to 8400
Skipped Seq from 8402 to 8404
Skipped Seq from 8405 to 8408
Skipped Seq from 8408 to 8410
Skipped Seq from 8411 to 8413
Skipped Seq from 8413 to 8419
Skipped Seq from 8421 to 8426
Skipped Seq from 8430 to 8436
Skipped Seq from 8436 to 8442
Skipped Seq from 8442 to 8446
Skipped Seq from 8447 to 8450
Skipped Seq from 8455 to 8460
Skipped Seq from 8461 to 8469
Skipped Seq from 8470 to 8472
Skipped Seq from 8472 to 8479
Skipped Seq from 8479 to 8481
Skipped Seq from 8481 to 8484
Skipped Seq from 8485 to 8488
Skipped Seq from 8491 to 8493
Skipped Seq from 8494 to 8498
Skipped Seq from 8498 to 8501
Skipped Seq from 8504 to 8506
Skipped Seq from 8512 to 8515
Skipped Seq from 8519 to 8521
Skipped Seq from 8521 to 8524
Skipped Seq from 8524 to 8529
Skipped Seq from 8529 to 8533
Skipped Seq from 8533 to 8537
Skipped Seq from 8538 to 8543
Skipped Seq from 8548 to 8552
Skipped Seq from 8554 to 8567
Skipped Seq from 8567 to 8573
Skipped Seq from 8573 to 8575
Skipped Seq from 8575 to 8578
Skipped Seq from 8578 to 8580
Skipped Seq from 8582 to 8584
Skipped Seq from 8586 to 8588
Skipped Seq from 8588 to 8590
Skipped Seq from 8590 to 8592
Skipped Seq from 8593 to 8596
Skipped Seq from 8599 to 8601
Skipped Seq from 8602 to 8607
Skipped Seq from 8607 to 8612
Skipped Seq from 8612 to 8615
Skipped Seq from 8615 to 8618
Skipped Seq from 8622 to 8626
Skipped Seq from 8626 to 8628
Skipped Seq from 8630 to 8632
Skipped Seq from 8632 to 8636
Skipped Seq from 8637 to 8643
Skipped Seq from 8643 to 8646
Skipped Seq from 8647 to 8649
Skipped Seq from 8649 to 8655
Skipped Seq from 8656 to 8665
Skipped Seq from 8665 to 8667
Skipped Seq from 8667 to 8669
Skipped Seq from 8671 to 8677
Skipped Seq from 8678 to 8681
Skipped Seq from 8681 to 8686
Skipped Seq from 8689 to 8693
Skipped Seq from 8694 to 8698
Skipped Seq from 8698 to 8700
Skipped Seq from 8701 to 8703
Skipped Seq from 8704 to 8708
Skipped Seq from 8708 to 8710
Skipped Seq from 8712 to 8714
Skipped Seq from 8717 to 8719
Skipped Seq from 8722 to 8725
Skipped Seq from 8727 to 8733
Skipped Seq from 8733 to 8737
Skipped Seq from 8737 to 8746
Skipped Seq from 8746 to 8756
Skipped Seq from 8756 to 8763
Skipped Seq from 8764 to 8766
Skipped Seq from 8768 to 8770
Skipped Seq from 8770 to 8772
Skipped Seq from 8773 to 8776
Skipped Seq from 8776 to 8778
Skipped Seq from 8778 to 8780
Skipped Seq from 8782 to 8784
Skipped Seq from 8784 to 8788
Skipped Seq from 8789 to 8791
Skipped Seq from 8791 to 8797
Skipped Seq from 8798 to 8804
Skipped Seq from 8805 to 8811
Skipped Seq from 8811 to 8816
Skipped Seq from 8816 to 8819
Skipped Seq from 8819 to 8824
Skipped Seq from 8824 to 8829
Skipped Seq from 8829 to 8833
Skipped Seq from 8833 to 8835
Skipped Seq from 8835 to 8841
Skipped Seq from 8843 to 8846
Skipped Seq from 8846 to 8848
Skipped Seq from 8848 to 8850
Skipped Seq from 8854 to 8856
Skipped Seq from 8859 to 8861
Skipped Seq from 8863 to 8865
Skipped Seq from 8867 to 8869
Skipped Seq from 8869 to 8872
Skipped Seq from 8874 to 8880
Skipped Seq from 8880 to 8885
Skipped Seq from 8885 to 8889
Skipped Seq from 8889 to 8894
Skipped Seq from 8894 to 8897
Skipped Seq from 8897 to 8899
Skipped Seq from 8900 to 8902
Skipped Seq from 8902 to 8904
Skipped Seq from 8906 to 8908
Skipped Seq from 8909 to 8911
Skipped Seq from 8912 to 8914
Skipped Seq from 8914 to 8916
Skipped Seq from 8916 to 8929
Skipped Seq from 8929 to 8937
Skipped Seq from 8942 to 8944
Skipped Seq from 8945 to 8950
Skipped Seq from 8952 to 8955
Skipped Seq from 8956 to 8964
Skipped Seq from 8965 to 8968
Skipped Seq from 8970 to 8973
Skipped Seq from 8975 to 8982
Skipped Seq from 8982 to 8984
Skipped Seq from 8988 to 8990
Skipped Seq from 8993 to 8997
Skipped Seq from 8997 to 9000
Skipped Seq from 9000 to 9002
Skipped Seq from 9002 to 9005
Skipped Seq from 9005 to 9014
Skipped Seq from 9014 to 9018
Skipped Seq from 9018 to 9020
Skipped Seq from 9020 to 9030
Skipped Seq from 9032 to 9034
Skipped Seq from 9035 to 9037
Skipped Seq from 9037 to 9041
Skipped Seq from 9043 to 9045
Skipped Seq from 9045 to 9047
Skipped Seq from 9049 to 9051
Skipped Seq from 9052 to 9054
Skipped Seq from 9054 to 9056
Skipped Seq from 9056 to 9059
Skipped Seq from 9061 to 9063
Skipped Seq from 9064 to 9067
Skipped Seq from 9068 to 9071
Skipped Seq from 9072 to 9075
Skipped Seq from 9075 to 9078
Skipped Seq from 9079 to 9083
Skipped Seq from 9083 to 9086
Skipped Seq from 9087 to 9089
Skipped Seq from 9090 to 9092
Skipped Seq from 9093 to 9099
Skipped Seq from 9100 to 9102
Skipped Seq from 9102 to 9104
Skipped Seq from 9105 to 9114
Skipped Seq from 9114 to 9120
Skipped Seq from 9120 to 9122
Skipped Seq from 9122 to 9124
Skipped Seq from 9124 to 9126
Skipped Seq from 9126 to 9128
Skipped Seq from 9128 to 9130
Skipped Seq from 9132 to 9134
Skipped Seq from 9135 to 9137
Skipped Seq from 9147 to 9152
Skipped Seq from 9154 to 9156
Skipped Seq from 9157 to 9159
Skipped Seq from 9160 to 9162
Skipped Seq from 9163 to 9171
Skipped Seq from 9171 to 9174
Skipped Seq from 9175 to 9178
Skipped Seq from 9179 to 9187
Skipped Seq from 9187 to 9189
Skipped Seq from 9189 to 9192
Skipped Seq from 9192 to 9195
Skipped Seq from 9196 to 9198
Skipped Seq from 9198 to 9201
Skipped Seq from 9202 to 9205
Skipped Seq from 9207 to 9209
Skipped Seq from 9210 to 9212
Skipped Seq from 9213 to 9217
Skipped Seq from 9217 to 9219
Skipped Seq from 9219 to 9221
Skipped Seq from 9222 to 9226
Skipped Seq from 9227 to 9230
Skipped Seq from 9230 to 9232
Skipped Seq from 9232 to 9243
Skipped Seq from 9244 to 9248
Skipped Seq from 9248 to 9257
Skipped Seq from 9258 to 9260
Skipped Seq from 9261 to 9264
Skipped Seq from 9265 to 9267
Skipped Seq from 9269 to 9273
Skipped Seq from 9273 to 9277
Skipped Seq from 9278 to 9281
Skipped Seq from 9288 to 9291
Skipped Seq from 9292 to 9294
Skipped Seq from 9294 to 9296
Skipped Seq from 9299 to 9301
Skipped Seq from 9302 to 9304
Skipped Seq from 9307 to 9312
Skipped Seq from 9312 to 9314
Skipped Seq from 9315 to 9318
Skipped Seq from 9318 to 9329
Skipped Seq from 9329 to 9332
Skipped Seq from 9332 to 9335
Skipped Seq from 9337 to 9339
Skipped Seq from 9339 to 9351
Skipped Seq from 9351 to 9358
Skipped Seq from 9358 to 9365
Skipped Seq from 9368 to 9373
Skipped Seq from 9376 to 9382
Skipped Seq from 9382 to 9388
Skipped Seq from 9388 to 9393
Skipped Seq from 9393 to 9401
Skipped Seq from 9401 to 9404
Skipped Seq from 9404 to 9406
Skipped Seq from 9406 to 9416
Skipped Seq from 9418 to 9420
Skipped Seq from 9423 to 9425
Skipped Seq from 9433 to 9438
Skipped Seq from 9438 to 9441
Skipped Seq from 9441 to 9444
Skipped Seq from 9445 to 9449
Skipped Seq from 9449 to 9458
Skipped Seq from 9459 to 9461
Skipped Seq from 9461 to 9463
Skipped Seq from 9463 to 9465
Skipped Seq from 9465 to 9474
Skipped Seq from 9474 to 9482
Skipped Seq from 9484 to 9486
Skipped Seq from 9514 to 9518
Skipped Seq from 9524 to 9526
Skipped Seq from 9535 to 9538
Skipped Seq from 9538 to 9541
Skipped Seq from 9541 to 9543
Skipped Seq from 9547 to 9549
Number of times throttled: 7
Received: 8209 / 9559 packets
Start time: 1332836940.909817
End time: 1332836967.495700
Duration: 26.585883
