Starting client at 10.0.0.10:1282 with timeout:10
My IP address is 10.0.0.10Skipped Seq from 1 to 3
Skipped Seq from 5 to 13
Skipped Seq from 13 to 15
Skipped Seq from 19 to 21
Skipped Seq from 24 to 26
Skipped Seq from 28 to 34
Skipped Seq from 36 to 39
Skipped Seq from 39 to 41
Skipped Seq from 42 to 49
Skipped Seq from 50 to 59
Skipped Seq from 59 to 62
Skipped Seq from 62 to 64
Skipped Seq from 64 to 68
Skipped Seq from 70 to 74
Skipped Seq from 75 to 79
Skipped Seq from 80 to 82
Skipped Seq from 82 to 86
Skipped Seq from 88 to 90
Skipped Seq from 92 to 101
Skipped Seq from 104 to 106
Skipped Seq from 107 to 109
Skipped Seq from 109 to 111
Skipped Seq from 111 to 113
Skipped Seq from 113 to 116
Skipped Seq from 117 to 119
Skipped Seq from 121 to 123
Skipped Seq from 123 to 125
Skipped Seq from 136 to 141
Skipped Seq from 141 to 143
Skipped Seq from 143 to 146
Skipped Seq from 146 to 149
Skipped Seq from 149 to 151
Skipped Seq from 152 to 154
Skipped Seq from 157 to 159
Skipped Seq from 166 to 168
Skipped Seq from 170 to 173
Skipped Seq from 174 to 176
Skipped Seq from 178 to 180
Skipped Seq from 183 to 185
Skipped Seq from 186 to 188
Skipped Seq from 189 to 191
Skipped Seq from 191 to 193
Skipped Seq from 193 to 196
Skipped Seq from 199 to 202
Skipped Seq from 204 to 206
Skipped Seq from 207 to 210
Skipped Seq from 210 to 215
Skipped Seq from 216 to 220
Skipped Seq from 221 to 223
Skipped Seq from 224 to 227
Skipped Seq from 227 to 229
Skipped Seq from 230 to 233
Skipped Seq from 233 to 236
Skipped Seq from 236 to 240
Skipped Seq from 240 to 246
Skipped Seq from 246 to 249
Skipped Seq from 253 to 255
Skipped Seq from 264 to 266
Skipped Seq from 268 to 270
Skipped Seq from 279 to 281
Skipped Seq from 282 to 291
Skipped Seq from 292 to 294
Skipped Seq from 295 to 308
Skipped Seq from 314 to 318
Skipped Seq from 320 to 323
Skipped Seq from 324 to 327
Skipped Seq from 327 to 330
Skipped Seq from 330 to 332
Skipped Seq from 336 to 339
Skipped Seq from 339 to 341
Skipped Seq from 341 to 343
Skipped Seq from 344 to 350
Skipped Seq from 350 to 352
Skipped Seq from 353 to 356
Skipped Seq from 367 to 369
Skipped Seq from 370 to 372
Skipped Seq from 372 to 377
Skipped Seq from 380 to 382
Skipped Seq from 383 to 385
Skipped Seq from 386 to 391
Skipped Seq from 391 to 393
Skipped Seq from 393 to 395
Skipped Seq from 398 to 401
Skipped Seq from 402 to 404
Skipped Seq from 407 to 409
Skipped Seq from 416 to 419
Skipped Seq from 421 to 424
Skipped Seq from 424 to 426
Skipped Seq from 430 to 432
Skipped Seq from 458 to 461
Skipped Seq from 461 to 466
Skipped Seq from 466 to 469
Skipped Seq from 469 to 471
Skipped Seq from 471 to 473
Skipped Seq from 473 to 475
Skipped Seq from 479 to 485
Skipped Seq from 485 to 487
Skipped Seq from 487 to 489
Skipped Seq from 490 to 497
Skipped Seq from 499 to 502
Skipped Seq from 513 to 518
Skipped Seq from 520 to 522
Skipped Seq from 523 to 526
Skipped Seq from 531 to 533
Skipped Seq from 533 to 535
Skipped Seq from 538 to 540
Skipped Seq from 543 to 545
Skipped Seq from 546 to 548
Skipped Seq from 551 to 561
Skipped Seq from 561 to 567
Skipped Seq from 567 to 569
Skipped Seq from 569 to 573
Skipped Seq from 573 to 576
Skipped Seq from 576 to 582
Skipped Seq from 587 to 590
Skipped Seq from 590 to 595
Skipped Seq from 598 to 604
Skipped Seq from 605 to 611
Skipped Seq from 611 to 613
Skipped Seq from 613 to 623
Skipped Seq from 624 to 634
Skipped Seq from 634 to 636
Skipped Seq from 641 to 643
Skipped Seq from 644 to 647
Skipped Seq from 647 to 649
Skipped Seq from 649 to 656
Skipped Seq from 656 to 659
Skipped Seq from 665 to 669
Skipped Seq from 669 to 671
Skipped Seq from 672 to 675
Skipped Seq from 683 to 690
Skipped Seq from 690 to 692
Skipped Seq from 697 to 699
Skipped Seq from 699 to 703
Skipped Seq from 703 to 705
Skipped Seq from 705 to 708
Skipped Seq from 708 to 712
Skipped Seq from 712 to 714
Skipped Seq from 714 to 718
Skipped Seq from 718 to 720
Skipped Seq from 720 to 723
Skipped Seq from 729 to 734
Skipped Seq from 739 to 743
Skipped Seq from 743 to 746
Skipped Seq from 746 to 748
Skipped Seq from 748 to 751
Skipped Seq from 752 to 755
Skipped Seq from 760 to 763
Skipped Seq from 763 to 765
Skipped Seq from 769 to 772
Skipped Seq from 783 to 785
Skipped Seq from 787 to 793
Skipped Seq from 793 to 795
Skipped Seq from 795 to 800
Skipped Seq from 800 to 802
Skipped Seq from 807 to 809
Skipped Seq from 810 to 812
Skipped Seq from 812 to 814
Skipped Seq from 823 to 828
Skipped Seq from 830 to 832
Skipped Seq from 836 to 838
Skipped Seq from 838 to 840
Skipped Seq from 842 to 848
Skipped Seq from 848 to 853
Skipped Seq from 853 to 855
Skipped Seq from 855 to 857
Skipped Seq from 858 to 861
Skipped Seq from 861 to 863
Skipped Seq from 863 to 866
Skipped Seq from 868 to 870
Skipped Seq from 870 to 872
Skipped Seq from 874 to 876
Skipped Seq from 878 to 885
Skipped Seq from 892 to 894
Skipped Seq from 900 to 904
Skipped Seq from 905 to 907
Skipped Seq from 915 to 920
Skipped Seq from 921 to 925
Skipped Seq from 928 to 932
Skipped Seq from 934 to 937
Skipped Seq from 941 to 945
Skipped Seq from 948 to 951
Skipped Seq from 956 to 959
Skipped Seq from 960 to 963
Skipped Seq from 963 to 965
Skipped Seq from 965 to 969
Skipped Seq from 969 to 973
Skipped Seq from 977 to 983
Skipped Seq from 983 to 985
Skipped Seq from 990 to 993
Skipped Seq from 1005 to 1010
Skipped Seq from 1035 to 1037
Skipped Seq from 1038 to 1040
Skipped Seq from 1053 to 1056
Skipped Seq from 1056 to 1059
Skipped Seq from 1059 to 1061
Skipped Seq from 1068 to 1072
Skipped Seq from 1073 to 1075
Skipped Seq from 1080 to 1084
Skipped Seq from 1084 to 1089
Skipped Seq from 1094 to 1096
Skipped Seq from 1097 to 1099
Skipped Seq from 1102 to 1104
Skipped Seq from 1109 to 1113
Skipped Seq from 1116 to 1118
Skipped Seq from 1125 to 1127
Skipped Seq from 1133 to 1135
Skipped Seq from 1135 to 1138
Skipped Seq from 1139 to 1143
Skipped Seq from 1143 to 1145
Skipped Seq from 1146 to 1149
Skipped Seq from 1151 to 1156
Skipped Seq from 1156 to 1158
Skipped Seq from 1158 to 1164
Skipped Seq from 1173 to 1177
Skipped Seq from 1179 to 1184
Skipped Seq from 1186 to 1193
Skipped Seq from 1195 to 1198
Number of times throttled: 3
Received: 2230 / 2733 packets
Start time: 1332837298.739820
End time: 1332837305.100403
Duration: 6.360583
