Starting client at 10.0.0.11:1248 with timeout:10
My IP address is 10.0.0.11Skipped Seq from 1506 to 1508
Skipped Seq from 1508 to 1511
Skipped Seq from 1513 to 1515
Skipped Seq from 1516 to 1518
Skipped Seq from 1518 to 1520
Skipped Seq from 1523 to 1527
Skipped Seq from 1527 to 1530
Skipped Seq from 1535 to 1537
Skipped Seq from 1538 to 1545
Skipped Seq from 1546 to 1548
Skipped Seq from 1550 to 1557
Skipped Seq from 1560 to 1562
Skipped Seq from 1564 to 1568
Skipped Seq from 1568 to 1571
Skipped Seq from 1571 to 1573
Skipped Seq from 1578 to 1580
Skipped Seq from 1582 to 1584
Skipped Seq from 1585 to 1588
Skipped Seq from 1590 to 1592
Skipped Seq from 1593 to 1595
Skipped Seq from 1595 to 1597
Skipped Seq from 1598 to 1601
Skipped Seq from 1602 to 1604
Skipped Seq from 1604 to 1606
Skipped Seq from 1606 to 1608
Skipped Seq from 1610 to 1612
Skipped Seq from 1619 to 1621
Skipped Seq from 1624 to 1627
Skipped Seq from 1629 to 1631
Skipped Seq from 1631 to 1634
Skipped Seq from 1634 to 1636
Skipped Seq from 1639 to 1641
Skipped Seq from 1647 to 1649
Skipped Seq from 1649 to 1651
Skipped Seq from 1651 to 1654
Skipped Seq from 1654 to 1656
Skipped Seq from 1657 to 1659
Skipped Seq from 1659 to 1663
Skipped Seq from 1663 to 1666
Skipped Seq from 1666 to 1668
Skipped Seq from 1674 to 1676
Skipped Seq from 1676 to 1678
Skipped Seq from 1678 to 1681
Skipped Seq from 1681 to 1684
Skipped Seq from 1685 to 1688
Skipped Seq from 1691 to 1699
Skipped Seq from 1699 to 1701
Skipped Seq from 1701 to 1704
Skipped Seq from 1706 to 1711
Skipped Seq from 1714 to 1716
Skipped Seq from 1716 to 1719
Skipped Seq from 1719 to 1721
Skipped Seq from 1722 to 1724
Skipped Seq from 1727 to 1729
Skipped Seq from 1731 to 1733
Skipped Seq from 1736 to 1739
Skipped Seq from 1739 to 1741
Skipped Seq from 1742 to 1744
Skipped Seq from 1744 to 1746
Skipped Seq from 1748 to 1751
Skipped Seq from 1754 to 1757
Skipped Seq from 1757 to 1760
Skipped Seq from 1763 to 1765
Skipped Seq from 1768 to 1770
Skipped Seq from 1770 to 1772
Skipped Seq from 1774 to 1776
Skipped Seq from 1777 to 1780
Skipped Seq from 1787 to 1789
Skipped Seq from 1790 to 1792
Skipped Seq from 1792 to 1795
Skipped Seq from 1795 to 1797
Skipped Seq from 1798 to 1801
Skipped Seq from 1801 to 1805
Skipped Seq from 1806 to 1808
Skipped Seq from 1808 to 1810
Skipped Seq from 1812 to 1815
Skipped Seq from 1817 to 1819
Skipped Seq from 1819 to 1821
Skipped Seq from 1823 to 1826
Skipped Seq from 1827 to 1829
Skipped Seq from 1834 to 1837
Skipped Seq from 1837 to 1840
Skipped Seq from 1843 to 1845
Skipped Seq from 1845 to 1847
Skipped Seq from 1847 to 1849
Skipped Seq from 1857 to 1859
Skipped Seq from 1859 to 1861
Skipped Seq from 1862 to 1864
Skipped Seq from 1879 to 1881
Skipped Seq from 1881 to 1884
Skipped Seq from 1884 to 1888
Skipped Seq from 1893 to 1895
Skipped Seq from 1896 to 1898
Skipped Seq from 1908 to 1910
Skipped Seq from 1913 to 1915
Skipped Seq from 1917 to 1919
Skipped Seq from 1919 to 1922
Skipped Seq from 1922 to 1924
Skipped Seq from 1926 to 1931
Skipped Seq from 1932 to 1935
Skipped Seq from 1936 to 1939
Skipped Seq from 1941 to 1943
Skipped Seq from 1943 to 1946
Skipped Seq from 1949 to 1952
Skipped Seq from 1952 to 1954
Skipped Seq from 1954 to 1956
Skipped Seq from 1957 to 1962
Skipped Seq from 1967 to 1970
Skipped Seq from 1971 to 1975
Skipped Seq from 1976 to 1981
Skipped Seq from 1985 to 1989
Skipped Seq from 1989 to 1993
Skipped Seq from 1994 to 1997
Skipped Seq from 1998 to 2002
Skipped Seq from 2003 to 2005
Skipped Seq from 2006 to 2011
Skipped Seq from 2014 to 2016
Skipped Seq from 2018 to 2020
Skipped Seq from 2024 to 2028
Skipped Seq from 2030 to 2032
Skipped Seq from 2032 to 2035
Skipped Seq from 2039 to 2042
Skipped Seq from 2042 to 2045
Skipped Seq from 2048 to 2056
Skipped Seq from 2071 to 2079
Skipped Seq from 2080 to 2086
Skipped Seq from 2086 to 2089
Skipped Seq from 2091 to 2093
Skipped Seq from 2096 to 2098
Skipped Seq from 2105 to 2107
Skipped Seq from 2107 to 2109
Skipped Seq from 2109 to 2115
Skipped Seq from 2116 to 2118
Skipped Seq from 2119 to 2121
Skipped Seq from 2123 to 2125
Skipped Seq from 2125 to 2127
Skipped Seq from 2128 to 2131
Skipped Seq from 2133 to 2135
Skipped Seq from 2135 to 2139
Skipped Seq from 2142 to 2145
Skipped Seq from 2147 to 2149
Skipped Seq from 2151 to 2157
Skipped Seq from 2157 to 2159
Skipped Seq from 2159 to 2161
Skipped Seq from 2170 to 2172
Skipped Seq from 2172 to 2174
Skipped Seq from 2174 to 2181
Skipped Seq from 2182 to 2184
Skipped Seq from 2186 to 2192
Skipped Seq from 2193 to 2196
Skipped Seq from 2196 to 2201
Skipped Seq from 2202 to 2204
Skipped Seq from 2205 to 2209
Skipped Seq from 2209 to 2211
Skipped Seq from 2213 to 2215
Skipped Seq from 2217 to 2220
Skipped Seq from 2222 to 2224
Skipped Seq from 2224 to 2226
Skipped Seq from 2227 to 2229
Skipped Seq from 2234 to 2236
Skipped Seq from 2237 to 2241
Skipped Seq from 2241 to 2243
Skipped Seq from 2247 to 2250
Skipped Seq from 2251 to 2254
Skipped Seq from 2256 to 2258
Skipped Seq from 2259 to 2262
Skipped Seq from 2264 to 2266
Skipped Seq from 2267 to 2269
Skipped Seq from 2271 to 2273
Skipped Seq from 2273 to 2278
Skipped Seq from 2278 to 2280
Skipped Seq from 2293 to 2295
Skipped Seq from 2295 to 2297
Skipped Seq from 2298 to 2300
Skipped Seq from 2302 to 2305
Skipped Seq from 2305 to 2308
Skipped Seq from 2309 to 2311
Skipped Seq from 2315 to 2318
Skipped Seq from 2321 to 2323
Skipped Seq from 2324 to 2326
Skipped Seq from 2327 to 2329
Skipped Seq from 2340 to 2342
Skipped Seq from 2348 to 2351
Skipped Seq from 2351 to 2353
Skipped Seq from 2356 to 2358
Skipped Seq from 2363 to 2368
Skipped Seq from 2370 to 2372
Skipped Seq from 2372 to 2377
Skipped Seq from 2383 to 2385
Skipped Seq from 2385 to 2387
Skipped Seq from 2392 to 2394
Skipped Seq from 2394 to 2396
Skipped Seq from 2396 to 2398
Skipped Seq from 2398 to 2400
Skipped Seq from 2400 to 2402
Skipped Seq from 2402 to 2405
Skipped Seq from 2406 to 2408
Skipped Seq from 2414 to 2417
Skipped Seq from 2418 to 2420
Skipped Seq from 2420 to 2422
Skipped Seq from 2422 to 2424
Skipped Seq from 2427 to 2429
Skipped Seq from 2429 to 2431
Skipped Seq from 2432 to 2436
Skipped Seq from 2437 to 2440
Skipped Seq from 2443 to 2446
Skipped Seq from 2450 to 2457
Skipped Seq from 2462 to 2464
Skipped Seq from 2466 to 2468
Skipped Seq from 2471 to 2473
Skipped Seq from 2474 to 2477
Skipped Seq from 2482 to 2484
Skipped Seq from 2491 to 2495
Skipped Seq from 2502 to 2505
Skipped Seq from 2509 to 2511
Skipped Seq from 2515 to 2519
Skipped Seq from 2520 to 2525
Skipped Seq from 2525 to 2529
Skipped Seq from 2529 to 2532
Skipped Seq from 2533 to 2535
Skipped Seq from 2536 to 2539
Skipped Seq from 2540 to 2544
Skipped Seq from 2545 to 2548
Skipped Seq from 2548 to 2550
Skipped Seq from 2550 to 2553
Skipped Seq from 2555 to 2557
Skipped Seq from 2557 to 2559
Skipped Seq from 2559 to 2561
Skipped Seq from 2561 to 2563
Skipped Seq from 2564 to 2568
Skipped Seq from 2570 to 2573
Skipped Seq from 2574 to 2577
Skipped Seq from 2577 to 2579
Skipped Seq from 2581 to 2583
Skipped Seq from 2585 to 2588
Skipped Seq from 2588 to 2590
Skipped Seq from 2590 to 2596
Skipped Seq from 2606 to 2609
Skipped Seq from 2613 to 2616
Skipped Seq from 2616 to 2618
Skipped Seq from 2619 to 2622
Skipped Seq from 2623 to 2626
Skipped Seq from 2628 to 2630
Skipped Seq from 2630 to 2634
Skipped Seq from 2636 to 2638
Skipped Seq from 2642 to 2644
Skipped Seq from 2650 to 2652
Skipped Seq from 2654 to 2656
Skipped Seq from 2656 to 2659
Skipped Seq from 2667 to 2672
Skipped Seq from 2673 to 2675
Skipped Seq from 2676 to 2679
Skipped Seq from 2679 to 2682
Skipped Seq from 2682 to 2685
Skipped Seq from 2691 to 2693
Skipped Seq from 2697 to 2700
Skipped Seq from 2700 to 2703
Skipped Seq from 2703 to 2706
Skipped Seq from 2708 to 2710
Skipped Seq from 2710 to 2713
Skipped Seq from 2713 to 2715
Skipped Seq from 2718 to 2721
Skipped Seq from 2724 to 2726
Skipped Seq from 2728 to 2730
Skipped Seq from 2733 to 2736
Skipped Seq from 2736 to 2738
Skipped Seq from 2738 to 2740
Skipped Seq from 2740 to 2742
Skipped Seq from 2742 to 2744
Skipped Seq from 2744 to 2746
Skipped Seq from 2746 to 2749
Skipped Seq from 2750 to 2752
Skipped Seq from 2752 to 2754
Skipped Seq from 2754 to 2756
Skipped Seq from 2763 to 2765
Skipped Seq from 2767 to 2769
Skipped Seq from 2771 to 2774
Skipped Seq from 2776 to 2778
Skipped Seq from 2778 to 2780
Skipped Seq from 2784 to 2786
Skipped Seq from 2786 to 2788
Skipped Seq from 2789 to 2793
Skipped Seq from 2794 to 2796
Skipped Seq from 2798 to 2802
Skipped Seq from 2802 to 2804
Skipped Seq from 2804 to 2807
Skipped Seq from 2809 to 2812
Skipped Seq from 2812 to 2814
Skipped Seq from 2815 to 2818
Skipped Seq from 2820 to 2822
Skipped Seq from 2825 to 2831
Skipped Seq from 2835 to 2839
Skipped Seq from 2839 to 2843
Skipped Seq from 2844 to 2846
Skipped Seq from 2848 to 2852
Skipped Seq from 2858 to 2860
Skipped Seq from 2860 to 2863
Skipped Seq from 2868 to 2870
Skipped Seq from 2872 to 2880
Skipped Seq from 2883 to 2885
Skipped Seq from 2888 to 2890
Skipped Seq from 2890 to 2892
Skipped Seq from 2892 to 2894
Skipped Seq from 2894 to 2896
Skipped Seq from 2898 to 2900
Skipped Seq from 2901 to 2904
Skipped Seq from 2905 to 2908
Skipped Seq from 2912 to 2914
Skipped Seq from 2915 to 2918
Skipped Seq from 2918 to 2920
Skipped Seq from 2923 to 2925
Skipped Seq from 2932 to 2935
Skipped Seq from 2935 to 2939
Skipped Seq from 2944 to 2946
Skipped Seq from 2949 to 2951
Skipped Seq from 2951 to 2953
Skipped Seq from 2955 to 2957
Skipped Seq from 2957 to 2962
Skipped Seq from 2962 to 2966
Skipped Seq from 2967 to 2970
Skipped Seq from 2970 to 2972
Skipped Seq from 2973 to 2975
Skipped Seq from 2976 to 2983
Skipped Seq from 2984 to 2987
Skipped Seq from 2987 to 2991
Skipped Seq from 2991 to 2996
Skipped Seq from 2998 to 3000
Skipped Seq from 3009 to 3011
Skipped Seq from 3011 to 3013
Skipped Seq from 3013 to 3016
Skipped Seq from 3016 to 3018
Skipped Seq from 3018 to 3020
Skipped Seq from 3020 to 3022
Skipped Seq from 3023 to 3025
Skipped Seq from 3027 to 3030
Skipped Seq from 3032 to 3034
Skipped Seq from 3035 to 3037
Skipped Seq from 3040 to 3042
Skipped Seq from 3045 to 3047
Skipped Seq from 3052 to 3054
Skipped Seq from 3054 to 3056
Skipped Seq from 3061 to 3063
Skipped Seq from 3063 to 3066
Skipped Seq from 3067 to 3070
Skipped Seq from 3070 to 3072
Skipped Seq from 3072 to 3075
Skipped Seq from 3076 to 3079
Skipped Seq from 3080 to 3085
Skipped Seq from 3085 to 3089
Skipped Seq from 3096 to 3098
Skipped Seq from 3099 to 3103
Skipped Seq from 3104 to 3106
Skipped Seq from 3106 to 3109
Skipped Seq from 3110 to 3112
Skipped Seq from 3112 to 3114
Skipped Seq from 3118 to 3120
Skipped Seq from 3121 to 3123
Skipped Seq from 3125 to 3128
Skipped Seq from 3134 to 3136
Skipped Seq from 3139 to 3141
Skipped Seq from 3145 to 3147
Skipped Seq from 3149 to 3151
Skipped Seq from 3152 to 3154
Skipped Seq from 3154 to 3156
Skipped Seq from 3156 to 3158
Skipped Seq from 3160 to 3163
Skipped Seq from 3164 to 3166
Skipped Seq from 3167 to 3169
Skipped Seq from 3170 to 3174
Skipped Seq from 3175 to 3178
Skipped Seq from 3178 to 3184
Skipped Seq from 3187 to 3190
Skipped Seq from 3196 to 3198
Skipped Seq from 3200 to 3202
Skipped Seq from 3203 to 3206
Skipped Seq from 3207 to 3210
Skipped Seq from 3211 to 3213
Skipped Seq from 3219 to 3221
Skipped Seq from 3221 to 3225
Skipped Seq from 3228 to 3232
Skipped Seq from 3237 to 3239
Skipped Seq from 3239 to 3245
Skipped Seq from 3245 to 3249
Skipped Seq from 3249 to 3256
Skipped Seq from 3263 to 3265
Skipped Seq from 3266 to 3274
Skipped Seq from 3274 to 3278
Skipped Seq from 3280 to 3284
Skipped Seq from 3286 to 3292
Skipped Seq from 3295 to 3297
Skipped Seq from 3303 to 3305
Skipped Seq from 3306 to 3309
Skipped Seq from 3309 to 3311
Skipped Seq from 3313 to 3315
Skipped Seq from 3315 to 3317
Skipped Seq from 3317 to 3322
Skipped Seq from 3329 to 3331
Skipped Seq from 3338 to 3347
Skipped Seq from 3347 to 3350
Skipped Seq from 3359 to 3361
Skipped Seq from 3366 to 3368
Skipped Seq from 3368 to 3372
Skipped Seq from 3748 to 3792
Skipped Seq from 3808 to 3858
Skipped Seq from 6966 to 6972
Skipped Seq from 6976 to 6978
Skipped Seq from 6978 to 6980
Skipped Seq from 6980 to 6984
Skipped Seq from 6996 to 6999
Skipped Seq from 7004 to 7008
Skipped Seq from 7012 to 7015
Skipped Seq from 7015 to 7019
Skipped Seq from 7024 to 7026
Skipped Seq from 7029 to 7031
Skipped Seq from 7034 to 7038
Skipped Seq from 7045 to 7048
Skipped Seq from 7052 to 7056
Skipped Seq from 7056 to 7058
Skipped Seq from 7060 to 7062
Skipped Seq from 7064 to 7067
Skipped Seq from 7068 to 7070
Skipped Seq from 7074 to 7077
Skipped Seq from 7082 to 7084
Skipped Seq from 7087 to 7090
Skipped Seq from 7090 to 7092
Skipped Seq from 7100 to 7103
Skipped Seq from 7103 to 7106
Skipped Seq from 7108 to 7111
Skipped Seq from 7115 to 7118
Skipped Seq from 7120 to 7122
Skipped Seq from 7124 to 7127
Skipped Seq from 7131 to 7136
Skipped Seq from 7140 to 7146
Skipped Seq from 7157 to 7161
Skipped Seq from 7162 to 7164
Skipped Seq from 7181 to 7184
Skipped Seq from 7202 to 7213
Skipped Seq from 7214 to 7216
Skipped Seq from 7218 to 7220
Skipped Seq from 7221 to 7223
Skipped Seq from 7225 to 7227
Skipped Seq from 7229 to 7233
Skipped Seq from 7235 to 7240
Skipped Seq from 7240 to 7242
Skipped Seq from 7243 to 7245
Skipped Seq from 7246 to 7248
Skipped Seq from 7251 to 7255
Skipped Seq from 7256 to 7258
Skipped Seq from 7260 to 7262
Skipped Seq from 7263 to 7265
Skipped Seq from 7267 to 7269
Skipped Seq from 7269 to 7271
Skipped Seq from 7272 to 7274
Skipped Seq from 7274 to 7278
Skipped Seq from 7278 to 7281
Skipped Seq from 7284 to 7290
Skipped Seq from 7291 to 7293
Skipped Seq from 7298 to 7300
Skipped Seq from 7303 to 7313
Skipped Seq from 7315 to 7317
Skipped Seq from 7317 to 7321
Skipped Seq from 7322 to 7324
Skipped Seq from 7327 to 7329
Skipped Seq from 7329 to 7335
Skipped Seq from 7342 to 7344
Skipped Seq from 7345 to 7348
Skipped Seq from 7350 to 7355
Skipped Seq from 7355 to 7358
Skipped Seq from 7358 to 7360
Skipped Seq from 7375 to 7379
Skipped Seq from 7383 to 7389
Skipped Seq from 7390 to 7397
Skipped Seq from 7400 to 7402
Skipped Seq from 7402 to 7405
Skipped Seq from 7407 to 7410
Skipped Seq from 7413 to 7420
Skipped Seq from 7420 to 7424
Skipped Seq from 7433 to 7437
Skipped Seq from 7437 to 7440
Skipped Seq from 7440 to 7442
Skipped Seq from 7443 to 7447
Skipped Seq from 7449 to 7452
Skipped Seq from 7454 to 7456
Skipped Seq from 7464 to 7466
Skipped Seq from 7466 to 7471
Skipped Seq from 7474 to 7478
Skipped Seq from 7478 to 7480
Skipped Seq from 7480 to 7483
Skipped Seq from 7489 to 7492
Skipped Seq from 7497 to 7501
Skipped Seq from 7507 to 7509
Skipped Seq from 7511 to 7514
Skipped Seq from 7516 to 7519
Skipped Seq from 7521 to 7524
Skipped Seq from 7526 to 7531
Skipped Seq from 7532 to 7535
Skipped Seq from 7536 to 7538
Skipped Seq from 7546 to 7552
Skipped Seq from 7555 to 7560
Skipped Seq from 7560 to 7562
Skipped Seq from 7563 to 7567
Skipped Seq from 7567 to 7570
Skipped Seq from 7570 to 7576
Skipped Seq from 7582 to 7584
Skipped Seq from 7584 to 7586
Skipped Seq from 7586 to 7590
Skipped Seq from 7592 to 7594
Skipped Seq from 7600 to 7604
Skipped Seq from 7604 to 7606
Skipped Seq from 7607 to 7611
Skipped Seq from 7613 to 7633
Skipped Seq from 7634 to 7636
Skipped Seq from 7636 to 7638
Skipped Seq from 7641 to 7643
Skipped Seq from 7651 to 7659
Skipped Seq from 7673 to 7675
Skipped Seq from 7681 to 7689
Skipped Seq from 7690 to 7693
Skipped Seq from 7694 to 7697
Skipped Seq from 7699 to 7701
Skipped Seq from 7703 to 7705
Skipped Seq from 7708 to 7711
Skipped Seq from 7713 to 7717
Skipped Seq from 7717 to 7720
Skipped Seq from 7720 to 7722
Skipped Seq from 7722 to 7725
Skipped Seq from 7725 to 7727
Skipped Seq from 7746 to 7749
Skipped Seq from 7750 to 7752
Skipped Seq from 7755 to 7758
Skipped Seq from 7758 to 7760
Skipped Seq from 7766 to 7768
Skipped Seq from 7768 to 7773
Skipped Seq from 7773 to 7778
Skipped Seq from 7782 to 7785
Skipped Seq from 7786 to 7791
Skipped Seq from 7791 to 7793
Skipped Seq from 7793 to 7795
Skipped Seq from 7797 to 7799
Skipped Seq from 7812 to 7814
Skipped Seq from 7816 to 7819
Skipped Seq from 7821 to 7834
Skipped Seq from 7839 to 7842
Skipped Seq from 7845 to 7848
Skipped Seq from 7853 to 7855
Skipped Seq from 7855 to 7857
Skipped Seq from 7858 to 7861
Skipped Seq from 7863 to 7867
Skipped Seq from 7867 to 7869
Skipped Seq from 7872 to 7875
Skipped Seq from 7876 to 7880
Skipped Seq from 7880 to 7883
Skipped Seq from 7883 to 7885
Skipped Seq from 7889 to 7891
Skipped Seq from 7892 to 7900
Skipped Seq from 7901 to 7904
Skipped Seq from 7913 to 7915
Skipped Seq from 7915 to 7919
Skipped Seq from 7921 to 7924
Skipped Seq from 7926 to 7928
Skipped Seq from 7930 to 7932
Skipped Seq from 7932 to 7935
Skipped Seq from 7939 to 7941
Skipped Seq from 7941 to 7943
Skipped Seq from 7945 to 7948
Skipped Seq from 7953 to 7955
Skipped Seq from 7960 to 7964
Skipped Seq from 7970 to 7972
Skipped Seq from 7973 to 7975
Skipped Seq from 7979 to 7981
Skipped Seq from 7985 to 7987
Skipped Seq from 7987 to 7989
Skipped Seq from 8001 to 8004
Skipped Seq from 8008 to 8010
Skipped Seq from 8012 to 8015
Skipped Seq from 8027 to 8030
Skipped Seq from 8035 to 8038
Skipped Seq from 8053 to 8058
Skipped Seq from 8084 to 8086
Skipped Seq from 8105 to 8107
Skipped Seq from 8109 to 8111
Skipped Seq from 8112 to 8115
Skipped Seq from 8125 to 8127
Skipped Seq from 8130 to 8132
Skipped Seq from 8134 to 8138
Skipped Seq from 8144 to 8149
Skipped Seq from 8177 to 8179
Skipped Seq from 8179 to 8181
Skipped Seq from 8203 to 8205
Skipped Seq from 8223 to 8225
Skipped Seq from 8237 to 8240
Skipped Seq from 8246 to 8248
Skipped Seq from 8249 to 8251
Skipped Seq from 8323 to 8328
Skipped Seq from 8336 to 8338
Skipped Seq from 8355 to 8357
Skipped Seq from 8404 to 8406
Skipped Seq from 8538 to 8543
Skipped Seq from 8583 to 8601
Skipped Seq from 8616 to 8622
Skipped Seq from 8622 to 8644
Skipped Seq from 8650 to 8682
Number of times throttled: 10
Received: 8073 / 9402 packets
Start time: 1332835808.779740
End time: 1332835835.105350
Duration: 26.325610
