Starting client at 10.0.0.17:1247 with timeout:10
My IP address is 10.0.0.17Skipped Seq from 1505 to 1507
Skipped Seq from 1516 to 1518
Skipped Seq from 1520 to 1523
Skipped Seq from 1534 to 1537
Skipped Seq from 1537 to 1540
Skipped Seq from 1540 to 1542
Skipped Seq from 1542 to 1544
Skipped Seq from 1544 to 1547
Skipped Seq from 1550 to 1552
Skipped Seq from 1554 to 1556
Skipped Seq from 1556 to 1558
Skipped Seq from 1559 to 1561
Skipped Seq from 1562 to 1565
Skipped Seq from 1565 to 1567
Skipped Seq from 1567 to 1571
Skipped Seq from 1571 to 1576
Skipped Seq from 1576 to 1578
Skipped Seq from 1578 to 1583
Skipped Seq from 1583 to 1585
Skipped Seq from 1587 to 1589
Skipped Seq from 1591 to 1594
Skipped Seq from 1594 to 1596
Skipped Seq from 1597 to 1599
Skipped Seq from 1599 to 1603
Skipped Seq from 1603 to 1607
Skipped Seq from 1607 to 1609
Skipped Seq from 1610 to 1612
Skipped Seq from 1614 to 1616
Skipped Seq from 1620 to 1622
Skipped Seq from 1628 to 1630
Skipped Seq from 1630 to 1633
Skipped Seq from 1635 to 1637
Skipped Seq from 1641 to 1643
Skipped Seq from 1643 to 1648
Skipped Seq from 1649 to 1654
Skipped Seq from 1655 to 1660
Skipped Seq from 1661 to 1663
Skipped Seq from 1663 to 1666
Skipped Seq from 1666 to 1668
Skipped Seq from 1668 to 1671
Skipped Seq from 1671 to 1673
Skipped Seq from 1680 to 1682
Skipped Seq from 1682 to 1684
Skipped Seq from 1684 to 1689
Skipped Seq from 1691 to 1693
Skipped Seq from 1693 to 1695
Skipped Seq from 1696 to 1698
Skipped Seq from 1698 to 1700
Skipped Seq from 1709 to 1712
Skipped Seq from 1712 to 1715
Skipped Seq from 1715 to 1717
Skipped Seq from 1726 to 1728
Skipped Seq from 1728 to 1731
Skipped Seq from 1733 to 1736
Skipped Seq from 1736 to 1740
Skipped Seq from 1747 to 1749
Skipped Seq from 1749 to 1753
Skipped Seq from 1758 to 1760
Skipped Seq from 1760 to 1762
Skipped Seq from 1762 to 1764
Skipped Seq from 1769 to 1772
Skipped Seq from 1772 to 1775
Skipped Seq from 1775 to 1777
Skipped Seq from 1778 to 1780
Skipped Seq from 1780 to 1782
Skipped Seq from 1782 to 1785
Skipped Seq from 1785 to 1787
Skipped Seq from 1787 to 1790
Skipped Seq from 1790 to 1795
Skipped Seq from 1799 to 1801
Skipped Seq from 1807 to 1809
Skipped Seq from 1811 to 1813
Skipped Seq from 1816 to 1818
Skipped Seq from 1822 to 1825
Skipped Seq from 1826 to 1828
Skipped Seq from 1830 to 1832
Skipped Seq from 1833 to 1835
Skipped Seq from 1835 to 1837
Skipped Seq from 1837 to 1842
Skipped Seq from 1843 to 1846
Skipped Seq from 1847 to 1850
Skipped Seq from 1851 to 1857
Skipped Seq from 1857 to 1860
Skipped Seq from 1860 to 1863
Skipped Seq from 1868 to 1873
Skipped Seq from 1876 to 1878
Skipped Seq from 1878 to 1880
Skipped Seq from 1880 to 1883
Skipped Seq from 1883 to 1885
Skipped Seq from 1891 to 1893
Skipped Seq from 1897 to 1899
Skipped Seq from 1908 to 1911
Skipped Seq from 1914 to 1916
Skipped Seq from 1916 to 1918
Skipped Seq from 1920 to 1922
Skipped Seq from 1922 to 1924
Skipped Seq from 1924 to 1926
Skipped Seq from 1926 to 1928
Skipped Seq from 1932 to 1934
Skipped Seq from 1936 to 1938
Skipped Seq from 1938 to 1940
Skipped Seq from 1941 to 1945
Skipped Seq from 1945 to 1949
Skipped Seq from 1950 to 1952
Skipped Seq from 1953 to 1956
Skipped Seq from 1956 to 1963
Skipped Seq from 1964 to 1966
Skipped Seq from 1969 to 1972
Skipped Seq from 1981 to 1983
Skipped Seq from 1985 to 1988
Skipped Seq from 1989 to 1991
Skipped Seq from 1991 to 1993
Skipped Seq from 1995 to 1997
Skipped Seq from 1997 to 2000
Skipped Seq from 2005 to 2009
Skipped Seq from 2009 to 2011
Skipped Seq from 2013 to 2017
Skipped Seq from 2018 to 2021
Skipped Seq from 2022 to 2024
Skipped Seq from 2024 to 2026
Skipped Seq from 2031 to 2033
Skipped Seq from 2033 to 2036
Skipped Seq from 2036 to 2038
Skipped Seq from 2042 to 2044
Skipped Seq from 2046 to 2048
Skipped Seq from 2051 to 2053
Skipped Seq from 2053 to 2055
Skipped Seq from 2056 to 2058
Skipped Seq from 2059 to 2061
Skipped Seq from 2062 to 2064
Skipped Seq from 2064 to 2067
Skipped Seq from 2067 to 2070
Skipped Seq from 2071 to 2073
Skipped Seq from 2073 to 2078
Skipped Seq from 2078 to 2080
Skipped Seq from 2080 to 2082
Skipped Seq from 2084 to 2086
Skipped Seq from 2087 to 2089
Skipped Seq from 2099 to 2102
Skipped Seq from 2105 to 2110
Skipped Seq from 2115 to 2119
Skipped Seq from 2121 to 2123
Skipped Seq from 2124 to 2126
Skipped Seq from 2126 to 2128
Skipped Seq from 2131 to 2135
Skipped Seq from 2139 to 2141
Skipped Seq from 2141 to 2143
Skipped Seq from 2145 to 2147
Skipped Seq from 2148 to 2152
Skipped Seq from 2154 to 2156
Skipped Seq from 2157 to 2159
Skipped Seq from 2159 to 2161
Skipped Seq from 2161 to 2163
Skipped Seq from 2169 to 2172
Skipped Seq from 2173 to 2178
Skipped Seq from 2180 to 2187
Skipped Seq from 2187 to 2190
Skipped Seq from 2200 to 2202
Skipped Seq from 2202 to 2205
Skipped Seq from 2205 to 2207
Skipped Seq from 2207 to 2210
Skipped Seq from 2212 to 2214
Skipped Seq from 2215 to 2217
Skipped Seq from 2226 to 2228
Skipped Seq from 2230 to 2232
Skipped Seq from 2232 to 2235
Skipped Seq from 2236 to 2239
Skipped Seq from 2239 to 2241
Skipped Seq from 2241 to 2243
Skipped Seq from 2247 to 2249
Skipped Seq from 2249 to 2251
Skipped Seq from 2254 to 2256
Skipped Seq from 2257 to 2259
Skipped Seq from 2260 to 2262
Skipped Seq from 2270 to 2272
Skipped Seq from 2275 to 2278
Skipped Seq from 2279 to 2282
Skipped Seq from 2282 to 2284
Skipped Seq from 2284 to 2287
Skipped Seq from 2288 to 2291
Skipped Seq from 2291 to 2295
Skipped Seq from 2296 to 2298
Skipped Seq from 2301 to 2304
Skipped Seq from 2308 to 2310
Skipped Seq from 2313 to 2315
Skipped Seq from 2318 to 2321
Skipped Seq from 2321 to 2323
Skipped Seq from 2324 to 2326
Skipped Seq from 2326 to 2328
Skipped Seq from 2332 to 2334
Skipped Seq from 2339 to 2341
Skipped Seq from 2345 to 2347
Skipped Seq from 2348 to 2350
Skipped Seq from 2351 to 2353
Skipped Seq from 2353 to 2355
Skipped Seq from 2355 to 2359
Skipped Seq from 2361 to 2365
Skipped Seq from 2366 to 2368
Skipped Seq from 2371 to 2373
Skipped Seq from 2403 to 2406
Skipped Seq from 2407 to 2410
Skipped Seq from 2413 to 2415
Skipped Seq from 2415 to 2418
Skipped Seq from 2418 to 2420
Skipped Seq from 2420 to 2422
Skipped Seq from 2427 to 2429
Skipped Seq from 2429 to 2432
Skipped Seq from 2436 to 2438
Skipped Seq from 2438 to 2440
Skipped Seq from 2454 to 2456
Skipped Seq from 2464 to 2466
Skipped Seq from 2466 to 2468
Skipped Seq from 2468 to 2472
Skipped Seq from 2473 to 2476
Skipped Seq from 2477 to 2482
Skipped Seq from 2486 to 2488
Skipped Seq from 2488 to 2490
Skipped Seq from 2500 to 2502
Skipped Seq from 2504 to 2506
Skipped Seq from 2506 to 2509
Skipped Seq from 2518 to 2521
Skipped Seq from 2521 to 2524
Skipped Seq from 2526 to 2528
Skipped Seq from 2530 to 2532
Skipped Seq from 2532 to 2535
Skipped Seq from 2535 to 2537
Skipped Seq from 2538 to 2542
Skipped Seq from 2545 to 2547
Skipped Seq from 2548 to 2553
Skipped Seq from 2554 to 2556
Skipped Seq from 2557 to 2560
Skipped Seq from 2560 to 2564
Skipped Seq from 2564 to 2566
Skipped Seq from 2568 to 2571
Skipped Seq from 2572 to 2574
Skipped Seq from 2574 to 2576
Skipped Seq from 2578 to 2580
Skipped Seq from 2580 to 2584
Skipped Seq from 2585 to 2587
Skipped Seq from 2594 to 2596
Skipped Seq from 2598 to 2600
Skipped Seq from 2601 to 2604
Skipped Seq from 2605 to 2607
Skipped Seq from 2613 to 2616
Skipped Seq from 2622 to 2624
Skipped Seq from 2624 to 2627
Skipped Seq from 2628 to 2630
Skipped Seq from 2639 to 2641
Skipped Seq from 2641 to 2643
Skipped Seq from 2645 to 2649
Skipped Seq from 2662 to 2664
Skipped Seq from 2665 to 2667
Skipped Seq from 2668 to 2670
Skipped Seq from 2673 to 2675
Skipped Seq from 2675 to 2677
Skipped Seq from 2679 to 2682
Skipped Seq from 2683 to 2685
Skipped Seq from 2685 to 2688
Skipped Seq from 2690 to 2700
Skipped Seq from 2700 to 2702
Skipped Seq from 2711 to 2716
Skipped Seq from 2716 to 2720
Skipped Seq from 2720 to 2724
Skipped Seq from 2724 to 2727
Skipped Seq from 2728 to 2731
Skipped Seq from 2732 to 2734
Skipped Seq from 2737 to 2739
Skipped Seq from 2739 to 2741
Skipped Seq from 2741 to 2746
Skipped Seq from 2746 to 2748
Skipped Seq from 2752 to 2755
Skipped Seq from 2756 to 2759
Skipped Seq from 2759 to 2762
Skipped Seq from 2763 to 2765
Skipped Seq from 2769 to 2771
Skipped Seq from 2772 to 2774
Skipped Seq from 2776 to 2778
Skipped Seq from 2778 to 2780
Skipped Seq from 2780 to 2783
Skipped Seq from 2784 to 2786
Skipped Seq from 2788 to 2790
Skipped Seq from 2790 to 2792
Skipped Seq from 2792 to 2796
Skipped Seq from 2796 to 2799
Skipped Seq from 2802 to 2806
Skipped Seq from 2806 to 2813
Skipped Seq from 2813 to 2816
Skipped Seq from 2817 to 2820
Skipped Seq from 2825 to 2827
Skipped Seq from 2827 to 2829
Skipped Seq from 2829 to 2831
Skipped Seq from 2831 to 2833
Skipped Seq from 2833 to 2835
Skipped Seq from 2835 to 2838
Skipped Seq from 2839 to 2842
Skipped Seq from 2848 to 2850
Skipped Seq from 2851 to 2853
Skipped Seq from 2853 to 2855
Skipped Seq from 2858 to 2860
Skipped Seq from 2860 to 2863
Skipped Seq from 2865 to 2867
Skipped Seq from 2875 to 2878
Skipped Seq from 2878 to 2880
Skipped Seq from 2880 to 2882
Skipped Seq from 2885 to 2887
Skipped Seq from 2888 to 2890
Skipped Seq from 2892 to 2896
Skipped Seq from 2900 to 2902
Skipped Seq from 2909 to 2911
Skipped Seq from 2913 to 2917
Skipped Seq from 2918 to 2921
Skipped Seq from 2921 to 2923
Skipped Seq from 2924 to 2927
Skipped Seq from 2927 to 2929
Skipped Seq from 2930 to 2933
Skipped Seq from 2935 to 2937
Skipped Seq from 2940 to 2942
Skipped Seq from 2944 to 2947
Skipped Seq from 2948 to 2951
Skipped Seq from 2951 to 2953
Skipped Seq from 2955 to 2957
Skipped Seq from 2959 to 2965
Skipped Seq from 2972 to 2974
Skipped Seq from 2974 to 2976
Skipped Seq from 2977 to 2980
Skipped Seq from 2981 to 2984
Skipped Seq from 2984 to 2986
Skipped Seq from 2987 to 2989
Skipped Seq from 2991 to 2993
Skipped Seq from 2993 to 2995
Skipped Seq from 2995 to 2997
Skipped Seq from 2998 to 3000
Skipped Seq from 3002 to 3006
Skipped Seq from 3010 to 3012
Skipped Seq from 3012 to 3014
Skipped Seq from 3016 to 3018
Skipped Seq from 3022 to 3024
Skipped Seq from 3034 to 3036
Skipped Seq from 3039 to 3042
Skipped Seq from 3042 to 3046
Skipped Seq from 3046 to 3048
Skipped Seq from 3048 to 3051
Skipped Seq from 3051 to 3057
Skipped Seq from 3058 to 3060
Skipped Seq from 3060 to 3063
Skipped Seq from 3063 to 3065
Skipped Seq from 3065 to 3067
Skipped Seq from 3067 to 3069
Skipped Seq from 3069 to 3071
Skipped Seq from 3071 to 3078
Skipped Seq from 3081 to 3083
Skipped Seq from 3083 to 3088
Skipped Seq from 3088 to 3093
Skipped Seq from 3093 to 3099
Skipped Seq from 3101 to 3103
Skipped Seq from 3107 to 3110
Skipped Seq from 3110 to 3112
Skipped Seq from 3112 to 3114
Skipped Seq from 3116 to 3119
Skipped Seq from 3119 to 3121
Skipped Seq from 3121 to 3123
Skipped Seq from 3123 to 3126
Skipped Seq from 3126 to 3128
Skipped Seq from 3130 to 3133
Skipped Seq from 3134 to 3137
Skipped Seq from 3138 to 3141
Skipped Seq from 3142 to 3144
Skipped Seq from 3145 to 3147
Skipped Seq from 3155 to 3157
Skipped Seq from 3161 to 3163
Skipped Seq from 3163 to 3166
Skipped Seq from 3166 to 3171
Skipped Seq from 3171 to 3173
Skipped Seq from 3173 to 3175
Skipped Seq from 3177 to 3179
Skipped Seq from 3183 to 3185
Skipped Seq from 3187 to 3191
Skipped Seq from 3191 to 3194
Skipped Seq from 3194 to 3198
Skipped Seq from 3200 to 3203
Skipped Seq from 3204 to 3207
Skipped Seq from 3210 to 3212
Skipped Seq from 3222 to 3224
Skipped Seq from 3224 to 3227
Skipped Seq from 3228 to 3230
Skipped Seq from 3234 to 3236
Skipped Seq from 3238 to 3240
Skipped Seq from 3241 to 3243
Skipped Seq from 3244 to 3248
Skipped Seq from 3248 to 3255
Skipped Seq from 3255 to 3258
Skipped Seq from 3265 to 3267
Skipped Seq from 3268 to 3273
Skipped Seq from 3273 to 3276
Skipped Seq from 3282 to 3285
Skipped Seq from 3288 to 3291
Skipped Seq from 3291 to 3294
Skipped Seq from 3295 to 3297
Skipped Seq from 3297 to 3299
Skipped Seq from 3299 to 3301
Skipped Seq from 3303 to 3305
Skipped Seq from 3305 to 3307
Skipped Seq from 3307 to 3309
Skipped Seq from 3310 to 3315
Skipped Seq from 3315 to 3317
Skipped Seq from 3317 to 3320
Skipped Seq from 3321 to 3323
Skipped Seq from 3325 to 3330
Skipped Seq from 3330 to 3332
Skipped Seq from 3332 to 3334
Skipped Seq from 3334 to 3338
Skipped Seq from 3339 to 3341
Skipped Seq from 3348 to 3350
Skipped Seq from 3353 to 3355
Skipped Seq from 3359 to 3361
Skipped Seq from 3361 to 3363
Skipped Seq from 3364 to 3367
Skipped Seq from 3367 to 3376
Skipped Seq from 3380 to 3382
Skipped Seq from 3387 to 3389
Skipped Seq from 3391 to 3393
Skipped Seq from 3397 to 3399
Skipped Seq from 3402 to 3404
Skipped Seq from 3406 to 3408
Skipped Seq from 3409 to 3411
Skipped Seq from 3423 to 3426
Skipped Seq from 3441 to 3444
Skipped Seq from 3446 to 3448
Skipped Seq from 3449 to 3451
Skipped Seq from 3456 to 3458
Skipped Seq from 3461 to 3463
Skipped Seq from 3463 to 3465
Skipped Seq from 3470 to 3472
Skipped Seq from 3475 to 3477
Skipped Seq from 3480 to 3482
Skipped Seq from 3488 to 3490
Skipped Seq from 3490 to 3492
Skipped Seq from 3493 to 3495
Skipped Seq from 3498 to 3500
Skipped Seq from 3501 to 3503
Skipped Seq from 3505 to 3507
Skipped Seq from 3508 to 3510
Skipped Seq from 3514 to 3516
Skipped Seq from 3516 to 3518
Number of times throttled: 4
Received: 3004 / 3738 packets
Start time: 1332835783.141294
End time: 1332835794.091749
Duration: 10.950455
