Starting client at 10.0.0.21:1248 with timeout:10
My IP address is 10.0.0.21Skipped Seq from 1726 to 1729
Skipped Seq from 1730 to 1734
Skipped Seq from 1735 to 1737
Skipped Seq from 1737 to 1740
Skipped Seq from 1740 to 1742
Skipped Seq from 1746 to 1749
Skipped Seq from 1749 to 1752
Skipped Seq from 1755 to 1757
Skipped Seq from 1757 to 1760
Skipped Seq from 1760 to 1762
Skipped Seq from 1767 to 1770
Skipped Seq from 1770 to 1772
Skipped Seq from 1773 to 1776
Skipped Seq from 1777 to 1780
Skipped Seq from 1780 to 1783
Skipped Seq from 1784 to 1789
Skipped Seq from 1789 to 1791
Skipped Seq from 1796 to 1801
Skipped Seq from 1804 to 1807
Skipped Seq from 1809 to 1811
Skipped Seq from 1811 to 1814
Skipped Seq from 1819 to 1821
Skipped Seq from 1828 to 1830
Skipped Seq from 1834 to 1836
Skipped Seq from 1845 to 1847
Skipped Seq from 1875 to 1878
Skipped Seq from 1878 to 1887
Skipped Seq from 1887 to 1896
Skipped Seq from 1896 to 1902
Skipped Seq from 1903 to 1905
Skipped Seq from 1905 to 1915
Skipped Seq from 1919 to 1922
Skipped Seq from 1922 to 1926
Skipped Seq from 1927 to 1929
Skipped Seq from 1930 to 1932
Skipped Seq from 1933 to 1935
Skipped Seq from 1935 to 1937
Skipped Seq from 1945 to 1947
Skipped Seq from 1948 to 1951
Skipped Seq from 1953 to 1955
Skipped Seq from 1955 to 1957
Skipped Seq from 1958 to 1961
Skipped Seq from 1963 to 1965
Skipped Seq from 1971 to 1975
Skipped Seq from 1975 to 1977
Skipped Seq from 1983 to 1985
Skipped Seq from 1987 to 1989
Skipped Seq from 1996 to 1999
Skipped Seq from 2017 to 2019
Skipped Seq from 2023 to 2025
Skipped Seq from 2028 to 2030
Skipped Seq from 2031 to 2036
Skipped Seq from 2036 to 2038
Skipped Seq from 2038 to 2040
Skipped Seq from 2047 to 2050
Skipped Seq from 2056 to 2059
Skipped Seq from 2059 to 2061
Skipped Seq from 2062 to 2064
Skipped Seq from 2069 to 2072
Skipped Seq from 2074 to 2078
Skipped Seq from 2080 to 2083
Skipped Seq from 2085 to 2088
Skipped Seq from 2089 to 2091
Skipped Seq from 2091 to 2094
Skipped Seq from 2102 to 2106
Skipped Seq from 2108 to 2110
Skipped Seq from 2111 to 2113
Skipped Seq from 2113 to 2120
Skipped Seq from 2127 to 2130
Skipped Seq from 2135 to 2137
Skipped Seq from 2137 to 2139
Skipped Seq from 2140 to 2144
Skipped Seq from 2144 to 2146
Skipped Seq from 2148 to 2150
Skipped Seq from 2150 to 2154
Skipped Seq from 2154 to 2156
Skipped Seq from 2158 to 2162
Skipped Seq from 2168 to 2172
Skipped Seq from 2177 to 2179
Skipped Seq from 2179 to 2183
Skipped Seq from 2183 to 2186
Skipped Seq from 2186 to 2188
Skipped Seq from 2201 to 2203
Number of times throttled: 2
Received: 2046 / 2213 packets
Start time: 1332835739.787797
End time: 1332835748.058531
Duration: 8.270734
