Starting client at 10.0.0.21:1288 with timeout:10
My IP address is 10.0.0.21Skipped Seq from 3 to 10
Skipped Seq from 10 to 16
Skipped Seq from 18 to 20
Skipped Seq from 20 to 24
Skipped Seq from 24 to 26
Skipped Seq from 28 to 30
Skipped Seq from 30 to 37
Skipped Seq from 39 to 42
Skipped Seq from 44 to 48
Skipped Seq from 55 to 57
Skipped Seq from 63 to 65
Skipped Seq from 68 to 71
Skipped Seq from 72 to 74
Skipped Seq from 90 to 92
Skipped Seq from 102 to 104
Skipped Seq from 110 to 112
Skipped Seq from 115 to 117
Skipped Seq from 118 to 121
Number of times throttled: 1
Received: 1119 / 1158 packets
Start time: 1332837626.269721
End time: 1332837629.420868
Duration: 3.151147
