Starting client at 10.0.0.21:1252 with timeout:10
My IP address is 10.0.0.21Skipped Seq from 3 to 9
Skipped Seq from 9 to 13
Skipped Seq from 14 to 16
Skipped Seq from 16 to 20
Skipped Seq from 21 to 23
Skipped Seq from 23 to 27
Skipped Seq from 27 to 29
Skipped Seq from 29 to 31
Skipped Seq from 33 to 36
Skipped Seq from 36 to 38
Skipped Seq from 38 to 42
Skipped Seq from 42 to 44
Skipped Seq from 44 to 49
Skipped Seq from 49 to 55
Skipped Seq from 55 to 59
Skipped Seq from 59 to 68
Skipped Seq from 68 to 70
Skipped Seq from 71 to 74
Skipped Seq from 76 to 78
Skipped Seq from 79 to 81
Skipped Seq from 82 to 84
Skipped Seq from 85 to 87
Skipped Seq from 88 to 90
Skipped Seq from 90 to 92
Skipped Seq from 94 to 96
Skipped Seq from 96 to 98
Skipped Seq from 98 to 100
Skipped Seq from 100 to 104
Skipped Seq from 105 to 107
Skipped Seq from 108 to 110
Skipped Seq from 110 to 118
Skipped Seq from 118 to 120
Skipped Seq from 121 to 124
Skipped Seq from 124 to 133
Skipped Seq from 133 to 135
Skipped Seq from 139 to 142
Skipped Seq from 146 to 153
Skipped Seq from 154 to 158
Skipped Seq from 158 to 160
Skipped Seq from 160 to 164
Skipped Seq from 164 to 170
Skipped Seq from 171 to 173
Skipped Seq from 174 to 177
Skipped Seq from 177 to 180
Skipped Seq from 181 to 183
Skipped Seq from 184 to 195
Skipped Seq from 195 to 198
Skipped Seq from 198 to 200
Skipped Seq from 200 to 202
Skipped Seq from 202 to 204
Skipped Seq from 204 to 213
Skipped Seq from 213 to 218
Skipped Seq from 218 to 229
Skipped Seq from 232 to 238
Skipped Seq from 238 to 240
Skipped Seq from 240 to 242
Skipped Seq from 242 to 247
Skipped Seq from 247 to 251
Skipped Seq from 251 to 253
Skipped Seq from 254 to 256
Skipped Seq from 261 to 263
Skipped Seq from 264 to 266
Skipped Seq from 268 to 274
Skipped Seq from 274 to 277
Skipped Seq from 277 to 279
Skipped Seq from 279 to 282
Skipped Seq from 282 to 284
Skipped Seq from 284 to 288
Skipped Seq from 288 to 292
Skipped Seq from 292 to 294
Skipped Seq from 295 to 297
Skipped Seq from 299 to 301
Skipped Seq from 301 to 310
Skipped Seq from 311 to 313
Skipped Seq from 313 to 315
Skipped Seq from 318 to 325
Skipped Seq from 325 to 329
Skipped Seq from 329 to 331
Skipped Seq from 332 to 336
Skipped Seq from 336 to 338
Skipped Seq from 338 to 341
Skipped Seq from 341 to 343
Skipped Seq from 345 to 347
Skipped Seq from 347 to 349
Skipped Seq from 353 to 356
Skipped Seq from 356 to 359
Skipped Seq from 363 to 365
Skipped Seq from 366 to 368
Skipped Seq from 370 to 372
Skipped Seq from 372 to 374
Skipped Seq from 374 to 377
Skipped Seq from 378 to 381
Skipped Seq from 382 to 384
Skipped Seq from 384 to 388
Skipped Seq from 388 to 399
Skipped Seq from 401 to 404
Skipped Seq from 404 to 406
Skipped Seq from 407 to 413
Skipped Seq from 414 to 416
Skipped Seq from 416 to 418
Skipped Seq from 420 to 424
Skipped Seq from 424 to 426
Skipped Seq from 430 to 432
Skipped Seq from 435 to 437
Skipped Seq from 437 to 439
Skipped Seq from 439 to 444
Skipped Seq from 444 to 446
Skipped Seq from 447 to 464
Skipped Seq from 465 to 467
Skipped Seq from 470 to 474
Skipped Seq from 477 to 480
Skipped Seq from 482 to 484
Skipped Seq from 484 to 488
Skipped Seq from 489 to 493
Skipped Seq from 494 to 503
Skipped Seq from 503 to 512
Skipped Seq from 513 to 515
Skipped Seq from 515 to 519
Skipped Seq from 519 to 525
Skipped Seq from 525 to 536
Skipped Seq from 536 to 541
Skipped Seq from 543 to 545
Skipped Seq from 545 to 548
Skipped Seq from 549 to 551
Skipped Seq from 551 to 554
Skipped Seq from 554 to 558
Skipped Seq from 558 to 562
Skipped Seq from 562 to 564
Skipped Seq from 564 to 567
Skipped Seq from 567 to 570
Skipped Seq from 572 to 579
Skipped Seq from 579 to 581
Skipped Seq from 581 to 585
Skipped Seq from 585 to 589
Skipped Seq from 589 to 592
Skipped Seq from 593 to 595
Skipped Seq from 597 to 611
Skipped Seq from 611 to 614
Skipped Seq from 617 to 620
Skipped Seq from 620 to 628
Skipped Seq from 628 to 637
Skipped Seq from 637 to 645
Skipped Seq from 647 to 652
Skipped Seq from 652 to 656
Skipped Seq from 657 to 660
Skipped Seq from 660 to 664
Skipped Seq from 668 to 672
Skipped Seq from 672 to 676
Skipped Seq from 676 to 679
Skipped Seq from 680 to 684
Skipped Seq from 684 to 686
Skipped Seq from 688 to 690
Skipped Seq from 690 to 694
Skipped Seq from 694 to 696
Skipped Seq from 697 to 705
Skipped Seq from 707 to 710
Skipped Seq from 710 to 724
Skipped Seq from 726 to 728
Skipped Seq from 730 to 732
Skipped Seq from 732 to 734
Skipped Seq from 735 to 737
Skipped Seq from 737 to 741
Skipped Seq from 741 to 743
Skipped Seq from 744 to 748
Skipped Seq from 748 to 752
Skipped Seq from 753 to 755
Skipped Seq from 757 to 759
Skipped Seq from 761 to 763
Skipped Seq from 764 to 767
Skipped Seq from 771 to 773
Skipped Seq from 773 to 776
Skipped Seq from 776 to 778
Skipped Seq from 779 to 782
Skipped Seq from 783 to 787
Skipped Seq from 787 to 790
Skipped Seq from 790 to 792
Skipped Seq from 792 to 797
Skipped Seq from 797 to 801
Skipped Seq from 802 to 807
Skipped Seq from 807 to 809
Skipped Seq from 809 to 813
Skipped Seq from 813 to 815
Skipped Seq from 815 to 817
Skipped Seq from 819 to 821
Skipped Seq from 822 to 831
Skipped Seq from 832 to 837
Skipped Seq from 837 to 839
Skipped Seq from 839 to 841
Skipped Seq from 842 to 844
Skipped Seq from 844 to 846
Skipped Seq from 847 to 854
Skipped Seq from 856 to 861
Skipped Seq from 861 to 863
Skipped Seq from 864 to 866
Skipped Seq from 866 to 868
Skipped Seq from 870 to 872
Skipped Seq from 873 to 878
Skipped Seq from 878 to 880
Skipped Seq from 880 to 889
Skipped Seq from 889 to 891
Skipped Seq from 892 to 894
Skipped Seq from 894 to 897
Skipped Seq from 897 to 908
Skipped Seq from 908 to 914
Skipped Seq from 914 to 919
Skipped Seq from 919 to 921
Skipped Seq from 921 to 924
Skipped Seq from 928 to 932
Skipped Seq from 935 to 937
Skipped Seq from 939 to 944
Skipped Seq from 945 to 947
Skipped Seq from 947 to 950
Skipped Seq from 950 to 953
Skipped Seq from 953 to 960
Skipped Seq from 960 to 968
Skipped Seq from 968 to 971
Skipped Seq from 972 to 977
Skipped Seq from 979 to 991
Skipped Seq from 995 to 1005
Skipped Seq from 1005 to 1022
Skipped Seq from 1022 to 1025
Skipped Seq from 1025 to 1027
Skipped Seq from 1027 to 1033
Skipped Seq from 1033 to 1038
Skipped Seq from 1038 to 1045
Skipped Seq from 1046 to 1050
Skipped Seq from 1053 to 1056
Skipped Seq from 1057 to 1059
Skipped Seq from 1059 to 1061
Skipped Seq from 1068 to 1074
Skipped Seq from 1075 to 1077
Skipped Seq from 1080 to 1083
Skipped Seq from 1083 to 1085
Skipped Seq from 1085 to 1088
Skipped Seq from 1088 to 1091
Skipped Seq from 1091 to 1101
Skipped Seq from 1101 to 1113
Skipped Seq from 1113 to 1117
Skipped Seq from 1117 to 1120
Skipped Seq from 1121 to 1124
Skipped Seq from 1125 to 1127
Skipped Seq from 1129 to 1133
Skipped Seq from 1133 to 1135
Skipped Seq from 1136 to 1138
Skipped Seq from 1139 to 1143
Skipped Seq from 1149 to 1151
Skipped Seq from 1151 to 1154
Skipped Seq from 1154 to 1156
Skipped Seq from 1156 to 1160
Skipped Seq from 1160 to 1163
Skipped Seq from 1164 to 1173
Skipped Seq from 1173 to 1176
Skipped Seq from 1176 to 1178
Skipped Seq from 1178 to 1181
Skipped Seq from 1181 to 1190
Skipped Seq from 1192 to 1197
Skipped Seq from 1201 to 1214
Skipped Seq from 1219 to 1229
Skipped Seq from 1229 to 1234
Skipped Seq from 1234 to 1236
Skipped Seq from 1236 to 1239
Skipped Seq from 1240 to 1242
Skipped Seq from 1242 to 1244
Skipped Seq from 1244 to 1246
Skipped Seq from 1246 to 1248
Skipped Seq from 1248 to 1251
Skipped Seq from 1253 to 1256
Skipped Seq from 1264 to 1270
Skipped Seq from 1274 to 1280
Skipped Seq from 1281 to 1284
Skipped Seq from 1284 to 1287
Skipped Seq from 1287 to 1289
Skipped Seq from 1289 to 1292
Skipped Seq from 1292 to 1298
Skipped Seq from 1300 to 1302
Skipped Seq from 1302 to 1305
Skipped Seq from 1305 to 1307
Skipped Seq from 1307 to 1309
Skipped Seq from 1309 to 1317
Skipped Seq from 1317 to 1320
Skipped Seq from 1324 to 1326
Skipped Seq from 1328 to 1334
Skipped Seq from 1338 to 1341
Skipped Seq from 1342 to 1344
Skipped Seq from 1346 to 1349
Skipped Seq from 1349 to 1351
Skipped Seq from 1351 to 1357
Skipped Seq from 1359 to 1364
Skipped Seq from 1364 to 1366
Skipped Seq from 1367 to 1375
Skipped Seq from 1375 to 1377
Skipped Seq from 1383 to 1385
Skipped Seq from 1386 to 1391
Skipped Seq from 1393 to 1397
Skipped Seq from 1397 to 1400
Skipped Seq from 1400 to 1402
Skipped Seq from 1407 to 1411
Skipped Seq from 1413 to 1415
Skipped Seq from 1420 to 1425
Skipped Seq from 1425 to 1430
Skipped Seq from 1430 to 1435
Skipped Seq from 1435 to 1438
Skipped Seq from 1451 to 1457
Skipped Seq from 1457 to 1460
Skipped Seq from 1460 to 1463
Skipped Seq from 1464 to 1471
Skipped Seq from 1471 to 1477
Skipped Seq from 1477 to 1479
Skipped Seq from 1480 to 1491
Skipped Seq from 1491 to 1493
Skipped Seq from 1493 to 1495
Skipped Seq from 1501 to 1510
Skipped Seq from 1511 to 1514
Skipped Seq from 1514 to 1516
Skipped Seq from 1516 to 1519
Skipped Seq from 1524 to 1527
Skipped Seq from 1527 to 1530
Skipped Seq from 1530 to 1532
Skipped Seq from 1532 to 1534
Skipped Seq from 1535 to 1537
Skipped Seq from 1539 to 1541
Skipped Seq from 1543 to 1545
Skipped Seq from 1550 to 1552
Skipped Seq from 1553 to 1555
Skipped Seq from 1563 to 1565
Skipped Seq from 1565 to 1567
Skipped Seq from 1567 to 1569
Skipped Seq from 1602 to 1604
Skipped Seq from 1606 to 1608
Skipped Seq from 1608 to 1610
Skipped Seq from 1610 to 1612
Skipped Seq from 1612 to 1614
Skipped Seq from 1647 to 1649
Skipped Seq from 1658 to 1660
Skipped Seq from 3003 to 3006
Skipped Seq from 3011 to 3016
Skipped Seq from 3019 to 3021
Skipped Seq from 3024 to 3027
Skipped Seq from 3055 to 3057
Skipped Seq from 3057 to 3059
Skipped Seq from 3059 to 3062
Skipped Seq from 3071 to 3074
Skipped Seq from 3089 to 3094
Skipped Seq from 3098 to 3102
Skipped Seq from 3106 to 3109
Skipped Seq from 3115 to 3117
Skipped Seq from 3120 to 3122
Skipped Seq from 3131 to 3133
Skipped Seq from 3140 to 3142
Skipped Seq from 3164 to 3166
Skipped Seq from 3168 to 3170
Skipped Seq from 3171 to 3174
Skipped Seq from 3180 to 3183
Skipped Seq from 3183 to 3187
Skipped Seq from 3189 to 3193
Skipped Seq from 3198 to 3203
Skipped Seq from 3210 to 3212
Skipped Seq from 3217 to 3220
Skipped Seq from 3222 to 3224
Skipped Seq from 3235 to 3238
Skipped Seq from 3241 to 3243
Skipped Seq from 3247 to 3252
Skipped Seq from 3266 to 3275
Skipped Seq from 3287 to 3296
Skipped Seq from 3301 to 3306
Skipped Seq from 3306 to 3310
Skipped Seq from 3311 to 3314
Skipped Seq from 3323 to 3326
Skipped Seq from 3339 to 3342
Skipped Seq from 3357 to 3361
Skipped Seq from 3365 to 3367
Skipped Seq from 3371 to 3373
Skipped Seq from 3376 to 3378
Skipped Seq from 3379 to 3382
Skipped Seq from 3383 to 3385
Skipped Seq from 3387 to 3390
Skipped Seq from 3403 to 3405
Skipped Seq from 3425 to 3429
Skipped Seq from 3469 to 3471
Skipped Seq from 3481 to 3484
Skipped Seq from 3484 to 3487
Skipped Seq from 3488 to 3496
Skipped Seq from 3496 to 3502
Skipped Seq from 3502 to 3504
Skipped Seq from 3513 to 3515
Skipped Seq from 3515 to 3520
Skipped Seq from 3521 to 3524
Skipped Seq from 3532 to 3536
Skipped Seq from 3541 to 3543
Skipped Seq from 3545 to 3547
Skipped Seq from 3554 to 3556
Skipped Seq from 3560 to 3562
Skipped Seq from 3569 to 3571
Skipped Seq from 3572 to 3576
Skipped Seq from 3578 to 3583
Skipped Seq from 3594 to 3596
Skipped Seq from 3596 to 3600
Skipped Seq from 3603 to 3607
Skipped Seq from 3611 to 3614
Skipped Seq from 3615 to 3617
Skipped Seq from 3622 to 3625
Skipped Seq from 3627 to 3632
Skipped Seq from 3636 to 3638
Skipped Seq from 3639 to 3641
Skipped Seq from 3641 to 3643
Skipped Seq from 3652 to 3654
Skipped Seq from 3656 to 3658
Skipped Seq from 3660 to 3665
Skipped Seq from 3665 to 3669
Skipped Seq from 3684 to 3688
Skipped Seq from 3690 to 3692
Skipped Seq from 3695 to 3697
Skipped Seq from 3700 to 3707
Skipped Seq from 3707 to 3713
Skipped Seq from 3718 to 3720
Skipped Seq from 3722 to 3726
Skipped Seq from 3726 to 3728
Skipped Seq from 3730 to 3735
Skipped Seq from 3746 to 3750
Skipped Seq from 3756 to 3758
Skipped Seq from 3758 to 3760
Skipped Seq from 3765 to 3768
Skipped Seq from 3768 to 3772
Skipped Seq from 3775 to 3778
Skipped Seq from 3784 to 3786
Skipped Seq from 3797 to 3800
Skipped Seq from 3803 to 3806
Skipped Seq from 3826 to 3829
Skipped Seq from 3833 to 3836
Skipped Seq from 3836 to 3839
Skipped Seq from 3841 to 3844
Skipped Seq from 3845 to 3847
Skipped Seq from 3849 to 3852
Skipped Seq from 3853 to 3855
Skipped Seq from 3864 to 3868
Skipped Seq from 3888 to 3890
Skipped Seq from 3907 to 3909
Skipped Seq from 3910 to 3912
Skipped Seq from 3925 to 3931
Skipped Seq from 3933 to 3935
Skipped Seq from 3943 to 3945
Skipped Seq from 3951 to 3953
Skipped Seq from 3954 to 3964
Skipped Seq from 3966 to 3968
Skipped Seq from 3968 to 3970
Skipped Seq from 3976 to 3978
Skipped Seq from 3978 to 3982
Skipped Seq from 3985 to 3987
Skipped Seq from 3987 to 3989
Skipped Seq from 3991 to 3993
Skipped Seq from 3996 to 3998
Skipped Seq from 4005 to 4007
Skipped Seq from 6289 to 6297
Skipped Seq from 6297 to 6299
Skipped Seq from 6303 to 6306
Skipped Seq from 6307 to 6311
Skipped Seq from 6311 to 6313
Skipped Seq from 6314 to 6316
Skipped Seq from 6316 to 6320
Skipped Seq from 6320 to 6324
Skipped Seq from 6331 to 6334
Skipped Seq from 6334 to 6341
Skipped Seq from 6341 to 6344
Skipped Seq from 6346 to 6348
Skipped Seq from 6350 to 6357
Skipped Seq from 6361 to 6364
Skipped Seq from 6364 to 6367
Skipped Seq from 6370 to 6372
Skipped Seq from 6373 to 6376
Skipped Seq from 6377 to 6379
Skipped Seq from 6386 to 6389
Skipped Seq from 6391 to 6394
Skipped Seq from 6394 to 6397
Skipped Seq from 6397 to 6407
Skipped Seq from 6411 to 6414
Skipped Seq from 6414 to 6421
Skipped Seq from 6424 to 6430
Skipped Seq from 6431 to 6438
Skipped Seq from 6438 to 6440
Skipped Seq from 6445 to 6447
Skipped Seq from 6449 to 6453
Skipped Seq from 6457 to 6461
Skipped Seq from 6468 to 6477
Skipped Seq from 6481 to 6483
Skipped Seq from 6485 to 6488
Skipped Seq from 6489 to 6491
Skipped Seq from 6492 to 6494
Skipped Seq from 6494 to 6499
Skipped Seq from 6499 to 6503
Skipped Seq from 6509 to 6512
Skipped Seq from 6515 to 6519
Skipped Seq from 6523 to 6525
Skipped Seq from 6527 to 6534
Skipped Seq from 6536 to 6544
Skipped Seq from 6544 to 6547
Skipped Seq from 6547 to 6549
Skipped Seq from 6549 to 6551
Skipped Seq from 6551 to 6553
Skipped Seq from 6554 to 6556
Skipped Seq from 6557 to 6560
Skipped Seq from 6564 to 6566
Skipped Seq from 6567 to 6570
Skipped Seq from 6573 to 6576
Skipped Seq from 6578 to 6582
Skipped Seq from 6583 to 6585
Skipped Seq from 6585 to 6588
Skipped Seq from 6589 to 6592
Skipped Seq from 6592 to 6597
Skipped Seq from 6600 to 6602
Skipped Seq from 6602 to 6604
Skipped Seq from 6606 to 6608
Skipped Seq from 6608 to 6610
Skipped Seq from 6614 to 6620
Skipped Seq from 6624 to 6626
Skipped Seq from 6626 to 6628
Skipped Seq from 6633 to 6636
Skipped Seq from 6636 to 6639
Skipped Seq from 6639 to 6650
Skipped Seq from 6650 to 6655
Skipped Seq from 6655 to 6661
Skipped Seq from 6661 to 6664
Skipped Seq from 6665 to 6668
Skipped Seq from 6668 to 6675
Skipped Seq from 6675 to 6677
Skipped Seq from 6678 to 6681
Skipped Seq from 6688 to 6692
Skipped Seq from 6692 to 6697
Skipped Seq from 6699 to 6705
Skipped Seq from 6705 to 6707
Skipped Seq from 6707 to 6709
Skipped Seq from 6709 to 6724
Skipped Seq from 6725 to 6728
Skipped Seq from 6731 to 6733
Skipped Seq from 6733 to 6735
Skipped Seq from 6742 to 6747
Skipped Seq from 6747 to 6752
Skipped Seq from 6752 to 6754
Skipped Seq from 6758 to 6760
Skipped Seq from 6762 to 6769
Skipped Seq from 6770 to 6773
Skipped Seq from 6773 to 6775
Skipped Seq from 6775 to 6784
Skipped Seq from 6785 to 6787
Skipped Seq from 6793 to 6795
Skipped Seq from 6805 to 6809
Skipped Seq from 6809 to 6812
Skipped Seq from 6814 to 6818
Skipped Seq from 6821 to 6824
Skipped Seq from 6827 to 6830
Skipped Seq from 6832 to 6838
Skipped Seq from 6840 to 6842
Skipped Seq from 6844 to 6846
Skipped Seq from 6847 to 6858
Skipped Seq from 6863 to 6865
Skipped Seq from 6866 to 6871
Skipped Seq from 6874 to 6885
Skipped Seq from 6887 to 6889
Skipped Seq from 6894 to 6896
Skipped Seq from 6896 to 6898
Skipped Seq from 6898 to 6902
Skipped Seq from 6905 to 6907
Skipped Seq from 6907 to 6909
Skipped Seq from 6909 to 6921
Skipped Seq from 6922 to 6927
Skipped Seq from 6928 to 6932
Skipped Seq from 6933 to 6935
Skipped Seq from 6936 to 6938
Skipped Seq from 6939 to 6942
Skipped Seq from 6942 to 6944
Skipped Seq from 6950 to 6952
Skipped Seq from 6952 to 6955
Skipped Seq from 6955 to 6957
Skipped Seq from 6958 to 6961
Skipped Seq from 6963 to 6965
Skipped Seq from 6966 to 6972
Skipped Seq from 6973 to 6979
Skipped Seq from 6979 to 6982
Skipped Seq from 6982 to 6984
Skipped Seq from 6987 to 6992
Skipped Seq from 6992 to 6994
Skipped Seq from 6994 to 6996
Skipped Seq from 6997 to 7000
Skipped Seq from 7005 to 7011
Skipped Seq from 7015 to 7019
Skipped Seq from 7022 to 7024
Skipped Seq from 7025 to 7028
Skipped Seq from 7028 to 7034
Skipped Seq from 7034 to 7037
Skipped Seq from 7037 to 7041
Skipped Seq from 7043 to 7049
Skipped Seq from 7049 to 7054
Skipped Seq from 7054 to 7058
Skipped Seq from 7059 to 7062
Skipped Seq from 7062 to 7064
Skipped Seq from 7064 to 7068
Skipped Seq from 7069 to 7071
Skipped Seq from 7072 to 7074
Skipped Seq from 7074 to 7077
Skipped Seq from 7078 to 7080
Skipped Seq from 7080 to 7085
Skipped Seq from 7087 to 7089
Skipped Seq from 7092 to 7097
Skipped Seq from 7101 to 7103
Skipped Seq from 7104 to 7108
Skipped Seq from 7108 to 7111
Skipped Seq from 7117 to 7119
Skipped Seq from 7122 to 7129
Skipped Seq from 7133 to 7135
Skipped Seq from 7137 to 7140
Skipped Seq from 7149 to 7153
Skipped Seq from 7172 to 7197
Skipped Seq from 7201 to 7204
Skipped Seq from 7214 to 7216
Skipped Seq from 7216 to 7218
Skipped Seq from 7221 to 7226
Skipped Seq from 7228 to 7232
Skipped Seq from 7240 to 7242
Skipped Seq from 7245 to 7249
Skipped Seq from 7250 to 7252
Skipped Seq from 7252 to 7254
Skipped Seq from 7254 to 7257
Skipped Seq from 7258 to 7261
Skipped Seq from 7263 to 7270
Skipped Seq from 7270 to 7274
Skipped Seq from 7277 to 7279
Skipped Seq from 7280 to 7282
Skipped Seq from 7283 to 7286
Skipped Seq from 7290 to 7293
Skipped Seq from 7295 to 7299
Skipped Seq from 7299 to 7301
Skipped Seq from 7303 to 7307
Skipped Seq from 7309 to 7313
Skipped Seq from 7313 to 7315
Skipped Seq from 7317 to 7319
Skipped Seq from 7319 to 7322
Skipped Seq from 7325 to 7327
Skipped Seq from 7328 to 7330
Skipped Seq from 7331 to 7334
Skipped Seq from 7346 to 7349
Skipped Seq from 7351 to 7353
Skipped Seq from 7355 to 7357
Skipped Seq from 7357 to 7361
Skipped Seq from 7362 to 7364
Skipped Seq from 7368 to 7371
Skipped Seq from 7375 to 7378
Skipped Seq from 7380 to 7382
Skipped Seq from 7382 to 7384
Skipped Seq from 7384 to 7386
Skipped Seq from 7387 to 7389
Skipped Seq from 7390 to 7392
Skipped Seq from 7397 to 7399
Skipped Seq from 7401 to 7404
Skipped Seq from 7405 to 7409
Skipped Seq from 7410 to 7418
Skipped Seq from 7419 to 7421
Skipped Seq from 7425 to 7428
Skipped Seq from 7428 to 7433
Skipped Seq from 7438 to 7440
Skipped Seq from 7441 to 7445
Skipped Seq from 7446 to 7451
Skipped Seq from 7454 to 7456
Skipped Seq from 7457 to 7460
Skipped Seq from 7461 to 7467
Skipped Seq from 7468 to 7473
Skipped Seq from 7475 to 7478
Skipped Seq from 7479 to 7482
Skipped Seq from 7484 to 7489
Skipped Seq from 7489 to 7492
Skipped Seq from 7492 to 7495
Skipped Seq from 7495 to 7497
Skipped Seq from 7498 to 7500
Skipped Seq from 7502 to 7506
Skipped Seq from 7506 to 7509
Skipped Seq from 7509 to 7511
Skipped Seq from 7511 to 7516
Skipped Seq from 7517 to 7521
Skipped Seq from 7521 to 7524
Skipped Seq from 7529 to 7531
Skipped Seq from 7538 to 7541
Skipped Seq from 7542 to 7544
Skipped Seq from 7544 to 7546
Skipped Seq from 7546 to 7548
Skipped Seq from 7551 to 7556
Skipped Seq from 7556 to 7559
Skipped Seq from 7568 to 7571
Skipped Seq from 7575 to 7579
Skipped Seq from 7579 to 7581
Skipped Seq from 7581 to 7586
Skipped Seq from 7586 to 7589
Skipped Seq from 7589 to 7591
Skipped Seq from 7591 to 7593
Skipped Seq from 7593 to 7596
Skipped Seq from 7597 to 7601
Skipped Seq from 7601 to 7606
Skipped Seq from 7606 to 7611
Skipped Seq from 7621 to 7624
Skipped Seq from 7626 to 7629
Skipped Seq from 7690 to 7692
Skipped Seq from 7697 to 7700
Skipped Seq from 7703 to 7705
Skipped Seq from 7765 to 7768
Skipped Seq from 7789 to 7792
Skipped Seq from 7794 to 7796
Skipped Seq from 11371 to 11373
Skipped Seq from 11373 to 11379
Skipped Seq from 11379 to 11381
Skipped Seq from 11381 to 11385
Skipped Seq from 11385 to 11388
Skipped Seq from 11389 to 11391
Skipped Seq from 11394 to 11397
Skipped Seq from 11397 to 11400
Skipped Seq from 11400 to 11402
Skipped Seq from 11405 to 11413
Skipped Seq from 11414 to 11417
Skipped Seq from 11418 to 11424
Skipped Seq from 11424 to 11426
Skipped Seq from 11427 to 11430
Skipped Seq from 11430 to 11432
Skipped Seq from 11433 to 11437
Skipped Seq from 11437 to 11443
Skipped Seq from 11444 to 11446
Skipped Seq from 11447 to 11449
Skipped Seq from 11452 to 11454
Skipped Seq from 11456 to 11458
Skipped Seq from 11459 to 11462
Skipped Seq from 11462 to 11464
Skipped Seq from 11466 to 11469
Skipped Seq from 11469 to 11473
Skipped Seq from 11475 to 11479
Skipped Seq from 11480 to 11486
Skipped Seq from 11486 to 11489
Skipped Seq from 11490 to 11492
Skipped Seq from 11492 to 11494
Skipped Seq from 11496 to 11505
Skipped Seq from 11506 to 11509
Skipped Seq from 11509 to 11511
Skipped Seq from 11513 to 11518
Skipped Seq from 11519 to 11521
Skipped Seq from 11521 to 11525
Skipped Seq from 11525 to 11527
Skipped Seq from 11527 to 11533
Skipped Seq from 11533 to 11535
Skipped Seq from 11535 to 11538
Skipped Seq from 11539 to 11541
Skipped Seq from 11542 to 11546
Skipped Seq from 11550 to 11553
Skipped Seq from 11553 to 11557
Skipped Seq from 11558 to 11560
Skipped Seq from 11560 to 11563
Skipped Seq from 11565 to 11567
Skipped Seq from 11568 to 11570
Skipped Seq from 11574 to 11576
Skipped Seq from 11576 to 11579
Skipped Seq from 11579 to 11582
Skipped Seq from 11589 to 11591
Skipped Seq from 11592 to 11595
Skipped Seq from 11596 to 11599
Skipped Seq from 11601 to 11608
Skipped Seq from 11608 to 11611
Skipped Seq from 11611 to 11617
Skipped Seq from 11619 to 11622
Skipped Seq from 11622 to 11625
Skipped Seq from 11626 to 11633
Skipped Seq from 11633 to 11640
Skipped Seq from 11640 to 11642
Skipped Seq from 11645 to 11648
Skipped Seq from 11651 to 11653
Skipped Seq from 11655 to 11657
Skipped Seq from 11660 to 11662
Skipped Seq from 11664 to 11666
Skipped Seq from 11666 to 11668
Skipped Seq from 11670 to 11672
Skipped Seq from 11675 to 11678
Skipped Seq from 11681 to 11683
Skipped Seq from 11684 to 11686
Skipped Seq from 11688 to 11690
Skipped Seq from 11690 to 11694
Skipped Seq from 11695 to 11698
Skipped Seq from 11698 to 11700
Skipped Seq from 11700 to 11704
Skipped Seq from 11704 to 11706
Skipped Seq from 11708 to 11710
Skipped Seq from 11710 to 11712
Skipped Seq from 11715 to 11720
Skipped Seq from 11720 to 11723
Skipped Seq from 11725 to 11731
Skipped Seq from 11731 to 11733
Skipped Seq from 11736 to 11738
Skipped Seq from 11741 to 11744
Skipped Seq from 11746 to 11749
Skipped Seq from 11749 to 11752
Skipped Seq from 11755 to 11757
Skipped Seq from 11757 to 11761
Skipped Seq from 11761 to 11766
Skipped Seq from 11767 to 11772
Skipped Seq from 11772 to 11775
Skipped Seq from 11782 to 11784
Skipped Seq from 11785 to 11787
Skipped Seq from 11788 to 11791
Skipped Seq from 11791 to 11793
Skipped Seq from 11793 to 11795
Skipped Seq from 11797 to 11799
Skipped Seq from 11799 to 11801
Skipped Seq from 11804 to 11808
Skipped Seq from 11808 to 11811
Skipped Seq from 11811 to 11813
Skipped Seq from 11813 to 11818
Skipped Seq from 11821 to 11823
Skipped Seq from 11825 to 11830
Skipped Seq from 11830 to 11835
Skipped Seq from 11835 to 11837
Skipped Seq from 11839 to 11841
Skipped Seq from 11841 to 11844
Skipped Seq from 11847 to 11850
Skipped Seq from 11850 to 11854
Skipped Seq from 11854 to 11856
Skipped Seq from 11856 to 11858
Skipped Seq from 11858 to 11861
Skipped Seq from 11863 to 11865
Skipped Seq from 11868 to 11870
Skipped Seq from 11870 to 11872
Skipped Seq from 11873 to 11876
Skipped Seq from 11876 to 11878
Skipped Seq from 11878 to 11882
Skipped Seq from 11882 to 11885
Skipped Seq from 11888 to 11891
Skipped Seq from 11891 to 11893
Skipped Seq from 11894 to 11898
Skipped Seq from 11901 to 11903
Skipped Seq from 11905 to 11909
Skipped Seq from 11911 to 11913
Skipped Seq from 11918 to 11920
Skipped Seq from 11920 to 11927
Skipped Seq from 11927 to 11931
Skipped Seq from 11935 to 11941
Skipped Seq from 11942 to 11948
Skipped Seq from 11948 to 11952
Skipped Seq from 11954 to 11956
Skipped Seq from 11956 to 11960
Skipped Seq from 11961 to 11963
Skipped Seq from 11964 to 11966
Skipped Seq from 11966 to 11969
Skipped Seq from 11970 to 11973
Skipped Seq from 11973 to 11977
Skipped Seq from 11977 to 11980
Skipped Seq from 11983 to 11985
Skipped Seq from 11986 to 11988
Skipped Seq from 11992 to 11994
Skipped Seq from 11999 to 12004
Skipped Seq from 12004 to 12006
Skipped Seq from 12015 to 12017
Skipped Seq from 12019 to 12021
Skipped Seq from 12025 to 12029
Skipped Seq from 12029 to 12033
Skipped Seq from 12033 to 12035
Skipped Seq from 12035 to 12038
Skipped Seq from 12042 to 12044
Skipped Seq from 12044 to 12047
Skipped Seq from 12047 to 12050
Skipped Seq from 12050 to 12058
Skipped Seq from 12058 to 12060
Skipped Seq from 12062 to 12065
Skipped Seq from 12066 to 12068
Skipped Seq from 12068 to 12071
Skipped Seq from 12072 to 12076
Skipped Seq from 12079 to 12081
Skipped Seq from 12081 to 12084
Skipped Seq from 12085 to 12091
Skipped Seq from 12091 to 12094
Skipped Seq from 12095 to 12097
Skipped Seq from 12097 to 12099
Skipped Seq from 12099 to 12101
Skipped Seq from 12108 to 12110
Skipped Seq from 12111 to 12117
Skipped Seq from 12117 to 12123
Skipped Seq from 12123 to 12126
Skipped Seq from 12130 to 12135
Skipped Seq from 12146 to 12153
Skipped Seq from 12155 to 12159
Skipped Seq from 12161 to 12175
Skipped Seq from 12175 to 12181
Skipped Seq from 12187 to 12191
Skipped Seq from 12192 to 12200
Skipped Seq from 12201 to 12203
Skipped Seq from 12203 to 12205
Skipped Seq from 12205 to 12210
Skipped Seq from 12211 to 12213
Skipped Seq from 12219 to 12222
Skipped Seq from 12229 to 12232
Skipped Seq from 12233 to 12236
Skipped Seq from 12238 to 12242
Skipped Seq from 12242 to 12244
Skipped Seq from 12244 to 12246
Skipped Seq from 12249 to 12254
Skipped Seq from 12254 to 12257
Skipped Seq from 12259 to 12262
Skipped Seq from 12263 to 12266
Skipped Seq from 12266 to 12272
Skipped Seq from 12272 to 12277
Skipped Seq from 12278 to 12282
Skipped Seq from 12282 to 12285
Skipped Seq from 12286 to 12289
Skipped Seq from 12292 to 12297
Skipped Seq from 12298 to 12303
Skipped Seq from 12307 to 12309
Skipped Seq from 12310 to 12315
Skipped Seq from 12315 to 12322
Skipped Seq from 12323 to 12335
Skipped Seq from 12335 to 12337
Skipped Seq from 12337 to 12340
Skipped Seq from 12342 to 12347
Skipped Seq from 12348 to 12353
Skipped Seq from 12353 to 12356
Skipped Seq from 12356 to 12365
Skipped Seq from 12365 to 12368
Skipped Seq from 12368 to 12370
Skipped Seq from 12373 to 12377
Skipped Seq from 12377 to 12380
Skipped Seq from 12382 to 12384
Skipped Seq from 12386 to 12389
Skipped Seq from 12390 to 12392
Skipped Seq from 12392 to 12400
Skipped Seq from 12400 to 12407
Skipped Seq from 12411 to 12414
Skipped Seq from 12415 to 12417
Skipped Seq from 12423 to 12428
Skipped Seq from 12434 to 12439
Skipped Seq from 12440 to 12444
Skipped Seq from 12444 to 12453
Skipped Seq from 12453 to 12462
Skipped Seq from 12462 to 12464
Skipped Seq from 12466 to 12468
Skipped Seq from 12471 to 12474
Skipped Seq from 12474 to 12481
Skipped Seq from 12484 to 12486
Skipped Seq from 12486 to 12488
Skipped Seq from 12497 to 12499
Skipped Seq from 12499 to 12502
Skipped Seq from 12502 to 12504
Skipped Seq from 12505 to 12507
Skipped Seq from 12507 to 12510
Skipped Seq from 12510 to 12513
Skipped Seq from 12513 to 12516
Skipped Seq from 12523 to 12528
Skipped Seq from 12529 to 12531
Skipped Seq from 12532 to 12534
Skipped Seq from 12534 to 12536
Skipped Seq from 12536 to 12538
Skipped Seq from 12540 to 12542
Skipped Seq from 12542 to 12544
Skipped Seq from 12547 to 12550
Skipped Seq from 12554 to 12558
Skipped Seq from 12558 to 12560
Skipped Seq from 12561 to 12568
Skipped Seq from 12568 to 12576
Skipped Seq from 12576 to 12581
Skipped Seq from 12582 to 12586
Skipped Seq from 12586 to 12588
Skipped Seq from 12588 to 12591
Skipped Seq from 12592 to 12594
Skipped Seq from 12597 to 12600
Skipped Seq from 12601 to 12604
Skipped Seq from 12608 to 12611
Skipped Seq from 12611 to 12615
Skipped Seq from 12616 to 12619
Skipped Seq from 12620 to 12622
Skipped Seq from 12622 to 12628
Skipped Seq from 12628 to 12630
Skipped Seq from 12631 to 12633
Skipped Seq from 12633 to 12635
Skipped Seq from 12635 to 12641
Skipped Seq from 12641 to 12644
Skipped Seq from 12645 to 12651
Skipped Seq from 12654 to 12656
Skipped Seq from 12656 to 12659
Skipped Seq from 12661 to 12665
Skipped Seq from 12665 to 12668
Skipped Seq from 12668 to 12671
Skipped Seq from 12675 to 12679
Skipped Seq from 12681 to 12683
Skipped Seq from 12684 to 12686
Skipped Seq from 12686 to 12688
Skipped Seq from 12689 to 12691
Skipped Seq from 12693 to 12695
Skipped Seq from 12697 to 12701
Skipped Seq from 12701 to 12703
Skipped Seq from 12703 to 12705
Skipped Seq from 12708 to 12711
Skipped Seq from 12711 to 12715
Skipped Seq from 12716 to 12718
Skipped Seq from 12718 to 12721
Skipped Seq from 12722 to 12728
Skipped Seq from 12728 to 12730
Skipped Seq from 12730 to 12734
Skipped Seq from 12736 to 12738
Skipped Seq from 12739 to 12741
Skipped Seq from 12741 to 12745
Skipped Seq from 12745 to 12747
Skipped Seq from 12747 to 12750
Skipped Seq from 12750 to 12753
Skipped Seq from 12755 to 12758
Skipped Seq from 12759 to 12765
Skipped Seq from 12765 to 12773
Skipped Seq from 12773 to 12775
Skipped Seq from 12777 to 12779
Skipped Seq from 12780 to 12782
Skipped Seq from 12783 to 12785
Skipped Seq from 12785 to 12788
Skipped Seq from 12795 to 12798
Skipped Seq from 12799 to 12801
Skipped Seq from 12801 to 12804
Skipped Seq from 12806 to 12808
Skipped Seq from 12808 to 12810
Skipped Seq from 12820 to 12822
Skipped Seq from 12823 to 12825
Skipped Seq from 12827 to 12830
Skipped Seq from 12831 to 12833
Skipped Seq from 12833 to 12835
Skipped Seq from 12843 to 12845
Skipped Seq from 12845 to 12852
Skipped Seq from 12852 to 12855
Skipped Seq from 12855 to 12859
Skipped Seq from 12859 to 12861
Skipped Seq from 12864 to 12867
Skipped Seq from 12870 to 12872
Skipped Seq from 12873 to 12875
Skipped Seq from 12880 to 12885
Skipped Seq from 12888 to 12891
Skipped Seq from 12893 to 12896
Skipped Seq from 12896 to 12901
Skipped Seq from 12919 to 12921
Skipped Seq from 12922 to 12924
Skipped Seq from 12930 to 12932
Skipped Seq from 12935 to 12941
Skipped Seq from 12941 to 12943
Skipped Seq from 12943 to 12945
Skipped Seq from 12946 to 12951
Skipped Seq from 12951 to 12953
Skipped Seq from 12953 to 12955
Skipped Seq from 12955 to 12957
Skipped Seq from 12959 to 12963
Skipped Seq from 12965 to 12968
Skipped Seq from 12975 to 12977
Skipped Seq from 12978 to 12980
Skipped Seq from 12981 to 12984
Skipped Seq from 12986 to 12988
Skipped Seq from 12992 to 12994
Skipped Seq from 12994 to 12996
Skipped Seq from 12996 to 12998
Skipped Seq from 12999 to 13001
Skipped Seq from 13003 to 13005
Skipped Seq from 13009 to 13012
Skipped Seq from 13021 to 13024
Skipped Seq from 13026 to 13028
Skipped Seq from 13030 to 13033
Skipped Seq from 13033 to 13035
Skipped Seq from 13036 to 13038
Skipped Seq from 13042 to 13044
Skipped Seq from 13045 to 13048
Skipped Seq from 13051 to 13053
Skipped Seq from 13054 to 13058
Skipped Seq from 13065 to 13067
Skipped Seq from 13068 to 13070
Skipped Seq from 13077 to 13079
Number of times throttled: 15
Received: 13823 / 16494 packets
Start time: 1332835761.616283
End time: 1332835805.772527
Duration: 44.156244
