Starting client at 10.0.0.19:1253 with timeout:10
My IP address is 10.0.0.19Skipped Seq from 1174 to 1178
Skipped Seq from 1184 to 1186
Skipped Seq from 1190 to 1194
Skipped Seq from 1195 to 1197
Skipped Seq from 1200 to 1204
Skipped Seq from 1212 to 1215
Skipped Seq from 1217 to 1220
Skipped Seq from 1220 to 1222
Skipped Seq from 1223 to 1226
Skipped Seq from 1230 to 1232
Skipped Seq from 1238 to 1240
Skipped Seq from 1241 to 1244
Skipped Seq from 1246 to 1249
Skipped Seq from 1253 to 1255
Skipped Seq from 1260 to 1268
Skipped Seq from 1268 to 1271
Skipped Seq from 1273 to 1276
Skipped Seq from 1282 to 1284
Skipped Seq from 1285 to 1290
Skipped Seq from 1299 to 1301
Skipped Seq from 1303 to 1307
Skipped Seq from 1312 to 1314
Skipped Seq from 1314 to 1318
Skipped Seq from 1325 to 1329
Skipped Seq from 1332 to 1335
Skipped Seq from 1341 to 1344
Skipped Seq from 1346 to 1350
Skipped Seq from 1355 to 1357
Skipped Seq from 1357 to 1359
Skipped Seq from 1359 to 1361
Skipped Seq from 1367 to 1376
Skipped Seq from 1379 to 1384
Skipped Seq from 1384 to 1386
Skipped Seq from 1386 to 1389
Skipped Seq from 1390 to 1393
Skipped Seq from 1399 to 1401
Skipped Seq from 1402 to 1405
Skipped Seq from 1405 to 1407
Skipped Seq from 1415 to 1419
Skipped Seq from 1419 to 1421
Skipped Seq from 1424 to 1427
Skipped Seq from 1434 to 1437
Skipped Seq from 1441 to 1443
Skipped Seq from 1445 to 1447
Skipped Seq from 1449 to 1453
Skipped Seq from 1454 to 1458
Skipped Seq from 1458 to 1460
Skipped Seq from 1467 to 1471
Skipped Seq from 1479 to 1485
Skipped Seq from 1486 to 1488
Skipped Seq from 1488 to 1490
Skipped Seq from 1493 to 1499
Skipped Seq from 1500 to 1503
Skipped Seq from 1505 to 1507
Skipped Seq from 1511 to 1514
Skipped Seq from 1516 to 1518
Skipped Seq from 1519 to 1523
Skipped Seq from 1524 to 1526
Skipped Seq from 1559 to 1570
Skipped Seq from 1575 to 1577
Skipped Seq from 1578 to 1580
Skipped Seq from 1581 to 1583
Skipped Seq from 1584 to 1587
Skipped Seq from 1588 to 1591
Skipped Seq from 1595 to 1598
Skipped Seq from 1604 to 1609
Skipped Seq from 1611 to 1613
Skipped Seq from 1619 to 1623
Skipped Seq from 1624 to 1626
Skipped Seq from 1632 to 1635
Skipped Seq from 1640 to 1642
Skipped Seq from 1645 to 1648
Skipped Seq from 1654 to 1659
Skipped Seq from 1662 to 1664
Skipped Seq from 1667 to 1669
Skipped Seq from 1669 to 1671
Skipped Seq from 1671 to 1673
Skipped Seq from 1673 to 1676
Skipped Seq from 1677 to 1679
Skipped Seq from 1680 to 1683
Skipped Seq from 1683 to 1685
Skipped Seq from 1693 to 1698
Skipped Seq from 1699 to 1704
Skipped Seq from 1708 to 1712
Skipped Seq from 1714 to 1716
Skipped Seq from 1724 to 1726
Skipped Seq from 1728 to 1730
Skipped Seq from 1731 to 1733
Skipped Seq from 1736 to 1738
Skipped Seq from 1745 to 1749
Skipped Seq from 1771 to 1774
Skipped Seq from 1774 to 1778
Skipped Seq from 1778 to 1780
Skipped Seq from 1783 to 1785
Skipped Seq from 1786 to 1788
Skipped Seq from 1789 to 1791
Skipped Seq from 1801 to 1804
Skipped Seq from 1807 to 1809
Skipped Seq from 1813 to 1816
Skipped Seq from 1819 to 1822
Skipped Seq from 1824 to 1826
Skipped Seq from 1826 to 1828
Skipped Seq from 1829 to 1832
Skipped Seq from 1835 to 1839
Skipped Seq from 1843 to 1845
Skipped Seq from 1846 to 1850
Skipped Seq from 1862 to 1864
Skipped Seq from 1867 to 1872
Skipped Seq from 1872 to 1877
Skipped Seq from 1879 to 1881
Skipped Seq from 1882 to 1884
Skipped Seq from 1891 to 1893
Skipped Seq from 1899 to 1901
Skipped Seq from 1901 to 1904
Skipped Seq from 1910 to 1913
Skipped Seq from 1922 to 1925
Skipped Seq from 1927 to 1930
Skipped Seq from 1933 to 1935
Skipped Seq from 1936 to 1938
Skipped Seq from 1942 to 1945
Skipped Seq from 1945 to 1949
Skipped Seq from 1949 to 1951
Skipped Seq from 1952 to 1956
Skipped Seq from 1956 to 1958
Skipped Seq from 1958 to 1960
Skipped Seq from 1967 to 1969
Skipped Seq from 1972 to 1974
Skipped Seq from 1974 to 1976
Skipped Seq from 1976 to 1979
Skipped Seq from 1980 to 1983
Skipped Seq from 1983 to 1990
Skipped Seq from 1990 to 1992
Skipped Seq from 2006 to 2012
Skipped Seq from 2020 to 2022
Skipped Seq from 2029 to 2033
Skipped Seq from 2048 to 2053
Skipped Seq from 2055 to 2063
Skipped Seq from 2066 to 2072
Skipped Seq from 2072 to 2078
Skipped Seq from 2090 to 2093
Skipped Seq from 2095 to 2099
Skipped Seq from 2099 to 2104
Skipped Seq from 2104 to 2114
Skipped Seq from 2116 to 2118
Skipped Seq from 2118 to 2121
Skipped Seq from 2121 to 2123
Skipped Seq from 2125 to 2130
Skipped Seq from 2132 to 2134
Skipped Seq from 2135 to 2138
Skipped Seq from 2139 to 2141
Skipped Seq from 2142 to 2146
Skipped Seq from 2150 to 2155
Skipped Seq from 2159 to 2162
Skipped Seq from 2165 to 2168
Skipped Seq from 2169 to 2171
Skipped Seq from 2171 to 2175
Skipped Seq from 2175 to 2185
Skipped Seq from 2186 to 2189
Skipped Seq from 2192 to 2197
Skipped Seq from 2212 to 2215
Skipped Seq from 2216 to 2221
Skipped Seq from 2221 to 2229
Skipped Seq from 2230 to 2233
Skipped Seq from 2235 to 2239
Skipped Seq from 2242 to 2245
Skipped Seq from 2246 to 2250
Skipped Seq from 2250 to 2253
Skipped Seq from 2255 to 2259
Skipped Seq from 2260 to 2270
Skipped Seq from 2270 to 2273
Skipped Seq from 2273 to 2275
Skipped Seq from 2275 to 2280
Skipped Seq from 2280 to 2282
Skipped Seq from 2286 to 2291
Skipped Seq from 2291 to 2294
Skipped Seq from 2295 to 2297
Skipped Seq from 2297 to 2299
Skipped Seq from 2300 to 2302
Skipped Seq from 2305 to 2309
Skipped Seq from 2315 to 2318
Skipped Seq from 2325 to 2328
Skipped Seq from 2328 to 2333
Skipped Seq from 2335 to 2338
Skipped Seq from 2338 to 2340
Skipped Seq from 2340 to 2346
Skipped Seq from 2346 to 2348
Skipped Seq from 2350 to 2352
Skipped Seq from 2385 to 2389
Skipped Seq from 2424 to 2426
Skipped Seq from 2436 to 2438
Skipped Seq from 2442 to 2444
Skipped Seq from 6471 to 6473
Skipped Seq from 6473 to 6475
Skipped Seq from 6475 to 6480
Skipped Seq from 6480 to 6486
Skipped Seq from 6489 to 6493
Skipped Seq from 6499 to 6528
Skipped Seq from 6528 to 6540
Skipped Seq from 6542 to 6560
Skipped Seq from 6563 to 6566
Skipped Seq from 6569 to 6572
Skipped Seq from 6572 to 6574
Skipped Seq from 6575 to 6581
Skipped Seq from 6582 to 6586
Skipped Seq from 6586 to 6589
Skipped Seq from 6589 to 6593
Skipped Seq from 6593 to 6596
Skipped Seq from 6597 to 6599
Skipped Seq from 6599 to 6603
Skipped Seq from 6603 to 6607
Skipped Seq from 6607 to 6612
Skipped Seq from 6613 to 6616
Skipped Seq from 6620 to 6622
Skipped Seq from 6624 to 6633
Skipped Seq from 6634 to 6638
Skipped Seq from 6639 to 6641
Skipped Seq from 6641 to 6645
Skipped Seq from 6645 to 6647
Skipped Seq from 6649 to 6651
Skipped Seq from 6651 to 6656
Skipped Seq from 6658 to 6663
Skipped Seq from 6663 to 6666
Skipped Seq from 6666 to 6673
Skipped Seq from 6674 to 6679
Skipped Seq from 6680 to 6683
Skipped Seq from 6689 to 6691
Skipped Seq from 6693 to 6698
Skipped Seq from 6700 to 6702
Skipped Seq from 6702 to 6704
Skipped Seq from 6704 to 6706
Skipped Seq from 6710 to 6721
Skipped Seq from 6721 to 6733
Skipped Seq from 6733 to 6737
Skipped Seq from 6737 to 6740
Skipped Seq from 6741 to 6746
Skipped Seq from 6751 to 6753
Skipped Seq from 6754 to 6757
Skipped Seq from 6757 to 6760
Skipped Seq from 6762 to 6767
Skipped Seq from 6767 to 6770
Skipped Seq from 6770 to 6773
Skipped Seq from 6773 to 6776
Skipped Seq from 6776 to 6778
Skipped Seq from 6778 to 6781
Skipped Seq from 6786 to 6788
Skipped Seq from 6792 to 6794
Skipped Seq from 6797 to 6801
Skipped Seq from 6802 to 6805
Skipped Seq from 6811 to 6815
Skipped Seq from 6815 to 6818
Skipped Seq from 6818 to 6821
Skipped Seq from 6823 to 6827
Skipped Seq from 6829 to 6833
Skipped Seq from 6833 to 6835
Skipped Seq from 6835 to 6837
Skipped Seq from 6840 to 6842
Skipped Seq from 6848 to 6850
Skipped Seq from 6851 to 6860
Skipped Seq from 6861 to 6865
Skipped Seq from 6867 to 6870
Skipped Seq from 6871 to 6876
Skipped Seq from 6879 to 6884
Skipped Seq from 6885 to 6887
Skipped Seq from 6888 to 6891
Skipped Seq from 6891 to 6893
Skipped Seq from 6894 to 6896
Skipped Seq from 6897 to 6900
Skipped Seq from 6900 to 6903
Skipped Seq from 6903 to 6910
Skipped Seq from 6912 to 6918
Skipped Seq from 6918 to 6922
Skipped Seq from 6922 to 6924
Skipped Seq from 6925 to 6927
Skipped Seq from 6930 to 6935
Skipped Seq from 6935 to 6943
Skipped Seq from 6943 to 6945
Skipped Seq from 6947 to 6950
Skipped Seq from 6950 to 6952
Skipped Seq from 6957 to 6959
Skipped Seq from 6962 to 6968
Skipped Seq from 6970 to 6972
Skipped Seq from 6973 to 6976
Skipped Seq from 6976 to 6987
Skipped Seq from 6990 to 6992
Skipped Seq from 6993 to 6997
Skipped Seq from 6997 to 7002
Skipped Seq from 7003 to 7010
Skipped Seq from 7012 to 7016
Skipped Seq from 7017 to 7019
Skipped Seq from 7019 to 7022
Skipped Seq from 7024 to 7026
Skipped Seq from 7027 to 7029
Skipped Seq from 7030 to 7033
Skipped Seq from 7033 to 7035
Skipped Seq from 7036 to 7041
Skipped Seq from 7042 to 7044
Skipped Seq from 7045 to 7061
Skipped Seq from 7061 to 7068
Skipped Seq from 7069 to 7073
Skipped Seq from 7073 to 7077
Skipped Seq from 7077 to 7081
Skipped Seq from 7082 to 7089
Skipped Seq from 7089 to 7092
Skipped Seq from 7093 to 7097
Skipped Seq from 7098 to 7104
Skipped Seq from 7104 to 7108
Skipped Seq from 7110 to 7113
Skipped Seq from 7113 to 7115
Skipped Seq from 7117 to 7119
Skipped Seq from 7126 to 7128
Skipped Seq from 7129 to 7131
Skipped Seq from 7135 to 7141
Skipped Seq from 7141 to 7143
Skipped Seq from 7144 to 7146
Skipped Seq from 7146 to 7148
Skipped Seq from 7152 to 7154
Skipped Seq from 7156 to 7160
Skipped Seq from 7160 to 7165
Skipped Seq from 7166 to 7169
Skipped Seq from 7170 to 7172
Skipped Seq from 7174 to 7176
Skipped Seq from 7176 to 7178
Skipped Seq from 7178 to 7182
Skipped Seq from 7187 to 7189
Skipped Seq from 7190 to 7192
Skipped Seq from 7192 to 7195
Skipped Seq from 7195 to 7207
Skipped Seq from 7208 to 7211
Skipped Seq from 7213 to 7218
Skipped Seq from 7222 to 7224
Skipped Seq from 7224 to 7227
Skipped Seq from 7229 to 7231
Skipped Seq from 7231 to 7236
Skipped Seq from 7236 to 7239
Skipped Seq from 7239 to 7253
Skipped Seq from 7261 to 7263
Skipped Seq from 7263 to 7280
Skipped Seq from 7280 to 7282
Skipped Seq from 7283 to 7285
Skipped Seq from 7285 to 7289
Skipped Seq from 7289 to 7291
Skipped Seq from 7291 to 7293
Skipped Seq from 7293 to 7295
Skipped Seq from 7295 to 7299
Skipped Seq from 7299 to 7301
Skipped Seq from 7301 to 7305
Skipped Seq from 7309 to 7313
Skipped Seq from 7315 to 7323
Skipped Seq from 7323 to 7327
Skipped Seq from 7327 to 7329
Skipped Seq from 7330 to 7333
Skipped Seq from 7333 to 7339
Skipped Seq from 7341 to 7345
Skipped Seq from 7347 to 7349
Skipped Seq from 7351 to 7353
Skipped Seq from 7353 to 7356
Skipped Seq from 7357 to 7360
Skipped Seq from 7360 to 7362
Skipped Seq from 7362 to 7364
Skipped Seq from 7364 to 7368
Skipped Seq from 7368 to 7370
Skipped Seq from 7372 to 7374
Skipped Seq from 7376 to 7380
Skipped Seq from 7381 to 7384
Skipped Seq from 7384 to 7386
Skipped Seq from 7386 to 7388
Skipped Seq from 7389 to 7391
Skipped Seq from 7394 to 7397
Skipped Seq from 7397 to 7401
Skipped Seq from 7401 to 7403
Skipped Seq from 7403 to 7405
Skipped Seq from 7406 to 7411
Skipped Seq from 7412 to 7415
Skipped Seq from 7416 to 7421
Skipped Seq from 7421 to 7428
Skipped Seq from 7429 to 7433
Skipped Seq from 7433 to 7436
Skipped Seq from 7440 to 7442
Skipped Seq from 7444 to 7446
Skipped Seq from 7446 to 7450
Skipped Seq from 7450 to 7452
Skipped Seq from 7453 to 7460
Skipped Seq from 7460 to 7462
Skipped Seq from 7464 to 7473
Skipped Seq from 7474 to 7482
Skipped Seq from 7482 to 7493
Skipped Seq from 7493 to 7496
Skipped Seq from 7498 to 7500
Skipped Seq from 7500 to 7512
Skipped Seq from 7514 to 7516
Skipped Seq from 7520 to 7523
Skipped Seq from 7524 to 7527
Skipped Seq from 7529 to 7532
Skipped Seq from 7532 to 7536
Skipped Seq from 7536 to 7542
Skipped Seq from 7542 to 7544
Skipped Seq from 7545 to 7547
Skipped Seq from 7549 to 7558
Skipped Seq from 7565 to 7568
Skipped Seq from 7569 to 7574
Skipped Seq from 7575 to 7578
Skipped Seq from 7578 to 7581
Skipped Seq from 7581 to 7583
Skipped Seq from 7583 to 7586
Skipped Seq from 7593 to 7597
Skipped Seq from 7599 to 7602
Skipped Seq from 7602 to 7604
Skipped Seq from 7606 to 7608
Skipped Seq from 7609 to 7613
Skipped Seq from 7615 to 7617
Skipped Seq from 7617 to 7619
Skipped Seq from 7620 to 7623
Skipped Seq from 7623 to 7628
Skipped Seq from 7629 to 7633
Skipped Seq from 7633 to 7640
Skipped Seq from 7640 to 7644
Skipped Seq from 7644 to 7648
Skipped Seq from 7651 to 7654
Skipped Seq from 7654 to 7656
Skipped Seq from 7656 to 7658
Skipped Seq from 7658 to 7670
Skipped Seq from 7672 to 7678
Skipped Seq from 7681 to 7684
Skipped Seq from 7685 to 7688
Skipped Seq from 7688 to 7696
Skipped Seq from 7697 to 7701
Skipped Seq from 7701 to 7704
Skipped Seq from 7705 to 7708
Skipped Seq from 7708 to 7712
Skipped Seq from 7714 to 7716
Skipped Seq from 7716 to 7718
Skipped Seq from 7718 to 7720
Skipped Seq from 7721 to 7724
Skipped Seq from 7724 to 7727
Skipped Seq from 7727 to 7729
Skipped Seq from 7729 to 7733
Skipped Seq from 7736 to 7740
Skipped Seq from 7742 to 7745
Skipped Seq from 7746 to 7748
Skipped Seq from 7750 to 7753
Skipped Seq from 7753 to 7755
Skipped Seq from 7762 to 7765
Skipped Seq from 7769 to 7771
Skipped Seq from 7777 to 7783
Skipped Seq from 7783 to 7785
Skipped Seq from 7787 to 7790
Skipped Seq from 7790 to 7792
Skipped Seq from 7793 to 7799
Skipped Seq from 7799 to 7801
Skipped Seq from 7804 to 7806
Skipped Seq from 7809 to 7812
Skipped Seq from 7814 to 7817
Skipped Seq from 7818 to 7821
Skipped Seq from 7830 to 7832
Skipped Seq from 7837 to 7841
Skipped Seq from 7844 to 7850
Skipped Seq from 7855 to 7857
Skipped Seq from 7859 to 7863
Skipped Seq from 7864 to 7866
Skipped Seq from 7866 to 7868
Skipped Seq from 7877 to 7881
Skipped Seq from 7885 to 7889
Skipped Seq from 7894 to 7896
Skipped Seq from 7896 to 7899
Skipped Seq from 7904 to 7907
Skipped Seq from 7910 to 7912
Skipped Seq from 7914 to 7916
Skipped Seq from 7916 to 7919
Skipped Seq from 7920 to 7926
Skipped Seq from 7932 to 7934
Skipped Seq from 7950 to 7952
Skipped Seq from 7957 to 7961
Skipped Seq from 11850 to 11852
Skipped Seq from 11854 to 11857
Skipped Seq from 11866 to 11868
Skipped Seq from 11868 to 11871
Skipped Seq from 11877 to 11884
Skipped Seq from 11890 to 11892
Skipped Seq from 11892 to 11894
Skipped Seq from 11894 to 11899
Skipped Seq from 11902 to 11906
Skipped Seq from 11906 to 11910
Skipped Seq from 11910 to 11912
Skipped Seq from 11912 to 11914
Skipped Seq from 11915 to 11917
Skipped Seq from 11917 to 11919
Skipped Seq from 11919 to 11928
Skipped Seq from 11928 to 11931
Skipped Seq from 11931 to 11934
Skipped Seq from 11938 to 11940
Skipped Seq from 11941 to 11943
Skipped Seq from 11944 to 11954
Skipped Seq from 11954 to 11957
Skipped Seq from 11958 to 11960
Skipped Seq from 11960 to 11963
Skipped Seq from 11963 to 11965
Skipped Seq from 11966 to 11970
Skipped Seq from 11973 to 11980
Skipped Seq from 11980 to 11983
Skipped Seq from 11986 to 11990
Skipped Seq from 11995 to 11999
Skipped Seq from 12000 to 12006
Skipped Seq from 12006 to 12013
Skipped Seq from 12013 to 12017
Skipped Seq from 12017 to 12019
Skipped Seq from 12021 to 12023
Skipped Seq from 12023 to 12026
Skipped Seq from 12026 to 12029
Skipped Seq from 12031 to 12035
Skipped Seq from 12035 to 12042
Skipped Seq from 12047 to 12049
Skipped Seq from 12049 to 12052
Skipped Seq from 12054 to 12056
Skipped Seq from 12056 to 12058
Skipped Seq from 12064 to 12067
Skipped Seq from 12068 to 12072
Skipped Seq from 12076 to 12078
Skipped Seq from 12078 to 12082
Skipped Seq from 12084 to 12090
Skipped Seq from 12090 to 12092
Skipped Seq from 12092 to 12097
Skipped Seq from 12097 to 12100
Skipped Seq from 12100 to 12103
Skipped Seq from 12107 to 12111
Skipped Seq from 12112 to 12116
Skipped Seq from 12116 to 12118
Skipped Seq from 12118 to 12120
Skipped Seq from 12123 to 12127
Skipped Seq from 12130 to 12134
Skipped Seq from 12135 to 12141
Skipped Seq from 12141 to 12143
Skipped Seq from 12143 to 12146
Skipped Seq from 12151 to 12161
Skipped Seq from 12168 to 12174
Skipped Seq from 12175 to 12177
Skipped Seq from 12181 to 12183
Skipped Seq from 12184 to 12189
Skipped Seq from 12189 to 12191
Skipped Seq from 12193 to 12203
Skipped Seq from 12203 to 12212
Skipped Seq from 12216 to 12218
Skipped Seq from 12221 to 12226
Skipped Seq from 12228 to 12233
Skipped Seq from 12233 to 12235
Skipped Seq from 12235 to 12238
Skipped Seq from 12238 to 12241
Skipped Seq from 12241 to 12243
Skipped Seq from 12246 to 12248
Skipped Seq from 12248 to 12251
Skipped Seq from 12251 to 12253
Skipped Seq from 12253 to 12256
Skipped Seq from 12256 to 12258
Skipped Seq from 12258 to 12260
Skipped Seq from 12263 to 12265
Skipped Seq from 12266 to 12274
Skipped Seq from 12274 to 12280
Skipped Seq from 12282 to 12289
Skipped Seq from 12292 to 12295
Skipped Seq from 12296 to 12299
Skipped Seq from 12301 to 12303
Skipped Seq from 12304 to 12306
Skipped Seq from 12308 to 12311
Skipped Seq from 12313 to 12315
Skipped Seq from 12315 to 12319
Skipped Seq from 12320 to 12322
Skipped Seq from 12325 to 12328
Skipped Seq from 12330 to 12335
Skipped Seq from 12339 to 12344
Skipped Seq from 12345 to 12348
Skipped Seq from 12348 to 12352
Skipped Seq from 12352 to 12354
Skipped Seq from 12355 to 12357
Skipped Seq from 12357 to 12361
Skipped Seq from 12365 to 12367
Skipped Seq from 12368 to 12371
Skipped Seq from 12373 to 12375
Skipped Seq from 12375 to 12377
Skipped Seq from 12378 to 12380
Skipped Seq from 12382 to 12385
Skipped Seq from 12385 to 12391
Skipped Seq from 12392 to 12397
Skipped Seq from 12397 to 12404
Skipped Seq from 12412 to 12415
Skipped Seq from 12415 to 12418
Skipped Seq from 12418 to 12425
Skipped Seq from 12425 to 12427
Skipped Seq from 12428 to 12432
Skipped Seq from 12433 to 12436
Skipped Seq from 12437 to 12441
Skipped Seq from 12443 to 12448
Skipped Seq from 12448 to 12450
Skipped Seq from 12450 to 12452
Skipped Seq from 12452 to 12454
Skipped Seq from 12454 to 12457
Skipped Seq from 12459 to 12466
Skipped Seq from 12467 to 12479
Skipped Seq from 12479 to 12482
Skipped Seq from 12485 to 12488
Skipped Seq from 12488 to 12490
Skipped Seq from 12490 to 12495
Skipped Seq from 12496 to 12498
Skipped Seq from 12503 to 12505
Skipped Seq from 12507 to 12511
Skipped Seq from 12511 to 12513
Skipped Seq from 12513 to 12515
Skipped Seq from 12516 to 12525
Skipped Seq from 12525 to 12530
Skipped Seq from 12534 to 12539
Skipped Seq from 12540 to 12542
Skipped Seq from 12544 to 12547
Skipped Seq from 12547 to 12551
Skipped Seq from 12553 to 12556
Skipped Seq from 12557 to 12560
Skipped Seq from 12560 to 12563
Skipped Seq from 12564 to 12569
Skipped Seq from 12569 to 12572
Skipped Seq from 12573 to 12576
Skipped Seq from 12577 to 12584
Skipped Seq from 12587 to 12590
Skipped Seq from 12591 to 12593
Skipped Seq from 12598 to 12605
Skipped Seq from 12605 to 12607
Skipped Seq from 12607 to 12612
Skipped Seq from 12613 to 12616
Skipped Seq from 12616 to 12619
Skipped Seq from 12622 to 12627
Skipped Seq from 12627 to 12630
Skipped Seq from 12633 to 12635
Skipped Seq from 12636 to 12638
Skipped Seq from 12638 to 12640
Skipped Seq from 12640 to 12644
Skipped Seq from 12646 to 12653
Skipped Seq from 12656 to 12660
Skipped Seq from 12660 to 12662
Skipped Seq from 12663 to 12674
Skipped Seq from 12674 to 12679
Skipped Seq from 12679 to 12683
Skipped Seq from 12683 to 12685
Skipped Seq from 12687 to 12689
Skipped Seq from 12691 to 12693
Skipped Seq from 12694 to 12697
Skipped Seq from 12697 to 12700
Skipped Seq from 12707 to 12711
Skipped Seq from 12712 to 12715
Skipped Seq from 12717 to 12719
Skipped Seq from 12719 to 12721
Skipped Seq from 12721 to 12725
Skipped Seq from 12725 to 12733
Skipped Seq from 12733 to 12740
Skipped Seq from 12740 to 12745
Skipped Seq from 12745 to 12749
Skipped Seq from 12751 to 12754
Skipped Seq from 12754 to 12757
Skipped Seq from 12758 to 12761
Skipped Seq from 12761 to 12767
Skipped Seq from 12767 to 12769
Skipped Seq from 12769 to 12772
Skipped Seq from 12773 to 12777
Skipped Seq from 12782 to 12785
Skipped Seq from 12785 to 12787
Skipped Seq from 12788 to 12791
Skipped Seq from 12791 to 12795
Skipped Seq from 12797 to 12799
Skipped Seq from 12800 to 12803
Skipped Seq from 12806 to 12808
Skipped Seq from 12809 to 12811
Skipped Seq from 12815 to 12820
Skipped Seq from 12821 to 12824
Skipped Seq from 12825 to 12831
Skipped Seq from 12831 to 12833
Skipped Seq from 12834 to 12837
Skipped Seq from 12837 to 12845
Skipped Seq from 12850 to 12853
Skipped Seq from 12855 to 12858
Skipped Seq from 12858 to 12860
Skipped Seq from 12863 to 12865
Skipped Seq from 12867 to 12869
Skipped Seq from 12871 to 12873
Skipped Seq from 12873 to 12875
Skipped Seq from 12876 to 12887
Skipped Seq from 12891 to 12898
Skipped Seq from 12898 to 12903
Skipped Seq from 12904 to 12906
Skipped Seq from 12908 to 12910
Skipped Seq from 12910 to 12914
Skipped Seq from 12915 to 12917
Skipped Seq from 12920 to 12927
Skipped Seq from 12927 to 12930
Skipped Seq from 12930 to 12934
Skipped Seq from 12944 to 12947
Skipped Seq from 12948 to 12951
Skipped Seq from 12953 to 12957
Skipped Seq from 12957 to 12959
Skipped Seq from 12959 to 12963
Skipped Seq from 12965 to 12968
Skipped Seq from 12969 to 12971
Skipped Seq from 12973 to 12975
Skipped Seq from 12975 to 12979
Skipped Seq from 12980 to 12983
Skipped Seq from 12983 to 12985
Skipped Seq from 12989 to 12993
Skipped Seq from 12996 to 12999
Skipped Seq from 13000 to 13002
Skipped Seq from 13002 to 13005
Skipped Seq from 13005 to 13007
Skipped Seq from 13007 to 13015
Skipped Seq from 13020 to 13024
Skipped Seq from 13026 to 13028
Skipped Seq from 13028 to 13030
Skipped Seq from 13031 to 13034
Skipped Seq from 13035 to 13040
Skipped Seq from 13043 to 13050
Skipped Seq from 13056 to 13065
Skipped Seq from 13066 to 13070
Skipped Seq from 13070 to 13072
Skipped Seq from 13073 to 13075
Skipped Seq from 13078 to 13081
Skipped Seq from 13081 to 13083
Skipped Seq from 13085 to 13091
Skipped Seq from 13091 to 13104
Skipped Seq from 13105 to 13109
Skipped Seq from 13113 to 13119
Skipped Seq from 13127 to 13131
Skipped Seq from 13131 to 13133
Skipped Seq from 13135 to 13138
Skipped Seq from 13152 to 13158
Skipped Seq from 13169 to 13171
Skipped Seq from 13228 to 13231
Skipped Seq from 13231 to 13238
Skipped Seq from 13238 to 13241
Skipped Seq from 13241 to 13245
Skipped Seq from 13256 to 13259
Skipped Seq from 17420 to 17423
Skipped Seq from 17425 to 17431
Skipped Seq from 17433 to 17436
Skipped Seq from 17442 to 17446
Skipped Seq from 17453 to 17455
Skipped Seq from 17459 to 17461
Skipped Seq from 17461 to 17463
Skipped Seq from 17463 to 17466
Skipped Seq from 17477 to 17481
Skipped Seq from 17481 to 17483
Skipped Seq from 17487 to 17489
Skipped Seq from 17493 to 17495
Skipped Seq from 17498 to 17500
Skipped Seq from 17504 to 17506
Skipped Seq from 17511 to 17517
Skipped Seq from 17521 to 17523
Skipped Seq from 17527 to 17529
Skipped Seq from 17531 to 17533
Skipped Seq from 17534 to 17542
Skipped Seq from 17542 to 17545
Skipped Seq from 17545 to 17548
Skipped Seq from 17549 to 17553
Skipped Seq from 17555 to 17558
Skipped Seq from 17574 to 17577
Skipped Seq from 17580 to 17582
Skipped Seq from 17584 to 17586
Skipped Seq from 17586 to 17590
Skipped Seq from 17594 to 17597
Skipped Seq from 17598 to 17600
Skipped Seq from 17601 to 17604
Skipped Seq from 17604 to 17606
Skipped Seq from 17616 to 17618
Skipped Seq from 17618 to 17620
Skipped Seq from 17621 to 17624
Skipped Seq from 17624 to 17626
Skipped Seq from 17626 to 17628
Skipped Seq from 17637 to 17641
Skipped Seq from 17641 to 17650
Skipped Seq from 17651 to 17657
Skipped Seq from 17658 to 17661
Skipped Seq from 17661 to 17663
Skipped Seq from 17668 to 17679
Skipped Seq from 17679 to 17681
Skipped Seq from 17682 to 17686
Skipped Seq from 17688 to 17692
Skipped Seq from 17693 to 17696
Skipped Seq from 17697 to 17705
Skipped Seq from 17705 to 17707
Skipped Seq from 17707 to 17715
Skipped Seq from 17718 to 17723
Skipped Seq from 17723 to 17725
Skipped Seq from 17725 to 17728
Skipped Seq from 17728 to 17731
Skipped Seq from 17743 to 17753
Skipped Seq from 17757 to 17759
Skipped Seq from 17759 to 17761
Skipped Seq from 17761 to 17764
Skipped Seq from 17764 to 17768
Skipped Seq from 17774 to 17776
Skipped Seq from 17777 to 17780
Skipped Seq from 17780 to 17782
Skipped Seq from 17784 to 17788
Skipped Seq from 17788 to 17792
Skipped Seq from 17799 to 17802
Skipped Seq from 17802 to 17804
Skipped Seq from 17807 to 17810
Skipped Seq from 17814 to 17816
Skipped Seq from 17830 to 17832
Skipped Seq from 17840 to 17842
Skipped Seq from 17842 to 17844
Skipped Seq from 17849 to 17854
Skipped Seq from 17854 to 17858
Skipped Seq from 17858 to 17861
Skipped Seq from 17867 to 17869
Skipped Seq from 17884 to 17887
Skipped Seq from 17895 to 17897
Skipped Seq from 17897 to 17899
Skipped Seq from 17899 to 17901
Skipped Seq from 17901 to 17903
Number of times throttled: 13
Received: 15770 / 17903 packets
Start time: 1332836360.911678
End time: 1332836412.202221
Duration: 51.290543
