Starting client at 10.0.0.17:1265 with timeout:10
My IP address is 10.0.0.17Skipped Seq from 688 to 690
Skipped Seq from 690 to 692
Skipped Seq from 693 to 695
Skipped Seq from 695 to 699
Skipped Seq from 699 to 702
Skipped Seq from 705 to 707
Skipped Seq from 707 to 710
Skipped Seq from 711 to 713
Skipped Seq from 714 to 716
Skipped Seq from 717 to 719
Skipped Seq from 720 to 722
Skipped Seq from 723 to 725
Skipped Seq from 726 to 729
Skipped Seq from 730 to 734
Skipped Seq from 735 to 737
Skipped Seq from 737 to 739
Skipped Seq from 739 to 741
Skipped Seq from 741 to 743
Skipped Seq from 743 to 746
Skipped Seq from 746 to 749
Skipped Seq from 750 to 752
Skipped Seq from 752 to 754
Skipped Seq from 756 to 762
Skipped Seq from 764 to 768
Skipped Seq from 769 to 771
Skipped Seq from 771 to 781
Skipped Seq from 781 to 783
Skipped Seq from 784 to 788
Skipped Seq from 788 to 790
Skipped Seq from 794 to 798
Skipped Seq from 798 to 807
Skipped Seq from 808 to 810
Skipped Seq from 811 to 813
Skipped Seq from 814 to 818
Skipped Seq from 818 to 824
Skipped Seq from 824 to 832
Skipped Seq from 834 to 836
Skipped Seq from 840 to 842
Skipped Seq from 843 to 845
Skipped Seq from 845 to 849
Skipped Seq from 849 to 851
Skipped Seq from 852 to 858
Skipped Seq from 858 to 863
Skipped Seq from 863 to 867
Skipped Seq from 871 to 878
Skipped Seq from 879 to 881
Skipped Seq from 882 to 886
Skipped Seq from 886 to 889
Skipped Seq from 890 to 894
Skipped Seq from 895 to 897
Skipped Seq from 897 to 899
Skipped Seq from 906 to 908
Skipped Seq from 910 to 913
Skipped Seq from 913 to 916
Skipped Seq from 916 to 918
Skipped Seq from 918 to 922
Skipped Seq from 923 to 925
Skipped Seq from 928 to 930
Skipped Seq from 931 to 933
Skipped Seq from 933 to 936
Skipped Seq from 942 to 949
Skipped Seq from 949 to 954
Skipped Seq from 954 to 956
Skipped Seq from 956 to 958
Skipped Seq from 959 to 961
Skipped Seq from 962 to 964
Skipped Seq from 967 to 969
Skipped Seq from 971 to 973
Skipped Seq from 973 to 976
Skipped Seq from 977 to 979
Skipped Seq from 982 to 984
Skipped Seq from 986 to 988
Skipped Seq from 989 to 992
Skipped Seq from 995 to 997
Skipped Seq from 997 to 999
Skipped Seq from 1006 to 1009
Skipped Seq from 1010 to 1015
Skipped Seq from 1016 to 1018
Skipped Seq from 1018 to 1022
Skipped Seq from 1022 to 1027
Skipped Seq from 1027 to 1032
Skipped Seq from 1034 to 1038
Skipped Seq from 1040 to 1042
Skipped Seq from 1042 to 1044
Skipped Seq from 1044 to 1046
Skipped Seq from 1048 to 1050
Skipped Seq from 1050 to 1055
Skipped Seq from 1056 to 1058
Skipped Seq from 1060 to 1065
Skipped Seq from 1069 to 1071
Skipped Seq from 1071 to 1073
Skipped Seq from 1073 to 1075
Skipped Seq from 1077 to 1081
Skipped Seq from 1082 to 1086
Skipped Seq from 1086 to 1089
Skipped Seq from 1091 to 1093
Skipped Seq from 1093 to 1097
Skipped Seq from 1098 to 1104
Skipped Seq from 1105 to 1111
Skipped Seq from 1111 to 1113
Skipped Seq from 1117 to 1120
Skipped Seq from 1120 to 1123
Skipped Seq from 1126 to 1129
Skipped Seq from 1129 to 1131
Skipped Seq from 1134 to 1136
Skipped Seq from 1136 to 1139
Skipped Seq from 1139 to 1141
Skipped Seq from 1149 to 1151
Skipped Seq from 1151 to 1157
Skipped Seq from 1158 to 1161
Skipped Seq from 1166 to 1169
Skipped Seq from 1172 to 1177
Skipped Seq from 1178 to 1180
Skipped Seq from 1185 to 1191
Skipped Seq from 1191 to 1197
Skipped Seq from 1197 to 1201
Skipped Seq from 1201 to 1203
Skipped Seq from 1205 to 1207
Skipped Seq from 1207 to 1210
Skipped Seq from 1213 to 1216
Skipped Seq from 1216 to 1218
Skipped Seq from 1220 to 1223
Skipped Seq from 1223 to 1226
Skipped Seq from 1227 to 1231
Skipped Seq from 1231 to 1233
Skipped Seq from 1233 to 1236
Skipped Seq from 1237 to 1240
Skipped Seq from 1240 to 1242
Skipped Seq from 1247 to 1249
Skipped Seq from 1250 to 1254
Skipped Seq from 1254 to 1256
Skipped Seq from 1256 to 1260
Skipped Seq from 1260 to 1262
Skipped Seq from 1262 to 1264
Skipped Seq from 1270 to 1273
Skipped Seq from 1273 to 1277
Skipped Seq from 1277 to 1279
Skipped Seq from 1279 to 1281
Skipped Seq from 1282 to 1284
Skipped Seq from 1289 to 1298
Skipped Seq from 1299 to 1304
Skipped Seq from 1307 to 1309
Skipped Seq from 1311 to 1316
Skipped Seq from 1319 to 1323
Skipped Seq from 1324 to 1326
Skipped Seq from 1326 to 1328
Skipped Seq from 1328 to 1331
Skipped Seq from 1332 to 1334
Skipped Seq from 1337 to 1340
Skipped Seq from 1341 to 1344
Skipped Seq from 1347 to 1350
Skipped Seq from 1352 to 1354
Skipped Seq from 1357 to 1359
Skipped Seq from 1360 to 1362
Skipped Seq from 1364 to 1366
Skipped Seq from 1366 to 1370
Skipped Seq from 1372 to 1374
Skipped Seq from 1374 to 1376
Skipped Seq from 1376 to 1380
Skipped Seq from 1382 to 1385
Skipped Seq from 1385 to 1387
Skipped Seq from 1387 to 1397
Skipped Seq from 1397 to 1401
Skipped Seq from 1401 to 1404
Skipped Seq from 1404 to 1406
Skipped Seq from 1406 to 1409
Skipped Seq from 1410 to 1416
Skipped Seq from 1416 to 1421
Skipped Seq from 1421 to 1423
Skipped Seq from 1424 to 1427
Skipped Seq from 1428 to 1430
Skipped Seq from 1431 to 1433
Skipped Seq from 1433 to 1435
Skipped Seq from 1439 to 1443
Skipped Seq from 1446 to 1448
Skipped Seq from 1454 to 1457
Skipped Seq from 1457 to 1461
Skipped Seq from 1462 to 1464
Skipped Seq from 1464 to 1472
Skipped Seq from 1473 to 1477
Skipped Seq from 1477 to 1479
Skipped Seq from 1481 to 1483
Skipped Seq from 1483 to 1487
Skipped Seq from 1489 to 1492
Skipped Seq from 1493 to 1495
Skipped Seq from 1495 to 1497
Skipped Seq from 1497 to 1501
Skipped Seq from 1504 to 1506
Skipped Seq from 1506 to 1512
Skipped Seq from 1512 to 1520
Skipped Seq from 1520 to 1523
Skipped Seq from 1523 to 1525
Skipped Seq from 1526 to 1528
Skipped Seq from 1529 to 1531
Skipped Seq from 1531 to 1534
Skipped Seq from 1536 to 1539
Skipped Seq from 1539 to 1542
Skipped Seq from 1542 to 1545
Skipped Seq from 1547 to 1549
Skipped Seq from 1550 to 1552
Skipped Seq from 1552 to 1558
Skipped Seq from 1559 to 1561
Skipped Seq from 1561 to 1564
Skipped Seq from 1566 to 1569
Skipped Seq from 1569 to 1571
Skipped Seq from 1572 to 1576
Skipped Seq from 1576 to 1578
Skipped Seq from 1580 to 1583
Skipped Seq from 1583 to 1585
Skipped Seq from 1585 to 1587
Skipped Seq from 1587 to 1589
Skipped Seq from 1589 to 1591
Skipped Seq from 1592 to 1595
Skipped Seq from 1595 to 1597
Skipped Seq from 1599 to 1605
Skipped Seq from 1605 to 1607
Skipped Seq from 1607 to 1613
Skipped Seq from 1613 to 1617
Skipped Seq from 1617 to 1619
Skipped Seq from 1622 to 1625
Skipped Seq from 1628 to 1630
Skipped Seq from 1632 to 1634
Skipped Seq from 1635 to 1638
Skipped Seq from 1638 to 1642
Skipped Seq from 1642 to 1644
Skipped Seq from 1646 to 1654
Skipped Seq from 1654 to 1656
Skipped Seq from 1659 to 1662
Skipped Seq from 1663 to 1665
Skipped Seq from 1665 to 1669
Skipped Seq from 1669 to 1678
Skipped Seq from 1679 to 1681
Skipped Seq from 1681 to 1686
Skipped Seq from 1688 to 1690
Skipped Seq from 1690 to 1694
Skipped Seq from 1694 to 1696
Skipped Seq from 1696 to 1706
Skipped Seq from 1708 to 1710
Skipped Seq from 1714 to 1718
Skipped Seq from 1720 to 1722
Skipped Seq from 1723 to 1728
Skipped Seq from 1728 to 1730
Skipped Seq from 1730 to 1734
Skipped Seq from 1734 to 1741
Skipped Seq from 1741 to 1746
Skipped Seq from 1746 to 1748
Skipped Seq from 1750 to 1752
Skipped Seq from 1752 to 1758
Skipped Seq from 1758 to 1763
Skipped Seq from 1763 to 1769
Skipped Seq from 1769 to 1773
Skipped Seq from 1775 to 1777
Skipped Seq from 1779 to 1781
Skipped Seq from 1781 to 1783
Skipped Seq from 1784 to 1786
Skipped Seq from 1788 to 1794
Skipped Seq from 1794 to 1799
Skipped Seq from 1800 to 1802
Skipped Seq from 1802 to 1804
Skipped Seq from 1805 to 1807
Skipped Seq from 1810 to 1813
Skipped Seq from 1818 to 1822
Skipped Seq from 1822 to 1825
Skipped Seq from 1825 to 1833
Skipped Seq from 1833 to 1838
Skipped Seq from 1838 to 1840
Skipped Seq from 1840 to 1843
Skipped Seq from 1843 to 1845
Skipped Seq from 1845 to 1848
Skipped Seq from 1849 to 1852
Skipped Seq from 1852 to 1854
Skipped Seq from 1855 to 1859
Skipped Seq from 1863 to 1868
Skipped Seq from 1874 to 1876
Skipped Seq from 1876 to 1878
Skipped Seq from 1878 to 1886
Skipped Seq from 1886 to 1888
Skipped Seq from 1888 to 1890
Skipped Seq from 1891 to 1893
Skipped Seq from 1893 to 1895
Skipped Seq from 1895 to 1903
Skipped Seq from 1907 to 1909
Skipped Seq from 1910 to 1914
Skipped Seq from 1919 to 1927
Skipped Seq from 1929 to 1931
Skipped Seq from 1931 to 1938
Skipped Seq from 1939 to 1941
Skipped Seq from 1941 to 1946
Skipped Seq from 1948 to 1950
Skipped Seq from 1951 to 1953
Skipped Seq from 1959 to 1961
Skipped Seq from 1964 to 1968
Skipped Seq from 1969 to 1972
Skipped Seq from 1972 to 1975
Skipped Seq from 1977 to 1981
Skipped Seq from 1981 to 1983
Skipped Seq from 1983 to 1985
Skipped Seq from 1986 to 1989
Skipped Seq from 1989 to 1991
Skipped Seq from 1991 to 1993
Skipped Seq from 1993 to 1995
Skipped Seq from 1997 to 1999
Skipped Seq from 2001 to 2005
Skipped Seq from 2006 to 2008
Skipped Seq from 2010 to 2014
Skipped Seq from 2018 to 2020
Skipped Seq from 2021 to 2023
Skipped Seq from 2025 to 2027
Skipped Seq from 2028 to 2036
Skipped Seq from 2038 to 2040
Skipped Seq from 2040 to 2044
Skipped Seq from 2044 to 2046
Skipped Seq from 2046 to 2049
Skipped Seq from 2051 to 2054
Skipped Seq from 2058 to 2064
Skipped Seq from 2068 to 2070
Skipped Seq from 2071 to 2073
Skipped Seq from 2073 to 2077
Skipped Seq from 2079 to 2082
Skipped Seq from 2082 to 2085
Skipped Seq from 2088 to 2094
Skipped Seq from 2095 to 2097
Skipped Seq from 2097 to 2102
Skipped Seq from 2102 to 2105
Skipped Seq from 2105 to 2112
Skipped Seq from 2112 to 2120
Skipped Seq from 2121 to 2129
Skipped Seq from 2134 to 2137
Skipped Seq from 2137 to 2141
Skipped Seq from 2141 to 2143
Skipped Seq from 2143 to 2148
Skipped Seq from 2148 to 2153
Skipped Seq from 2156 to 2158
Skipped Seq from 2158 to 2165
Skipped Seq from 2165 to 2171
Skipped Seq from 2175 to 2179
Skipped Seq from 2179 to 2183
Skipped Seq from 2187 to 2190
Skipped Seq from 2194 to 2198
Skipped Seq from 2198 to 2200
Skipped Seq from 2208 to 2214
Skipped Seq from 2216 to 2221
Skipped Seq from 2225 to 2229
Skipped Seq from 2236 to 2240
Skipped Seq from 2244 to 2247
Skipped Seq from 2249 to 2251
Skipped Seq from 2251 to 2253
Skipped Seq from 2254 to 2257
Skipped Seq from 2261 to 2263
Skipped Seq from 2271 to 2273
Skipped Seq from 2283 to 2285
Skipped Seq from 2287 to 2290
Skipped Seq from 2291 to 2297
Skipped Seq from 2306 to 2310
Skipped Seq from 2310 to 2313
Skipped Seq from 2313 to 2315
Skipped Seq from 2315 to 2317
Skipped Seq from 2332 to 2336
Skipped Seq from 2349 to 2351
Skipped Seq from 2361 to 2364
Number of times throttled: 5
Received: 5198 / 6030 packets
Start time: 1332836610.696008
End time: 1332836627.575301
Duration: 16.879293
