Starting client at 10.0.0.10:1245 with timeout:10
My IP address is 10.0.0.10Skipped Seq from 47 to 55
Skipped Seq from 55 to 60
Skipped Seq from 62 to 70
Skipped Seq from 70 to 72
Skipped Seq from 74 to 84
Skipped Seq from 85 to 98
Skipped Seq from 98 to 106
Skipped Seq from 106 to 117
Skipped Seq from 119 to 128
Skipped Seq from 128 to 130
Skipped Seq from 130 to 132
Skipped Seq from 132 to 134
Skipped Seq from 134 to 136
Skipped Seq from 136 to 138
Skipped Seq from 138 to 143
Skipped Seq from 144 to 149
Skipped Seq from 150 to 152
Skipped Seq from 153 to 155
Skipped Seq from 156 to 158
Skipped Seq from 161 to 165
Skipped Seq from 168 to 170
Skipped Seq from 174 to 176
Skipped Seq from 177 to 179
Skipped Seq from 181 to 183
Skipped Seq from 184 to 191
Skipped Seq from 191 to 194
Skipped Seq from 194 to 196
Skipped Seq from 199 to 207
Skipped Seq from 210 to 212
Skipped Seq from 218 to 220
Skipped Seq from 229 to 231
Skipped Seq from 239 to 242
Skipped Seq from 243 to 252
Skipped Seq from 252 to 255
Skipped Seq from 255 to 257
Skipped Seq from 257 to 260
Skipped Seq from 261 to 266
Skipped Seq from 268 to 271
Skipped Seq from 272 to 275
Skipped Seq from 275 to 278
Skipped Seq from 279 to 281
Skipped Seq from 282 to 284
Skipped Seq from 285 to 287
Skipped Seq from 287 to 290
Skipped Seq from 293 to 303
Skipped Seq from 304 to 306
Skipped Seq from 308 to 310
Skipped Seq from 311 to 318
Skipped Seq from 320 to 322
Skipped Seq from 326 to 329
Skipped Seq from 330 to 333
Skipped Seq from 334 to 338
Skipped Seq from 339 to 341
Skipped Seq from 343 to 345
Skipped Seq from 345 to 347
Skipped Seq from 348 to 351
Skipped Seq from 353 to 356
Skipped Seq from 359 to 361
Skipped Seq from 362 to 365
Skipped Seq from 365 to 367
Skipped Seq from 368 to 372
Skipped Seq from 372 to 374
Skipped Seq from 375 to 377
Skipped Seq from 377 to 379
Skipped Seq from 384 to 386
Skipped Seq from 388 to 391
Skipped Seq from 392 to 394
Skipped Seq from 395 to 397
Skipped Seq from 398 to 401
Skipped Seq from 401 to 405
Skipped Seq from 405 to 407
Skipped Seq from 408 to 410
Skipped Seq from 411 to 413
Skipped Seq from 413 to 420
Skipped Seq from 420 to 429
Skipped Seq from 430 to 439
Skipped Seq from 440 to 442
Skipped Seq from 442 to 446
Skipped Seq from 446 to 452
Skipped Seq from 453 to 455
Skipped Seq from 455 to 457
Skipped Seq from 458 to 461
Skipped Seq from 462 to 464
Skipped Seq from 464 to 468
Skipped Seq from 471 to 474
Skipped Seq from 474 to 480
Skipped Seq from 483 to 485
Skipped Seq from 486 to 488
Skipped Seq from 489 to 491
Skipped Seq from 491 to 496
Skipped Seq from 496 to 498
Skipped Seq from 498 to 503
Skipped Seq from 503 to 507
Skipped Seq from 508 to 510
Skipped Seq from 513 to 518
Skipped Seq from 518 to 521
Skipped Seq from 522 to 526
Skipped Seq from 533 to 537
Skipped Seq from 540 to 542
Skipped Seq from 542 to 544
Skipped Seq from 544 to 547
Skipped Seq from 549 to 551
Skipped Seq from 551 to 553
Skipped Seq from 553 to 557
Skipped Seq from 557 to 560
Skipped Seq from 564 to 566
Skipped Seq from 570 to 572
Skipped Seq from 573 to 576
Skipped Seq from 576 to 582
Skipped Seq from 582 to 584
Skipped Seq from 585 to 590
Skipped Seq from 590 to 592
Skipped Seq from 592 to 595
Skipped Seq from 606 to 609
Skipped Seq from 611 to 613
Skipped Seq from 613 to 616
Skipped Seq from 617 to 619
Skipped Seq from 619 to 621
Skipped Seq from 621 to 623
Skipped Seq from 623 to 625
Skipped Seq from 626 to 629
Skipped Seq from 631 to 634
Skipped Seq from 634 to 636
Skipped Seq from 637 to 639
Skipped Seq from 640 to 642
Skipped Seq from 642 to 644
Skipped Seq from 645 to 649
Skipped Seq from 649 to 651
Skipped Seq from 655 to 657
Skipped Seq from 657 to 659
Skipped Seq from 661 to 667
Skipped Seq from 668 to 670
Skipped Seq from 670 to 675
Skipped Seq from 676 to 678
Skipped Seq from 678 to 680
Skipped Seq from 681 to 685
Skipped Seq from 685 to 687
Skipped Seq from 688 to 691
Skipped Seq from 692 to 694
Skipped Seq from 694 to 696
Skipped Seq from 700 to 703
Skipped Seq from 704 to 710
Skipped Seq from 710 to 713
Skipped Seq from 713 to 715
Skipped Seq from 715 to 720
Skipped Seq from 721 to 726
Skipped Seq from 726 to 728
Skipped Seq from 728 to 730
Skipped Seq from 730 to 737
Skipped Seq from 737 to 749
Skipped Seq from 749 to 751
Skipped Seq from 752 to 756
Skipped Seq from 756 to 759
Skipped Seq from 759 to 764
Skipped Seq from 765 to 768
Skipped Seq from 769 to 771
Skipped Seq from 771 to 776
Skipped Seq from 778 to 780
Skipped Seq from 783 to 785
Skipped Seq from 785 to 791
Skipped Seq from 792 to 804
Skipped Seq from 805 to 807
Skipped Seq from 808 to 811
Skipped Seq from 811 to 813
Skipped Seq from 817 to 828
Skipped Seq from 829 to 831
Skipped Seq from 831 to 834
Skipped Seq from 834 to 836
Skipped Seq from 843 to 845
Skipped Seq from 854 to 856
Skipped Seq from 858 to 862
Skipped Seq from 866 to 870
Skipped Seq from 871 to 875
Skipped Seq from 878 to 880
Skipped Seq from 882 to 887
Skipped Seq from 887 to 889
Skipped Seq from 890 to 892
Skipped Seq from 892 to 894
Skipped Seq from 894 to 896
Skipped Seq from 896 to 898
Skipped Seq from 898 to 903
Skipped Seq from 906 to 908
Skipped Seq from 909 to 911
Skipped Seq from 913 to 915
Skipped Seq from 915 to 917
Skipped Seq from 918 to 920
Skipped Seq from 920 to 922
Skipped Seq from 923 to 925
Skipped Seq from 925 to 929
Skipped Seq from 933 to 935
Skipped Seq from 936 to 938
Skipped Seq from 938 to 941
Skipped Seq from 941 to 943
Skipped Seq from 945 to 947
Skipped Seq from 950 to 954
Skipped Seq from 954 to 956
Skipped Seq from 959 to 961
Number of times throttled: 2
Received: 489 / 963 packets
Start time: 1332835533.804219
End time: 1332835536.638449
Duration: 2.834230
