Starting client at 10.0.0.10:1266 with timeout:10
My IP address is 10.0.0.10Skipped Seq from 562 to 564
Skipped Seq from 567 to 571
Skipped Seq from 575 to 577
Skipped Seq from 584 to 588
Skipped Seq from 588 to 591
Skipped Seq from 591 to 594
Skipped Seq from 594 to 597
Skipped Seq from 601 to 607
Skipped Seq from 610 to 613
Skipped Seq from 616 to 623
Skipped Seq from 625 to 627
Skipped Seq from 633 to 635
Skipped Seq from 635 to 644
Skipped Seq from 644 to 646
Skipped Seq from 655 to 658
Skipped Seq from 658 to 660
Skipped Seq from 662 to 667
Skipped Seq from 667 to 669
Skipped Seq from 673 to 676
Skipped Seq from 677 to 684
Skipped Seq from 684 to 686
Skipped Seq from 688 to 692
Skipped Seq from 700 to 704
Skipped Seq from 706 to 711
Skipped Seq from 717 to 719
Skipped Seq from 724 to 727
Skipped Seq from 730 to 733
Skipped Seq from 736 to 738
Skipped Seq from 738 to 742
Skipped Seq from 749 to 751
Skipped Seq from 756 to 760
Skipped Seq from 760 to 762
Skipped Seq from 762 to 765
Skipped Seq from 765 to 768
Skipped Seq from 768 to 770
Skipped Seq from 770 to 773
Skipped Seq from 773 to 782
Skipped Seq from 785 to 794
Skipped Seq from 798 to 800
Skipped Seq from 800 to 803
Skipped Seq from 803 to 805
Skipped Seq from 806 to 826
Skipped Seq from 826 to 828
Skipped Seq from 828 to 830
Skipped Seq from 837 to 840
Skipped Seq from 840 to 842
Skipped Seq from 847 to 853
Skipped Seq from 859 to 862
Skipped Seq from 863 to 866
Skipped Seq from 866 to 870
Skipped Seq from 888 to 892
Skipped Seq from 905 to 913
Skipped Seq from 933 to 939
Skipped Seq from 947 to 951
Skipped Seq from 953 to 956
Skipped Seq from 969 to 974
Skipped Seq from 974 to 977
Skipped Seq from 982 to 987
Skipped Seq from 1000 to 1003
Skipped Seq from 1009 to 1023
Skipped Seq from 1023 to 1035
Skipped Seq from 1035 to 1037
Skipped Seq from 1037 to 1040
Skipped Seq from 1040 to 1043
Skipped Seq from 1043 to 1046
Skipped Seq from 1046 to 1049
Skipped Seq from 1049 to 1052
Skipped Seq from 1052 to 1054
Skipped Seq from 1054 to 1056
Skipped Seq from 1056 to 1059
Skipped Seq from 1059 to 1062
Skipped Seq from 1062 to 1065
Skipped Seq from 1065 to 1070
Skipped Seq from 1070 to 1074
Skipped Seq from 1074 to 1081
Skipped Seq from 1097 to 1104
Skipped Seq from 1114 to 1117
Skipped Seq from 1126 to 1131
Skipped Seq from 1131 to 1133
Skipped Seq from 1142 to 1149
Skipped Seq from 1151 to 1155
Skipped Seq from 1158 to 1167
Skipped Seq from 1172 to 1177
Skipped Seq from 1178 to 1180
Skipped Seq from 1182 to 1184
Skipped Seq from 1189 to 1192
Skipped Seq from 1193 to 1195
Skipped Seq from 1195 to 1197
Skipped Seq from 1199 to 1201
Skipped Seq from 1202 to 1208
Skipped Seq from 1215 to 1219
Skipped Seq from 1222 to 1227
Skipped Seq from 1230 to 1237
Skipped Seq from 1239 to 1247
Skipped Seq from 1254 to 1260
Skipped Seq from 1264 to 1270
Skipped Seq from 1270 to 1273
Skipped Seq from 1278 to 1281
Skipped Seq from 1281 to 1287
Skipped Seq from 1295 to 1300
Skipped Seq from 1303 to 1305
Skipped Seq from 1307 to 1309
Skipped Seq from 1309 to 1312
Skipped Seq from 1313 to 1316
Skipped Seq from 1316 to 1319
Skipped Seq from 1357 to 1366
Skipped Seq from 1373 to 1378
Skipped Seq from 1379 to 1381
Skipped Seq from 1395 to 1397
Skipped Seq from 1398 to 1403
Skipped Seq from 1403 to 1405
Skipped Seq from 1411 to 1415
Skipped Seq from 1415 to 1425
Skipped Seq from 1437 to 1439
Number of times throttled: 2
Received: 1086 / 1445 packets
Start time: 1332836262.447894
End time: 1332836267.077152
Duration: 4.629258
