Starting client at 10.0.0.14:1248 with timeout:10
My IP address is 10.0.0.14Skipped Seq from 20 to 26
Skipped Seq from 30 to 37
Skipped Seq from 37 to 39
Skipped Seq from 43 to 45
Skipped Seq from 46 to 48
Skipped Seq from 52 to 55
Skipped Seq from 55 to 57
Skipped Seq from 61 to 63
Skipped Seq from 63 to 65
Skipped Seq from 71 to 74
Skipped Seq from 79 to 81
Skipped Seq from 88 to 93
Skipped Seq from 94 to 96
Skipped Seq from 99 to 101
Skipped Seq from 103 to 105
Skipped Seq from 140 to 143
Skipped Seq from 561 to 565
Skipped Seq from 565 to 568
Skipped Seq from 570 to 572
Skipped Seq from 585 to 589
Skipped Seq from 591 to 594
Skipped Seq from 601 to 603
Skipped Seq from 617 to 619
Skipped Seq from 646 to 648
Skipped Seq from 648 to 662
Skipped Seq from 694 to 696
Skipped Seq from 729 to 733
Skipped Seq from 748 to 750
Skipped Seq from 750 to 752
Skipped Seq from 770 to 773
Skipped Seq from 773 to 776
Skipped Seq from 782 to 786
Skipped Seq from 797 to 800
Skipped Seq from 806 to 810
Skipped Seq from 821 to 823
Skipped Seq from 828 to 831
Skipped Seq from 845 to 852
Skipped Seq from 856 to 859
Skipped Seq from 867 to 872
Skipped Seq from 872 to 875
Skipped Seq from 877 to 880
Skipped Seq from 890 to 892
Skipped Seq from 907 to 909
Skipped Seq from 915 to 920
Skipped Seq from 937 to 939
Skipped Seq from 941 to 944
Skipped Seq from 957 to 960
Skipped Seq from 970 to 973
Skipped Seq from 979 to 981
Skipped Seq from 981 to 984
Skipped Seq from 994 to 996
Skipped Seq from 1001 to 1003
Skipped Seq from 1009 to 1011
Skipped Seq from 1024 to 1027
Skipped Seq from 1027 to 1035
Skipped Seq from 1042 to 1045
Skipped Seq from 1045 to 1049
Skipped Seq from 1049 to 1053
Number of times throttled: 2
Received: 3266 / 3397 packets
Start time: 1332836142.208148
End time: 1332836152.139993
Duration: 9.931845
