Starting client at 10.0.0.15:1280 with timeout:10
My IP address is 10.0.0.15Skipped Seq from 2904 to 2909
Skipped Seq from 2909 to 2912
Skipped Seq from 2918 to 2920
Skipped Seq from 2920 to 2923
Skipped Seq from 2923 to 2925
Skipped Seq from 2925 to 2930
Skipped Seq from 2931 to 2934
Skipped Seq from 2934 to 2936
Skipped Seq from 2936 to 2942
Skipped Seq from 2959 to 2962
Skipped Seq from 2964 to 2966
Skipped Seq from 2970 to 2973
Skipped Seq from 2994 to 2997
Skipped Seq from 3005 to 3007
Skipped Seq from 3013 to 3015
Skipped Seq from 3018 to 3022
Skipped Seq from 3030 to 3032
Skipped Seq from 3036 to 3038
Skipped Seq from 3044 to 3046
Skipped Seq from 3049 to 3052
Skipped Seq from 3055 to 3057
Skipped Seq from 3058 to 3060
Skipped Seq from 3060 to 3062
Skipped Seq from 3063 to 3065
Skipped Seq from 3076 to 3079
Skipped Seq from 3084 to 3091
Skipped Seq from 3098 to 3101
Skipped Seq from 3101 to 3104
Skipped Seq from 3104 to 3110
Skipped Seq from 3115 to 3117
Skipped Seq from 3127 to 3130
Skipped Seq from 3131 to 3133
Skipped Seq from 3134 to 3136
Skipped Seq from 3139 to 3145
Skipped Seq from 3148 to 3150
Skipped Seq from 3157 to 3159
Skipped Seq from 3159 to 3162
Skipped Seq from 3162 to 3164
Skipped Seq from 3168 to 3170
Skipped Seq from 3172 to 3175
Skipped Seq from 3177 to 3179
Skipped Seq from 3181 to 3186
Skipped Seq from 3188 to 3191
Skipped Seq from 3192 to 3194
Skipped Seq from 3198 to 3201
Skipped Seq from 3204 to 3206
Skipped Seq from 3209 to 3214
Skipped Seq from 3219 to 3222
Skipped Seq from 3229 to 3232
Skipped Seq from 3232 to 3234
Skipped Seq from 3235 to 3237
Skipped Seq from 3252 to 3254
Skipped Seq from 3256 to 3258
Skipped Seq from 3258 to 3260
Skipped Seq from 3262 to 3264
Skipped Seq from 3264 to 3267
Skipped Seq from 3274 to 3277
Skipped Seq from 3285 to 3287
Skipped Seq from 3290 to 3293
Skipped Seq from 3308 to 3310
Skipped Seq from 3317 to 3320
Skipped Seq from 3323 to 3327
Skipped Seq from 3328 to 3331
Skipped Seq from 3332 to 3335
Skipped Seq from 3335 to 3337
Skipped Seq from 3338 to 3340
Skipped Seq from 3342 to 3344
Skipped Seq from 3348 to 3351
Skipped Seq from 3351 to 3354
Skipped Seq from 3359 to 3361
Skipped Seq from 3362 to 3364
Skipped Seq from 3366 to 3368
Skipped Seq from 3377 to 3379
Skipped Seq from 3380 to 3382
Skipped Seq from 3395 to 3398
Skipped Seq from 3410 to 3412
Skipped Seq from 3414 to 3420
Skipped Seq from 3427 to 3430
Skipped Seq from 3433 to 3435
Skipped Seq from 3444 to 3447
Skipped Seq from 3455 to 3458
Skipped Seq from 3462 to 3467
Skipped Seq from 3468 to 3471
Skipped Seq from 3473 to 3476
Skipped Seq from 3479 to 3482
Skipped Seq from 3501 to 3504
Skipped Seq from 3511 to 3513
Skipped Seq from 3515 to 3517
Skipped Seq from 3517 to 3520
Skipped Seq from 3531 to 3533
Skipped Seq from 3535 to 3537
Skipped Seq from 3553 to 3555
Skipped Seq from 3564 to 3566
Skipped Seq from 3568 to 3570
Skipped Seq from 3570 to 3572
Skipped Seq from 3572 to 3577
Skipped Seq from 3591 to 3593
Skipped Seq from 3593 to 3597
Skipped Seq from 3606 to 3608
Skipped Seq from 3620 to 3623
Skipped Seq from 3628 to 3632
Skipped Seq from 3641 to 3643
Skipped Seq from 3643 to 3647
Skipped Seq from 3647 to 3649
Skipped Seq from 3649 to 3651
Skipped Seq from 3653 to 3655
Skipped Seq from 3659 to 3661
Skipped Seq from 3664 to 3670
Skipped Seq from 3670 to 3672
Skipped Seq from 3674 to 3676
Skipped Seq from 3676 to 3679
Skipped Seq from 3685 to 3688
Skipped Seq from 3688 to 3690
Skipped Seq from 3690 to 3693
Skipped Seq from 3695 to 3697
Skipped Seq from 3705 to 3707
Skipped Seq from 3709 to 3711
Skipped Seq from 3711 to 3713
Skipped Seq from 3716 to 3722
Skipped Seq from 3722 to 3732
Skipped Seq from 3734 to 3740
Skipped Seq from 3741 to 3743
Skipped Seq from 3744 to 3747
Skipped Seq from 3750 to 3752
Skipped Seq from 3752 to 3754
Skipped Seq from 3755 to 3757
Skipped Seq from 3761 to 3763
Skipped Seq from 3763 to 3765
Skipped Seq from 3767 to 3769
Skipped Seq from 3769 to 3771
Skipped Seq from 3771 to 3774
Skipped Seq from 3776 to 3778
Skipped Seq from 3780 to 3785
Skipped Seq from 3785 to 3787
Skipped Seq from 3787 to 3789
Skipped Seq from 3791 to 3794
Skipped Seq from 3795 to 3798
Skipped Seq from 3807 to 3810
Skipped Seq from 3810 to 3812
Skipped Seq from 3815 to 3817
Skipped Seq from 3817 to 3820
Skipped Seq from 3823 to 3828
Skipped Seq from 3829 to 3832
Skipped Seq from 3832 to 3834
Skipped Seq from 3836 to 3842
Skipped Seq from 3842 to 3851
Skipped Seq from 3854 to 3856
Skipped Seq from 3856 to 3858
Skipped Seq from 3858 to 3865
Skipped Seq from 3866 to 3868
Skipped Seq from 3869 to 3871
Skipped Seq from 3872 to 3874
Skipped Seq from 3875 to 3880
Skipped Seq from 3882 to 3884
Skipped Seq from 3891 to 3894
Skipped Seq from 3894 to 3896
Skipped Seq from 3899 to 3905
Skipped Seq from 3906 to 3909
Skipped Seq from 3909 to 3911
Skipped Seq from 3911 to 3914
Skipped Seq from 3918 to 3923
Skipped Seq from 3929 to 3933
Skipped Seq from 3933 to 3936
Skipped Seq from 3938 to 3942
Skipped Seq from 3942 to 3944
Skipped Seq from 3948 to 3954
Skipped Seq from 3955 to 3967
Skipped Seq from 3967 to 3969
Skipped Seq from 3972 to 3974
Skipped Seq from 3975 to 3977
Skipped Seq from 3978 to 3982
Skipped Seq from 3982 to 3986
Skipped Seq from 3988 to 3991
Skipped Seq from 3993 to 4002
Skipped Seq from 4003 to 4010
Skipped Seq from 4014 to 4018
Skipped Seq from 4020 to 4024
Skipped Seq from 4024 to 4026
Skipped Seq from 4028 to 4032
Skipped Seq from 4037 to 4041
Skipped Seq from 4041 to 4044
Skipped Seq from 4044 to 4049
Skipped Seq from 4049 to 4052
Skipped Seq from 4053 to 4055
Skipped Seq from 4055 to 4057
Skipped Seq from 4058 to 4065
Skipped Seq from 4065 to 4069
Skipped Seq from 4071 to 4075
Skipped Seq from 4078 to 4082
Skipped Seq from 4085 to 4087
Skipped Seq from 4087 to 4089
Skipped Seq from 4090 to 4093
Skipped Seq from 4093 to 4095
Skipped Seq from 4096 to 4098
Skipped Seq from 4098 to 4101
Skipped Seq from 4102 to 4108
Skipped Seq from 4109 to 4114
Skipped Seq from 4114 to 4118
Skipped Seq from 4118 to 4121
Skipped Seq from 4122 to 4127
Skipped Seq from 4127 to 4129
Skipped Seq from 4130 to 4134
Skipped Seq from 4134 to 4137
Skipped Seq from 4138 to 4140
Skipped Seq from 4140 to 4146
Skipped Seq from 4147 to 4152
Skipped Seq from 4152 to 4155
Skipped Seq from 4155 to 4161
Skipped Seq from 4161 to 4164
Skipped Seq from 4165 to 4177
Skipped Seq from 4177 to 4186
Skipped Seq from 4186 to 4195
Skipped Seq from 4196 to 4200
Skipped Seq from 4201 to 4203
Skipped Seq from 4204 to 4207
Skipped Seq from 4208 to 4210
Skipped Seq from 4211 to 4214
Skipped Seq from 4214 to 4216
Skipped Seq from 4216 to 4219
Skipped Seq from 4220 to 4222
Skipped Seq from 4224 to 4229
Skipped Seq from 4230 to 4234
Skipped Seq from 4234 to 4238
Skipped Seq from 4238 to 4240
Skipped Seq from 4242 to 4247
Skipped Seq from 4249 to 4251
Skipped Seq from 4252 to 4254
Skipped Seq from 4254 to 4256
Skipped Seq from 4256 to 4259
Skipped Seq from 4263 to 4268
Skipped Seq from 4268 to 4272
Skipped Seq from 4276 to 4278
Skipped Seq from 4280 to 4282
Skipped Seq from 4286 to 4288
Skipped Seq from 4289 to 4294
Skipped Seq from 4294 to 4300
Skipped Seq from 4300 to 4303
Skipped Seq from 4305 to 4310
Skipped Seq from 4311 to 4316
Skipped Seq from 4316 to 4318
Skipped Seq from 4318 to 4320
Skipped Seq from 4321 to 4329
Skipped Seq from 4330 to 4333
Skipped Seq from 4337 to 4341
Skipped Seq from 4347 to 4349
Skipped Seq from 4351 to 4353
Skipped Seq from 4353 to 4359
Skipped Seq from 4359 to 4362
Skipped Seq from 4363 to 4366
Skipped Seq from 4367 to 4375
Skipped Seq from 4380 to 4382
Skipped Seq from 4383 to 4390
Skipped Seq from 4390 to 4392
Skipped Seq from 4392 to 4403
Skipped Seq from 4404 to 4408
Skipped Seq from 4408 to 4411
Skipped Seq from 4412 to 4418
Skipped Seq from 4421 to 4423
Skipped Seq from 4424 to 4427
Skipped Seq from 4427 to 4433
Skipped Seq from 4433 to 4435
Skipped Seq from 4435 to 4437
Skipped Seq from 4437 to 4440
Skipped Seq from 4440 to 4443
Skipped Seq from 4443 to 4447
Skipped Seq from 4449 to 4455
Skipped Seq from 4455 to 4459
Skipped Seq from 4459 to 4463
Skipped Seq from 4463 to 4469
Skipped Seq from 4469 to 4482
Skipped Seq from 4482 to 4485
Skipped Seq from 4485 to 4488
Skipped Seq from 4488 to 4490
Skipped Seq from 4493 to 4495
Skipped Seq from 4497 to 4499
Skipped Seq from 4499 to 4503
Skipped Seq from 4504 to 4511
Skipped Seq from 4513 to 4518
Skipped Seq from 4518 to 4527
Skipped Seq from 4527 to 4530
Skipped Seq from 4532 to 4540
Skipped Seq from 4542 to 4544
Skipped Seq from 4545 to 4547
Skipped Seq from 4548 to 4552
Skipped Seq from 4553 to 4558
Skipped Seq from 4558 to 4560
Skipped Seq from 4561 to 4563
Skipped Seq from 4563 to 4565
Skipped Seq from 4565 to 4572
Skipped Seq from 4575 to 4582
Skipped Seq from 4583 to 4590
Skipped Seq from 4591 to 4595
Skipped Seq from 4595 to 4597
Skipped Seq from 4599 to 4603
Skipped Seq from 4603 to 4607
Skipped Seq from 4607 to 4610
Skipped Seq from 4610 to 4614
Skipped Seq from 4614 to 4622
Skipped Seq from 4623 to 4638
Skipped Seq from 4638 to 4648
Skipped Seq from 4648 to 4651
Skipped Seq from 4651 to 4653
Skipped Seq from 4655 to 4661
Skipped Seq from 4661 to 4665
Skipped Seq from 4665 to 4668
Skipped Seq from 4674 to 4676
Skipped Seq from 4676 to 4678
Skipped Seq from 4678 to 4680
Skipped Seq from 4683 to 4685
Skipped Seq from 4685 to 4687
Skipped Seq from 4689 to 4692
Skipped Seq from 4692 to 4695
Skipped Seq from 4695 to 4697
Skipped Seq from 4698 to 4700
Skipped Seq from 4703 to 4708
Skipped Seq from 4708 to 4710
Skipped Seq from 4716 to 4718
Skipped Seq from 4723 to 4725
Skipped Seq from 4725 to 4734
Skipped Seq from 4734 to 4737
Skipped Seq from 4739 to 4741
Skipped Seq from 4742 to 4747
Skipped Seq from 4751 to 4754
Skipped Seq from 4757 to 4760
Skipped Seq from 4761 to 4764
Skipped Seq from 4769 to 4771
Skipped Seq from 4778 to 4780
Skipped Seq from 4780 to 4784
Skipped Seq from 4785 to 4788
Skipped Seq from 4789 to 4791
Skipped Seq from 4793 to 4795
Skipped Seq from 4797 to 4799
Skipped Seq from 4806 to 4808
Skipped Seq from 4809 to 4814
Skipped Seq from 4814 to 4817
Skipped Seq from 4821 to 4823
Skipped Seq from 4824 to 4828
Skipped Seq from 4828 to 4830
Skipped Seq from 4830 to 4832
Skipped Seq from 4832 to 4835
Skipped Seq from 4838 to 4845
Skipped Seq from 4845 to 4847
Skipped Seq from 4847 to 4849
Skipped Seq from 4850 to 4854
Skipped Seq from 4855 to 4857
Skipped Seq from 4857 to 4859
Skipped Seq from 4864 to 4866
Skipped Seq from 4866 to 4871
Skipped Seq from 4875 to 4878
Skipped Seq from 4878 to 4881
Skipped Seq from 4881 to 4884
Skipped Seq from 4887 to 4889
Skipped Seq from 4889 to 4892
Skipped Seq from 4897 to 4899
Skipped Seq from 4902 to 4904
Skipped Seq from 4907 to 4910
Skipped Seq from 4910 to 4913
Skipped Seq from 4914 to 4916
Skipped Seq from 4916 to 4920
Skipped Seq from 4921 to 4925
Skipped Seq from 4925 to 4928
Skipped Seq from 4932 to 4934
Skipped Seq from 4934 to 4938
Skipped Seq from 4940 to 4942
Skipped Seq from 4942 to 4946
Skipped Seq from 4947 to 4951
Skipped Seq from 4954 to 4959
Skipped Seq from 4960 to 4962
Skipped Seq from 4963 to 4966
Skipped Seq from 4969 to 4976
Skipped Seq from 4977 to 4979
Skipped Seq from 4980 to 4985
Skipped Seq from 4989 to 4991
Skipped Seq from 4992 to 4994
Skipped Seq from 4996 to 4999
Skipped Seq from 4999 to 5001
Skipped Seq from 5001 to 5003
Skipped Seq from 5007 to 5009
Skipped Seq from 5013 to 5015
Skipped Seq from 5015 to 5017
Skipped Seq from 5025 to 5027
Skipped Seq from 5027 to 5032
Skipped Seq from 5033 to 5040
Skipped Seq from 5041 to 5045
Skipped Seq from 5047 to 5049
Skipped Seq from 5049 to 5051
Skipped Seq from 5051 to 5053
Skipped Seq from 5057 to 5061
Skipped Seq from 5067 to 5074
Skipped Seq from 5078 to 5080
Skipped Seq from 5086 to 5089
Skipped Seq from 5092 to 5094
Skipped Seq from 5094 to 5098
Skipped Seq from 5101 to 5103
Skipped Seq from 5106 to 5108
Skipped Seq from 5109 to 5111
Skipped Seq from 5111 to 5113
Skipped Seq from 5132 to 5138
Skipped Seq from 5138 to 5141
Skipped Seq from 5141 to 5143
Skipped Seq from 5144 to 5146
Skipped Seq from 5146 to 5148
Skipped Seq from 5162 to 5164
Skipped Seq from 5171 to 5175
Skipped Seq from 5176 to 5178
Skipped Seq from 5178 to 5185
Skipped Seq from 5186 to 5188
Skipped Seq from 5191 to 5193
Skipped Seq from 5193 to 5195
Skipped Seq from 5195 to 5198
Skipped Seq from 5200 to 5202
Skipped Seq from 5204 to 5206
Skipped Seq from 5211 to 5215
Skipped Seq from 5215 to 5217
Skipped Seq from 5221 to 5223
Skipped Seq from 5225 to 5227
Skipped Seq from 5242 to 5244
Skipped Seq from 5244 to 5250
Skipped Seq from 5250 to 5256
Skipped Seq from 5258 to 5272
Skipped Seq from 5279 to 5285
Skipped Seq from 5285 to 5290
Skipped Seq from 5292 to 5296
Skipped Seq from 5298 to 5300
Skipped Seq from 5304 to 5306
Skipped Seq from 9926 to 9928
Skipped Seq from 9933 to 9936
Skipped Seq from 9937 to 9940
Skipped Seq from 9941 to 9943
Skipped Seq from 9944 to 9946
Skipped Seq from 9946 to 9949
Skipped Seq from 9954 to 9962
Skipped Seq from 9966 to 9973
Skipped Seq from 9973 to 9975
Skipped Seq from 9985 to 9987
Skipped Seq from 9991 to 9993
Skipped Seq from 10022 to 10034
Skipped Seq from 10047 to 10054
Skipped Seq from 10054 to 10061
Skipped Seq from 10061 to 10069
Skipped Seq from 10069 to 10072
Skipped Seq from 10072 to 10085
Skipped Seq from 10085 to 10089
Skipped Seq from 10094 to 10106
Skipped Seq from 10107 to 10120
Skipped Seq from 10120 to 10126
Skipped Seq from 10132 to 10134
Skipped Seq from 10134 to 10140
Skipped Seq from 10140 to 10142
Skipped Seq from 10145 to 10147
Skipped Seq from 10150 to 10152
Skipped Seq from 10163 to 10165
Skipped Seq from 10173 to 10175
Skipped Seq from 10178 to 10181
Skipped Seq from 10181 to 10183
Skipped Seq from 10197 to 10204
Skipped Seq from 10204 to 10209
Skipped Seq from 10212 to 10214
Skipped Seq from 10219 to 10221
Skipped Seq from 10228 to 10230
Skipped Seq from 10237 to 10240
Skipped Seq from 10240 to 10243
Skipped Seq from 10246 to 10248
Skipped Seq from 10256 to 10258
Skipped Seq from 10258 to 10269
Skipped Seq from 10270 to 10272
Skipped Seq from 10277 to 10280
Skipped Seq from 10282 to 10284
Skipped Seq from 10287 to 10295
Skipped Seq from 10295 to 10298
Skipped Seq from 10298 to 10306
Skipped Seq from 10306 to 10319
Skipped Seq from 10319 to 10321
Skipped Seq from 10323 to 10327
Skipped Seq from 10327 to 10330
Skipped Seq from 10331 to 10333
Skipped Seq from 10333 to 10336
Skipped Seq from 10336 to 10338
Skipped Seq from 10342 to 10344
Skipped Seq from 10347 to 10349
Skipped Seq from 10349 to 10352
Skipped Seq from 10354 to 10359
Skipped Seq from 10361 to 10363
Skipped Seq from 10364 to 10367
Skipped Seq from 10377 to 10380
Skipped Seq from 10380 to 10390
Skipped Seq from 10390 to 10392
Skipped Seq from 10392 to 10395
Skipped Seq from 10400 to 10402
Skipped Seq from 10402 to 10404
Skipped Seq from 10410 to 10412
Skipped Seq from 10412 to 10416
Skipped Seq from 10417 to 10419
Skipped Seq from 10423 to 10428
Skipped Seq from 10428 to 10431
Skipped Seq from 10434 to 10443
Skipped Seq from 10444 to 10450
Skipped Seq from 10450 to 10455
Skipped Seq from 10455 to 10459
Skipped Seq from 10459 to 10464
Skipped Seq from 10468 to 10471
Skipped Seq from 10471 to 10476
Skipped Seq from 10477 to 10484
Skipped Seq from 10484 to 10489
Skipped Seq from 10491 to 10495
Skipped Seq from 10497 to 10500
Skipped Seq from 10503 to 10508
Skipped Seq from 10512 to 10514
Skipped Seq from 10520 to 10522
Skipped Seq from 10522 to 10524
Skipped Seq from 10526 to 10528
Skipped Seq from 10530 to 10535
Skipped Seq from 10535 to 10537
Skipped Seq from 10537 to 10542
Skipped Seq from 10542 to 10546
Skipped Seq from 10546 to 10548
Skipped Seq from 10551 to 10553
Skipped Seq from 10553 to 10562
Skipped Seq from 10564 to 10566
Skipped Seq from 10567 to 10569
Skipped Seq from 10569 to 10578
Skipped Seq from 10582 to 10584
Skipped Seq from 10586 to 10588
Skipped Seq from 10589 to 10591
Skipped Seq from 10593 to 10596
Skipped Seq from 10596 to 10600
Skipped Seq from 10600 to 10603
Skipped Seq from 10604 to 10610
Skipped Seq from 10611 to 10618
Skipped Seq from 10619 to 10621
Skipped Seq from 10621 to 10623
Skipped Seq from 10623 to 10626
Skipped Seq from 10628 to 10631
Skipped Seq from 10632 to 10635
Skipped Seq from 10637 to 10639
Skipped Seq from 10643 to 10645
Skipped Seq from 10649 to 10651
Skipped Seq from 10651 to 10655
Skipped Seq from 10655 to 10657
Skipped Seq from 10657 to 10660
Skipped Seq from 10660 to 10664
Skipped Seq from 10664 to 10667
Skipped Seq from 10667 to 10671
Skipped Seq from 10673 to 10676
Skipped Seq from 10680 to 10682
Skipped Seq from 10684 to 10688
Skipped Seq from 10688 to 10690
Skipped Seq from 10690 to 10694
Skipped Seq from 10695 to 10701
Skipped Seq from 10701 to 10708
Skipped Seq from 10708 to 10713
Skipped Seq from 10714 to 10722
Skipped Seq from 10722 to 10725
Skipped Seq from 10729 to 10733
Skipped Seq from 10733 to 10736
Skipped Seq from 10736 to 10738
Skipped Seq from 10742 to 10744
Skipped Seq from 10744 to 10749
Skipped Seq from 10749 to 10755
Skipped Seq from 10755 to 10757
Skipped Seq from 10757 to 10759
Skipped Seq from 10759 to 10763
Skipped Seq from 10764 to 10766
Skipped Seq from 10767 to 10769
Skipped Seq from 10771 to 10779
Skipped Seq from 10779 to 10781
Skipped Seq from 10781 to 10783
Skipped Seq from 10783 to 10785
Skipped Seq from 10786 to 10788
Skipped Seq from 10790 to 10792
Skipped Seq from 10792 to 10794
Skipped Seq from 10794 to 10796
Skipped Seq from 10798 to 10800
Skipped Seq from 10800 to 10804
Skipped Seq from 10804 to 10806
Skipped Seq from 10806 to 10809
Skipped Seq from 10809 to 10811
Skipped Seq from 10811 to 10816
Skipped Seq from 10816 to 10826
Skipped Seq from 10829 to 10836
Skipped Seq from 10836 to 10839
Skipped Seq from 10839 to 10841
Skipped Seq from 10841 to 10844
Skipped Seq from 10845 to 10850
Skipped Seq from 10850 to 10852
Skipped Seq from 10852 to 10854
Skipped Seq from 10854 to 10860
Skipped Seq from 10862 to 10868
Skipped Seq from 10869 to 10874
Skipped Seq from 10874 to 10877
Skipped Seq from 10877 to 10879
Skipped Seq from 10879 to 10882
Skipped Seq from 10884 to 10886
Skipped Seq from 10886 to 10889
Skipped Seq from 10889 to 10891
Skipped Seq from 10891 to 10893
Skipped Seq from 10894 to 10904
Skipped Seq from 10904 to 10906
Skipped Seq from 10907 to 10913
Skipped Seq from 10914 to 10917
Skipped Seq from 10917 to 10921
Skipped Seq from 10923 to 10926
Skipped Seq from 10927 to 10932
Skipped Seq from 10933 to 10945
Skipped Seq from 10945 to 10948
Skipped Seq from 10952 to 10957
Skipped Seq from 10963 to 10968
Skipped Seq from 10968 to 10970
Skipped Seq from 10970 to 10975
Skipped Seq from 10975 to 10979
Skipped Seq from 10979 to 10984
Skipped Seq from 10984 to 10986
Skipped Seq from 10987 to 10989
Skipped Seq from 10991 to 10994
Skipped Seq from 10997 to 11003
Skipped Seq from 11005 to 11014
Skipped Seq from 11014 to 11017
Skipped Seq from 11020 to 11024
Skipped Seq from 11025 to 11028
Skipped Seq from 11029 to 11035
Skipped Seq from 11036 to 11038
Skipped Seq from 11039 to 11041
Skipped Seq from 11041 to 11047
Skipped Seq from 11050 to 11052
Skipped Seq from 11052 to 11054
Skipped Seq from 11054 to 11056
Skipped Seq from 11056 to 11058
Skipped Seq from 11059 to 11071
Skipped Seq from 11072 to 11074
Skipped Seq from 11075 to 11077
Skipped Seq from 11077 to 11090
Skipped Seq from 11090 to 11098
Skipped Seq from 11099 to 11112
Skipped Seq from 11112 to 11114
Skipped Seq from 11114 to 11117
Skipped Seq from 11117 to 11119
Skipped Seq from 11122 to 11125
Skipped Seq from 11128 to 11131
Skipped Seq from 11131 to 11133
Skipped Seq from 11133 to 11138
Skipped Seq from 11138 to 11149
Skipped Seq from 11149 to 11154
Skipped Seq from 11155 to 11162
Skipped Seq from 11162 to 11166
Skipped Seq from 11167 to 11172
Skipped Seq from 11172 to 11174
Skipped Seq from 11174 to 11182
Skipped Seq from 11186 to 11189
Skipped Seq from 11189 to 11191
Skipped Seq from 11192 to 11194
Skipped Seq from 11194 to 11200
Skipped Seq from 11200 to 11203
Skipped Seq from 11203 to 11207
Skipped Seq from 11207 to 11211
Skipped Seq from 11213 to 11215
Skipped Seq from 11217 to 11222
Skipped Seq from 11222 to 11224
Skipped Seq from 11226 to 11230
Skipped Seq from 11231 to 11234
Skipped Seq from 11242 to 11246
Skipped Seq from 11247 to 11250
Skipped Seq from 11252 to 11254
Skipped Seq from 11255 to 11259
Skipped Seq from 11261 to 11265
Skipped Seq from 11266 to 11268
Skipped Seq from 11268 to 11271
Skipped Seq from 11272 to 11274
Skipped Seq from 11275 to 11278
Skipped Seq from 11278 to 11280
Skipped Seq from 11281 to 11287
Skipped Seq from 11288 to 11291
Skipped Seq from 11291 to 11295
Skipped Seq from 11295 to 11300
Skipped Seq from 11300 to 11307
Skipped Seq from 11308 to 11310
Skipped Seq from 11310 to 11315
Skipped Seq from 11315 to 11318
Skipped Seq from 11318 to 11320
Skipped Seq from 11322 to 11327
Skipped Seq from 11327 to 11330
Skipped Seq from 11330 to 11333
Skipped Seq from 11333 to 11336
Skipped Seq from 11336 to 11338
Skipped Seq from 11338 to 11341
Skipped Seq from 11341 to 11344
Skipped Seq from 11344 to 11346
Skipped Seq from 11346 to 11348
Skipped Seq from 11349 to 11352
Skipped Seq from 11352 to 11354
Skipped Seq from 11357 to 11360
Skipped Seq from 11362 to 11367
Skipped Seq from 11367 to 11371
Skipped Seq from 11371 to 11373
Skipped Seq from 11375 to 11380
Skipped Seq from 11380 to 11382
Skipped Seq from 11386 to 11388
Skipped Seq from 11393 to 11395
Skipped Seq from 11395 to 11397
Skipped Seq from 11400 to 11402
Skipped Seq from 11403 to 11409
Skipped Seq from 11409 to 11412
Skipped Seq from 11413 to 11416
Skipped Seq from 11416 to 11423
Skipped Seq from 11424 to 11426
Skipped Seq from 11426 to 11428
Skipped Seq from 11428 to 11430
Skipped Seq from 11430 to 11434
Skipped Seq from 11436 to 11440
Skipped Seq from 11440 to 11442
Skipped Seq from 11442 to 11445
Skipped Seq from 11445 to 11451
Skipped Seq from 11452 to 11457
Skipped Seq from 11461 to 11463
Skipped Seq from 11463 to 11466
Skipped Seq from 11467 to 11475
Skipped Seq from 11475 to 11477
Skipped Seq from 11478 to 11481
Skipped Seq from 11481 to 11486
Skipped Seq from 11486 to 11488
Skipped Seq from 11490 to 11492
Skipped Seq from 11497 to 11499
Skipped Seq from 11503 to 11506
Skipped Seq from 11508 to 11518
Skipped Seq from 11518 to 11522
Skipped Seq from 11528 to 11530
Skipped Seq from 11530 to 11533
Skipped Seq from 11533 to 11535
Skipped Seq from 11536 to 11538
Skipped Seq from 11538 to 11540
Skipped Seq from 11541 to 11544
Skipped Seq from 11545 to 11547
Skipped Seq from 11550 to 11553
Skipped Seq from 11555 to 11558
Skipped Seq from 11558 to 11562
Skipped Seq from 11563 to 11571
Skipped Seq from 11572 to 11575
Skipped Seq from 11575 to 11579
Skipped Seq from 11579 to 11581
Skipped Seq from 11587 to 11590
Skipped Seq from 11590 to 11592
Skipped Seq from 11592 to 11597
Skipped Seq from 11597 to 11600
Skipped Seq from 11603 to 11606
Skipped Seq from 11606 to 11608
Skipped Seq from 11610 to 11616
Skipped Seq from 11616 to 11619
Skipped Seq from 11619 to 11621
Skipped Seq from 11621 to 11623
Skipped Seq from 11626 to 11628
Skipped Seq from 11629 to 11633
Skipped Seq from 11633 to 11639
Skipped Seq from 11642 to 11647
Skipped Seq from 11647 to 11649
Skipped Seq from 11649 to 11657
Skipped Seq from 11658 to 11662
Skipped Seq from 11662 to 11664
Skipped Seq from 11664 to 11666
Skipped Seq from 11667 to 11669
Skipped Seq from 11673 to 11676
Skipped Seq from 11676 to 11679
Skipped Seq from 11680 to 11682
Skipped Seq from 11682 to 11684
Skipped Seq from 11685 to 11687
Skipped Seq from 11689 to 11696
Skipped Seq from 11696 to 11700
Skipped Seq from 11707 to 11710
Skipped Seq from 11713 to 11716
Skipped Seq from 11725 to 11727
Skipped Seq from 11727 to 11732
Skipped Seq from 11733 to 11735
Skipped Seq from 11740 to 11742
Skipped Seq from 11742 to 11744
Skipped Seq from 11747 to 11750
Skipped Seq from 11754 to 11756
Skipped Seq from 11759 to 11762
Skipped Seq from 11770 to 11772
Skipped Seq from 11775 to 11779
Skipped Seq from 11784 to 11787
Skipped Seq from 11795 to 11801
Skipped Seq from 11801 to 11803
Skipped Seq from 11806 to 11810
Skipped Seq from 11848 to 11850
Skipped Seq from 11857 to 11861
Skipped Seq from 16370 to 16372
Skipped Seq from 16376 to 16378
Skipped Seq from 16379 to 16382
Skipped Seq from 16395 to 16397
Skipped Seq from 16405 to 16410
Skipped Seq from 16418 to 16420
Skipped Seq from 16424 to 16430
Skipped Seq from 16430 to 16434
Skipped Seq from 16439 to 16441
Skipped Seq from 16441 to 16445
Skipped Seq from 16446 to 16448
Skipped Seq from 16449 to 16451
Skipped Seq from 16456 to 16460
Skipped Seq from 16469 to 16471
Skipped Seq from 16484 to 16486
Skipped Seq from 16492 to 16497
Skipped Seq from 16498 to 16500
Skipped Seq from 16508 to 16513
Skipped Seq from 16515 to 16517
Skipped Seq from 16527 to 16530
Skipped Seq from 16536 to 16542
Skipped Seq from 16545 to 16548
Skipped Seq from 16548 to 16556
Skipped Seq from 16558 to 16562
Skipped Seq from 16569 to 16571
Skipped Seq from 16571 to 16573
Skipped Seq from 16602 to 16605
Skipped Seq from 16610 to 16615
Skipped Seq from 16616 to 16620
Skipped Seq from 16628 to 16634
Skipped Seq from 16641 to 16652
Skipped Seq from 16652 to 16654
Skipped Seq from 16655 to 16657
Skipped Seq from 16663 to 16671
Skipped Seq from 16671 to 16674
Skipped Seq from 16678 to 16683
Skipped Seq from 16689 to 16693
Skipped Seq from 16694 to 16698
Skipped Seq from 16703 to 16707
Skipped Seq from 16707 to 16727
Skipped Seq from 16729 to 16736
Skipped Seq from 16756 to 16758
Skipped Seq from 16760 to 16763
Skipped Seq from 16772 to 16777
Skipped Seq from 16782 to 16784
Skipped Seq from 16790 to 16793
Skipped Seq from 16793 to 16797
Skipped Seq from 16797 to 16799
Skipped Seq from 16801 to 16803
Skipped Seq from 16805 to 16810
Skipped Seq from 16811 to 16814
Skipped Seq from 16814 to 16819
Skipped Seq from 16819 to 16823
Skipped Seq from 16823 to 16826
Skipped Seq from 16829 to 16835
Skipped Seq from 16840 to 16843
Skipped Seq from 16845 to 16852
Skipped Seq from 16852 to 16854
Skipped Seq from 16858 to 16860
Skipped Seq from 16860 to 16862
Skipped Seq from 16877 to 16879
Skipped Seq from 16888 to 16892
Skipped Seq from 16892 to 16896
Skipped Seq from 16900 to 16903
Skipped Seq from 16917 to 16919
Skipped Seq from 16919 to 16921
Skipped Seq from 16922 to 16926
Skipped Seq from 16934 to 16943
Skipped Seq from 16955 to 16957
Skipped Seq from 16963 to 16967
Skipped Seq from 16967 to 16969
Skipped Seq from 16977 to 16979
Skipped Seq from 16987 to 16990
Skipped Seq from 16990 to 16992
Skipped Seq from 16998 to 17000
Skipped Seq from 17002 to 17004
Skipped Seq from 17015 to 17017
Skipped Seq from 17024 to 17029
Skipped Seq from 17031 to 17034
Skipped Seq from 17037 to 17039
Skipped Seq from 17039 to 17046
Skipped Seq from 17049 to 17054
Skipped Seq from 17055 to 17058
Skipped Seq from 17061 to 17066
Skipped Seq from 17067 to 17071
Skipped Seq from 17083 to 17086
Skipped Seq from 17088 to 17090
Skipped Seq from 17093 to 17095
Skipped Seq from 17101 to 17104
Skipped Seq from 17104 to 17106
Skipped Seq from 17110 to 17112
Skipped Seq from 17112 to 17114
Skipped Seq from 17114 to 17116
Skipped Seq from 17122 to 17125
Skipped Seq from 17135 to 17137
Skipped Seq from 17140 to 17145
Skipped Seq from 17147 to 17149
Skipped Seq from 17171 to 17176
Skipped Seq from 17176 to 17199
Skipped Seq from 17199 to 17204
Skipped Seq from 17212 to 17223
Skipped Seq from 17230 to 17236
Skipped Seq from 17241 to 17243
Skipped Seq from 17243 to 17251
Skipped Seq from 17266 to 17268
Skipped Seq from 17276 to 17278
Skipped Seq from 17318 to 17321
Skipped Seq from 17348 to 17350
Number of times throttled: 14
Received: 17515 / 19842 packets
Start time: 1332837729.422853
End time: 1332837785.026275
Duration: 55.603422
