Starting client at 10.0.0.19:1267 with timeout:10
My IP address is 10.0.0.19Skipped Seq from 804 to 806
Skipped Seq from 806 to 808
Skipped Seq from 808 to 810
Skipped Seq from 811 to 813
Skipped Seq from 814 to 819
Skipped Seq from 827 to 829
Skipped Seq from 830 to 833
Skipped Seq from 835 to 838
Skipped Seq from 838 to 841
Skipped Seq from 841 to 843
Skipped Seq from 846 to 848
Skipped Seq from 849 to 853
Skipped Seq from 859 to 861
Skipped Seq from 861 to 863
Skipped Seq from 866 to 868
Skipped Seq from 874 to 876
Skipped Seq from 881 to 883
Skipped Seq from 883 to 885
Skipped Seq from 885 to 888
Skipped Seq from 888 to 893
Skipped Seq from 893 to 896
Skipped Seq from 896 to 899
Skipped Seq from 899 to 901
Skipped Seq from 902 to 906
Skipped Seq from 906 to 908
Skipped Seq from 908 to 910
Skipped Seq from 910 to 913
Skipped Seq from 914 to 917
Skipped Seq from 917 to 921
Skipped Seq from 923 to 926
Skipped Seq from 926 to 939
Skipped Seq from 939 to 941
Skipped Seq from 942 to 947
Skipped Seq from 947 to 949
Skipped Seq from 949 to 957
Skipped Seq from 957 to 959
Skipped Seq from 960 to 962
Skipped Seq from 963 to 968
Skipped Seq from 968 to 972
Skipped Seq from 972 to 981
Skipped Seq from 981 to 986
Skipped Seq from 986 to 989
Skipped Seq from 990 to 992
Skipped Seq from 992 to 995
Skipped Seq from 998 to 1000
Skipped Seq from 1011 to 1013
Skipped Seq from 1015 to 1020
Skipped Seq from 1020 to 1024
Skipped Seq from 1024 to 1026
Skipped Seq from 1026 to 1030
Skipped Seq from 1030 to 1033
Skipped Seq from 1036 to 1039
Skipped Seq from 1039 to 1041
Skipped Seq from 1042 to 1044
Skipped Seq from 1044 to 1046
Skipped Seq from 1047 to 1050
Skipped Seq from 1059 to 1061
Skipped Seq from 1061 to 1063
Skipped Seq from 1063 to 1065
Skipped Seq from 1067 to 1069
Skipped Seq from 1073 to 1076
Skipped Seq from 1081 to 1083
Skipped Seq from 1085 to 1087
Skipped Seq from 1087 to 1095
Skipped Seq from 1097 to 1111
Skipped Seq from 1115 to 1119
Skipped Seq from 1122 to 1124
Skipped Seq from 1127 to 1129
Skipped Seq from 1132 to 1134
Skipped Seq from 1136 to 1138
Skipped Seq from 1138 to 1147
Skipped Seq from 1147 to 1152
Skipped Seq from 1153 to 1155
Skipped Seq from 1155 to 1162
Skipped Seq from 1163 to 1171
Skipped Seq from 1171 to 1176
Skipped Seq from 1176 to 1184
Skipped Seq from 1184 to 1189
Skipped Seq from 1192 to 1197
Skipped Seq from 1201 to 1205
Skipped Seq from 1207 to 1212
Skipped Seq from 1215 to 1218
Skipped Seq from 1224 to 1226
Skipped Seq from 1227 to 1230
Skipped Seq from 1230 to 1236
Skipped Seq from 1236 to 1239
Skipped Seq from 1244 to 1246
Skipped Seq from 1249 to 1251
Skipped Seq from 1256 to 1258
Skipped Seq from 1258 to 1261
Skipped Seq from 1264 to 1266
Skipped Seq from 1269 to 1271
Skipped Seq from 1275 to 1280
Skipped Seq from 1281 to 1283
Skipped Seq from 1284 to 1289
Skipped Seq from 1290 to 1293
Skipped Seq from 1294 to 1297
Skipped Seq from 1299 to 1301
Skipped Seq from 1303 to 1306
Skipped Seq from 1308 to 1312
Skipped Seq from 1312 to 1314
Skipped Seq from 1316 to 1323
Skipped Seq from 1325 to 1331
Skipped Seq from 1332 to 1335
Skipped Seq from 1335 to 1337
Skipped Seq from 1339 to 1341
Skipped Seq from 1343 to 1345
Skipped Seq from 1349 to 1352
Skipped Seq from 1352 to 1355
Skipped Seq from 1355 to 1357
Skipped Seq from 1358 to 1362
Skipped Seq from 1362 to 1364
Skipped Seq from 1366 to 1371
Skipped Seq from 1371 to 1376
Skipped Seq from 1376 to 1383
Skipped Seq from 1383 to 1387
Skipped Seq from 1387 to 1389
Skipped Seq from 1389 to 1393
Skipped Seq from 1394 to 1396
Skipped Seq from 1396 to 1401
Skipped Seq from 1404 to 1406
Skipped Seq from 1407 to 1414
Skipped Seq from 1415 to 1419
Skipped Seq from 1422 to 1424
Skipped Seq from 1424 to 1426
Skipped Seq from 1426 to 1429
Skipped Seq from 1429 to 1431
Skipped Seq from 1433 to 1435
Skipped Seq from 1437 to 1443
Skipped Seq from 1445 to 1447
Skipped Seq from 1449 to 1451
Skipped Seq from 1458 to 1460
Skipped Seq from 1460 to 1463
Skipped Seq from 1466 to 1468
Skipped Seq from 1468 to 1471
Skipped Seq from 1471 to 1477
Skipped Seq from 1477 to 1479
Skipped Seq from 1484 to 1487
Skipped Seq from 1487 to 1492
Skipped Seq from 1492 to 1496
Skipped Seq from 1496 to 1498
Skipped Seq from 1498 to 1501
Skipped Seq from 1502 to 1508
Skipped Seq from 1514 to 1521
Skipped Seq from 1521 to 1524
Skipped Seq from 1524 to 1526
Skipped Seq from 1527 to 1536
Skipped Seq from 1537 to 1539
Skipped Seq from 1541 to 1544
Skipped Seq from 1544 to 1550
Skipped Seq from 1550 to 1557
Skipped Seq from 1558 to 1560
Skipped Seq from 1560 to 1563
Skipped Seq from 1567 to 1573
Skipped Seq from 1574 to 1583
Skipped Seq from 1583 to 1585
Skipped Seq from 1585 to 1588
Skipped Seq from 1592 to 1595
Skipped Seq from 1596 to 1598
Skipped Seq from 1600 to 1604
Skipped Seq from 1607 to 1611
Skipped Seq from 1611 to 1617
Skipped Seq from 1617 to 1619
Skipped Seq from 1619 to 1621
Skipped Seq from 1621 to 1623
Skipped Seq from 1626 to 1630
Skipped Seq from 1634 to 1638
Skipped Seq from 1641 to 1643
Skipped Seq from 1645 to 1650
Skipped Seq from 1651 to 1653
Skipped Seq from 1653 to 1655
Skipped Seq from 1655 to 1657
Skipped Seq from 1657 to 1664
Skipped Seq from 1666 to 1669
Skipped Seq from 1669 to 1672
Skipped Seq from 1672 to 1676
Skipped Seq from 1678 to 1680
Skipped Seq from 1681 to 1686
Skipped Seq from 1686 to 1694
Skipped Seq from 1694 to 1698
Skipped Seq from 1699 to 1701
Skipped Seq from 1702 to 1704
Skipped Seq from 1704 to 1706
Skipped Seq from 1708 to 1710
Skipped Seq from 1710 to 1714
Skipped Seq from 1714 to 1717
Skipped Seq from 1719 to 1723
Skipped Seq from 1724 to 1726
Skipped Seq from 1726 to 1729
Skipped Seq from 1729 to 1732
Skipped Seq from 1732 to 1734
Skipped Seq from 1736 to 1738
Skipped Seq from 1738 to 1742
Skipped Seq from 1742 to 1745
Skipped Seq from 1745 to 1747
Skipped Seq from 1749 to 1751
Skipped Seq from 1751 to 1754
Skipped Seq from 1759 to 1764
Skipped Seq from 1765 to 1767
Skipped Seq from 1768 to 1770
Skipped Seq from 1770 to 1777
Skipped Seq from 1777 to 1779
Skipped Seq from 1780 to 1784
Skipped Seq from 1785 to 1790
Skipped Seq from 1791 to 1795
Skipped Seq from 1796 to 1802
Skipped Seq from 1802 to 1809
Skipped Seq from 1809 to 1822
Skipped Seq from 1823 to 1825
Skipped Seq from 1826 to 1828
Skipped Seq from 1832 to 1835
Skipped Seq from 1838 to 1840
Skipped Seq from 1841 to 1844
Skipped Seq from 1844 to 1846
Skipped Seq from 1850 to 1853
Skipped Seq from 1855 to 1857
Skipped Seq from 1857 to 1862
Skipped Seq from 1864 to 1866
Skipped Seq from 1870 to 1872
Skipped Seq from 1872 to 1878
Skipped Seq from 1878 to 1880
Skipped Seq from 1880 to 1885
Skipped Seq from 1885 to 1889
Skipped Seq from 1892 to 1894
Skipped Seq from 1895 to 1897
Skipped Seq from 1897 to 1899
Skipped Seq from 1899 to 1902
Skipped Seq from 1902 to 1904
Skipped Seq from 1906 to 1908
Skipped Seq from 1909 to 1912
Skipped Seq from 1912 to 1914
Skipped Seq from 1916 to 1918
Skipped Seq from 1919 to 1921
Skipped Seq from 1921 to 1925
Skipped Seq from 1929 to 1931
Skipped Seq from 1931 to 1935
Skipped Seq from 1935 to 1940
Skipped Seq from 1941 to 1943
Skipped Seq from 1944 to 1948
Skipped Seq from 1953 to 1956
Skipped Seq from 1956 to 1958
Skipped Seq from 1958 to 1960
Skipped Seq from 1960 to 1963
Skipped Seq from 1981 to 1984
Skipped Seq from 1989 to 1995
Skipped Seq from 1995 to 2002
Skipped Seq from 2017 to 2022
Skipped Seq from 2026 to 2030
Skipped Seq from 2030 to 2035
Skipped Seq from 2035 to 2046
Skipped Seq from 2050 to 2057
Skipped Seq from 2057 to 2059
Skipped Seq from 2060 to 2062
Skipped Seq from 2068 to 2072
Skipped Seq from 2072 to 2080
Skipped Seq from 2082 to 2086
Skipped Seq from 2086 to 2088
Skipped Seq from 2089 to 2093
Skipped Seq from 2093 to 2095
Skipped Seq from 2095 to 2097
Skipped Seq from 2097 to 2102
Skipped Seq from 2103 to 2106
Skipped Seq from 2106 to 2108
Skipped Seq from 2112 to 2118
Skipped Seq from 2121 to 2123
Skipped Seq from 2129 to 2133
Skipped Seq from 2135 to 2137
Skipped Seq from 2137 to 2141
Skipped Seq from 2141 to 2144
Skipped Seq from 2145 to 2147
Skipped Seq from 2148 to 2154
Skipped Seq from 2154 to 2158
Skipped Seq from 2159 to 2164
Skipped Seq from 2164 to 2166
Skipped Seq from 2166 to 2171
Skipped Seq from 2171 to 2179
Skipped Seq from 2182 to 2184
Skipped Seq from 2184 to 2186
Skipped Seq from 2186 to 2188
Skipped Seq from 2195 to 2203
Skipped Seq from 2204 to 2206
Skipped Seq from 2206 to 2209
Skipped Seq from 2209 to 2212
Skipped Seq from 2212 to 2214
Skipped Seq from 2214 to 2216
Skipped Seq from 2218 to 2220
Skipped Seq from 2222 to 2224
Skipped Seq from 2224 to 2226
Skipped Seq from 2231 to 2233
Skipped Seq from 2236 to 2238
Skipped Seq from 2244 to 2254
Skipped Seq from 2255 to 2258
Skipped Seq from 2258 to 2260
Skipped Seq from 2263 to 2267
Skipped Seq from 2268 to 2274
Skipped Seq from 2276 to 2278
Skipped Seq from 2279 to 2287
Skipped Seq from 2288 to 2290
Skipped Seq from 2290 to 2292
Skipped Seq from 2292 to 2294
Skipped Seq from 2300 to 2302
Skipped Seq from 2302 to 2304
Skipped Seq from 2304 to 2307
Skipped Seq from 2312 to 2317
Skipped Seq from 2318 to 2320
Skipped Seq from 2320 to 2325
Skipped Seq from 2325 to 2328
Skipped Seq from 2328 to 2332
Skipped Seq from 2336 to 2338
Skipped Seq from 2338 to 2340
Skipped Seq from 2344 to 2349
Skipped Seq from 2349 to 2354
Skipped Seq from 2354 to 2357
Skipped Seq from 2357 to 2359
Skipped Seq from 2360 to 2362
Skipped Seq from 2365 to 2368
Skipped Seq from 2368 to 2371
Skipped Seq from 2375 to 2377
Skipped Seq from 2377 to 2381
Skipped Seq from 2385 to 2387
Skipped Seq from 2391 to 2395
Skipped Seq from 2395 to 2398
Skipped Seq from 2398 to 2403
Skipped Seq from 2403 to 2405
Skipped Seq from 2405 to 2408
Skipped Seq from 2411 to 2421
Skipped Seq from 2421 to 2426
Skipped Seq from 2426 to 2431
Skipped Seq from 2432 to 2439
Skipped Seq from 2439 to 2441
Skipped Seq from 2442 to 2444
Skipped Seq from 2446 to 2451
Skipped Seq from 2451 to 2453
Skipped Seq from 2453 to 2457
Skipped Seq from 2458 to 2461
Skipped Seq from 2463 to 2465
Skipped Seq from 2466 to 2471
Skipped Seq from 2472 to 2474
Skipped Seq from 2477 to 2479
Skipped Seq from 2479 to 2482
Skipped Seq from 2483 to 2487
Skipped Seq from 2488 to 2492
Skipped Seq from 2492 to 2496
Skipped Seq from 2497 to 2500
Skipped Seq from 2501 to 2503
Skipped Seq from 2503 to 2507
Skipped Seq from 2507 to 2509
Skipped Seq from 2509 to 2511
Skipped Seq from 2514 to 2519
Skipped Seq from 2522 to 2525
Skipped Seq from 2526 to 2529
Skipped Seq from 2530 to 2535
Skipped Seq from 2535 to 2537
Skipped Seq from 2538 to 2540
Skipped Seq from 2541 to 2546
Skipped Seq from 2549 to 2554
Skipped Seq from 2555 to 2567
Skipped Seq from 2567 to 2569
Skipped Seq from 2569 to 2573
Skipped Seq from 2573 to 2575
Skipped Seq from 2578 to 2581
Skipped Seq from 2583 to 2585
Skipped Seq from 2585 to 2588
Skipped Seq from 2589 to 2591
Skipped Seq from 2591 to 2593
Skipped Seq from 2594 to 2596
Skipped Seq from 2599 to 2602
Skipped Seq from 2605 to 2608
Skipped Seq from 2609 to 2613
Skipped Seq from 2613 to 2619
Skipped Seq from 2620 to 2622
Skipped Seq from 2622 to 2628
Skipped Seq from 2628 to 2634
Skipped Seq from 2637 to 2639
Skipped Seq from 2640 to 2642
Skipped Seq from 2642 to 2650
Skipped Seq from 2650 to 2652
Skipped Seq from 2653 to 2655
Skipped Seq from 2655 to 2658
Skipped Seq from 2659 to 2661
Skipped Seq from 2661 to 2663
Skipped Seq from 2668 to 2673
Skipped Seq from 2673 to 2677
Skipped Seq from 2678 to 2681
Skipped Seq from 2682 to 2684
Skipped Seq from 2684 to 2687
Skipped Seq from 2687 to 2689
Skipped Seq from 2689 to 2691
Skipped Seq from 2691 to 2694
Skipped Seq from 2695 to 2698
Skipped Seq from 2699 to 2701
Skipped Seq from 2701 to 2707
Skipped Seq from 2708 to 2713
Skipped Seq from 2713 to 2715
Skipped Seq from 2720 to 2722
Skipped Seq from 2722 to 2725
Skipped Seq from 2728 to 2731
Skipped Seq from 2732 to 2735
Skipped Seq from 2736 to 2738
Skipped Seq from 2738 to 2740
Skipped Seq from 2740 to 2744
Skipped Seq from 2744 to 2746
Skipped Seq from 2746 to 2748
Skipped Seq from 2749 to 2755
Skipped Seq from 2755 to 2757
Skipped Seq from 2761 to 2763
Skipped Seq from 2764 to 2769
Skipped Seq from 2769 to 2773
Skipped Seq from 2774 to 2776
Skipped Seq from 2777 to 2779
Skipped Seq from 2780 to 2782
Skipped Seq from 2782 to 2785
Skipped Seq from 2785 to 2791
Skipped Seq from 2791 to 2794
Skipped Seq from 2796 to 2814
Skipped Seq from 2814 to 2818
Skipped Seq from 2818 to 2821
Skipped Seq from 2821 to 2823
Skipped Seq from 2823 to 2827
Skipped Seq from 2829 to 2831
Skipped Seq from 2834 to 2836
Skipped Seq from 2837 to 2839
Skipped Seq from 2839 to 2841
Skipped Seq from 2841 to 2843
Skipped Seq from 2844 to 2849
Skipped Seq from 2852 to 2854
Skipped Seq from 2855 to 2857
Skipped Seq from 2858 to 2860
Skipped Seq from 2863 to 2865
Skipped Seq from 2869 to 2871
Skipped Seq from 2871 to 2877
Skipped Seq from 2878 to 2882
Skipped Seq from 2884 to 2888
Skipped Seq from 2888 to 2891
Skipped Seq from 2892 to 2894
Skipped Seq from 2894 to 2896
Skipped Seq from 2897 to 2899
Skipped Seq from 2900 to 2904
Skipped Seq from 2904 to 2906
Skipped Seq from 2906 to 2908
Skipped Seq from 2915 to 2919
Skipped Seq from 2919 to 2925
Skipped Seq from 2925 to 2928
Skipped Seq from 2928 to 2932
Skipped Seq from 2932 to 2934
Skipped Seq from 2935 to 2937
Skipped Seq from 2939 to 2944
Skipped Seq from 2948 to 2950
Skipped Seq from 2950 to 2952
Skipped Seq from 2952 to 2954
Skipped Seq from 2954 to 2956
Skipped Seq from 2956 to 2959
Skipped Seq from 2961 to 2963
Skipped Seq from 2967 to 2970
Skipped Seq from 2971 to 2973
Skipped Seq from 2977 to 2980
Skipped Seq from 2980 to 2988
Skipped Seq from 2988 to 2993
Skipped Seq from 2993 to 2995
Skipped Seq from 2995 to 2999
Skipped Seq from 2999 to 3001
Skipped Seq from 3004 to 3006
Skipped Seq from 3006 to 3010
Skipped Seq from 3013 to 3015
Skipped Seq from 3016 to 3021
Skipped Seq from 3021 to 3023
Skipped Seq from 3023 to 3026
Skipped Seq from 3026 to 3028
Skipped Seq from 3036 to 3038
Skipped Seq from 3040 to 3042
Skipped Seq from 3045 to 3047
Skipped Seq from 3049 to 3053
Skipped Seq from 3055 to 3058
Skipped Seq from 3058 to 3062
Skipped Seq from 3062 to 3064
Skipped Seq from 3064 to 3067
Skipped Seq from 3067 to 3069
Skipped Seq from 3073 to 3075
Skipped Seq from 3078 to 3080
Skipped Seq from 3081 to 3085
Skipped Seq from 3086 to 3090
Skipped Seq from 3091 to 3093
Skipped Seq from 3095 to 3099
Skipped Seq from 3100 to 3102
Skipped Seq from 3102 to 3107
Skipped Seq from 3107 to 3111
Skipped Seq from 3113 to 3115
Skipped Seq from 3115 to 3117
Skipped Seq from 3117 to 3119
Skipped Seq from 3119 to 3121
Skipped Seq from 3126 to 3128
Skipped Seq from 3128 to 3130
Skipped Seq from 3134 to 3136
Skipped Seq from 3136 to 3141
Skipped Seq from 3141 to 3143
Skipped Seq from 3144 to 3147
Skipped Seq from 3147 to 3151
Skipped Seq from 3151 to 3155
Skipped Seq from 3156 to 3158
Skipped Seq from 3158 to 3160
Skipped Seq from 3165 to 3167
Skipped Seq from 3178 to 3181
Skipped Seq from 3184 to 3186
Skipped Seq from 3188 to 3190
Skipped Seq from 3200 to 3202
Skipped Seq from 3212 to 3214
Skipped Seq from 3222 to 3224
Skipped Seq from 3232 to 3234
Skipped Seq from 3547 to 3557
Skipped Seq from 3569 to 3586
Skipped Seq from 3620 to 3629
Skipped Seq from 3645 to 3652
Skipped Seq from 7607 to 7609
Skipped Seq from 7610 to 7619
Skipped Seq from 7620 to 7624
Skipped Seq from 7624 to 7626
Skipped Seq from 7626 to 7628
Skipped Seq from 7631 to 7633
Skipped Seq from 7635 to 7637
Skipped Seq from 7637 to 7640
Skipped Seq from 7641 to 7647
Skipped Seq from 7649 to 7652
Skipped Seq from 7652 to 7655
Skipped Seq from 7655 to 7661
Skipped Seq from 7661 to 7665
Skipped Seq from 7669 to 7678
Skipped Seq from 7679 to 7686
Skipped Seq from 7690 to 7692
Skipped Seq from 7692 to 7694
Skipped Seq from 7696 to 7698
Skipped Seq from 7698 to 7701
Skipped Seq from 7702 to 7708
Skipped Seq from 7708 to 7714
Skipped Seq from 7716 to 7718
Skipped Seq from 7718 to 7720
Skipped Seq from 7726 to 7730
Skipped Seq from 7730 to 7734
Skipped Seq from 7735 to 7742
Skipped Seq from 7744 to 7747
Skipped Seq from 7750 to 7755
Skipped Seq from 7755 to 7758
Skipped Seq from 7759 to 7766
Skipped Seq from 7768 to 7770
Skipped Seq from 7770 to 7778
Skipped Seq from 7778 to 7780
Skipped Seq from 7782 to 7784
Skipped Seq from 7784 to 7786
Skipped Seq from 7786 to 7788
Skipped Seq from 7788 to 7790
Skipped Seq from 7791 to 7795
Skipped Seq from 7797 to 7802
Skipped Seq from 7810 to 7812
Skipped Seq from 7814 to 7816
Skipped Seq from 7816 to 7822
Skipped Seq from 7823 to 7827
Skipped Seq from 7829 to 7834
Skipped Seq from 7837 to 7839
Skipped Seq from 7839 to 7842
Skipped Seq from 7843 to 7845
Skipped Seq from 7845 to 7856
Skipped Seq from 7856 to 7858
Skipped Seq from 7859 to 7861
Skipped Seq from 7869 to 7874
Skipped Seq from 7878 to 7881
Skipped Seq from 7881 to 7884
Skipped Seq from 7887 to 7889
Skipped Seq from 7889 to 7897
Skipped Seq from 7897 to 7900
Skipped Seq from 7900 to 7903
Skipped Seq from 7903 to 7905
Skipped Seq from 7905 to 7907
Skipped Seq from 7911 to 7913
Skipped Seq from 7914 to 7917
Skipped Seq from 7917 to 7919
Skipped Seq from 7919 to 7921
Skipped Seq from 7921 to 7927
Skipped Seq from 7941 to 7946
Skipped Seq from 7948 to 7951
Skipped Seq from 7951 to 7955
Skipped Seq from 7955 to 7957
Skipped Seq from 7957 to 7959
Skipped Seq from 7960 to 7962
Skipped Seq from 7962 to 7966
Skipped Seq from 7966 to 7971
Skipped Seq from 7971 to 7974
Skipped Seq from 7975 to 7978
Skipped Seq from 7978 to 7982
Skipped Seq from 7983 to 7986
Skipped Seq from 7987 to 7990
Skipped Seq from 7991 to 7993
Skipped Seq from 7994 to 7996
Skipped Seq from 7997 to 8001
Skipped Seq from 8004 to 8007
Skipped Seq from 8008 to 8010
Skipped Seq from 8010 to 8012
Skipped Seq from 8012 to 8014
Skipped Seq from 8017 to 8021
Skipped Seq from 8022 to 8027
Skipped Seq from 8027 to 8038
Skipped Seq from 8038 to 8043
Skipped Seq from 8043 to 8050
Skipped Seq from 8051 to 8053
Skipped Seq from 8056 to 8058
Skipped Seq from 8058 to 8061
Skipped Seq from 8062 to 8065
Skipped Seq from 8065 to 8067
Skipped Seq from 8069 to 8071
Skipped Seq from 8073 to 8075
Skipped Seq from 8075 to 8077
Skipped Seq from 8077 to 8079
Skipped Seq from 8079 to 8081
Skipped Seq from 8081 to 8085
Skipped Seq from 8088 to 8091
Skipped Seq from 8091 to 8097
Skipped Seq from 8097 to 8099
Skipped Seq from 8107 to 8109
Skipped Seq from 8110 to 8118
Skipped Seq from 8118 to 8120
Skipped Seq from 8120 to 8123
Skipped Seq from 8125 to 8127
Skipped Seq from 8129 to 8133
Skipped Seq from 8134 to 8137
Skipped Seq from 8137 to 8139
Skipped Seq from 8142 to 8145
Skipped Seq from 8146 to 8149
Skipped Seq from 8149 to 8153
Skipped Seq from 8156 to 8164
Skipped Seq from 8165 to 8168
Skipped Seq from 8171 to 8173
Skipped Seq from 8175 to 8178
Skipped Seq from 8180 to 8182
Skipped Seq from 8185 to 8187
Skipped Seq from 8187 to 8189
Skipped Seq from 8190 to 8193
Skipped Seq from 8194 to 8196
Skipped Seq from 8197 to 8202
Skipped Seq from 8205 to 8207
Skipped Seq from 8208 to 8210
Skipped Seq from 8211 to 8213
Skipped Seq from 8213 to 8216
Skipped Seq from 8216 to 8218
Skipped Seq from 8219 to 8221
Skipped Seq from 8221 to 8226
Skipped Seq from 8226 to 8230
Skipped Seq from 8233 to 8241
Skipped Seq from 8244 to 8247
Skipped Seq from 8249 to 8251
Skipped Seq from 8251 to 8253
Skipped Seq from 8258 to 8261
Skipped Seq from 8262 to 8264
Skipped Seq from 8265 to 8267
Skipped Seq from 8268 to 8270
Skipped Seq from 8281 to 8286
Skipped Seq from 8287 to 8296
Skipped Seq from 8300 to 8306
Skipped Seq from 8308 to 8312
Skipped Seq from 8315 to 8320
Skipped Seq from 8320 to 8328
Skipped Seq from 8328 to 8331
Skipped Seq from 8332 to 8341
Skipped Seq from 8341 to 8343
Skipped Seq from 8344 to 8346
Skipped Seq from 8347 to 8349
Skipped Seq from 8350 to 8358
Skipped Seq from 8358 to 8369
Skipped Seq from 8369 to 8372
Skipped Seq from 8372 to 8375
Skipped Seq from 8375 to 8377
Skipped Seq from 8379 to 8382
Skipped Seq from 8384 to 8386
Skipped Seq from 8393 to 8395
Skipped Seq from 8396 to 8404
Skipped Seq from 8404 to 8406
Skipped Seq from 8407 to 8409
Skipped Seq from 8411 to 8414
Skipped Seq from 8414 to 8416
Skipped Seq from 8416 to 8420
Skipped Seq from 8420 to 8422
Skipped Seq from 8424 to 8428
Skipped Seq from 8429 to 8433
Skipped Seq from 8439 to 8442
Skipped Seq from 8453 to 8468
Skipped Seq from 8470 to 8472
Skipped Seq from 8473 to 8481
Skipped Seq from 8481 to 8487
Skipped Seq from 8487 to 8492
Skipped Seq from 8493 to 8496
Skipped Seq from 8496 to 8500
Skipped Seq from 8500 to 8504
Skipped Seq from 8505 to 8507
Skipped Seq from 8507 to 8509
Skipped Seq from 8511 to 8513
Skipped Seq from 8520 to 8526
Skipped Seq from 8526 to 8528
Skipped Seq from 8528 to 8531
Skipped Seq from 8531 to 8536
Skipped Seq from 8536 to 8538
Skipped Seq from 8538 to 8543
Skipped Seq from 8543 to 8547
Skipped Seq from 8547 to 8549
Skipped Seq from 8550 to 8555
Skipped Seq from 8557 to 8560
Skipped Seq from 8561 to 8564
Skipped Seq from 8564 to 8569
Skipped Seq from 8569 to 8572
Skipped Seq from 8573 to 8575
Skipped Seq from 8575 to 8582
Skipped Seq from 8582 to 8586
Skipped Seq from 8587 to 8590
Skipped Seq from 8591 to 8594
Skipped Seq from 8594 to 8598
Skipped Seq from 8598 to 8600
Skipped Seq from 8603 to 8611
Skipped Seq from 8613 to 8616
Skipped Seq from 8616 to 8620
Skipped Seq from 8622 to 8626
Skipped Seq from 8626 to 8628
Skipped Seq from 8628 to 8630
Skipped Seq from 8631 to 8633
Skipped Seq from 8633 to 8635
Skipped Seq from 8637 to 8641
Skipped Seq from 8642 to 8644
Skipped Seq from 8645 to 8647
Skipped Seq from 8647 to 8649
Skipped Seq from 8650 to 8667
Skipped Seq from 8668 to 8671
Skipped Seq from 8671 to 8676
Skipped Seq from 8676 to 8685
Skipped Seq from 8685 to 8692
Skipped Seq from 8692 to 8694
Skipped Seq from 8695 to 8701
Skipped Seq from 8701 to 8707
Skipped Seq from 8707 to 8711
Skipped Seq from 8712 to 8718
Skipped Seq from 8718 to 8725
Skipped Seq from 8725 to 8733
Skipped Seq from 8737 to 8740
Skipped Seq from 8747 to 8754
Skipped Seq from 8754 to 8756
Skipped Seq from 8756 to 8760
Skipped Seq from 8761 to 8763
Skipped Seq from 8763 to 8765
Skipped Seq from 8770 to 8773
Skipped Seq from 8774 to 8776
Skipped Seq from 8776 to 8779
Skipped Seq from 8782 to 8784
Skipped Seq from 8785 to 8787
Skipped Seq from 8788 to 8794
Skipped Seq from 8795 to 8799
Skipped Seq from 8800 to 8802
Skipped Seq from 8803 to 8805
Skipped Seq from 8805 to 8807
Skipped Seq from 8807 to 8809
Skipped Seq from 8809 to 8813
Skipped Seq from 8815 to 8818
Skipped Seq from 8818 to 8820
Skipped Seq from 8822 to 8830
Skipped Seq from 8830 to 8833
Skipped Seq from 8837 to 8842
Skipped Seq from 8842 to 8846
Skipped Seq from 8846 to 8848
Skipped Seq from 8853 to 8856
Skipped Seq from 8858 to 8860
Skipped Seq from 8867 to 8869
Skipped Seq from 8869 to 8875
Skipped Seq from 8877 to 8881
Skipped Seq from 8881 to 8883
Skipped Seq from 8884 to 8889
Skipped Seq from 8889 to 8892
Skipped Seq from 8892 to 8894
Skipped Seq from 8896 to 8898
Skipped Seq from 8898 to 8902
Skipped Seq from 8903 to 8907
Skipped Seq from 8908 to 8913
Skipped Seq from 8913 to 8916
Skipped Seq from 8916 to 8918
Skipped Seq from 8923 to 8925
Skipped Seq from 8928 to 8930
Skipped Seq from 8930 to 8932
Skipped Seq from 8933 to 8935
Skipped Seq from 8935 to 8939
Skipped Seq from 8939 to 8942
Skipped Seq from 8943 to 8947
Skipped Seq from 8949 to 8956
Skipped Seq from 8960 to 8963
Skipped Seq from 8975 to 8977
Skipped Seq from 8980 to 8983
Skipped Seq from 8985 to 8988
Skipped Seq from 8989 to 8992
Skipped Seq from 8992 to 8994
Skipped Seq from 8995 to 8997
Skipped Seq from 9004 to 9008
Skipped Seq from 9010 to 9012
Skipped Seq from 9016 to 9019
Skipped Seq from 9020 to 9029
Skipped Seq from 9030 to 9032
Skipped Seq from 9033 to 9035
Skipped Seq from 9038 to 9040
Skipped Seq from 9040 to 9047
Skipped Seq from 9052 to 9057
Skipped Seq from 9058 to 9061
Skipped Seq from 9068 to 9072
Skipped Seq from 9072 to 9074
Skipped Seq from 9074 to 9080
Skipped Seq from 9080 to 9082
Skipped Seq from 9082 to 9085
Skipped Seq from 9090 to 9094
Skipped Seq from 9094 to 9096
Skipped Seq from 9099 to 9101
Skipped Seq from 9103 to 9105
Skipped Seq from 9110 to 9112
Skipped Seq from 9116 to 9119
Skipped Seq from 9120 to 9122
Skipped Seq from 9125 to 9127
Skipped Seq from 9127 to 9129
Skipped Seq from 9129 to 9132
Skipped Seq from 9132 to 9135
Skipped Seq from 9137 to 9139
Skipped Seq from 9140 to 9144
Skipped Seq from 9147 to 9149
Skipped Seq from 9153 to 9155
Skipped Seq from 9156 to 9165
Skipped Seq from 9170 to 9172
Skipped Seq from 9185 to 9188
Skipped Seq from 9188 to 9190
Skipped Seq from 9190 to 9193
Skipped Seq from 9194 to 9197
Skipped Seq from 9203 to 9206
Skipped Seq from 9207 to 9209
Skipped Seq from 9209 to 9212
Skipped Seq from 9216 to 9220
Skipped Seq from 9225 to 9230
Skipped Seq from 9230 to 9232
Skipped Seq from 9232 to 9234
Skipped Seq from 9235 to 9238
Skipped Seq from 9255 to 9257
Skipped Seq from 9261 to 9263
Skipped Seq from 9273 to 9279
Skipped Seq from 9287 to 9289
Skipped Seq from 9294 to 9296
Skipped Seq from 9296 to 9299
Skipped Seq from 9318 to 9322
Skipped Seq from 9342 to 9345
Skipped Seq from 9351 to 9353
Skipped Seq from 12548 to 12551
Skipped Seq from 12552 to 12554
Skipped Seq from 12554 to 12563
Skipped Seq from 12563 to 12565
Skipped Seq from 12580 to 12582
Skipped Seq from 12591 to 12594
Skipped Seq from 12595 to 12598
Skipped Seq from 12600 to 12602
Skipped Seq from 12603 to 12605
Skipped Seq from 12608 to 12610
Skipped Seq from 12613 to 12619
Skipped Seq from 12624 to 12628
Skipped Seq from 12632 to 12636
Skipped Seq from 12638 to 12642
Skipped Seq from 12646 to 12649
Skipped Seq from 12649 to 12652
Skipped Seq from 12655 to 12663
Skipped Seq from 12673 to 12676
Skipped Seq from 12680 to 12683
Skipped Seq from 12686 to 12689
Skipped Seq from 12689 to 12691
Skipped Seq from 12696 to 12704
Skipped Seq from 12710 to 12712
Skipped Seq from 12716 to 12718
Skipped Seq from 12718 to 12723
Skipped Seq from 12725 to 12728
Skipped Seq from 12730 to 12734
Skipped Seq from 12735 to 12739
Skipped Seq from 12739 to 12744
Skipped Seq from 12749 to 12753
Skipped Seq from 12755 to 12758
Skipped Seq from 12763 to 12770
Skipped Seq from 12770 to 12772
Skipped Seq from 12774 to 12777
Skipped Seq from 12779 to 12782
Skipped Seq from 12784 to 12787
Skipped Seq from 12792 to 12798
Skipped Seq from 12798 to 12801
Skipped Seq from 12804 to 12807
Skipped Seq from 12808 to 12817
Skipped Seq from 12817 to 12824
Skipped Seq from 12825 to 12827
Skipped Seq from 12827 to 12833
Skipped Seq from 12840 to 12853
Skipped Seq from 12853 to 12857
Skipped Seq from 12857 to 12860
Skipped Seq from 12862 to 12864
Skipped Seq from 12868 to 12873
Skipped Seq from 12873 to 12875
Skipped Seq from 12879 to 12885
Skipped Seq from 12889 to 12891
Skipped Seq from 12898 to 12902
Skipped Seq from 12906 to 12909
Skipped Seq from 12909 to 12912
Skipped Seq from 12912 to 12914
Skipped Seq from 12920 to 12925
Skipped Seq from 12944 to 12950
Skipped Seq from 12960 to 12963
Skipped Seq from 12963 to 12966
Skipped Seq from 12966 to 12968
Skipped Seq from 12980 to 12989
Skipped Seq from 12989 to 13003
Skipped Seq from 13003 to 13006
Skipped Seq from 13012 to 13015
Skipped Seq from 13016 to 13019
Skipped Seq from 13019 to 13037
Skipped Seq from 13037 to 13051
Skipped Seq from 13051 to 13053
Skipped Seq from 13053 to 13058
Skipped Seq from 13058 to 13061
Skipped Seq from 13061 to 13064
Skipped Seq from 13064 to 13068
Skipped Seq from 13068 to 13070
Skipped Seq from 13073 to 13078
Skipped Seq from 13080 to 13084
Skipped Seq from 13093 to 13097
Skipped Seq from 13103 to 13105
Skipped Seq from 13105 to 13107
Skipped Seq from 13107 to 13113
Skipped Seq from 13115 to 13117
Skipped Seq from 13117 to 13119
Skipped Seq from 13120 to 13129
Skipped Seq from 13132 to 13134
Skipped Seq from 13136 to 13139
Skipped Seq from 13144 to 13147
Skipped Seq from 13152 to 13158
Skipped Seq from 13163 to 13170
Skipped Seq from 13173 to 13175
Skipped Seq from 13176 to 13186
Skipped Seq from 13186 to 13195
Skipped Seq from 13195 to 13203
Skipped Seq from 13207 to 13215
Skipped Seq from 13217 to 13219
Skipped Seq from 13219 to 13221
Skipped Seq from 13221 to 13225
Skipped Seq from 13225 to 13228
Skipped Seq from 13230 to 13232
Skipped Seq from 13232 to 13234
Skipped Seq from 13237 to 13239
Skipped Seq from 13246 to 13252
Skipped Seq from 13256 to 13258
Skipped Seq from 13259 to 13261
Skipped Seq from 13261 to 13263
Skipped Seq from 13265 to 13267
Skipped Seq from 13268 to 13273
Skipped Seq from 13277 to 13279
Skipped Seq from 13281 to 13285
Skipped Seq from 13285 to 13288
Skipped Seq from 13289 to 13298
Skipped Seq from 13298 to 13305
Skipped Seq from 13307 to 13314
Skipped Seq from 13315 to 13321
Skipped Seq from 13322 to 13327
Skipped Seq from 13327 to 13334
Skipped Seq from 13338 to 13343
Skipped Seq from 13345 to 13355
Skipped Seq from 13356 to 13367
Skipped Seq from 13372 to 13379
Skipped Seq from 13380 to 13384
Skipped Seq from 13387 to 13389
Skipped Seq from 13390 to 13392
Skipped Seq from 13393 to 13395
Skipped Seq from 13402 to 13407
Skipped Seq from 13413 to 13416
Skipped Seq from 13418 to 13421
Skipped Seq from 13426 to 13432
Skipped Seq from 13432 to 13434
Skipped Seq from 13434 to 13436
Skipped Seq from 13437 to 13439
Skipped Seq from 13439 to 13442
Skipped Seq from 13444 to 13449
Skipped Seq from 13457 to 13461
Skipped Seq from 13464 to 13468
Skipped Seq from 13468 to 13476
Skipped Seq from 13479 to 13490
Skipped Seq from 13490 to 13497
Skipped Seq from 13498 to 13500
Skipped Seq from 13501 to 13505
Skipped Seq from 13505 to 13508
Skipped Seq from 13511 to 13513
Skipped Seq from 13516 to 13518
Skipped Seq from 13518 to 13521
Skipped Seq from 13522 to 13524
Skipped Seq from 13526 to 13528
Skipped Seq from 13530 to 13532
Skipped Seq from 13533 to 13535
Skipped Seq from 13535 to 13537
Skipped Seq from 13552 to 13557
Skipped Seq from 13561 to 13565
Skipped Seq from 13567 to 13569
Skipped Seq from 13578 to 13584
Skipped Seq from 13586 to 13591
Skipped Seq from 13592 to 13594
Skipped Seq from 13596 to 13598
Skipped Seq from 13599 to 13601
Skipped Seq from 13619 to 13622
Skipped Seq from 13623 to 13626
Skipped Seq from 13629 to 13631
Skipped Seq from 13643 to 13646
Skipped Seq from 13647 to 13649
Skipped Seq from 13657 to 13660
Skipped Seq from 13660 to 13662
Skipped Seq from 13669 to 13672
Skipped Seq from 13672 to 13674
Skipped Seq from 13674 to 13676
Skipped Seq from 13676 to 13679
Skipped Seq from 13679 to 13681
Skipped Seq from 13691 to 13694
Skipped Seq from 13708 to 13710
Skipped Seq from 13713 to 13717
Skipped Seq from 13717 to 13719
Skipped Seq from 13719 to 13721
Skipped Seq from 13721 to 13726
Skipped Seq from 13726 to 13730
Skipped Seq from 13738 to 13740
Skipped Seq from 13742 to 13745
Skipped Seq from 13751 to 13754
Skipped Seq from 13757 to 13759
Skipped Seq from 13760 to 13764
Skipped Seq from 13766 to 13768
Skipped Seq from 13768 to 13771
Skipped Seq from 13780 to 13783
Skipped Seq from 13799 to 13801
Skipped Seq from 13802 to 13805
Number of times throttled: 15
Received: 11781 / 14443 packets
Start time: 1332837162.922601
End time: 1332837202.858762
Duration: 39.936161
