Starting client at 10.0.0.13:1235 with timeout:10
My IP address is 10.0.0.13Skipped Seq from 780 to 784
Skipped Seq from 790 to 792
Skipped Seq from 793 to 795
Skipped Seq from 797 to 801
Skipped Seq from 803 to 806
Skipped Seq from 809 to 811
Skipped Seq from 814 to 816
Skipped Seq from 816 to 818
Skipped Seq from 818 to 821
Skipped Seq from 822 to 828
Skipped Seq from 828 to 830
Skipped Seq from 850 to 853
Skipped Seq from 900 to 903
Skipped Seq from 911 to 914
Skipped Seq from 917 to 921
Skipped Seq from 921 to 923
Skipped Seq from 929 to 932
Skipped Seq from 932 to 934
Skipped Seq from 937 to 940
Skipped Seq from 946 to 953
Skipped Seq from 956 to 964
Skipped Seq from 973 to 975
Skipped Seq from 981 to 983
Skipped Seq from 984 to 988
Skipped Seq from 988 to 990
Skipped Seq from 995 to 1003
Skipped Seq from 1003 to 1005
Skipped Seq from 1009 to 1014
Skipped Seq from 1014 to 1019
Skipped Seq from 1027 to 1030
Skipped Seq from 1034 to 1038
Skipped Seq from 1040 to 1048
Skipped Seq from 1051 to 1053
Skipped Seq from 1058 to 1061
Skipped Seq from 1067 to 1072
Skipped Seq from 1080 to 1083
Skipped Seq from 1083 to 1088
Skipped Seq from 1096 to 1100
Skipped Seq from 1100 to 1105
Skipped Seq from 1106 to 1108
Skipped Seq from 1109 to 1112
Skipped Seq from 1115 to 1119
Skipped Seq from 1120 to 1123
Skipped Seq from 1123 to 1127
Skipped Seq from 1133 to 1136
Skipped Seq from 1136 to 1139
Skipped Seq from 1141 to 1143
Skipped Seq from 1147 to 1150
Skipped Seq from 1150 to 1152
Skipped Seq from 1152 to 1155
Skipped Seq from 1155 to 1157
Skipped Seq from 1160 to 1166
Skipped Seq from 1167 to 1169
Skipped Seq from 1173 to 1176
Skipped Seq from 1176 to 1178
Skipped Seq from 1178 to 1181
Skipped Seq from 1182 to 1185
Skipped Seq from 1185 to 1188
Skipped Seq from 1188 to 1191
Skipped Seq from 1195 to 1198
Skipped Seq from 1201 to 1204
Skipped Seq from 1206 to 1209
Skipped Seq from 1211 to 1213
Skipped Seq from 1218 to 1220
Skipped Seq from 1220 to 1224
Skipped Seq from 1225 to 1227
Skipped Seq from 1229 to 1231
Skipped Seq from 1232 to 1236
Skipped Seq from 1239 to 1241
Skipped Seq from 1241 to 1243
Skipped Seq from 1244 to 1249
Skipped Seq from 1249 to 1256
Skipped Seq from 1256 to 1259
Skipped Seq from 1260 to 1265
Skipped Seq from 1265 to 1267
Skipped Seq from 1268 to 1271
Skipped Seq from 1272 to 1274
Skipped Seq from 1277 to 1279
Skipped Seq from 1284 to 1287
Skipped Seq from 1287 to 1289
Skipped Seq from 1293 to 1296
Skipped Seq from 1296 to 1299
Skipped Seq from 1301 to 1303
Skipped Seq from 1305 to 1307
Skipped Seq from 1307 to 1309
Skipped Seq from 1310 to 1313
Skipped Seq from 1322 to 1326
Skipped Seq from 1326 to 1330
Skipped Seq from 1330 to 1332
Skipped Seq from 1332 to 1334
Skipped Seq from 1334 to 1337
Skipped Seq from 1344 to 1347
Skipped Seq from 1353 to 1356
Skipped Seq from 1356 to 1361
Skipped Seq from 1362 to 1365
Skipped Seq from 1371 to 1374
Skipped Seq from 1374 to 1377
Skipped Seq from 1378 to 1382
Skipped Seq from 1385 to 1390
Skipped Seq from 1393 to 1398
Skipped Seq from 1398 to 1407
Skipped Seq from 1407 to 1410
Skipped Seq from 1410 to 1414
Skipped Seq from 1415 to 1417
Skipped Seq from 1418 to 1424
Skipped Seq from 1426 to 1428
Skipped Seq from 1430 to 1433
Skipped Seq from 1435 to 1437
Skipped Seq from 1438 to 1440
Skipped Seq from 1443 to 1447
Skipped Seq from 1447 to 1450
Skipped Seq from 1455 to 1457
Skipped Seq from 1459 to 1461
Skipped Seq from 1462 to 1464
Skipped Seq from 1464 to 1467
Skipped Seq from 1471 to 1474
Skipped Seq from 1476 to 1482
Skipped Seq from 1482 to 1484
Skipped Seq from 1484 to 1487
Skipped Seq from 1487 to 1491
Skipped Seq from 1491 to 1493
Skipped Seq from 1499 to 1505
Skipped Seq from 1513 to 1521
Skipped Seq from 1521 to 1523
Skipped Seq from 1523 to 1533
Skipped Seq from 1533 to 1536
Skipped Seq from 1539 to 1552
Skipped Seq from 1555 to 1558
Skipped Seq from 1559 to 1561
Skipped Seq from 1562 to 1567
Skipped Seq from 1567 to 1570
Skipped Seq from 1570 to 1575
Skipped Seq from 1582 to 1584
Skipped Seq from 1585 to 1588
Skipped Seq from 1591 to 1593
Skipped Seq from 1597 to 1599
Skipped Seq from 1599 to 1606
Skipped Seq from 1609 to 1611
Skipped Seq from 1615 to 1617
Skipped Seq from 1618 to 1620
Skipped Seq from 1623 to 1626
Skipped Seq from 1630 to 1633
Skipped Seq from 1634 to 1636
Skipped Seq from 1636 to 1644
Skipped Seq from 1656 to 1659
Skipped Seq from 1665 to 1669
Skipped Seq from 1674 to 1676
Skipped Seq from 1677 to 1682
Skipped Seq from 1684 to 1692
Skipped Seq from 1694 to 1697
Skipped Seq from 1698 to 1700
Skipped Seq from 1701 to 1709
Skipped Seq from 1709 to 1711
Skipped Seq from 1712 to 1720
Skipped Seq from 1720 to 1722
Skipped Seq from 1722 to 1725
Skipped Seq from 1725 to 1729
Skipped Seq from 1729 to 1733
Skipped Seq from 1733 to 1735
Skipped Seq from 1735 to 1739
Skipped Seq from 1739 to 1745
Skipped Seq from 1745 to 1752
Skipped Seq from 1756 to 1763
Skipped Seq from 1763 to 1765
Skipped Seq from 1767 to 1774
Skipped Seq from 1776 to 1779
Skipped Seq from 1780 to 1783
Skipped Seq from 1783 to 1789
Skipped Seq from 1790 to 1794
Skipped Seq from 1796 to 1798
Skipped Seq from 1800 to 1802
Skipped Seq from 1802 to 1808
Skipped Seq from 1808 to 1810
Skipped Seq from 1810 to 1812
Skipped Seq from 1812 to 1814
Skipped Seq from 1817 to 1822
Skipped Seq from 1823 to 1827
Skipped Seq from 1829 to 1832
Skipped Seq from 1832 to 1834
Skipped Seq from 1834 to 1836
Skipped Seq from 1836 to 1844
Skipped Seq from 1845 to 1850
Skipped Seq from 1850 to 1852
Skipped Seq from 1853 to 1856
Skipped Seq from 1858 to 1864
Skipped Seq from 1869 to 1871
Skipped Seq from 1873 to 1877
Skipped Seq from 1877 to 1880
Skipped Seq from 1880 to 1883
Skipped Seq from 1884 to 1886
Skipped Seq from 1888 to 1892
Skipped Seq from 1894 to 1898
Skipped Seq from 1898 to 1901
Skipped Seq from 1901 to 1904
Skipped Seq from 1906 to 1908
Skipped Seq from 1919 to 1921
Skipped Seq from 1922 to 1925
Skipped Seq from 1929 to 1931
Skipped Seq from 1935 to 1941
Skipped Seq from 1941 to 1945
Skipped Seq from 1946 to 1958
Skipped Seq from 1958 to 1960
Skipped Seq from 1960 to 1962
Skipped Seq from 1963 to 1965
Skipped Seq from 1965 to 1977
Skipped Seq from 1980 to 1983
Skipped Seq from 1984 to 1988
Skipped Seq from 1988 to 1993
Skipped Seq from 1996 to 1999
Skipped Seq from 1999 to 2001
Skipped Seq from 2001 to 2004
Skipped Seq from 2004 to 2006
Skipped Seq from 2006 to 2011
Skipped Seq from 2012 to 2015
Skipped Seq from 2018 to 2021
Skipped Seq from 2022 to 2027
Skipped Seq from 2027 to 2030
Skipped Seq from 2031 to 2033
Skipped Seq from 2038 to 2040
Skipped Seq from 2041 to 2043
Skipped Seq from 2043 to 2047
Skipped Seq from 2047 to 2050
Skipped Seq from 2050 to 2053
Skipped Seq from 2053 to 2055
Skipped Seq from 2056 to 2058
Skipped Seq from 2058 to 2060
Skipped Seq from 2065 to 2074
Skipped Seq from 2078 to 2086
Skipped Seq from 2087 to 2089
Skipped Seq from 2091 to 2093
Skipped Seq from 2094 to 2096
Skipped Seq from 2099 to 2101
Skipped Seq from 2101 to 2103
Skipped Seq from 2113 to 2116
Skipped Seq from 5523 to 5525
Skipped Seq from 5525 to 5527
Skipped Seq from 5527 to 5529
Skipped Seq from 5530 to 5532
Skipped Seq from 5532 to 5534
Skipped Seq from 5535 to 5538
Skipped Seq from 5538 to 5540
Skipped Seq from 5541 to 5543
Skipped Seq from 5545 to 5548
Skipped Seq from 5549 to 5551
Skipped Seq from 5553 to 5556
Skipped Seq from 5556 to 5558
Skipped Seq from 5558 to 5564
Skipped Seq from 5564 to 5566
Skipped Seq from 5568 to 5570
Skipped Seq from 5572 to 5575
Skipped Seq from 5576 to 5579
Skipped Seq from 5581 to 5583
Skipped Seq from 5583 to 5585
Skipped Seq from 5594 to 5598
Skipped Seq from 5598 to 5601
Skipped Seq from 5601 to 5604
Skipped Seq from 5616 to 5618
Skipped Seq from 5618 to 5627
Skipped Seq from 5630 to 5633
Skipped Seq from 5633 to 5635
Skipped Seq from 5637 to 5639
Skipped Seq from 5640 to 5642
Skipped Seq from 5649 to 5651
Skipped Seq from 5653 to 5657
Skipped Seq from 5659 to 5662
Skipped Seq from 5663 to 5667
Skipped Seq from 5671 to 5673
Skipped Seq from 5673 to 5675
Skipped Seq from 5677 to 5683
Skipped Seq from 5687 to 5689
Skipped Seq from 5689 to 5691
Skipped Seq from 5696 to 5703
Skipped Seq from 5703 to 5706
Skipped Seq from 5707 to 5712
Skipped Seq from 5712 to 5714
Skipped Seq from 5714 to 5716
Skipped Seq from 5719 to 5721
Skipped Seq from 5723 to 5728
Skipped Seq from 5729 to 5731
Skipped Seq from 5734 to 5737
Skipped Seq from 5739 to 5742
Skipped Seq from 5744 to 5746
Skipped Seq from 5749 to 5752
Skipped Seq from 5756 to 5764
Skipped Seq from 5764 to 5767
Skipped Seq from 5779 to 5781
Skipped Seq from 5783 to 5786
Skipped Seq from 5786 to 5792
Skipped Seq from 5792 to 5794
Skipped Seq from 5794 to 5799
Skipped Seq from 5800 to 5804
Skipped Seq from 5805 to 5808
Skipped Seq from 5809 to 5812
Skipped Seq from 5813 to 5822
Skipped Seq from 5823 to 5826
Skipped Seq from 5828 to 5834
Skipped Seq from 5834 to 5836
Skipped Seq from 5837 to 5840
Skipped Seq from 5841 to 5843
Skipped Seq from 5845 to 5847
Skipped Seq from 5850 to 5852
Skipped Seq from 5856 to 5858
Skipped Seq from 5858 to 5860
Skipped Seq from 5865 to 5867
Skipped Seq from 5867 to 5869
Skipped Seq from 5870 to 5872
Skipped Seq from 5876 to 5878
Skipped Seq from 5880 to 5882
Skipped Seq from 5882 to 5884
Skipped Seq from 5885 to 5888
Skipped Seq from 5893 to 5896
Skipped Seq from 5896 to 5899
Skipped Seq from 5899 to 5901
Skipped Seq from 5901 to 5903
Skipped Seq from 5904 to 5906
Skipped Seq from 5906 to 5908
Skipped Seq from 5908 to 5910
Skipped Seq from 5911 to 5915
Skipped Seq from 5918 to 5926
Skipped Seq from 5927 to 5937
Skipped Seq from 5946 to 5948
Skipped Seq from 5948 to 5950
Skipped Seq from 5950 to 5952
Skipped Seq from 5956 to 5958
Skipped Seq from 5963 to 5965
Skipped Seq from 5970 to 5972
Skipped Seq from 5974 to 5977
Skipped Seq from 5978 to 5981
Skipped Seq from 5982 to 5984
Skipped Seq from 5985 to 5987
Skipped Seq from 5988 to 5991
Skipped Seq from 5991 to 5997
Skipped Seq from 5998 to 6001
Skipped Seq from 6002 to 6004
Skipped Seq from 6005 to 6007
Skipped Seq from 6008 to 6011
Skipped Seq from 6011 to 6013
Skipped Seq from 6013 to 6015
Skipped Seq from 6019 to 6021
Skipped Seq from 6021 to 6025
Skipped Seq from 6044 to 6046
Skipped Seq from 6051 to 6060
Skipped Seq from 6063 to 6065
Skipped Seq from 6065 to 6069
Skipped Seq from 6069 to 6071
Skipped Seq from 6071 to 6077
Skipped Seq from 6079 to 6082
Skipped Seq from 6083 to 6085
Skipped Seq from 6085 to 6092
Skipped Seq from 6092 to 6097
Skipped Seq from 6098 to 6104
Skipped Seq from 6111 to 6113
Skipped Seq from 6114 to 6122
Skipped Seq from 6123 to 6126
Skipped Seq from 6126 to 6129
Skipped Seq from 6130 to 6132
Skipped Seq from 6133 to 6138
Skipped Seq from 6157 to 6171
Skipped Seq from 6171 to 6185
Skipped Seq from 6187 to 6197
Skipped Seq from 6201 to 6205
Skipped Seq from 6205 to 6214
Skipped Seq from 6219 to 6224
Skipped Seq from 6224 to 6226
Skipped Seq from 6226 to 6233
Skipped Seq from 6236 to 6238
Skipped Seq from 6238 to 6240
Skipped Seq from 6241 to 6243
Skipped Seq from 6244 to 6248
Skipped Seq from 6252 to 6254
Skipped Seq from 6256 to 6262
Skipped Seq from 6263 to 6265
Skipped Seq from 6267 to 6269
Skipped Seq from 6274 to 6276
Skipped Seq from 6279 to 6281
Skipped Seq from 6297 to 6302
Skipped Seq from 6306 to 6308
Skipped Seq from 6311 to 6313
Skipped Seq from 6313 to 6316
Skipped Seq from 6320 to 6322
Skipped Seq from 6322 to 6324
Skipped Seq from 6324 to 6329
Skipped Seq from 6329 to 6331
Skipped Seq from 6333 to 6337
Skipped Seq from 6337 to 6342
Skipped Seq from 6349 to 6351
Skipped Seq from 6352 to 6354
Skipped Seq from 6354 to 6356
Skipped Seq from 6356 to 6358
Skipped Seq from 6358 to 6360
Skipped Seq from 6365 to 6367
Skipped Seq from 6371 to 6373
Skipped Seq from 6373 to 6376
Skipped Seq from 6376 to 6378
Skipped Seq from 6378 to 6380
Skipped Seq from 6380 to 6384
Skipped Seq from 6386 to 6388
Skipped Seq from 6397 to 6402
Skipped Seq from 6402 to 6404
Skipped Seq from 6404 to 6406
Skipped Seq from 6406 to 6409
Skipped Seq from 6417 to 6419
Skipped Seq from 6424 to 6427
Skipped Seq from 6429 to 6432
Skipped Seq from 6432 to 6434
Skipped Seq from 6435 to 6441
Skipped Seq from 6448 to 6451
Skipped Seq from 6451 to 6455
Skipped Seq from 6455 to 6457
Skipped Seq from 6457 to 6459
Skipped Seq from 6459 to 6461
Skipped Seq from 6464 to 6467
Skipped Seq from 6467 to 6470
Skipped Seq from 6470 to 6474
Skipped Seq from 6477 to 6479
Skipped Seq from 6480 to 6482
Skipped Seq from 6483 to 6486
Skipped Seq from 6486 to 6489
Skipped Seq from 6496 to 6498
Skipped Seq from 6499 to 6504
Skipped Seq from 6505 to 6510
Skipped Seq from 6510 to 6513
Skipped Seq from 6513 to 6516
Skipped Seq from 6522 to 6526
Skipped Seq from 6526 to 6530
Skipped Seq from 6530 to 6532
Skipped Seq from 6532 to 6536
Skipped Seq from 6538 to 6540
Skipped Seq from 6545 to 6547
Skipped Seq from 6548 to 6553
Skipped Seq from 6553 to 6557
Skipped Seq from 6557 to 6560
Skipped Seq from 6562 to 6565
Skipped Seq from 6566 to 6568
Skipped Seq from 6568 to 6570
Skipped Seq from 6570 to 6572
Skipped Seq from 6572 to 6580
Skipped Seq from 6583 to 6585
Skipped Seq from 6596 to 6598
Skipped Seq from 6598 to 6603
Skipped Seq from 6603 to 6605
Skipped Seq from 6606 to 6608
Skipped Seq from 6608 to 6610
Skipped Seq from 6616 to 6619
Skipped Seq from 6620 to 6622
Skipped Seq from 6622 to 6625
Skipped Seq from 6625 to 6630
Skipped Seq from 6630 to 6636
Skipped Seq from 6636 to 6639
Skipped Seq from 6640 to 6642
Skipped Seq from 6642 to 6645
Skipped Seq from 6646 to 6649
Skipped Seq from 6650 to 6652
Skipped Seq from 6658 to 6661
Skipped Seq from 6662 to 6667
Skipped Seq from 6674 to 6677
Skipped Seq from 6678 to 6684
Skipped Seq from 6684 to 6693
Skipped Seq from 6693 to 6696
Skipped Seq from 6696 to 6698
Skipped Seq from 6699 to 6701
Skipped Seq from 6702 to 6704
Skipped Seq from 6704 to 6707
Skipped Seq from 6707 to 6710
Skipped Seq from 6710 to 6713
Skipped Seq from 6713 to 6716
Skipped Seq from 6717 to 6720
Skipped Seq from 6720 to 6723
Skipped Seq from 6729 to 6731
Skipped Seq from 6732 to 6744
Skipped Seq from 6751 to 6753
Skipped Seq from 6753 to 6756
Skipped Seq from 6756 to 6760
Skipped Seq from 6760 to 6766
Skipped Seq from 6767 to 6769
Skipped Seq from 6769 to 6772
Skipped Seq from 6776 to 6780
Skipped Seq from 6780 to 6784
Skipped Seq from 6784 to 6786
Skipped Seq from 6787 to 6789
Skipped Seq from 6793 to 6795
Skipped Seq from 6799 to 6802
Skipped Seq from 6803 to 6808
Skipped Seq from 6808 to 6811
Skipped Seq from 6822 to 6824
Skipped Seq from 6828 to 6836
Skipped Seq from 6836 to 6852
Skipped Seq from 6852 to 6860
Skipped Seq from 6860 to 6867
Skipped Seq from 6868 to 6872
Skipped Seq from 6873 to 6876
Skipped Seq from 6877 to 6879
Skipped Seq from 6879 to 6882
Skipped Seq from 6882 to 6884
Skipped Seq from 6895 to 6897
Skipped Seq from 6911 to 6923
Skipped Seq from 6923 to 6928
Skipped Seq from 6930 to 6932
Skipped Seq from 6936 to 6941
Skipped Seq from 6946 to 6950
Skipped Seq from 6955 to 6957
Skipped Seq from 6957 to 6960
Skipped Seq from 6961 to 6966
Skipped Seq from 6972 to 6974
Skipped Seq from 6974 to 6976
Skipped Seq from 6976 to 6981
Skipped Seq from 6982 to 6986
Skipped Seq from 6986 to 6988
Skipped Seq from 6988 to 6990
Skipped Seq from 6990 to 6992
Skipped Seq from 6993 to 6995
Skipped Seq from 6995 to 6998
Skipped Seq from 6998 to 7001
Skipped Seq from 7002 to 7004
Skipped Seq from 7007 to 7010
Skipped Seq from 7010 to 7012
Skipped Seq from 7018 to 7025
Skipped Seq from 7025 to 7029
Skipped Seq from 7031 to 7033
Skipped Seq from 7033 to 7035
Skipped Seq from 7040 to 7043
Skipped Seq from 7043 to 7045
Skipped Seq from 7049 to 7052
Skipped Seq from 7052 to 7056
Skipped Seq from 7066 to 7074
Skipped Seq from 7078 to 7080
Skipped Seq from 7083 to 7090
Skipped Seq from 7091 to 7095
Skipped Seq from 7095 to 7097
Skipped Seq from 7099 to 7103
Skipped Seq from 7104 to 7111
Skipped Seq from 7113 to 7116
Skipped Seq from 7120 to 7123
Skipped Seq from 7123 to 7129
Skipped Seq from 7130 to 7138
Skipped Seq from 7139 to 7142
Skipped Seq from 7146 to 7149
Skipped Seq from 7150 to 7154
Skipped Seq from 7155 to 7157
Skipped Seq from 7161 to 7163
Skipped Seq from 7163 to 7166
Skipped Seq from 7179 to 7181
Skipped Seq from 7188 to 7191
Skipped Seq from 7204 to 7206
Skipped Seq from 7224 to 7226
Skipped Seq from 7235 to 7238
Skipped Seq from 7240 to 7244
Skipped Seq from 7290 to 7292
Skipped Seq from 7295 to 7298
Skipped Seq from 7309 to 7311
Skipped Seq from 7311 to 7313
Skipped Seq from 7319 to 7321
Number of times throttled: 8
Received: 6740 / 8097 packets
Start time: 1332835201.309880
End time: 1332835223.960775
Duration: 22.650895
