Starting client at 10.0.0.20:1270 with timeout:10
My IP address is 10.0.0.20Skipped Seq from 382 to 387
Skipped Seq from 387 to 391
Skipped Seq from 391 to 393
Skipped Seq from 394 to 396
Skipped Seq from 398 to 401
Skipped Seq from 401 to 408
Skipped Seq from 408 to 411
Skipped Seq from 411 to 413
Skipped Seq from 413 to 415
Skipped Seq from 418 to 421
Skipped Seq from 421 to 424
Skipped Seq from 424 to 426
Skipped Seq from 427 to 433
Skipped Seq from 434 to 436
Skipped Seq from 438 to 444
Skipped Seq from 444 to 448
Skipped Seq from 449 to 451
Skipped Seq from 452 to 454
Skipped Seq from 454 to 456
Skipped Seq from 457 to 461
Skipped Seq from 463 to 465
Skipped Seq from 465 to 467
Skipped Seq from 467 to 469
Skipped Seq from 470 to 472
Skipped Seq from 472 to 474
Skipped Seq from 474 to 476
Skipped Seq from 477 to 481
Skipped Seq from 481 to 489
Skipped Seq from 490 to 493
Skipped Seq from 494 to 496
Skipped Seq from 497 to 503
Skipped Seq from 504 to 508
Skipped Seq from 509 to 511
Skipped Seq from 515 to 519
Skipped Seq from 527 to 529
Skipped Seq from 529 to 531
Skipped Seq from 531 to 534
Skipped Seq from 535 to 538
Skipped Seq from 538 to 540
Skipped Seq from 540 to 545
Skipped Seq from 546 to 549
Skipped Seq from 549 to 551
Skipped Seq from 551 to 553
Skipped Seq from 554 to 559
Skipped Seq from 559 to 561
Skipped Seq from 561 to 563
Skipped Seq from 565 to 567
Skipped Seq from 567 to 572
Skipped Seq from 575 to 577
Skipped Seq from 578 to 580
Skipped Seq from 582 to 584
Skipped Seq from 585 to 587
Skipped Seq from 588 to 595
Skipped Seq from 602 to 605
Skipped Seq from 605 to 608
Skipped Seq from 608 to 610
Skipped Seq from 610 to 615
Skipped Seq from 615 to 617
Skipped Seq from 619 to 625
Skipped Seq from 625 to 628
Skipped Seq from 628 to 630
Skipped Seq from 632 to 634
Skipped Seq from 635 to 641
Skipped Seq from 641 to 643
Skipped Seq from 644 to 646
Skipped Seq from 646 to 654
Skipped Seq from 654 to 658
Skipped Seq from 658 to 662
Skipped Seq from 663 to 666
Skipped Seq from 666 to 668
Skipped Seq from 669 to 671
Skipped Seq from 674 to 679
Skipped Seq from 709 to 712
Skipped Seq from 717 to 722
Skipped Seq from 722 to 724
Skipped Seq from 725 to 729
Skipped Seq from 730 to 732
Skipped Seq from 732 to 734
Skipped Seq from 734 to 741
Skipped Seq from 741 to 749
Skipped Seq from 749 to 751
Skipped Seq from 751 to 754
Skipped Seq from 755 to 759
Skipped Seq from 760 to 764
Skipped Seq from 764 to 774
Skipped Seq from 774 to 776
Skipped Seq from 778 to 780
Skipped Seq from 780 to 783
Skipped Seq from 787 to 790
Skipped Seq from 790 to 795
Skipped Seq from 795 to 798
Skipped Seq from 798 to 800
Skipped Seq from 800 to 805
Skipped Seq from 805 to 813
Skipped Seq from 813 to 816
Skipped Seq from 816 to 819
Skipped Seq from 819 to 821
Skipped Seq from 822 to 825
Skipped Seq from 825 to 827
Skipped Seq from 829 to 832
Skipped Seq from 833 to 841
Skipped Seq from 841 to 845
Skipped Seq from 845 to 851
Skipped Seq from 855 to 857
Skipped Seq from 859 to 862
Skipped Seq from 863 to 868
Skipped Seq from 869 to 871
Skipped Seq from 871 to 874
Skipped Seq from 874 to 879
Skipped Seq from 879 to 881
Skipped Seq from 883 to 885
Skipped Seq from 885 to 888
Skipped Seq from 888 to 892
Skipped Seq from 893 to 895
Skipped Seq from 895 to 897
Skipped Seq from 897 to 899
Skipped Seq from 899 to 907
Skipped Seq from 907 to 909
Skipped Seq from 909 to 912
Skipped Seq from 914 to 917
Skipped Seq from 918 to 921
Skipped Seq from 921 to 923
Skipped Seq from 923 to 925
Skipped Seq from 925 to 927
Skipped Seq from 930 to 938
Skipped Seq from 938 to 941
Skipped Seq from 943 to 945
Skipped Seq from 945 to 955
Skipped Seq from 955 to 960
Skipped Seq from 960 to 962
Skipped Seq from 962 to 964
Skipped Seq from 964 to 967
Skipped Seq from 968 to 971
Skipped Seq from 971 to 975
Skipped Seq from 975 to 980
Skipped Seq from 983 to 985
Skipped Seq from 985 to 991
Skipped Seq from 991 to 993
Skipped Seq from 993 to 997
Skipped Seq from 1000 to 1002
Skipped Seq from 1003 to 1005
Skipped Seq from 1008 to 1018
Skipped Seq from 1018 to 1026
Skipped Seq from 1029 to 1032
Skipped Seq from 1034 to 1036
Skipped Seq from 1036 to 1040
Skipped Seq from 1040 to 1043
Skipped Seq from 1044 to 1047
Skipped Seq from 1048 to 1051
Skipped Seq from 1052 to 1054
Skipped Seq from 1055 to 1059
Skipped Seq from 1062 to 1064
Skipped Seq from 1065 to 1069
Skipped Seq from 1071 to 1074
Skipped Seq from 1074 to 1086
Skipped Seq from 1086 to 1088
Skipped Seq from 1089 to 1092
Skipped Seq from 1092 to 1094
Skipped Seq from 1094 to 1099
Skipped Seq from 1099 to 1103
Skipped Seq from 1107 to 1115
Skipped Seq from 1115 to 1118
Skipped Seq from 1118 to 1125
Skipped Seq from 1126 to 1128
Skipped Seq from 1130 to 1133
Skipped Seq from 1134 to 1136
Skipped Seq from 1137 to 1139
Skipped Seq from 1141 to 1144
Skipped Seq from 1144 to 1148
Skipped Seq from 1148 to 1150
Skipped Seq from 1151 to 1163
Skipped Seq from 1164 to 1170
Skipped Seq from 1170 to 1173
Skipped Seq from 1173 to 1179
Skipped Seq from 1179 to 1184
Skipped Seq from 1186 to 1188
Skipped Seq from 1188 to 1190
Skipped Seq from 1190 to 1192
Skipped Seq from 1192 to 1195
Skipped Seq from 1199 to 1206
Skipped Seq from 1206 to 1211
Skipped Seq from 1211 to 1215
Skipped Seq from 1215 to 1217
Skipped Seq from 1217 to 1219
Skipped Seq from 1219 to 1224
Skipped Seq from 1224 to 1228
Skipped Seq from 1229 to 1231
Skipped Seq from 1231 to 1233
Skipped Seq from 1236 to 1239
Skipped Seq from 1241 to 1245
Skipped Seq from 1248 to 1253
Skipped Seq from 1257 to 1260
Skipped Seq from 1260 to 1264
Skipped Seq from 1267 to 1269
Skipped Seq from 1269 to 1272
Skipped Seq from 1272 to 1275
Skipped Seq from 1275 to 1283
Skipped Seq from 1283 to 1287
Skipped Seq from 1288 to 1293
Skipped Seq from 1296 to 1301
Skipped Seq from 1301 to 1304
Skipped Seq from 1306 to 1311
Skipped Seq from 1313 to 1315
Skipped Seq from 1315 to 1321
Skipped Seq from 1321 to 1323
Skipped Seq from 1323 to 1330
Skipped Seq from 1330 to 1333
Skipped Seq from 1333 to 1336
Skipped Seq from 1336 to 1345
Skipped Seq from 1346 to 1349
Skipped Seq from 1349 to 1356
Skipped Seq from 1356 to 1369
Skipped Seq from 1369 to 1373
Skipped Seq from 1373 to 1377
Skipped Seq from 1378 to 1380
Skipped Seq from 1382 to 1385
Skipped Seq from 1386 to 1393
Skipped Seq from 1393 to 1395
Skipped Seq from 1395 to 1397
Skipped Seq from 1399 to 1401
Skipped Seq from 1401 to 1404
Skipped Seq from 1406 to 1408
Skipped Seq from 1408 to 1413
Skipped Seq from 1413 to 1428
Skipped Seq from 1429 to 1431
Skipped Seq from 1437 to 1440
Skipped Seq from 1446 to 1450
Skipped Seq from 1450 to 1453
Skipped Seq from 1454 to 1457
Skipped Seq from 1457 to 1462
Skipped Seq from 1462 to 1465
Skipped Seq from 1465 to 1467
Skipped Seq from 1467 to 1469
Skipped Seq from 1470 to 1472
Skipped Seq from 1472 to 1476
Skipped Seq from 1476 to 1482
Skipped Seq from 1482 to 1489
Skipped Seq from 1490 to 1492
Skipped Seq from 1492 to 1495
Skipped Seq from 1496 to 1498
Skipped Seq from 1498 to 1501
Skipped Seq from 1502 to 1504
Skipped Seq from 1504 to 1510
Skipped Seq from 1510 to 1513
Skipped Seq from 1514 to 1517
Skipped Seq from 1517 to 1519
Skipped Seq from 1520 to 1523
Skipped Seq from 1523 to 1527
Skipped Seq from 1533 to 1535
Skipped Seq from 1535 to 1540
Skipped Seq from 1541 to 1544
Skipped Seq from 1544 to 1546
Skipped Seq from 1546 to 1556
Skipped Seq from 1557 to 1564
Skipped Seq from 1564 to 1567
Skipped Seq from 1570 to 1572
Skipped Seq from 1576 to 1578
Skipped Seq from 1580 to 1583
Skipped Seq from 1586 to 1589
Skipped Seq from 1589 to 1593
Skipped Seq from 1595 to 1597
Skipped Seq from 1597 to 1602
Skipped Seq from 1602 to 1604
Skipped Seq from 1604 to 1607
Skipped Seq from 1607 to 1614
Skipped Seq from 1616 to 1618
Skipped Seq from 1618 to 1620
Skipped Seq from 1620 to 1622
Skipped Seq from 1631 to 1638
Skipped Seq from 1638 to 1642
Skipped Seq from 1642 to 1655
Skipped Seq from 1655 to 1659
Skipped Seq from 1659 to 1664
Skipped Seq from 1664 to 1666
Skipped Seq from 1667 to 1669
Skipped Seq from 1669 to 1675
Skipped Seq from 1679 to 1681
Skipped Seq from 1681 to 1695
Skipped Seq from 1696 to 1705
Skipped Seq from 1705 to 1712
Skipped Seq from 1712 to 1714
Skipped Seq from 1714 to 1718
Skipped Seq from 1718 to 1724
Skipped Seq from 1724 to 1729
Skipped Seq from 1730 to 1736
Skipped Seq from 1736 to 1742
Skipped Seq from 1742 to 1744
Skipped Seq from 1744 to 1749
Skipped Seq from 1749 to 1751
Skipped Seq from 1751 to 1753
Skipped Seq from 1754 to 1756
Skipped Seq from 1758 to 1764
Skipped Seq from 1764 to 1768
Skipped Seq from 1770 to 1773
Skipped Seq from 1774 to 1776
Skipped Seq from 1776 to 1782
Skipped Seq from 1782 to 1784
Skipped Seq from 1785 to 1788
Skipped Seq from 1788 to 1794
Skipped Seq from 1796 to 1800
Skipped Seq from 1801 to 1805
Skipped Seq from 1805 to 1808
Skipped Seq from 1811 to 1813
Skipped Seq from 1813 to 1815
Skipped Seq from 1817 to 1819
Skipped Seq from 1819 to 1826
Skipped Seq from 1826 to 1828
Skipped Seq from 1828 to 1837
Skipped Seq from 1837 to 1848
Skipped Seq from 1849 to 1855
Skipped Seq from 1855 to 1865
Skipped Seq from 1870 to 1873
Skipped Seq from 1873 to 1875
Skipped Seq from 1875 to 1878
Skipped Seq from 1878 to 1882
Skipped Seq from 1883 to 1885
Skipped Seq from 1885 to 1887
Skipped Seq from 1887 to 1889
Skipped Seq from 1889 to 1894
Skipped Seq from 1895 to 1912
Skipped Seq from 1912 to 1914
Skipped Seq from 1917 to 1922
Skipped Seq from 1922 to 1924
Skipped Seq from 1926 to 1929
Skipped Seq from 1929 to 1933
Skipped Seq from 1934 to 1936
Skipped Seq from 1938 to 1940
Skipped Seq from 1944 to 1946
Skipped Seq from 1947 to 1950
Skipped Seq from 1951 to 1960
Skipped Seq from 1960 to 1966
Skipped Seq from 1966 to 1973
Skipped Seq from 1975 to 1978
Skipped Seq from 1979 to 1983
Skipped Seq from 1983 to 1989
Skipped Seq from 1989 to 1991
Skipped Seq from 1991 to 1996
Skipped Seq from 1997 to 2002
Skipped Seq from 2002 to 2005
Skipped Seq from 2005 to 2010
Skipped Seq from 2010 to 2013
Skipped Seq from 2014 to 2017
Skipped Seq from 2024 to 2026
Skipped Seq from 2026 to 2036
Skipped Seq from 2036 to 2039
Skipped Seq from 2041 to 2043
Skipped Seq from 2043 to 2045
Skipped Seq from 2046 to 2049
Skipped Seq from 2049 to 2052
Skipped Seq from 2053 to 2058
Skipped Seq from 2058 to 2067
Skipped Seq from 2067 to 2070
Skipped Seq from 2071 to 2074
Skipped Seq from 2074 to 2076
Skipped Seq from 2076 to 2081
Skipped Seq from 2084 to 2086
Skipped Seq from 2086 to 2095
Skipped Seq from 2096 to 2103
Skipped Seq from 2103 to 2107
Skipped Seq from 2108 to 2111
Skipped Seq from 2112 to 2115
Skipped Seq from 2115 to 2117
Skipped Seq from 2117 to 2126
Skipped Seq from 2126 to 2128
Skipped Seq from 2129 to 2135
Skipped Seq from 2135 to 2138
Skipped Seq from 2143 to 2145
Skipped Seq from 2146 to 2148
Skipped Seq from 2148 to 2150
Skipped Seq from 2151 to 2153
Skipped Seq from 2155 to 2157
Skipped Seq from 2157 to 2159
Skipped Seq from 2159 to 2162
Skipped Seq from 2162 to 2165
Skipped Seq from 2166 to 2168
Skipped Seq from 2168 to 2171
Skipped Seq from 2172 to 2174
Skipped Seq from 2176 to 2178
Skipped Seq from 2178 to 2180
Skipped Seq from 2180 to 2182
Skipped Seq from 2193 to 2205
Skipped Seq from 2206 to 2214
Skipped Seq from 2216 to 2226
Skipped Seq from 2228 to 2232
Skipped Seq from 2240 to 2243
Skipped Seq from 2247 to 2254
Skipped Seq from 2257 to 2261
Skipped Seq from 5135 to 5140
Skipped Seq from 5144 to 5151
Skipped Seq from 5158 to 5163
Skipped Seq from 5165 to 5167
Skipped Seq from 5168 to 5170
Skipped Seq from 5170 to 5173
Skipped Seq from 5176 to 5178
Skipped Seq from 5188 to 5191
Skipped Seq from 5194 to 5199
Skipped Seq from 5206 to 5209
Skipped Seq from 5209 to 5212
Skipped Seq from 5217 to 5220
Skipped Seq from 5222 to 5227
Skipped Seq from 5228 to 5232
Skipped Seq from 5239 to 5243
Skipped Seq from 5247 to 5249
Skipped Seq from 5249 to 5254
Skipped Seq from 5261 to 5263
Skipped Seq from 5268 to 5270
Skipped Seq from 5270 to 5272
Skipped Seq from 5276 to 5280
Skipped Seq from 5280 to 5285
Skipped Seq from 5287 to 5289
Skipped Seq from 5295 to 5297
Skipped Seq from 5299 to 5301
Skipped Seq from 5309 to 5311
Skipped Seq from 5311 to 5313
Skipped Seq from 5314 to 5320
Skipped Seq from 5325 to 5328
Skipped Seq from 5331 to 5335
Skipped Seq from 5337 to 5339
Skipped Seq from 5339 to 5341
Skipped Seq from 5341 to 5344
Skipped Seq from 5344 to 5346
Skipped Seq from 5347 to 5349
Skipped Seq from 5349 to 5351
Skipped Seq from 5358 to 5367
Skipped Seq from 5367 to 5369
Skipped Seq from 5374 to 5377
Skipped Seq from 5378 to 5382
Skipped Seq from 5384 to 5386
Skipped Seq from 5388 to 5391
Skipped Seq from 5391 to 5393
Skipped Seq from 5395 to 5399
Skipped Seq from 5400 to 5402
Skipped Seq from 5402 to 5405
Skipped Seq from 5405 to 5407
Skipped Seq from 5410 to 5412
Skipped Seq from 5414 to 5417
Skipped Seq from 5418 to 5421
Skipped Seq from 5427 to 5430
Skipped Seq from 5431 to 5435
Skipped Seq from 5435 to 5438
Skipped Seq from 5442 to 5446
Skipped Seq from 5452 to 5457
Skipped Seq from 5458 to 5460
Skipped Seq from 5460 to 5462
Skipped Seq from 5463 to 5466
Skipped Seq from 5467 to 5469
Skipped Seq from 5479 to 5484
Skipped Seq from 5485 to 5488
Skipped Seq from 5488 to 5490
Skipped Seq from 5499 to 5508
Skipped Seq from 5513 to 5516
Skipped Seq from 5518 to 5520
Skipped Seq from 5521 to 5523
Skipped Seq from 5523 to 5525
Skipped Seq from 5525 to 5530
Skipped Seq from 5530 to 5532
Skipped Seq from 5534 to 5536
Skipped Seq from 5537 to 5539
Skipped Seq from 5546 to 5550
Skipped Seq from 5554 to 5556
Skipped Seq from 5565 to 5567
Skipped Seq from 5573 to 5576
Skipped Seq from 5576 to 5582
Skipped Seq from 5584 to 5586
Skipped Seq from 5587 to 5589
Skipped Seq from 5592 to 5597
Skipped Seq from 5601 to 5603
Skipped Seq from 5604 to 5606
Skipped Seq from 5607 to 5610
Skipped Seq from 5615 to 5618
Skipped Seq from 5626 to 5629
Skipped Seq from 5629 to 5632
Skipped Seq from 5635 to 5638
Skipped Seq from 5641 to 5643
Skipped Seq from 5647 to 5649
Skipped Seq from 5651 to 5653
Skipped Seq from 5653 to 5656
Skipped Seq from 5660 to 5664
Skipped Seq from 5664 to 5667
Skipped Seq from 5669 to 5671
Skipped Seq from 5674 to 5678
Skipped Seq from 5686 to 5688
Skipped Seq from 5689 to 5694
Skipped Seq from 5701 to 5703
Skipped Seq from 5709 to 5711
Skipped Seq from 5716 to 5718
Skipped Seq from 5720 to 5723
Skipped Seq from 5725 to 5727
Skipped Seq from 5730 to 5733
Skipped Seq from 5735 to 5737
Skipped Seq from 5739 to 5741
Skipped Seq from 5741 to 5745
Skipped Seq from 5747 to 5749
Skipped Seq from 5749 to 5753
Skipped Seq from 5764 to 5766
Skipped Seq from 5767 to 5769
Skipped Seq from 5772 to 5774
Skipped Seq from 5775 to 5777
Skipped Seq from 5787 to 5790
Skipped Seq from 5793 to 5795
Skipped Seq from 5796 to 5798
Skipped Seq from 5798 to 5800
Skipped Seq from 5801 to 5804
Skipped Seq from 5810 to 5815
Skipped Seq from 5818 to 5820
Skipped Seq from 5823 to 5825
Skipped Seq from 5826 to 5828
Skipped Seq from 5829 to 5831
Skipped Seq from 5834 to 5837
Skipped Seq from 5837 to 5844
Skipped Seq from 5846 to 5848
Skipped Seq from 5849 to 5851
Skipped Seq from 5851 to 5853
Skipped Seq from 5854 to 5856
Skipped Seq from 5857 to 5860
Skipped Seq from 5860 to 5863
Skipped Seq from 5864 to 5867
Skipped Seq from 5885 to 5889
Skipped Seq from 5891 to 5893
Skipped Seq from 5894 to 5896
Skipped Seq from 5896 to 5899
Skipped Seq from 5901 to 5903
Skipped Seq from 5903 to 5907
Skipped Seq from 5909 to 5913
Skipped Seq from 5925 to 5929
Skipped Seq from 5931 to 5933
Skipped Seq from 5935 to 5938
Skipped Seq from 5946 to 5951
Skipped Seq from 5954 to 5956
Skipped Seq from 5961 to 5965
Skipped Seq from 5965 to 5971
Skipped Seq from 5971 to 5975
Skipped Seq from 5975 to 5977
Skipped Seq from 5979 to 5981
Skipped Seq from 5981 to 5984
Skipped Seq from 5992 to 5994
Skipped Seq from 5994 to 5996
Skipped Seq from 5999 to 6001
Skipped Seq from 6010 to 6014
Skipped Seq from 6018 to 6022
Skipped Seq from 6030 to 6034
Skipped Seq from 6036 to 6039
Skipped Seq from 6039 to 6044
Skipped Seq from 6044 to 6047
Skipped Seq from 6050 to 6052
Skipped Seq from 6053 to 6056
Skipped Seq from 6056 to 6059
Skipped Seq from 6060 to 6062
Skipped Seq from 6063 to 6068
Skipped Seq from 6069 to 6071
Skipped Seq from 6071 to 6074
Skipped Seq from 6074 to 6076
Skipped Seq from 6076 to 6081
Skipped Seq from 6082 to 6084
Skipped Seq from 6084 to 6093
Skipped Seq from 6103 to 6105
Skipped Seq from 6107 to 6113
Skipped Seq from 6117 to 6119
Skipped Seq from 6119 to 6121
Skipped Seq from 6123 to 6126
Skipped Seq from 6129 to 6131
Skipped Seq from 6135 to 6137
Skipped Seq from 6138 to 6141
Skipped Seq from 6141 to 6143
Skipped Seq from 6144 to 6147
Skipped Seq from 6150 to 6153
Skipped Seq from 6157 to 6159
Skipped Seq from 6159 to 6162
Skipped Seq from 6165 to 6168
Skipped Seq from 6168 to 6172
Skipped Seq from 6176 to 6180
Skipped Seq from 6189 to 6192
Skipped Seq from 6200 to 6202
Skipped Seq from 6203 to 6206
Skipped Seq from 6206 to 6208
Skipped Seq from 6211 to 6213
Skipped Seq from 6214 to 6216
Skipped Seq from 6224 to 6226
Skipped Seq from 6228 to 6230
Skipped Seq from 6232 to 6234
Skipped Seq from 6237 to 6241
Skipped Seq from 6241 to 6243
Skipped Seq from 6245 to 6247
Skipped Seq from 6247 to 6249
Skipped Seq from 6249 to 6252
Skipped Seq from 6252 to 6255
Skipped Seq from 6256 to 6258
Skipped Seq from 6259 to 6274
Skipped Seq from 6274 to 6277
Skipped Seq from 6280 to 6282
Skipped Seq from 6290 to 6292
Skipped Seq from 6295 to 6299
Skipped Seq from 6299 to 6302
Skipped Seq from 6307 to 6309
Skipped Seq from 6309 to 6313
Skipped Seq from 6313 to 6320
Skipped Seq from 6327 to 6329
Skipped Seq from 6330 to 6336
Skipped Seq from 6340 to 6342
Skipped Seq from 6342 to 6349
Skipped Seq from 6351 to 6353
Skipped Seq from 6353 to 6355
Skipped Seq from 6357 to 6361
Skipped Seq from 6369 to 6372
Skipped Seq from 6373 to 6378
Skipped Seq from 6379 to 6383
Skipped Seq from 6391 to 6393
Skipped Seq from 6395 to 6397
Skipped Seq from 6398 to 6401
Skipped Seq from 6401 to 6404
Skipped Seq from 6405 to 6412
Skipped Seq from 6415 to 6418
Skipped Seq from 6423 to 6427
Skipped Seq from 6427 to 6429
Skipped Seq from 6433 to 6435
Skipped Seq from 6435 to 6437
Skipped Seq from 6438 to 6441
Skipped Seq from 6442 to 6446
Skipped Seq from 6449 to 6451
Skipped Seq from 6453 to 6455
Skipped Seq from 6456 to 6458
Skipped Seq from 6460 to 6463
Skipped Seq from 6473 to 6475
Skipped Seq from 6501 to 6503
Skipped Seq from 6504 to 6506
Skipped Seq from 6508 to 6510
Skipped Seq from 6514 to 6518
Skipped Seq from 6532 to 6536
Skipped Seq from 6542 to 6544
Number of times throttled: 9
Received: 5500 / 7112 packets
Start time: 1332836960.979444
End time: 1332836980.242655
Duration: 19.263211
