Starting client at 10.0.0.23:1243 with timeout:10
My IP address is 10.0.0.23Skipped Seq from 16 to 36
Skipped Seq from 36 to 39
Skipped Seq from 41 to 43
Skipped Seq from 43 to 46
Skipped Seq from 47 to 51
Skipped Seq from 52 to 54
Skipped Seq from 62 to 65
Skipped Seq from 65 to 71
Skipped Seq from 71 to 74
Skipped Seq from 77 to 85
Skipped Seq from 85 to 90
Skipped Seq from 92 to 96
Skipped Seq from 96 to 104
Skipped Seq from 107 to 111
Skipped Seq from 113 to 115
Skipped Seq from 115 to 118
Skipped Seq from 121 to 125
Skipped Seq from 125 to 127
Skipped Seq from 127 to 129
Skipped Seq from 129 to 131
Skipped Seq from 131 to 134
Skipped Seq from 134 to 140
Skipped Seq from 142 to 144
Skipped Seq from 147 to 150
Skipped Seq from 153 to 161
Skipped Seq from 162 to 164
Skipped Seq from 164 to 168
Skipped Seq from 168 to 170
Skipped Seq from 170 to 173
Skipped Seq from 176 to 178
Skipped Seq from 178 to 180
Skipped Seq from 214 to 219
Skipped Seq from 219 to 224
Skipped Seq from 224 to 226
Skipped Seq from 231 to 234
Skipped Seq from 234 to 238
Skipped Seq from 238 to 241
Skipped Seq from 241 to 243
Skipped Seq from 247 to 249
Skipped Seq from 250 to 265
Skipped Seq from 265 to 267
Skipped Seq from 268 to 270
Skipped Seq from 272 to 274
Skipped Seq from 275 to 278
Skipped Seq from 278 to 280
Skipped Seq from 281 to 286
Skipped Seq from 286 to 288
Skipped Seq from 288 to 293
Skipped Seq from 293 to 296
Skipped Seq from 296 to 298
Skipped Seq from 299 to 301
Skipped Seq from 305 to 317
Skipped Seq from 320 to 322
Skipped Seq from 322 to 327
Skipped Seq from 330 to 332
Skipped Seq from 332 to 335
Skipped Seq from 339 to 341
Skipped Seq from 345 to 348
Skipped Seq from 349 to 353
Skipped Seq from 353 to 356
Skipped Seq from 356 to 358
Skipped Seq from 359 to 361
Skipped Seq from 373 to 378
Skipped Seq from 378 to 384
Skipped Seq from 386 to 391
Skipped Seq from 391 to 401
Skipped Seq from 401 to 405
Skipped Seq from 405 to 412
Skipped Seq from 412 to 414
Skipped Seq from 417 to 421
Skipped Seq from 421 to 424
Skipped Seq from 424 to 427
Skipped Seq from 427 to 430
Skipped Seq from 430 to 433
Skipped Seq from 433 to 435
Skipped Seq from 436 to 438
Skipped Seq from 439 to 441
Skipped Seq from 444 to 447
Skipped Seq from 447 to 449
Skipped Seq from 451 to 453
Skipped Seq from 458 to 465
Skipped Seq from 465 to 468
Skipped Seq from 469 to 471
Skipped Seq from 471 to 475
Skipped Seq from 479 to 481
Skipped Seq from 481 to 485
Skipped Seq from 485 to 487
Skipped Seq from 487 to 495
Skipped Seq from 495 to 497
Skipped Seq from 497 to 499
Skipped Seq from 499 to 501
Skipped Seq from 507 to 510
Skipped Seq from 512 to 517
Skipped Seq from 517 to 519
Skipped Seq from 521 to 524
Skipped Seq from 525 to 531
Skipped Seq from 532 to 537
Skipped Seq from 539 to 544
Skipped Seq from 545 to 547
Skipped Seq from 547 to 557
Skipped Seq from 557 to 559
Skipped Seq from 559 to 562
Skipped Seq from 562 to 564
Skipped Seq from 564 to 566
Skipped Seq from 566 to 568
Skipped Seq from 569 to 571
Skipped Seq from 575 to 582
Skipped Seq from 582 to 584
Skipped Seq from 584 to 590
Skipped Seq from 593 to 595
Skipped Seq from 595 to 599
Skipped Seq from 599 to 604
Skipped Seq from 604 to 607
Skipped Seq from 610 to 618
Skipped Seq from 620 to 622
Skipped Seq from 624 to 626
Skipped Seq from 626 to 628
Skipped Seq from 628 to 630
Skipped Seq from 630 to 632
Skipped Seq from 633 to 637
Skipped Seq from 637 to 641
Skipped Seq from 642 to 644
Skipped Seq from 644 to 648
Skipped Seq from 648 to 652
Skipped Seq from 654 to 657
Skipped Seq from 660 to 663
Skipped Seq from 663 to 665
Skipped Seq from 667 to 670
Skipped Seq from 670 to 680
Skipped Seq from 680 to 686
Skipped Seq from 687 to 690
Skipped Seq from 690 to 693
Skipped Seq from 693 to 697
Skipped Seq from 697 to 699
Skipped Seq from 699 to 701
Skipped Seq from 702 to 704
Skipped Seq from 705 to 710
Skipped Seq from 713 to 715
Skipped Seq from 717 to 722
Skipped Seq from 722 to 725
Skipped Seq from 725 to 730
Skipped Seq from 732 to 734
Skipped Seq from 734 to 736
Skipped Seq from 736 to 738
Skipped Seq from 738 to 743
Skipped Seq from 743 to 745
Skipped Seq from 745 to 748
Skipped Seq from 748 to 751
Skipped Seq from 751 to 753
Skipped Seq from 754 to 758
Skipped Seq from 758 to 763
Skipped Seq from 763 to 774
Skipped Seq from 774 to 777
Skipped Seq from 779 to 781
Skipped Seq from 781 to 783
Skipped Seq from 784 to 787
Skipped Seq from 787 to 789
Skipped Seq from 790 to 801
Skipped Seq from 801 to 804
Skipped Seq from 806 to 808
Skipped Seq from 808 to 812
Skipped Seq from 814 to 817
Skipped Seq from 818 to 822
Skipped Seq from 822 to 824
Skipped Seq from 826 to 828
Skipped Seq from 830 to 832
Skipped Seq from 832 to 834
Skipped Seq from 835 to 841
Skipped Seq from 841 to 848
Skipped Seq from 852 to 854
Skipped Seq from 854 to 857
Skipped Seq from 859 to 861
Skipped Seq from 861 to 868
Skipped Seq from 868 to 877
Skipped Seq from 877 to 879
Skipped Seq from 879 to 883
Skipped Seq from 883 to 889
Skipped Seq from 889 to 891
Skipped Seq from 894 to 896
Skipped Seq from 897 to 899
Skipped Seq from 901 to 906
Skipped Seq from 906 to 909
Skipped Seq from 909 to 911
Skipped Seq from 911 to 916
Skipped Seq from 916 to 920
Skipped Seq from 923 to 925
Skipped Seq from 925 to 927
Skipped Seq from 927 to 929
Skipped Seq from 929 to 934
Skipped Seq from 934 to 944
Skipped Seq from 948 to 951
Skipped Seq from 955 to 958
Skipped Seq from 958 to 964
Skipped Seq from 968 to 970
Skipped Seq from 971 to 974
Skipped Seq from 974 to 976
Skipped Seq from 976 to 978
Skipped Seq from 979 to 981
Skipped Seq from 981 to 986
Skipped Seq from 986 to 990
Skipped Seq from 991 to 993
Skipped Seq from 993 to 997
Skipped Seq from 997 to 1001
Skipped Seq from 1001 to 1003
Skipped Seq from 1004 to 1006
Skipped Seq from 1006 to 1009
Skipped Seq from 1010 to 1012
Skipped Seq from 1012 to 1016
Skipped Seq from 1016 to 1019
Skipped Seq from 1019 to 1021
Skipped Seq from 1021 to 1024
Skipped Seq from 1029 to 1033
Skipped Seq from 1034 to 1036
Skipped Seq from 1046 to 1051
Skipped Seq from 1052 to 1058
Skipped Seq from 1062 to 1065
Skipped Seq from 1066 to 1069
Skipped Seq from 1069 to 1071
Skipped Seq from 1071 to 1073
Skipped Seq from 1074 to 1076
Skipped Seq from 1076 to 1079
Skipped Seq from 1079 to 1082
Skipped Seq from 1082 to 1084
Skipped Seq from 1085 to 1088
Skipped Seq from 1088 to 1096
Skipped Seq from 1099 to 1101
Skipped Seq from 1102 to 1105
Skipped Seq from 1110 to 1114
Skipped Seq from 1114 to 1120
Skipped Seq from 1120 to 1123
Skipped Seq from 1125 to 1129
Skipped Seq from 1129 to 1133
Skipped Seq from 1138 to 1141
Skipped Seq from 1142 to 1148
Skipped Seq from 1148 to 1151
Skipped Seq from 1152 to 1155
Skipped Seq from 1156 to 1159
Skipped Seq from 1159 to 1163
Skipped Seq from 1163 to 1171
Skipped Seq from 1172 to 1179
Skipped Seq from 1179 to 1181
Skipped Seq from 1181 to 1185
Skipped Seq from 1185 to 1187
Skipped Seq from 1187 to 1189
Skipped Seq from 1189 to 1191
Skipped Seq from 1191 to 1195
Skipped Seq from 1195 to 1201
Skipped Seq from 1202 to 1204
Skipped Seq from 1206 to 1208
Skipped Seq from 1208 to 1213
Skipped Seq from 1215 to 1218
Skipped Seq from 1220 to 1224
Skipped Seq from 1227 to 1229
Skipped Seq from 1236 to 1241
Skipped Seq from 1243 to 1250
Skipped Seq from 1262 to 1271
Skipped Seq from 1275 to 1279
Skipped Seq from 1280 to 1283
Skipped Seq from 1284 to 1286
Skipped Seq from 1287 to 1291
Skipped Seq from 1293 to 1295
Skipped Seq from 1296 to 1299
Skipped Seq from 1301 to 1303
Number of times throttled: 3
Received: 603 / 1306 packets
Start time: 1332835553.621596
End time: 1332835556.680364
Duration: 3.058768
