Starting client at 10.0.0.14:1285 with timeout:10
My IP address is 10.0.0.14Skipped Seq from 1 to 3
Skipped Seq from 3 to 6
Skipped Seq from 8 to 10
Skipped Seq from 18 to 20
Skipped Seq from 28 to 30
Skipped Seq from 36 to 38
Skipped Seq from 38 to 40
Skipped Seq from 41 to 43
Skipped Seq from 44 to 46
Skipped Seq from 46 to 48
Skipped Seq from 57 to 59
Skipped Seq from 65 to 67
Skipped Seq from 69 to 72
Skipped Seq from 90 to 92
Skipped Seq from 105 to 107
Skipped Seq from 121 to 123
Skipped Seq from 145 to 147
Skipped Seq from 148 to 150
Skipped Seq from 153 to 155
Skipped Seq from 157 to 161
Skipped Seq from 163 to 169
Skipped Seq from 169 to 171
Skipped Seq from 177 to 179
Skipped Seq from 184 to 187
Skipped Seq from 187 to 192
Skipped Seq from 192 to 194
Skipped Seq from 196 to 198
Skipped Seq from 209 to 211
Skipped Seq from 211 to 213
Skipped Seq from 218 to 220
Skipped Seq from 225 to 228
Skipped Seq from 233 to 235
Skipped Seq from 235 to 237
Skipped Seq from 237 to 240
Skipped Seq from 240 to 245
Skipped Seq from 245 to 247
Skipped Seq from 248 to 250
Skipped Seq from 250 to 252
Skipped Seq from 253 to 255
Skipped Seq from 256 to 259
Skipped Seq from 261 to 264
Skipped Seq from 264 to 267
Skipped Seq from 276 to 278
Skipped Seq from 361 to 363
Skipped Seq from 363 to 371
Skipped Seq from 371 to 374
Skipped Seq from 374 to 376
Skipped Seq from 376 to 386
Skipped Seq from 387 to 392
Skipped Seq from 392 to 398
Skipped Seq from 399 to 406
Skipped Seq from 406 to 409
Skipped Seq from 409 to 412
Skipped Seq from 413 to 418
Skipped Seq from 418 to 421
Skipped Seq from 424 to 426
Skipped Seq from 427 to 429
Skipped Seq from 431 to 434
Skipped Seq from 435 to 437
Skipped Seq from 438 to 441
Skipped Seq from 441 to 443
Skipped Seq from 443 to 445
Skipped Seq from 445 to 447
Skipped Seq from 447 to 449
Skipped Seq from 449 to 451
Skipped Seq from 451 to 457
Skipped Seq from 457 to 459
Skipped Seq from 461 to 465
Skipped Seq from 466 to 469
Skipped Seq from 470 to 474
Skipped Seq from 474 to 478
Skipped Seq from 480 to 482
Skipped Seq from 484 to 486
Skipped Seq from 487 to 489
Skipped Seq from 492 to 495
Skipped Seq from 499 to 501
Skipped Seq from 505 to 507
Skipped Seq from 509 to 511
Skipped Seq from 519 to 521
Skipped Seq from 523 to 529
Skipped Seq from 531 to 533
Skipped Seq from 536 to 539
Skipped Seq from 541 to 544
Skipped Seq from 547 to 549
Skipped Seq from 560 to 562
Skipped Seq from 570 to 574
Skipped Seq from 583 to 585
Skipped Seq from 586 to 588
Skipped Seq from 589 to 591
Skipped Seq from 591 to 593
Skipped Seq from 596 to 599
Skipped Seq from 601 to 603
Skipped Seq from 609 to 611
Skipped Seq from 611 to 614
Skipped Seq from 618 to 621
Skipped Seq from 622 to 626
Skipped Seq from 629 to 632
Skipped Seq from 638 to 641
Skipped Seq from 643 to 646
Skipped Seq from 647 to 649
Skipped Seq from 651 to 654
Skipped Seq from 660 to 662
Skipped Seq from 663 to 665
Skipped Seq from 666 to 669
Skipped Seq from 670 to 674
Skipped Seq from 675 to 678
Skipped Seq from 678 to 681
Skipped Seq from 681 to 683
Skipped Seq from 685 to 688
Skipped Seq from 692 to 695
Skipped Seq from 697 to 699
Skipped Seq from 700 to 703
Skipped Seq from 707 to 711
Skipped Seq from 711 to 713
Skipped Seq from 713 to 715
Skipped Seq from 717 to 719
Skipped Seq from 720 to 723
Skipped Seq from 723 to 725
Skipped Seq from 726 to 729
Skipped Seq from 729 to 735
Skipped Seq from 736 to 738
Skipped Seq from 751 to 753
Skipped Seq from 757 to 760
Skipped Seq from 760 to 762
Skipped Seq from 762 to 765
Skipped Seq from 768 to 770
Skipped Seq from 773 to 775
Skipped Seq from 777 to 782
Skipped Seq from 782 to 784
Skipped Seq from 790 to 794
Skipped Seq from 794 to 796
Skipped Seq from 798 to 800
Skipped Seq from 806 to 808
Skipped Seq from 818 to 820
Skipped Seq from 823 to 825
Skipped Seq from 826 to 828
Skipped Seq from 830 to 833
Skipped Seq from 833 to 836
Skipped Seq from 837 to 839
Skipped Seq from 841 to 844
Skipped Seq from 844 to 847
Skipped Seq from 853 to 856
Skipped Seq from 856 to 858
Skipped Seq from 859 to 861
Skipped Seq from 871 to 874
Skipped Seq from 881 to 887
Skipped Seq from 888 to 890
Skipped Seq from 896 to 899
Skipped Seq from 900 to 903
Skipped Seq from 906 to 909
Skipped Seq from 912 to 914
Skipped Seq from 914 to 917
Skipped Seq from 917 to 924
Skipped Seq from 938 to 940
Skipped Seq from 940 to 943
Skipped Seq from 943 to 947
Skipped Seq from 948 to 951
Skipped Seq from 955 to 958
Skipped Seq from 960 to 962
Skipped Seq from 966 to 970
Skipped Seq from 979 to 981
Skipped Seq from 986 to 988
Skipped Seq from 988 to 990
Skipped Seq from 992 to 994
Skipped Seq from 994 to 996
Skipped Seq from 997 to 999
Skipped Seq from 1001 to 1007
Skipped Seq from 1007 to 1009
Skipped Seq from 1011 to 1013
Skipped Seq from 1019 to 1021
Skipped Seq from 1027 to 1030
Skipped Seq from 1030 to 1033
Skipped Seq from 1034 to 1036
Skipped Seq from 1039 to 1042
Skipped Seq from 1052 to 1060
Skipped Seq from 1060 to 1063
Skipped Seq from 1079 to 1084
Skipped Seq from 1087 to 1089
Skipped Seq from 1095 to 1099
Skipped Seq from 1208 to 1210
Skipped Seq from 1226 to 1228
Skipped Seq from 4227 to 4231
Skipped Seq from 4232 to 4240
Skipped Seq from 4240 to 4242
Skipped Seq from 4242 to 4245
Skipped Seq from 4245 to 4253
Skipped Seq from 4253 to 4257
Skipped Seq from 4257 to 4259
Skipped Seq from 4263 to 4265
Skipped Seq from 4265 to 4267
Skipped Seq from 4267 to 4270
Skipped Seq from 4274 to 4276
Skipped Seq from 4276 to 4278
Skipped Seq from 4279 to 4288
Skipped Seq from 4288 to 4292
Skipped Seq from 4292 to 4295
Skipped Seq from 4296 to 4299
Skipped Seq from 4300 to 4304
Skipped Seq from 4306 to 4311
Skipped Seq from 4311 to 4314
Skipped Seq from 4314 to 4316
Skipped Seq from 4318 to 4321
Skipped Seq from 4322 to 4324
Skipped Seq from 4328 to 4331
Skipped Seq from 4332 to 4334
Skipped Seq from 4334 to 4337
Skipped Seq from 4337 to 4339
Skipped Seq from 4341 to 4346
Skipped Seq from 4346 to 4348
Skipped Seq from 4349 to 4355
Skipped Seq from 4355 to 4357
Skipped Seq from 4359 to 4366
Skipped Seq from 4367 to 4369
Skipped Seq from 4371 to 4381
Skipped Seq from 4381 to 4384
Skipped Seq from 4384 to 4386
Skipped Seq from 4389 to 4395
Skipped Seq from 4395 to 4406
Skipped Seq from 4406 to 4409
Skipped Seq from 4409 to 4411
Skipped Seq from 4413 to 4415
Skipped Seq from 4415 to 4418
Skipped Seq from 4418 to 4421
Skipped Seq from 4421 to 4424
Skipped Seq from 4425 to 4428
Skipped Seq from 4428 to 4432
Skipped Seq from 4433 to 4437
Skipped Seq from 4438 to 4440
Skipped Seq from 4441 to 4446
Skipped Seq from 4449 to 4452
Skipped Seq from 4456 to 4462
Skipped Seq from 4462 to 4464
Skipped Seq from 4464 to 4471
Skipped Seq from 4471 to 4476
Skipped Seq from 4477 to 4479
Skipped Seq from 4479 to 4486
Skipped Seq from 4487 to 4489
Skipped Seq from 4493 to 4495
Skipped Seq from 4495 to 4497
Skipped Seq from 4497 to 4499
Skipped Seq from 4499 to 4505
Skipped Seq from 4505 to 4507
Skipped Seq from 4507 to 4510
Skipped Seq from 4510 to 4513
Skipped Seq from 4513 to 4516
Skipped Seq from 4521 to 4526
Skipped Seq from 4529 to 4536
Skipped Seq from 4537 to 4542
Skipped Seq from 4546 to 4549
Skipped Seq from 4551 to 4553
Skipped Seq from 4554 to 4558
Skipped Seq from 4558 to 4562
Skipped Seq from 4562 to 4564
Skipped Seq from 4564 to 4567
Skipped Seq from 4567 to 4569
Skipped Seq from 4570 to 4573
Skipped Seq from 4574 to 4576
Skipped Seq from 4576 to 4578
Skipped Seq from 4578 to 4580
Skipped Seq from 4580 to 4582
Skipped Seq from 4584 to 4586
Skipped Seq from 4587 to 4590
Skipped Seq from 4591 to 4593
Skipped Seq from 4595 to 4598
Skipped Seq from 4599 to 4601
Skipped Seq from 4603 to 4610
Skipped Seq from 4611 to 4613
Skipped Seq from 4614 to 4621
Skipped Seq from 4626 to 4628
Skipped Seq from 4628 to 4631
Skipped Seq from 4631 to 4634
Skipped Seq from 4636 to 4642
Skipped Seq from 4644 to 4649
Skipped Seq from 4656 to 4659
Skipped Seq from 4659 to 4661
Skipped Seq from 4663 to 4665
Skipped Seq from 4671 to 4680
Skipped Seq from 4680 to 4682
Skipped Seq from 4682 to 4684
Skipped Seq from 4685 to 4687
Skipped Seq from 4688 to 4691
Skipped Seq from 4691 to 4694
Skipped Seq from 4694 to 4699
Skipped Seq from 4699 to 4703
Skipped Seq from 4703 to 4714
Skipped Seq from 4715 to 4717
Skipped Seq from 4717 to 4719
Skipped Seq from 4719 to 4721
Skipped Seq from 4726 to 4728
Skipped Seq from 4728 to 4730
Skipped Seq from 4732 to 4735
Skipped Seq from 4735 to 4743
Skipped Seq from 4743 to 4745
Skipped Seq from 4746 to 4749
Skipped Seq from 4749 to 4751
Skipped Seq from 4751 to 4756
Skipped Seq from 4758 to 4760
Skipped Seq from 4761 to 4767
Skipped Seq from 4767 to 4772
Skipped Seq from 4772 to 4774
Skipped Seq from 4774 to 4776
Skipped Seq from 4779 to 4781
Skipped Seq from 4782 to 4789
Skipped Seq from 4789 to 4791
Skipped Seq from 4793 to 4795
Skipped Seq from 4795 to 4798
Skipped Seq from 4799 to 4802
Skipped Seq from 4803 to 4806
Skipped Seq from 4807 to 4810
Skipped Seq from 4811 to 4813
Skipped Seq from 4817 to 4822
Skipped Seq from 4822 to 4825
Skipped Seq from 4825 to 4827
Skipped Seq from 4828 to 4835
Skipped Seq from 4835 to 4837
Skipped Seq from 4837 to 4840
Skipped Seq from 4840 to 4844
Skipped Seq from 4844 to 4846
Skipped Seq from 4846 to 4852
Skipped Seq from 4852 to 4856
Skipped Seq from 4856 to 4861
Skipped Seq from 4862 to 4867
Skipped Seq from 4872 to 4876
Skipped Seq from 4877 to 4879
Skipped Seq from 4879 to 4881
Skipped Seq from 4881 to 4884
Skipped Seq from 4884 to 4887
Skipped Seq from 4890 to 4892
Skipped Seq from 4892 to 4894
Skipped Seq from 4895 to 4897
Skipped Seq from 4897 to 4900
Skipped Seq from 4900 to 4902
Skipped Seq from 4910 to 4912
Skipped Seq from 4912 to 4916
Skipped Seq from 4918 to 4920
Skipped Seq from 4921 to 4923
Skipped Seq from 4925 to 4927
Skipped Seq from 4927 to 4930
Skipped Seq from 4931 to 4933
Skipped Seq from 4933 to 4935
Skipped Seq from 4936 to 4938
Skipped Seq from 4940 to 4942
Skipped Seq from 4946 to 4950
Skipped Seq from 4951 to 4953
Skipped Seq from 4953 to 4956
Skipped Seq from 4957 to 4961
Skipped Seq from 4961 to 4965
Skipped Seq from 4965 to 4967
Skipped Seq from 4973 to 4975
Skipped Seq from 4978 to 4984
Skipped Seq from 4989 to 4991
Skipped Seq from 4992 to 4994
Skipped Seq from 4994 to 4999
Skipped Seq from 5007 to 5010
Skipped Seq from 5010 to 5012
Skipped Seq from 5012 to 5016
Skipped Seq from 5018 to 5020
Skipped Seq from 5020 to 5023
Skipped Seq from 5024 to 5026
Skipped Seq from 5026 to 5029
Skipped Seq from 5029 to 5036
Skipped Seq from 5044 to 5046
Skipped Seq from 5047 to 5049
Skipped Seq from 5050 to 5052
Skipped Seq from 5052 to 5057
Skipped Seq from 5057 to 5059
Skipped Seq from 5059 to 5061
Skipped Seq from 5063 to 5067
Skipped Seq from 5069 to 5078
Skipped Seq from 5078 to 5080
Skipped Seq from 5080 to 5082
Skipped Seq from 5083 to 5085
Skipped Seq from 5085 to 5088
Skipped Seq from 5088 to 5091
Skipped Seq from 5091 to 5096
Skipped Seq from 5096 to 5098
Skipped Seq from 5098 to 5101
Skipped Seq from 5101 to 5109
Skipped Seq from 5109 to 5113
Skipped Seq from 5115 to 5117
Skipped Seq from 5118 to 5120
Skipped Seq from 5122 to 5124
Skipped Seq from 5124 to 5126
Skipped Seq from 5126 to 5128
Skipped Seq from 5128 to 5130
Skipped Seq from 5132 to 5134
Skipped Seq from 5134 to 5136
Skipped Seq from 5136 to 5140
Skipped Seq from 5144 to 5146
Skipped Seq from 5146 to 5148
Skipped Seq from 5148 to 5155
Skipped Seq from 5157 to 5159
Skipped Seq from 5162 to 5164
Skipped Seq from 5165 to 5167
Skipped Seq from 5167 to 5169
Skipped Seq from 5169 to 5172
Skipped Seq from 5173 to 5175
Skipped Seq from 5176 to 5178
Skipped Seq from 5178 to 5182
Skipped Seq from 5183 to 5185
Skipped Seq from 5186 to 5189
Skipped Seq from 5189 to 5193
Skipped Seq from 5193 to 5200
Skipped Seq from 5200 to 5205
Skipped Seq from 5205 to 5208
Skipped Seq from 5208 to 5211
Skipped Seq from 5211 to 5214
Skipped Seq from 5214 to 5216
Skipped Seq from 5218 to 5220
Skipped Seq from 5224 to 5228
Skipped Seq from 5228 to 5230
Skipped Seq from 5230 to 5237
Skipped Seq from 5239 to 5241
Skipped Seq from 5241 to 5244
Skipped Seq from 5244 to 5249
Skipped Seq from 5249 to 5259
Skipped Seq from 5259 to 5265
Skipped Seq from 5265 to 5269
Skipped Seq from 5270 to 5274
Skipped Seq from 5275 to 5279
Skipped Seq from 5280 to 5282
Skipped Seq from 5282 to 5286
Skipped Seq from 5286 to 5289
Skipped Seq from 5289 to 5291
Skipped Seq from 5293 to 5297
Skipped Seq from 5300 to 5302
Skipped Seq from 5302 to 5304
Skipped Seq from 5304 to 5306
Skipped Seq from 5308 to 5310
Skipped Seq from 5310 to 5317
Skipped Seq from 5317 to 5319
Skipped Seq from 5320 to 5325
Skipped Seq from 5325 to 5327
Skipped Seq from 5328 to 5335
Skipped Seq from 5336 to 5341
Skipped Seq from 5350 to 5352
Skipped Seq from 5352 to 5355
Skipped Seq from 5355 to 5369
Skipped Seq from 5370 to 5372
Skipped Seq from 5374 to 5376
Skipped Seq from 5376 to 5379
Skipped Seq from 5379 to 5382
Skipped Seq from 5382 to 5385
Skipped Seq from 5389 to 5395
Skipped Seq from 5396 to 5398
Skipped Seq from 5409 to 5411
Skipped Seq from 5420 to 5422
Skipped Seq from 5427 to 5429
Skipped Seq from 5430 to 5433
Skipped Seq from 5435 to 5437
Skipped Seq from 5437 to 5439
Skipped Seq from 5439 to 5443
Skipped Seq from 5443 to 5446
Skipped Seq from 5446 to 5448
Skipped Seq from 5450 to 5453
Skipped Seq from 5453 to 5455
Skipped Seq from 5455 to 5457
Skipped Seq from 5459 to 5461
Skipped Seq from 5467 to 5472
Skipped Seq from 5472 to 5474
Skipped Seq from 5474 to 5476
Skipped Seq from 5482 to 5484
Skipped Seq from 5488 to 5490
Skipped Seq from 5490 to 5492
Skipped Seq from 5492 to 5496
Skipped Seq from 5508 to 5510
Skipped Seq from 5510 to 5516
Skipped Seq from 5517 to 5521
Skipped Seq from 5521 to 5523
Skipped Seq from 5524 to 5526
Skipped Seq from 5527 to 5529
Skipped Seq from 5529 to 5533
Skipped Seq from 5545 to 5547
Skipped Seq from 5550 to 5553
Skipped Seq from 5558 to 5560
Skipped Seq from 5563 to 5565
Skipped Seq from 5570 to 5572
Skipped Seq from 5572 to 5576
Skipped Seq from 5577 to 5580
Skipped Seq from 5589 to 5592
Skipped Seq from 5598 to 5605
Skipped Seq from 5608 to 5610
Skipped Seq from 5616 to 5618
Skipped Seq from 5623 to 5625
Skipped Seq from 8389 to 8392
Skipped Seq from 8401 to 8404
Skipped Seq from 8404 to 8406
Skipped Seq from 8407 to 8410
Skipped Seq from 8410 to 8414
Skipped Seq from 8414 to 8416
Skipped Seq from 8419 to 8421
Skipped Seq from 8422 to 8427
Skipped Seq from 8435 to 8443
Skipped Seq from 8445 to 8447
Skipped Seq from 8448 to 8450
Skipped Seq from 8463 to 8468
Skipped Seq from 8469 to 8471
Skipped Seq from 8471 to 8473
Skipped Seq from 8475 to 8477
Skipped Seq from 8477 to 8479
Skipped Seq from 8479 to 8482
Skipped Seq from 8488 to 8493
Skipped Seq from 8495 to 8497
Skipped Seq from 8498 to 8502
Skipped Seq from 8502 to 8504
Skipped Seq from 8506 to 8509
Skipped Seq from 8509 to 8512
Skipped Seq from 8516 to 8519
Skipped Seq from 8521 to 8524
Skipped Seq from 8527 to 8529
Skipped Seq from 8529 to 8531
Skipped Seq from 8531 to 8533
Skipped Seq from 8535 to 8537
Skipped Seq from 8537 to 8550
Skipped Seq from 8550 to 8553
Skipped Seq from 8555 to 8557
Skipped Seq from 8558 to 8561
Skipped Seq from 8563 to 8565
Skipped Seq from 8567 to 8570
Skipped Seq from 8570 to 8573
Skipped Seq from 8576 to 8578
Skipped Seq from 8579 to 8581
Skipped Seq from 8581 to 8583
Skipped Seq from 8583 to 8585
Skipped Seq from 8589 to 8597
Skipped Seq from 8597 to 8600
Skipped Seq from 8601 to 8610
Skipped Seq from 8612 to 8623
Skipped Seq from 8624 to 8629
Skipped Seq from 8630 to 8638
Skipped Seq from 8641 to 8649
Skipped Seq from 8649 to 8651
Skipped Seq from 8653 to 8658
Skipped Seq from 8661 to 8669
Skipped Seq from 8670 to 8674
Skipped Seq from 8676 to 8688
Skipped Seq from 8689 to 8691
Skipped Seq from 8702 to 8706
Skipped Seq from 8706 to 8710
Skipped Seq from 8710 to 8718
Skipped Seq from 8718 to 8724
Skipped Seq from 8724 to 8728
Skipped Seq from 8728 to 8734
Skipped Seq from 8741 to 8744
Skipped Seq from 8744 to 8751
Skipped Seq from 8752 to 8756
Skipped Seq from 8757 to 8760
Skipped Seq from 8764 to 8766
Skipped Seq from 8767 to 8771
Skipped Seq from 8771 to 8773
Skipped Seq from 8774 to 8776
Skipped Seq from 8779 to 8781
Skipped Seq from 8782 to 8784
Skipped Seq from 8784 to 8786
Skipped Seq from 8786 to 8789
Skipped Seq from 8790 to 8796
Skipped Seq from 8796 to 8798
Skipped Seq from 8798 to 8800
Skipped Seq from 8800 to 8808
Skipped Seq from 8812 to 8815
Skipped Seq from 8815 to 8822
Skipped Seq from 8822 to 8826
Skipped Seq from 8827 to 8831
Skipped Seq from 8831 to 8836
Skipped Seq from 8842 to 8847
Skipped Seq from 8851 to 8860
Skipped Seq from 8860 to 8868
Skipped Seq from 8869 to 8877
Skipped Seq from 8880 to 8883
Skipped Seq from 8884 to 8886
Skipped Seq from 8886 to 8888
Skipped Seq from 8889 to 8893
Skipped Seq from 8893 to 8895
Skipped Seq from 8895 to 8898
Skipped Seq from 8898 to 8901
Skipped Seq from 8902 to 8906
Skipped Seq from 8906 to 8908
Skipped Seq from 8910 to 8914
Skipped Seq from 8914 to 8916
Skipped Seq from 8916 to 8924
Skipped Seq from 8924 to 8927
Skipped Seq from 8928 to 8930
Skipped Seq from 8930 to 8934
Skipped Seq from 8936 to 8939
Skipped Seq from 8939 to 8942
Skipped Seq from 8943 to 8945
Skipped Seq from 8945 to 8948
Skipped Seq from 8948 to 8951
Skipped Seq from 8955 to 8958
Skipped Seq from 8961 to 8966
Skipped Seq from 8967 to 8970
Skipped Seq from 8974 to 8976
Skipped Seq from 8976 to 8979
Skipped Seq from 8979 to 8982
Skipped Seq from 8984 to 8986
Skipped Seq from 8989 to 8991
Skipped Seq from 8991 to 8996
Skipped Seq from 8997 to 9003
Skipped Seq from 9006 to 9010
Skipped Seq from 9014 to 9018
Skipped Seq from 9023 to 9025
Skipped Seq from 9025 to 9030
Skipped Seq from 9031 to 9033
Skipped Seq from 9033 to 9041
Skipped Seq from 9041 to 9046
Skipped Seq from 9047 to 9049
Skipped Seq from 9051 to 9053
Skipped Seq from 9053 to 9055
Skipped Seq from 9055 to 9057
Skipped Seq from 9057 to 9064
Skipped Seq from 9064 to 9075
Skipped Seq from 9075 to 9078
Skipped Seq from 9084 to 9090
Skipped Seq from 9091 to 9094
Skipped Seq from 9098 to 9100
Skipped Seq from 9100 to 9107
Skipped Seq from 9107 to 9110
Skipped Seq from 9110 to 9112
Skipped Seq from 9112 to 9115
Skipped Seq from 9115 to 9117
Skipped Seq from 9117 to 9121
Skipped Seq from 9123 to 9125
Skipped Seq from 9125 to 9128
Skipped Seq from 9128 to 9131
Skipped Seq from 9137 to 9140
Skipped Seq from 9142 to 9147
Skipped Seq from 9147 to 9150
Skipped Seq from 9152 to 9154
Skipped Seq from 9155 to 9157
Skipped Seq from 9164 to 9166
Skipped Seq from 9167 to 9180
Skipped Seq from 9180 to 9183
Skipped Seq from 9183 to 9188
Skipped Seq from 9188 to 9196
Skipped Seq from 9198 to 9200
Skipped Seq from 9200 to 9202
Skipped Seq from 9205 to 9207
Skipped Seq from 9208 to 9212
Skipped Seq from 9219 to 9223
Skipped Seq from 9226 to 9235
Skipped Seq from 9239 to 9243
Skipped Seq from 9244 to 9246
Skipped Seq from 9256 to 9262
Skipped Seq from 9263 to 9266
Skipped Seq from 9268 to 9270
Skipped Seq from 9273 to 9275
Skipped Seq from 9275 to 9279
Skipped Seq from 9280 to 9287
Skipped Seq from 9288 to 9290
Skipped Seq from 9291 to 9294
Skipped Seq from 9294 to 9297
Skipped Seq from 9298 to 9300
Skipped Seq from 9303 to 9307
Skipped Seq from 9309 to 9311
Skipped Seq from 9311 to 9313
Skipped Seq from 9313 to 9320
Skipped Seq from 9320 to 9324
Skipped Seq from 9325 to 9327
Skipped Seq from 9327 to 9332
Skipped Seq from 9332 to 9334
Skipped Seq from 9335 to 9340
Skipped Seq from 9342 to 9348
Skipped Seq from 9348 to 9350
Skipped Seq from 9350 to 9353
Skipped Seq from 9353 to 9356
Skipped Seq from 9357 to 9363
Skipped Seq from 9367 to 9371
Skipped Seq from 9371 to 9380
Skipped Seq from 9380 to 9384
Skipped Seq from 9384 to 9387
Skipped Seq from 9387 to 9395
Skipped Seq from 9395 to 9398
Skipped Seq from 9399 to 9401
Skipped Seq from 9401 to 9408
Skipped Seq from 9408 to 9410
Skipped Seq from 9412 to 9414
Skipped Seq from 9414 to 9416
Skipped Seq from 9417 to 9421
Skipped Seq from 9422 to 9427
Skipped Seq from 9427 to 9432
Skipped Seq from 9432 to 9435
Skipped Seq from 9437 to 9440
Skipped Seq from 9444 to 9449
Skipped Seq from 9452 to 9458
Skipped Seq from 9458 to 9460
Skipped Seq from 9461 to 9463
Skipped Seq from 9464 to 9469
Skipped Seq from 9469 to 9473
Skipped Seq from 9473 to 9476
Skipped Seq from 9476 to 9478
Skipped Seq from 9478 to 9482
Skipped Seq from 9485 to 9488
Skipped Seq from 9489 to 9493
Skipped Seq from 9496 to 9499
Skipped Seq from 9499 to 9501
Skipped Seq from 9508 to 9516
Skipped Seq from 9519 to 9522
Skipped Seq from 9522 to 9525
Skipped Seq from 9528 to 9530
Skipped Seq from 9547 to 9549
Skipped Seq from 9553 to 9555
Skipped Seq from 9557 to 9559
Skipped Seq from 9559 to 9564
Skipped Seq from 9578 to 9580
Skipped Seq from 9580 to 9583
Skipped Seq from 9583 to 9586
Skipped Seq from 9590 to 9592
Skipped Seq from 9603 to 9606
Skipped Seq from 9608 to 9610
Skipped Seq from 9614 to 9616
Skipped Seq from 9617 to 9619
Skipped Seq from 9621 to 9623
Skipped Seq from 9630 to 9632
Skipped Seq from 9637 to 9639
Skipped Seq from 9657 to 9659
Skipped Seq from 9660 to 9662
Skipped Seq from 9672 to 9677
Skipped Seq from 9683 to 9686
Skipped Seq from 9687 to 9689
Skipped Seq from 9696 to 9698
Skipped Seq from 9711 to 9714
Skipped Seq from 9716 to 9718
Skipped Seq from 9721 to 9724
Skipped Seq from 9731 to 9733
Skipped Seq from 9738 to 9741
Skipped Seq from 13573 to 13575
Skipped Seq from 13579 to 13581
Skipped Seq from 13581 to 13583
Skipped Seq from 13588 to 13593
Skipped Seq from 13593 to 13599
Skipped Seq from 13600 to 13607
Skipped Seq from 13610 to 13613
Skipped Seq from 13613 to 13615
Skipped Seq from 13617 to 13620
Skipped Seq from 13621 to 13628
Skipped Seq from 13628 to 13631
Skipped Seq from 13632 to 13634
Skipped Seq from 13635 to 13641
Skipped Seq from 13641 to 13644
Skipped Seq from 13647 to 13650
Skipped Seq from 13650 to 13652
Skipped Seq from 13654 to 13658
Skipped Seq from 13659 to 13661
Skipped Seq from 13662 to 13664
Skipped Seq from 13665 to 13667
Skipped Seq from 13667 to 13669
Skipped Seq from 13669 to 13672
Skipped Seq from 13673 to 13679
Skipped Seq from 13680 to 13683
Skipped Seq from 13683 to 13685
Skipped Seq from 13686 to 13689
Skipped Seq from 13696 to 13701
Skipped Seq from 13701 to 13703
Skipped Seq from 13716 to 13720
Skipped Seq from 13721 to 13723
Skipped Seq from 13723 to 13726
Skipped Seq from 13729 to 13737
Skipped Seq from 13737 to 13740
Skipped Seq from 13740 to 13742
Skipped Seq from 13742 to 13744
Skipped Seq from 13750 to 13756
Skipped Seq from 13756 to 13758
Skipped Seq from 13759 to 13761
Skipped Seq from 13763 to 13765
Skipped Seq from 13768 to 13771
Skipped Seq from 13774 to 13776
Skipped Seq from 13777 to 13779
Skipped Seq from 13783 to 13785
Skipped Seq from 13788 to 13790
Skipped Seq from 13790 to 13792
Skipped Seq from 13794 to 13797
Skipped Seq from 13809 to 13811
Skipped Seq from 13811 to 13816
Skipped Seq from 13816 to 13819
Skipped Seq from 13822 to 13824
Skipped Seq from 13826 to 13829
Skipped Seq from 13831 to 13834
Skipped Seq from 13835 to 13838
Skipped Seq from 13839 to 13841
Skipped Seq from 13842 to 13844
Skipped Seq from 13845 to 13847
Skipped Seq from 13850 to 13856
Skipped Seq from 13860 to 13865
Skipped Seq from 13865 to 13869
Skipped Seq from 13869 to 13873
Skipped Seq from 13877 to 13881
Skipped Seq from 13881 to 13883
Skipped Seq from 13886 to 13891
Skipped Seq from 13891 to 13895
Skipped Seq from 13896 to 13899
Skipped Seq from 13899 to 13902
Skipped Seq from 13912 to 13916
Skipped Seq from 13919 to 13921
Skipped Seq from 13922 to 13925
Skipped Seq from 13927 to 13938
Skipped Seq from 13939 to 13953
Skipped Seq from 13953 to 13955
Skipped Seq from 13957 to 13960
Skipped Seq from 13962 to 13965
Skipped Seq from 13965 to 13969
Skipped Seq from 13969 to 13971
Skipped Seq from 13974 to 13976
Skipped Seq from 13977 to 13980
Skipped Seq from 13981 to 13984
Skipped Seq from 13985 to 13987
Skipped Seq from 13996 to 13998
Skipped Seq from 14000 to 14003
Skipped Seq from 14009 to 14013
Skipped Seq from 14013 to 14015
Skipped Seq from 14015 to 14017
Skipped Seq from 14021 to 14023
Skipped Seq from 14028 to 14030
Skipped Seq from 14032 to 14034
Skipped Seq from 14034 to 14054
Number of times throttled: 12
Received: 12141 / 14056 packets
Start time: 1332837474.167568
End time: 1332837514.077859
Duration: 39.910291
