Starting client at 10.0.0.23:1256 with timeout:10
My IP address is 10.0.0.23Skipped Seq from 126 to 130
Skipped Seq from 131 to 133
Skipped Seq from 136 to 138
Skipped Seq from 139 to 141
Skipped Seq from 141 to 143
Skipped Seq from 144 to 146
Skipped Seq from 148 to 150
Skipped Seq from 150 to 152
Skipped Seq from 152 to 158
Skipped Seq from 162 to 164
Skipped Seq from 170 to 174
Skipped Seq from 177 to 180
Skipped Seq from 180 to 187
Skipped Seq from 194 to 197
Skipped Seq from 202 to 204
Skipped Seq from 205 to 207
Skipped Seq from 211 to 214
Skipped Seq from 215 to 217
Skipped Seq from 221 to 223
Skipped Seq from 225 to 227
Skipped Seq from 227 to 230
Skipped Seq from 231 to 233
Skipped Seq from 235 to 237
Skipped Seq from 237 to 239
Skipped Seq from 242 to 245
Skipped Seq from 246 to 248
Skipped Seq from 255 to 257
Skipped Seq from 257 to 261
Skipped Seq from 261 to 264
Skipped Seq from 265 to 269
Skipped Seq from 273 to 275
Skipped Seq from 277 to 287
Skipped Seq from 287 to 289
Skipped Seq from 289 to 292
Skipped Seq from 292 to 297
Skipped Seq from 297 to 300
Skipped Seq from 302 to 307
Skipped Seq from 308 to 317
Skipped Seq from 318 to 323
Skipped Seq from 324 to 328
Skipped Seq from 329 to 331
Skipped Seq from 331 to 334
Skipped Seq from 341 to 344
Skipped Seq from 347 to 349
Skipped Seq from 349 to 352
Skipped Seq from 354 to 357
Skipped Seq from 359 to 364
Skipped Seq from 364 to 366
Skipped Seq from 366 to 369
Skipped Seq from 371 to 375
Skipped Seq from 375 to 382
Skipped Seq from 384 to 387
Skipped Seq from 387 to 389
Skipped Seq from 389 to 393
Skipped Seq from 395 to 397
Skipped Seq from 397 to 401
Skipped Seq from 402 to 404
Skipped Seq from 406 to 409
Skipped Seq from 409 to 413
Skipped Seq from 413 to 417
Skipped Seq from 417 to 419
Skipped Seq from 419 to 422
Skipped Seq from 422 to 424
Skipped Seq from 424 to 427
Skipped Seq from 427 to 429
Skipped Seq from 431 to 433
Skipped Seq from 433 to 443
Skipped Seq from 443 to 447
Skipped Seq from 447 to 449
Skipped Seq from 450 to 452
Skipped Seq from 452 to 457
Skipped Seq from 457 to 459
Skipped Seq from 459 to 461
Skipped Seq from 473 to 476
Skipped Seq from 476 to 481
Skipped Seq from 481 to 483
Skipped Seq from 486 to 489
Skipped Seq from 491 to 494
Skipped Seq from 497 to 499
Skipped Seq from 500 to 508
Skipped Seq from 508 to 512
Skipped Seq from 515 to 518
Skipped Seq from 518 to 524
Skipped Seq from 524 to 526
Skipped Seq from 528 to 530
Skipped Seq from 530 to 536
Skipped Seq from 544 to 546
Skipped Seq from 546 to 550
Skipped Seq from 550 to 552
Skipped Seq from 552 to 555
Skipped Seq from 556 to 558
Skipped Seq from 561 to 565
Skipped Seq from 565 to 567
Skipped Seq from 567 to 576
Skipped Seq from 577 to 581
Skipped Seq from 581 to 584
Skipped Seq from 584 to 587
Skipped Seq from 587 to 592
Skipped Seq from 592 to 596
Skipped Seq from 597 to 609
Skipped Seq from 609 to 611
Skipped Seq from 612 to 623
Skipped Seq from 626 to 629
Skipped Seq from 630 to 633
Skipped Seq from 636 to 639
Skipped Seq from 642 to 646
Skipped Seq from 651 to 654
Skipped Seq from 655 to 657
Skipped Seq from 657 to 662
Skipped Seq from 662 to 665
Skipped Seq from 665 to 671
Skipped Seq from 671 to 674
Skipped Seq from 674 to 678
Skipped Seq from 679 to 682
Skipped Seq from 685 to 687
Skipped Seq from 688 to 693
Skipped Seq from 694 to 706
Skipped Seq from 707 to 710
Skipped Seq from 711 to 718
Skipped Seq from 718 to 721
Skipped Seq from 721 to 724
Skipped Seq from 725 to 727
Skipped Seq from 727 to 732
Skipped Seq from 732 to 735
Skipped Seq from 736 to 738
Skipped Seq from 738 to 743
Skipped Seq from 743 to 745
Skipped Seq from 746 to 749
Skipped Seq from 749 to 752
Skipped Seq from 752 to 754
Skipped Seq from 754 to 762
Skipped Seq from 762 to 767
Skipped Seq from 767 to 770
Skipped Seq from 770 to 773
Skipped Seq from 773 to 779
Skipped Seq from 779 to 782
Skipped Seq from 784 to 790
Skipped Seq from 791 to 796
Skipped Seq from 799 to 802
Skipped Seq from 802 to 805
Skipped Seq from 805 to 807
Skipped Seq from 807 to 811
Skipped Seq from 816 to 821
Skipped Seq from 821 to 825
Skipped Seq from 825 to 827
Skipped Seq from 827 to 833
Skipped Seq from 833 to 835
Skipped Seq from 837 to 843
Skipped Seq from 844 to 847
Skipped Seq from 847 to 849
Skipped Seq from 849 to 851
Skipped Seq from 851 to 855
Skipped Seq from 856 to 858
Skipped Seq from 859 to 862
Skipped Seq from 864 to 870
Skipped Seq from 870 to 875
Skipped Seq from 875 to 878
Skipped Seq from 879 to 881
Skipped Seq from 885 to 887
Skipped Seq from 887 to 891
Skipped Seq from 894 to 896
Skipped Seq from 896 to 907
Skipped Seq from 910 to 912
Skipped Seq from 912 to 915
Skipped Seq from 916 to 926
Skipped Seq from 927 to 934
Skipped Seq from 935 to 938
Skipped Seq from 939 to 941
Skipped Seq from 942 to 944
Skipped Seq from 944 to 954
Skipped Seq from 954 to 956
Skipped Seq from 956 to 958
Skipped Seq from 958 to 960
Skipped Seq from 960 to 970
Skipped Seq from 971 to 973
Skipped Seq from 975 to 979
Skipped Seq from 979 to 985
Skipped Seq from 985 to 987
Skipped Seq from 990 to 992
Skipped Seq from 992 to 995
Skipped Seq from 995 to 998
Skipped Seq from 998 to 1011
Skipped Seq from 1011 to 1015
Skipped Seq from 1015 to 1020
Skipped Seq from 1022 to 1024
Skipped Seq from 1024 to 1029
Skipped Seq from 1030 to 1033
Skipped Seq from 1035 to 1038
Skipped Seq from 1039 to 1045
Skipped Seq from 1046 to 1048
Skipped Seq from 1048 to 1051
Skipped Seq from 1052 to 1056
Skipped Seq from 1056 to 1058
Skipped Seq from 1059 to 1061
Skipped Seq from 1066 to 1068
Skipped Seq from 1070 to 1072
Skipped Seq from 1073 to 1075
Skipped Seq from 1075 to 1077
Skipped Seq from 1079 to 1081
Skipped Seq from 1081 to 1086
Skipped Seq from 1086 to 1088
Skipped Seq from 1091 to 1093
Skipped Seq from 1093 to 1096
Skipped Seq from 1096 to 1098
Skipped Seq from 1098 to 1112
Skipped Seq from 1112 to 1114
Skipped Seq from 1115 to 1117
Skipped Seq from 1118 to 1120
Skipped Seq from 1122 to 1124
Skipped Seq from 1126 to 1133
Skipped Seq from 1133 to 1135
Skipped Seq from 1137 to 1141
Skipped Seq from 1142 to 1144
Skipped Seq from 1144 to 1146
Skipped Seq from 1146 to 1148
Skipped Seq from 1148 to 1152
Skipped Seq from 1153 to 1157
Skipped Seq from 1159 to 1168
Skipped Seq from 1170 to 1177
Skipped Seq from 1181 to 1189
Skipped Seq from 1189 to 1191
Skipped Seq from 1192 to 1197
Skipped Seq from 1199 to 1204
Skipped Seq from 1204 to 1206
Skipped Seq from 1207 to 1214
Skipped Seq from 1214 to 1217
Skipped Seq from 1219 to 1241
Skipped Seq from 1244 to 1262
Skipped Seq from 1262 to 1264
Skipped Seq from 1269 to 1276
Skipped Seq from 1276 to 1287
Skipped Seq from 1297 to 1300
Skipped Seq from 1315 to 1318
Skipped Seq from 1320 to 1326
Skipped Seq from 1329 to 1333
Skipped Seq from 1333 to 1335
Skipped Seq from 1335 to 1338
Skipped Seq from 1339 to 1342
Skipped Seq from 1342 to 1344
Skipped Seq from 1346 to 1352
Skipped Seq from 1353 to 1356
Skipped Seq from 1361 to 1364
Skipped Seq from 1364 to 1366
Skipped Seq from 1368 to 1370
Skipped Seq from 1370 to 1372
Skipped Seq from 1375 to 1381
Skipped Seq from 1385 to 1390
Skipped Seq from 1391 to 1394
Skipped Seq from 1394 to 1398
Skipped Seq from 1400 to 1402
Skipped Seq from 1402 to 1405
Skipped Seq from 1405 to 1409
Skipped Seq from 1409 to 1411
Skipped Seq from 1411 to 1413
Skipped Seq from 1417 to 1419
Skipped Seq from 1422 to 1425
Skipped Seq from 1427 to 1430
Skipped Seq from 1432 to 1434
Skipped Seq from 1434 to 1438
Skipped Seq from 1439 to 1441
Skipped Seq from 1446 to 1454
Skipped Seq from 1457 to 1461
Skipped Seq from 1462 to 1464
Skipped Seq from 1464 to 1466
Skipped Seq from 1466 to 1468
Skipped Seq from 1475 to 1477
Skipped Seq from 1477 to 1479
Skipped Seq from 1479 to 1493
Skipped Seq from 1495 to 1497
Skipped Seq from 1499 to 1502
Skipped Seq from 1508 to 1510
Skipped Seq from 1512 to 1514
Skipped Seq from 1517 to 1519
Skipped Seq from 1522 to 1524
Skipped Seq from 1526 to 1531
Skipped Seq from 1538 to 1542
Skipped Seq from 1542 to 1546
Skipped Seq from 1546 to 1551
Skipped Seq from 1556 to 1558
Skipped Seq from 1558 to 1560
Skipped Seq from 1564 to 1566
Skipped Seq from 1600 to 1603
Skipped Seq from 1604 to 1607
Skipped Seq from 1610 to 1613
Skipped Seq from 1635 to 1637
Skipped Seq from 1640 to 1646
Skipped Seq from 1667 to 1669
Skipped Seq from 4762 to 4766
Skipped Seq from 4769 to 4772
Skipped Seq from 4775 to 4778
Skipped Seq from 4783 to 4790
Skipped Seq from 4803 to 4806
Skipped Seq from 4806 to 4809
Skipped Seq from 4822 to 4824
Skipped Seq from 4825 to 4827
Skipped Seq from 4827 to 4829
Skipped Seq from 4831 to 4833
Skipped Seq from 4834 to 4837
Skipped Seq from 4843 to 4845
Skipped Seq from 4858 to 4860
Skipped Seq from 4863 to 4865
Skipped Seq from 4874 to 4876
Skipped Seq from 4902 to 4905
Skipped Seq from 4905 to 4911
Skipped Seq from 4922 to 4926
Skipped Seq from 4933 to 4935
Skipped Seq from 4937 to 4941
Skipped Seq from 4943 to 4950
Skipped Seq from 4952 to 4954
Skipped Seq from 4959 to 4961
Skipped Seq from 4962 to 4965
Skipped Seq from 4968 to 4971
Skipped Seq from 4998 to 5000
Skipped Seq from 5000 to 5004
Skipped Seq from 5010 to 5014
Skipped Seq from 5014 to 5016
Skipped Seq from 5016 to 5018
Skipped Seq from 5018 to 5021
Skipped Seq from 5036 to 5042
Skipped Seq from 5045 to 5048
Skipped Seq from 5052 to 5056
Skipped Seq from 5058 to 5060
Skipped Seq from 5063 to 5065
Skipped Seq from 5068 to 5073
Skipped Seq from 5074 to 5077
Skipped Seq from 5078 to 5080
Skipped Seq from 5082 to 5084
Skipped Seq from 5084 to 5086
Skipped Seq from 5091 to 5095
Skipped Seq from 5098 to 5100
Skipped Seq from 5100 to 5102
Skipped Seq from 5109 to 5113
Skipped Seq from 5114 to 5116
Skipped Seq from 5120 to 5124
Skipped Seq from 5124 to 5126
Skipped Seq from 5136 to 5138
Skipped Seq from 5145 to 5147
Skipped Seq from 5152 to 5158
Skipped Seq from 5158 to 5161
Skipped Seq from 5164 to 5168
Skipped Seq from 5178 to 5181
Skipped Seq from 5183 to 5186
Skipped Seq from 5186 to 5188
Skipped Seq from 5190 to 5194
Skipped Seq from 5205 to 5207
Skipped Seq from 5210 to 5214
Skipped Seq from 5222 to 5224
Skipped Seq from 5224 to 5227
Skipped Seq from 5232 to 5235
Skipped Seq from 5238 to 5240
Skipped Seq from 5240 to 5242
Skipped Seq from 5249 to 5255
Skipped Seq from 5255 to 5257
Skipped Seq from 5258 to 5263
Skipped Seq from 5263 to 5266
Skipped Seq from 5267 to 5269
Skipped Seq from 5270 to 5273
Skipped Seq from 5282 to 5284
Skipped Seq from 5285 to 5288
Skipped Seq from 5294 to 5296
Skipped Seq from 5297 to 5301
Skipped Seq from 5309 to 5311
Skipped Seq from 5311 to 5318
Skipped Seq from 5319 to 5321
Skipped Seq from 5324 to 5329
Skipped Seq from 5332 to 5335
Skipped Seq from 5335 to 5339
Skipped Seq from 5340 to 5342
Skipped Seq from 5346 to 5350
Skipped Seq from 5357 to 5359
Skipped Seq from 5359 to 5364
Skipped Seq from 5364 to 5366
Skipped Seq from 5366 to 5368
Skipped Seq from 5371 to 5373
Skipped Seq from 5377 to 5381
Skipped Seq from 5381 to 5384
Skipped Seq from 5386 to 5388
Skipped Seq from 5394 to 5396
Skipped Seq from 5405 to 5408
Skipped Seq from 5408 to 5410
Skipped Seq from 5411 to 5413
Skipped Seq from 5415 to 5417
Skipped Seq from 5418 to 5424
Skipped Seq from 5425 to 5428
Skipped Seq from 5430 to 5439
Skipped Seq from 5439 to 5441
Skipped Seq from 5441 to 5443
Skipped Seq from 5448 to 5451
Skipped Seq from 5454 to 5457
Skipped Seq from 5457 to 5459
Skipped Seq from 5460 to 5462
Skipped Seq from 5462 to 5464
Skipped Seq from 5464 to 5466
Skipped Seq from 5473 to 5478
Skipped Seq from 5484 to 5486
Skipped Seq from 5486 to 5488
Skipped Seq from 5490 to 5492
Skipped Seq from 5492 to 5494
Skipped Seq from 5496 to 5498
Skipped Seq from 5504 to 5509
Skipped Seq from 5513 to 5525
Skipped Seq from 5534 to 5540
Skipped Seq from 5540 to 5542
Skipped Seq from 5553 to 5555
Skipped Seq from 5558 to 5561
Skipped Seq from 5577 to 5579
Skipped Seq from 5583 to 5587
Skipped Seq from 5590 to 5592
Skipped Seq from 5592 to 5594
Skipped Seq from 5597 to 5599
Skipped Seq from 5624 to 5626
Skipped Seq from 5630 to 5632
Skipped Seq from 5637 to 5639
Skipped Seq from 5641 to 5644
Number of times throttled: 7
Received: 7776 / 8835 packets
Start time: 1332836292.696392
End time: 1332836317.512498
Duration: 24.816106
