Starting client at 10.0.0.24:1235 with timeout:10
My IP address is 10.0.0.24Skipped Seq from 479 to 483
Skipped Seq from 483 to 487
Skipped Seq from 489 to 496
Skipped Seq from 496 to 498
Skipped Seq from 498 to 503
Skipped Seq from 508 to 510
Skipped Seq from 510 to 514
Skipped Seq from 516 to 518
Skipped Seq from 520 to 525
Skipped Seq from 525 to 530
Skipped Seq from 531 to 533
Skipped Seq from 535 to 537
Skipped Seq from 541 to 543
Skipped Seq from 544 to 546
Skipped Seq from 546 to 548
Skipped Seq from 549 to 551
Skipped Seq from 551 to 556
Skipped Seq from 557 to 561
Skipped Seq from 561 to 566
Skipped Seq from 570 to 572
Skipped Seq from 573 to 575
Skipped Seq from 575 to 581
Skipped Seq from 584 to 586
Skipped Seq from 587 to 589
Skipped Seq from 591 to 595
Skipped Seq from 601 to 604
Skipped Seq from 604 to 606
Skipped Seq from 607 to 609
Skipped Seq from 609 to 611
Skipped Seq from 611 to 613
Skipped Seq from 613 to 616
Skipped Seq from 616 to 618
Skipped Seq from 618 to 623
Skipped Seq from 623 to 625
Skipped Seq from 625 to 627
Skipped Seq from 631 to 634
Skipped Seq from 634 to 639
Skipped Seq from 639 to 643
Skipped Seq from 644 to 646
Skipped Seq from 647 to 651
Skipped Seq from 652 to 655
Skipped Seq from 655 to 661
Skipped Seq from 661 to 666
Skipped Seq from 666 to 668
Skipped Seq from 668 to 674
Skipped Seq from 674 to 677
Skipped Seq from 680 to 682
Skipped Seq from 687 to 689
Skipped Seq from 690 to 694
Skipped Seq from 695 to 697
Skipped Seq from 698 to 700
Skipped Seq from 702 to 705
Skipped Seq from 715 to 719
Skipped Seq from 719 to 724
Skipped Seq from 724 to 726
Skipped Seq from 732 to 734
Skipped Seq from 737 to 744
Skipped Seq from 746 to 752
Skipped Seq from 752 to 755
Skipped Seq from 758 to 760
Skipped Seq from 760 to 763
Skipped Seq from 763 to 765
Skipped Seq from 765 to 769
Skipped Seq from 771 to 776
Skipped Seq from 776 to 778
Skipped Seq from 780 to 782
Skipped Seq from 784 to 786
Skipped Seq from 786 to 788
Skipped Seq from 789 to 792
Skipped Seq from 792 to 794
Skipped Seq from 794 to 796
Skipped Seq from 796 to 798
Skipped Seq from 798 to 800
Skipped Seq from 800 to 802
Skipped Seq from 802 to 804
Skipped Seq from 809 to 814
Skipped Seq from 816 to 818
Skipped Seq from 819 to 824
Skipped Seq from 825 to 828
Skipped Seq from 828 to 831
Skipped Seq from 831 to 833
Skipped Seq from 833 to 836
Skipped Seq from 838 to 841
Skipped Seq from 843 to 850
Skipped Seq from 851 to 853
Skipped Seq from 858 to 860
Skipped Seq from 863 to 872
Skipped Seq from 872 to 874
Skipped Seq from 874 to 878
Skipped Seq from 880 to 882
Skipped Seq from 882 to 885
Skipped Seq from 885 to 892
Skipped Seq from 893 to 895
Skipped Seq from 897 to 899
Skipped Seq from 899 to 901
Skipped Seq from 901 to 903
Skipped Seq from 904 to 906
Skipped Seq from 909 to 911
Skipped Seq from 911 to 914
Skipped Seq from 914 to 916
Skipped Seq from 916 to 918
Skipped Seq from 918 to 924
Skipped Seq from 928 to 930
Skipped Seq from 935 to 941
Skipped Seq from 941 to 944
Skipped Seq from 944 to 946
Skipped Seq from 952 to 954
Skipped Seq from 954 to 956
Skipped Seq from 957 to 960
Skipped Seq from 960 to 964
Skipped Seq from 964 to 969
Skipped Seq from 970 to 972
Skipped Seq from 974 to 978
Skipped Seq from 979 to 984
Skipped Seq from 985 to 990
Skipped Seq from 990 to 997
Skipped Seq from 999 to 1004
Skipped Seq from 1008 to 1010
Skipped Seq from 1010 to 1012
Skipped Seq from 1012 to 1014
Skipped Seq from 1015 to 1019
Skipped Seq from 1021 to 1025
Skipped Seq from 1026 to 1028
Skipped Seq from 1028 to 1036
Skipped Seq from 1042 to 1044
Skipped Seq from 1044 to 1047
Skipped Seq from 1051 to 1053
Skipped Seq from 1057 to 1060
Skipped Seq from 1060 to 1062
Skipped Seq from 1063 to 1065
Skipped Seq from 1065 to 1067
Skipped Seq from 1069 to 1071
Skipped Seq from 1072 to 1075
Skipped Seq from 1075 to 1077
Skipped Seq from 1077 to 1081
Skipped Seq from 1081 to 1083
Skipped Seq from 1084 to 1087
Skipped Seq from 1088 to 1091
Skipped Seq from 1091 to 1094
Skipped Seq from 1096 to 1098
Skipped Seq from 1100 to 1102
Skipped Seq from 1102 to 1107
Skipped Seq from 1108 to 1110
Skipped Seq from 1111 to 1113
Skipped Seq from 1113 to 1117
Skipped Seq from 1117 to 1119
Skipped Seq from 1122 to 1129
Skipped Seq from 1147 to 1151
Skipped Seq from 1152 to 1155
Skipped Seq from 1155 to 1158
Skipped Seq from 1158 to 1167
Skipped Seq from 1168 to 1170
Skipped Seq from 1170 to 1173
Skipped Seq from 1173 to 1175
Skipped Seq from 1175 to 1180
Skipped Seq from 1181 to 1183
Skipped Seq from 1183 to 1189
Skipped Seq from 1189 to 1201
Skipped Seq from 1201 to 1204
Skipped Seq from 1206 to 1208
Skipped Seq from 1210 to 1212
Skipped Seq from 1217 to 1219
Skipped Seq from 1222 to 1224
Skipped Seq from 1230 to 1232
Skipped Seq from 1233 to 1236
Skipped Seq from 1236 to 1239
Skipped Seq from 1239 to 1241
Skipped Seq from 1242 to 1244
Skipped Seq from 1245 to 1248
Skipped Seq from 1252 to 1256
Skipped Seq from 1257 to 1259
Skipped Seq from 1259 to 1261
Skipped Seq from 1262 to 1264
Skipped Seq from 1268 to 1270
Skipped Seq from 1270 to 1272
Skipped Seq from 1272 to 1275
Skipped Seq from 1276 to 1279
Skipped Seq from 1279 to 1281
Skipped Seq from 1282 to 1284
Skipped Seq from 1286 to 1288
Skipped Seq from 1288 to 1290
Skipped Seq from 1292 to 1296
Skipped Seq from 1297 to 1299
Skipped Seq from 1299 to 1304
Skipped Seq from 1304 to 1306
Skipped Seq from 1306 to 1310
Skipped Seq from 1310 to 1315
Skipped Seq from 1316 to 1318
Skipped Seq from 1318 to 1320
Skipped Seq from 1321 to 1325
Skipped Seq from 1326 to 1328
Skipped Seq from 1329 to 1331
Skipped Seq from 1333 to 1340
Skipped Seq from 1341 to 1345
Skipped Seq from 1348 to 1351
Skipped Seq from 1352 to 1354
Skipped Seq from 1354 to 1356
Skipped Seq from 1356 to 1359
Skipped Seq from 1359 to 1361
Skipped Seq from 1365 to 1369
Skipped Seq from 1370 to 1375
Skipped Seq from 1380 to 1386
Skipped Seq from 1386 to 1389
Skipped Seq from 1389 to 1391
Skipped Seq from 1391 to 1393
Skipped Seq from 1393 to 1395
Skipped Seq from 1395 to 1397
Skipped Seq from 1397 to 1401
Skipped Seq from 1401 to 1405
Skipped Seq from 1405 to 1409
Skipped Seq from 1417 to 1419
Skipped Seq from 1419 to 1421
Skipped Seq from 1422 to 1424
Skipped Seq from 1427 to 1429
Skipped Seq from 1431 to 1433
Skipped Seq from 1433 to 1444
Skipped Seq from 1447 to 1451
Skipped Seq from 1453 to 1455
Skipped Seq from 1455 to 1462
Skipped Seq from 1462 to 1464
Skipped Seq from 1465 to 1471
Skipped Seq from 1471 to 1476
Skipped Seq from 1476 to 1481
Skipped Seq from 1481 to 1484
Skipped Seq from 1484 to 1486
Skipped Seq from 1493 to 1495
Skipped Seq from 1495 to 1499
Skipped Seq from 1501 to 1504
Skipped Seq from 1504 to 1506
Skipped Seq from 1507 to 1510
Skipped Seq from 1511 to 1516
Skipped Seq from 1516 to 1521
Skipped Seq from 1521 to 1525
Skipped Seq from 1526 to 1529
Skipped Seq from 1529 to 1531
Skipped Seq from 1532 to 1534
Skipped Seq from 1535 to 1538
Skipped Seq from 1538 to 1542
Skipped Seq from 1542 to 1545
Skipped Seq from 1545 to 1550
Skipped Seq from 1550 to 1553
Skipped Seq from 1553 to 1555
Skipped Seq from 1555 to 1558
Skipped Seq from 1559 to 1571
Skipped Seq from 1573 to 1577
Skipped Seq from 1577 to 1582
Skipped Seq from 1583 to 1585
Skipped Seq from 1586 to 1590
Skipped Seq from 1590 to 1592
Skipped Seq from 1593 to 1597
Skipped Seq from 1602 to 1604
Skipped Seq from 1604 to 1606
Skipped Seq from 1607 to 1612
Skipped Seq from 1613 to 1615
Skipped Seq from 1615 to 1617
Skipped Seq from 1618 to 1620
Skipped Seq from 1623 to 1625
Skipped Seq from 1627 to 1630
Skipped Seq from 1632 to 1636
Skipped Seq from 1636 to 1641
Skipped Seq from 1641 to 1643
Skipped Seq from 1646 to 1649
Skipped Seq from 1650 to 1654
Skipped Seq from 1657 to 1659
Skipped Seq from 1660 to 1662
Skipped Seq from 1662 to 1664
Skipped Seq from 1665 to 1669
Skipped Seq from 1672 to 1684
Skipped Seq from 1684 to 1687
Skipped Seq from 1687 to 1689
Skipped Seq from 1689 to 1695
Skipped Seq from 1695 to 1700
Skipped Seq from 1704 to 1706
Skipped Seq from 1706 to 1712
Skipped Seq from 1712 to 1715
Skipped Seq from 1716 to 1718
Skipped Seq from 1720 to 1725
Skipped Seq from 1726 to 1729
Skipped Seq from 1729 to 1733
Skipped Seq from 1733 to 1736
Skipped Seq from 1737 to 1739
Skipped Seq from 1740 to 1743
Skipped Seq from 1743 to 1753
Skipped Seq from 1753 to 1756
Skipped Seq from 1756 to 1758
Skipped Seq from 1767 to 1769
Skipped Seq from 1769 to 1772
Skipped Seq from 1775 to 1779
Skipped Seq from 1779 to 1782
Skipped Seq from 1805 to 1814
Skipped Seq from 1829 to 1833
Skipped Seq from 1834 to 1839
Skipped Seq from 1841 to 1848
Skipped Seq from 1848 to 1851
Skipped Seq from 1853 to 1855
Skipped Seq from 1855 to 1860
Skipped Seq from 1861 to 1865
Skipped Seq from 1866 to 1868
Skipped Seq from 1868 to 1872
Skipped Seq from 1872 to 1874
Skipped Seq from 1875 to 1879
Skipped Seq from 1879 to 1881
Skipped Seq from 1882 to 1884
Skipped Seq from 1890 to 1892
Skipped Seq from 1892 to 1901
Skipped Seq from 1901 to 1903
Skipped Seq from 1906 to 1911
Skipped Seq from 1911 to 1920
Skipped Seq from 1920 to 1931
Skipped Seq from 1931 to 1934
Skipped Seq from 1935 to 1942
Skipped Seq from 1942 to 1944
Skipped Seq from 1944 to 1947
Skipped Seq from 1947 to 1950
Skipped Seq from 1952 to 1955
Skipped Seq from 1955 to 1957
Skipped Seq from 1959 to 1961
Skipped Seq from 1961 to 1975
Skipped Seq from 1976 to 1979
Skipped Seq from 1979 to 1981
Skipped Seq from 1982 to 1984
Skipped Seq from 1984 to 1987
Skipped Seq from 1988 to 1990
Skipped Seq from 1991 to 1995
Skipped Seq from 1996 to 1998
Skipped Seq from 1998 to 2000
Skipped Seq from 2001 to 2007
Skipped Seq from 2007 to 2009
Skipped Seq from 2011 to 2015
Skipped Seq from 2015 to 2017
Skipped Seq from 2019 to 2021
Skipped Seq from 2021 to 2024
Skipped Seq from 2030 to 2032
Skipped Seq from 2032 to 2034
Skipped Seq from 2035 to 2039
Skipped Seq from 2040 to 2042
Skipped Seq from 2042 to 2045
Skipped Seq from 2045 to 2047
Skipped Seq from 2051 to 2053
Skipped Seq from 2053 to 2055
Skipped Seq from 2057 to 2059
Skipped Seq from 2060 to 2062
Skipped Seq from 2065 to 2067
Skipped Seq from 2076 to 2079
Skipped Seq from 2092 to 2094
Skipped Seq from 2095 to 2098
Skipped Seq from 2098 to 2101
Skipped Seq from 2101 to 2104
Skipped Seq from 2104 to 2106
Skipped Seq from 2114 to 2116
Skipped Seq from 2121 to 2123
Skipped Seq from 2124 to 2131
Skipped Seq from 2133 to 2135
Skipped Seq from 2136 to 2138
Skipped Seq from 2139 to 2144
Skipped Seq from 2153 to 2155
Skipped Seq from 2159 to 2161
Skipped Seq from 2169 to 2175
Skipped Seq from 2177 to 2179
Skipped Seq from 2183 to 2186
Skipped Seq from 2191 to 2193
Skipped Seq from 2195 to 2197
Skipped Seq from 2197 to 2199
Skipped Seq from 2209 to 2211
Skipped Seq from 2212 to 2215
Skipped Seq from 2226 to 2228
Skipped Seq from 2228 to 2230
Skipped Seq from 2233 to 2235
Skipped Seq from 2241 to 2243
Number of times throttled: 4
Received: 1629 / 2479 packets
Start time: 1332835212.143603
End time: 1332835218.897108
Duration: 6.753505
