Starting client at 10.0.0.14:1272 with timeout:10
My IP address is 10.0.0.14Skipped Seq from 685 to 690
Skipped Seq from 691 to 693
Skipped Seq from 693 to 695
Skipped Seq from 698 to 700
Skipped Seq from 702 to 706
Skipped Seq from 706 to 714
Skipped Seq from 714 to 716
Skipped Seq from 716 to 718
Skipped Seq from 722 to 725
Skipped Seq from 725 to 728
Skipped Seq from 731 to 733
Skipped Seq from 734 to 736
Skipped Seq from 745 to 747
Skipped Seq from 758 to 760
Skipped Seq from 764 to 770
Skipped Seq from 770 to 772
Skipped Seq from 773 to 777
Skipped Seq from 779 to 784
Skipped Seq from 790 to 795
Skipped Seq from 795 to 800
Skipped Seq from 800 to 804
Skipped Seq from 808 to 810
Skipped Seq from 814 to 819
Skipped Seq from 819 to 827
Skipped Seq from 827 to 832
Skipped Seq from 832 to 837
Skipped Seq from 839 to 843
Skipped Seq from 843 to 845
Skipped Seq from 847 to 852
Skipped Seq from 854 to 856
Skipped Seq from 856 to 858
Skipped Seq from 858 to 861
Skipped Seq from 861 to 869
Skipped Seq from 870 to 872
Skipped Seq from 873 to 875
Skipped Seq from 876 to 880
Skipped Seq from 880 to 885
Skipped Seq from 887 to 889
Skipped Seq from 890 to 892
Skipped Seq from 895 to 898
Skipped Seq from 898 to 901
Skipped Seq from 902 to 905
Skipped Seq from 906 to 908
Skipped Seq from 908 to 910
Skipped Seq from 911 to 915
Skipped Seq from 916 to 918
Skipped Seq from 924 to 926
Skipped Seq from 929 to 931
Skipped Seq from 933 to 938
Skipped Seq from 938 to 940
Skipped Seq from 944 to 947
Skipped Seq from 952 to 957
Skipped Seq from 963 to 966
Skipped Seq from 966 to 968
Skipped Seq from 968 to 971
Skipped Seq from 972 to 974
Skipped Seq from 975 to 978
Skipped Seq from 983 to 987
Skipped Seq from 991 to 993
Skipped Seq from 994 to 996
Skipped Seq from 996 to 1001
Skipped Seq from 1001 to 1004
Skipped Seq from 1004 to 1007
Skipped Seq from 1007 to 1009
Skipped Seq from 1010 to 1013
Skipped Seq from 1015 to 1017
Skipped Seq from 1017 to 1019
Skipped Seq from 1020 to 1022
Skipped Seq from 1023 to 1028
Skipped Seq from 1029 to 1031
Skipped Seq from 1033 to 1035
Skipped Seq from 1036 to 1038
Skipped Seq from 1038 to 1040
Skipped Seq from 1041 to 1046
Skipped Seq from 1049 to 1055
Skipped Seq from 1055 to 1058
Skipped Seq from 1065 to 1067
Skipped Seq from 1068 to 1071
Skipped Seq from 1071 to 1073
Skipped Seq from 1073 to 1079
Skipped Seq from 1079 to 1081
Skipped Seq from 1081 to 1084
Skipped Seq from 1084 to 1088
Skipped Seq from 1088 to 1091
Skipped Seq from 1092 to 1095
Skipped Seq from 1095 to 1098
Skipped Seq from 1101 to 1103
Skipped Seq from 1105 to 1109
Skipped Seq from 1111 to 1113
Skipped Seq from 1113 to 1115
Skipped Seq from 1123 to 1127
Skipped Seq from 1127 to 1130
Skipped Seq from 1131 to 1136
Skipped Seq from 1136 to 1138
Skipped Seq from 1140 to 1142
Skipped Seq from 1143 to 1145
Skipped Seq from 1146 to 1150
Skipped Seq from 1151 to 1154
Skipped Seq from 1156 to 1158
Skipped Seq from 1159 to 1162
Skipped Seq from 1163 to 1169
Skipped Seq from 1172 to 1176
Skipped Seq from 1181 to 1183
Skipped Seq from 1188 to 1191
Skipped Seq from 1194 to 1197
Skipped Seq from 1197 to 1200
Skipped Seq from 1200 to 1202
Skipped Seq from 1203 to 1208
Skipped Seq from 1208 to 1211
Skipped Seq from 1212 to 1214
Skipped Seq from 1215 to 1217
Skipped Seq from 1217 to 1219
Skipped Seq from 1223 to 1226
Skipped Seq from 1227 to 1232
Skipped Seq from 1234 to 1242
Skipped Seq from 1243 to 1250
Skipped Seq from 1250 to 1257
Skipped Seq from 1257 to 1259
Skipped Seq from 1260 to 1264
Skipped Seq from 1264 to 1268
Skipped Seq from 1268 to 1270
Skipped Seq from 1270 to 1276
Skipped Seq from 1277 to 1280
Skipped Seq from 1293 to 1295
Skipped Seq from 1300 to 1304
Skipped Seq from 1304 to 1312
Skipped Seq from 1312 to 1314
Skipped Seq from 1315 to 1319
Skipped Seq from 1319 to 1321
Skipped Seq from 1321 to 1323
Skipped Seq from 1324 to 1326
Skipped Seq from 1327 to 1330
Skipped Seq from 1331 to 1334
Skipped Seq from 1334 to 1336
Skipped Seq from 1342 to 1345
Skipped Seq from 1348 to 1350
Skipped Seq from 1350 to 1352
Skipped Seq from 1352 to 1357
Skipped Seq from 1359 to 1361
Skipped Seq from 1366 to 1368
Skipped Seq from 1368 to 1370
Skipped Seq from 1371 to 1379
Skipped Seq from 1379 to 1388
Skipped Seq from 1389 to 1391
Skipped Seq from 1392 to 1395
Skipped Seq from 1396 to 1401
Skipped Seq from 1403 to 1405
Skipped Seq from 1409 to 1414
Skipped Seq from 1415 to 1421
Skipped Seq from 1421 to 1423
Skipped Seq from 1424 to 1432
Skipped Seq from 1436 to 1438
Skipped Seq from 1440 to 1442
Skipped Seq from 1442 to 1444
Skipped Seq from 1444 to 1448
Skipped Seq from 1449 to 1453
Skipped Seq from 1453 to 1455
Skipped Seq from 1455 to 1459
Skipped Seq from 1459 to 1462
Skipped Seq from 1462 to 1464
Skipped Seq from 1470 to 1475
Skipped Seq from 1480 to 1482
Skipped Seq from 1482 to 1484
Skipped Seq from 1487 to 1489
Skipped Seq from 1493 to 1495
Skipped Seq from 1495 to 1499
Skipped Seq from 1500 to 1502
Skipped Seq from 1509 to 1511
Skipped Seq from 1512 to 1518
Skipped Seq from 1518 to 1522
Skipped Seq from 1527 to 1537
Skipped Seq from 1541 to 1544
Skipped Seq from 1544 to 1546
Skipped Seq from 1546 to 1549
Skipped Seq from 1550 to 1552
Skipped Seq from 1553 to 1555
Skipped Seq from 1557 to 1559
Skipped Seq from 1562 to 1566
Skipped Seq from 1566 to 1571
Skipped Seq from 1571 to 1574
Skipped Seq from 1574 to 1577
Skipped Seq from 1579 to 1581
Skipped Seq from 1581 to 1585
Skipped Seq from 1585 to 1588
Skipped Seq from 1590 to 1594
Skipped Seq from 1595 to 1603
Skipped Seq from 1605 to 1607
Skipped Seq from 1609 to 1611
Skipped Seq from 1611 to 1613
Skipped Seq from 1613 to 1615
Skipped Seq from 1615 to 1617
Skipped Seq from 1618 to 1626
Skipped Seq from 1626 to 1628
Skipped Seq from 1628 to 1630
Skipped Seq from 1632 to 1634
Skipped Seq from 1637 to 1642
Skipped Seq from 1642 to 1644
Skipped Seq from 1645 to 1647
Skipped Seq from 1647 to 1655
Skipped Seq from 1655 to 1660
Skipped Seq from 1660 to 1663
Skipped Seq from 1667 to 1669
Skipped Seq from 1673 to 1676
Skipped Seq from 1676 to 1678
Skipped Seq from 1678 to 1681
Skipped Seq from 1682 to 1684
Skipped Seq from 1684 to 1687
Skipped Seq from 1687 to 1689
Skipped Seq from 1692 to 1699
Skipped Seq from 1700 to 1702
Skipped Seq from 1702 to 1704
Skipped Seq from 1704 to 1708
Skipped Seq from 1711 to 1713
Skipped Seq from 1713 to 1715
Skipped Seq from 1716 to 1718
Skipped Seq from 1719 to 1721
Skipped Seq from 1725 to 1731
Skipped Seq from 1731 to 1738
Skipped Seq from 1741 to 1743
Skipped Seq from 1743 to 1745
Skipped Seq from 1745 to 1748
Skipped Seq from 1748 to 1750
Skipped Seq from 1751 to 1753
Skipped Seq from 1753 to 1757
Skipped Seq from 1760 to 1762
Skipped Seq from 1762 to 1765
Skipped Seq from 1765 to 1775
Skipped Seq from 1776 to 1784
Skipped Seq from 1784 to 1786
Skipped Seq from 1787 to 1789
Skipped Seq from 1789 to 1791
Skipped Seq from 1791 to 1794
Skipped Seq from 1798 to 1803
Skipped Seq from 1803 to 1805
Skipped Seq from 1807 to 1810
Skipped Seq from 1812 to 1814
Skipped Seq from 1814 to 1817
Skipped Seq from 1817 to 1826
Skipped Seq from 1827 to 1830
Skipped Seq from 1830 to 1832
Skipped Seq from 1832 to 1834
Skipped Seq from 1834 to 1836
Skipped Seq from 1837 to 1840
Skipped Seq from 1840 to 1848
Skipped Seq from 1848 to 1853
Skipped Seq from 1853 to 1855
Skipped Seq from 1855 to 1857
Skipped Seq from 1858 to 1862
Skipped Seq from 1862 to 1864
Skipped Seq from 1864 to 1866
Skipped Seq from 1866 to 1868
Skipped Seq from 1869 to 1871
Skipped Seq from 1872 to 1874
Skipped Seq from 1877 to 1887
Skipped Seq from 1889 to 1891
Skipped Seq from 1891 to 1900
Skipped Seq from 1900 to 1904
Skipped Seq from 1904 to 1912
Skipped Seq from 1915 to 1917
Skipped Seq from 1917 to 1919
Skipped Seq from 1919 to 1921
Skipped Seq from 1923 to 1925
Skipped Seq from 1927 to 1929
Skipped Seq from 1931 to 1934
Skipped Seq from 1935 to 1937
Skipped Seq from 1940 to 1942
Skipped Seq from 1945 to 1950
Skipped Seq from 1953 to 1956
Skipped Seq from 1957 to 1959
Skipped Seq from 1959 to 1962
Skipped Seq from 1962 to 1964
Skipped Seq from 1964 to 1967
Skipped Seq from 1967 to 1969
Skipped Seq from 1969 to 1971
Skipped Seq from 1971 to 1974
Skipped Seq from 1974 to 1986
Skipped Seq from 1987 to 1989
Skipped Seq from 1989 to 1995
Skipped Seq from 1995 to 2000
Skipped Seq from 2000 to 2007
Skipped Seq from 2008 to 2010
Skipped Seq from 2010 to 2012
Skipped Seq from 2012 to 2017
Skipped Seq from 2017 to 2019
Skipped Seq from 2020 to 2022
Skipped Seq from 2022 to 2024
Skipped Seq from 2026 to 2028
Skipped Seq from 2030 to 2032
Skipped Seq from 2032 to 2034
Skipped Seq from 2036 to 2040
Skipped Seq from 2040 to 2042
Skipped Seq from 2043 to 2045
Skipped Seq from 2048 to 2052
Skipped Seq from 2052 to 2054
Skipped Seq from 2054 to 2057
Skipped Seq from 2057 to 2059
Skipped Seq from 2061 to 2063
Skipped Seq from 2064 to 2066
Skipped Seq from 2068 to 2071
Skipped Seq from 2074 to 2076
Skipped Seq from 2076 to 2083
Skipped Seq from 2083 to 2085
Skipped Seq from 2089 to 2091
Skipped Seq from 2091 to 2095
Skipped Seq from 2095 to 2098
Skipped Seq from 2102 to 2107
Skipped Seq from 2111 to 2116
Skipped Seq from 2118 to 2120
Skipped Seq from 2122 to 2124
Skipped Seq from 2125 to 2128
Skipped Seq from 2133 to 2136
Skipped Seq from 2136 to 2140
Skipped Seq from 2142 to 2145
Skipped Seq from 2145 to 2147
Skipped Seq from 2148 to 2152
Skipped Seq from 2153 to 2156
Skipped Seq from 2156 to 2158
Skipped Seq from 2160 to 2162
Skipped Seq from 2164 to 2167
Skipped Seq from 2170 to 2173
Skipped Seq from 2176 to 2179
Skipped Seq from 2181 to 2183
Skipped Seq from 2184 to 2187
Skipped Seq from 2190 to 2192
Skipped Seq from 2192 to 2194
Skipped Seq from 2195 to 2197
Skipped Seq from 2197 to 2199
Skipped Seq from 2199 to 2202
Skipped Seq from 2207 to 2209
Skipped Seq from 2213 to 2215
Skipped Seq from 2223 to 2227
Skipped Seq from 2231 to 2233
Skipped Seq from 2244 to 2246
Skipped Seq from 2249 to 2252
Skipped Seq from 2252 to 2254
Skipped Seq from 2263 to 2265
Skipped Seq from 2266 to 2268
Skipped Seq from 2268 to 2272
Skipped Seq from 2272 to 2276
Skipped Seq from 2283 to 2286
Skipped Seq from 2289 to 2291
Skipped Seq from 2301 to 2303
Skipped Seq from 2310 to 2312
Skipped Seq from 2315 to 2318
Skipped Seq from 2343 to 2345
Skipped Seq from 2346 to 2350
Skipped Seq from 2352 to 2354
Skipped Seq from 2361 to 2363
Skipped Seq from 2364 to 2367
Skipped Seq from 2369 to 2372
Skipped Seq from 2374 to 2376
Skipped Seq from 4379 to 4385
Skipped Seq from 4385 to 4388
Skipped Seq from 4388 to 4390
Skipped Seq from 4393 to 4395
Skipped Seq from 4400 to 4404
Skipped Seq from 4404 to 4406
Skipped Seq from 4409 to 4412
Skipped Seq from 4413 to 4415
Skipped Seq from 4415 to 4417
Skipped Seq from 4431 to 4434
Skipped Seq from 4444 to 4446
Skipped Seq from 4449 to 4454
Skipped Seq from 4454 to 4459
Skipped Seq from 4459 to 4466
Skipped Seq from 4468 to 4476
Skipped Seq from 4478 to 4485
Skipped Seq from 4489 to 4492
Skipped Seq from 4492 to 4497
Skipped Seq from 4498 to 4500
Skipped Seq from 4503 to 4507
Skipped Seq from 4510 to 4512
Skipped Seq from 4514 to 4517
Skipped Seq from 4521 to 4523
Skipped Seq from 4527 to 4533
Skipped Seq from 4535 to 4538
Skipped Seq from 4540 to 4548
Skipped Seq from 4549 to 4557
Skipped Seq from 4562 to 4568
Skipped Seq from 4575 to 4578
Skipped Seq from 4580 to 4582
Skipped Seq from 4585 to 4587
Skipped Seq from 4587 to 4589
Skipped Seq from 4599 to 4601
Skipped Seq from 4601 to 4611
Skipped Seq from 4633 to 4635
Skipped Seq from 4636 to 4638
Skipped Seq from 4639 to 4642
Skipped Seq from 4644 to 4651
Skipped Seq from 4651 to 4654
Skipped Seq from 4654 to 4657
Skipped Seq from 4659 to 4667
Skipped Seq from 4668 to 4675
Skipped Seq from 4675 to 4677
Skipped Seq from 4679 to 4681
Skipped Seq from 4681 to 4683
Skipped Seq from 4686 to 4691
Skipped Seq from 4692 to 4696
Skipped Seq from 4701 to 4707
Skipped Seq from 4713 to 4715
Skipped Seq from 4716 to 4720
Skipped Seq from 4720 to 4724
Skipped Seq from 4732 to 4734
Skipped Seq from 4734 to 4738
Skipped Seq from 4739 to 4742
Skipped Seq from 4742 to 4745
Skipped Seq from 4747 to 4753
Skipped Seq from 4756 to 4760
Skipped Seq from 4761 to 4763
Skipped Seq from 4765 to 4767
Skipped Seq from 4768 to 4770
Skipped Seq from 4770 to 4780
Skipped Seq from 4787 to 4789
Skipped Seq from 4789 to 4791
Skipped Seq from 4792 to 4795
Skipped Seq from 4795 to 4798
Skipped Seq from 4798 to 4800
Skipped Seq from 4801 to 4803
Skipped Seq from 4804 to 4809
Skipped Seq from 4813 to 4818
Skipped Seq from 4820 to 4822
Skipped Seq from 4824 to 4826
Skipped Seq from 4833 to 4835
Skipped Seq from 4836 to 4840
Skipped Seq from 4841 to 4843
Skipped Seq from 4844 to 4846
Skipped Seq from 4851 to 4855
Skipped Seq from 4859 to 4862
Skipped Seq from 4863 to 4865
Skipped Seq from 4870 to 4875
Skipped Seq from 4875 to 4877
Skipped Seq from 4880 to 4884
Skipped Seq from 4889 to 4894
Skipped Seq from 4895 to 4897
Skipped Seq from 4898 to 4903
Skipped Seq from 4909 to 4911
Skipped Seq from 4911 to 4915
Skipped Seq from 4915 to 4917
Skipped Seq from 4917 to 4919
Skipped Seq from 4923 to 4925
Skipped Seq from 4926 to 4929
Skipped Seq from 4931 to 4934
Skipped Seq from 4934 to 4936
Skipped Seq from 4936 to 4938
Skipped Seq from 4941 to 4944
Skipped Seq from 4957 to 4960
Skipped Seq from 4960 to 4962
Skipped Seq from 4962 to 4966
Skipped Seq from 4966 to 4969
Skipped Seq from 4974 to 4976
Skipped Seq from 4979 to 4981
Skipped Seq from 4982 to 4985
Skipped Seq from 4990 to 4994
Skipped Seq from 4996 to 4998
Skipped Seq from 5003 to 5005
Skipped Seq from 5005 to 5008
Skipped Seq from 5010 to 5012
Skipped Seq from 5015 to 5018
Skipped Seq from 5032 to 5034
Skipped Seq from 5034 to 5037
Skipped Seq from 5053 to 5057
Skipped Seq from 5064 to 5070
Skipped Seq from 5075 to 5077
Skipped Seq from 5077 to 5079
Skipped Seq from 5079 to 5082
Skipped Seq from 5082 to 5085
Skipped Seq from 5095 to 5098
Skipped Seq from 5099 to 5101
Skipped Seq from 5101 to 5103
Skipped Seq from 5104 to 5107
Skipped Seq from 5108 to 5111
Skipped Seq from 5124 to 5127
Skipped Seq from 5127 to 5129
Skipped Seq from 5135 to 5137
Skipped Seq from 5142 to 5145
Skipped Seq from 5149 to 5151
Skipped Seq from 5153 to 5155
Skipped Seq from 5169 to 5171
Skipped Seq from 5176 to 5179
Skipped Seq from 5182 to 5186
Skipped Seq from 5186 to 5188
Skipped Seq from 5193 to 5195
Skipped Seq from 5205 to 5208
Skipped Seq from 5213 to 5215
Skipped Seq from 5220 to 5222
Skipped Seq from 5237 to 5239
Skipped Seq from 5239 to 5243
Skipped Seq from 5255 to 5257
Skipped Seq from 5260 to 5263
Skipped Seq from 5267 to 5271
Skipped Seq from 5272 to 5274
Skipped Seq from 5275 to 5277
Skipped Seq from 5280 to 5282
Skipped Seq from 5287 to 5290
Skipped Seq from 5294 to 5296
Skipped Seq from 5297 to 5299
Skipped Seq from 5306 to 5308
Skipped Seq from 5309 to 5311
Skipped Seq from 5311 to 5314
Skipped Seq from 5319 to 5321
Skipped Seq from 5334 to 5339
Skipped Seq from 5345 to 5347
Skipped Seq from 5347 to 5349
Skipped Seq from 5349 to 5351
Skipped Seq from 5356 to 5358
Skipped Seq from 7168 to 7171
Skipped Seq from 7173 to 7176
Skipped Seq from 7178 to 7182
Skipped Seq from 7198 to 7202
Skipped Seq from 7204 to 7209
Skipped Seq from 7209 to 7211
Skipped Seq from 7221 to 7225
Skipped Seq from 7225 to 7228
Skipped Seq from 7230 to 7236
Skipped Seq from 7236 to 7242
Skipped Seq from 7246 to 7249
Skipped Seq from 7260 to 7264
Skipped Seq from 7269 to 7276
Skipped Seq from 7281 to 7283
Skipped Seq from 7283 to 7287
Skipped Seq from 7291 to 7299
Skipped Seq from 7301 to 7303
Skipped Seq from 7304 to 7307
Skipped Seq from 7307 to 7310
Skipped Seq from 7311 to 7314
Skipped Seq from 7318 to 7324
Skipped Seq from 7327 to 7331
Skipped Seq from 7335 to 7337
Skipped Seq from 7340 to 7345
Skipped Seq from 7347 to 7349
Skipped Seq from 7356 to 7358
Skipped Seq from 7358 to 7360
Skipped Seq from 7363 to 7365
Skipped Seq from 7365 to 7367
Skipped Seq from 7368 to 7374
Skipped Seq from 7376 to 7378
Skipped Seq from 7380 to 7383
Skipped Seq from 7385 to 7387
Skipped Seq from 7388 to 7391
Skipped Seq from 7392 to 7394
Skipped Seq from 7395 to 7399
Skipped Seq from 7400 to 7403
Skipped Seq from 7403 to 7405
Skipped Seq from 7412 to 7414
Skipped Seq from 7419 to 7424
Skipped Seq from 7425 to 7429
Skipped Seq from 7429 to 7433
Skipped Seq from 7437 to 7441
Skipped Seq from 7442 to 7448
Skipped Seq from 7450 to 7453
Skipped Seq from 7454 to 7457
Skipped Seq from 7461 to 7463
Skipped Seq from 7465 to 7468
Skipped Seq from 7476 to 7479
Skipped Seq from 7479 to 7482
Skipped Seq from 7482 to 7484
Skipped Seq from 7487 to 7492
Skipped Seq from 7492 to 7503
Skipped Seq from 7503 to 7512
Skipped Seq from 7514 to 7521
Skipped Seq from 7523 to 7525
Skipped Seq from 7528 to 7532
Skipped Seq from 7536 to 7541
Skipped Seq from 7544 to 7553
Skipped Seq from 7553 to 7555
Skipped Seq from 7565 to 7567
Skipped Seq from 7572 to 7574
Skipped Seq from 7576 to 7578
Skipped Seq from 7579 to 7582
Skipped Seq from 7585 to 7587
Skipped Seq from 7587 to 7590
Skipped Seq from 7601 to 7605
Skipped Seq from 7611 to 7615
Skipped Seq from 7615 to 7622
Skipped Seq from 7624 to 7629
Skipped Seq from 7636 to 7638
Skipped Seq from 7638 to 7640
Skipped Seq from 7645 to 7649
Skipped Seq from 7651 to 7656
Skipped Seq from 7656 to 7661
Skipped Seq from 7667 to 7669
Skipped Seq from 7680 to 7683
Skipped Seq from 7684 to 7690
Skipped Seq from 7690 to 7693
Skipped Seq from 7693 to 7698
Skipped Seq from 7699 to 7701
Skipped Seq from 7702 to 7707
Skipped Seq from 7717 to 7719
Skipped Seq from 7719 to 7721
Skipped Seq from 7721 to 7730
Skipped Seq from 7730 to 7740
Skipped Seq from 7747 to 7754
Skipped Seq from 7754 to 7762
Skipped Seq from 7762 to 7764
Skipped Seq from 7765 to 7784
Skipped Seq from 7792 to 7797
Skipped Seq from 7797 to 7800
Skipped Seq from 7801 to 7803
Skipped Seq from 7805 to 7810
Skipped Seq from 7815 to 7817
Skipped Seq from 7817 to 7819
Skipped Seq from 7821 to 7826
Skipped Seq from 7827 to 7830
Skipped Seq from 7831 to 7837
Skipped Seq from 7842 to 7845
Skipped Seq from 7845 to 7847
Skipped Seq from 7847 to 7850
Skipped Seq from 7850 to 7855
Skipped Seq from 7856 to 7858
Skipped Seq from 7858 to 7862
Skipped Seq from 7865 to 7868
Skipped Seq from 7871 to 7874
Skipped Seq from 7874 to 7879
Skipped Seq from 7881 to 7883
Skipped Seq from 7883 to 7887
Skipped Seq from 7887 to 7889
Skipped Seq from 7892 to 7896
Skipped Seq from 7899 to 7904
Skipped Seq from 7910 to 7915
Skipped Seq from 7917 to 7923
Skipped Seq from 7924 to 7948
Skipped Seq from 7950 to 7955
Skipped Seq from 7955 to 7958
Skipped Seq from 7958 to 7960
Skipped Seq from 7961 to 7964
Skipped Seq from 7966 to 7968
Skipped Seq from 7969 to 7971
Skipped Seq from 7972 to 7976
Skipped Seq from 7982 to 7985
Skipped Seq from 7987 to 7991
Skipped Seq from 7991 to 7995
Skipped Seq from 7997 to 8004
Skipped Seq from 8008 to 8010
Skipped Seq from 8012 to 8014
Skipped Seq from 8019 to 8023
Skipped Seq from 8025 to 8028
Skipped Seq from 8038 to 8042
Skipped Seq from 8045 to 8053
Skipped Seq from 8057 to 8066
Skipped Seq from 8067 to 8069
Skipped Seq from 8069 to 8079
Skipped Seq from 8081 to 8087
Skipped Seq from 8087 to 8093
Skipped Seq from 8094 to 8097
Skipped Seq from 8099 to 8112
Skipped Seq from 8112 to 8117
Skipped Seq from 8117 to 8128
Skipped Seq from 8128 to 8134
Skipped Seq from 8136 to 8138
Skipped Seq from 8142 to 8146
Skipped Seq from 8161 to 8163
Skipped Seq from 8163 to 8165
Skipped Seq from 8165 to 8168
Skipped Seq from 8168 to 8171
Skipped Seq from 8177 to 8181
Skipped Seq from 8182 to 8191
Skipped Seq from 8191 to 8194
Skipped Seq from 8194 to 8196
Skipped Seq from 8198 to 8203
Skipped Seq from 8206 to 8210
Skipped Seq from 8211 to 8215
Skipped Seq from 8218 to 8223
Skipped Seq from 8223 to 8225
Skipped Seq from 8226 to 8228
Skipped Seq from 8243 to 8251
Skipped Seq from 8254 to 8256
Skipped Seq from 8257 to 8259
Skipped Seq from 8259 to 8261
Skipped Seq from 8262 to 8265
Skipped Seq from 8268 to 8270
Skipped Seq from 8271 to 8274
Skipped Seq from 8279 to 8284
Skipped Seq from 8288 to 8293
Skipped Seq from 8294 to 8298
Skipped Seq from 8301 to 8303
Skipped Seq from 8309 to 8312
Skipped Seq from 8314 to 8317
Skipped Seq from 8320 to 8325
Skipped Seq from 8325 to 8327
Skipped Seq from 8328 to 8334
Skipped Seq from 8335 to 8338
Skipped Seq from 8350 to 8355
Skipped Seq from 8360 to 8363
Skipped Seq from 8370 to 8374
Skipped Seq from 8378 to 8380
Skipped Seq from 8380 to 8386
Skipped Seq from 8394 to 8396
Skipped Seq from 8396 to 8398
Skipped Seq from 8398 to 8401
Skipped Seq from 8426 to 8429
Skipped Seq from 8460 to 8462
Skipped Seq from 8490 to 8494
Number of times throttled: 12
Received: 7945 / 9652 packets
Start time: 1332836943.704423
End time: 1332836970.715490
Duration: 27.011067
