Starting client at 10.0.0.14:1280 with timeout:10
My IP address is 10.0.0.14Skipped Seq from 20 to 23
Skipped Seq from 24 to 26
Skipped Seq from 26 to 35
Skipped Seq from 35 to 37
Skipped Seq from 40 to 43
Skipped Seq from 43 to 46
Skipped Seq from 48 to 51
Skipped Seq from 51 to 54
Skipped Seq from 55 to 59
Skipped Seq from 60 to 64
Skipped Seq from 67 to 70
Skipped Seq from 83 to 87
Skipped Seq from 87 to 89
Skipped Seq from 89 to 92
Skipped Seq from 93 to 95
Skipped Seq from 95 to 100
Skipped Seq from 101 to 103
Skipped Seq from 109 to 111
Skipped Seq from 111 to 113
Skipped Seq from 114 to 121
Skipped Seq from 121 to 124
Skipped Seq from 129 to 132
Skipped Seq from 133 to 135
Skipped Seq from 137 to 142
Skipped Seq from 147 to 151
Skipped Seq from 153 to 156
Skipped Seq from 156 to 160
Skipped Seq from 162 to 164
Skipped Seq from 168 to 171
Skipped Seq from 174 to 176
Skipped Seq from 178 to 182
Skipped Seq from 183 to 185
Skipped Seq from 185 to 188
Skipped Seq from 190 to 192
Skipped Seq from 193 to 195
Skipped Seq from 195 to 197
Skipped Seq from 197 to 201
Skipped Seq from 209 to 212
Skipped Seq from 212 to 216
Skipped Seq from 220 to 223
Skipped Seq from 223 to 225
Skipped Seq from 226 to 234
Skipped Seq from 234 to 238
Skipped Seq from 241 to 246
Skipped Seq from 250 to 253
Skipped Seq from 258 to 261
Skipped Seq from 262 to 264
Skipped Seq from 271 to 273
Skipped Seq from 274 to 277
Skipped Seq from 284 to 291
Skipped Seq from 292 to 294
Skipped Seq from 294 to 296
Skipped Seq from 296 to 300
Skipped Seq from 302 to 304
Skipped Seq from 304 to 307
Skipped Seq from 307 to 310
Skipped Seq from 315 to 319
Skipped Seq from 319 to 324
Skipped Seq from 324 to 329
Skipped Seq from 329 to 336
Skipped Seq from 337 to 343
Skipped Seq from 345 to 347
Skipped Seq from 347 to 350
Skipped Seq from 351 to 355
Skipped Seq from 355 to 363
Skipped Seq from 363 to 368
Skipped Seq from 370 to 373
Skipped Seq from 375 to 377
Skipped Seq from 377 to 380
Skipped Seq from 383 to 385
Skipped Seq from 385 to 392
Skipped Seq from 394 to 396
Skipped Seq from 397 to 401
Skipped Seq from 406 to 408
Skipped Seq from 409 to 411
Skipped Seq from 411 to 418
Skipped Seq from 428 to 430
Skipped Seq from 430 to 440
Skipped Seq from 440 to 442
Skipped Seq from 443 to 448
Skipped Seq from 448 to 454
Skipped Seq from 454 to 459
Skipped Seq from 463 to 468
Skipped Seq from 469 to 476
Skipped Seq from 476 to 483
Skipped Seq from 485 to 494
Skipped Seq from 494 to 499
Skipped Seq from 499 to 513
Skipped Seq from 513 to 520
Skipped Seq from 523 to 527
Skipped Seq from 527 to 531
Skipped Seq from 532 to 539
Skipped Seq from 542 to 545
Skipped Seq from 546 to 553
Skipped Seq from 557 to 563
Skipped Seq from 564 to 570
Skipped Seq from 570 to 579
Skipped Seq from 579 to 585
Skipped Seq from 585 to 588
Skipped Seq from 588 to 609
Skipped Seq from 609 to 618
Skipped Seq from 618 to 620
Skipped Seq from 620 to 622
Skipped Seq from 623 to 632
Skipped Seq from 632 to 637
Skipped Seq from 639 to 642
Skipped Seq from 642 to 645
Skipped Seq from 646 to 649
Skipped Seq from 652 to 655
Skipped Seq from 656 to 659
Skipped Seq from 659 to 661
Skipped Seq from 661 to 663
Skipped Seq from 663 to 667
Skipped Seq from 674 to 677
Skipped Seq from 680 to 686
Skipped Seq from 687 to 690
Skipped Seq from 692 to 695
Skipped Seq from 695 to 699
Skipped Seq from 699 to 707
Skipped Seq from 707 to 711
Skipped Seq from 711 to 714
Skipped Seq from 714 to 717
Skipped Seq from 717 to 720
Skipped Seq from 721 to 723
Skipped Seq from 727 to 729
Skipped Seq from 732 to 736
Skipped Seq from 738 to 740
Skipped Seq from 741 to 744
Skipped Seq from 745 to 747
Skipped Seq from 747 to 750
Skipped Seq from 752 to 757
Skipped Seq from 757 to 766
Skipped Seq from 768 to 771
Skipped Seq from 771 to 774
Skipped Seq from 774 to 777
Skipped Seq from 781 to 784
Skipped Seq from 784 to 786
Skipped Seq from 790 to 795
Skipped Seq from 795 to 797
Skipped Seq from 800 to 802
Skipped Seq from 811 to 816
Skipped Seq from 816 to 821
Skipped Seq from 821 to 827
Skipped Seq from 827 to 831
Skipped Seq from 831 to 844
Skipped Seq from 848 to 851
Skipped Seq from 859 to 866
Skipped Seq from 868 to 872
Skipped Seq from 873 to 878
Skipped Seq from 878 to 880
Skipped Seq from 882 to 885
Skipped Seq from 885 to 887
Skipped Seq from 887 to 891
Skipped Seq from 898 to 901
Skipped Seq from 903 to 905
Skipped Seq from 911 to 918
Skipped Seq from 923 to 926
Skipped Seq from 929 to 934
Skipped Seq from 936 to 938
Skipped Seq from 940 to 944
Skipped Seq from 948 to 952
Skipped Seq from 952 to 954
Skipped Seq from 959 to 969
Skipped Seq from 971 to 974
Skipped Seq from 977 to 979
Skipped Seq from 980 to 982
Skipped Seq from 982 to 992
Skipped Seq from 992 to 996
Skipped Seq from 996 to 998
Skipped Seq from 999 to 1001
Skipped Seq from 1010 to 1012
Skipped Seq from 1012 to 1014
Skipped Seq from 1017 to 1021
Skipped Seq from 1022 to 1024
Skipped Seq from 1037 to 1042
Skipped Seq from 1052 to 1057
Skipped Seq from 1058 to 1065
Skipped Seq from 1071 to 1073
Skipped Seq from 1073 to 1075
Skipped Seq from 1075 to 1080
Skipped Seq from 1082 to 1084
Skipped Seq from 1106 to 1109
Skipped Seq from 1115 to 1120
Skipped Seq from 1121 to 1127
Skipped Seq from 1128 to 1132
Skipped Seq from 1132 to 1134
Skipped Seq from 1135 to 1139
Skipped Seq from 1141 to 1144
Skipped Seq from 1146 to 1150
Skipped Seq from 1160 to 1162
Skipped Seq from 1166 to 1170
Skipped Seq from 1171 to 1173
Skipped Seq from 1173 to 1176
Skipped Seq from 1182 to 1189
Skipped Seq from 1190 to 1192
Skipped Seq from 1195 to 1204
Skipped Seq from 1208 to 1217
Skipped Seq from 1217 to 1224
Skipped Seq from 1228 to 1232
Skipped Seq from 1235 to 1238
Skipped Seq from 1239 to 1242
Skipped Seq from 1259 to 1261
Skipped Seq from 1261 to 1266
Skipped Seq from 1267 to 1270
Skipped Seq from 1295 to 1297
Skipped Seq from 5851 to 5853
Skipped Seq from 5860 to 5862
Skipped Seq from 5862 to 5866
Skipped Seq from 5873 to 5879
Skipped Seq from 5879 to 5883
Skipped Seq from 5884 to 5887
Skipped Seq from 5892 to 5894
Skipped Seq from 5905 to 5907
Skipped Seq from 5908 to 5911
Skipped Seq from 5915 to 5917
Skipped Seq from 5920 to 5926
Skipped Seq from 5926 to 5931
Skipped Seq from 5931 to 5935
Skipped Seq from 5990 to 5992
Skipped Seq from 5992 to 5995
Skipped Seq from 5997 to 5999
Skipped Seq from 6004 to 6013
Skipped Seq from 6013 to 6017
Skipped Seq from 6020 to 6023
Skipped Seq from 6039 to 6042
Skipped Seq from 6048 to 6050
Skipped Seq from 6058 to 6061
Skipped Seq from 6061 to 6065
Skipped Seq from 6067 to 6069
Skipped Seq from 6069 to 6077
Skipped Seq from 6080 to 6082
Skipped Seq from 6082 to 6096
Skipped Seq from 6099 to 6102
Skipped Seq from 6108 to 6110
Skipped Seq from 6129 to 6131
Skipped Seq from 6134 to 6139
Skipped Seq from 6143 to 6145
Skipped Seq from 6147 to 6149
Skipped Seq from 6153 to 6155
Skipped Seq from 6169 to 6171
Skipped Seq from 6172 to 6180
Skipped Seq from 6181 to 6183
Skipped Seq from 6187 to 6189
Skipped Seq from 6196 to 6198
Skipped Seq from 6210 to 6212
Skipped Seq from 6214 to 6216
Skipped Seq from 6217 to 6220
Skipped Seq from 6234 to 6236
Skipped Seq from 6236 to 6238
Skipped Seq from 6240 to 6242
Skipped Seq from 6256 to 6260
Skipped Seq from 6263 to 6267
Skipped Seq from 6274 to 6277
Skipped Seq from 6283 to 6288
Skipped Seq from 6289 to 6291
Skipped Seq from 6311 to 6318
Skipped Seq from 6318 to 6320
Skipped Seq from 6330 to 6333
Skipped Seq from 6338 to 6340
Skipped Seq from 6349 to 6352
Skipped Seq from 6362 to 6368
Skipped Seq from 6373 to 6379
Skipped Seq from 6379 to 6381
Skipped Seq from 6388 to 6392
Skipped Seq from 6392 to 6401
Skipped Seq from 6413 to 6416
Skipped Seq from 6419 to 6421
Skipped Seq from 6423 to 6425
Skipped Seq from 6432 to 6434
Skipped Seq from 6434 to 6437
Skipped Seq from 6437 to 6439
Skipped Seq from 6441 to 6445
Skipped Seq from 6464 to 6469
Skipped Seq from 6470 to 6473
Skipped Seq from 6473 to 6475
Skipped Seq from 6477 to 6479
Skipped Seq from 6483 to 6485
Skipped Seq from 6486 to 6489
Skipped Seq from 6503 to 6510
Skipped Seq from 6523 to 6527
Skipped Seq from 6528 to 6530
Skipped Seq from 6533 to 6536
Skipped Seq from 6543 to 6545
Skipped Seq from 6551 to 6557
Skipped Seq from 6558 to 6565
Skipped Seq from 6566 to 6569
Skipped Seq from 6569 to 6571
Skipped Seq from 6575 to 6579
Skipped Seq from 6580 to 6584
Skipped Seq from 6585 to 6589
Skipped Seq from 6590 to 6592
Skipped Seq from 6596 to 6598
Skipped Seq from 6608 to 6611
Skipped Seq from 6612 to 6616
Skipped Seq from 6616 to 6620
Skipped Seq from 6627 to 6630
Skipped Seq from 6631 to 6633
Skipped Seq from 6634 to 6636
Skipped Seq from 6645 to 6648
Skipped Seq from 6648 to 6650
Skipped Seq from 6658 to 6660
Skipped Seq from 6660 to 6663
Skipped Seq from 6663 to 6667
Skipped Seq from 6670 to 6672
Skipped Seq from 6676 to 6681
Skipped Seq from 6692 to 6694
Skipped Seq from 6707 to 6710
Skipped Seq from 6722 to 6724
Skipped Seq from 6746 to 6748
Number of times throttled: 6
Received: 7218 / 8096 packets
Start time: 1332837363.377601
End time: 1332837385.383252
Duration: 22.005651
