Starting client at 10.0.0.25:1236 with timeout:10
My IP address is 10.0.0.25Skipped Seq from 995 to 999
Skipped Seq from 999 to 1002
Skipped Seq from 1002 to 1014
Skipped Seq from 1016 to 1020
Skipped Seq from 1020 to 1022
Skipped Seq from 1022 to 1025
Skipped Seq from 1026 to 1035
Skipped Seq from 1037 to 1045
Skipped Seq from 1053 to 1055
Skipped Seq from 1056 to 1063
Skipped Seq from 1065 to 1069
Skipped Seq from 1069 to 1071
Skipped Seq from 1074 to 1081
Skipped Seq from 1081 to 1084
Skipped Seq from 1087 to 1095
Skipped Seq from 1096 to 1098
Skipped Seq from 1100 to 1105
Skipped Seq from 1110 to 1113
Skipped Seq from 1113 to 1118
Skipped Seq from 1118 to 1124
Skipped Seq from 1130 to 1134
Skipped Seq from 1134 to 1136
Skipped Seq from 1136 to 1139
Skipped Seq from 1139 to 1145
Skipped Seq from 1146 to 1148
Skipped Seq from 1148 to 1152
Skipped Seq from 1153 to 1163
Skipped Seq from 1164 to 1170
Skipped Seq from 1170 to 1173
Skipped Seq from 1173 to 1180
Skipped Seq from 1183 to 1187
Skipped Seq from 1189 to 1194
Skipped Seq from 1194 to 1197
Skipped Seq from 1197 to 1199
Skipped Seq from 1205 to 1208
Skipped Seq from 1208 to 1215
Skipped Seq from 1216 to 1223
Skipped Seq from 1223 to 1225
Skipped Seq from 1226 to 1228
Skipped Seq from 1230 to 1232
Skipped Seq from 1233 to 1235
Skipped Seq from 1236 to 1239
Skipped Seq from 1239 to 1241
Skipped Seq from 1241 to 1243
Skipped Seq from 1245 to 1247
Skipped Seq from 1247 to 1249
Skipped Seq from 1253 to 1255
Skipped Seq from 1259 to 1261
Skipped Seq from 1261 to 1263
Skipped Seq from 1263 to 1265
Skipped Seq from 1267 to 1269
Skipped Seq from 1270 to 1272
Skipped Seq from 1272 to 1274
Skipped Seq from 1276 to 1278
Skipped Seq from 1281 to 1284
Skipped Seq from 1284 to 1286
Skipped Seq from 1287 to 1290
Skipped Seq from 1295 to 1300
Skipped Seq from 1300 to 1306
Skipped Seq from 1306 to 1309
Skipped Seq from 1310 to 1315
Skipped Seq from 1315 to 1318
Skipped Seq from 1318 to 1320
Skipped Seq from 1321 to 1323
Skipped Seq from 1323 to 1332
Skipped Seq from 1332 to 1335
Skipped Seq from 1335 to 1340
Skipped Seq from 1342 to 1345
Skipped Seq from 1346 to 1355
Skipped Seq from 1356 to 1358
Skipped Seq from 1359 to 1364
Skipped Seq from 1364 to 1373
Skipped Seq from 1373 to 1376
Skipped Seq from 1377 to 1379
Skipped Seq from 1380 to 1382
Skipped Seq from 1386 to 1388
Skipped Seq from 1391 to 1394
Skipped Seq from 1394 to 1399
Skipped Seq from 1399 to 1405
Skipped Seq from 1405 to 1407
Skipped Seq from 1408 to 1410
Skipped Seq from 1415 to 1417
Skipped Seq from 1418 to 1420
Skipped Seq from 1422 to 1424
Skipped Seq from 1427 to 1429
Skipped Seq from 1431 to 1435
Skipped Seq from 1435 to 1438
Skipped Seq from 1438 to 1440
Skipped Seq from 1441 to 1443
Skipped Seq from 1446 to 1450
Skipped Seq from 1450 to 1453
Skipped Seq from 1453 to 1458
Skipped Seq from 1460 to 1462
Skipped Seq from 1465 to 1469
Skipped Seq from 1469 to 1473
Skipped Seq from 1473 to 1475
Skipped Seq from 1475 to 1480
Skipped Seq from 1480 to 1484
Skipped Seq from 1485 to 1487
Skipped Seq from 1490 to 1492
Skipped Seq from 1495 to 1501
Skipped Seq from 1501 to 1506
Skipped Seq from 1507 to 1509
Skipped Seq from 1509 to 1511
Skipped Seq from 1512 to 1514
Skipped Seq from 1518 to 1523
Skipped Seq from 1524 to 1529
Skipped Seq from 1530 to 1534
Skipped Seq from 1534 to 1537
Skipped Seq from 1540 to 1542
Skipped Seq from 1545 to 1547
Skipped Seq from 1547 to 1552
Skipped Seq from 1553 to 1555
Skipped Seq from 1555 to 1557
Skipped Seq from 1560 to 1565
Skipped Seq from 1566 to 1573
Skipped Seq from 1573 to 1575
Skipped Seq from 1575 to 1578
Skipped Seq from 1578 to 1582
Skipped Seq from 1582 to 1584
Skipped Seq from 1584 to 1586
Skipped Seq from 1588 to 1590
Skipped Seq from 1592 to 1595
Skipped Seq from 1598 to 1600
Skipped Seq from 1600 to 1604
Skipped Seq from 1611 to 1616
Skipped Seq from 1616 to 1618
Skipped Seq from 1619 to 1621
Skipped Seq from 1624 to 1626
Skipped Seq from 1633 to 1635
Skipped Seq from 1636 to 1638
Skipped Seq from 1638 to 1640
Skipped Seq from 1641 to 1644
Skipped Seq from 1645 to 1647
Skipped Seq from 1649 to 1655
Skipped Seq from 1659 to 1661
Skipped Seq from 1664 to 1668
Skipped Seq from 1668 to 1674
Skipped Seq from 1674 to 1676
Skipped Seq from 1677 to 1679
Skipped Seq from 1679 to 1681
Skipped Seq from 1681 to 1683
Skipped Seq from 1685 to 1687
Skipped Seq from 1690 to 1692
Skipped Seq from 1693 to 1695
Skipped Seq from 1696 to 1700
Skipped Seq from 1700 to 1703
Skipped Seq from 1704 to 1710
Skipped Seq from 1711 to 1714
Skipped Seq from 1714 to 1716
Skipped Seq from 1716 to 1718
Skipped Seq from 1720 to 1722
Skipped Seq from 1722 to 1728
Skipped Seq from 1729 to 1734
Skipped Seq from 1734 to 1737
Skipped Seq from 1739 to 1741
Skipped Seq from 1741 to 1747
Skipped Seq from 1747 to 1752
Skipped Seq from 1752 to 1759
Skipped Seq from 1759 to 1765
Skipped Seq from 1765 to 1771
Skipped Seq from 1771 to 1775
Skipped Seq from 1776 to 1780
Skipped Seq from 1780 to 1790
Skipped Seq from 1791 to 1794
Skipped Seq from 1796 to 1798
Skipped Seq from 1802 to 1806
Skipped Seq from 1806 to 1809
Skipped Seq from 1809 to 1813
Skipped Seq from 1814 to 1816
Skipped Seq from 1817 to 1819
Skipped Seq from 1820 to 1829
Skipped Seq from 1829 to 1834
Skipped Seq from 1834 to 1836
Skipped Seq from 1837 to 1839
Skipped Seq from 1842 to 1844
Skipped Seq from 1845 to 1847
Skipped Seq from 1849 to 1853
Skipped Seq from 1854 to 1856
Skipped Seq from 1858 to 1860
Skipped Seq from 1860 to 1865
Skipped Seq from 1865 to 1869
Skipped Seq from 1869 to 1872
Skipped Seq from 1873 to 1878
Skipped Seq from 1881 to 1884
Skipped Seq from 1884 to 1887
Skipped Seq from 1888 to 1891
Skipped Seq from 1891 to 1893
Skipped Seq from 1893 to 1895
Skipped Seq from 1895 to 1897
Skipped Seq from 1898 to 1901
Skipped Seq from 1903 to 1905
Skipped Seq from 1906 to 1908
Skipped Seq from 1911 to 1913
Skipped Seq from 1914 to 1916
Skipped Seq from 1916 to 1918
Skipped Seq from 1919 to 1921
Skipped Seq from 1922 to 1924
Skipped Seq from 1926 to 1928
Skipped Seq from 1928 to 1930
Skipped Seq from 1930 to 1932
Skipped Seq from 1936 to 1938
Skipped Seq from 1940 to 1942
Skipped Seq from 1945 to 1947
Skipped Seq from 1947 to 1950
Skipped Seq from 1950 to 1952
Skipped Seq from 1952 to 1954
Skipped Seq from 1956 to 1958
Skipped Seq from 1958 to 1962
Skipped Seq from 1962 to 1964
Skipped Seq from 1965 to 1967
Skipped Seq from 1968 to 1972
Skipped Seq from 1972 to 1978
Skipped Seq from 1978 to 1982
Skipped Seq from 1983 to 1985
Skipped Seq from 1990 to 1996
Skipped Seq from 1998 to 2001
Skipped Seq from 2001 to 2005
Skipped Seq from 2005 to 2008
Skipped Seq from 2008 to 2015
Skipped Seq from 2015 to 2018
Skipped Seq from 2023 to 2025
Skipped Seq from 2026 to 2028
Skipped Seq from 2030 to 2032
Skipped Seq from 2032 to 2037
Skipped Seq from 2038 to 2040
Skipped Seq from 2041 to 2043
Skipped Seq from 2043 to 2045
Skipped Seq from 2047 to 2049
Skipped Seq from 2050 to 2054
Skipped Seq from 2055 to 2059
Skipped Seq from 2059 to 2061
Skipped Seq from 2063 to 2067
Skipped Seq from 2067 to 2070
Skipped Seq from 2070 to 2072
Skipped Seq from 2076 to 2078
Skipped Seq from 2081 to 2083
Skipped Seq from 2084 to 2088
Skipped Seq from 2088 to 2090
Skipped Seq from 2090 to 2092
Skipped Seq from 2093 to 2103
Skipped Seq from 2103 to 2105
Skipped Seq from 2107 to 2109
Skipped Seq from 2112 to 2114
Skipped Seq from 2117 to 2119
Skipped Seq from 2119 to 2121
Skipped Seq from 2125 to 2129
Skipped Seq from 2129 to 2134
Skipped Seq from 2134 to 2140
Skipped Seq from 2140 to 2142
Skipped Seq from 2143 to 2147
Skipped Seq from 2147 to 2150
Skipped Seq from 2150 to 2157
Skipped Seq from 2157 to 2160
Skipped Seq from 2161 to 2163
Skipped Seq from 2164 to 2171
Skipped Seq from 2176 to 2180
Skipped Seq from 2181 to 2186
Skipped Seq from 2188 to 2191
Skipped Seq from 2192 to 2195
Skipped Seq from 2195 to 2197
Skipped Seq from 2199 to 2202
Skipped Seq from 2202 to 2206
Skipped Seq from 2212 to 2219
Skipped Seq from 2219 to 2221
Skipped Seq from 2226 to 2228
Skipped Seq from 2230 to 2237
Skipped Seq from 2240 to 2244
Skipped Seq from 2245 to 2248
Skipped Seq from 2248 to 2250
Skipped Seq from 2252 to 2255
Skipped Seq from 2258 to 2262
Skipped Seq from 2276 to 2278
Skipped Seq from 2281 to 2284
Skipped Seq from 2285 to 2288
Skipped Seq from 2292 to 2294
Skipped Seq from 2295 to 2298
Skipped Seq from 2298 to 2303
Skipped Seq from 2303 to 2309
Skipped Seq from 2309 to 2314
Skipped Seq from 2315 to 2317
Skipped Seq from 2317 to 2321
Skipped Seq from 2322 to 2325
Skipped Seq from 2329 to 2332
Skipped Seq from 2332 to 2334
Skipped Seq from 2334 to 2336
Skipped Seq from 2336 to 2339
Skipped Seq from 2339 to 2341
Skipped Seq from 2341 to 2343
Skipped Seq from 2343 to 2350
Skipped Seq from 2351 to 2353
Skipped Seq from 2353 to 2356
Skipped Seq from 2356 to 2359
Skipped Seq from 2359 to 2362
Skipped Seq from 2364 to 2371
Skipped Seq from 2374 to 2376
Skipped Seq from 2376 to 2378
Skipped Seq from 2380 to 2383
Skipped Seq from 2385 to 2387
Skipped Seq from 2389 to 2393
Skipped Seq from 2396 to 2398
Skipped Seq from 2401 to 2403
Skipped Seq from 2407 to 2409
Skipped Seq from 2412 to 2414
Skipped Seq from 2415 to 2421
Skipped Seq from 2422 to 2426
Skipped Seq from 2427 to 2431
Skipped Seq from 2432 to 2436
Skipped Seq from 2436 to 2438
Skipped Seq from 2438 to 2441
Skipped Seq from 2441 to 2445
Skipped Seq from 2445 to 2448
Skipped Seq from 2450 to 2455
Skipped Seq from 2458 to 2460
Skipped Seq from 2466 to 2468
Skipped Seq from 2468 to 2472
Skipped Seq from 2472 to 2479
Skipped Seq from 2479 to 2487
Skipped Seq from 2487 to 2492
Skipped Seq from 2492 to 2495
Skipped Seq from 2495 to 2501
Skipped Seq from 2501 to 2505
Skipped Seq from 2505 to 2510
Skipped Seq from 2513 to 2518
Skipped Seq from 2519 to 2521
Skipped Seq from 2528 to 2530
Skipped Seq from 2530 to 2532
Skipped Seq from 2533 to 2539
Skipped Seq from 2540 to 2544
Skipped Seq from 2544 to 2546
Skipped Seq from 2546 to 2548
Skipped Seq from 2549 to 2551
Skipped Seq from 2553 to 2559
Skipped Seq from 2559 to 2563
Skipped Seq from 2566 to 2568
Skipped Seq from 2568 to 2570
Skipped Seq from 2570 to 2573
Skipped Seq from 2573 to 2576
Skipped Seq from 2576 to 2578
Skipped Seq from 2580 to 2582
Skipped Seq from 2582 to 2585
Skipped Seq from 2589 to 2593
Skipped Seq from 2596 to 2598
Skipped Seq from 2602 to 2607
Skipped Seq from 2607 to 2615
Skipped Seq from 2619 to 2621
Skipped Seq from 2624 to 2629
Skipped Seq from 2634 to 2639
Skipped Seq from 2640 to 2642
Skipped Seq from 2642 to 2644
Skipped Seq from 2645 to 2648
Skipped Seq from 2648 to 2652
Skipped Seq from 2652 to 2655
Skipped Seq from 2655 to 2658
Skipped Seq from 2666 to 2671
Skipped Seq from 2671 to 2674
Skipped Seq from 2675 to 2679
Skipped Seq from 2680 to 2686
Skipped Seq from 2690 to 2692
Skipped Seq from 2692 to 2694
Skipped Seq from 2699 to 2704
Skipped Seq from 2707 to 2713
Skipped Seq from 2714 to 2716
Skipped Seq from 2717 to 2720
Skipped Seq from 2723 to 2726
Skipped Seq from 2726 to 2728
Skipped Seq from 2732 to 2736
Skipped Seq from 2738 to 2744
Skipped Seq from 2745 to 2749
Skipped Seq from 2749 to 2753
Skipped Seq from 2753 to 2755
Skipped Seq from 2756 to 2758
Skipped Seq from 2758 to 2760
Skipped Seq from 2762 to 2764
Skipped Seq from 2764 to 2767
Skipped Seq from 2768 to 2770
Skipped Seq from 2770 to 2778
Skipped Seq from 2782 to 2784
Skipped Seq from 2786 to 2788
Skipped Seq from 2788 to 2792
Skipped Seq from 2793 to 2795
Skipped Seq from 2795 to 2797
Skipped Seq from 2797 to 2803
Skipped Seq from 2803 to 2806
Skipped Seq from 2808 to 2811
Skipped Seq from 2812 to 2814
Skipped Seq from 2814 to 2817
Skipped Seq from 2818 to 2820
Skipped Seq from 2820 to 2822
Skipped Seq from 2825 to 2827
Skipped Seq from 2830 to 2832
Skipped Seq from 2836 to 2838
Skipped Seq from 2843 to 2845
Skipped Seq from 2845 to 2847
Skipped Seq from 2850 to 2852
Skipped Seq from 2852 to 2854
Skipped Seq from 2855 to 2857
Skipped Seq from 2858 to 2863
Skipped Seq from 2863 to 2872
Skipped Seq from 2872 to 2874
Skipped Seq from 2875 to 2881
Skipped Seq from 2881 to 2883
Skipped Seq from 2883 to 2885
Skipped Seq from 2890 to 2892
Skipped Seq from 2892 to 2895
Skipped Seq from 2901 to 2904
Skipped Seq from 2907 to 2909
Skipped Seq from 2909 to 2911
Skipped Seq from 2911 to 2914
Skipped Seq from 2914 to 2916
Skipped Seq from 2918 to 2920
Skipped Seq from 2921 to 2923
Skipped Seq from 2926 to 2928
Skipped Seq from 2928 to 2930
Skipped Seq from 2932 to 2935
Skipped Seq from 2935 to 2938
Skipped Seq from 2939 to 2945
Skipped Seq from 2945 to 2948
Skipped Seq from 2948 to 2951
Skipped Seq from 2951 to 2954
Skipped Seq from 2954 to 2956
Skipped Seq from 2957 to 2959
Skipped Seq from 2969 to 2971
Skipped Seq from 2971 to 2974
Skipped Seq from 2974 to 2986
Skipped Seq from 2986 to 2992
Skipped Seq from 2993 to 2995
Skipped Seq from 2996 to 2998
Skipped Seq from 3003 to 3005
Skipped Seq from 3008 to 3010
Skipped Seq from 3014 to 3016
Skipped Seq from 3019 to 3021
Skipped Seq from 3022 to 3024
Skipped Seq from 3029 to 3031
Skipped Seq from 3042 to 3044
Skipped Seq from 3044 to 3046
Skipped Seq from 3046 to 3050
Skipped Seq from 3052 to 3054
Skipped Seq from 3054 to 3057
Skipped Seq from 3057 to 3061
Skipped Seq from 3062 to 3066
Skipped Seq from 3069 to 3071
Skipped Seq from 3074 to 3076
Skipped Seq from 3079 to 3082
Skipped Seq from 3083 to 3085
Skipped Seq from 3085 to 3088
Skipped Seq from 3088 to 3090
Skipped Seq from 3090 to 3095
Skipped Seq from 3095 to 3099
Skipped Seq from 3099 to 3107
Skipped Seq from 3109 to 3111
Skipped Seq from 3112 to 3114
Skipped Seq from 3119 to 3121
Skipped Seq from 3124 to 3126
Skipped Seq from 3126 to 3128
Skipped Seq from 3138 to 3141
Skipped Seq from 3142 to 3144
Skipped Seq from 3145 to 3150
Number of times throttled: 9
Received: 4298 / 5377 packets
Start time: 1315129814.511487
End time: 1315129820.806792
Duration: 6.295305
