Starting client at 10.0.0.10:1275 with timeout:10
My IP address is 10.0.0.10Skipped Seq from 1612 to 1614
Skipped Seq from 1619 to 1621
Skipped Seq from 1631 to 1633
Skipped Seq from 1637 to 1639
Skipped Seq from 1645 to 1647
Skipped Seq from 1655 to 1657
Skipped Seq from 1659 to 1661
Skipped Seq from 1665 to 1667
Skipped Seq from 1670 to 1672
Skipped Seq from 1682 to 1684
Skipped Seq from 1693 to 1702
Skipped Seq from 1724 to 1726
Skipped Seq from 1729 to 1733
Skipped Seq from 1738 to 1740
Skipped Seq from 1755 to 1758
Skipped Seq from 1773 to 1775
Skipped Seq from 1781 to 1783
Skipped Seq from 1788 to 1790
Skipped Seq from 1994 to 1996
Skipped Seq from 2001 to 2031
Skipped Seq from 2031 to 2034
Skipped Seq from 2034 to 2037
Skipped Seq from 2038 to 2040
Number of times throttled: 3
Received: 3557 / 3620 packets
Start time: 1332759911.620016
End time: 1332759952.066968
Duration: 40.446952
