Starting client at 10.0.0.16:1251 with timeout:10
My IP address is 10.0.0.16Skipped Seq from 78 to 83
Skipped Seq from 83 to 85
Skipped Seq from 85 to 89
Skipped Seq from 89 to 92
Skipped Seq from 92 to 96
Skipped Seq from 96 to 98
Skipped Seq from 98 to 102
Skipped Seq from 102 to 104
Skipped Seq from 104 to 108
Skipped Seq from 110 to 115
Skipped Seq from 116 to 122
Skipped Seq from 122 to 126
Skipped Seq from 126 to 128
Skipped Seq from 128 to 130
Skipped Seq from 131 to 136
Skipped Seq from 137 to 139
Skipped Seq from 139 to 145
Skipped Seq from 145 to 150
Skipped Seq from 152 to 155
Skipped Seq from 155 to 157
Skipped Seq from 157 to 163
Skipped Seq from 163 to 165
Skipped Seq from 165 to 175
Skipped Seq from 175 to 177
Skipped Seq from 179 to 189
Skipped Seq from 189 to 194
Skipped Seq from 200 to 204
Skipped Seq from 204 to 206
Skipped Seq from 206 to 213
Skipped Seq from 213 to 221
Skipped Seq from 221 to 225
Skipped Seq from 233 to 235
Skipped Seq from 256 to 258
Skipped Seq from 269 to 271
Skipped Seq from 271 to 273
Skipped Seq from 274 to 278
Skipped Seq from 280 to 282
Skipped Seq from 284 to 287
Skipped Seq from 287 to 292
Skipped Seq from 292 to 295
Skipped Seq from 295 to 299
Skipped Seq from 299 to 304
Skipped Seq from 304 to 306
Skipped Seq from 306 to 314
Skipped Seq from 314 to 317
Skipped Seq from 318 to 332
Skipped Seq from 332 to 339
Skipped Seq from 339 to 346
Skipped Seq from 346 to 354
Skipped Seq from 357 to 359
Skipped Seq from 359 to 361
Skipped Seq from 361 to 366
Skipped Seq from 366 to 368
Skipped Seq from 370 to 372
Skipped Seq from 375 to 377
Skipped Seq from 381 to 383
Skipped Seq from 383 to 385
Skipped Seq from 385 to 389
Skipped Seq from 394 to 401
Skipped Seq from 406 to 408
Skipped Seq from 408 to 410
Skipped Seq from 410 to 412
Skipped Seq from 412 to 414
Skipped Seq from 416 to 418
Skipped Seq from 435 to 437
Skipped Seq from 439 to 441
Skipped Seq from 449 to 451
Skipped Seq from 451 to 453
Skipped Seq from 453 to 455
Skipped Seq from 455 to 457
Skipped Seq from 459 to 461
Skipped Seq from 467 to 469
Skipped Seq from 470 to 473
Skipped Seq from 473 to 476
Skipped Seq from 477 to 479
Skipped Seq from 480 to 483
Skipped Seq from 484 to 486
Skipped Seq from 489 to 491
Skipped Seq from 495 to 497
Skipped Seq from 498 to 500
Skipped Seq from 500 to 502
Skipped Seq from 502 to 504
Skipped Seq from 518 to 520
Skipped Seq from 527 to 529
Skipped Seq from 539 to 541
Skipped Seq from 542 to 544
Skipped Seq from 544 to 546
Skipped Seq from 564 to 566
Skipped Seq from 569 to 571
Skipped Seq from 571 to 574
Skipped Seq from 574 to 576
Skipped Seq from 576 to 578
Skipped Seq from 580 to 582
Skipped Seq from 582 to 587
Skipped Seq from 587 to 589
Skipped Seq from 589 to 593
Skipped Seq from 593 to 597
Skipped Seq from 597 to 604
Skipped Seq from 604 to 607
Skipped Seq from 607 to 610
Skipped Seq from 611 to 614
Skipped Seq from 614 to 618
Skipped Seq from 619 to 622
Skipped Seq from 622 to 626
Skipped Seq from 627 to 632
Skipped Seq from 632 to 636
Skipped Seq from 636 to 642
Skipped Seq from 642 to 645
Skipped Seq from 645 to 648
Skipped Seq from 648 to 656
Skipped Seq from 657 to 660
Skipped Seq from 660 to 663
Skipped Seq from 663 to 666
Skipped Seq from 666 to 670
Skipped Seq from 670 to 675
Skipped Seq from 675 to 681
Skipped Seq from 682 to 684
Skipped Seq from 684 to 691
Skipped Seq from 691 to 695
Skipped Seq from 695 to 697
Skipped Seq from 697 to 699
Skipped Seq from 699 to 701
Skipped Seq from 703 to 705
Skipped Seq from 705 to 711
Skipped Seq from 711 to 718
Skipped Seq from 718 to 721
Skipped Seq from 721 to 723
Skipped Seq from 723 to 725
Skipped Seq from 725 to 727
Skipped Seq from 727 to 730
Skipped Seq from 730 to 732
Skipped Seq from 732 to 734
Skipped Seq from 734 to 736
Skipped Seq from 736 to 738
Skipped Seq from 741 to 743
Skipped Seq from 743 to 746
Skipped Seq from 746 to 748
Skipped Seq from 748 to 751
Skipped Seq from 751 to 755
Skipped Seq from 755 to 757
Skipped Seq from 758 to 760
Skipped Seq from 766 to 769
Skipped Seq from 772 to 774
Skipped Seq from 779 to 781
Skipped Seq from 782 to 784
Skipped Seq from 785 to 789
Skipped Seq from 792 to 794
Skipped Seq from 794 to 796
Skipped Seq from 798 to 800
Skipped Seq from 802 to 805
Skipped Seq from 805 to 807
Skipped Seq from 809 to 814
Skipped Seq from 815 to 817
Skipped Seq from 817 to 822
Skipped Seq from 823 to 825
Skipped Seq from 825 to 829
Skipped Seq from 829 to 834
Skipped Seq from 834 to 837
Skipped Seq from 837 to 840
Skipped Seq from 840 to 843
Skipped Seq from 844 to 846
Skipped Seq from 846 to 849
Skipped Seq from 849 to 853
Skipped Seq from 856 to 859
Skipped Seq from 859 to 861
Skipped Seq from 863 to 866
Skipped Seq from 868 to 870
Skipped Seq from 870 to 872
Skipped Seq from 872 to 875
Skipped Seq from 875 to 878
Skipped Seq from 878 to 881
Skipped Seq from 881 to 888
Skipped Seq from 889 to 896
Skipped Seq from 897 to 902
Skipped Seq from 902 to 907
Skipped Seq from 907 to 913
Skipped Seq from 913 to 920
Skipped Seq from 922 to 927
Skipped Seq from 927 to 929
Skipped Seq from 929 to 932
Skipped Seq from 932 to 935
Skipped Seq from 935 to 939
Skipped Seq from 939 to 941
Skipped Seq from 942 to 947
Skipped Seq from 947 to 950
Skipped Seq from 952 to 957
Skipped Seq from 957 to 960
Skipped Seq from 961 to 964
Skipped Seq from 967 to 969
Skipped Seq from 970 to 972
Skipped Seq from 977 to 990
Skipped Seq from 990 to 993
Skipped Seq from 993 to 997
Skipped Seq from 997 to 1002
Skipped Seq from 1002 to 1008
Skipped Seq from 1008 to 1014
Skipped Seq from 1014 to 1019
Skipped Seq from 1023 to 1025
Skipped Seq from 1030 to 1036
Skipped Seq from 1036 to 1038
Skipped Seq from 1040 to 1047
Skipped Seq from 1047 to 1049
Skipped Seq from 1050 to 1053
Skipped Seq from 1053 to 1056
Skipped Seq from 1056 to 1061
Skipped Seq from 1061 to 1063
Skipped Seq from 1064 to 1069
Skipped Seq from 1072 to 1074
Skipped Seq from 1102 to 1104
Skipped Seq from 2815 to 2817
Skipped Seq from 2817 to 2819
Skipped Seq from 2819 to 2827
Skipped Seq from 2827 to 2831
Skipped Seq from 2835 to 2851
Skipped Seq from 2851 to 2853
Skipped Seq from 2855 to 2857
Skipped Seq from 2863 to 2866
Skipped Seq from 2866 to 2870
Skipped Seq from 2875 to 2877
Skipped Seq from 2879 to 2881
Skipped Seq from 2881 to 2883
Skipped Seq from 2883 to 2885
Skipped Seq from 2885 to 2887
Skipped Seq from 2892 to 2894
Skipped Seq from 2898 to 2900
Skipped Seq from 2901 to 2903
Skipped Seq from 2905 to 2907
Skipped Seq from 2909 to 2911
Skipped Seq from 2913 to 2915
Skipped Seq from 2932 to 2934
Skipped Seq from 2939 to 2942
Skipped Seq from 2943 to 2945
Skipped Seq from 2945 to 2947
Skipped Seq from 2947 to 2949
Skipped Seq from 2955 to 2957
Skipped Seq from 2957 to 2959
Skipped Seq from 2963 to 2967
Skipped Seq from 2968 to 2974
Skipped Seq from 2976 to 2978
Skipped Seq from 2978 to 2980
Skipped Seq from 2983 to 2986
Skipped Seq from 2990 to 2992
Skipped Seq from 2992 to 2995
Skipped Seq from 3001 to 3003
Skipped Seq from 3013 to 3015
Skipped Seq from 3022 to 3024
Skipped Seq from 3054 to 3057
Skipped Seq from 3059 to 3061
Skipped Seq from 3061 to 3063
Skipped Seq from 3072 to 3078
Skipped Seq from 3081 to 3083
Skipped Seq from 3084 to 3086
Skipped Seq from 3089 to 3091
Skipped Seq from 3091 to 3093
Skipped Seq from 3094 to 3096
Skipped Seq from 3097 to 3099
Skipped Seq from 3100 to 3103
Skipped Seq from 3104 to 3106
Skipped Seq from 3110 to 3112
Skipped Seq from 3113 to 3115
Skipped Seq from 3116 to 3118
Skipped Seq from 3133 to 3136
Skipped Seq from 3143 to 3145
Skipped Seq from 3146 to 3149
Skipped Seq from 3153 to 3155
Skipped Seq from 3161 to 3163
Skipped Seq from 3168 to 3170
Skipped Seq from 3172 to 3174
Skipped Seq from 3178 to 3180
Skipped Seq from 3215 to 3217
Skipped Seq from 3230 to 3232
Skipped Seq from 3238 to 3245
Skipped Seq from 3246 to 3248
Skipped Seq from 3250 to 3253
Skipped Seq from 3269 to 3271
Skipped Seq from 3274 to 3276
Skipped Seq from 3276 to 3278
Skipped Seq from 3278 to 3280
Skipped Seq from 3287 to 3290
Skipped Seq from 3292 to 3294
Skipped Seq from 3296 to 3302
Skipped Seq from 3302 to 3305
Skipped Seq from 3306 to 3314
Skipped Seq from 3315 to 3317
Skipped Seq from 3317 to 3320
Skipped Seq from 3320 to 3324
Skipped Seq from 3325 to 3328
Skipped Seq from 3329 to 3333
Skipped Seq from 3334 to 3337
Skipped Seq from 3337 to 3339
Skipped Seq from 3339 to 3341
Skipped Seq from 3341 to 3343
Skipped Seq from 3343 to 3345
Skipped Seq from 3345 to 3347
Skipped Seq from 3347 to 3349
Skipped Seq from 3350 to 3355
Skipped Seq from 3355 to 3358
Skipped Seq from 3358 to 3363
Skipped Seq from 3363 to 3365
Skipped Seq from 3365 to 3369
Skipped Seq from 3372 to 3375
Skipped Seq from 3375 to 3382
Skipped Seq from 3382 to 3384
Skipped Seq from 3384 to 3391
Skipped Seq from 3391 to 3394
Skipped Seq from 3394 to 3398
Skipped Seq from 3398 to 3404
Skipped Seq from 3404 to 3410
Skipped Seq from 3410 to 3417
Number of times throttled: 9
Received: 2691 / 3417 packets
Start time: 1332763772.884425
End time: 1332763791.815799
Duration: 18.931374
