Starting client at 10.0.0.20:1290 with timeout:10
My IP address is 10.0.0.20Skipped Seq from 187 to 189
Skipped Seq from 211 to 213
Skipped Seq from 234 to 236
Skipped Seq from 259 to 261
Skipped Seq from 283 to 285
Skipped Seq from 308 to 310
Skipped Seq from 314 to 316
Skipped Seq from 316 to 321
Skipped Seq from 334 to 336
Skipped Seq from 339 to 341
Skipped Seq from 348 to 351
Skipped Seq from 362 to 364
Skipped Seq from 385 to 388
Skipped Seq from 388 to 390
Skipped Seq from 390 to 393
Skipped Seq from 393 to 396
Skipped Seq from 396 to 398
Skipped Seq from 401 to 403
Skipped Seq from 405 to 407
Skipped Seq from 423 to 440
Skipped Seq from 443 to 470
Skipped Seq from 480 to 482
Skipped Seq from 482 to 484
Skipped Seq from 497 to 499
Skipped Seq from 505 to 522
Skipped Seq from 546 to 552
Skipped Seq from 552 to 556
Skipped Seq from 556 to 558
Skipped Seq from 558 to 565
Skipped Seq from 565 to 569
Skipped Seq from 569 to 573
Skipped Seq from 573 to 582
Skipped Seq from 582 to 585
Skipped Seq from 585 to 587
Skipped Seq from 587 to 591
Skipped Seq from 592 to 594
Skipped Seq from 625 to 627
Skipped Seq from 627 to 629
Skipped Seq from 632 to 634
Skipped Seq from 640 to 642
Skipped Seq from 663 to 667
Skipped Seq from 669 to 686
Skipped Seq from 704 to 706
Skipped Seq from 709 to 711
Skipped Seq from 712 to 717
Skipped Seq from 723 to 740
Skipped Seq from 754 to 786
Skipped Seq from 804 to 806
Skipped Seq from 806 to 823
Skipped Seq from 827 to 829
Skipped Seq from 839 to 852
Skipped Seq from 871 to 873
Skipped Seq from 876 to 878
Skipped Seq from 887 to 889
Skipped Seq from 889 to 891
Skipped Seq from 892 to 894
Skipped Seq from 906 to 908
Skipped Seq from 909 to 911
Skipped Seq from 1152 to 1154
Skipped Seq from 1200 to 1202
Number of times throttled: 4
Received: 4989 / 5227 packets
Start time: 1332765204.339613
End time: 1332765231.557796
Duration: 27.218183
