Starting client at 10.0.0.28:1238 with timeout:10
My IP address is 10.0.0.28Skipped Seq from 980 to 985
Skipped Seq from 990 to 992
Skipped Seq from 994 to 996
Skipped Seq from 1002 to 1005
Skipped Seq from 1007 to 1009
Skipped Seq from 1014 to 1016
Skipped Seq from 1017 to 1019
Skipped Seq from 1023 to 1028
Skipped Seq from 1029 to 1034
Skipped Seq from 1034 to 1037
Skipped Seq from 1037 to 1039
Skipped Seq from 1042 to 1045
Skipped Seq from 1045 to 1047
Skipped Seq from 1049 to 1051
Skipped Seq from 1051 to 1053
Skipped Seq from 1053 to 1057
Skipped Seq from 1057 to 1063
Skipped Seq from 1063 to 1068
Skipped Seq from 1068 to 1070
Skipped Seq from 1072 to 1077
Skipped Seq from 1078 to 1080
Skipped Seq from 1085 to 1092
Skipped Seq from 1092 to 1097
Skipped Seq from 1098 to 1100
Skipped Seq from 1100 to 1107
Skipped Seq from 1107 to 1112
Skipped Seq from 1112 to 1118
Skipped Seq from 1118 to 1123
Skipped Seq from 1123 to 1127
Skipped Seq from 1127 to 1129
Skipped Seq from 1130 to 1132
Skipped Seq from 1134 to 1139
Skipped Seq from 1143 to 1149
Skipped Seq from 1149 to 1162
Skipped Seq from 1164 to 1167
Skipped Seq from 1168 to 1170
Skipped Seq from 1175 to 1177
Skipped Seq from 1183 to 1185
Skipped Seq from 1189 to 1191
Skipped Seq from 1192 to 1194
Skipped Seq from 1194 to 1200
Skipped Seq from 1206 to 1208
Skipped Seq from 1214 to 1219
Skipped Seq from 1219 to 1227
Skipped Seq from 1227 to 1230
Skipped Seq from 1231 to 1237
Skipped Seq from 1237 to 1242
Skipped Seq from 1242 to 1249
Skipped Seq from 1249 to 1254
Skipped Seq from 1254 to 1260
Skipped Seq from 1260 to 1265
Skipped Seq from 1266 to 1280
Skipped Seq from 1280 to 1282
Skipped Seq from 1282 to 1287
Skipped Seq from 1287 to 1290
Skipped Seq from 1290 to 1297
Skipped Seq from 1297 to 1304
Skipped Seq from 1304 to 1307
Skipped Seq from 1308 to 1310
Skipped Seq from 1311 to 1313
Skipped Seq from 1315 to 1317
Skipped Seq from 1318 to 1320
Skipped Seq from 1321 to 1323
Skipped Seq from 1325 to 1328
Skipped Seq from 1329 to 1337
Skipped Seq from 1337 to 1339
Skipped Seq from 1340 to 1342
Skipped Seq from 1343 to 1347
Skipped Seq from 1347 to 1350
Skipped Seq from 1350 to 1355
Skipped Seq from 1356 to 1359
Skipped Seq from 1359 to 1361
Skipped Seq from 1365 to 1367
Skipped Seq from 1368 to 1370
Skipped Seq from 1373 to 1378
Skipped Seq from 1378 to 1384
Skipped Seq from 1384 to 1387
Skipped Seq from 1389 to 1395
Skipped Seq from 1396 to 1402
Skipped Seq from 1402 to 1404
Skipped Seq from 1404 to 1406
Skipped Seq from 1410 to 1412
Skipped Seq from 1418 to 1424
Skipped Seq from 1425 to 1427
Skipped Seq from 1428 to 1430
Skipped Seq from 1431 to 1433
Skipped Seq from 1436 to 1443
Skipped Seq from 1443 to 1451
Skipped Seq from 1451 to 1454
Skipped Seq from 1457 to 1460
Skipped Seq from 1468 to 1470
Skipped Seq from 1476 to 1483
Skipped Seq from 1483 to 1487
Skipped Seq from 1489 to 1491
Skipped Seq from 1491 to 1496
Skipped Seq from 1496 to 1500
Skipped Seq from 1500 to 1503
Skipped Seq from 1503 to 1511
Skipped Seq from 1511 to 1522
Skipped Seq from 1525 to 1528
Skipped Seq from 1529 to 1536
Skipped Seq from 1536 to 1538
Skipped Seq from 1541 to 1543
Skipped Seq from 1543 to 1548
Skipped Seq from 1548 to 1550
Skipped Seq from 1552 to 1554
Skipped Seq from 1559 to 1561
Skipped Seq from 1561 to 1565
Skipped Seq from 1567 to 1569
Skipped Seq from 1569 to 1572
Skipped Seq from 1575 to 1578
Skipped Seq from 1581 to 1583
Skipped Seq from 1587 to 1591
Skipped Seq from 1591 to 1595
Skipped Seq from 1595 to 1597
Skipped Seq from 1597 to 1604
Skipped Seq from 1605 to 1612
Skipped Seq from 1612 to 1615
Skipped Seq from 1615 to 1617
Skipped Seq from 1621 to 1623
Skipped Seq from 1627 to 1629
Skipped Seq from 1629 to 1632
Skipped Seq from 1634 to 1638
Skipped Seq from 1641 to 1643
Skipped Seq from 1643 to 1645
Skipped Seq from 1649 to 1651
Skipped Seq from 1655 to 1657
Skipped Seq from 1657 to 1664
Skipped Seq from 1664 to 1669
Skipped Seq from 1669 to 1672
Skipped Seq from 1672 to 1674
Skipped Seq from 1677 to 1679
Skipped Seq from 1682 to 1684
Skipped Seq from 1688 to 1690
Skipped Seq from 1693 to 1695
Skipped Seq from 1697 to 1704
Skipped Seq from 1705 to 1708
Skipped Seq from 1710 to 1712
Skipped Seq from 1716 to 1718
Skipped Seq from 1731 to 1733
Skipped Seq from 1736 to 1742
Skipped Seq from 1742 to 1745
Skipped Seq from 1745 to 1750
Skipped Seq from 1750 to 1753
Skipped Seq from 1753 to 1760
Skipped Seq from 1763 to 1765
Skipped Seq from 1770 to 1781
Skipped Seq from 1781 to 1783
Skipped Seq from 1789 to 1791
Skipped Seq from 1791 to 1794
Skipped Seq from 1799 to 1801
Skipped Seq from 1805 to 1807
Skipped Seq from 1810 to 1812
Skipped Seq from 1813 to 1815
Skipped Seq from 1816 to 1823
Skipped Seq from 1823 to 1830
Skipped Seq from 1830 to 1848
Skipped Seq from 1848 to 1851
Skipped Seq from 1854 to 1856
Skipped Seq from 1856 to 1859
Skipped Seq from 1859 to 1862
Skipped Seq from 1866 to 1868
Skipped Seq from 1869 to 1872
Skipped Seq from 1873 to 1875
Skipped Seq from 1878 to 1880
Skipped Seq from 1888 to 1890
Skipped Seq from 1890 to 1892
Skipped Seq from 1894 to 1897
Skipped Seq from 1897 to 1899
Skipped Seq from 1900 to 1902
Skipped Seq from 1924 to 1926
Skipped Seq from 1926 to 1931
Skipped Seq from 1931 to 1938
Skipped Seq from 1939 to 1941
Skipped Seq from 1943 to 1945
Skipped Seq from 1947 to 1954
Skipped Seq from 1962 to 1964
Skipped Seq from 1969 to 1971
Skipped Seq from 1972 to 1974
Skipped Seq from 1978 to 1981
Skipped Seq from 1981 to 1987
Skipped Seq from 1987 to 1991
Skipped Seq from 1991 to 1994
Skipped Seq from 1995 to 1997
Skipped Seq from 1997 to 2004
Skipped Seq from 2004 to 2010
Skipped Seq from 2010 to 2012
Skipped Seq from 2013 to 2015
Skipped Seq from 2016 to 2018
Skipped Seq from 2018 to 2025
Skipped Seq from 2025 to 2027
Skipped Seq from 2027 to 2033
Skipped Seq from 2033 to 2039
Skipped Seq from 2039 to 2046
Skipped Seq from 2046 to 2048
Skipped Seq from 2052 to 2054
Skipped Seq from 2059 to 2061
Skipped Seq from 2061 to 2067
Skipped Seq from 2067 to 2073
Skipped Seq from 2073 to 2077
Skipped Seq from 2080 to 2082
Skipped Seq from 2083 to 2085
Skipped Seq from 2090 to 2093
Skipped Seq from 2097 to 2099
Skipped Seq from 2103 to 2105
Skipped Seq from 2111 to 2113
Skipped Seq from 2113 to 2120
Skipped Seq from 2120 to 2124
Skipped Seq from 2124 to 2128
Skipped Seq from 2128 to 2134
Skipped Seq from 2134 to 2141
Skipped Seq from 2142 to 2144
Skipped Seq from 2144 to 2154
Skipped Seq from 2155 to 2161
Skipped Seq from 2161 to 2163
Skipped Seq from 2166 to 2168
Skipped Seq from 2168 to 2173
Skipped Seq from 2177 to 2181
Skipped Seq from 2181 to 2185
Skipped Seq from 2188 to 2190
Skipped Seq from 2192 to 2194
Skipped Seq from 2197 to 2199
Skipped Seq from 2204 to 2207
Skipped Seq from 2211 to 2213
Skipped Seq from 2214 to 2216
Skipped Seq from 2223 to 2225
Skipped Seq from 2236 to 2242
Skipped Seq from 2242 to 2246
Skipped Seq from 2247 to 2250
Skipped Seq from 2252 to 2260
Skipped Seq from 2260 to 2265
Skipped Seq from 2265 to 2273
Skipped Seq from 2273 to 2281
Skipped Seq from 2281 to 2284
Skipped Seq from 2287 to 2290
Skipped Seq from 2292 to 2294
Skipped Seq from 2295 to 2299
Skipped Seq from 2299 to 2301
Skipped Seq from 2302 to 2305
Skipped Seq from 2305 to 2310
Skipped Seq from 2311 to 2313
Skipped Seq from 2315 to 2317
Skipped Seq from 2318 to 2320
Skipped Seq from 2322 to 2324
Skipped Seq from 2325 to 2334
Skipped Seq from 2339 to 2344
Skipped Seq from 2344 to 2346
Skipped Seq from 2346 to 2348
Skipped Seq from 2348 to 2357
Skipped Seq from 2357 to 2367
Skipped Seq from 2367 to 2370
Skipped Seq from 2370 to 2377
Skipped Seq from 2377 to 2381
Skipped Seq from 2388 to 2390
Skipped Seq from 2392 to 2394
Skipped Seq from 2398 to 2400
Skipped Seq from 2406 to 2408
Skipped Seq from 2411 to 2413
Skipped Seq from 2413 to 2421
Skipped Seq from 2421 to 2428
Skipped Seq from 2428 to 2432
Skipped Seq from 2432 to 2439
Skipped Seq from 2439 to 2448
Skipped Seq from 2449 to 2455
Skipped Seq from 2455 to 2459
Skipped Seq from 2459 to 2463
Skipped Seq from 2463 to 2473
Skipped Seq from 2473 to 2476
Skipped Seq from 2476 to 2483
Skipped Seq from 2483 to 2486
Skipped Seq from 2486 to 2489
Skipped Seq from 2490 to 2492
Skipped Seq from 2493 to 2495
Skipped Seq from 2499 to 2501
Skipped Seq from 2502 to 2507
Skipped Seq from 2507 to 2513
Skipped Seq from 2513 to 2524
Skipped Seq from 2524 to 2529
Skipped Seq from 2529 to 2538
Skipped Seq from 2538 to 2540
Skipped Seq from 2540 to 2547
Skipped Seq from 2547 to 2554
Skipped Seq from 2555 to 2564
Skipped Seq from 2564 to 2570
Skipped Seq from 2570 to 2577
Skipped Seq from 2577 to 2597
Skipped Seq from 2597 to 2610
Skipped Seq from 2610 to 2615
Skipped Seq from 2615 to 2619
Skipped Seq from 2619 to 2628
Skipped Seq from 2628 to 2638
Skipped Seq from 2638 to 2658
Skipped Seq from 2658 to 2674
Skipped Seq from 2676 to 2678
Skipped Seq from 2684 to 2686
Skipped Seq from 2692 to 2694
Skipped Seq from 2702 to 2704
Skipped Seq from 2709 to 2719
Skipped Seq from 2719 to 2723
Skipped Seq from 2731 to 2733
Skipped Seq from 2755 to 2757
Skipped Seq from 2762 to 2766
Skipped Seq from 2777 to 2779
Skipped Seq from 2782 to 2786
Skipped Seq from 2791 to 2793
Skipped Seq from 2797 to 2799
Skipped Seq from 2817 to 2821
Skipped Seq from 2826 to 2830
Skipped Seq from 2835 to 2837
Skipped Seq from 2847 to 2851
Skipped Seq from 2854 to 2866
Skipped Seq from 2866 to 2871
Skipped Seq from 2871 to 2876
Skipped Seq from 2876 to 2884
Skipped Seq from 2884 to 2886
Skipped Seq from 2887 to 2892
Skipped Seq from 2893 to 2895
Skipped Seq from 2898 to 2900
Skipped Seq from 2903 to 2905
Skipped Seq from 2905 to 2907
Skipped Seq from 2907 to 2917
Skipped Seq from 2917 to 2920
Skipped Seq from 2924 to 2926
Skipped Seq from 2926 to 2931
Skipped Seq from 2937 to 2941
Skipped Seq from 2941 to 2946
Skipped Seq from 2946 to 2954
Skipped Seq from 2954 to 2959
Skipped Seq from 2960 to 2962
Skipped Seq from 2964 to 2967
Skipped Seq from 2969 to 2971
Skipped Seq from 2973 to 2975
Skipped Seq from 2979 to 2981
Skipped Seq from 2989 to 2991
Skipped Seq from 3010 to 3012
Skipped Seq from 3016 to 3018
Skipped Seq from 3022 to 3024
Skipped Seq from 3024 to 3027
Skipped Seq from 3027 to 3035
Skipped Seq from 3035 to 3038
Skipped Seq from 3039 to 3041
Skipped Seq from 3041 to 3043
Skipped Seq from 3044 to 3046
Skipped Seq from 3048 to 3051
Skipped Seq from 3070 to 3072
Skipped Seq from 3079 to 3081
Skipped Seq from 3134 to 3136
Skipped Seq from 3138 to 3142
Skipped Seq from 3142 to 3145
Skipped Seq from 3145 to 3147
Skipped Seq from 3147 to 3153
Skipped Seq from 3153 to 3155
Skipped Seq from 3155 to 3157
Skipped Seq from 3157 to 3159
Skipped Seq from 3245 to 3251
Skipped Seq from 12474 to 12476
Skipped Seq from 12487 to 12489
Skipped Seq from 12494 to 12496
Skipped Seq from 12502 to 12506
Skipped Seq from 12508 to 12510
Skipped Seq from 12512 to 12519
Skipped Seq from 12522 to 12526
Skipped Seq from 12526 to 12529
Skipped Seq from 12544 to 12547
Skipped Seq from 12549 to 12552
Skipped Seq from 12559 to 12561
Skipped Seq from 12563 to 12565
Skipped Seq from 12573 to 12575
Skipped Seq from 12576 to 12579
Skipped Seq from 12580 to 12583
Skipped Seq from 12583 to 12586
Skipped Seq from 12588 to 12590
Skipped Seq from 12590 to 12593
Skipped Seq from 12595 to 12597
Skipped Seq from 12599 to 12601
Skipped Seq from 12607 to 12609
Skipped Seq from 12613 to 12616
Skipped Seq from 12620 to 12624
Skipped Seq from 12625 to 12627
Skipped Seq from 12631 to 12633
Skipped Seq from 12642 to 12644
Skipped Seq from 12663 to 12665
Skipped Seq from 12666 to 12668
Skipped Seq from 12668 to 12671
Skipped Seq from 12672 to 12674
Skipped Seq from 12679 to 12682
Skipped Seq from 12684 to 12687
Skipped Seq from 12688 to 12690
Skipped Seq from 12697 to 12699
Skipped Seq from 12700 to 12703
Skipped Seq from 12703 to 12705
Skipped Seq from 12706 to 12708
Skipped Seq from 12711 to 12713
Skipped Seq from 12715 to 12717
Skipped Seq from 12723 to 12725
Skipped Seq from 12727 to 12730
Skipped Seq from 12731 to 12733
Skipped Seq from 12734 to 12736
Skipped Seq from 12737 to 12739
Skipped Seq from 12739 to 12741
Skipped Seq from 12752 to 12754
Skipped Seq from 12762 to 12765
Skipped Seq from 12766 to 12768
Skipped Seq from 12768 to 12772
Skipped Seq from 12773 to 12775
Skipped Seq from 12775 to 12778
Skipped Seq from 12780 to 12782
Skipped Seq from 12782 to 12784
Skipped Seq from 12786 to 12788
Skipped Seq from 12789 to 12791
Skipped Seq from 12829 to 12831
Skipped Seq from 12831 to 12834
Skipped Seq from 12835 to 12837
Skipped Seq from 12837 to 12840
Skipped Seq from 12841 to 12843
Skipped Seq from 12854 to 12858
Skipped Seq from 12859 to 12861
Skipped Seq from 12861 to 12864
Skipped Seq from 12864 to 12866
Skipped Seq from 12866 to 12868
Skipped Seq from 12872 to 12874
Skipped Seq from 12875 to 12877
Skipped Seq from 12877 to 12879
Skipped Seq from 12885 to 12887
Skipped Seq from 12888 to 12890
Skipped Seq from 12891 to 12893
Skipped Seq from 12893 to 12895
Skipped Seq from 12895 to 12897
Skipped Seq from 12897 to 12899
Skipped Seq from 12917 to 12919
Skipped Seq from 12922 to 12924
Skipped Seq from 12925 to 12927
Skipped Seq from 12965 to 12967
Skipped Seq from 12967 to 12969
Skipped Seq from 12973 to 12975
Skipped Seq from 12983 to 12986
Skipped Seq from 12986 to 12988
Skipped Seq from 12988 to 12990
Skipped Seq from 12992 to 12995
Skipped Seq from 13001 to 13004
Skipped Seq from 13004 to 13007
Skipped Seq from 13009 to 13011
Skipped Seq from 13012 to 13014
Skipped Seq from 13017 to 13019
Skipped Seq from 13023 to 13025
Skipped Seq from 13026 to 13028
Skipped Seq from 13029 to 13031
Skipped Seq from 13031 to 13034
Skipped Seq from 13034 to 13037
Skipped Seq from 13038 to 13040
Skipped Seq from 13041 to 13043
Skipped Seq from 13044 to 13046
Skipped Seq from 13047 to 13050
Skipped Seq from 13053 to 13057
Skipped Seq from 13058 to 13060
Skipped Seq from 13060 to 13062
Skipped Seq from 13063 to 13065
Skipped Seq from 13065 to 13068
Skipped Seq from 13075 to 13077
Skipped Seq from 13077 to 13079
Skipped Seq from 13080 to 13082
Skipped Seq from 13083 to 13085
Skipped Seq from 13086 to 13088
Skipped Seq from 13088 to 13091
Skipped Seq from 13094 to 13097
Skipped Seq from 13098 to 13100
Skipped Seq from 13101 to 13104
Skipped Seq from 13114 to 13118
Skipped Seq from 13118 to 13120
Skipped Seq from 13121 to 13123
Skipped Seq from 13132 to 13134
Skipped Seq from 13145 to 13148
Skipped Seq from 13156 to 13159
Skipped Seq from 13168 to 13170
Skipped Seq from 13170 to 13173
Skipped Seq from 13174 to 13176
Skipped Seq from 13178 to 13180
Skipped Seq from 13180 to 13182
Skipped Seq from 13182 to 13185
Skipped Seq from 13185 to 13188
Skipped Seq from 13189 to 13193
Skipped Seq from 13195 to 13197
Skipped Seq from 13197 to 13201
Skipped Seq from 13202 to 13204
Skipped Seq from 13206 to 13209
Skipped Seq from 13209 to 13212
Skipped Seq from 13212 to 13214
Skipped Seq from 13214 to 13216
Skipped Seq from 13218 to 13220
Skipped Seq from 13221 to 13223
Skipped Seq from 13226 to 13228
Skipped Seq from 13229 to 13231
Skipped Seq from 13233 to 13235
Skipped Seq from 13235 to 13237
Skipped Seq from 13237 to 13239
Skipped Seq from 13241 to 13243
Skipped Seq from 13245 to 13247
Skipped Seq from 13247 to 13249
Skipped Seq from 13250 to 13252
Skipped Seq from 13253 to 13257
Skipped Seq from 13257 to 13259
Skipped Seq from 13260 to 13263
Skipped Seq from 13275 to 13277
Skipped Seq from 13279 to 13281
Skipped Seq from 13287 to 13289
Skipped Seq from 13304 to 13307
Skipped Seq from 13319 to 13321
Skipped Seq from 13321 to 13324
Skipped Seq from 13324 to 13326
Skipped Seq from 13327 to 13329
Skipped Seq from 13337 to 13340
Skipped Seq from 13343 to 13345
Skipped Seq from 13347 to 13350
Skipped Seq from 13353 to 13355
Skipped Seq from 13355 to 13357
Skipped Seq from 13371 to 13374
Skipped Seq from 13374 to 13376
Skipped Seq from 13376 to 13379
Skipped Seq from 13379 to 13381
Skipped Seq from 13406 to 13408
Skipped Seq from 13436 to 13438
Skipped Seq from 13448 to 13450
Skipped Seq from 13457 to 13459
Skipped Seq from 13460 to 13462
Skipped Seq from 13462 to 13464
Skipped Seq from 13466 to 13469
Skipped Seq from 13470 to 13472
Skipped Seq from 13474 to 13477
Skipped Seq from 13477 to 13480
Skipped Seq from 13484 to 13486
Skipped Seq from 13492 to 13494
Skipped Seq from 13494 to 13497
Skipped Seq from 13502 to 13504
Skipped Seq from 13504 to 13506
Skipped Seq from 13506 to 13508
Skipped Seq from 13512 to 13515
Skipped Seq from 13522 to 13524
Skipped Seq from 13526 to 13529
Skipped Seq from 13529 to 13532
Skipped Seq from 13533 to 13536
Skipped Seq from 13537 to 13539
Skipped Seq from 13540 to 13542
Skipped Seq from 13548 to 13550
Skipped Seq from 13551 to 13553
Skipped Seq from 13556 to 13558
Skipped Seq from 13558 to 13561
Skipped Seq from 13568 to 13570
Skipped Seq from 13579 to 13581
Skipped Seq from 13589 to 13592
Skipped Seq from 13594 to 13596
Skipped Seq from 13599 to 13601
Skipped Seq from 13615 to 13619
Skipped Seq from 13620 to 13622
Skipped Seq from 13634 to 13636
Skipped Seq from 13645 to 13648
Skipped Seq from 13648 to 13651
Skipped Seq from 13651 to 13656
Skipped Seq from 13656 to 13658
Skipped Seq from 13658 to 13660
Skipped Seq from 13661 to 13663
Skipped Seq from 13666 to 13668
Skipped Seq from 13669 to 13672
Skipped Seq from 13672 to 13674
Skipped Seq from 13676 to 13679
Skipped Seq from 13681 to 13683
Skipped Seq from 13685 to 13687
Skipped Seq from 13687 to 13689
Skipped Seq from 13690 to 13693
Skipped Seq from 13698 to 13700
Skipped Seq from 13703 to 13706
Skipped Seq from 13706 to 13708
Skipped Seq from 13709 to 13711
Skipped Seq from 13716 to 13718
Skipped Seq from 13722 to 13724
Skipped Seq from 13725 to 13727
Skipped Seq from 13732 to 13734
Skipped Seq from 13735 to 13738
Skipped Seq from 13741 to 13744
Skipped Seq from 13745 to 13747
Skipped Seq from 13747 to 13750
Skipped Seq from 13752 to 13754
Skipped Seq from 13757 to 13759
Skipped Seq from 13775 to 13777
Skipped Seq from 13777 to 13779
Skipped Seq from 13779 to 13782
Skipped Seq from 13782 to 13784
Skipped Seq from 13787 to 13789
Skipped Seq from 13795 to 13797
Skipped Seq from 13798 to 13801
Skipped Seq from 13810 to 13812
Skipped Seq from 13819 to 13822
Skipped Seq from 13822 to 13824
Skipped Seq from 13829 to 13831
Skipped Seq from 13835 to 13837
Skipped Seq from 13840 to 13842
Skipped Seq from 13843 to 13845
Skipped Seq from 13845 to 13847
Skipped Seq from 13847 to 13849
Skipped Seq from 13850 to 13852
Skipped Seq from 13852 to 13854
Skipped Seq from 13855 to 13857
Skipped Seq from 13869 to 13871
Skipped Seq from 13888 to 13890
Skipped Seq from 13890 to 13893
Skipped Seq from 13894 to 13899
Skipped Seq from 13899 to 13901
Skipped Seq from 13902 to 13905
Skipped Seq from 13906 to 13908
Skipped Seq from 13909 to 13911
Skipped Seq from 13911 to 13915
Skipped Seq from 13916 to 13919
Skipped Seq from 13919 to 13921
Skipped Seq from 13921 to 13924
Skipped Seq from 13925 to 13928
Skipped Seq from 13931 to 13933
Skipped Seq from 13934 to 13936
Skipped Seq from 13936 to 13939
Skipped Seq from 13948 to 13950
Skipped Seq from 13950 to 13952
Skipped Seq from 13952 to 13954
Skipped Seq from 13964 to 13966
Skipped Seq from 13969 to 13971
Skipped Seq from 13972 to 13974
Skipped Seq from 13977 to 13981
Skipped Seq from 13982 to 13984
Skipped Seq from 13985 to 13988
Skipped Seq from 13988 to 13990
Skipped Seq from 13990 to 13992
Skipped Seq from 13992 to 13994
Skipped Seq from 13995 to 13997
Skipped Seq from 13998 to 14000
Skipped Seq from 14002 to 14005
Skipped Seq from 14005 to 14007
Skipped Seq from 14009 to 14011
Skipped Seq from 14011 to 14014
Skipped Seq from 14019 to 14021
Skipped Seq from 14029 to 14031
Skipped Seq from 14031 to 14034
Skipped Seq from 14034 to 14037
Skipped Seq from 14038 to 14040
Skipped Seq from 14040 to 14042
Skipped Seq from 14045 to 14047
Skipped Seq from 14054 to 14059
Skipped Seq from 14061 to 14063
Skipped Seq from 14075 to 14077
Skipped Seq from 14077 to 14080
Skipped Seq from 14081 to 14083
Skipped Seq from 14083 to 14085
Skipped Seq from 14086 to 14088
Skipped Seq from 14088 to 14090
Skipped Seq from 14099 to 14102
Skipped Seq from 14106 to 14109
Skipped Seq from 14109 to 14111
Skipped Seq from 14111 to 14114
Skipped Seq from 14114 to 14117
Skipped Seq from 14117 to 14120
Skipped Seq from 14120 to 14124
Skipped Seq from 14124 to 14127
Skipped Seq from 14141 to 14143
Skipped Seq from 14146 to 14148
Skipped Seq from 14148 to 14150
Skipped Seq from 14169 to 14171
Skipped Seq from 14183 to 14185
Skipped Seq from 14189 to 14191
Skipped Seq from 14197 to 14199
Skipped Seq from 14203 to 14205
Skipped Seq from 14205 to 14207
Skipped Seq from 14209 to 14211
Skipped Seq from 14211 to 14213
Skipped Seq from 14213 to 14216
Skipped Seq from 14216 to 14218
Skipped Seq from 14220 to 14222
Skipped Seq from 14222 to 14224
Skipped Seq from 14225 to 14227
Skipped Seq from 14230 to 14232
Skipped Seq from 14236 to 14238
Skipped Seq from 14238 to 14240
Skipped Seq from 14241 to 14244
Skipped Seq from 14245 to 14247
Skipped Seq from 14247 to 14249
Skipped Seq from 14251 to 14253
Skipped Seq from 14256 to 14258
Skipped Seq from 14260 to 14262
Skipped Seq from 14271 to 14275
Skipped Seq from 14275 to 14279
Skipped Seq from 14279 to 14281
Skipped Seq from 14281 to 14283
Skipped Seq from 14283 to 14286
Skipped Seq from 14286 to 14288
Skipped Seq from 14289 to 14291
Skipped Seq from 14295 to 14298
Skipped Seq from 14298 to 14300
Skipped Seq from 14301 to 14303
Skipped Seq from 14310 to 14313
Skipped Seq from 14314 to 14316
Skipped Seq from 14316 to 14318
Skipped Seq from 14318 to 14320
Skipped Seq from 14327 to 14329
Skipped Seq from 14337 to 14339
Skipped Seq from 14341 to 14343
Skipped Seq from 14343 to 14345
Skipped Seq from 14346 to 14348
Skipped Seq from 14349 to 14351
Skipped Seq from 14352 to 14354
Skipped Seq from 14355 to 14357
Skipped Seq from 14357 to 14359
Skipped Seq from 14359 to 14362
Skipped Seq from 14363 to 14366
Skipped Seq from 14367 to 14370
Skipped Seq from 14373 to 14375
Skipped Seq from 14380 to 14382
Skipped Seq from 14382 to 14384
Skipped Seq from 14385 to 14388
Skipped Seq from 14388 to 14390
Skipped Seq from 14391 to 14394
Skipped Seq from 14394 to 14396
Skipped Seq from 14396 to 14398
Skipped Seq from 14398 to 14400
Skipped Seq from 14400 to 14402
Skipped Seq from 14402 to 14404
Skipped Seq from 14404 to 14407
Skipped Seq from 14407 to 14409
Number of times throttled: 5
Received: 28841 / 30450 packets
Start time: 1315216841.293608
End time: 1315216877.067613
Duration: 35.774005
