Starting client at 10.0.0.13:1240 with timeout:10
My IP address is 10.0.0.13Skipped Seq from 670 to 675
Skipped Seq from 681 to 683
Skipped Seq from 704 to 706
Skipped Seq from 730 to 732
Skipped Seq from 844 to 846
Skipped Seq from 871 to 873
Skipped Seq from 898 to 900
Skipped Seq from 914 to 916
Skipped Seq from 943 to 945
Skipped Seq from 1061 to 1063
Skipped Seq from 1085 to 1087
Skipped Seq from 1110 to 1112
Skipped Seq from 1161 to 1163
Skipped Seq from 1187 to 1189
Skipped Seq from 1347 to 1349
Skipped Seq from 1359 to 1361
Skipped Seq from 1382 to 1384
Skipped Seq from 1397 to 1399
Skipped Seq from 1405 to 1407
Skipped Seq from 1429 to 1431
Skipped Seq from 1446 to 1448
Skipped Seq from 1456 to 1458
Skipped Seq from 1481 to 1483
Skipped Seq from 1496 to 1498
Skipped Seq from 1505 to 1507
Skipped Seq from 1533 to 1535
Skipped Seq from 1546 to 1548
Skipped Seq from 1555 to 1557
Skipped Seq from 1579 to 1581
Skipped Seq from 1595 to 1597
Skipped Seq from 1602 to 1604
Skipped Seq from 1628 to 1630
Skipped Seq from 1644 to 1646
Skipped Seq from 1654 to 1656
Skipped Seq from 1679 to 1681
Skipped Seq from 1695 to 1697
Skipped Seq from 1704 to 1706
Skipped Seq from 1731 to 1733
Skipped Seq from 1744 to 1746
Skipped Seq from 1754 to 1756
Skipped Seq from 2144 to 2146
Skipped Seq from 2153 to 2155
Skipped Seq from 2177 to 2179
Skipped Seq from 2193 to 2195
Skipped Seq from 2202 to 2204
Skipped Seq from 2229 to 2231
Skipped Seq from 2243 to 2245
Skipped Seq from 2255 to 2257
Skipped Seq from 2276 to 2278
Skipped Seq from 2296 to 2298
Skipped Seq from 2308 to 2310
Skipped Seq from 2319 to 2321
Skipped Seq from 2346 to 2348
Skipped Seq from 2359 to 2361
Skipped Seq from 2371 to 2373
Skipped Seq from 2396 to 2398
Skipped Seq from 2410 to 2412
Skipped Seq from 2420 to 2422
Skipped Seq from 2444 to 2446
Skipped Seq from 2460 to 2462
Skipped Seq from 2468 to 2470
Skipped Seq from 2490 to 2492
Skipped Seq from 2507 to 2509
Skipped Seq from 2516 to 2518
Skipped Seq from 2541 to 2543
Skipped Seq from 2556 to 2558
Skipped Seq from 2581 to 2583
Skipped Seq from 2591 to 2593
Skipped Seq from 2605 to 2607
Skipped Seq from 2629 to 2631
Number of times throttled: 4
Received: 6313 / 6386 packets
Start time: 1332805784.882300
End time: 1332805819.901420
Duration: 35.019120
