Starting client at 10.0.0.20:1246 with timeout:10
My IP address is 10.0.0.20Skipped Seq from 21 to 35
Skipped Seq from 41 to 43
Skipped Seq from 43 to 51
Skipped Seq from 55 to 58
Skipped Seq from 58 to 63
Skipped Seq from 64 to 69
Skipped Seq from 69 to 75
Skipped Seq from 78 to 82
Skipped Seq from 83 to 91
Skipped Seq from 91 to 98
Skipped Seq from 100 to 114
Skipped Seq from 114 to 118
Skipped Seq from 130 to 135
Skipped Seq from 135 to 150
Skipped Seq from 161 to 167
Skipped Seq from 167 to 179
Skipped Seq from 179 to 183
Skipped Seq from 183 to 189
Skipped Seq from 191 to 196
Skipped Seq from 196 to 198
Skipped Seq from 198 to 201
Skipped Seq from 201 to 205
Skipped Seq from 207 to 210
Skipped Seq from 210 to 212
Skipped Seq from 216 to 223
Skipped Seq from 223 to 230
Skipped Seq from 230 to 233
Skipped Seq from 233 to 237
Skipped Seq from 238 to 250
Skipped Seq from 253 to 255
Skipped Seq from 255 to 259
Skipped Seq from 260 to 265
Skipped Seq from 265 to 272
Skipped Seq from 272 to 289
Skipped Seq from 289 to 300
Skipped Seq from 306 to 311
Skipped Seq from 311 to 336
Skipped Seq from 336 to 344
Skipped Seq from 344 to 356
Skipped Seq from 356 to 373
Skipped Seq from 373 to 385
Skipped Seq from 385 to 401
Skipped Seq from 401 to 420
Skipped Seq from 420 to 426
Skipped Seq from 426 to 429
Skipped Seq from 429 to 452
Skipped Seq from 453 to 462
Skipped Seq from 462 to 466
Skipped Seq from 468 to 478
Skipped Seq from 478 to 484
Skipped Seq from 485 to 489
Skipped Seq from 490 to 500
Skipped Seq from 505 to 508
Skipped Seq from 508 to 514
Skipped Seq from 515 to 523
Skipped Seq from 529 to 536
Skipped Seq from 536 to 544
Skipped Seq from 544 to 546
Skipped Seq from 546 to 548
Skipped Seq from 549 to 552
Skipped Seq from 553 to 556
Skipped Seq from 556 to 558
Skipped Seq from 566 to 575
Skipped Seq from 575 to 585
Skipped Seq from 587 to 601
Skipped Seq from 602 to 607
Skipped Seq from 608 to 612
Skipped Seq from 612 to 630
Skipped Seq from 633 to 645
Skipped Seq from 645 to 662
Skipped Seq from 662 to 674
Skipped Seq from 675 to 678
Skipped Seq from 678 to 699
Skipped Seq from 699 to 721
Skipped Seq from 721 to 729
Skipped Seq from 729 to 731
Skipped Seq from 731 to 749
Skipped Seq from 749 to 763
Skipped Seq from 787 to 796
Skipped Seq from 796 to 815
Skipped Seq from 815 to 821
Skipped Seq from 833 to 843
Skipped Seq from 843 to 862
Skipped Seq from 862 to 877
Skipped Seq from 885 to 898
Skipped Seq from 898 to 927
Skipped Seq from 927 to 947
Skipped Seq from 947 to 958
Skipped Seq from 966 to 969
Skipped Seq from 970 to 984
Skipped Seq from 984 to 1002
Skipped Seq from 1002 to 1021
Skipped Seq from 1021 to 1029
Skipped Seq from 1043 to 1055
Skipped Seq from 1055 to 1064
Skipped Seq from 1075 to 1090
Skipped Seq from 1090 to 1110
Skipped Seq from 1110 to 1112
Skipped Seq from 1121 to 1124
Skipped Seq from 1135 to 1146
Skipped Seq from 1146 to 1164
Skipped Seq from 1168 to 1179
Skipped Seq from 1228 to 1232
Skipped Seq from 1232 to 1238
Skipped Seq from 1291 to 1304
Skipped Seq from 1304 to 1323
Skipped Seq from 1323 to 1342
Skipped Seq from 1342 to 1361
Skipped Seq from 1361 to 1381
Skipped Seq from 1381 to 1386
Skipped Seq from 1386 to 1395
Skipped Seq from 1437 to 1440
Skipped Seq from 1440 to 1453
Skipped Seq from 1453 to 1462
Skipped Seq from 1493 to 1505
Skipped Seq from 1524 to 1535
Skipped Seq from 1554 to 1568
Skipped Seq from 1568 to 1588
Skipped Seq from 1588 to 1605
Skipped Seq from 1605 to 1614
Skipped Seq from 1626 to 1632
Skipped Seq from 1632 to 1647
Skipped Seq from 1647 to 1660
Skipped Seq from 1660 to 1671
Skipped Seq from 1686 to 1690
Skipped Seq from 1690 to 1708
Skipped Seq from 1708 to 1714
Skipped Seq from 1745 to 1753
Skipped Seq from 1753 to 1766
Skipped Seq from 1766 to 1788
Skipped Seq from 1788 to 1803
Skipped Seq from 1878 to 1888
Skipped Seq from 1888 to 1900
Skipped Seq from 1911 to 1913
Skipped Seq from 1913 to 1922
Skipped Seq from 1922 to 1932
Skipped Seq from 1947 to 1959
Skipped Seq from 1959 to 1979
Skipped Seq from 1979 to 1994
Skipped Seq from 2013 to 2016
Skipped Seq from 2026 to 2041
Skipped Seq from 2041 to 2049
Skipped Seq from 2063 to 2073
Skipped Seq from 2073 to 2090
Skipped Seq from 2090 to 2106
Skipped Seq from 2117 to 2133
Skipped Seq from 2133 to 2150
Skipped Seq from 2157 to 2163
Skipped Seq from 2163 to 2170
Skipped Seq from 2175 to 2177
Skipped Seq from 2177 to 2182
Skipped Seq from 2195 to 2206
Skipped Seq from 2206 to 2226
Skipped Seq from 2226 to 2245
Skipped Seq from 2245 to 2253
Skipped Seq from 2265 to 2270
Skipped Seq from 2270 to 2290
Skipped Seq from 2290 to 2309
Skipped Seq from 2309 to 2314
Skipped Seq from 2341 to 2358
Skipped Seq from 2358 to 2372
Skipped Seq from 2390 to 2398
Skipped Seq from 2420 to 2422
Skipped Seq from 2436 to 2448
Skipped Seq from 2448 to 2467
Skipped Seq from 2467 to 2484
Skipped Seq from 2484 to 2492
Skipped Seq from 2510 to 2520
Skipped Seq from 2520 to 2541
Skipped Seq from 2541 to 2547
Skipped Seq from 2585 to 2593
Skipped Seq from 2593 to 2612
Skipped Seq from 2612 to 2624
Skipped Seq from 2645 to 2655
Skipped Seq from 2655 to 2659
Skipped Seq from 2664 to 2668
Skipped Seq from 2668 to 2671
Skipped Seq from 2676 to 2681
Skipped Seq from 2691 to 2711
Skipped Seq from 2711 to 2742
Skipped Seq from 2758 to 2762
Skipped Seq from 2767 to 2779
Skipped Seq from 2779 to 2785
Skipped Seq from 2786 to 2792
Skipped Seq from 2792 to 2805
Skipped Seq from 2805 to 2818
Skipped Seq from 2818 to 2836
Skipped Seq from 2851 to 2857
Skipped Seq from 2857 to 2879
Skipped Seq from 2895 to 2908
Skipped Seq from 2919 to 2940
Skipped Seq from 2940 to 2943
Skipped Seq from 2950 to 2954
Skipped Seq from 2954 to 2962
Skipped Seq from 2966 to 2973
Skipped Seq from 2974 to 2977
Skipped Seq from 2977 to 2979
Skipped Seq from 2982 to 2988
Skipped Seq from 2989 to 2993
Skipped Seq from 2993 to 2996
Skipped Seq from 2997 to 2999
Skipped Seq from 3000 to 3002
Skipped Seq from 3005 to 3011
Skipped Seq from 3015 to 3022
Skipped Seq from 3023 to 3026
Skipped Seq from 3028 to 3032
Skipped Seq from 3034 to 3038
Skipped Seq from 3068 to 3077
Skipped Seq from 3079 to 3090
Skipped Seq from 3090 to 3109
Skipped Seq from 3112 to 3119
Skipped Seq from 3123 to 3128
Skipped Seq from 3129 to 3132
Skipped Seq from 3133 to 3138
Skipped Seq from 3139 to 3142
Skipped Seq from 3147 to 3152
Skipped Seq from 3152 to 3154
Skipped Seq from 3158 to 3165
Skipped Seq from 3167 to 3172
Skipped Seq from 3175 to 3181
Skipped Seq from 3182 to 3185
Skipped Seq from 3185 to 3188
Skipped Seq from 3188 to 3190
Skipped Seq from 3191 to 3193
Skipped Seq from 3194 to 3197
Skipped Seq from 3197 to 3199
Skipped Seq from 3200 to 3204
Skipped Seq from 3204 to 3207
Skipped Seq from 3211 to 3216
Skipped Seq from 3217 to 3220
Skipped Seq from 3221 to 3224
Skipped Seq from 3224 to 3227
Skipped Seq from 3230 to 3233
Skipped Seq from 3240 to 3250
Skipped Seq from 3254 to 3262
Skipped Seq from 3262 to 3264
Skipped Seq from 3264 to 3266
Skipped Seq from 3266 to 3268
Skipped Seq from 3268 to 3270
Skipped Seq from 3274 to 3280
Skipped Seq from 3282 to 3287
Skipped Seq from 3287 to 3289
Skipped Seq from 3289 to 3291
Skipped Seq from 3292 to 3295
Skipped Seq from 3296 to 3298
Skipped Seq from 3298 to 3301
Skipped Seq from 3303 to 3307
Skipped Seq from 3307 to 3310
Skipped Seq from 3311 to 3314
Skipped Seq from 3316 to 3320
Skipped Seq from 3321 to 3323
Skipped Seq from 3323 to 3325
Skipped Seq from 3325 to 3328
Skipped Seq from 3329 to 3332
Skipped Seq from 3333 to 3335
Skipped Seq from 3338 to 3344
Skipped Seq from 3344 to 3347
Skipped Seq from 3347 to 3349
Skipped Seq from 3351 to 3355
Skipped Seq from 3356 to 3358
Skipped Seq from 3361 to 3367
Skipped Seq from 3371 to 3377
Skipped Seq from 3379 to 3383
Skipped Seq from 3384 to 3388
Skipped Seq from 3390 to 3394
Skipped Seq from 3395 to 3398
Skipped Seq from 3399 to 3403
Skipped Seq from 3407 to 3412
Skipped Seq from 3413 to 3415
Skipped Seq from 3417 to 3421
Skipped Seq from 3421 to 3424
Skipped Seq from 3424 to 3427
Skipped Seq from 3427 to 3429
Skipped Seq from 3429 to 3432
Skipped Seq from 3433 to 3436
Skipped Seq from 3437 to 3440
Skipped Seq from 3440 to 3442
Skipped Seq from 3444 to 3446
Skipped Seq from 3448 to 3453
Skipped Seq from 3453 to 3455
Skipped Seq from 3455 to 3458
Skipped Seq from 3458 to 3461
Skipped Seq from 3464 to 3468
Skipped Seq from 3470 to 3472
Skipped Seq from 3472 to 3474
Skipped Seq from 3480 to 3483
Skipped Seq from 3489 to 3491
Skipped Seq from 3492 to 3509
Skipped Seq from 3516 to 3525
Skipped Seq from 3529 to 3537
Skipped Seq from 3540 to 3545
Skipped Seq from 3546 to 3549
Skipped Seq from 3549 to 3551
Skipped Seq from 3555 to 3561
Skipped Seq from 3566 to 3574
Skipped Seq from 3579 to 3585
Skipped Seq from 3586 to 3589
Skipped Seq from 3590 to 3595
Skipped Seq from 3599 to 3605
Skipped Seq from 3609 to 3614
Skipped Seq from 3615 to 3620
Skipped Seq from 3622 to 3626
Skipped Seq from 3628 to 3632
Skipped Seq from 3633 to 3636
Skipped Seq from 3639 to 3645
Skipped Seq from 3647 to 3649
Skipped Seq from 3651 to 3655
Skipped Seq from 3656 to 3661
Skipped Seq from 3661 to 3663
Skipped Seq from 3664 to 3668
Skipped Seq from 3669 to 3671
Skipped Seq from 3672 to 3675
Skipped Seq from 3676 to 3680
Skipped Seq from 3682 to 3685
Skipped Seq from 3685 to 3687
Skipped Seq from 3688 to 3691
Skipped Seq from 3692 to 3695
Skipped Seq from 3695 to 3697
Skipped Seq from 3697 to 3699
Skipped Seq from 3699 to 3703
Skipped Seq from 3704 to 3706
Skipped Seq from 3709 to 3713
Skipped Seq from 3716 to 3723
Skipped Seq from 3724 to 3726
Skipped Seq from 3726 to 3729
Skipped Seq from 3729 to 3731
Skipped Seq from 3735 to 3741
Skipped Seq from 3745 to 3751
Skipped Seq from 3756 to 3764
Skipped Seq from 3766 to 3770
Skipped Seq from 3776 to 3782
Skipped Seq from 3782 to 3785
Skipped Seq from 3786 to 3791
Skipped Seq from 3791 to 3793
Skipped Seq from 3794 to 3797
Skipped Seq from 3798 to 3800
Skipped Seq from 3800 to 3804
Skipped Seq from 3804 to 3806
Skipped Seq from 3807 to 3809
Skipped Seq from 3810 to 3814
Skipped Seq from 3814 to 3817
Skipped Seq from 3819 to 3822
Skipped Seq from 3823 to 3827
Skipped Seq from 3829 to 3832
Skipped Seq from 3834 to 3838
Skipped Seq from 3839 to 3843
Skipped Seq from 3847 to 3852
Skipped Seq from 3854 to 3859
Skipped Seq from 3860 to 3863
Skipped Seq from 3865 to 3869
Skipped Seq from 3870 to 3873
Skipped Seq from 3873 to 3877
Skipped Seq from 3878 to 3880
Skipped Seq from 3881 to 3883
Skipped Seq from 3883 to 3887
Skipped Seq from 3888 to 3891
Skipped Seq from 3893 to 3895
Skipped Seq from 3895 to 3898
Skipped Seq from 3900 to 3904
Skipped Seq from 3905 to 3908
Skipped Seq from 3909 to 3913
Skipped Seq from 3913 to 3915
Skipped Seq from 3915 to 3917
Skipped Seq from 3917 to 3919
Skipped Seq from 3922 to 3928
Skipped Seq from 3928 to 3930
Skipped Seq from 3931 to 3933
Skipped Seq from 3933 to 3935
Skipped Seq from 3935 to 3938
Skipped Seq from 3939 to 3942
Skipped Seq from 3943 to 3945
Skipped Seq from 3945 to 3948
Skipped Seq from 3948 to 3951
Skipped Seq from 3952 to 3954
Skipped Seq from 3954 to 3957
Skipped Seq from 3958 to 3960
Skipped Seq from 3960 to 3963
Skipped Seq from 3964 to 3966
Skipped Seq from 3966 to 3969
Skipped Seq from 3972 to 3976
Skipped Seq from 3978 to 3984
Skipped Seq from 3988 to 3993
Skipped Seq from 3993 to 3996
Skipped Seq from 3997 to 3999
Skipped Seq from 3999 to 4002
Skipped Seq from 4002 to 4004
Skipped Seq from 4004 to 4006
Skipped Seq from 4007 to 4009
Skipped Seq from 4013 to 4019
Skipped Seq from 4019 to 4021
Skipped Seq from 4021 to 4023
Skipped Seq from 4023 to 4027
Skipped Seq from 4027 to 4029
Skipped Seq from 4031 to 4035
Skipped Seq from 4035 to 4038
Skipped Seq from 4040 to 4043
Skipped Seq from 4043 to 4046
Skipped Seq from 4047 to 4050
Skipped Seq from 4050 to 4052
Skipped Seq from 4052 to 4054
Skipped Seq from 4055 to 4057
Skipped Seq from 4058 to 4062
Skipped Seq from 4063 to 4065
Skipped Seq from 4065 to 4068
Skipped Seq from 4069 to 4072
Skipped Seq from 4077 to 4084
Skipped Seq from 4088 to 4093
Skipped Seq from 4098 to 4107
Skipped Seq from 4109 to 4112
Skipped Seq from 4112 to 4115
Skipped Seq from 4115 to 4118
Skipped Seq from 4119 to 4121
Skipped Seq from 4121 to 4124
Skipped Seq from 4124 to 4127
Skipped Seq from 4128 to 4131
Skipped Seq from 4132 to 4134
Skipped Seq from 4135 to 4138
Skipped Seq from 4139 to 4142
Skipped Seq from 4143 to 4146
Skipped Seq from 4148 to 4152
Skipped Seq from 4153 to 4157
Skipped Seq from 4158 to 4161
Skipped Seq from 4165 to 4168
Skipped Seq from 4168 to 4172
Skipped Seq from 4176 to 4183
Skipped Seq from 4186 to 4192
Skipped Seq from 4194 to 4198
Skipped Seq from 4199 to 4203
Skipped Seq from 4207 to 4213
Skipped Seq from 4215 to 4218
Skipped Seq from 4218 to 4220
Skipped Seq from 4220 to 4223
Skipped Seq from 4223 to 4225
Skipped Seq from 4229 to 4235
Skipped Seq from 4235 to 4238
Skipped Seq from 4240 to 4243
Skipped Seq from 4243 to 4247
Skipped Seq from 4249 to 4251
Skipped Seq from 4251 to 4254
Skipped Seq from 4254 to 4256
Skipped Seq from 4256 to 4258
Skipped Seq from 4263 to 4269
Skipped Seq from 4271 to 4276
Skipped Seq from 4276 to 4279
Skipped Seq from 4280 to 4284
Skipped Seq from 4285 to 4287
Skipped Seq from 4290 to 4295
Skipped Seq from 4295 to 4298
Skipped Seq from 4299 to 4302
Skipped Seq from 4303 to 4305
Skipped Seq from 4305 to 4308
Skipped Seq from 4309 to 4311
Skipped Seq from 4311 to 4313
Skipped Seq from 4313 to 4316
Skipped Seq from 4317 to 4320
Skipped Seq from 4320 to 4322
Skipped Seq from 4322 to 4324
Skipped Seq from 4325 to 4329
Skipped Seq from 4330 to 4333
Skipped Seq from 4333 to 4335
Skipped Seq from 4336 to 4339
Skipped Seq from 4340 to 4343
Skipped Seq from 4344 to 4348
Skipped Seq from 4349 to 4351
Skipped Seq from 4351 to 4354
Skipped Seq from 4355 to 4357
Skipped Seq from 4357 to 4360
Skipped Seq from 4361 to 4364
Skipped Seq from 4364 to 4366
Skipped Seq from 4366 to 4368
Skipped Seq from 4372 to 4377
Skipped Seq from 4378 to 4383
Skipped Seq from 4384 to 4387
Skipped Seq from 4398 to 4401
Skipped Seq from 4407 to 4419
Skipped Seq from 4419 to 4422
Skipped Seq from 4422 to 4425
Skipped Seq from 4430 to 4442
Skipped Seq from 4448 to 4454
Skipped Seq from 4456 to 4460
Skipped Seq from 4462 to 4464
Skipped Seq from 4464 to 4468
Skipped Seq from 4468 to 4471
Skipped Seq from 4471 to 4474
Skipped Seq from 4474 to 4476
Skipped Seq from 4477 to 4480
Skipped Seq from 4481 to 4484
Skipped Seq from 4485 to 4487
Skipped Seq from 4487 to 4491
Skipped Seq from 4493 to 4496
Skipped Seq from 4496 to 4499
Skipped Seq from 4500 to 4502
Skipped Seq from 4504 to 4508
Skipped Seq from 4513 to 4520
Skipped Seq from 4521 to 4525
Skipped Seq from 4526 to 4529
Skipped Seq from 4531 to 4535
Skipped Seq from 4535 to 4538
Skipped Seq from 4538 to 4540
Skipped Seq from 4540 to 4542
Skipped Seq from 4543 to 4545
Skipped Seq from 4546 to 4549
Skipped Seq from 4550 to 4553
Skipped Seq from 4553 to 4557
Skipped Seq from 4559 to 4561
Skipped Seq from 4561 to 4565
Skipped Seq from 4567 to 4570
Skipped Seq from 4570 to 4573
Skipped Seq from 4574 to 4576
Skipped Seq from 4577 to 4580
Skipped Seq from 4580 to 4583
Skipped Seq from 4583 to 4585
Skipped Seq from 4585 to 4587
Skipped Seq from 4587 to 4589
Skipped Seq from 4589 to 4591
Skipped Seq from 4592 to 4595
Skipped Seq from 4595 to 4598
Skipped Seq from 4598 to 4600
Skipped Seq from 4602 to 4606
Skipped Seq from 4606 to 4609
Skipped Seq from 4611 to 4613
Skipped Seq from 4613 to 4615
Skipped Seq from 4618 to 4623
Skipped Seq from 4624 to 4628
Skipped Seq from 4628 to 4630
Skipped Seq from 4631 to 4634
Skipped Seq from 4634 to 4637
Skipped Seq from 4637 to 4639
Skipped Seq from 4639 to 4641
Skipped Seq from 4642 to 4645
Skipped Seq from 4645 to 4647
Skipped Seq from 4649 to 4653
Skipped Seq from 4654 to 4657
Skipped Seq from 4660 to 4665
Skipped Seq from 4666 to 4669
Skipped Seq from 4669 to 4672
Skipped Seq from 4672 to 4674
Skipped Seq from 4674 to 4676
Skipped Seq from 4678 to 4681
Skipped Seq from 4681 to 4683
Skipped Seq from 4683 to 4686
Skipped Seq from 4687 to 4709
Skipped Seq from 4713 to 4715
Skipped Seq from 4715 to 4720
Skipped Seq from 4720 to 4723
Skipped Seq from 4723 to 4725
Skipped Seq from 4725 to 4727
Skipped Seq from 4728 to 4732
Skipped Seq from 4739 to 4743
Skipped Seq from 4743 to 4748
Skipped Seq from 4753 to 4756
Skipped Seq from 4756 to 4764
Skipped Seq from 4766 to 4772
Skipped Seq from 4773 to 4775
Skipped Seq from 4775 to 4777
Skipped Seq from 4777 to 4780
Skipped Seq from 4781 to 4784
Skipped Seq from 4786 to 4788
Skipped Seq from 4792 to 4800
Skipped Seq from 4805 to 4811
Skipped Seq from 4814 to 4821
Skipped Seq from 4826 to 4831
Skipped Seq from 4838 to 4840
Skipped Seq from 4847 to 4849
Skipped Seq from 4861 to 5050
Skipped Seq from 5050 to 5052
Skipped Seq from 5053 to 5055
Skipped Seq from 5064 to 5142
Skipped Seq from 5150 to 5208
Skipped Seq from 5225 to 5269
Skipped Seq from 5281 to 5399
Skipped Seq from 5400 to 5403
Skipped Seq from 5449 to 5615
Skipped Seq from 5643 to 5692
Number of times throttled: 6
Received: 12490 / 16003 packets
Start time: 1332845355.312397
End time: 1332845385.573478
Duration: 30.261081
