Starting client at 10.0.0.10:1273 with timeout:10
My IP address is 10.0.0.10Skipped Seq from 286 to 293
Skipped Seq from 293 to 308
Skipped Seq from 308 to 310
Skipped Seq from 335 to 341
Skipped Seq from 341 to 343
Skipped Seq from 572 to 577
Skipped Seq from 577 to 594
Skipped Seq from 594 to 600
Skipped Seq from 603 to 621
Skipped Seq from 621 to 639
Skipped Seq from 639 to 659
Skipped Seq from 659 to 673
Skipped Seq from 694 to 713
Skipped Seq from 725 to 734
Skipped Seq from 736 to 756
Skipped Seq from 762 to 778
Skipped Seq from 790 to 795
Skipped Seq from 811 to 821
Skipped Seq from 821 to 839
Skipped Seq from 839 to 855
Skipped Seq from 855 to 858
Skipped Seq from 885 to 893
Skipped Seq from 894 to 897
Skipped Seq from 898 to 900
Skipped Seq from 902 to 904
Skipped Seq from 904 to 906
Skipped Seq from 906 to 908
Skipped Seq from 908 to 910
Skipped Seq from 924 to 926
Skipped Seq from 926 to 928
Skipped Seq from 929 to 941
Skipped Seq from 941 to 961
Skipped Seq from 961 to 978
Skipped Seq from 984 to 995
Skipped Seq from 995 to 1011
Skipped Seq from 1011 to 1018
Skipped Seq from 1045 to 1060
Skipped Seq from 1060 to 1076
Skipped Seq from 1076 to 1096
Skipped Seq from 1096 to 1098
Skipped Seq from 1100 to 1105
Skipped Seq from 1105 to 1121
Skipped Seq from 1121 to 1136
Skipped Seq from 1138 to 1152
Skipped Seq from 1152 to 1157
Skipped Seq from 1162 to 1173
Skipped Seq from 1173 to 1178
Skipped Seq from 1184 to 1188
Skipped Seq from 1188 to 1197
Skipped Seq from 1198 to 1207
Skipped Seq from 1207 to 1227
Skipped Seq from 1227 to 1247
Skipped Seq from 1247 to 1250
Skipped Seq from 1253 to 1260
Skipped Seq from 1261 to 1270
Skipped Seq from 1270 to 1288
Skipped Seq from 1291 to 1297
Skipped Seq from 1297 to 1302
Skipped Seq from 1305 to 1312
Skipped Seq from 1315 to 1320
Skipped Seq from 1320 to 1333
Skipped Seq from 1440 to 1448
Skipped Seq from 1448 to 1477
Skipped Seq from 1510 to 1545
Skipped Seq from 1545 to 1552
Skipped Seq from 1553 to 1562
Skipped Seq from 1562 to 1573
Skipped Seq from 1574 to 1579
Skipped Seq from 1579 to 1608
Skipped Seq from 1659 to 1661
Skipped Seq from 1666 to 1669
Skipped Seq from 1669 to 1672
Skipped Seq from 1672 to 1676
Skipped Seq from 1676 to 1680
Skipped Seq from 1680 to 1683
Skipped Seq from 1683 to 1687
Skipped Seq from 1691 to 1694
Skipped Seq from 1694 to 1696
Skipped Seq from 1696 to 1698
Skipped Seq from 1698 to 1700
Skipped Seq from 1700 to 1702
Skipped Seq from 1702 to 1706
Skipped Seq from 1711 to 1716
Skipped Seq from 1716 to 1744
Skipped Seq from 1744 to 1780
Skipped Seq from 1780 to 1787
Skipped Seq from 1787 to 1825
Skipped Seq from 1825 to 1864
Skipped Seq from 1864 to 1888
Skipped Seq from 1901 to 1906
Skipped Seq from 1906 to 1926
Skipped Seq from 1926 to 1963
Skipped Seq from 1963 to 1965
Skipped Seq from 1966 to 1968
Skipped Seq from 1970 to 1987
Skipped Seq from 1987 to 2001
Skipped Seq from 2057 to 2062
Skipped Seq from 2079 to 2090
Skipped Seq from 2090 to 2108
Skipped Seq from 2110 to 2115
Skipped Seq from 2115 to 2117
Skipped Seq from 2119 to 2126
Skipped Seq from 2126 to 2132
Skipped Seq from 2132 to 2144
Skipped Seq from 2147 to 2153
Skipped Seq from 2155 to 2174
Skipped Seq from 2179 to 2188
Skipped Seq from 2208 to 2226
Skipped Seq from 2407 to 2420
Skipped Seq from 2420 to 2455
Skipped Seq from 2462 to 2469
Skipped Seq from 2510 to 2513
Skipped Seq from 2619 to 2648
Skipped Seq from 2684 to 2711
Skipped Seq from 2721 to 2766
Skipped Seq from 2820 to 2826
Skipped Seq from 2944 to 2955
Skipped Seq from 2997 to 3032
Skipped Seq from 4722 to 4728
Skipped Seq from 14480 to 14517
Skipped Seq from 14517 to 14561
Skipped Seq from 14635 to 14650
Skipped Seq from 14650 to 14681
Skipped Seq from 14681 to 14688
Skipped Seq from 14688 to 14690
Skipped Seq from 14690 to 14693
Skipped Seq from 14693 to 14697
Skipped Seq from 14719 to 14721
Skipped Seq from 14721 to 14773
Skipped Seq from 14773 to 14806
Skipped Seq from 14828 to 14872
Skipped Seq from 14872 to 14885
Skipped Seq from 14956 to 14992
Skipped Seq from 15013 to 15025
Skipped Seq from 15025 to 15028
Skipped Seq from 15030 to 15058
Skipped Seq from 15058 to 15081
Skipped Seq from 15101 to 15117
Skipped Seq from 15126 to 15156
Skipped Seq from 15156 to 15191
Skipped Seq from 15228 to 15241
Skipped Seq from 15241 to 15266
Skipped Seq from 15354 to 15396
Skipped Seq from 15397 to 15446
Skipped Seq from 15446 to 15453
Skipped Seq from 15472 to 15478
Skipped Seq from 15501 to 15507
Skipped Seq from 15510 to 15518
Skipped Seq from 15522 to 15545
Skipped Seq from 15545 to 15564
Skipped Seq from 15567 to 15578
Skipped Seq from 15578 to 15597
Skipped Seq from 15598 to 15609
Skipped Seq from 15613 to 15621
Skipped Seq from 15621 to 15625
Skipped Seq from 15625 to 15629
Skipped Seq from 15631 to 15638
Skipped Seq from 15710 to 15721
Skipped Seq from 15721 to 15767
Skipped Seq from 15775 to 15833
Skipped Seq from 15833 to 15897
Skipped Seq from 15904 to 15938
Skipped Seq from 15938 to 15977
Skipped Seq from 16053 to 16121
Skipped Seq from 16125 to 16202
Skipped Seq from 16234 to 16257
Skipped Seq from 16261 to 16295
Skipped Seq from 16295 to 16312
Skipped Seq from 16312 to 16341
Skipped Seq from 16344 to 16402
Skipped Seq from 16402 to 16428
Skipped Seq from 16509 to 16531
Skipped Seq from 16551 to 16594
Skipped Seq from 16594 to 16607
Skipped Seq from 16607 to 16639
Skipped Seq from 16639 to 16659
Skipped Seq from 16660 to 16681
Skipped Seq from 16769 to 16787
Skipped Seq from 16792 to 16853
Skipped Seq from 16853 to 16867
Skipped Seq from 16867 to 16873
Skipped Seq from 16873 to 16875
Skipped Seq from 16881 to 16891
Skipped Seq from 16891 to 16972
Skipped Seq from 16972 to 17006
Skipped Seq from 17012 to 17050
Skipped Seq from 17094 to 17099
Skipped Seq from 17099 to 17124
Skipped Seq from 17124 to 17151
Skipped Seq from 17367 to 17379
Skipped Seq from 17379 to 17403
Skipped Seq from 17420 to 17430
Skipped Seq from 17464 to 17469
Skipped Seq from 17469 to 17472
Skipped Seq from 17472 to 17479
Skipped Seq from 17479 to 17486
Skipped Seq from 17486 to 17491
Skipped Seq from 17491 to 17497
Skipped Seq from 17500 to 17504
Skipped Seq from 17504 to 17512
Skipped Seq from 18230 to 18252
Skipped Seq from 18341 to 18367
Skipped Seq from 18506 to 18529
Skipped Seq from 21387 to 21405
Skipped Seq from 21406 to 21455
Skipped Seq from 21464 to 21505
Skipped Seq from 21505 to 21528
Skipped Seq from 21528 to 21569
Skipped Seq from 21641 to 21684
Skipped Seq from 21684 to 21702
Skipped Seq from 21702 to 21718
Skipped Seq from 21718 to 21733
Skipped Seq from 21830 to 21834
Skipped Seq from 21834 to 21863
Skipped Seq from 21864 to 21932
Skipped Seq from 21951 to 21997
Skipped Seq from 21999 to 22044
Skipped Seq from 22044 to 22076
Skipped Seq from 22076 to 22148
Skipped Seq from 22180 to 22184
Skipped Seq from 22184 to 22217
Skipped Seq from 22217 to 22245
Skipped Seq from 22245 to 22270
Skipped Seq from 22398 to 22438
Skipped Seq from 22449 to 22457
Skipped Seq from 22457 to 22506
Skipped Seq from 22508 to 22510
Skipped Seq from 22510 to 22548
Skipped Seq from 22556 to 22574
Skipped Seq from 22574 to 22595
Skipped Seq from 22646 to 22665
Skipped Seq from 22667 to 22710
Skipped Seq from 22773 to 22776
Skipped Seq from 22776 to 22796
Skipped Seq from 22796 to 22829
Skipped Seq from 22829 to 22831
Skipped Seq from 22835 to 22875
Skipped Seq from 22981 to 22984
Skipped Seq from 22984 to 23074
Skipped Seq from 23126 to 23175
Skipped Seq from 23175 to 23188
Skipped Seq from 23227 to 23230
Skipped Seq from 23230 to 23233
Skipped Seq from 23234 to 23248
Skipped Seq from 23248 to 23287
Skipped Seq from 23353 to 23361
Skipped Seq from 23361 to 23375
Skipped Seq from 23379 to 23383
Skipped Seq from 23383 to 23405
Skipped Seq from 23405 to 23484
Skipped Seq from 23499 to 23533
Skipped Seq from 23533 to 23542
Skipped Seq from 23602 to 23642
Skipped Seq from 23642 to 23647
Skipped Seq from 23647 to 23650
Skipped Seq from 23650 to 23652
Skipped Seq from 23702 to 23724
Skipped Seq from 23724 to 23756
Skipped Seq from 23760 to 23782
Skipped Seq from 23782 to 23788
Skipped Seq from 23788 to 23791
Skipped Seq from 23796 to 23820
Skipped Seq from 23823 to 23828
Skipped Seq from 23828 to 23858
Skipped Seq from 23859 to 23899
Skipped Seq from 23899 to 23925
Skipped Seq from 23958 to 23976
Skipped Seq from 23992 to 24015
Skipped Seq from 24015 to 24033
Skipped Seq from 24033 to 24057
Skipped Seq from 24057 to 24085
Skipped Seq from 24132 to 24134
Skipped Seq from 24134 to 24165
Skipped Seq from 24165 to 24171
Skipped Seq from 24171 to 24194
Skipped Seq from 24194 to 24204
Skipped Seq from 24210 to 24217
Skipped Seq from 24217 to 24281
Skipped Seq from 24281 to 24304
Skipped Seq from 24351 to 24403
Skipped Seq from 24408 to 24415
Skipped Seq from 24415 to 24421
Skipped Seq from 24421 to 24428
Skipped Seq from 24428 to 24436
Skipped Seq from 24436 to 24440
Skipped Seq from 24440 to 24446
Skipped Seq from 24446 to 24485
Skipped Seq from 24485 to 24491
Skipped Seq from 24493 to 24515
Skipped Seq from 24516 to 24520
Skipped Seq from 24520 to 24558
Skipped Seq from 24558 to 24567
Skipped Seq from 24634 to 24684
Skipped Seq from 24729 to 24736
Skipped Seq from 24736 to 24744
Skipped Seq from 24750 to 24780
Skipped Seq from 24780 to 24799
Skipped Seq from 24810 to 24826
Skipped Seq from 24826 to 24833
Skipped Seq from 24912 to 24918
Skipped Seq from 24918 to 24938
Skipped Seq from 24938 to 24987
Skipped Seq from 24987 to 25001
Skipped Seq from 25001 to 25034
Skipped Seq from 25141 to 25151
Skipped Seq from 25231 to 25233
Skipped Seq from 26054 to 26065
Skipped Seq from 26267 to 26278
Skipped Seq from 26320 to 26332
Skipped Seq from 26398 to 26403
Skipped Seq from 26745 to 26776
Skipped Seq from 26776 to 26792
Skipped Seq from 26818 to 26843
Skipped Seq from 26843 to 26853
Skipped Seq from 26854 to 26884
Skipped Seq from 26885 to 26928
Skipped Seq from 26939 to 26943
Skipped Seq from 26943 to 26948
Skipped Seq from 26948 to 26985
Skipped Seq from 26985 to 27024
Skipped Seq from 27024 to 27055
Skipped Seq from 27055 to 27097
Skipped Seq from 27165 to 27220
Skipped Seq from 27222 to 27246
Skipped Seq from 27250 to 27277
Skipped Seq from 27277 to 27281
Skipped Seq from 27281 to 27285
Skipped Seq from 27285 to 27290
Skipped Seq from 27290 to 27297
Skipped Seq from 27297 to 27409
Skipped Seq from 27409 to 27470
Skipped Seq from 27470 to 27488
Skipped Seq from 27544 to 27585
Skipped Seq from 27585 to 27611
Skipped Seq from 27611 to 27630
Skipped Seq from 27631 to 27706
Skipped Seq from 27707 to 27716
Skipped Seq from 27716 to 27756
Skipped Seq from 27756 to 27769
Skipped Seq from 27772 to 27774
Skipped Seq from 27774 to 27797
Skipped Seq from 27807 to 27809
Skipped Seq from 27809 to 27812
Skipped Seq from 27821 to 27825
Skipped Seq from 27825 to 27828
Skipped Seq from 27834 to 27887
Skipped Seq from 27887 to 27944
Skipped Seq from 27944 to 27986
Skipped Seq from 27986 to 28013
Skipped Seq from 28039 to 28071
Skipped Seq from 28083 to 28087
Skipped Seq from 28087 to 28100
Skipped Seq from 28100 to 28139
Skipped Seq from 28139 to 28153
Skipped Seq from 28153 to 28184
Skipped Seq from 28184 to 28248
Skipped Seq from 28248 to 28316
Skipped Seq from 28375 to 28386
Skipped Seq from 28386 to 28396
Skipped Seq from 28396 to 28425
Skipped Seq from 28425 to 28477
Skipped Seq from 28479 to 28482
Skipped Seq from 28482 to 28485
Skipped Seq from 28491 to 28500
Skipped Seq from 28500 to 28502
Skipped Seq from 28514 to 28518
Skipped Seq from 28518 to 28532
Skipped Seq from 28534 to 28591
Skipped Seq from 28591 to 28646
Skipped Seq from 28683 to 28703
Skipped Seq from 28703 to 28717
Skipped Seq from 28717 to 28719
Skipped Seq from 28719 to 28721
Skipped Seq from 28721 to 28724
Skipped Seq from 28724 to 28747
Skipped Seq from 28747 to 28752
Skipped Seq from 28754 to 28762
Skipped Seq from 28762 to 28806
Skipped Seq from 28806 to 28840
Skipped Seq from 28840 to 28902
Skipped Seq from 28902 to 28938
Skipped Seq from 28942 to 28966
Skipped Seq from 28976 to 29011
Skipped Seq from 29011 to 29018
Skipped Seq from 29026 to 29041
Skipped Seq from 29041 to 29049
Skipped Seq from 29049 to 29101
Skipped Seq from 29104 to 29110
Skipped Seq from 29110 to 29123
Skipped Seq from 29123 to 29143
Skipped Seq from 29144 to 29219
Skipped Seq from 29219 to 29281
Skipped Seq from 29301 to 29338
Skipped Seq from 29376 to 29382
Skipped Seq from 29382 to 29384
Skipped Seq from 29402 to 29430
Skipped Seq from 29430 to 29433
Skipped Seq from 29433 to 29496
Skipped Seq from 29499 to 29501
Skipped Seq from 29501 to 29504
Skipped Seq from 29518 to 29526
Skipped Seq from 29526 to 29547
Skipped Seq from 29552 to 29609
Skipped Seq from 29609 to 29611
Skipped Seq from 29629 to 29653
Skipped Seq from 29653 to 29667
Skipped Seq from 29677 to 29683
Skipped Seq from 29683 to 29689
Skipped Seq from 29695 to 29729
Skipped Seq from 29729 to 29741
Skipped Seq from 29761 to 29784
Skipped Seq from 29784 to 29801
Skipped Seq from 29801 to 29805
Skipped Seq from 29809 to 29841
Skipped Seq from 29841 to 29865
Skipped Seq from 29865 to 29900
Skipped Seq from 29900 to 29922
Skipped Seq from 29922 to 29958
Skipped Seq from 29971 to 29981
Skipped Seq from 29982 to 29986
Skipped Seq from 29988 to 30039
Skipped Seq from 30039 to 30043
Skipped Seq from 30048 to 30050
Skipped Seq from 30050 to 30066
Skipped Seq from 30071 to 30082
Skipped Seq from 30088 to 30103
Skipped Seq from 30103 to 30111
Skipped Seq from 30114 to 30121
Skipped Seq from 30121 to 30151
Skipped Seq from 30153 to 30158
Skipped Seq from 30427 to 30439
Skipped Seq from 30439 to 30463
Skipped Seq from 30473 to 30478
Skipped Seq from 30478 to 30499
Skipped Seq from 30499 to 30510
Skipped Seq from 30510 to 30512
Skipped Seq from 40170 to 40172
Skipped Seq from 40172 to 40175
Skipped Seq from 40206 to 40211
Skipped Seq from 40291 to 40294
Skipped Seq from 40314 to 40320
Skipped Seq from 40355 to 40358
Skipped Seq from 40396 to 40398
Skipped Seq from 40400 to 40403
Skipped Seq from 40431 to 40433
Skipped Seq from 40494 to 40496
Skipped Seq from 40497 to 40505
Skipped Seq from 40570 to 40575
Skipped Seq from 40589 to 40593
Skipped Seq from 40625 to 40628
Skipped Seq from 40628 to 40630
Skipped Seq from 40654 to 40656
Skipped Seq from 40671 to 40673
Skipped Seq from 40694 to 40696
Skipped Seq from 40696 to 40701
Skipped Seq from 40712 to 40722
Skipped Seq from 40771 to 40774
Skipped Seq from 40850 to 40860
Skipped Seq from 40879 to 40886
Skipped Seq from 40911 to 40918
Skipped Seq from 41008 to 41010
Skipped Seq from 41013 to 41016
Skipped Seq from 41016 to 41023
Skipped Seq from 41029 to 41032
Skipped Seq from 41096 to 41098
Skipped Seq from 41101 to 41103
Skipped Seq from 41116 to 41118
Skipped Seq from 41163 to 41168
Skipped Seq from 41168 to 41172
Skipped Seq from 41172 to 41178
Skipped Seq from 41242 to 41247
Skipped Seq from 41269 to 41272
Skipped Seq from 41273 to 41275
Skipped Seq from 41529 to 41544
Skipped Seq from 41552 to 41554
Skipped Seq from 41554 to 41556
Skipped Seq from 42037 to 42041
Skipped Seq from 42187 to 42192
Skipped Seq from 43377 to 43388
Skipped Seq from 43388 to 43395
Skipped Seq from 43395 to 43419
Skipped Seq from 43467 to 43485
Skipped Seq from 43488 to 43494
Skipped Seq from 43494 to 43499
Skipped Seq from 43499 to 43504
Skipped Seq from 43507 to 43513
Skipped Seq from 43516 to 43521
Skipped Seq from 43522 to 43538
Skipped Seq from 43538 to 43541
Skipped Seq from 43584 to 43594
Skipped Seq from 43594 to 43597
Skipped Seq from 43597 to 43599
Skipped Seq from 43599 to 43601
Skipped Seq from 43601 to 43650
Skipped Seq from 43650 to 43657
Skipped Seq from 43657 to 43672
Skipped Seq from 43672 to 43676
Skipped Seq from 43676 to 43717
Skipped Seq from 43718 to 43743
Skipped Seq from 43744 to 43757
Skipped Seq from 43764 to 43772
Skipped Seq from 43773 to 43776
Skipped Seq from 43784 to 43790
Skipped Seq from 43790 to 43801
Skipped Seq from 43826 to 43850
Skipped Seq from 43850 to 43852
Skipped Seq from 43853 to 43863
Skipped Seq from 43869 to 43881
Skipped Seq from 43883 to 43887
Skipped Seq from 43887 to 43889
Skipped Seq from 43889 to 43897
Skipped Seq from 43918 to 43921
Skipped Seq from 43921 to 43924
Skipped Seq from 43932 to 43950
Skipped Seq from 43950 to 43967
Skipped Seq from 43967 to 43980
Skipped Seq from 43980 to 44003
Skipped Seq from 44037 to 44059
Skipped Seq from 44059 to 44062
Skipped Seq from 44073 to 44079
Skipped Seq from 44079 to 44121
Skipped Seq from 44121 to 44130
Skipped Seq from 44130 to 44132
Skipped Seq from 44134 to 44138
Skipped Seq from 44140 to 44145
Skipped Seq from 44146 to 44151
Skipped Seq from 44151 to 44170
Skipped Seq from 44174 to 44178
Skipped Seq from 44178 to 44182
Skipped Seq from 44182 to 44188
Skipped Seq from 44223 to 44233
Skipped Seq from 44233 to 44244
Skipped Seq from 44244 to 44247
Skipped Seq from 44247 to 44249
Skipped Seq from 44249 to 44253
Skipped Seq from 44253 to 44256
Skipped Seq from 44257 to 44260
Skipped Seq from 44268 to 44271
Skipped Seq from 44271 to 44276
Skipped Seq from 44277 to 44281
Skipped Seq from 44282 to 44289
Skipped Seq from 44289 to 44294
Skipped Seq from 44296 to 44298
Skipped Seq from 44298 to 44309
Skipped Seq from 44309 to 44316
Skipped Seq from 44316 to 44318
Skipped Seq from 44318 to 44370
Skipped Seq from 44373 to 44390
Skipped Seq from 44393 to 44404
Skipped Seq from 44404 to 44426
Skipped Seq from 44426 to 44504
Skipped Seq from 44505 to 44525
Skipped Seq from 44525 to 44539
Skipped Seq from 44549 to 44568
Skipped Seq from 44568 to 44578
Skipped Seq from 44578 to 44583
Skipped Seq from 44585 to 44588
Skipped Seq from 44588 to 44619
Skipped Seq from 44624 to 44634
Skipped Seq from 44634 to 44644
Skipped Seq from 44651 to 44669
Skipped Seq from 44672 to 44699
Skipped Seq from 44705 to 44725
Skipped Seq from 44725 to 44750
Skipped Seq from 44756 to 44758
Skipped Seq from 44758 to 44794
Skipped Seq from 44797 to 44809
Skipped Seq from 44833 to 44840
Skipped Seq from 44840 to 44848
Skipped Seq from 44848 to 44855
Skipped Seq from 44855 to 44861
Skipped Seq from 44882 to 44884
Skipped Seq from 44884 to 44893
Skipped Seq from 44904 to 44950
Skipped Seq from 44978 to 44994
Skipped Seq from 44994 to 44996
Skipped Seq from 45014 to 45017
Skipped Seq from 45017 to 45020
Skipped Seq from 45030 to 45037
Skipped Seq from 45037 to 45044
Skipped Seq from 45045 to 45052
Skipped Seq from 45052 to 45056
Skipped Seq from 45056 to 45058
Skipped Seq from 45058 to 45061
Skipped Seq from 45061 to 45064
Skipped Seq from 45064 to 45067
Skipped Seq from 45067 to 45072
Skipped Seq from 45073 to 45084
Skipped Seq from 45084 to 45087
Skipped Seq from 45088 to 45100
Skipped Seq from 45100 to 45102
Skipped Seq from 45120 to 45127
Skipped Seq from 45127 to 45136
Skipped Seq from 45138 to 45142
Skipped Seq from 45145 to 45149
Skipped Seq from 45149 to 45163
Skipped Seq from 45164 to 45168
Skipped Seq from 45168 to 45177
Skipped Seq from 45177 to 45189
Skipped Seq from 45189 to 45193
Skipped Seq from 45200 to 45223
Skipped Seq from 45223 to 45227
Skipped Seq from 45260 to 45278
Skipped Seq from 45289 to 45294
Skipped Seq from 45295 to 45299
Skipped Seq from 45304 to 45308
Skipped Seq from 45313 to 45320
Skipped Seq from 45320 to 45339
Skipped Seq from 45339 to 45350
Skipped Seq from 45379 to 45381
Skipped Seq from 45381 to 45407
Skipped Seq from 45441 to 45446
Skipped Seq from 45455 to 45463
Skipped Seq from 45463 to 45470
Skipped Seq from 45471 to 45500
Skipped Seq from 45511 to 45532
Skipped Seq from 45549 to 45568
Skipped Seq from 45569 to 45571
Skipped Seq from 45571 to 45580
Skipped Seq from 45580 to 45587
Skipped Seq from 45587 to 45595
Skipped Seq from 45596 to 45617
Skipped Seq from 45619 to 45640
Skipped Seq from 45646 to 45652
Skipped Seq from 45652 to 45654
Skipped Seq from 45654 to 45677
Skipped Seq from 45683 to 45686
Skipped Seq from 45687 to 45691
Skipped Seq from 45691 to 45701
Skipped Seq from 45705 to 45708
Skipped Seq from 45708 to 45712
Skipped Seq from 45714 to 45721
Skipped Seq from 45721 to 45731
Skipped Seq from 45738 to 45741
Skipped Seq from 45743 to 45748
Skipped Seq from 45748 to 45754
Skipped Seq from 45768 to 45771
Skipped Seq from 45771 to 45773
Skipped Seq from 45773 to 45775
Skipped Seq from 45776 to 45783
Skipped Seq from 45783 to 45786
Skipped Seq from 45786 to 45791
Skipped Seq from 45802 to 45814
Skipped Seq from 45816 to 45818
Skipped Seq from 45818 to 45820
Skipped Seq from 45820 to 45826
Skipped Seq from 45826 to 45832
Skipped Seq from 45832 to 45839
Skipped Seq from 45839 to 45843
Skipped Seq from 45847 to 45849
Skipped Seq from 45850 to 45855
Skipped Seq from 45860 to 45865
Skipped Seq from 45865 to 45869
Skipped Seq from 45869 to 45871
Skipped Seq from 45872 to 45880
Skipped Seq from 45882 to 45885
Skipped Seq from 45885 to 45890
Skipped Seq from 45890 to 45892
Skipped Seq from 45895 to 45909
Skipped Seq from 45909 to 45916
Skipped Seq from 45917 to 45919
Skipped Seq from 45919 to 45921
Skipped Seq from 45921 to 45925
Skipped Seq from 45942 to 45947
Skipped Seq from 45947 to 45964
Skipped Seq from 45964 to 45973
Skipped Seq from 45973 to 45982
Skipped Seq from 45993 to 46011
Skipped Seq from 46026 to 46029
Skipped Seq from 46029 to 46055
Skipped Seq from 46055 to 46058
Skipped Seq from 46065 to 46074
Skipped Seq from 46094 to 46097
Skipped Seq from 46097 to 46118
Skipped Seq from 46120 to 46123
Skipped Seq from 46130 to 46143
Skipped Seq from 46144 to 46160
Skipped Seq from 46165 to 46182
Skipped Seq from 46190 to 46192
Skipped Seq from 46192 to 46194
Skipped Seq from 46194 to 46197
Skipped Seq from 46198 to 46201
Skipped Seq from 46201 to 46206
Skipped Seq from 46207 to 46217
Skipped Seq from 46217 to 46221
Skipped Seq from 46231 to 46236
Skipped Seq from 46236 to 46239
Skipped Seq from 46239 to 46244
Skipped Seq from 46255 to 46265
Skipped Seq from 46266 to 46271
Skipped Seq from 46273 to 46279
Skipped Seq from 46279 to 46285
Skipped Seq from 46285 to 46289
Skipped Seq from 46299 to 46307
Skipped Seq from 46308 to 46311
Skipped Seq from 46311 to 46314
Skipped Seq from 46332 to 46342
Skipped Seq from 46344 to 46346
Skipped Seq from 46346 to 46350
Skipped Seq from 46350 to 46352
Skipped Seq from 46352 to 46354
Skipped Seq from 46364 to 46368
Skipped Seq from 46369 to 46379
Skipped Seq from 46379 to 46381
Skipped Seq from 46384 to 46386
Skipped Seq from 46388 to 46397
Skipped Seq from 46399 to 46405
Skipped Seq from 46414 to 46417
Skipped Seq from 46419 to 46421
Skipped Seq from 46421 to 46425
Skipped Seq from 46429 to 46434
Skipped Seq from 46441 to 46449
Skipped Seq from 46449 to 46455
Skipped Seq from 46462 to 46489
Skipped Seq from 46508 to 46512
Skipped Seq from 46517 to 46523
Skipped Seq from 46525 to 46527
Skipped Seq from 46527 to 46531
Skipped Seq from 46531 to 46538
Skipped Seq from 46558 to 46560
Skipped Seq from 46560 to 46566
Skipped Seq from 46567 to 46576
Skipped Seq from 46579 to 46586
Skipped Seq from 46600 to 46603
Skipped Seq from 46604 to 46612
Skipped Seq from 46612 to 46615
Skipped Seq from 46616 to 46619
Skipped Seq from 46646 to 46654
Skipped Seq from 46654 to 46661
Skipped Seq from 46661 to 46684
Skipped Seq from 46684 to 46688
Skipped Seq from 46688 to 46691
Skipped Seq from 46691 to 46693
Skipped Seq from 46704 to 46707
Skipped Seq from 46707 to 46709
Skipped Seq from 46719 to 46722
Skipped Seq from 46723 to 46726
Skipped Seq from 46726 to 46729
Skipped Seq from 46729 to 46733
Skipped Seq from 46737 to 46751
Skipped Seq from 46765 to 46775
Skipped Seq from 46798 to 46800
Skipped Seq from 46800 to 46802
Skipped Seq from 46811 to 46814
Skipped Seq from 46817 to 46819
Skipped Seq from 46819 to 46831
Skipped Seq from 46838 to 46845
Skipped Seq from 46847 to 46851
Skipped Seq from 46853 to 46855
Skipped Seq from 46855 to 46858
Skipped Seq from 46858 to 46864
Skipped Seq from 46864 to 46870
Skipped Seq from 46870 to 46874
Skipped Seq from 46879 to 46882
Skipped Seq from 46885 to 46887
Skipped Seq from 46896 to 46898
Skipped Seq from 46913 to 46917
Skipped Seq from 46918 to 46923
Skipped Seq from 46926 to 46938
Skipped Seq from 46940 to 46944
Skipped Seq from 46944 to 46954
Skipped Seq from 46954 to 46956
Skipped Seq from 46956 to 46961
Skipped Seq from 46961 to 46966
Skipped Seq from 46966 to 46968
Skipped Seq from 46973 to 46975
Skipped Seq from 46983 to 46996
Skipped Seq from 46997 to 46999
Skipped Seq from 47005 to 47008
Skipped Seq from 47008 to 47012
Skipped Seq from 47023 to 47030
Skipped Seq from 47033 to 47042
Skipped Seq from 47042 to 47048
Skipped Seq from 47055 to 47058
Skipped Seq from 47064 to 47066
Skipped Seq from 47066 to 47068
Skipped Seq from 47072 to 47077
Skipped Seq from 47084 to 47086
Skipped Seq from 47107 to 47119
Skipped Seq from 47119 to 47123
Skipped Seq from 47123 to 47126
Skipped Seq from 47129 to 47131
Skipped Seq from 47134 to 47139
Skipped Seq from 47139 to 47142
Skipped Seq from 47143 to 47146
Skipped Seq from 47146 to 47155
Skipped Seq from 47169 to 47172
Skipped Seq from 47185 to 47194
Skipped Seq from 47194 to 47199
Skipped Seq from 47199 to 47201
Skipped Seq from 47230 to 47232
Skipped Seq from 47232 to 47234
Skipped Seq from 47234 to 47237
Skipped Seq from 47263 to 47278
Skipped Seq from 47278 to 47280
Skipped Seq from 47294 to 47298
Skipped Seq from 47299 to 47301
Skipped Seq from 51987 to 52000
Skipped Seq from 52002 to 52008
Skipped Seq from 52008 to 52026
Skipped Seq from 52026 to 52044
Skipped Seq from 52068 to 52070
Skipped Seq from 52072 to 52097
Skipped Seq from 52143 to 52214
Skipped Seq from 52214 to 52232
Skipped Seq from 52232 to 52246
Skipped Seq from 52249 to 52293
Skipped Seq from 52330 to 52333
Skipped Seq from 52333 to 52335
Skipped Seq from 52335 to 52344
Skipped Seq from 52344 to 52348
Skipped Seq from 52359 to 52381
Skipped Seq from 52386 to 52396
Skipped Seq from 52396 to 52407
Skipped Seq from 52407 to 52443
Skipped Seq from 52450 to 52466
Skipped Seq from 52468 to 52486
Skipped Seq from 52489 to 52491
Skipped Seq from 52525 to 52527
Skipped Seq from 52527 to 52545
Skipped Seq from 52547 to 52561
Skipped Seq from 52561 to 52572
Skipped Seq from 52572 to 52579
Skipped Seq from 52580 to 52584
Skipped Seq from 52584 to 52590
Skipped Seq from 52603 to 52614
Skipped Seq from 52615 to 52623
Skipped Seq from 52623 to 52629
Skipped Seq from 52629 to 52632
Skipped Seq from 52632 to 52641
Skipped Seq from 52641 to 52644
Number of times throttled: 27
Received: 41541 / 52644 packets
Start time: 1332846475.112631
End time: 1332846559.862438
Duration: 84.749807
