Starting client at 10.0.0.10:1286 with timeout:10
My IP address is 10.0.0.10Skipped Seq from 47 to 49
Skipped Seq from 49 to 64
Skipped Seq from 64 to 69
Skipped Seq from 79 to 94
Skipped Seq from 94 to 112
Skipped Seq from 112 to 115
Skipped Seq from 151 to 153
Skipped Seq from 154 to 157
Skipped Seq from 157 to 176
Skipped Seq from 176 to 195
Skipped Seq from 195 to 205
Skipped Seq from 220 to 224
Skipped Seq from 224 to 231
Skipped Seq from 232 to 247
Skipped Seq from 279 to 283
Skipped Seq from 283 to 293
Skipped Seq from 294 to 299
Skipped Seq from 303 to 314
Skipped Seq from 315 to 321
Skipped Seq from 324 to 344
Skipped Seq from 344 to 362
Skipped Seq from 369 to 377
Skipped Seq from 377 to 398
Skipped Seq from 398 to 400
Skipped Seq from 404 to 407
Skipped Seq from 409 to 415
Skipped Seq from 415 to 425
Skipped Seq from 425 to 442
Skipped Seq from 442 to 450
Skipped Seq from 450 to 467
Skipped Seq from 489 to 504
Skipped Seq from 528 to 538
Skipped Seq from 542 to 547
Skipped Seq from 547 to 554
Skipped Seq from 554 to 569
Skipped Seq from 569 to 587
Skipped Seq from 587 to 602
Skipped Seq from 602 to 624
Skipped Seq from 624 to 643
Skipped Seq from 645 to 654
Skipped Seq from 654 to 692
Skipped Seq from 692 to 701
Skipped Seq from 701 to 704
Skipped Seq from 704 to 716
Skipped Seq from 716 to 730
Skipped Seq from 732 to 747
Skipped Seq from 747 to 760
Skipped Seq from 760 to 780
Skipped Seq from 780 to 795
Skipped Seq from 795 to 806
Skipped Seq from 807 to 811
Skipped Seq from 811 to 828
Skipped Seq from 828 to 831
Skipped Seq from 852 to 862
Skipped Seq from 862 to 880
Skipped Seq from 880 to 885
Skipped Seq from 885 to 897
Skipped Seq from 897 to 910
Skipped Seq from 910 to 916
Skipped Seq from 916 to 922
Skipped Seq from 922 to 930
Skipped Seq from 932 to 936
Skipped Seq from 952 to 961
Skipped Seq from 961 to 974
Skipped Seq from 974 to 985
Skipped Seq from 985 to 1005
Skipped Seq from 1007 to 1018
Skipped Seq from 1021 to 1023
Skipped Seq from 1023 to 1038
Skipped Seq from 1042 to 1050
Skipped Seq from 1051 to 1053
Skipped Seq from 1053 to 1069
Skipped Seq from 1069 to 1074
Skipped Seq from 1075 to 1094
Skipped Seq from 1094 to 1102
Skipped Seq from 1105 to 1112
Skipped Seq from 1128 to 1130
Skipped Seq from 1131 to 1138
Skipped Seq from 1138 to 1142
Skipped Seq from 1147 to 1157
Skipped Seq from 1159 to 1161
Skipped Seq from 1161 to 1172
Skipped Seq from 1173 to 1181
Skipped Seq from 1181 to 1185
Skipped Seq from 1191 to 1202
Skipped Seq from 1202 to 1205
Skipped Seq from 1212 to 1222
Skipped Seq from 1222 to 1230
Skipped Seq from 1232 to 1238
Skipped Seq from 1239 to 1244
Skipped Seq from 1244 to 1252
Skipped Seq from 1252 to 1258
Skipped Seq from 1258 to 1263
Skipped Seq from 1263 to 1294
Skipped Seq from 1294 to 1325
Skipped Seq from 1325 to 1328
Skipped Seq from 1328 to 1332
Skipped Seq from 1333 to 1335
Skipped Seq from 1335 to 1354
Skipped Seq from 1354 to 1374
Skipped Seq from 1379 to 1401
Skipped Seq from 1408 to 1410
Skipped Seq from 1457 to 1459
Skipped Seq from 1471 to 1475
Skipped Seq from 1476 to 1480
Skipped Seq from 1480 to 1482
Skipped Seq from 1484 to 1488
Skipped Seq from 1499 to 1501
Skipped Seq from 1501 to 1511
Skipped Seq from 1511 to 1513
Skipped Seq from 1513 to 1518
Skipped Seq from 1540 to 1550
Skipped Seq from 1559 to 1567
Skipped Seq from 1575 to 1583
Skipped Seq from 1583 to 1590
Skipped Seq from 1590 to 1597
Skipped Seq from 1600 to 1606
Skipped Seq from 1611 to 1617
Skipped Seq from 1617 to 1623
Skipped Seq from 1625 to 1629
Skipped Seq from 1634 to 1646
Skipped Seq from 1646 to 1652
Skipped Seq from 1655 to 1661
Skipped Seq from 1676 to 1679
Skipped Seq from 1683 to 1691
Skipped Seq from 1691 to 1696
Skipped Seq from 1696 to 1698
Skipped Seq from 1699 to 1704
Skipped Seq from 1706 to 1709
Skipped Seq from 1709 to 1720
Skipped Seq from 1721 to 1726
Skipped Seq from 1733 to 1747
Skipped Seq from 1748 to 1751
Skipped Seq from 1751 to 1763
Skipped Seq from 1766 to 1768
Skipped Seq from 1768 to 1780
Skipped Seq from 1780 to 1786
Skipped Seq from 1788 to 1802
Skipped Seq from 1802 to 1804
Skipped Seq from 1808 to 1810
Skipped Seq from 1810 to 1821
Skipped Seq from 1829 to 1831
Skipped Seq from 1831 to 1835
Skipped Seq from 1835 to 1853
Skipped Seq from 1853 to 1861
Skipped Seq from 1861 to 1869
Skipped Seq from 1869 to 1871
Skipped Seq from 1880 to 1891
Skipped Seq from 1891 to 1898
Skipped Seq from 1933 to 1941
Skipped Seq from 1947 to 1953
Skipped Seq from 1955 to 1957
Skipped Seq from 2035 to 2042
Skipped Seq from 2042 to 2044
Skipped Seq from 2047 to 2050
Skipped Seq from 2088 to 2092
Skipped Seq from 2093 to 2116
Skipped Seq from 2116 to 2125
Skipped Seq from 2125 to 2151
Skipped Seq from 2163 to 2169
Skipped Seq from 2170 to 2173
Skipped Seq from 2174 to 2178
Skipped Seq from 2197 to 2200
Skipped Seq from 2200 to 2202
Skipped Seq from 2202 to 2205
Skipped Seq from 2206 to 2215
Skipped Seq from 2226 to 2228
Skipped Seq from 2228 to 2230
Skipped Seq from 2260 to 2275
Skipped Seq from 2286 to 2291
Skipped Seq from 2296 to 2299
Skipped Seq from 2303 to 2314
Skipped Seq from 2314 to 2320
Skipped Seq from 2327 to 2329
Skipped Seq from 2338 to 2343
Skipped Seq from 2347 to 2357
Skipped Seq from 2357 to 2359
Skipped Seq from 2394 to 2398
Skipped Seq from 2398 to 2404
Skipped Seq from 2404 to 2410
Skipped Seq from 2410 to 2413
Skipped Seq from 2413 to 2417
Skipped Seq from 2443 to 2448
Skipped Seq from 2453 to 2455
Skipped Seq from 2455 to 2459
Skipped Seq from 2464 to 2466
Skipped Seq from 2470 to 2480
Skipped Seq from 2481 to 2485
Skipped Seq from 2485 to 2487
Skipped Seq from 2493 to 2509
Skipped Seq from 2509 to 2511
Skipped Seq from 2511 to 2524
Skipped Seq from 2524 to 2531
Skipped Seq from 2533 to 2563
Skipped Seq from 2563 to 2566
Skipped Seq from 2568 to 2576
Skipped Seq from 2576 to 2581
Skipped Seq from 2587 to 2598
Skipped Seq from 2606 to 2611
Skipped Seq from 2613 to 2616
Skipped Seq from 2630 to 2638
Skipped Seq from 2638 to 2644
Skipped Seq from 2646 to 2653
Skipped Seq from 2657 to 2664
Skipped Seq from 2672 to 2677
Skipped Seq from 2677 to 2684
Skipped Seq from 2684 to 2698
Skipped Seq from 2698 to 2700
Skipped Seq from 2706 to 2711
Skipped Seq from 2712 to 2715
Skipped Seq from 2715 to 2720
Skipped Seq from 2720 to 2727
Skipped Seq from 2728 to 2734
Skipped Seq from 2734 to 2736
Skipped Seq from 2736 to 2743
Skipped Seq from 2747 to 2750
Skipped Seq from 2750 to 2754
Skipped Seq from 2773 to 2795
Skipped Seq from 2797 to 2829
Skipped Seq from 2830 to 2835
Skipped Seq from 2835 to 2850
Skipped Seq from 2850 to 2865
Skipped Seq from 2865 to 2873
Skipped Seq from 2874 to 2876
Skipped Seq from 2877 to 2879
Skipped Seq from 2879 to 2886
Skipped Seq from 2886 to 2890
Skipped Seq from 2890 to 2892
Skipped Seq from 2892 to 2894
Skipped Seq from 2907 to 2912
Skipped Seq from 2919 to 2923
Skipped Seq from 2924 to 2928
Skipped Seq from 2930 to 2938
Skipped Seq from 2941 to 2950
Skipped Seq from 2951 to 2953
Skipped Seq from 2953 to 2958
Skipped Seq from 2961 to 2969
Skipped Seq from 2969 to 2990
Skipped Seq from 2990 to 2993
Skipped Seq from 2993 to 2996
Skipped Seq from 3009 to 3022
Skipped Seq from 3028 to 3035
Skipped Seq from 3035 to 3041
Skipped Seq from 3041 to 3045
Skipped Seq from 3046 to 3056
Skipped Seq from 3057 to 3066
Skipped Seq from 3069 to 3080
Skipped Seq from 3080 to 3086
Skipped Seq from 3086 to 3110
Skipped Seq from 3123 to 3138
Skipped Seq from 3140 to 3146
Skipped Seq from 3146 to 3168
Skipped Seq from 3168 to 3171
Skipped Seq from 3183 to 3185
Skipped Seq from 3190 to 3192
Skipped Seq from 3192 to 3198
Skipped Seq from 3198 to 3202
Skipped Seq from 3205 to 3222
Skipped Seq from 3222 to 3235
Skipped Seq from 3235 to 3241
Skipped Seq from 3241 to 3249
Skipped Seq from 3249 to 3252
Skipped Seq from 3258 to 3265
Skipped Seq from 3269 to 3271
Skipped Seq from 3275 to 3278
Skipped Seq from 3279 to 3288
Skipped Seq from 3289 to 3316
Skipped Seq from 3316 to 3324
Skipped Seq from 3324 to 3328
Skipped Seq from 3330 to 3357
Skipped Seq from 3361 to 3366
Skipped Seq from 3366 to 3372
Skipped Seq from 3373 to 3375
Skipped Seq from 3396 to 3398
Skipped Seq from 3400 to 3403
Skipped Seq from 3406 to 3419
Skipped Seq from 3419 to 3426
Skipped Seq from 3427 to 3429
Skipped Seq from 3429 to 3447
Skipped Seq from 3447 to 3450
Skipped Seq from 3450 to 3454
Skipped Seq from 3454 to 3458
Skipped Seq from 3459 to 3463
Skipped Seq from 3464 to 3471
Skipped Seq from 3471 to 3481
Skipped Seq from 3484 to 3486
Skipped Seq from 3486 to 3495
Skipped Seq from 3495 to 3508
Skipped Seq from 3511 to 3515
Skipped Seq from 3516 to 3532
Skipped Seq from 3534 to 3541
Skipped Seq from 3543 to 3552
Skipped Seq from 3564 to 3582
Skipped Seq from 3582 to 3584
Skipped Seq from 3584 to 3601
Skipped Seq from 3601 to 3619
Skipped Seq from 3619 to 3622
Skipped Seq from 3622 to 3624
Skipped Seq from 3624 to 3626
Skipped Seq from 3627 to 3634
Skipped Seq from 3634 to 3637
Skipped Seq from 3637 to 3651
Skipped Seq from 3652 to 3657
Skipped Seq from 3661 to 3667
Skipped Seq from 3668 to 3677
Skipped Seq from 3678 to 3680
Skipped Seq from 3680 to 3682
Skipped Seq from 3684 to 3695
Skipped Seq from 3697 to 3699
Skipped Seq from 3699 to 3706
Skipped Seq from 3709 to 3716
Skipped Seq from 3718 to 3723
Skipped Seq from 3723 to 3728
Skipped Seq from 3746 to 3753
Skipped Seq from 3754 to 3758
Skipped Seq from 3758 to 3760
Skipped Seq from 3760 to 3762
Skipped Seq from 3764 to 3767
Skipped Seq from 3767 to 3772
Skipped Seq from 3772 to 3795
Skipped Seq from 3799 to 3804
Skipped Seq from 3804 to 3818
Skipped Seq from 3821 to 3825
Skipped Seq from 3827 to 3831
Skipped Seq from 3832 to 3839
Skipped Seq from 3843 to 3848
Skipped Seq from 3848 to 3856
Skipped Seq from 3856 to 3862
Skipped Seq from 3862 to 3864
Skipped Seq from 3864 to 3877
Skipped Seq from 3877 to 3885
Skipped Seq from 3885 to 3895
Skipped Seq from 3895 to 3898
Skipped Seq from 3901 to 3910
Skipped Seq from 3910 to 3912
Skipped Seq from 3917 to 3921
Skipped Seq from 3921 to 3924
Skipped Seq from 3924 to 3932
Skipped Seq from 3932 to 3934
Skipped Seq from 3935 to 3937
Skipped Seq from 3939 to 3943
Skipped Seq from 3943 to 3959
Skipped Seq from 3959 to 3961
Skipped Seq from 3961 to 3964
Skipped Seq from 3968 to 3982
Skipped Seq from 3983 to 3985
Skipped Seq from 3985 to 3987
Skipped Seq from 3987 to 3989
Skipped Seq from 3992 to 3997
Skipped Seq from 3999 to 4003
Skipped Seq from 4003 to 4006
Skipped Seq from 4008 to 4011
Skipped Seq from 4012 to 4016
Skipped Seq from 4020 to 4023
Skipped Seq from 4027 to 4030
Skipped Seq from 4071 to 4073
Skipped Seq from 4073 to 4077
Skipped Seq from 4098 to 4101
Skipped Seq from 4104 to 4119
Skipped Seq from 4119 to 4123
Skipped Seq from 4134 to 4140
Skipped Seq from 4140 to 4143
Skipped Seq from 4149 to 4151
Skipped Seq from 4151 to 4156
Skipped Seq from 4164 to 4170
Skipped Seq from 4170 to 4174
Skipped Seq from 4185 to 4192
Skipped Seq from 4197 to 4202
Skipped Seq from 4205 to 4208
Skipped Seq from 4238 to 4241
Skipped Seq from 4241 to 4244
Skipped Seq from 4244 to 4246
Skipped Seq from 4247 to 4249
Skipped Seq from 4249 to 4254
Skipped Seq from 4262 to 4275
Skipped Seq from 4296 to 4304
Skipped Seq from 4304 to 4306
Skipped Seq from 4306 to 4308
Skipped Seq from 4308 to 4310
Skipped Seq from 4310 to 4314
Skipped Seq from 4322 to 4329
Skipped Seq from 4332 to 4337
Skipped Seq from 4581 to 4583
Skipped Seq from 4583 to 4588
Skipped Seq from 4733 to 4736
Skipped Seq from 4740 to 4742
Skipped Seq from 7763 to 7766
Skipped Seq from 7774 to 7777
Skipped Seq from 7777 to 7787
Skipped Seq from 7788 to 7794
Skipped Seq from 7796 to 7803
Skipped Seq from 7803 to 7808
Skipped Seq from 7808 to 7813
Skipped Seq from 7814 to 7833
Skipped Seq from 7843 to 7845
Skipped Seq from 7845 to 7848
Skipped Seq from 7848 to 7853
Skipped Seq from 7853 to 7865
Skipped Seq from 7865 to 7870
Skipped Seq from 7871 to 7892
Skipped Seq from 7892 to 7897
Skipped Seq from 7898 to 7904
Skipped Seq from 7905 to 7909
Skipped Seq from 7912 to 7919
Skipped Seq from 7919 to 7922
Skipped Seq from 7929 to 7933
Skipped Seq from 7933 to 7938
Skipped Seq from 7938 to 7940
Skipped Seq from 7943 to 7947
Skipped Seq from 7949 to 7955
Skipped Seq from 7956 to 7971
Skipped Seq from 7971 to 7978
Skipped Seq from 7983 to 7986
Skipped Seq from 7997 to 7999
Skipped Seq from 7999 to 8010
Skipped Seq from 8010 to 8020
Skipped Seq from 8020 to 8022
Skipped Seq from 8022 to 8028
Skipped Seq from 8036 to 8050
Skipped Seq from 8060 to 8066
Skipped Seq from 8066 to 8076
Skipped Seq from 8076 to 8078
Skipped Seq from 8085 to 8087
Skipped Seq from 8098 to 8106
Skipped Seq from 8115 to 8118
Skipped Seq from 8119 to 8121
Skipped Seq from 8121 to 8129
Skipped Seq from 8129 to 8131
Skipped Seq from 8131 to 8137
Skipped Seq from 8139 to 8146
Skipped Seq from 8147 to 8151
Skipped Seq from 8151 to 8156
Skipped Seq from 8176 to 8179
Skipped Seq from 8180 to 8196
Skipped Seq from 8196 to 8213
Skipped Seq from 8213 to 8223
Skipped Seq from 8234 to 8253
Skipped Seq from 8255 to 8263
Skipped Seq from 8263 to 8270
Skipped Seq from 8270 to 8273
Skipped Seq from 8274 to 8282
Skipped Seq from 8287 to 8299
Skipped Seq from 8299 to 8301
Skipped Seq from 8301 to 8306
Skipped Seq from 8308 to 8320
Skipped Seq from 8323 to 8330
Skipped Seq from 8330 to 8334
Skipped Seq from 8351 to 8367
Skipped Seq from 8368 to 8375
Skipped Seq from 8375 to 8379
Skipped Seq from 8379 to 8382
Skipped Seq from 8382 to 8390
Skipped Seq from 8391 to 8393
Skipped Seq from 8393 to 8403
Skipped Seq from 8403 to 8405
Skipped Seq from 8405 to 8409
Skipped Seq from 8410 to 8415
Skipped Seq from 8415 to 8418
Skipped Seq from 8421 to 8430
Skipped Seq from 8452 to 8454
Skipped Seq from 8454 to 8458
Skipped Seq from 8458 to 8476
Skipped Seq from 8476 to 8481
Skipped Seq from 8482 to 8501
Skipped Seq from 8501 to 8511
Skipped Seq from 8511 to 8522
Skipped Seq from 8531 to 8541
Skipped Seq from 8541 to 8564
Skipped Seq from 8564 to 8578
Skipped Seq from 8578 to 8586
Skipped Seq from 8587 to 8593
Skipped Seq from 8597 to 8601
Skipped Seq from 8602 to 8608
Skipped Seq from 8608 to 8614
Skipped Seq from 8616 to 8619
Skipped Seq from 8620 to 8624
Skipped Seq from 8624 to 8636
Skipped Seq from 8637 to 8639
Skipped Seq from 8644 to 8666
Skipped Seq from 8672 to 8679
Skipped Seq from 8686 to 8689
Skipped Seq from 8696 to 8700
Skipped Seq from 8701 to 8705
Skipped Seq from 8705 to 8717
Skipped Seq from 8720 to 8722
Skipped Seq from 8722 to 8725
Skipped Seq from 8725 to 8727
Skipped Seq from 8730 to 8732
Skipped Seq from 8732 to 8736
Skipped Seq from 8736 to 8741
Skipped Seq from 8742 to 8762
Skipped Seq from 8763 to 8765
Skipped Seq from 8769 to 8781
Skipped Seq from 8781 to 8792
Skipped Seq from 8794 to 8796
Skipped Seq from 8800 to 8817
Skipped Seq from 8818 to 8824
Skipped Seq from 8827 to 8830
Skipped Seq from 8830 to 8832
Skipped Seq from 8835 to 8860
Skipped Seq from 8862 to 8867
Skipped Seq from 8867 to 8870
Skipped Seq from 8874 to 8879
Skipped Seq from 8881 to 8887
Skipped Seq from 8887 to 8893
Skipped Seq from 8894 to 8902
Skipped Seq from 8902 to 8906
Skipped Seq from 8907 to 8910
Skipped Seq from 8911 to 8913
Skipped Seq from 8913 to 8918
Skipped Seq from 8921 to 8926
Skipped Seq from 8926 to 8930
Skipped Seq from 8930 to 8933
Skipped Seq from 8933 to 8935
Skipped Seq from 8935 to 8938
Skipped Seq from 8938 to 8945
Skipped Seq from 8951 to 8961
Skipped Seq from 8961 to 8964
Skipped Seq from 8964 to 8973
Skipped Seq from 8975 to 8977
Skipped Seq from 8979 to 8981
Skipped Seq from 8985 to 8990
Skipped Seq from 8991 to 9002
Skipped Seq from 9002 to 9011
Skipped Seq from 9015 to 9019
Skipped Seq from 9019 to 9025
Skipped Seq from 9025 to 9032
Skipped Seq from 9032 to 9044
Skipped Seq from 9045 to 9057
Skipped Seq from 9057 to 9060
Skipped Seq from 9065 to 9071
Skipped Seq from 9071 to 9078
Skipped Seq from 9078 to 9090
Skipped Seq from 9090 to 9096
Skipped Seq from 9110 to 9116
Skipped Seq from 9119 to 9160
Skipped Seq from 9160 to 9162
Skipped Seq from 9162 to 9170
Skipped Seq from 9170 to 9177
Skipped Seq from 9177 to 9180
Skipped Seq from 9180 to 9190
Skipped Seq from 9192 to 9196
Skipped Seq from 9196 to 9206
Skipped Seq from 9206 to 9211
Skipped Seq from 9211 to 9226
Skipped Seq from 9230 to 9237
Skipped Seq from 9237 to 9248
Skipped Seq from 9248 to 9272
Skipped Seq from 9272 to 9293
Skipped Seq from 9294 to 9299
Skipped Seq from 9299 to 9303
Skipped Seq from 9303 to 9305
Skipped Seq from 9308 to 9316
Skipped Seq from 9322 to 9325
Skipped Seq from 9325 to 9327
Skipped Seq from 9329 to 9345
Skipped Seq from 9348 to 9356
Skipped Seq from 9360 to 9366
Skipped Seq from 9368 to 9373
Number of times throttled: 8
Received: 5708 / 9381 packets
Start time: 1332847330.578209
End time: 1332847353.589819
Duration: 23.011610
