Starting client at 10.0.0.17:1264 with timeout:10
My IP address is 10.0.0.17Skipped Seq from 885 to 890
Skipped Seq from 890 to 893
Skipped Seq from 896 to 899
Skipped Seq from 899 to 901
Skipped Seq from 901 to 911
Skipped Seq from 913 to 916
Skipped Seq from 918 to 920
Skipped Seq from 920 to 922
Skipped Seq from 925 to 927
Skipped Seq from 929 to 931
Skipped Seq from 932 to 936
Skipped Seq from 936 to 940
Skipped Seq from 941 to 946
Skipped Seq from 946 to 949
Skipped Seq from 950 to 952
Skipped Seq from 956 to 958
Skipped Seq from 958 to 960
Skipped Seq from 962 to 965
Skipped Seq from 965 to 969
Skipped Seq from 969 to 971
Skipped Seq from 974 to 981
Skipped Seq from 981 to 983
Skipped Seq from 983 to 987
Skipped Seq from 987 to 990
Skipped Seq from 992 to 994
Skipped Seq from 996 to 1000
Skipped Seq from 1001 to 1004
Skipped Seq from 1004 to 1009
Skipped Seq from 1010 to 1015
Skipped Seq from 1016 to 1022
Skipped Seq from 1022 to 1032
Skipped Seq from 1032 to 1041
Skipped Seq from 1048 to 1051
Skipped Seq from 1052 to 1057
Skipped Seq from 1061 to 1065
Skipped Seq from 1066 to 1071
Skipped Seq from 1071 to 1073
Skipped Seq from 1073 to 1075
Skipped Seq from 1081 to 1083
Skipped Seq from 1083 to 1086
Skipped Seq from 1086 to 1088
Skipped Seq from 1092 to 1094
Skipped Seq from 1094 to 1101
Skipped Seq from 1102 to 1107
Skipped Seq from 1111 to 1121
Skipped Seq from 1123 to 1127
Skipped Seq from 1131 to 1135
Skipped Seq from 1139 to 1141
Skipped Seq from 1141 to 1146
Skipped Seq from 1146 to 1151
Skipped Seq from 1153 to 1156
Skipped Seq from 1161 to 1173
Skipped Seq from 1174 to 1181
Skipped Seq from 1186 to 1188
Skipped Seq from 1188 to 1192
Skipped Seq from 1193 to 1200
Skipped Seq from 1200 to 1206
Skipped Seq from 1208 to 1211
Skipped Seq from 1211 to 1213
Skipped Seq from 1213 to 1215
Skipped Seq from 1215 to 1223
Skipped Seq from 1226 to 1231
Skipped Seq from 1234 to 1237
Skipped Seq from 1237 to 1241
Skipped Seq from 1241 to 1244
Skipped Seq from 1248 to 1251
Skipped Seq from 1255 to 1257
Skipped Seq from 1257 to 1259
Skipped Seq from 1259 to 1262
Skipped Seq from 1263 to 1266
Skipped Seq from 1266 to 1268
Skipped Seq from 1268 to 1274
Skipped Seq from 1278 to 1280
Skipped Seq from 1280 to 1285
Skipped Seq from 1290 to 1292
Skipped Seq from 1293 to 1299
Skipped Seq from 1302 to 1309
Skipped Seq from 1311 to 1314
Skipped Seq from 1314 to 1318
Skipped Seq from 1322 to 1325
Skipped Seq from 1327 to 1334
Skipped Seq from 1334 to 1340
Skipped Seq from 1340 to 1349
Skipped Seq from 1349 to 1351
Skipped Seq from 1352 to 1354
Skipped Seq from 1356 to 1362
Skipped Seq from 1370 to 1378
Skipped Seq from 1378 to 1380
Skipped Seq from 1381 to 1390
Skipped Seq from 1390 to 1392
Skipped Seq from 1399 to 1402
Skipped Seq from 1402 to 1404
Skipped Seq from 1404 to 1407
Skipped Seq from 1407 to 1409
Skipped Seq from 1410 to 1412
Skipped Seq from 1413 to 1421
Skipped Seq from 1424 to 1427
Skipped Seq from 1427 to 1429
Skipped Seq from 1430 to 1436
Skipped Seq from 1436 to 1440
Skipped Seq from 1440 to 1442
Skipped Seq from 1444 to 1446
Skipped Seq from 1446 to 1448
Skipped Seq from 1448 to 1450
Skipped Seq from 1450 to 1452
Skipped Seq from 1458 to 1462
Skipped Seq from 1462 to 1467
Skipped Seq from 1470 to 1474
Skipped Seq from 1474 to 1476
Skipped Seq from 1481 to 1483
Skipped Seq from 1483 to 1485
Skipped Seq from 1486 to 1491
Skipped Seq from 1491 to 1494
Skipped Seq from 1495 to 1498
Skipped Seq from 1499 to 1508
Skipped Seq from 1512 to 1515
Skipped Seq from 1517 to 1521
Skipped Seq from 1521 to 1524
Skipped Seq from 1524 to 1526
Skipped Seq from 1527 to 1529
Skipped Seq from 1529 to 1531
Skipped Seq from 1534 to 1541
Skipped Seq from 1541 to 1543
Skipped Seq from 1543 to 1559
Skipped Seq from 1559 to 1566
Skipped Seq from 1566 to 1578
Skipped Seq from 1585 to 1590
Skipped Seq from 1590 to 1595
Skipped Seq from 1597 to 1600
Skipped Seq from 1600 to 1603
Skipped Seq from 1606 to 1608
Skipped Seq from 1610 to 1624
Skipped Seq from 1624 to 1628
Skipped Seq from 1629 to 1633
Skipped Seq from 1636 to 1640
Skipped Seq from 1640 to 1646
Skipped Seq from 1649 to 1652
Skipped Seq from 1652 to 1654
Skipped Seq from 1656 to 1661
Skipped Seq from 1661 to 1664
Skipped Seq from 1671 to 1676
Skipped Seq from 1682 to 1684
Skipped Seq from 1685 to 1689
Skipped Seq from 1690 to 1692
Skipped Seq from 1692 to 1695
Skipped Seq from 1696 to 1699
Skipped Seq from 1704 to 1706
Skipped Seq from 1707 to 1710
Skipped Seq from 1715 to 1722
Skipped Seq from 1722 to 1726
Skipped Seq from 1730 to 1732
Skipped Seq from 1734 to 1738
Skipped Seq from 1738 to 1743
Skipped Seq from 1753 to 1755
Skipped Seq from 1755 to 1757
Skipped Seq from 1757 to 1760
Skipped Seq from 1764 to 1769
Skipped Seq from 1769 to 1776
Skipped Seq from 1776 to 1778
Skipped Seq from 1781 to 1794
Skipped Seq from 1797 to 1800
Skipped Seq from 1800 to 1803
Skipped Seq from 1803 to 1810
Skipped Seq from 1810 to 1815
Skipped Seq from 1817 to 1824
Skipped Seq from 1825 to 1828
Skipped Seq from 1828 to 1835
Skipped Seq from 1835 to 1839
Skipped Seq from 1847 to 1849
Skipped Seq from 1849 to 1851
Skipped Seq from 1851 to 1855
Skipped Seq from 1855 to 1859
Skipped Seq from 1866 to 1868
Skipped Seq from 1868 to 1872
Skipped Seq from 1872 to 1874
Skipped Seq from 1878 to 1884
Skipped Seq from 1886 to 1889
Skipped Seq from 1891 to 1893
Skipped Seq from 1893 to 1896
Skipped Seq from 1896 to 1901
Skipped Seq from 1906 to 1909
Skipped Seq from 1909 to 1912
Skipped Seq from 1913 to 1925
Skipped Seq from 1925 to 1933
Skipped Seq from 1935 to 1941
Skipped Seq from 1941 to 1943
Skipped Seq from 1944 to 1946
Skipped Seq from 1946 to 1948
Skipped Seq from 1949 to 1955
Skipped Seq from 1955 to 1962
Skipped Seq from 1963 to 1972
Skipped Seq from 1973 to 1978
Skipped Seq from 1978 to 1981
Skipped Seq from 1981 to 1983
Skipped Seq from 1983 to 1985
Skipped Seq from 1990 to 1993
Skipped Seq from 1999 to 2001
Skipped Seq from 2001 to 2010
Skipped Seq from 2010 to 2013
Skipped Seq from 2013 to 2017
Skipped Seq from 2017 to 2025
Skipped Seq from 2026 to 2029
Skipped Seq from 2032 to 2041
Skipped Seq from 2041 to 2047
Skipped Seq from 2048 to 2052
Skipped Seq from 2054 to 2058
Skipped Seq from 2058 to 2062
Skipped Seq from 2062 to 2064
Skipped Seq from 2072 to 2075
Skipped Seq from 2075 to 2078
Skipped Seq from 2078 to 2085
Skipped Seq from 2085 to 2090
Skipped Seq from 2091 to 2099
Skipped Seq from 2103 to 2107
Skipped Seq from 2109 to 2116
Skipped Seq from 2116 to 2129
Skipped Seq from 2129 to 2137
Skipped Seq from 2137 to 2143
Skipped Seq from 2143 to 2147
Skipped Seq from 2151 to 2156
Skipped Seq from 2156 to 2158
Skipped Seq from 2162 to 2166
Skipped Seq from 2172 to 2176
Skipped Seq from 2177 to 2181
Skipped Seq from 2183 to 2187
Skipped Seq from 2203 to 2214
Skipped Seq from 2214 to 2216
Skipped Seq from 2216 to 2218
Skipped Seq from 2222 to 2235
Skipped Seq from 2238 to 2242
Skipped Seq from 2244 to 2246
Skipped Seq from 2247 to 2260
Skipped Seq from 2261 to 2264
Skipped Seq from 2264 to 2266
Skipped Seq from 2276 to 2278
Skipped Seq from 2282 to 2285
Skipped Seq from 2290 to 2300
Skipped Seq from 2300 to 2314
Skipped Seq from 2314 to 2316
Skipped Seq from 2317 to 2320
Skipped Seq from 2322 to 2326
Skipped Seq from 2329 to 2331
Skipped Seq from 2335 to 2342
Skipped Seq from 2355 to 2361
Skipped Seq from 2361 to 2364
Skipped Seq from 2374 to 2380
Skipped Seq from 2383 to 2385
Skipped Seq from 2385 to 2391
Skipped Seq from 2392 to 2397
Skipped Seq from 2404 to 2406
Skipped Seq from 2414 to 2416
Skipped Seq from 2416 to 2421
Skipped Seq from 2437 to 2445
Skipped Seq from 2446 to 2461
Skipped Seq from 2462 to 2469
Skipped Seq from 2469 to 2471
Skipped Seq from 2472 to 2475
Skipped Seq from 2476 to 2479
Skipped Seq from 2479 to 2481
Skipped Seq from 2485 to 2490
Skipped Seq from 2493 to 2495
Skipped Seq from 2500 to 2510
Skipped Seq from 2528 to 2530
Skipped Seq from 2530 to 2532
Skipped Seq from 2534 to 2537
Skipped Seq from 2537 to 2539
Skipped Seq from 2557 to 2566
Skipped Seq from 2575 to 2583
Skipped Seq from 2584 to 2587
Skipped Seq from 2588 to 2598
Skipped Seq from 2602 to 2606
Skipped Seq from 2607 to 2614
Skipped Seq from 2619 to 2623
Skipped Seq from 2623 to 2627
Skipped Seq from 2633 to 2639
Skipped Seq from 2640 to 2643
Skipped Seq from 2643 to 2648
Skipped Seq from 2653 to 2655
Skipped Seq from 2658 to 2660
Skipped Seq from 2660 to 2662
Skipped Seq from 2664 to 2667
Skipped Seq from 2670 to 2674
Skipped Seq from 2674 to 2676
Skipped Seq from 2676 to 2678
Skipped Seq from 2678 to 2680
Skipped Seq from 2681 to 2696
Skipped Seq from 2696 to 2701
Skipped Seq from 2705 to 2708
Skipped Seq from 2708 to 2718
Skipped Seq from 2718 to 2720
Skipped Seq from 2720 to 2723
Skipped Seq from 2724 to 2726
Skipped Seq from 2726 to 2731
Skipped Seq from 2731 to 2734
Skipped Seq from 2734 to 2738
Skipped Seq from 2761 to 2765
Skipped Seq from 2765 to 2768
Skipped Seq from 2768 to 2772
Skipped Seq from 2774 to 2777
Skipped Seq from 2777 to 2780
Skipped Seq from 2780 to 2784
Skipped Seq from 2784 to 2787
Skipped Seq from 2788 to 2795
Skipped Seq from 2798 to 2803
Skipped Seq from 2803 to 2817
Skipped Seq from 2818 to 2831
Skipped Seq from 2833 to 2843
Skipped Seq from 2843 to 2845
Skipped Seq from 2845 to 2854
Skipped Seq from 2854 to 2856
Skipped Seq from 2856 to 2858
Skipped Seq from 2858 to 2877
Skipped Seq from 2879 to 2885
Skipped Seq from 2885 to 2895
Skipped Seq from 2899 to 2911
Skipped Seq from 2915 to 2920
Skipped Seq from 2920 to 2923
Skipped Seq from 2925 to 2928
Skipped Seq from 2930 to 2945
Skipped Seq from 2945 to 2948
Skipped Seq from 2949 to 2951
Skipped Seq from 2951 to 2958
Skipped Seq from 2958 to 2962
Skipped Seq from 2962 to 2965
Skipped Seq from 2965 to 2969
Skipped Seq from 2971 to 2986
Skipped Seq from 2986 to 2988
Skipped Seq from 2994 to 3006
Skipped Seq from 3006 to 3009
Skipped Seq from 3012 to 3019
Skipped Seq from 3019 to 3022
Skipped Seq from 3022 to 3024
Skipped Seq from 3024 to 3028
Skipped Seq from 3028 to 3036
Skipped Seq from 3037 to 3044
Skipped Seq from 3044 to 3054
Skipped Seq from 3054 to 3063
Skipped Seq from 3064 to 3066
Skipped Seq from 3066 to 3070
Skipped Seq from 3070 to 3078
Skipped Seq from 3080 to 3086
Skipped Seq from 3086 to 3088
Skipped Seq from 3089 to 3091
Skipped Seq from 3091 to 3100
Skipped Seq from 3101 to 3106
Skipped Seq from 3107 to 3118
Skipped Seq from 3118 to 3120
Skipped Seq from 3122 to 3125
Skipped Seq from 3125 to 3131
Skipped Seq from 3132 to 3136
Skipped Seq from 3136 to 3145
Skipped Seq from 3146 to 3150
Skipped Seq from 3151 to 3160
Skipped Seq from 3162 to 3167
Skipped Seq from 3168 to 3170
Skipped Seq from 3173 to 3177
Skipped Seq from 3179 to 3181
Skipped Seq from 3185 to 3187
Skipped Seq from 3187 to 3192
Skipped Seq from 3192 to 3195
Skipped Seq from 3195 to 3198
Skipped Seq from 3198 to 3200
Skipped Seq from 3200 to 3207
Skipped Seq from 3207 to 3215
Skipped Seq from 3216 to 3227
Skipped Seq from 3233 to 3235
Skipped Seq from 3237 to 3239
Skipped Seq from 3239 to 3243
Skipped Seq from 3243 to 3245
Skipped Seq from 3246 to 3279
Skipped Seq from 3279 to 3286
Skipped Seq from 3286 to 3289
Skipped Seq from 3289 to 3292
Skipped Seq from 3294 to 3298
Skipped Seq from 3300 to 3316
Skipped Seq from 3316 to 3320
Skipped Seq from 3322 to 3325
Skipped Seq from 3328 to 3332
Skipped Seq from 3332 to 3334
Skipped Seq from 3334 to 3338
Skipped Seq from 3338 to 3341
Skipped Seq from 3343 to 3345
Skipped Seq from 3345 to 3358
Skipped Seq from 3358 to 3366
Skipped Seq from 3366 to 3370
Skipped Seq from 3370 to 3372
Skipped Seq from 3377 to 3380
Skipped Seq from 3380 to 3382
Skipped Seq from 3382 to 3384
Skipped Seq from 3385 to 3388
Skipped Seq from 3390 to 3396
Skipped Seq from 3397 to 3408
Skipped Seq from 3408 to 3416
Skipped Seq from 3422 to 3424
Skipped Seq from 3424 to 3426
Skipped Seq from 3426 to 3428
Skipped Seq from 3428 to 3430
Skipped Seq from 3430 to 3432
Skipped Seq from 3433 to 3445
Skipped Seq from 3445 to 3447
Skipped Seq from 3447 to 3449
Skipped Seq from 3450 to 3452
Skipped Seq from 3460 to 3462
Skipped Seq from 3463 to 3466
Skipped Seq from 3469 to 3473
Skipped Seq from 3473 to 3476
Skipped Seq from 3476 to 3479
Skipped Seq from 3479 to 3481
Skipped Seq from 3481 to 3483
Skipped Seq from 3483 to 3485
Skipped Seq from 3485 to 3488
Skipped Seq from 3488 to 3490
Skipped Seq from 3492 to 3494
Skipped Seq from 3496 to 3498
Skipped Seq from 3498 to 3502
Skipped Seq from 3502 to 3504
Skipped Seq from 3504 to 3506
Skipped Seq from 3508 to 3511
Skipped Seq from 3512 to 3514
Skipped Seq from 3515 to 3517
Skipped Seq from 3517 to 3520
Skipped Seq from 3520 to 3522
Skipped Seq from 3522 to 3531
Skipped Seq from 3531 to 3536
Skipped Seq from 3537 to 3540
Skipped Seq from 3540 to 3547
Skipped Seq from 3547 to 3550
Skipped Seq from 3550 to 3552
Skipped Seq from 3552 to 3557
Skipped Seq from 3560 to 3563
Skipped Seq from 3564 to 3566
Skipped Seq from 3569 to 3572
Skipped Seq from 3573 to 3575
Skipped Seq from 3575 to 3581
Skipped Seq from 3584 to 3586
Skipped Seq from 3586 to 3590
Skipped Seq from 3590 to 3602
Skipped Seq from 3602 to 3607
Skipped Seq from 3607 to 3617
Skipped Seq from 3617 to 3619
Skipped Seq from 3619 to 3622
Skipped Seq from 3624 to 3626
Skipped Seq from 3627 to 3633
Skipped Seq from 3633 to 3635
Skipped Seq from 3635 to 3637
Skipped Seq from 3638 to 3645
Skipped Seq from 3645 to 3657
Skipped Seq from 3660 to 3667
Skipped Seq from 3671 to 3676
Skipped Seq from 3676 to 3678
Skipped Seq from 3683 to 3685
Skipped Seq from 3685 to 3687
Skipped Seq from 3688 to 3690
Skipped Seq from 3690 to 3699
Skipped Seq from 3699 to 3704
Skipped Seq from 3704 to 3714
Skipped Seq from 3714 to 3720
Skipped Seq from 3721 to 3724
Skipped Seq from 3726 to 3731
Skipped Seq from 3733 to 3737
Skipped Seq from 3737 to 3752
Skipped Seq from 3752 to 3762
Skipped Seq from 3764 to 3767
Skipped Seq from 3767 to 3769
Skipped Seq from 3769 to 3772
Skipped Seq from 3773 to 3776
Skipped Seq from 3776 to 3780
Skipped Seq from 3780 to 3784
Skipped Seq from 3784 to 3786
Skipped Seq from 3789 to 3795
Skipped Seq from 3795 to 3802
Skipped Seq from 3803 to 3807
Skipped Seq from 3807 to 3816
Skipped Seq from 3819 to 3821
Skipped Seq from 3821 to 3824
Skipped Seq from 3824 to 3831
Skipped Seq from 3832 to 3835
Skipped Seq from 3836 to 3841
Skipped Seq from 3845 to 3861
Skipped Seq from 3885 to 3892
Skipped Seq from 3892 to 3894
Skipped Seq from 3896 to 3903
Skipped Seq from 3903 to 3913
Skipped Seq from 3913 to 3916
Skipped Seq from 3918 to 3929
Skipped Seq from 3930 to 3932
Skipped Seq from 3933 to 3935
Skipped Seq from 3937 to 3939
Skipped Seq from 3939 to 3949
Skipped Seq from 3953 to 3960
Skipped Seq from 3966 to 3972
Skipped Seq from 3981 to 3987
Skipped Seq from 3988 to 3992
Skipped Seq from 3992 to 4010
Skipped Seq from 4010 to 4014
Skipped Seq from 4014 to 4017
Skipped Seq from 4017 to 4019
Skipped Seq from 4019 to 4031
Skipped Seq from 4031 to 4034
Skipped Seq from 4034 to 4036
Skipped Seq from 4036 to 4038
Skipped Seq from 4038 to 4040
Skipped Seq from 4040 to 4044
Skipped Seq from 4044 to 4047
Skipped Seq from 4047 to 4055
Skipped Seq from 4057 to 4060
Skipped Seq from 4061 to 4078
Skipped Seq from 4078 to 4081
Skipped Seq from 4083 to 4087
Skipped Seq from 4087 to 4092
Skipped Seq from 4094 to 4099
Skipped Seq from 4101 to 4105
Skipped Seq from 4107 to 4111
Skipped Seq from 4113 to 4116
Skipped Seq from 4117 to 4128
Skipped Seq from 4132 to 4147
Skipped Seq from 4147 to 4150
Skipped Seq from 4152 to 4159
Skipped Seq from 4159 to 4161
Skipped Seq from 4161 to 4166
Skipped Seq from 4167 to 4170
Skipped Seq from 4170 to 4174
Skipped Seq from 4175 to 4190
Skipped Seq from 4192 to 4196
Skipped Seq from 4196 to 4199
Skipped Seq from 4201 to 4205
Skipped Seq from 4205 to 4208
Skipped Seq from 4209 to 4211
Skipped Seq from 4212 to 4215
Skipped Seq from 4215 to 4223
Skipped Seq from 4223 to 4230
Skipped Seq from 4231 to 4239
Skipped Seq from 4240 to 4243
Skipped Seq from 4243 to 4246
Skipped Seq from 4246 to 4249
Skipped Seq from 4250 to 4252
Skipped Seq from 4252 to 4259
Skipped Seq from 4259 to 4262
Skipped Seq from 4262 to 4272
Skipped Seq from 4272 to 4275
Skipped Seq from 4275 to 4281
Skipped Seq from 4284 to 4289
Skipped Seq from 4289 to 4293
Skipped Seq from 4295 to 4300
Skipped Seq from 4303 to 4311
Skipped Seq from 4314 to 4319
Skipped Seq from 4319 to 4324
Skipped Seq from 4324 to 4326
Skipped Seq from 4327 to 4330
Skipped Seq from 4330 to 4332
Skipped Seq from 4332 to 4334
Skipped Seq from 4334 to 4337
Skipped Seq from 4337 to 4346
Skipped Seq from 4346 to 4352
Skipped Seq from 4353 to 4358
Skipped Seq from 4358 to 4362
Skipped Seq from 4363 to 4368
Skipped Seq from 4369 to 4380
Skipped Seq from 4380 to 4382
Skipped Seq from 4382 to 4385
Skipped Seq from 4385 to 4392
Skipped Seq from 4396 to 4400
Skipped Seq from 4400 to 4403
Skipped Seq from 4404 to 4408
Skipped Seq from 4408 to 4417
Skipped Seq from 4417 to 4420
Skipped Seq from 4420 to 4425
Skipped Seq from 4428 to 4432
Skipped Seq from 4433 to 4436
Skipped Seq from 4437 to 4440
Skipped Seq from 4440 to 4444
Skipped Seq from 4444 to 4449
Skipped Seq from 4451 to 4455
Skipped Seq from 4455 to 4459
Skipped Seq from 4462 to 4472
Skipped Seq from 4474 to 4483
Skipped Seq from 4484 to 4488
Skipped Seq from 4488 to 4491
Skipped Seq from 4491 to 4495
Skipped Seq from 4495 to 4501
Skipped Seq from 4501 to 4507
Skipped Seq from 4507 to 4511
Skipped Seq from 4513 to 4517
Skipped Seq from 4520 to 4524
Skipped Seq from 4524 to 4530
Skipped Seq from 4530 to 4532
Skipped Seq from 4533 to 4538
Skipped Seq from 4542 to 4545
Skipped Seq from 4545 to 4547
Skipped Seq from 4547 to 4551
Skipped Seq from 4554 to 4557
Skipped Seq from 4557 to 4567
Skipped Seq from 4567 to 4569
Skipped Seq from 4570 to 4574
Skipped Seq from 4574 to 4576
Skipped Seq from 4576 to 4584
Skipped Seq from 4585 to 4595
Skipped Seq from 4595 to 4598
Skipped Seq from 4598 to 4600
Skipped Seq from 4604 to 4611
Skipped Seq from 4611 to 4615
Skipped Seq from 4615 to 4619
Skipped Seq from 4619 to 4621
Skipped Seq from 4621 to 4623
Skipped Seq from 4623 to 4631
Skipped Seq from 4631 to 4633
Skipped Seq from 4633 to 4635
Skipped Seq from 4635 to 4637
Skipped Seq from 4640 to 4645
Skipped Seq from 4648 to 4655
Skipped Seq from 4658 to 4665
Skipped Seq from 4666 to 4672
Skipped Seq from 4676 to 4678
Skipped Seq from 4678 to 4688
Skipped Seq from 4689 to 4693
Skipped Seq from 4693 to 4698
Skipped Seq from 4700 to 4703
Skipped Seq from 4703 to 4705
Skipped Seq from 4705 to 4707
Skipped Seq from 4707 to 4709
Skipped Seq from 4711 to 4716
Skipped Seq from 4718 to 4725
Skipped Seq from 4729 to 4732
Skipped Seq from 4733 to 4736
Skipped Seq from 4736 to 4740
Skipped Seq from 4740 to 4752
Skipped Seq from 4752 to 4757
Skipped Seq from 4757 to 4777
Skipped Seq from 4781 to 4783
Skipped Seq from 4784 to 4795
Skipped Seq from 4796 to 4798
Skipped Seq from 4798 to 4807
Skipped Seq from 4810 to 4815
Skipped Seq from 4820 to 4822
Skipped Seq from 4822 to 4824
Skipped Seq from 4824 to 4827
Skipped Seq from 4827 to 4831
Skipped Seq from 4831 to 4837
Skipped Seq from 4837 to 4839
Skipped Seq from 4846 to 4849
Skipped Seq from 4849 to 4851
Skipped Seq from 4851 to 4858
Skipped Seq from 4867 to 4871
Skipped Seq from 4871 to 4883
Skipped Seq from 4883 to 4891
Skipped Seq from 4893 to 4899
Skipped Seq from 4899 to 4902
Skipped Seq from 4903 to 4906
Skipped Seq from 4907 to 4914
Skipped Seq from 4915 to 4917
Skipped Seq from 4917 to 4922
Skipped Seq from 4924 to 4929
Skipped Seq from 4929 to 4932
Skipped Seq from 4940 to 4945
Skipped Seq from 4945 to 4949
Skipped Seq from 4950 to 4952
Skipped Seq from 4952 to 4954
Skipped Seq from 4954 to 4956
Skipped Seq from 4956 to 4959
Skipped Seq from 4959 to 4965
Skipped Seq from 4968 to 4972
Skipped Seq from 4973 to 4975
Skipped Seq from 4976 to 4987
Skipped Seq from 4987 to 4995
Skipped Seq from 4995 to 5002
Skipped Seq from 5006 to 5015
Skipped Seq from 5018 to 5032
Skipped Seq from 5037 to 5052
Skipped Seq from 5052 to 5059
Skipped Seq from 5059 to 5062
Skipped Seq from 5064 to 5066
Skipped Seq from 5070 to 5092
Skipped Seq from 5092 to 5099
Skipped Seq from 5099 to 5104
Skipped Seq from 5106 to 5109
Skipped Seq from 5113 to 5115
Skipped Seq from 5117 to 5123
Skipped Seq from 5123 to 5126
Skipped Seq from 5134 to 5139
Skipped Seq from 5142 to 5161
Skipped Seq from 5164 to 5168
Skipped Seq from 5170 to 5172
Skipped Seq from 5172 to 5176
Skipped Seq from 5176 to 5191
Skipped Seq from 5191 to 5193
Skipped Seq from 5194 to 5202
Skipped Seq from 5204 to 5211
Skipped Seq from 5215 to 5221
Skipped Seq from 5222 to 5226
Skipped Seq from 5226 to 5230
Skipped Seq from 5230 to 5232
Skipped Seq from 5236 to 5238
Skipped Seq from 5252 to 5255
Skipped Seq from 5257 to 5266
Skipped Seq from 5268 to 5271
Skipped Seq from 5274 to 5281
Skipped Seq from 5283 to 5286
Skipped Seq from 5286 to 5289
Skipped Seq from 5289 to 5292
Skipped Seq from 5298 to 5300
Skipped Seq from 5302 to 5305
Skipped Seq from 5306 to 5310
Skipped Seq from 5311 to 5331
Skipped Seq from 5341 to 5366
Skipped Seq from 5374 to 5389
Skipped Seq from 5398 to 5410
Skipped Seq from 5410 to 5421
Skipped Seq from 5423 to 5429
Skipped Seq from 5432 to 5446
Skipped Seq from 5453 to 5459
Skipped Seq from 5467 to 5477
Skipped Seq from 5477 to 5482
Skipped Seq from 5498 to 5508
Skipped Seq from 5526 to 5530
Skipped Seq from 5542 to 5544
Skipped Seq from 5573 to 5576
Skipped Seq from 5595 to 5599
Skipped Seq from 5603 to 5609
Skipped Seq from 5611 to 5617
Skipped Seq from 5628 to 5630
Skipped Seq from 5631 to 5633
Skipped Seq from 5633 to 5636
Skipped Seq from 5643 to 5646
Skipped Seq from 5652 to 5660
Skipped Seq from 5705 to 5709
Skipped Seq from 5709 to 5730
Skipped Seq from 5746 to 5749
Skipped Seq from 5749 to 5754
Skipped Seq from 6583 to 6644
Skipped Seq from 16832 to 16843
Skipped Seq from 16843 to 16849
Skipped Seq from 16853 to 16866
Skipped Seq from 16878 to 16883
Skipped Seq from 16885 to 16890
Skipped Seq from 16890 to 16901
Skipped Seq from 16901 to 16906
Skipped Seq from 16971 to 16977
Skipped Seq from 16977 to 17011
Skipped Seq from 17019 to 17027
Skipped Seq from 17027 to 17054
Skipped Seq from 17054 to 17069
Skipped Seq from 17073 to 17098
Skipped Seq from 17098 to 17121
Skipped Seq from 17121 to 17126
Skipped Seq from 17126 to 17133
Skipped Seq from 17133 to 17142
Skipped Seq from 17143 to 17149
Skipped Seq from 17150 to 17157
Skipped Seq from 17157 to 17184
Skipped Seq from 17184 to 17209
Skipped Seq from 17209 to 17215
Skipped Seq from 17215 to 17225
Skipped Seq from 17225 to 17243
Skipped Seq from 17244 to 17268
Skipped Seq from 17268 to 17282
Skipped Seq from 17305 to 17321
Skipped Seq from 17321 to 17336
Skipped Seq from 17337 to 17363
Skipped Seq from 17363 to 17370
Skipped Seq from 17370 to 17375
Skipped Seq from 17376 to 17390
Skipped Seq from 17390 to 17410
Skipped Seq from 17423 to 17434
Skipped Seq from 17434 to 17436
Skipped Seq from 17437 to 17448
Skipped Seq from 17448 to 17452
Skipped Seq from 17452 to 17455
Skipped Seq from 17455 to 17492
Skipped Seq from 17493 to 17495
Skipped Seq from 17495 to 17511
Skipped Seq from 17540 to 17585
Skipped Seq from 17585 to 17591
Skipped Seq from 17610 to 17671
Skipped Seq from 17686 to 17691
Skipped Seq from 17691 to 17716
Skipped Seq from 17731 to 17747
Skipped Seq from 17749 to 17770
Skipped Seq from 17770 to 17780
Skipped Seq from 17787 to 17804
Skipped Seq from 17804 to 17811
Skipped Seq from 17815 to 17823
Skipped Seq from 17823 to 17827
Skipped Seq from 17828 to 17830
Skipped Seq from 17830 to 17832
Skipped Seq from 17839 to 17844
Skipped Seq from 17875 to 17887
Skipped Seq from 17895 to 17906
Skipped Seq from 17906 to 17918
Skipped Seq from 17947 to 17958
Skipped Seq from 17958 to 17964
Skipped Seq from 17964 to 17975
Skipped Seq from 17975 to 18001
Skipped Seq from 18001 to 18013
Skipped Seq from 18013 to 18021
Skipped Seq from 18021 to 18023
Skipped Seq from 18037 to 18039
Skipped Seq from 18040 to 18043
Skipped Seq from 18044 to 18049
Skipped Seq from 18049 to 18060
Skipped Seq from 18074 to 18096
Skipped Seq from 18097 to 18101
Skipped Seq from 18102 to 18106
Skipped Seq from 18106 to 18119
Skipped Seq from 18119 to 18122
Skipped Seq from 18123 to 18130
Skipped Seq from 18135 to 18163
Skipped Seq from 18163 to 18168
Skipped Seq from 18182 to 18188
Skipped Seq from 18188 to 18197
Skipped Seq from 18197 to 18200
Skipped Seq from 18200 to 18213
Skipped Seq from 18213 to 18228
Skipped Seq from 18229 to 18256
Skipped Seq from 18258 to 18262
Skipped Seq from 18262 to 18297
Skipped Seq from 18298 to 18310
Skipped Seq from 18312 to 18332
Skipped Seq from 18332 to 18341
Skipped Seq from 18344 to 18354
Skipped Seq from 18354 to 18358
Skipped Seq from 18358 to 18367
Skipped Seq from 18367 to 18377
Skipped Seq from 18377 to 18397
Skipped Seq from 18397 to 18399
Skipped Seq from 18400 to 18402
Skipped Seq from 18402 to 18411
Skipped Seq from 18411 to 18417
Skipped Seq from 18417 to 18419
Skipped Seq from 18419 to 18421
Skipped Seq from 18423 to 18447
Skipped Seq from 18449 to 18475
Skipped Seq from 18476 to 18483
Skipped Seq from 18492 to 18504
Skipped Seq from 18507 to 18529
Skipped Seq from 18531 to 18539
Skipped Seq from 18540 to 18550
Skipped Seq from 18552 to 18574
Skipped Seq from 18576 to 18585
Skipped Seq from 18608 to 18617
Skipped Seq from 18620 to 18653
Skipped Seq from 18653 to 18664
Skipped Seq from 18664 to 18689
Skipped Seq from 18689 to 18694
Skipped Seq from 18699 to 18721
Skipped Seq from 18724 to 18741
Skipped Seq from 18741 to 18743
Skipped Seq from 18743 to 18748
Skipped Seq from 18750 to 18771
Skipped Seq from 18789 to 18799
Skipped Seq from 18799 to 18811
Skipped Seq from 18818 to 18827
Skipped Seq from 18830 to 18839
Skipped Seq from 18839 to 18854
Skipped Seq from 18860 to 18888
Skipped Seq from 18889 to 18909
Skipped Seq from 18911 to 18943
Skipped Seq from 18964 to 18972
Skipped Seq from 18972 to 18997
Skipped Seq from 18997 to 19006
Skipped Seq from 19012 to 19022
Skipped Seq from 19022 to 19038
Skipped Seq from 19048 to 19063
Skipped Seq from 19063 to 19067
Skipped Seq from 19067 to 19073
Skipped Seq from 19073 to 19075
Skipped Seq from 19078 to 19082
Skipped Seq from 19086 to 19089
Skipped Seq from 19101 to 19111
Skipped Seq from 19114 to 19116
Skipped Seq from 19116 to 19121
Skipped Seq from 19133 to 19140
Skipped Seq from 19142 to 19155
Skipped Seq from 19162 to 19168
Skipped Seq from 19168 to 19173
Skipped Seq from 19176 to 19198
Skipped Seq from 19198 to 19209
Skipped Seq from 19252 to 19265
Skipped Seq from 19269 to 19276
Skipped Seq from 19281 to 19290
Skipped Seq from 19291 to 19305
Skipped Seq from 19305 to 19309
Skipped Seq from 19312 to 19315
Skipped Seq from 19320 to 19343
Skipped Seq from 19357 to 19380
Skipped Seq from 19381 to 19384
Skipped Seq from 19385 to 19399
Skipped Seq from 19404 to 19411
Skipped Seq from 19411 to 19415
Skipped Seq from 19417 to 19421
Skipped Seq from 19421 to 19427
Skipped Seq from 19427 to 19429
Skipped Seq from 19429 to 19431
Skipped Seq from 19431 to 19434
Skipped Seq from 19435 to 19449
Skipped Seq from 19453 to 19456
Skipped Seq from 19456 to 19460
Skipped Seq from 19460 to 19466
Skipped Seq from 19466 to 19478
Skipped Seq from 19478 to 19488
Skipped Seq from 19509 to 19512
Skipped Seq from 19513 to 19516
Skipped Seq from 19516 to 19527
Skipped Seq from 19534 to 19550
Skipped Seq from 19560 to 19573
Skipped Seq from 19587 to 19593
Skipped Seq from 19593 to 19598
Skipped Seq from 19598 to 19604
Skipped Seq from 19608 to 19616
Skipped Seq from 19616 to 19620
Skipped Seq from 19621 to 19630
Skipped Seq from 19636 to 19640
Skipped Seq from 19640 to 19646
Skipped Seq from 19649 to 19658
Skipped Seq from 19661 to 19663
Skipped Seq from 19664 to 19671
Skipped Seq from 19671 to 19677
Skipped Seq from 19677 to 19679
Skipped Seq from 19679 to 19683
Skipped Seq from 19683 to 19685
Skipped Seq from 19685 to 19689
Skipped Seq from 19702 to 19710
Skipped Seq from 19713 to 19732
Skipped Seq from 19735 to 19742
Skipped Seq from 19743 to 19745
Skipped Seq from 19745 to 19749
Skipped Seq from 19749 to 19763
Skipped Seq from 19763 to 19772
Skipped Seq from 19772 to 19775
Skipped Seq from 19775 to 19781
Skipped Seq from 19785 to 19787
Skipped Seq from 19788 to 19792
Skipped Seq from 19795 to 19798
Skipped Seq from 19798 to 19800
Skipped Seq from 19811 to 19826
Skipped Seq from 19826 to 19828
Skipped Seq from 19828 to 19831
Skipped Seq from 19832 to 19835
Skipped Seq from 19837 to 19845
Skipped Seq from 19854 to 19859
Skipped Seq from 19859 to 19869
Skipped Seq from 19870 to 19876
Skipped Seq from 19876 to 19879
Skipped Seq from 25069 to 25073
Skipped Seq from 25073 to 25075
Skipped Seq from 25102 to 25119
Skipped Seq from 25124 to 25130
Skipped Seq from 25139 to 25148
Skipped Seq from 25148 to 25166
Skipped Seq from 25174 to 25197
Skipped Seq from 25248 to 25259
Skipped Seq from 25259 to 25274
Skipped Seq from 25274 to 25280
Skipped Seq from 25284 to 25296
Skipped Seq from 25296 to 25319
Skipped Seq from 25319 to 25326
Skipped Seq from 25326 to 25328
Skipped Seq from 25328 to 25331
Skipped Seq from 25331 to 25334
Skipped Seq from 25334 to 25346
Skipped Seq from 25387 to 25397
Skipped Seq from 25403 to 25412
Skipped Seq from 25412 to 25415
Skipped Seq from 25418 to 25422
Skipped Seq from 25423 to 25426
Skipped Seq from 25426 to 25428
Skipped Seq from 25428 to 25445
Skipped Seq from 25456 to 25462
Skipped Seq from 25513 to 25519
Skipped Seq from 25519 to 25522
Skipped Seq from 25522 to 25531
Skipped Seq from 25531 to 25533
Skipped Seq from 25535 to 25539
Skipped Seq from 25542 to 25546
Skipped Seq from 25546 to 25551
Skipped Seq from 25551 to 25555
Skipped Seq from 25556 to 25562
Skipped Seq from 25588 to 25594
Skipped Seq from 25594 to 25597
Skipped Seq from 25597 to 25599
Skipped Seq from 25599 to 25601
Skipped Seq from 25602 to 25605
Skipped Seq from 25605 to 25607
Skipped Seq from 25607 to 25609
Skipped Seq from 25609 to 25611
Skipped Seq from 25612 to 25617
Skipped Seq from 25617 to 25619
Skipped Seq from 25644 to 25664
Skipped Seq from 25664 to 25674
Skipped Seq from 25689 to 25691
Skipped Seq from 25691 to 25699
Skipped Seq from 25699 to 25708
Skipped Seq from 25733 to 25737
Skipped Seq from 25737 to 25775
Skipped Seq from 25778 to 25794
Skipped Seq from 25794 to 25803
Skipped Seq from 25818 to 25820
Skipped Seq from 25850 to 25858
Skipped Seq from 25865 to 25874
Skipped Seq from 25874 to 25883
Skipped Seq from 25885 to 25887
Skipped Seq from 25911 to 25920
Skipped Seq from 25921 to 25925
Skipped Seq from 25925 to 25928
Skipped Seq from 25931 to 25935
Skipped Seq from 25939 to 25945
Skipped Seq from 25945 to 25949
Skipped Seq from 25950 to 25955
Skipped Seq from 25956 to 25961
Skipped Seq from 25962 to 25965
Skipped Seq from 25966 to 25969
Skipped Seq from 25971 to 25976
Skipped Seq from 25997 to 26002
Skipped Seq from 26017 to 26025
Skipped Seq from 26034 to 26036
Skipped Seq from 26036 to 26049
Skipped Seq from 26068 to 26085
Skipped Seq from 26096 to 26100
Skipped Seq from 26100 to 26103
Skipped Seq from 26103 to 26110
Skipped Seq from 26110 to 26127
Skipped Seq from 26127 to 26144
Skipped Seq from 26144 to 26149
Skipped Seq from 26160 to 26166
Skipped Seq from 26189 to 26203
Skipped Seq from 26228 to 26230
Skipped Seq from 26231 to 26236
Skipped Seq from 26240 to 26246
Skipped Seq from 26246 to 26248
Skipped Seq from 26250 to 26254
Skipped Seq from 26290 to 26300
Skipped Seq from 26302 to 26316
Skipped Seq from 26322 to 26331
Skipped Seq from 26333 to 26338
Skipped Seq from 26338 to 26342
Skipped Seq from 26346 to 26352
Skipped Seq from 26353 to 26363
Skipped Seq from 26368 to 26373
Skipped Seq from 26373 to 26375
Skipped Seq from 26375 to 26382
Skipped Seq from 26383 to 26394
Skipped Seq from 26397 to 26399
Skipped Seq from 26428 to 26450
Skipped Seq from 26450 to 26469
Skipped Seq from 26469 to 26477
Skipped Seq from 26495 to 26501
Skipped Seq from 26501 to 26509
Skipped Seq from 26509 to 26511
Skipped Seq from 26511 to 26513
Skipped Seq from 26513 to 26517
Skipped Seq from 26517 to 26522
Skipped Seq from 26522 to 26524
Skipped Seq from 26524 to 26526
Skipped Seq from 26529 to 26540
Skipped Seq from 26540 to 26543
Skipped Seq from 26654 to 26660
Skipped Seq from 26660 to 26664
Skipped Seq from 26720 to 26741
Skipped Seq from 26741 to 26746
Skipped Seq from 26785 to 26793
Skipped Seq from 26794 to 26817
Skipped Seq from 26826 to 26835
Skipped Seq from 26835 to 26843
Skipped Seq from 26845 to 26852
Skipped Seq from 26863 to 26866
Skipped Seq from 26866 to 26868
Skipped Seq from 26868 to 26871
Skipped Seq from 26871 to 26877
Skipped Seq from 26881 to 26883
Skipped Seq from 26883 to 26887
Skipped Seq from 26934 to 26940
Skipped Seq from 26940 to 26962
Skipped Seq from 27046 to 27056
Skipped Seq from 27056 to 27070
Skipped Seq from 27070 to 27075
Skipped Seq from 27075 to 27077
Skipped Seq from 28090 to 28107
Number of times throttled: 15
Received: 28344 / 34209 packets
Start time: 1332846157.695526
End time: 1332846216.905735
Duration: 59.210209
