Starting client at 10.0.0.25:1275 with timeout:10
My IP address is 10.0.0.25Skipped Seq from 205 to 212
Skipped Seq from 212 to 217
Skipped Seq from 217 to 226
Skipped Seq from 227 to 233
Skipped Seq from 233 to 235
Skipped Seq from 236 to 239
Skipped Seq from 239 to 244
Skipped Seq from 252 to 254
Skipped Seq from 262 to 274
Skipped Seq from 275 to 279
Skipped Seq from 279 to 291
Skipped Seq from 291 to 298
Skipped Seq from 298 to 316
Skipped Seq from 316 to 325
Skipped Seq from 351 to 373
Skipped Seq from 373 to 378
Skipped Seq from 378 to 380
Skipped Seq from 380 to 391
Skipped Seq from 424 to 433
Skipped Seq from 433 to 443
Skipped Seq from 443 to 460
Skipped Seq from 462 to 464
Skipped Seq from 476 to 490
Skipped Seq from 490 to 492
Skipped Seq from 496 to 505
Skipped Seq from 507 to 511
Skipped Seq from 522 to 532
Skipped Seq from 532 to 538
Skipped Seq from 540 to 548
Skipped Seq from 549 to 562
Skipped Seq from 562 to 566
Skipped Seq from 566 to 583
Skipped Seq from 583 to 601
Skipped Seq from 602 to 612
Skipped Seq from 612 to 618
Skipped Seq from 618 to 636
Skipped Seq from 638 to 642
Skipped Seq from 644 to 659
Skipped Seq from 659 to 663
Skipped Seq from 678 to 683
Skipped Seq from 691 to 695
Skipped Seq from 695 to 704
Skipped Seq from 704 to 709
Skipped Seq from 709 to 719
Skipped Seq from 719 to 728
Skipped Seq from 729 to 731
Skipped Seq from 749 to 754
Skipped Seq from 754 to 767
Skipped Seq from 768 to 771
Skipped Seq from 776 to 799
Skipped Seq from 799 to 812
Skipped Seq from 815 to 836
Skipped Seq from 844 to 847
Skipped Seq from 847 to 849
Skipped Seq from 849 to 851
Skipped Seq from 854 to 858
Skipped Seq from 858 to 862
Skipped Seq from 862 to 872
Skipped Seq from 872 to 874
Skipped Seq from 874 to 876
Skipped Seq from 876 to 878
Skipped Seq from 893 to 901
Skipped Seq from 901 to 906
Skipped Seq from 906 to 919
Skipped Seq from 919 to 923
Skipped Seq from 923 to 927
Skipped Seq from 931 to 935
Skipped Seq from 945 to 959
Skipped Seq from 959 to 967
Skipped Seq from 967 to 972
Skipped Seq from 972 to 979
Skipped Seq from 979 to 982
Skipped Seq from 991 to 1008
Skipped Seq from 1008 to 1018
Skipped Seq from 1018 to 1021
Skipped Seq from 1021 to 1026
Skipped Seq from 1031 to 1041
Skipped Seq from 1047 to 1060
Skipped Seq from 1062 to 1064
Skipped Seq from 1064 to 1074
Skipped Seq from 1077 to 1082
Skipped Seq from 1084 to 1089
Skipped Seq from 1093 to 1098
Skipped Seq from 1099 to 1104
Skipped Seq from 1104 to 1109
Skipped Seq from 1110 to 1113
Skipped Seq from 1113 to 1115
Skipped Seq from 1120 to 1130
Skipped Seq from 1136 to 1141
Skipped Seq from 1142 to 1146
Skipped Seq from 1146 to 1148
Skipped Seq from 1150 to 1153
Skipped Seq from 1154 to 1157
Skipped Seq from 1160 to 1163
Skipped Seq from 1182 to 1189
Skipped Seq from 1189 to 1215
Skipped Seq from 1216 to 1222
Skipped Seq from 1226 to 1233
Skipped Seq from 1236 to 1252
Skipped Seq from 1254 to 1256
Skipped Seq from 1258 to 1265
Skipped Seq from 1267 to 1271
Skipped Seq from 1271 to 1276
Skipped Seq from 1277 to 1280
Skipped Seq from 1282 to 1284
Skipped Seq from 1284 to 1286
Skipped Seq from 1292 to 1298
Skipped Seq from 1299 to 1301
Skipped Seq from 1301 to 1323
Skipped Seq from 1324 to 1329
Skipped Seq from 1329 to 1331
Skipped Seq from 1335 to 1341
Skipped Seq from 1341 to 1343
Skipped Seq from 1343 to 1345
Skipped Seq from 1347 to 1349
Skipped Seq from 1349 to 1355
Skipped Seq from 1355 to 1361
Skipped Seq from 1368 to 1371
Skipped Seq from 1371 to 1374
Skipped Seq from 1374 to 1383
Skipped Seq from 1383 to 1390
Skipped Seq from 1390 to 1408
Skipped Seq from 1409 to 1414
Skipped Seq from 1414 to 1427
Skipped Seq from 1427 to 1440
Skipped Seq from 1440 to 1449
Skipped Seq from 1449 to 1453
Skipped Seq from 1454 to 1463
Skipped Seq from 1463 to 1472
Skipped Seq from 1472 to 1476
Skipped Seq from 1480 to 1483
Skipped Seq from 1483 to 1492
Skipped Seq from 1492 to 1507
Skipped Seq from 1507 to 1511
Skipped Seq from 1512 to 1515
Skipped Seq from 1515 to 1517
Skipped Seq from 1517 to 1519
Skipped Seq from 1524 to 1527
Skipped Seq from 1527 to 1532
Skipped Seq from 1537 to 1541
Skipped Seq from 1550 to 1560
Skipped Seq from 1560 to 1572
Skipped Seq from 1572 to 1577
Skipped Seq from 1577 to 1579
Skipped Seq from 1579 to 1592
Skipped Seq from 1592 to 1595
Skipped Seq from 1596 to 1606
Skipped Seq from 1606 to 1609
Skipped Seq from 1611 to 1614
Skipped Seq from 1614 to 1617
Skipped Seq from 1617 to 1620
Skipped Seq from 1620 to 1624
Skipped Seq from 1626 to 1630
Skipped Seq from 1630 to 1632
Skipped Seq from 1633 to 1638
Skipped Seq from 1639 to 1655
Skipped Seq from 1655 to 1668
Skipped Seq from 1669 to 1671
Skipped Seq from 1678 to 1697
Skipped Seq from 1697 to 1703
Skipped Seq from 1703 to 1712
Skipped Seq from 1712 to 1752
Skipped Seq from 1756 to 1760
Skipped Seq from 1760 to 1778
Skipped Seq from 1780 to 1785
Skipped Seq from 1789 to 1811
Skipped Seq from 1811 to 1817
Skipped Seq from 1817 to 1819
Skipped Seq from 1819 to 1822
Skipped Seq from 1822 to 1826
Skipped Seq from 1826 to 1831
Skipped Seq from 1831 to 1838
Skipped Seq from 1838 to 1856
Skipped Seq from 1856 to 1858
Skipped Seq from 1859 to 1862
Skipped Seq from 1863 to 1865
Skipped Seq from 1865 to 1874
Skipped Seq from 1874 to 1877
Skipped Seq from 1877 to 1885
Skipped Seq from 1889 to 1894
Skipped Seq from 1894 to 1900
Skipped Seq from 1900 to 1903
Skipped Seq from 1904 to 1912
Skipped Seq from 1913 to 1926
Skipped Seq from 1926 to 1936
Skipped Seq from 1941 to 1955
Skipped Seq from 1956 to 1972
Skipped Seq from 1972 to 1974
Skipped Seq from 1974 to 1979
Skipped Seq from 1979 to 1988
Skipped Seq from 1988 to 1994
Skipped Seq from 1994 to 1999
Skipped Seq from 2010 to 2022
Skipped Seq from 2022 to 2026
Skipped Seq from 2026 to 2030
Skipped Seq from 2032 to 2034
Skipped Seq from 2034 to 2041
Skipped Seq from 2041 to 2058
Skipped Seq from 2060 to 2065
Skipped Seq from 2069 to 2075
Skipped Seq from 2078 to 2097
Skipped Seq from 2103 to 2105
Skipped Seq from 2108 to 2121
Skipped Seq from 2122 to 2126
Skipped Seq from 2129 to 2132
Skipped Seq from 2132 to 2134
Skipped Seq from 2135 to 2138
Skipped Seq from 2138 to 2154
Skipped Seq from 2154 to 2164
Skipped Seq from 2172 to 2179
Skipped Seq from 2181 to 2203
Skipped Seq from 2203 to 2206
Skipped Seq from 2211 to 2229
Skipped Seq from 2229 to 2241
Skipped Seq from 2243 to 2257
Skipped Seq from 2257 to 2274
Skipped Seq from 2274 to 2281
Skipped Seq from 2281 to 2289
Skipped Seq from 2290 to 2294
Skipped Seq from 2295 to 2306
Skipped Seq from 2306 to 2312
Skipped Seq from 2312 to 2314
Skipped Seq from 2315 to 2320
Skipped Seq from 2323 to 2325
Skipped Seq from 2326 to 2337
Skipped Seq from 2342 to 2356
Skipped Seq from 2360 to 2362
Skipped Seq from 2363 to 2373
Skipped Seq from 2374 to 2378
Skipped Seq from 2378 to 2380
Skipped Seq from 2380 to 2393
Skipped Seq from 2394 to 2399
Skipped Seq from 2399 to 2412
Skipped Seq from 2412 to 2415
Skipped Seq from 2416 to 2419
Skipped Seq from 2419 to 2423
Skipped Seq from 2423 to 2426
Skipped Seq from 2426 to 2448
Skipped Seq from 2448 to 2451
Skipped Seq from 2457 to 2462
Skipped Seq from 2463 to 2492
Skipped Seq from 2494 to 2506
Skipped Seq from 2509 to 2518
Skipped Seq from 2518 to 2523
Skipped Seq from 2523 to 2525
Skipped Seq from 2525 to 2537
Skipped Seq from 2537 to 2540
Skipped Seq from 2557 to 2563
Skipped Seq from 2563 to 2576
Skipped Seq from 2576 to 2586
Skipped Seq from 2586 to 2596
Skipped Seq from 2597 to 2607
Skipped Seq from 2608 to 2616
Skipped Seq from 2622 to 2639
Skipped Seq from 2640 to 2650
Skipped Seq from 2650 to 2654
Skipped Seq from 2654 to 2685
Skipped Seq from 2686 to 2692
Skipped Seq from 2692 to 2695
Skipped Seq from 2696 to 2700
Skipped Seq from 2707 to 2729
Skipped Seq from 2731 to 2748
Skipped Seq from 2748 to 2750
Skipped Seq from 2750 to 2756
Skipped Seq from 2758 to 2763
Skipped Seq from 2764 to 2771
Skipped Seq from 2774 to 2784
Skipped Seq from 2784 to 2786
Skipped Seq from 2788 to 2794
Skipped Seq from 2795 to 2803
Skipped Seq from 2803 to 2805
Skipped Seq from 2806 to 2822
Skipped Seq from 2822 to 2827
Skipped Seq from 2827 to 2829
Skipped Seq from 2829 to 2832
Skipped Seq from 2832 to 2845
Skipped Seq from 2845 to 2850
Skipped Seq from 2853 to 2858
Skipped Seq from 2858 to 2860
Skipped Seq from 2862 to 2872
Skipped Seq from 2878 to 2882
Skipped Seq from 2883 to 2885
Skipped Seq from 2891 to 2898
Skipped Seq from 2905 to 2907
Skipped Seq from 2907 to 2912
Skipped Seq from 2914 to 2919
Skipped Seq from 2922 to 2925
Skipped Seq from 2925 to 2935
Skipped Seq from 2937 to 2946
Skipped Seq from 2947 to 2950
Skipped Seq from 2951 to 2957
Skipped Seq from 2957 to 2959
Skipped Seq from 2959 to 2961
Skipped Seq from 2962 to 2969
Skipped Seq from 2992 to 2999
Skipped Seq from 2999 to 3005
Skipped Seq from 3008 to 3014
Skipped Seq from 3016 to 3023
Skipped Seq from 3026 to 3028
Skipped Seq from 3030 to 3036
Skipped Seq from 3052 to 3056
Skipped Seq from 3056 to 3060
Skipped Seq from 3060 to 3063
Skipped Seq from 3070 to 3073
Skipped Seq from 3073 to 3088
Skipped Seq from 3088 to 3091
Skipped Seq from 3096 to 3103
Skipped Seq from 3103 to 3109
Skipped Seq from 3109 to 3117
Skipped Seq from 3119 to 3122
Skipped Seq from 3128 to 3132
Skipped Seq from 3139 to 3141
Skipped Seq from 3146 to 3152
Skipped Seq from 3154 to 3156
Skipped Seq from 3158 to 3162
Skipped Seq from 3165 to 3168
Skipped Seq from 3168 to 3170
Skipped Seq from 3172 to 3179
Skipped Seq from 3189 to 3200
Skipped Seq from 3201 to 3207
Skipped Seq from 3210 to 3217
Skipped Seq from 3217 to 3222
Skipped Seq from 3223 to 3228
Skipped Seq from 3231 to 3240
Skipped Seq from 3241 to 3248
Skipped Seq from 3258 to 3260
Skipped Seq from 3260 to 3271
Skipped Seq from 3280 to 3290
Skipped Seq from 3291 to 3294
Skipped Seq from 3296 to 3303
Skipped Seq from 3308 to 3310
Skipped Seq from 3310 to 3312
Skipped Seq from 3316 to 3320
Skipped Seq from 3339 to 3344
Skipped Seq from 3345 to 3349
Skipped Seq from 3354 to 3360
Skipped Seq from 3360 to 3371
Skipped Seq from 3373 to 3375
Skipped Seq from 3379 to 3382
Skipped Seq from 3387 to 3389
Skipped Seq from 3390 to 3392
Skipped Seq from 3392 to 3394
Skipped Seq from 3403 to 3409
Skipped Seq from 3416 to 3419
Skipped Seq from 3420 to 3422
Skipped Seq from 3493 to 3497
Skipped Seq from 3498 to 3505
Skipped Seq from 3530 to 3537
Skipped Seq from 3541 to 3544
Skipped Seq from 3544 to 3546
Skipped Seq from 3584 to 3586
Skipped Seq from 3620 to 3623
Skipped Seq from 3633 to 3638
Skipped Seq from 3680 to 3684
Skipped Seq from 3690 to 3692
Number of times throttled: 5
Received: 1536 / 3695 packets
Start time: 1332847755.877335
End time: 1332847771.195118
Duration: 15.317783
