Starting client at 10.0.0.11:1261 with timeout:10
My IP address is 10.0.0.11Skipped Seq from 897 to 900
Skipped Seq from 901 to 903
Skipped Seq from 903 to 906
Skipped Seq from 906 to 912
Skipped Seq from 912 to 915
Skipped Seq from 915 to 917
Skipped Seq from 919 to 924
Skipped Seq from 925 to 927
Skipped Seq from 927 to 929
Skipped Seq from 929 to 932
Skipped Seq from 941 to 946
Skipped Seq from 959 to 962
Skipped Seq from 964 to 966
Skipped Seq from 966 to 978
Skipped Seq from 978 to 980
Skipped Seq from 990 to 993
Skipped Seq from 993 to 995
Skipped Seq from 995 to 999
Skipped Seq from 999 to 1001
Skipped Seq from 1002 to 1005
Skipped Seq from 1005 to 1007
Skipped Seq from 1007 to 1009
Skipped Seq from 1014 to 1030
Skipped Seq from 1042 to 1046
Skipped Seq from 1046 to 1049
Skipped Seq from 1050 to 1054
Skipped Seq from 1054 to 1056
Skipped Seq from 1056 to 1061
Skipped Seq from 1061 to 1064
Skipped Seq from 1064 to 1067
Skipped Seq from 1079 to 1084
Skipped Seq from 1086 to 1089
Skipped Seq from 1089 to 1092
Skipped Seq from 1092 to 1094
Skipped Seq from 1094 to 1099
Skipped Seq from 1099 to 1104
Skipped Seq from 1104 to 1106
Skipped Seq from 1106 to 1108
Skipped Seq from 1108 to 1117
Skipped Seq from 1117 to 1119
Skipped Seq from 1119 to 1121
Skipped Seq from 1121 to 1123
Skipped Seq from 1124 to 1126
Skipped Seq from 1126 to 1130
Skipped Seq from 1130 to 1136
Skipped Seq from 1136 to 1139
Skipped Seq from 1139 to 1145
Skipped Seq from 1166 to 1171
Skipped Seq from 1174 to 1178
Skipped Seq from 1178 to 1180
Skipped Seq from 1180 to 1184
Skipped Seq from 1185 to 1188
Skipped Seq from 1191 to 1200
Skipped Seq from 1200 to 1202
Skipped Seq from 1202 to 1210
Skipped Seq from 1210 to 1213
Skipped Seq from 1237 to 1251
Skipped Seq from 1251 to 1256
Skipped Seq from 1256 to 1259
Skipped Seq from 1260 to 1271
Skipped Seq from 1271 to 1276
Skipped Seq from 1276 to 1281
Skipped Seq from 1282 to 1285
Skipped Seq from 1285 to 1287
Skipped Seq from 1294 to 1297
Skipped Seq from 1297 to 1304
Skipped Seq from 1305 to 1307
Skipped Seq from 1307 to 1309
Skipped Seq from 1309 to 1311
Skipped Seq from 1311 to 1318
Skipped Seq from 1318 to 1325
Skipped Seq from 1325 to 1331
Skipped Seq from 1331 to 1335
Skipped Seq from 1335 to 1337
Skipped Seq from 1354 to 1361
Skipped Seq from 1361 to 1368
Skipped Seq from 1371 to 1384
Skipped Seq from 1384 to 1390
Skipped Seq from 1390 to 1392
Skipped Seq from 1396 to 1398
Skipped Seq from 1398 to 1400
Skipped Seq from 1400 to 1403
Skipped Seq from 1403 to 1407
Skipped Seq from 1407 to 1409
Skipped Seq from 1409 to 1411
Skipped Seq from 1411 to 1413
Skipped Seq from 1413 to 1416
Skipped Seq from 1416 to 1419
Skipped Seq from 1419 to 1423
Skipped Seq from 1423 to 1425
Skipped Seq from 1425 to 1428
Skipped Seq from 1446 to 1449
Skipped Seq from 1449 to 1457
Skipped Seq from 1457 to 1459
Skipped Seq from 1459 to 1466
Skipped Seq from 1466 to 1469
Skipped Seq from 1478 to 1481
Skipped Seq from 1481 to 1483
Skipped Seq from 1483 to 1485
Skipped Seq from 1485 to 1488
Skipped Seq from 1488 to 1491
Skipped Seq from 1491 to 1496
Skipped Seq from 1503 to 1508
Skipped Seq from 1509 to 1511
Skipped Seq from 1513 to 1515
Skipped Seq from 1515 to 1517
Skipped Seq from 1518 to 1526
Skipped Seq from 1526 to 1530
Skipped Seq from 1546 to 1548
Skipped Seq from 1548 to 1551
Skipped Seq from 1553 to 1557
Skipped Seq from 1557 to 1573
Skipped Seq from 1573 to 1575
Skipped Seq from 1575 to 1582
Skipped Seq from 1587 to 1595
Skipped Seq from 1596 to 1606
Skipped Seq from 1606 to 1614
Skipped Seq from 1630 to 1634
Skipped Seq from 1634 to 1641
Skipped Seq from 1641 to 1651
Skipped Seq from 1651 to 1656
Skipped Seq from 1665 to 1667
Skipped Seq from 1669 to 1674
Skipped Seq from 1674 to 1680
Skipped Seq from 1681 to 1683
Skipped Seq from 1683 to 1688
Skipped Seq from 1688 to 1691
Skipped Seq from 1692 to 1694
Skipped Seq from 1694 to 1699
Skipped Seq from 1699 to 1701
Skipped Seq from 1702 to 1709
Skipped Seq from 1709 to 1715
Skipped Seq from 1828 to 1830
Skipped Seq from 1832 to 1836
Skipped Seq from 1963 to 1966
Skipped Seq from 1966 to 1968
Skipped Seq from 1984 to 1986
Skipped Seq from 1986 to 1988
Skipped Seq from 2002 to 2004
Skipped Seq from 2006 to 2008
Skipped Seq from 2008 to 2010
Skipped Seq from 2017 to 2020
Skipped Seq from 2038 to 2040
Skipped Seq from 2046 to 2052
Skipped Seq from 2056 to 2058
Skipped Seq from 2058 to 2060
Skipped Seq from 2061 to 2066
Skipped Seq from 2066 to 2069
Skipped Seq from 2131 to 2137
Skipped Seq from 2137 to 2139
Skipped Seq from 2141 to 2144
Skipped Seq from 2147 to 2150
Skipped Seq from 2152 to 2156
Skipped Seq from 2158 to 2160
Skipped Seq from 2214 to 2216
Skipped Seq from 2216 to 2219
Skipped Seq from 2219 to 2222
Skipped Seq from 2224 to 2227
Skipped Seq from 2229 to 2233
Skipped Seq from 2235 to 2239
Skipped Seq from 2240 to 2245
Skipped Seq from 2257 to 2259
Skipped Seq from 2259 to 2261
Skipped Seq from 2268 to 2270
Skipped Seq from 2274 to 2276
Skipped Seq from 2281 to 2287
Skipped Seq from 2295 to 2297
Skipped Seq from 2297 to 2299
Skipped Seq from 2299 to 2301
Skipped Seq from 2315 to 2317
Skipped Seq from 2317 to 2320
Skipped Seq from 2321 to 2325
Skipped Seq from 2327 to 2330
Skipped Seq from 2330 to 2335
Skipped Seq from 2356 to 2359
Skipped Seq from 2359 to 2362
Skipped Seq from 2362 to 2364
Skipped Seq from 2385 to 2389
Skipped Seq from 2389 to 2391
Skipped Seq from 2391 to 2395
Skipped Seq from 2397 to 2401
Skipped Seq from 2409 to 2412
Skipped Seq from 2412 to 2414
Skipped Seq from 2479 to 2481
Skipped Seq from 2516 to 2520
Skipped Seq from 2541 to 2544
Skipped Seq from 2575 to 2577
Skipped Seq from 2577 to 2579
Skipped Seq from 2580 to 2582
Skipped Seq from 2586 to 2588
Skipped Seq from 2589 to 2591
Skipped Seq from 2592 to 2595
Skipped Seq from 2604 to 2606
Skipped Seq from 2606 to 2609
Skipped Seq from 2620 to 2622
Skipped Seq from 2626 to 2628
Skipped Seq from 2653 to 2656
Skipped Seq from 2657 to 2660
Skipped Seq from 2665 to 2667
Skipped Seq from 2672 to 2676
Skipped Seq from 2679 to 2685
Skipped Seq from 2687 to 2690
Skipped Seq from 2719 to 2721
Skipped Seq from 2721 to 2723
Skipped Seq from 2723 to 2726
Skipped Seq from 2726 to 2728
Skipped Seq from 2746 to 2748
Skipped Seq from 2748 to 2750
Skipped Seq from 2750 to 2753
Skipped Seq from 2753 to 2755
Skipped Seq from 2755 to 2758
Skipped Seq from 2782 to 2784
Skipped Seq from 2788 to 2790
Skipped Seq from 2790 to 2793
Skipped Seq from 2795 to 2798
Skipped Seq from 2799 to 2802
Skipped Seq from 2804 to 2808
Skipped Seq from 2808 to 2810
Skipped Seq from 2810 to 2812
Skipped Seq from 2812 to 2814
Skipped Seq from 2814 to 2817
Skipped Seq from 2817 to 2819
Skipped Seq from 2819 to 2822
Skipped Seq from 2849 to 2851
Skipped Seq from 2857 to 2859
Skipped Seq from 2860 to 2862
Skipped Seq from 2867 to 2869
Skipped Seq from 2870 to 2873
Skipped Seq from 2873 to 2875
Skipped Seq from 2876 to 2878
Skipped Seq from 2880 to 2882
Skipped Seq from 2883 to 2885
Skipped Seq from 2891 to 2896
Skipped Seq from 2900 to 2903
Skipped Seq from 2904 to 2906
Skipped Seq from 2907 to 2911
Skipped Seq from 2911 to 2914
Skipped Seq from 2915 to 2917
Skipped Seq from 2917 to 2919
Skipped Seq from 2919 to 2921
Skipped Seq from 2922 to 2924
Skipped Seq from 2924 to 2926
Skipped Seq from 2926 to 2928
Skipped Seq from 2928 to 2930
Skipped Seq from 2932 to 2937
Skipped Seq from 2939 to 2942
Skipped Seq from 2943 to 2947
Skipped Seq from 2947 to 2950
Skipped Seq from 2950 to 2952
Skipped Seq from 2953 to 2955
Skipped Seq from 2955 to 2958
Skipped Seq from 2972 to 2988
Skipped Seq from 3001 to 3018
Skipped Seq from 3029 to 3040
Skipped Seq from 3049 to 3064
Skipped Seq from 3067 to 3072
Skipped Seq from 3075 to 3079
Skipped Seq from 3082 to 3088
Skipped Seq from 3089 to 3093
Skipped Seq from 3094 to 3097
Skipped Seq from 3097 to 3099
Skipped Seq from 3099 to 3101
Skipped Seq from 3101 to 3104
Skipped Seq from 3105 to 3107
Skipped Seq from 3107 to 3109
Skipped Seq from 3109 to 3112
Skipped Seq from 3112 to 3114
Skipped Seq from 3116 to 3119
Skipped Seq from 3120 to 3124
Skipped Seq from 3124 to 3126
Skipped Seq from 3126 to 3128
Skipped Seq from 3128 to 3131
Skipped Seq from 3133 to 3135
Skipped Seq from 3135 to 3138
Skipped Seq from 3141 to 3147
Skipped Seq from 3148 to 3150
Skipped Seq from 3150 to 3152
Skipped Seq from 3152 to 3154
Skipped Seq from 3154 to 3156
Skipped Seq from 3159 to 3165
Skipped Seq from 3166 to 3170
Skipped Seq from 3172 to 3175
Skipped Seq from 3175 to 3177
Skipped Seq from 3177 to 3180
Skipped Seq from 3180 to 3182
Skipped Seq from 3182 to 3184
Skipped Seq from 3184 to 3188
Skipped Seq from 3188 to 3190
Skipped Seq from 3192 to 3196
Skipped Seq from 3198 to 3201
Skipped Seq from 3201 to 3203
Skipped Seq from 3203 to 3207
Skipped Seq from 3208 to 3211
Skipped Seq from 3214 to 3219
Skipped Seq from 3219 to 3221
Skipped Seq from 3221 to 3223
Skipped Seq from 3224 to 3226
Skipped Seq from 3228 to 3232
Skipped Seq from 3233 to 3238
Skipped Seq from 3238 to 3240
Skipped Seq from 3240 to 3242
Skipped Seq from 3243 to 3246
Skipped Seq from 3246 to 3248
Skipped Seq from 3248 to 3250
Skipped Seq from 3250 to 3253
Skipped Seq from 3254 to 3256
Skipped Seq from 3258 to 3262
Skipped Seq from 3265 to 3270
Skipped Seq from 3270 to 3273
Skipped Seq from 3273 to 3275
Skipped Seq from 3276 to 3279
Skipped Seq from 3279 to 3282
Skipped Seq from 3286 to 3288
Skipped Seq from 3288 to 3292
Skipped Seq from 3293 to 3296
Skipped Seq from 3296 to 3299
Skipped Seq from 3300 to 3303
Skipped Seq from 3304 to 3308
Skipped Seq from 3308 to 3310
Skipped Seq from 3313 to 3315
Skipped Seq from 3315 to 3319
Skipped Seq from 3320 to 3324
Skipped Seq from 3324 to 3327
Skipped Seq from 3327 to 3329
Skipped Seq from 3330 to 3332
Skipped Seq from 3332 to 3335
Skipped Seq from 3337 to 3340
Skipped Seq from 3341 to 3345
Skipped Seq from 3346 to 3349
Skipped Seq from 3350 to 3352
Skipped Seq from 3352 to 3355
Skipped Seq from 3357 to 3360
Skipped Seq from 3361 to 3363
Skipped Seq from 3363 to 3366
Skipped Seq from 3366 to 3369
Skipped Seq from 3369 to 3372
Skipped Seq from 3373 to 3375
Skipped Seq from 3379 to 3385
Skipped Seq from 3385 to 3387
Skipped Seq from 3387 to 3389
Skipped Seq from 3390 to 3393
Skipped Seq from 3394 to 3399
Skipped Seq from 3401 to 3405
Skipped Seq from 3406 to 3408
Skipped Seq from 3408 to 3411
Skipped Seq from 3411 to 3414
Skipped Seq from 3415 to 3417
Skipped Seq from 3417 to 3419
Skipped Seq from 3419 to 3422
Skipped Seq from 3424 to 3428
Skipped Seq from 3428 to 3430
Skipped Seq from 3431 to 3433
Skipped Seq from 3433 to 3435
Skipped Seq from 3435 to 3438
Skipped Seq from 3438 to 3441
Skipped Seq from 3442 to 3444
Skipped Seq from 3444 to 3447
Skipped Seq from 3448 to 3450
Skipped Seq from 3450 to 3452
Skipped Seq from 3452 to 3455
Skipped Seq from 3456 to 3458
Skipped Seq from 3458 to 3460
Skipped Seq from 3461 to 3464
Skipped Seq from 3464 to 3466
Skipped Seq from 3466 to 3469
Skipped Seq from 3469 to 3471
Skipped Seq from 3471 to 3473
Skipped Seq from 3473 to 3475
Skipped Seq from 3475 to 3477
Skipped Seq from 3477 to 3480
Skipped Seq from 3485 to 3491
Skipped Seq from 3491 to 3493
Skipped Seq from 3493 to 3496
Skipped Seq from 3497 to 3499
Skipped Seq from 3499 to 3503
Skipped Seq from 3504 to 3506
Skipped Seq from 3506 to 3509
Skipped Seq from 3509 to 3511
Skipped Seq from 3512 to 3515
Skipped Seq from 3516 to 3518
Skipped Seq from 3520 to 3524
Skipped Seq from 3527 to 3534
Skipped Seq from 3535 to 3537
Skipped Seq from 3537 to 3539
Skipped Seq from 3539 to 3541
Skipped Seq from 3541 to 3543
Skipped Seq from 3543 to 3545
Skipped Seq from 3545 to 3548
Skipped Seq from 3549 to 3551
Skipped Seq from 3551 to 3554
Skipped Seq from 3554 to 3556
Skipped Seq from 3557 to 3561
Skipped Seq from 3562 to 3564
Skipped Seq from 3566 to 3570
Skipped Seq from 3570 to 3572
Skipped Seq from 3572 to 3575
Skipped Seq from 3576 to 3578
Skipped Seq from 3579 to 3582
Skipped Seq from 3584 to 3589
Skipped Seq from 3589 to 3592
Skipped Seq from 3593 to 3595
Skipped Seq from 3595 to 3598
Skipped Seq from 3598 to 3600
Skipped Seq from 3601 to 3604
Skipped Seq from 3605 to 3608
Skipped Seq from 3609 to 3612
Skipped Seq from 3612 to 3614
Skipped Seq from 3614 to 3616
Skipped Seq from 3616 to 3618
Skipped Seq from 3618 to 3621
Skipped Seq from 3623 to 3625
Skipped Seq from 3625 to 3627
Skipped Seq from 3627 to 3630
Skipped Seq from 3632 to 3637
Skipped Seq from 3638 to 3641
Skipped Seq from 3641 to 3643
Skipped Seq from 3643 to 3645
Skipped Seq from 3646 to 3648
Skipped Seq from 3648 to 3650
Skipped Seq from 3650 to 3652
Skipped Seq from 3652 to 3655
Skipped Seq from 3655 to 3657
Skipped Seq from 3658 to 3661
Skipped Seq from 3661 to 3664
Skipped Seq from 3664 to 3666
Skipped Seq from 3667 to 3669
Skipped Seq from 3669 to 3672
Skipped Seq from 3672 to 3674
Skipped Seq from 3674 to 3676
Skipped Seq from 3678 to 3683
Skipped Seq from 3684 to 3687
Skipped Seq from 3690 to 3694
Skipped Seq from 3694 to 3697
Skipped Seq from 3697 to 3699
Skipped Seq from 3700 to 3703
Skipped Seq from 3703 to 3705
Skipped Seq from 3705 to 3707
Skipped Seq from 3707 to 3709
Skipped Seq from 3710 to 3712
Skipped Seq from 3712 to 3714
Skipped Seq from 3714 to 3718
Skipped Seq from 3719 to 3722
Skipped Seq from 3725 to 3727
Skipped Seq from 3767 to 3770
Skipped Seq from 3801 to 3804
Skipped Seq from 3811 to 3813
Skipped Seq from 3843 to 3846
Skipped Seq from 3861 to 3863
Skipped Seq from 3865 to 3867
Skipped Seq from 3879 to 3881
Skipped Seq from 3896 to 3898
Skipped Seq from 3920 to 3922
Skipped Seq from 3923 to 3925
Skipped Seq from 3939 to 3941
Skipped Seq from 3957 to 3959
Skipped Seq from 3974 to 3976
Skipped Seq from 3979 to 3981
Skipped Seq from 3997 to 3999
Skipped Seq from 4016 to 4019
Skipped Seq from 4030 to 4071
Skipped Seq from 4089 to 4091
Skipped Seq from 4095 to 4097
Skipped Seq from 4098 to 4122
Skipped Seq from 4128 to 4130
Skipped Seq from 4142 to 4144
Skipped Seq from 4144 to 4190
Skipped Seq from 4201 to 4203
Skipped Seq from 4205 to 4207
Skipped Seq from 4219 to 4221
Skipped Seq from 4235 to 4237
Skipped Seq from 4237 to 4258
Skipped Seq from 4261 to 4263
Skipped Seq from 4270 to 4272
Skipped Seq from 4286 to 4288
Skipped Seq from 4294 to 4296
Skipped Seq from 4301 to 4311
Skipped Seq from 4311 to 4343
Skipped Seq from 4343 to 4349
Skipped Seq from 4349 to 4353
Skipped Seq from 4354 to 4399
Skipped Seq from 4430 to 4457
Skipped Seq from 4474 to 4534
Skipped Seq from 4605 to 4625
Skipped Seq from 4640 to 4686
Skipped Seq from 4709 to 4723
Skipped Seq from 4736 to 4759
Skipped Seq from 4767 to 4807
Skipped Seq from 4807 to 4809
Skipped Seq from 4830 to 4875
Skipped Seq from 4889 to 4899
Skipped Seq from 4906 to 4927
Skipped Seq from 4950 to 4953
Number of times throttled: 6
Received: 6708 / 8301 packets
Start time: 1332846308.077611
End time: 1332846329.970703
Duration: 21.893092
