Starting client at 10.0.0.11:1236 with timeout:10
My IP address is 10.0.0.11Skipped Seq from 508 to 524
Skipped Seq from 524 to 535
Skipped Seq from 548 to 568
Skipped Seq from 568 to 572
Skipped Seq from 576 to 587
Skipped Seq from 587 to 606
Skipped Seq from 606 to 623
Skipped Seq from 623 to 639
Skipped Seq from 639 to 658
Skipped Seq from 658 to 660
Skipped Seq from 663 to 680
Skipped Seq from 680 to 683
Skipped Seq from 683 to 702
Skipped Seq from 702 to 721
Skipped Seq from 721 to 726
Skipped Seq from 734 to 742
Skipped Seq from 742 to 757
Skipped Seq from 757 to 777
Skipped Seq from 777 to 794
Skipped Seq from 794 to 797
Skipped Seq from 885 to 901
Skipped Seq from 901 to 921
Skipped Seq from 921 to 939
Skipped Seq from 939 to 958
Skipped Seq from 958 to 977
Skipped Seq from 977 to 991
Skipped Seq from 992 to 995
Skipped Seq from 995 to 1014
Skipped Seq from 1014 to 1031
Skipped Seq from 1031 to 1049
Skipped Seq from 1049 to 1064
Skipped Seq from 1064 to 1073
Skipped Seq from 1147 to 1164
Skipped Seq from 1164 to 1184
Skipped Seq from 1184 to 1192
Skipped Seq from 1243 to 1254
Skipped Seq from 1254 to 1258
Skipped Seq from 1310 to 1328
Skipped Seq from 1328 to 1340
Skipped Seq from 1357 to 1368
Skipped Seq from 1368 to 1386
Skipped Seq from 1386 to 1407
Skipped Seq from 1407 to 1425
Skipped Seq from 1471 to 1484
Skipped Seq from 1484 to 1501
Skipped Seq from 1501 to 1510
Skipped Seq from 1532 to 1534
Skipped Seq from 1534 to 1536
Skipped Seq from 1536 to 1538
Skipped Seq from 1538 to 1540
Skipped Seq from 1540 to 1542
Skipped Seq from 1542 to 1544
Skipped Seq from 1544 to 1546
Skipped Seq from 1546 to 1548
Skipped Seq from 1548 to 1550
Skipped Seq from 1551 to 1554
Skipped Seq from 1554 to 1556
Skipped Seq from 1556 to 1558
Skipped Seq from 1566 to 1588
Skipped Seq from 1589 to 1622
Skipped Seq from 1622 to 1651
Skipped Seq from 1670 to 1686
Skipped Seq from 1691 to 1693
Skipped Seq from 1693 to 1729
Skipped Seq from 1731 to 1759
Skipped Seq from 1759 to 1777
Skipped Seq from 1796 to 1819
Skipped Seq from 1819 to 1858
Skipped Seq from 1858 to 1891
Skipped Seq from 2425 to 2448
Skipped Seq from 2620 to 2703
Skipped Seq from 8354 to 8366
Skipped Seq from 8368 to 8404
Skipped Seq from 8404 to 8420
Skipped Seq from 8441 to 8457
Skipped Seq from 8457 to 8526
Skipped Seq from 8613 to 8650
Skipped Seq from 8650 to 8670
Skipped Seq from 8852 to 8862
Skipped Seq from 8863 to 8870
Skipped Seq from 8870 to 8876
Skipped Seq from 8879 to 8890
Skipped Seq from 8918 to 8958
Skipped Seq from 8958 to 8961
Skipped Seq from 9027 to 9073
Skipped Seq from 9073 to 9079
Skipped Seq from 9236 to 9262
Skipped Seq from 9262 to 9265
Skipped Seq from 9451 to 9483
Skipped Seq from 9588 to 9600
Skipped Seq from 9600 to 9611
Skipped Seq from 9624 to 9669
Skipped Seq from 9718 to 9732
Skipped Seq from 9739 to 9786
Skipped Seq from 9786 to 9827
Skipped Seq from 9840 to 9855
Skipped Seq from 9855 to 9866
Skipped Seq from 9880 to 9903
Skipped Seq from 9921 to 9942
Skipped Seq from 9947 to 9957
Skipped Seq from 9957 to 9967
Skipped Seq from 9968 to 9970
Skipped Seq from 9973 to 9979
Skipped Seq from 9985 to 9994
Skipped Seq from 9996 to 10003
Skipped Seq from 10003 to 10006
Skipped Seq from 10048 to 10059
Skipped Seq from 10093 to 10096
Skipped Seq from 10125 to 10143
Skipped Seq from 10153 to 10171
Skipped Seq from 10172 to 10176
Skipped Seq from 10177 to 10180
Skipped Seq from 10182 to 10185
Skipped Seq from 10185 to 10188
Skipped Seq from 10189 to 10191
Skipped Seq from 10191 to 10193
Skipped Seq from 10195 to 10200
Skipped Seq from 10201 to 10204
Skipped Seq from 10204 to 10207
Skipped Seq from 10214 to 10222
Skipped Seq from 10228 to 10231
Skipped Seq from 10235 to 10238
Skipped Seq from 10238 to 10247
Skipped Seq from 10247 to 10256
Skipped Seq from 10256 to 10259
Skipped Seq from 10260 to 10262
Skipped Seq from 10262 to 10265
Skipped Seq from 10265 to 10267
Skipped Seq from 10267 to 10269
Skipped Seq from 10271 to 10274
Skipped Seq from 10349 to 10353
Skipped Seq from 10357 to 10364
Skipped Seq from 10364 to 10366
Skipped Seq from 10367 to 10369
Skipped Seq from 10370 to 10380
Skipped Seq from 10380 to 10382
Skipped Seq from 10384 to 10388
Skipped Seq from 10392 to 10398
Skipped Seq from 10403 to 10410
Skipped Seq from 10418 to 10424
Skipped Seq from 10445 to 10449
Skipped Seq from 10449 to 10456
Skipped Seq from 10509 to 10511
Skipped Seq from 10517 to 10528
Skipped Seq from 10531 to 10562
Skipped Seq from 10568 to 10585
Skipped Seq from 11321 to 11358
Skipped Seq from 11358 to 11362
Skipped Seq from 11364 to 11369
Skipped Seq from 16007 to 16018
Skipped Seq from 16018 to 16021
Skipped Seq from 16022 to 16051
Skipped Seq from 16115 to 16129
Skipped Seq from 16132 to 16137
Skipped Seq from 16139 to 16149
Skipped Seq from 16179 to 16183
Skipped Seq from 16234 to 16251
Skipped Seq from 16260 to 16277
Skipped Seq from 16339 to 16371
Skipped Seq from 16451 to 16464
Skipped Seq from 16483 to 16485
Skipped Seq from 16492 to 16495
Skipped Seq from 16495 to 16498
Skipped Seq from 16510 to 16514
Skipped Seq from 16523 to 16548
Skipped Seq from 16548 to 16555
Skipped Seq from 16555 to 16557
Skipped Seq from 16559 to 16563
Skipped Seq from 16572 to 16584
Skipped Seq from 16587 to 16593
Skipped Seq from 16596 to 16599
Skipped Seq from 16599 to 16603
Skipped Seq from 16604 to 16609
Skipped Seq from 16611 to 16614
Skipped Seq from 16614 to 16622
Skipped Seq from 16641 to 16650
Skipped Seq from 16654 to 16657
Skipped Seq from 16657 to 16678
Skipped Seq from 16679 to 16681
Skipped Seq from 16681 to 16692
Skipped Seq from 16706 to 16732
Skipped Seq from 16732 to 16734
Skipped Seq from 16734 to 16742
Skipped Seq from 16743 to 16745
Skipped Seq from 16745 to 16760
Skipped Seq from 16760 to 16763
Skipped Seq from 16763 to 16766
Skipped Seq from 16790 to 16806
Skipped Seq from 16808 to 16811
Skipped Seq from 16811 to 16831
Skipped Seq from 16832 to 16836
Skipped Seq from 16836 to 16838
Skipped Seq from 16838 to 16840
Skipped Seq from 16844 to 16850
Skipped Seq from 16851 to 16856
Skipped Seq from 16857 to 16862
Skipped Seq from 16863 to 16868
Skipped Seq from 16868 to 16870
Skipped Seq from 16876 to 16878
Skipped Seq from 16878 to 16892
Skipped Seq from 16895 to 16902
Skipped Seq from 16903 to 16905
Skipped Seq from 16913 to 16922
Skipped Seq from 16922 to 16924
Skipped Seq from 16926 to 16932
Skipped Seq from 16936 to 16941
Skipped Seq from 16943 to 16948
Skipped Seq from 16950 to 16952
Skipped Seq from 16953 to 16955
Skipped Seq from 16955 to 16966
Skipped Seq from 16967 to 16969
Skipped Seq from 16970 to 16973
Skipped Seq from 16975 to 16978
Skipped Seq from 16982 to 16987
Skipped Seq from 16989 to 16992
Skipped Seq from 16997 to 16999
Skipped Seq from 16999 to 17006
Skipped Seq from 17079 to 17098
Skipped Seq from 17103 to 17115
Skipped Seq from 17115 to 17125
Skipped Seq from 17125 to 17127
Skipped Seq from 17139 to 17150
Skipped Seq from 17155 to 17162
Skipped Seq from 17162 to 17166
Skipped Seq from 17166 to 17168
Skipped Seq from 17168 to 17188
Skipped Seq from 17292 to 17295
Skipped Seq from 17296 to 17299
Skipped Seq from 17299 to 17301
Skipped Seq from 17306 to 17321
Skipped Seq from 17321 to 17326
Skipped Seq from 17330 to 17334
Skipped Seq from 17348 to 17353
Skipped Seq from 17353 to 17363
Skipped Seq from 17368 to 17374
Skipped Seq from 17374 to 17396
Skipped Seq from 17400 to 17410
Skipped Seq from 17416 to 17425
Skipped Seq from 17427 to 17432
Skipped Seq from 17433 to 17440
Skipped Seq from 17442 to 17446
Skipped Seq from 17447 to 17454
Skipped Seq from 17457 to 17469
Skipped Seq from 17469 to 17474
Skipped Seq from 17474 to 17482
Skipped Seq from 17485 to 17492
Skipped Seq from 17492 to 17494
Skipped Seq from 17495 to 17498
Skipped Seq from 17498 to 17504
Skipped Seq from 17504 to 17507
Skipped Seq from 17509 to 17546
Skipped Seq from 17576 to 17609
Skipped Seq from 17611 to 17623
Skipped Seq from 17623 to 17629
Skipped Seq from 17629 to 17632
Skipped Seq from 17632 to 17641
Skipped Seq from 17642 to 17651
Skipped Seq from 17651 to 17656
Skipped Seq from 17656 to 17658
Skipped Seq from 17658 to 17660
Skipped Seq from 17660 to 17673
Skipped Seq from 17674 to 17676
Skipped Seq from 17691 to 17694
Skipped Seq from 17694 to 17698
Skipped Seq from 17698 to 17701
Skipped Seq from 17701 to 17703
Skipped Seq from 17722 to 17729
Skipped Seq from 17733 to 17735
Skipped Seq from 17736 to 17738
Skipped Seq from 17768 to 17788
Skipped Seq from 17788 to 17800
Skipped Seq from 17815 to 17820
Skipped Seq from 17823 to 17829
Skipped Seq from 17829 to 17837
Skipped Seq from 17837 to 17843
Skipped Seq from 17843 to 17847
Skipped Seq from 17908 to 17912
Skipped Seq from 17913 to 17926
Skipped Seq from 17948 to 17957
Skipped Seq from 17957 to 17965
Skipped Seq from 17992 to 17994
Skipped Seq from 18031 to 18033
Skipped Seq from 18034 to 18038
Skipped Seq from 18040 to 18042
Skipped Seq from 18075 to 18093
Skipped Seq from 18102 to 18107
Skipped Seq from 18107 to 18136
Skipped Seq from 18136 to 18145
Skipped Seq from 34505 to 34512
Skipped Seq from 34512 to 34553
Skipped Seq from 34569 to 34583
Skipped Seq from 34583 to 34589
Skipped Seq from 34589 to 34595
Skipped Seq from 34595 to 34601
Skipped Seq from 34627 to 34652
Skipped Seq from 34694 to 34717
Skipped Seq from 34717 to 34752
Skipped Seq from 34774 to 34783
Skipped Seq from 34783 to 34796
Skipped Seq from 34811 to 34835
Skipped Seq from 34844 to 34862
Skipped Seq from 34865 to 34868
Skipped Seq from 34868 to 34896
Skipped Seq from 34896 to 34904
Skipped Seq from 34913 to 34941
Skipped Seq from 34947 to 34953
Skipped Seq from 34953 to 34983
Skipped Seq from 34995 to 34997
Skipped Seq from 34997 to 35001
Skipped Seq from 35003 to 35005
Skipped Seq from 35010 to 35039
Skipped Seq from 35082 to 35113
Skipped Seq from 35113 to 35116
Skipped Seq from 35166 to 35215
Skipped Seq from 35215 to 35239
Skipped Seq from 35247 to 35288
Skipped Seq from 35290 to 35304
Skipped Seq from 35304 to 35350
Skipped Seq from 35350 to 35362
Skipped Seq from 35484 to 35491
Skipped Seq from 35491 to 35534
Skipped Seq from 35568 to 35578
Skipped Seq from 35598 to 35627
Skipped Seq from 35632 to 35670
Skipped Seq from 35685 to 35714
Skipped Seq from 35714 to 35740
Skipped Seq from 35748 to 35813
Skipped Seq from 35816 to 35837
Skipped Seq from 35890 to 35906
Skipped Seq from 35906 to 35934
Skipped Seq from 35949 to 35962
Skipped Seq from 35963 to 35966
Skipped Seq from 35970 to 36065
Skipped Seq from 36102 to 36104
Skipped Seq from 36104 to 36116
Skipped Seq from 36138 to 36185
Skipped Seq from 36186 to 36225
Skipped Seq from 36268 to 36281
Skipped Seq from 36359 to 36364
Skipped Seq from 36364 to 36368
Skipped Seq from 36371 to 36413
Skipped Seq from 36413 to 36436
Skipped Seq from 36436 to 36481
Skipped Seq from 36503 to 36507
Skipped Seq from 36511 to 36517
Skipped Seq from 36517 to 36522
Skipped Seq from 36522 to 36528
Skipped Seq from 36528 to 36533
Skipped Seq from 36535 to 36539
Skipped Seq from 36596 to 36610
Skipped Seq from 36614 to 36665
Skipped Seq from 36692 to 36695
Skipped Seq from 36695 to 36731
Skipped Seq from 36731 to 36751
Skipped Seq from 36882 to 36888
Skipped Seq from 36907 to 36924
Number of times throttled: 14
Received: 32748 / 36927 packets
Start time: 1332844806.739620
End time: 1332844869.693390
Duration: 62.953770
