Starting client at 10.0.0.10:1250 with timeout:10
My IP address is 10.0.0.10Skipped Seq from 5 to 8
Skipped Seq from 12 to 28
Skipped Seq from 28 to 33
Skipped Seq from 33 to 45
Skipped Seq from 45 to 49
Skipped Seq from 49 to 55
Skipped Seq from 55 to 57
Skipped Seq from 59 to 70
Skipped Seq from 80 to 91
Skipped Seq from 91 to 96
Skipped Seq from 96 to 106
Skipped Seq from 106 to 120
Skipped Seq from 120 to 137
Skipped Seq from 137 to 140
Skipped Seq from 140 to 144
Skipped Seq from 144 to 147
Skipped Seq from 147 to 150
Skipped Seq from 151 to 153
Skipped Seq from 153 to 160
Skipped Seq from 161 to 165
Skipped Seq from 165 to 172
Skipped Seq from 172 to 176
Skipped Seq from 176 to 183
Skipped Seq from 183 to 191
Skipped Seq from 191 to 197
Skipped Seq from 197 to 199
Skipped Seq from 199 to 201
Skipped Seq from 201 to 203
Skipped Seq from 203 to 209
Skipped Seq from 209 to 217
Skipped Seq from 217 to 222
Skipped Seq from 222 to 226
Skipped Seq from 226 to 228
Skipped Seq from 228 to 234
Skipped Seq from 234 to 237
Skipped Seq from 237 to 240
Skipped Seq from 240 to 246
Skipped Seq from 246 to 254
Skipped Seq from 254 to 256
Skipped Seq from 256 to 259
Skipped Seq from 259 to 262
Skipped Seq from 262 to 264
Skipped Seq from 264 to 267
Skipped Seq from 267 to 269
Skipped Seq from 269 to 271
Skipped Seq from 271 to 274
Skipped Seq from 274 to 278
Skipped Seq from 278 to 281
Skipped Seq from 281 to 286
Skipped Seq from 287 to 292
Skipped Seq from 292 to 302
Skipped Seq from 302 to 307
Skipped Seq from 308 to 311
Skipped Seq from 311 to 313
Skipped Seq from 314 to 316
Skipped Seq from 316 to 319
Skipped Seq from 319 to 326
Skipped Seq from 326 to 330
Skipped Seq from 330 to 332
Skipped Seq from 332 to 334
Skipped Seq from 334 to 337
Skipped Seq from 337 to 350
Skipped Seq from 351 to 356
Skipped Seq from 356 to 361
Skipped Seq from 362 to 367
Skipped Seq from 367 to 369
Skipped Seq from 370 to 372
Skipped Seq from 372 to 381
Skipped Seq from 381 to 383
Skipped Seq from 383 to 387
Skipped Seq from 387 to 391
Skipped Seq from 391 to 393
Skipped Seq from 393 to 396
Skipped Seq from 396 to 402
Skipped Seq from 402 to 408
Skipped Seq from 408 to 410
Skipped Seq from 411 to 416
Skipped Seq from 416 to 420
Skipped Seq from 420 to 422
Skipped Seq from 422 to 424
Skipped Seq from 424 to 426
Skipped Seq from 426 to 428
Skipped Seq from 428 to 430
Skipped Seq from 430 to 433
Skipped Seq from 433 to 439
Skipped Seq from 439 to 443
Skipped Seq from 443 to 445
Skipped Seq from 445 to 447
Skipped Seq from 447 to 450
Skipped Seq from 450 to 459
Skipped Seq from 459 to 462
Skipped Seq from 462 to 466
Skipped Seq from 466 to 470
Skipped Seq from 470 to 473
Skipped Seq from 473 to 475
Skipped Seq from 475 to 480
Skipped Seq from 480 to 485
Skipped Seq from 485 to 488
Skipped Seq from 488 to 492
Skipped Seq from 493 to 496
Skipped Seq from 497 to 507
Skipped Seq from 507 to 511
Skipped Seq from 511 to 517
Skipped Seq from 518 to 524
Skipped Seq from 525 to 528
Skipped Seq from 529 to 531
Skipped Seq from 531 to 533
Skipped Seq from 533 to 535
Skipped Seq from 535 to 538
Skipped Seq from 538 to 542
Skipped Seq from 542 to 545
Skipped Seq from 546 to 548
Skipped Seq from 548 to 551
Skipped Seq from 552 to 554
Skipped Seq from 554 to 557
Skipped Seq from 557 to 561
Skipped Seq from 561 to 581
Skipped Seq from 581 to 592
Skipped Seq from 593 to 597
Skipped Seq from 597 to 600
Skipped Seq from 600 to 606
Skipped Seq from 606 to 609
Skipped Seq from 609 to 612
Skipped Seq from 613 to 623
Skipped Seq from 623 to 630
Skipped Seq from 630 to 633
Skipped Seq from 633 to 640
Skipped Seq from 641 to 645
Skipped Seq from 645 to 650
Skipped Seq from 650 to 658
Skipped Seq from 658 to 669
Skipped Seq from 669 to 678
Skipped Seq from 678 to 680
Skipped Seq from 680 to 687
Skipped Seq from 687 to 692
Skipped Seq from 692 to 694
Skipped Seq from 694 to 699
Skipped Seq from 699 to 701
Skipped Seq from 702 to 707
Skipped Seq from 707 to 712
Skipped Seq from 712 to 719
Skipped Seq from 719 to 722
Skipped Seq from 722 to 724
Skipped Seq from 724 to 726
Skipped Seq from 727 to 730
Skipped Seq from 730 to 733
Skipped Seq from 734 to 736
Skipped Seq from 736 to 745
Skipped Seq from 745 to 747
Skipped Seq from 747 to 751
Skipped Seq from 751 to 756
Skipped Seq from 756 to 760
Skipped Seq from 760 to 768
Skipped Seq from 768 to 776
Skipped Seq from 776 to 778
Skipped Seq from 778 to 780
Skipped Seq from 780 to 782
Skipped Seq from 782 to 784
Skipped Seq from 786 to 792
Skipped Seq from 793 to 795
Skipped Seq from 795 to 797
Skipped Seq from 797 to 803
Skipped Seq from 803 to 810
Skipped Seq from 810 to 820
Skipped Seq from 820 to 823
Skipped Seq from 824 to 827
Skipped Seq from 827 to 829
Skipped Seq from 829 to 838
Skipped Seq from 838 to 844
Skipped Seq from 844 to 846
Skipped Seq from 846 to 848
Skipped Seq from 848 to 850
Skipped Seq from 850 to 853
Skipped Seq from 853 to 860
Skipped Seq from 860 to 862
Skipped Seq from 862 to 870
Skipped Seq from 872 to 879
Skipped Seq from 879 to 881
Skipped Seq from 881 to 883
Skipped Seq from 884 to 889
Skipped Seq from 889 to 894
Skipped Seq from 895 to 905
Skipped Seq from 905 to 909
Skipped Seq from 910 to 912
Skipped Seq from 912 to 916
Skipped Seq from 917 to 926
Skipped Seq from 926 to 933
Skipped Seq from 933 to 935
Skipped Seq from 936 to 947
Skipped Seq from 947 to 960
Skipped Seq from 960 to 963
Skipped Seq from 963 to 965
Skipped Seq from 966 to 970
Skipped Seq from 970 to 972
Skipped Seq from 972 to 976
Skipped Seq from 976 to 978
Skipped Seq from 978 to 980
Skipped Seq from 980 to 982
Skipped Seq from 982 to 984
Skipped Seq from 985 to 993
Skipped Seq from 994 to 998
Skipped Seq from 998 to 1001
Skipped Seq from 1002 to 1009
Skipped Seq from 1010 to 1019
Skipped Seq from 1019 to 1030
Skipped Seq from 1030 to 1035
Skipped Seq from 1035 to 1041
Skipped Seq from 1041 to 1044
Skipped Seq from 1044 to 1051
Skipped Seq from 1051 to 1053
Skipped Seq from 1054 to 1059
Skipped Seq from 1059 to 1062
Skipped Seq from 1062 to 1065
Skipped Seq from 1065 to 1067
Skipped Seq from 1067 to 1069
Skipped Seq from 1070 to 1073
Skipped Seq from 1073 to 1076
Skipped Seq from 1076 to 1078
Skipped Seq from 1078 to 1080
Skipped Seq from 1081 to 1084
Skipped Seq from 1084 to 1086
Skipped Seq from 1086 to 1090
Skipped Seq from 1090 to 1092
Skipped Seq from 1092 to 1094
Skipped Seq from 1097 to 1102
Skipped Seq from 1103 to 1107
Skipped Seq from 1107 to 1109
Skipped Seq from 1110 to 1113
Skipped Seq from 1113 to 1120
Skipped Seq from 1120 to 1134
Skipped Seq from 1134 to 1138
Skipped Seq from 1139 to 1142
Skipped Seq from 1142 to 1144
Skipped Seq from 1144 to 1148
Skipped Seq from 1149 to 1151
Skipped Seq from 1151 to 1155
Skipped Seq from 1155 to 1157
Skipped Seq from 1157 to 1161
Skipped Seq from 1162 to 1164
Skipped Seq from 1164 to 1171
Skipped Seq from 1171 to 1174
Skipped Seq from 1174 to 1176
Skipped Seq from 1176 to 1179
Skipped Seq from 1179 to 1187
Skipped Seq from 1187 to 1200
Skipped Seq from 1200 to 1205
Skipped Seq from 1205 to 1207
Skipped Seq from 1207 to 1210
Skipped Seq from 1211 to 1213
Skipped Seq from 1213 to 1215
Skipped Seq from 1215 to 1218
Skipped Seq from 1219 to 1224
Skipped Seq from 1225 to 1237
Skipped Seq from 1238 to 1241
Skipped Seq from 1241 to 1243
Skipped Seq from 1244 to 1247
Skipped Seq from 1247 to 1253
Skipped Seq from 1253 to 1273
Skipped Seq from 1273 to 1277
Skipped Seq from 1277 to 1281
Skipped Seq from 1282 to 1290
Skipped Seq from 1291 to 1293
Skipped Seq from 1293 to 1305
Skipped Seq from 1307 to 1312
Skipped Seq from 1313 to 1317
Skipped Seq from 1317 to 1320
Skipped Seq from 1320 to 1323
Skipped Seq from 1323 to 1326
Skipped Seq from 1326 to 1338
Skipped Seq from 1339 to 1341
Skipped Seq from 1341 to 1344
Skipped Seq from 1344 to 1346
Skipped Seq from 1346 to 1348
Skipped Seq from 1349 to 1352
Skipped Seq from 1353 to 1355
Skipped Seq from 1355 to 1358
Skipped Seq from 1358 to 1360
Skipped Seq from 1360 to 1364
Skipped Seq from 1364 to 1366
Skipped Seq from 1366 to 1374
Skipped Seq from 1374 to 1376
Skipped Seq from 1376 to 1379
Skipped Seq from 1379 to 1381
Skipped Seq from 1381 to 1383
Skipped Seq from 1384 to 1388
Skipped Seq from 1388 to 1398
Skipped Seq from 1398 to 1401
Skipped Seq from 1401 to 1405
Skipped Seq from 1405 to 1412
Skipped Seq from 1412 to 1415
Skipped Seq from 1416 to 1420
Skipped Seq from 1421 to 1437
Skipped Seq from 1437 to 1439
Skipped Seq from 1439 to 1450
Skipped Seq from 1450 to 1455
Skipped Seq from 1455 to 1462
Skipped Seq from 1462 to 1464
Skipped Seq from 1464 to 1469
Skipped Seq from 1469 to 1476
Skipped Seq from 1476 to 1493
Skipped Seq from 1493 to 1502
Skipped Seq from 1502 to 1506
Skipped Seq from 1506 to 1508
Skipped Seq from 1508 to 1530
Skipped Seq from 1530 to 1533
Skipped Seq from 1533 to 1535
Skipped Seq from 1536 to 1538
Skipped Seq from 1540 to 1543
Skipped Seq from 1543 to 1552
Skipped Seq from 1556 to 1562
Skipped Seq from 1562 to 1569
Skipped Seq from 1569 to 1582
Skipped Seq from 1582 to 1584
Skipped Seq from 1584 to 1587
Skipped Seq from 1587 to 1597
Skipped Seq from 1601 to 1606
Skipped Seq from 1606 to 1618
Skipped Seq from 1621 to 1626
Skipped Seq from 1628 to 1634
Skipped Seq from 1635 to 1640
Skipped Seq from 1642 to 1647
Skipped Seq from 1648 to 1651
Skipped Seq from 1652 to 1654
Skipped Seq from 1654 to 1657
Skipped Seq from 1657 to 1663
Skipped Seq from 1664 to 1667
Skipped Seq from 1667 to 1669
Skipped Seq from 1670 to 1672
Skipped Seq from 1672 to 1684
Skipped Seq from 1684 to 1686
Skipped Seq from 1687 to 1690
Skipped Seq from 1690 to 1692
Skipped Seq from 1693 to 1695
Skipped Seq from 1695 to 1700
Skipped Seq from 1700 to 1710
Skipped Seq from 1712 to 1715
Skipped Seq from 1715 to 1718
Skipped Seq from 1721 to 1728
Skipped Seq from 1730 to 1734
Skipped Seq from 1735 to 1737
Skipped Seq from 1737 to 1739
Skipped Seq from 1739 to 1744
Skipped Seq from 1745 to 1747
Skipped Seq from 1747 to 1749
Skipped Seq from 1749 to 1751
Skipped Seq from 1751 to 1753
Skipped Seq from 1753 to 1756
Skipped Seq from 1757 to 1760
Skipped Seq from 1766 to 1773
Skipped Seq from 1775 to 1780
Skipped Seq from 1781 to 1783
Skipped Seq from 1783 to 1786
Skipped Seq from 1789 to 1795
Skipped Seq from 1797 to 1801
Skipped Seq from 1801 to 1803
Skipped Seq from 1803 to 1806
Skipped Seq from 1807 to 1809
Skipped Seq from 1810 to 1814
Skipped Seq from 1815 to 1818
Skipped Seq from 1819 to 1822
Skipped Seq from 1824 to 1827
Skipped Seq from 1827 to 1830
Skipped Seq from 1830 to 1833
Skipped Seq from 1834 to 1837
Skipped Seq from 1842 to 1846
Skipped Seq from 1846 to 1849
Skipped Seq from 1849 to 1852
Skipped Seq from 1854 to 1858
Skipped Seq from 1858 to 1861
Skipped Seq from 1863 to 1867
Skipped Seq from 1868 to 1872
Skipped Seq from 1873 to 1876
Skipped Seq from 1876 to 1878
Skipped Seq from 1879 to 1882
Skipped Seq from 1883 to 1886
Skipped Seq from 1890 to 1895
Skipped Seq from 1899 to 1904
Skipped Seq from 1904 to 1907
Skipped Seq from 1907 to 1909
Skipped Seq from 1909 to 1912
Skipped Seq from 1913 to 1917
Skipped Seq from 1919 to 1923
Skipped Seq from 1923 to 1926
Skipped Seq from 1929 to 1934
Skipped Seq from 1936 to 1939
Skipped Seq from 1941 to 1946
Skipped Seq from 1948 to 1951
Skipped Seq from 1951 to 1954
Skipped Seq from 1954 to 1956
Skipped Seq from 1956 to 1958
Skipped Seq from 1960 to 1964
Skipped Seq from 1968 to 1974
Skipped Seq from 1978 to 1980
Skipped Seq from 1980 to 1986
Skipped Seq from 1990 to 1995
Skipped Seq from 1995 to 1998
Skipped Seq from 1999 to 2003
Skipped Seq from 2004 to 2008
Skipped Seq from 2011 to 2013
Skipped Seq from 2013 to 2017
Skipped Seq from 2017 to 2020
Skipped Seq from 2025 to 2032
Skipped Seq from 2037 to 2044
Skipped Seq from 2045 to 2050
Skipped Seq from 2050 to 2052
Skipped Seq from 2052 to 2054
Skipped Seq from 2055 to 2057
Skipped Seq from 2058 to 2061
Skipped Seq from 2062 to 2066
Skipped Seq from 2070 to 2075
Skipped Seq from 2078 to 2084
Skipped Seq from 2086 to 2091
Skipped Seq from 2099 to 2108
Skipped Seq from 2117 to 2129
Skipped Seq from 2131 to 2136
Skipped Seq from 2137 to 2140
Skipped Seq from 2146 to 2153
Skipped Seq from 2153 to 2155
Skipped Seq from 2159 to 2167
Skipped Seq from 2173 to 2180
Skipped Seq from 2188 to 2197
Skipped Seq from 2204 to 2207
Skipped Seq from 2207 to 2217
Skipped Seq from 2217 to 2220
Skipped Seq from 2225 to 2229
Skipped Seq from 2240 to 2252
Skipped Seq from 2252 to 2257
Skipped Seq from 2267 to 2277
Skipped Seq from 2286 to 2299
Skipped Seq from 2299 to 2303
Skipped Seq from 2321 to 2332
Skipped Seq from 2345 to 2351
Skipped Seq from 2351 to 2368
Skipped Seq from 2382 to 2400
Skipped Seq from 2400 to 2405
Skipped Seq from 2416 to 2430
Skipped Seq from 2430 to 2432
Skipped Seq from 2441 to 2450
Skipped Seq from 2479 to 2490
Skipped Seq from 2490 to 2495
Skipped Seq from 2534 to 2537
Skipped Seq from 2553 to 2570
Skipped Seq from 2570 to 2582
Skipped Seq from 2619 to 2631
Skipped Seq from 2631 to 2646
Skipped Seq from 2660 to 2664
Skipped Seq from 2688 to 2692
Skipped Seq from 2692 to 2706
Skipped Seq from 2814 to 2821
Skipped Seq from 2821 to 2823
Skipped Seq from 2861 to 2867
Skipped Seq from 2884 to 2908
Skipped Seq from 2908 to 2912
Skipped Seq from 2948 to 2951
Skipped Seq from 2962 to 2977
Skipped Seq from 2988 to 3014
Skipped Seq from 3014 to 3042
Skipped Seq from 3071 to 3079
Skipped Seq from 3079 to 3083
Skipped Seq from 3094 to 3099
Skipped Seq from 3099 to 3114
Skipped Seq from 3133 to 3145
Skipped Seq from 3156 to 3168
Skipped Seq from 3200 to 3211
Skipped Seq from 3211 to 3223
Skipped Seq from 3242 to 3249
Skipped Seq from 3261 to 3277
Skipped Seq from 3285 to 3287
Skipped Seq from 3287 to 3306
Skipped Seq from 3306 to 3314
Skipped Seq from 3322 to 3324
Skipped Seq from 3332 to 3349
Skipped Seq from 3371 to 3384
Skipped Seq from 3384 to 3388
Skipped Seq from 3396 to 3406
Skipped Seq from 3406 to 3424
Skipped Seq from 3424 to 3437
Skipped Seq from 3457 to 3459
Skipped Seq from 3473 to 3485
Skipped Seq from 3495 to 3508
Skipped Seq from 3514 to 3523
Skipped Seq from 3544 to 3561
Skipped Seq from 3570 to 3590
Skipped Seq from 3594 to 3597
Skipped Seq from 3597 to 3615
Skipped Seq from 3615 to 3632
Skipped Seq from 3632 to 3634
Skipped Seq from 3643 to 3666
Skipped Seq from 3669 to 3678
Skipped Seq from 3683 to 3688
Skipped Seq from 3688 to 3701
Skipped Seq from 3703 to 3710
Skipped Seq from 3716 to 3756
Skipped Seq from 3758 to 3772
Skipped Seq from 3772 to 3777
Skipped Seq from 3780 to 3815
Skipped Seq from 3815 to 3859
Skipped Seq from 3859 to 3867
Skipped Seq from 3867 to 3884
Skipped Seq from 3886 to 3909
Skipped Seq from 3911 to 3938
Skipped Seq from 3938 to 3945
Skipped Seq from 3945 to 3953
Skipped Seq from 3955 to 3959
Skipped Seq from 3960 to 3963
Skipped Seq from 3963 to 3967
Skipped Seq from 3967 to 3970
Skipped Seq from 3970 to 3981
Skipped Seq from 3981 to 3984
Skipped Seq from 3984 to 3995
Skipped Seq from 3996 to 4004
Skipped Seq from 4004 to 4016
Skipped Seq from 4017 to 4026
Skipped Seq from 4026 to 4032
Skipped Seq from 4032 to 4045
Skipped Seq from 4045 to 4049
Skipped Seq from 4050 to 4053
Skipped Seq from 4053 to 4056
Skipped Seq from 4057 to 4060
Skipped Seq from 4061 to 4063
Skipped Seq from 4064 to 4074
Skipped Seq from 4075 to 4083
Skipped Seq from 4084 to 4097
Skipped Seq from 4097 to 4100
Skipped Seq from 4100 to 4111
Skipped Seq from 4112 to 4126
Skipped Seq from 4127 to 4130
Skipped Seq from 4130 to 4134
Skipped Seq from 4134 to 4137
Skipped Seq from 4137 to 4141
Skipped Seq from 4141 to 4145
Skipped Seq from 4146 to 4155
Skipped Seq from 4156 to 4160
Skipped Seq from 4160 to 4162
Skipped Seq from 4164 to 4169
Skipped Seq from 4170 to 4176
Skipped Seq from 4176 to 4179
Skipped Seq from 4180 to 4183
Skipped Seq from 4183 to 4205
Skipped Seq from 4206 to 4210
Skipped Seq from 4211 to 4215
Skipped Seq from 4215 to 4217
Skipped Seq from 4217 to 4222
Skipped Seq from 4222 to 4227
Skipped Seq from 4227 to 4232
Skipped Seq from 4234 to 4236
Skipped Seq from 4236 to 4252
Skipped Seq from 4253 to 4271
Skipped Seq from 4275 to 4282
Skipped Seq from 4282 to 4287
Skipped Seq from 4287 to 4289
Skipped Seq from 4290 to 4301
Skipped Seq from 4303 to 4305
Skipped Seq from 4305 to 4309
Skipped Seq from 4312 to 4320
Skipped Seq from 4323 to 4334
Skipped Seq from 4335 to 4350
Skipped Seq from 4351 to 4353
Skipped Seq from 4354 to 4379
Skipped Seq from 4379 to 4383
Skipped Seq from 4385 to 4393
Skipped Seq from 4393 to 4397
Skipped Seq from 4399 to 4408
Skipped Seq from 4410 to 4414
Skipped Seq from 4415 to 4419
Skipped Seq from 4420 to 4424
Skipped Seq from 4424 to 4427
Skipped Seq from 4428 to 4430
Skipped Seq from 4430 to 4432
Skipped Seq from 4434 to 4442
Skipped Seq from 4444 to 4449
Skipped Seq from 4450 to 4453
Skipped Seq from 4454 to 4464
Skipped Seq from 4467 to 4471
Skipped Seq from 4472 to 4476
Skipped Seq from 4476 to 4478
Skipped Seq from 4478 to 4484
Skipped Seq from 4486 to 4490
Skipped Seq from 4491 to 4494
Skipped Seq from 4494 to 4496
Skipped Seq from 4497 to 4502
Skipped Seq from 4502 to 4504
Skipped Seq from 4504 to 4509
Skipped Seq from 4510 to 4512
Skipped Seq from 4512 to 4515
Skipped Seq from 4515 to 4517
Skipped Seq from 4517 to 4538
Skipped Seq from 4539 to 4541
Skipped Seq from 4543 to 4548
Skipped Seq from 4549 to 4552
Skipped Seq from 4552 to 4555
Skipped Seq from 4557 to 4566
Skipped Seq from 4566 to 4581
Skipped Seq from 4581 to 4589
Skipped Seq from 4589 to 4594
Skipped Seq from 4594 to 4600
Skipped Seq from 4600 to 4603
Skipped Seq from 4603 to 4607
Skipped Seq from 4607 to 4610
Skipped Seq from 4610 to 4612
Skipped Seq from 4612 to 4614
Skipped Seq from 4614 to 4617
Skipped Seq from 4617 to 4622
Skipped Seq from 4623 to 4667
Skipped Seq from 4669 to 4699
Skipped Seq from 4701 to 4716
Skipped Seq from 4716 to 4727
Skipped Seq from 4727 to 4731
Skipped Seq from 4736 to 4739
Skipped Seq from 4749 to 4751
Skipped Seq from 4753 to 4756
Skipped Seq from 4762 to 4776
Skipped Seq from 4777 to 4784
Skipped Seq from 4784 to 4790
Skipped Seq from 4791 to 4793
Skipped Seq from 4798 to 4806
Skipped Seq from 4806 to 4811
Skipped Seq from 4811 to 4822
Skipped Seq from 4824 to 4826
Skipped Seq from 4826 to 4829
Skipped Seq from 4838 to 4849
Skipped Seq from 4849 to 4858
Skipped Seq from 4858 to 4871
Skipped Seq from 4878 to 4882
Skipped Seq from 4882 to 4886
Skipped Seq from 4886 to 4895
Skipped Seq from 4900 to 4908
Skipped Seq from 4915 to 4918
Skipped Seq from 4920 to 4935
Skipped Seq from 4935 to 4944
Skipped Seq from 4945 to 4954
Skipped Seq from 4963 to 4965
Skipped Seq from 4965 to 4968
Skipped Seq from 4973 to 4975
Skipped Seq from 4985 to 4998
Skipped Seq from 5004 to 5008
Skipped Seq from 5008 to 5012
Skipped Seq from 5015 to 5017
Skipped Seq from 5018 to 5021
Skipped Seq from 5024 to 5026
Skipped Seq from 5040 to 5043
Skipped Seq from 5043 to 5045
Skipped Seq from 5058 to 5060
Skipped Seq from 5067 to 5075
Skipped Seq from 5078 to 5080
Skipped Seq from 5092 to 5094
Skipped Seq from 5099 to 5104
Skipped Seq from 5129 to 5137
Skipped Seq from 5198 to 5203
Skipped Seq from 5203 to 5209
Skipped Seq from 5209 to 5221
Skipped Seq from 5227 to 5245
Skipped Seq from 5260 to 5268
Skipped Seq from 5276 to 5302
Skipped Seq from 5302 to 5330
Skipped Seq from 5333 to 5339
Skipped Seq from 5339 to 5389
Skipped Seq from 5389 to 5396
Skipped Seq from 5400 to 5435
Skipped Seq from 5437 to 5451
Skipped Seq from 5460 to 5469
Skipped Seq from 5471 to 5473
Skipped Seq from 5473 to 5476
Skipped Seq from 5480 to 5484
Skipped Seq from 5486 to 5492
Skipped Seq from 5497 to 5500
Skipped Seq from 5503 to 5505
Skipped Seq from 5505 to 5508
Skipped Seq from 5514 to 5517
Skipped Seq from 5518 to 5521
Skipped Seq from 5523 to 5527
Skipped Seq from 5533 to 5540
Skipped Seq from 5559 to 5563
Skipped Seq from 5563 to 5569
Skipped Seq from 5569 to 5581
Skipped Seq from 5630 to 5640
Skipped Seq from 5640 to 5642
Skipped Seq from 5642 to 5653
Skipped Seq from 5699 to 5737
Skipped Seq from 5737 to 5740
Skipped Seq from 5745 to 5774
Skipped Seq from 5774 to 5782
Skipped Seq from 5794 to 5796
Skipped Seq from 5796 to 5815
Skipped Seq from 5822 to 5852
Skipped Seq from 5925 to 5927
Skipped Seq from 5929 to 5969
Skipped Seq from 5976 to 5996
Skipped Seq from 5998 to 6022
Skipped Seq from 6022 to 6027
Skipped Seq from 6032 to 6041
Skipped Seq from 6048 to 6079
Skipped Seq from 6087 to 6095
Skipped Seq from 6096 to 6111
Skipped Seq from 6111 to 6116
Skipped Seq from 6116 to 6119
Skipped Seq from 6119 to 6122
Skipped Seq from 6123 to 6127
Skipped Seq from 6128 to 6143
Skipped Seq from 6143 to 6146
Skipped Seq from 6147 to 6150
Skipped Seq from 6150 to 6152
Skipped Seq from 6155 to 6157
Skipped Seq from 6166 to 6168
Skipped Seq from 6171 to 6176
Skipped Seq from 6178 to 6183
Skipped Seq from 6183 to 6188
Skipped Seq from 6202 to 6206
Skipped Seq from 6211 to 6217
Skipped Seq from 6217 to 6219
Skipped Seq from 6229 to 6232
Skipped Seq from 6232 to 6234
Skipped Seq from 6236 to 6245
Skipped Seq from 6246 to 6250
Skipped Seq from 6266 to 6294
Skipped Seq from 6296 to 6299
Skipped Seq from 6299 to 6302
Skipped Seq from 6305 to 6314
Skipped Seq from 6337 to 6345
Skipped Seq from 6348 to 6358
Skipped Seq from 6358 to 6361
Skipped Seq from 6362 to 6365
Skipped Seq from 6365 to 6367
Skipped Seq from 6368 to 6370
Skipped Seq from 6370 to 6375
Skipped Seq from 6375 to 6377
Skipped Seq from 6377 to 6379
Skipped Seq from 6380 to 6383
Skipped Seq from 6384 to 6388
Skipped Seq from 6388 to 6392
Skipped Seq from 6393 to 6398
Skipped Seq from 6398 to 6401
Skipped Seq from 6401 to 6403
Skipped Seq from 6403 to 6405
Skipped Seq from 6405 to 6408
Skipped Seq from 6408 to 6410
Skipped Seq from 6412 to 6418
Skipped Seq from 6418 to 6420
Skipped Seq from 6422 to 6426
Skipped Seq from 6426 to 6429
Skipped Seq from 6449 to 6462
Skipped Seq from 6462 to 6468
Skipped Seq from 6468 to 6471
Skipped Seq from 6471 to 6478
Skipped Seq from 6478 to 6486
Skipped Seq from 6487 to 6490
Skipped Seq from 6510 to 6514
Skipped Seq from 6514 to 6522
Skipped Seq from 6522 to 6529
Skipped Seq from 6530 to 6535
Skipped Seq from 6535 to 6538
Skipped Seq from 6538 to 6541
Skipped Seq from 6541 to 6543
Skipped Seq from 6543 to 6546
Skipped Seq from 6546 to 6552
Skipped Seq from 6552 to 6564
Skipped Seq from 6564 to 6566
Skipped Seq from 6566 to 6582
Skipped Seq from 6585 to 6589
Skipped Seq from 6590 to 6612
Skipped Seq from 6612 to 6619
Skipped Seq from 6622 to 6626
Skipped Seq from 6626 to 6631
Skipped Seq from 6631 to 6633
Skipped Seq from 6633 to 6643
Skipped Seq from 6643 to 6648
Skipped Seq from 6651 to 6659
Skipped Seq from 6659 to 6662
Skipped Seq from 6710 to 6716
Skipped Seq from 6724 to 6728
Skipped Seq from 6728 to 6732
Skipped Seq from 6732 to 6741
Skipped Seq from 6741 to 6743
Skipped Seq from 6743 to 6746
Skipped Seq from 6749 to 6754
Skipped Seq from 6754 to 6758
Skipped Seq from 6758 to 6762
Skipped Seq from 6762 to 6764
Skipped Seq from 6764 to 6766
Skipped Seq from 6766 to 6771
Skipped Seq from 6771 to 6773
Skipped Seq from 6773 to 6777
Skipped Seq from 6777 to 6781
Skipped Seq from 6783 to 6786
Skipped Seq from 6800 to 6802
Skipped Seq from 6802 to 6804
Skipped Seq from 6804 to 6813
Skipped Seq from 6813 to 6817
Skipped Seq from 6817 to 6820
Skipped Seq from 6820 to 6822
Skipped Seq from 6822 to 6824
Skipped Seq from 6824 to 6828
Skipped Seq from 6828 to 6830
Skipped Seq from 6830 to 6833
Skipped Seq from 6834 to 6839
Skipped Seq from 6866 to 6872
Skipped Seq from 6872 to 6875
Skipped Seq from 6876 to 6888
Skipped Seq from 6888 to 6903
Skipped Seq from 6903 to 6905
Skipped Seq from 6906 to 6910
Skipped Seq from 6910 to 6923
Skipped Seq from 6968 to 6979
Skipped Seq from 6979 to 6986
Skipped Seq from 7025 to 7027
Skipped Seq from 7035 to 7043
Skipped Seq from 7043 to 7048
Skipped Seq from 7147 to 7149
Skipped Seq from 7152 to 7155
Skipped Seq from 7198 to 7209
Skipped Seq from 7224 to 7229
Skipped Seq from 7284 to 7290
Skipped Seq from 7290 to 7292
Skipped Seq from 7314 to 7322
Skipped Seq from 7328 to 7336
Skipped Seq from 7340 to 7343
Skipped Seq from 7349 to 7359
Skipped Seq from 7675 to 7694
Skipped Seq from 7725 to 7767
Skipped Seq from 7793 to 7831
Skipped Seq from 7894 to 7916
Skipped Seq from 7947 to 7964
Number of times throttled: 9
Received: 4152 / 8528 packets
Start time: 1332845204.034774
End time: 1332845223.483251
Duration: 19.448477
