Starting client at 10.0.0.16:1250 with timeout:10
My IP address is 10.0.0.16Skipped Seq from 236 to 249
Skipped Seq from 252 to 257
Skipped Seq from 257 to 265
Skipped Seq from 266 to 270
Skipped Seq from 270 to 272
Skipped Seq from 272 to 274
Skipped Seq from 275 to 279
Skipped Seq from 280 to 286
Skipped Seq from 287 to 290
Skipped Seq from 290 to 292
Skipped Seq from 295 to 299
Skipped Seq from 299 to 320
Skipped Seq from 322 to 332
Skipped Seq from 332 to 349
Skipped Seq from 349 to 357
Skipped Seq from 357 to 366
Skipped Seq from 367 to 369
Skipped Seq from 369 to 381
Skipped Seq from 382 to 388
Skipped Seq from 388 to 391
Skipped Seq from 391 to 395
Skipped Seq from 397 to 399
Skipped Seq from 400 to 410
Skipped Seq from 411 to 428
Skipped Seq from 428 to 441
Skipped Seq from 441 to 459
Skipped Seq from 459 to 479
Skipped Seq from 480 to 483
Skipped Seq from 483 to 486
Skipped Seq from 486 to 489
Skipped Seq from 489 to 495
Skipped Seq from 495 to 510
Skipped Seq from 511 to 516
Skipped Seq from 516 to 533
Skipped Seq from 537 to 556
Skipped Seq from 557 to 571
Skipped Seq from 571 to 579
Skipped Seq from 579 to 596
Skipped Seq from 596 to 607
Skipped Seq from 607 to 626
Skipped Seq from 626 to 643
Skipped Seq from 643 to 650
Skipped Seq from 650 to 664
Skipped Seq from 665 to 670
Skipped Seq from 672 to 677
Skipped Seq from 677 to 681
Skipped Seq from 681 to 690
Skipped Seq from 690 to 702
Skipped Seq from 702 to 711
Skipped Seq from 711 to 713
Skipped Seq from 714 to 716
Skipped Seq from 716 to 729
Skipped Seq from 729 to 740
Skipped Seq from 740 to 750
Skipped Seq from 757 to 775
Skipped Seq from 777 to 793
Skipped Seq from 793 to 795
Skipped Seq from 795 to 799
Skipped Seq from 799 to 802
Skipped Seq from 804 to 816
Skipped Seq from 816 to 826
Skipped Seq from 828 to 835
Skipped Seq from 836 to 838
Skipped Seq from 838 to 844
Skipped Seq from 844 to 847
Skipped Seq from 847 to 849
Skipped Seq from 849 to 862
Skipped Seq from 865 to 875
Skipped Seq from 877 to 885
Skipped Seq from 887 to 891
Skipped Seq from 892 to 894
Skipped Seq from 895 to 900
Skipped Seq from 900 to 910
Skipped Seq from 911 to 918
Skipped Seq from 918 to 920
Skipped Seq from 922 to 928
Skipped Seq from 928 to 935
Skipped Seq from 935 to 939
Skipped Seq from 939 to 942
Skipped Seq from 942 to 947
Skipped Seq from 948 to 956
Skipped Seq from 956 to 958
Skipped Seq from 959 to 965
Skipped Seq from 968 to 971
Skipped Seq from 971 to 981
Skipped Seq from 981 to 993
Skipped Seq from 994 to 1007
Skipped Seq from 1007 to 1015
Skipped Seq from 1024 to 1034
Skipped Seq from 1039 to 1045
Skipped Seq from 1045 to 1063
Skipped Seq from 1063 to 1073
Skipped Seq from 1073 to 1093
Skipped Seq from 1098 to 1105
Skipped Seq from 1105 to 1144
Skipped Seq from 1144 to 1148
Skipped Seq from 1154 to 1164
Skipped Seq from 1164 to 1177
Skipped Seq from 1178 to 1184
Skipped Seq from 1184 to 1193
Skipped Seq from 1200 to 1224
Skipped Seq from 1225 to 1251
Skipped Seq from 1251 to 1257
Skipped Seq from 1257 to 1269
Skipped Seq from 1269 to 1273
Skipped Seq from 1273 to 1277
Skipped Seq from 1277 to 1279
Skipped Seq from 1284 to 1291
Skipped Seq from 1296 to 1299
Skipped Seq from 1299 to 1304
Skipped Seq from 1306 to 1318
Skipped Seq from 1318 to 1321
Skipped Seq from 1322 to 1325
Skipped Seq from 1333 to 1348
Skipped Seq from 1352 to 1358
Skipped Seq from 1358 to 1364
Skipped Seq from 1364 to 1366
Skipped Seq from 1366 to 1369
Skipped Seq from 1370 to 1374
Skipped Seq from 1374 to 1378
Skipped Seq from 1378 to 1380
Skipped Seq from 1380 to 1383
Skipped Seq from 1384 to 1390
Skipped Seq from 1393 to 1396
Skipped Seq from 1396 to 1399
Skipped Seq from 1399 to 1402
Skipped Seq from 1402 to 1404
Skipped Seq from 1404 to 1424
Skipped Seq from 1424 to 1438
Skipped Seq from 1438 to 1448
Skipped Seq from 1449 to 1452
Skipped Seq from 1452 to 1463
Skipped Seq from 1463 to 1467
Skipped Seq from 1467 to 1472
Skipped Seq from 1475 to 1483
Skipped Seq from 1483 to 1490
Skipped Seq from 1490 to 1497
Skipped Seq from 1497 to 1508
Skipped Seq from 1508 to 1520
Skipped Seq from 1520 to 1527
Skipped Seq from 1527 to 1530
Skipped Seq from 1531 to 1533
Skipped Seq from 1533 to 1537
Skipped Seq from 1540 to 1546
Skipped Seq from 1548 to 1555
Skipped Seq from 1555 to 1557
Skipped Seq from 1558 to 1561
Skipped Seq from 1561 to 1563
Skipped Seq from 1564 to 1570
Skipped Seq from 1571 to 1575
Skipped Seq from 1580 to 1587
Skipped Seq from 1590 to 1592
Skipped Seq from 1592 to 1601
Skipped Seq from 1602 to 1608
Skipped Seq from 1608 to 1621
Skipped Seq from 1624 to 1630
Skipped Seq from 1633 to 1642
Skipped Seq from 1643 to 1647
Skipped Seq from 1647 to 1650
Skipped Seq from 1650 to 1652
Skipped Seq from 1652 to 1654
Skipped Seq from 1654 to 1659
Skipped Seq from 1662 to 1667
Skipped Seq from 1668 to 1671
Skipped Seq from 1671 to 1673
Skipped Seq from 1674 to 1682
Skipped Seq from 1685 to 1694
Skipped Seq from 1698 to 1704
Skipped Seq from 1704 to 1711
Skipped Seq from 1711 to 1721
Skipped Seq from 1721 to 1732
Skipped Seq from 1734 to 1739
Skipped Seq from 1739 to 1741
Skipped Seq from 1743 to 1747
Skipped Seq from 1747 to 1750
Skipped Seq from 1750 to 1752
Skipped Seq from 1758 to 1770
Skipped Seq from 1772 to 1779
Skipped Seq from 1780 to 1789
Skipped Seq from 1789 to 1797
Skipped Seq from 1797 to 1811
Skipped Seq from 1811 to 1814
Skipped Seq from 1814 to 1844
Skipped Seq from 1844 to 1859
Skipped Seq from 1860 to 1874
Skipped Seq from 1874 to 1887
Skipped Seq from 1887 to 1891
Skipped Seq from 1891 to 1903
Skipped Seq from 1903 to 1920
Skipped Seq from 1920 to 1930
Skipped Seq from 1931 to 1951
Skipped Seq from 1951 to 1959
Skipped Seq from 1960 to 1979
Skipped Seq from 1979 to 1999
Skipped Seq from 1999 to 2018
Skipped Seq from 2019 to 2025
Skipped Seq from 2025 to 2049
Skipped Seq from 2050 to 2065
Skipped Seq from 2065 to 2072
Skipped Seq from 2073 to 2083
Skipped Seq from 2084 to 2096
Skipped Seq from 2097 to 2104
Skipped Seq from 2104 to 2111
Skipped Seq from 2111 to 2114
Skipped Seq from 2115 to 2118
Skipped Seq from 2118 to 2121
Skipped Seq from 2121 to 2125
Skipped Seq from 2125 to 2130
Skipped Seq from 2130 to 2135
Skipped Seq from 2136 to 2138
Skipped Seq from 2138 to 2141
Skipped Seq from 2142 to 2171
Skipped Seq from 2171 to 2182
Skipped Seq from 2182 to 2188
Skipped Seq from 2188 to 2197
Skipped Seq from 2197 to 2207
Skipped Seq from 2207 to 2213
Skipped Seq from 2214 to 2218
Skipped Seq from 2218 to 2225
Skipped Seq from 2225 to 2232
Skipped Seq from 2232 to 2239
Skipped Seq from 2239 to 2246
Skipped Seq from 2246 to 2258
Skipped Seq from 2259 to 2263
Skipped Seq from 2264 to 2269
Skipped Seq from 2269 to 2277
Skipped Seq from 2277 to 2282
Skipped Seq from 2283 to 2286
Skipped Seq from 2286 to 2298
Skipped Seq from 2299 to 2305
Skipped Seq from 2305 to 2311
Skipped Seq from 2312 to 2314
Skipped Seq from 2315 to 2317
Skipped Seq from 2317 to 2321
Skipped Seq from 2341 to 2356
Skipped Seq from 2356 to 2358
Skipped Seq from 2368 to 2377
Skipped Seq from 2377 to 2389
Skipped Seq from 2391 to 2399
Skipped Seq from 2399 to 2405
Skipped Seq from 2405 to 2421
Skipped Seq from 2422 to 2428
Skipped Seq from 2428 to 2441
Skipped Seq from 2444 to 2450
Skipped Seq from 2450 to 2461
Skipped Seq from 2461 to 2474
Skipped Seq from 2474 to 2491
Skipped Seq from 2493 to 2499
Skipped Seq from 2499 to 2513
Skipped Seq from 2513 to 2526
Skipped Seq from 2529 to 2543
Skipped Seq from 2546 to 2559
Skipped Seq from 2559 to 2572
Skipped Seq from 2573 to 2577
Skipped Seq from 2578 to 2591
Skipped Seq from 2593 to 2604
Skipped Seq from 2604 to 2606
Skipped Seq from 2607 to 2611
Skipped Seq from 2611 to 2613
Skipped Seq from 2613 to 2617
Skipped Seq from 2618 to 2621
Skipped Seq from 2621 to 2626
Skipped Seq from 2626 to 2635
Skipped Seq from 2635 to 2641
Skipped Seq from 2641 to 2645
Skipped Seq from 2645 to 2647
Skipped Seq from 2647 to 2649
Skipped Seq from 2649 to 2655
Skipped Seq from 2655 to 2668
Skipped Seq from 2669 to 2681
Skipped Seq from 2683 to 2687
Skipped Seq from 2687 to 2692
Skipped Seq from 2693 to 2699
Skipped Seq from 2701 to 2711
Skipped Seq from 2711 to 2714
Skipped Seq from 2714 to 2717
Skipped Seq from 2718 to 2723
Skipped Seq from 2724 to 2726
Skipped Seq from 2726 to 2736
Skipped Seq from 2737 to 2739
Skipped Seq from 2740 to 2743
Skipped Seq from 2743 to 2745
Skipped Seq from 2746 to 2750
Skipped Seq from 2750 to 2758
Skipped Seq from 2758 to 2764
Skipped Seq from 2764 to 2766
Skipped Seq from 2767 to 2769
Skipped Seq from 2769 to 2774
Skipped Seq from 2774 to 2782
Skipped Seq from 2784 to 2794
Skipped Seq from 2794 to 2813
Skipped Seq from 2813 to 2817
Skipped Seq from 2820 to 2826
Skipped Seq from 2827 to 2835
Skipped Seq from 2835 to 2860
Skipped Seq from 2860 to 2862
Skipped Seq from 2862 to 2870
Skipped Seq from 2870 to 2872
Skipped Seq from 2874 to 2893
Skipped Seq from 2893 to 2925
Skipped Seq from 2925 to 2927
Skipped Seq from 2927 to 2942
Skipped Seq from 2942 to 2945
Skipped Seq from 2945 to 2949
Skipped Seq from 2949 to 2951
Skipped Seq from 2951 to 2954
Skipped Seq from 2954 to 2956
Skipped Seq from 2956 to 2971
Skipped Seq from 2972 to 2976
Skipped Seq from 2977 to 2988
Skipped Seq from 2988 to 2990
Skipped Seq from 2991 to 2993
Skipped Seq from 2993 to 2995
Skipped Seq from 2996 to 2999
Skipped Seq from 3000 to 3012
Skipped Seq from 3014 to 3029
Skipped Seq from 3030 to 3034
Skipped Seq from 3034 to 3042
Skipped Seq from 3043 to 3046
Skipped Seq from 3046 to 3055
Skipped Seq from 3055 to 3058
Skipped Seq from 3058 to 3061
Skipped Seq from 3061 to 3069
Skipped Seq from 3069 to 3073
Skipped Seq from 3073 to 3087
Skipped Seq from 3087 to 3099
Skipped Seq from 3099 to 3115
Skipped Seq from 3116 to 3129
Skipped Seq from 3129 to 3133
Skipped Seq from 3133 to 3136
Skipped Seq from 3136 to 3139
Skipped Seq from 3140 to 3150
Skipped Seq from 3150 to 3153
Skipped Seq from 3153 to 3155
Skipped Seq from 3155 to 3169
Skipped Seq from 3169 to 3177
Skipped Seq from 3178 to 3186
Skipped Seq from 3186 to 3189
Skipped Seq from 3189 to 3197
Skipped Seq from 3197 to 3199
Skipped Seq from 3199 to 3207
Skipped Seq from 3207 to 3219
Skipped Seq from 3220 to 3222
Skipped Seq from 3222 to 3226
Skipped Seq from 3226 to 3242
Skipped Seq from 3242 to 3248
Skipped Seq from 3248 to 3255
Skipped Seq from 3255 to 3259
Skipped Seq from 3259 to 3267
Skipped Seq from 3267 to 3276
Skipped Seq from 3276 to 3279
Skipped Seq from 3279 to 3287
Skipped Seq from 3287 to 3297
Skipped Seq from 3297 to 3325
Skipped Seq from 3327 to 3338
Skipped Seq from 3338 to 3341
Skipped Seq from 3341 to 3344
Skipped Seq from 3344 to 3349
Skipped Seq from 3349 to 3351
Skipped Seq from 3351 to 3355
Skipped Seq from 3355 to 3359
Skipped Seq from 3359 to 3370
Skipped Seq from 3370 to 3374
Skipped Seq from 3375 to 3392
Skipped Seq from 3392 to 3400
Skipped Seq from 3402 to 3414
Skipped Seq from 3414 to 3428
Skipped Seq from 3428 to 3436
Skipped Seq from 3436 to 3438
Skipped Seq from 3438 to 3440
Skipped Seq from 3440 to 3444
Skipped Seq from 3444 to 3447
Skipped Seq from 3447 to 3450
Skipped Seq from 3450 to 3455
Skipped Seq from 3456 to 3459
Skipped Seq from 3461 to 3472
Skipped Seq from 3473 to 3487
Skipped Seq from 3487 to 3504
Skipped Seq from 3506 to 3513
Skipped Seq from 3514 to 3525
Skipped Seq from 3525 to 3541
Skipped Seq from 3541 to 3559
Skipped Seq from 3560 to 3570
Skipped Seq from 3570 to 3578
Skipped Seq from 3578 to 3581
Skipped Seq from 3581 to 3589
Skipped Seq from 3592 to 3601
Skipped Seq from 3601 to 3606
Skipped Seq from 3606 to 3618
Skipped Seq from 3618 to 3633
Skipped Seq from 3634 to 3636
Skipped Seq from 3636 to 3641
Skipped Seq from 3641 to 3643
Skipped Seq from 3643 to 3645
Skipped Seq from 3646 to 3656
Skipped Seq from 3656 to 3666
Skipped Seq from 3666 to 3670
Skipped Seq from 3670 to 3674
Skipped Seq from 3674 to 3677
Skipped Seq from 3677 to 3689
Skipped Seq from 3689 to 3694
Skipped Seq from 3695 to 3703
Skipped Seq from 3703 to 3706
Skipped Seq from 3706 to 3711
Skipped Seq from 3711 to 3728
Skipped Seq from 3730 to 3744
Skipped Seq from 3745 to 3755
Skipped Seq from 3755 to 3764
Skipped Seq from 3764 to 3768
Skipped Seq from 3768 to 3771
Skipped Seq from 3771 to 3783
Skipped Seq from 3784 to 3788
Skipped Seq from 3788 to 3792
Skipped Seq from 3794 to 3805
Skipped Seq from 3805 to 3808
Skipped Seq from 3808 to 3821
Skipped Seq from 3822 to 3828
Skipped Seq from 3828 to 3836
Skipped Seq from 3836 to 3848
Skipped Seq from 3848 to 3865
Skipped Seq from 3868 to 3892
Skipped Seq from 3892 to 3898
Skipped Seq from 3900 to 3906
Skipped Seq from 3906 to 3911
Skipped Seq from 3911 to 3913
Skipped Seq from 3914 to 3918
Skipped Seq from 3918 to 3934
Skipped Seq from 3934 to 3950
Skipped Seq from 3954 to 3968
Skipped Seq from 3968 to 3977
Skipped Seq from 3977 to 3982
Skipped Seq from 3982 to 4000
Skipped Seq from 4001 to 4013
Skipped Seq from 4013 to 4036
Skipped Seq from 4036 to 4089
Skipped Seq from 4089 to 4117
Skipped Seq from 4117 to 4122
Skipped Seq from 4122 to 4130
Skipped Seq from 4130 to 4149
Skipped Seq from 4149 to 4165
Skipped Seq from 4165 to 4171
Skipped Seq from 4171 to 4216
Skipped Seq from 4216 to 4222
Skipped Seq from 4223 to 4246
Skipped Seq from 4246 to 4277
Skipped Seq from 4277 to 4280
Skipped Seq from 4281 to 4284
Skipped Seq from 4284 to 4286
Skipped Seq from 4286 to 4289
Skipped Seq from 4290 to 4295
Skipped Seq from 4295 to 4298
Skipped Seq from 4298 to 4303
Skipped Seq from 4305 to 4307
Skipped Seq from 4307 to 4314
Skipped Seq from 4315 to 4319
Skipped Seq from 4319 to 4321
Skipped Seq from 4321 to 4323
Skipped Seq from 4323 to 4329
Skipped Seq from 4331 to 4336
Skipped Seq from 4338 to 4341
Skipped Seq from 4341 to 4346
Skipped Seq from 4346 to 4352
Skipped Seq from 4354 to 4357
Skipped Seq from 4357 to 4366
Skipped Seq from 4366 to 4369
Skipped Seq from 4369 to 4371
Skipped Seq from 4371 to 4374
Skipped Seq from 4374 to 4395
Skipped Seq from 4396 to 4405
Skipped Seq from 4405 to 4415
Skipped Seq from 4415 to 4419
Skipped Seq from 4421 to 4427
Skipped Seq from 4427 to 4433
Skipped Seq from 4433 to 4437
Skipped Seq from 4437 to 4439
Skipped Seq from 4440 to 4455
Skipped Seq from 4455 to 4457
Skipped Seq from 4460 to 4465
Skipped Seq from 4466 to 4470
Skipped Seq from 4471 to 4478
Skipped Seq from 4478 to 4486
Skipped Seq from 4486 to 4497
Skipped Seq from 4497 to 4499
Skipped Seq from 4499 to 4503
Skipped Seq from 4503 to 4517
Skipped Seq from 4518 to 4521
Skipped Seq from 4522 to 4525
Skipped Seq from 4527 to 4534
Skipped Seq from 4534 to 4536
Skipped Seq from 4536 to 4539
Skipped Seq from 4539 to 4545
Skipped Seq from 4546 to 4551
Skipped Seq from 4551 to 4553
Skipped Seq from 4553 to 4560
Skipped Seq from 4560 to 4563
Skipped Seq from 4569 to 4584
Skipped Seq from 4584 to 4595
Skipped Seq from 4596 to 4603
Skipped Seq from 4604 to 4612
Skipped Seq from 4612 to 4614
Skipped Seq from 4614 to 4616
Skipped Seq from 4618 to 4620
Skipped Seq from 4623 to 4625
Skipped Seq from 4631 to 4641
Skipped Seq from 4641 to 4643
Skipped Seq from 4644 to 4659
Skipped Seq from 4660 to 4669
Skipped Seq from 4669 to 4673
Skipped Seq from 4675 to 4686
Skipped Seq from 4686 to 4696
Skipped Seq from 4696 to 4704
Skipped Seq from 4704 to 4720
Skipped Seq from 4722 to 4740
Skipped Seq from 4742 to 4747
Skipped Seq from 4751 to 4756
Skipped Seq from 4758 to 4761
Skipped Seq from 4761 to 4769
Skipped Seq from 4771 to 4783
Skipped Seq from 4784 to 4796
Skipped Seq from 4802 to 4805
Skipped Seq from 4814 to 4824
Skipped Seq from 4831 to 4838
Skipped Seq from 4846 to 4850
Skipped Seq from 4853 to 4868
Skipped Seq from 4868 to 4880
Skipped Seq from 4888 to 4890
Skipped Seq from 4890 to 4899
Skipped Seq from 4899 to 4901
Skipped Seq from 4904 to 4910
Skipped Seq from 4921 to 4925
Skipped Seq from 4925 to 4934
Skipped Seq from 4944 to 4966
Skipped Seq from 4971 to 4994
Skipped Seq from 5004 to 5017
Skipped Seq from 5026 to 5028
Skipped Seq from 5033 to 5037
Skipped Seq from 5039 to 5044
Skipped Seq from 5044 to 5048
Skipped Seq from 5056 to 5059
Skipped Seq from 5060 to 5068
Skipped Seq from 5069 to 5071
Skipped Seq from 5072 to 5076
Skipped Seq from 5083 to 5090
Skipped Seq from 5090 to 5103
Skipped Seq from 5118 to 5126
Skipped Seq from 5129 to 5134
Skipped Seq from 5138 to 5142
Skipped Seq from 5147 to 5149
Skipped Seq from 5156 to 5168
Skipped Seq from 5170 to 5173
Skipped Seq from 5176 to 5189
Skipped Seq from 5189 to 5206
Skipped Seq from 5212 to 5215
Skipped Seq from 5216 to 5229
Skipped Seq from 5230 to 5236
Skipped Seq from 5236 to 5249
Skipped Seq from 5254 to 5274
Skipped Seq from 5275 to 5291
Skipped Seq from 5306 to 5315
Skipped Seq from 5319 to 5324
Skipped Seq from 5324 to 5332
Skipped Seq from 5335 to 5342
Skipped Seq from 5343 to 5353
Skipped Seq from 5353 to 5360
Skipped Seq from 5360 to 5371
Skipped Seq from 5376 to 5378
Skipped Seq from 5385 to 5388
Skipped Seq from 5390 to 5400
Skipped Seq from 5402 to 5415
Skipped Seq from 5415 to 5429
Skipped Seq from 5435 to 5439
Skipped Seq from 5443 to 5455
Skipped Seq from 5456 to 5470
Skipped Seq from 5481 to 5491
Skipped Seq from 5501 to 5530
Skipped Seq from 5531 to 5539
Skipped Seq from 5539 to 5562
Skipped Seq from 5563 to 5572
Skipped Seq from 5573 to 5582
Skipped Seq from 5583 to 5591
Skipped Seq from 5600 to 5602
Skipped Seq from 5602 to 5609
Skipped Seq from 5609 to 5624
Skipped Seq from 5624 to 5634
Skipped Seq from 5637 to 5648
Skipped Seq from 5648 to 5651
Skipped Seq from 5651 to 5665
Skipped Seq from 5665 to 5676
Skipped Seq from 5692 to 5694
Skipped Seq from 5700 to 5703
Skipped Seq from 5703 to 5720
Skipped Seq from 5748 to 5751
Skipped Seq from 5819 to 5823
Skipped Seq from 5823 to 5825
Skipped Seq from 6052 to 6059
Skipped Seq from 6059 to 6064
Skipped Seq from 6064 to 6077
Skipped Seq from 6246 to 6271
Skipped Seq from 6272 to 6311
Skipped Seq from 6354 to 6399
Skipped Seq from 6493 to 6497
Number of times throttled: 7
Received: 9146 / 13521 packets
Start time: 1332845837.573563
End time: 1332845865.407091
Duration: 27.833528
