Starting client at 10.0.0.15:1244 with timeout:10
My IP address is 10.0.0.15Skipped Seq from 821 to 824
Skipped Seq from 824 to 841
Skipped Seq from 845 to 848
Skipped Seq from 848 to 853
Skipped Seq from 853 to 860
Skipped Seq from 860 to 862
Skipped Seq from 862 to 865
Skipped Seq from 871 to 873
Skipped Seq from 890 to 893
Skipped Seq from 894 to 900
Skipped Seq from 900 to 902
Skipped Seq from 903 to 908
Skipped Seq from 922 to 930
Skipped Seq from 930 to 939
Skipped Seq from 939 to 952
Skipped Seq from 952 to 956
Skipped Seq from 956 to 968
Skipped Seq from 968 to 973
Skipped Seq from 975 to 979
Skipped Seq from 979 to 981
Skipped Seq from 983 to 986
Skipped Seq from 986 to 989
Skipped Seq from 989 to 991
Skipped Seq from 991 to 993
Skipped Seq from 998 to 1000
Skipped Seq from 1003 to 1008
Skipped Seq from 1010 to 1014
Skipped Seq from 1014 to 1016
Skipped Seq from 1016 to 1018
Skipped Seq from 1019 to 1032
Skipped Seq from 1032 to 1034
Skipped Seq from 1034 to 1043
Skipped Seq from 1043 to 1052
Skipped Seq from 1052 to 1056
Skipped Seq from 1056 to 1063
Skipped Seq from 1063 to 1066
Skipped Seq from 1066 to 1068
Skipped Seq from 1073 to 1079
Skipped Seq from 1114 to 1116
Skipped Seq from 1118 to 1122
Skipped Seq from 1122 to 1124
Skipped Seq from 1124 to 1126
Skipped Seq from 1126 to 1128
Skipped Seq from 1129 to 1132
Skipped Seq from 1132 to 1136
Skipped Seq from 1139 to 1144
Skipped Seq from 1145 to 1148
Skipped Seq from 1148 to 1150
Skipped Seq from 1151 to 1155
Skipped Seq from 1155 to 1157
Skipped Seq from 1157 to 1160
Skipped Seq from 1161 to 1165
Skipped Seq from 1167 to 1180
Skipped Seq from 1180 to 1184
Skipped Seq from 1184 to 1192
Skipped Seq from 1192 to 1198
Skipped Seq from 1203 to 1207
Skipped Seq from 1224 to 1227
Skipped Seq from 1227 to 1231
Skipped Seq from 1231 to 1234
Skipped Seq from 1236 to 1243
Skipped Seq from 1243 to 1248
Skipped Seq from 1249 to 1251
Skipped Seq from 1251 to 1256
Skipped Seq from 1256 to 1259
Skipped Seq from 1259 to 1263
Skipped Seq from 1263 to 1265
Skipped Seq from 1266 to 1268
Skipped Seq from 1268 to 1271
Skipped Seq from 1271 to 1273
Skipped Seq from 1275 to 1281
Skipped Seq from 1281 to 1296
Skipped Seq from 1296 to 1298
Skipped Seq from 1302 to 1309
Skipped Seq from 1311 to 1325
Skipped Seq from 1325 to 1330
Skipped Seq from 1330 to 1332
Skipped Seq from 1332 to 1334
Skipped Seq from 1334 to 1340
Skipped Seq from 1343 to 1345
Skipped Seq from 1347 to 1349
Skipped Seq from 1349 to 1367
Skipped Seq from 1367 to 1378
Skipped Seq from 1379 to 1390
Skipped Seq from 1390 to 1394
Skipped Seq from 1394 to 1403
Skipped Seq from 1403 to 1409
Skipped Seq from 1409 to 1413
Skipped Seq from 1413 to 1415
Skipped Seq from 1415 to 1417
Skipped Seq from 1417 to 1421
Skipped Seq from 1421 to 1428
Skipped Seq from 1428 to 1430
Skipped Seq from 1430 to 1434
Skipped Seq from 1434 to 1437
Skipped Seq from 1437 to 1442
Skipped Seq from 1442 to 1446
Skipped Seq from 1450 to 1456
Skipped Seq from 1460 to 1462
Skipped Seq from 1473 to 1475
Skipped Seq from 1476 to 1480
Skipped Seq from 1480 to 1482
Skipped Seq from 1482 to 1484
Skipped Seq from 1487 to 1493
Skipped Seq from 1493 to 1496
Skipped Seq from 1496 to 1499
Skipped Seq from 1500 to 1504
Skipped Seq from 1504 to 1508
Skipped Seq from 1509 to 1513
Skipped Seq from 1513 to 1517
Skipped Seq from 1517 to 1532
Skipped Seq from 1532 to 1534
Skipped Seq from 1534 to 1536
Skipped Seq from 1536 to 1543
Skipped Seq from 1543 to 1546
Skipped Seq from 1546 to 1548
Skipped Seq from 1548 to 1551
Skipped Seq from 1555 to 1565
Skipped Seq from 1565 to 1569
Skipped Seq from 1570 to 1572
Skipped Seq from 1579 to 1584
Skipped Seq from 1584 to 1588
Skipped Seq from 1589 to 1591
Skipped Seq from 1591 to 1593
Skipped Seq from 1593 to 1596
Skipped Seq from 1598 to 1602
Skipped Seq from 1602 to 1607
Skipped Seq from 1608 to 1613
Skipped Seq from 1613 to 1616
Skipped Seq from 1616 to 1621
Skipped Seq from 1622 to 1624
Skipped Seq from 1646 to 1652
Skipped Seq from 1652 to 1671
Skipped Seq from 1671 to 1673
Skipped Seq from 1673 to 1676
Skipped Seq from 1676 to 1679
Skipped Seq from 1679 to 1687
Skipped Seq from 1687 to 1689
Skipped Seq from 1689 to 1693
Skipped Seq from 1693 to 1695
Skipped Seq from 1695 to 1697
Skipped Seq from 1710 to 1713
Skipped Seq from 1714 to 1717
Skipped Seq from 1718 to 1724
Skipped Seq from 1724 to 1726
Skipped Seq from 1726 to 1740
Skipped Seq from 1740 to 1746
Skipped Seq from 1746 to 1749
Skipped Seq from 1749 to 1753
Skipped Seq from 1753 to 1755
Skipped Seq from 1755 to 1757
Skipped Seq from 1757 to 1759
Skipped Seq from 1759 to 1765
Skipped Seq from 1765 to 1767
Skipped Seq from 1773 to 1778
Skipped Seq from 1778 to 1788
Skipped Seq from 1791 to 1795
Skipped Seq from 1801 to 1807
Skipped Seq from 1810 to 1812
Skipped Seq from 1812 to 1819
Skipped Seq from 1832 to 1836
Skipped Seq from 1837 to 1839
Skipped Seq from 1839 to 1844
Skipped Seq from 1844 to 1846
Skipped Seq from 1846 to 1848
Skipped Seq from 1848 to 1850
Skipped Seq from 1850 to 1852
Skipped Seq from 1852 to 1855
Skipped Seq from 1866 to 1872
Skipped Seq from 1872 to 1879
Skipped Seq from 1881 to 1889
Skipped Seq from 1889 to 1893
Skipped Seq from 1893 to 1898
Skipped Seq from 1898 to 1902
Skipped Seq from 1902 to 1916
Skipped Seq from 1916 to 1920
Skipped Seq from 1921 to 1923
Skipped Seq from 1929 to 1933
Skipped Seq from 1933 to 1945
Skipped Seq from 1947 to 1954
Skipped Seq from 1954 to 1956
Skipped Seq from 1956 to 1967
Skipped Seq from 1973 to 1978
Skipped Seq from 1978 to 1981
Skipped Seq from 1981 to 1991
Skipped Seq from 1991 to 1993
Skipped Seq from 1998 to 2004
Skipped Seq from 2004 to 2009
Skipped Seq from 2011 to 2015
Skipped Seq from 2015 to 2018
Skipped Seq from 2019 to 2021
Skipped Seq from 2029 to 2036
Skipped Seq from 2036 to 2040
Skipped Seq from 2042 to 2046
Skipped Seq from 2048 to 2052
Skipped Seq from 2053 to 2055
Skipped Seq from 2055 to 2060
Skipped Seq from 2062 to 2065
Skipped Seq from 2065 to 2068
Skipped Seq from 2071 to 2073
Skipped Seq from 2081 to 2086
Skipped Seq from 2086 to 2092
Skipped Seq from 2092 to 2097
Skipped Seq from 2098 to 2102
Skipped Seq from 2102 to 2107
Skipped Seq from 2107 to 2131
Skipped Seq from 2132 to 2135
Skipped Seq from 2138 to 2141
Skipped Seq from 2141 to 2153
Skipped Seq from 2153 to 2170
Skipped Seq from 2170 to 2173
Skipped Seq from 2175 to 2178
Skipped Seq from 2178 to 2180
Skipped Seq from 2186 to 2192
Skipped Seq from 2195 to 2201
Skipped Seq from 2205 to 2207
Skipped Seq from 2208 to 2210
Skipped Seq from 2223 to 2227
Skipped Seq from 2229 to 2243
Skipped Seq from 2249 to 2251
Skipped Seq from 2259 to 2264
Skipped Seq from 2264 to 2270
Skipped Seq from 2270 to 2272
Skipped Seq from 2275 to 2277
Skipped Seq from 2277 to 2279
Skipped Seq from 2282 to 2285
Skipped Seq from 2288 to 2290
Skipped Seq from 2292 to 2296
Skipped Seq from 2297 to 2300
Skipped Seq from 2302 to 2305
Skipped Seq from 2305 to 2307
Skipped Seq from 2308 to 2310
Skipped Seq from 2311 to 2313
Skipped Seq from 2314 to 2317
Skipped Seq from 2319 to 2325
Skipped Seq from 2325 to 2328
Skipped Seq from 2330 to 2334
Skipped Seq from 2335 to 2338
Skipped Seq from 2339 to 2342
Skipped Seq from 2349 to 2352
Skipped Seq from 2352 to 2362
Skipped Seq from 2362 to 2366
Skipped Seq from 2366 to 2368
Skipped Seq from 2368 to 2378
Skipped Seq from 2379 to 2381
Skipped Seq from 2381 to 2396
Skipped Seq from 2397 to 2407
Skipped Seq from 2407 to 2409
Skipped Seq from 2409 to 2411
Skipped Seq from 2411 to 2415
Skipped Seq from 2421 to 2430
Skipped Seq from 2430 to 2444
Skipped Seq from 2447 to 2458
Skipped Seq from 2467 to 2471
Skipped Seq from 2472 to 2475
Skipped Seq from 2475 to 2479
Skipped Seq from 2479 to 2481
Skipped Seq from 2482 to 2485
Skipped Seq from 2491 to 2502
Skipped Seq from 2503 to 2510
Skipped Seq from 2510 to 2515
Skipped Seq from 2521 to 2526
Skipped Seq from 2530 to 2534
Skipped Seq from 2534 to 2538
Skipped Seq from 2538 to 2551
Skipped Seq from 2553 to 2555
Skipped Seq from 2556 to 2561
Skipped Seq from 2561 to 2564
Skipped Seq from 2566 to 2569
Skipped Seq from 2569 to 2577
Skipped Seq from 2590 to 2592
Skipped Seq from 2597 to 2600
Skipped Seq from 2605 to 2607
Skipped Seq from 2608 to 2611
Skipped Seq from 2611 to 2613
Skipped Seq from 2615 to 2617
Skipped Seq from 2617 to 2620
Skipped Seq from 2622 to 2630
Skipped Seq from 2634 to 2637
Skipped Seq from 2645 to 2652
Skipped Seq from 2653 to 2659
Skipped Seq from 2662 to 2664
Skipped Seq from 2664 to 2666
Skipped Seq from 2671 to 2677
Skipped Seq from 2677 to 2682
Skipped Seq from 2682 to 2689
Skipped Seq from 2689 to 2692
Skipped Seq from 2695 to 2700
Skipped Seq from 2700 to 2703
Skipped Seq from 2703 to 2705
Skipped Seq from 2706 to 2711
Skipped Seq from 2711 to 2716
Skipped Seq from 2716 to 2718
Skipped Seq from 2718 to 2721
Skipped Seq from 2721 to 2726
Skipped Seq from 2726 to 2731
Skipped Seq from 2731 to 2734
Skipped Seq from 2734 to 2740
Skipped Seq from 2751 to 2758
Skipped Seq from 2758 to 2769
Skipped Seq from 2770 to 2773
Skipped Seq from 2774 to 2780
Skipped Seq from 2787 to 2793
Skipped Seq from 2793 to 2805
Skipped Seq from 2807 to 2810
Skipped Seq from 2818 to 2823
Skipped Seq from 2824 to 2829
Skipped Seq from 2829 to 2833
Skipped Seq from 2838 to 2841
Skipped Seq from 2842 to 2844
Skipped Seq from 2844 to 2856
Skipped Seq from 2860 to 2867
Skipped Seq from 2868 to 2872
Skipped Seq from 2872 to 2875
Skipped Seq from 2876 to 2879
Skipped Seq from 2883 to 2885
Skipped Seq from 2885 to 2889
Skipped Seq from 2889 to 2892
Skipped Seq from 2892 to 2894
Skipped Seq from 2894 to 2897
Skipped Seq from 2897 to 2902
Skipped Seq from 2903 to 2909
Skipped Seq from 2916 to 2920
Skipped Seq from 2920 to 2925
Skipped Seq from 2925 to 2935
Skipped Seq from 2945 to 2960
Skipped Seq from 2960 to 2963
Skipped Seq from 2963 to 2967
Skipped Seq from 2968 to 2971
Skipped Seq from 2971 to 2973
Skipped Seq from 2973 to 2975
Skipped Seq from 2977 to 2983
Skipped Seq from 2990 to 3001
Skipped Seq from 3024 to 3030
Skipped Seq from 3030 to 3036
Skipped Seq from 3042 to 3069
Skipped Seq from 3071 to 3076
Skipped Seq from 3080 to 3083
Skipped Seq from 3086 to 3088
Skipped Seq from 3088 to 3090
Skipped Seq from 3092 to 3096
Skipped Seq from 3096 to 3099
Skipped Seq from 3099 to 3102
Skipped Seq from 3103 to 3112
Skipped Seq from 3112 to 3114
Skipped Seq from 3117 to 3121
Skipped Seq from 3128 to 3133
Skipped Seq from 3134 to 3140
Skipped Seq from 3142 to 3157
Skipped Seq from 3158 to 3161
Skipped Seq from 3173 to 3180
Skipped Seq from 3181 to 3192
Skipped Seq from 3192 to 3196
Skipped Seq from 3202 to 3204
Skipped Seq from 3204 to 3213
Skipped Seq from 3215 to 3221
Skipped Seq from 3222 to 3224
Skipped Seq from 3228 to 3230
Skipped Seq from 3233 to 3240
Skipped Seq from 3240 to 3243
Skipped Seq from 3243 to 3250
Skipped Seq from 3256 to 3262
Skipped Seq from 3269 to 3281
Skipped Seq from 3281 to 3290
Skipped Seq from 3291 to 3297
Skipped Seq from 3297 to 3300
Skipped Seq from 3305 to 3311
Skipped Seq from 3317 to 3332
Skipped Seq from 3332 to 3341
Skipped Seq from 3341 to 3363
Skipped Seq from 3363 to 3365
Skipped Seq from 3367 to 3369
Skipped Seq from 3369 to 3376
Skipped Seq from 3387 to 3389
Skipped Seq from 3393 to 3398
Skipped Seq from 3399 to 3410
Skipped Seq from 3410 to 3413
Skipped Seq from 3424 to 3444
Skipped Seq from 3455 to 3471
Skipped Seq from 3483 to 3486
Skipped Seq from 3487 to 3497
Skipped Seq from 3497 to 3519
Skipped Seq from 3527 to 3537
Skipped Seq from 3548 to 3574
Skipped Seq from 3574 to 3579
Skipped Seq from 3609 to 3612
Skipped Seq from 3624 to 3630
Skipped Seq from 3644 to 3673
Skipped Seq from 3687 to 3711
Skipped Seq from 3711 to 3722
Skipped Seq from 3739 to 3741
Skipped Seq from 3755 to 3757
Skipped Seq from 3769 to 3776
Skipped Seq from 3955 to 3980
Skipped Seq from 4023 to 4035
Skipped Seq from 4079 to 4117
Skipped Seq from 4197 to 4228
Skipped Seq from 4245 to 4254
Skipped Seq from 4256 to 4261
Skipped Seq from 4263 to 4316
Skipped Seq from 4394 to 4502
Skipped Seq from 6188 to 6201
Skipped Seq from 6201 to 6213
Skipped Seq from 6213 to 6218
Skipped Seq from 6218 to 6257
Skipped Seq from 6266 to 6271
Skipped Seq from 6271 to 6288
Skipped Seq from 6380 to 6401
Skipped Seq from 6441 to 6461
Skipped Seq from 6461 to 6503
Skipped Seq from 6513 to 6523
Skipped Seq from 6523 to 6544
Skipped Seq from 6587 to 6634
Skipped Seq from 6668 to 6681
Skipped Seq from 6681 to 6713
Skipped Seq from 6713 to 6723
Skipped Seq from 6936 to 6972
Skipped Seq from 6972 to 6985
Skipped Seq from 7070 to 7095
Skipped Seq from 7095 to 7126
Skipped Seq from 7135 to 7146
Skipped Seq from 7146 to 7150
Skipped Seq from 7150 to 7162
Skipped Seq from 7162 to 7171
Skipped Seq from 7178 to 7180
Skipped Seq from 7180 to 7185
Skipped Seq from 7185 to 7189
Skipped Seq from 7189 to 7194
Skipped Seq from 7199 to 7201
Skipped Seq from 7201 to 7205
Skipped Seq from 7214 to 7262
Skipped Seq from 7281 to 7284
Skipped Seq from 7290 to 7306
Skipped Seq from 7306 to 7360
Skipped Seq from 7360 to 7363
Skipped Seq from 7375 to 7415
Skipped Seq from 7484 to 7496
Skipped Seq from 7631 to 7638
Skipped Seq from 7708 to 7764
Skipped Seq from 7778 to 7807
Skipped Seq from 7807 to 7845
Skipped Seq from 7845 to 7857
Skipped Seq from 7864 to 7913
Skipped Seq from 7919 to 7935
Skipped Seq from 7935 to 7981
Skipped Seq from 7981 to 8006
Skipped Seq from 8010 to 8012
Skipped Seq from 8012 to 8037
Skipped Seq from 8037 to 8083
Skipped Seq from 8110 to 8137
Skipped Seq from 8137 to 8148
Skipped Seq from 8150 to 8183
Skipped Seq from 8184 to 8222
Skipped Seq from 8222 to 8224
Skipped Seq from 8227 to 8232
Skipped Seq from 8273 to 8311
Skipped Seq from 8311 to 8321
Skipped Seq from 8323 to 8348
Skipped Seq from 8348 to 8366
Skipped Seq from 8379 to 8385
Skipped Seq from 8471 to 8490
Skipped Seq from 8506 to 8513
Skipped Seq from 8513 to 8530
Skipped Seq from 8538 to 8555
Skipped Seq from 8565 to 8568
Skipped Seq from 8568 to 8609
Skipped Seq from 8718 to 8722
Skipped Seq from 8722 to 8762
Skipped Seq from 8771 to 8783
Skipped Seq from 8783 to 8786
Skipped Seq from 8799 to 8830
Skipped Seq from 8830 to 8863
Skipped Seq from 8880 to 8883
Skipped Seq from 8884 to 8887
Skipped Seq from 8950 to 8959
Skipped Seq from 8959 to 8981
Skipped Seq from 9298 to 9327
Skipped Seq from 9327 to 9332
Skipped Seq from 9365 to 9426
Number of times throttled: 10
Received: 13437 / 16895 packets
Start time: 1332845504.874299
End time: 1332845539.466208
Duration: 34.591909
