Starting client at 10.0.0.18:1248 with timeout:10
My IP address is 10.0.0.18Skipped Seq from 574 to 586
Skipped Seq from 586 to 606
Skipped Seq from 606 to 612
Skipped Seq from 716 to 723
Skipped Seq from 741 to 752
Skipped Seq from 753 to 766
Skipped Seq from 766 to 781
Skipped Seq from 781 to 783
Skipped Seq from 783 to 785
Skipped Seq from 785 to 787
Skipped Seq from 787 to 789
Skipped Seq from 789 to 791
Skipped Seq from 791 to 793
Skipped Seq from 793 to 795
Skipped Seq from 795 to 797
Skipped Seq from 797 to 799
Skipped Seq from 799 to 802
Skipped Seq from 910 to 922
Skipped Seq from 922 to 942
Skipped Seq from 942 to 960
Skipped Seq from 960 to 980
Skipped Seq from 980 to 990
Skipped Seq from 1028 to 1044
Skipped Seq from 1044 to 1057
Skipped Seq from 1059 to 1073
Skipped Seq from 1073 to 1091
Skipped Seq from 1091 to 1109
Skipped Seq from 1109 to 1130
Skipped Seq from 1130 to 1148
Skipped Seq from 1148 to 1159
Skipped Seq from 1207 to 1213
Skipped Seq from 1213 to 1232
Skipped Seq from 1232 to 1239
Skipped Seq from 1360 to 1366
Skipped Seq from 1366 to 1385
Skipped Seq from 1385 to 1399
Skipped Seq from 1399 to 1417
Skipped Seq from 1417 to 1435
Skipped Seq from 1461 to 1479
Skipped Seq from 1479 to 1499
Skipped Seq from 1499 to 1518
Skipped Seq from 1539 to 1543
Skipped Seq from 1546 to 1559
Skipped Seq from 1559 to 1578
Skipped Seq from 1578 to 1593
Skipped Seq from 1600 to 1608
Skipped Seq from 1666 to 1691
Skipped Seq from 1709 to 1725
Skipped Seq from 1725 to 1746
Skipped Seq from 1746 to 1765
Skipped Seq from 1765 to 1772
Skipped Seq from 1785 to 1790
Skipped Seq from 1790 to 1806
Skipped Seq from 1811 to 1828
Skipped Seq from 1828 to 1845
Skipped Seq from 1946 to 1949
Skipped Seq from 1949 to 1969
Skipped Seq from 1969 to 1985
Skipped Seq from 1985 to 1998
Skipped Seq from 1998 to 2018
Skipped Seq from 2018 to 2021
Skipped Seq from 2022 to 2033
Skipped Seq from 2033 to 2042
Skipped Seq from 2043 to 2054
Skipped Seq from 2054 to 2083
Skipped Seq from 2083 to 2105
Skipped Seq from 2108 to 2119
Skipped Seq from 2119 to 2155
Skipped Seq from 2155 to 2173
Skipped Seq from 2173 to 2186
Skipped Seq from 2189 to 2204
Skipped Seq from 2204 to 2234
Skipped Seq from 2234 to 2267
Skipped Seq from 2267 to 2270
Skipped Seq from 2281 to 2289
Skipped Seq from 2289 to 2309
Skipped Seq from 2310 to 2327
Skipped Seq from 2327 to 2374
Skipped Seq from 2374 to 2389
Skipped Seq from 2392 to 2417
Skipped Seq from 2417 to 2445
Skipped Seq from 2447 to 2477
Skipped Seq from 2477 to 2493
Skipped Seq from 2493 to 2506
Skipped Seq from 2506 to 2532
Skipped Seq from 2532 to 2557
Skipped Seq from 2569 to 2571
Skipped Seq from 2571 to 2577
Skipped Seq from 2603 to 2624
Skipped Seq from 2624 to 2635
Skipped Seq from 2640 to 2643
Skipped Seq from 2643 to 2645
Skipped Seq from 2645 to 2648
Skipped Seq from 2648 to 2650
Skipped Seq from 2650 to 2652
Skipped Seq from 2655 to 2658
Skipped Seq from 2658 to 2661
Skipped Seq from 2661 to 2663
Skipped Seq from 2663 to 2665
Skipped Seq from 2666 to 2668
Skipped Seq from 2668 to 2672
Skipped Seq from 2672 to 2675
Skipped Seq from 2689 to 2718
Skipped Seq from 2718 to 2729
Skipped Seq from 2729 to 2755
Skipped Seq from 2755 to 2790
Skipped Seq from 2790 to 2825
Skipped Seq from 2825 to 2844
Skipped Seq from 2870 to 2882
Skipped Seq from 2882 to 2922
Skipped Seq from 2922 to 2964
Skipped Seq from 2964 to 2996
Skipped Seq from 2996 to 3023
Skipped Seq from 3023 to 3048
Number of times throttled: 3
Received: 21790 / 23346 packets
Start time: 1332845142.171514
End time: 1332845185.266775
Duration: 43.095261
