Starting client at 10.0.0.14:1289 with timeout:10
My IP address is 10.0.0.14Skipped Seq from 232 to 234
Skipped Seq from 234 to 255
Skipped Seq from 255 to 270
Skipped Seq from 270 to 272
Skipped Seq from 272 to 291
Skipped Seq from 291 to 300
Skipped Seq from 348 to 353
Skipped Seq from 353 to 369
Skipped Seq from 369 to 378
Skipped Seq from 378 to 394
Skipped Seq from 394 to 407
Skipped Seq from 407 to 411
Skipped Seq from 411 to 417
Skipped Seq from 417 to 419
Skipped Seq from 419 to 423
Skipped Seq from 481 to 493
Skipped Seq from 493 to 522
Skipped Seq from 522 to 534
Skipped Seq from 536 to 538
Skipped Seq from 538 to 542
Skipped Seq from 542 to 546
Skipped Seq from 546 to 548
Skipped Seq from 548 to 558
Skipped Seq from 560 to 565
Skipped Seq from 571 to 576
Skipped Seq from 576 to 579
Skipped Seq from 584 to 588
Skipped Seq from 588 to 591
Skipped Seq from 593 to 603
Skipped Seq from 603 to 607
Skipped Seq from 609 to 614
Skipped Seq from 614 to 616
Skipped Seq from 628 to 630
Skipped Seq from 632 to 634
Skipped Seq from 634 to 636
Skipped Seq from 636 to 641
Skipped Seq from 644 to 648
Skipped Seq from 691 to 701
Skipped Seq from 701 to 728
Skipped Seq from 728 to 732
Skipped Seq from 733 to 740
Skipped Seq from 740 to 742
Skipped Seq from 742 to 745
Skipped Seq from 748 to 774
Skipped Seq from 780 to 787
Skipped Seq from 787 to 795
Skipped Seq from 799 to 808
Skipped Seq from 808 to 824
Skipped Seq from 824 to 839
Skipped Seq from 839 to 864
Skipped Seq from 864 to 868
Skipped Seq from 869 to 874
Skipped Seq from 874 to 885
Skipped Seq from 886 to 889
Skipped Seq from 889 to 891
Skipped Seq from 891 to 896
Skipped Seq from 921 to 930
Skipped Seq from 930 to 940
Skipped Seq from 940 to 954
Skipped Seq from 955 to 958
Skipped Seq from 965 to 968
Skipped Seq from 968 to 979
Skipped Seq from 980 to 1008
Skipped Seq from 1019 to 1024
Skipped Seq from 1025 to 1027
Skipped Seq from 1044 to 1054
Skipped Seq from 1055 to 1071
Skipped Seq from 1071 to 1086
Skipped Seq from 1087 to 1089
Skipped Seq from 1097 to 1110
Skipped Seq from 1114 to 1121
Skipped Seq from 1124 to 1129
Skipped Seq from 1129 to 1135
Skipped Seq from 1135 to 1139
Skipped Seq from 1140 to 1146
Skipped Seq from 1148 to 1157
Skipped Seq from 1157 to 1219
Skipped Seq from 1219 to 1226
Skipped Seq from 1229 to 1238
Skipped Seq from 1238 to 1245
Skipped Seq from 1247 to 1249
Skipped Seq from 1266 to 1269
Skipped Seq from 1269 to 1286
Skipped Seq from 1286 to 1300
Skipped Seq from 1300 to 1314
Skipped Seq from 1314 to 1327
Skipped Seq from 1347 to 1375
Skipped Seq from 1376 to 1380
Skipped Seq from 1380 to 1390
Skipped Seq from 1397 to 1412
Skipped Seq from 1413 to 1416
Skipped Seq from 1417 to 1419
Skipped Seq from 1421 to 1423
Skipped Seq from 1423 to 1427
Skipped Seq from 1437 to 1440
Skipped Seq from 1441 to 1443
Skipped Seq from 1443 to 1445
Skipped Seq from 1446 to 1452
Skipped Seq from 1454 to 1457
Skipped Seq from 1457 to 1460
Skipped Seq from 1460 to 1462
Skipped Seq from 1462 to 1464
Skipped Seq from 1464 to 1466
Skipped Seq from 1504 to 1513
Skipped Seq from 1513 to 1530
Skipped Seq from 1530 to 1536
Skipped Seq from 1555 to 1558
Skipped Seq from 1568 to 1574
Skipped Seq from 1618 to 1624
Skipped Seq from 1658 to 1667
Skipped Seq from 1685 to 1717
Skipped Seq from 1720 to 1730
Skipped Seq from 1780 to 1790
Skipped Seq from 1790 to 1793
Skipped Seq from 1796 to 1801
Skipped Seq from 1801 to 1805
Skipped Seq from 1807 to 1823
Skipped Seq from 1824 to 1843
Skipped Seq from 1848 to 1850
Skipped Seq from 1850 to 1853
Skipped Seq from 1853 to 1856
Skipped Seq from 1856 to 1859
Skipped Seq from 1859 to 1863
Skipped Seq from 1863 to 1867
Skipped Seq from 1867 to 1874
Skipped Seq from 1876 to 1895
Skipped Seq from 1895 to 1910
Skipped Seq from 1910 to 1926
Skipped Seq from 1926 to 1939
Skipped Seq from 1939 to 1941
Skipped Seq from 1955 to 1960
Skipped Seq from 1970 to 1997
Skipped Seq from 1997 to 2002
Skipped Seq from 2012 to 2014
Skipped Seq from 2015 to 2044
Skipped Seq from 2044 to 2048
Skipped Seq from 2061 to 2088
Skipped Seq from 2088 to 2090
Skipped Seq from 2092 to 2101
Skipped Seq from 2101 to 2118
Skipped Seq from 2140 to 2148
Skipped Seq from 2149 to 2152
Skipped Seq from 2152 to 2160
Skipped Seq from 2160 to 2163
Skipped Seq from 2163 to 2168
Skipped Seq from 2169 to 2181
Skipped Seq from 2181 to 2187
Skipped Seq from 2187 to 2189
Skipped Seq from 2190 to 2197
Skipped Seq from 2198 to 2200
Skipped Seq from 2201 to 2206
Skipped Seq from 2206 to 2210
Skipped Seq from 2213 to 2219
Skipped Seq from 2221 to 2249
Skipped Seq from 2250 to 2279
Skipped Seq from 2291 to 2294
Skipped Seq from 2294 to 2306
Skipped Seq from 2306 to 2308
Skipped Seq from 2308 to 2321
Skipped Seq from 2321 to 2328
Skipped Seq from 2328 to 2360
Skipped Seq from 2360 to 2372
Skipped Seq from 2372 to 2388
Skipped Seq from 2388 to 2397
Skipped Seq from 2427 to 2443
Skipped Seq from 2443 to 2449
Skipped Seq from 2449 to 2453
Skipped Seq from 2453 to 2456
Skipped Seq from 2456 to 2458
Skipped Seq from 2463 to 2465
Skipped Seq from 2465 to 2469
Skipped Seq from 2471 to 2477
Skipped Seq from 2477 to 2480
Skipped Seq from 2480 to 2483
Skipped Seq from 2483 to 2487
Skipped Seq from 2487 to 2525
Skipped Seq from 2525 to 2535
Skipped Seq from 2535 to 2544
Skipped Seq from 2544 to 2570
Skipped Seq from 2595 to 2611
Skipped Seq from 2611 to 2621
Skipped Seq from 2622 to 2625
Skipped Seq from 2641 to 2655
Skipped Seq from 2655 to 2679
Skipped Seq from 2681 to 2695
Skipped Seq from 2695 to 2707
Skipped Seq from 2719 to 2722
Skipped Seq from 2725 to 2734
Skipped Seq from 2736 to 2743
Skipped Seq from 2743 to 2748
Skipped Seq from 2751 to 2761
Skipped Seq from 2761 to 2767
Skipped Seq from 2769 to 2774
Skipped Seq from 2774 to 2783
Skipped Seq from 2783 to 2800
Skipped Seq from 2809 to 2838
Skipped Seq from 2839 to 2841
Skipped Seq from 2842 to 2854
Skipped Seq from 2854 to 2859
Skipped Seq from 2871 to 2882
Skipped Seq from 2896 to 2917
Skipped Seq from 2917 to 2930
Skipped Seq from 2930 to 2940
Skipped Seq from 2940 to 2947
Skipped Seq from 2964 to 2970
Skipped Seq from 2970 to 2978
Skipped Seq from 2978 to 2983
Skipped Seq from 2987 to 3004
Skipped Seq from 3010 to 3017
Skipped Seq from 3018 to 3026
Skipped Seq from 3050 to 3070
Skipped Seq from 3074 to 3079
Skipped Seq from 3080 to 3084
Skipped Seq from 3107 to 3124
Skipped Seq from 3124 to 3137
Skipped Seq from 3140 to 3148
Skipped Seq from 3157 to 3171
Skipped Seq from 3171 to 3175
Skipped Seq from 3175 to 3182
Skipped Seq from 3182 to 3188
Skipped Seq from 3188 to 3196
Skipped Seq from 3201 to 3204
Skipped Seq from 3204 to 3213
Skipped Seq from 3222 to 3230
Skipped Seq from 3230 to 3246
Skipped Seq from 3298 to 3309
Skipped Seq from 3309 to 3313
Skipped Seq from 3313 to 3330
Skipped Seq from 3340 to 3345
Skipped Seq from 3345 to 3349
Skipped Seq from 3349 to 3354
Skipped Seq from 3354 to 3358
Skipped Seq from 3358 to 3361
Skipped Seq from 3361 to 3364
Skipped Seq from 3393 to 3396
Skipped Seq from 3396 to 3435
Skipped Seq from 3435 to 3473
Skipped Seq from 3505 to 3513
Skipped Seq from 3513 to 3518
Skipped Seq from 3519 to 3538
Skipped Seq from 3538 to 3561
Skipped Seq from 3561 to 3583
Skipped Seq from 3583 to 3599
Skipped Seq from 3599 to 3603
Skipped Seq from 11759 to 11804
Skipped Seq from 11804 to 11812
Skipped Seq from 11830 to 11839
Skipped Seq from 11839 to 11849
Skipped Seq from 11849 to 11852
Skipped Seq from 11852 to 11855
Skipped Seq from 11856 to 11860
Skipped Seq from 11860 to 11869
Skipped Seq from 11870 to 11873
Skipped Seq from 11873 to 11875
Skipped Seq from 11876 to 11885
Skipped Seq from 11885 to 11888
Skipped Seq from 11888 to 11892
Skipped Seq from 11892 to 11919
Skipped Seq from 11925 to 11927
Skipped Seq from 11927 to 11931
Skipped Seq from 11938 to 11957
Skipped Seq from 11959 to 11962
Skipped Seq from 11975 to 11990
Skipped Seq from 12004 to 12029
Skipped Seq from 12029 to 12032
Skipped Seq from 12038 to 12041
Skipped Seq from 12041 to 12063
Skipped Seq from 12068 to 12080
Skipped Seq from 12080 to 12084
Skipped Seq from 12091 to 12095
Skipped Seq from 12095 to 12104
Skipped Seq from 12119 to 12131
Skipped Seq from 12131 to 12134
Skipped Seq from 12134 to 12141
Skipped Seq from 12141 to 12145
Skipped Seq from 12145 to 12150
Skipped Seq from 12223 to 12234
Skipped Seq from 12234 to 12237
Skipped Seq from 12237 to 12239
Skipped Seq from 12261 to 12309
Skipped Seq from 12325 to 12355
Skipped Seq from 12355 to 12371
Skipped Seq from 12372 to 12379
Skipped Seq from 12385 to 12391
Skipped Seq from 12391 to 12419
Skipped Seq from 12419 to 12463
Skipped Seq from 12482 to 12488
Skipped Seq from 12489 to 12493
Skipped Seq from 12493 to 12499
Skipped Seq from 12499 to 12504
Skipped Seq from 12504 to 12507
Skipped Seq from 12507 to 12518
Skipped Seq from 12518 to 12530
Skipped Seq from 12530 to 12534
Skipped Seq from 12535 to 12541
Skipped Seq from 12541 to 12544
Skipped Seq from 12544 to 12557
Skipped Seq from 12576 to 12588
Skipped Seq from 12588 to 12592
Skipped Seq from 12601 to 12609
Skipped Seq from 12609 to 12614
Skipped Seq from 12614 to 12636
Skipped Seq from 12661 to 12679
Skipped Seq from 12681 to 12686
Skipped Seq from 12687 to 12689
Skipped Seq from 12689 to 12692
Skipped Seq from 12692 to 12694
Skipped Seq from 12694 to 12700
Skipped Seq from 12719 to 12739
Skipped Seq from 12764 to 12769
Skipped Seq from 12769 to 12783
Skipped Seq from 12789 to 12801
Skipped Seq from 12835 to 12851
Skipped Seq from 12862 to 12865
Skipped Seq from 12869 to 12879
Skipped Seq from 12879 to 12891
Skipped Seq from 12891 to 12901
Skipped Seq from 12912 to 12928
Skipped Seq from 12983 to 12987
Skipped Seq from 12989 to 12991
Skipped Seq from 12993 to 12995
Skipped Seq from 12995 to 12998
Skipped Seq from 12998 to 13003
Skipped Seq from 13003 to 13007
Skipped Seq from 13137 to 13147
Skipped Seq from 13147 to 13159
Skipped Seq from 13716 to 13737
Skipped Seq from 13739 to 13750
Skipped Seq from 13750 to 13781
Skipped Seq from 13781 to 13798
Skipped Seq from 13804 to 13833
Skipped Seq from 13858 to 13873
Skipped Seq from 13873 to 13921
Skipped Seq from 13921 to 13926
Skipped Seq from 13998 to 14048
Skipped Seq from 14050 to 14079
Skipped Seq from 14079 to 14117
Skipped Seq from 14132 to 14179
Skipped Seq from 14188 to 14225
Skipped Seq from 14225 to 14239
Skipped Seq from 14239 to 14241
Skipped Seq from 14249 to 14253
Skipped Seq from 14253 to 14259
Skipped Seq from 14259 to 14263
Skipped Seq from 14263 to 14266
Skipped Seq from 14266 to 14274
Skipped Seq from 14350 to 14364
Skipped Seq from 14364 to 14389
Skipped Seq from 14433 to 14443
Skipped Seq from 14454 to 14458
Skipped Seq from 14458 to 14471
Skipped Seq from 14471 to 14483
Skipped Seq from 14483 to 14487
Skipped Seq from 14487 to 14542
Skipped Seq from 14542 to 14556
Skipped Seq from 14584 to 14646
Skipped Seq from 14646 to 14688
Skipped Seq from 14688 to 14704
Skipped Seq from 14756 to 14762
Skipped Seq from 14762 to 14809
Skipped Seq from 14809 to 14880
Skipped Seq from 14880 to 14895
Skipped Seq from 14904 to 14906
Skipped Seq from 14906 to 14909
Skipped Seq from 14909 to 14915
Skipped Seq from 14915 to 14955
Skipped Seq from 14955 to 15007
Skipped Seq from 15010 to 15024
Skipped Seq from 15024 to 15037
Skipped Seq from 15037 to 15039
Skipped Seq from 15039 to 15065
Skipped Seq from 15065 to 15075
Skipped Seq from 15119 to 15133
Skipped Seq from 15135 to 15152
Skipped Seq from 15152 to 15165
Skipped Seq from 15208 to 15237
Skipped Seq from 15286 to 15299
Skipped Seq from 15299 to 15351
Skipped Seq from 15351 to 15371
Skipped Seq from 15376 to 15385
Skipped Seq from 15385 to 15388
Skipped Seq from 15398 to 15439
Skipped Seq from 15444 to 15450
Skipped Seq from 15450 to 15453
Skipped Seq from 15453 to 15466
Skipped Seq from 15466 to 15474
Skipped Seq from 15492 to 15497
Skipped Seq from 15506 to 15536
Skipped Seq from 15536 to 15559
Skipped Seq from 15559 to 15592
Skipped Seq from 15593 to 15597
Skipped Seq from 15598 to 15605
Skipped Seq from 15605 to 15607
Skipped Seq from 15612 to 15616
Skipped Seq from 15616 to 15620
Skipped Seq from 15632 to 15666
Skipped Seq from 15671 to 15680
Skipped Seq from 15680 to 15690
Skipped Seq from 15691 to 15700
Skipped Seq from 15702 to 15709
Skipped Seq from 15710 to 15735
Skipped Seq from 15735 to 15755
Skipped Seq from 15755 to 15779
Skipped Seq from 15822 to 15832
Skipped Seq from 15832 to 15850
Skipped Seq from 16022 to 16028
Skipped Seq from 16104 to 16107
Skipped Seq from 16107 to 16143
Skipped Seq from 16544 to 16553
Skipped Seq from 16553 to 16558
Skipped Seq from 16558 to 16574
Skipped Seq from 17869 to 17923
Skipped Seq from 17980 to 18010
Skipped Seq from 18010 to 18016
Skipped Seq from 18019 to 18023
Skipped Seq from 18023 to 18080
Skipped Seq from 18080 to 18123
Skipped Seq from 18123 to 18125
Skipped Seq from 18127 to 18170
Skipped Seq from 18170 to 18182
Skipped Seq from 18182 to 18199
Skipped Seq from 18199 to 18211
Skipped Seq from 18220 to 18222
Skipped Seq from 18222 to 18224
Skipped Seq from 18224 to 18226
Skipped Seq from 18226 to 18235
Skipped Seq from 18313 to 18325
Skipped Seq from 18325 to 18333
Skipped Seq from 18333 to 18337
Skipped Seq from 18337 to 18358
Skipped Seq from 18360 to 18420
Skipped Seq from 18420 to 18425
Skipped Seq from 18426 to 18483
Skipped Seq from 18483 to 18501
Skipped Seq from 18601 to 18610
Skipped Seq from 18610 to 18639
Skipped Seq from 18641 to 18691
Skipped Seq from 18691 to 18729
Skipped Seq from 18783 to 18807
Skipped Seq from 18809 to 18839
Skipped Seq from 18841 to 18852
Skipped Seq from 18852 to 18872
Skipped Seq from 18872 to 18879
Skipped Seq from 18985 to 19035
Skipped Seq from 19041 to 19044
Skipped Seq from 19044 to 19049
Skipped Seq from 19049 to 19056
Skipped Seq from 19056 to 19061
Skipped Seq from 19061 to 19069
Skipped Seq from 19070 to 19074
Skipped Seq from 19076 to 19119
Skipped Seq from 19119 to 19138
Skipped Seq from 19179 to 19181
Skipped Seq from 19181 to 19184
Skipped Seq from 19184 to 19189
Skipped Seq from 19227 to 19229
Skipped Seq from 19229 to 19243
Skipped Seq from 19253 to 19265
Skipped Seq from 19265 to 19302
Skipped Seq from 19560 to 19562
Skipped Seq from 19596 to 19601
Skipped Seq from 19601 to 19673
Skipped Seq from 19673 to 19676
Skipped Seq from 19718 to 19759
Skipped Seq from 19761 to 19767
Skipped Seq from 19775 to 19790
Skipped Seq from 19790 to 19812
Skipped Seq from 19962 to 20013
Skipped Seq from 20015 to 20041
Skipped Seq from 20041 to 20046
Skipped Seq from 20046 to 20114
Skipped Seq from 20114 to 20117
Skipped Seq from 20118 to 20158
Skipped Seq from 20158 to 20224
Skipped Seq from 20348 to 20350
Skipped Seq from 20350 to 20386
Skipped Seq from 20386 to 20442
Skipped Seq from 20442 to 20491
Skipped Seq from 20501 to 20526
Skipped Seq from 20526 to 20538
Skipped Seq from 20538 to 20560
Skipped Seq from 20560 to 20586
Skipped Seq from 20649 to 20652
Skipped Seq from 20652 to 20661
Skipped Seq from 20661 to 20707
Skipped Seq from 20766 to 20769
Skipped Seq from 20769 to 20777
Skipped Seq from 20777 to 20780
Skipped Seq from 20892 to 20904
Skipped Seq from 20904 to 20909
Skipped Seq from 20910 to 20936
Skipped Seq from 20936 to 20963
Skipped Seq from 20963 to 20994
Skipped Seq from 21003 to 21009
Skipped Seq from 21011 to 21039
Skipped Seq from 21039 to 21044
Skipped Seq from 21044 to 21050
Skipped Seq from 21050 to 21058
Skipped Seq from 21089 to 21122
Skipped Seq from 21122 to 21131
Skipped Seq from 21147 to 21149
Skipped Seq from 21149 to 21151
Skipped Seq from 21154 to 21165
Skipped Seq from 21165 to 21177
Skipped Seq from 21257 to 21284
Skipped Seq from 21284 to 21294
Skipped Seq from 21296 to 21301
Skipped Seq from 21301 to 21328
Skipped Seq from 21328 to 21349
Skipped Seq from 21400 to 21429
Skipped Seq from 21429 to 21453
Skipped Seq from 21453 to 21459
Skipped Seq from 21459 to 21465
Skipped Seq from 21465 to 21471
Skipped Seq from 21471 to 21477
Skipped Seq from 21477 to 21484
Skipped Seq from 21484 to 21489
Number of times throttled: 16
Received: 19769 / 26022 packets
Start time: 1332847283.925551
End time: 1332847332.083395
Duration: 48.157844
