Starting client at 10.0.0.22:1240 with timeout:10
My IP address is 10.0.0.22Skipped Seq from 410 to 420
Skipped Seq from 420 to 426
Skipped Seq from 426 to 429
Skipped Seq from 429 to 431
Skipped Seq from 478 to 495
Skipped Seq from 495 to 497
Skipped Seq from 503 to 513
Skipped Seq from 513 to 531
Skipped Seq from 531 to 549
Skipped Seq from 549 to 568
Skipped Seq from 568 to 581
Skipped Seq from 629 to 633
Skipped Seq from 634 to 637
Skipped Seq from 637 to 654
Skipped Seq from 654 to 673
Skipped Seq from 673 to 689
Skipped Seq from 689 to 710
Skipped Seq from 710 to 722
Skipped Seq from 784 to 795
Skipped Seq from 797 to 802
Skipped Seq from 802 to 822
Skipped Seq from 822 to 840
Skipped Seq from 840 to 858
Skipped Seq from 858 to 872
Skipped Seq from 981 to 997
Skipped Seq from 997 to 1014
Skipped Seq from 1014 to 1030
Skipped Seq from 1110 to 1129
Skipped Seq from 1129 to 1165
Skipped Seq from 1238 to 1247
Skipped Seq from 1247 to 1257
Skipped Seq from 1320 to 1324
Skipped Seq from 1325 to 1327
Skipped Seq from 1330 to 1339
Skipped Seq from 1377 to 1395
Skipped Seq from 1395 to 1406
Skipped Seq from 1412 to 1424
Skipped Seq from 1426 to 1436
Skipped Seq from 1436 to 1468
Skipped Seq from 1468 to 1502
Skipped Seq from 1515 to 1539
Skipped Seq from 1539 to 1549
Skipped Seq from 1553 to 1563
Skipped Seq from 1563 to 1569
Skipped Seq from 1576 to 1615
Skipped Seq from 1668 to 1699
Skipped Seq from 1699 to 1707
Skipped Seq from 1710 to 1736
Skipped Seq from 1751 to 1785
Skipped Seq from 1785 to 1802
Skipped Seq from 1810 to 1827
Skipped Seq from 1827 to 1846
Skipped Seq from 1851 to 1870
Skipped Seq from 1870 to 1872
Skipped Seq from 1878 to 1882
Skipped Seq from 1884 to 1887
Skipped Seq from 1887 to 1892
Skipped Seq from 1892 to 1895
Skipped Seq from 1895 to 1898
Skipped Seq from 1915 to 1942
Skipped Seq from 1942 to 1956
Skipped Seq from 1962 to 1995
Skipped Seq from 1995 to 2018
Skipped Seq from 2020 to 2052
Skipped Seq from 2052 to 2058
Skipped Seq from 2058 to 2064
Skipped Seq from 2064 to 2066
Skipped Seq from 2067 to 2078
Skipped Seq from 2082 to 2088
Skipped Seq from 2088 to 2145
Skipped Seq from 2168 to 2185
Skipped Seq from 2185 to 2211
Skipped Seq from 2214 to 2229
Skipped Seq from 2229 to 2252
Skipped Seq from 2261 to 2267
Skipped Seq from 2267 to 2303
Skipped Seq from 2303 to 2344
Skipped Seq from 2344 to 2367
Skipped Seq from 2380 to 2396
Skipped Seq from 2420 to 2440
Skipped Seq from 2440 to 2458
Skipped Seq from 2458 to 2465
Skipped Seq from 2465 to 2497
Skipped Seq from 2497 to 2508
Skipped Seq from 2508 to 2517
Skipped Seq from 2517 to 2522
Skipped Seq from 2523 to 2533
Skipped Seq from 2569 to 2615
Skipped Seq from 2617 to 2665
Skipped Seq from 2665 to 2695
Skipped Seq from 2695 to 2718
Skipped Seq from 2720 to 2722
Skipped Seq from 2722 to 2730
Skipped Seq from 2730 to 2740
Skipped Seq from 2740 to 2797
Skipped Seq from 2797 to 2817
Skipped Seq from 2823 to 2837
Skipped Seq from 2837 to 2860
Skipped Seq from 2860 to 2904
Skipped Seq from 2904 to 2956
Skipped Seq from 2989 to 3053
Skipped Seq from 3053 to 3063
Skipped Seq from 3064 to 3073
Skipped Seq from 3073 to 3103
Skipped Seq from 3117 to 3131
Skipped Seq from 3131 to 3141
Skipped Seq from 3141 to 3161
Skipped Seq from 3161 to 3217
Skipped Seq from 3217 to 3245
Skipped Seq from 3263 to 3265
Skipped Seq from 3265 to 3288
Skipped Seq from 3288 to 3290
Skipped Seq from 3290 to 3302
Skipped Seq from 3302 to 3311
Skipped Seq from 3317 to 3319
Skipped Seq from 3319 to 3336
Skipped Seq from 3349 to 3353
Skipped Seq from 3354 to 3387
Skipped Seq from 3387 to 3404
Skipped Seq from 3414 to 3451
Skipped Seq from 3453 to 3497
Skipped Seq from 3501 to 3541
Skipped Seq from 3541 to 3584
Skipped Seq from 3586 to 3598
Skipped Seq from 3598 to 3630
Skipped Seq from 3632 to 3651
Skipped Seq from 3651 to 3656
Skipped Seq from 3663 to 3687
Skipped Seq from 3687 to 3693
Skipped Seq from 3713 to 3723
Skipped Seq from 3723 to 3732
Skipped Seq from 3733 to 3738
Skipped Seq from 3738 to 3756
Skipped Seq from 3756 to 3763
Skipped Seq from 3763 to 3767
Skipped Seq from 3769 to 3798
Skipped Seq from 3798 to 3836
Skipped Seq from 3853 to 3867
Skipped Seq from 3867 to 3876
Skipped Seq from 3879 to 3891
Skipped Seq from 3892 to 3939
Skipped Seq from 3939 to 3946
Skipped Seq from 3946 to 3948
Skipped Seq from 3948 to 3979
Skipped Seq from 3994 to 4009
Skipped Seq from 4009 to 4042
Skipped Seq from 4056 to 4084
Skipped Seq from 4085 to 4102
Skipped Seq from 4102 to 4116
Skipped Seq from 4156 to 4182
Skipped Seq from 4182 to 4195
Skipped Seq from 4195 to 4272
Skipped Seq from 4272 to 4279
Skipped Seq from 4415 to 4450
Skipped Seq from 4450 to 4463
Skipped Seq from 4464 to 4466
Skipped Seq from 4466 to 4492
Skipped Seq from 4498 to 4514
Skipped Seq from 4553 to 4562
Skipped Seq from 4568 to 4600
Skipped Seq from 4600 to 4612
Skipped Seq from 4612 to 4618
Skipped Seq from 4618 to 4629
Skipped Seq from 4678 to 4701
Skipped Seq from 4705 to 4747
Skipped Seq from 4747 to 4794
Skipped Seq from 4797 to 4806
Skipped Seq from 4806 to 4824
Skipped Seq from 4824 to 4836
Skipped Seq from 4836 to 4843
Skipped Seq from 4843 to 4865
Skipped Seq from 4865 to 4876
Skipped Seq from 4876 to 4883
Skipped Seq from 4917 to 4929
Skipped Seq from 4929 to 4973
Skipped Seq from 4973 to 4980
Skipped Seq from 4980 to 5020
Skipped Seq from 5020 to 5027
Skipped Seq from 5027 to 5046
Skipped Seq from 5047 to 5092
Skipped Seq from 5092 to 5125
Skipped Seq from 5125 to 5141
Skipped Seq from 5151 to 5164
Skipped Seq from 5164 to 5186
Skipped Seq from 5193 to 5197
Skipped Seq from 5197 to 5200
Skipped Seq from 5200 to 5204
Skipped Seq from 5207 to 5216
Skipped Seq from 5233 to 5237
Skipped Seq from 5237 to 5249
Skipped Seq from 5249 to 5251
Skipped Seq from 5258 to 5303
Skipped Seq from 5303 to 5325
Skipped Seq from 5325 to 5372
Skipped Seq from 5372 to 5414
Skipped Seq from 5419 to 5450
Skipped Seq from 5450 to 5486
Skipped Seq from 5488 to 5513
Skipped Seq from 5514 to 5519
Skipped Seq from 5519 to 5526
Skipped Seq from 5529 to 5586
Skipped Seq from 5609 to 5623
Skipped Seq from 5674 to 5705
Skipped Seq from 5705 to 5721
Skipped Seq from 5722 to 5724
Skipped Seq from 5733 to 5760
Skipped Seq from 5760 to 5805
Skipped Seq from 5806 to 5832
Skipped Seq from 5833 to 5846
Skipped Seq from 5846 to 5866
Skipped Seq from 5879 to 5883
Skipped Seq from 5883 to 5929
Skipped Seq from 5932 to 5946
Skipped Seq from 5946 to 5964
Skipped Seq from 5971 to 6017
Skipped Seq from 6045 to 6052
Skipped Seq from 6052 to 6066
Skipped Seq from 6067 to 6098
Skipped Seq from 6100 to 6102
Skipped Seq from 6102 to 6136
Skipped Seq from 6136 to 6143
Skipped Seq from 6154 to 6159
Skipped Seq from 6160 to 6165
Skipped Seq from 6165 to 6168
Skipped Seq from 6168 to 6176
Skipped Seq from 6176 to 6178
Skipped Seq from 6178 to 6185
Skipped Seq from 6200 to 6203
Skipped Seq from 6205 to 6222
Skipped Seq from 6222 to 6230
Skipped Seq from 6265 to 6267
Skipped Seq from 6267 to 6280
Skipped Seq from 6320 to 6332
Skipped Seq from 6332 to 6334
Skipped Seq from 6334 to 6337
Skipped Seq from 6343 to 6353
Skipped Seq from 6353 to 6358
Skipped Seq from 6431 to 6434
Skipped Seq from 6434 to 6439
Skipped Seq from 6442 to 6444
Skipped Seq from 6455 to 6470
Skipped Seq from 6470 to 6477
Skipped Seq from 6477 to 6479
Skipped Seq from 6495 to 6503
Skipped Seq from 6503 to 6507
Skipped Seq from 6509 to 6514
Skipped Seq from 15118 to 15125
Skipped Seq from 15131 to 15141
Skipped Seq from 15141 to 15147
Skipped Seq from 15149 to 15152
Skipped Seq from 15152 to 15161
Skipped Seq from 15161 to 15165
Skipped Seq from 15165 to 15169
Skipped Seq from 15169 to 15171
Skipped Seq from 15171 to 15177
Skipped Seq from 15178 to 15180
Skipped Seq from 15181 to 15186
Skipped Seq from 15214 to 15230
Skipped Seq from 15230 to 15249
Skipped Seq from 15249 to 15260
Skipped Seq from 15261 to 15275
Skipped Seq from 15312 to 15320
Skipped Seq from 15320 to 15323
Skipped Seq from 15323 to 15326
Skipped Seq from 15326 to 15330
Skipped Seq from 15331 to 15334
Skipped Seq from 15336 to 15341
Skipped Seq from 15341 to 15352
Skipped Seq from 15360 to 15374
Skipped Seq from 15375 to 15381
Skipped Seq from 15381 to 15388
Skipped Seq from 15388 to 15401
Skipped Seq from 15439 to 15450
Skipped Seq from 15454 to 15456
Skipped Seq from 15462 to 15464
Skipped Seq from 15464 to 15467
Skipped Seq from 15484 to 15521
Skipped Seq from 15521 to 15528
Skipped Seq from 15553 to 15555
Skipped Seq from 15555 to 15592
Skipped Seq from 15592 to 15643
Skipped Seq from 15643 to 15652
Skipped Seq from 15653 to 15664
Skipped Seq from 15664 to 15674
Skipped Seq from 15675 to 15690
Skipped Seq from 15729 to 15745
Skipped Seq from 15745 to 15769
Skipped Seq from 15769 to 15772
Skipped Seq from 15791 to 15798
Skipped Seq from 15798 to 15803
Skipped Seq from 15803 to 15807
Skipped Seq from 15807 to 15824
Skipped Seq from 15827 to 15854
Skipped Seq from 15855 to 15867
Skipped Seq from 15867 to 15870
Skipped Seq from 15870 to 15874
Skipped Seq from 15928 to 15932
Skipped Seq from 15945 to 15951
Skipped Seq from 15968 to 15977
Skipped Seq from 15983 to 16012
Skipped Seq from 16012 to 16022
Skipped Seq from 16034 to 16080
Skipped Seq from 16080 to 16097
Skipped Seq from 16109 to 16114
Skipped Seq from 16114 to 16137
Skipped Seq from 16143 to 16149
Skipped Seq from 16151 to 16168
Skipped Seq from 16199 to 16222
Skipped Seq from 16222 to 16249
Skipped Seq from 16249 to 16283
Skipped Seq from 16283 to 16310
Skipped Seq from 16317 to 16357
Skipped Seq from 16357 to 16384
Skipped Seq from 16387 to 16392
Skipped Seq from 16392 to 16415
Skipped Seq from 16426 to 16442
Skipped Seq from 16446 to 16481
Skipped Seq from 16481 to 16485
Skipped Seq from 16504 to 16506
Skipped Seq from 16512 to 16518
Skipped Seq from 16518 to 16524
Skipped Seq from 16526 to 16534
Skipped Seq from 16534 to 16538
Skipped Seq from 16542 to 16549
Skipped Seq from 16549 to 16560
Skipped Seq from 16560 to 16566
Skipped Seq from 16566 to 16580
Skipped Seq from 16580 to 16603
Skipped Seq from 16603 to 16612
Skipped Seq from 16612 to 16618
Skipped Seq from 16618 to 16620
Skipped Seq from 16624 to 16644
Skipped Seq from 16644 to 16648
Skipped Seq from 16650 to 16685
Skipped Seq from 16685 to 16687
Skipped Seq from 16722 to 16759
Skipped Seq from 16773 to 16801
Skipped Seq from 16801 to 16823
Skipped Seq from 16828 to 16841
Skipped Seq from 16842 to 16886
Skipped Seq from 16888 to 16907
Skipped Seq from 16912 to 16917
Skipped Seq from 16917 to 16934
Skipped Seq from 16934 to 16952
Skipped Seq from 17068 to 17073
Skipped Seq from 17073 to 17081
Skipped Seq from 17081 to 17083
Skipped Seq from 17157 to 17179
Skipped Seq from 17179 to 17200
Number of times throttled: 12
Received: 32918 / 38324 packets
Start time: 1332844809.675193
End time: 1332844876.997830
Duration: 67.322637
