Starting client at 10.0.0.10:1254 with timeout:10
My IP address is 10.0.0.10Skipped Seq from 11 to 15
Recovered out of order packet from 30 to 12
Recovered out of order packet from 38 to 13
Recovered out of order packet from 38 to 14
Skipped Seq from 1019 to 1029
Skipped Seq from 1036 to 1041
Skipped Seq from 1044 to 1061
Skipped Seq from 1061 to 1079
Skipped Seq from 1079 to 1098
Skipped Seq from 1098 to 1109
Skipped Seq from 1109 to 1124
Skipped Seq from 1124 to 1144
Skipped Seq from 1144 to 1163
Skipped Seq from 1163 to 1166
Skipped Seq from 1167 to 1180
Skipped Seq from 1180 to 1200
Skipped Seq from 1200 to 1221
Skipped Seq from 1221 to 1238
Skipped Seq from 1238 to 1246
Skipped Seq from 1257 to 1271
Skipped Seq from 1286 to 1292
Skipped Seq from 1292 to 1300
Skipped Seq from 1312 to 1321
Skipped Seq from 1321 to 1336
Skipped Seq from 1336 to 1353
Skipped Seq from 1367 to 1373
Skipped Seq from 1373 to 1389
Skipped Seq from 1389 to 1393
Skipped Seq from 1402 to 1416
Skipped Seq from 1416 to 1432
Skipped Seq from 1432 to 1450
Skipped Seq from 1450 to 1463
Skipped Seq from 1474 to 1490
Skipped Seq from 1491 to 1503
Skipped Seq from 1503 to 1507
Skipped Seq from 1507 to 1509
Skipped Seq from 1553 to 1555
Skipped Seq from 1555 to 1569
Skipped Seq from 1569 to 1585
Skipped Seq from 1585 to 1593
Skipped Seq from 1599 to 1603
Skipped Seq from 1603 to 1622
Skipped Seq from 1622 to 1632
Skipped Seq from 1670 to 1678
Skipped Seq from 1682 to 1694
Skipped Seq from 1694 to 1704
Skipped Seq from 1704 to 1707
Skipped Seq from 1707 to 1724
Skipped Seq from 1724 to 1734
Skipped Seq from 1746 to 1760
Skipped Seq from 1760 to 1777
Skipped Seq from 1777 to 1780
Skipped Seq from 1823 to 1825
Skipped Seq from 1825 to 1839
Skipped Seq from 1849 to 1861
Skipped Seq from 1890 to 1900
Skipped Seq from 1900 to 1909
Skipped Seq from 1910 to 1912
Skipped Seq from 1937 to 1944
Skipped Seq from 1952 to 1964
Skipped Seq from 1964 to 1968
Skipped Seq from 1970 to 1972
Skipped Seq from 1972 to 1988
Skipped Seq from 1988 to 1997
Skipped Seq from 2060 to 2069
Skipped Seq from 2069 to 2089
Skipped Seq from 2089 to 2092
Skipped Seq from 2102 to 2109
Skipped Seq from 2109 to 2114
Skipped Seq from 2124 to 2132
Skipped Seq from 2132 to 2139
Skipped Seq from 2152 to 2165
Skipped Seq from 2268 to 2272
Skipped Seq from 2327 to 2336
Skipped Seq from 2341 to 2348
Skipped Seq from 2348 to 2360
Skipped Seq from 2364 to 2379
Skipped Seq from 2379 to 2397
Skipped Seq from 2397 to 2399
Skipped Seq from 2402 to 2410
Skipped Seq from 2410 to 2421
Skipped Seq from 2432 to 2442
Skipped Seq from 2442 to 2457
Skipped Seq from 2457 to 2462
Skipped Seq from 2477 to 2494
Skipped Seq from 2494 to 2502
Skipped Seq from 2552 to 2557
Skipped Seq from 2557 to 2577
Skipped Seq from 2577 to 2584
Skipped Seq from 2679 to 2681
Skipped Seq from 2698 to 2709
Skipped Seq from 2709 to 2715
Skipped Seq from 2718 to 2737
Skipped Seq from 2737 to 2746
Skipped Seq from 2777 to 2797
Skipped Seq from 2797 to 2815
Skipped Seq from 2815 to 2834
Skipped Seq from 2834 to 2838
Skipped Seq from 2858 to 2871
Skipped Seq from 2871 to 2886
Skipped Seq from 2890 to 2907
Skipped Seq from 2907 to 2917
Skipped Seq from 2926 to 2928
Skipped Seq from 2929 to 2942
Skipped Seq from 2942 to 2973
Skipped Seq from 3052 to 3078
Skipped Seq from 3078 to 3087
Skipped Seq from 3098 to 3127
Skipped Seq from 3127 to 3143
Skipped Seq from 3169 to 3171
Skipped Seq from 3171 to 3180
Skipped Seq from 3190 to 3204
Skipped Seq from 3204 to 3207
Skipped Seq from 3207 to 3215
Skipped Seq from 3217 to 3240
Skipped Seq from 3248 to 3268
Skipped Seq from 3268 to 3270
Skipped Seq from 3270 to 3272
Skipped Seq from 3278 to 3282
Skipped Seq from 3305 to 3310
Skipped Seq from 3310 to 3347
Skipped Seq from 3347 to 3367
Skipped Seq from 3376 to 3390
Skipped Seq from 3399 to 3415
Skipped Seq from 3422 to 3424
Skipped Seq from 3448 to 3460
Skipped Seq from 3468 to 3479
Skipped Seq from 3479 to 3490
Skipped Seq from 3500 to 3509
Skipped Seq from 3509 to 3514
Skipped Seq from 3514 to 3549
Skipped Seq from 3605 to 3649
Skipped Seq from 3649 to 3699
Skipped Seq from 3699 to 3703
Skipped Seq from 3713 to 3767
Skipped Seq from 3767 to 3773
Skipped Seq from 3780 to 3791
Skipped Seq from 3812 to 3838
Skipped Seq from 3846 to 3890
Skipped Seq from 3890 to 3922
Skipped Seq from 3960 to 4000
Skipped Seq from 4023 to 4034
Skipped Seq from 4128 to 4134
Skipped Seq from 4134 to 4144
Skipped Seq from 4374 to 4388
Skipped Seq from 4388 to 4403
Skipped Seq from 4422 to 4441
Skipped Seq from 4441 to 4454
Skipped Seq from 4580 to 4592
Skipped Seq from 4641 to 4729
Skipped Seq from 4729 to 4731
Skipped Seq from 4757 to 4800
Skipped Seq from 4840 to 4867
Skipped Seq from 4902 to 4904
Number of times throttled: 5
Received: 11532 / 13425 packets
Start time: 1332845327.598621
End time: 1332845356.476285
Duration: 28.877664
