Starting client at 10.0.0.10:1237 with timeout:10
My IP address is 10.0.0.10Skipped Seq from 6 to 14
Recovered out of order packet from 31 to 7
Recovered out of order packet from 31 to 8
Recovered out of order packet from 31 to 9
Recovered out of order packet from 31 to 10
Recovered out of order packet from 31 to 11
Recovered out of order packet from 31 to 12
Recovered out of order packet from 31 to 13
Skipped Seq from 516 to 520
Skipped Seq from 520 to 538
Skipped Seq from 538 to 553
Skipped Seq from 565 to 573
Skipped Seq from 573 to 592
Skipped Seq from 592 to 608
Skipped Seq from 608 to 625
Skipped Seq from 693 to 705
Skipped Seq from 705 to 711
Skipped Seq from 789 to 805
Skipped Seq from 805 to 814
Skipped Seq from 828 to 843
Skipped Seq from 843 to 861
Skipped Seq from 861 to 869
Skipped Seq from 893 to 895
Skipped Seq from 895 to 897
Skipped Seq from 897 to 899
Skipped Seq from 902 to 904
Skipped Seq from 904 to 906
Skipped Seq from 1120 to 1136
Skipped Seq from 1136 to 1150
Skipped Seq from 1151 to 1153
Skipped Seq from 1153 to 1173
Skipped Seq from 1173 to 1193
Skipped Seq from 1193 to 1207
Skipped Seq from 1207 to 1226
Skipped Seq from 1226 to 1229
Skipped Seq from 1312 to 1335
Skipped Seq from 1335 to 1370
Skipped Seq from 1370 to 1390
Skipped Seq from 1403 to 1415
Skipped Seq from 1415 to 1433
Skipped Seq from 1480 to 1493
Skipped Seq from 1493 to 1529
Skipped Seq from 1546 to 1575
Skipped Seq from 1575 to 1594
Skipped Seq from 1605 to 1621
Skipped Seq from 1622 to 1628
Skipped Seq from 1628 to 1640
Skipped Seq from 1698 to 1714
Skipped Seq from 1714 to 1730
Skipped Seq from 1777 to 1789
Skipped Seq from 1789 to 1819
Skipped Seq from 1819 to 1857
Skipped Seq from 1857 to 1863
Skipped Seq from 1936 to 1938
Skipped Seq from 4756 to 4781
Skipped Seq from 4820 to 4858
Skipped Seq from 4859 to 4874
Skipped Seq from 4874 to 4913
Skipped Seq from 4956 to 4963
Skipped Seq from 5102 to 5114
Skipped Seq from 5114 to 5138
Skipped Seq from 5205 to 5232
Skipped Seq from 5263 to 5328
Skipped Seq from 5331 to 5369
Skipped Seq from 5369 to 5388
Skipped Seq from 5508 to 5511
Skipped Seq from 5511 to 5529
Skipped Seq from 5551 to 5575
Skipped Seq from 5582 to 5625
Skipped Seq from 5640 to 5660
Skipped Seq from 5660 to 5703
Skipped Seq from 5709 to 5713
Skipped Seq from 5718 to 5721
Skipped Seq from 5721 to 5727
Skipped Seq from 5727 to 5730
Skipped Seq from 5734 to 5770
Skipped Seq from 5770 to 5793
Skipped Seq from 5797 to 5815
Skipped Seq from 5815 to 5867
Skipped Seq from 5867 to 5869
Skipped Seq from 5901 to 5943
Skipped Seq from 5943 to 5966
Skipped Seq from 5966 to 5974
Skipped Seq from 5984 to 5998
Skipped Seq from 5998 to 6007
Skipped Seq from 6041 to 6073
Skipped Seq from 6073 to 6103
Skipped Seq from 6105 to 6150
Skipped Seq from 6155 to 6187
Skipped Seq from 6191 to 6194
Skipped Seq from 6194 to 6243
Skipped Seq from 6329 to 6335
Skipped Seq from 6335 to 6344
Skipped Seq from 6435 to 6479
Skipped Seq from 6497 to 6503
Skipped Seq from 6503 to 6516
Skipped Seq from 6522 to 6553
Skipped Seq from 6553 to 6603
Skipped Seq from 6603 to 6627
Skipped Seq from 6666 to 6690
Skipped Seq from 6690 to 6749
Skipped Seq from 6749 to 6765
Skipped Seq from 6774 to 6784
Skipped Seq from 6784 to 6790
Skipped Seq from 6792 to 6797
Skipped Seq from 6813 to 6861
Skipped Seq from 6861 to 6874
Skipped Seq from 6877 to 6882
Skipped Seq from 6882 to 6888
Skipped Seq from 6921 to 6946
Skipped Seq from 6946 to 6988
Skipped Seq from 6988 to 6996
Skipped Seq from 7017 to 7031
Skipped Seq from 7031 to 7050
Skipped Seq from 7050 to 7081
Skipped Seq from 7091 to 7123
Skipped Seq from 7146 to 7178
Skipped Seq from 7185 to 7197
Skipped Seq from 7261 to 7276
Skipped Seq from 7276 to 7311
Skipped Seq from 7322 to 7357
Skipped Seq from 7363 to 7383
Skipped Seq from 7383 to 7391
Skipped Seq from 7398 to 7417
Skipped Seq from 7417 to 7426
Skipped Seq from 7470 to 7482
Skipped Seq from 7482 to 7528
Skipped Seq from 7528 to 7557
Skipped Seq from 7568 to 7591
Skipped Seq from 7599 to 7638
Skipped Seq from 7646 to 7685
Skipped Seq from 7726 to 7748
Skipped Seq from 7759 to 7797
Skipped Seq from 7797 to 7891
Skipped Seq from 7930 to 7933
Skipped Seq from 7933 to 7936
Skipped Seq from 7936 to 7986
Skipped Seq from 8006 to 8034
Skipped Seq from 8077 to 8082
Skipped Seq from 8082 to 8119
Skipped Seq from 8119 to 8167
Skipped Seq from 8176 to 8218
Skipped Seq from 8218 to 8257
Skipped Seq from 8261 to 8278
Skipped Seq from 8278 to 8356
Skipped Seq from 8356 to 8370
Skipped Seq from 8372 to 8386
Skipped Seq from 8398 to 8404
Skipped Seq from 8405 to 8417
Skipped Seq from 8419 to 8467
Skipped Seq from 8467 to 8516
Skipped Seq from 8523 to 8604
Skipped Seq from 8604 to 8609
Skipped Seq from 8613 to 8633
Skipped Seq from 8690 to 8705
Skipped Seq from 8705 to 8716
Skipped Seq from 8731 to 8759
Skipped Seq from 8761 to 8766
Skipped Seq from 8766 to 8777
Skipped Seq from 8777 to 8786
Skipped Seq from 8786 to 8790
Skipped Seq from 8790 to 8792
Skipped Seq from 8812 to 8820
Skipped Seq from 8823 to 8837
Skipped Seq from 8837 to 8859
Skipped Seq from 8861 to 8871
Skipped Seq from 8871 to 8877
Skipped Seq from 8877 to 8886
Skipped Seq from 8888 to 8903
Skipped Seq from 8952 to 8962
Skipped Seq from 8962 to 8983
Skipped Seq from 9005 to 9026
Skipped Seq from 9026 to 9074
Skipped Seq from 9086 to 9113
Skipped Seq from 9119 to 9136
Skipped Seq from 9136 to 9143
Skipped Seq from 9143 to 9174
Skipped Seq from 9174 to 9220
Skipped Seq from 9258 to 9265
Skipped Seq from 9265 to 9306
Skipped Seq from 9306 to 9359
Skipped Seq from 9379 to 9423
Skipped Seq from 9423 to 9427
Skipped Seq from 9427 to 9433
Skipped Seq from 9433 to 9436
Skipped Seq from 9436 to 9489
Skipped Seq from 9489 to 9514
Skipped Seq from 9514 to 9516
Skipped Seq from 9516 to 9540
Skipped Seq from 9540 to 9553
Skipped Seq from 9553 to 9583
Skipped Seq from 9583 to 9595
Skipped Seq from 9595 to 9611
Skipped Seq from 9611 to 9615
Skipped Seq from 9665 to 9688
Skipped Seq from 9688 to 9762
Skipped Seq from 9763 to 9783
Skipped Seq from 9783 to 9826
Skipped Seq from 9826 to 9880
Skipped Seq from 9880 to 9891
Skipped Seq from 9916 to 9930
Skipped Seq from 9930 to 9932
Skipped Seq from 9935 to 9944
Skipped Seq from 9989 to 10017
Skipped Seq from 10017 to 10028
Skipped Seq from 10032 to 10067
Skipped Seq from 10091 to 10130
Skipped Seq from 10132 to 10174
Skipped Seq from 10174 to 10243
Skipped Seq from 10243 to 10263
Skipped Seq from 10264 to 10296
Skipped Seq from 10296 to 10308
Skipped Seq from 10309 to 10330
Skipped Seq from 10352 to 10376
Skipped Seq from 10386 to 10420
Skipped Seq from 10420 to 10430
Skipped Seq from 10430 to 10468
Skipped Seq from 10468 to 10476
Skipped Seq from 10477 to 10523
Skipped Seq from 10523 to 10532
Skipped Seq from 10555 to 10571
Skipped Seq from 10571 to 10575
Skipped Seq from 10585 to 10639
Skipped Seq from 10639 to 10678
Skipped Seq from 10679 to 10763
Skipped Seq from 10772 to 10782
Skipped Seq from 10799 to 10808
Skipped Seq from 10808 to 10821
Skipped Seq from 10821 to 10844
Skipped Seq from 10849 to 10884
Skipped Seq from 10884 to 10907
Skipped Seq from 10907 to 10947
Skipped Seq from 10969 to 11008
Skipped Seq from 11010 to 11052
Skipped Seq from 11052 to 11075
Skipped Seq from 11075 to 11124
Skipped Seq from 11176 to 11195
Skipped Seq from 11195 to 11222
Skipped Seq from 11222 to 11239
Skipped Seq from 11239 to 11267
Skipped Seq from 11279 to 11283
Skipped Seq from 11283 to 11313
Skipped Seq from 11313 to 11335
Skipped Seq from 11454 to 11464
Skipped Seq from 11489 to 11503
Skipped Seq from 11503 to 11515
Skipped Seq from 11515 to 11525
Skipped Seq from 11525 to 11544
Skipped Seq from 11564 to 11572
Skipped Seq from 11572 to 11575
Skipped Seq from 20500 to 20516
Skipped Seq from 20516 to 20519
Skipped Seq from 20522 to 20526
Skipped Seq from 20534 to 20585
Skipped Seq from 20586 to 20599
Skipped Seq from 20600 to 20607
Skipped Seq from 20607 to 20624
Skipped Seq from 20640 to 20654
Skipped Seq from 20654 to 20657
Skipped Seq from 20657 to 20661
Skipped Seq from 20662 to 20667
Skipped Seq from 20667 to 20671
Skipped Seq from 20673 to 20690
Skipped Seq from 20692 to 20697
Skipped Seq from 20697 to 20699
Skipped Seq from 20724 to 20762
Skipped Seq from 20762 to 20768
Skipped Seq from 20769 to 20793
Skipped Seq from 20793 to 20795
Skipped Seq from 20795 to 20808
Skipped Seq from 20812 to 20819
Skipped Seq from 20819 to 20827
Skipped Seq from 20870 to 20872
Skipped Seq from 20872 to 20875
Skipped Seq from 20876 to 20879
Skipped Seq from 20880 to 20883
Skipped Seq from 20889 to 20895
Skipped Seq from 20906 to 20933
Skipped Seq from 20935 to 20950
Skipped Seq from 20952 to 20958
Skipped Seq from 20958 to 20964
Skipped Seq from 20964 to 20966
Skipped Seq from 21010 to 21021
Skipped Seq from 21021 to 21026
Skipped Seq from 21026 to 21042
Skipped Seq from 21042 to 21045
Skipped Seq from 21045 to 21050
Skipped Seq from 21051 to 21061
Skipped Seq from 21061 to 21065
Skipped Seq from 21065 to 21079
Skipped Seq from 21080 to 21091
Skipped Seq from 21092 to 21095
Skipped Seq from 21095 to 21099
Skipped Seq from 21099 to 21103
Skipped Seq from 21128 to 21178
Skipped Seq from 21178 to 21181
Skipped Seq from 21183 to 21187
Skipped Seq from 21187 to 21194
Skipped Seq from 21195 to 21200
Skipped Seq from 21206 to 21211
Skipped Seq from 21213 to 21225
Skipped Seq from 21225 to 21229
Skipped Seq from 21229 to 21231
Skipped Seq from 21233 to 21286
Skipped Seq from 21286 to 21291
Skipped Seq from 21293 to 21298
Skipped Seq from 21298 to 21300
Skipped Seq from 21300 to 21302
Skipped Seq from 21334 to 21343
Skipped Seq from 21343 to 21386
Skipped Seq from 21414 to 21423
Skipped Seq from 21435 to 21439
Skipped Seq from 21441 to 21444
Skipped Seq from 21446 to 21508
Skipped Seq from 21508 to 21537
Skipped Seq from 21548 to 21573
Skipped Seq from 21573 to 21584
Skipped Seq from 21586 to 21596
Skipped Seq from 21619 to 21626
Skipped Seq from 21644 to 21657
Skipped Seq from 21681 to 21699
Skipped Seq from 21699 to 21704
Skipped Seq from 21716 to 21760
Skipped Seq from 21769 to 21816
Skipped Seq from 21816 to 21867
Skipped Seq from 21869 to 21884
Skipped Seq from 21886 to 21888
Skipped Seq from 21889 to 21910
Skipped Seq from 21910 to 21919
Skipped Seq from 21936 to 21952
Skipped Seq from 21952 to 21986
Skipped Seq from 21986 to 21996
Skipped Seq from 22010 to 22052
Skipped Seq from 22052 to 22074
Skipped Seq from 22122 to 22146
Skipped Seq from 22146 to 22148
Skipped Seq from 22148 to 22154
Skipped Seq from 22159 to 22166
Skipped Seq from 22201 to 22225
Skipped Seq from 22225 to 22249
Skipped Seq from 22269 to 22279
Skipped Seq from 22279 to 22286
Skipped Seq from 22286 to 22292
Skipped Seq from 22295 to 22300
Skipped Seq from 22303 to 22306
Skipped Seq from 22306 to 22308
Skipped Seq from 22311 to 22326
Skipped Seq from 22327 to 22334
Skipped Seq from 22334 to 22336
Skipped Seq from 22336 to 22339
Skipped Seq from 22340 to 22348
Skipped Seq from 22349 to 22365
Skipped Seq from 22396 to 22399
Skipped Seq from 22412 to 22418
Skipped Seq from 22418 to 22422
Skipped Seq from 22422 to 22426
Skipped Seq from 22465 to 22471
Skipped Seq from 22471 to 22477
Skipped Seq from 22478 to 22483
Skipped Seq from 22483 to 22486
Skipped Seq from 22513 to 22521
Skipped Seq from 22521 to 22532
Skipped Seq from 22532 to 22534
Skipped Seq from 22648 to 22657
Skipped Seq from 22657 to 22663
Skipped Seq from 23462 to 23505
Skipped Seq from 23586 to 23639
Skipped Seq from 23782 to 23789
Number of times throttled: 16
Received: 31360 / 37905 packets
Start time: 1332844802.077529
End time: 1332844866.130492
Duration: 64.052963
