Starting client at 10.0.0.25:1257 with timeout:10
My IP address is 10.0.0.25Skipped Seq from 375 to 377
Skipped Seq from 377 to 380
Skipped Seq from 380 to 382
Skipped Seq from 385 to 388
Skipped Seq from 388 to 394
Skipped Seq from 394 to 396
Skipped Seq from 400 to 412
Skipped Seq from 412 to 414
Skipped Seq from 415 to 418
Skipped Seq from 443 to 446
Skipped Seq from 446 to 453
Skipped Seq from 453 to 482
Skipped Seq from 482 to 492
Skipped Seq from 492 to 497
Skipped Seq from 497 to 499
Skipped Seq from 499 to 502
Skipped Seq from 509 to 518
Skipped Seq from 518 to 521
Skipped Seq from 522 to 528
Skipped Seq from 530 to 542
Skipped Seq from 542 to 547
Skipped Seq from 549 to 558
Skipped Seq from 561 to 566
Skipped Seq from 567 to 570
Skipped Seq from 573 to 585
Skipped Seq from 585 to 587
Skipped Seq from 587 to 590
Skipped Seq from 594 to 596
Skipped Seq from 596 to 601
Skipped Seq from 601 to 616
Skipped Seq from 621 to 629
Skipped Seq from 631 to 633
Skipped Seq from 633 to 639
Skipped Seq from 643 to 649
Skipped Seq from 649 to 653
Skipped Seq from 653 to 665
Skipped Seq from 666 to 673
Skipped Seq from 673 to 676
Skipped Seq from 676 to 680
Skipped Seq from 680 to 683
Skipped Seq from 684 to 686
Skipped Seq from 686 to 698
Skipped Seq from 698 to 700
Skipped Seq from 700 to 710
Skipped Seq from 710 to 715
Skipped Seq from 715 to 717
Skipped Seq from 717 to 719
Skipped Seq from 719 to 722
Skipped Seq from 722 to 724
Skipped Seq from 724 to 730
Skipped Seq from 734 to 740
Skipped Seq from 744 to 747
Skipped Seq from 747 to 755
Skipped Seq from 758 to 762
Skipped Seq from 762 to 767
Skipped Seq from 769 to 773
Skipped Seq from 773 to 776
Skipped Seq from 776 to 781
Skipped Seq from 787 to 798
Skipped Seq from 798 to 805
Skipped Seq from 805 to 807
Skipped Seq from 812 to 836
Skipped Seq from 836 to 847
Skipped Seq from 847 to 855
Skipped Seq from 855 to 867
Skipped Seq from 870 to 873
Skipped Seq from 873 to 890
Skipped Seq from 890 to 894
Skipped Seq from 894 to 899
Skipped Seq from 901 to 910
Skipped Seq from 910 to 912
Skipped Seq from 912 to 914
Skipped Seq from 914 to 918
Skipped Seq from 918 to 920
Skipped Seq from 925 to 934
Skipped Seq from 935 to 945
Skipped Seq from 948 to 954
Skipped Seq from 954 to 963
Skipped Seq from 963 to 972
Skipped Seq from 974 to 987
Skipped Seq from 992 to 996
Skipped Seq from 996 to 1005
Skipped Seq from 1006 to 1010
Skipped Seq from 1010 to 1020
Skipped Seq from 1022 to 1025
Skipped Seq from 1026 to 1032
Skipped Seq from 1032 to 1049
Skipped Seq from 1054 to 1056
Skipped Seq from 1057 to 1072
Skipped Seq from 1073 to 1075
Skipped Seq from 1076 to 1080
Skipped Seq from 1081 to 1086
Skipped Seq from 1092 to 1111
Skipped Seq from 1111 to 1117
Skipped Seq from 1117 to 1119
Skipped Seq from 1120 to 1122
Skipped Seq from 1122 to 1124
Skipped Seq from 1127 to 1129
Skipped Seq from 1133 to 1138
Skipped Seq from 1146 to 1150
Skipped Seq from 1150 to 1159
Skipped Seq from 1166 to 1168
Skipped Seq from 1168 to 1170
Skipped Seq from 1170 to 1180
Skipped Seq from 1180 to 1195
Skipped Seq from 1195 to 1199
Skipped Seq from 1199 to 1211
Skipped Seq from 1212 to 1220
Skipped Seq from 1226 to 1229
Skipped Seq from 1229 to 1232
Skipped Seq from 1236 to 1238
Skipped Seq from 1240 to 1253
Skipped Seq from 1253 to 1255
Skipped Seq from 1255 to 1260
Skipped Seq from 1260 to 1263
Skipped Seq from 1263 to 1267
Skipped Seq from 1267 to 1275
Skipped Seq from 1278 to 1283
Skipped Seq from 1287 to 1292
Skipped Seq from 1295 to 1299
Skipped Seq from 1303 to 1317
Skipped Seq from 1319 to 1324
Skipped Seq from 1324 to 1328
Skipped Seq from 1328 to 1332
Skipped Seq from 1336 to 1341
Skipped Seq from 1341 to 1351
Skipped Seq from 1351 to 1362
Skipped Seq from 1364 to 1372
Skipped Seq from 1372 to 1392
Skipped Seq from 1393 to 1397
Skipped Seq from 1401 to 1403
Skipped Seq from 1403 to 1406
Skipped Seq from 1410 to 1415
Skipped Seq from 1415 to 1418
Skipped Seq from 1419 to 1426
Skipped Seq from 1426 to 1430
Skipped Seq from 1430 to 1432
Skipped Seq from 1440 to 1442
Skipped Seq from 1442 to 1448
Skipped Seq from 1454 to 1468
Skipped Seq from 1470 to 1493
Skipped Seq from 1493 to 1503
Skipped Seq from 1504 to 1506
Skipped Seq from 1506 to 1525
Skipped Seq from 1525 to 1534
Skipped Seq from 1539 to 1548
Skipped Seq from 1548 to 1550
Skipped Seq from 1551 to 1555
Skipped Seq from 1555 to 1570
Skipped Seq from 1571 to 1577
Skipped Seq from 1577 to 1579
Skipped Seq from 1588 to 1594
Skipped Seq from 1601 to 1607
Skipped Seq from 1607 to 1609
Skipped Seq from 1610 to 1614
Skipped Seq from 1620 to 1622
Skipped Seq from 1622 to 1628
Skipped Seq from 1630 to 1633
Skipped Seq from 1633 to 1654
Skipped Seq from 1654 to 1663
Skipped Seq from 1664 to 1678
Skipped Seq from 1678 to 1689
Skipped Seq from 1689 to 1699
Skipped Seq from 1702 to 1708
Skipped Seq from 1709 to 1735
Skipped Seq from 1735 to 1755
Skipped Seq from 1760 to 1779
Skipped Seq from 1780 to 1783
Skipped Seq from 1785 to 1793
Skipped Seq from 1795 to 1817
Skipped Seq from 1819 to 1824
Skipped Seq from 1824 to 1829
Skipped Seq from 1831 to 1843
Skipped Seq from 1844 to 1846
Skipped Seq from 1855 to 1859
Skipped Seq from 1859 to 1872
Skipped Seq from 1877 to 1882
Skipped Seq from 1882 to 1887
Skipped Seq from 1887 to 1900
Skipped Seq from 1900 to 1906
Skipped Seq from 1907 to 1911
Skipped Seq from 1911 to 1918
Skipped Seq from 1918 to 1922
Skipped Seq from 1922 to 1927
Skipped Seq from 1935 to 1937
Skipped Seq from 1938 to 1940
Skipped Seq from 1940 to 1943
Skipped Seq from 1943 to 1957
Skipped Seq from 1958 to 1967
Skipped Seq from 1967 to 1992
Skipped Seq from 1997 to 2019
Skipped Seq from 2019 to 2032
Skipped Seq from 2032 to 2045
Skipped Seq from 2048 to 2054
Skipped Seq from 2056 to 2064
Skipped Seq from 2064 to 2069
Skipped Seq from 2073 to 2075
Skipped Seq from 2082 to 2084
Skipped Seq from 2084 to 2091
Skipped Seq from 2091 to 2095
Skipped Seq from 2095 to 2097
Skipped Seq from 2098 to 2105
Skipped Seq from 2105 to 2111
Skipped Seq from 2111 to 2117
Skipped Seq from 2117 to 2120
Skipped Seq from 2120 to 2138
Skipped Seq from 2144 to 2156
Skipped Seq from 2159 to 2165
Skipped Seq from 2166 to 2175
Skipped Seq from 2175 to 2190
Skipped Seq from 2191 to 2196
Skipped Seq from 2196 to 2205
Skipped Seq from 2215 to 2221
Skipped Seq from 2224 to 2230
Skipped Seq from 2230 to 2232
Skipped Seq from 2232 to 2237
Skipped Seq from 2237 to 2243
Skipped Seq from 2246 to 2248
Skipped Seq from 2264 to 2266
Skipped Seq from 2266 to 2275
Skipped Seq from 2277 to 2289
Skipped Seq from 2290 to 2293
Skipped Seq from 2297 to 2301
Skipped Seq from 2301 to 2304
Skipped Seq from 2304 to 2306
Skipped Seq from 2310 to 2323
Skipped Seq from 2324 to 2333
Skipped Seq from 2333 to 2336
Skipped Seq from 2337 to 2345
Skipped Seq from 2351 to 2354
Skipped Seq from 2355 to 2366
Skipped Seq from 2366 to 2374
Skipped Seq from 2374 to 2399
Skipped Seq from 2401 to 2403
Skipped Seq from 2403 to 2407
Skipped Seq from 2409 to 2415
Skipped Seq from 2415 to 2417
Skipped Seq from 2418 to 2433
Skipped Seq from 2434 to 2436
Skipped Seq from 2436 to 2448
Skipped Seq from 2453 to 2464
Skipped Seq from 2464 to 2485
Skipped Seq from 2487 to 2491
Skipped Seq from 2491 to 2493
Skipped Seq from 2493 to 2522
Skipped Seq from 2530 to 2535
Skipped Seq from 2538 to 2544
Skipped Seq from 2545 to 2547
Skipped Seq from 2551 to 2560
Skipped Seq from 2561 to 2563
Skipped Seq from 2564 to 2571
Skipped Seq from 2571 to 2587
Skipped Seq from 2587 to 2598
Skipped Seq from 2599 to 2603
Skipped Seq from 2604 to 2608
Skipped Seq from 2608 to 2612
Skipped Seq from 2612 to 2629
Skipped Seq from 2629 to 2640
Skipped Seq from 2640 to 2643
Skipped Seq from 2643 to 2647
Skipped Seq from 2647 to 2649
Skipped Seq from 2653 to 2657
Skipped Seq from 2657 to 2665
Skipped Seq from 2667 to 2669
Skipped Seq from 2669 to 2676
Skipped Seq from 2679 to 2684
Skipped Seq from 2684 to 2688
Skipped Seq from 2688 to 2705
Skipped Seq from 2715 to 2725
Skipped Seq from 2734 to 2736
Skipped Seq from 2736 to 2740
Skipped Seq from 2753 to 2756
Skipped Seq from 2757 to 2765
Skipped Seq from 2766 to 2774
Skipped Seq from 2774 to 2776
Skipped Seq from 2776 to 2783
Skipped Seq from 2784 to 2786
Skipped Seq from 2786 to 2796
Skipped Seq from 2796 to 2804
Skipped Seq from 2805 to 2809
Skipped Seq from 2809 to 2822
Skipped Seq from 2822 to 2838
Skipped Seq from 2838 to 2843
Skipped Seq from 2843 to 2845
Skipped Seq from 2848 to 2851
Skipped Seq from 2852 to 2856
Skipped Seq from 2863 to 2865
Skipped Seq from 2867 to 2891
Skipped Seq from 2898 to 2902
Skipped Seq from 2902 to 2904
Skipped Seq from 2907 to 2913
Skipped Seq from 2919 to 2939
Skipped Seq from 2939 to 2955
Skipped Seq from 2955 to 2963
Skipped Seq from 2965 to 2972
Skipped Seq from 2975 to 2990
Skipped Seq from 2993 to 2998
Skipped Seq from 2998 to 3005
Skipped Seq from 3005 to 3011
Skipped Seq from 3011 to 3015
Skipped Seq from 3015 to 3021
Skipped Seq from 3023 to 3039
Skipped Seq from 3040 to 3060
Skipped Seq from 3062 to 3075
Skipped Seq from 3075 to 3084
Skipped Seq from 3088 to 3090
Skipped Seq from 3090 to 3093
Skipped Seq from 3093 to 3095
Skipped Seq from 3106 to 3108
Skipped Seq from 3108 to 3110
Skipped Seq from 3110 to 3116
Skipped Seq from 3116 to 3120
Skipped Seq from 3121 to 3147
Skipped Seq from 3150 to 3154
Skipped Seq from 3154 to 3158
Skipped Seq from 3159 to 3161
Skipped Seq from 3161 to 3177
Skipped Seq from 3177 to 3189
Skipped Seq from 3190 to 3192
Skipped Seq from 3197 to 3202
Skipped Seq from 3202 to 3207
Skipped Seq from 3208 to 3213
Skipped Seq from 3214 to 3226
Skipped Seq from 3226 to 3241
Skipped Seq from 3241 to 3256
Skipped Seq from 3256 to 3262
Skipped Seq from 3262 to 3267
Skipped Seq from 3267 to 3269
Skipped Seq from 3269 to 3275
Skipped Seq from 3275 to 3278
Skipped Seq from 3286 to 3291
Skipped Seq from 3293 to 3301
Skipped Seq from 3303 to 3317
Skipped Seq from 3318 to 3332
Skipped Seq from 3337 to 3375
Skipped Seq from 3375 to 3382
Skipped Seq from 3382 to 3384
Skipped Seq from 3384 to 3387
Skipped Seq from 3389 to 3391
Skipped Seq from 3391 to 3393
Skipped Seq from 3394 to 3407
Skipped Seq from 3407 to 3424
Skipped Seq from 3424 to 3454
Skipped Seq from 3455 to 3530
Skipped Seq from 3535 to 3571
Skipped Seq from 3574 to 3577
Skipped Seq from 3577 to 3593
Skipped Seq from 3599 to 3631
Skipped Seq from 3631 to 3633
Skipped Seq from 3633 to 3640
Skipped Seq from 3640 to 3650
Skipped Seq from 3651 to 3678
Skipped Seq from 3681 to 3691
Skipped Seq from 3691 to 3695
Skipped Seq from 3695 to 3714
Skipped Seq from 3714 to 3719
Skipped Seq from 3721 to 3730
Skipped Seq from 3730 to 3765
Skipped Seq from 3768 to 3773
Skipped Seq from 3773 to 3778
Skipped Seq from 3778 to 3782
Skipped Seq from 3806 to 3820
Skipped Seq from 3824 to 3835
Skipped Seq from 3839 to 3841
Skipped Seq from 3841 to 3843
Skipped Seq from 3862 to 3882
Skipped Seq from 3882 to 3911
Skipped Seq from 3911 to 3938
Skipped Seq from 3938 to 3940
Skipped Seq from 3940 to 3946
Skipped Seq from 3966 to 3986
Skipped Seq from 3988 to 4022
Skipped Seq from 4022 to 4042
Skipped Seq from 4044 to 4068
Skipped Seq from 4068 to 4087
Skipped Seq from 4087 to 4125
Skipped Seq from 4125 to 4148
Skipped Seq from 4148 to 4167
Skipped Seq from 4167 to 4209
Skipped Seq from 4209 to 4222
Skipped Seq from 4224 to 4233
Skipped Seq from 4233 to 4235
Skipped Seq from 4235 to 4240
Skipped Seq from 4245 to 4264
Skipped Seq from 4265 to 4268
Skipped Seq from 4268 to 4272
Skipped Seq from 4272 to 4279
Skipped Seq from 4280 to 4285
Skipped Seq from 4285 to 4289
Skipped Seq from 4289 to 4291
Skipped Seq from 4291 to 4297
Skipped Seq from 4300 to 4303
Skipped Seq from 4303 to 4306
Skipped Seq from 4306 to 4309
Skipped Seq from 4311 to 4325
Skipped Seq from 4325 to 4333
Skipped Seq from 4333 to 4336
Skipped Seq from 4337 to 4339
Skipped Seq from 4340 to 4345
Skipped Seq from 4347 to 4352
Skipped Seq from 4352 to 4356
Skipped Seq from 4357 to 4363
Skipped Seq from 4363 to 4368
Skipped Seq from 4368 to 4371
Skipped Seq from 4371 to 4376
Skipped Seq from 4376 to 4378
Skipped Seq from 4378 to 4406
Skipped Seq from 4406 to 4414
Skipped Seq from 4415 to 4417
Skipped Seq from 4419 to 4434
Skipped Seq from 4437 to 4440
Skipped Seq from 4449 to 4454
Skipped Seq from 4454 to 4462
Skipped Seq from 4462 to 4475
Skipped Seq from 4476 to 4479
Skipped Seq from 4479 to 4482
Skipped Seq from 4482 to 4502
Skipped Seq from 4502 to 4509
Skipped Seq from 4510 to 4515
Skipped Seq from 4523 to 4526
Skipped Seq from 4526 to 4531
Skipped Seq from 4531 to 4534
Skipped Seq from 4534 to 4540
Skipped Seq from 4540 to 4543
Skipped Seq from 4543 to 4545
Skipped Seq from 4559 to 4582
Skipped Seq from 4582 to 4600
Skipped Seq from 4600 to 4604
Skipped Seq from 4604 to 4606
Skipped Seq from 4606 to 4611
Skipped Seq from 4611 to 4635
Skipped Seq from 4635 to 4647
Skipped Seq from 4656 to 4661
Skipped Seq from 4665 to 4673
Skipped Seq from 4673 to 4684
Skipped Seq from 4684 to 4698
Skipped Seq from 4703 to 4718
Skipped Seq from 4718 to 4724
Skipped Seq from 4730 to 4744
Skipped Seq from 4748 to 4765
Skipped Seq from 4786 to 4793
Skipped Seq from 4793 to 4797
Skipped Seq from 4797 to 4799
Skipped Seq from 4799 to 4833
Skipped Seq from 4833 to 4848
Skipped Seq from 4848 to 4936
Skipped Seq from 4938 to 4991
Skipped Seq from 4991 to 4999
Skipped Seq from 5013 to 5016
Skipped Seq from 5021 to 5044
Skipped Seq from 5046 to 5059
Skipped Seq from 5059 to 5062
Skipped Seq from 5071 to 5088
Skipped Seq from 5094 to 5102
Skipped Seq from 5114 to 5120
Skipped Seq from 5122 to 5124
Skipped Seq from 5140 to 5143
Skipped Seq from 5168 to 5178
Skipped Seq from 5179 to 5188
Skipped Seq from 5189 to 5194
Skipped Seq from 5194 to 5196
Skipped Seq from 5196 to 5208
Skipped Seq from 5214 to 5217
Skipped Seq from 5217 to 5221
Skipped Seq from 5222 to 5231
Skipped Seq from 5231 to 5233
Skipped Seq from 5294 to 5302
Skipped Seq from 5303 to 5307
Skipped Seq from 5307 to 5318
Skipped Seq from 5334 to 5343
Skipped Seq from 5344 to 5356
Skipped Seq from 5356 to 5378
Number of times throttled: 6
Received: 1800 / 5395 packets
Start time: 1332846120.073370
End time: 1332846138.044898
Duration: 17.971528
