Starting client at 10.0.0.22:1280 with timeout:10
My IP address is 10.0.0.22Skipped Seq from 5 to 10
Recovered out of order packet from 10 to 6
Recovered out of order packet from 10 to 7
Recovered out of order packet from 10 to 8
Recovered out of order packet from 10 to 9
Skipped Seq from 230 to 234
Skipped Seq from 240 to 249
Skipped Seq from 249 to 256
Skipped Seq from 262 to 273
Skipped Seq from 273 to 287
Skipped Seq from 288 to 290
Skipped Seq from 290 to 298
Skipped Seq from 300 to 302
Skipped Seq from 302 to 305
Skipped Seq from 305 to 307
Skipped Seq from 308 to 314
Skipped Seq from 315 to 320
Skipped Seq from 320 to 328
Skipped Seq from 339 to 345
Skipped Seq from 346 to 348
Skipped Seq from 348 to 351
Skipped Seq from 353 to 360
Skipped Seq from 362 to 367
Skipped Seq from 373 to 383
Skipped Seq from 392 to 399
Skipped Seq from 399 to 404
Skipped Seq from 408 to 413
Skipped Seq from 413 to 416
Skipped Seq from 421 to 424
Skipped Seq from 430 to 443
Skipped Seq from 443 to 446
Skipped Seq from 450 to 456
Skipped Seq from 462 to 470
Skipped Seq from 472 to 477
Skipped Seq from 480 to 489
Skipped Seq from 489 to 498
Skipped Seq from 498 to 502
Skipped Seq from 503 to 508
Skipped Seq from 517 to 524
Skipped Seq from 524 to 526
Skipped Seq from 530 to 538
Skipped Seq from 538 to 550
Skipped Seq from 553 to 557
Skipped Seq from 603 to 613
Skipped Seq from 613 to 618
Skipped Seq from 627 to 631
Skipped Seq from 632 to 634
Skipped Seq from 634 to 637
Skipped Seq from 641 to 658
Skipped Seq from 668 to 678
Skipped Seq from 678 to 687
Skipped Seq from 690 to 692
Skipped Seq from 692 to 705
Skipped Seq from 705 to 708
Skipped Seq from 711 to 715
Skipped Seq from 716 to 719
Skipped Seq from 720 to 728
Skipped Seq from 728 to 740
Skipped Seq from 740 to 745
Skipped Seq from 747 to 761
Skipped Seq from 761 to 769
Skipped Seq from 771 to 773
Skipped Seq from 787 to 790
Skipped Seq from 798 to 802
Skipped Seq from 802 to 811
Skipped Seq from 811 to 814
Skipped Seq from 815 to 819
Skipped Seq from 827 to 829
Skipped Seq from 830 to 834
Skipped Seq from 834 to 836
Skipped Seq from 836 to 844
Skipped Seq from 844 to 846
Skipped Seq from 846 to 848
Skipped Seq from 849 to 851
Skipped Seq from 854 to 857
Skipped Seq from 857 to 865
Skipped Seq from 865 to 873
Skipped Seq from 874 to 879
Skipped Seq from 879 to 884
Skipped Seq from 884 to 886
Skipped Seq from 886 to 890
Skipped Seq from 890 to 895
Skipped Seq from 895 to 903
Skipped Seq from 912 to 917
Skipped Seq from 917 to 919
Skipped Seq from 919 to 931
Skipped Seq from 931 to 933
Skipped Seq from 935 to 940
Skipped Seq from 940 to 949
Skipped Seq from 949 to 951
Skipped Seq from 952 to 960
Skipped Seq from 965 to 967
Skipped Seq from 968 to 970
Skipped Seq from 971 to 973
Skipped Seq from 973 to 975
Skipped Seq from 975 to 978
Skipped Seq from 978 to 981
Skipped Seq from 981 to 985
Skipped Seq from 987 to 991
Skipped Seq from 993 to 998
Skipped Seq from 1008 to 1022
Skipped Seq from 1023 to 1026
Skipped Seq from 1026 to 1030
Skipped Seq from 1031 to 1035
Skipped Seq from 1035 to 1037
Skipped Seq from 1037 to 1040
Skipped Seq from 1042 to 1046
Skipped Seq from 1046 to 1048
Skipped Seq from 1049 to 1054
Skipped Seq from 1054 to 1057
Skipped Seq from 1057 to 1060
Skipped Seq from 1060 to 1064
Skipped Seq from 1066 to 1068
Skipped Seq from 1068 to 1072
Skipped Seq from 1073 to 1076
Skipped Seq from 1076 to 1079
Skipped Seq from 1084 to 1087
Skipped Seq from 1093 to 1105
Skipped Seq from 1108 to 1113
Skipped Seq from 1116 to 1122
Skipped Seq from 1129 to 1133
Skipped Seq from 1139 to 1153
Skipped Seq from 1153 to 1155
Skipped Seq from 1155 to 1158
Skipped Seq from 1158 to 1164
Skipped Seq from 1164 to 1167
Skipped Seq from 1167 to 1170
Skipped Seq from 1170 to 1180
Skipped Seq from 1180 to 1182
Skipped Seq from 1187 to 1200
Skipped Seq from 1200 to 1206
Skipped Seq from 1206 to 1218
Skipped Seq from 1218 to 1220
Skipped Seq from 1220 to 1226
Skipped Seq from 1226 to 1235
Skipped Seq from 1235 to 1253
Skipped Seq from 1261 to 1263
Skipped Seq from 1263 to 1285
Skipped Seq from 1290 to 1301
Skipped Seq from 1301 to 1305
Skipped Seq from 1312 to 1314
Skipped Seq from 1314 to 1316
Skipped Seq from 1321 to 1336
Skipped Seq from 1336 to 1345
Skipped Seq from 1345 to 1349
Skipped Seq from 1350 to 1355
Skipped Seq from 1365 to 1371
Skipped Seq from 1371 to 1373
Skipped Seq from 1373 to 1379
Skipped Seq from 1383 to 1387
Skipped Seq from 1387 to 1404
Skipped Seq from 1415 to 1419
Skipped Seq from 1419 to 1422
Skipped Seq from 1422 to 1439
Skipped Seq from 1439 to 1450
Skipped Seq from 1463 to 1472
Skipped Seq from 1489 to 1491
Skipped Seq from 1491 to 1493
Skipped Seq from 1503 to 1505
Skipped Seq from 1505 to 1511
Skipped Seq from 1516 to 1529
Skipped Seq from 1543 to 1573
Skipped Seq from 1573 to 1580
Skipped Seq from 1582 to 1584
Skipped Seq from 1584 to 1589
Skipped Seq from 1589 to 1593
Skipped Seq from 1594 to 1600
Skipped Seq from 1600 to 1605
Skipped Seq from 1607 to 1621
Skipped Seq from 1622 to 1625
Skipped Seq from 1625 to 1634
Skipped Seq from 1635 to 1637
Skipped Seq from 1638 to 1650
Skipped Seq from 1650 to 1659
Skipped Seq from 1660 to 1676
Skipped Seq from 1677 to 1679
Skipped Seq from 1680 to 1691
Skipped Seq from 1691 to 1694
Skipped Seq from 1694 to 1699
Skipped Seq from 1702 to 1705
Skipped Seq from 1705 to 1709
Skipped Seq from 1709 to 1712
Skipped Seq from 1713 to 1730
Skipped Seq from 1735 to 1741
Skipped Seq from 1741 to 1743
Skipped Seq from 1745 to 1755
Skipped Seq from 1762 to 1766
Skipped Seq from 1766 to 1769
Skipped Seq from 1769 to 1771
Skipped Seq from 1771 to 1775
Skipped Seq from 1776 to 1782
Skipped Seq from 1782 to 1786
Skipped Seq from 1786 to 1798
Skipped Seq from 1802 to 1809
Skipped Seq from 1809 to 1819
Skipped Seq from 1819 to 1822
Skipped Seq from 1822 to 1824
Skipped Seq from 1825 to 1837
Skipped Seq from 1838 to 1841
Skipped Seq from 1841 to 1844
Skipped Seq from 1847 to 1850
Skipped Seq from 1850 to 1853
Skipped Seq from 1854 to 1856
Skipped Seq from 1856 to 1861
Skipped Seq from 1861 to 1863
Skipped Seq from 1863 to 1865
Skipped Seq from 1867 to 1872
Skipped Seq from 1873 to 1883
Skipped Seq from 1884 to 1889
Skipped Seq from 1894 to 1896
Skipped Seq from 1904 to 1917
Skipped Seq from 1920 to 1922
Skipped Seq from 1922 to 1925
Skipped Seq from 1926 to 1934
Skipped Seq from 1935 to 1937
Skipped Seq from 1937 to 1939
Skipped Seq from 1941 to 1943
Skipped Seq from 1943 to 1953
Skipped Seq from 1955 to 1959
Skipped Seq from 1960 to 1962
Skipped Seq from 1968 to 1981
Skipped Seq from 1982 to 1984
Skipped Seq from 1984 to 1992
Skipped Seq from 1992 to 1996
Skipped Seq from 1996 to 1998
Skipped Seq from 1998 to 2002
Skipped Seq from 2002 to 2006
Skipped Seq from 2007 to 2019
Skipped Seq from 2022 to 2027
Skipped Seq from 2032 to 2041
Skipped Seq from 2041 to 2044
Skipped Seq from 2044 to 2046
Skipped Seq from 2046 to 2048
Skipped Seq from 2048 to 2051
Skipped Seq from 2051 to 2053
Skipped Seq from 2053 to 2056
Skipped Seq from 2056 to 2062
Skipped Seq from 2063 to 2067
Skipped Seq from 2068 to 2072
Skipped Seq from 2072 to 2074
Skipped Seq from 2075 to 2082
Skipped Seq from 2082 to 2085
Skipped Seq from 2087 to 2093
Skipped Seq from 2094 to 2099
Skipped Seq from 2099 to 2101
Skipped Seq from 2102 to 2106
Skipped Seq from 2106 to 2108
Skipped Seq from 2108 to 2112
Skipped Seq from 2121 to 2123
Skipped Seq from 2133 to 2158
Skipped Seq from 2174 to 2181
Skipped Seq from 2181 to 2193
Skipped Seq from 2193 to 2202
Skipped Seq from 2202 to 2209
Skipped Seq from 2209 to 2212
Skipped Seq from 2212 to 2215
Skipped Seq from 2215 to 2217
Skipped Seq from 2217 to 2219
Skipped Seq from 2219 to 2222
Skipped Seq from 2223 to 2225
Skipped Seq from 2225 to 2228
Skipped Seq from 2230 to 2234
Skipped Seq from 2240 to 2250
Skipped Seq from 2250 to 2255
Skipped Seq from 2266 to 2274
Skipped Seq from 2275 to 2278
Skipped Seq from 2298 to 2300
Skipped Seq from 2300 to 2305
Skipped Seq from 2322 to 2329
Skipped Seq from 2329 to 2334
Skipped Seq from 2335 to 2339
Skipped Seq from 2345 to 2349
Skipped Seq from 2350 to 2353
Skipped Seq from 2354 to 2357
Skipped Seq from 2359 to 2363
Skipped Seq from 2381 to 2385
Skipped Seq from 2385 to 2391
Skipped Seq from 2393 to 2399
Skipped Seq from 2402 to 2404
Skipped Seq from 2405 to 2411
Skipped Seq from 2413 to 2416
Skipped Seq from 2419 to 2423
Skipped Seq from 2423 to 2432
Skipped Seq from 2432 to 2445
Skipped Seq from 2452 to 2458
Skipped Seq from 2460 to 2463
Skipped Seq from 2463 to 2466
Skipped Seq from 2472 to 2477
Skipped Seq from 2477 to 2486
Skipped Seq from 2492 to 2494
Skipped Seq from 2499 to 2506
Skipped Seq from 2508 to 2510
Skipped Seq from 2513 to 2518
Skipped Seq from 2522 to 2526
Skipped Seq from 2528 to 2531
Skipped Seq from 2531 to 2535
Skipped Seq from 2539 to 2542
Skipped Seq from 2542 to 2544
Skipped Seq from 2546 to 2548
Skipped Seq from 2551 to 2553
Skipped Seq from 2553 to 2556
Skipped Seq from 2560 to 2563
Skipped Seq from 2566 to 2570
Skipped Seq from 2578 to 2582
Skipped Seq from 2582 to 2584
Skipped Seq from 2584 to 2586
Skipped Seq from 2603 to 2608
Skipped Seq from 2609 to 2612
Skipped Seq from 2630 to 2637
Skipped Seq from 2681 to 2689
Skipped Seq from 2689 to 2691
Skipped Seq from 2713 to 2716
Skipped Seq from 2720 to 2722
Skipped Seq from 2723 to 2727
Skipped Seq from 2728 to 2733
Skipped Seq from 2793 to 2797
Skipped Seq from 2806 to 2809
Skipped Seq from 2813 to 2815
Skipped Seq from 2817 to 2819
Skipped Seq from 2834 to 2840
Skipped Seq from 2842 to 2844
Skipped Seq from 2853 to 2856
Skipped Seq from 2856 to 2863
Skipped Seq from 2863 to 2868
Skipped Seq from 2868 to 2873
Skipped Seq from 2916 to 2920
Skipped Seq from 2924 to 2926
Skipped Seq from 2929 to 2939
Skipped Seq from 2958 to 2962
Skipped Seq from 3041 to 3047
Skipped Seq from 3047 to 3051
Skipped Seq from 3054 to 3056
Skipped Seq from 3069 to 3075
Skipped Seq from 3079 to 3083
Skipped Seq from 3129 to 3133
Skipped Seq from 7710 to 7713
Skipped Seq from 7713 to 7722
Skipped Seq from 7722 to 7743
Skipped Seq from 7743 to 7760
Skipped Seq from 7764 to 7767
Skipped Seq from 7767 to 7772
Skipped Seq from 7772 to 7777
Skipped Seq from 7777 to 7782
Skipped Seq from 7801 to 7804
Skipped Seq from 7805 to 7812
Skipped Seq from 7812 to 7821
Skipped Seq from 7821 to 7833
Skipped Seq from 7833 to 7849
Skipped Seq from 7849 to 7851
Skipped Seq from 7852 to 7859
Skipped Seq from 7860 to 7862
Skipped Seq from 7863 to 7869
Skipped Seq from 7869 to 7871
Skipped Seq from 7871 to 7882
Skipped Seq from 7882 to 7885
Skipped Seq from 7888 to 7894
Skipped Seq from 7894 to 7898
Skipped Seq from 7904 to 7906
Skipped Seq from 7906 to 7932
Skipped Seq from 7932 to 7948
Skipped Seq from 7964 to 7971
Skipped Seq from 7972 to 7986
Skipped Seq from 7986 to 8002
Skipped Seq from 8002 to 8009
Skipped Seq from 8009 to 8012
Skipped Seq from 8012 to 8015
Skipped Seq from 8016 to 8021
Skipped Seq from 8023 to 8032
Skipped Seq from 8037 to 8042
Skipped Seq from 8042 to 8052
Skipped Seq from 8055 to 8063
Skipped Seq from 8070 to 8074
Skipped Seq from 8113 to 8129
Skipped Seq from 8129 to 8138
Skipped Seq from 8138 to 8148
Skipped Seq from 8148 to 8152
Skipped Seq from 8152 to 8156
Skipped Seq from 8160 to 8163
Skipped Seq from 8163 to 8165
Skipped Seq from 8165 to 8167
Skipped Seq from 8167 to 8169
Skipped Seq from 8169 to 8177
Skipped Seq from 8195 to 8200
Skipped Seq from 8200 to 8210
Skipped Seq from 8210 to 8217
Skipped Seq from 8219 to 8234
Skipped Seq from 8234 to 8272
Skipped Seq from 8279 to 8289
Skipped Seq from 8289 to 8294
Skipped Seq from 8302 to 8308
Skipped Seq from 8312 to 8319
Skipped Seq from 8321 to 8323
Skipped Seq from 8323 to 8327
Skipped Seq from 8329 to 8343
Skipped Seq from 8343 to 8368
Skipped Seq from 8369 to 8375
Skipped Seq from 8381 to 8390
Skipped Seq from 8402 to 8410
Skipped Seq from 8411 to 8418
Skipped Seq from 8418 to 8420
Skipped Seq from 8420 to 8424
Skipped Seq from 8426 to 8444
Skipped Seq from 8453 to 8470
Skipped Seq from 8476 to 8480
Skipped Seq from 8480 to 8498
Skipped Seq from 8498 to 8514
Skipped Seq from 8517 to 8536
Skipped Seq from 8538 to 8542
Skipped Seq from 8542 to 8547
Skipped Seq from 8554 to 8560
Skipped Seq from 8560 to 8589
Skipped Seq from 8609 to 8623
Skipped Seq from 8625 to 8638
Skipped Seq from 8638 to 8661
Skipped Seq from 8661 to 8667
Skipped Seq from 8683 to 8697
Skipped Seq from 8720 to 8731
Skipped Seq from 8731 to 8735
Skipped Seq from 8735 to 8742
Skipped Seq from 8750 to 8757
Skipped Seq from 8772 to 8781
Skipped Seq from 8782 to 8791
Skipped Seq from 8791 to 8793
Skipped Seq from 8793 to 8799
Skipped Seq from 8811 to 8817
Skipped Seq from 8818 to 8837
Skipped Seq from 8837 to 8839
Skipped Seq from 8865 to 8869
Skipped Seq from 8893 to 8896
Skipped Seq from 8896 to 8901
Skipped Seq from 8946 to 8962
Skipped Seq from 8964 to 8967
Skipped Seq from 8967 to 8975
Skipped Seq from 8975 to 8979
Skipped Seq from 8979 to 8988
Skipped Seq from 8989 to 8992
Skipped Seq from 8992 to 9015
Skipped Seq from 9046 to 9051
Skipped Seq from 9051 to 9069
Skipped Seq from 9072 to 9082
Skipped Seq from 9084 to 9086
Skipped Seq from 9137 to 9152
Skipped Seq from 9152 to 9154
Skipped Seq from 9159 to 9169
Skipped Seq from 9183 to 9186
Skipped Seq from 9186 to 9203
Skipped Seq from 9220 to 9227
Skipped Seq from 9227 to 9229
Skipped Seq from 9230 to 9249
Skipped Seq from 9249 to 9257
Skipped Seq from 9281 to 9283
Skipped Seq from 9286 to 9288
Skipped Seq from 9288 to 9290
Skipped Seq from 9290 to 9292
Skipped Seq from 9292 to 9294
Skipped Seq from 9295 to 9302
Skipped Seq from 10835 to 10838
Skipped Seq from 12949 to 12979
Skipped Seq from 12979 to 12999
Skipped Seq from 12999 to 13055
Skipped Seq from 13055 to 13069
Skipped Seq from 13069 to 13121
Skipped Seq from 13121 to 13123
Skipped Seq from 13168 to 13203
Skipped Seq from 13203 to 13250
Skipped Seq from 13250 to 13302
Skipped Seq from 13307 to 13310
Skipped Seq from 13310 to 13315
Skipped Seq from 13315 to 13317
Skipped Seq from 13317 to 13370
Skipped Seq from 13370 to 13436
Skipped Seq from 13439 to 13484
Skipped Seq from 13484 to 13522
Skipped Seq from 13525 to 13531
Skipped Seq from 13533 to 13548
Skipped Seq from 13548 to 13565
Skipped Seq from 13565 to 13569
Skipped Seq from 13569 to 13571
Skipped Seq from 13578 to 13600
Skipped Seq from 13614 to 13625
Skipped Seq from 13625 to 13672
Skipped Seq from 13672 to 13723
Skipped Seq from 13724 to 13770
Skipped Seq from 13770 to 13782
Skipped Seq from 13782 to 13838
Skipped Seq from 13838 to 13863
Skipped Seq from 13863 to 13876
Skipped Seq from 13876 to 13916
Skipped Seq from 13916 to 13949
Skipped Seq from 13949 to 13956
Skipped Seq from 13969 to 13988
Skipped Seq from 13988 to 13990
Skipped Seq from 14007 to 14012
Skipped Seq from 14013 to 14021
Skipped Seq from 14021 to 14024
Skipped Seq from 14025 to 14031
Skipped Seq from 14035 to 14043
Skipped Seq from 14045 to 14052
Skipped Seq from 14052 to 14061
Skipped Seq from 14074 to 14082
Skipped Seq from 14082 to 14084
Skipped Seq from 14084 to 14094
Skipped Seq from 14095 to 14100
Skipped Seq from 14102 to 14110
Skipped Seq from 14110 to 14112
Skipped Seq from 14123 to 14130
Skipped Seq from 14130 to 14133
Skipped Seq from 14141 to 14166
Skipped Seq from 14166 to 14178
Skipped Seq from 14178 to 14189
Skipped Seq from 14189 to 14192
Skipped Seq from 14192 to 14196
Skipped Seq from 14196 to 14199
Skipped Seq from 14199 to 14205
Skipped Seq from 14206 to 14211
Skipped Seq from 14219 to 14226
Skipped Seq from 14226 to 14232
Skipped Seq from 14232 to 14242
Skipped Seq from 14242 to 14244
Skipped Seq from 14244 to 14249
Skipped Seq from 14251 to 14270
Skipped Seq from 14272 to 14297
Skipped Seq from 14310 to 14325
Skipped Seq from 14325 to 14341
Skipped Seq from 14347 to 14353
Skipped Seq from 14355 to 14371
Skipped Seq from 14377 to 14425
Skipped Seq from 14425 to 14430
Skipped Seq from 14430 to 14436
Skipped Seq from 14441 to 14451
Skipped Seq from 14455 to 14458
Skipped Seq from 14458 to 14467
Skipped Seq from 14469 to 14482
Skipped Seq from 14483 to 14490
Skipped Seq from 14490 to 14495
Skipped Seq from 14496 to 14513
Skipped Seq from 14513 to 14516
Skipped Seq from 14526 to 14554
Skipped Seq from 14554 to 14577
Skipped Seq from 14594 to 14608
Skipped Seq from 14608 to 14623
Skipped Seq from 14623 to 14631
Skipped Seq from 14631 to 14636
Skipped Seq from 14636 to 14638
Skipped Seq from 14642 to 14647
Skipped Seq from 14647 to 14653
Skipped Seq from 14653 to 14659
Skipped Seq from 14668 to 14672
Skipped Seq from 14672 to 14688
Skipped Seq from 14698 to 14700
Skipped Seq from 14707 to 14712
Skipped Seq from 14712 to 14714
Skipped Seq from 14723 to 14736
Skipped Seq from 14736 to 14741
Skipped Seq from 14741 to 14743
Skipped Seq from 14747 to 14752
Skipped Seq from 14756 to 14763
Skipped Seq from 14764 to 14768
Skipped Seq from 14771 to 14781
Skipped Seq from 14783 to 14808
Skipped Seq from 14813 to 14820
Skipped Seq from 14823 to 14827
Skipped Seq from 14829 to 14845
Skipped Seq from 14862 to 14868
Skipped Seq from 14868 to 14874
Skipped Seq from 14881 to 14887
Skipped Seq from 14890 to 14893
Skipped Seq from 14894 to 14896
Skipped Seq from 14896 to 14903
Skipped Seq from 14903 to 14905
Skipped Seq from 14906 to 14909
Skipped Seq from 14911 to 14921
Skipped Seq from 14921 to 14938
Skipped Seq from 14938 to 14956
Skipped Seq from 14958 to 14961
Skipped Seq from 14961 to 14967
Skipped Seq from 14967 to 14979
Skipped Seq from 14979 to 14985
Skipped Seq from 14985 to 14993
Skipped Seq from 14995 to 15005
Skipped Seq from 15005 to 15012
Skipped Seq from 15012 to 15026
Skipped Seq from 15026 to 15044
Skipped Seq from 15059 to 15073
Skipped Seq from 15082 to 15086
Skipped Seq from 15086 to 15088
Skipped Seq from 15089 to 15094
Skipped Seq from 15268 to 15288
Skipped Seq from 15293 to 15304
Skipped Seq from 15304 to 15316
Skipped Seq from 15320 to 15329
Skipped Seq from 15364 to 15368
Skipped Seq from 15368 to 15375
Skipped Seq from 15375 to 15399
Skipped Seq from 15435 to 15442
Skipped Seq from 15442 to 15458
Skipped Seq from 15458 to 15467
Skipped Seq from 15467 to 15471
Skipped Seq from 15579 to 15593
Skipped Seq from 15593 to 15595
Skipped Seq from 15627 to 15642
Skipped Seq from 17020 to 17074
Skipped Seq from 17074 to 17098
Skipped Seq from 17098 to 17145
Skipped Seq from 17150 to 17153
Skipped Seq from 17153 to 17162
Skipped Seq from 17163 to 17246
Skipped Seq from 17270 to 17274
Skipped Seq from 17274 to 17279
Skipped Seq from 17279 to 17281
Skipped Seq from 17281 to 17285
Skipped Seq from 17285 to 17288
Skipped Seq from 17345 to 17361
Skipped Seq from 17416 to 17484
Skipped Seq from 17484 to 17511
Skipped Seq from 17560 to 17574
Skipped Seq from 17574 to 17591
Skipped Seq from 17591 to 17594
Skipped Seq from 17594 to 17609
Skipped Seq from 17609 to 17619
Skipped Seq from 17655 to 17673
Skipped Seq from 17673 to 17676
Skipped Seq from 17681 to 17706
Skipped Seq from 17706 to 17713
Skipped Seq from 17731 to 17766
Skipped Seq from 17766 to 17794
Skipped Seq from 17794 to 17820
Skipped Seq from 17831 to 17851
Skipped Seq from 17851 to 17885
Skipped Seq from 17896 to 17902
Skipped Seq from 17904 to 17916
Skipped Seq from 17916 to 17922
Skipped Seq from 17922 to 17929
Skipped Seq from 17929 to 17936
Skipped Seq from 17937 to 17970
Skipped Seq from 17976 to 17980
Skipped Seq from 17980 to 17984
Skipped Seq from 17984 to 17992
Skipped Seq from 17992 to 17998
Skipped Seq from 17998 to 18017
Skipped Seq from 18017 to 18031
Skipped Seq from 18080 to 18089
Skipped Seq from 18089 to 18123
Skipped Seq from 18138 to 18168
Skipped Seq from 18168 to 18187
Skipped Seq from 18187 to 18190
Skipped Seq from 18191 to 18231
Skipped Seq from 18231 to 18247
Skipped Seq from 18250 to 18252
Number of times throttled: 12
Received: 13233 / 18259 packets
Start time: 1332846554.121147
End time: 1332846590.544229
Duration: 36.423082
