Starting client at 10.0.0.20:1274 with timeout:10
My IP address is 10.0.0.20Skipped Seq from 265 to 268
Skipped Seq from 268 to 288
Skipped Seq from 288 to 306
Skipped Seq from 306 to 315
Skipped Seq from 381 to 386
Skipped Seq from 386 to 406
Skipped Seq from 406 to 408
Skipped Seq from 411 to 428
Skipped Seq from 428 to 446
Skipped Seq from 446 to 451
Skipped Seq from 522 to 524
Skipped Seq from 616 to 620
Skipped Seq from 620 to 623
Skipped Seq from 623 to 625
Skipped Seq from 637 to 639
Skipped Seq from 646 to 648
Skipped Seq from 685 to 711
Skipped Seq from 711 to 716
Skipped Seq from 779 to 781
Skipped Seq from 781 to 803
Skipped Seq from 803 to 806
Skipped Seq from 806 to 833
Skipped Seq from 833 to 838
Skipped Seq from 850 to 873
Skipped Seq from 873 to 881
Skipped Seq from 1000 to 1002
Skipped Seq from 1273 to 1284
Skipped Seq from 1341 to 1346
Skipped Seq from 1389 to 1400
Skipped Seq from 1706 to 1718
Skipped Seq from 1767 to 1799
Skipped Seq from 1824 to 1884
Skipped Seq from 2246 to 2291
Skipped Seq from 2291 to 2295
Skipped Seq from 2350 to 2362
Skipped Seq from 2362 to 2387
Skipped Seq from 2387 to 2391
Skipped Seq from 2414 to 2436
Skipped Seq from 2436 to 2470
Skipped Seq from 2491 to 2540
Skipped Seq from 2540 to 2564
Skipped Seq from 2589 to 2601
Skipped Seq from 2601 to 2626
Skipped Seq from 2626 to 2646
Skipped Seq from 2646 to 2679
Skipped Seq from 2680 to 2707
Skipped Seq from 2741 to 2752
Skipped Seq from 2752 to 2759
Skipped Seq from 2759 to 2764
Skipped Seq from 2764 to 2808
Skipped Seq from 2808 to 2812
Skipped Seq from 2831 to 2833
Skipped Seq from 2833 to 2835
Skipped Seq from 2835 to 2863
Skipped Seq from 2863 to 2912
Skipped Seq from 2927 to 2935
Skipped Seq from 2935 to 2949
Skipped Seq from 2951 to 2988
Skipped Seq from 2989 to 3016
Skipped Seq from 3016 to 3033
Skipped Seq from 3053 to 3103
Skipped Seq from 3103 to 3125
Skipped Seq from 3157 to 3161
Skipped Seq from 3161 to 3212
Skipped Seq from 3212 to 3232
Skipped Seq from 3232 to 3237
Skipped Seq from 3237 to 3240
Skipped Seq from 3242 to 3244
Skipped Seq from 3247 to 3283
Skipped Seq from 3285 to 3300
Skipped Seq from 3300 to 3312
Skipped Seq from 3312 to 3323
Skipped Seq from 3323 to 3341
Skipped Seq from 3374 to 3409
Skipped Seq from 3409 to 3416
Skipped Seq from 3426 to 3444
Skipped Seq from 3444 to 3451
Skipped Seq from 3468 to 3477
Skipped Seq from 3529 to 3543
Skipped Seq from 3543 to 3601
Skipped Seq from 3601 to 3640
Skipped Seq from 3640 to 3708
Skipped Seq from 3708 to 3749
Skipped Seq from 3751 to 3797
Skipped Seq from 3797 to 3806
Skipped Seq from 3806 to 3815
Skipped Seq from 3815 to 3819
Skipped Seq from 3823 to 3852
Skipped Seq from 3852 to 3874
Skipped Seq from 3879 to 3883
Skipped Seq from 3883 to 3894
Skipped Seq from 3925 to 3936
Skipped Seq from 3936 to 3941
Skipped Seq from 3966 to 3996
Skipped Seq from 3996 to 4007
Skipped Seq from 4012 to 4026
Skipped Seq from 4026 to 4047
Skipped Seq from 4047 to 4109
Skipped Seq from 4109 to 4123
Skipped Seq from 4128 to 4137
Skipped Seq from 4179 to 4203
Skipped Seq from 4203 to 4208
Skipped Seq from 4211 to 4215
Skipped Seq from 4215 to 4241
Skipped Seq from 4246 to 4248
Skipped Seq from 4248 to 4261
Skipped Seq from 4261 to 4339
Skipped Seq from 4339 to 4352
Skipped Seq from 4381 to 4388
Skipped Seq from 4400 to 4447
Skipped Seq from 4447 to 4476
Skipped Seq from 4476 to 4509
Skipped Seq from 4509 to 4520
Skipped Seq from 4525 to 4553
Skipped Seq from 4553 to 4587
Skipped Seq from 4606 to 4620
Skipped Seq from 4623 to 4649
Skipped Seq from 4659 to 4701
Skipped Seq from 4702 to 4720
Skipped Seq from 4720 to 4757
Skipped Seq from 4757 to 4778
Skipped Seq from 4798 to 4802
Skipped Seq from 4802 to 4850
Skipped Seq from 4850 to 4927
Skipped Seq from 4927 to 4968
Skipped Seq from 4968 to 4978
Skipped Seq from 4990 to 5012
Skipped Seq from 5012 to 5029
Skipped Seq from 5035 to 5081
Skipped Seq from 5081 to 5087
Skipped Seq from 5087 to 5092
Skipped Seq from 5092 to 5097
Skipped Seq from 5097 to 5102
Skipped Seq from 5102 to 5110
Skipped Seq from 5110 to 5116
Skipped Seq from 5127 to 5149
Skipped Seq from 5149 to 5155
Skipped Seq from 5155 to 5197
Skipped Seq from 5243 to 5252
Skipped Seq from 5252 to 5327
Skipped Seq from 5354 to 5401
Skipped Seq from 5401 to 5466
Skipped Seq from 5466 to 5491
Skipped Seq from 5546 to 5573
Skipped Seq from 5573 to 5624
Skipped Seq from 5626 to 5680
Skipped Seq from 5743 to 5749
Skipped Seq from 5749 to 5811
Skipped Seq from 5811 to 5813
Skipped Seq from 5824 to 5845
Skipped Seq from 5845 to 5910
Skipped Seq from 5934 to 5956
Skipped Seq from 5963 to 5970
Number of times throttled: 9
Received: 3253 / 6353 packets
Start time: 1332846878.097989
End time: 1332846898.476568
Duration: 20.378579
