Starting client at 10.0.0.15:1264 with timeout:10
My IP address is 10.0.0.15Skipped Seq from 8 to 18
Skipped Seq from 18 to 22
Skipped Seq from 22 to 24
Skipped Seq from 32 to 45
Skipped Seq from 47 to 63
Skipped Seq from 63 to 66
Skipped Seq from 66 to 78
Skipped Seq from 78 to 80
Skipped Seq from 80 to 83
Skipped Seq from 86 to 91
Skipped Seq from 91 to 102
Skipped Seq from 102 to 112
Skipped Seq from 112 to 114
Skipped Seq from 114 to 131
Skipped Seq from 133 to 137
Skipped Seq from 137 to 141
Skipped Seq from 153 to 155
Skipped Seq from 155 to 160
Skipped Seq from 160 to 162
Skipped Seq from 162 to 169
Skipped Seq from 169 to 172
Skipped Seq from 172 to 175
Skipped Seq from 176 to 202
Skipped Seq from 202 to 215
Skipped Seq from 215 to 223
Skipped Seq from 223 to 230
Skipped Seq from 230 to 246
Skipped Seq from 246 to 248
Skipped Seq from 248 to 251
Skipped Seq from 251 to 265
Skipped Seq from 266 to 270
Skipped Seq from 270 to 272
Skipped Seq from 272 to 274
Skipped Seq from 274 to 287
Skipped Seq from 288 to 290
Skipped Seq from 290 to 292
Skipped Seq from 292 to 304
Skipped Seq from 304 to 309
Skipped Seq from 309 to 311
Skipped Seq from 311 to 313
Skipped Seq from 313 to 316
Skipped Seq from 316 to 325
Skipped Seq from 325 to 332
Skipped Seq from 336 to 344
Skipped Seq from 344 to 373
Skipped Seq from 373 to 387
Skipped Seq from 388 to 400
Skipped Seq from 400 to 404
Skipped Seq from 405 to 418
Skipped Seq from 418 to 421
Skipped Seq from 421 to 434
Skipped Seq from 434 to 439
Skipped Seq from 439 to 459
Skipped Seq from 459 to 462
Skipped Seq from 462 to 466
Skipped Seq from 543 to 554
Skipped Seq from 570 to 573
Skipped Seq from 573 to 594
Skipped Seq from 594 to 611
Skipped Seq from 611 to 626
Skipped Seq from 635 to 648
Skipped Seq from 648 to 672
Skipped Seq from 674 to 686
Skipped Seq from 686 to 706
Skipped Seq from 706 to 708
Skipped Seq from 708 to 725
Skipped Seq from 744 to 746
Skipped Seq from 751 to 753
Skipped Seq from 753 to 758
Skipped Seq from 758 to 763
Skipped Seq from 765 to 770
Skipped Seq from 770 to 782
Skipped Seq from 782 to 792
Skipped Seq from 792 to 803
Skipped Seq from 811 to 816
Skipped Seq from 817 to 831
Skipped Seq from 831 to 839
Skipped Seq from 839 to 841
Skipped Seq from 841 to 845
Skipped Seq from 845 to 847
Skipped Seq from 852 to 854
Skipped Seq from 856 to 862
Skipped Seq from 862 to 881
Skipped Seq from 882 to 896
Skipped Seq from 896 to 901
Skipped Seq from 902 to 904
Skipped Seq from 904 to 906
Skipped Seq from 906 to 908
Skipped Seq from 910 to 918
Skipped Seq from 922 to 925
Skipped Seq from 925 to 928
Skipped Seq from 928 to 930
Skipped Seq from 930 to 933
Skipped Seq from 937 to 942
Skipped Seq from 942 to 946
Skipped Seq from 946 to 948
Skipped Seq from 964 to 976
Skipped Seq from 976 to 982
Skipped Seq from 983 to 1004
Skipped Seq from 1005 to 1009
Skipped Seq from 1009 to 1016
Skipped Seq from 1016 to 1036
Skipped Seq from 1036 to 1049
Skipped Seq from 1050 to 1054
Skipped Seq from 1054 to 1060
Skipped Seq from 1060 to 1065
Skipped Seq from 1070 to 1073
Skipped Seq from 1073 to 1077
Skipped Seq from 1079 to 1083
Skipped Seq from 1083 to 1100
Skipped Seq from 1102 to 1104
Skipped Seq from 1104 to 1106
Skipped Seq from 1106 to 1117
Skipped Seq from 1117 to 1120
Skipped Seq from 1120 to 1125
Skipped Seq from 1125 to 1138
Skipped Seq from 1138 to 1141
Skipped Seq from 1141 to 1145
Skipped Seq from 1146 to 1148
Skipped Seq from 1149 to 1152
Skipped Seq from 1152 to 1157
Skipped Seq from 1157 to 1176
Skipped Seq from 1176 to 1190
Skipped Seq from 1190 to 1201
Skipped Seq from 1201 to 1209
Skipped Seq from 1209 to 1220
Skipped Seq from 1220 to 1229
Skipped Seq from 1229 to 1236
Skipped Seq from 1240 to 1242
Skipped Seq from 1242 to 1249
Skipped Seq from 1249 to 1253
Skipped Seq from 1256 to 1259
Skipped Seq from 1259 to 1264
Skipped Seq from 1266 to 1271
Skipped Seq from 1271 to 1274
Skipped Seq from 1275 to 1280
Skipped Seq from 1282 to 1290
Skipped Seq from 1291 to 1295
Skipped Seq from 1295 to 1297
Skipped Seq from 1298 to 1301
Skipped Seq from 1302 to 1305
Skipped Seq from 1306 to 1309
Skipped Seq from 1309 to 1323
Skipped Seq from 1323 to 1325
Skipped Seq from 1325 to 1335
Skipped Seq from 1335 to 1337
Skipped Seq from 1339 to 1345
Skipped Seq from 1345 to 1350
Skipped Seq from 1350 to 1352
Skipped Seq from 1352 to 1357
Skipped Seq from 1360 to 1363
Skipped Seq from 1363 to 1373
Skipped Seq from 1373 to 1378
Skipped Seq from 1378 to 1380
Skipped Seq from 1388 to 1390
Skipped Seq from 1405 to 1411
Skipped Seq from 1411 to 1413
Skipped Seq from 1413 to 1415
Skipped Seq from 1426 to 1440
Skipped Seq from 1441 to 1448
Skipped Seq from 1448 to 1456
Skipped Seq from 1456 to 1458
Skipped Seq from 1458 to 1464
Skipped Seq from 1464 to 1468
Skipped Seq from 1480 to 1488
Skipped Seq from 1489 to 1496
Skipped Seq from 1496 to 1500
Skipped Seq from 1500 to 1506
Skipped Seq from 1509 to 1517
Skipped Seq from 1517 to 1520
Skipped Seq from 1527 to 1536
Skipped Seq from 1536 to 1539
Skipped Seq from 1540 to 1552
Skipped Seq from 1552 to 1567
Skipped Seq from 1567 to 1573
Skipped Seq from 1573 to 1579
Skipped Seq from 1579 to 1581
Skipped Seq from 1581 to 1583
Skipped Seq from 1588 to 1605
Skipped Seq from 1605 to 1611
Skipped Seq from 1612 to 1615
Skipped Seq from 1616 to 1622
Skipped Seq from 1625 to 1631
Skipped Seq from 1640 to 1644
Skipped Seq from 1644 to 1648
Skipped Seq from 1650 to 1664
Skipped Seq from 1664 to 1666
Skipped Seq from 1666 to 1671
Skipped Seq from 1671 to 1681
Skipped Seq from 1681 to 1690
Skipped Seq from 1690 to 1695
Skipped Seq from 1695 to 1699
Skipped Seq from 1699 to 1707
Skipped Seq from 1714 to 1721
Skipped Seq from 1721 to 1728
Skipped Seq from 1728 to 1741
Skipped Seq from 1743 to 1821
Skipped Seq from 1821 to 1824
Skipped Seq from 1825 to 1827
Skipped Seq from 1827 to 1847
Skipped Seq from 1847 to 1852
Skipped Seq from 1868 to 1905
Skipped Seq from 1905 to 1915
Skipped Seq from 1921 to 1924
Skipped Seq from 1926 to 1935
Skipped Seq from 1937 to 1940
Skipped Seq from 1940 to 1942
Skipped Seq from 1942 to 1950
Skipped Seq from 1950 to 1954
Skipped Seq from 1959 to 1967
Skipped Seq from 1967 to 1969
Skipped Seq from 1970 to 1976
Skipped Seq from 1976 to 1978
Skipped Seq from 1985 to 1991
Skipped Seq from 1991 to 2003
Skipped Seq from 2008 to 2015
Skipped Seq from 2016 to 2020
Skipped Seq from 2020 to 2032
Skipped Seq from 2032 to 2044
Skipped Seq from 2044 to 2050
Skipped Seq from 2053 to 2062
Skipped Seq from 2062 to 2066
Skipped Seq from 2069 to 2074
Skipped Seq from 2074 to 2078
Skipped Seq from 2086 to 2088
Skipped Seq from 2091 to 2097
Skipped Seq from 2097 to 2109
Skipped Seq from 2109 to 2115
Skipped Seq from 2117 to 2119
Skipped Seq from 2124 to 2138
Skipped Seq from 2140 to 2143
Skipped Seq from 2143 to 2146
Skipped Seq from 2147 to 2150
Skipped Seq from 2150 to 2158
Skipped Seq from 2162 to 2168
Skipped Seq from 2184 to 2197
Skipped Seq from 2197 to 2201
Skipped Seq from 2203 to 2211
Skipped Seq from 2214 to 2216
Skipped Seq from 2216 to 2221
Skipped Seq from 2222 to 2227
Skipped Seq from 2227 to 2229
Skipped Seq from 2233 to 2236
Skipped Seq from 2236 to 2244
Skipped Seq from 2245 to 2249
Skipped Seq from 2249 to 2252
Skipped Seq from 2252 to 2254
Skipped Seq from 2259 to 2270
Skipped Seq from 2270 to 2273
Skipped Seq from 2276 to 2278
Skipped Seq from 2281 to 2288
Skipped Seq from 2288 to 2302
Skipped Seq from 2303 to 2305
Skipped Seq from 2305 to 2308
Skipped Seq from 2308 to 2315
Skipped Seq from 2315 to 2322
Skipped Seq from 2323 to 2325
Skipped Seq from 2328 to 2335
Skipped Seq from 2338 to 2345
Skipped Seq from 2345 to 2353
Skipped Seq from 2354 to 2367
Skipped Seq from 2382 to 2387
Skipped Seq from 2387 to 2402
Skipped Seq from 2405 to 2412
Skipped Seq from 2412 to 2432
Skipped Seq from 2432 to 2464
Skipped Seq from 2480 to 2483
Skipped Seq from 2483 to 2490
Skipped Seq from 2492 to 2499
Skipped Seq from 2499 to 2503
Skipped Seq from 2503 to 2511
Skipped Seq from 2511 to 2518
Skipped Seq from 2518 to 2526
Skipped Seq from 2527 to 2542
Skipped Seq from 2542 to 2547
Skipped Seq from 2547 to 2552
Skipped Seq from 2553 to 2557
Skipped Seq from 2557 to 2562
Skipped Seq from 2563 to 2590
Skipped Seq from 2590 to 2593
Skipped Seq from 2593 to 2596
Skipped Seq from 2603 to 2610
Skipped Seq from 2612 to 2615
Skipped Seq from 2618 to 2630
Skipped Seq from 2636 to 2638
Skipped Seq from 2640 to 2643
Skipped Seq from 2681 to 2683
Skipped Seq from 2687 to 2691
Skipped Seq from 2691 to 2712
Skipped Seq from 2716 to 2723
Skipped Seq from 2724 to 2732
Skipped Seq from 2741 to 2743
Skipped Seq from 2750 to 2754
Skipped Seq from 2772 to 2776
Skipped Seq from 2792 to 2801
Skipped Seq from 2806 to 2817
Skipped Seq from 2862 to 2864
Skipped Seq from 2882 to 2886
Skipped Seq from 2897 to 2903
Skipped Seq from 2909 to 2914
Skipped Seq from 2914 to 2920
Skipped Seq from 2943 to 2945
Skipped Seq from 2950 to 2956
Skipped Seq from 3029 to 3039
Skipped Seq from 3186 to 3189
Skipped Seq from 3264 to 3267
Skipped Seq from 3423 to 3433
Skipped Seq from 3502 to 3548
Skipped Seq from 3549 to 3551
Skipped Seq from 3568 to 3644
Skipped Seq from 3705 to 3741
Skipped Seq from 3966 to 3970
Skipped Seq from 6769 to 6791
Skipped Seq from 6791 to 6800
Skipped Seq from 6805 to 6817
Skipped Seq from 6817 to 6819
Skipped Seq from 6819 to 6836
Skipped Seq from 6836 to 6865
Skipped Seq from 6866 to 6898
Skipped Seq from 6898 to 6917
Skipped Seq from 6983 to 7019
Skipped Seq from 7019 to 7022
Skipped Seq from 7032 to 7072
Skipped Seq from 7121 to 7141
Skipped Seq from 7260 to 7263
Skipped Seq from 7297 to 7313
Skipped Seq from 7389 to 7411
Skipped Seq from 7411 to 7416
Skipped Seq from 7423 to 7442
Skipped Seq from 7458 to 7463
Skipped Seq from 7463 to 7471
Skipped Seq from 7471 to 7475
Skipped Seq from 7475 to 7488
Skipped Seq from 7512 to 7531
Skipped Seq from 7531 to 7544
Skipped Seq from 7622 to 7636
Skipped Seq from 7636 to 7655
Skipped Seq from 7655 to 7660
Skipped Seq from 7660 to 7685
Skipped Seq from 7688 to 7722
Skipped Seq from 7725 to 7737
Skipped Seq from 7737 to 7756
Skipped Seq from 7764 to 7774
Skipped Seq from 7774 to 7789
Skipped Seq from 7794 to 7811
Skipped Seq from 7934 to 7940
Skipped Seq from 7940 to 7955
Skipped Seq from 7973 to 7996
Skipped Seq from 7996 to 8012
Skipped Seq from 8018 to 8038
Skipped Seq from 8038 to 8040
Skipped Seq from 8040 to 8043
Skipped Seq from 8043 to 8048
Skipped Seq from 8049 to 8051
Skipped Seq from 8082 to 8125
Skipped Seq from 8125 to 8163
Skipped Seq from 8207 to 8227
Skipped Seq from 8227 to 8251
Skipped Seq from 8342 to 8350
Skipped Seq from 8350 to 8380
Skipped Seq from 8380 to 8404
Number of times throttled: 7
Received: 5541 / 8408 packets
Start time: 1332846440.725288
End time: 1332846462.888240
Duration: 22.162952
