Starting client at 10.0.0.24:1279 with timeout:10
My IP address is 10.0.0.24Skipped Seq from 7 to 18
Skipped Seq from 18 to 21
Skipped Seq from 26 to 34
Skipped Seq from 34 to 43
Skipped Seq from 43 to 46
Skipped Seq from 47 to 49
Skipped Seq from 52 to 55
Skipped Seq from 55 to 57
Skipped Seq from 57 to 61
Skipped Seq from 61 to 66
Skipped Seq from 66 to 68
Skipped Seq from 68 to 71
Skipped Seq from 71 to 92
Skipped Seq from 92 to 95
Skipped Seq from 107 to 126
Skipped Seq from 128 to 138
Skipped Seq from 143 to 148
Skipped Seq from 150 to 155
Skipped Seq from 159 to 169
Skipped Seq from 174 to 177
Skipped Seq from 177 to 180
Skipped Seq from 180 to 185
Skipped Seq from 192 to 196
Skipped Seq from 201 to 223
Skipped Seq from 228 to 230
Skipped Seq from 230 to 240
Skipped Seq from 242 to 256
Skipped Seq from 256 to 271
Skipped Seq from 272 to 278
Skipped Seq from 278 to 292
Skipped Seq from 301 to 308
Skipped Seq from 310 to 318
Skipped Seq from 323 to 326
Skipped Seq from 326 to 329
Skipped Seq from 330 to 338
Skipped Seq from 338 to 342
Skipped Seq from 352 to 357
Skipped Seq from 357 to 366
Skipped Seq from 366 to 370
Skipped Seq from 370 to 394
Skipped Seq from 397 to 400
Skipped Seq from 400 to 412
Skipped Seq from 412 to 414
Skipped Seq from 415 to 418
Skipped Seq from 418 to 425
Skipped Seq from 425 to 431
Skipped Seq from 432 to 434
Skipped Seq from 435 to 445
Skipped Seq from 445 to 451
Skipped Seq from 451 to 454
Skipped Seq from 454 to 460
Skipped Seq from 461 to 463
Skipped Seq from 465 to 472
Skipped Seq from 474 to 476
Skipped Seq from 477 to 486
Skipped Seq from 487 to 492
Skipped Seq from 492 to 494
Skipped Seq from 495 to 497
Skipped Seq from 503 to 505
Skipped Seq from 508 to 513
Skipped Seq from 513 to 515
Skipped Seq from 518 to 529
Skipped Seq from 529 to 534
Skipped Seq from 542 to 548
Skipped Seq from 548 to 551
Skipped Seq from 551 to 553
Skipped Seq from 553 to 555
Skipped Seq from 555 to 566
Skipped Seq from 566 to 568
Skipped Seq from 568 to 573
Skipped Seq from 574 to 582
Skipped Seq from 582 to 585
Skipped Seq from 588 to 591
Skipped Seq from 592 to 595
Skipped Seq from 595 to 602
Skipped Seq from 602 to 604
Skipped Seq from 605 to 607
Skipped Seq from 607 to 610
Skipped Seq from 612 to 615
Skipped Seq from 624 to 628
Skipped Seq from 628 to 640
Skipped Seq from 642 to 644
Skipped Seq from 644 to 647
Skipped Seq from 655 to 658
Skipped Seq from 664 to 666
Skipped Seq from 666 to 668
Skipped Seq from 668 to 673
Skipped Seq from 673 to 678
Skipped Seq from 682 to 689
Skipped Seq from 694 to 697
Skipped Seq from 697 to 699
Skipped Seq from 700 to 704
Skipped Seq from 704 to 706
Skipped Seq from 717 to 720
Skipped Seq from 722 to 725
Skipped Seq from 730 to 734
Skipped Seq from 739 to 741
Skipped Seq from 741 to 743
Skipped Seq from 747 to 765
Skipped Seq from 765 to 767
Skipped Seq from 767 to 772
Skipped Seq from 773 to 775
Skipped Seq from 775 to 777
Skipped Seq from 777 to 779
Skipped Seq from 779 to 781
Skipped Seq from 781 to 783
Skipped Seq from 785 to 787
Skipped Seq from 787 to 789
Skipped Seq from 789 to 791
Skipped Seq from 791 to 793
Skipped Seq from 793 to 797
Skipped Seq from 797 to 804
Skipped Seq from 804 to 820
Skipped Seq from 820 to 823
Skipped Seq from 823 to 830
Skipped Seq from 830 to 845
Skipped Seq from 845 to 853
Skipped Seq from 854 to 864
Skipped Seq from 864 to 866
Skipped Seq from 866 to 868
Skipped Seq from 870 to 872
Skipped Seq from 873 to 875
Skipped Seq from 875 to 883
Skipped Seq from 883 to 911
Skipped Seq from 914 to 918
Skipped Seq from 918 to 922
Skipped Seq from 924 to 926
Skipped Seq from 926 to 936
Skipped Seq from 936 to 942
Skipped Seq from 942 to 949
Skipped Seq from 949 to 959
Skipped Seq from 959 to 962
Skipped Seq from 968 to 971
Skipped Seq from 971 to 981
Skipped Seq from 984 to 986
Skipped Seq from 986 to 992
Skipped Seq from 992 to 1016
Skipped Seq from 1022 to 1024
Skipped Seq from 1026 to 1029
Skipped Seq from 1029 to 1035
Skipped Seq from 1046 to 1050
Skipped Seq from 1050 to 1052
Skipped Seq from 1053 to 1058
Skipped Seq from 1058 to 1061
Skipped Seq from 1061 to 1064
Skipped Seq from 1064 to 1067
Skipped Seq from 1068 to 1079
Skipped Seq from 1079 to 1081
Skipped Seq from 1081 to 1084
Skipped Seq from 1084 to 1087
Skipped Seq from 1089 to 1093
Skipped Seq from 1094 to 1096
Skipped Seq from 1096 to 1102
Skipped Seq from 1104 to 1110
Skipped Seq from 1112 to 1129
Skipped Seq from 1129 to 1137
Skipped Seq from 1139 to 1149
Skipped Seq from 1149 to 1154
Skipped Seq from 1158 to 1170
Skipped Seq from 1170 to 1174
Skipped Seq from 1175 to 1177
Skipped Seq from 1177 to 1185
Skipped Seq from 1187 to 1192
Skipped Seq from 1192 to 1197
Skipped Seq from 1197 to 1200
Skipped Seq from 1200 to 1216
Skipped Seq from 1216 to 1220
Skipped Seq from 1220 to 1222
Skipped Seq from 1224 to 1228
Skipped Seq from 1234 to 1238
Skipped Seq from 1238 to 1241
Skipped Seq from 1244 to 1248
Skipped Seq from 1250 to 1260
Skipped Seq from 1260 to 1262
Skipped Seq from 1262 to 1264
Skipped Seq from 1264 to 1274
Skipped Seq from 1274 to 1284
Skipped Seq from 1284 to 1293
Skipped Seq from 1293 to 1298
Skipped Seq from 1298 to 1309
Skipped Seq from 1310 to 1317
Skipped Seq from 1317 to 1320
Skipped Seq from 1320 to 1325
Skipped Seq from 1325 to 1330
Skipped Seq from 1330 to 1335
Skipped Seq from 1338 to 1353
Skipped Seq from 1356 to 1360
Skipped Seq from 1361 to 1370
Skipped Seq from 1370 to 1376
Skipped Seq from 1376 to 1378
Skipped Seq from 1380 to 1384
Skipped Seq from 1384 to 1387
Skipped Seq from 1389 to 1395
Skipped Seq from 1395 to 1399
Skipped Seq from 1409 to 1415
Skipped Seq from 1415 to 1417
Skipped Seq from 1422 to 1425
Skipped Seq from 1425 to 1444
Skipped Seq from 1447 to 1462
Skipped Seq from 1462 to 1470
Skipped Seq from 1470 to 1475
Skipped Seq from 1477 to 1492
Skipped Seq from 1492 to 1494
Skipped Seq from 1494 to 1497
Skipped Seq from 1497 to 1500
Skipped Seq from 1500 to 1503
Skipped Seq from 1503 to 1505
Skipped Seq from 1505 to 1514
Skipped Seq from 1514 to 1525
Skipped Seq from 1525 to 1541
Skipped Seq from 1541 to 1543
Skipped Seq from 1544 to 1548
Skipped Seq from 1549 to 1552
Skipped Seq from 1554 to 1556
Skipped Seq from 1556 to 1558
Skipped Seq from 1558 to 1567
Skipped Seq from 1573 to 1576
Skipped Seq from 1577 to 1579
Skipped Seq from 1579 to 1581
Skipped Seq from 1582 to 1584
Skipped Seq from 1584 to 1590
Skipped Seq from 1591 to 1599
Skipped Seq from 1599 to 1604
Skipped Seq from 1604 to 1608
Skipped Seq from 1608 to 1610
Skipped Seq from 1617 to 1619
Skipped Seq from 1619 to 1622
Skipped Seq from 1622 to 1638
Skipped Seq from 1638 to 1640
Skipped Seq from 1640 to 1650
Skipped Seq from 1654 to 1667
Skipped Seq from 1667 to 1686
Skipped Seq from 1686 to 1688
Skipped Seq from 1688 to 1692
Skipped Seq from 1693 to 1695
Skipped Seq from 1697 to 1699
Skipped Seq from 1702 to 1704
Skipped Seq from 1709 to 1712
Skipped Seq from 1712 to 1714
Skipped Seq from 1716 to 1719
Skipped Seq from 1721 to 1735
Skipped Seq from 1735 to 1739
Skipped Seq from 1739 to 1741
Skipped Seq from 1741 to 1746
Skipped Seq from 1748 to 1750
Skipped Seq from 1759 to 1763
Skipped Seq from 1769 to 1778
Skipped Seq from 1778 to 1784
Skipped Seq from 1795 to 1806
Skipped Seq from 1807 to 1810
Skipped Seq from 1814 to 1817
Skipped Seq from 1817 to 1825
Skipped Seq from 1832 to 1835
Skipped Seq from 1840 to 1847
Skipped Seq from 1849 to 1853
Skipped Seq from 1854 to 1857
Skipped Seq from 1857 to 1864
Skipped Seq from 1864 to 1866
Skipped Seq from 1867 to 1871
Skipped Seq from 1872 to 1882
Skipped Seq from 1882 to 1884
Skipped Seq from 1884 to 1887
Skipped Seq from 1887 to 1892
Skipped Seq from 1892 to 1896
Skipped Seq from 1897 to 1899
Skipped Seq from 1899 to 1904
Skipped Seq from 1904 to 1907
Skipped Seq from 1912 to 1922
Skipped Seq from 1922 to 1926
Skipped Seq from 1926 to 1930
Skipped Seq from 1930 to 1934
Skipped Seq from 1936 to 1945
Skipped Seq from 1946 to 1948
Skipped Seq from 1948 to 1952
Skipped Seq from 1953 to 1956
Skipped Seq from 1959 to 1961
Skipped Seq from 1961 to 1969
Skipped Seq from 1971 to 1974
Skipped Seq from 1977 to 1986
Skipped Seq from 1986 to 1988
Skipped Seq from 1988 to 2000
Skipped Seq from 2001 to 2007
Skipped Seq from 2009 to 2018
Skipped Seq from 2024 to 2030
Skipped Seq from 2030 to 2033
Skipped Seq from 2034 to 2049
Skipped Seq from 2050 to 2052
Skipped Seq from 2052 to 2057
Skipped Seq from 2057 to 2061
Skipped Seq from 2061 to 2063
Skipped Seq from 2063 to 2071
Skipped Seq from 2072 to 2076
Skipped Seq from 2076 to 2080
Skipped Seq from 2081 to 2086
Skipped Seq from 2089 to 2091
Skipped Seq from 2094 to 2096
Skipped Seq from 2100 to 2108
Skipped Seq from 2108 to 2115
Skipped Seq from 2115 to 2117
Skipped Seq from 2120 to 2135
Skipped Seq from 2135 to 2137
Skipped Seq from 2137 to 2141
Skipped Seq from 2143 to 2154
Skipped Seq from 2155 to 2157
Skipped Seq from 2157 to 2163
Skipped Seq from 2163 to 2168
Skipped Seq from 2168 to 2184
Skipped Seq from 2184 to 2189
Skipped Seq from 2191 to 2204
Skipped Seq from 2213 to 2215
Skipped Seq from 2225 to 2227
Skipped Seq from 2232 to 2236
Skipped Seq from 2236 to 2241
Skipped Seq from 2248 to 2253
Skipped Seq from 2254 to 2257
Skipped Seq from 2274 to 2277
Skipped Seq from 2277 to 2282
Skipped Seq from 2282 to 2285
Skipped Seq from 2340 to 2356
Skipped Seq from 2356 to 2376
Skipped Seq from 2379 to 2396
Skipped Seq from 2418 to 2421
Skipped Seq from 2430 to 2439
Skipped Seq from 2439 to 2441
Skipped Seq from 2442 to 2450
Skipped Seq from 2461 to 2463
Skipped Seq from 2464 to 2468
Skipped Seq from 2469 to 2471
Skipped Seq from 2475 to 2486
Skipped Seq from 2486 to 2488
Skipped Seq from 2488 to 2493
Skipped Seq from 2500 to 2502
Skipped Seq from 2508 to 2510
Skipped Seq from 2513 to 2515
Skipped Seq from 2520 to 2524
Skipped Seq from 2525 to 2529
Skipped Seq from 2540 to 2544
Skipped Seq from 2545 to 2547
Skipped Seq from 2547 to 2550
Skipped Seq from 2559 to 2562
Skipped Seq from 2565 to 2567
Skipped Seq from 2579 to 2581
Skipped Seq from 2582 to 2596
Skipped Seq from 2604 to 2607
Skipped Seq from 2623 to 2626
Skipped Seq from 2640 to 2644
Skipped Seq from 2681 to 2685
Skipped Seq from 2702 to 2705
Skipped Seq from 2705 to 2709
Skipped Seq from 2745 to 2748
Skipped Seq from 2748 to 2750
Skipped Seq from 2750 to 2754
Skipped Seq from 2755 to 2761
Skipped Seq from 2761 to 2776
Skipped Seq from 2780 to 2783
Skipped Seq from 2792 to 2800
Skipped Seq from 2812 to 2815
Skipped Seq from 2830 to 2832
Skipped Seq from 2843 to 2845
Skipped Seq from 2845 to 2854
Skipped Seq from 2854 to 2858
Skipped Seq from 2867 to 2872
Skipped Seq from 2882 to 2884
Skipped Seq from 2885 to 2887
Skipped Seq from 2890 to 2892
Skipped Seq from 2901 to 2904
Skipped Seq from 2918 to 2920
Skipped Seq from 2920 to 2924
Skipped Seq from 2924 to 2926
Skipped Seq from 2936 to 2940
Skipped Seq from 2940 to 2947
Skipped Seq from 2947 to 2949
Skipped Seq from 2964 to 2968
Skipped Seq from 2968 to 2974
Skipped Seq from 2974 to 3016
Skipped Seq from 3016 to 3028
Skipped Seq from 3028 to 3030
Skipped Seq from 3030 to 3032
Skipped Seq from 3035 to 3040
Skipped Seq from 3049 to 3054
Skipped Seq from 3056 to 3086
Skipped Seq from 3089 to 3105
Skipped Seq from 3105 to 3109
Skipped Seq from 3109 to 3112
Skipped Seq from 3112 to 3118
Skipped Seq from 3118 to 3120
Skipped Seq from 3120 to 3126
Skipped Seq from 3134 to 3136
Skipped Seq from 3136 to 3152
Skipped Seq from 3152 to 3154
Skipped Seq from 3159 to 3161
Skipped Seq from 3162 to 3168
Skipped Seq from 3168 to 3171
Skipped Seq from 3173 to 3179
Skipped Seq from 3181 to 3184
Skipped Seq from 3185 to 3190
Skipped Seq from 3190 to 3193
Skipped Seq from 3195 to 3198
Skipped Seq from 3199 to 3203
Skipped Seq from 3207 to 3216
Skipped Seq from 3216 to 3218
Skipped Seq from 3218 to 3220
Skipped Seq from 3225 to 3229
Skipped Seq from 3230 to 3236
Skipped Seq from 3240 to 3247
Skipped Seq from 3251 to 3260
Skipped Seq from 3262 to 3267
Skipped Seq from 3267 to 3281
Skipped Seq from 3281 to 3284
Skipped Seq from 3285 to 3287
Skipped Seq from 3287 to 3293
Skipped Seq from 3302 to 3307
Skipped Seq from 3307 to 3309
Skipped Seq from 3309 to 3316
Skipped Seq from 3316 to 3322
Skipped Seq from 3327 to 3332
Skipped Seq from 3334 to 3346
Skipped Seq from 3347 to 3357
Skipped Seq from 3360 to 3363
Skipped Seq from 3363 to 3366
Skipped Seq from 3373 to 3385
Skipped Seq from 3387 to 3401
Skipped Seq from 3401 to 3403
Skipped Seq from 3404 to 3412
Skipped Seq from 3412 to 3415
Skipped Seq from 3418 to 3431
Skipped Seq from 3431 to 3435
Skipped Seq from 3438 to 3447
Skipped Seq from 3448 to 3450
Skipped Seq from 3452 to 3465
Skipped Seq from 3465 to 3468
Skipped Seq from 3476 to 3479
Skipped Seq from 3479 to 3491
Skipped Seq from 3505 to 3522
Skipped Seq from 3522 to 3545
Skipped Seq from 3545 to 3549
Skipped Seq from 3549 to 3555
Skipped Seq from 3555 to 3560
Skipped Seq from 3576 to 3595
Skipped Seq from 3602 to 3604
Skipped Seq from 3604 to 3609
Skipped Seq from 3609 to 3614
Skipped Seq from 3614 to 3625
Skipped Seq from 3628 to 3632
Skipped Seq from 3632 to 3635
Skipped Seq from 3636 to 3640
Skipped Seq from 3641 to 3645
Skipped Seq from 3646 to 3648
Skipped Seq from 3648 to 3650
Skipped Seq from 3650 to 3655
Skipped Seq from 3655 to 3660
Skipped Seq from 3660 to 3669
Skipped Seq from 3670 to 3675
Skipped Seq from 3677 to 3682
Skipped Seq from 3682 to 3689
Skipped Seq from 3689 to 3692
Skipped Seq from 3692 to 3695
Skipped Seq from 3699 to 3702
Skipped Seq from 3702 to 3705
Skipped Seq from 3707 to 3709
Skipped Seq from 3709 to 3713
Skipped Seq from 3713 to 3730
Skipped Seq from 3730 to 3738
Skipped Seq from 3738 to 3744
Skipped Seq from 3745 to 3748
Skipped Seq from 3749 to 3756
Skipped Seq from 3774 to 3781
Skipped Seq from 3782 to 3787
Skipped Seq from 3789 to 3805
Skipped Seq from 3812 to 3814
Skipped Seq from 3817 to 3823
Skipped Seq from 3825 to 3840
Skipped Seq from 3840 to 3842
Skipped Seq from 3843 to 3846
Skipped Seq from 3846 to 3853
Skipped Seq from 3853 to 3855
Skipped Seq from 3855 to 3857
Skipped Seq from 3857 to 3867
Skipped Seq from 3867 to 3873
Skipped Seq from 3879 to 3881
Skipped Seq from 3881 to 3884
Skipped Seq from 3884 to 3886
Skipped Seq from 3886 to 3889
Skipped Seq from 3890 to 3905
Skipped Seq from 3905 to 3907
Skipped Seq from 3908 to 3911
Skipped Seq from 3911 to 3914
Skipped Seq from 3916 to 3927
Skipped Seq from 3927 to 3951
Skipped Seq from 3952 to 3955
Skipped Seq from 3958 to 3960
Skipped Seq from 3961 to 3965
Skipped Seq from 3965 to 3978
Skipped Seq from 3982 to 3984
Skipped Seq from 3984 to 3993
Skipped Seq from 4000 to 4014
Skipped Seq from 4019 to 4022
Skipped Seq from 4022 to 4028
Skipped Seq from 4028 to 4034
Skipped Seq from 4034 to 4039
Skipped Seq from 4043 to 4046
Skipped Seq from 4046 to 4049
Skipped Seq from 4049 to 4057
Skipped Seq from 4058 to 4060
Skipped Seq from 4060 to 4065
Skipped Seq from 4065 to 4067
Skipped Seq from 4070 to 4073
Skipped Seq from 4073 to 4075
Skipped Seq from 4084 to 4087
Skipped Seq from 4091 to 4100
Skipped Seq from 4110 to 4126
Skipped Seq from 4126 to 4139
Skipped Seq from 4139 to 4143
Skipped Seq from 4144 to 4155
Skipped Seq from 4172 to 4183
Skipped Seq from 4183 to 4187
Skipped Seq from 4187 to 4205
Skipped Seq from 4205 to 4219
Skipped Seq from 4228 to 4238
Skipped Seq from 4248 to 4252
Skipped Seq from 4255 to 4259
Skipped Seq from 4264 to 4267
Skipped Seq from 4273 to 4280
Skipped Seq from 4281 to 4283
Skipped Seq from 4284 to 4296
Skipped Seq from 4299 to 4302
Skipped Seq from 4309 to 4321
Skipped Seq from 4324 to 4328
Skipped Seq from 4329 to 4334
Skipped Seq from 4334 to 4336
Skipped Seq from 4336 to 4352
Skipped Seq from 4358 to 4372
Skipped Seq from 4381 to 4383
Skipped Seq from 4383 to 4387
Skipped Seq from 4388 to 4390
Skipped Seq from 4390 to 4397
Skipped Seq from 4400 to 4412
Skipped Seq from 4412 to 4422
Skipped Seq from 4429 to 4432
Skipped Seq from 4453 to 4461
Skipped Seq from 4473 to 4483
Skipped Seq from 4483 to 4489
Skipped Seq from 4489 to 4492
Skipped Seq from 4495 to 4497
Skipped Seq from 4508 to 4524
Skipped Seq from 4524 to 4528
Skipped Seq from 4536 to 4542
Skipped Seq from 4542 to 4548
Skipped Seq from 4548 to 4565
Skipped Seq from 4565 to 4586
Skipped Seq from 4586 to 4590
Skipped Seq from 4603 to 4610
Skipped Seq from 4610 to 4616
Skipped Seq from 4616 to 4620
Skipped Seq from 4620 to 4622
Skipped Seq from 4622 to 4627
Skipped Seq from 4627 to 4632
Skipped Seq from 4632 to 4642
Skipped Seq from 9625 to 9629
Skipped Seq from 9629 to 9638
Skipped Seq from 9638 to 9677
Skipped Seq from 9677 to 9689
Skipped Seq from 9689 to 9704
Skipped Seq from 9715 to 9746
Skipped Seq from 9746 to 9757
Skipped Seq from 9779 to 9787
Skipped Seq from 9787 to 9797
Skipped Seq from 9883 to 9886
Skipped Seq from 9886 to 9898
Skipped Seq from 9898 to 9908
Skipped Seq from 9908 to 9919
Skipped Seq from 9920 to 9922
Skipped Seq from 10001 to 10013
Skipped Seq from 10013 to 10015
Skipped Seq from 10017 to 10019
Skipped Seq from 10019 to 10021
Skipped Seq from 10061 to 10069
Skipped Seq from 10069 to 10095
Skipped Seq from 10109 to 10140
Skipped Seq from 10166 to 10177
Skipped Seq from 10177 to 10212
Skipped Seq from 10212 to 10230
Skipped Seq from 10252 to 10259
Skipped Seq from 10259 to 10265
Skipped Seq from 10320 to 10338
Skipped Seq from 10338 to 10355
Skipped Seq from 10358 to 10418
Skipped Seq from 10418 to 10463
Skipped Seq from 10463 to 10467
Skipped Seq from 10467 to 10475
Skipped Seq from 10475 to 10479
Skipped Seq from 10481 to 10484
Skipped Seq from 10484 to 10486
Skipped Seq from 10490 to 10492
Skipped Seq from 10492 to 10495
Skipped Seq from 10495 to 10497
Skipped Seq from 10635 to 10669
Skipped Seq from 10669 to 10672
Skipped Seq from 10734 to 10737
Skipped Seq from 10737 to 10759
Skipped Seq from 10858 to 10892
Skipped Seq from 10892 to 10923
Skipped Seq from 10936 to 10957
Skipped Seq from 10957 to 10961
Skipped Seq from 11006 to 11048
Skipped Seq from 11048 to 11073
Skipped Seq from 11073 to 11078
Skipped Seq from 11113 to 11144
Skipped Seq from 11163 to 11173
Skipped Seq from 11177 to 11183
Skipped Seq from 11183 to 11190
Skipped Seq from 11190 to 11200
Skipped Seq from 11204 to 11211
Skipped Seq from 17382 to 17414
Skipped Seq from 17414 to 17429
Skipped Seq from 17431 to 17447
Skipped Seq from 17449 to 17473
Skipped Seq from 17477 to 17492
Skipped Seq from 17495 to 17507
Skipped Seq from 17576 to 17603
Skipped Seq from 17603 to 17624
Skipped Seq from 17650 to 17654
Skipped Seq from 17654 to 17659
Skipped Seq from 17666 to 17691
Skipped Seq from 17705 to 17739
Skipped Seq from 17739 to 17750
Skipped Seq from 17750 to 17795
Skipped Seq from 17795 to 17839
Skipped Seq from 17839 to 17847
Skipped Seq from 17871 to 17899
Skipped Seq from 17903 to 17945
Skipped Seq from 17950 to 17992
Skipped Seq from 17992 to 18017
Skipped Seq from 18020 to 18032
Skipped Seq from 18032 to 18055
Skipped Seq from 18059 to 18084
Skipped Seq from 18085 to 18094
Skipped Seq from 18130 to 18177
Skipped Seq from 18177 to 18184
Skipped Seq from 18217 to 18258
Skipped Seq from 18258 to 18267
Skipped Seq from 18268 to 18280
Skipped Seq from 18280 to 18314
Skipped Seq from 18314 to 18341
Skipped Seq from 18388 to 18395
Skipped Seq from 18395 to 18412
Skipped Seq from 18458 to 18490
Skipped Seq from 18490 to 18507
Skipped Seq from 18510 to 18517
Skipped Seq from 18517 to 18532
Skipped Seq from 18536 to 18549
Skipped Seq from 18549 to 18563
Skipped Seq from 18567 to 18596
Skipped Seq from 18784 to 18802
Skipped Seq from 18802 to 18812
Skipped Seq from 18812 to 18839
Skipped Seq from 18839 to 18844
Skipped Seq from 18915 to 18927
Skipped Seq from 18927 to 18958
Skipped Seq from 18958 to 18967
Skipped Seq from 18967 to 19005
Skipped Seq from 19005 to 19028
Skipped Seq from 19028 to 19041
Skipped Seq from 19055 to 19059
Skipped Seq from 19059 to 19084
Skipped Seq from 19084 to 19100
Skipped Seq from 19100 to 19114
Skipped Seq from 19161 to 19183
Skipped Seq from 19183 to 19200
Skipped Seq from 19200 to 19214
Number of times throttled: 12
Received: 14794 / 19414 packets
Start time: 1332847190.497214
End time: 1332847231.178860
Duration: 40.681646
