Starting client at 10.0.0.14:1234 with timeout:10
My IP address is 10.0.0.14Skipped Seq from 990 to 993
Skipped Seq from 993 to 995
Skipped Seq from 996 to 998
Skipped Seq from 998 to 1000
Skipped Seq from 1000 to 1003
Skipped Seq from 1004 to 1006
Skipped Seq from 1006 to 1011
Skipped Seq from 1011 to 1014
Skipped Seq from 1014 to 1016
Skipped Seq from 1016 to 1018
Skipped Seq from 1019 to 1021
Skipped Seq from 1022 to 1024
Skipped Seq from 1026 to 1030
Skipped Seq from 1032 to 1034
Skipped Seq from 1035 to 1043
Skipped Seq from 1043 to 1045
Skipped Seq from 1049 to 1052
Skipped Seq from 1052 to 1056
Skipped Seq from 1056 to 1058
Skipped Seq from 1058 to 1060
Skipped Seq from 1063 to 1070
Skipped Seq from 1070 to 1072
Skipped Seq from 1072 to 1076
Skipped Seq from 1077 to 1079
Skipped Seq from 1083 to 1085
Skipped Seq from 1085 to 1087
Skipped Seq from 1090 to 1092
Skipped Seq from 1099 to 1102
Skipped Seq from 1105 to 1107
Skipped Seq from 1108 to 1111
Skipped Seq from 1112 to 1114
Skipped Seq from 1116 to 1118
Skipped Seq from 1120 to 1122
Skipped Seq from 1122 to 1126
Skipped Seq from 1127 to 1130
Skipped Seq from 1131 to 1134
Skipped Seq from 1139 to 1141
Skipped Seq from 1142 to 1144
Skipped Seq from 1144 to 1147
Skipped Seq from 1147 to 1152
Skipped Seq from 1153 to 1158
Skipped Seq from 1158 to 1165
Skipped Seq from 1166 to 1169
Skipped Seq from 1169 to 1171
Skipped Seq from 1173 to 1175
Skipped Seq from 1178 to 1180
Skipped Seq from 1180 to 1185
Skipped Seq from 1185 to 1191
Skipped Seq from 1191 to 1193
Skipped Seq from 1193 to 1195
Skipped Seq from 1196 to 1198
Skipped Seq from 1201 to 1204
Skipped Seq from 1204 to 1207
Skipped Seq from 1212 to 1217
Skipped Seq from 1217 to 1220
Skipped Seq from 1221 to 1223
Skipped Seq from 1227 to 1229
Skipped Seq from 1233 to 1235
Skipped Seq from 1235 to 1240
Skipped Seq from 1240 to 1244
Skipped Seq from 1244 to 1247
Skipped Seq from 1250 to 1252
Skipped Seq from 1255 to 1257
Skipped Seq from 1257 to 1263
Skipped Seq from 1264 to 1266
Skipped Seq from 1268 to 1271
Skipped Seq from 1272 to 1274
Skipped Seq from 1276 to 1282
Skipped Seq from 1282 to 1284
Skipped Seq from 1288 to 1290
Skipped Seq from 1292 to 1294
Skipped Seq from 1297 to 1299
Skipped Seq from 1307 to 1310
Skipped Seq from 1310 to 1312
Skipped Seq from 1312 to 1314
Skipped Seq from 1326 to 1328
Skipped Seq from 1329 to 1331
Skipped Seq from 1335 to 1346
Skipped Seq from 1346 to 1364
Skipped Seq from 1364 to 1366
Skipped Seq from 1373 to 1375
Skipped Seq from 1377 to 1379
Skipped Seq from 1379 to 1381
Skipped Seq from 1383 to 1388
Skipped Seq from 1388 to 1390
Skipped Seq from 1391 to 1393
Skipped Seq from 1393 to 1395
Skipped Seq from 1399 to 1401
Skipped Seq from 1401 to 1406
Skipped Seq from 1407 to 1409
Skipped Seq from 1409 to 1411
Skipped Seq from 1412 to 1414
Skipped Seq from 1423 to 1425
Skipped Seq from 1430 to 1432
Skipped Seq from 1435 to 1437
Skipped Seq from 1437 to 1439
Skipped Seq from 1439 to 1445
Skipped Seq from 1447 to 1449
Skipped Seq from 1449 to 1455
Skipped Seq from 1455 to 1458
Skipped Seq from 1458 to 1461
Skipped Seq from 1464 to 1470
Skipped Seq from 1470 to 1474
Skipped Seq from 1483 to 1486
Skipped Seq from 1487 to 1489
Skipped Seq from 1491 to 1493
Skipped Seq from 1499 to 1501
Skipped Seq from 1501 to 1504
Skipped Seq from 1504 to 1507
Skipped Seq from 1508 to 1510
Skipped Seq from 1514 to 1516
Skipped Seq from 1521 to 1523
Skipped Seq from 1523 to 1529
Skipped Seq from 1529 to 1531
Skipped Seq from 1531 to 1537
Skipped Seq from 1537 to 1540
Skipped Seq from 1544 to 1551
Skipped Seq from 1552 to 1557
Skipped Seq from 1557 to 1563
Skipped Seq from 1563 to 1566
Skipped Seq from 1566 to 1571
Skipped Seq from 1572 to 1576
Skipped Seq from 1576 to 1582
Skipped Seq from 1584 to 1586
Skipped Seq from 1588 to 1597
Skipped Seq from 1598 to 1600
Skipped Seq from 1604 to 1607
Skipped Seq from 1607 to 1609
Skipped Seq from 1611 to 1618
Skipped Seq from 1618 to 1626
Skipped Seq from 1626 to 1630
Skipped Seq from 1635 to 1640
Skipped Seq from 1640 to 1646
Skipped Seq from 1647 to 1656
Skipped Seq from 1658 to 1660
Skipped Seq from 1660 to 1663
Skipped Seq from 1663 to 1675
Skipped Seq from 1675 to 1677
Skipped Seq from 1679 to 1681
Skipped Seq from 1687 to 1690
Skipped Seq from 1692 to 1694
Skipped Seq from 1701 to 1703
Skipped Seq from 1707 to 1709
Skipped Seq from 1712 to 1714
Skipped Seq from 1716 to 1718
Skipped Seq from 1720 to 1722
Skipped Seq from 1725 to 1727
Skipped Seq from 1730 to 1735
Skipped Seq from 1737 to 1739
Skipped Seq from 1743 to 1746
Skipped Seq from 1747 to 1752
Skipped Seq from 1755 to 1758
Skipped Seq from 1758 to 1763
Skipped Seq from 1763 to 1768
Skipped Seq from 1770 to 1772
Skipped Seq from 1779 to 1781
Skipped Seq from 1787 to 1789
Skipped Seq from 1794 to 1796
Skipped Seq from 1798 to 1803
Skipped Seq from 1805 to 1813
Skipped Seq from 1813 to 1817
Skipped Seq from 1818 to 1821
Skipped Seq from 1823 to 1827
Skipped Seq from 1827 to 1829
Skipped Seq from 1829 to 1833
Skipped Seq from 1833 to 1836
Skipped Seq from 1837 to 1841
Skipped Seq from 1842 to 1844
Skipped Seq from 1846 to 1849
Skipped Seq from 1851 to 1853
Skipped Seq from 1854 to 1856
Skipped Seq from 1860 to 1862
Skipped Seq from 1864 to 1866
Skipped Seq from 1872 to 1875
Skipped Seq from 1876 to 1878
Skipped Seq from 1890 to 1892
Skipped Seq from 1892 to 1894
Skipped Seq from 1894 to 1899
Skipped Seq from 1900 to 1903
Skipped Seq from 1903 to 1910
Skipped Seq from 1911 to 1913
Skipped Seq from 1915 to 1932
Skipped Seq from 1932 to 1935
Skipped Seq from 1935 to 1942
Skipped Seq from 1965 to 1967
Skipped Seq from 1968 to 1972
Skipped Seq from 1973 to 1975
Skipped Seq from 1978 to 1980
Skipped Seq from 1986 to 1988
Skipped Seq from 1988 to 1991
Skipped Seq from 1995 to 1997
Skipped Seq from 2004 to 2007
Skipped Seq from 2013 to 2015
Skipped Seq from 2019 to 2021
Skipped Seq from 2021 to 2023
Skipped Seq from 2026 to 2029
Skipped Seq from 2031 to 2033
Skipped Seq from 2036 to 2043
Skipped Seq from 2043 to 2045
Skipped Seq from 2049 to 2054
Skipped Seq from 2054 to 2058
Skipped Seq from 2059 to 2063
Skipped Seq from 2063 to 2069
Skipped Seq from 2069 to 2073
Skipped Seq from 2073 to 2075
Skipped Seq from 2075 to 2082
Skipped Seq from 2083 to 2085
Skipped Seq from 2094 to 2096
Skipped Seq from 2097 to 2104
Skipped Seq from 2104 to 2111
Skipped Seq from 2112 to 2119
Skipped Seq from 2119 to 2124
Skipped Seq from 2124 to 2131
Skipped Seq from 2131 to 2136
Skipped Seq from 2139 to 2142
Skipped Seq from 2142 to 2145
Skipped Seq from 2145 to 2147
Skipped Seq from 2147 to 2150
Skipped Seq from 2151 to 2154
Skipped Seq from 2154 to 2157
Skipped Seq from 2157 to 2159
Skipped Seq from 2159 to 2165
Skipped Seq from 2166 to 2169
Skipped Seq from 2171 to 2175
Skipped Seq from 2176 to 2182
Skipped Seq from 2183 to 2193
Skipped Seq from 2193 to 2198
Skipped Seq from 2198 to 2201
Skipped Seq from 2202 to 2204
Skipped Seq from 2206 to 2209
Skipped Seq from 2209 to 2211
Skipped Seq from 2211 to 2213
Skipped Seq from 2217 to 2219
Skipped Seq from 2224 to 2226
Skipped Seq from 2232 to 2235
Skipped Seq from 2236 to 2240
Skipped Seq from 2240 to 2247
Skipped Seq from 2247 to 2251
Skipped Seq from 2251 to 2258
Skipped Seq from 2258 to 2262
Skipped Seq from 2262 to 2271
Skipped Seq from 2271 to 2276
Skipped Seq from 2276 to 2278
Skipped Seq from 2278 to 2282
Skipped Seq from 2282 to 2301
Skipped Seq from 2306 to 2310
Skipped Seq from 2313 to 2315
Skipped Seq from 2316 to 2318
Skipped Seq from 2319 to 2321
Skipped Seq from 2321 to 2324
Skipped Seq from 2329 to 2333
Skipped Seq from 2333 to 2337
Skipped Seq from 2337 to 2343
Skipped Seq from 2343 to 2351
Skipped Seq from 2351 to 2354
Skipped Seq from 2354 to 2360
Skipped Seq from 2360 to 2369
Skipped Seq from 2369 to 2373
Skipped Seq from 2373 to 2381
Skipped Seq from 2387 to 2389
Skipped Seq from 2398 to 2400
Skipped Seq from 2409 to 2411
Skipped Seq from 2420 to 2423
Skipped Seq from 2423 to 2425
Skipped Seq from 2426 to 2428
Skipped Seq from 2428 to 2430
Skipped Seq from 2430 to 2437
Skipped Seq from 2437 to 2453
Skipped Seq from 2453 to 2473
Skipped Seq from 2473 to 2487
Skipped Seq from 2487 to 2490
Skipped Seq from 2490 to 2495
Skipped Seq from 2497 to 2499
Skipped Seq from 2503 to 2505
Skipped Seq from 2514 to 2516
Skipped Seq from 2528 to 2530
Skipped Seq from 2530 to 2535
Skipped Seq from 2535 to 2540
Skipped Seq from 2540 to 2542
Skipped Seq from 2542 to 2545
Skipped Seq from 2545 to 2547
Skipped Seq from 2547 to 2552
Skipped Seq from 2552 to 2554
Skipped Seq from 2555 to 2563
Skipped Seq from 2564 to 2566
Skipped Seq from 2567 to 2569
Skipped Seq from 2574 to 2581
Skipped Seq from 2581 to 2586
Skipped Seq from 2587 to 2596
Skipped Seq from 2597 to 2600
Skipped Seq from 2603 to 2605
Skipped Seq from 2605 to 2607
Skipped Seq from 2608 to 2612
Skipped Seq from 2612 to 2616
Skipped Seq from 2616 to 2618
Skipped Seq from 2619 to 2627
Skipped Seq from 2627 to 2642
Skipped Seq from 2642 to 2648
Skipped Seq from 2653 to 2656
Skipped Seq from 2656 to 2658
Skipped Seq from 2658 to 2660
Skipped Seq from 2660 to 2662
Skipped Seq from 2667 to 2671
Skipped Seq from 2671 to 2675
Skipped Seq from 2678 to 2680
Skipped Seq from 2686 to 2688
Skipped Seq from 2691 to 2693
Skipped Seq from 2694 to 2696
Skipped Seq from 2699 to 2701
Skipped Seq from 2705 to 2709
Skipped Seq from 2711 to 2713
Skipped Seq from 2715 to 2718
Skipped Seq from 2721 to 2723
Skipped Seq from 2724 to 2726
Skipped Seq from 2726 to 2731
Skipped Seq from 2731 to 2735
Skipped Seq from 2740 to 2742
Skipped Seq from 2742 to 2747
Skipped Seq from 2747 to 2752
Skipped Seq from 2752 to 2756
Skipped Seq from 2759 to 2761
Skipped Seq from 2763 to 2765
Skipped Seq from 2768 to 2784
Skipped Seq from 2784 to 2791
Skipped Seq from 2793 to 2795
Skipped Seq from 2795 to 2797
Skipped Seq from 2801 to 2803
Skipped Seq from 2804 to 2808
Skipped Seq from 2808 to 2813
Skipped Seq from 2813 to 2816
Skipped Seq from 2817 to 2819
Skipped Seq from 2823 to 2825
Skipped Seq from 2828 to 2832
Skipped Seq from 2834 to 2842
Skipped Seq from 2845 to 2848
Skipped Seq from 2848 to 2856
Skipped Seq from 2856 to 2861
Skipped Seq from 2861 to 2863
Skipped Seq from 2866 to 2868
Skipped Seq from 2871 to 2873
Skipped Seq from 2875 to 2881
Skipped Seq from 2881 to 2884
Skipped Seq from 2887 to 2889
Skipped Seq from 2893 to 2903
Skipped Seq from 2903 to 2905
Skipped Seq from 2909 to 2911
Skipped Seq from 2911 to 2917
Skipped Seq from 2918 to 2922
Skipped Seq from 2922 to 2925
Skipped Seq from 2925 to 2928
Skipped Seq from 2929 to 2931
Skipped Seq from 2938 to 2942
Skipped Seq from 2942 to 2947
Skipped Seq from 2947 to 2949
Skipped Seq from 2951 to 2954
Skipped Seq from 2957 to 2959
Skipped Seq from 2962 to 2965
Skipped Seq from 2966 to 2971
Skipped Seq from 2975 to 2977
Skipped Seq from 2981 to 2983
Skipped Seq from 2985 to 2987
Skipped Seq from 2989 to 2991
Skipped Seq from 2992 to 2994
Skipped Seq from 2994 to 2996
Skipped Seq from 3002 to 3009
Skipped Seq from 3009 to 3013
Skipped Seq from 3014 to 3019
Skipped Seq from 3019 to 3021
Skipped Seq from 3022 to 3024
Skipped Seq from 3028 to 3032
Skipped Seq from 3033 to 3039
Skipped Seq from 3039 to 3045
Skipped Seq from 3045 to 3047
Skipped Seq from 3052 to 3054
Skipped Seq from 3055 to 3057
Skipped Seq from 3059 to 3068
Skipped Seq from 3068 to 3070
Skipped Seq from 3076 to 3078
Skipped Seq from 3080 to 3087
Skipped Seq from 3087 to 3089
Skipped Seq from 3089 to 3096
Skipped Seq from 3104 to 3110
Skipped Seq from 3119 to 3123
Skipped Seq from 3123 to 3131
Skipped Seq from 3133 to 3135
Skipped Seq from 3136 to 3149
Skipped Seq from 3153 to 3155
Skipped Seq from 3155 to 3162
Skipped Seq from 3162 to 3164
Skipped Seq from 3164 to 3166
Skipped Seq from 3166 to 3170
Skipped Seq from 3194 to 3196
Skipped Seq from 3197 to 3201
Skipped Seq from 3292 to 3297
Number of times throttled: 3
Received: 7180 / 8285 packets
Start time: 1315217730.521892
End time: 1315217750.298312
Duration: 19.776420
