Starting client at 10.0.0.17:1234 with timeout:10
My IP address is 10.0.0.17Skipped Seq from 802 to 846
Skipped Seq from 846 to 850
Skipped Seq from 850 to 856
Skipped Seq from 863 to 865
Skipped Seq from 879 to 881
Skipped Seq from 882 to 884
Skipped Seq from 906 to 908
Skipped Seq from 924 to 926
Skipped Seq from 932 to 940
Skipped Seq from 940 to 942
Skipped Seq from 946 to 949
Skipped Seq from 949 to 956
Skipped Seq from 957 to 959
Skipped Seq from 961 to 963
Skipped Seq from 970 to 972
Skipped Seq from 995 to 1001
Skipped Seq from 1001 to 1007
Skipped Seq from 1007 to 1009
Skipped Seq from 1024 to 1072
Skipped Seq from 1072 to 1089
Skipped Seq from 1090 to 1093
Skipped Seq from 1095 to 1103
Skipped Seq from 1105 to 1113
Skipped Seq from 1114 to 1116
Skipped Seq from 1125 to 1127
Skipped Seq from 1160 to 1162
Skipped Seq from 1163 to 1165
Skipped Seq from 1184 to 1188
Skipped Seq from 1188 to 1190
Skipped Seq from 1197 to 1199
Skipped Seq from 1208 to 1210
Skipped Seq from 1210 to 1212
Skipped Seq from 1214 to 1216
Skipped Seq from 1219 to 1221
Skipped Seq from 1221 to 1291
Skipped Seq from 1291 to 1366
Skipped Seq from 1367 to 1369
Skipped Seq from 1378 to 1380
Skipped Seq from 1398 to 1400
Skipped Seq from 1400 to 1440
Skipped Seq from 1440 to 1442
Skipped Seq from 1453 to 1455
Skipped Seq from 1461 to 1468
Skipped Seq from 1471 to 1473
Skipped Seq from 1478 to 1480
Skipped Seq from 1486 to 1501
Skipped Seq from 1511 to 1513
Skipped Seq from 1522 to 1524
Skipped Seq from 1579 to 1581
Skipped Seq from 1582 to 1584
Skipped Seq from 1594 to 1596
Skipped Seq from 1600 to 1602
Skipped Seq from 1603 to 1645
Skipped Seq from 1673 to 1675
Skipped Seq from 1683 to 1695
Skipped Seq from 1700 to 1707
Skipped Seq from 1708 to 1710
Skipped Seq from 1711 to 1713
Skipped Seq from 1726 to 1728
Skipped Seq from 1728 to 1735
Skipped Seq from 1741 to 1743
Skipped Seq from 1745 to 1754
Skipped Seq from 1781 to 1783
Skipped Seq from 1804 to 1819
Skipped Seq from 1819 to 1874
Skipped Seq from 1875 to 1901
Skipped Seq from 1920 to 1923
Skipped Seq from 1937 to 1939
Skipped Seq from 1971 to 1973
Skipped Seq from 2008 to 2012
Skipped Seq from 2122 to 2124
Skipped Seq from 2125 to 2127
Skipped Seq from 2127 to 2129
Skipped Seq from 2129 to 2131
Skipped Seq from 2131 to 2133
Skipped Seq from 2134 to 2136
Number of times throttled: 6
Received: 3413 / 3990 packets
Start time: 1332797739.774624
End time: 1332797771.873834
Duration: 32.099210
