Sep 07 09:18:53|00001|openflowd|INFO|Open vSwitch version 1.1.0pre2
Sep 07 09:18:53|00002|openflowd|INFO|OpenFlow protocol version 0x01
Sep 07 09:18:53|00003|ofproto|INFO|using datapath ID 0000002320e250de
Sep 07 09:18:53|00004|ofproto|INFO|datapath ID changed to 0000000000000007
Sep 07 09:18:53|00005|rconn|INFO|dp6<->tcp:127.0.0.1:6633: connecting...
Sep 07 09:18:53|00006|rconn|WARN|dp6<->tcp:127.0.0.1:6633: connection failed (Connection refused)
Sep 07 09:18:53|00007|rconn|INFO|dp6<->tcp:127.0.0.1:6633: waiting 1 seconds before reconnect
Sep 07 09:18:53|00008|rconn|INFO|dp6<->tcp:127.0.0.1:6633: connecting...
Sep 07 09:18:53|00009|rconn|WARN|dp6<->tcp:127.0.0.1:6633: connection failed (Connection refused)
Sep 07 09:18:53|00010|rconn|INFO|dp6<->tcp:127.0.0.1:6633: waiting 2 seconds before reconnect
Sep 07 09:18:55|00011|rconn|INFO|dp6<->tcp:127.0.0.1:6633: connecting...
Sep 07 09:18:55|00012|rconn|WARN|dp6<->tcp:127.0.0.1:6633: connection failed (Connection refused)
Sep 07 09:18:55|00013|rconn|INFO|dp6<->tcp:127.0.0.1:6633: waiting 4 seconds before reconnect
Sep 07 09:18:59|00014|rconn|INFO|dp6<->tcp:127.0.0.1:6633: connecting...
Sep 07 09:18:59|00015|rconn|INFO|dp6<->tcp:127.0.0.1:6633: connected
Sep 07 09:18:59|00016|ofp_util|WARN|received Nicira extension message of unknown type 8
Sep 07 09:18:59|00017|ofp_util|INFO|normalization changed ofp_match, details:
Sep 07 09:18:59|00018|ofp_util|INFO| pre: wildcards=0xffffffff  in_port=    0  dl_src=00:00:80:00:00:00  dl_dst=00:00:00:00:2e:0a  dl_vlan=    0  dl_vlan_pcp=  0  dl_type=     0  nw_tos=   0  nw_proto=   0  nw_src=0x8013f600  nw_dst=0x27000000  tp_src=65535  tp_dst=65535
Sep 07 09:18:59|00019|ofp_util|INFO|post: wildcards= 0x23fffff  in_port=    0  dl_src=00:00:00:00:00:00  dl_dst=00:00:00:00:00:00  dl_vlan=    0  dl_vlan_pcp=  0  dl_type=     0  nw_tos=   0  nw_proto=   0  nw_src=         0  nw_dst=         0  tp_src=    0  tp_dst=    0
Sep 07 09:19:26|00020|ofp_util|INFO|normalization changed ofp_match, details:
Sep 07 09:19:26|00021|ofp_util|INFO| pre: wildcards=  0x200030  in_port=    7  dl_src=00:00:00:00:00:16  dl_dst=00:00:00:00:00:20  dl_vlan=65535  dl_vlan_pcp=  0  dl_type=     0  nw_tos=   0  nw_proto=   0  nw_src= 0xa000016  nw_dst= 0xa000020  tp_src= 1234  tp_dst=56471
Sep 07 09:19:26|00022|ofp_util|INFO|post: wildcards=  0x2ffff0  in_port=    7  dl_src=00:00:00:00:00:16  dl_dst=00:00:00:00:00:20  dl_vlan=65535  dl_vlan_pcp=  0  dl_type=     0  nw_tos=   0  nw_proto=   0  nw_src=         0  nw_dst=         0  tp_src=    0  tp_dst=    0
Sep 07 09:19:26|00023|ofp_util|INFO|normalization changed ofp_match, details:
Sep 07 09:19:26|00024|ofp_util|INFO| pre: wildcards=  0x200030  in_port=    7  dl_src=00:00:00:00:00:16  dl_dst=00:00:00:00:00:20  dl_vlan=65535  dl_vlan_pcp=  0  dl_type=     0  nw_tos=   0  nw_proto=   0  nw_src= 0xa000016  nw_dst= 0xa000020  tp_src= 1234  tp_dst=56471
Sep 07 09:19:26|00025|ofp_util|INFO|post: wildcards=  0x2ffff0  in_port=    7  dl_src=00:00:00:00:00:16  dl_dst=00:00:00:00:00:20  dl_vlan=65535  dl_vlan_pcp=  0  dl_type=     0  nw_tos=   0  nw_proto=   0  nw_src=         0  nw_dst=         0  tp_src=    0  tp_dst=    0
Sep 07 09:19:26|00026|ofp_util|INFO|normalization changed ofp_match, details:
Sep 07 09:19:26|00027|ofp_util|INFO| pre: wildcards=  0x200030  in_port=    7  dl_src=00:00:00:00:00:16  dl_dst=00:00:00:00:00:20  dl_vlan=65535  dl_vlan_pcp=  0  dl_type=     0  nw_tos=   0  nw_proto=   0  nw_src= 0xa000016  nw_dst= 0xa000020  tp_src= 1234  tp_dst=56471
Sep 07 09:19:26|00028|ofp_util|INFO|post: wildcards=  0x2ffff0  in_port=    7  dl_src=00:00:00:00:00:16  dl_dst=00:00:00:00:00:20  dl_vlan=65535  dl_vlan_pcp=  0  dl_type=     0  nw_tos=   0  nw_proto=   0  nw_src=         0  nw_dst=         0  tp_src=    0  tp_dst=    0
Sep 07 09:20:08|00029|ofp_util|INFO|Dropped 3 log messages in last 21 seconds due to excessive rate
Sep 07 09:20:08|00030|ofp_util|INFO|normalization changed ofp_match, details:
Sep 07 09:20:08|00031|ofp_util|INFO| pre: wildcards=  0x200030  in_port=    6  dl_src=00:00:00:00:00:11  dl_dst=00:00:00:00:00:20  dl_vlan=65535  dl_vlan_pcp=  0  dl_type=     0  nw_tos=   0  nw_proto=   0  nw_src= 0xa000011  nw_dst= 0xa000020  tp_src= 1234  tp_dst=47736
Sep 07 09:20:08|00032|ofp_util|INFO|post: wildcards=  0x2ffff0  in_port=    6  dl_src=00:00:00:00:00:11  dl_dst=00:00:00:00:00:20  dl_vlan=65535  dl_vlan_pcp=  0  dl_type=     0  nw_tos=   0  nw_proto=   0  nw_src=         0  nw_dst=         0  tp_src=    0  tp_dst=    0
Sep 07 09:21:06|00033|ofp_util|INFO|Dropped 8 log messages in last 59 seconds due to excessive rate
Sep 07 09:21:06|00034|ofp_util|INFO|normalization changed ofp_match, details:
Sep 07 09:21:06|00035|ofp_util|INFO| pre: wildcards=  0x200030  in_port=    8  dl_src=00:00:00:00:00:1c  dl_dst=00:00:00:00:00:20  dl_vlan=65535  dl_vlan_pcp=  0  dl_type=     0  nw_tos=   0  nw_proto=   0  nw_src= 0xa00001c  nw_dst= 0xa000020  tp_src= 1234  tp_dst=33234
Sep 07 09:21:06|00036|ofp_util|INFO|post: wildcards=  0x2ffff0  in_port=    8  dl_src=00:00:00:00:00:1c  dl_dst=00:00:00:00:00:20  dl_vlan=65535  dl_vlan_pcp=  0  dl_type=     0  nw_tos=   0  nw_proto=   0  nw_src=         0  nw_dst=         0  tp_src=    0  tp_dst=    0
Sep 07 09:22:24|00037|ofp_util|INFO|Dropped 3 log messages in last 78 seconds due to excessive rate
Sep 07 09:22:24|00038|ofp_util|INFO|normalization changed ofp_match, details:
Sep 07 09:22:24|00039|ofp_util|INFO| pre: wildcards=  0x200030  in_port=    8  dl_src=00:00:00:00:00:1a  dl_dst=00:00:00:00:00:1f  dl_vlan=65535  dl_vlan_pcp=  0  dl_type=     0  nw_tos=   0  nw_proto=   0  nw_src= 0xa00001a  nw_dst= 0xa00001f  tp_src= 1236  tp_dst=33917
Sep 07 09:22:24|00040|ofp_util|INFO|post: wildcards=  0x2ffff0  in_port=    8  dl_src=00:00:00:00:00:1a  dl_dst=00:00:00:00:00:1f  dl_vlan=65535  dl_vlan_pcp=  0  dl_type=     0  nw_tos=   0  nw_proto=   0  nw_src=         0  nw_dst=         0  tp_src=    0  tp_dst=    0
Sep 07 09:23:13|00041|ofp_util|INFO|Dropped 3 log messages in last 49 seconds due to excessive rate
Sep 07 09:23:13|00042|ofp_util|INFO|normalization changed ofp_match, details:
Sep 07 09:23:13|00043|ofp_util|INFO| pre: wildcards=  0x200030  in_port=    8  dl_src=00:00:00:00:00:1b  dl_dst=00:00:00:00:00:1e  dl_vlan=65535  dl_vlan_pcp=  0  dl_type=     0  nw_tos=   0  nw_proto=   0  nw_src= 0xa00001b  nw_dst= 0xa00001e  tp_src=    3  tp_dst=    3
Sep 07 09:23:13|00044|ofp_util|INFO|post: wildcards=  0x2ffff0  in_port=    8  dl_src=00:00:00:00:00:1b  dl_dst=00:00:00:00:00:1e  dl_vlan=65535  dl_vlan_pcp=  0  dl_type=     0  nw_tos=   0  nw_proto=   0  nw_src=         0  nw_dst=         0  tp_src=    0  tp_dst=    0
Sep 07 09:24:47|00045|ofp_util|INFO|Dropped 2 log messages in last 69 seconds due to excessive rate
Sep 07 09:24:47|00046|ofp_util|INFO|normalization changed ofp_match, details:
Sep 07 09:24:47|00047|ofp_util|INFO| pre: wildcards=  0x200030  in_port=    5  dl_src=00:00:00:00:00:10  dl_dst=00:00:00:00:00:1e  dl_vlan=65535  dl_vlan_pcp=  0  dl_type=     0  nw_tos=   0  nw_proto=   0  nw_src= 0xa000010  nw_dst= 0xa00001e  tp_src= 1236  tp_dst=40381
Sep 07 09:24:47|00048|ofp_util|INFO|post: wildcards=  0x2ffff0  in_port=    5  dl_src=00:00:00:00:00:10  dl_dst=00:00:00:00:00:1e  dl_vlan=65535  dl_vlan_pcp=  0  dl_type=     0  nw_tos=   0  nw_proto=   0  nw_src=         0  nw_dst=         0  tp_src=    0  tp_dst=    0
Sep 07 09:25:14|00049|ofp_util|INFO|Dropped 2 log messages in last 26 seconds due to excessive rate
Sep 07 09:25:14|00050|ofp_util|INFO|normalization changed ofp_match, details:
Sep 07 09:25:14|00051|ofp_util|INFO| pre: wildcards=  0x200030  in_port=    8  dl_src=00:00:00:00:00:19  dl_dst=00:00:00:00:00:1e  dl_vlan=65535  dl_vlan_pcp=  0  dl_type=     0  nw_tos=   0  nw_proto=   0  nw_src= 0xa000019  nw_dst= 0xa00001e  tp_src= 1237  tp_dst=35264
Sep 07 09:25:14|00052|ofp_util|INFO|post: wildcards=  0x2ffff0  in_port=    8  dl_src=00:00:00:00:00:19  dl_dst=00:00:00:00:00:1e  dl_vlan=65535  dl_vlan_pcp=  0  dl_type=     0  nw_tos=   0  nw_proto=   0  nw_src=         0  nw_dst=         0  tp_src=    0  tp_dst=    0
Sep 07 09:26:16|00053|ofp_util|INFO|Dropped 4 log messages in last 62 seconds due to excessive rate
Sep 07 09:26:16|00054|ofp_util|INFO|normalization changed ofp_match, details:
Sep 07 09:26:16|00055|ofp_util|INFO| pre: wildcards=  0x200030  in_port=    7  dl_src=00:00:00:00:00:16  dl_dst=00:00:00:00:00:1d  dl_vlan=65535  dl_vlan_pcp=  0  dl_type=     0  nw_tos=   0  nw_proto=   0  nw_src= 0xa000016  nw_dst= 0xa00001d  tp_src= 1238  tp_dst=43136
Sep 07 09:26:16|00056|ofp_util|INFO|post: wildcards=  0x2ffff0  in_port=    7  dl_src=00:00:00:00:00:16  dl_dst=00:00:00:00:00:1d  dl_vlan=65535  dl_vlan_pcp=  0  dl_type=     0  nw_tos=   0  nw_proto=   0  nw_src=         0  nw_dst=         0  tp_src=    0  tp_dst=    0
Sep 07 09:27:21|00057|ofp_util|INFO|Dropped 9 log messages in last 65 seconds due to excessive rate
Sep 07 09:27:21|00058|ofp_util|INFO|normalization changed ofp_match, details:
Sep 07 09:27:21|00059|ofp_util|INFO| pre: wildcards=  0x200030  in_port=    6  dl_src=00:00:00:00:00:14  dl_dst=00:00:00:00:00:1f  dl_vlan=65535  dl_vlan_pcp=  0  dl_type=     0  nw_tos=   0  nw_proto=   0  nw_src= 0xa000014  nw_dst= 0xa00001f  tp_src=    3  tp_dst=    3
Sep 07 09:27:21|00060|ofp_util|INFO|post: wildcards=  0x2ffff0  in_port=    6  dl_src=00:00:00:00:00:14  dl_dst=00:00:00:00:00:1f  dl_vlan=65535  dl_vlan_pcp=  0  dl_type=     0  nw_tos=   0  nw_proto=   0  nw_src=         0  nw_dst=         0  tp_src=    0  tp_dst=    0
Sep 07 09:28:10|00061|ofp_util|INFO|normalization changed ofp_match, details:
Sep 07 09:28:10|00062|ofp_util|INFO| pre: wildcards=  0x200030  in_port=    7  dl_src=00:00:00:00:00:17  dl_dst=00:00:00:00:00:20  dl_vlan=65535  dl_vlan_pcp=  0  dl_type=     0  nw_tos=   0  nw_proto=   0  nw_src= 0xa000017  nw_dst= 0xa000020  tp_src= 1238  tp_dst=45699
Sep 07 09:28:10|00063|ofp_util|INFO|post: wildcards=  0x2ffff0  in_port=    7  dl_src=00:00:00:00:00:17  dl_dst=00:00:00:00:00:20  dl_vlan=65535  dl_vlan_pcp=  0  dl_type=     0  nw_tos=   0  nw_proto=   0  nw_src=         0  nw_dst=         0  tp_src=    0  tp_dst=    0
Sep 07 09:29:13|00064|ofp_util|INFO|Dropped 8 log messages in last 62 seconds due to excessive rate
Sep 07 09:29:13|00065|ofp_util|INFO|normalization changed ofp_match, details:
Sep 07 09:29:13|00066|ofp_util|INFO| pre: wildcards=  0x200030  in_port=    7  dl_src=00:00:00:00:00:17  dl_dst=00:00:00:00:00:1f  dl_vlan=65535  dl_vlan_pcp=  0  dl_type=     0  nw_tos=   0  nw_proto=   0  nw_src= 0xa000017  nw_dst= 0xa00001f  tp_src= 1239  tp_dst=45304
Sep 07 09:29:13|00067|ofp_util|INFO|post: wildcards=  0x2ffff0  in_port=    7  dl_src=00:00:00:00:00:17  dl_dst=00:00:00:00:00:1f  dl_vlan=65535  dl_vlan_pcp=  0  dl_type=     0  nw_tos=   0  nw_proto=   0  nw_src=         0  nw_dst=         0  tp_src=    0  tp_dst=    0
Sep 07 09:30:30|00068|ofp_util|INFO|Dropped 7 log messages in last 77 seconds due to excessive rate
Sep 07 09:30:30|00069|ofp_util|INFO|normalization changed ofp_match, details:
Sep 07 09:30:30|00070|ofp_util|INFO| pre: wildcards=  0x200030  in_port=    8  dl_src=00:00:00:00:00:1a  dl_dst=00:00:00:00:00:1e  dl_vlan=65535  dl_vlan_pcp=  0  dl_type=     0  nw_tos=   0  nw_proto=   0  nw_src= 0xa00001a  nw_dst= 0xa00001e  tp_src= 1239  tp_dst=59489
Sep 07 09:30:30|00071|ofp_util|INFO|post: wildcards=  0x2ffff0  in_port=    8  dl_src=00:00:00:00:00:1a  dl_dst=00:00:00:00:00:1e  dl_vlan=65535  dl_vlan_pcp=  0  dl_type=     0  nw_tos=   0  nw_proto=   0  nw_src=         0  nw_dst=         0  tp_src=    0  tp_dst=    0
Sep 07 09:31:05|00072|ofp_util|INFO|Dropped 2 log messages in last 35 seconds due to excessive rate
Sep 07 09:31:05|00073|ofp_util|INFO|normalization changed ofp_match, details:
Sep 07 09:31:05|00074|ofp_util|INFO| pre: wildcards=  0x200030  in_port=    7  dl_src=00:00:00:00:00:16  dl_dst=00:00:00:00:00:1e  dl_vlan=65535  dl_vlan_pcp=  0  dl_type=     0  nw_tos=   0  nw_proto=   0  nw_src= 0xa000016  nw_dst= 0xa00001e  tp_src=    3  tp_dst=    3
Sep 07 09:31:05|00075|ofp_util|INFO|post: wildcards=  0x2ffff0  in_port=    7  dl_src=00:00:00:00:00:16  dl_dst=00:00:00:00:00:1e  dl_vlan=65535  dl_vlan_pcp=  0  dl_type=     0  nw_tos=   0  nw_proto=   0  nw_src=         0  nw_dst=         0  tp_src=    0  tp_dst=    0
Sep 07 09:32:11|00076|ofp_util|INFO|Dropped 2 log messages in last 27 seconds due to excessive rate
Sep 07 09:32:11|00077|ofp_util|INFO|normalization changed ofp_match, details:
Sep 07 09:32:11|00078|ofp_util|INFO| pre: wildcards=  0x200030  in_port=    6  dl_src=00:00:00:00:00:13  dl_dst=00:00:00:00:00:1d  dl_vlan=65535  dl_vlan_pcp=  0  dl_type=     0  nw_tos=   0  nw_proto=   0  nw_src= 0xa000013  nw_dst= 0xa00001d  tp_src= 1241  tp_dst=59750
Sep 07 09:32:11|00079|ofp_util|INFO|post: wildcards=  0x2ffff0  in_port=    6  dl_src=00:00:00:00:00:13  dl_dst=00:00:00:00:00:1d  dl_vlan=65535  dl_vlan_pcp=  0  dl_type=     0  nw_tos=   0  nw_proto=   0  nw_src=         0  nw_dst=         0  tp_src=    0  tp_dst=    0
Sep 07 09:33:03|00080|ofp_util|INFO|Dropped 11 log messages in last 52 seconds due to excessive rate
Sep 07 09:33:03|00081|ofp_util|INFO|normalization changed ofp_match, details:
Sep 07 09:33:03|00082|ofp_util|INFO| pre: wildcards=  0x200030  in_port=    6  dl_src=00:00:00:00:00:11  dl_dst=00:00:00:00:00:1d  dl_vlan=65535  dl_vlan_pcp=  0  dl_type=     0  nw_tos=   0  nw_proto=   0  nw_src= 0xa000011  nw_dst= 0xa00001d  tp_src= 1239  tp_dst=43529
Sep 07 09:33:03|00083|ofp_util|INFO|post: wildcards=  0x2ffff0  in_port=    6  dl_src=00:00:00:00:00:11  dl_dst=00:00:00:00:00:1d  dl_vlan=65535  dl_vlan_pcp=  0  dl_type=     0  nw_tos=   0  nw_proto=   0  nw_src=         0  nw_dst=         0  tp_src=    0  tp_dst=    0
Sep 07 09:34:00|00084|ofp_util|INFO|Dropped 7 log messages in last 57 seconds due to excessive rate
Sep 07 09:34:00|00085|ofp_util|INFO|normalization changed ofp_match, details:
Sep 07 09:34:00|00086|ofp_util|INFO| pre: wildcards=  0x200030  in_port=    5  dl_src=00:00:00:00:00:10  dl_dst=00:00:00:00:00:20  dl_vlan=65535  dl_vlan_pcp=  0  dl_type=     0  nw_tos=   0  nw_proto=   0  nw_src= 0xa000010  nw_dst= 0xa000020  tp_src= 1242  tp_dst=43935
Sep 07 09:34:00|00087|ofp_util|INFO|post: wildcards=  0x2ffff0  in_port=    5  dl_src=00:00:00:00:00:10  dl_dst=00:00:00:00:00:20  dl_vlan=65535  dl_vlan_pcp=  0  dl_type=     0  nw_tos=   0  nw_proto=   0  nw_src=         0  nw_dst=         0  tp_src=    0  tp_dst=    0
Sep 07 09:35:25|00088|ofp_util|INFO|Dropped 8 log messages in last 84 seconds due to excessive rate
Sep 07 09:35:25|00089|ofp_util|INFO|normalization changed ofp_match, details:
Sep 07 09:35:25|00090|ofp_util|INFO| pre: wildcards=  0x200030  in_port=    5  dl_src=00:00:00:00:00:0f  dl_dst=00:00:00:00:00:1f  dl_vlan=65535  dl_vlan_pcp=  0  dl_type=     0  nw_tos=   0  nw_proto=   0  nw_src= 0xa00000f  nw_dst= 0xa00001f  tp_src= 1240  tp_dst=51052
Sep 07 09:35:25|00091|ofp_util|INFO|post: wildcards=  0x2ffff0  in_port=    5  dl_src=00:00:00:00:00:0f  dl_dst=00:00:00:00:00:1f  dl_vlan=65535  dl_vlan_pcp=  0  dl_type=     0  nw_tos=   0  nw_proto=   0  nw_src=         0  nw_dst=         0  tp_src=    0  tp_dst=    0
Sep 07 09:36:04|00092|ofp_util|INFO|Dropped 1 log messages in last 39 seconds due to excessive rate
Sep 07 09:36:04|00093|ofp_util|INFO|normalization changed ofp_match, details:
Sep 07 09:36:04|00094|ofp_util|INFO| pre: wildcards=  0x200030  in_port=    5  dl_src=00:00:00:00:00:10  dl_dst=00:00:00:00:00:1f  dl_vlan=65535  dl_vlan_pcp=  0  dl_type=     0  nw_tos=   0  nw_proto=   0  nw_src= 0xa000010  nw_dst= 0xa00001f  tp_src= 1243  tp_dst=57089
Sep 07 09:36:04|00095|ofp_util|INFO|post: wildcards=  0x2ffff0  in_port=    5  dl_src=00:00:00:00:00:10  dl_dst=00:00:00:00:00:1f  dl_vlan=65535  dl_vlan_pcp=  0  dl_type=     0  nw_tos=   0  nw_proto=   0  nw_src=         0  nw_dst=         0  tp_src=    0  tp_dst=    0
Sep 07 09:37:21|00096|ofp_util|INFO|Dropped 6 log messages in last 77 seconds due to excessive rate
Sep 07 09:37:21|00097|ofp_util|INFO|normalization changed ofp_match, details:
Sep 07 09:37:21|00098|ofp_util|INFO| pre: wildcards=  0x200030  in_port=    5  dl_src=00:00:00:00:00:0e  dl_dst=00:00:00:00:00:1e  dl_vlan=65535  dl_vlan_pcp=  0  dl_type=     0  nw_tos=   0  nw_proto=   0  nw_src= 0xa00000e  nw_dst= 0xa00001e  tp_src= 1240  tp_dst=51338
Sep 07 09:37:21|00099|ofp_util|INFO|post: wildcards=  0x2ffff0  in_port=    5  dl_src=00:00:00:00:00:0e  dl_dst=00:00:00:00:00:1e  dl_vlan=65535  dl_vlan_pcp=  0  dl_type=     0  nw_tos=   0  nw_proto=   0  nw_src=         0  nw_dst=         0  tp_src=    0  tp_dst=    0
Sep 07 09:38:05|00100|ofp_util|INFO|Dropped 4 log messages in last 45 seconds due to excessive rate
Sep 07 09:38:05|00101|ofp_util|INFO|normalization changed ofp_match, details:
Sep 07 09:38:05|00102|ofp_util|INFO| pre: wildcards=  0x200030  in_port=    6  dl_src=00:00:00:00:00:14  dl_dst=00:00:00:00:00:1e  dl_vlan=65535  dl_vlan_pcp=  0  dl_type=     0  nw_tos=   0  nw_proto=   0  nw_src= 0xa000014  nw_dst= 0xa00001e  tp_src= 1242  tp_dst=55746
Sep 07 09:38:05|00103|ofp_util|INFO|post: wildcards=  0x2ffff0  in_port=    6  dl_src=00:00:00:00:00:14  dl_dst=00:00:00:00:00:1e  dl_vlan=65535  dl_vlan_pcp=  0  dl_type=     0  nw_tos=   0  nw_proto=   0  nw_src=         0  nw_dst=         0  tp_src=    0  tp_dst=    0
Sep 07 09:39:04|00104|ofp_util|INFO|Dropped 8 log messages in last 59 seconds due to excessive rate
Sep 07 09:39:04|00105|ofp_util|INFO|normalization changed ofp_match, details:
Sep 07 09:39:04|00106|ofp_util|INFO| pre: wildcards=  0x200030  in_port=    6  dl_src=00:00:00:00:00:13  dl_dst=00:00:00:00:00:1e  dl_vlan=65535  dl_vlan_pcp=  0  dl_type=     0  nw_tos=   0  nw_proto=   0  nw_src= 0xa000013  nw_dst= 0xa00001e  tp_src= 1244  tp_dst=46968
Sep 07 09:39:04|00107|ofp_util|INFO|post: wildcards=  0x2ffff0  in_port=    6  dl_src=00:00:00:00:00:13  dl_dst=00:00:00:00:00:1e  dl_vlan=65535  dl_vlan_pcp=  0  dl_type=     0  nw_tos=   0  nw_proto=   0  nw_src=         0  nw_dst=         0  tp_src=    0  tp_dst=    0
Sep 07 09:39:52|00108|rconn|INFO|dp6<->tcp:127.0.0.1:6633: connection closed by peer
Sep 07 09:39:53|00109|rconn|INFO|dp6<->tcp:127.0.0.1:6633: connecting...
Sep 07 09:39:53|00110|rconn|WARN|dp6<->tcp:127.0.0.1:6633: connection failed (Connection refused)
Sep 07 09:39:53|00111|rconn|INFO|dp6<->tcp:127.0.0.1:6633: waiting 2 seconds before reconnect
Sep 07 09:39:53|00112|netdev_linux|WARN|ethtool command ETHTOOL_GSET on network device s7-eth1 failed: No such device
Sep 07 09:39:55|00113|netdev_linux|WARN|ethtool command ETHTOOL_GSET on network device s7-eth2 failed: No such device
Sep 07 09:39:55|00114|rconn|INFO|dp6<->tcp:127.0.0.1:6633: connecting...
Sep 07 09:39:55|00115|rconn|WARN|dp6<->tcp:127.0.0.1:6633: connection failed (Connection refused)
Sep 07 09:39:55|00116|rconn|INFO|dp6<->tcp:127.0.0.1:6633: waiting 4 seconds before reconnect
Sep 07 09:39:56|00117|netdev_linux|WARN|ethtool command ETHTOOL_GSET on network device s7-eth3 failed: No such device
Sep 07 09:39:58|00118|netdev_linux|WARN|ethtool command ETHTOOL_GSET on network device s7-eth4 failed: No such device
Sep 07 09:39:59|00119|rconn|INFO|dp6<->tcp:127.0.0.1:6633: connecting...
Sep 07 09:39:59|00120|rconn|WARN|dp6<->tcp:127.0.0.1:6633: connection failed (Connection refused)
Sep 07 09:39:59|00121|rconn|INFO|dp6<->tcp:127.0.0.1:6633: continuing to retry connections in the background but suppressing further logging
Sep 07 09:40:01|00122|dpif_linux|WARN|system@dp6: read failed: No such device
Sep 07 09:40:01|00123|ofproto|ERR|system@dp6: datapath was destroyed externally
ovs-openflowd: unrecoverable datapath error (No such device)
