Starting client at 10.0.0.24:1236 with timeout:10
My IP address is 10.0.0.24Skipped Seq from 0 to 3
Skipped Seq from 3 to 5
Skipped Seq from 5 to 12
Skipped Seq from 12 to 15
Skipped Seq from 15 to 17
Skipped Seq from 17 to 19
Skipped Seq from 19 to 21
Skipped Seq from 21 to 23
Skipped Seq from 23 to 27
Skipped Seq from 27 to 29
Skipped Seq from 29 to 33
Skipped Seq from 33 to 35
Skipped Seq from 35 to 37
Skipped Seq from 37 to 39
Skipped Seq from 39 to 49
Skipped Seq from 49 to 52
Skipped Seq from 52 to 67
Skipped Seq from 68 to 71
Skipped Seq from 71 to 73
Skipped Seq from 73 to 75
Skipped Seq from 75 to 78
Skipped Seq from 78 to 81
Skipped Seq from 81 to 83
Skipped Seq from 83 to 85
Skipped Seq from 85 to 87
Skipped Seq from 87 to 89
Skipped Seq from 89 to 95
Skipped Seq from 95 to 97
Skipped Seq from 97 to 111
Skipped Seq from 111 to 114
Skipped Seq from 114 to 116
Skipped Seq from 116 to 122
Skipped Seq from 122 to 124
Skipped Seq from 124 to 126
Skipped Seq from 126 to 128
Skipped Seq from 128 to 131
Skipped Seq from 131 to 138
Skipped Seq from 138 to 141
Skipped Seq from 141 to 143
Skipped Seq from 143 to 149
Skipped Seq from 149 to 151
Skipped Seq from 151 to 153
Skipped Seq from 153 to 155
Skipped Seq from 155 to 157
Skipped Seq from 157 to 160
Skipped Seq from 160 to 165
Skipped Seq from 165 to 167
Skipped Seq from 167 to 170
Skipped Seq from 170 to 172
Skipped Seq from 172 to 174
Skipped Seq from 174 to 178
Skipped Seq from 178 to 180
Skipped Seq from 180 to 182
Skipped Seq from 182 to 194
Skipped Seq from 194 to 203
Skipped Seq from 203 to 205
Skipped Seq from 205 to 208
Skipped Seq from 208 to 210
Skipped Seq from 210 to 212
Skipped Seq from 212 to 214
Skipped Seq from 214 to 220
Skipped Seq from 220 to 222
Skipped Seq from 222 to 224
Skipped Seq from 224 to 226
Skipped Seq from 226 to 231
Skipped Seq from 232 to 243
Skipped Seq from 243 to 289
Skipped Seq from 289 to 291
Skipped Seq from 291 to 293
Skipped Seq from 293 to 296
Skipped Seq from 296 to 298
Skipped Seq from 298 to 300
Skipped Seq from 300 to 303
Skipped Seq from 303 to 306
Skipped Seq from 306 to 308
Skipped Seq from 308 to 310
Skipped Seq from 310 to 312
Skipped Seq from 312 to 314
Skipped Seq from 314 to 316
Skipped Seq from 316 to 320
Skipped Seq from 320 to 322
Skipped Seq from 322 to 324
Skipped Seq from 324 to 326
Skipped Seq from 326 to 329
Skipped Seq from 329 to 331
Skipped Seq from 331 to 334
Skipped Seq from 334 to 337
Skipped Seq from 337 to 339
Skipped Seq from 339 to 341
Skipped Seq from 341 to 343
Skipped Seq from 343 to 345
Skipped Seq from 345 to 347
Skipped Seq from 347 to 349
Skipped Seq from 349 to 351
Skipped Seq from 351 to 354
Skipped Seq from 354 to 356
Skipped Seq from 357 to 359
Skipped Seq from 359 to 361
Skipped Seq from 361 to 398
Skipped Seq from 398 to 401
Skipped Seq from 401 to 403
Skipped Seq from 403 to 405
Skipped Seq from 405 to 413
Skipped Seq from 413 to 415
Skipped Seq from 415 to 417
Skipped Seq from 417 to 419
Skipped Seq from 419 to 431
Skipped Seq from 431 to 434
Skipped Seq from 434 to 436
Skipped Seq from 436 to 446
Skipped Seq from 446 to 449
Skipped Seq from 450 to 453
Skipped Seq from 453 to 455
Skipped Seq from 455 to 457
Skipped Seq from 458 to 461
Skipped Seq from 461 to 463
Skipped Seq from 463 to 465
Skipped Seq from 465 to 467
Skipped Seq from 467 to 469
Skipped Seq from 471 to 476
Skipped Seq from 476 to 485
Skipped Seq from 485 to 487
Skipped Seq from 487 to 490
Skipped Seq from 490 to 495
Skipped Seq from 495 to 497
Skipped Seq from 497 to 500
Skipped Seq from 500 to 502
Skipped Seq from 502 to 504
Skipped Seq from 504 to 506
Skipped Seq from 506 to 512
Skipped Seq from 512 to 514
Skipped Seq from 514 to 516
Skipped Seq from 516 to 519
Skipped Seq from 519 to 521
Skipped Seq from 521 to 524
Skipped Seq from 524 to 526
Skipped Seq from 526 to 529
Skipped Seq from 529 to 531
Skipped Seq from 531 to 533
Skipped Seq from 533 to 535
Skipped Seq from 535 to 537
Skipped Seq from 537 to 541
Skipped Seq from 541 to 543
Skipped Seq from 543 to 545
Skipped Seq from 545 to 548
Skipped Seq from 548 to 550
Skipped Seq from 551 to 553
Skipped Seq from 553 to 556
Skipped Seq from 556 to 558
Skipped Seq from 558 to 560
Skipped Seq from 560 to 562
Skipped Seq from 562 to 568
Skipped Seq from 568 to 570
Skipped Seq from 570 to 572
Skipped Seq from 572 to 574
Skipped Seq from 574 to 576
Skipped Seq from 576 to 584
Skipped Seq from 584 to 587
Skipped Seq from 587 to 589
Skipped Seq from 589 to 591
Skipped Seq from 591 to 593
Skipped Seq from 593 to 595
Skipped Seq from 595 to 597
Skipped Seq from 597 to 599
Skipped Seq from 599 to 601
Skipped Seq from 601 to 603
Skipped Seq from 603 to 611
Skipped Seq from 611 to 613
Skipped Seq from 613 to 616
Skipped Seq from 616 to 618
Skipped Seq from 618 to 620
Skipped Seq from 620 to 626
Skipped Seq from 626 to 628
Skipped Seq from 628 to 630
Skipped Seq from 630 to 632
Skipped Seq from 632 to 634
Skipped Seq from 634 to 637
Skipped Seq from 637 to 639
Skipped Seq from 640 to 642
Skipped Seq from 642 to 645
Skipped Seq from 645 to 647
Skipped Seq from 647 to 649
Skipped Seq from 649 to 651
Skipped Seq from 651 to 657
Skipped Seq from 657 to 659
Skipped Seq from 659 to 661
Skipped Seq from 661 to 663
Skipped Seq from 663 to 666
Skipped Seq from 666 to 669
Skipped Seq from 669 to 671
Skipped Seq from 671 to 673
Skipped Seq from 673 to 676
Skipped Seq from 676 to 678
Skipped Seq from 678 to 680
Skipped Seq from 680 to 682
Skipped Seq from 682 to 685
Skipped Seq from 685 to 688
Skipped Seq from 688 to 690
Skipped Seq from 690 to 692
Skipped Seq from 692 to 694
Skipped Seq from 694 to 696
Skipped Seq from 696 to 698
Skipped Seq from 698 to 708
Skipped Seq from 708 to 711
Skipped Seq from 711 to 713
Skipped Seq from 713 to 715
Skipped Seq from 715 to 717
Skipped Seq from 717 to 719
Skipped Seq from 719 to 725
Skipped Seq from 725 to 727
Skipped Seq from 727 to 729
Skipped Seq from 729 to 731
Skipped Seq from 731 to 734
Skipped Seq from 734 to 739
Skipped Seq from 739 to 741
Skipped Seq from 741 to 744
Skipped Seq from 744 to 746
Skipped Seq from 746 to 748
Skipped Seq from 748 to 750
Skipped Seq from 750 to 752
Skipped Seq from 752 to 758
Skipped Seq from 758 to 766
Skipped Seq from 766 to 768
Skipped Seq from 768 to 771
Skipped Seq from 771 to 773
Skipped Seq from 773 to 783
Skipped Seq from 783 to 785
Skipped Seq from 785 to 787
Skipped Seq from 787 to 799
Skipped Seq from 799 to 801
Skipped Seq from 801 to 804
Skipped Seq from 804 to 806
Skipped Seq from 806 to 816
Skipped Seq from 816 to 818
Skipped Seq from 818 to 820
Skipped Seq from 820 to 822
Skipped Seq from 822 to 832
Skipped Seq from 832 to 835
Skipped Seq from 835 to 837
Skipped Seq from 837 to 839
Skipped Seq from 839 to 849
Skipped Seq from 849 to 851
Skipped Seq from 851 to 853
Skipped Seq from 853 to 868
Skipped Seq from 868 to 870
Skipped Seq from 870 to 882
Skipped Seq from 882 to 884
Skipped Seq from 884 to 896
Skipped Seq from 896 to 899
Skipped Seq from 899 to 907
Skipped Seq from 907 to 909
Skipped Seq from 909 to 911
Skipped Seq from 911 to 913
Skipped Seq from 913 to 916
Skipped Seq from 916 to 919
Skipped Seq from 919 to 921
Skipped Seq from 921 to 924
Skipped Seq from 924 to 926
Skipped Seq from 926 to 928
Skipped Seq from 928 to 936
Skipped Seq from 936 to 938
Skipped Seq from 938 to 940
Skipped Seq from 940 to 942
Skipped Seq from 942 to 950
Skipped Seq from 950 to 952
Skipped Seq from 952 to 955
Skipped Seq from 955 to 957
Skipped Seq from 957 to 959
Skipped Seq from 959 to 961
Skipped Seq from 961 to 965
Skipped Seq from 965 to 967
Skipped Seq from 967 to 969
Skipped Seq from 969 to 972
Skipped Seq from 972 to 990
Skipped Seq from 990 to 992
Skipped Seq from 992 to 1004
Skipped Seq from 1004 to 1006
Skipped Seq from 1006 to 1008
Skipped Seq from 1008 to 1011
Skipped Seq from 1011 to 1018
Skipped Seq from 1018 to 1021
Skipped Seq from 1021 to 1035
Skipped Seq from 1035 to 1037
Skipped Seq from 1037 to 1039
Skipped Seq from 1039 to 1045
Skipped Seq from 1045 to 1049
Skipped Seq from 1049 to 1055
Skipped Seq from 1055 to 1060
Skipped Seq from 1060 to 1062
Skipped Seq from 1062 to 1064
Skipped Seq from 1064 to 1067
Skipped Seq from 1067 to 1079
Skipped Seq from 1079 to 1081
Skipped Seq from 1081 to 1083
Skipped Seq from 1085 to 1091
Skipped Seq from 1091 to 1096
Skipped Seq from 1096 to 1098
Skipped Seq from 1098 to 1100
Skipped Seq from 1100 to 1104
Skipped Seq from 1104 to 1106
Skipped Seq from 1106 to 1108
Skipped Seq from 1108 to 1110
Skipped Seq from 1110 to 1113
Skipped Seq from 1113 to 1116
Skipped Seq from 1116 to 1118
Skipped Seq from 1118 to 1120
Skipped Seq from 1120 to 1123
Skipped Seq from 1123 to 1125
Skipped Seq from 1125 to 1127
Skipped Seq from 1127 to 1129
Skipped Seq from 1129 to 1135
Skipped Seq from 1135 to 1137
Skipped Seq from 1137 to 1139
Skipped Seq from 1139 to 1149
Skipped Seq from 1149 to 1152
Skipped Seq from 1152 to 1155
Skipped Seq from 1155 to 1158
Skipped Seq from 1158 to 1160
Skipped Seq from 1160 to 1162
Skipped Seq from 1162 to 1164
Skipped Seq from 1164 to 1170
Skipped Seq from 1170 to 1172
Skipped Seq from 1172 to 1174
Skipped Seq from 1174 to 1176
Skipped Seq from 1176 to 1194
Skipped Seq from 1194 to 1197
Skipped Seq from 1197 to 1209
Skipped Seq from 1209 to 1212
Skipped Seq from 1212 to 1214
Skipped Seq from 1214 to 1219
Skipped Seq from 1219 to 1222
Skipped Seq from 1222 to 1224
Skipped Seq from 1224 to 1226
Skipped Seq from 1226 to 1230
Skipped Seq from 1230 to 1232
Skipped Seq from 1232 to 1234
Skipped Seq from 1234 to 1236
Skipped Seq from 1236 to 1246
Skipped Seq from 1246 to 1249
Skipped Seq from 1249 to 1251
Skipped Seq from 1251 to 1255
Skipped Seq from 1255 to 1257
Skipped Seq from 1257 to 1259
Skipped Seq from 1259 to 1263
Skipped Seq from 1263 to 1265
Skipped Seq from 1265 to 1267
Skipped Seq from 1267 to 1269
Skipped Seq from 1269 to 1272
Skipped Seq from 1272 to 1277
Skipped Seq from 1277 to 1279
Skipped Seq from 1279 to 1282
Skipped Seq from 1282 to 1284
Skipped Seq from 1284 to 1286
Skipped Seq from 1286 to 1292
Skipped Seq from 1292 to 1294
Skipped Seq from 1294 to 1296
Skipped Seq from 1296 to 1299
Skipped Seq from 1299 to 1301
Skipped Seq from 1301 to 1307
Skipped Seq from 1307 to 1310
Skipped Seq from 1310 to 1313
Skipped Seq from 1313 to 1315
Skipped Seq from 1315 to 1317
Skipped Seq from 1317 to 1319
Skipped Seq from 1319 to 1325
Skipped Seq from 1325 to 1327
Skipped Seq from 1327 to 1329
Skipped Seq from 1329 to 1331
Skipped Seq from 1331 to 1333
Skipped Seq from 1333 to 1337
Skipped Seq from 1337 to 1343
Skipped Seq from 1343 to 1346
Skipped Seq from 1346 to 1358
Skipped Seq from 1358 to 1360
Skipped Seq from 1360 to 1362
Skipped Seq from 1362 to 1372
Skipped Seq from 1372 to 1375
Skipped Seq from 1375 to 1377
Skipped Seq from 1377 to 1387
Skipped Seq from 1387 to 1389
Skipped Seq from 1389 to 1391
Skipped Seq from 1391 to 1399
Skipped Seq from 1399 to 1402
Skipped Seq from 1402 to 1404
Skipped Seq from 1404 to 1406
Skipped Seq from 1406 to 1412
Skipped Seq from 1412 to 1416
Skipped Seq from 1416 to 1418
Skipped Seq from 1418 to 1420
Skipped Seq from 1420 to 1422
Skipped Seq from 1422 to 1425
Skipped Seq from 1425 to 1427
Skipped Seq from 1427 to 1435
Skipped Seq from 1435 to 1437
Skipped Seq from 1437 to 1439
Skipped Seq from 1439 to 1441
Skipped Seq from 1441 to 1444
Skipped Seq from 1445 to 1447
Skipped Seq from 1447 to 1449
Skipped Seq from 1449 to 1452
Skipped Seq from 1452 to 1454
Skipped Seq from 1454 to 1456
Skipped Seq from 1456 to 1459
Skipped Seq from 1459 to 1461
Skipped Seq from 1461 to 1464
Skipped Seq from 1464 to 1466
Skipped Seq from 1466 to 1476
Skipped Seq from 1476 to 1478
Skipped Seq from 1478 to 1480
Skipped Seq from 1480 to 1482
Skipped Seq from 1482 to 1503
Skipped Seq from 1503 to 1515
Skipped Seq from 1515 to 1517
Skipped Seq from 1517 to 1530
Skipped Seq from 1530 to 1532
Skipped Seq from 1532 to 1544
Skipped Seq from 1544 to 1546
Skipped Seq from 1546 to 1559
Skipped Seq from 1559 to 1573
Skipped Seq from 1573 to 1575
Skipped Seq from 1575 to 1592
Skipped Seq from 1592 to 1594
Skipped Seq from 1594 to 1619
Skipped Seq from 1620 to 1631
Skipped Seq from 1631 to 1667
Skipped Seq from 1667 to 1670
Skipped Seq from 1670 to 1672
Skipped Seq from 1672 to 1674
Skipped Seq from 1674 to 1677
Skipped Seq from 1677 to 1680
Skipped Seq from 1680 to 1682
Skipped Seq from 1682 to 1684
Skipped Seq from 1684 to 1686
Skipped Seq from 1686 to 1688
Skipped Seq from 1688 to 1692
Skipped Seq from 1692 to 1694
Skipped Seq from 1694 to 1696
Skipped Seq from 1696 to 1698
Skipped Seq from 1698 to 1701
Skipped Seq from 1701 to 1703
Skipped Seq from 1703 to 1705
Skipped Seq from 1705 to 1708
Skipped Seq from 1708 to 1711
Skipped Seq from 1711 to 1713
Skipped Seq from 1713 to 1715
Skipped Seq from 1715 to 1721
Skipped Seq from 1721 to 1723
Skipped Seq from 1723 to 1725
Skipped Seq from 1725 to 1727
Skipped Seq from 1727 to 1730
Skipped Seq from 1730 to 1736
Skipped Seq from 1736 to 1738
Skipped Seq from 1738 to 1740
Skipped Seq from 1740 to 1742
Skipped Seq from 1742 to 1745
Skipped Seq from 1746 to 1755
Skipped Seq from 1755 to 1787
Skipped Seq from 1787 to 1796
Skipped Seq from 1796 to 1813
Skipped Seq from 1813 to 1822
Skipped Seq from 1822 to 1843
Skipped Seq from 1843 to 1845
Skipped Seq from 1845 to 1847
Skipped Seq from 1847 to 1849
Skipped Seq from 1849 to 1851
Skipped Seq from 1852 to 1854
Skipped Seq from 1854 to 1856
Skipped Seq from 1856 to 1858
Skipped Seq from 1863 to 1868
Skipped Seq from 1872 to 1874
Skipped Seq from 1878 to 1880
Skipped Seq from 1881 to 1883
Skipped Seq from 1885 to 1887
Skipped Seq from 1891 to 1893
Skipped Seq from 1894 to 1906
Skipped Seq from 1907 to 1915
Skipped Seq from 1917 to 1920
Skipped Seq from 1921 to 1925
Skipped Seq from 1927 to 1929
Skipped Seq from 1933 to 1938
Skipped Seq from 1939 to 1944
Skipped Seq from 1944 to 1946
Skipped Seq from 1947 to 1949
Skipped Seq from 1951 to 1954
Skipped Seq from 1959 to 1961
Skipped Seq from 1968 to 1970
Skipped Seq from 1972 to 1979
Skipped Seq from 1982 to 1991
Skipped Seq from 1991 to 1999
Skipped Seq from 1999 to 2009
Skipped Seq from 2009 to 2011
Skipped Seq from 2011 to 2014
Skipped Seq from 2014 to 2020
Skipped Seq from 2020 to 2022
Skipped Seq from 2024 to 2027
Skipped Seq from 2028 to 2030
Skipped Seq from 2035 to 2038
Skipped Seq from 2038 to 2040
Skipped Seq from 2040 to 2043
Skipped Seq from 2043 to 2046
Skipped Seq from 2047 to 2049
Skipped Seq from 2049 to 2052
Skipped Seq from 2052 to 2057
Skipped Seq from 2057 to 2059
Skipped Seq from 2060 to 2069
Skipped Seq from 2072 to 2074
Skipped Seq from 2074 to 2077
Skipped Seq from 2077 to 2079
Skipped Seq from 2081 to 2085
Skipped Seq from 2085 to 2099
Skipped Seq from 2099 to 2101
Skipped Seq from 2101 to 2109
Skipped Seq from 2109 to 2126
Skipped Seq from 2126 to 2128
Skipped Seq from 2129 to 2131
Skipped Seq from 2131 to 2133
Skipped Seq from 2133 to 2135
Skipped Seq from 2138 to 2141
Skipped Seq from 2144 to 2147
Skipped Seq from 2148 to 2155
Skipped Seq from 2155 to 2157
Skipped Seq from 2159 to 2161
Skipped Seq from 2161 to 2163
Skipped Seq from 2163 to 2167
Skipped Seq from 2169 to 2172
Skipped Seq from 2172 to 2174
Skipped Seq from 2174 to 2183
Skipped Seq from 2183 to 2189
Skipped Seq from 2192 to 2194
Skipped Seq from 2197 to 2201
Skipped Seq from 2201 to 2203
Skipped Seq from 2205 to 2208
Skipped Seq from 2208 to 2210
Skipped Seq from 2210 to 2212
Skipped Seq from 2212 to 2215
Skipped Seq from 2215 to 2221
Skipped Seq from 2221 to 2224
Skipped Seq from 2224 to 2226
Skipped Seq from 2226 to 2228
Skipped Seq from 2228 to 2230
Skipped Seq from 2230 to 2232
Skipped Seq from 2233 to 2239
Skipped Seq from 2239 to 2241
Skipped Seq from 2241 to 2243
Skipped Seq from 2243 to 2246
Skipped Seq from 2247 to 2249
Skipped Seq from 2249 to 2251
Skipped Seq from 2251 to 2255
Skipped Seq from 2255 to 2257
Skipped Seq from 2257 to 2259
Skipped Seq from 2259 to 2261
Skipped Seq from 2261 to 2271
Skipped Seq from 2271 to 2282
Skipped Seq from 2282 to 2296
Skipped Seq from 2296 to 2301
Skipped Seq from 2301 to 2319
Skipped Seq from 2320 to 2327
Skipped Seq from 2328 to 2336
Skipped Seq from 2336 to 2338
Skipped Seq from 2338 to 2341
Skipped Seq from 2341 to 2343
Skipped Seq from 2343 to 2346
Skipped Seq from 2346 to 2348
Skipped Seq from 2348 to 2351
Skipped Seq from 2351 to 2353
Skipped Seq from 2353 to 2355
Skipped Seq from 2355 to 2357
Skipped Seq from 2357 to 2359
Skipped Seq from 2359 to 2361
Skipped Seq from 2361 to 2363
Skipped Seq from 2363 to 2369
Skipped Seq from 2370 to 2372
Skipped Seq from 2372 to 2374
Skipped Seq from 2374 to 2377
Skipped Seq from 2377 to 2379
Skipped Seq from 2379 to 2383
Skipped Seq from 2383 to 2388
Skipped Seq from 2388 to 2390
Skipped Seq from 2390 to 2395
Skipped Seq from 2395 to 2407
Skipped Seq from 2407 to 2410
Skipped Seq from 2412 to 2414
Skipped Seq from 2414 to 2416
Skipped Seq from 2416 to 2418
Skipped Seq from 2418 to 2421
Skipped Seq from 2421 to 2433
Skipped Seq from 2433 to 2436
Skipped Seq from 2436 to 2439
Skipped Seq from 2440 to 2442
Skipped Seq from 2442 to 2445
Skipped Seq from 2448 to 2451
Skipped Seq from 2451 to 2453
Skipped Seq from 2454 to 2457
Skipped Seq from 2457 to 2459
Skipped Seq from 2459 to 2461
Skipped Seq from 2461 to 2463
Skipped Seq from 2463 to 2465
Skipped Seq from 2465 to 2468
Skipped Seq from 2469 to 2475
Skipped Seq from 2475 to 2480
Skipped Seq from 2480 to 2484
Skipped Seq from 2484 to 2499
Skipped Seq from 2499 to 2502
Skipped Seq from 2502 to 2504
Skipped Seq from 2504 to 2506
Skipped Seq from 2506 to 2508
Skipped Seq from 2508 to 2512
Skipped Seq from 2513 to 2515
Skipped Seq from 2515 to 2518
Skipped Seq from 2518 to 2520
Skipped Seq from 2520 to 2523
Skipped Seq from 2524 to 2527
Skipped Seq from 2527 to 2529
Skipped Seq from 2529 to 2534
Skipped Seq from 2534 to 2536
Skipped Seq from 2536 to 2539
Skipped Seq from 2539 to 2541
Skipped Seq from 2541 to 2543
Skipped Seq from 2543 to 2545
Skipped Seq from 2545 to 2548
Skipped Seq from 2548 to 2550
Skipped Seq from 2550 to 2552
Skipped Seq from 2552 to 2554
Skipped Seq from 2554 to 2556
Skipped Seq from 2558 to 2561
Skipped Seq from 2561 to 2563
Skipped Seq from 2563 to 2565
Skipped Seq from 2565 to 2567
Skipped Seq from 2567 to 2570
Skipped Seq from 2570 to 2574
Skipped Seq from 2574 to 2576
Skipped Seq from 2576 to 2578
Skipped Seq from 2578 to 2581
Skipped Seq from 2582 to 2586
Skipped Seq from 2586 to 2588
Skipped Seq from 2588 to 2597
Skipped Seq from 2597 to 2599
Skipped Seq from 2599 to 2602
Skipped Seq from 2602 to 2611
Skipped Seq from 2612 to 2616
Skipped Seq from 2616 to 2619
Skipped Seq from 2620 to 2622
Skipped Seq from 2622 to 2631
Skipped Seq from 2633 to 2635
Skipped Seq from 2635 to 2642
Skipped Seq from 2643 to 2650
Skipped Seq from 2650 to 2653
Skipped Seq from 2655 to 2657
Skipped Seq from 2657 to 2659
Skipped Seq from 2659 to 2661
Skipped Seq from 2665 to 2667
Skipped Seq from 2667 to 2670
Skipped Seq from 2673 to 2675
Skipped Seq from 2675 to 2678
Skipped Seq from 2682 to 2685
Skipped Seq from 2687 to 2693
Skipped Seq from 2693 to 2698
Skipped Seq from 2698 to 2706
Skipped Seq from 2706 to 2708
Skipped Seq from 2709 to 2714
Skipped Seq from 2714 to 2719
Skipped Seq from 2720 to 2724
Skipped Seq from 2724 to 2727
Skipped Seq from 2727 to 2730
Skipped Seq from 2730 to 2733
Skipped Seq from 2734 to 2737
Skipped Seq from 2737 to 2742
Skipped Seq from 2742 to 2744
Skipped Seq from 2747 to 2750
Skipped Seq from 2755 to 2757
Skipped Seq from 2757 to 2759
Skipped Seq from 2759 to 2761
Skipped Seq from 2761 to 2764
Skipped Seq from 2764 to 2767
Skipped Seq from 2767 to 2769
Skipped Seq from 2770 to 2789
Skipped Seq from 2793 to 2800
Skipped Seq from 2800 to 2803
Skipped Seq from 2803 to 2810
Skipped Seq from 2810 to 2813
Skipped Seq from 2813 to 2821
Skipped Seq from 2821 to 2824
Skipped Seq from 2824 to 2830
Skipped Seq from 2830 to 2840
Skipped Seq from 2841 to 2844
Skipped Seq from 2845 to 2848
Skipped Seq from 2848 to 2851
Skipped Seq from 2851 to 2853
Skipped Seq from 2853 to 2855
Skipped Seq from 2856 to 2859
Skipped Seq from 2860 to 2862
Skipped Seq from 2862 to 2865
Skipped Seq from 2865 to 2867
Skipped Seq from 2869 to 2872
Skipped Seq from 2872 to 2874
Skipped Seq from 2876 to 2878
Skipped Seq from 2878 to 2881
Skipped Seq from 2881 to 2883
Skipped Seq from 2884 to 2886
Skipped Seq from 2888 to 2890
Skipped Seq from 2890 to 2894
Skipped Seq from 2898 to 2902
Skipped Seq from 2904 to 2911
Skipped Seq from 2911 to 2914
Skipped Seq from 2914 to 2917
Skipped Seq from 2917 to 2919
Skipped Seq from 2919 to 2925
Skipped Seq from 2925 to 2928
Skipped Seq from 2930 to 2935
Skipped Seq from 2935 to 2938
Skipped Seq from 2938 to 2940
Skipped Seq from 2940 to 2942
Skipped Seq from 2943 to 2945
Skipped Seq from 2945 to 2950
Skipped Seq from 2950 to 2953
Skipped Seq from 2954 to 2960
Skipped Seq from 2960 to 2965
Skipped Seq from 2965 to 2969
Skipped Seq from 2969 to 2972
Skipped Seq from 2972 to 2975
Skipped Seq from 2976 to 2986
Skipped Seq from 2986 to 2989
Skipped Seq from 2991 to 2994
Skipped Seq from 2994 to 2996
Skipped Seq from 2996 to 2998
Skipped Seq from 2999 to 3001
Skipped Seq from 3002 to 3004
Skipped Seq from 3004 to 3007
Skipped Seq from 3011 to 3013
Skipped Seq from 3013 to 3015
Skipped Seq from 3017 to 3024
Skipped Seq from 3024 to 3032
Skipped Seq from 3032 to 3040
Skipped Seq from 3041 to 3044
Skipped Seq from 3044 to 3047
Skipped Seq from 3047 to 3056
Skipped Seq from 3057 to 3072
Skipped Seq from 3072 to 3074
Skipped Seq from 3074 to 3080
Skipped Seq from 3080 to 3082
Skipped Seq from 3082 to 3085
Skipped Seq from 3085 to 3089
Skipped Seq from 3091 to 3097
Skipped Seq from 3097 to 3099
Skipped Seq from 3099 to 3101
Skipped Seq from 3103 to 3105
Skipped Seq from 3106 to 3108
Skipped Seq from 3109 to 3111
Skipped Seq from 3111 to 3113
Skipped Seq from 3114 to 3117
Skipped Seq from 3117 to 3119
Skipped Seq from 3120 to 3125
Skipped Seq from 3127 to 3130
Skipped Seq from 3132 to 3136
Skipped Seq from 3139 to 3141
Skipped Seq from 3141 to 3143
Skipped Seq from 3150 to 3152
Skipped Seq from 3152 to 3155
Skipped Seq from 3162 to 3166
Skipped Seq from 3166 to 3168
Skipped Seq from 3168 to 3171
Skipped Seq from 3171 to 3173
Skipped Seq from 3173 to 3175
Skipped Seq from 3175 to 3181
Skipped Seq from 3181 to 3183
Skipped Seq from 3183 to 3188
Skipped Seq from 3188 to 3192
Skipped Seq from 3193 to 3196
Skipped Seq from 3196 to 3199
Skipped Seq from 3199 to 3207
Skipped Seq from 3207 to 3212
Skipped Seq from 3212 to 3218
Skipped Seq from 3219 to 3221
Skipped Seq from 3221 to 3223
Skipped Seq from 3223 to 3227
Skipped Seq from 3228 to 3230
Skipped Seq from 3230 to 3233
Skipped Seq from 3234 to 3236
Skipped Seq from 3243 to 3245
Skipped Seq from 3246 to 3248
Skipped Seq from 3251 to 3253
Skipped Seq from 3255 to 3257
Skipped Seq from 3257 to 3259
Skipped Seq from 3261 to 3263
Skipped Seq from 3263 to 3265
Skipped Seq from 3266 to 3269
Skipped Seq from 3269 to 3271
Skipped Seq from 3271 to 3275
Skipped Seq from 3275 to 3280
Skipped Seq from 3280 to 3288
Skipped Seq from 3288 to 3291
Skipped Seq from 3293 to 3298
Skipped Seq from 3298 to 3301
Skipped Seq from 3301 to 3303
Skipped Seq from 3303 to 3307
Skipped Seq from 3307 to 3313
Skipped Seq from 3313 to 3315
Skipped Seq from 3315 to 3317
Skipped Seq from 3317 to 3323
Skipped Seq from 3324 to 3327
Skipped Seq from 3327 to 3329
Skipped Seq from 3329 to 3332
Skipped Seq from 3332 to 3335
Skipped Seq from 3336 to 3339
Skipped Seq from 3347 to 3356
Skipped Seq from 3356 to 3360
Skipped Seq from 3363 to 3366
Skipped Seq from 3366 to 3369
Skipped Seq from 3369 to 3372
Skipped Seq from 3372 to 3374
Skipped Seq from 3374 to 3378
Skipped Seq from 3380 to 3384
Skipped Seq from 3384 to 3386
Skipped Seq from 3386 to 3388
Skipped Seq from 3388 to 3391
Skipped Seq from 3391 to 3395
Skipped Seq from 3396 to 3399
Skipped Seq from 3399 to 3401
Skipped Seq from 3401 to 3407
Skipped Seq from 3407 to 3409
Skipped Seq from 3409 to 3412
Skipped Seq from 3412 to 3415
Skipped Seq from 3415 to 3417
Skipped Seq from 3417 to 3420
Skipped Seq from 3420 to 3424
Skipped Seq from 3424 to 3426
Skipped Seq from 3426 to 3428
Skipped Seq from 3428 to 3432
Skipped Seq from 3435 to 3438
Skipped Seq from 3438 to 3440
Skipped Seq from 3440 to 3443
Skipped Seq from 3447 to 3449
Skipped Seq from 3452 to 3455
Skipped Seq from 3457 to 3459
Skipped Seq from 3460 to 3462
Skipped Seq from 3462 to 3464
Skipped Seq from 3464 to 3472
Skipped Seq from 3472 to 3474
Skipped Seq from 3474 to 3480
Skipped Seq from 3480 to 3487
Skipped Seq from 3487 to 3495
Skipped Seq from 3495 to 3497
Skipped Seq from 3499 to 3502
Skipped Seq from 3502 to 3504
Skipped Seq from 3505 to 3508
Skipped Seq from 3508 to 3514
Skipped Seq from 3514 to 3516
Skipped Seq from 3516 to 3524
Skipped Seq from 3524 to 3526
Skipped Seq from 3530 to 3533
Skipped Seq from 3540 to 3546
Skipped Seq from 3546 to 3549
Skipped Seq from 3549 to 3553
Skipped Seq from 3553 to 3557
Skipped Seq from 3557 to 3561
Skipped Seq from 3561 to 3567
Skipped Seq from 3567 to 3570
Skipped Seq from 3570 to 3574
Skipped Seq from 3574 to 3576
Skipped Seq from 3576 to 3578
Skipped Seq from 3578 to 3580
Skipped Seq from 3582 to 3586
Skipped Seq from 3587 to 3594
Skipped Seq from 3602 to 3605
Skipped Seq from 3605 to 3607
Skipped Seq from 3612 to 3619
Skipped Seq from 3619 to 3623
Skipped Seq from 3623 to 3626
Skipped Seq from 3627 to 3629
Skipped Seq from 3630 to 3640
Skipped Seq from 3641 to 3678
Skipped Seq from 3680 to 3683
Skipped Seq from 3684 to 3687
Skipped Seq from 3689 to 3692
Skipped Seq from 3701 to 3705
Skipped Seq from 3710 to 3713
Skipped Seq from 3715 to 3718
Skipped Seq from 3719 to 3724
Skipped Seq from 3724 to 3727
Skipped Seq from 3728 to 3734
Skipped Seq from 3734 to 3736
Skipped Seq from 3736 to 3739
Skipped Seq from 3739 to 3746
Skipped Seq from 3748 to 3751
Skipped Seq from 3751 to 3757
Skipped Seq from 3757 to 3759
Skipped Seq from 3759 to 3762
Skipped Seq from 3763 to 3767
Skipped Seq from 3768 to 3770
Skipped Seq from 3772 to 3784
Skipped Seq from 3784 to 3788
Skipped Seq from 3791 to 3795
Skipped Seq from 3795 to 3798
Skipped Seq from 3798 to 3807
Skipped Seq from 3807 to 3812
Skipped Seq from 3812 to 3816
Skipped Seq from 3816 to 3818
Skipped Seq from 3818 to 3821
Skipped Seq from 3821 to 3824
Skipped Seq from 3824 to 3827
Skipped Seq from 3827 to 3831
Skipped Seq from 3832 to 3835
Skipped Seq from 3837 to 3840
Skipped Seq from 3840 to 3843
Skipped Seq from 3843 to 3847
Skipped Seq from 3847 to 3852
Skipped Seq from 3853 to 3856
Skipped Seq from 3856 to 3860
Skipped Seq from 3860 to 3862
Skipped Seq from 3863 to 3867
Skipped Seq from 3867 to 3869
Skipped Seq from 3873 to 3876
Skipped Seq from 3876 to 3878
Skipped Seq from 3878 to 3880
Skipped Seq from 3880 to 3884
Skipped Seq from 3884 to 3891
Skipped Seq from 3891 to 3895
Skipped Seq from 3895 to 3897
Skipped Seq from 3897 to 3901
Skipped Seq from 3901 to 3908
Skipped Seq from 3908 to 3913
Skipped Seq from 3913 to 3915
Skipped Seq from 3915 to 3919
Skipped Seq from 3920 to 3932
Skipped Seq from 3932 to 3936
Skipped Seq from 3938 to 3940
Skipped Seq from 3940 to 3942
Skipped Seq from 3946 to 3948
Skipped Seq from 3949 to 3951
Skipped Seq from 3951 to 3954
Skipped Seq from 3955 to 3957
Skipped Seq from 3957 to 3960
Skipped Seq from 3964 to 3967
Skipped Seq from 3967 to 3969
Skipped Seq from 3970 to 3972
Skipped Seq from 3972 to 3975
Skipped Seq from 3975 to 3979
Skipped Seq from 3979 to 3981
Skipped Seq from 3981 to 3984
Skipped Seq from 3984 to 3987
Skipped Seq from 3987 to 3990
Skipped Seq from 3991 to 3994
Skipped Seq from 3994 to 3997
Skipped Seq from 3998 to 4000
Skipped Seq from 4000 to 4003
Skipped Seq from 4004 to 4007
Skipped Seq from 4007 to 4010
Skipped Seq from 4011 to 4013
Skipped Seq from 4016 to 4018
Skipped Seq from 4018 to 4020
Skipped Seq from 4020 to 4024
Skipped Seq from 4024 to 4029
Skipped Seq from 4036 to 4038
Skipped Seq from 4038 to 4041
Skipped Seq from 4043 to 4045
Skipped Seq from 4049 to 4051
Skipped Seq from 4052 to 4054
Skipped Seq from 4058 to 4060
Skipped Seq from 4060 to 4062
Skipped Seq from 4065 to 4068
Skipped Seq from 4068 to 4070
Skipped Seq from 4078 to 4080
Skipped Seq from 4080 to 4083
Skipped Seq from 4095 to 4098
Skipped Seq from 4099 to 4101
Skipped Seq from 4104 to 4106
Skipped Seq from 4107 to 4109
Skipped Seq from 4116 to 4121
Skipped Seq from 4121 to 4123
Skipped Seq from 4124 to 4127
Skipped Seq from 4127 to 4129
Skipped Seq from 4130 to 4132
Skipped Seq from 4134 to 4136
Skipped Seq from 4143 to 4145
Skipped Seq from 4145 to 4147
Skipped Seq from 4166 to 4168
Skipped Seq from 4174 to 4176
Skipped Seq from 4178 to 4182
Skipped Seq from 4185 to 4188
Skipped Seq from 4189 to 4192
Skipped Seq from 4214 to 4216
Skipped Seq from 4219 to 4222
Skipped Seq from 4225 to 4227
Skipped Seq from 4228 to 4231
Skipped Seq from 4232 to 4236
Skipped Seq from 4248 to 4251
Skipped Seq from 4252 to 4254
Skipped Seq from 4255 to 4258
Skipped Seq from 4258 to 4260
Skipped Seq from 4262 to 4264
Skipped Seq from 4264 to 4267
Skipped Seq from 4269 to 4272
Skipped Seq from 4275 to 4279
Skipped Seq from 4281 to 4284
Skipped Seq from 4285 to 4288
Skipped Seq from 4291 to 4293
Skipped Seq from 4293 to 4295
Skipped Seq from 4295 to 4297
Skipped Seq from 4300 to 4302
Skipped Seq from 4302 to 4305
Skipped Seq from 4305 to 4307
Skipped Seq from 4311 to 4314
Skipped Seq from 4320 to 4322
Skipped Seq from 4324 to 4326
Skipped Seq from 4329 to 4334
Skipped Seq from 4338 to 4341
Skipped Seq from 4341 to 4343
Skipped Seq from 4343 to 4349
Skipped Seq from 4349 to 4351
Skipped Seq from 4353 to 4356
Skipped Seq from 4356 to 4359
Skipped Seq from 4362 to 4364
Skipped Seq from 4365 to 4368
Skipped Seq from 4371 to 4374
Skipped Seq from 4375 to 4379
Skipped Seq from 4379 to 4381
Skipped Seq from 4394 to 4396
Skipped Seq from 4399 to 4401
Skipped Seq from 4404 to 4406
Skipped Seq from 4408 to 4411
Skipped Seq from 4412 to 4414
Skipped Seq from 4417 to 4420
Skipped Seq from 4421 to 4424
Skipped Seq from 10030 to 10032
Skipped Seq from 10032 to 10035
Skipped Seq from 10035 to 10037
Skipped Seq from 10037 to 10042
Skipped Seq from 10042 to 10044
Skipped Seq from 10044 to 10047
Skipped Seq from 10050 to 10054
Skipped Seq from 10055 to 10057
Skipped Seq from 10066 to 10071
Skipped Seq from 10071 to 10074
Skipped Seq from 10085 to 10088
Skipped Seq from 10088 to 10090
Skipped Seq from 10090 to 10093
Skipped Seq from 10096 to 10099
Skipped Seq from 10100 to 10102
Skipped Seq from 10103 to 10106
Skipped Seq from 10112 to 10115
Skipped Seq from 10115 to 10117
Skipped Seq from 10117 to 10119
Skipped Seq from 10119 to 10121
Skipped Seq from 10123 to 10125
Skipped Seq from 10128 to 10130
Skipped Seq from 10130 to 10134
Skipped Seq from 10134 to 10136
Skipped Seq from 10136 to 10138
Skipped Seq from 10147 to 10150
Skipped Seq from 10151 to 10154
Skipped Seq from 10157 to 10160
Skipped Seq from 10162 to 10164
Skipped Seq from 10164 to 10166
Skipped Seq from 10166 to 10168
Skipped Seq from 10174 to 10176
Skipped Seq from 10176 to 10178
Skipped Seq from 10179 to 10181
Skipped Seq from 10182 to 10184
Skipped Seq from 10192 to 10194
Skipped Seq from 10195 to 10197
Skipped Seq from 10198 to 10200
Skipped Seq from 10200 to 10202
Skipped Seq from 10202 to 10206
Skipped Seq from 10209 to 10211
Skipped Seq from 10211 to 10213
Skipped Seq from 10214 to 10217
Skipped Seq from 10217 to 10219
Skipped Seq from 10219 to 10221
Skipped Seq from 10223 to 10225
Skipped Seq from 10226 to 10228
Skipped Seq from 10228 to 10230
Skipped Seq from 10234 to 10236
Skipped Seq from 10243 to 10246
Skipped Seq from 10246 to 10250
Skipped Seq from 10251 to 10255
Skipped Seq from 10260 to 10262
Skipped Seq from 10266 to 10268
Skipped Seq from 10270 to 10272
Skipped Seq from 10272 to 10274
Skipped Seq from 10284 to 10286
Number of times throttled: 4
Received: 7374 / 10286 packets
Start time: 1332846737.959702
End time: 1332846750.712641
Duration: 12.752939
