Mar 27 04:08:55|00001|openflowd|INFO|Open vSwitch version 1.1.0pre2
Mar 27 04:08:55|00002|openflowd|INFO|OpenFlow protocol version 0x01
Mar 27 04:08:55|00003|ofproto|INFO|using datapath ID 00000023208a0202
Mar 27 04:08:55|00004|ofproto|INFO|datapath ID changed to 000000000000000c
Mar 27 04:08:55|00005|rconn|INFO|dp11<->tcp:127.0.0.1:6633: connecting...
Mar 27 04:08:55|00006|rconn|WARN|dp11<->tcp:127.0.0.1:6633: connection failed (Connection refused)
Mar 27 04:08:55|00007|rconn|INFO|dp11<->tcp:127.0.0.1:6633: waiting 1 seconds before reconnect
Mar 27 04:08:56|00008|rconn|INFO|dp11<->tcp:127.0.0.1:6633: connecting...
Mar 27 04:08:56|00009|rconn|WARN|dp11<->tcp:127.0.0.1:6633: connection failed (Connection refused)
Mar 27 04:08:56|00010|rconn|INFO|dp11<->tcp:127.0.0.1:6633: waiting 2 seconds before reconnect
Mar 27 04:08:58|00011|rconn|INFO|dp11<->tcp:127.0.0.1:6633: connecting...
Mar 27 04:08:58|00012|rconn|WARN|dp11<->tcp:127.0.0.1:6633: connection failed (Connection refused)
Mar 27 04:08:58|00013|rconn|INFO|dp11<->tcp:127.0.0.1:6633: waiting 4 seconds before reconnect
Mar 27 04:09:02|00014|rconn|INFO|dp11<->tcp:127.0.0.1:6633: connecting...
Mar 27 04:09:02|00015|rconn|INFO|dp11<->tcp:127.0.0.1:6633: connected
Mar 27 04:09:02|00016|ofp_util|WARN|received Nicira extension message of unknown type 8
Mar 27 04:09:02|00017|ofp_util|INFO|normalization changed ofp_match, details:
Mar 27 04:09:02|00018|ofp_util|INFO| pre: wildcards=0xffffffff  in_port=    0  dl_src=00:00:80:00:00:00  dl_dst=00:00:00:00:c0:00  dl_vlan=    0  dl_vlan_pcp=  0  dl_type=     0  nw_tos=   0  nw_proto=   0  nw_src=         0  nw_dst=0x1a795805  tp_src=33267  tp_dst=39689
Mar 27 04:09:02|00019|ofp_util|INFO|post: wildcards= 0x23fffff  in_port=    0  dl_src=00:00:00:00:00:00  dl_dst=00:00:00:00:00:00  dl_vlan=    0  dl_vlan_pcp=  0  dl_type=     0  nw_tos=   0  nw_proto=   0  nw_src=         0  nw_dst=         0  tp_src=    0  tp_dst=    0
Mar 27 04:09:13|00020|ofp_util|INFO|normalization changed ofp_match, details:
Mar 27 04:09:13|00021|ofp_util|INFO| pre: wildcards=  0x200030  in_port=    7  dl_src=00:00:00:00:00:1b  dl_dst=00:00:00:00:00:1d  dl_vlan=65535  dl_vlan_pcp=  0  dl_type=     0  nw_tos=   0  nw_proto=   0  nw_src= 0xa00001b  nw_dst= 0xa00001d  tp_src= 1234  tp_dst=48277
Mar 27 04:09:13|00022|ofp_util|INFO|post: wildcards=  0x2ffff0  in_port=    7  dl_src=00:00:00:00:00:1b  dl_dst=00:00:00:00:00:1d  dl_vlan=65535  dl_vlan_pcp=  0  dl_type=     0  nw_tos=   0  nw_proto=   0  nw_src=         0  nw_dst=         0  tp_src=    0  tp_dst=    0
Mar 27 04:09:13|00023|ofp_util|INFO|normalization changed ofp_match, details:
Mar 27 04:09:13|00024|ofp_util|INFO| pre: wildcards=  0x200030  in_port=    7  dl_src=00:00:00:00:00:1b  dl_dst=00:00:00:00:00:1d  dl_vlan=65535  dl_vlan_pcp=  0  dl_type=     0  nw_tos=   0  nw_proto=   0  nw_src= 0xa00001b  nw_dst= 0xa00001d  tp_src= 1234  tp_dst=48277
Mar 27 04:09:13|00025|ofp_util|INFO|post: wildcards=  0x2ffff0  in_port=    7  dl_src=00:00:00:00:00:1b  dl_dst=00:00:00:00:00:1d  dl_vlan=65535  dl_vlan_pcp=  0  dl_type=     0  nw_tos=   0  nw_proto=   0  nw_src=         0  nw_dst=         0  tp_src=    0  tp_dst=    0
Mar 27 04:09:51|00026|ofp_util|INFO|normalization changed ofp_match, details:
Mar 27 04:09:51|00027|ofp_util|INFO| pre: wildcards=  0x200030  in_port=    8  dl_src=00:00:00:00:00:1c  dl_dst=00:00:00:00:00:1e  dl_vlan=65535  dl_vlan_pcp=  0  dl_type=     0  nw_tos=   0  nw_proto=   0  nw_src= 0xa00001c  nw_dst= 0xa00001e  tp_src= 1234  tp_dst=34307
Mar 27 04:09:51|00028|ofp_util|INFO|post: wildcards=  0x2ffff0  in_port=    8  dl_src=00:00:00:00:00:1c  dl_dst=00:00:00:00:00:1e  dl_vlan=65535  dl_vlan_pcp=  0  dl_type=     0  nw_tos=   0  nw_proto=   0  nw_src=         0  nw_dst=         0  tp_src=    0  tp_dst=    0
Mar 27 04:10:42|00029|ofp_util|INFO|Dropped 1 log messages in last 50 seconds due to excessive rate
Mar 27 04:10:42|00030|ofp_util|INFO|normalization changed ofp_match, details:
Mar 27 04:10:42|00031|ofp_util|INFO| pre: wildcards=  0x200030  in_port=    8  dl_src=00:00:00:00:00:1c  dl_dst=00:00:00:00:00:1e  dl_vlan=65535  dl_vlan_pcp=  0  dl_type=     0  nw_tos=   0  nw_proto=   0  nw_src= 0xa00001c  nw_dst= 0xa00001e  tp_src=    3  tp_dst=    3
Mar 27 04:10:42|00032|ofp_util|INFO|post: wildcards=  0x2ffff0  in_port=    8  dl_src=00:00:00:00:00:1c  dl_dst=00:00:00:00:00:1e  dl_vlan=65535  dl_vlan_pcp=  0  dl_type=     0  nw_tos=   0  nw_proto=   0  nw_src=         0  nw_dst=         0  tp_src=    0  tp_dst=    0
Mar 27 04:11:07|00033|ofp_util|INFO|Dropped 2 log messages in last 7 seconds due to excessive rate
Mar 27 04:11:07|00034|ofp_util|INFO|normalization changed ofp_match, details:
Mar 27 04:11:07|00035|ofp_util|INFO| pre: wildcards=  0x200030  in_port=    6  dl_src=00:00:00:00:00:1a  dl_dst=00:00:00:00:00:20  dl_vlan=65535  dl_vlan_pcp=  0  dl_type=     0  nw_tos=   0  nw_proto=   0  nw_src= 0xa00001a  nw_dst= 0xa000020  tp_src= 1234  tp_dst=52448
Mar 27 04:11:07|00036|ofp_util|INFO|post: wildcards=  0x2ffff0  in_port=    6  dl_src=00:00:00:00:00:1a  dl_dst=00:00:00:00:00:20  dl_vlan=65535  dl_vlan_pcp=  0  dl_type=     0  nw_tos=   0  nw_proto=   0  nw_src=         0  nw_dst=         0  tp_src=    0  tp_dst=    0
Mar 27 04:11:40|00037|timeval|WARN|8 ms poll interval (8 ms user, 0 ms system) is over 12 times the weighted mean interval 1 ms (1013 samples)
Mar 27 04:11:40|00038|timeval|WARN|context switches: 0 voluntary, 2 involuntary
Mar 27 04:11:40|00039|coverage|INFO|Event coverage (epoch 1013/entire run), hash=85a211c4:
Mar 27 04:11:40|00040|coverage|INFO|ofproto_recv_openflow        1 /       206
Mar 27 04:11:40|00041|coverage|INFO|netdev_get_stats             9 /      1278
Mar 27 04:11:40|00042|coverage|INFO|poll_fd_wait                 9 /      9642
Mar 27 04:11:40|00043|coverage|INFO|rconn_queued                 1 /       183
Mar 27 04:11:40|00044|coverage|INFO|rconn_sent                   1 /       183
Mar 27 04:11:40|00045|coverage|INFO|util_xalloc                 33 /     23514
Mar 27 04:11:40|00046|coverage|INFO|vconn_received               1 /       349
Mar 27 04:11:40|00047|coverage|INFO|vconn_sent                   1 /       326
Mar 27 04:11:40|00048|coverage|INFO|facet_changed_rule           0 /         2
Mar 27 04:11:40|00049|coverage|INFO|facet_revalidate             0 /        51
Mar 27 04:11:40|00050|coverage|INFO|ofproto_error                0 /         1
Mar 27 04:11:40|00051|coverage|INFO|ofproto_expiration           0 /       164
Mar 27 04:11:40|00052|coverage|INFO|ofproto_ofp2odp              0 /        72
Mar 27 04:11:40|00053|coverage|INFO|ofproto_packet_in            0 /        48
Mar 27 04:11:40|00054|coverage|INFO|ofproto_update_port          0 /         8
Mar 27 04:11:40|00055|coverage|INFO|dpif_flow_flush              0 /         1
Mar 27 04:11:40|00056|coverage|INFO|dpif_flow_put                0 /        26
Mar 27 04:11:40|00057|coverage|INFO|dpif_flow_del                0 /        17
Mar 27 04:11:40|00058|coverage|INFO|dpif_flow_query_list         0 /       164
Mar 27 04:11:40|00059|coverage|INFO|dpif_flow_query_list_n       0 /       313
Mar 27 04:11:40|00060|coverage|INFO|dpif_execute                 0 /        24
Mar 27 04:11:40|00061|coverage|INFO|dpif_purge                   0 /         1
Mar 27 04:11:40|00062|coverage|INFO|flow_extract                 0 /        72
Mar 27 04:11:40|00063|coverage|INFO|hmap_expand                  0 /        22
Mar 27 04:11:40|00064|coverage|INFO|poll_zero_timeout            0 /         1
Mar 27 04:11:40|00065|coverage|INFO|rconn_overflow               0 /        37
Mar 27 04:11:40|00066|coverage|INFO|vconn_open                   0 /         4
Mar 27 04:11:40|00067|coverage|INFO|netdev_get_hwaddr            0 /        17
Mar 27 04:11:40|00068|coverage|INFO|netdev_ethtool               0 /        26
Mar 27 04:11:40|00069|coverage|INFO|netlink_received             0 /        36
Mar 27 04:11:40|00070|coverage|INFO|rtnetlink_changed            0 /        36
Mar 27 04:11:40|00071|coverage|INFO|pstream_open                 0 /         1
Mar 27 04:11:40|00072|coverage|INFO|stream_open                  0 /         4
Mar 27 04:11:40|00073|coverage|INFO|52 events never hit
Mar 27 04:12:08|00074|ofp_util|INFO|Dropped 11 log messages in last 61 seconds due to excessive rate
Mar 27 04:12:08|00075|ofp_util|INFO|normalization changed ofp_match, details:
Mar 27 04:12:08|00076|ofp_util|INFO| pre: wildcards=  0x200030  in_port=    7  dl_src=00:00:00:00:00:1b  dl_dst=00:00:00:00:00:1d  dl_vlan=65535  dl_vlan_pcp=  0  dl_type=     0  nw_tos=   0  nw_proto=   0  nw_src= 0xa00001b  nw_dst= 0xa00001d  tp_src=    3  tp_dst=    3
Mar 27 04:12:08|00077|ofp_util|INFO|post: wildcards=  0x2ffff0  in_port=    7  dl_src=00:00:00:00:00:1b  dl_dst=00:00:00:00:00:1d  dl_vlan=65535  dl_vlan_pcp=  0  dl_type=     0  nw_tos=   0  nw_proto=   0  nw_src=         0  nw_dst=         0  tp_src=    0  tp_dst=    0
Mar 27 04:13:16|00078|ofp_util|INFO|Dropped 5 log messages in last 44 seconds due to excessive rate
Mar 27 04:13:16|00079|ofp_util|INFO|normalization changed ofp_match, details:
Mar 27 04:13:16|00080|ofp_util|INFO| pre: wildcards=  0x200030  in_port=    8  dl_src=00:00:00:00:00:1c  dl_dst=00:00:00:00:00:1f  dl_vlan=65535  dl_vlan_pcp=  0  dl_type=     0  nw_tos=   0  nw_proto=   0  nw_src= 0xa00001c  nw_dst= 0xa00001f  tp_src= 1235  tp_dst=35674
Mar 27 04:13:16|00081|ofp_util|INFO|post: wildcards=  0x2ffff0  in_port=    8  dl_src=00:00:00:00:00:1c  dl_dst=00:00:00:00:00:1f  dl_vlan=65535  dl_vlan_pcp=  0  dl_type=     0  nw_tos=   0  nw_proto=   0  nw_src=         0  nw_dst=         0  tp_src=    0  tp_dst=    0
Mar 27 04:14:25|00082|ofp_util|INFO|Dropped 1 log messages in last 69 seconds due to excessive rate
Mar 27 04:14:25|00083|ofp_util|INFO|normalization changed ofp_match, details:
Mar 27 04:14:25|00084|ofp_util|INFO| pre: wildcards=  0x200030  in_port=    5  dl_src=00:00:00:00:00:19  dl_dst=00:00:00:00:00:1f  dl_vlan=65535  dl_vlan_pcp=  0  dl_type=     0  nw_tos=   0  nw_proto=   0  nw_src= 0xa000019  nw_dst= 0xa00001f  tp_src= 1237  tp_dst=60269
Mar 27 04:14:25|00085|ofp_util|INFO|post: wildcards=  0x2ffff0  in_port=    5  dl_src=00:00:00:00:00:19  dl_dst=00:00:00:00:00:1f  dl_vlan=65535  dl_vlan_pcp=  0  dl_type=     0  nw_tos=   0  nw_proto=   0  nw_src=         0  nw_dst=         0  tp_src=    0  tp_dst=    0
Mar 27 04:15:06|00086|ofp_util|INFO|Dropped 4 log messages in last 41 seconds due to excessive rate
Mar 27 04:15:06|00087|ofp_util|INFO|normalization changed ofp_match, details:
Mar 27 04:15:06|00088|ofp_util|INFO| pre: wildcards=  0x200030  in_port=    5  dl_src=00:00:00:00:00:19  dl_dst=00:00:00:00:00:1d  dl_vlan=65535  dl_vlan_pcp=  0  dl_type=     0  nw_tos=   0  nw_proto=   0  nw_src= 0xa000019  nw_dst= 0xa00001d  tp_src= 1238  tp_dst=59508
Mar 27 04:15:06|00089|ofp_util|INFO|post: wildcards=  0x2ffff0  in_port=    5  dl_src=00:00:00:00:00:19  dl_dst=00:00:00:00:00:1d  dl_vlan=65535  dl_vlan_pcp=  0  dl_type=     0  nw_tos=   0  nw_proto=   0  nw_src=         0  nw_dst=         0  tp_src=    0  tp_dst=    0
Mar 27 04:16:12|00090|ofp_util|INFO|Dropped 6 log messages in last 65 seconds due to excessive rate
Mar 27 04:16:12|00091|ofp_util|INFO|normalization changed ofp_match, details:
Mar 27 04:16:12|00092|ofp_util|INFO| pre: wildcards=  0x200030  in_port=    5  dl_src=00:00:00:00:00:19  dl_dst=00:00:00:00:00:1e  dl_vlan=65535  dl_vlan_pcp=  0  dl_type=     0  nw_tos=   0  nw_proto=   0  nw_src= 0xa000019  nw_dst= 0xa00001e  tp_src= 1239  tp_dst=45396
Mar 27 04:16:12|00093|ofp_util|INFO|post: wildcards=  0x2ffff0  in_port=    5  dl_src=00:00:00:00:00:19  dl_dst=00:00:00:00:00:1e  dl_vlan=65535  dl_vlan_pcp=  0  dl_type=     0  nw_tos=   0  nw_proto=   0  nw_src=         0  nw_dst=         0  tp_src=    0  tp_dst=    0
Mar 27 04:18:05|00094|ofp_util|INFO|Dropped 2 log messages in last 113 seconds due to excessive rate
Mar 27 04:18:05|00095|ofp_util|INFO|normalization changed ofp_match, details:
Mar 27 04:18:05|00096|ofp_util|INFO| pre: wildcards=  0x200030  in_port=    8  dl_src=00:00:00:00:00:1c  dl_dst=00:00:00:00:00:1f  dl_vlan=65535  dl_vlan_pcp=  0  dl_type=     0  nw_tos=   0  nw_proto=   0  nw_src= 0xa00001c  nw_dst= 0xa00001f  tp_src= 1237  tp_dst=58561
Mar 27 04:18:05|00097|ofp_util|INFO|post: wildcards=  0x2ffff0  in_port=    8  dl_src=00:00:00:00:00:1c  dl_dst=00:00:00:00:00:1f  dl_vlan=65535  dl_vlan_pcp=  0  dl_type=     0  nw_tos=   0  nw_proto=   0  nw_src=         0  nw_dst=         0  tp_src=    0  tp_dst=    0
Mar 27 04:18:05|00098|ofp_util|INFO|normalization changed ofp_match, details:
Mar 27 04:18:05|00099|ofp_util|INFO| pre: wildcards=  0x200030  in_port=    8  dl_src=00:00:00:00:00:1c  dl_dst=00:00:00:00:00:1f  dl_vlan=65535  dl_vlan_pcp=  0  dl_type=     0  nw_tos=   0  nw_proto=   0  nw_src= 0xa00001c  nw_dst= 0xa00001f  tp_src= 1237  tp_dst=58561
Mar 27 04:18:05|00100|ofp_util|INFO|post: wildcards=  0x2ffff0  in_port=    8  dl_src=00:00:00:00:00:1c  dl_dst=00:00:00:00:00:1f  dl_vlan=65535  dl_vlan_pcp=  0  dl_type=     0  nw_tos=   0  nw_proto=   0  nw_src=         0  nw_dst=         0  tp_src=    0  tp_dst=    0
Mar 27 04:19:34|00101|ofp_util|INFO|Dropped 5 log messages in last 88 seconds due to excessive rate
Mar 27 04:19:34|00102|ofp_util|INFO|normalization changed ofp_match, details:
Mar 27 04:19:34|00103|ofp_util|INFO| pre: wildcards=  0x200030  in_port=    6  dl_src=00:00:00:00:00:1a  dl_dst=00:00:00:00:00:1f  dl_vlan=65535  dl_vlan_pcp=  0  dl_type=     0  nw_tos=   0  nw_proto=   0  nw_src= 0xa00001a  nw_dst= 0xa00001f  tp_src= 1237  tp_dst=51876
Mar 27 04:19:34|00104|ofp_util|INFO|post: wildcards=  0x2ffff0  in_port=    6  dl_src=00:00:00:00:00:1a  dl_dst=00:00:00:00:00:1f  dl_vlan=65535  dl_vlan_pcp=  0  dl_type=     0  nw_tos=   0  nw_proto=   0  nw_src=         0  nw_dst=         0  tp_src=    0  tp_dst=    0
Mar 27 04:20:07|00105|ofp_util|INFO|Dropped 1 log messages in last 34 seconds due to excessive rate
Mar 27 04:20:07|00106|ofp_util|INFO|normalization changed ofp_match, details:
Mar 27 04:20:07|00107|ofp_util|INFO| pre: wildcards=  0x200030  in_port=    8  dl_src=00:00:00:00:00:1c  dl_dst=00:00:00:00:00:1e  dl_vlan=65535  dl_vlan_pcp=  0  dl_type=     0  nw_tos=   0  nw_proto=   0  nw_src= 0xa00001c  nw_dst= 0xa00001e  tp_src= 1238  tp_dst=36934
Mar 27 04:20:07|00108|ofp_util|INFO|post: wildcards=  0x2ffff0  in_port=    8  dl_src=00:00:00:00:00:1c  dl_dst=00:00:00:00:00:1e  dl_vlan=65535  dl_vlan_pcp=  0  dl_type=     0  nw_tos=   0  nw_proto=   0  nw_src=         0  nw_dst=         0  tp_src=    0  tp_dst=    0
Mar 27 04:21:04|00109|ofp_util|INFO|Dropped 9 log messages in last 57 seconds due to excessive rate
Mar 27 04:21:04|00110|ofp_util|INFO|normalization changed ofp_match, details:
Mar 27 04:21:04|00111|ofp_util|INFO| pre: wildcards=  0x200030  in_port=    5  dl_src=00:00:00:00:00:19  dl_dst=00:00:00:00:00:1d  dl_vlan=65535  dl_vlan_pcp=  0  dl_type=     0  nw_tos=   0  nw_proto=   0  nw_src= 0xa000019  nw_dst= 0xa00001d  tp_src= 1242  tp_dst=37826
Mar 27 04:21:04|00112|ofp_util|INFO|post: wildcards=  0x2ffff0  in_port=    5  dl_src=00:00:00:00:00:19  dl_dst=00:00:00:00:00:1d  dl_vlan=65535  dl_vlan_pcp=  0  dl_type=     0  nw_tos=   0  nw_proto=   0  nw_src=         0  nw_dst=         0  tp_src=    0  tp_dst=    0
Mar 27 04:22:12|00113|ofp_util|INFO|Dropped 5 log messages in last 67 seconds due to excessive rate
Mar 27 04:22:12|00114|ofp_util|INFO|normalization changed ofp_match, details:
Mar 27 04:22:12|00115|ofp_util|INFO| pre: wildcards=  0x200030  in_port=    5  dl_src=00:00:00:00:00:19  dl_dst=00:00:00:00:00:1f  dl_vlan=65535  dl_vlan_pcp=  0  dl_type=     0  nw_tos=   0  nw_proto=   0  nw_src= 0xa000019  nw_dst= 0xa00001f  tp_src=    3  tp_dst=    3
Mar 27 04:22:12|00116|ofp_util|INFO|post: wildcards=  0x2ffff0  in_port=    5  dl_src=00:00:00:00:00:19  dl_dst=00:00:00:00:00:1f  dl_vlan=65535  dl_vlan_pcp=  0  dl_type=     0  nw_tos=   0  nw_proto=   0  nw_src=         0  nw_dst=         0  tp_src=    0  tp_dst=    0
Mar 27 04:23:30|00117|ofp_util|INFO|Dropped 5 log messages in last 73 seconds due to excessive rate
Mar 27 04:23:30|00118|ofp_util|INFO|normalization changed ofp_match, details:
Mar 27 04:23:30|00119|ofp_util|INFO| pre: wildcards=  0x200030  in_port=    7  dl_src=00:00:00:00:00:1b  dl_dst=00:00:00:00:00:20  dl_vlan=65535  dl_vlan_pcp=  0  dl_type=     0  nw_tos=   0  nw_proto=   0  nw_src= 0xa00001b  nw_dst= 0xa000020  tp_src= 1242  tp_dst=33010
Mar 27 04:23:30|00120|ofp_util|INFO|post: wildcards=  0x2ffff0  in_port=    7  dl_src=00:00:00:00:00:1b  dl_dst=00:00:00:00:00:20  dl_vlan=65535  dl_vlan_pcp=  0  dl_type=     0  nw_tos=   0  nw_proto=   0  nw_src=         0  nw_dst=         0  tp_src=    0  tp_dst=    0
Mar 27 04:24:06|00121|ofp_util|INFO|Dropped 3 log messages in last 36 seconds due to excessive rate
Mar 27 04:24:06|00122|ofp_util|INFO|normalization changed ofp_match, details:
Mar 27 04:24:06|00123|ofp_util|INFO| pre: wildcards=  0x200030  in_port=    7  dl_src=00:00:00:00:00:1b  dl_dst=00:00:00:00:00:1d  dl_vlan=65535  dl_vlan_pcp=  0  dl_type=     0  nw_tos=   0  nw_proto=   0  nw_src= 0xa00001b  nw_dst= 0xa00001d  tp_src= 1243  tp_dst=43647
Mar 27 04:24:06|00124|ofp_util|INFO|post: wildcards=  0x2ffff0  in_port=    7  dl_src=00:00:00:00:00:1b  dl_dst=00:00:00:00:00:1d  dl_vlan=65535  dl_vlan_pcp=  0  dl_type=     0  nw_tos=   0  nw_proto=   0  nw_src=         0  nw_dst=         0  tp_src=    0  tp_dst=    0
Mar 27 04:25:04|00125|ofp_util|INFO|Dropped 3 log messages in last 57 seconds due to excessive rate
Mar 27 04:25:04|00126|ofp_util|INFO|normalization changed ofp_match, details:
Mar 27 04:25:04|00127|ofp_util|INFO| pre: wildcards=  0x200030  in_port=    8  dl_src=00:00:00:00:00:1c  dl_dst=00:00:00:00:00:1e  dl_vlan=65535  dl_vlan_pcp=  0  dl_type=     0  nw_tos=   0  nw_proto=   0  nw_src= 0xa00001c  nw_dst= 0xa00001e  tp_src= 1239  tp_dst=40825
Mar 27 04:25:04|00128|ofp_util|INFO|post: wildcards=  0x2ffff0  in_port=    8  dl_src=00:00:00:00:00:1c  dl_dst=00:00:00:00:00:1e  dl_vlan=65535  dl_vlan_pcp=  0  dl_type=     0  nw_tos=   0  nw_proto=   0  nw_src=         0  nw_dst=         0  tp_src=    0  tp_dst=    0
Mar 27 04:25:11|00129|timeval|WARN|14 ms poll interval (12 ms user, 0 ms system) is over 22 times the weighted mean interval 1 ms (4943 samples)
Mar 27 04:25:11|00130|timeval|WARN|context switches: 0 voluntary, 2 involuntary
Mar 27 04:25:11|00131|coverage|INFO|Skipping details of duplicate event coverage for hash=85a211c4 in epoch 4943
Mar 27 04:26:38|00132|ofp_util|INFO|Dropped 7 log messages in last 95 seconds due to excessive rate
Mar 27 04:26:38|00133|ofp_util|INFO|normalization changed ofp_match, details:
Mar 27 04:26:38|00134|ofp_util|INFO| pre: wildcards=  0x200030  in_port=    5  dl_src=00:00:00:00:00:19  dl_dst=00:00:00:00:00:1f  dl_vlan=65535  dl_vlan_pcp=  0  dl_type=     0  nw_tos=   0  nw_proto=   0  nw_src= 0xa000019  nw_dst= 0xa00001f  tp_src= 1246  tp_dst=35312
Mar 27 04:26:38|00135|ofp_util|INFO|post: wildcards=  0x2ffff0  in_port=    5  dl_src=00:00:00:00:00:19  dl_dst=00:00:00:00:00:1f  dl_vlan=65535  dl_vlan_pcp=  0  dl_type=     0  nw_tos=   0  nw_proto=   0  nw_src=         0  nw_dst=         0  tp_src=    0  tp_dst=    0
Mar 27 04:27:46|00136|ofp_util|INFO|Dropped 3 log messages in last 68 seconds due to excessive rate
Mar 27 04:27:46|00137|ofp_util|INFO|normalization changed ofp_match, details:
Mar 27 04:27:46|00138|ofp_util|INFO| pre: wildcards=  0x200030  in_port=    8  dl_src=00:00:00:00:00:1c  dl_dst=00:00:00:00:00:20  dl_vlan=65535  dl_vlan_pcp=  0  dl_type=     0  nw_tos=   0  nw_proto=   0  nw_src= 0xa00001c  nw_dst= 0xa000020  tp_src= 1240  tp_dst=42555
Mar 27 04:27:46|00139|ofp_util|INFO|post: wildcards=  0x2ffff0  in_port=    8  dl_src=00:00:00:00:00:1c  dl_dst=00:00:00:00:00:20  dl_vlan=65535  dl_vlan_pcp=  0  dl_type=     0  nw_tos=   0  nw_proto=   0  nw_src=         0  nw_dst=         0  tp_src=    0  tp_dst=    0
Mar 27 04:28:10|00140|ofp_util|INFO|Dropped 1 log messages in last 24 seconds due to excessive rate
Mar 27 04:28:10|00141|ofp_util|INFO|normalization changed ofp_match, details:
Mar 27 04:28:10|00142|ofp_util|INFO| pre: wildcards=  0x200030  in_port=    5  dl_src=00:00:00:00:00:19  dl_dst=00:00:00:00:00:1e  dl_vlan=65535  dl_vlan_pcp=  0  dl_type=     0  nw_tos=   0  nw_proto=   0  nw_src= 0xa000019  nw_dst= 0xa00001e  tp_src= 1247  tp_dst=45230
Mar 27 04:28:10|00143|ofp_util|INFO|post: wildcards=  0x2ffff0  in_port=    5  dl_src=00:00:00:00:00:19  dl_dst=00:00:00:00:00:1e  dl_vlan=65535  dl_vlan_pcp=  0  dl_type=     0  nw_tos=   0  nw_proto=   0  nw_src=         0  nw_dst=         0  tp_src=    0  tp_dst=    0
Mar 27 04:29:04|00144|ofp_util|INFO|Dropped 2 log messages in last 53 seconds due to excessive rate
Mar 27 04:29:04|00145|ofp_util|INFO|normalization changed ofp_match, details:
Mar 27 04:29:04|00146|ofp_util|INFO| pre: wildcards=  0x200030  in_port=    6  dl_src=00:00:00:00:00:1a  dl_dst=00:00:00:00:00:20  dl_vlan=65535  dl_vlan_pcp=  0  dl_type=     0  nw_tos=   0  nw_proto=   0  nw_src= 0xa00001a  nw_dst= 0xa000020  tp_src= 1241  tp_dst=49211
Mar 27 04:29:04|00147|ofp_util|INFO|post: wildcards=  0x2ffff0  in_port=    6  dl_src=00:00:00:00:00:1a  dl_dst=00:00:00:00:00:20  dl_vlan=65535  dl_vlan_pcp=  0  dl_type=     0  nw_tos=   0  nw_proto=   0  nw_src=         0  nw_dst=         0  tp_src=    0  tp_dst=    0
Mar 27 04:30:21|00148|ofp_util|INFO|Dropped 9 log messages in last 78 seconds due to excessive rate
Mar 27 04:30:21|00149|ofp_util|INFO|normalization changed ofp_match, details:
Mar 27 04:30:21|00150|ofp_util|INFO| pre: wildcards=  0x200030  in_port=    5  dl_src=00:00:00:00:00:19  dl_dst=00:00:00:00:00:1f  dl_vlan=65535  dl_vlan_pcp=  0  dl_type=     0  nw_tos=   0  nw_proto=   0  nw_src= 0xa000019  nw_dst= 0xa00001f  tp_src= 1248  tp_dst=55144
Mar 27 04:30:21|00151|ofp_util|INFO|post: wildcards=  0x2ffff0  in_port=    5  dl_src=00:00:00:00:00:19  dl_dst=00:00:00:00:00:1f  dl_vlan=65535  dl_vlan_pcp=  0  dl_type=     0  nw_tos=   0  nw_proto=   0  nw_src=         0  nw_dst=         0  tp_src=    0  tp_dst=    0
Mar 27 04:31:08|00152|ofp_util|INFO|Dropped 3 log messages in last 47 seconds due to excessive rate
Mar 27 04:31:08|00153|ofp_util|INFO|normalization changed ofp_match, details:
Mar 27 04:31:08|00154|ofp_util|INFO| pre: wildcards=  0x200030  in_port=    5  dl_src=00:00:00:00:00:19  dl_dst=00:00:00:00:00:1f  dl_vlan=65535  dl_vlan_pcp=  0  dl_type=     0  nw_tos=   0  nw_proto=   0  nw_src= 0xa000019  nw_dst= 0xa00001f  tp_src= 1249  tp_dst=45055
Mar 27 04:31:08|00155|ofp_util|INFO|post: wildcards=  0x2ffff0  in_port=    5  dl_src=00:00:00:00:00:19  dl_dst=00:00:00:00:00:1f  dl_vlan=65535  dl_vlan_pcp=  0  dl_type=     0  nw_tos=   0  nw_proto=   0  nw_src=         0  nw_dst=         0  tp_src=    0  tp_dst=    0
Mar 27 04:32:10|00156|ofp_util|INFO|Dropped 6 log messages in last 62 seconds due to excessive rate
Mar 27 04:32:10|00157|ofp_util|INFO|normalization changed ofp_match, details:
Mar 27 04:32:10|00158|ofp_util|INFO| pre: wildcards=  0x200030  in_port=    6  dl_src=00:00:00:00:00:1a  dl_dst=00:00:00:00:00:1e  dl_vlan=65535  dl_vlan_pcp=  0  dl_type=     0  nw_tos=   0  nw_proto=   0  nw_src= 0xa00001a  nw_dst= 0xa00001e  tp_src= 1245  tp_dst=47777
Mar 27 04:32:10|00159|ofp_util|INFO|post: wildcards=  0x2ffff0  in_port=    6  dl_src=00:00:00:00:00:1a  dl_dst=00:00:00:00:00:1e  dl_vlan=65535  dl_vlan_pcp=  0  dl_type=     0  nw_tos=   0  nw_proto=   0  nw_src=         0  nw_dst=         0  tp_src=    0  tp_dst=    0
Mar 27 04:33:03|00160|ofp_util|INFO|Dropped 9 log messages in last 53 seconds due to excessive rate
Mar 27 04:33:03|00161|ofp_util|INFO|normalization changed ofp_match, details:
Mar 27 04:33:03|00162|ofp_util|INFO| pre: wildcards=  0x200030  in_port=    8  dl_src=00:00:00:00:00:1c  dl_dst=00:00:00:00:00:1f  dl_vlan=65535  dl_vlan_pcp=  0  dl_type=     0  nw_tos=   0  nw_proto=   0  nw_src= 0xa00001c  nw_dst= 0xa00001f  tp_src= 1242  tp_dst=49778
Mar 27 04:33:03|00163|ofp_util|INFO|post: wildcards=  0x2ffff0  in_port=    8  dl_src=00:00:00:00:00:1c  dl_dst=00:00:00:00:00:1f  dl_vlan=65535  dl_vlan_pcp=  0  dl_type=     0  nw_tos=   0  nw_proto=   0  nw_src=         0  nw_dst=         0  tp_src=    0  tp_dst=    0
Mar 27 04:34:11|00164|ofp_util|INFO|Dropped 2 log messages in last 68 seconds due to excessive rate
Mar 27 04:34:11|00165|ofp_util|INFO|normalization changed ofp_match, details:
Mar 27 04:34:11|00166|ofp_util|INFO| pre: wildcards=  0x200030  in_port=    5  dl_src=00:00:00:00:00:19  dl_dst=00:00:00:00:00:1d  dl_vlan=65535  dl_vlan_pcp=  0  dl_type=     0  nw_tos=   0  nw_proto=   0  nw_src= 0xa000019  nw_dst= 0xa00001d  tp_src= 1250  tp_dst=37578
Mar 27 04:34:11|00167|ofp_util|INFO|post: wildcards=  0x2ffff0  in_port=    5  dl_src=00:00:00:00:00:19  dl_dst=00:00:00:00:00:1d  dl_vlan=65535  dl_vlan_pcp=  0  dl_type=     0  nw_tos=   0  nw_proto=   0  nw_src=         0  nw_dst=         0  tp_src=    0  tp_dst=    0
Mar 27 04:35:43|00168|ofp_util|INFO|Dropped 3 log messages in last 92 seconds due to excessive rate
Mar 27 04:35:43|00169|ofp_util|INFO|normalization changed ofp_match, details:
Mar 27 04:35:43|00170|ofp_util|INFO| pre: wildcards=  0x200030  in_port=    6  dl_src=00:00:00:00:00:1a  dl_dst=00:00:00:00:00:1f  dl_vlan=65535  dl_vlan_pcp=  0  dl_type=     0  nw_tos=   0  nw_proto=   0  nw_src= 0xa00001a  nw_dst= 0xa00001f  tp_src= 1247  tp_dst=46926
Mar 27 04:35:43|00171|ofp_util|INFO|post: wildcards=  0x2ffff0  in_port=    6  dl_src=00:00:00:00:00:1a  dl_dst=00:00:00:00:00:1f  dl_vlan=65535  dl_vlan_pcp=  0  dl_type=     0  nw_tos=   0  nw_proto=   0  nw_src=         0  nw_dst=         0  tp_src=    0  tp_dst=    0
Mar 27 04:36:21|00172|ofp_util|INFO|Dropped 7 log messages in last 38 seconds due to excessive rate
Mar 27 04:36:21|00173|ofp_util|INFO|normalization changed ofp_match, details:
Mar 27 04:36:21|00174|ofp_util|INFO| pre: wildcards=  0x200030  in_port=    5  dl_src=00:00:00:00:00:19  dl_dst=00:00:00:00:00:1e  dl_vlan=65535  dl_vlan_pcp=  0  dl_type=     0  nw_tos=   0  nw_proto=   0  nw_src= 0xa000019  nw_dst= 0xa00001e  tp_src= 1252  tp_dst=46384
Mar 27 04:36:21|00175|ofp_util|INFO|post: wildcards=  0x2ffff0  in_port=    5  dl_src=00:00:00:00:00:19  dl_dst=00:00:00:00:00:1e  dl_vlan=65535  dl_vlan_pcp=  0  dl_type=     0  nw_tos=   0  nw_proto=   0  nw_src=         0  nw_dst=         0  tp_src=    0  tp_dst=    0
Mar 27 04:37:28|00176|ofp_util|INFO|Dropped 5 log messages in last 67 seconds due to excessive rate
Mar 27 04:37:28|00177|ofp_util|INFO|normalization changed ofp_match, details:
Mar 27 04:37:28|00178|ofp_util|INFO| pre: wildcards=  0x200030  in_port=    5  dl_src=00:00:00:00:00:19  dl_dst=00:00:00:00:00:1e  dl_vlan=65535  dl_vlan_pcp=  0  dl_type=     0  nw_tos=   0  nw_proto=   0  nw_src= 0xa000019  nw_dst= 0xa00001e  tp_src=    3  tp_dst=    3
Mar 27 04:37:28|00179|ofp_util|INFO|post: wildcards=  0x2ffff0  in_port=    5  dl_src=00:00:00:00:00:19  dl_dst=00:00:00:00:00:1e  dl_vlan=65535  dl_vlan_pcp=  0  dl_type=     0  nw_tos=   0  nw_proto=   0  nw_src=         0  nw_dst=         0  tp_src=    0  tp_dst=    0
Mar 27 04:38:42|00180|ofp_util|INFO|Dropped 6 log messages in last 54 seconds due to excessive rate
Mar 27 04:38:42|00181|ofp_util|INFO|normalization changed ofp_match, details:
Mar 27 04:38:42|00182|ofp_util|INFO| pre: wildcards=  0x200030  in_port=    5  dl_src=00:00:00:00:00:19  dl_dst=00:00:00:00:00:1e  dl_vlan=65535  dl_vlan_pcp=  0  dl_type=     0  nw_tos=   0  nw_proto=   0  nw_src= 0xa000019  nw_dst= 0xa00001e  tp_src= 1253  tp_dst=49367
Mar 27 04:38:42|00183|ofp_util|INFO|post: wildcards=  0x2ffff0  in_port=    5  dl_src=00:00:00:00:00:19  dl_dst=00:00:00:00:00:1e  dl_vlan=65535  dl_vlan_pcp=  0  dl_type=     0  nw_tos=   0  nw_proto=   0  nw_src=         0  nw_dst=         0  tp_src=    0  tp_dst=    0
Mar 27 04:39:14|00184|rconn|INFO|dp11<->tcp:127.0.0.1:6633: connection closed by peer
Mar 27 04:39:14|00185|netdev|WARN|failed to get flags for network device s12-eth6: No such device
Mar 27 04:39:14|00186|ofproto|WARN|ignoring port s12-eth6 (6) because netdev s12-eth6 cannot be opened (No such device)
Mar 27 04:39:14|00187|netdev|WARN|failed to get flags for network device s12-eth5: No such device
Mar 27 04:39:14|00188|ofproto|WARN|ignoring port s12-eth5 (5) because netdev s12-eth5 cannot be opened (No such device)
Mar 27 04:39:14|00189|timeval|WARN|12 ms poll interval (0 ms user, 0 ms system) is over 19 times the weighted mean interval 1 ms (8357 samples)
Mar 27 04:39:14|00190|timeval|WARN|context switches: 2 voluntary, 0 involuntary
Mar 27 04:39:14|00191|coverage|INFO|Event coverage (epoch 8357/entire run), hash=60afc5a8:
Mar 27 04:39:14|00192|coverage|INFO|ofproto_update_port          2 /        10
Mar 27 04:39:14|00193|coverage|INFO|poll_fd_wait                 8 /     79458
Mar 27 04:39:14|00194|coverage|INFO|util_xalloc                 33 /    188796
Mar 27 04:39:14|00195|coverage|INFO|facet_changed_rule           0 /        28
Mar 27 04:39:14|00196|coverage|INFO|facet_revalidate             0 /       552
Mar 27 04:39:14|00197|coverage|INFO|ofproto_del_rule             0 /       101
Mar 27 04:39:14|00198|coverage|INFO|ofproto_error                0 /         1
Mar 27 04:39:14|00199|coverage|INFO|ofproto_expiration           0 /      1817
Mar 27 04:39:14|00200|coverage|INFO|ofproto_expired              0 /       101
Mar 27 04:39:14|00201|coverage|INFO|ofproto_ofp2odp              0 /       794
Mar 27 04:39:14|00202|coverage|INFO|ofproto_packet_in            0 /        48
Mar 27 04:39:14|00203|coverage|INFO|ofproto_recv_openflow        0 /      1748
Mar 27 04:39:14|00204|coverage|INFO|dpif_flow_flush              0 /         1
Mar 27 04:39:14|00205|coverage|INFO|dpif_flow_put                0 /       302
Mar 27 04:39:14|00206|coverage|INFO|dpif_flow_del                0 /       238
Mar 27 04:39:14|00207|coverage|INFO|dpif_flow_query_list         0 /      1817
Mar 27 04:39:14|00208|coverage|INFO|dpif_flow_query_list_n       0 /      3569
Mar 27 04:39:14|00209|coverage|INFO|dpif_execute                 0 /       282
Mar 27 04:39:14|00210|coverage|INFO|dpif_purge                   0 /         1
Mar 27 04:39:14|00211|coverage|INFO|flow_extract                 0 /       330
Mar 27 04:39:14|00212|coverage|INFO|hmap_expand                  0 /        24
Mar 27 04:39:14|00213|coverage|INFO|netdev_get_stats             0 /      9900
Mar 27 04:39:14|00214|coverage|INFO|poll_zero_timeout            0 /         2
Mar 27 04:39:14|00215|coverage|INFO|rconn_overflow               0 /        37
Mar 27 04:39:14|00216|coverage|INFO|rconn_queued                 0 /      1540
Mar 27 04:39:14|00217|coverage|INFO|rconn_sent                   0 /      1540
Mar 27 04:39:14|00218|coverage|INFO|vconn_open                   0 /         4
Mar 27 04:39:14|00219|coverage|INFO|vconn_received               0 /      2849
Mar 27 04:39:14|00220|coverage|INFO|vconn_sent                   0 /      2641
Mar 27 04:39:14|00221|coverage|INFO|netdev_get_hwaddr            0 /        17
Mar 27 04:39:14|00222|coverage|INFO|netdev_ethtool               0 /        26
Mar 27 04:39:14|00223|coverage|INFO|netlink_received             0 /        54
Mar 27 04:39:14|00224|coverage|INFO|rtnetlink_changed            0 /        54
Mar 27 04:39:14|00225|coverage|INFO|pstream_open                 0 /         1
Mar 27 04:39:14|00226|coverage|INFO|stream_open                  0 /         4
Mar 27 04:39:14|00227|coverage|INFO|50 events never hit
Mar 27 04:39:14|00228|timeval|WARN|24 ms poll interval (0 ms user, 4 ms system) is over 38 times the weighted mean interval 1 ms (8380 samples)
Mar 27 04:39:14|00229|timeval|WARN|context switches: 0 voluntary, 1 involuntary
Mar 27 04:39:14|00230|coverage|INFO|Event coverage (epoch 8380/entire run), hash=2e47e6c4:
Mar 27 04:39:14|00231|coverage|INFO|poll_fd_wait                 8 /     79640
Mar 27 04:39:14|00232|coverage|INFO|util_xalloc                 44 /    189295
Mar 27 04:39:14|00233|coverage|INFO|netlink_received            11 /        85
Mar 27 04:39:14|00234|coverage|INFO|rtnetlink_changed           11 /        85
Mar 27 04:39:14|00235|coverage|INFO|facet_changed_rule           0 /        28
Mar 27 04:39:14|00236|coverage|INFO|facet_revalidate             0 /       552
Mar 27 04:39:14|00237|coverage|INFO|ofproto_del_rule             0 /       101
Mar 27 04:39:14|00238|coverage|INFO|ofproto_error                0 /         1
Mar 27 04:39:14|00239|coverage|INFO|ofproto_expiration           0 /      1817
Mar 27 04:39:14|00240|coverage|INFO|ofproto_expired              0 /       101
Mar 27 04:39:14|00241|coverage|INFO|ofproto_ofp2odp              0 /       794
Mar 27 04:39:14|00242|coverage|INFO|ofproto_packet_in            0 /        48
Mar 27 04:39:14|00243|coverage|INFO|ofproto_recv_openflow        0 /      1748
Mar 27 04:39:14|00244|coverage|INFO|ofproto_update_port          0 /        12
Mar 27 04:39:14|00245|coverage|INFO|dpif_flow_flush              0 /         1
Mar 27 04:39:14|00246|coverage|INFO|dpif_flow_put                0 /       302
Mar 27 04:39:14|00247|coverage|INFO|dpif_flow_del                0 /       238
Mar 27 04:39:14|00248|coverage|INFO|dpif_flow_query_list         0 /      1817
Mar 27 04:39:14|00249|coverage|INFO|dpif_flow_query_list_n       0 /      3569
Mar 27 04:39:14|00250|coverage|INFO|dpif_execute                 0 /       282
Mar 27 04:39:14|00251|coverage|INFO|dpif_purge                   0 /         1
Mar 27 04:39:14|00252|coverage|INFO|flow_extract                 0 /       330
Mar 27 04:39:14|00253|coverage|INFO|hmap_expand                  0 /        25
Mar 27 04:39:14|00254|coverage|INFO|netdev_get_stats             0 /      9900
Mar 27 04:39:14|00255|coverage|INFO|poll_zero_timeout            0 /         4
Mar 27 04:39:14|00256|coverage|INFO|rconn_overflow               0 /        37
Mar 27 04:39:14|00257|coverage|INFO|rconn_queued                 0 /      1540
Mar 27 04:39:14|00258|coverage|INFO|rconn_sent                   0 /      1540
Mar 27 04:39:14|00259|coverage|INFO|vconn_open                   0 /         4
Mar 27 04:39:14|00260|coverage|INFO|vconn_received               0 /      2849
Mar 27 04:39:14|00261|coverage|INFO|vconn_sent                   0 /      2641
Mar 27 04:39:14|00262|coverage|INFO|netdev_get_hwaddr            0 /        17
Mar 27 04:39:14|00263|coverage|INFO|netdev_ethtool               0 /        26
Mar 27 04:39:14|00264|coverage|INFO|pstream_open                 0 /         1
Mar 27 04:39:14|00265|coverage|INFO|stream_open                  0 /         4
Mar 27 04:39:14|00266|coverage|INFO|50 events never hit
Mar 27 04:39:14|00267|rconn|INFO|dp11<->tcp:127.0.0.1:6633: connecting...
Mar 27 04:39:14|00268|rconn|WARN|dp11<->tcp:127.0.0.1:6633: connection failed (Connection refused)
Mar 27 04:39:14|00269|rconn|INFO|dp11<->tcp:127.0.0.1:6633: waiting 2 seconds before reconnect
Mar 27 04:39:14|00270|netdev_linux|WARN|ethtool command ETHTOOL_GSET on network device s12-eth8 failed: No such device
Mar 27 04:39:16|00271|rconn|INFO|dp11<->tcp:127.0.0.1:6633: connecting...
Mar 27 04:39:16|00272|rconn|WARN|dp11<->tcp:127.0.0.1:6633: connection failed (Connection refused)
Mar 27 04:39:16|00273|rconn|INFO|dp11<->tcp:127.0.0.1:6633: waiting 4 seconds before reconnect
Mar 27 04:39:20|00274|netdev_linux|WARN|ethtool command ETHTOOL_GSET on network device s12-eth1 failed: No such device
Mar 27 04:39:20|00275|rconn|INFO|dp11<->tcp:127.0.0.1:6633: connecting...
Mar 27 04:39:20|00276|rconn|WARN|dp11<->tcp:127.0.0.1:6633: connection failed (Connection refused)
Mar 27 04:39:20|00277|rconn|INFO|dp11<->tcp:127.0.0.1:6633: continuing to retry connections in the background but suppressing further logging
Mar 27 04:39:21|00278|netdev_linux|WARN|ethtool command ETHTOOL_GSET on network device s12-eth2 failed: No such device
Mar 27 04:39:22|00279|netdev_linux|WARN|ethtool command ETHTOOL_GSET on network device s12-eth3 failed: No such device
Mar 27 04:39:23|00280|netdev_linux|WARN|ethtool command ETHTOOL_GSET on network device s12-eth4 failed: No such device
Mar 27 04:39:25|00281|dpif_linux|WARN|system@dp11: read failed: No such device
Mar 27 04:39:25|00282|ofproto|ERR|system@dp11: datapath was destroyed externally
ovs-openflowd: unrecoverable datapath error (No such device)
