Starting client at 10.0.0.19:1280 with timeout:10
My IP address is 10.0.0.19Skipped Seq from 17 to 19
Skipped Seq from 19 to 21
Skipped Seq from 21 to 23
Skipped Seq from 23 to 26
Skipped Seq from 28 to 32
Skipped Seq from 32 to 35
Skipped Seq from 35 to 53
Skipped Seq from 54 to 56
Skipped Seq from 60 to 62
Skipped Seq from 62 to 68
Skipped Seq from 69 to 72
Skipped Seq from 73 to 77
Skipped Seq from 77 to 79
Skipped Seq from 79 to 81
Skipped Seq from 82 to 84
Skipped Seq from 86 to 88
Skipped Seq from 91 to 93
Skipped Seq from 98 to 100
Skipped Seq from 119 to 121
Skipped Seq from 125 to 130
Skipped Seq from 148 to 152
Skipped Seq from 257 to 260
Skipped Seq from 260 to 262
Skipped Seq from 263 to 266
Skipped Seq from 266 to 268
Skipped Seq from 271 to 273
Skipped Seq from 275 to 284
Skipped Seq from 287 to 301
Skipped Seq from 301 to 329
Skipped Seq from 330 to 347
Skipped Seq from 369 to 372
Skipped Seq from 381 to 383
Skipped Seq from 387 to 402
Skipped Seq from 412 to 431
Skipped Seq from 456 to 458
Skipped Seq from 471 to 478
Skipped Seq from 481 to 507
Skipped Seq from 516 to 544
Skipped Seq from 549 to 551
Skipped Seq from 551 to 554
Skipped Seq from 554 to 556
Skipped Seq from 557 to 559
Skipped Seq from 559 to 561
Skipped Seq from 565 to 568
Skipped Seq from 568 to 571
Skipped Seq from 571 to 576
Skipped Seq from 580 to 582
Skipped Seq from 584 to 589
Skipped Seq from 592 to 594
Skipped Seq from 595 to 597
Skipped Seq from 604 to 606
Skipped Seq from 606 to 609
Skipped Seq from 609 to 612
Skipped Seq from 612 to 614
Skipped Seq from 614 to 616
Number of times throttled: 5
Received: 382 / 628 packets
Start time: 1332762667.598161
End time: 1332762682.908921
Duration: 15.310760
