Starting client at 10.0.0.12:1252 with timeout:10
My IP address is 10.0.0.12Skipped Seq from 716 to 718
Skipped Seq from 718 to 721
Skipped Seq from 721 to 753
Skipped Seq from 753 to 764
Skipped Seq from 764 to 769
Skipped Seq from 769 to 777
Skipped Seq from 777 to 782
Skipped Seq from 783 to 789
Skipped Seq from 790 to 812
Skipped Seq from 813 to 822
Skipped Seq from 823 to 833
Skipped Seq from 841 to 845
Skipped Seq from 851 to 857
Skipped Seq from 868 to 875
Skipped Seq from 892 to 894
Skipped Seq from 894 to 907
Skipped Seq from 921 to 955
Skipped Seq from 956 to 967
Skipped Seq from 971 to 975
Skipped Seq from 977 to 979
Skipped Seq from 1013 to 1016
Skipped Seq from 1017 to 1019
Skipped Seq from 1024 to 1026
Skipped Seq from 1026 to 1028
Skipped Seq from 1028 to 1030
Skipped Seq from 1035 to 1041
Skipped Seq from 1041 to 1055
Skipped Seq from 1055 to 1058
Skipped Seq from 1059 to 1069
Skipped Seq from 1069 to 1092
Skipped Seq from 1094 to 1119
Skipped Seq from 1120 to 1126
Skipped Seq from 1126 to 1131
Skipped Seq from 1132 to 1136
Skipped Seq from 1136 to 1142
Skipped Seq from 1142 to 1144
Skipped Seq from 1144 to 1147
Skipped Seq from 1151 to 1153
Skipped Seq from 1158 to 1160
Skipped Seq from 1160 to 1167
Skipped Seq from 1167 to 1169
Skipped Seq from 1170 to 1175
Skipped Seq from 1182 to 1185
Skipped Seq from 1187 to 1190
Skipped Seq from 1191 to 1198
Skipped Seq from 1217 to 1219
Skipped Seq from 1225 to 1230
Skipped Seq from 1236 to 1239
Skipped Seq from 1239 to 1241
Skipped Seq from 1241 to 1243
Skipped Seq from 1288 to 1292
Number of times throttled: 5
Received: 1124 / 1436 packets
Start time: 1332761389.830146
End time: 1332761416.553847
Duration: 26.723701
