Starting client at 10.0.0.16:1249 with timeout:10
My IP address is 10.0.0.16Skipped Seq from 1096 to 1110
Skipped Seq from 1110 to 1125
Skipped Seq from 1129 to 1156
Skipped Seq from 1158 to 1166
Skipped Seq from 1166 to 1187
Skipped Seq from 1189 to 1217
Skipped Seq from 1221 to 1243
Skipped Seq from 1244 to 1246
Skipped Seq from 1247 to 1250
Skipped Seq from 1250 to 1252
Skipped Seq from 1255 to 1257
Skipped Seq from 1259 to 1261
Skipped Seq from 1338 to 1341
Skipped Seq from 1343 to 1345
Skipped Seq from 1355 to 1357
Skipped Seq from 1391 to 1393
Skipped Seq from 1401 to 1403
Skipped Seq from 1450 to 1452
Skipped Seq from 1487 to 1489
Skipped Seq from 1500 to 1508
Skipped Seq from 1527 to 1529
Skipped Seq from 1546 to 1552
Skipped Seq from 1572 to 1574
Skipped Seq from 1576 to 1592
Skipped Seq from 1592 to 1597
Skipped Seq from 1599 to 1601
Skipped Seq from 1602 to 1604
Skipped Seq from 1609 to 1613
Number of times throttled: 5
Received: 3431 / 3611 packets
Start time: 1332761466.151781
End time: 1332761515.480881
Duration: 49.329100
