Starting client at 10.0.0.16:1274 with timeout:10
My IP address is 10.0.0.16Skipped Seq from 1037 to 1044
Skipped Seq from 1044 to 1046
Skipped Seq from 1050 to 1052
Skipped Seq from 1058 to 1074
Skipped Seq from 1078 to 1092
Skipped Seq from 1092 to 1094
Skipped Seq from 1099 to 1101
Skipped Seq from 1103 to 1113
Skipped Seq from 1113 to 1115
Skipped Seq from 1115 to 1117
Skipped Seq from 1142 to 1146
Skipped Seq from 1148 to 1150
Skipped Seq from 1168 to 1188
Skipped Seq from 1191 to 1205
Skipped Seq from 1209 to 1213
Skipped Seq from 1213 to 1230
Skipped Seq from 1241 to 1246
Skipped Seq from 1260 to 1271
Skipped Seq from 1307 to 1309
Skipped Seq from 1341 to 1345
Skipped Seq from 1345 to 1349
Skipped Seq from 1349 to 1353
Skipped Seq from 1353 to 1355
Skipped Seq from 1355 to 1359
Skipped Seq from 1361 to 1363
Skipped Seq from 1366 to 1368
Skipped Seq from 1369 to 1371
Skipped Seq from 1371 to 1373
Skipped Seq from 1373 to 1376
Skipped Seq from 1376 to 1379
Skipped Seq from 1384 to 1387
Skipped Seq from 1388 to 1390
Skipped Seq from 1392 to 1397
Skipped Seq from 1424 to 1428
Skipped Seq from 1436 to 1441
Skipped Seq from 1467 to 1469
Skipped Seq from 1472 to 1474
Skipped Seq from 1506 to 1529
Skipped Seq from 1552 to 1568
Skipped Seq from 1576 to 1579
Skipped Seq from 1585 to 1587
Skipped Seq from 1587 to 1589
Skipped Seq from 1640 to 1642
Skipped Seq from 1666 to 1668
Skipped Seq from 1673 to 1675
Skipped Seq from 3674 to 3676
Skipped Seq from 3710 to 3712
Skipped Seq from 3714 to 3716
Skipped Seq from 3716 to 3718
Skipped Seq from 3719 to 3721
Skipped Seq from 3722 to 3724
Skipped Seq from 3789 to 3791
Skipped Seq from 3829 to 3831
Skipped Seq from 3831 to 3835
Skipped Seq from 3851 to 3853
Skipped Seq from 3874 to 3880
Skipped Seq from 3882 to 3910
Skipped Seq from 3924 to 3926
Skipped Seq from 3938 to 3972
Skipped Seq from 3977 to 3982
Skipped Seq from 3983 to 3999
Skipped Seq from 4001 to 4003
Skipped Seq from 4005 to 4007
Skipped Seq from 4011 to 4014
Skipped Seq from 4014 to 4050
Skipped Seq from 4054 to 4078
Skipped Seq from 4084 to 4086
Skipped Seq from 4086 to 4111
Skipped Seq from 4114 to 4142
Skipped Seq from 4147 to 4177
Skipped Seq from 4180 to 4188
Skipped Seq from 4190 to 4192
Skipped Seq from 6070 to 6072
Skipped Seq from 6078 to 6080
Skipped Seq from 6080 to 6083
Skipped Seq from 6095 to 6097
Skipped Seq from 6098 to 6104
Skipped Seq from 6104 to 6106
Skipped Seq from 6106 to 6108
Skipped Seq from 6108 to 6138
Skipped Seq from 6138 to 6141
Skipped Seq from 6142 to 6146
Skipped Seq from 6149 to 6153
Skipped Seq from 6153 to 6161
Skipped Seq from 6161 to 6169
Skipped Seq from 6169 to 6171
Skipped Seq from 6171 to 6175
Skipped Seq from 6176 to 6178
Skipped Seq from 6181 to 6183
Skipped Seq from 6206 to 6208
Skipped Seq from 6208 to 6210
Skipped Seq from 6210 to 6237
Skipped Seq from 6263 to 6265
Skipped Seq from 6301 to 6303
Skipped Seq from 6340 to 6343
Skipped Seq from 6349 to 6351
Skipped Seq from 6369 to 6425
Skipped Seq from 6425 to 6427
Skipped Seq from 6479 to 6481
Skipped Seq from 6481 to 6486
Skipped Seq from 6518 to 6520
Skipped Seq from 6520 to 6522
Skipped Seq from 6556 to 6566
Skipped Seq from 6566 to 6576
Skipped Seq from 6583 to 6585
Skipped Seq from 6596 to 6598
Skipped Seq from 6607 to 6613
Skipped Seq from 6619 to 6621
Number of times throttled: 14
Received: 5999 / 6638 packets
Start time: 1332762247.285425
End time: 1332762333.125735
Duration: 85.840310
