Starting client at 10.0.0.14:1296 with timeout:10
My IP address is 10.0.0.14Skipped Seq from 3896 to 3898
Skipped Seq from 3905 to 3909
Skipped Seq from 4016 to 4018
Skipped Seq from 4173 to 4175
Skipped Seq from 4193 to 4195
Skipped Seq from 4204 to 4206
Skipped Seq from 4212 to 4214
Skipped Seq from 4215 to 4217
Skipped Seq from 4220 to 4222
Skipped Seq from 4229 to 4231
Skipped Seq from 4248 to 4250
Skipped Seq from 4282 to 4287
Skipped Seq from 4287 to 4291
Skipped Seq from 4296 to 4299
Skipped Seq from 4299 to 4301
Skipped Seq from 4305 to 4307
Skipped Seq from 4307 to 4311
Skipped Seq from 4317 to 4319
Skipped Seq from 4320 to 4322
Skipped Seq from 4343 to 4345
Skipped Seq from 4348 to 4350
Skipped Seq from 4353 to 4355
Skipped Seq from 7349 to 7365
Skipped Seq from 7378 to 7380
Skipped Seq from 7380 to 7382
Skipped Seq from 7404 to 7406
Skipped Seq from 7410 to 7413
Skipped Seq from 7413 to 7415
Skipped Seq from 7419 to 7424
Skipped Seq from 7426 to 7428
Skipped Seq from 7441 to 7443
Skipped Seq from 7464 to 7474
Skipped Seq from 7484 to 7486
Skipped Seq from 7491 to 7496
Skipped Seq from 7500 to 7512
Skipped Seq from 7515 to 7518
Skipped Seq from 7531 to 7534
Skipped Seq from 7537 to 7539
Skipped Seq from 7549 to 7552
Skipped Seq from 7573 to 7576
Skipped Seq from 7586 to 7588
Skipped Seq from 7591 to 7593
Skipped Seq from 7616 to 7626
Skipped Seq from 7634 to 7636
Number of times throttled: 5
Received: 11260 / 11365 packets
Start time: 1332762633.767793
End time: 1332762770.043342
Duration: 136.275549
