Starting client at 10.0.0.25:1238 with timeout:10
My IP address is 10.0.0.25Skipped Seq from 1162 to 1170
Skipped Seq from 1176 to 1179
Skipped Seq from 1184 to 1186
Skipped Seq from 1186 to 1194
Skipped Seq from 1196 to 1200
Skipped Seq from 1200 to 1209
Skipped Seq from 1210 to 1213
Skipped Seq from 1213 to 1220
Skipped Seq from 1220 to 1231
Skipped Seq from 1231 to 1241
Skipped Seq from 1241 to 1246
Skipped Seq from 1246 to 1266
Skipped Seq from 1267 to 1274
Skipped Seq from 1280 to 1282
Skipped Seq from 1282 to 1284
Skipped Seq from 1299 to 1301
Skipped Seq from 1345 to 1347
Skipped Seq from 1361 to 1363
Skipped Seq from 1371 to 1374
Skipped Seq from 1376 to 1378
Skipped Seq from 1379 to 1381
Skipped Seq from 1385 to 1387
Skipped Seq from 1393 to 1397
Skipped Seq from 1408 to 1411
Skipped Seq from 1411 to 1413
Skipped Seq from 1441 to 1448
Skipped Seq from 1448 to 1479
Skipped Seq from 1479 to 1481
Skipped Seq from 1484 to 1486
Skipped Seq from 1486 to 1505
Skipped Seq from 1513 to 1517
Skipped Seq from 1521 to 1524
Skipped Seq from 1525 to 1527
Skipped Seq from 1532 to 1534
Skipped Seq from 1535 to 1544
Skipped Seq from 1557 to 1559
Skipped Seq from 1570 to 1587
Skipped Seq from 1599 to 1601
Skipped Seq from 1605 to 1608
Skipped Seq from 1608 to 1610
Skipped Seq from 1612 to 1616
Skipped Seq from 1616 to 1626
Skipped Seq from 1626 to 1632
Skipped Seq from 1633 to 1636
Skipped Seq from 1641 to 1646
Skipped Seq from 1647 to 1653
Skipped Seq from 1655 to 1657
Skipped Seq from 1657 to 1659
Skipped Seq from 1752 to 1754
Skipped Seq from 4599 to 4601
Skipped Seq from 4613 to 4618
Skipped Seq from 4639 to 4641
Skipped Seq from 4673 to 4675
Skipped Seq from 4699 to 4708
Skipped Seq from 4713 to 4715
Skipped Seq from 4737 to 4740
Skipped Seq from 4742 to 4746
Skipped Seq from 4746 to 4749
Skipped Seq from 4796 to 4798
Skipped Seq from 4827 to 4829
Skipped Seq from 4877 to 4879
Skipped Seq from 4880 to 4882
Skipped Seq from 4882 to 4884
Skipped Seq from 4884 to 4889
Skipped Seq from 4889 to 4892
Skipped Seq from 4933 to 4935
Skipped Seq from 4946 to 4966
Skipped Seq from 4974 to 5004
Skipped Seq from 5008 to 5010
Skipped Seq from 5010 to 5013
Skipped Seq from 5015 to 5036
Skipped Seq from 5044 to 5068
Skipped Seq from 5074 to 5076
Skipped Seq from 5078 to 5104
Skipped Seq from 5109 to 5132
Skipped Seq from 5132 to 5134
Skipped Seq from 5135 to 5140
Skipped Seq from 5140 to 5142
Skipped Seq from 5143 to 5145
Skipped Seq from 5146 to 5148
Skipped Seq from 5150 to 5152
Skipped Seq from 5153 to 5155
Skipped Seq from 5157 to 5162
Skipped Seq from 5163 to 5166
Skipped Seq from 5166 to 5169
Skipped Seq from 5172 to 5174
Skipped Seq from 5186 to 5188
Skipped Seq from 5202 to 5204
Skipped Seq from 5232 to 5234
Skipped Seq from 5256 to 5259
Number of times throttled: 11
Received: 5810 / 6234 packets
Start time: 1332760823.077621
End time: 1332760903.140593
Duration: 80.062972
