Starting client at 10.0.0.14:1280 with timeout:10
My IP address is 10.0.0.14Skipped Seq from 692 to 700
Skipped Seq from 707 to 711
Skipped Seq from 711 to 715
Skipped Seq from 715 to 734
Skipped Seq from 734 to 741
Skipped Seq from 749 to 758
Skipped Seq from 758 to 767
Skipped Seq from 874 to 885
Skipped Seq from 885 to 902
Skipped Seq from 902 to 917
Skipped Seq from 956 to 969
Skipped Seq from 969 to 986
Skipped Seq from 986 to 1005
Skipped Seq from 1005 to 1020
Skipped Seq from 1025 to 1033
Skipped Seq from 1033 to 1052
Skipped Seq from 1052 to 1072
Skipped Seq from 1072 to 1082
Skipped Seq from 1187 to 1198
Skipped Seq from 1198 to 1203
Skipped Seq from 1203 to 1205
Skipped Seq from 1205 to 1207
Skipped Seq from 1207 to 1209
Skipped Seq from 1209 to 1211
Skipped Seq from 1211 to 1213
Skipped Seq from 1215 to 1217
Skipped Seq from 1217 to 1219
Skipped Seq from 1222 to 1224
Skipped Seq from 1224 to 1226
Skipped Seq from 1226 to 1228
Skipped Seq from 1228 to 1230
Skipped Seq from 1230 to 1232
Skipped Seq from 1358 to 1369
Skipped Seq from 1369 to 1387
Skipped Seq from 1387 to 1406
Skipped Seq from 1406 to 1411
Skipped Seq from 1413 to 1432
Skipped Seq from 1432 to 1451
Skipped Seq from 1451 to 1467
Skipped Seq from 1467 to 1476
Skipped Seq from 1484 to 1486
Skipped Seq from 1486 to 1504
Skipped Seq from 1507 to 1517
Skipped Seq from 1517 to 1536
Skipped Seq from 1536 to 1540
Skipped Seq from 1586 to 1600
Skipped Seq from 1600 to 1617
Skipped Seq from 1617 to 1638
Skipped Seq from 1638 to 1642
Skipped Seq from 1648 to 1660
Skipped Seq from 1660 to 1680
Skipped Seq from 1680 to 1696
Skipped Seq from 1696 to 1714
Skipped Seq from 1714 to 1730
Skipped Seq from 1731 to 1735
Skipped Seq from 1735 to 1756
Skipped Seq from 1756 to 1776
Skipped Seq from 1776 to 1794
Skipped Seq from 1794 to 1811
Skipped Seq from 1811 to 1830
Skipped Seq from 1830 to 1846
Skipped Seq from 1846 to 1865
Skipped Seq from 1865 to 1876
Skipped Seq from 1926 to 1946
Skipped Seq from 1946 to 1957
Skipped Seq from 1998 to 2003
Skipped Seq from 2003 to 2020
Skipped Seq from 2020 to 2039
Skipped Seq from 2039 to 2052
Skipped Seq from 2052 to 2066
Skipped Seq from 2108 to 2122
Skipped Seq from 2122 to 2129
Skipped Seq from 2146 to 2161
Skipped Seq from 2161 to 2189
Skipped Seq from 2416 to 2436
Skipped Seq from 2449 to 2466
Skipped Seq from 2491 to 2511
Skipped Seq from 2511 to 2516
Skipped Seq from 2653 to 2655
Skipped Seq from 2655 to 2664
Skipped Seq from 2910 to 2969
Skipped Seq from 3054 to 3066
Skipped Seq from 3088 to 3174
Skipped Seq from 3286 to 3293
Skipped Seq from 3293 to 3295
Skipped Seq from 3330 to 3348
Skipped Seq from 3371 to 3395
Skipped Seq from 13116 to 13119
Skipped Seq from 13119 to 13165
Skipped Seq from 13223 to 13231
Skipped Seq from 13231 to 13285
Skipped Seq from 13285 to 13305
Skipped Seq from 13309 to 13324
Skipped Seq from 13324 to 13342
Skipped Seq from 13415 to 13430
Skipped Seq from 13430 to 13448
Skipped Seq from 13490 to 13510
Skipped Seq from 13558 to 13607
Skipped Seq from 13613 to 13647
Skipped Seq from 13647 to 13652
Skipped Seq from 13652 to 13701
Skipped Seq from 13701 to 13732
Skipped Seq from 13741 to 13752
Skipped Seq from 13798 to 13829
Skipped Seq from 13838 to 13856
Skipped Seq from 13859 to 13864
Skipped Seq from 13864 to 13870
Skipped Seq from 13907 to 13961
Skipped Seq from 13961 to 13997
Skipped Seq from 14024 to 14030
Skipped Seq from 14080 to 14113
Skipped Seq from 14113 to 14127
Skipped Seq from 14131 to 14155
Skipped Seq from 14157 to 14177
Skipped Seq from 14217 to 14230
Skipped Seq from 14256 to 14260
Skipped Seq from 14260 to 14299
Skipped Seq from 14324 to 14335
Skipped Seq from 14335 to 14354
Skipped Seq from 14354 to 14383
Skipped Seq from 14394 to 14398
Skipped Seq from 14398 to 14402
Skipped Seq from 14402 to 14406
Number of times throttled: 8
Received: 14385 / 16192 packets
Start time: 1332843723.865513
End time: 1332843754.540451
Duration: 30.674938
