Starting client at 10.0.0.20:1276 with timeout:10
My IP address is 10.0.0.20Skipped Seq from 515 to 518
Skipped Seq from 518 to 529
Skipped Seq from 529 to 533
Skipped Seq from 533 to 539
Skipped Seq from 542 to 546
Skipped Seq from 546 to 550
Skipped Seq from 550 to 556
Skipped Seq from 559 to 565
Skipped Seq from 565 to 567
Skipped Seq from 567 to 569
Skipped Seq from 573 to 577
Skipped Seq from 587 to 590
Skipped Seq from 590 to 593
Skipped Seq from 593 to 596
Skipped Seq from 596 to 600
Skipped Seq from 600 to 606
Skipped Seq from 606 to 609
Skipped Seq from 619 to 637
Skipped Seq from 640 to 642
Skipped Seq from 646 to 653
Skipped Seq from 654 to 665
Skipped Seq from 665 to 670
Skipped Seq from 670 to 678
Skipped Seq from 679 to 685
Skipped Seq from 685 to 687
Skipped Seq from 687 to 689
Skipped Seq from 689 to 693
Skipped Seq from 693 to 697
Skipped Seq from 718 to 723
Skipped Seq from 723 to 725
Skipped Seq from 725 to 731
Skipped Seq from 731 to 761
Skipped Seq from 787 to 790
Skipped Seq from 791 to 795
Skipped Seq from 795 to 800
Skipped Seq from 803 to 807
Skipped Seq from 821 to 827
Skipped Seq from 827 to 840
Skipped Seq from 840 to 842
Skipped Seq from 850 to 853
Skipped Seq from 860 to 868
Skipped Seq from 868 to 896
Skipped Seq from 902 to 913
Skipped Seq from 913 to 919
Skipped Seq from 919 to 921
Skipped Seq from 922 to 926
Skipped Seq from 926 to 929
Skipped Seq from 929 to 931
Skipped Seq from 939 to 948
Skipped Seq from 948 to 954
Skipped Seq from 955 to 959
Skipped Seq from 966 to 985
Skipped Seq from 985 to 988
Skipped Seq from 989 to 999
Skipped Seq from 1024 to 1035
Skipped Seq from 1036 to 1038
Skipped Seq from 1039 to 1042
Skipped Seq from 1061 to 1070
Skipped Seq from 1070 to 1076
Skipped Seq from 1077 to 1081
Skipped Seq from 1097 to 1102
Skipped Seq from 1105 to 1110
Skipped Seq from 1113 to 1121
Skipped Seq from 1121 to 1124
Skipped Seq from 1125 to 1128
Skipped Seq from 1129 to 1135
Skipped Seq from 1135 to 1138
Skipped Seq from 1138 to 1146
Skipped Seq from 1146 to 1149
Skipped Seq from 1149 to 1151
Skipped Seq from 1151 to 1159
Skipped Seq from 1159 to 1161
Skipped Seq from 1162 to 1167
Skipped Seq from 1172 to 1185
Skipped Seq from 1185 to 1200
Skipped Seq from 1202 to 1212
Skipped Seq from 1212 to 1222
Skipped Seq from 1232 to 1237
Skipped Seq from 1240 to 1256
Skipped Seq from 1256 to 1258
Skipped Seq from 1258 to 1264
Skipped Seq from 1279 to 1282
Skipped Seq from 1283 to 1289
Skipped Seq from 1289 to 1301
Skipped Seq from 1303 to 1309
Skipped Seq from 1311 to 1315
Skipped Seq from 1318 to 1323
Skipped Seq from 1329 to 1339
Skipped Seq from 1339 to 1341
Skipped Seq from 1357 to 1366
Skipped Seq from 1366 to 1368
Skipped Seq from 1376 to 1397
Skipped Seq from 1397 to 1401
Skipped Seq from 1401 to 1404
Skipped Seq from 1404 to 1407
Skipped Seq from 1407 to 1426
Skipped Seq from 1435 to 1442
Skipped Seq from 1444 to 1448
Skipped Seq from 1456 to 1465
Skipped Seq from 1466 to 1475
Skipped Seq from 1476 to 1485
Skipped Seq from 1497 to 1506
Skipped Seq from 1506 to 1511
Skipped Seq from 1517 to 1526
Skipped Seq from 1532 to 1550
Skipped Seq from 1550 to 1561
Skipped Seq from 1564 to 1585
Skipped Seq from 1585 to 1593
Skipped Seq from 1613 to 1620
Skipped Seq from 1620 to 1633
Skipped Seq from 1633 to 1656
Skipped Seq from 1656 to 1658
Skipped Seq from 1665 to 1678
Skipped Seq from 1678 to 1693
Skipped Seq from 1695 to 1699
Skipped Seq from 1699 to 1712
Skipped Seq from 1712 to 1731
Skipped Seq from 1739 to 1743
Skipped Seq from 1753 to 1757
Skipped Seq from 1757 to 1761
Skipped Seq from 1761 to 1774
Skipped Seq from 1777 to 1780
Skipped Seq from 1780 to 1785
Skipped Seq from 1785 to 1787
Skipped Seq from 1788 to 1803
Skipped Seq from 1823 to 1827
Skipped Seq from 1839 to 1877
Skipped Seq from 1903 to 1912
Skipped Seq from 1915 to 1919
Skipped Seq from 1919 to 1929
Skipped Seq from 1930 to 1961
Skipped Seq from 1961 to 1984
Skipped Seq from 1984 to 1996
Skipped Seq from 2001 to 2012
Skipped Seq from 2014 to 2019
Skipped Seq from 2019 to 2024
Skipped Seq from 2024 to 2029
Skipped Seq from 2029 to 2048
Skipped Seq from 2057 to 2059
Skipped Seq from 2059 to 2064
Skipped Seq from 2065 to 2068
Skipped Seq from 2068 to 2074
Skipped Seq from 2074 to 2079
Skipped Seq from 2079 to 2081
Skipped Seq from 2090 to 2095
Skipped Seq from 2122 to 2145
Skipped Seq from 2153 to 2159
Skipped Seq from 2160 to 2179
Skipped Seq from 2180 to 2214
Skipped Seq from 2214 to 2218
Skipped Seq from 2219 to 2270
Skipped Seq from 2287 to 2293
Skipped Seq from 2293 to 2298
Skipped Seq from 2330 to 2337
Skipped Seq from 2376 to 2389
Skipped Seq from 2410 to 2434
Skipped Seq from 2434 to 2452
Skipped Seq from 2452 to 2460
Skipped Seq from 2460 to 2463
Skipped Seq from 6858 to 6882
Skipped Seq from 6944 to 6974
Skipped Seq from 6974 to 7001
Skipped Seq from 7001 to 7005
Skipped Seq from 7005 to 7030
Skipped Seq from 7087 to 7104
Skipped Seq from 7116 to 7135
Skipped Seq from 7170 to 7193
Skipped Seq from 7195 to 7231
Skipped Seq from 7237 to 7250
Skipped Seq from 7299 to 7317
Skipped Seq from 7317 to 7343
Skipped Seq from 7343 to 7393
Skipped Seq from 7394 to 7419
Skipped Seq from 7419 to 7440
Skipped Seq from 7440 to 7459
Skipped Seq from 7459 to 7538
Skipped Seq from 7539 to 7541
Skipped Seq from 7541 to 7575
Skipped Seq from 7577 to 7611
Skipped Seq from 7611 to 7638
Skipped Seq from 7680 to 7683
Skipped Seq from 7684 to 7694
Skipped Seq from 7694 to 7696
Skipped Seq from 7700 to 7709
Skipped Seq from 7709 to 7763
Skipped Seq from 7764 to 7814
Skipped Seq from 7814 to 7841
Skipped Seq from 7858 to 7879
Skipped Seq from 7879 to 7890
Skipped Seq from 7899 to 7914
Skipped Seq from 7924 to 7962
Skipped Seq from 7962 to 8002
Skipped Seq from 8047 to 8052
Skipped Seq from 8052 to 8071
Skipped Seq from 8071 to 8077
Skipped Seq from 8077 to 8083
Skipped Seq from 8083 to 8088
Skipped Seq from 8095 to 8103
Skipped Seq from 8125 to 8129
Skipped Seq from 8142 to 8164
Skipped Seq from 8167 to 8196
Skipped Seq from 8196 to 8207
Skipped Seq from 8207 to 8218
Skipped Seq from 8218 to 8226
Skipped Seq from 8226 to 8233
Skipped Seq from 8233 to 8243
Skipped Seq from 8243 to 8246
Skipped Seq from 8253 to 8295
Skipped Seq from 8295 to 8302
Skipped Seq from 8303 to 8323
Skipped Seq from 8338 to 8361
Skipped Seq from 8361 to 8388
Skipped Seq from 8388 to 8442
Skipped Seq from 8442 to 8447
Skipped Seq from 8448 to 8474
Skipped Seq from 8474 to 8535
Skipped Seq from 8535 to 8560
Skipped Seq from 8560 to 8634
Skipped Seq from 8634 to 8642
Skipped Seq from 8642 to 8682
Skipped Seq from 8706 to 8727
Skipped Seq from 8728 to 8748
Skipped Seq from 8748 to 8756
Skipped Seq from 8771 to 8791
Skipped Seq from 8791 to 8838
Skipped Seq from 8838 to 8881
Skipped Seq from 8888 to 8907
Skipped Seq from 8907 to 8924
Skipped Seq from 8933 to 8955
Skipped Seq from 8955 to 9004
Skipped Seq from 9004 to 9054
Skipped Seq from 9054 to 9069
Skipped Seq from 9069 to 9141
Skipped Seq from 9141 to 9155
Skipped Seq from 9169 to 9178
Skipped Seq from 9183 to 9185
Skipped Seq from 9190 to 9197
Skipped Seq from 9201 to 9206
Skipped Seq from 9206 to 9213
Skipped Seq from 9213 to 9218
Skipped Seq from 9218 to 9221
Skipped Seq from 9221 to 9223
Skipped Seq from 9225 to 9227
Skipped Seq from 9227 to 9259
Skipped Seq from 9275 to 9286
Skipped Seq from 9603 to 9608
Skipped Seq from 9608 to 9611
Skipped Seq from 9656 to 9779
Number of times throttled: 7
Received: 8149 / 11259 packets
Start time: 1332843607.300371
End time: 1332843623.045498
Duration: 15.745127
