Starting client at 10.0.0.22:1257 with timeout:10
My IP address is 10.0.0.22Skipped Seq from 30 to 37
Skipped Seq from 37 to 41
Skipped Seq from 48 to 50
Skipped Seq from 84 to 86
Skipped Seq from 86 to 88
Skipped Seq from 88 to 90
Skipped Seq from 173 to 176
Skipped Seq from 176 to 182
Skipped Seq from 182 to 184
Skipped Seq from 676 to 692
Skipped Seq from 692 to 712
Skipped Seq from 712 to 715
Skipped Seq from 731 to 744
Skipped Seq from 744 to 759
Skipped Seq from 786 to 803
Skipped Seq from 803 to 805
Skipped Seq from 805 to 811
Skipped Seq from 811 to 813
Skipped Seq from 814 to 816
Skipped Seq from 818 to 829
Skipped Seq from 829 to 835
Skipped Seq from 936 to 966
Number of times throttled: 0
Received: 815 / 970 packets
Start time: 1332842317.198284
End time: 1332842329.859703
Duration: 12.661419
