Starting client at 10.0.0.13:1266 with timeout:10
My IP address is 10.0.0.13Skipped Seq from 849 to 852
Skipped Seq from 968 to 976
Skipped Seq from 978 to 983
Skipped Seq from 983 to 1003
Skipped Seq from 1003 to 1019
Skipped Seq from 1019 to 1036
Skipped Seq from 1036 to 1042
Skipped Seq from 1116 to 1123
Skipped Seq from 1123 to 1133
Skipped Seq from 1161 to 1163
Skipped Seq from 1163 to 1183
Skipped Seq from 1183 to 1201
Skipped Seq from 1201 to 1220
Skipped Seq from 1220 to 1234
Skipped Seq from 1250 to 1254
Skipped Seq from 1303 to 1314
Skipped Seq from 1314 to 1333
Skipped Seq from 1333 to 1343
Skipped Seq from 1353 to 1358
Skipped Seq from 1358 to 1374
Skipped Seq from 1382 to 1389
Skipped Seq from 1389 to 1393
Skipped Seq from 1394 to 1401
Skipped Seq from 1401 to 1403
Skipped Seq from 1404 to 1408
Skipped Seq from 1408 to 1424
Skipped Seq from 1470 to 1474
Skipped Seq from 1474 to 1492
Skipped Seq from 1535 to 1551
Skipped Seq from 1551 to 1558
Skipped Seq from 1558 to 1568
Skipped Seq from 1568 to 1576
Skipped Seq from 1578 to 1584
Skipped Seq from 1585 to 1594
Skipped Seq from 1598 to 1602
Skipped Seq from 1613 to 1626
Skipped Seq from 1629 to 1632
Skipped Seq from 1632 to 1641
Skipped Seq from 1644 to 1650
Skipped Seq from 1650 to 1653
Skipped Seq from 1654 to 1656
Skipped Seq from 1656 to 1658
Skipped Seq from 1658 to 1667
Skipped Seq from 1668 to 1672
Skipped Seq from 1674 to 1677
Skipped Seq from 1678 to 1681
Skipped Seq from 1681 to 1683
Skipped Seq from 1683 to 1687
Skipped Seq from 1689 to 1691
Skipped Seq from 1745 to 1754
Skipped Seq from 1754 to 1762
Skipped Seq from 1766 to 1775
Skipped Seq from 1778 to 1785
Skipped Seq from 1785 to 1798
Skipped Seq from 1801 to 1803
Skipped Seq from 1803 to 1808
Skipped Seq from 1809 to 1814
Skipped Seq from 1814 to 1816
Skipped Seq from 1816 to 1818
Skipped Seq from 1818 to 1821
Skipped Seq from 1822 to 1824
Skipped Seq from 1824 to 1826
Skipped Seq from 1827 to 1832
Skipped Seq from 1837 to 1844
Skipped Seq from 1844 to 1846
Skipped Seq from 1859 to 1861
Skipped Seq from 1861 to 1864
Skipped Seq from 1867 to 1872
Skipped Seq from 1872 to 1880
Skipped Seq from 1880 to 1886
Skipped Seq from 1889 to 1896
Skipped Seq from 1904 to 1907
Skipped Seq from 1914 to 1922
Skipped Seq from 1922 to 1934
Skipped Seq from 1971 to 1983
Skipped Seq from 1983 to 1987
Skipped Seq from 1987 to 1989
Skipped Seq from 1989 to 1999
Skipped Seq from 1999 to 2016
Skipped Seq from 2016 to 2027
Skipped Seq from 2029 to 2034
Skipped Seq from 2036 to 2040
Skipped Seq from 2040 to 2042
Skipped Seq from 2051 to 2062
Skipped Seq from 2067 to 2073
Skipped Seq from 2073 to 2080
Skipped Seq from 2096 to 2098
Skipped Seq from 2098 to 2106
Skipped Seq from 2106 to 2121
Skipped Seq from 2121 to 2126
Skipped Seq from 2149 to 2161
Skipped Seq from 2161 to 2171
Skipped Seq from 2171 to 2175
Skipped Seq from 2176 to 2178
Skipped Seq from 2189 to 2211
Skipped Seq from 2211 to 2213
Skipped Seq from 2219 to 2249
Skipped Seq from 2249 to 2255
Skipped Seq from 2256 to 2280
Skipped Seq from 2280 to 2283
Skipped Seq from 2292 to 2308
Skipped Seq from 2308 to 2326
Skipped Seq from 2326 to 2330
Skipped Seq from 2330 to 2337
Skipped Seq from 2365 to 2378
Skipped Seq from 2383 to 2391
Skipped Seq from 2410 to 2414
Skipped Seq from 2416 to 2419
Skipped Seq from 2419 to 2436
Skipped Seq from 2467 to 2479
Skipped Seq from 2483 to 2489
Skipped Seq from 2493 to 2500
Skipped Seq from 2506 to 2514
Skipped Seq from 2516 to 2522
Skipped Seq from 2524 to 2528
Skipped Seq from 2532 to 2543
Skipped Seq from 2544 to 2547
Skipped Seq from 2548 to 2552
Skipped Seq from 2552 to 2555
Skipped Seq from 2566 to 2572
Skipped Seq from 2573 to 2577
Skipped Seq from 2586 to 2588
Skipped Seq from 2588 to 2594
Skipped Seq from 2594 to 2597
Skipped Seq from 2597 to 2600
Skipped Seq from 2603 to 2607
Skipped Seq from 2612 to 2628
Skipped Seq from 2630 to 2637
Skipped Seq from 2637 to 2640
Skipped Seq from 2641 to 2643
Skipped Seq from 2645 to 2649
Skipped Seq from 2654 to 2661
Skipped Seq from 2661 to 2663
Skipped Seq from 2663 to 2665
Skipped Seq from 2666 to 2669
Skipped Seq from 2669 to 2672
Skipped Seq from 2679 to 2685
Skipped Seq from 2685 to 2689
Skipped Seq from 2692 to 2696
Skipped Seq from 2696 to 2704
Skipped Seq from 2711 to 2717
Skipped Seq from 2719 to 2722
Skipped Seq from 2722 to 2727
Skipped Seq from 2736 to 2745
Skipped Seq from 2749 to 2759
Skipped Seq from 2760 to 2762
Skipped Seq from 2764 to 2768
Skipped Seq from 2770 to 2775
Skipped Seq from 2776 to 2780
Skipped Seq from 2782 to 2786
Skipped Seq from 2786 to 2789
Skipped Seq from 2789 to 2791
Skipped Seq from 2791 to 2793
Skipped Seq from 2794 to 2798
Skipped Seq from 2817 to 2822
Skipped Seq from 2837 to 2848
Skipped Seq from 2848 to 2882
Skipped Seq from 2882 to 2884
Skipped Seq from 2895 to 2903
Skipped Seq from 2903 to 2906
Skipped Seq from 2909 to 2915
Skipped Seq from 2937 to 2939
Skipped Seq from 2939 to 2944
Skipped Seq from 2949 to 2957
Skipped Seq from 2957 to 2960
Skipped Seq from 2964 to 2970
Skipped Seq from 2971 to 2974
Skipped Seq from 2974 to 2976
Skipped Seq from 2976 to 2979
Skipped Seq from 2985 to 2993
Skipped Seq from 2995 to 3006
Skipped Seq from 3006 to 3008
Skipped Seq from 3010 to 3013
Skipped Seq from 3013 to 3015
Skipped Seq from 3046 to 3068
Skipped Seq from 3077 to 3080
Skipped Seq from 3081 to 3087
Skipped Seq from 3087 to 3105
Skipped Seq from 3131 to 3137
Skipped Seq from 3138 to 3151
Skipped Seq from 3151 to 3160
Skipped Seq from 3160 to 3174
Skipped Seq from 3175 to 3178
Skipped Seq from 3185 to 3191
Skipped Seq from 3197 to 3215
Skipped Seq from 3217 to 3222
Skipped Seq from 3227 to 3231
Skipped Seq from 3248 to 3278
Skipped Seq from 3293 to 3304
Skipped Seq from 3305 to 3310
Skipped Seq from 3314 to 3329
Skipped Seq from 3329 to 3343
Skipped Seq from 3345 to 3364
Skipped Seq from 3373 to 3383
Skipped Seq from 3383 to 3385
Skipped Seq from 3385 to 3387
Skipped Seq from 3388 to 3390
Skipped Seq from 3390 to 3392
Skipped Seq from 3399 to 3411
Skipped Seq from 3412 to 3434
Skipped Seq from 3434 to 3438
Skipped Seq from 3443 to 3453
Skipped Seq from 3467 to 3473
Skipped Seq from 3645 to 3651
Skipped Seq from 3651 to 3657
Skipped Seq from 3657 to 3662
Skipped Seq from 3662 to 3668
Skipped Seq from 3668 to 3675
Skipped Seq from 3675 to 3678
Skipped Seq from 3710 to 3725
Skipped Seq from 3729 to 3735
Skipped Seq from 3740 to 3742
Number of times throttled: 3
Received: 2379 / 3750 packets
Start time: 1332843028.729094
End time: 1332843034.655249
Duration: 5.926155
