Starting client at 10.0.0.14:1243 with timeout:10
My IP address is 10.0.0.14Skipped Seq from 493 to 504
Skipped Seq from 504 to 510
Skipped Seq from 510 to 512
Skipped Seq from 516 to 523
Skipped Seq from 524 to 528
Skipped Seq from 528 to 530
Skipped Seq from 530 to 538
Skipped Seq from 603 to 609
Skipped Seq from 609 to 617
Skipped Seq from 623 to 626
Skipped Seq from 626 to 638
Skipped Seq from 662 to 668
Skipped Seq from 669 to 677
Skipped Seq from 679 to 684
Skipped Seq from 700 to 705
Skipped Seq from 705 to 709
Skipped Seq from 746 to 753
Skipped Seq from 753 to 772
Skipped Seq from 772 to 787
Skipped Seq from 789 to 795
Skipped Seq from 795 to 806
Skipped Seq from 810 to 816
Skipped Seq from 875 to 884
Skipped Seq from 884 to 886
Skipped Seq from 886 to 888
Skipped Seq from 888 to 891
Skipped Seq from 893 to 895
Skipped Seq from 903 to 913
Skipped Seq from 913 to 925
Skipped Seq from 1001 to 1012
Skipped Seq from 1012 to 1023
Skipped Seq from 1023 to 1031
Skipped Seq from 1031 to 1036
Skipped Seq from 1038 to 1042
Skipped Seq from 1044 to 1049
Skipped Seq from 1051 to 1056
Skipped Seq from 1056 to 1063
Skipped Seq from 1064 to 1069
Skipped Seq from 1069 to 1071
Skipped Seq from 1074 to 1081
Skipped Seq from 1112 to 1117
Skipped Seq from 1117 to 1119
Skipped Seq from 1120 to 1123
Skipped Seq from 1123 to 1127
Skipped Seq from 1130 to 1135
Skipped Seq from 1138 to 1143
Skipped Seq from 1146 to 1149
Skipped Seq from 1149 to 1153
Skipped Seq from 1155 to 1175
Skipped Seq from 1177 to 1186
Skipped Seq from 1186 to 1190
Skipped Seq from 1191 to 1207
Skipped Seq from 1207 to 1209
Skipped Seq from 1215 to 1225
Skipped Seq from 1229 to 1233
Skipped Seq from 1233 to 1237
Skipped Seq from 1238 to 1242
Skipped Seq from 1242 to 1244
Skipped Seq from 1269 to 1282
Skipped Seq from 1282 to 1292
Skipped Seq from 1294 to 1298
Skipped Seq from 1298 to 1306
Skipped Seq from 1324 to 1326
Skipped Seq from 1338 to 1347
Skipped Seq from 1349 to 1354
Skipped Seq from 1354 to 1362
Skipped Seq from 1365 to 1369
Skipped Seq from 1369 to 1371
Skipped Seq from 1371 to 1375
Skipped Seq from 1377 to 1380
Skipped Seq from 1382 to 1385
Skipped Seq from 1385 to 1389
Skipped Seq from 1389 to 1391
Skipped Seq from 1391 to 1393
Skipped Seq from 1395 to 1410
Skipped Seq from 1410 to 1426
Skipped Seq from 1426 to 1441
Skipped Seq from 1441 to 1447
Skipped Seq from 1450 to 1469
Skipped Seq from 1486 to 1491
Skipped Seq from 1491 to 1519
Skipped Seq from 1519 to 1530
Skipped Seq from 1531 to 1533
Skipped Seq from 1533 to 1536
Skipped Seq from 1537 to 1542
Skipped Seq from 1542 to 1547
Skipped Seq from 1547 to 1552
Skipped Seq from 1552 to 1556
Skipped Seq from 1557 to 1561
Skipped Seq from 1572 to 1599
Skipped Seq from 1604 to 1611
Skipped Seq from 1614 to 1619
Skipped Seq from 1619 to 1624
Skipped Seq from 1624 to 1631
Skipped Seq from 1633 to 1637
Skipped Seq from 1648 to 1652
Skipped Seq from 1652 to 1654
Skipped Seq from 1659 to 1665
Skipped Seq from 1665 to 1667
Skipped Seq from 1676 to 1684
Skipped Seq from 1689 to 1714
Skipped Seq from 1714 to 1720
Skipped Seq from 1783 to 1785
Skipped Seq from 1786 to 1804
Skipped Seq from 1804 to 1815
Skipped Seq from 1819 to 1841
Skipped Seq from 1841 to 1869
Skipped Seq from 1869 to 1871
Skipped Seq from 1874 to 1903
Skipped Seq from 1903 to 1911
Skipped Seq from 1912 to 1914
Skipped Seq from 1914 to 1917
Skipped Seq from 1929 to 1958
Skipped Seq from 1958 to 1963
Skipped Seq from 1968 to 1973
Skipped Seq from 1974 to 1979
Skipped Seq from 1979 to 2009
Skipped Seq from 2009 to 2036
Skipped Seq from 2043 to 2071
Skipped Seq from 2071 to 2105
Skipped Seq from 2105 to 2146
Skipped Seq from 2146 to 2172
Skipped Seq from 2197 to 2205
Skipped Seq from 2205 to 2245
Skipped Seq from 2301 to 2318
Skipped Seq from 2450 to 2471
Skipped Seq from 2474 to 2479
Skipped Seq from 2479 to 2485
Skipped Seq from 2485 to 2489
Skipped Seq from 2489 to 2491
Skipped Seq from 2495 to 2501
Skipped Seq from 2501 to 2506
Skipped Seq from 2506 to 2513
Skipped Seq from 2513 to 2517
Skipped Seq from 2517 to 2523
Skipped Seq from 2523 to 2525
Skipped Seq from 2543 to 2571
Skipped Seq from 2571 to 2587
Number of times throttled: 4
Received: 5999 / 7104 packets
Start time: 1332842072.641340
End time: 1332842083.358700
Duration: 10.717360
