Starting client at 10.0.0.15:1267 with timeout:10
My IP address is 10.0.0.15Skipped Seq from 607 to 619
Skipped Seq from 619 to 625
Skipped Seq from 674 to 693
Skipped Seq from 693 to 702
Skipped Seq from 708 to 713
Skipped Seq from 713 to 746
Skipped Seq from 747 to 749
Skipped Seq from 761 to 778
Skipped Seq from 778 to 786
Skipped Seq from 786 to 800
Skipped Seq from 804 to 812
Skipped Seq from 812 to 814
Skipped Seq from 814 to 834
Skipped Seq from 834 to 851
Skipped Seq from 862 to 866
Skipped Seq from 866 to 883
Skipped Seq from 883 to 887
Skipped Seq from 888 to 898
Skipped Seq from 898 to 906
Skipped Seq from 907 to 918
Skipped Seq from 918 to 927
Skipped Seq from 951 to 953
Skipped Seq from 964 to 967
Skipped Seq from 967 to 975
Skipped Seq from 1055 to 1067
Skipped Seq from 1067 to 1088
Skipped Seq from 1088 to 1095
Skipped Seq from 1101 to 1109
Skipped Seq from 1109 to 1123
Skipped Seq from 1184 to 1189
Skipped Seq from 1189 to 1199
Skipped Seq from 1199 to 1210
Skipped Seq from 1210 to 1216
Skipped Seq from 1240 to 1245
Skipped Seq from 1245 to 1261
Skipped Seq from 1261 to 1283
Skipped Seq from 1287 to 1299
Skipped Seq from 1307 to 1324
Skipped Seq from 1324 to 1343
Skipped Seq from 1343 to 1357
Skipped Seq from 1357 to 1359
Skipped Seq from 1359 to 1361
Skipped Seq from 1362 to 1378
Skipped Seq from 1378 to 1393
Skipped Seq from 1393 to 1402
Skipped Seq from 1433 to 1435
Skipped Seq from 1440 to 1450
Skipped Seq from 1450 to 1469
Skipped Seq from 1469 to 1482
Skipped Seq from 1535 to 1546
Skipped Seq from 1546 to 1577
Skipped Seq from 1577 to 1597
Skipped Seq from 1597 to 1615
Skipped Seq from 1615 to 1624
Skipped Seq from 1627 to 1634
Skipped Seq from 1634 to 1651
Skipped Seq from 1651 to 1658
Skipped Seq from 1658 to 1677
Skipped Seq from 1677 to 1697
Skipped Seq from 1697 to 1716
Skipped Seq from 1719 to 1721
Skipped Seq from 1722 to 1738
Skipped Seq from 1738 to 1755
Skipped Seq from 1755 to 1762
Skipped Seq from 1768 to 1773
Skipped Seq from 1773 to 1787
Skipped Seq from 1789 to 1801
Skipped Seq from 1801 to 1819
Skipped Seq from 1819 to 1834
Skipped Seq from 1882 to 1887
Skipped Seq from 1887 to 1907
Skipped Seq from 1907 to 1921
Skipped Seq from 1921 to 1943
Skipped Seq from 1943 to 1946
Skipped Seq from 1948 to 1951
Skipped Seq from 1951 to 1969
Skipped Seq from 1969 to 1976
Skipped Seq from 1985 to 1991
Skipped Seq from 1991 to 2009
Skipped Seq from 2009 to 2020
Skipped Seq from 2022 to 2041
Skipped Seq from 2041 to 2060
Skipped Seq from 2060 to 2077
Skipped Seq from 2077 to 2089
Skipped Seq from 2245 to 2253
Skipped Seq from 2260 to 2267
Skipped Seq from 2267 to 2303
Skipped Seq from 2303 to 2306
Skipped Seq from 2731 to 2740
Skipped Seq from 2740 to 2743
Skipped Seq from 2890 to 2913
Skipped Seq from 2913 to 2927
Skipped Seq from 2927 to 2945
Skipped Seq from 3060 to 3080
Skipped Seq from 3080 to 3105
Skipped Seq from 3105 to 3124
Skipped Seq from 3398 to 3417
Skipped Seq from 3469 to 3480
Skipped Seq from 3627 to 3649
Skipped Seq from 5749 to 5792
Skipped Seq from 5792 to 5811
Skipped Seq from 5811 to 5841
Skipped Seq from 5841 to 5854
Skipped Seq from 5874 to 5877
Skipped Seq from 5877 to 5888
Skipped Seq from 5905 to 5956
Skipped Seq from 5956 to 5980
Skipped Seq from 6018 to 6037
Skipped Seq from 6037 to 6040
Skipped Seq from 6086 to 6104
Skipped Seq from 6104 to 6115
Skipped Seq from 6116 to 6150
Skipped Seq from 6154 to 6186
Skipped Seq from 6186 to 6226
Skipped Seq from 6226 to 6247
Skipped Seq from 6334 to 6337
Skipped Seq from 6337 to 6343
Skipped Seq from 6344 to 6347
Skipped Seq from 6348 to 6352
Skipped Seq from 6352 to 6356
Skipped Seq from 6357 to 6366
Skipped Seq from 6374 to 6395
Skipped Seq from 6395 to 6408
Skipped Seq from 6408 to 6432
Skipped Seq from 6459 to 6499
Skipped Seq from 6499 to 6559
Skipped Seq from 6559 to 6592
Skipped Seq from 6593 to 6631
Skipped Seq from 6633 to 6650
Skipped Seq from 6650 to 6675
Skipped Seq from 6675 to 6677
Skipped Seq from 6677 to 6715
Skipped Seq from 6720 to 6739
Skipped Seq from 6739 to 6753
Skipped Seq from 6812 to 6852
Skipped Seq from 6870 to 6910
Skipped Seq from 6910 to 6937
Skipped Seq from 6939 to 6977
Skipped Seq from 6996 to 7033
Skipped Seq from 7033 to 7067
Skipped Seq from 7095 to 7098
Skipped Seq from 7098 to 7127
Skipped Seq from 7129 to 7172
Skipped Seq from 7206 to 7222
Skipped Seq from 7222 to 7256
Skipped Seq from 7256 to 7295
Skipped Seq from 7302 to 7304
Skipped Seq from 7304 to 7352
Skipped Seq from 7352 to 7359
Skipped Seq from 7364 to 7383
Skipped Seq from 7383 to 7392
Skipped Seq from 7392 to 7406
Skipped Seq from 7409 to 7428
Skipped Seq from 7430 to 7460
Skipped Seq from 7460 to 7480
Skipped Seq from 7514 to 7526
Skipped Seq from 7526 to 7557
Skipped Seq from 7559 to 7579
Skipped Seq from 7579 to 7618
Skipped Seq from 7639 to 7656
Skipped Seq from 7656 to 7665
Skipped Seq from 7675 to 7686
Skipped Seq from 7824 to 7826
Skipped Seq from 7826 to 7845
Skipped Seq from 7845 to 7883
Skipped Seq from 7946 to 7958
Skipped Seq from 7958 to 7984
Skipped Seq from 7984 to 7990
Skipped Seq from 8607 to 8611
Skipped Seq from 11602 to 11641
Skipped Seq from 11710 to 11756
Skipped Seq from 11756 to 11780
Skipped Seq from 11780 to 11801
Skipped Seq from 11801 to 11819
Skipped Seq from 11824 to 11841
Skipped Seq from 11841 to 11885
Skipped Seq from 11885 to 11905
Skipped Seq from 11913 to 11918
Skipped Seq from 11918 to 11920
Skipped Seq from 11920 to 11925
Skipped Seq from 12013 to 12045
Skipped Seq from 12046 to 12067
Skipped Seq from 12067 to 12088
Skipped Seq from 12141 to 12156
Skipped Seq from 12156 to 12165
Skipped Seq from 12170 to 12204
Skipped Seq from 12204 to 12267
Skipped Seq from 12268 to 12290
Skipped Seq from 12290 to 12312
Skipped Seq from 12353 to 12410
Skipped Seq from 12420 to 12445
Skipped Seq from 12445 to 12453
Skipped Seq from 12463 to 12493
Skipped Seq from 12493 to 12543
Skipped Seq from 12551 to 12573
Skipped Seq from 12578 to 12603
Skipped Seq from 12606 to 12616
Skipped Seq from 12616 to 12644
Skipped Seq from 12644 to 12655
Skipped Seq from 12655 to 12658
Skipped Seq from 12662 to 12715
Skipped Seq from 12715 to 12739
Skipped Seq from 12762 to 12774
Skipped Seq from 12774 to 12829
Skipped Seq from 12833 to 12837
Skipped Seq from 12837 to 12878
Skipped Seq from 12878 to 12930
Skipped Seq from 13017 to 13036
Skipped Seq from 13050 to 13052
Skipped Seq from 13052 to 13095
Skipped Seq from 13095 to 13140
Skipped Seq from 13145 to 13150
Skipped Seq from 13150 to 13159
Skipped Seq from 13159 to 13164
Skipped Seq from 13164 to 13173
Skipped Seq from 13174 to 13178
Skipped Seq from 13181 to 13191
Skipped Seq from 13191 to 13200
Skipped Seq from 13234 to 13271
Number of times throttled: 11
Received: 16010 / 19767 packets
Start time: 1332843398.153938
End time: 1332843428.436484
Duration: 30.282546
