Starting client at 10.0.0.13:1257 with timeout:10
My IP address is 10.0.0.13Skipped Seq from 538 to 547
Skipped Seq from 547 to 549
Skipped Seq from 549 to 552
Skipped Seq from 552 to 563
Skipped Seq from 582 to 584
Skipped Seq from 584 to 598
Skipped Seq from 598 to 612
Skipped Seq from 612 to 615
Skipped Seq from 616 to 620
Skipped Seq from 620 to 623
Skipped Seq from 623 to 628
Skipped Seq from 628 to 631
Skipped Seq from 631 to 646
Skipped Seq from 669 to 673
Skipped Seq from 673 to 676
Skipped Seq from 676 to 690
Skipped Seq from 691 to 693
Skipped Seq from 693 to 697
Skipped Seq from 699 to 704
Skipped Seq from 704 to 708
Skipped Seq from 709 to 711
Skipped Seq from 713 to 724
Skipped Seq from 724 to 727
Skipped Seq from 739 to 745
Skipped Seq from 745 to 753
Skipped Seq from 753 to 761
Skipped Seq from 767 to 770
Skipped Seq from 786 to 792
Skipped Seq from 792 to 808
Skipped Seq from 808 to 810
Skipped Seq from 813 to 829
Skipped Seq from 829 to 836
Skipped Seq from 836 to 841
Skipped Seq from 841 to 848
Skipped Seq from 848 to 851
Skipped Seq from 871 to 876
Skipped Seq from 876 to 879
Skipped Seq from 879 to 881
Skipped Seq from 881 to 884
Skipped Seq from 884 to 907
Skipped Seq from 907 to 916
Skipped Seq from 927 to 930
Skipped Seq from 930 to 938
Skipped Seq from 944 to 949
Skipped Seq from 960 to 964
Skipped Seq from 991 to 1004
Skipped Seq from 1004 to 1012
Skipped Seq from 1012 to 1016
Skipped Seq from 1016 to 1021
Skipped Seq from 1021 to 1023
Skipped Seq from 1023 to 1025
Skipped Seq from 1025 to 1032
Skipped Seq from 1032 to 1040
Skipped Seq from 1040 to 1044
Skipped Seq from 1044 to 1047
Skipped Seq from 1047 to 1051
Skipped Seq from 1051 to 1053
Skipped Seq from 1121 to 1124
Skipped Seq from 1124 to 1129
Skipped Seq from 1136 to 1138
Skipped Seq from 1138 to 1140
Skipped Seq from 1140 to 1142
Skipped Seq from 1142 to 1146
Skipped Seq from 1147 to 1153
Skipped Seq from 1182 to 1186
Skipped Seq from 1186 to 1188
Skipped Seq from 1189 to 1191
Skipped Seq from 1191 to 1196
Skipped Seq from 1196 to 1199
Skipped Seq from 1214 to 1219
Skipped Seq from 1219 to 1229
Skipped Seq from 1229 to 1233
Skipped Seq from 1236 to 1238
Skipped Seq from 1241 to 1244
Skipped Seq from 1245 to 1247
Skipped Seq from 1247 to 1251
Skipped Seq from 1251 to 1254
Skipped Seq from 1267 to 1279
Skipped Seq from 1279 to 1281
Skipped Seq from 1291 to 1297
Skipped Seq from 1297 to 1312
Skipped Seq from 1313 to 1321
Skipped Seq from 1326 to 1330
Skipped Seq from 1331 to 1337
Skipped Seq from 1340 to 1344
Skipped Seq from 1350 to 1352
Skipped Seq from 1352 to 1367
Skipped Seq from 1379 to 1382
Skipped Seq from 1382 to 1386
Skipped Seq from 1387 to 1390
Skipped Seq from 1395 to 1402
Skipped Seq from 1402 to 1411
Skipped Seq from 1431 to 1439
Skipped Seq from 1439 to 1444
Skipped Seq from 1459 to 1461
Skipped Seq from 1462 to 1467
Skipped Seq from 1474 to 1481
Skipped Seq from 1481 to 1484
Skipped Seq from 1490 to 1492
Skipped Seq from 1494 to 1498
Skipped Seq from 1498 to 1500
Skipped Seq from 1512 to 1515
Skipped Seq from 1515 to 1517
Skipped Seq from 1524 to 1534
Skipped Seq from 1538 to 1540
Skipped Seq from 1553 to 1557
Skipped Seq from 1557 to 1559
Skipped Seq from 1560 to 1566
Skipped Seq from 1566 to 1569
Skipped Seq from 1570 to 1572
Skipped Seq from 1572 to 1575
Skipped Seq from 1576 to 1578
Skipped Seq from 1578 to 1580
Skipped Seq from 1581 to 1583
Skipped Seq from 1592 to 1596
Skipped Seq from 1610 to 1614
Skipped Seq from 1617 to 1624
Skipped Seq from 1625 to 1628
Skipped Seq from 1628 to 1632
Skipped Seq from 1632 to 1634
Skipped Seq from 1635 to 1637
Skipped Seq from 1637 to 1640
Skipped Seq from 1640 to 1643
Skipped Seq from 1645 to 1647
Skipped Seq from 1648 to 1650
Skipped Seq from 1650 to 1654
Skipped Seq from 1659 to 1662
Skipped Seq from 1705 to 1726
Skipped Seq from 1730 to 1737
Skipped Seq from 1738 to 1743
Skipped Seq from 1744 to 1752
Skipped Seq from 1752 to 1754
Skipped Seq from 1766 to 1771
Skipped Seq from 1771 to 1783
Skipped Seq from 1791 to 1797
Skipped Seq from 1798 to 1800
Skipped Seq from 1806 to 1812
Skipped Seq from 1824 to 1826
Skipped Seq from 1826 to 1829
Skipped Seq from 1833 to 1840
Skipped Seq from 1840 to 1842
Skipped Seq from 1843 to 1848
Skipped Seq from 1848 to 1850
Skipped Seq from 1850 to 1853
Skipped Seq from 1860 to 1862
Skipped Seq from 1862 to 1870
Skipped Seq from 1870 to 1872
Skipped Seq from 1872 to 1874
Skipped Seq from 1874 to 1877
Skipped Seq from 1877 to 1879
Skipped Seq from 1879 to 1890
Skipped Seq from 1891 to 1894
Skipped Seq from 1896 to 1898
Skipped Seq from 1903 to 1915
Skipped Seq from 1916 to 1919
Skipped Seq from 1920 to 1926
Skipped Seq from 1926 to 1929
Skipped Seq from 1929 to 1933
Skipped Seq from 1934 to 1939
Skipped Seq from 1939 to 1941
Skipped Seq from 1941 to 1943
Skipped Seq from 1943 to 1948
Skipped Seq from 1949 to 1952
Skipped Seq from 1952 to 1955
Skipped Seq from 1955 to 1958
Skipped Seq from 1974 to 1977
Skipped Seq from 1977 to 1980
Skipped Seq from 1980 to 1994
Skipped Seq from 1994 to 1997
Skipped Seq from 2006 to 2015
Skipped Seq from 2015 to 2017
Skipped Seq from 2017 to 2019
Skipped Seq from 2019 to 2021
Skipped Seq from 2021 to 2025
Skipped Seq from 2026 to 2031
Skipped Seq from 2032 to 2034
Skipped Seq from 2034 to 2036
Skipped Seq from 2036 to 2039
Skipped Seq from 2039 to 2061
Skipped Seq from 2061 to 2063
Skipped Seq from 2070 to 2079
Skipped Seq from 2079 to 2083
Skipped Seq from 2083 to 2087
Skipped Seq from 2087 to 2094
Skipped Seq from 2104 to 2106
Skipped Seq from 2107 to 2109
Skipped Seq from 2109 to 2111
Skipped Seq from 2111 to 2113
Skipped Seq from 2113 to 2116
Skipped Seq from 2117 to 2127
Skipped Seq from 2132 to 2137
Skipped Seq from 2140 to 2146
Skipped Seq from 2153 to 2157
Skipped Seq from 2157 to 2162
Skipped Seq from 2162 to 2164
Skipped Seq from 2166 to 2168
Skipped Seq from 2168 to 2170
Skipped Seq from 2173 to 2176
Skipped Seq from 2176 to 2180
Skipped Seq from 2185 to 2196
Skipped Seq from 2200 to 2205
Skipped Seq from 2205 to 2207
Skipped Seq from 2207 to 2212
Skipped Seq from 2212 to 2214
Skipped Seq from 2214 to 2217
Skipped Seq from 2217 to 2221
Skipped Seq from 2232 to 2236
Skipped Seq from 2237 to 2240
Skipped Seq from 2240 to 2242
Skipped Seq from 2244 to 2249
Skipped Seq from 2254 to 2256
Skipped Seq from 2256 to 2266
Skipped Seq from 2271 to 2275
Skipped Seq from 2283 to 2287
Skipped Seq from 2287 to 2297
Skipped Seq from 2304 to 2308
Skipped Seq from 2308 to 2312
Skipped Seq from 2312 to 2316
Skipped Seq from 2320 to 2332
Skipped Seq from 2335 to 2340
Skipped Seq from 2343 to 2348
Skipped Seq from 2348 to 2355
Skipped Seq from 2356 to 2358
Skipped Seq from 2360 to 2363
Skipped Seq from 2363 to 2368
Skipped Seq from 2369 to 2387
Skipped Seq from 2387 to 2390
Skipped Seq from 2390 to 2397
Skipped Seq from 2397 to 2399
Skipped Seq from 2399 to 2401
Skipped Seq from 2401 to 2405
Skipped Seq from 2410 to 2412
Skipped Seq from 2412 to 2414
Skipped Seq from 2417 to 2420
Skipped Seq from 2421 to 2424
Skipped Seq from 2425 to 2427
Skipped Seq from 2427 to 2430
Skipped Seq from 2438 to 2440
Skipped Seq from 2444 to 2447
Skipped Seq from 2460 to 2462
Skipped Seq from 2464 to 2466
Skipped Seq from 2472 to 2475
Skipped Seq from 2477 to 2480
Skipped Seq from 2488 to 2491
Skipped Seq from 2493 to 2496
Skipped Seq from 2509 to 2512
Skipped Seq from 2523 to 2527
Skipped Seq from 2543 to 2547
Skipped Seq from 2547 to 2550
Skipped Seq from 2553 to 2563
Skipped Seq from 2563 to 2565
Skipped Seq from 2582 to 2584
Skipped Seq from 2598 to 2601
Skipped Seq from 2625 to 2627
Skipped Seq from 2627 to 2630
Skipped Seq from 2630 to 2633
Skipped Seq from 2633 to 2635
Skipped Seq from 2638 to 2642
Skipped Seq from 2644 to 2646
Skipped Seq from 2647 to 2650
Skipped Seq from 2652 to 2654
Skipped Seq from 2655 to 2657
Skipped Seq from 2657 to 2659
Skipped Seq from 2685 to 2688
Skipped Seq from 2697 to 2700
Skipped Seq from 2703 to 2705
Skipped Seq from 2705 to 2711
Skipped Seq from 2716 to 2718
Skipped Seq from 2723 to 2726
Skipped Seq from 2734 to 2737
Skipped Seq from 2745 to 2748
Skipped Seq from 2749 to 2752
Skipped Seq from 2752 to 2754
Skipped Seq from 2755 to 2757
Skipped Seq from 2775 to 2777
Skipped Seq from 2781 to 2786
Skipped Seq from 2795 to 2798
Skipped Seq from 2817 to 2819
Skipped Seq from 2822 to 2825
Skipped Seq from 2827 to 2832
Skipped Seq from 2857 to 2862
Skipped Seq from 2867 to 2873
Skipped Seq from 2876 to 2882
Skipped Seq from 2886 to 2888
Skipped Seq from 2891 to 2896
Skipped Seq from 3424 to 3436
Skipped Seq from 3446 to 3499
Skipped Seq from 3538 to 3544
Skipped Seq from 3596 to 3611
Skipped Seq from 3611 to 3643
Number of times throttled: 5
Received: 13240 / 14390 packets
Start time: 1332842435.092010
End time: 1332842455.234828
Duration: 20.142818
