Starting client at 10.0.0.12:1257 with timeout:10
My IP address is 10.0.0.12Skipped Seq from 1 to 26
Recovered out of order packet from 27 to 2
Recovered out of order packet from 27 to 3
Recovered out of order packet from 27 to 4
Recovered out of order packet from 27 to 5
Recovered out of order packet from 27 to 6
Recovered out of order packet from 27 to 7
Recovered out of order packet from 27 to 8
Recovered out of order packet from 27 to 9
Recovered out of order packet from 27 to 10
Recovered out of order packet from 27 to 11
Recovered out of order packet from 27 to 12
Recovered out of order packet from 27 to 13
Recovered out of order packet from 27 to 14
Recovered out of order packet from 27 to 15
Recovered out of order packet from 27 to 16
Recovered out of order packet from 27 to 17
Recovered out of order packet from 27 to 18
Recovered out of order packet from 27 to 19
Recovered out of order packet from 27 to 20
Recovered out of order packet from 27 to 21
Recovered out of order packet from 27 to 22
Recovered out of order packet from 27 to 23
Recovered out of order packet from 27 to 24
Recovered out of order packet from 27 to 25
Skipped Seq from 456 to 464
Skipped Seq from 470 to 484
Skipped Seq from 484 to 504
Skipped Seq from 504 to 540
Skipped Seq from 540 to 549
Skipped Seq from 714 to 731
Skipped Seq from 731 to 742
Skipped Seq from 746 to 760
Skipped Seq from 760 to 778
Skipped Seq from 778 to 785
Skipped Seq from 790 to 800
Skipped Seq from 801 to 808
Skipped Seq from 809 to 819
Skipped Seq from 822 to 825
Skipped Seq from 825 to 829
Skipped Seq from 831 to 836
Skipped Seq from 837 to 840
Skipped Seq from 840 to 846
Skipped Seq from 850 to 860
Skipped Seq from 861 to 864
Skipped Seq from 865 to 868
Skipped Seq from 868 to 870
Skipped Seq from 871 to 878
Skipped Seq from 878 to 881
Skipped Seq from 881 to 884
Skipped Seq from 886 to 889
Skipped Seq from 892 to 896
Skipped Seq from 896 to 898
Skipped Seq from 900 to 905
Skipped Seq from 909 to 921
Skipped Seq from 924 to 926
Skipped Seq from 926 to 943
Skipped Seq from 943 to 955
Skipped Seq from 997 to 1006
Skipped Seq from 1006 to 1024
Skipped Seq from 1024 to 1029
Skipped Seq from 1036 to 1048
Skipped Seq from 1048 to 1067
Skipped Seq from 1067 to 1084
Skipped Seq from 1084 to 1093
Skipped Seq from 1094 to 1112
Skipped Seq from 1123 to 1131
Skipped Seq from 1131 to 1148
Skipped Seq from 1154 to 1157
Skipped Seq from 1157 to 1177
Skipped Seq from 1177 to 1181
Skipped Seq from 1188 to 1196
Skipped Seq from 1196 to 1204
Skipped Seq from 1207 to 1224
Skipped Seq from 1224 to 1232
Skipped Seq from 1269 to 1287
Skipped Seq from 1287 to 1305
Skipped Seq from 1305 to 1323
Skipped Seq from 1323 to 1325
Skipped Seq from 1348 to 1351
Skipped Seq from 1351 to 1369
Skipped Seq from 1369 to 1372
Skipped Seq from 1373 to 1382
Skipped Seq from 1466 to 1487
Skipped Seq from 1487 to 1489
Skipped Seq from 1489 to 1491
Skipped Seq from 1491 to 1493
Skipped Seq from 1493 to 1519
Skipped Seq from 1519 to 1541
Skipped Seq from 1541 to 1570
Skipped Seq from 1570 to 1574
Skipped Seq from 1574 to 1584
Skipped Seq from 1586 to 1589
Skipped Seq from 1589 to 1621
Skipped Seq from 1621 to 1632
Skipped Seq from 1720 to 1722
Skipped Seq from 1722 to 1724
Skipped Seq from 1724 to 1726
Skipped Seq from 1726 to 1728
Skipped Seq from 1728 to 1730
Skipped Seq from 1730 to 1732
Skipped Seq from 1732 to 1734
Skipped Seq from 1742 to 1751
Skipped Seq from 1751 to 1764
Skipped Seq from 2315 to 2322
Skipped Seq from 2377 to 2403
Skipped Seq from 5591 to 5604
Skipped Seq from 5604 to 5606
Skipped Seq from 5625 to 5638
Skipped Seq from 5638 to 5648
Skipped Seq from 5648 to 5681
Skipped Seq from 5683 to 5699
Skipped Seq from 5699 to 5710
Skipped Seq from 5712 to 5768
Skipped Seq from 5770 to 5778
Skipped Seq from 5778 to 5820
Skipped Seq from 5820 to 5847
Skipped Seq from 5861 to 5879
Skipped Seq from 5899 to 5923
Skipped Seq from 5923 to 5955
Skipped Seq from 5955 to 5962
Skipped Seq from 5962 to 5978
Skipped Seq from 5978 to 5988
Skipped Seq from 5998 to 6013
Skipped Seq from 6014 to 6017
Skipped Seq from 6017 to 6035
Skipped Seq from 6035 to 6051
Skipped Seq from 6051 to 6055
Skipped Seq from 6055 to 6059
Skipped Seq from 6059 to 6065
Skipped Seq from 6067 to 6109
Skipped Seq from 6167 to 6181
Skipped Seq from 6280 to 6292
Skipped Seq from 6292 to 6309
Skipped Seq from 6310 to 6313
Skipped Seq from 6317 to 6328
Skipped Seq from 6333 to 6338
Skipped Seq from 6340 to 6350
Skipped Seq from 6352 to 6368
Skipped Seq from 6368 to 6373
Skipped Seq from 6373 to 6385
Skipped Seq from 6386 to 6389
Skipped Seq from 6389 to 6410
Skipped Seq from 6410 to 6419
Skipped Seq from 6420 to 6423
Skipped Seq from 6423 to 6445
Skipped Seq from 6446 to 6460
Skipped Seq from 6463 to 6470
Skipped Seq from 6484 to 6504
Skipped Seq from 6504 to 6541
Skipped Seq from 6541 to 6550
Skipped Seq from 6590 to 6599
Skipped Seq from 6602 to 6609
Skipped Seq from 6612 to 6618
Skipped Seq from 6618 to 6620
Skipped Seq from 6620 to 6623
Skipped Seq from 6624 to 6628
Skipped Seq from 6631 to 6636
Skipped Seq from 6641 to 6666
Skipped Seq from 6667 to 6675
Skipped Seq from 6675 to 6683
Skipped Seq from 6686 to 6692
Skipped Seq from 6693 to 6698
Skipped Seq from 6700 to 6705
Skipped Seq from 6752 to 6764
Skipped Seq from 6767 to 6773
Skipped Seq from 6780 to 6784
Skipped Seq from 6784 to 6789
Skipped Seq from 6795 to 6804
Skipped Seq from 6804 to 6807
Skipped Seq from 6807 to 6809
Skipped Seq from 6809 to 6811
Skipped Seq from 6847 to 6870
Skipped Seq from 6924 to 6933
Skipped Seq from 6933 to 6936
Skipped Seq from 6954 to 6968
Skipped Seq from 6971 to 6978
Skipped Seq from 6978 to 6995
Skipped Seq from 7000 to 7003
Skipped Seq from 7005 to 7040
Skipped Seq from 7047 to 7077
Skipped Seq from 7081 to 7089
Skipped Seq from 7110 to 7122
Skipped Seq from 7131 to 7134
Skipped Seq from 7152 to 7157
Skipped Seq from 7159 to 7195
Skipped Seq from 7203 to 7208
Skipped Seq from 7208 to 7241
Skipped Seq from 7252 to 7266
Skipped Seq from 7268 to 7282
Skipped Seq from 7282 to 7284
Skipped Seq from 7285 to 7287
Skipped Seq from 7288 to 7292
Skipped Seq from 7293 to 7295
Skipped Seq from 7298 to 7312
Skipped Seq from 7316 to 7319
Skipped Seq from 7320 to 7322
Skipped Seq from 7361 to 7367
Skipped Seq from 7372 to 7378
Skipped Seq from 7380 to 7385
Skipped Seq from 7386 to 7389
Skipped Seq from 7389 to 7396
Skipped Seq from 7397 to 7400
Skipped Seq from 7429 to 7440
Skipped Seq from 7444 to 7461
Skipped Seq from 7463 to 7470
Skipped Seq from 7474 to 7480
Skipped Seq from 7480 to 7485
Skipped Seq from 7491 to 7494
Skipped Seq from 7519 to 7526
Skipped Seq from 7526 to 7530
Skipped Seq from 7536 to 7542
Skipped Seq from 7549 to 7552
Skipped Seq from 7553 to 7557
Skipped Seq from 7558 to 7560
Skipped Seq from 7562 to 7574
Skipped Seq from 7575 to 7577
Skipped Seq from 7577 to 7580
Skipped Seq from 7583 to 7593
Skipped Seq from 7593 to 7596
Skipped Seq from 7597 to 7599
Skipped Seq from 7599 to 7601
Skipped Seq from 7604 to 7610
Skipped Seq from 7610 to 7612
Skipped Seq from 7615 to 7620
Skipped Seq from 7620 to 7623
Skipped Seq from 7624 to 7628
Skipped Seq from 7628 to 7630
Skipped Seq from 7630 to 7633
Skipped Seq from 7633 to 7635
Skipped Seq from 7635 to 7637
Skipped Seq from 7638 to 7641
Skipped Seq from 7641 to 7643
Skipped Seq from 7643 to 7665
Skipped Seq from 7666 to 7673
Skipped Seq from 7673 to 7680
Skipped Seq from 7680 to 7699
Skipped Seq from 7707 to 7722
Skipped Seq from 7727 to 7735
Skipped Seq from 7736 to 7742
Skipped Seq from 7746 to 7751
Skipped Seq from 7759 to 7765
Skipped Seq from 7765 to 7770
Skipped Seq from 7770 to 7798
Skipped Seq from 7827 to 7832
Skipped Seq from 7833 to 7835
Skipped Seq from 7835 to 7838
Skipped Seq from 7853 to 7857
Skipped Seq from 7864 to 7868
Skipped Seq from 7868 to 7872
Skipped Seq from 7873 to 7875
Skipped Seq from 7884 to 7889
Skipped Seq from 7891 to 7896
Skipped Seq from 7896 to 7900
Skipped Seq from 7920 to 7923
Skipped Seq from 7925 to 7937
Skipped Seq from 7937 to 7949
Skipped Seq from 7956 to 7962
Skipped Seq from 7962 to 7967
Skipped Seq from 7981 to 7983
Skipped Seq from 7983 to 7986
Skipped Seq from 8003 to 8010
Skipped Seq from 8030 to 8033
Skipped Seq from 8035 to 8039
Skipped Seq from 8039 to 8042
Skipped Seq from 8043 to 8046
Skipped Seq from 8046 to 8048
Skipped Seq from 8059 to 8068
Skipped Seq from 8082 to 8086
Skipped Seq from 8090 to 8097
Skipped Seq from 8097 to 8099
Skipped Seq from 8099 to 8101
Skipped Seq from 8105 to 8111
Skipped Seq from 8115 to 8126
Skipped Seq from 8126 to 8129
Skipped Seq from 8135 to 8145
Skipped Seq from 8145 to 8162
Skipped Seq from 8162 to 8172
Skipped Seq from 8172 to 8187
Skipped Seq from 8188 to 8190
Skipped Seq from 8190 to 8192
Skipped Seq from 8209 to 8230
Skipped Seq from 8263 to 8276
Skipped Seq from 8284 to 8301
Skipped Seq from 8303 to 8309
Skipped Seq from 8309 to 8316
Skipped Seq from 8316 to 8318
Skipped Seq from 8320 to 8328
Skipped Seq from 8331 to 8349
Skipped Seq from 8414 to 8417
Skipped Seq from 8417 to 8423
Skipped Seq from 8480 to 8482
Skipped Seq from 8495 to 8508
Skipped Seq from 8513 to 8515
Skipped Seq from 8560 to 8563
Skipped Seq from 8573 to 8582
Skipped Seq from 13624 to 13632
Skipped Seq from 13632 to 13634
Skipped Seq from 13634 to 13648
Skipped Seq from 13648 to 13650
Skipped Seq from 13668 to 13681
Skipped Seq from 13681 to 13683
Skipped Seq from 13684 to 13688
Skipped Seq from 13688 to 13694
Skipped Seq from 13694 to 13698
Skipped Seq from 13698 to 13707
Skipped Seq from 13707 to 13713
Skipped Seq from 13713 to 13715
Skipped Seq from 13715 to 13722
Skipped Seq from 13722 to 13725
Skipped Seq from 13725 to 13727
Skipped Seq from 13727 to 13730
Skipped Seq from 13758 to 13771
Skipped Seq from 13771 to 13782
Skipped Seq from 13794 to 13797
Skipped Seq from 13800 to 13804
Skipped Seq from 13825 to 13829
Skipped Seq from 13830 to 13833
Skipped Seq from 13834 to 13838
Skipped Seq from 13838 to 13840
Skipped Seq from 13841 to 13850
Skipped Seq from 13850 to 13853
Skipped Seq from 13853 to 13855
Skipped Seq from 13855 to 13858
Skipped Seq from 13858 to 13860
Skipped Seq from 13870 to 13878
Skipped Seq from 13879 to 13893
Skipped Seq from 13893 to 13897
Skipped Seq from 13898 to 13901
Skipped Seq from 13901 to 13905
Skipped Seq from 13905 to 13907
Skipped Seq from 13907 to 13909
Skipped Seq from 13909 to 13928
Skipped Seq from 13928 to 13936
Skipped Seq from 13936 to 13942
Skipped Seq from 13956 to 13972
Skipped Seq from 13972 to 13978
Skipped Seq from 13978 to 13985
Skipped Seq from 13985 to 14000
Skipped Seq from 14000 to 14002
Skipped Seq from 14002 to 14005
Skipped Seq from 14016 to 14025
Skipped Seq from 14025 to 14029
Skipped Seq from 14029 to 14031
Skipped Seq from 14033 to 14038
Skipped Seq from 14049 to 14055
Skipped Seq from 14056 to 14058
Skipped Seq from 14082 to 14084
Skipped Seq from 14084 to 14089
Skipped Seq from 14089 to 14091
Skipped Seq from 14091 to 14095
Skipped Seq from 14095 to 14098
Skipped Seq from 14098 to 14101
Skipped Seq from 14101 to 14105
Skipped Seq from 14105 to 14116
Number of times throttled: 8
Received: 11538 / 14135 packets
Start time: 1332842416.791685
End time: 1332842447.689930
Duration: 30.898245
