Starting client at 10.0.0.17:1289 with timeout:10
My IP address is 10.0.0.17Skipped Seq from 278 to 280
Skipped Seq from 280 to 297
Skipped Seq from 297 to 309
Skipped Seq from 311 to 318
Skipped Seq from 318 to 328
Skipped Seq from 333 to 338
Skipped Seq from 356 to 373
Skipped Seq from 373 to 376
Skipped Seq from 377 to 390
Skipped Seq from 390 to 393
Skipped Seq from 393 to 396
Skipped Seq from 398 to 401
Skipped Seq from 440 to 443
Skipped Seq from 479 to 488
Skipped Seq from 488 to 493
Skipped Seq from 521 to 524
Skipped Seq from 524 to 540
Skipped Seq from 546 to 555
Skipped Seq from 564 to 568
Skipped Seq from 568 to 572
Skipped Seq from 574 to 576
Skipped Seq from 600 to 603
Skipped Seq from 603 to 605
Skipped Seq from 610 to 612
Skipped Seq from 612 to 620
Skipped Seq from 621 to 637
Skipped Seq from 646 to 660
Skipped Seq from 661 to 670
Skipped Seq from 671 to 675
Skipped Seq from 681 to 689
Skipped Seq from 694 to 696
Skipped Seq from 696 to 699
Skipped Seq from 699 to 702
Skipped Seq from 702 to 704
Skipped Seq from 704 to 707
Skipped Seq from 707 to 710
Skipped Seq from 710 to 713
Skipped Seq from 774 to 778
Skipped Seq from 820 to 822
Skipped Seq from 823 to 831
Skipped Seq from 834 to 851
Skipped Seq from 851 to 868
Skipped Seq from 868 to 877
Skipped Seq from 877 to 889
Skipped Seq from 893 to 895
Skipped Seq from 895 to 913
Skipped Seq from 913 to 916
Skipped Seq from 917 to 921
Skipped Seq from 921 to 924
Skipped Seq from 924 to 927
Skipped Seq from 927 to 930
Skipped Seq from 931 to 934
Skipped Seq from 934 to 950
Skipped Seq from 967 to 970
Skipped Seq from 970 to 988
Skipped Seq from 988 to 1008
Skipped Seq from 1008 to 1010
Skipped Seq from 1012 to 1014
Skipped Seq from 1014 to 1017
Skipped Seq from 1017 to 1020
Skipped Seq from 1020 to 1023
Skipped Seq from 1023 to 1026
Skipped Seq from 1028 to 1030
Skipped Seq from 1030 to 1034
Skipped Seq from 1034 to 1037
Skipped Seq from 1037 to 1040
Skipped Seq from 1069 to 1082
Skipped Seq from 1082 to 1110
Skipped Seq from 1146 to 1158
Skipped Seq from 1158 to 1171
Skipped Seq from 1171 to 1176
Skipped Seq from 1176 to 1192
Skipped Seq from 1192 to 1212
Skipped Seq from 1212 to 1214
Skipped Seq from 1215 to 1229
Skipped Seq from 1233 to 1242
Skipped Seq from 1242 to 1260
Skipped Seq from 1260 to 1262
Skipped Seq from 1272 to 1285
Skipped Seq from 1285 to 1301
Skipped Seq from 1301 to 1305
Skipped Seq from 1305 to 1313
Skipped Seq from 1326 to 1341
Skipped Seq from 1341 to 1390
Skipped Seq from 1390 to 1426
Skipped Seq from 1434 to 1459
Skipped Seq from 1459 to 1470
Skipped Seq from 1476 to 1486
Skipped Seq from 1493 to 1497
Skipped Seq from 1497 to 1499
Skipped Seq from 1500 to 1512
Skipped Seq from 1512 to 1516
Skipped Seq from 1550 to 1554
Skipped Seq from 1554 to 1590
Skipped Seq from 1590 to 1608
Skipped Seq from 1609 to 1623
Skipped Seq from 1623 to 1625
Skipped Seq from 1625 to 1627
Skipped Seq from 1672 to 1686
Skipped Seq from 1686 to 1705
Skipped Seq from 1820 to 1841
Skipped Seq from 1841 to 1858
Skipped Seq from 1858 to 1860
Skipped Seq from 2382 to 2389
Skipped Seq from 2410 to 2417
Skipped Seq from 2527 to 2546
Number of times throttled: 3
Received: 12836 / 13701 packets
Start time: 1332844093.658934
End time: 1332844116.815617
Duration: 23.156683
