Starting client at 10.0.0.18:1285 with timeout:10
My IP address is 10.0.0.18Skipped Seq from 1246 to 1250
Skipped Seq from 1259 to 1276
Skipped Seq from 1276 to 1294
Skipped Seq from 1294 to 1312
Skipped Seq from 1312 to 1317
Skipped Seq from 1338 to 1352
Skipped Seq from 1352 to 1367
Skipped Seq from 1367 to 1391
Skipped Seq from 1391 to 1407
Skipped Seq from 1493 to 1509
Skipped Seq from 1527 to 1538
Skipped Seq from 1538 to 1557
Skipped Seq from 1557 to 1577
Skipped Seq from 1598 to 1612
Skipped Seq from 1612 to 1632
Skipped Seq from 1632 to 1640
Skipped Seq from 1651 to 1658
Skipped Seq from 1658 to 1678
Skipped Seq from 1678 to 1695
Skipped Seq from 1695 to 1712
Skipped Seq from 1712 to 1727
Skipped Seq from 1727 to 1746
Skipped Seq from 1747 to 1750
Skipped Seq from 1750 to 1752
Skipped Seq from 1752 to 1754
Skipped Seq from 1754 to 1756
Skipped Seq from 1756 to 1758
Skipped Seq from 1862 to 1864
Skipped Seq from 1864 to 1866
Skipped Seq from 1869 to 1871
Skipped Seq from 1873 to 1888
Skipped Seq from 1889 to 1891
Skipped Seq from 1891 to 1893
Skipped Seq from 1893 to 1895
Skipped Seq from 1895 to 1897
Skipped Seq from 1897 to 1899
Skipped Seq from 1899 to 1901
Skipped Seq from 1904 to 1907
Skipped Seq from 1907 to 1909
Skipped Seq from 1909 to 1911
Skipped Seq from 1911 to 1913
Skipped Seq from 1913 to 1915
Skipped Seq from 1915 to 1917
Skipped Seq from 1917 to 1919
Skipped Seq from 1920 to 1922
Skipped Seq from 1922 to 1924
Skipped Seq from 1924 to 1926
Skipped Seq from 1926 to 1928
Skipped Seq from 1928 to 1939
Skipped Seq from 1939 to 1958
Skipped Seq from 1958 to 1978
Skipped Seq from 1978 to 1995
Skipped Seq from 2000 to 2013
Skipped Seq from 2013 to 2031
Skipped Seq from 2031 to 2049
Skipped Seq from 2090 to 2094
Skipped Seq from 2094 to 2113
Skipped Seq from 2113 to 2130
Skipped Seq from 2134 to 2150
Skipped Seq from 2150 to 2160
Skipped Seq from 2169 to 2180
Skipped Seq from 2180 to 2196
Skipped Seq from 2196 to 2212
Skipped Seq from 2264 to 2271
Skipped Seq from 2271 to 2278
Skipped Seq from 2299 to 2301
Skipped Seq from 2389 to 2404
Skipped Seq from 2404 to 2407
Skipped Seq from 2410 to 2417
Skipped Seq from 2417 to 2437
Skipped Seq from 2437 to 2455
Skipped Seq from 2455 to 2475
Skipped Seq from 2475 to 2495
Skipped Seq from 2495 to 2513
Skipped Seq from 2513 to 2517
Skipped Seq from 2563 to 2578
Skipped Seq from 2578 to 2587
Skipped Seq from 2593 to 2609
Skipped Seq from 2609 to 2626
Skipped Seq from 2626 to 2632
Skipped Seq from 2640 to 2658
Skipped Seq from 2658 to 2680
Skipped Seq from 2687 to 2695
Skipped Seq from 2695 to 2729
Skipped Seq from 2752 to 2757
Skipped Seq from 2757 to 2794
Skipped Seq from 2794 to 2803
Skipped Seq from 2807 to 2816
Skipped Seq from 2816 to 2850
Skipped Seq from 2850 to 2866
Skipped Seq from 2887 to 2902
Skipped Seq from 2902 to 2930
Skipped Seq from 2934 to 2959
Skipped Seq from 2959 to 2998
Skipped Seq from 2998 to 3013
Skipped Seq from 3019 to 3029
Skipped Seq from 3029 to 3055
Skipped Seq from 3055 to 3059
Skipped Seq from 3059 to 3073
Skipped Seq from 3221 to 3225
Skipped Seq from 3246 to 3267
Skipped Seq from 3267 to 3277
Skipped Seq from 3283 to 3291
Skipped Seq from 3291 to 3330
Skipped Seq from 3330 to 3342
Skipped Seq from 3357 to 3370
Skipped Seq from 3375 to 3398
Skipped Seq from 3398 to 3408
Skipped Seq from 3418 to 3442
Skipped Seq from 3442 to 3469
Skipped Seq from 3479 to 3519
Skipped Seq from 3546 to 3557
Skipped Seq from 3568 to 3588
Skipped Seq from 3588 to 3619
Skipped Seq from 3645 to 3652
Skipped Seq from 3652 to 3661
Skipped Seq from 3844 to 3914
Skipped Seq from 3929 to 3991
Skipped Seq from 4023 to 4064
Skipped Seq from 4122 to 4155
Skipped Seq from 4184 to 4260
Skipped Seq from 9466 to 9479
Skipped Seq from 9479 to 9494
Skipped Seq from 9506 to 9567
Skipped Seq from 9567 to 9584
Skipped Seq from 9649 to 9651
Skipped Seq from 9651 to 9659
Skipped Seq from 9659 to 9704
Skipped Seq from 9706 to 9730
Skipped Seq from 9730 to 9741
Skipped Seq from 9747 to 9786
Skipped Seq from 9800 to 9809
Skipped Seq from 9809 to 9813
Skipped Seq from 9923 to 9941
Skipped Seq from 9941 to 9982
Skipped Seq from 9982 to 10027
Skipped Seq from 10028 to 10039
Skipped Seq from 10039 to 10071
Skipped Seq from 10074 to 10121
Skipped Seq from 10121 to 10135
Skipped Seq from 10194 to 10239
Skipped Seq from 10247 to 10274
Skipped Seq from 10274 to 10286
Skipped Seq from 10297 to 10323
Skipped Seq from 10323 to 10334
Skipped Seq from 10366 to 10376
Skipped Seq from 10395 to 10408
Skipped Seq from 10408 to 10430
Skipped Seq from 10487 to 10499
Skipped Seq from 10500 to 10508
Skipped Seq from 10508 to 10528
Skipped Seq from 10532 to 10570
Skipped Seq from 10570 to 10607
Skipped Seq from 10637 to 10641
Skipped Seq from 10641 to 10683
Skipped Seq from 10683 to 10691
Skipped Seq from 10697 to 10717
Skipped Seq from 10717 to 10722
Skipped Seq from 10732 to 10809
Skipped Seq from 10809 to 10816
Skipped Seq from 10829 to 10836
Skipped Seq from 10842 to 10865
Skipped Seq from 10865 to 10878
Skipped Seq from 10885 to 10927
Skipped Seq from 10935 to 10984
Skipped Seq from 10984 to 10989
Skipped Seq from 10992 to 11029
Skipped Seq from 11029 to 11061
Skipped Seq from 11070 to 11109
Skipped Seq from 11109 to 11177
Skipped Seq from 11203 to 11242
Skipped Seq from 11252 to 11285
Skipped Seq from 11285 to 11307
Skipped Seq from 11337 to 11365
Skipped Seq from 11365 to 11376
Skipped Seq from 11389 to 11392
Skipped Seq from 11392 to 11403
Skipped Seq from 11412 to 11451
Skipped Seq from 11451 to 11517
Skipped Seq from 11548 to 11565
Skipped Seq from 11565 to 11604
Skipped Seq from 11604 to 11639
Skipped Seq from 11639 to 11673
Skipped Seq from 11677 to 11686
Skipped Seq from 11686 to 11737
Skipped Seq from 11806 to 11822
Skipped Seq from 11824 to 11853
Skipped Seq from 11854 to 11875
Skipped Seq from 11875 to 11901
Skipped Seq from 11901 to 11929
Skipped Seq from 11929 to 11948
Skipped Seq from 11956 to 11961
Skipped Seq from 11961 to 11980
Skipped Seq from 11980 to 12021
Skipped Seq from 12021 to 12058
Skipped Seq from 12073 to 12097
Skipped Seq from 12101 to 12119
Skipped Seq from 12119 to 12132
Skipped Seq from 12136 to 12146
Skipped Seq from 12146 to 12213
Skipped Seq from 12226 to 12263
Skipped Seq from 12269 to 12286
Skipped Seq from 12287 to 12291
Skipped Seq from 12291 to 12298
Skipped Seq from 12298 to 12300
Skipped Seq from 12300 to 12302
Skipped Seq from 12302 to 12304
Skipped Seq from 12305 to 12333
Skipped Seq from 12334 to 12341
Skipped Seq from 12341 to 12386
Skipped Seq from 12393 to 12417
Skipped Seq from 12418 to 12455
Skipped Seq from 12455 to 12533
Skipped Seq from 12533 to 12543
Skipped Seq from 12545 to 12567
Skipped Seq from 12567 to 12585
Skipped Seq from 12585 to 12634
Skipped Seq from 12635 to 12680
Skipped Seq from 12680 to 12716
Skipped Seq from 12746 to 12762
Skipped Seq from 12768 to 12786
Skipped Seq from 12786 to 12811
Skipped Seq from 12816 to 12901
Skipped Seq from 12907 to 12923
Skipped Seq from 12933 to 12968
Skipped Seq from 12996 to 13008
Skipped Seq from 13009 to 13028
Skipped Seq from 13028 to 13044
Skipped Seq from 13104 to 13112
Skipped Seq from 13112 to 13120
Skipped Seq from 13120 to 13122
Skipped Seq from 13159 to 13181
Skipped Seq from 13220 to 13230
Skipped Seq from 13230 to 13261
Skipped Seq from 13261 to 13269
Skipped Seq from 13269 to 13291
Skipped Seq from 13333 to 13338
Skipped Seq from 13338 to 13342
Skipped Seq from 13358 to 13388
Skipped Seq from 13388 to 13390
Skipped Seq from 13390 to 13392
Skipped Seq from 13397 to 13415
Skipped Seq from 13415 to 13421
Skipped Seq from 13421 to 13423
Skipped Seq from 13428 to 13430
Skipped Seq from 13430 to 13437
Skipped Seq from 13437 to 13443
Skipped Seq from 13443 to 13446
Skipped Seq from 13504 to 13508
Skipped Seq from 13508 to 13540
Skipped Seq from 13540 to 13548
Skipped Seq from 13548 to 13576
Skipped Seq from 13576 to 13595
Skipped Seq from 13622 to 13625
Skipped Seq from 13731 to 13745
Skipped Seq from 13745 to 13763
Skipped Seq from 13763 to 13776
Skipped Seq from 13886 to 13899
Skipped Seq from 14022 to 14038
Skipped Seq from 14105 to 14231
Skipped Seq from 18853 to 18891
Skipped Seq from 18907 to 18944
Skipped Seq from 18955 to 18988
Skipped Seq from 18988 to 19021
Skipped Seq from 19021 to 19067
Skipped Seq from 19067 to 19087
Skipped Seq from 19130 to 19158
Skipped Seq from 19158 to 19173
Skipped Seq from 19173 to 19242
Skipped Seq from 19293 to 19317
Skipped Seq from 19317 to 19378
Skipped Seq from 19378 to 19428
Skipped Seq from 19448 to 19459
Skipped Seq from 19463 to 19465
Skipped Seq from 19465 to 19468
Skipped Seq from 19476 to 19498
Skipped Seq from 19535 to 19599
Skipped Seq from 19607 to 19626
Skipped Seq from 19626 to 19633
Skipped Seq from 19673 to 19679
Skipped Seq from 19679 to 19682
Skipped Seq from 19688 to 19694
Skipped Seq from 19694 to 19701
Skipped Seq from 19701 to 19708
Skipped Seq from 19711 to 19732
Skipped Seq from 19737 to 19768
Skipped Seq from 19774 to 19833
Skipped Seq from 19833 to 19873
Skipped Seq from 19879 to 19934
Skipped Seq from 19934 to 19975
Skipped Seq from 19976 to 19979
Skipped Seq from 19979 to 20005
Skipped Seq from 20010 to 20061
Skipped Seq from 20061 to 20103
Skipped Seq from 20103 to 20138
Skipped Seq from 20145 to 20156
Skipped Seq from 20156 to 20169
Skipped Seq from 20230 to 20253
Skipped Seq from 20253 to 20273
Skipped Seq from 20278 to 20301
Skipped Seq from 20305 to 20313
Skipped Seq from 20313 to 20353
Skipped Seq from 20366 to 20371
Skipped Seq from 20373 to 20404
Skipped Seq from 20405 to 20436
Skipped Seq from 20499 to 20532
Skipped Seq from 20533 to 20556
Skipped Seq from 20556 to 20575
Skipped Seq from 20597 to 20611
Skipped Seq from 20611 to 20618
Skipped Seq from 20680 to 20702
Skipped Seq from 20705 to 20722
Skipped Seq from 20722 to 20739
Skipped Seq from 20793 to 20806
Skipped Seq from 20806 to 20816
Skipped Seq from 20816 to 20830
Skipped Seq from 20921 to 20928
Skipped Seq from 20928 to 20935
Skipped Seq from 26819 to 26854
Skipped Seq from 26854 to 26861
Skipped Seq from 26887 to 26906
Skipped Seq from 26906 to 26913
Skipped Seq from 26924 to 26940
Skipped Seq from 26940 to 26951
Skipped Seq from 26963 to 26967
Skipped Seq from 26993 to 27027
Skipped Seq from 27027 to 27040
Skipped Seq from 27040 to 27076
Skipped Seq from 27076 to 27102
Skipped Seq from 27237 to 27242
Skipped Seq from 27260 to 27279
Skipped Seq from 27279 to 27342
Skipped Seq from 27351 to 27353
Skipped Seq from 27353 to 27359
Skipped Seq from 27359 to 27385
Skipped Seq from 27407 to 27429
Skipped Seq from 27525 to 27529
Skipped Seq from 27529 to 27579
Skipped Seq from 27579 to 27588
Skipped Seq from 27590 to 27623
Skipped Seq from 27631 to 27642
Skipped Seq from 27642 to 27651
Skipped Seq from 27651 to 27667
Skipped Seq from 27667 to 27669
Skipped Seq from 27673 to 27681
Skipped Seq from 27681 to 27690
Skipped Seq from 27690 to 27716
Skipped Seq from 27716 to 27767
Skipped Seq from 27767 to 27781
Skipped Seq from 27815 to 27820
Skipped Seq from 27822 to 27847
Skipped Seq from 27874 to 27900
Skipped Seq from 27900 to 27942
Skipped Seq from 27944 to 27993
Skipped Seq from 28054 to 28060
Skipped Seq from 28060 to 28066
Skipped Seq from 28066 to 28101
Skipped Seq from 28101 to 28109
Skipped Seq from 28109 to 28143
Skipped Seq from 28143 to 28148
Skipped Seq from 28148 to 28156
Skipped Seq from 28199 to 28228
Skipped Seq from 28269 to 28329
Skipped Seq from 28329 to 28392
Skipped Seq from 28392 to 28401
Skipped Seq from 28401 to 28406
Skipped Seq from 28406 to 28450
Skipped Seq from 28450 to 28455
Skipped Seq from 28461 to 28479
Skipped Seq from 28479 to 28482
Skipped Seq from 28483 to 28491
Skipped Seq from 28491 to 28503
Skipped Seq from 28503 to 28510
Skipped Seq from 28511 to 28566
Skipped Seq from 28566 to 28621
Skipped Seq from 28621 to 28677
Skipped Seq from 28677 to 28734
Skipped Seq from 28736 to 28758
Skipped Seq from 28761 to 28764
Skipped Seq from 28766 to 28771
Skipped Seq from 28771 to 28782
Skipped Seq from 28784 to 28789
Skipped Seq from 28789 to 28791
Skipped Seq from 28792 to 28830
Skipped Seq from 28873 to 28903
Skipped Seq from 28903 to 28914
Skipped Seq from 28914 to 28963
Skipped Seq from 28963 to 29001
Skipped Seq from 29017 to 29103
Skipped Seq from 29103 to 29121
Skipped Seq from 29121 to 29147
Skipped Seq from 29147 to 29187
Skipped Seq from 29187 to 29192
Skipped Seq from 29192 to 29194
Skipped Seq from 29194 to 29238
Skipped Seq from 29245 to 29252
Skipped Seq from 29252 to 29264
Skipped Seq from 29264 to 29310
Skipped Seq from 29310 to 29410
Skipped Seq from 29410 to 29415
Skipped Seq from 29445 to 29450
Skipped Seq from 29450 to 29507
Skipped Seq from 29507 to 29512
Skipped Seq from 29521 to 29523
Skipped Seq from 29523 to 29542
Skipped Seq from 29544 to 29561
Skipped Seq from 29561 to 29570
Skipped Seq from 29579 to 29621
Skipped Seq from 29621 to 29639
Skipped Seq from 29641 to 29657
Skipped Seq from 29657 to 29682
Skipped Seq from 29682 to 29727
Skipped Seq from 29734 to 29737
Skipped Seq from 29738 to 29755
Skipped Seq from 29761 to 29794
Skipped Seq from 29794 to 29798
Skipped Seq from 29828 to 29836
Skipped Seq from 29836 to 29853
Skipped Seq from 29859 to 29862
Skipped Seq from 29874 to 29890
Skipped Seq from 29890 to 29912
Skipped Seq from 29912 to 29915
Skipped Seq from 29915 to 29942
Skipped Seq from 29942 to 29947
Skipped Seq from 29947 to 29952
Skipped Seq from 29952 to 29957
Skipped Seq from 29957 to 29961
Skipped Seq from 29961 to 29966
Skipped Seq from 30116 to 30128
Skipped Seq from 30128 to 30138
Skipped Seq from 30138 to 30143
Skipped Seq from 35049 to 35059
Skipped Seq from 35066 to 35087
Skipped Seq from 35087 to 35091
Skipped Seq from 35114 to 35120
Skipped Seq from 35120 to 35132
Skipped Seq from 35132 to 35142
Skipped Seq from 35142 to 35146
Skipped Seq from 35146 to 35165
Skipped Seq from 35165 to 35178
Skipped Seq from 35188 to 35206
Skipped Seq from 35263 to 35280
Skipped Seq from 35280 to 35312
Skipped Seq from 35316 to 35322
Skipped Seq from 35349 to 35355
Skipped Seq from 35356 to 35358
Skipped Seq from 35358 to 35374
Skipped Seq from 35374 to 35382
Skipped Seq from 35382 to 35386
Skipped Seq from 35387 to 35390
Skipped Seq from 35395 to 35400
Skipped Seq from 35400 to 35402
Skipped Seq from 35407 to 35412
Skipped Seq from 35412 to 35417
Skipped Seq from 35418 to 35420
Skipped Seq from 35421 to 35423
Skipped Seq from 35424 to 35435
Skipped Seq from 35445 to 35449
Skipped Seq from 35449 to 35455
Skipped Seq from 35468 to 35507
Skipped Seq from 35510 to 35524
Skipped Seq from 35525 to 35533
Skipped Seq from 35533 to 35535
Skipped Seq from 35543 to 35545
Skipped Seq from 35546 to 35548
Skipped Seq from 35548 to 35554
Skipped Seq from 35556 to 35559
Skipped Seq from 35565 to 35583
Skipped Seq from 35585 to 35589
Skipped Seq from 35589 to 35599
Skipped Seq from 35601 to 35606
Skipped Seq from 35608 to 35610
Skipped Seq from 35623 to 35632
Skipped Seq from 35642 to 35647
Skipped Seq from 35647 to 35653
Skipped Seq from 35653 to 35666
Skipped Seq from 35673 to 35676
Skipped Seq from 35676 to 35679
Skipped Seq from 35700 to 35706
Skipped Seq from 35706 to 35712
Skipped Seq from 35712 to 35732
Skipped Seq from 35737 to 35774
Skipped Seq from 35776 to 35782
Skipped Seq from 35783 to 35787
Skipped Seq from 35799 to 35801
Skipped Seq from 35801 to 35804
Skipped Seq from 35804 to 35815
Skipped Seq from 35815 to 35818
Skipped Seq from 35818 to 35822
Skipped Seq from 35829 to 35833
Skipped Seq from 35833 to 35836
Skipped Seq from 35836 to 35855
Skipped Seq from 35872 to 35875
Skipped Seq from 35875 to 35880
Skipped Seq from 35880 to 35886
Skipped Seq from 35907 to 35929
Skipped Seq from 35929 to 35933
Skipped Seq from 35938 to 35940
Skipped Seq from 35949 to 35962
Skipped Seq from 35962 to 35964
Skipped Seq from 35964 to 35972
Skipped Seq from 35972 to 35976
Skipped Seq from 35996 to 36007
Skipped Seq from 36008 to 36027
Skipped Seq from 36027 to 36045
Skipped Seq from 36045 to 36054
Skipped Seq from 36060 to 36068
Skipped Seq from 36068 to 36072
Skipped Seq from 36072 to 36074
Skipped Seq from 36074 to 36084
Skipped Seq from 36084 to 36095
Skipped Seq from 36105 to 36114
Skipped Seq from 36126 to 36132
Skipped Seq from 36132 to 36150
Skipped Seq from 36158 to 36160
Skipped Seq from 36160 to 36173
Skipped Seq from 36173 to 36188
Skipped Seq from 36188 to 36202
Skipped Seq from 36204 to 36206
Skipped Seq from 36210 to 36230
Skipped Seq from 36253 to 36255
Skipped Seq from 36258 to 36266
Skipped Seq from 36279 to 36285
Skipped Seq from 36285 to 36324
Skipped Seq from 36327 to 36334
Skipped Seq from 36336 to 36348
Skipped Seq from 36348 to 36351
Skipped Seq from 36353 to 36366
Skipped Seq from 36371 to 36379
Skipped Seq from 36380 to 36394
Skipped Seq from 36394 to 36398
Skipped Seq from 36399 to 36407
Skipped Seq from 36415 to 36417
Skipped Seq from 36422 to 36437
Skipped Seq from 36442 to 36451
Skipped Seq from 36451 to 36455
Skipped Seq from 36455 to 36463
Skipped Seq from 36463 to 36472
Skipped Seq from 36474 to 36478
Skipped Seq from 36484 to 36496
Skipped Seq from 36499 to 36509
Skipped Seq from 36509 to 36513
Skipped Seq from 36524 to 36532
Skipped Seq from 36532 to 36554
Skipped Seq from 36555 to 36565
Skipped Seq from 36565 to 36568
Skipped Seq from 36571 to 36577
Skipped Seq from 36577 to 36580
Skipped Seq from 36581 to 36585
Skipped Seq from 36593 to 36599
Skipped Seq from 36601 to 36612
Skipped Seq from 36616 to 36618
Skipped Seq from 36618 to 36621
Skipped Seq from 36622 to 36625
Skipped Seq from 36625 to 36628
Skipped Seq from 36628 to 36633
Skipped Seq from 36638 to 36648
Skipped Seq from 36671 to 36682
Skipped Seq from 36683 to 36695
Skipped Seq from 36695 to 36703
Skipped Seq from 36703 to 36715
Skipped Seq from 36727 to 36734
Skipped Seq from 36734 to 36741
Skipped Seq from 36748 to 36759
Skipped Seq from 36763 to 36765
Skipped Seq from 36765 to 36773
Skipped Seq from 36783 to 36786
Skipped Seq from 36809 to 36815
Skipped Seq from 36831 to 36837
Skipped Seq from 36855 to 36859
Skipped Seq from 36888 to 36890
Skipped Seq from 36922 to 36926
Skipped Seq from 36926 to 36937
Skipped Seq from 36937 to 36939
Skipped Seq from 36939 to 36942
Skipped Seq from 36942 to 36946
Skipped Seq from 36963 to 36968
Skipped Seq from 36968 to 36974
Skipped Seq from 36983 to 36985
Skipped Seq from 36990 to 36995
Skipped Seq from 36995 to 37000
Skipped Seq from 37016 to 37022
Skipped Seq from 37022 to 37028
Skipped Seq from 37033 to 37041
Skipped Seq from 37041 to 37045
Skipped Seq from 37057 to 37069
Skipped Seq from 37078 to 37083
Skipped Seq from 37092 to 37096
Skipped Seq from 37096 to 37101
Skipped Seq from 37101 to 37112
Skipped Seq from 37122 to 37126
Skipped Seq from 37178 to 37189
Skipped Seq from 37389 to 37393
Skipped Seq from 37394 to 37396
Skipped Seq from 40297 to 40312
Skipped Seq from 40312 to 40319
Skipped Seq from 40334 to 40397
Skipped Seq from 40397 to 40401
Skipped Seq from 40401 to 40404
Skipped Seq from 40431 to 40447
Skipped Seq from 40447 to 40467
Skipped Seq from 40467 to 40478
Skipped Seq from 40478 to 40487
Skipped Seq from 40487 to 40504
Skipped Seq from 40505 to 40510
Skipped Seq from 40528 to 40530
Skipped Seq from 40530 to 40544
Skipped Seq from 40544 to 40546
Skipped Seq from 40546 to 40553
Skipped Seq from 40553 to 40555
Skipped Seq from 40559 to 40563
Skipped Seq from 40563 to 40576
Skipped Seq from 40576 to 40592
Skipped Seq from 40597 to 40612
Skipped Seq from 40614 to 40627
Skipped Seq from 40627 to 40630
Skipped Seq from 40630 to 40632
Skipped Seq from 40632 to 40642
Skipped Seq from 40644 to 40648
Skipped Seq from 40649 to 40651
Skipped Seq from 40651 to 40653
Skipped Seq from 40669 to 40688
Skipped Seq from 40688 to 40690
Skipped Seq from 40690 to 40701
Skipped Seq from 40709 to 40714
Skipped Seq from 40714 to 40718
Skipped Seq from 40718 to 40720
Skipped Seq from 40720 to 40729
Skipped Seq from 40740 to 40747
Skipped Seq from 40747 to 40750
Skipped Seq from 40750 to 40753
Skipped Seq from 40753 to 40755
Skipped Seq from 40755 to 40762
Skipped Seq from 40762 to 40769
Skipped Seq from 40780 to 40801
Skipped Seq from 40801 to 40806
Skipped Seq from 40807 to 40820
Skipped Seq from 40828 to 40831
Skipped Seq from 40832 to 40849
Skipped Seq from 40854 to 40863
Skipped Seq from 40863 to 40868
Skipped Seq from 40868 to 40876
Skipped Seq from 40876 to 40878
Skipped Seq from 40878 to 40887
Skipped Seq from 40898 to 40918
Skipped Seq from 40922 to 40924
Skipped Seq from 40924 to 40930
Skipped Seq from 40936 to 40943
Skipped Seq from 40943 to 40946
Skipped Seq from 40949 to 40958
Skipped Seq from 40963 to 40973
Skipped Seq from 40973 to 40976
Skipped Seq from 40976 to 40978
Skipped Seq from 40983 to 40985
Skipped Seq from 40986 to 40991
Skipped Seq from 40991 to 41001
Skipped Seq from 41001 to 41003
Skipped Seq from 41005 to 41015
Skipped Seq from 41022 to 41031
Skipped Seq from 41031 to 41034
Skipped Seq from 41034 to 41036
Skipped Seq from 41036 to 41041
Skipped Seq from 41041 to 41043
Skipped Seq from 41050 to 41057
Skipped Seq from 41057 to 41069
Skipped Seq from 41069 to 41072
Skipped Seq from 41072 to 41074
Skipped Seq from 41074 to 41077
Skipped Seq from 41083 to 41088
Skipped Seq from 41088 to 41092
Skipped Seq from 41092 to 41098
Skipped Seq from 41098 to 41103
Skipped Seq from 41114 to 41116
Skipped Seq from 41119 to 41126
Skipped Seq from 41126 to 41129
Skipped Seq from 41129 to 41134
Skipped Seq from 41134 to 41137
Skipped Seq from 41140 to 41148
Skipped Seq from 41148 to 41152
Skipped Seq from 41152 to 41154
Skipped Seq from 41154 to 41158
Skipped Seq from 41159 to 41163
Skipped Seq from 41163 to 41167
Skipped Seq from 41168 to 41171
Skipped Seq from 41171 to 41182
Skipped Seq from 41182 to 41185
Skipped Seq from 41185 to 41187
Skipped Seq from 41187 to 41198
Skipped Seq from 41198 to 41209
Skipped Seq from 41209 to 41213
Skipped Seq from 41213 to 41215
Skipped Seq from 41221 to 41224
Skipped Seq from 41225 to 41232
Skipped Seq from 41235 to 41262
Skipped Seq from 41263 to 41346
Skipped Seq from 41356 to 41377
Skipped Seq from 41377 to 41399
Skipped Seq from 41399 to 41412
Skipped Seq from 41412 to 41415
Skipped Seq from 41415 to 41424
Skipped Seq from 41424 to 41431
Skipped Seq from 41434 to 41437
Skipped Seq from 41437 to 41453
Skipped Seq from 41455 to 41461
Skipped Seq from 41462 to 41464
Skipped Seq from 41465 to 41473
Skipped Seq from 41473 to 41478
Skipped Seq from 41479 to 41481
Skipped Seq from 41488 to 41494
Skipped Seq from 41494 to 41506
Skipped Seq from 41513 to 41541
Skipped Seq from 41543 to 41561
Skipped Seq from 41562 to 41570
Skipped Seq from 41570 to 41578
Skipped Seq from 41578 to 41586
Skipped Seq from 41586 to 41591
Skipped Seq from 41598 to 41600
Skipped Seq from 41600 to 41613
Skipped Seq from 41613 to 41615
Skipped Seq from 41619 to 41624
Skipped Seq from 41624 to 41629
Skipped Seq from 41635 to 41648
Skipped Seq from 41648 to 41660
Skipped Seq from 41664 to 41676
Skipped Seq from 41676 to 41683
Skipped Seq from 41683 to 41687
Skipped Seq from 41688 to 41692
Skipped Seq from 41693 to 41701
Skipped Seq from 41701 to 41709
Skipped Seq from 41715 to 41720
Skipped Seq from 41723 to 41749
Skipped Seq from 41753 to 41757
Skipped Seq from 41765 to 41773
Skipped Seq from 41773 to 41802
Skipped Seq from 41804 to 41812
Skipped Seq from 41815 to 41818
Skipped Seq from 41821 to 41852
Skipped Seq from 41893 to 41899
Skipped Seq from 41905 to 41910
Skipped Seq from 41910 to 41921
Skipped Seq from 41921 to 41934
Skipped Seq from 41934 to 41955
Skipped Seq from 41955 to 41957
Skipped Seq from 41963 to 41978
Skipped Seq from 41978 to 41981
Skipped Seq from 41981 to 41984
Skipped Seq from 41987 to 42002
Skipped Seq from 42009 to 42017
Skipped Seq from 42017 to 42039
Skipped Seq from 42039 to 42041
Skipped Seq from 42049 to 42052
Skipped Seq from 42052 to 42054
Skipped Seq from 42054 to 42056
Skipped Seq from 42058 to 42062
Skipped Seq from 42117 to 42132
Skipped Seq from 42185 to 42190
Skipped Seq from 42190 to 42210
Skipped Seq from 42243 to 42253
Skipped Seq from 42253 to 42270
Skipped Seq from 42283 to 42286
Skipped Seq from 42286 to 42293
Skipped Seq from 42296 to 42302
Skipped Seq from 42302 to 42310
Skipped Seq from 42310 to 42312
Skipped Seq from 42312 to 42322
Skipped Seq from 42329 to 42334
Skipped Seq from 42335 to 42338
Skipped Seq from 42338 to 42340
Skipped Seq from 42359 to 42366
Skipped Seq from 42374 to 42392
Skipped Seq from 42392 to 42405
Skipped Seq from 42405 to 42415
Skipped Seq from 42416 to 42424
Skipped Seq from 42424 to 42431
Skipped Seq from 42437 to 42443
Skipped Seq from 42460 to 42462
Skipped Seq from 42462 to 42465
Skipped Seq from 42465 to 42467
Number of times throttled: 23
Received: 37254 / 48208 packets
Start time: 1332844207.759509
End time: 1332844275.841482
Duration: 68.081973
