Starting client at 10.0.0.10:1279 with timeout:10
My IP address is 10.0.0.10Skipped Seq from 868 to 871
Skipped Seq from 872 to 877
Skipped Seq from 879 to 882
Skipped Seq from 882 to 885
Skipped Seq from 916 to 936
Skipped Seq from 936 to 945
Skipped Seq from 945 to 952
Skipped Seq from 952 to 962
Skipped Seq from 965 to 971
Skipped Seq from 971 to 982
Skipped Seq from 983 to 987
Skipped Seq from 988 to 990
Skipped Seq from 990 to 993
Skipped Seq from 994 to 997
Skipped Seq from 997 to 999
Skipped Seq from 1000 to 1004
Skipped Seq from 1006 to 1016
Skipped Seq from 1020 to 1027
Skipped Seq from 1028 to 1031
Skipped Seq from 1035 to 1037
Skipped Seq from 1048 to 1052
Skipped Seq from 1052 to 1055
Skipped Seq from 1057 to 1059
Skipped Seq from 1062 to 1067
Skipped Seq from 1067 to 1084
Skipped Seq from 1084 to 1088
Skipped Seq from 1126 to 1128
Skipped Seq from 1132 to 1140
Skipped Seq from 1140 to 1144
Skipped Seq from 1148 to 1156
Skipped Seq from 1156 to 1174
Skipped Seq from 1202 to 1205
Skipped Seq from 1205 to 1223
Skipped Seq from 1229 to 1237
Skipped Seq from 1237 to 1255
Skipped Seq from 1255 to 1259
Skipped Seq from 1263 to 1273
Skipped Seq from 1276 to 1282
Skipped Seq from 1282 to 1287
Skipped Seq from 1288 to 1290
Skipped Seq from 1297 to 1305
Skipped Seq from 1314 to 1319
Skipped Seq from 1335 to 1352
Skipped Seq from 1386 to 1397
Skipped Seq from 1399 to 1410
Skipped Seq from 1410 to 1415
Skipped Seq from 1415 to 1421
Skipped Seq from 1426 to 1433
Skipped Seq from 1433 to 1448
Skipped Seq from 1448 to 1457
Skipped Seq from 1474 to 1489
Skipped Seq from 1489 to 1516
Skipped Seq from 1516 to 1534
Skipped Seq from 1534 to 1536
Skipped Seq from 1538 to 1540
Skipped Seq from 1540 to 1542
Skipped Seq from 1542 to 1544
Skipped Seq from 1544 to 1547
Skipped Seq from 1548 to 1565
Skipped Seq from 1571 to 1581
Skipped Seq from 1581 to 1583
Skipped Seq from 1583 to 1585
Skipped Seq from 1585 to 1593
Skipped Seq from 1594 to 1597
Skipped Seq from 1598 to 1602
Skipped Seq from 1602 to 1604
Skipped Seq from 1604 to 1607
Skipped Seq from 1617 to 1619
Skipped Seq from 1619 to 1623
Skipped Seq from 1626 to 1628
Skipped Seq from 1628 to 1639
Skipped Seq from 1645 to 1656
Skipped Seq from 1657 to 1659
Skipped Seq from 1660 to 1663
Skipped Seq from 1663 to 1668
Skipped Seq from 1670 to 1673
Skipped Seq from 1685 to 1688
Skipped Seq from 1700 to 1706
Skipped Seq from 1711 to 1714
Skipped Seq from 1714 to 1722
Skipped Seq from 1724 to 1729
Skipped Seq from 1730 to 1734
Skipped Seq from 1735 to 1738
Skipped Seq from 1738 to 1742
Skipped Seq from 1751 to 1754
Skipped Seq from 1754 to 1756
Skipped Seq from 1757 to 1761
Skipped Seq from 1762 to 1766
Skipped Seq from 1767 to 1778
Skipped Seq from 1784 to 1790
Skipped Seq from 1790 to 1794
Skipped Seq from 1795 to 1803
Skipped Seq from 1803 to 1813
Skipped Seq from 1813 to 1819
Skipped Seq from 1841 to 1847
Skipped Seq from 1847 to 1852
Skipped Seq from 1852 to 1854
Skipped Seq from 1857 to 1862
Skipped Seq from 1863 to 1865
Skipped Seq from 1865 to 1868
Skipped Seq from 1868 to 1870
Skipped Seq from 1870 to 1874
Skipped Seq from 1874 to 1877
Skipped Seq from 1877 to 1880
Skipped Seq from 1887 to 1892
Skipped Seq from 1893 to 1896
Skipped Seq from 1896 to 1900
Skipped Seq from 1906 to 1908
Skipped Seq from 1908 to 1910
Skipped Seq from 1910 to 1912
Skipped Seq from 1912 to 1914
Skipped Seq from 1916 to 1923
Skipped Seq from 1924 to 1928
Skipped Seq from 1944 to 1951
Skipped Seq from 1952 to 1954
Skipped Seq from 1954 to 1956
Skipped Seq from 1956 to 1960
Skipped Seq from 1960 to 1965
Skipped Seq from 1966 to 1969
Skipped Seq from 1978 to 1983
Skipped Seq from 1983 to 1985
Skipped Seq from 1988 to 1992
Skipped Seq from 1992 to 1999
Skipped Seq from 1999 to 2001
Skipped Seq from 2008 to 2015
Skipped Seq from 2017 to 2022
Skipped Seq from 2022 to 2026
Skipped Seq from 2026 to 2028
Skipped Seq from 2031 to 2035
Skipped Seq from 2035 to 2037
Skipped Seq from 2037 to 2042
Skipped Seq from 2048 to 2050
Skipped Seq from 2051 to 2056
Skipped Seq from 2056 to 2062
Skipped Seq from 2067 to 2070
Skipped Seq from 2071 to 2074
Skipped Seq from 2076 to 2081
Skipped Seq from 2081 to 2085
Skipped Seq from 2090 to 2092
Skipped Seq from 2093 to 2095
Skipped Seq from 2095 to 2098
Skipped Seq from 2098 to 2100
Skipped Seq from 2100 to 2102
Skipped Seq from 2109 to 2119
Skipped Seq from 2119 to 2128
Skipped Seq from 2128 to 2132
Skipped Seq from 2132 to 2139
Skipped Seq from 2140 to 2143
Skipped Seq from 2143 to 2149
Skipped Seq from 2151 to 2161
Skipped Seq from 2161 to 2173
Skipped Seq from 2173 to 2179
Skipped Seq from 2179 to 2188
Skipped Seq from 2189 to 2194
Skipped Seq from 2194 to 2200
Skipped Seq from 2200 to 2207
Skipped Seq from 2208 to 2212
Skipped Seq from 2213 to 2216
Skipped Seq from 2216 to 2219
Skipped Seq from 2219 to 2222
Skipped Seq from 2230 to 2238
Skipped Seq from 2238 to 2240
Skipped Seq from 2241 to 2244
Skipped Seq from 2244 to 2247
Skipped Seq from 2259 to 2274
Skipped Seq from 2274 to 2276
Skipped Seq from 2276 to 2280
Skipped Seq from 2282 to 2289
Skipped Seq from 2289 to 2296
Skipped Seq from 2296 to 2301
Skipped Seq from 2301 to 2303
Skipped Seq from 2305 to 2312
Skipped Seq from 2312 to 2314
Skipped Seq from 2314 to 2319
Skipped Seq from 2320 to 2322
Skipped Seq from 2332 to 2335
Skipped Seq from 2335 to 2340
Skipped Seq from 2344 to 2347
Skipped Seq from 2347 to 2352
Skipped Seq from 2352 to 2354
Skipped Seq from 2354 to 2356
Skipped Seq from 2356 to 2359
Skipped Seq from 2360 to 2363
Skipped Seq from 2366 to 2371
Skipped Seq from 2371 to 2375
Skipped Seq from 2375 to 2381
Skipped Seq from 2383 to 2392
Skipped Seq from 2405 to 2411
Skipped Seq from 2428 to 2434
Skipped Seq from 2434 to 2446
Skipped Seq from 2446 to 2450
Skipped Seq from 2451 to 2457
Skipped Seq from 2460 to 2463
Skipped Seq from 2472 to 2474
Skipped Seq from 2475 to 2482
Skipped Seq from 2489 to 2493
Skipped Seq from 2495 to 2498
Skipped Seq from 2498 to 2501
Skipped Seq from 2501 to 2503
Skipped Seq from 2504 to 2506
Skipped Seq from 2510 to 2515
Skipped Seq from 2515 to 2519
Skipped Seq from 2521 to 2525
Skipped Seq from 2525 to 2538
Skipped Seq from 2540 to 2543
Skipped Seq from 2545 to 2562
Skipped Seq from 2562 to 2566
Skipped Seq from 2567 to 2572
Skipped Seq from 2573 to 2576
Skipped Seq from 2577 to 2582
Skipped Seq from 2582 to 2584
Skipped Seq from 2584 to 2586
Skipped Seq from 2600 to 2603
Skipped Seq from 2603 to 2609
Skipped Seq from 2609 to 2611
Skipped Seq from 2611 to 2615
Skipped Seq from 2615 to 2621
Skipped Seq from 2624 to 2629
Skipped Seq from 2629 to 2634
Skipped Seq from 2636 to 2638
Skipped Seq from 2638 to 2651
Skipped Seq from 2658 to 2661
Skipped Seq from 2662 to 2664
Skipped Seq from 2664 to 2666
Skipped Seq from 2667 to 2670
Skipped Seq from 2671 to 2675
Skipped Seq from 2677 to 2685
Skipped Seq from 2695 to 2701
Skipped Seq from 2711 to 2722
Skipped Seq from 2723 to 2739
Skipped Seq from 2739 to 2741
Skipped Seq from 2744 to 2762
Skipped Seq from 2763 to 2778
Skipped Seq from 2778 to 2780
Skipped Seq from 2780 to 2784
Skipped Seq from 2788 to 2793
Skipped Seq from 2799 to 2801
Skipped Seq from 2801 to 2803
Skipped Seq from 2811 to 2823
Skipped Seq from 2826 to 2833
Skipped Seq from 2833 to 2836
Skipped Seq from 2837 to 2840
Skipped Seq from 2840 to 2843
Skipped Seq from 2843 to 2845
Skipped Seq from 2845 to 2848
Skipped Seq from 2849 to 2858
Skipped Seq from 2858 to 2861
Skipped Seq from 2861 to 2864
Skipped Seq from 2864 to 2867
Skipped Seq from 2867 to 2870
Skipped Seq from 2870 to 2872
Skipped Seq from 2873 to 2875
Skipped Seq from 2875 to 2889
Skipped Seq from 2889 to 2898
Skipped Seq from 2898 to 2900
Skipped Seq from 2900 to 2912
Skipped Seq from 2913 to 2916
Skipped Seq from 2916 to 2921
Skipped Seq from 2925 to 2944
Skipped Seq from 2944 to 2946
Skipped Seq from 2946 to 2963
Skipped Seq from 2966 to 2973
Skipped Seq from 2974 to 2976
Skipped Seq from 2976 to 2985
Skipped Seq from 2985 to 3000
Skipped Seq from 3012 to 3015
Skipped Seq from 3015 to 3022
Skipped Seq from 3022 to 3030
Skipped Seq from 3030 to 3041
Skipped Seq from 3043 to 3048
Skipped Seq from 3048 to 3053
Skipped Seq from 3056 to 3063
Skipped Seq from 3063 to 3065
Skipped Seq from 3065 to 3076
Skipped Seq from 3076 to 3078
Skipped Seq from 3083 to 3092
Skipped Seq from 3092 to 3097
Skipped Seq from 3103 to 3108
Skipped Seq from 3109 to 3111
Skipped Seq from 3116 to 3139
Skipped Seq from 3139 to 3141
Skipped Seq from 3141 to 3151
Skipped Seq from 3151 to 3153
Skipped Seq from 3153 to 3155
Skipped Seq from 3160 to 3164
Skipped Seq from 3164 to 3168
Skipped Seq from 3168 to 3172
Skipped Seq from 3172 to 3176
Skipped Seq from 3180 to 3185
Skipped Seq from 3185 to 3187
Skipped Seq from 3187 to 3191
Skipped Seq from 3191 to 3193
Skipped Seq from 3193 to 3203
Skipped Seq from 3206 to 3216
Skipped Seq from 3222 to 3225
Skipped Seq from 3228 to 3231
Skipped Seq from 3231 to 3239
Skipped Seq from 3240 to 3242
Skipped Seq from 3243 to 3245
Skipped Seq from 3248 to 3257
Skipped Seq from 3257 to 3262
Skipped Seq from 3270 to 3278
Skipped Seq from 3278 to 3287
Skipped Seq from 3292 to 3294
Skipped Seq from 3294 to 3296
Skipped Seq from 3302 to 3308
Skipped Seq from 3311 to 3322
Skipped Seq from 3322 to 3341
Skipped Seq from 3348 to 3350
Skipped Seq from 3351 to 3353
Skipped Seq from 3353 to 3355
Skipped Seq from 3355 to 3358
Skipped Seq from 3359 to 3361
Skipped Seq from 3391 to 3394
Skipped Seq from 3397 to 3409
Skipped Seq from 3417 to 3435
Skipped Seq from 3440 to 3445
Skipped Seq from 3459 to 3463
Skipped Seq from 3464 to 3467
Skipped Seq from 3467 to 3469
Skipped Seq from 3477 to 3479
Skipped Seq from 3487 to 3489
Skipped Seq from 3490 to 3492
Skipped Seq from 3494 to 3496
Skipped Seq from 3496 to 3501
Skipped Seq from 3501 to 3503
Skipped Seq from 3537 to 3539
Skipped Seq from 3549 to 3555
Skipped Seq from 3557 to 3561
Skipped Seq from 3565 to 3568
Skipped Seq from 3568 to 3575
Skipped Seq from 3589 to 3591
Skipped Seq from 3591 to 3596
Skipped Seq from 3619 to 3621
Skipped Seq from 3621 to 3628
Skipped Seq from 3643 to 3646
Skipped Seq from 3659 to 3661
Skipped Seq from 3661 to 3666
Skipped Seq from 3667 to 3672
Skipped Seq from 3673 to 3675
Skipped Seq from 3751 to 3756
Skipped Seq from 3756 to 3762
Skipped Seq from 4056 to 4108
Skipped Seq from 4114 to 4144
Skipped Seq from 4162 to 4191
Skipped Seq from 4222 to 4235
Skipped Seq from 4322 to 4338
Skipped Seq from 4361 to 4377
Skipped Seq from 12362 to 12373
Skipped Seq from 12375 to 12381
Skipped Seq from 12382 to 12384
Skipped Seq from 12384 to 12398
Skipped Seq from 12398 to 12404
Skipped Seq from 12443 to 12450
Skipped Seq from 12461 to 12466
Skipped Seq from 12492 to 12496
Skipped Seq from 12499 to 12508
Skipped Seq from 12508 to 12512
Skipped Seq from 12512 to 12514
Skipped Seq from 12569 to 12581
Skipped Seq from 12581 to 12601
Skipped Seq from 12601 to 12603
Skipped Seq from 12604 to 12617
Skipped Seq from 12642 to 12648
Skipped Seq from 12648 to 12657
Skipped Seq from 12659 to 12664
Skipped Seq from 12664 to 12674
Skipped Seq from 12674 to 12718
Skipped Seq from 12721 to 12757
Skipped Seq from 12757 to 12773
Skipped Seq from 12775 to 12803
Skipped Seq from 12877 to 12900
Skipped Seq from 12922 to 12932
Skipped Seq from 12936 to 12955
Skipped Seq from 12958 to 12969
Skipped Seq from 12969 to 12971
Skipped Seq from 12971 to 12985
Skipped Seq from 12985 to 12987
Skipped Seq from 12992 to 13002
Skipped Seq from 13006 to 13009
Skipped Seq from 13009 to 13031
Skipped Seq from 13033 to 13039
Skipped Seq from 13041 to 13045
Skipped Seq from 13087 to 13093
Skipped Seq from 13093 to 13114
Skipped Seq from 13114 to 13117
Skipped Seq from 13117 to 13153
Skipped Seq from 13162 to 13167
Skipped Seq from 13168 to 13202
Skipped Seq from 13208 to 13219
Skipped Seq from 13235 to 13242
Skipped Seq from 13244 to 13248
Skipped Seq from 13256 to 13269
Skipped Seq from 13270 to 13274
Skipped Seq from 13275 to 13282
Skipped Seq from 13284 to 13291
Skipped Seq from 13293 to 13297
Skipped Seq from 13303 to 13310
Skipped Seq from 13310 to 13313
Skipped Seq from 13321 to 13334
Skipped Seq from 13388 to 13390
Skipped Seq from 13390 to 13429
Skipped Seq from 13453 to 13455
Skipped Seq from 13459 to 13465
Skipped Seq from 13465 to 13470
Skipped Seq from 13471 to 13486
Skipped Seq from 13486 to 13490
Skipped Seq from 13490 to 13492
Skipped Seq from 13493 to 13496
Skipped Seq from 13499 to 13508
Skipped Seq from 13525 to 13529
Skipped Seq from 13530 to 13532
Skipped Seq from 13533 to 13536
Skipped Seq from 13537 to 13540
Skipped Seq from 13549 to 13551
Skipped Seq from 13552 to 13555
Skipped Seq from 13568 to 13577
Skipped Seq from 13577 to 13580
Skipped Seq from 13580 to 13583
Skipped Seq from 13590 to 13596
Skipped Seq from 13596 to 13598
Skipped Seq from 13603 to 13611
Skipped Seq from 13625 to 13637
Skipped Seq from 13637 to 13639
Skipped Seq from 13640 to 13649
Skipped Seq from 13649 to 13660
Skipped Seq from 13661 to 13664
Skipped Seq from 13665 to 13673
Skipped Seq from 13676 to 13684
Skipped Seq from 13686 to 13690
Skipped Seq from 13724 to 13738
Skipped Seq from 13738 to 13740
Skipped Seq from 13745 to 13751
Skipped Seq from 13765 to 13772
Skipped Seq from 13772 to 13781
Skipped Seq from 13782 to 13786
Skipped Seq from 13815 to 13818
Skipped Seq from 13839 to 13845
Skipped Seq from 13845 to 13853
Skipped Seq from 13853 to 13857
Skipped Seq from 13857 to 13907
Skipped Seq from 13908 to 13916
Skipped Seq from 13916 to 13962
Skipped Seq from 13995 to 14006
Skipped Seq from 14082 to 14085
Skipped Seq from 14123 to 14127
Skipped Seq from 14140 to 14147
Skipped Seq from 14147 to 14149
Skipped Seq from 14149 to 14151
Skipped Seq from 14152 to 14165
Skipped Seq from 14224 to 14232
Skipped Seq from 14232 to 14242
Skipped Seq from 14242 to 14245
Skipped Seq from 14404 to 14418
Skipped Seq from 14418 to 14421
Skipped Seq from 14535 to 14537
Skipped Seq from 14612 to 14614
Skipped Seq from 14644 to 14797
Skipped Seq from 14902 to 14938
Skipped Seq from 14978 to 15070
Number of times throttled: 8
Received: 17214 / 20093 packets
Start time: 1332843517.097629
End time: 1332843547.653503
Duration: 30.555874
