Starting client at 10.0.0.15:1243 with timeout:10
My IP address is 10.0.0.15Skipped Seq from 485 to 491
Skipped Seq from 501 to 505
Skipped Seq from 520 to 527
Skipped Seq from 529 to 532
Skipped Seq from 532 to 552
Skipped Seq from 552 to 567
Skipped Seq from 567 to 574
Skipped Seq from 574 to 578
Skipped Seq from 579 to 582
Skipped Seq from 584 to 587
Skipped Seq from 587 to 597
Skipped Seq from 616 to 620
Skipped Seq from 620 to 627
Skipped Seq from 643 to 645
Skipped Seq from 645 to 648
Skipped Seq from 660 to 673
Skipped Seq from 673 to 680
Skipped Seq from 681 to 686
Skipped Seq from 686 to 698
Skipped Seq from 698 to 701
Skipped Seq from 702 to 709
Skipped Seq from 709 to 711
Skipped Seq from 711 to 718
Skipped Seq from 718 to 720
Skipped Seq from 733 to 739
Skipped Seq from 739 to 756
Skipped Seq from 756 to 773
Skipped Seq from 778 to 781
Skipped Seq from 781 to 783
Skipped Seq from 783 to 785
Skipped Seq from 800 to 814
Skipped Seq from 815 to 819
Skipped Seq from 827 to 829
Skipped Seq from 836 to 856
Skipped Seq from 857 to 860
Skipped Seq from 860 to 870
Skipped Seq from 871 to 873
Skipped Seq from 873 to 875
Skipped Seq from 875 to 878
Skipped Seq from 885 to 893
Skipped Seq from 896 to 899
Skipped Seq from 899 to 907
Skipped Seq from 908 to 910
Skipped Seq from 910 to 914
Skipped Seq from 917 to 921
Skipped Seq from 921 to 924
Skipped Seq from 928 to 932
Skipped Seq from 932 to 935
Skipped Seq from 941 to 948
Skipped Seq from 948 to 950
Skipped Seq from 956 to 959
Skipped Seq from 959 to 961
Skipped Seq from 962 to 969
Skipped Seq from 969 to 976
Skipped Seq from 976 to 981
Skipped Seq from 981 to 991
Skipped Seq from 1000 to 1002
Skipped Seq from 1003 to 1005
Skipped Seq from 1010 to 1013
Skipped Seq from 1013 to 1030
Skipped Seq from 1043 to 1048
Skipped Seq from 1048 to 1053
Skipped Seq from 1054 to 1058
Skipped Seq from 1058 to 1068
Skipped Seq from 1071 to 1095
Skipped Seq from 1095 to 1097
Skipped Seq from 1103 to 1105
Skipped Seq from 1107 to 1109
Skipped Seq from 1109 to 1114
Skipped Seq from 1114 to 1117
Skipped Seq from 1120 to 1125
Skipped Seq from 1125 to 1134
Skipped Seq from 1135 to 1137
Skipped Seq from 1137 to 1157
Skipped Seq from 1159 to 1165
Skipped Seq from 1165 to 1176
Skipped Seq from 1177 to 1182
Skipped Seq from 1182 to 1193
Skipped Seq from 1195 to 1203
Skipped Seq from 1203 to 1207
Skipped Seq from 1217 to 1221
Skipped Seq from 1221 to 1223
Skipped Seq from 1223 to 1226
Skipped Seq from 1226 to 1228
Skipped Seq from 1228 to 1232
Skipped Seq from 1232 to 1237
Skipped Seq from 1244 to 1246
Skipped Seq from 1246 to 1248
Skipped Seq from 1248 to 1250
Skipped Seq from 1251 to 1255
Skipped Seq from 1255 to 1263
Skipped Seq from 1263 to 1265
Skipped Seq from 1271 to 1281
Skipped Seq from 1282 to 1284
Skipped Seq from 1290 to 1296
Skipped Seq from 1296 to 1298
Skipped Seq from 1299 to 1311
Skipped Seq from 1312 to 1328
Skipped Seq from 1329 to 1332
Skipped Seq from 1344 to 1351
Skipped Seq from 1351 to 1364
Skipped Seq from 1364 to 1366
Skipped Seq from 1367 to 1374
Skipped Seq from 1374 to 1377
Skipped Seq from 1389 to 1393
Skipped Seq from 1393 to 1413
Skipped Seq from 1416 to 1421
Skipped Seq from 1421 to 1427
Skipped Seq from 1431 to 1443
Skipped Seq from 1448 to 1454
Skipped Seq from 1454 to 1458
Skipped Seq from 1458 to 1465
Skipped Seq from 1465 to 1469
Skipped Seq from 1469 to 1473
Skipped Seq from 1473 to 1477
Skipped Seq from 1480 to 1483
Skipped Seq from 1483 to 1485
Skipped Seq from 1485 to 1495
Skipped Seq from 1495 to 1497
Skipped Seq from 1506 to 1510
Skipped Seq from 1512 to 1514
Skipped Seq from 1514 to 1518
Skipped Seq from 1518 to 1520
Skipped Seq from 1522 to 1524
Skipped Seq from 1524 to 1530
Skipped Seq from 1531 to 1533
Skipped Seq from 1533 to 1538
Skipped Seq from 1538 to 1549
Skipped Seq from 1554 to 1561
Skipped Seq from 1561 to 1565
Skipped Seq from 1565 to 1569
Skipped Seq from 1569 to 1583
Skipped Seq from 1583 to 1586
Skipped Seq from 1590 to 1595
Skipped Seq from 1598 to 1603
Skipped Seq from 1606 to 1632
Skipped Seq from 1632 to 1639
Skipped Seq from 1642 to 1646
Skipped Seq from 1648 to 1652
Skipped Seq from 1655 to 1660
Skipped Seq from 1660 to 1667
Skipped Seq from 1669 to 1672
Skipped Seq from 1673 to 1683
Skipped Seq from 1685 to 1688
Skipped Seq from 1688 to 1694
Skipped Seq from 1694 to 1696
Skipped Seq from 1699 to 1707
Skipped Seq from 1708 to 1712
Skipped Seq from 1721 to 1727
Skipped Seq from 1727 to 1729
Skipped Seq from 1733 to 1739
Skipped Seq from 1739 to 1753
Skipped Seq from 1753 to 1760
Skipped Seq from 1767 to 1771
Skipped Seq from 1771 to 1796
Skipped Seq from 1796 to 1798
Skipped Seq from 1799 to 1805
Skipped Seq from 1813 to 1820
Skipped Seq from 1837 to 1852
Skipped Seq from 1852 to 1856
Skipped Seq from 1864 to 1881
Skipped Seq from 1887 to 1890
Skipped Seq from 1890 to 1895
Skipped Seq from 1895 to 1899
Skipped Seq from 1912 to 1915
Skipped Seq from 1915 to 1920
Skipped Seq from 1920 to 1925
Skipped Seq from 1925 to 1928
Skipped Seq from 1936 to 1942
Skipped Seq from 1942 to 1953
Skipped Seq from 1955 to 1960
Skipped Seq from 1965 to 1983
Skipped Seq from 2000 to 2004
Skipped Seq from 2008 to 2013
Skipped Seq from 2013 to 2016
Skipped Seq from 2030 to 2037
Skipped Seq from 2038 to 2042
Skipped Seq from 2044 to 2047
Skipped Seq from 2047 to 2049
Skipped Seq from 2051 to 2059
Skipped Seq from 2094 to 2096
Skipped Seq from 2096 to 2098
Skipped Seq from 2107 to 2109
Skipped Seq from 2112 to 2129
Skipped Seq from 2134 to 2142
Skipped Seq from 2142 to 2163
Skipped Seq from 2167 to 2170
Skipped Seq from 2170 to 2185
Skipped Seq from 2188 to 2204
Skipped Seq from 2205 to 2232
Skipped Seq from 2232 to 2238
Skipped Seq from 2238 to 2240
Skipped Seq from 2255 to 2265
Skipped Seq from 2265 to 2281
Skipped Seq from 2282 to 2287
Skipped Seq from 2287 to 2289
Skipped Seq from 2300 to 2302
Skipped Seq from 2307 to 2311
Skipped Seq from 2311 to 2317
Skipped Seq from 2324 to 2326
Skipped Seq from 2330 to 2336
Skipped Seq from 2337 to 2346
Skipped Seq from 2346 to 2351
Skipped Seq from 2371 to 2400
Skipped Seq from 2531 to 2534
Skipped Seq from 2534 to 2547
Skipped Seq from 2547 to 2550
Skipped Seq from 2596 to 2610
Skipped Seq from 2610 to 2634
Skipped Seq from 2661 to 2668
Skipped Seq from 2677 to 2680
Skipped Seq from 2681 to 2691
Skipped Seq from 2691 to 2701
Skipped Seq from 2701 to 2709
Skipped Seq from 2709 to 2716
Skipped Seq from 2716 to 2724
Skipped Seq from 2724 to 2726
Skipped Seq from 2728 to 2743
Skipped Seq from 2788 to 2803
Skipped Seq from 2825 to 2836
Skipped Seq from 3065 to 3092
Skipped Seq from 3114 to 3171
Skipped Seq from 3251 to 3258
Skipped Seq from 3317 to 3319
Skipped Seq from 12767 to 12818
Skipped Seq from 12820 to 12822
Skipped Seq from 12822 to 12830
Skipped Seq from 12830 to 12836
Skipped Seq from 12836 to 12843
Skipped Seq from 12843 to 12847
Skipped Seq from 12847 to 12856
Skipped Seq from 12896 to 12906
Skipped Seq from 12906 to 12940
Skipped Seq from 12944 to 12958
Skipped Seq from 13002 to 13020
Skipped Seq from 13020 to 13023
Skipped Seq from 13025 to 13055
Skipped Seq from 13061 to 13075
Skipped Seq from 13157 to 13166
Skipped Seq from 13166 to 13168
Skipped Seq from 13168 to 13177
Skipped Seq from 13179 to 13183
Skipped Seq from 13188 to 13195
Skipped Seq from 13228 to 13255
Skipped Seq from 13255 to 13259
Skipped Seq from 13261 to 13318
Skipped Seq from 13321 to 13338
Skipped Seq from 13341 to 13357
Skipped Seq from 13358 to 13364
Skipped Seq from 13364 to 13368
Skipped Seq from 13373 to 13376
Skipped Seq from 13379 to 13404
Skipped Seq from 13404 to 13417
Skipped Seq from 13519 to 13537
Skipped Seq from 13537 to 13557
Skipped Seq from 13560 to 13593
Skipped Seq from 13593 to 13597
Skipped Seq from 13601 to 13609
Skipped Seq from 13616 to 13621
Skipped Seq from 13621 to 13634
Skipped Seq from 13642 to 13662
Skipped Seq from 13668 to 13686
Skipped Seq from 13689 to 13704
Skipped Seq from 13707 to 13712
Skipped Seq from 13713 to 13732
Skipped Seq from 13738 to 13760
Skipped Seq from 13813 to 13820
Skipped Seq from 13822 to 13851
Skipped Seq from 13892 to 13903
Skipped Seq from 13903 to 13922
Skipped Seq from 13963 to 13973
Skipped Seq from 13973 to 14008
Skipped Seq from 14036 to 14056
Skipped Seq from 14057 to 14068
Skipped Seq from 14068 to 14078
Skipped Seq from 14082 to 14123
Skipped Seq from 14123 to 14142
Skipped Seq from 14591 to 14594
Skipped Seq from 17130 to 17137
Skipped Seq from 17138 to 17177
Skipped Seq from 17177 to 17200
Skipped Seq from 17214 to 17232
Skipped Seq from 17234 to 17253
Skipped Seq from 17270 to 17291
Skipped Seq from 17291 to 17297
Skipped Seq from 17318 to 17336
Skipped Seq from 17337 to 17346
Skipped Seq from 17348 to 17360
Skipped Seq from 17361 to 17364
Skipped Seq from 17365 to 17370
Skipped Seq from 17371 to 17375
Skipped Seq from 17400 to 17404
Skipped Seq from 17432 to 17436
Skipped Seq from 17436 to 17442
Skipped Seq from 17443 to 17451
Skipped Seq from 17452 to 17491
Skipped Seq from 17495 to 17499
Skipped Seq from 17501 to 17507
Skipped Seq from 17573 to 17586
Skipped Seq from 17587 to 17605
Skipped Seq from 17606 to 17613
Skipped Seq from 17613 to 17630
Skipped Seq from 17657 to 17661
Skipped Seq from 17666 to 17670
Skipped Seq from 17683 to 17696
Skipped Seq from 17697 to 17708
Skipped Seq from 17710 to 17712
Skipped Seq from 17717 to 17720
Skipped Seq from 17722 to 17734
Skipped Seq from 17739 to 17741
Skipped Seq from 17741 to 17746
Skipped Seq from 17746 to 17748
Skipped Seq from 17768 to 17783
Skipped Seq from 17783 to 17785
Skipped Seq from 17785 to 17788
Skipped Seq from 17790 to 17799
Skipped Seq from 17801 to 17804
Skipped Seq from 17825 to 17830
Skipped Seq from 17835 to 17838
Skipped Seq from 17839 to 17841
Skipped Seq from 17841 to 17844
Skipped Seq from 17849 to 17859
Skipped Seq from 17859 to 17861
Skipped Seq from 17861 to 17872
Skipped Seq from 17872 to 17903
Skipped Seq from 17927 to 17939
Skipped Seq from 17939 to 17954
Skipped Seq from 17956 to 17963
Skipped Seq from 17963 to 17967
Skipped Seq from 17968 to 17971
Skipped Seq from 17979 to 17996
Skipped Seq from 17996 to 18000
Skipped Seq from 18001 to 18017
Skipped Seq from 18018 to 18033
Skipped Seq from 18033 to 18055
Skipped Seq from 18071 to 18083
Skipped Seq from 18084 to 18144
Skipped Seq from 18144 to 18146
Skipped Seq from 18146 to 18150
Skipped Seq from 18150 to 18186
Skipped Seq from 18206 to 18226
Skipped Seq from 18243 to 18297
Skipped Seq from 18357 to 18378
Skipped Seq from 18379 to 18416
Skipped Seq from 18416 to 18445
Skipped Seq from 18445 to 18468
Skipped Seq from 18469 to 18471
Skipped Seq from 18483 to 18494
Skipped Seq from 18496 to 18538
Skipped Seq from 18589 to 18618
Skipped Seq from 18618 to 18635
Skipped Seq from 18644 to 18664
Skipped Seq from 18664 to 18669
Skipped Seq from 18671 to 18684
Skipped Seq from 18688 to 18737
Skipped Seq from 18737 to 18741
Skipped Seq from 18743 to 18750
Skipped Seq from 18750 to 18776
Skipped Seq from 18776 to 18827
Skipped Seq from 18903 to 18927
Skipped Seq from 18927 to 18931
Skipped Seq from 19105 to 19109
Skipped Seq from 20382 to 20394
Skipped Seq from 20603 to 20615
Skipped Seq from 37482 to 37491
Skipped Seq from 37491 to 37503
Skipped Seq from 37575 to 37594
Skipped Seq from 37594 to 37629
Skipped Seq from 37636 to 37676
Skipped Seq from 37676 to 37727
Skipped Seq from 37742 to 37772
Skipped Seq from 37772 to 37775
Skipped Seq from 37783 to 37812
Skipped Seq from 37812 to 37819
Skipped Seq from 37834 to 37850
Skipped Seq from 37850 to 37884
Skipped Seq from 37926 to 37950
Skipped Seq from 37950 to 37987
Skipped Seq from 37987 to 38019
Skipped Seq from 38019 to 38081
Skipped Seq from 38081 to 38094
Skipped Seq from 38151 to 38158
Skipped Seq from 38191 to 38207
Skipped Seq from 38207 to 38236
Skipped Seq from 38319 to 38322
Skipped Seq from 38322 to 38335
Skipped Seq from 38337 to 38385
Skipped Seq from 38386 to 38389
Skipped Seq from 38389 to 38426
Skipped Seq from 38449 to 38462
Skipped Seq from 38470 to 38496
Skipped Seq from 38500 to 38547
Skipped Seq from 38547 to 38608
Skipped Seq from 38609 to 38636
Skipped Seq from 38636 to 38669
Skipped Seq from 38669 to 38676
Skipped Seq from 38681 to 38696
Skipped Seq from 38702 to 38724
Skipped Seq from 38726 to 38757
Skipped Seq from 38757 to 38769
Skipped Seq from 38787 to 38853
Skipped Seq from 38853 to 38893
Skipped Seq from 38893 to 38910
Skipped Seq from 38934 to 38945
Skipped Seq from 38947 to 38985
Skipped Seq from 38985 to 38994
Skipped Seq from 39011 to 39015
Skipped Seq from 39015 to 39079
Skipped Seq from 39086 to 39088
Skipped Seq from 39088 to 39112
Skipped Seq from 39115 to 39157
Skipped Seq from 39157 to 39205
Skipped Seq from 39205 to 39250
Skipped Seq from 39258 to 39286
Skipped Seq from 39288 to 39290
Skipped Seq from 39290 to 39391
Skipped Seq from 39391 to 39399
Skipped Seq from 39400 to 39411
Skipped Seq from 39411 to 39436
Skipped Seq from 39448 to 39489
Skipped Seq from 39489 to 39511
Skipped Seq from 39511 to 39553
Skipped Seq from 39584 to 39591
Skipped Seq from 39591 to 39611
Skipped Seq from 39611 to 39614
Skipped Seq from 39614 to 39641
Skipped Seq from 39650 to 39662
Skipped Seq from 39662 to 39668
Number of times throttled: 11
Received: 34817 / 39691 packets
Start time: 1332842063.160681
End time: 1332842131.353813
Duration: 68.193132
