Starting client at 10.0.0.23:1268 with timeout:10
My IP address is 10.0.0.23Skipped Seq from 876 to 884
Skipped Seq from 884 to 886
Skipped Seq from 891 to 902
Skipped Seq from 902 to 910
Skipped Seq from 910 to 917
Skipped Seq from 942 to 944
Skipped Seq from 944 to 947
Skipped Seq from 947 to 949
Skipped Seq from 949 to 952
Skipped Seq from 952 to 955
Skipped Seq from 975 to 980
Skipped Seq from 980 to 982
Skipped Seq from 982 to 990
Skipped Seq from 991 to 996
Skipped Seq from 1003 to 1007
Skipped Seq from 1007 to 1009
Skipped Seq from 1009 to 1012
Skipped Seq from 1013 to 1018
Skipped Seq from 1019 to 1022
Skipped Seq from 1022 to 1026
Skipped Seq from 1026 to 1036
Skipped Seq from 1037 to 1043
Skipped Seq from 1060 to 1062
Skipped Seq from 1062 to 1064
Skipped Seq from 1064 to 1067
Skipped Seq from 1067 to 1070
Skipped Seq from 1071 to 1077
Skipped Seq from 1077 to 1082
Skipped Seq from 1082 to 1090
Skipped Seq from 1091 to 1094
Skipped Seq from 1094 to 1097
Skipped Seq from 1110 to 1116
Skipped Seq from 1142 to 1152
Skipped Seq from 1152 to 1156
Skipped Seq from 1156 to 1163
Skipped Seq from 1163 to 1168
Skipped Seq from 1168 to 1170
Skipped Seq from 1170 to 1172
Skipped Seq from 1188 to 1202
Skipped Seq from 1205 to 1210
Skipped Seq from 1211 to 1221
Skipped Seq from 1221 to 1224
Skipped Seq from 1268 to 1271
Skipped Seq from 1271 to 1276
Skipped Seq from 1276 to 1278
Skipped Seq from 1278 to 1289
Skipped Seq from 1291 to 1305
Skipped Seq from 1305 to 1317
Skipped Seq from 1317 to 1337
Skipped Seq from 1337 to 1355
Skipped Seq from 1355 to 1357
Skipped Seq from 1358 to 1370
Skipped Seq from 1370 to 1390
Skipped Seq from 1406 to 1413
Skipped Seq from 1413 to 1429
Skipped Seq from 1429 to 1443
Skipped Seq from 1443 to 1457
Skipped Seq from 1472 to 1484
Skipped Seq from 1484 to 1492
Skipped Seq from 1492 to 1507
Skipped Seq from 1507 to 1535
Skipped Seq from 1535 to 1541
Skipped Seq from 1543 to 1553
Skipped Seq from 1553 to 1556
Skipped Seq from 1557 to 1561
Skipped Seq from 1561 to 1568
Skipped Seq from 1576 to 1578
Skipped Seq from 1578 to 1581
Skipped Seq from 1594 to 1596
Skipped Seq from 1597 to 1606
Skipped Seq from 1607 to 1611
Skipped Seq from 1614 to 1623
Skipped Seq from 1631 to 1636
Skipped Seq from 1638 to 1645
Skipped Seq from 1647 to 1652
Skipped Seq from 1653 to 1662
Skipped Seq from 1664 to 1672
Skipped Seq from 1672 to 1676
Skipped Seq from 1676 to 1683
Skipped Seq from 1685 to 1697
Skipped Seq from 1697 to 1707
Skipped Seq from 1707 to 1714
Skipped Seq from 1714 to 1732
Skipped Seq from 1732 to 1745
Skipped Seq from 1748 to 1758
Skipped Seq from 1787 to 1791
Skipped Seq from 1797 to 1801
Skipped Seq from 1801 to 1810
Skipped Seq from 1825 to 1841
Skipped Seq from 1842 to 1859
Skipped Seq from 1875 to 1883
Skipped Seq from 1883 to 1901
Skipped Seq from 1912 to 1919
Skipped Seq from 1925 to 1942
Skipped Seq from 1942 to 1965
Skipped Seq from 1966 to 1979
Skipped Seq from 1979 to 1997
Skipped Seq from 1997 to 2015
Skipped Seq from 2015 to 2027
Skipped Seq from 2032 to 2046
Skipped Seq from 2046 to 2066
Skipped Seq from 2067 to 2069
Skipped Seq from 2117 to 2119
Skipped Seq from 2120 to 2128
Skipped Seq from 2128 to 2131
Skipped Seq from 2131 to 2145
Skipped Seq from 2148 to 2150
Skipped Seq from 2150 to 2154
Skipped Seq from 2154 to 2157
Skipped Seq from 2159 to 2163
Skipped Seq from 2163 to 2169
Skipped Seq from 2169 to 2186
Skipped Seq from 2203 to 2214
Skipped Seq from 2214 to 2223
Skipped Seq from 2223 to 2243
Skipped Seq from 2243 to 2253
Skipped Seq from 2258 to 2273
Skipped Seq from 2273 to 2287
Skipped Seq from 2287 to 2300
Skipped Seq from 2304 to 2314
Skipped Seq from 2314 to 2333
Skipped Seq from 2333 to 2339
Skipped Seq from 2339 to 2374
Skipped Seq from 2377 to 2387
Skipped Seq from 2387 to 2401
Skipped Seq from 2408 to 2412
Skipped Seq from 2412 to 2415
Skipped Seq from 2416 to 2421
Skipped Seq from 2421 to 2425
Skipped Seq from 2439 to 2446
Skipped Seq from 2446 to 2457
Skipped Seq from 2457 to 2461
Skipped Seq from 2461 to 2465
Skipped Seq from 2465 to 2468
Skipped Seq from 2468 to 2473
Skipped Seq from 2484 to 2505
Skipped Seq from 2505 to 2527
Skipped Seq from 2534 to 2543
Skipped Seq from 2543 to 2547
Skipped Seq from 2570 to 2575
Skipped Seq from 2575 to 2579
Skipped Seq from 2579 to 2601
Skipped Seq from 2601 to 2612
Skipped Seq from 2634 to 2637
Skipped Seq from 2642 to 2646
Skipped Seq from 2646 to 2649
Skipped Seq from 2654 to 2656
Skipped Seq from 2660 to 2671
Skipped Seq from 2671 to 2680
Skipped Seq from 2680 to 2694
Skipped Seq from 2695 to 2698
Skipped Seq from 2698 to 2700
Skipped Seq from 2700 to 2709
Skipped Seq from 2709 to 2713
Skipped Seq from 2716 to 2721
Skipped Seq from 2721 to 2724
Skipped Seq from 2727 to 2730
Skipped Seq from 2730 to 2733
Skipped Seq from 2733 to 2746
Skipped Seq from 2803 to 2824
Skipped Seq from 2824 to 2835
Skipped Seq from 2836 to 2844
Skipped Seq from 2844 to 2871
Skipped Seq from 2879 to 2883
Skipped Seq from 2883 to 2890
Skipped Seq from 2890 to 2900
Skipped Seq from 2908 to 2929
Skipped Seq from 2929 to 2931
Skipped Seq from 2931 to 2933
Skipped Seq from 2933 to 2935
Skipped Seq from 2936 to 2939
Skipped Seq from 2948 to 2956
Skipped Seq from 2956 to 2963
Skipped Seq from 2978 to 2981
Skipped Seq from 2982 to 2989
Skipped Seq from 3008 to 3011
Skipped Seq from 3011 to 3018
Skipped Seq from 3019 to 3022
Skipped Seq from 3037 to 3042
Skipped Seq from 3059 to 3064
Skipped Seq from 3104 to 3107
Skipped Seq from 3113 to 3115
Skipped Seq from 3115 to 3118
Skipped Seq from 3119 to 3122
Skipped Seq from 3122 to 3126
Skipped Seq from 3126 to 3128
Skipped Seq from 3128 to 3133
Skipped Seq from 3134 to 3138
Skipped Seq from 3139 to 3141
Skipped Seq from 3147 to 3151
Skipped Seq from 3152 to 3154
Skipped Seq from 3154 to 3157
Skipped Seq from 3158 to 3161
Skipped Seq from 3161 to 3167
Skipped Seq from 3167 to 3174
Skipped Seq from 3183 to 3193
Skipped Seq from 3193 to 3204
Skipped Seq from 3206 to 3213
Skipped Seq from 3213 to 3215
Skipped Seq from 3223 to 3225
Skipped Seq from 3249 to 3252
Skipped Seq from 3333 to 3336
Skipped Seq from 3337 to 3339
Skipped Seq from 3378 to 3388
Skipped Seq from 3390 to 3392
Skipped Seq from 3413 to 3416
Skipped Seq from 3419 to 3440
Skipped Seq from 3452 to 3458
Skipped Seq from 3470 to 3483
Skipped Seq from 3489 to 3495
Skipped Seq from 3506 to 3510
Skipped Seq from 3545 to 3552
Skipped Seq from 3976 to 3999
Skipped Seq from 4006 to 4029
Skipped Seq from 4037 to 4070
Skipped Seq from 4155 to 4165
Skipped Seq from 4211 to 4220
Number of times throttled: 5
Received: 5591 / 7127 packets
Start time: 1332843463.009689
End time: 1332843472.959584
Duration: 9.949895
