Starting client at 10.0.0.21:1263 with timeout:10
My IP address is 10.0.0.21Skipped Seq from 4 to 8
Recovered out of order packet from 9 to 5
Recovered out of order packet from 16 to 6
Recovered out of order packet from 16 to 7
Skipped Seq from 360 to 373
Skipped Seq from 373 to 406
Skipped Seq from 427 to 431
Skipped Seq from 432 to 461
Skipped Seq from 476 to 480
Skipped Seq from 480 to 494
Skipped Seq from 494 to 496
Skipped Seq from 496 to 498
Skipped Seq from 498 to 500
Skipped Seq from 510 to 514
Skipped Seq from 514 to 516
Skipped Seq from 527 to 541
Skipped Seq from 541 to 546
Skipped Seq from 590 to 598
Skipped Seq from 598 to 603
Skipped Seq from 603 to 618
Skipped Seq from 618 to 626
Skipped Seq from 626 to 632
Skipped Seq from 633 to 651
Skipped Seq from 651 to 658
Skipped Seq from 676 to 678
Skipped Seq from 678 to 681
Skipped Seq from 681 to 688
Skipped Seq from 688 to 692
Skipped Seq from 693 to 699
Skipped Seq from 699 to 701
Skipped Seq from 730 to 742
Skipped Seq from 742 to 751
Skipped Seq from 751 to 753
Skipped Seq from 753 to 761
Skipped Seq from 762 to 768
Skipped Seq from 769 to 773
Skipped Seq from 773 to 779
Skipped Seq from 780 to 788
Skipped Seq from 788 to 795
Skipped Seq from 795 to 802
Skipped Seq from 834 to 838
Skipped Seq from 838 to 841
Skipped Seq from 841 to 847
Skipped Seq from 847 to 852
Skipped Seq from 852 to 856
Skipped Seq from 857 to 859
Skipped Seq from 859 to 865
Skipped Seq from 866 to 868
Skipped Seq from 885 to 899
Skipped Seq from 899 to 913
Skipped Seq from 913 to 921
Skipped Seq from 921 to 931
Skipped Seq from 931 to 933
Skipped Seq from 933 to 935
Skipped Seq from 935 to 946
Skipped Seq from 946 to 948
Skipped Seq from 967 to 974
Skipped Seq from 974 to 988
Skipped Seq from 989 to 1004
Skipped Seq from 1006 to 1020
Skipped Seq from 1021 to 1024
Skipped Seq from 1024 to 1027
Skipped Seq from 1043 to 1046
Skipped Seq from 1047 to 1061
Skipped Seq from 1077 to 1079
Skipped Seq from 1079 to 1082
Skipped Seq from 1087 to 1090
Skipped Seq from 1091 to 1094
Skipped Seq from 1103 to 1111
Skipped Seq from 1111 to 1130
Skipped Seq from 1141 to 1144
Skipped Seq from 1144 to 1153
Skipped Seq from 1153 to 1159
Skipped Seq from 1159 to 1161
Skipped Seq from 1161 to 1163
Skipped Seq from 1163 to 1166
Skipped Seq from 1179 to 1181
Skipped Seq from 1182 to 1192
Skipped Seq from 1192 to 1194
Skipped Seq from 1194 to 1201
Skipped Seq from 1201 to 1208
Skipped Seq from 1208 to 1210
Skipped Seq from 1230 to 1232
Skipped Seq from 1232 to 1234
Skipped Seq from 1235 to 1242
Skipped Seq from 1256 to 1258
Skipped Seq from 1272 to 1275
Skipped Seq from 1275 to 1278
Skipped Seq from 1278 to 1281
Skipped Seq from 1285 to 1291
Skipped Seq from 1291 to 1293
Skipped Seq from 1293 to 1297
Skipped Seq from 1297 to 1299
Skipped Seq from 1299 to 1304
Skipped Seq from 1308 to 1312
Skipped Seq from 1313 to 1316
Skipped Seq from 1317 to 1323
Skipped Seq from 1324 to 1329
Skipped Seq from 1329 to 1331
Skipped Seq from 1332 to 1338
Skipped Seq from 1339 to 1343
Skipped Seq from 1343 to 1345
Skipped Seq from 1345 to 1347
Skipped Seq from 1348 to 1350
Skipped Seq from 1363 to 1370
Skipped Seq from 1370 to 1372
Skipped Seq from 1373 to 1385
Skipped Seq from 1386 to 1394
Skipped Seq from 1405 to 1409
Skipped Seq from 1421 to 1424
Skipped Seq from 1439 to 1445
Skipped Seq from 1448 to 1450
Skipped Seq from 1454 to 1459
Skipped Seq from 1459 to 1461
Skipped Seq from 1461 to 1473
Skipped Seq from 1478 to 1486
Skipped Seq from 1492 to 1496
Skipped Seq from 1505 to 1509
Skipped Seq from 1509 to 1511
Skipped Seq from 1514 to 1517
Skipped Seq from 1518 to 1520
Skipped Seq from 1522 to 1525
Skipped Seq from 1525 to 1528
Skipped Seq from 1528 to 1536
Skipped Seq from 1536 to 1555
Skipped Seq from 1556 to 1558
Skipped Seq from 1565 to 1567
Skipped Seq from 1567 to 1572
Skipped Seq from 1593 to 1605
Skipped Seq from 1605 to 1615
Skipped Seq from 1615 to 1626
Skipped Seq from 1626 to 1628
Skipped Seq from 1628 to 1631
Skipped Seq from 1632 to 1643
Skipped Seq from 1673 to 1681
Skipped Seq from 1682 to 1686
Skipped Seq from 1687 to 1692
Skipped Seq from 1697 to 1705
Skipped Seq from 1707 to 1709
Skipped Seq from 1710 to 1717
Skipped Seq from 1721 to 1726
Skipped Seq from 1728 to 1742
Skipped Seq from 1744 to 1750
Skipped Seq from 1751 to 1760
Skipped Seq from 1761 to 1767
Skipped Seq from 1767 to 1773
Skipped Seq from 1773 to 1779
Skipped Seq from 1785 to 1788
Skipped Seq from 1807 to 1813
Skipped Seq from 1816 to 1827
Skipped Seq from 1835 to 1839
Skipped Seq from 1839 to 1841
Skipped Seq from 1851 to 1859
Skipped Seq from 1859 to 1862
Skipped Seq from 1870 to 1879
Skipped Seq from 1884 to 1892
Skipped Seq from 1892 to 1898
Skipped Seq from 1902 to 1905
Skipped Seq from 1917 to 1925
Skipped Seq from 1926 to 1930
Skipped Seq from 1930 to 1932
Skipped Seq from 1935 to 1941
Skipped Seq from 1941 to 1948
Skipped Seq from 1952 to 1954
Skipped Seq from 1954 to 1965
Skipped Seq from 1965 to 1971
Skipped Seq from 1973 to 1977
Skipped Seq from 1977 to 1979
Skipped Seq from 1983 to 1989
Skipped Seq from 1992 to 2001
Skipped Seq from 2009 to 2012
Skipped Seq from 2020 to 2022
Skipped Seq from 2022 to 2025
Skipped Seq from 2025 to 2034
Skipped Seq from 2034 to 2036
Skipped Seq from 2036 to 2038
Skipped Seq from 2046 to 2049
Skipped Seq from 2049 to 2051
Skipped Seq from 2052 to 2058
Skipped Seq from 2059 to 2064
Skipped Seq from 2066 to 2069
Skipped Seq from 2074 to 2079
Skipped Seq from 2082 to 2090
Skipped Seq from 2093 to 2098
Skipped Seq from 2098 to 2100
Skipped Seq from 2100 to 2104
Skipped Seq from 2105 to 2111
Skipped Seq from 2114 to 2117
Skipped Seq from 2122 to 2124
Skipped Seq from 2135 to 2140
Skipped Seq from 2140 to 2142
Skipped Seq from 2145 to 2150
Skipped Seq from 2150 to 2153
Skipped Seq from 2153 to 2157
Skipped Seq from 2157 to 2159
Skipped Seq from 2160 to 2162
Skipped Seq from 2162 to 2164
Skipped Seq from 2168 to 2171
Skipped Seq from 2171 to 2179
Skipped Seq from 2179 to 2187
Skipped Seq from 2195 to 2205
Skipped Seq from 2205 to 2209
Skipped Seq from 2209 to 2214
Skipped Seq from 2214 to 2223
Skipped Seq from 2223 to 2225
Skipped Seq from 2225 to 2233
Skipped Seq from 2233 to 2235
Skipped Seq from 2244 to 2253
Skipped Seq from 2253 to 2255
Skipped Seq from 2263 to 2269
Skipped Seq from 2273 to 2275
Skipped Seq from 2283 to 2288
Skipped Seq from 2290 to 2292
Number of times throttled: 2
Received: 1300 / 2300 packets
Start time: 1332842631.071970
End time: 1332842634.954012
Duration: 3.882042
