Starting client at 10.0.0.12:1252 with timeout:10
My IP address is 10.0.0.12Skipped Seq from 2086 to 2095
Skipped Seq from 2095 to 2115
Skipped Seq from 2115 to 2135
Skipped Seq from 2135 to 2153
Skipped Seq from 2153 to 2156
Skipped Seq from 2185 to 2188
Skipped Seq from 2225 to 2235
Skipped Seq from 2235 to 2255
Skipped Seq from 2255 to 2274
Skipped Seq from 2274 to 2285
Skipped Seq from 2285 to 2295
Skipped Seq from 2325 to 2336
Skipped Seq from 2336 to 2353
Skipped Seq from 2353 to 2365
Skipped Seq from 2365 to 2384
Skipped Seq from 2384 to 2399
Skipped Seq from 2399 to 2402
Skipped Seq from 2432 to 2442
Skipped Seq from 2442 to 2451
Skipped Seq from 2473 to 2491
Skipped Seq from 2491 to 2507
Skipped Seq from 2507 to 2514
Skipped Seq from 2529 to 2547
Skipped Seq from 2547 to 2552
Skipped Seq from 2573 to 2579
Skipped Seq from 2587 to 2593
Skipped Seq from 2593 to 2614
Skipped Seq from 2614 to 2630
Skipped Seq from 2647 to 2649
Skipped Seq from 2649 to 2657
Skipped Seq from 2657 to 2680
Skipped Seq from 2680 to 2692
Skipped Seq from 2724 to 2734
Skipped Seq from 2734 to 2756
Skipped Seq from 2756 to 2774
Skipped Seq from 2774 to 2790
Skipped Seq from 2812 to 2814
Skipped Seq from 2814 to 2824
Skipped Seq from 2839 to 2847
Skipped Seq from 2847 to 2864
Skipped Seq from 2887 to 2896
Skipped Seq from 2896 to 2906
Skipped Seq from 2919 to 2924
Skipped Seq from 2924 to 2943
Skipped Seq from 2943 to 2945
Skipped Seq from 2951 to 2965
Skipped Seq from 2965 to 2981
Skipped Seq from 2981 to 2983
Skipped Seq from 2994 to 2999
Skipped Seq from 3002 to 3016
Skipped Seq from 3016 to 3034
Skipped Seq from 3041 to 3055
Skipped Seq from 3058 to 3064
Skipped Seq from 3064 to 3079
Skipped Seq from 3079 to 3082
Skipped Seq from 3107 to 3117
Skipped Seq from 3117 to 3136
Skipped Seq from 3136 to 3138
Skipped Seq from 3138 to 3141
Skipped Seq from 3141 to 3147
Skipped Seq from 3156 to 3168
Skipped Seq from 3170 to 3174
Skipped Seq from 3176 to 3179
Skipped Seq from 3179 to 3182
Skipped Seq from 3187 to 3195
Skipped Seq from 3224 to 3240
Skipped Seq from 3306 to 3316
Skipped Seq from 3316 to 3335
Skipped Seq from 3359 to 3365
Skipped Seq from 3376 to 3394
Skipped Seq from 3394 to 3413
Skipped Seq from 3413 to 3429
Skipped Seq from 3429 to 3445
Skipped Seq from 3472 to 3481
Skipped Seq from 3481 to 3499
Skipped Seq from 3499 to 3509
Skipped Seq from 3526 to 3535
Skipped Seq from 3591 to 3595
Skipped Seq from 3595 to 3598
Skipped Seq from 3604 to 3615
Skipped Seq from 3615 to 3623
Skipped Seq from 3647 to 3652
Skipped Seq from 3652 to 3661
Skipped Seq from 3673 to 3676
Skipped Seq from 3676 to 3687
Skipped Seq from 3696 to 3706
Skipped Seq from 3706 to 3724
Skipped Seq from 3724 to 3741
Skipped Seq from 3741 to 3750
Skipped Seq from 3764 to 3768
Skipped Seq from 3784 to 3794
Skipped Seq from 3794 to 3813
Skipped Seq from 3813 to 3830
Skipped Seq from 3830 to 3846
Skipped Seq from 3846 to 3851
Skipped Seq from 3887 to 3891
Skipped Seq from 3897 to 3905
Skipped Seq from 3905 to 3920
Skipped Seq from 3920 to 3927
Skipped Seq from 3934 to 3951
Skipped Seq from 3951 to 3965
Skipped Seq from 3965 to 3970
Skipped Seq from 3981 to 3984
Skipped Seq from 3984 to 3992
Skipped Seq from 3995 to 4013
Skipped Seq from 4013 to 4021
Skipped Seq from 4034 to 4046
Skipped Seq from 4046 to 4051
Skipped Seq from 4060 to 4070
Skipped Seq from 4070 to 4081
Skipped Seq from 4084 to 4094
Skipped Seq from 4094 to 4108
Skipped Seq from 4117 to 4126
Skipped Seq from 4126 to 4141
Skipped Seq from 4157 to 4168
Skipped Seq from 4168 to 4174
Skipped Seq from 4198 to 4207
Skipped Seq from 4207 to 4214
Skipped Seq from 4242 to 4247
Skipped Seq from 4252 to 4273
Skipped Seq from 4273 to 4278
Skipped Seq from 4283 to 4294
Skipped Seq from 4297 to 4303
Skipped Seq from 4303 to 4318
Skipped Seq from 4318 to 4330
Skipped Seq from 4351 to 4359
Skipped Seq from 4359 to 4373
Skipped Seq from 4416 to 4441
Skipped Seq from 4485 to 4496
Skipped Seq from 4496 to 4510
Skipped Seq from 4529 to 4540
Skipped Seq from 4554 to 4571
Skipped Seq from 4580 to 4615
Skipped Seq from 4615 to 4618
Skipped Seq from 4634 to 4640
Skipped Seq from 4655 to 4661
Skipped Seq from 4661 to 4689
Skipped Seq from 4702 to 4715
Skipped Seq from 4741 to 4748
Skipped Seq from 4748 to 4775
Skipped Seq from 4805 to 4818
Skipped Seq from 4825 to 4847
Skipped Seq from 4847 to 4884
Skipped Seq from 4884 to 4886
Skipped Seq from 4928 to 4934
Skipped Seq from 4934 to 4945
Skipped Seq from 5060 to 5070
Skipped Seq from 5070 to 5099
Skipped Seq from 5132 to 5148
Skipped Seq from 5148 to 5170
Skipped Seq from 5198 to 5203
Skipped Seq from 5203 to 5225
Skipped Seq from 5266 to 5305
Skipped Seq from 5305 to 5317
Skipped Seq from 5387 to 5419
Skipped Seq from 5419 to 5428
Skipped Seq from 5452 to 5461
Skipped Seq from 5480 to 5512
Skipped Seq from 5521 to 5527
Skipped Seq from 5546 to 5566
Skipped Seq from 5566 to 5576
Skipped Seq from 5596 to 5600
Skipped Seq from 5608 to 5642
Skipped Seq from 5642 to 5677
Skipped Seq from 5693 to 5709
Skipped Seq from 5729 to 5738
Skipped Seq from 5738 to 5763
Skipped Seq from 5783 to 5801
Skipped Seq from 5801 to 5829
Skipped Seq from 5842 to 5848
Skipped Seq from 5852 to 5865
Skipped Seq from 5873 to 5888
Skipped Seq from 5888 to 5904
Skipped Seq from 5925 to 5960
Skipped Seq from 5978 to 5986
Skipped Seq from 5992 to 6024
Skipped Seq from 6024 to 6037
Skipped Seq from 6053 to 6062
Skipped Seq from 6062 to 6098
Skipped Seq from 6098 to 6106
Skipped Seq from 6139 to 6143
Skipped Seq from 6150 to 6164
Skipped Seq from 6164 to 6185
Skipped Seq from 6201 to 6209
Skipped Seq from 6231 to 6245
Skipped Seq from 6245 to 6255
Skipped Seq from 6265 to 6287
Skipped Seq from 6304 to 6325
Skipped Seq from 6344 to 6354
Skipped Seq from 6391 to 6409
Skipped Seq from 6446 to 6512
Skipped Seq from 6512 to 6614
Skipped Seq from 6614 to 6618
Skipped Seq from 6629 to 6634
Skipped Seq from 6644 to 6895
Skipped Seq from 6927 to 7097
Skipped Seq from 7195 to 7199
Skipped Seq from 9933 to 9939
Skipped Seq from 9940 to 9948
Skipped Seq from 9948 to 9952
Skipped Seq from 9967 to 9969
Skipped Seq from 9969 to 9971
Skipped Seq from 9990 to 10004
Skipped Seq from 10005 to 10018
Skipped Seq from 10018 to 10020
Skipped Seq from 10021 to 10028
Skipped Seq from 10034 to 10039
Skipped Seq from 10039 to 10048
Skipped Seq from 10061 to 10080
Skipped Seq from 10080 to 10088
Skipped Seq from 10088 to 10098
Skipped Seq from 10099 to 10119
Skipped Seq from 10134 to 10156
Skipped Seq from 10156 to 10180
Skipped Seq from 10180 to 10182
Skipped Seq from 10182 to 10212
Skipped Seq from 10240 to 10246
Skipped Seq from 10249 to 10254
Skipped Seq from 10273 to 10276
Skipped Seq from 10295 to 10304
Skipped Seq from 10304 to 10311
Skipped Seq from 10324 to 10331
Skipped Seq from 10331 to 10354
Skipped Seq from 10374 to 10377
Skipped Seq from 10381 to 10391
Skipped Seq from 10436 to 10451
Skipped Seq from 10467 to 10480
Skipped Seq from 10481 to 10494
Skipped Seq from 10494 to 10498
Skipped Seq from 10498 to 10504
Skipped Seq from 10505 to 10525
Skipped Seq from 10525 to 10549
Skipped Seq from 10551 to 10563
Skipped Seq from 10571 to 10590
Skipped Seq from 10590 to 10593
Skipped Seq from 10602 to 10633
Skipped Seq from 10633 to 10640
Skipped Seq from 10673 to 10708
Skipped Seq from 10712 to 10729
Skipped Seq from 10748 to 10751
Skipped Seq from 10754 to 10758
Skipped Seq from 10758 to 10763
Skipped Seq from 10765 to 10768
Skipped Seq from 10768 to 10771
Skipped Seq from 10771 to 10776
Skipped Seq from 10779 to 10783
Skipped Seq from 10783 to 10787
Skipped Seq from 10787 to 10789
Skipped Seq from 10797 to 10802
Skipped Seq from 10802 to 10805
Skipped Seq from 10805 to 10811
Skipped Seq from 10813 to 10825
Skipped Seq from 10827 to 10840
Skipped Seq from 10843 to 10849
Skipped Seq from 10849 to 10856
Skipped Seq from 10857 to 10860
Skipped Seq from 10885 to 10889
Skipped Seq from 10889 to 10893
Skipped Seq from 10919 to 10928
Skipped Seq from 10928 to 10948
Skipped Seq from 10948 to 10961
Skipped Seq from 10964 to 10967
Skipped Seq from 10967 to 10979
Skipped Seq from 10984 to 10992
Skipped Seq from 10992 to 11018
Skipped Seq from 11031 to 11060
Skipped Seq from 11060 to 11067
Skipped Seq from 11069 to 11077
Skipped Seq from 11077 to 11111
Skipped Seq from 11172 to 11201
Skipped Seq from 11201 to 11233
Skipped Seq from 11244 to 11275
Skipped Seq from 11283 to 11314
Skipped Seq from 11314 to 11317
Skipped Seq from 11319 to 11343
Skipped Seq from 11344 to 11358
Skipped Seq from 11359 to 11362
Skipped Seq from 11366 to 11370
Skipped Seq from 11390 to 11403
Skipped Seq from 11439 to 11461
Skipped Seq from 11476 to 11498
Skipped Seq from 11507 to 11517
Skipped Seq from 11518 to 11523
Number of times throttled: 8
Received: 7739 / 11526 packets
Start time: 1332842298.248202
End time: 1332842325.900531
Duration: 27.652329
