Starting client at 10.0.0.25:1238 with timeout:10
My IP address is 10.0.0.25Skipped Seq from 429 to 431
Skipped Seq from 431 to 451
Skipped Seq from 451 to 459
Skipped Seq from 460 to 473
Skipped Seq from 473 to 491
Skipped Seq from 782 to 784
Skipped Seq from 879 to 892
Skipped Seq from 892 to 911
Skipped Seq from 911 to 931
Skipped Seq from 931 to 947
Skipped Seq from 947 to 968
Skipped Seq from 986 to 996
Skipped Seq from 996 to 1016
Skipped Seq from 1016 to 1035
Skipped Seq from 1035 to 1042
Skipped Seq from 1148 to 1176
Skipped Seq from 1176 to 1197
Skipped Seq from 1263 to 1285
Skipped Seq from 1285 to 1326
Skipped Seq from 1326 to 1358
Skipped Seq from 1360 to 1367
Skipped Seq from 1367 to 1399
Skipped Seq from 1399 to 1413
Skipped Seq from 1418 to 1431
Skipped Seq from 1431 to 1463
Skipped Seq from 1473 to 1481
Skipped Seq from 1483 to 1496
Skipped Seq from 1496 to 1525
Skipped Seq from 1527 to 1550
Skipped Seq from 1550 to 1586
Skipped Seq from 1586 to 1590
Skipped Seq from 1633 to 1646
Skipped Seq from 1646 to 1665
Skipped Seq from 1695 to 1712
Skipped Seq from 1712 to 1739
Skipped Seq from 1739 to 1747
Skipped Seq from 1752 to 1785
Skipped Seq from 1785 to 1788
Skipped Seq from 1788 to 1791
Skipped Seq from 1847 to 1866
Skipped Seq from 2255 to 2283
Skipped Seq from 2329 to 2360
Skipped Seq from 2383 to 2389
Skipped Seq from 11396 to 11404
Skipped Seq from 11498 to 11518
Skipped Seq from 11538 to 11582
Skipped Seq from 11834 to 11906
Skipped Seq from 13280 to 13294
Skipped Seq from 13295 to 13304
Skipped Seq from 13304 to 13306
Skipped Seq from 13386 to 13426
Skipped Seq from 13451 to 13466
Skipped Seq from 13525 to 13652
Skipped Seq from 13832 to 13843
Skipped Seq from 13843 to 13865
Skipped Seq from 13875 to 13895
Skipped Seq from 13895 to 13945
Skipped Seq from 13945 to 13982
Skipped Seq from 14013 to 14032
Skipped Seq from 14032 to 14048
Skipped Seq from 14109 to 14141
Skipped Seq from 14159 to 14193
Skipped Seq from 14196 to 14226
Skipped Seq from 14234 to 14244
Skipped Seq from 14245 to 14249
Skipped Seq from 14249 to 14259
Skipped Seq from 14268 to 14303
Skipped Seq from 14309 to 14311
Skipped Seq from 14311 to 14314
Skipped Seq from 14314 to 14317
Skipped Seq from 14317 to 14322
Skipped Seq from 14323 to 14333
Skipped Seq from 14333 to 14335
Skipped Seq from 14335 to 14339
Skipped Seq from 14339 to 14341
Skipped Seq from 14349 to 14381
Skipped Seq from 14381 to 14414
Skipped Seq from 14440 to 14462
Skipped Seq from 14462 to 14511
Skipped Seq from 14516 to 14539
Skipped Seq from 14568 to 14606
Skipped Seq from 14606 to 14626
Skipped Seq from 14829 to 14838
Skipped Seq from 14838 to 14857
Skipped Seq from 14857 to 14880
Skipped Seq from 14880 to 14883
Skipped Seq from 14922 to 14936
Skipped Seq from 14936 to 14970
Skipped Seq from 14970 to 14977
Skipped Seq from 15099 to 15101
Skipped Seq from 15101 to 15106
Skipped Seq from 15106 to 15108
Skipped Seq from 15108 to 15113
Skipped Seq from 15113 to 15117
Skipped Seq from 15145 to 15167
Skipped Seq from 15167 to 15185
Skipped Seq from 15185 to 15203
Skipped Seq from 20093 to 20107
Skipped Seq from 20223 to 20226
Skipped Seq from 20226 to 20304
Skipped Seq from 20304 to 20312
Skipped Seq from 20312 to 20358
Skipped Seq from 20358 to 20369
Skipped Seq from 20369 to 20391
Skipped Seq from 20391 to 20400
Skipped Seq from 20400 to 20418
Skipped Seq from 20500 to 20504
Skipped Seq from 20504 to 20521
Skipped Seq from 20583 to 20621
Skipped Seq from 20640 to 20673
Skipped Seq from 20673 to 20689
Skipped Seq from 20763 to 20776
Skipped Seq from 20776 to 20836
Skipped Seq from 20858 to 20884
Skipped Seq from 20886 to 20916
Skipped Seq from 20916 to 20932
Skipped Seq from 20940 to 20974
Skipped Seq from 20974 to 20977
Skipped Seq from 21031 to 21051
Skipped Seq from 21051 to 21087
Skipped Seq from 21087 to 21134
Skipped Seq from 21134 to 21161
Skipped Seq from 21161 to 21224
Skipped Seq from 21224 to 21248
Skipped Seq from 21271 to 21278
Skipped Seq from 21278 to 21282
Skipped Seq from 21282 to 21285
Skipped Seq from 21285 to 21287
Skipped Seq from 21290 to 21293
Skipped Seq from 21296 to 21299
Skipped Seq from 21299 to 21301
Skipped Seq from 21301 to 21309
Skipped Seq from 21311 to 21334
Skipped Seq from 21334 to 21353
Skipped Seq from 21372 to 21386
Skipped Seq from 21386 to 21400
Skipped Seq from 21403 to 21447
Skipped Seq from 21450 to 21476
Skipped Seq from 21476 to 21491
Skipped Seq from 21491 to 21504
Skipped Seq from 21586 to 21592
Skipped Seq from 21592 to 21629
Skipped Seq from 21629 to 21658
Skipped Seq from 21658 to 21693
Skipped Seq from 21847 to 21865
Skipped Seq from 21865 to 21868
Skipped Seq from 36351 to 36384
Skipped Seq from 36384 to 36416
Skipped Seq from 36421 to 36426
Skipped Seq from 36426 to 36433
Skipped Seq from 36435 to 36447
Skipped Seq from 36447 to 36454
Skipped Seq from 36454 to 36464
Skipped Seq from 36465 to 36517
Skipped Seq from 36517 to 36551
Skipped Seq from 36592 to 36613
Skipped Seq from 36613 to 36671
Skipped Seq from 36674 to 36726
Skipped Seq from 36755 to 36761
Skipped Seq from 36770 to 36795
Skipped Seq from 36795 to 36809
Skipped Seq from 36813 to 36860
Skipped Seq from 36862 to 36868
Skipped Seq from 36911 to 36956
Skipped Seq from 36973 to 37049
Skipped Seq from 37050 to 37052
Skipped Seq from 37059 to 37063
Skipped Seq from 37063 to 37071
Skipped Seq from 37071 to 37073
Skipped Seq from 37077 to 37128
Skipped Seq from 37167 to 37183
Skipped Seq from 37183 to 37236
Skipped Seq from 37236 to 37244
Skipped Seq from 37249 to 37279
Skipped Seq from 37279 to 37305
Skipped Seq from 37337 to 37357
Skipped Seq from 37357 to 37371
Skipped Seq from 37374 to 37405
Skipped Seq from 37405 to 37417
Skipped Seq from 37417 to 37445
Skipped Seq from 37445 to 37479
Skipped Seq from 37561 to 37587
Skipped Seq from 37587 to 37638
Skipped Seq from 37643 to 37709
Skipped Seq from 37709 to 37760
Skipped Seq from 37774 to 37781
Skipped Seq from 37781 to 37789
Skipped Seq from 37789 to 37798
Skipped Seq from 37799 to 37801
Skipped Seq from 37804 to 37818
Skipped Seq from 37818 to 37821
Skipped Seq from 37824 to 37830
Skipped Seq from 37830 to 37842
Skipped Seq from 37842 to 37851
Skipped Seq from 37886 to 37890
Skipped Seq from 37890 to 37893
Skipped Seq from 37933 to 37990
Skipped Seq from 37990 to 37993
Skipped Seq from 38048 to 38052
Skipped Seq from 38140 to 38145
Skipped Seq from 38145 to 38188
Skipped Seq from 38200 to 38206
Skipped Seq from 38206 to 38260
Skipped Seq from 38325 to 38335
Skipped Seq from 38358 to 38387
Skipped Seq from 38387 to 38401
Skipped Seq from 38425 to 38435
Skipped Seq from 38435 to 38442
Skipped Seq from 38486 to 38518
Skipped Seq from 38518 to 38546
Skipped Seq from 38546 to 38585
Skipped Seq from 38585 to 38588
Skipped Seq from 38737 to 38743
Skipped Seq from 38743 to 38770
Skipped Seq from 38785 to 38804
Skipped Seq from 39136 to 39235
Skipped Seq from 42018 to 42020
Skipped Seq from 42119 to 42141
Skipped Seq from 42141 to 42164
Skipped Seq from 42206 to 42219
Skipped Seq from 42283 to 42338
Skipped Seq from 42338 to 42340
Skipped Seq from 42342 to 42387
Skipped Seq from 42387 to 42389
Skipped Seq from 42426 to 42443
Skipped Seq from 42443 to 42486
Skipped Seq from 42500 to 42524
Skipped Seq from 42537 to 42586
Skipped Seq from 42586 to 42625
Skipped Seq from 42678 to 42689
Skipped Seq from 42689 to 42737
Skipped Seq from 42742 to 42788
Skipped Seq from 42850 to 42874
Skipped Seq from 42874 to 42886
Skipped Seq from 42923 to 42977
Skipped Seq from 42990 to 43060
Skipped Seq from 43106 to 43138
Skipped Seq from 43138 to 43163
Skipped Seq from 43226 to 43265
Skipped Seq from 43298 to 43320
Skipped Seq from 43324 to 43340
Skipped Seq from 43362 to 43389
Skipped Seq from 43413 to 43492
Skipped Seq from 43492 to 43508
Skipped Seq from 43597 to 43600
Skipped Seq from 43611 to 43613
Skipped Seq from 43613 to 43617
Skipped Seq from 43623 to 43632
Skipped Seq from 43632 to 43668
Skipped Seq from 43668 to 43691
Skipped Seq from 43703 to 43736
Skipped Seq from 43742 to 43762
Skipped Seq from 43762 to 43770
Skipped Seq from 43778 to 43811
Skipped Seq from 43811 to 43813
Skipped Seq from 43821 to 43824
Skipped Seq from 43824 to 43829
Skipped Seq from 43829 to 43834
Skipped Seq from 43834 to 43839
Skipped Seq from 43839 to 43846
Skipped Seq from 43857 to 43865
Skipped Seq from 43865 to 43872
Skipped Seq from 43878 to 43918
Skipped Seq from 43927 to 43931
Skipped Seq from 43931 to 43934
Skipped Seq from 43934 to 43940
Skipped Seq from 43940 to 43946
Skipped Seq from 43946 to 43950
Skipped Seq from 43950 to 43953
Skipped Seq from 43954 to 43957
Skipped Seq from 43980 to 44003
Skipped Seq from 44006 to 44023
Skipped Seq from 44023 to 44046
Skipped Seq from 44046 to 44077
Skipped Seq from 44077 to 44109
Number of times throttled: 20
Received: 44450 / 50015 packets
Start time: 1332841390.329179
End time: 1332841470.996751
Duration: 80.667572
