Starting client at 10.0.0.20:1265 with timeout:10
My IP address is 10.0.0.20Skipped Seq from 853 to 867
Skipped Seq from 867 to 872
Skipped Seq from 878 to 888
Skipped Seq from 890 to 895
Skipped Seq from 896 to 898
Skipped Seq from 898 to 900
Skipped Seq from 900 to 902
Skipped Seq from 903 to 907
Skipped Seq from 908 to 911
Skipped Seq from 911 to 915
Skipped Seq from 916 to 925
Skipped Seq from 1001 to 1010
Skipped Seq from 1010 to 1016
Skipped Seq from 1018 to 1021
Skipped Seq from 1021 to 1026
Skipped Seq from 1032 to 1045
Skipped Seq from 1045 to 1049
Skipped Seq from 1067 to 1078
Skipped Seq from 1078 to 1092
Skipped Seq from 1165 to 1167
Skipped Seq from 1169 to 1185
Skipped Seq from 1185 to 1198
Skipped Seq from 1203 to 1207
Skipped Seq from 1207 to 1222
Skipped Seq from 1223 to 1237
Skipped Seq from 1279 to 1297
Skipped Seq from 1309 to 1325
Skipped Seq from 1350 to 1361
Skipped Seq from 1361 to 1379
Skipped Seq from 1379 to 1381
Skipped Seq from 1387 to 1395
Skipped Seq from 1395 to 1414
Skipped Seq from 1515 to 1526
Skipped Seq from 1526 to 1544
Skipped Seq from 1544 to 1560
Skipped Seq from 1600 to 1616
Skipped Seq from 1616 to 1633
Skipped Seq from 1682 to 1695
Skipped Seq from 1695 to 1699
Skipped Seq from 1699 to 1701
Skipped Seq from 1701 to 1704
Skipped Seq from 1704 to 1706
Skipped Seq from 1706 to 1724
Skipped Seq from 1724 to 1739
Skipped Seq from 1747 to 1764
Skipped Seq from 1764 to 1780
Skipped Seq from 1780 to 1793
Skipped Seq from 1820 to 1822
Skipped Seq from 1822 to 1824
Skipped Seq from 1824 to 1827
Skipped Seq from 1827 to 1829
Skipped Seq from 1829 to 1832
Skipped Seq from 1833 to 1835
Skipped Seq from 1835 to 1838
Skipped Seq from 1840 to 1844
Skipped Seq from 1844 to 1846
Skipped Seq from 1846 to 1848
Skipped Seq from 1857 to 1876
Skipped Seq from 1876 to 1895
Skipped Seq from 1895 to 1914
Skipped Seq from 1914 to 1930
Skipped Seq from 1930 to 1936
Skipped Seq from 2040 to 2042
Skipped Seq from 2047 to 2063
Skipped Seq from 2063 to 2072
Skipped Seq from 2085 to 2095
Skipped Seq from 2095 to 2110
Skipped Seq from 2110 to 2123
Skipped Seq from 2123 to 2128
Skipped Seq from 2131 to 2151
Skipped Seq from 2161 to 2182
Skipped Seq from 2182 to 2205
Skipped Seq from 2235 to 2239
Skipped Seq from 2239 to 2241
Skipped Seq from 2249 to 2266
Skipped Seq from 2269 to 2277
Skipped Seq from 2277 to 2313
Skipped Seq from 2313 to 2315
Skipped Seq from 2342 to 2357
Skipped Seq from 2357 to 2363
Skipped Seq from 2389 to 2391
Skipped Seq from 2391 to 2412
Skipped Seq from 2438 to 2443
Skipped Seq from 2443 to 2480
Skipped Seq from 2480 to 2484
Skipped Seq from 2497 to 2500
Skipped Seq from 2508 to 2514
Skipped Seq from 2514 to 2549
Skipped Seq from 2575 to 2581
Skipped Seq from 2612 to 2645
Skipped Seq from 2645 to 2666
Skipped Seq from 2682 to 2685
Skipped Seq from 2685 to 2706
Skipped Seq from 2727 to 2735
Skipped Seq from 2767 to 2795
Skipped Seq from 2833 to 2847
Skipped Seq from 2889 to 2915
Skipped Seq from 2951 to 2962
Skipped Seq from 2962 to 2986
Skipped Seq from 2990 to 3013
Skipped Seq from 3013 to 3044
Skipped Seq from 3047 to 3093
Skipped Seq from 3102 to 3106
Skipped Seq from 3125 to 3138
Skipped Seq from 3176 to 3194
Skipped Seq from 3275 to 3324
Skipped Seq from 3347 to 3475
Skipped Seq from 3591 to 3654
Skipped Seq from 3718 to 3749
Skipped Seq from 11472 to 11501
Skipped Seq from 11501 to 11504
Skipped Seq from 11580 to 11606
Skipped Seq from 11613 to 11616
Skipped Seq from 11616 to 11659
Skipped Seq from 11685 to 11693
Skipped Seq from 11693 to 11768
Skipped Seq from 11805 to 11837
Skipped Seq from 11842 to 11888
Skipped Seq from 11936 to 11980
Skipped Seq from 12062 to 12067
Skipped Seq from 12067 to 12111
Skipped Seq from 12111 to 12138
Skipped Seq from 12147 to 12149
Skipped Seq from 12149 to 12157
Skipped Seq from 12208 to 12250
Skipped Seq from 12250 to 12276
Skipped Seq from 12288 to 12335
Skipped Seq from 12352 to 12357
Skipped Seq from 12400 to 12405
Skipped Seq from 12413 to 12421
Skipped Seq from 12421 to 12471
Skipped Seq from 12483 to 12504
Skipped Seq from 12504 to 12510
Skipped Seq from 12558 to 12563
Skipped Seq from 12587 to 12598
Skipped Seq from 12598 to 12628
Skipped Seq from 12637 to 12675
Skipped Seq from 12691 to 12726
Skipped Seq from 12771 to 12832
Skipped Seq from 12832 to 12857
Skipped Seq from 12864 to 12871
Skipped Seq from 12871 to 12876
Skipped Seq from 12880 to 12919
Skipped Seq from 12919 to 12945
Skipped Seq from 12958 to 12961
Skipped Seq from 12961 to 12985
Skipped Seq from 12985 to 12999
Skipped Seq from 13001 to 13048
Skipped Seq from 13058 to 13091
Skipped Seq from 13091 to 13093
Skipped Seq from 13110 to 13125
Skipped Seq from 13125 to 13139
Skipped Seq from 13143 to 13176
Skipped Seq from 13207 to 13210
Skipped Seq from 13218 to 13233
Skipped Seq from 13283 to 13308
Skipped Seq from 13309 to 13324
Skipped Seq from 13324 to 13354
Skipped Seq from 13383 to 13431
Skipped Seq from 13455 to 13484
Skipped Seq from 13500 to 13508
Skipped Seq from 13509 to 13527
Skipped Seq from 13527 to 13543
Skipped Seq from 13543 to 13603
Skipped Seq from 13664 to 13668
Skipped Seq from 13668 to 13672
Skipped Seq from 13695 to 13704
Skipped Seq from 13704 to 13720
Skipped Seq from 13800 to 13816
Skipped Seq from 13816 to 13845
Skipped Seq from 13871 to 13893
Skipped Seq from 13933 to 13981
Skipped Seq from 13992 to 13995
Skipped Seq from 13995 to 14008
Skipped Seq from 14046 to 14054
Skipped Seq from 14063 to 14074
Skipped Seq from 14074 to 14090
Skipped Seq from 14090 to 14095
Skipped Seq from 14095 to 14097
Skipped Seq from 14106 to 14135
Skipped Seq from 14179 to 14185
Skipped Seq from 14185 to 14215
Skipped Seq from 14353 to 14365
Skipped Seq from 14365 to 14371
Skipped Seq from 14789 to 14975
Skipped Seq from 15040 to 15053
Skipped Seq from 23821 to 23847
Skipped Seq from 23847 to 23884
Skipped Seq from 23915 to 23973
Skipped Seq from 24035 to 24039
Skipped Seq from 24047 to 24083
Skipped Seq from 24083 to 24116
Skipped Seq from 24166 to 24192
Skipped Seq from 24192 to 24239
Skipped Seq from 24239 to 24261
Skipped Seq from 24266 to 24290
Skipped Seq from 24290 to 24305
Skipped Seq from 24413 to 24491
Skipped Seq from 24491 to 24528
Skipped Seq from 24529 to 24542
Skipped Seq from 24542 to 24552
Skipped Seq from 24559 to 24591
Skipped Seq from 24615 to 24634
Skipped Seq from 24634 to 24638
Skipped Seq from 24649 to 24660
Skipped Seq from 24660 to 24687
Skipped Seq from 24692 to 24714
Skipped Seq from 24714 to 24733
Skipped Seq from 24736 to 24741
Skipped Seq from 24797 to 24818
Skipped Seq from 24818 to 24824
Skipped Seq from 24827 to 24853
Skipped Seq from 24856 to 24871
Skipped Seq from 24871 to 24896
Skipped Seq from 24935 to 24939
Skipped Seq from 24939 to 24949
Skipped Seq from 24949 to 24995
Skipped Seq from 25057 to 25087
Skipped Seq from 25087 to 25136
Skipped Seq from 25213 to 25257
Skipped Seq from 25261 to 25295
Skipped Seq from 25301 to 25330
Skipped Seq from 25332 to 25358
Skipped Seq from 25358 to 25367
Skipped Seq from 25381 to 25392
Skipped Seq from 25392 to 25441
Skipped Seq from 25441 to 25460
Skipped Seq from 25469 to 25486
Skipped Seq from 25486 to 25507
Skipped Seq from 25522 to 25558
Skipped Seq from 25613 to 25688
Skipped Seq from 25688 to 25706
Skipped Seq from 25706 to 25761
Skipped Seq from 25761 to 25780
Skipped Seq from 25827 to 25865
Skipped Seq from 25865 to 25908
Skipped Seq from 25973 to 26007
Skipped Seq from 26014 to 26031
Skipped Seq from 26031 to 26038
Skipped Seq from 26050 to 26121
Skipped Seq from 26123 to 26146
Skipped Seq from 26146 to 26169
Skipped Seq from 26201 to 26207
Skipped Seq from 26207 to 26240
Skipped Seq from 26240 to 26270
Skipped Seq from 26270 to 26276
Skipped Seq from 26326 to 26331
Number of times throttled: 13
Received: 21720 / 26439 packets
Start time: 1332843108.224690
End time: 1332843149.360786
Duration: 41.136096
