Starting client at 10.0.0.10:1291 with timeout:10
My IP address is 10.0.0.10Skipped Seq from 508 to 515
Skipped Seq from 515 to 532
Skipped Seq from 532 to 552
Skipped Seq from 552 to 563
Skipped Seq from 581 to 583
Skipped Seq from 583 to 599
Skipped Seq from 663 to 666
Skipped Seq from 666 to 681
Skipped Seq from 681 to 701
Skipped Seq from 701 to 703
Skipped Seq from 759 to 768
Skipped Seq from 768 to 776
Skipped Seq from 790 to 800
Skipped Seq from 800 to 815
Skipped Seq from 819 to 836
Skipped Seq from 838 to 844
Skipped Seq from 844 to 848
Skipped Seq from 848 to 850
Skipped Seq from 850 to 852
Skipped Seq from 903 to 919
Skipped Seq from 928 to 938
Skipped Seq from 938 to 941
Skipped Seq from 941 to 946
Skipped Seq from 946 to 952
Skipped Seq from 1012 to 1018
Skipped Seq from 1018 to 1020
Skipped Seq from 1022 to 1025
Skipped Seq from 1086 to 1097
Skipped Seq from 1097 to 1118
Skipped Seq from 1122 to 1124
Skipped Seq from 1127 to 1129
Skipped Seq from 1131 to 1133
Skipped Seq from 1243 to 1250
Skipped Seq from 1250 to 1268
Skipped Seq from 1280 to 1300
Skipped Seq from 1300 to 1306
Skipped Seq from 1310 to 1317
Skipped Seq from 1317 to 1322
Skipped Seq from 1325 to 1329
Skipped Seq from 1329 to 1347
Skipped Seq from 1347 to 1364
Skipped Seq from 1364 to 1368
Skipped Seq from 1400 to 1407
Skipped Seq from 1407 to 1415
Skipped Seq from 1436 to 1454
Skipped Seq from 1454 to 1466
Skipped Seq from 1475 to 1478
Skipped Seq from 1479 to 1486
Skipped Seq from 1486 to 1495
Skipped Seq from 1496 to 1514
Skipped Seq from 1514 to 1547
Skipped Seq from 1563 to 1574
Skipped Seq from 1604 to 1611
Skipped Seq from 1618 to 1626
Skipped Seq from 1665 to 1693
Skipped Seq from 1695 to 1706
Skipped Seq from 1716 to 1727
Skipped Seq from 1804 to 1841
Skipped Seq from 1841 to 1860
Skipped Seq from 1865 to 1895
Skipped Seq from 1895 to 1920
Skipped Seq from 1972 to 1980
Skipped Seq from 1980 to 1998
Skipped Seq from 1998 to 2021
Skipped Seq from 2021 to 2038
Skipped Seq from 2068 to 2075
Skipped Seq from 2075 to 2114
Skipped Seq from 2114 to 2144
Skipped Seq from 2191 to 2233
Skipped Seq from 2233 to 2288
Skipped Seq from 2292 to 2308
Skipped Seq from 2308 to 2320
Skipped Seq from 2337 to 2340
Skipped Seq from 2340 to 2357
Skipped Seq from 2357 to 2389
Skipped Seq from 2389 to 2398
Skipped Seq from 2400 to 2413
Skipped Seq from 2413 to 2442
Skipped Seq from 2639 to 2660
Skipped Seq from 2732 to 2738
Skipped Seq from 2797 to 2853
Skipped Seq from 2871 to 2901
Skipped Seq from 2971 to 3011
Skipped Seq from 3043 to 3071
Skipped Seq from 8489 to 8492
Skipped Seq from 8505 to 8511
Skipped Seq from 8511 to 8515
Skipped Seq from 8515 to 8529
Skipped Seq from 8530 to 8554
Skipped Seq from 8557 to 8570
Skipped Seq from 8572 to 8583
Skipped Seq from 8608 to 8613
Skipped Seq from 8613 to 8623
Skipped Seq from 8624 to 8629
Skipped Seq from 8629 to 8632
Skipped Seq from 8635 to 8649
Skipped Seq from 8652 to 8672
Skipped Seq from 8714 to 8717
Skipped Seq from 8744 to 8754
Skipped Seq from 8757 to 8780
Skipped Seq from 8782 to 8784
Skipped Seq from 8784 to 8792
Skipped Seq from 8792 to 8800
Skipped Seq from 8801 to 8804
Skipped Seq from 8804 to 8809
Skipped Seq from 8810 to 8816
Skipped Seq from 8816 to 8828
Skipped Seq from 8835 to 8854
Skipped Seq from 8881 to 8891
Skipped Seq from 8891 to 8893
Skipped Seq from 8894 to 8898
Skipped Seq from 8898 to 8908
Skipped Seq from 8910 to 8913
Skipped Seq from 8915 to 8918
Skipped Seq from 8925 to 8955
Skipped Seq from 9022 to 9038
Skipped Seq from 9038 to 9059
Skipped Seq from 9076 to 9082
Skipped Seq from 9082 to 9090
Skipped Seq from 9090 to 9095
Skipped Seq from 9095 to 9102
Skipped Seq from 9102 to 9132
Skipped Seq from 9132 to 9137
Skipped Seq from 9145 to 9161
Skipped Seq from 9163 to 9170
Skipped Seq from 9184 to 9216
Skipped Seq from 9257 to 9261
Skipped Seq from 9262 to 9268
Skipped Seq from 9290 to 9300
Skipped Seq from 9300 to 9316
Skipped Seq from 9316 to 9325
Skipped Seq from 9325 to 9345
Skipped Seq from 9345 to 9356
Skipped Seq from 9359 to 9388
Skipped Seq from 9388 to 9412
Skipped Seq from 9412 to 9440
Skipped Seq from 9450 to 9467
Skipped Seq from 9469 to 9492
Skipped Seq from 9506 to 9514
Skipped Seq from 9514 to 9530
Skipped Seq from 9530 to 9553
Skipped Seq from 9556 to 9598
Skipped Seq from 9599 to 9627
Skipped Seq from 9627 to 9635
Skipped Seq from 9635 to 9671
Skipped Seq from 9678 to 9687
Skipped Seq from 9687 to 9692
Skipped Seq from 9693 to 9701
Skipped Seq from 9703 to 9741
Skipped Seq from 9748 to 9789
Skipped Seq from 9839 to 9845
Skipped Seq from 9845 to 9870
Skipped Seq from 9870 to 9900
Skipped Seq from 9920 to 9924
Skipped Seq from 9930 to 9935
Skipped Seq from 9935 to 9942
Skipped Seq from 9943 to 9949
Skipped Seq from 9953 to 9959
Skipped Seq from 9968 to 9971
Skipped Seq from 9971 to 9974
Skipped Seq from 10001 to 10006
Skipped Seq from 10006 to 10019
Skipped Seq from 10029 to 10034
Skipped Seq from 10037 to 10044
Skipped Seq from 10044 to 10052
Skipped Seq from 10065 to 10068
Skipped Seq from 10069 to 10090
Skipped Seq from 10093 to 10114
Skipped Seq from 10114 to 10150
Skipped Seq from 10150 to 10159
Skipped Seq from 10159 to 10181
Skipped Seq from 10200 to 10205
Skipped Seq from 10205 to 10211
Skipped Seq from 10213 to 10222
Skipped Seq from 10222 to 10228
Skipped Seq from 10229 to 10232
Skipped Seq from 10232 to 10234
Skipped Seq from 10234 to 10240
Skipped Seq from 10240 to 10243
Skipped Seq from 10255 to 10258
Skipped Seq from 10258 to 10262
Skipped Seq from 10262 to 10268
Skipped Seq from 10268 to 10286
Skipped Seq from 10288 to 10291
Skipped Seq from 10291 to 10294
Skipped Seq from 10294 to 10296
Skipped Seq from 10296 to 10298
Skipped Seq from 10306 to 10310
Skipped Seq from 10310 to 10317
Skipped Seq from 10317 to 10328
Skipped Seq from 10328 to 10332
Skipped Seq from 10332 to 10372
Skipped Seq from 10372 to 10377
Skipped Seq from 10381 to 10384
Skipped Seq from 10401 to 10404
Skipped Seq from 10419 to 10422
Skipped Seq from 10445 to 10449
Skipped Seq from 10450 to 10452
Skipped Seq from 10461 to 10467
Skipped Seq from 10476 to 10478
Skipped Seq from 10560 to 10569
Skipped Seq from 10569 to 10573
Skipped Seq from 10597 to 10599
Skipped Seq from 10626 to 10634
Skipped Seq from 10634 to 10636
Skipped Seq from 10681 to 10683
Skipped Seq from 10689 to 10692
Skipped Seq from 10692 to 10698
Skipped Seq from 10701 to 10703
Skipped Seq from 10823 to 10833
Skipped Seq from 11136 to 11176
Skipped Seq from 11188 to 11190
Skipped Seq from 11219 to 11221
Skipped Seq from 11355 to 11360
Skipped Seq from 11367 to 11393
Skipped Seq from 14662 to 14665
Skipped Seq from 14665 to 14667
Skipped Seq from 14681 to 14691
Skipped Seq from 14691 to 14695
Skipped Seq from 14722 to 14752
Skipped Seq from 14752 to 14759
Skipped Seq from 14759 to 14770
Skipped Seq from 14772 to 14775
Skipped Seq from 14775 to 14779
Skipped Seq from 14805 to 14825
Skipped Seq from 14894 to 14937
Skipped Seq from 14953 to 14959
Skipped Seq from 14965 to 14979
Skipped Seq from 14981 to 14983
Skipped Seq from 14983 to 15025
Skipped Seq from 15025 to 15031
Skipped Seq from 15032 to 15067
Skipped Seq from 15080 to 15114
Skipped Seq from 15114 to 15126
Skipped Seq from 15127 to 15130
Skipped Seq from 15133 to 15136
Skipped Seq from 15144 to 15151
Skipped Seq from 15153 to 15155
Skipped Seq from 15155 to 15163
Skipped Seq from 15166 to 15171
Skipped Seq from 15171 to 15180
Skipped Seq from 15180 to 15194
Skipped Seq from 15194 to 15203
Skipped Seq from 15203 to 15211
Skipped Seq from 15227 to 15229
Skipped Seq from 15246 to 15255
Skipped Seq from 15255 to 15285
Skipped Seq from 15290 to 15304
Skipped Seq from 15311 to 15319
Skipped Seq from 15319 to 15331
Skipped Seq from 15337 to 15340
Skipped Seq from 15340 to 15343
Skipped Seq from 15343 to 15346
Skipped Seq from 15346 to 15349
Skipped Seq from 15349 to 15357
Skipped Seq from 15357 to 15361
Skipped Seq from 15361 to 15371
Skipped Seq from 15371 to 15379
Skipped Seq from 15380 to 15388
Skipped Seq from 15396 to 15416
Skipped Seq from 15425 to 15444
Skipped Seq from 15444 to 15449
Skipped Seq from 15449 to 15451
Skipped Seq from 15467 to 15490
Skipped Seq from 15516 to 15519
Skipped Seq from 15520 to 15524
Skipped Seq from 15524 to 15534
Skipped Seq from 15534 to 15536
Skipped Seq from 15539 to 15541
Skipped Seq from 15541 to 15543
Skipped Seq from 15556 to 15558
Skipped Seq from 15558 to 15573
Skipped Seq from 15604 to 15615
Skipped Seq from 15625 to 15628
Skipped Seq from 15628 to 15630
Skipped Seq from 15630 to 15633
Skipped Seq from 15633 to 15642
Skipped Seq from 15642 to 15654
Skipped Seq from 15654 to 15659
Skipped Seq from 15666 to 15695
Skipped Seq from 15695 to 15697
Skipped Seq from 15709 to 15716
Skipped Seq from 15725 to 15735
Skipped Seq from 15735 to 15751
Skipped Seq from 15758 to 15772
Skipped Seq from 15772 to 15776
Skipped Seq from 15776 to 15786
Skipped Seq from 15786 to 15806
Skipped Seq from 15822 to 15824
Skipped Seq from 15825 to 15829
Skipped Seq from 15829 to 15831
Skipped Seq from 15853 to 15857
Skipped Seq from 15862 to 15871
Skipped Seq from 15871 to 15874
Skipped Seq from 15874 to 15876
Skipped Seq from 15894 to 15899
Skipped Seq from 15899 to 15902
Skipped Seq from 15903 to 15907
Skipped Seq from 15907 to 15909
Skipped Seq from 15909 to 15911
Skipped Seq from 15914 to 15919
Skipped Seq from 15919 to 15921
Skipped Seq from 15921 to 15923
Skipped Seq from 15923 to 15928
Skipped Seq from 15931 to 15935
Skipped Seq from 15935 to 15937
Skipped Seq from 15943 to 15956
Skipped Seq from 15956 to 15961
Skipped Seq from 15963 to 15965
Skipped Seq from 15969 to 15974
Skipped Seq from 15975 to 15980
Skipped Seq from 15980 to 15985
Skipped Seq from 15990 to 15992
Skipped Seq from 15993 to 16002
Skipped Seq from 16002 to 16008
Skipped Seq from 16011 to 16025
Skipped Seq from 16028 to 16032
Skipped Seq from 16032 to 16040
Skipped Seq from 16040 to 16055
Skipped Seq from 16061 to 16067
Skipped Seq from 16067 to 16070
Skipped Seq from 16070 to 16072
Skipped Seq from 16077 to 16083
Skipped Seq from 16087 to 16092
Skipped Seq from 16093 to 16096
Skipped Seq from 16096 to 16098
Skipped Seq from 16100 to 16116
Skipped Seq from 16129 to 16148
Skipped Seq from 16148 to 16155
Skipped Seq from 16155 to 16169
Skipped Seq from 16173 to 16180
Skipped Seq from 16180 to 16188
Skipped Seq from 16200 to 16211
Skipped Seq from 16213 to 16231
Skipped Seq from 16231 to 16235
Skipped Seq from 16235 to 16242
Skipped Seq from 16242 to 16248
Skipped Seq from 16248 to 16250
Skipped Seq from 16251 to 16258
Skipped Seq from 16258 to 16265
Skipped Seq from 16265 to 16283
Skipped Seq from 16293 to 16295
Skipped Seq from 16295 to 16301
Skipped Seq from 16305 to 16312
Skipped Seq from 16312 to 16319
Skipped Seq from 16322 to 16324
Skipped Seq from 16328 to 16337
Skipped Seq from 16337 to 16340
Skipped Seq from 16340 to 16342
Skipped Seq from 16350 to 16352
Skipped Seq from 16352 to 16356
Skipped Seq from 16356 to 16360
Skipped Seq from 16363 to 16365
Skipped Seq from 16365 to 16369
Skipped Seq from 16369 to 16371
Skipped Seq from 16373 to 16376
Skipped Seq from 16385 to 16402
Skipped Seq from 16413 to 16420
Skipped Seq from 16438 to 16441
Skipped Seq from 16447 to 16451
Skipped Seq from 16458 to 16462
Skipped Seq from 16487 to 16492
Skipped Seq from 16529 to 16537
Skipped Seq from 16537 to 16539
Skipped Seq from 16551 to 16562
Skipped Seq from 16562 to 16568
Skipped Seq from 16576 to 16582
Skipped Seq from 16594 to 16597
Skipped Seq from 16599 to 16601
Skipped Seq from 16604 to 16606
Skipped Seq from 16606 to 16610
Skipped Seq from 16627 to 16630
Skipped Seq from 16640 to 16643
Skipped Seq from 16647 to 16649
Skipped Seq from 16649 to 16654
Skipped Seq from 16654 to 16657
Skipped Seq from 16670 to 16680
Skipped Seq from 16686 to 16692
Skipped Seq from 16696 to 16706
Skipped Seq from 16709 to 16713
Skipped Seq from 16720 to 16723
Skipped Seq from 16736 to 16747
Skipped Seq from 16754 to 16758
Skipped Seq from 16758 to 16760
Skipped Seq from 16767 to 16771
Skipped Seq from 16772 to 16775
Skipped Seq from 16805 to 16817
Skipped Seq from 17311 to 17314
Skipped Seq from 17314 to 17318
Skipped Seq from 17322 to 17327
Skipped Seq from 19900 to 19907
Skipped Seq from 19907 to 19915
Skipped Seq from 19928 to 19957
Skipped Seq from 19957 to 19964
Skipped Seq from 19964 to 19967
Skipped Seq from 19967 to 19972
Skipped Seq from 19972 to 19987
Skipped Seq from 19987 to 19999
Skipped Seq from 20031 to 20053
Skipped Seq from 20053 to 20055
Skipped Seq from 20055 to 20062
Skipped Seq from 20062 to 20066
Skipped Seq from 20066 to 20081
Skipped Seq from 20081 to 20084
Skipped Seq from 20084 to 20086
Skipped Seq from 20086 to 20090
Skipped Seq from 20090 to 20104
Skipped Seq from 20105 to 20109
Skipped Seq from 20111 to 20115
Skipped Seq from 20122 to 20126
Skipped Seq from 20127 to 20130
Skipped Seq from 20139 to 20144
Skipped Seq from 20150 to 20153
Skipped Seq from 20153 to 20167
Skipped Seq from 20167 to 20194
Skipped Seq from 20198 to 20210
Skipped Seq from 20210 to 20217
Skipped Seq from 20217 to 20221
Skipped Seq from 20221 to 20230
Skipped Seq from 20239 to 20243
Skipped Seq from 20247 to 20253
Skipped Seq from 20253 to 20256
Skipped Seq from 20256 to 20265
Skipped Seq from 20265 to 20273
Skipped Seq from 20273 to 20275
Skipped Seq from 20275 to 20280
Skipped Seq from 20283 to 20293
Skipped Seq from 20293 to 20329
Skipped Seq from 20329 to 20333
Skipped Seq from 20342 to 20345
Skipped Seq from 20345 to 20348
Skipped Seq from 20348 to 20361
Skipped Seq from 20364 to 20370
Skipped Seq from 20370 to 20374
Skipped Seq from 20384 to 20388
Skipped Seq from 20388 to 20402
Skipped Seq from 20403 to 20405
Skipped Seq from 20405 to 20410
Skipped Seq from 20410 to 20414
Skipped Seq from 20418 to 20424
Skipped Seq from 20424 to 20436
Skipped Seq from 20436 to 20443
Skipped Seq from 20443 to 20445
Skipped Seq from 20452 to 20487
Skipped Seq from 20491 to 20507
Skipped Seq from 20507 to 20510
Skipped Seq from 20510 to 20518
Skipped Seq from 20525 to 20531
Skipped Seq from 20532 to 20534
Skipped Seq from 20535 to 20537
Skipped Seq from 20538 to 20544
Skipped Seq from 20544 to 20548
Skipped Seq from 20548 to 20559
Skipped Seq from 20563 to 20567
Skipped Seq from 20567 to 20577
Skipped Seq from 20577 to 20583
Skipped Seq from 20583 to 20588
Skipped Seq from 20592 to 20604
Skipped Seq from 20604 to 20615
Skipped Seq from 20624 to 20640
Skipped Seq from 20642 to 20645
Skipped Seq from 20651 to 20663
Skipped Seq from 20677 to 20690
Skipped Seq from 20690 to 20698
Skipped Seq from 20699 to 20703
Skipped Seq from 20718 to 20722
Skipped Seq from 20733 to 20751
Skipped Seq from 20751 to 20764
Skipped Seq from 20765 to 20777
Skipped Seq from 20777 to 20779
Skipped Seq from 20781 to 20797
Skipped Seq from 20797 to 20809
Skipped Seq from 20810 to 20816
Skipped Seq from 20818 to 20823
Skipped Seq from 20824 to 20826
Skipped Seq from 20826 to 20833
Skipped Seq from 20837 to 20844
Skipped Seq from 20847 to 20853
Skipped Seq from 20853 to 20858
Skipped Seq from 20860 to 20864
Skipped Seq from 20876 to 20881
Skipped Seq from 20881 to 20892
Skipped Seq from 20907 to 20914
Skipped Seq from 20941 to 20949
Skipped Seq from 20949 to 20963
Skipped Seq from 20963 to 20970
Skipped Seq from 20985 to 20999
Skipped Seq from 20999 to 21015
Skipped Seq from 21019 to 21029
Skipped Seq from 21029 to 21034
Skipped Seq from 21039 to 21043
Skipped Seq from 21043 to 21046
Skipped Seq from 21046 to 21050
Skipped Seq from 21063 to 21067
Skipped Seq from 21067 to 21076
Skipped Seq from 21080 to 21123
Skipped Seq from 21130 to 21139
Skipped Seq from 21139 to 21152
Skipped Seq from 21152 to 21154
Skipped Seq from 21154 to 21165
Skipped Seq from 21165 to 21167
Skipped Seq from 21167 to 21174
Skipped Seq from 21181 to 21184
Skipped Seq from 21185 to 21194
Skipped Seq from 21195 to 21197
Skipped Seq from 21197 to 21202
Skipped Seq from 21205 to 21224
Skipped Seq from 21225 to 21229
Skipped Seq from 21229 to 21231
Skipped Seq from 21241 to 21243
Skipped Seq from 21243 to 21245
Skipped Seq from 21245 to 21249
Skipped Seq from 21252 to 21263
Skipped Seq from 21263 to 21268
Skipped Seq from 21271 to 21277
Skipped Seq from 21279 to 21285
Skipped Seq from 21285 to 21289
Skipped Seq from 21297 to 21301
Skipped Seq from 21301 to 21310
Skipped Seq from 21315 to 21327
Skipped Seq from 21330 to 21336
Skipped Seq from 21336 to 21342
Skipped Seq from 21364 to 21367
Skipped Seq from 21367 to 21373
Skipped Seq from 21374 to 21380
Skipped Seq from 21380 to 21412
Skipped Seq from 21416 to 21426
Skipped Seq from 21428 to 21436
Skipped Seq from 21436 to 21438
Skipped Seq from 21438 to 21441
Skipped Seq from 21441 to 21450
Skipped Seq from 21450 to 21453
Skipped Seq from 21453 to 21456
Skipped Seq from 21457 to 21460
Skipped Seq from 21495 to 21505
Skipped Seq from 21520 to 21534
Skipped Seq from 21541 to 21543
Skipped Seq from 21543 to 21545
Skipped Seq from 21559 to 21575
Skipped Seq from 21585 to 21593
Skipped Seq from 21601 to 21608
Skipped Seq from 21608 to 21614
Skipped Seq from 21624 to 21636
Skipped Seq from 21636 to 21638
Skipped Seq from 21639 to 21655
Skipped Seq from 21700 to 21703
Skipped Seq from 21703 to 21711
Skipped Seq from 21712 to 21721
Skipped Seq from 21726 to 21731
Skipped Seq from 21731 to 21751
Skipped Seq from 21753 to 21759
Skipped Seq from 21759 to 21762
Skipped Seq from 21803 to 21809
Skipped Seq from 21842 to 21862
Skipped Seq from 21862 to 21867
Skipped Seq from 21867 to 21871
Skipped Seq from 21873 to 21879
Skipped Seq from 21904 to 21922
Skipped Seq from 21922 to 21935
Skipped Seq from 21935 to 21939
Skipped Seq from 21947 to 21954
Skipped Seq from 21979 to 21991
Skipped Seq from 22012 to 22014
Skipped Seq from 22019 to 22027
Skipped Seq from 22028 to 22030
Skipped Seq from 22032 to 22041
Skipped Seq from 22062 to 22066
Skipped Seq from 27820 to 27840
Skipped Seq from 27840 to 27857
Skipped Seq from 27862 to 27864
Skipped Seq from 27878 to 27887
Skipped Seq from 27890 to 27915
Skipped Seq from 27915 to 27931
Skipped Seq from 27962 to 27991
Skipped Seq from 28041 to 28050
Skipped Seq from 28050 to 28078
Skipped Seq from 28114 to 28120
Skipped Seq from 28120 to 28143
Skipped Seq from 28143 to 28195
Skipped Seq from 28195 to 28200
Skipped Seq from 28288 to 28290
Skipped Seq from 28295 to 28306
Skipped Seq from 28309 to 28322
Skipped Seq from 28322 to 28325
Skipped Seq from 28327 to 28368
Skipped Seq from 28368 to 28389
Skipped Seq from 28467 to 28493
Skipped Seq from 28546 to 28566
Skipped Seq from 28589 to 28605
Skipped Seq from 28605 to 28612
Skipped Seq from 28617 to 28661
Skipped Seq from 28968 to 28982
Skipped Seq from 28982 to 29017
Skipped Seq from 29022 to 29062
Skipped Seq from 29062 to 29064
Skipped Seq from 29066 to 29091
Skipped Seq from 29091 to 29097
Skipped Seq from 29097 to 29105
Skipped Seq from 29105 to 29109
Skipped Seq from 29109 to 29112
Skipped Seq from 29112 to 29114
Skipped Seq from 29125 to 29130
Skipped Seq from 29130 to 29132
Skipped Seq from 29228 to 29251
Skipped Seq from 29255 to 29301
Skipped Seq from 29301 to 29312
Skipped Seq from 29368 to 29378
Skipped Seq from 29378 to 29423
Skipped Seq from 29423 to 29442
Skipped Seq from 29442 to 29489
Skipped Seq from 29489 to 29517
Skipped Seq from 29597 to 29612
Skipped Seq from 29612 to 29647
Skipped Seq from 29648 to 29672
Skipped Seq from 29675 to 29686
Skipped Seq from 29686 to 29727
Skipped Seq from 29727 to 29736
Skipped Seq from 29824 to 29840
Skipped Seq from 29840 to 29867
Skipped Seq from 29867 to 29915
Skipped Seq from 29915 to 29917
Skipped Seq from 30218 to 30223
Skipped Seq from 30223 to 30259
Skipped Seq from 38997 to 39016
Skipped Seq from 39065 to 39115
Skipped Seq from 39163 to 39166
Skipped Seq from 39166 to 39178
Skipped Seq from 39181 to 39198
Skipped Seq from 39198 to 39220
Skipped Seq from 39223 to 39241
Skipped Seq from 39241 to 39248
Skipped Seq from 39286 to 39298
Skipped Seq from 39359 to 39396
Skipped Seq from 39447 to 39480
Skipped Seq from 39480 to 39493
Skipped Seq from 39510 to 39517
Skipped Seq from 39517 to 39534
Skipped Seq from 39534 to 39573
Skipped Seq from 39573 to 39613
Skipped Seq from 39613 to 39654
Skipped Seq from 39654 to 39684
Skipped Seq from 39685 to 39704
Skipped Seq from 39709 to 39716
Skipped Seq from 39770 to 39772
Skipped Seq from 39772 to 39826
Skipped Seq from 39827 to 39874
Skipped Seq from 39875 to 39907
Skipped Seq from 39959 to 40005
Skipped Seq from 40040 to 40063
Skipped Seq from 40063 to 40105
Skipped Seq from 40105 to 40139
Skipped Seq from 40139 to 40154
Skipped Seq from 40155 to 40199
Skipped Seq from 40263 to 40297
Skipped Seq from 40297 to 40344
Skipped Seq from 40344 to 40348
Skipped Seq from 40369 to 40374
Skipped Seq from 40374 to 40385
Skipped Seq from 40387 to 40452
Skipped Seq from 40452 to 40474
Skipped Seq from 40493 to 40520
Skipped Seq from 40539 to 40544
Skipped Seq from 40544 to 40611
Skipped Seq from 40611 to 40664
Skipped Seq from 40664 to 40695
Skipped Seq from 40695 to 40732
Skipped Seq from 40733 to 40742
Skipped Seq from 40742 to 40754
Skipped Seq from 40754 to 40763
Skipped Seq from 40784 to 40865
Skipped Seq from 40867 to 40882
Skipped Seq from 40882 to 40922
Skipped Seq from 40941 to 40945
Skipped Seq from 40945 to 41007
Skipped Seq from 41007 to 41023
Skipped Seq from 41036 to 41038
Skipped Seq from 41038 to 41043
Skipped Seq from 41043 to 41046
Skipped Seq from 41080 to 41085
Skipped Seq from 41085 to 41110
Skipped Seq from 41110 to 41112
Skipped Seq from 41112 to 41122
Skipped Seq from 41196 to 41215
Skipped Seq from 41215 to 41238
Skipped Seq from 41257 to 41276
Skipped Seq from 41276 to 41286
Skipped Seq from 41326 to 41344
Skipped Seq from 41344 to 41357
Skipped Seq from 41372 to 41383
Skipped Seq from 41393 to 41420
Skipped Seq from 41420 to 41428
Skipped Seq from 41453 to 41462
Skipped Seq from 41504 to 41510
Skipped Seq from 41522 to 41529
Skipped Seq from 41529 to 41545
Skipped Seq from 41546 to 41571
Skipped Seq from 41631 to 41633
Skipped Seq from 41633 to 41670
Skipped Seq from 41751 to 41757
Number of times throttled: 22
Received: 38874 / 46441 packets
Start time: 1332844236.341252
End time: 1332844301.523500
Duration: 65.182248
