Starting client at 10.0.0.23:1249 with timeout:10
My IP address is 10.0.0.23Skipped Seq from 393 to 396
Skipped Seq from 397 to 400
Skipped Seq from 421 to 424
Skipped Seq from 425 to 427
Skipped Seq from 428 to 430
Skipped Seq from 430 to 432
Skipped Seq from 433 to 435
Skipped Seq from 437 to 454
Skipped Seq from 454 to 471
Skipped Seq from 472 to 474
Skipped Seq from 474 to 494
Skipped Seq from 494 to 501
Skipped Seq from 501 to 522
Skipped Seq from 522 to 527
Skipped Seq from 578 to 592
Skipped Seq from 592 to 594
Skipped Seq from 594 to 617
Skipped Seq from 617 to 622
Skipped Seq from 629 to 631
Skipped Seq from 639 to 641
Skipped Seq from 641 to 643
Skipped Seq from 649 to 657
Skipped Seq from 657 to 669
Skipped Seq from 671 to 686
Skipped Seq from 686 to 695
Skipped Seq from 696 to 705
Skipped Seq from 705 to 709
Skipped Seq from 709 to 722
Skipped Seq from 738 to 752
Skipped Seq from 752 to 756
Skipped Seq from 758 to 771
Skipped Seq from 771 to 790
Skipped Seq from 790 to 804
Skipped Seq from 819 to 829
Skipped Seq from 830 to 832
Skipped Seq from 833 to 835
Skipped Seq from 838 to 845
Skipped Seq from 845 to 855
Skipped Seq from 861 to 870
Skipped Seq from 870 to 873
Skipped Seq from 873 to 884
Skipped Seq from 885 to 896
Skipped Seq from 896 to 909
Skipped Seq from 909 to 922
Skipped Seq from 922 to 927
Skipped Seq from 927 to 930
Skipped Seq from 930 to 932
Skipped Seq from 935 to 938
Skipped Seq from 938 to 945
Skipped Seq from 945 to 956
Skipped Seq from 956 to 964
Skipped Seq from 964 to 966
Skipped Seq from 985 to 988
Skipped Seq from 988 to 990
Skipped Seq from 991 to 1002
Skipped Seq from 1002 to 1016
Skipped Seq from 1020 to 1022
Skipped Seq from 1028 to 1042
Skipped Seq from 1042 to 1049
Skipped Seq from 1049 to 1054
Skipped Seq from 1054 to 1071
Skipped Seq from 1072 to 1074
Skipped Seq from 1074 to 1087
Skipped Seq from 1087 to 1089
Skipped Seq from 1089 to 1094
Skipped Seq from 1099 to 1104
Skipped Seq from 1104 to 1109
Skipped Seq from 1109 to 1112
Skipped Seq from 1114 to 1119
Skipped Seq from 1127 to 1130
Skipped Seq from 1130 to 1132
Skipped Seq from 1133 to 1138
Skipped Seq from 1142 to 1147
Skipped Seq from 1148 to 1150
Skipped Seq from 1151 to 1156
Skipped Seq from 1156 to 1166
Skipped Seq from 1184 to 1187
Skipped Seq from 1196 to 1210
Skipped Seq from 1210 to 1212
Skipped Seq from 1212 to 1214
Skipped Seq from 1220 to 1237
Skipped Seq from 1237 to 1255
Skipped Seq from 1255 to 1257
Skipped Seq from 1257 to 1270
Skipped Seq from 1270 to 1293
Skipped Seq from 1296 to 1303
Skipped Seq from 1303 to 1315
Skipped Seq from 1337 to 1340
Skipped Seq from 1340 to 1343
Skipped Seq from 1344 to 1354
Skipped Seq from 1354 to 1369
Skipped Seq from 1369 to 1378
Skipped Seq from 1413 to 1415
Skipped Seq from 1436 to 1457
Skipped Seq from 1457 to 1480
Skipped Seq from 1480 to 1511
Skipped Seq from 1511 to 1517
Skipped Seq from 1518 to 1520
Skipped Seq from 1524 to 1530
Skipped Seq from 1530 to 1545
Skipped Seq from 1571 to 1578
Skipped Seq from 1578 to 1581
Skipped Seq from 1582 to 1592
Skipped Seq from 1592 to 1615
Skipped Seq from 1623 to 1628
Skipped Seq from 1628 to 1630
Skipped Seq from 1639 to 1641
Skipped Seq from 1642 to 1644
Skipped Seq from 1663 to 1666
Skipped Seq from 1667 to 1669
Skipped Seq from 1669 to 1684
Skipped Seq from 1722 to 1725
Skipped Seq from 1725 to 1727
Skipped Seq from 1771 to 1773
Skipped Seq from 1786 to 1789
Skipped Seq from 1789 to 1792
Skipped Seq from 1792 to 1795
Skipped Seq from 1808 to 1824
Skipped Seq from 1824 to 1833
Skipped Seq from 1833 to 1839
Skipped Seq from 1839 to 1853
Skipped Seq from 1870 to 1886
Skipped Seq from 1911 to 1930
Skipped Seq from 1944 to 1964
Skipped Seq from 1964 to 1968
Skipped Seq from 1969 to 1977
Skipped Seq from 1977 to 1980
Skipped Seq from 1980 to 1987
Skipped Seq from 1987 to 1991
Skipped Seq from 1991 to 1993
Skipped Seq from 1993 to 1996
Skipped Seq from 2055 to 2064
Skipped Seq from 2064 to 2099
Skipped Seq from 2110 to 2114
Skipped Seq from 2130 to 2132
Skipped Seq from 2132 to 2135
Skipped Seq from 2137 to 2141
Skipped Seq from 2141 to 2146
Skipped Seq from 2146 to 2149
Skipped Seq from 2149 to 2153
Skipped Seq from 2153 to 2157
Skipped Seq from 2157 to 2161
Skipped Seq from 2161 to 2163
Skipped Seq from 2596 to 2602
Skipped Seq from 2602 to 2606
Skipped Seq from 2606 to 2609
Skipped Seq from 8376 to 8378
Skipped Seq from 8378 to 8389
Skipped Seq from 8389 to 8437
Skipped Seq from 8437 to 8456
Skipped Seq from 8478 to 8494
Skipped Seq from 8495 to 8502
Skipped Seq from 8503 to 8517
Skipped Seq from 8519 to 8538
Skipped Seq from 8544 to 8548
Skipped Seq from 8548 to 8553
Skipped Seq from 8562 to 8588
Skipped Seq from 8588 to 8595
Skipped Seq from 8595 to 8617
Skipped Seq from 8617 to 8652
Skipped Seq from 8679 to 8687
Skipped Seq from 8689 to 8708
Skipped Seq from 8708 to 8726
Skipped Seq from 8731 to 8744
Skipped Seq from 8744 to 8773
Skipped Seq from 8773 to 8792
Skipped Seq from 8792 to 8812
Skipped Seq from 8812 to 8834
Skipped Seq from 8834 to 8837
Skipped Seq from 8837 to 8850
Skipped Seq from 8851 to 8869
Skipped Seq from 8869 to 8871
Skipped Seq from 8871 to 8885
Skipped Seq from 8885 to 8897
Skipped Seq from 8900 to 8903
Skipped Seq from 8903 to 8924
Skipped Seq from 8924 to 8929
Skipped Seq from 8929 to 8954
Skipped Seq from 8955 to 8960
Skipped Seq from 8960 to 8974
Skipped Seq from 8975 to 8983
Skipped Seq from 8983 to 8986
Skipped Seq from 8986 to 8988
Skipped Seq from 8989 to 8999
Skipped Seq from 8999 to 9001
Skipped Seq from 9022 to 9024
Skipped Seq from 9024 to 9028
Skipped Seq from 9028 to 9031
Skipped Seq from 9031 to 9034
Skipped Seq from 9034 to 9036
Skipped Seq from 9036 to 9039
Skipped Seq from 9039 to 9047
Skipped Seq from 9047 to 9050
Skipped Seq from 9051 to 9059
Skipped Seq from 9059 to 9065
Skipped Seq from 9065 to 9077
Skipped Seq from 9077 to 9082
Skipped Seq from 9082 to 9086
Skipped Seq from 9086 to 9096
Skipped Seq from 9096 to 9099
Skipped Seq from 9099 to 9105
Skipped Seq from 9105 to 9117
Skipped Seq from 9122 to 9129
Skipped Seq from 9175 to 9179
Skipped Seq from 9179 to 9181
Number of times throttled: 4
Received: 7595 / 9186 packets
Start time: 1332842128.317082
End time: 1332842143.100212
Duration: 14.783130
