Starting client at 10.0.0.14:1247 with timeout:10
My IP address is 10.0.0.14Skipped Seq from 731 to 736
Skipped Seq from 736 to 756
Skipped Seq from 756 to 776
Skipped Seq from 776 to 793
Skipped Seq from 793 to 813
Skipped Seq from 813 to 815
Skipped Seq from 821 to 823
Skipped Seq from 823 to 842
Skipped Seq from 842 to 861
Skipped Seq from 874 to 902
Skipped Seq from 932 to 937
Skipped Seq from 937 to 950
Skipped Seq from 950 to 971
Skipped Seq from 975 to 985
Skipped Seq from 985 to 987
Skipped Seq from 987 to 1000
Skipped Seq from 1000 to 1017
Skipped Seq from 1017 to 1036
Skipped Seq from 1036 to 1050
Skipped Seq from 1050 to 1066
Skipped Seq from 1066 to 1085
Skipped Seq from 1085 to 1092
Skipped Seq from 1136 to 1145
Skipped Seq from 1145 to 1165
Skipped Seq from 1165 to 1202
Skipped Seq from 1226 to 1228
Skipped Seq from 1259 to 1261
Skipped Seq from 1286 to 1304
Skipped Seq from 1304 to 1319
Skipped Seq from 1323 to 1344
Skipped Seq from 1361 to 1376
Skipped Seq from 1376 to 1399
Skipped Seq from 1404 to 1406
Skipped Seq from 1410 to 1412
Skipped Seq from 1432 to 1435
Skipped Seq from 1435 to 1440
Skipped Seq from 1443 to 1446
Skipped Seq from 1446 to 1464
Skipped Seq from 1464 to 1482
Skipped Seq from 1482 to 1494
Skipped Seq from 1494 to 1498
Skipped Seq from 1611 to 1629
Skipped Seq from 1824 to 1828
Skipped Seq from 1828 to 1847
Skipped Seq from 1847 to 1866
Skipped Seq from 1866 to 1885
Skipped Seq from 1885 to 1899
Skipped Seq from 1899 to 1912
Skipped Seq from 1972 to 1978
Skipped Seq from 1978 to 1997
Skipped Seq from 2002 to 2004
Skipped Seq from 2004 to 2025
Skipped Seq from 2025 to 2045
Skipped Seq from 2045 to 2064
Skipped Seq from 2064 to 2080
Skipped Seq from 2080 to 2087
Skipped Seq from 2097 to 2100
Skipped Seq from 2100 to 2117
Skipped Seq from 2117 to 2128
Skipped Seq from 2191 to 2205
Skipped Seq from 2205 to 2238
Skipped Seq from 2238 to 2272
Skipped Seq from 2272 to 2279
Skipped Seq from 2282 to 2299
Skipped Seq from 2299 to 2312
Skipped Seq from 2312 to 2330
Skipped Seq from 2332 to 2340
Skipped Seq from 2340 to 2370
Skipped Seq from 2371 to 2395
Skipped Seq from 2395 to 2397
Skipped Seq from 2444 to 2473
Skipped Seq from 2473 to 2475
Skipped Seq from 2535 to 2563
Skipped Seq from 2563 to 2589
Skipped Seq from 2625 to 2657
Skipped Seq from 2657 to 2660
Skipped Seq from 2885 to 2911
Skipped Seq from 2923 to 2956
Skipped Seq from 3011 to 3069
Skipped Seq from 3263 to 3270
Skipped Seq from 3326 to 3334
Number of times throttled: 4
Received: 9222 / 10377 packets
Start time: 1332842380.501553
End time: 1332842398.140131
Duration: 17.638578
