Starting client at 10.0.0.13:1242 with timeout:10
My IP address is 10.0.0.13Skipped Seq from 767 to 769
Skipped Seq from 769 to 771
Skipped Seq from 771 to 773
Skipped Seq from 773 to 777
Skipped Seq from 778 to 792
Skipped Seq from 792 to 802
Skipped Seq from 804 to 812
Skipped Seq from 812 to 817
Skipped Seq from 817 to 819
Skipped Seq from 820 to 822
Skipped Seq from 822 to 827
Skipped Seq from 828 to 831
Skipped Seq from 833 to 839
Skipped Seq from 839 to 844
Skipped Seq from 844 to 847
Skipped Seq from 847 to 849
Skipped Seq from 849 to 853
Skipped Seq from 853 to 857
Skipped Seq from 857 to 859
Skipped Seq from 859 to 864
Skipped Seq from 867 to 869
Skipped Seq from 869 to 872
Skipped Seq from 872 to 878
Skipped Seq from 882 to 884
Skipped Seq from 884 to 890
Skipped Seq from 891 to 896
Skipped Seq from 898 to 903
Skipped Seq from 903 to 907
Skipped Seq from 910 to 913
Skipped Seq from 913 to 916
Skipped Seq from 916 to 920
Skipped Seq from 921 to 926
Skipped Seq from 926 to 932
Skipped Seq from 932 to 936
Skipped Seq from 936 to 943
Skipped Seq from 944 to 946
Skipped Seq from 947 to 953
Skipped Seq from 953 to 956
Skipped Seq from 956 to 962
Skipped Seq from 964 to 966
Skipped Seq from 966 to 969
Skipped Seq from 970 to 973
Skipped Seq from 973 to 977
Skipped Seq from 978 to 986
Skipped Seq from 987 to 991
Skipped Seq from 993 to 1004
Skipped Seq from 1004 to 1006
Skipped Seq from 1007 to 1009
Skipped Seq from 1010 to 1012
Skipped Seq from 1013 to 1015
Skipped Seq from 1015 to 1018
Skipped Seq from 1018 to 1022
Skipped Seq from 1022 to 1034
Skipped Seq from 1034 to 1037
Skipped Seq from 1037 to 1043
Skipped Seq from 1044 to 1047
Skipped Seq from 1047 to 1050
Skipped Seq from 1050 to 1052
Skipped Seq from 1052 to 1054
Skipped Seq from 1055 to 1062
Skipped Seq from 1063 to 1065
Skipped Seq from 1065 to 1071
Skipped Seq from 1071 to 1073
Skipped Seq from 1075 to 1077
Skipped Seq from 1077 to 1079
Skipped Seq from 1079 to 1085
Skipped Seq from 1085 to 1096
Skipped Seq from 1096 to 1099
Skipped Seq from 1100 to 1102
Skipped Seq from 1106 to 1118
Skipped Seq from 1119 to 1121
Skipped Seq from 1121 to 1124
Skipped Seq from 1124 to 1131
Skipped Seq from 1131 to 1136
Skipped Seq from 1136 to 1139
Skipped Seq from 1139 to 1144
Skipped Seq from 1144 to 1147
Skipped Seq from 1148 to 1151
Skipped Seq from 1152 to 1160
Skipped Seq from 1162 to 1164
Skipped Seq from 1164 to 1166
Skipped Seq from 1167 to 1169
Skipped Seq from 1169 to 1177
Skipped Seq from 1177 to 1188
Skipped Seq from 1188 to 1195
Skipped Seq from 1195 to 1199
Skipped Seq from 1199 to 1203
Skipped Seq from 1203 to 1209
Skipped Seq from 1212 to 1214
Skipped Seq from 1215 to 1219
Skipped Seq from 1219 to 1221
Skipped Seq from 1222 to 1227
Skipped Seq from 1227 to 1240
Skipped Seq from 1240 to 1242
Skipped Seq from 1242 to 1250
Skipped Seq from 1252 to 1257
Skipped Seq from 1258 to 1260
Skipped Seq from 1260 to 1264
Skipped Seq from 1268 to 1271
Skipped Seq from 1271 to 1275
Skipped Seq from 1277 to 1279
Skipped Seq from 1279 to 1282
Skipped Seq from 1284 to 1289
Skipped Seq from 1289 to 1291
Skipped Seq from 1291 to 1294
Skipped Seq from 1295 to 1298
Skipped Seq from 1298 to 1302
Skipped Seq from 1302 to 1305
Skipped Seq from 1305 to 1307
Skipped Seq from 1313 to 1316
Skipped Seq from 1316 to 1324
Skipped Seq from 1324 to 1327
Skipped Seq from 1327 to 1336
Skipped Seq from 1336 to 1349
Skipped Seq from 1349 to 1355
Skipped Seq from 1355 to 1360
Skipped Seq from 1360 to 1362
Skipped Seq from 1362 to 1365
Skipped Seq from 1365 to 1367
Skipped Seq from 1367 to 1370
Skipped Seq from 1370 to 1372
Skipped Seq from 1372 to 1376
Skipped Seq from 1376 to 1378
Skipped Seq from 1378 to 1380
Skipped Seq from 1382 to 1389
Skipped Seq from 1389 to 1396
Skipped Seq from 1396 to 1399
Skipped Seq from 1399 to 1403
Skipped Seq from 1403 to 1405
Skipped Seq from 1405 to 1407
Skipped Seq from 1407 to 1412
Skipped Seq from 1417 to 1422
Skipped Seq from 1422 to 1425
Skipped Seq from 1425 to 1427
Skipped Seq from 1428 to 1437
Skipped Seq from 1438 to 1445
Skipped Seq from 1449 to 1451
Skipped Seq from 1452 to 1455
Skipped Seq from 1455 to 1460
Skipped Seq from 1464 to 1466
Skipped Seq from 1466 to 1469
Skipped Seq from 1470 to 1473
Skipped Seq from 1474 to 1476
Skipped Seq from 1477 to 1480
Skipped Seq from 1480 to 1484
Skipped Seq from 1484 to 1487
Skipped Seq from 1489 to 1491
Skipped Seq from 1491 to 1493
Skipped Seq from 1493 to 1495
Skipped Seq from 1495 to 1500
Skipped Seq from 1502 to 1504
Skipped Seq from 1504 to 1508
Skipped Seq from 1508 to 1512
Skipped Seq from 1512 to 1516
Skipped Seq from 1517 to 1521
Skipped Seq from 1521 to 1524
Skipped Seq from 1525 to 1527
Skipped Seq from 1529 to 1532
Skipped Seq from 1532 to 1534
Skipped Seq from 1535 to 1539
Skipped Seq from 1539 to 1541
Skipped Seq from 1541 to 1545
Skipped Seq from 1545 to 1549
Skipped Seq from 1549 to 1552
Skipped Seq from 1552 to 1554
Skipped Seq from 1557 to 1561
Skipped Seq from 1561 to 1567
Skipped Seq from 1567 to 1572
Skipped Seq from 1572 to 1578
Skipped Seq from 1578 to 1584
Skipped Seq from 1584 to 1587
Skipped Seq from 1587 to 1598
Skipped Seq from 1598 to 1600
Skipped Seq from 1600 to 1602
Skipped Seq from 1603 to 1606
Skipped Seq from 1606 to 1608
Skipped Seq from 1609 to 1611
Skipped Seq from 1612 to 1615
Skipped Seq from 1615 to 1619
Skipped Seq from 1619 to 1624
Skipped Seq from 1626 to 1628
Skipped Seq from 1628 to 1631
Skipped Seq from 1631 to 1633
Skipped Seq from 1634 to 1641
Skipped Seq from 1641 to 1643
Skipped Seq from 1643 to 1646
Skipped Seq from 1646 to 1652
Skipped Seq from 1653 to 1656
Skipped Seq from 1658 to 1660
Skipped Seq from 1660 to 1667
Skipped Seq from 1668 to 1672
Skipped Seq from 1675 to 1693
Skipped Seq from 1693 to 1696
Skipped Seq from 1696 to 1699
Skipped Seq from 1699 to 1707
Skipped Seq from 1707 to 1711
Skipped Seq from 1713 to 1717
Skipped Seq from 1717 to 1719
Skipped Seq from 1719 to 1721
Skipped Seq from 1721 to 1724
Skipped Seq from 1724 to 1726
Skipped Seq from 1726 to 1735
Skipped Seq from 1735 to 1739
Skipped Seq from 1740 to 1743
Skipped Seq from 1744 to 1750
Skipped Seq from 1750 to 1752
Skipped Seq from 1752 to 1756
Skipped Seq from 1757 to 1760
Skipped Seq from 1760 to 1768
Skipped Seq from 1768 to 1775
Skipped Seq from 1775 to 1778
Skipped Seq from 1778 to 1780
Skipped Seq from 1782 to 1792
Skipped Seq from 1797 to 1799
Skipped Seq from 1799 to 1804
Skipped Seq from 1810 to 1819
Skipped Seq from 1820 to 1823
Skipped Seq from 1825 to 1828
Skipped Seq from 1828 to 1830
Skipped Seq from 1832 to 1840
Skipped Seq from 1840 to 1843
Skipped Seq from 1843 to 1845
Skipped Seq from 1845 to 1847
Skipped Seq from 1847 to 1851
Skipped Seq from 1855 to 1858
Skipped Seq from 1858 to 1860
Skipped Seq from 1860 to 1862
Skipped Seq from 1863 to 1866
Skipped Seq from 1866 to 1868
Skipped Seq from 1868 to 1873
Skipped Seq from 1873 to 1876
Skipped Seq from 1876 to 1879
Skipped Seq from 1880 to 1883
Skipped Seq from 1883 to 1888
Skipped Seq from 1888 to 1891
Skipped Seq from 1891 to 1893
Skipped Seq from 1898 to 1906
Skipped Seq from 1906 to 1909
Skipped Seq from 1918 to 1927
Skipped Seq from 1927 to 1940
Skipped Seq from 1940 to 1945
Skipped Seq from 1945 to 1954
Skipped Seq from 1957 to 1964
Skipped Seq from 1964 to 1972
Skipped Seq from 1972 to 1980
Skipped Seq from 1980 to 1988
Skipped Seq from 1988 to 1991
Skipped Seq from 1997 to 1999
Skipped Seq from 1999 to 2007
Skipped Seq from 2007 to 2014
Skipped Seq from 2014 to 2029
Skipped Seq from 2029 to 2036
Skipped Seq from 2036 to 2041
Skipped Seq from 2041 to 2043
Skipped Seq from 2045 to 2051
Skipped Seq from 2051 to 2053
Skipped Seq from 2053 to 2055
Skipped Seq from 2060 to 2064
Skipped Seq from 2068 to 2071
Skipped Seq from 2078 to 2085
Skipped Seq from 2086 to 2088
Skipped Seq from 2088 to 2093
Skipped Seq from 2093 to 2095
Skipped Seq from 2095 to 2098
Skipped Seq from 2103 to 2107
Skipped Seq from 2107 to 2111
Skipped Seq from 2112 to 2115
Skipped Seq from 2115 to 2120
Skipped Seq from 2120 to 2122
Skipped Seq from 2122 to 2128
Skipped Seq from 2128 to 2130
Skipped Seq from 2131 to 2135
Skipped Seq from 2135 to 2150
Skipped Seq from 2150 to 2158
Skipped Seq from 2158 to 2162
Skipped Seq from 2163 to 2166
Skipped Seq from 2169 to 2173
Skipped Seq from 2173 to 2183
Skipped Seq from 2183 to 2186
Skipped Seq from 2186 to 2189
Skipped Seq from 2195 to 2204
Skipped Seq from 2204 to 2206
Skipped Seq from 2206 to 2208
Skipped Seq from 2208 to 2211
Skipped Seq from 2211 to 2225
Skipped Seq from 2225 to 2229
Skipped Seq from 2229 to 2232
Skipped Seq from 2233 to 2236
Skipped Seq from 2238 to 2240
Skipped Seq from 2241 to 2248
Skipped Seq from 2248 to 2254
Skipped Seq from 2254 to 2257
Skipped Seq from 2257 to 2261
Skipped Seq from 2261 to 2263
Skipped Seq from 2263 to 2265
Skipped Seq from 2265 to 2278
Skipped Seq from 2279 to 2283
Skipped Seq from 2283 to 2288
Skipped Seq from 2290 to 2297
Skipped Seq from 2298 to 2300
Skipped Seq from 2300 to 2302
Skipped Seq from 2302 to 2304
Skipped Seq from 2306 to 2309
Skipped Seq from 2309 to 2311
Skipped Seq from 2312 to 2315
Skipped Seq from 2316 to 2318
Skipped Seq from 2318 to 2320
Skipped Seq from 2320 to 2322
Skipped Seq from 2322 to 2326
Skipped Seq from 2327 to 2332
Skipped Seq from 2332 to 2337
Skipped Seq from 2340 to 2343
Skipped Seq from 2343 to 2347
Skipped Seq from 2347 to 2351
Skipped Seq from 2355 to 2357
Skipped Seq from 2358 to 2362
Skipped Seq from 2362 to 2370
Skipped Seq from 2373 to 2377
Skipped Seq from 2379 to 2383
Skipped Seq from 2384 to 2387
Skipped Seq from 2387 to 2392
Skipped Seq from 2393 to 2395
Skipped Seq from 2396 to 2400
Skipped Seq from 2400 to 2402
Skipped Seq from 2404 to 2410
Skipped Seq from 2410 to 2412
Skipped Seq from 2414 to 2416
Skipped Seq from 2417 to 2423
Skipped Seq from 2425 to 2427
Skipped Seq from 2428 to 2430
Skipped Seq from 2430 to 2436
Skipped Seq from 2437 to 2445
Skipped Seq from 2451 to 2455
Skipped Seq from 2455 to 2466
Skipped Seq from 2466 to 2471
Skipped Seq from 2471 to 2479
Skipped Seq from 2479 to 2481
Skipped Seq from 2484 to 2486
Skipped Seq from 2486 to 2492
Skipped Seq from 2492 to 2494
Skipped Seq from 2494 to 2497
Skipped Seq from 2497 to 2505
Skipped Seq from 2505 to 2511
Skipped Seq from 2511 to 2513
Skipped Seq from 2515 to 2528
Skipped Seq from 2529 to 2537
Skipped Seq from 2538 to 2545
Skipped Seq from 2545 to 2554
Skipped Seq from 2554 to 2558
Skipped Seq from 2558 to 2563
Skipped Seq from 2563 to 2566
Skipped Seq from 2566 to 2570
Skipped Seq from 2570 to 2573
Skipped Seq from 2574 to 2583
Skipped Seq from 2586 to 2593
Skipped Seq from 2595 to 2598
Skipped Seq from 2598 to 2601
Skipped Seq from 2601 to 2610
Skipped Seq from 2610 to 2620
Skipped Seq from 2620 to 2625
Skipped Seq from 2626 to 2629
Skipped Seq from 2636 to 2639
Skipped Seq from 2643 to 2645
Skipped Seq from 2645 to 2648
Skipped Seq from 2651 to 2655
Skipped Seq from 2655 to 2658
Skipped Seq from 2658 to 2660
Skipped Seq from 2662 to 2667
Skipped Seq from 2667 to 2674
Skipped Seq from 2679 to 2681
Skipped Seq from 2682 to 2684
Skipped Seq from 2685 to 2688
Skipped Seq from 2688 to 2690
Skipped Seq from 2690 to 2692
Skipped Seq from 2692 to 2694
Skipped Seq from 2694 to 2698
Skipped Seq from 2701 to 2703
Skipped Seq from 2703 to 2705
Skipped Seq from 2705 to 2712
Skipped Seq from 2712 to 2714
Skipped Seq from 2715 to 2743
Skipped Seq from 2744 to 2747
Skipped Seq from 2747 to 2749
Skipped Seq from 2750 to 2754
Skipped Seq from 2755 to 2761
Skipped Seq from 2761 to 2763
Skipped Seq from 2763 to 2765
Skipped Seq from 2765 to 2767
Skipped Seq from 2767 to 2773
Skipped Seq from 2778 to 2782
Skipped Seq from 2782 to 2786
Skipped Seq from 2790 to 2793
Number of times throttled: 2
Received: 1465 / 2797 packets
Start time: 1332841843.105090
End time: 1332841859.195953
Duration: 16.090863
