Starting client at 10.0.0.10:1285 with timeout:10
My IP address is 10.0.0.10Skipped Seq from 483 to 501
Skipped Seq from 503 to 511
Skipped Seq from 516 to 522
Skipped Seq from 528 to 533
Skipped Seq from 533 to 544
Skipped Seq from 622 to 625
Skipped Seq from 625 to 642
Skipped Seq from 642 to 644
Skipped Seq from 653 to 665
Skipped Seq from 665 to 667
Skipped Seq from 668 to 673
Skipped Seq from 673 to 683
Skipped Seq from 728 to 740
Skipped Seq from 740 to 747
Skipped Seq from 750 to 756
Skipped Seq from 757 to 761
Skipped Seq from 763 to 768
Skipped Seq from 769 to 771
Skipped Seq from 771 to 773
Skipped Seq from 775 to 782
Skipped Seq from 786 to 792
Skipped Seq from 794 to 798
Skipped Seq from 798 to 801
Skipped Seq from 801 to 805
Skipped Seq from 818 to 820
Skipped Seq from 820 to 822
Skipped Seq from 822 to 825
Skipped Seq from 828 to 833
Skipped Seq from 833 to 835
Skipped Seq from 838 to 847
Skipped Seq from 847 to 860
Skipped Seq from 862 to 875
Skipped Seq from 875 to 891
Skipped Seq from 900 to 904
Skipped Seq from 912 to 925
Skipped Seq from 925 to 937
Skipped Seq from 955 to 965
Skipped Seq from 965 to 968
Skipped Seq from 968 to 989
Skipped Seq from 1004 to 1009
Skipped Seq from 1009 to 1029
Skipped Seq from 1029 to 1044
Skipped Seq from 1044 to 1064
Skipped Seq from 1064 to 1083
Skipped Seq from 1083 to 1090
Skipped Seq from 1133 to 1145
Skipped Seq from 1145 to 1165
Skipped Seq from 1165 to 1183
Skipped Seq from 1187 to 1199
Skipped Seq from 1204 to 1207
Skipped Seq from 1207 to 1225
Skipped Seq from 1225 to 1244
Skipped Seq from 1267 to 1272
Skipped Seq from 1307 to 1312
Skipped Seq from 1325 to 1336
Skipped Seq from 1337 to 1339
Skipped Seq from 1341 to 1343
Skipped Seq from 1347 to 1363
Skipped Seq from 1363 to 1380
Skipped Seq from 1380 to 1389
Skipped Seq from 1448 to 1450
Skipped Seq from 1450 to 1482
Skipped Seq from 1482 to 1512
Skipped Seq from 1534 to 1542
Skipped Seq from 1542 to 1544
Skipped Seq from 1570 to 1577
Skipped Seq from 1612 to 1616
Skipped Seq from 1616 to 1653
Skipped Seq from 1653 to 1657
Skipped Seq from 1657 to 1661
Skipped Seq from 1661 to 1665
Skipped Seq from 1665 to 1704
Skipped Seq from 1704 to 1720
Skipped Seq from 1777 to 1799
Skipped Seq from 1799 to 1820
Skipped Seq from 1831 to 1847
Skipped Seq from 1847 to 1854
Skipped Seq from 1854 to 1872
Skipped Seq from 1872 to 1901
Skipped Seq from 1901 to 1935
Skipped Seq from 1948 to 1963
Skipped Seq from 1963 to 1977
Skipped Seq from 2372 to 2378
Skipped Seq from 2379 to 2422
Number of times throttled: 4
Received: 6437 / 7311 packets
Start time: 1332843986.812402
End time: 1332844000.197440
Duration: 13.385038
