Starting client at 10.0.0.23:1241 with timeout:10
My IP address is 10.0.0.23Skipped Seq from 2287 to 2303
Skipped Seq from 2355 to 2371
Skipped Seq from 2371 to 2373
Skipped Seq from 2384 to 2401
Skipped Seq from 2401 to 2421
Skipped Seq from 2421 to 2439
Skipped Seq from 2439 to 2460
Skipped Seq from 2460 to 2475
Skipped Seq from 2475 to 2482
Skipped Seq from 2550 to 2566
Skipped Seq from 2566 to 2572
Skipped Seq from 2629 to 2636
Skipped Seq from 2636 to 2654
Skipped Seq from 2654 to 2673
Skipped Seq from 2673 to 2684
Skipped Seq from 2713 to 2715
Skipped Seq from 2715 to 2734
Skipped Seq from 2734 to 2748
Skipped Seq from 2748 to 2768
Skipped Seq from 2768 to 2785
Skipped Seq from 2785 to 2792
Skipped Seq from 2843 to 2845
Skipped Seq from 2846 to 2852
Skipped Seq from 2852 to 2870
Skipped Seq from 2870 to 2885
Skipped Seq from 2913 to 2918
Skipped Seq from 2918 to 2935
Skipped Seq from 2935 to 2952
Skipped Seq from 2952 to 2955
Skipped Seq from 2991 to 2994
Skipped Seq from 3006 to 3016
Skipped Seq from 3016 to 3019
Skipped Seq from 3045 to 3048
Skipped Seq from 3064 to 3070
Skipped Seq from 3070 to 3088
Skipped Seq from 3088 to 3103
Skipped Seq from 3128 to 3141
Skipped Seq from 3141 to 3146
Skipped Seq from 3155 to 3170
Skipped Seq from 3170 to 3185
Skipped Seq from 3207 to 3210
Skipped Seq from 3246 to 3249
Skipped Seq from 3266 to 3270
Skipped Seq from 3312 to 3322
Skipped Seq from 3322 to 3339
Skipped Seq from 3339 to 3346
Skipped Seq from 3356 to 3365
Skipped Seq from 3365 to 3372
Skipped Seq from 3381 to 3392
Skipped Seq from 3392 to 3404
Skipped Seq from 3404 to 3424
Skipped Seq from 3424 to 3442
Skipped Seq from 3442 to 3452
Skipped Seq from 3481 to 3487
Skipped Seq from 3487 to 3491
Skipped Seq from 3505 to 3512
Skipped Seq from 3512 to 3527
Skipped Seq from 3527 to 3533
Skipped Seq from 3549 to 3555
Skipped Seq from 3555 to 3574
Skipped Seq from 3574 to 3588
Skipped Seq from 3651 to 3654
Skipped Seq from 3669 to 3681
Skipped Seq from 3681 to 3695
Skipped Seq from 3731 to 3733
Skipped Seq from 3733 to 3742
Skipped Seq from 3773 to 3776
Skipped Seq from 3776 to 3797
Skipped Seq from 3797 to 3803
Skipped Seq from 3827 to 3841
Skipped Seq from 3841 to 3857
Skipped Seq from 3857 to 3877
Skipped Seq from 3877 to 3890
Skipped Seq from 3926 to 3936
Skipped Seq from 3961 to 3964
Skipped Seq from 3964 to 3979
Skipped Seq from 3992 to 4009
Skipped Seq from 4009 to 4028
Skipped Seq from 4028 to 4035
Skipped Seq from 4103 to 4108
Skipped Seq from 4115 to 4119
Skipped Seq from 4119 to 4137
Skipped Seq from 4137 to 4151
Skipped Seq from 4163 to 4174
Skipped Seq from 4174 to 4192
Skipped Seq from 4192 to 4209
Skipped Seq from 4209 to 4224
Skipped Seq from 4269 to 4285
Skipped Seq from 4285 to 4291
Skipped Seq from 4327 to 4346
Skipped Seq from 4346 to 4364
Skipped Seq from 4364 to 4381
Skipped Seq from 4381 to 4399
Skipped Seq from 4399 to 4417
Skipped Seq from 4417 to 4420
Skipped Seq from 4453 to 4456
Skipped Seq from 4456 to 4474
Skipped Seq from 4474 to 4490
Skipped Seq from 4490 to 4502
Skipped Seq from 4521 to 4533
Skipped Seq from 4533 to 4544
Skipped Seq from 4552 to 4560
Skipped Seq from 4560 to 4579
Skipped Seq from 4579 to 4597
Skipped Seq from 4597 to 4613
Skipped Seq from 4627 to 4634
Skipped Seq from 4634 to 4636
Skipped Seq from 4637 to 4642
Skipped Seq from 4650 to 4666
Skipped Seq from 4666 to 4684
Skipped Seq from 4684 to 4689
Skipped Seq from 4700 to 4714
Skipped Seq from 4714 to 4733
Skipped Seq from 4733 to 4751
Skipped Seq from 4751 to 4763
Skipped Seq from 4791 to 4794
Skipped Seq from 4794 to 4814
Skipped Seq from 4814 to 4833
Skipped Seq from 4833 to 4840
Skipped Seq from 4874 to 4887
Skipped Seq from 4901 to 4912
Skipped Seq from 4912 to 4926
Skipped Seq from 4929 to 4934
Skipped Seq from 4934 to 4953
Skipped Seq from 4953 to 4970
Skipped Seq from 4970 to 4989
Skipped Seq from 4989 to 5005
Skipped Seq from 5005 to 5007
Skipped Seq from 5038 to 5050
Skipped Seq from 5050 to 5054
Skipped Seq from 5066 to 5094
Skipped Seq from 5094 to 5115
Skipped Seq from 5138 to 5153
Skipped Seq from 5168 to 5173
Skipped Seq from 5173 to 5202
Skipped Seq from 5202 to 5212
Skipped Seq from 5236 to 5257
Skipped Seq from 5257 to 5265
Skipped Seq from 5293 to 5297
Skipped Seq from 5307 to 5316
Skipped Seq from 5316 to 5343
Skipped Seq from 5409 to 5411
Skipped Seq from 5411 to 5427
Skipped Seq from 5444 to 5452
Skipped Seq from 5452 to 5475
Skipped Seq from 5497 to 5514
Skipped Seq from 5535 to 5543
Skipped Seq from 5555 to 5585
Skipped Seq from 5585 to 5603
Skipped Seq from 5694 to 5706
Skipped Seq from 5706 to 5714
Skipped Seq from 5718 to 5805
Skipped Seq from 5823 to 5841
Skipped Seq from 5854 to 5994
Skipped Seq from 6006 to 6308
Skipped Seq from 6335 to 6361
Skipped Seq from 6420 to 6432
Skipped Seq from 6432 to 6448
Skipped Seq from 6458 to 6566
Skipped Seq from 6569 to 6574
Skipped Seq from 6574 to 6580
Skipped Seq from 6613 to 6622
Skipped Seq from 6635 to 6846
Skipped Seq from 7789 to 7804
Skipped Seq from 7804 to 7878
Skipped Seq from 7888 to 7901
Skipped Seq from 7958 to 7966
Skipped Seq from 7966 to 7992
Skipped Seq from 8101 to 8133
Number of times throttled: 8
Received: 5368 / 8162 packets
Start time: 1332841620.889182
End time: 1332841636.277987
Duration: 15.388805
