Starting client at 10.0.0.14:1285 with timeout:10
My IP address is 10.0.0.14Skipped Seq from 17 to 22
Skipped Seq from 22 to 41
Skipped Seq from 41 to 48
Skipped Seq from 48 to 66
Skipped Seq from 66 to 85
Skipped Seq from 85 to 102
Skipped Seq from 102 to 108
Skipped Seq from 108 to 113
Skipped Seq from 113 to 132
Skipped Seq from 136 to 144
Skipped Seq from 151 to 160
Skipped Seq from 166 to 172
Skipped Seq from 182 to 194
Skipped Seq from 194 to 210
Skipped Seq from 211 to 229
Skipped Seq from 231 to 248
Skipped Seq from 249 to 253
Skipped Seq from 254 to 261
Skipped Seq from 261 to 266
Skipped Seq from 272 to 275
Skipped Seq from 275 to 281
Skipped Seq from 281 to 298
Skipped Seq from 298 to 307
Skipped Seq from 310 to 322
Skipped Seq from 323 to 332
Skipped Seq from 334 to 338
Skipped Seq from 339 to 343
Skipped Seq from 345 to 349
Skipped Seq from 359 to 369
Skipped Seq from 369 to 371
Skipped Seq from 373 to 375
Skipped Seq from 375 to 383
Skipped Seq from 387 to 394
Skipped Seq from 395 to 398
Skipped Seq from 398 to 416
Skipped Seq from 416 to 420
Skipped Seq from 423 to 429
Skipped Seq from 429 to 432
Skipped Seq from 433 to 436
Skipped Seq from 438 to 442
Skipped Seq from 443 to 446
Skipped Seq from 449 to 458
Skipped Seq from 458 to 461
Skipped Seq from 463 to 466
Skipped Seq from 467 to 475
Skipped Seq from 478 to 483
Skipped Seq from 483 to 485
Skipped Seq from 488 to 493
Skipped Seq from 494 to 497
Skipped Seq from 497 to 507
Skipped Seq from 507 to 509
Skipped Seq from 510 to 512
Skipped Seq from 512 to 517
Skipped Seq from 517 to 519
Skipped Seq from 520 to 524
Skipped Seq from 525 to 530
Skipped Seq from 530 to 559
Skipped Seq from 561 to 563
Skipped Seq from 563 to 566
Skipped Seq from 567 to 571
Skipped Seq from 571 to 573
Skipped Seq from 573 to 576
Skipped Seq from 576 to 579
Skipped Seq from 580 to 583
Skipped Seq from 583 to 586
Skipped Seq from 587 to 589
Skipped Seq from 589 to 592
Skipped Seq from 593 to 595
Skipped Seq from 595 to 600
Skipped Seq from 600 to 606
Skipped Seq from 606 to 610
Skipped Seq from 610 to 621
Skipped Seq from 624 to 629
Skipped Seq from 629 to 632
Skipped Seq from 634 to 638
Skipped Seq from 638 to 643
Skipped Seq from 643 to 646
Skipped Seq from 646 to 650
Skipped Seq from 651 to 655
Skipped Seq from 655 to 658
Skipped Seq from 660 to 663
Skipped Seq from 663 to 665
Skipped Seq from 665 to 670
Skipped Seq from 673 to 677
Skipped Seq from 677 to 680
Skipped Seq from 680 to 683
Skipped Seq from 683 to 686
Skipped Seq from 686 to 688
Skipped Seq from 689 to 695
Skipped Seq from 695 to 697
Skipped Seq from 697 to 699
Skipped Seq from 699 to 701
Skipped Seq from 701 to 703
Skipped Seq from 703 to 717
Skipped Seq from 717 to 719
Skipped Seq from 720 to 727
Skipped Seq from 728 to 733
Skipped Seq from 733 to 736
Skipped Seq from 736 to 742
Skipped Seq from 742 to 744
Skipped Seq from 745 to 754
Skipped Seq from 755 to 757
Skipped Seq from 757 to 764
Skipped Seq from 764 to 768
Skipped Seq from 770 to 772
Skipped Seq from 786 to 795
Skipped Seq from 795 to 800
Skipped Seq from 801 to 806
Skipped Seq from 806 to 819
Skipped Seq from 819 to 827
Skipped Seq from 830 to 835
Skipped Seq from 842 to 844
Skipped Seq from 858 to 862
Skipped Seq from 867 to 869
Skipped Seq from 870 to 873
Skipped Seq from 878 to 883
Skipped Seq from 883 to 888
Skipped Seq from 888 to 894
Skipped Seq from 894 to 896
Skipped Seq from 898 to 902
Skipped Seq from 903 to 909
Skipped Seq from 910 to 916
Skipped Seq from 918 to 922
Skipped Seq from 928 to 930
Skipped Seq from 930 to 934
Skipped Seq from 934 to 936
Skipped Seq from 936 to 938
Skipped Seq from 938 to 940
Skipped Seq from 945 to 948
Skipped Seq from 949 to 951
Skipped Seq from 960 to 962
Skipped Seq from 963 to 966
Skipped Seq from 966 to 968
Skipped Seq from 969 to 972
Skipped Seq from 972 to 976
Skipped Seq from 983 to 986
Skipped Seq from 989 to 991
Skipped Seq from 994 to 998
Skipped Seq from 1000 to 1002
Skipped Seq from 1002 to 1004
Skipped Seq from 1030 to 1040
Skipped Seq from 1046 to 1048
Skipped Seq from 1053 to 1055
Skipped Seq from 1057 to 1059
Skipped Seq from 1062 to 1064
Skipped Seq from 1064 to 1067
Skipped Seq from 1069 to 1077
Skipped Seq from 1077 to 1079
Skipped Seq from 1084 to 1086
Skipped Seq from 1086 to 1089
Skipped Seq from 1097 to 1099
Skipped Seq from 1295 to 1302
Skipped Seq from 1304 to 1307
Skipped Seq from 1313 to 1322
Skipped Seq from 1363 to 1365
Skipped Seq from 1365 to 1368
Skipped Seq from 1368 to 1371
Skipped Seq from 1371 to 1378
Skipped Seq from 1382 to 1390
Skipped Seq from 1403 to 1406
Skipped Seq from 1409 to 1413
Skipped Seq from 1414 to 1418
Skipped Seq from 1419 to 1421
Skipped Seq from 1421 to 1423
Skipped Seq from 1448 to 1452
Skipped Seq from 1453 to 1456
Skipped Seq from 1459 to 1468
Skipped Seq from 1478 to 1488
Skipped Seq from 1489 to 1501
Skipped Seq from 1501 to 1504
Skipped Seq from 1506 to 1510
Skipped Seq from 1514 to 1519
Skipped Seq from 1522 to 1530
Skipped Seq from 1533 to 1538
Skipped Seq from 1538 to 1541
Skipped Seq from 1541 to 1561
Skipped Seq from 1563 to 1568
Skipped Seq from 1568 to 1571
Skipped Seq from 1584 to 1589
Skipped Seq from 1589 to 1591
Skipped Seq from 1592 to 1596
Skipped Seq from 1596 to 1606
Skipped Seq from 1606 to 1616
Skipped Seq from 1617 to 1627
Skipped Seq from 1627 to 1630
Skipped Seq from 1630 to 1633
Skipped Seq from 1633 to 1644
Skipped Seq from 1656 to 1661
Skipped Seq from 1670 to 1676
Skipped Seq from 1676 to 1688
Skipped Seq from 1689 to 1692
Skipped Seq from 1701 to 1704
Skipped Seq from 1706 to 1710
Skipped Seq from 1711 to 1718
Skipped Seq from 1719 to 1721
Skipped Seq from 1726 to 1729
Skipped Seq from 1730 to 1733
Skipped Seq from 1733 to 1736
Skipped Seq from 1737 to 1744
Skipped Seq from 1744 to 1747
Skipped Seq from 1749 to 1753
Skipped Seq from 1753 to 1756
Skipped Seq from 1757 to 1760
Skipped Seq from 1764 to 1766
Skipped Seq from 1766 to 1768
Skipped Seq from 1768 to 1771
Skipped Seq from 1771 to 1774
Skipped Seq from 1779 to 1785
Skipped Seq from 1786 to 1788
Skipped Seq from 1788 to 1791
Skipped Seq from 1792 to 1796
Skipped Seq from 1814 to 1816
Skipped Seq from 1816 to 1824
Skipped Seq from 1825 to 1828
Skipped Seq from 1829 to 1832
Skipped Seq from 1833 to 1835
Skipped Seq from 1844 to 1851
Skipped Seq from 1851 to 1854
Skipped Seq from 1868 to 1870
Skipped Seq from 1870 to 1876
Skipped Seq from 1880 to 1888
Skipped Seq from 1889 to 1892
Skipped Seq from 1892 to 1895
Skipped Seq from 1895 to 1900
Skipped Seq from 1903 to 1908
Skipped Seq from 1915 to 1918
Skipped Seq from 1918 to 1936
Skipped Seq from 1936 to 1945
Skipped Seq from 1950 to 1961
Skipped Seq from 1968 to 1980
Skipped Seq from 1980 to 1989
Skipped Seq from 1995 to 2026
Skipped Seq from 2026 to 2031
Skipped Seq from 2033 to 2039
Skipped Seq from 2039 to 2044
Skipped Seq from 2044 to 2047
Skipped Seq from 2047 to 2057
Skipped Seq from 2058 to 2088
Skipped Seq from 2088 to 2092
Skipped Seq from 2092 to 2102
Skipped Seq from 2102 to 2105
Skipped Seq from 2105 to 2124
Skipped Seq from 2124 to 2130
Skipped Seq from 2131 to 2134
Skipped Seq from 2134 to 2148
Skipped Seq from 2161 to 2164
Skipped Seq from 2164 to 2167
Skipped Seq from 2172 to 2175
Skipped Seq from 2175 to 2181
Skipped Seq from 2181 to 2189
Skipped Seq from 2189 to 2191
Skipped Seq from 2195 to 2202
Skipped Seq from 2208 to 2220
Skipped Seq from 2220 to 2231
Skipped Seq from 2231 to 2239
Skipped Seq from 2239 to 2244
Skipped Seq from 2245 to 2249
Skipped Seq from 2249 to 2266
Skipped Seq from 2267 to 2274
Skipped Seq from 2275 to 2279
Skipped Seq from 2279 to 2285
Skipped Seq from 2287 to 2290
Skipped Seq from 2290 to 2304
Skipped Seq from 2322 to 2325
Skipped Seq from 2326 to 2328
Skipped Seq from 2329 to 2335
Skipped Seq from 2335 to 2346
Skipped Seq from 2346 to 2349
Skipped Seq from 2349 to 2351
Skipped Seq from 2351 to 2354
Skipped Seq from 2354 to 2356
Skipped Seq from 2366 to 2369
Skipped Seq from 2369 to 2371
Skipped Seq from 2371 to 2374
Skipped Seq from 2374 to 2377
Skipped Seq from 2377 to 2383
Skipped Seq from 2383 to 2389
Skipped Seq from 2389 to 2396
Skipped Seq from 2399 to 2408
Skipped Seq from 2409 to 2413
Skipped Seq from 2413 to 2420
Skipped Seq from 2420 to 2424
Skipped Seq from 2425 to 2428
Skipped Seq from 2429 to 2431
Skipped Seq from 2431 to 2438
Skipped Seq from 2438 to 2444
Skipped Seq from 2444 to 2446
Skipped Seq from 2446 to 2455
Skipped Seq from 2455 to 2459
Skipped Seq from 2474 to 2478
Skipped Seq from 2478 to 2493
Skipped Seq from 2493 to 2502
Skipped Seq from 2502 to 2515
Skipped Seq from 2515 to 2518
Skipped Seq from 2518 to 2524
Skipped Seq from 2525 to 2527
Skipped Seq from 2555 to 2558
Skipped Seq from 2558 to 2560
Skipped Seq from 2560 to 2562
Skipped Seq from 2563 to 2566
Skipped Seq from 2566 to 2571
Skipped Seq from 2571 to 2577
Skipped Seq from 2577 to 2581
Skipped Seq from 2582 to 2585
Skipped Seq from 2585 to 2592
Skipped Seq from 2593 to 2598
Skipped Seq from 2598 to 2600
Skipped Seq from 2601 to 2616
Skipped Seq from 2616 to 2623
Skipped Seq from 2623 to 2625
Skipped Seq from 2626 to 2628
Skipped Seq from 2628 to 2633
Skipped Seq from 2633 to 2635
Skipped Seq from 2635 to 2641
Skipped Seq from 2642 to 2644
Skipped Seq from 2644 to 2646
Skipped Seq from 2646 to 2648
Skipped Seq from 2648 to 2650
Skipped Seq from 2650 to 2653
Skipped Seq from 2654 to 2658
Skipped Seq from 2658 to 2661
Skipped Seq from 2661 to 2663
Skipped Seq from 2663 to 2665
Skipped Seq from 2665 to 2670
Skipped Seq from 2670 to 2672
Skipped Seq from 2672 to 2674
Skipped Seq from 2674 to 2681
Skipped Seq from 2681 to 2683
Skipped Seq from 2684 to 2686
Skipped Seq from 2687 to 2692
Skipped Seq from 2692 to 2694
Skipped Seq from 2694 to 2699
Skipped Seq from 2699 to 2704
Skipped Seq from 2704 to 2710
Skipped Seq from 2711 to 2715
Skipped Seq from 2715 to 2717
Skipped Seq from 2717 to 2725
Skipped Seq from 2737 to 2741
Skipped Seq from 2741 to 2764
Skipped Seq from 2766 to 2769
Skipped Seq from 2769 to 2773
Skipped Seq from 2773 to 2775
Skipped Seq from 2775 to 2793
Skipped Seq from 2794 to 2804
Skipped Seq from 2804 to 2815
Skipped Seq from 2815 to 2820
Skipped Seq from 2820 to 2827
Skipped Seq from 2827 to 2829
Skipped Seq from 2829 to 2835
Skipped Seq from 2835 to 2843
Skipped Seq from 2844 to 2849
Skipped Seq from 2850 to 2853
Skipped Seq from 2853 to 2857
Skipped Seq from 2857 to 2860
Skipped Seq from 2861 to 2863
Skipped Seq from 2863 to 2868
Skipped Seq from 2869 to 2873
Skipped Seq from 2873 to 2881
Skipped Seq from 2881 to 2885
Skipped Seq from 2885 to 2887
Skipped Seq from 2887 to 2891
Skipped Seq from 2891 to 2893
Skipped Seq from 2894 to 2896
Skipped Seq from 2896 to 2904
Skipped Seq from 2904 to 2910
Skipped Seq from 2910 to 2912
Skipped Seq from 2912 to 2914
Skipped Seq from 2915 to 2918
Skipped Seq from 2919 to 2923
Skipped Seq from 2924 to 2928
Skipped Seq from 2931 to 2933
Skipped Seq from 2933 to 2940
Skipped Seq from 2940 to 2942
Skipped Seq from 2942 to 2946
Skipped Seq from 2946 to 2950
Skipped Seq from 2954 to 2989
Skipped Seq from 2989 to 2996
Skipped Seq from 3009 to 3011
Skipped Seq from 3011 to 3013
Skipped Seq from 3013 to 3018
Skipped Seq from 3018 to 3033
Skipped Seq from 3033 to 3036
Skipped Seq from 3036 to 3041
Skipped Seq from 3046 to 3049
Skipped Seq from 3049 to 3051
Skipped Seq from 3060 to 3064
Skipped Seq from 3064 to 3066
Skipped Seq from 3066 to 3070
Skipped Seq from 3070 to 3073
Skipped Seq from 3073 to 3075
Skipped Seq from 3076 to 3081
Skipped Seq from 3081 to 3085
Skipped Seq from 3087 to 3094
Skipped Seq from 3095 to 3097
Skipped Seq from 3097 to 3100
Skipped Seq from 3100 to 3104
Skipped Seq from 3104 to 3110
Skipped Seq from 3113 to 3124
Skipped Seq from 3124 to 3132
Skipped Seq from 3132 to 3138
Skipped Seq from 3138 to 3146
Skipped Seq from 3147 to 3149
Skipped Seq from 3149 to 3151
Skipped Seq from 3152 to 3154
Skipped Seq from 3154 to 3163
Skipped Seq from 3163 to 3165
Skipped Seq from 3165 to 3167
Skipped Seq from 3171 to 3175
Skipped Seq from 3175 to 3177
Skipped Seq from 3177 to 3182
Skipped Seq from 3182 to 3185
Skipped Seq from 3185 to 3189
Skipped Seq from 3194 to 3196
Skipped Seq from 3196 to 3198
Skipped Seq from 3198 to 3200
Skipped Seq from 3200 to 3202
Skipped Seq from 3202 to 3204
Skipped Seq from 3205 to 3208
Skipped Seq from 3208 to 3213
Skipped Seq from 3213 to 3218
Skipped Seq from 3225 to 3239
Skipped Seq from 3239 to 3251
Skipped Seq from 3251 to 3259
Skipped Seq from 3259 to 3261
Skipped Seq from 3261 to 3263
Skipped Seq from 3266 to 3271
Skipped Seq from 3271 to 3273
Skipped Seq from 3273 to 3283
Skipped Seq from 3283 to 3287
Skipped Seq from 3288 to 3290
Skipped Seq from 3290 to 3293
Skipped Seq from 3298 to 3303
Skipped Seq from 3303 to 3308
Skipped Seq from 3308 to 3318
Skipped Seq from 3319 to 3325
Skipped Seq from 3341 to 3345
Skipped Seq from 3345 to 3348
Skipped Seq from 3349 to 3351
Skipped Seq from 3351 to 3353
Skipped Seq from 3353 to 3357
Skipped Seq from 3358 to 3360
Skipped Seq from 3360 to 3363
Skipped Seq from 3363 to 3365
Skipped Seq from 3365 to 3371
Skipped Seq from 3371 to 3375
Skipped Seq from 3375 to 3378
Skipped Seq from 3380 to 3382
Skipped Seq from 3383 to 3386
Skipped Seq from 3386 to 3388
Skipped Seq from 3407 to 3409
Skipped Seq from 3409 to 3411
Skipped Seq from 3411 to 3413
Skipped Seq from 3417 to 3425
Skipped Seq from 3425 to 3429
Skipped Seq from 3484 to 3492
Skipped Seq from 3497 to 3499
Skipped Seq from 3534 to 3538
Skipped Seq from 3545 to 3547
Skipped Seq from 3548 to 3550
Skipped Seq from 3554 to 3556
Skipped Seq from 3557 to 3561
Skipped Seq from 3598 to 3604
Skipped Seq from 3605 to 3607
Skipped Seq from 3608 to 3610
Skipped Seq from 3613 to 3618
Skipped Seq from 3642 to 3647
Skipped Seq from 3650 to 3652
Skipped Seq from 3663 to 3665
Skipped Seq from 3668 to 3670
Skipped Seq from 3672 to 3677
Skipped Seq from 3687 to 3713
Skipped Seq from 3718 to 3720
Skipped Seq from 3783 to 3804
Skipped Seq from 3852 to 3887
Skipped Seq from 3916 to 3934
Skipped Seq from 4038 to 4079
Skipped Seq from 4181 to 4204
Skipped Seq from 4204 to 4253
Skipped Seq from 4253 to 4255
Skipped Seq from 4282 to 4296
Skipped Seq from 7971 to 7974
Skipped Seq from 7977 to 7979
Skipped Seq from 7981 to 7985
Skipped Seq from 7985 to 7987
Skipped Seq from 7987 to 7992
Skipped Seq from 7992 to 7999
Skipped Seq from 7999 to 8013
Skipped Seq from 8026 to 8030
Skipped Seq from 8034 to 8041
Skipped Seq from 8041 to 8043
Skipped Seq from 8043 to 8054
Skipped Seq from 8055 to 8058
Skipped Seq from 8058 to 8066
Skipped Seq from 8080 to 8085
Skipped Seq from 8085 to 8088
Skipped Seq from 8089 to 8094
Skipped Seq from 8095 to 8097
Skipped Seq from 8104 to 8109
Skipped Seq from 8109 to 8124
Skipped Seq from 8126 to 8129
Skipped Seq from 8136 to 8140
Skipped Seq from 8141 to 8146
Skipped Seq from 8146 to 8152
Skipped Seq from 8152 to 8154
Skipped Seq from 8154 to 8160
Skipped Seq from 8160 to 8163
Skipped Seq from 8164 to 8167
Skipped Seq from 8168 to 8171
Skipped Seq from 8171 to 8174
Skipped Seq from 8176 to 8180
Skipped Seq from 8180 to 8184
Skipped Seq from 8184 to 8187
Skipped Seq from 8187 to 8191
Skipped Seq from 8191 to 8193
Skipped Seq from 8193 to 8195
Skipped Seq from 8196 to 8198
Skipped Seq from 8198 to 8201
Skipped Seq from 8211 to 8215
Skipped Seq from 8221 to 8224
Skipped Seq from 8224 to 8230
Skipped Seq from 8234 to 8236
Skipped Seq from 8236 to 8241
Skipped Seq from 8241 to 8247
Skipped Seq from 8247 to 8253
Skipped Seq from 8253 to 8256
Skipped Seq from 8256 to 8258
Skipped Seq from 8259 to 8264
Skipped Seq from 8264 to 8267
Skipped Seq from 8267 to 8271
Skipped Seq from 8272 to 8275
Skipped Seq from 8275 to 8281
Skipped Seq from 8289 to 8296
Skipped Seq from 8299 to 8301
Skipped Seq from 8301 to 8303
Skipped Seq from 8303 to 8309
Skipped Seq from 8315 to 8323
Skipped Seq from 8326 to 8332
Skipped Seq from 8332 to 8334
Skipped Seq from 8334 to 8336
Skipped Seq from 8336 to 8338
Skipped Seq from 8338 to 8340
Skipped Seq from 8340 to 8342
Skipped Seq from 8342 to 8344
Skipped Seq from 8345 to 8353
Skipped Seq from 8360 to 8367
Skipped Seq from 8367 to 8371
Skipped Seq from 8371 to 8378
Skipped Seq from 8378 to 8380
Skipped Seq from 8381 to 8384
Skipped Seq from 8386 to 8388
Skipped Seq from 8400 to 8406
Skipped Seq from 8406 to 8411
Skipped Seq from 8411 to 8414
Skipped Seq from 8415 to 8417
Skipped Seq from 8435 to 8444
Skipped Seq from 8444 to 8453
Skipped Seq from 8455 to 8461
Skipped Seq from 8470 to 8472
Skipped Seq from 8475 to 8481
Skipped Seq from 8483 to 8489
Skipped Seq from 8489 to 8493
Skipped Seq from 8493 to 8496
Skipped Seq from 8510 to 8515
Skipped Seq from 8521 to 8527
Skipped Seq from 8527 to 8530
Skipped Seq from 8532 to 8542
Skipped Seq from 8549 to 8553
Skipped Seq from 8553 to 8555
Skipped Seq from 8555 to 8557
Skipped Seq from 8566 to 8570
Skipped Seq from 8570 to 8574
Skipped Seq from 8576 to 8581
Skipped Seq from 8583 to 8587
Skipped Seq from 8598 to 8612
Skipped Seq from 8616 to 8619
Skipped Seq from 8622 to 8624
Skipped Seq from 8630 to 8639
Skipped Seq from 8641 to 8648
Skipped Seq from 8648 to 8653
Skipped Seq from 8656 to 8661
Skipped Seq from 8661 to 8664
Skipped Seq from 8665 to 8667
Skipped Seq from 8674 to 8676
Skipped Seq from 8678 to 8680
Skipped Seq from 8682 to 8711
Skipped Seq from 8712 to 8717
Skipped Seq from 8722 to 8737
Skipped Seq from 8738 to 8745
Skipped Seq from 8745 to 8750
Skipped Seq from 8757 to 8759
Skipped Seq from 8765 to 8768
Skipped Seq from 8769 to 8779
Skipped Seq from 8779 to 8784
Skipped Seq from 8789 to 8791
Skipped Seq from 8797 to 8801
Skipped Seq from 8806 to 8808
Skipped Seq from 8812 to 8815
Skipped Seq from 8815 to 8817
Skipped Seq from 8821 to 8827
Skipped Seq from 8832 to 8834
Skipped Seq from 8837 to 8839
Skipped Seq from 8842 to 8857
Skipped Seq from 8861 to 8874
Skipped Seq from 8876 to 8885
Skipped Seq from 8890 to 8904
Skipped Seq from 8914 to 8916
Skipped Seq from 8919 to 8923
Skipped Seq from 8923 to 8929
Skipped Seq from 8938 to 8943
Skipped Seq from 8943 to 8964
Skipped Seq from 8964 to 8970
Skipped Seq from 8977 to 8980
Skipped Seq from 8985 to 8991
Skipped Seq from 8991 to 8995
Skipped Seq from 9001 to 9007
Skipped Seq from 9009 to 9012
Skipped Seq from 9013 to 9022
Skipped Seq from 9023 to 9026
Skipped Seq from 9026 to 9028
Skipped Seq from 9028 to 9032
Skipped Seq from 9033 to 9035
Skipped Seq from 9035 to 9039
Skipped Seq from 9045 to 9060
Skipped Seq from 9063 to 9069
Skipped Seq from 9076 to 9078
Skipped Seq from 9081 to 9083
Skipped Seq from 9083 to 9086
Skipped Seq from 9094 to 9098
Skipped Seq from 9108 to 9111
Skipped Seq from 9111 to 9114
Skipped Seq from 9114 to 9119
Skipped Seq from 9129 to 9139
Skipped Seq from 9139 to 9144
Skipped Seq from 9147 to 9153
Skipped Seq from 9153 to 9161
Skipped Seq from 9161 to 9163
Skipped Seq from 9167 to 9169
Skipped Seq from 9169 to 9172
Skipped Seq from 9179 to 9183
Skipped Seq from 9184 to 9189
Skipped Seq from 9189 to 9192
Skipped Seq from 9196 to 9201
Skipped Seq from 9203 to 9209
Skipped Seq from 9210 to 9218
Skipped Seq from 9231 to 9236
Skipped Seq from 9241 to 9243
Skipped Seq from 9255 to 9260
Skipped Seq from 9261 to 9267
Skipped Seq from 9272 to 9283
Skipped Seq from 9295 to 9306
Skipped Seq from 9306 to 9312
Skipped Seq from 9328 to 9332
Skipped Seq from 9346 to 9354
Skipped Seq from 9366 to 9371
Skipped Seq from 9382 to 9392
Skipped Seq from 9393 to 9425
Skipped Seq from 9425 to 9428
Skipped Seq from 9431 to 9435
Skipped Seq from 9435 to 9447
Skipped Seq from 9447 to 9455
Skipped Seq from 9455 to 9476
Skipped Seq from 9502 to 9514
Skipped Seq from 9519 to 9528
Skipped Seq from 9528 to 9530
Skipped Seq from 9544 to 9547
Skipped Seq from 9549 to 9554
Skipped Seq from 9578 to 9581
Skipped Seq from 9585 to 9591
Skipped Seq from 9593 to 9598
Skipped Seq from 9598 to 9603
Skipped Seq from 9603 to 9608
Skipped Seq from 9618 to 9625
Skipped Seq from 9655 to 9658
Skipped Seq from 9674 to 9695
Skipped Seq from 9703 to 9708
Skipped Seq from 9708 to 9734
Skipped Seq from 9734 to 9740
Skipped Seq from 9745 to 9747
Skipped Seq from 9748 to 9753
Skipped Seq from 9764 to 9786
Skipped Seq from 9786 to 9793
Skipped Seq from 9805 to 9807
Skipped Seq from 9811 to 9816
Skipped Seq from 9816 to 9829
Skipped Seq from 9832 to 9849
Skipped Seq from 9849 to 9861
Skipped Seq from 9879 to 9881
Skipped Seq from 9899 to 9903
Skipped Seq from 9923 to 9937
Skipped Seq from 9937 to 9967
Skipped Seq from 9980 to 9983
Skipped Seq from 9983 to 9985
Skipped Seq from 10004 to 10026
Skipped Seq from 10026 to 10036
Skipped Seq from 10055 to 10058
Skipped Seq from 10059 to 10085
Skipped Seq from 10085 to 10093
Skipped Seq from 10101 to 10129
Skipped Seq from 10129 to 10143
Skipped Seq from 10144 to 10147
Skipped Seq from 10147 to 10152
Skipped Seq from 10154 to 10163
Skipped Seq from 10163 to 10166
Skipped Seq from 10172 to 10174
Skipped Seq from 10195 to 10209
Skipped Seq from 10209 to 10217
Skipped Seq from 10217 to 10222
Skipped Seq from 10228 to 10243
Skipped Seq from 10252 to 10259
Skipped Seq from 10259 to 10267
Skipped Seq from 10270 to 10276
Skipped Seq from 10283 to 10287
Skipped Seq from 10287 to 10295
Skipped Seq from 10300 to 10316
Skipped Seq from 10332 to 10336
Skipped Seq from 10340 to 10342
Skipped Seq from 10342 to 10345
Skipped Seq from 10345 to 10347
Skipped Seq from 10347 to 10351
Skipped Seq from 10410 to 10418
Skipped Seq from 10418 to 10420
Skipped Seq from 10422 to 10427
Skipped Seq from 10427 to 10429
Skipped Seq from 10429 to 10431
Skipped Seq from 10436 to 10438
Skipped Seq from 10446 to 10451
Skipped Seq from 10451 to 10459
Skipped Seq from 10568 to 10574
Skipped Seq from 10575 to 10579
Skipped Seq from 10580 to 10582
Skipped Seq from 10587 to 10594
Skipped Seq from 10601 to 10608
Skipped Seq from 10623 to 10628
Skipped Seq from 10648 to 10650
Skipped Seq from 10651 to 10659
Skipped Seq from 10666 to 10668
Skipped Seq from 10668 to 10671
Skipped Seq from 10671 to 10679
Skipped Seq from 10679 to 10681
Skipped Seq from 10681 to 10694
Skipped Seq from 10707 to 10714
Skipped Seq from 10746 to 10748
Skipped Seq from 11322 to 11345
Skipped Seq from 14616 to 14618
Skipped Seq from 14618 to 14643
Skipped Seq from 14651 to 14655
Skipped Seq from 14655 to 14671
Skipped Seq from 14671 to 14721
Skipped Seq from 14824 to 14865
Skipped Seq from 14904 to 14917
Skipped Seq from 14917 to 15028
Skipped Seq from 15028 to 15041
Skipped Seq from 15041 to 15050
Skipped Seq from 15068 to 15078
Skipped Seq from 15078 to 15085
Skipped Seq from 15118 to 15120
Skipped Seq from 15120 to 15122
Skipped Seq from 15122 to 15125
Skipped Seq from 15125 to 15132
Skipped Seq from 15135 to 15139
Skipped Seq from 15141 to 15146
Skipped Seq from 15228 to 15231
Skipped Seq from 15231 to 15275
Skipped Seq from 15286 to 15308
Skipped Seq from 15353 to 15361
Skipped Seq from 15377 to 15384
Skipped Seq from 15384 to 15388
Skipped Seq from 15448 to 15458
Skipped Seq from 15461 to 15466
Skipped Seq from 15467 to 15473
Skipped Seq from 15473 to 15476
Skipped Seq from 15477 to 15480
Skipped Seq from 15484 to 15491
Skipped Seq from 15493 to 15496
Skipped Seq from 15501 to 15508
Skipped Seq from 15513 to 15519
Skipped Seq from 15519 to 15522
Skipped Seq from 15522 to 15548
Skipped Seq from 15581 to 15592
Skipped Seq from 15598 to 15603
Skipped Seq from 15618 to 15633
Skipped Seq from 15644 to 15659
Skipped Seq from 15659 to 15675
Skipped Seq from 15737 to 15752
Skipped Seq from 15752 to 15798
Skipped Seq from 15818 to 15828
Skipped Seq from 15831 to 15868
Skipped Seq from 15868 to 15907
Skipped Seq from 15914 to 15916
Skipped Seq from 15916 to 15923
Skipped Seq from 15923 to 15930
Skipped Seq from 15971 to 15978
Skipped Seq from 15978 to 15984
Skipped Seq from 15984 to 15988
Skipped Seq from 15988 to 16009
Skipped Seq from 16009 to 16039
Skipped Seq from 16107 to 16164
Skipped Seq from 16174 to 16183
Skipped Seq from 16186 to 16224
Skipped Seq from 16242 to 16255
Skipped Seq from 16267 to 16272
Skipped Seq from 16319 to 16354
Skipped Seq from 16386 to 16401
Skipped Seq from 16401 to 16422
Skipped Seq from 16783 to 16853
Skipped Seq from 17033 to 17078
Skipped Seq from 19052 to 19073
Skipped Seq from 19073 to 19139
Skipped Seq from 19145 to 19186
Skipped Seq from 19200 to 19220
Skipped Seq from 19220 to 19260
Skipped Seq from 19271 to 19282
Skipped Seq from 19282 to 19286
Skipped Seq from 19287 to 19330
Skipped Seq from 19372 to 19376
Skipped Seq from 19377 to 19422
Skipped Seq from 19422 to 19462
Skipped Seq from 19491 to 19509
Skipped Seq from 19575 to 19586
Skipped Seq from 19586 to 19621
Skipped Seq from 19622 to 19653
Skipped Seq from 19653 to 19655
Skipped Seq from 19677 to 19697
Skipped Seq from 19699 to 19763
Skipped Seq from 19763 to 19771
Skipped Seq from 19821 to 19862
Skipped Seq from 19889 to 19892
Skipped Seq from 19892 to 19935
Skipped Seq from 19936 to 19955
Skipped Seq from 19972 to 19975
Skipped Seq from 19975 to 19995
Skipped Seq from 19995 to 20016
Skipped Seq from 20016 to 20019
Skipped Seq from 20060 to 20069
Skipped Seq from 20069 to 20071
Skipped Seq from 20071 to 20075
Skipped Seq from 20075 to 20078
Skipped Seq from 20078 to 20082
Skipped Seq from 20082 to 20087
Skipped Seq from 20090 to 20127
Skipped Seq from 20127 to 20140
Skipped Seq from 20140 to 20156
Skipped Seq from 20181 to 20185
Skipped Seq from 20185 to 20206
Skipped Seq from 20261 to 20296
Skipped Seq from 20296 to 20317
Skipped Seq from 20331 to 20334
Skipped Seq from 20335 to 20364
Skipped Seq from 20524 to 20534
Skipped Seq from 20539 to 20565
Skipped Seq from 20565 to 20619
Skipped Seq from 20619 to 20624
Skipped Seq from 20653 to 20677
Skipped Seq from 20677 to 20696
Skipped Seq from 20708 to 20757
Skipped Seq from 20785 to 20789
Skipped Seq from 20789 to 20840
Skipped Seq from 20840 to 20844
Skipped Seq from 20845 to 20894
Skipped Seq from 20910 to 20966
Skipped Seq from 20966 to 20995
Skipped Seq from 21002 to 21004
Skipped Seq from 21004 to 21057
Skipped Seq from 21057 to 21070
Skipped Seq from 21093 to 21114
Skipped Seq from 21114 to 21148
Skipped Seq from 21160 to 21162
Skipped Seq from 21162 to 21174
Skipped Seq from 21175 to 21181
Skipped Seq from 21181 to 21212
Skipped Seq from 21346 to 21373
Skipped Seq from 21373 to 21407
Skipped Seq from 21407 to 21413
Skipped Seq from 21428 to 21450
Skipped Seq from 21450 to 21473
Skipped Seq from 21483 to 21488
Skipped Seq from 21747 to 21752
Number of times throttled: 17
Received: 22024 / 28113 packets
Start time: 1332843857.339125
End time: 1332843896.997344
Duration: 39.658219
