Starting client at 10.0.0.10:1237 with timeout:10
My IP address is 10.0.0.10Skipped Seq from 5 to 13
Skipped Seq from 13 to 16
Skipped Seq from 17 to 20
Skipped Seq from 21 to 24
Skipped Seq from 24 to 27
Skipped Seq from 27 to 31
Skipped Seq from 31 to 35
Skipped Seq from 35 to 37
Skipped Seq from 37 to 53
Skipped Seq from 53 to 61
Skipped Seq from 61 to 65
Skipped Seq from 65 to 68
Skipped Seq from 68 to 70
Skipped Seq from 70 to 74
Skipped Seq from 75 to 77
Skipped Seq from 77 to 94
Skipped Seq from 94 to 96
Skipped Seq from 96 to 102
Skipped Seq from 102 to 105
Skipped Seq from 105 to 111
Skipped Seq from 111 to 113
Skipped Seq from 113 to 127
Skipped Seq from 127 to 136
Skipped Seq from 136 to 142
Skipped Seq from 142 to 144
Skipped Seq from 144 to 150
Skipped Seq from 150 to 152
Skipped Seq from 152 to 158
Skipped Seq from 158 to 161
Skipped Seq from 161 to 166
Skipped Seq from 166 to 169
Skipped Seq from 169 to 172
Skipped Seq from 172 to 179
Skipped Seq from 179 to 181
Skipped Seq from 181 to 187
Skipped Seq from 187 to 189
Skipped Seq from 189 to 195
Skipped Seq from 195 to 201
Skipped Seq from 201 to 204
Skipped Seq from 204 to 206
Skipped Seq from 206 to 212
Skipped Seq from 212 to 215
Skipped Seq from 215 to 217
Skipped Seq from 228 to 234
Skipped Seq from 234 to 259
Skipped Seq from 259 to 265
Skipped Seq from 265 to 270
Skipped Seq from 270 to 272
Skipped Seq from 272 to 276
Skipped Seq from 276 to 280
Skipped Seq from 280 to 283
Skipped Seq from 283 to 285
Skipped Seq from 285 to 288
Skipped Seq from 288 to 291
Skipped Seq from 291 to 295
Skipped Seq from 295 to 297
Skipped Seq from 297 to 303
Skipped Seq from 303 to 310
Skipped Seq from 310 to 315
Skipped Seq from 315 to 318
Skipped Seq from 318 to 321
Skipped Seq from 321 to 326
Skipped Seq from 326 to 328
Skipped Seq from 328 to 330
Skipped Seq from 330 to 332
Skipped Seq from 332 to 336
Skipped Seq from 336 to 338
Skipped Seq from 338 to 344
Skipped Seq from 344 to 350
Skipped Seq from 350 to 357
Skipped Seq from 357 to 361
Skipped Seq from 361 to 363
Skipped Seq from 363 to 365
Skipped Seq from 365 to 369
Skipped Seq from 369 to 375
Skipped Seq from 375 to 378
Skipped Seq from 378 to 384
Skipped Seq from 384 to 390
Skipped Seq from 390 to 396
Skipped Seq from 396 to 400
Skipped Seq from 400 to 402
Skipped Seq from 402 to 405
Skipped Seq from 405 to 411
Skipped Seq from 411 to 415
Skipped Seq from 415 to 417
Skipped Seq from 417 to 423
Skipped Seq from 423 to 427
Skipped Seq from 427 to 429
Skipped Seq from 429 to 435
Skipped Seq from 435 to 442
Skipped Seq from 442 to 463
Skipped Seq from 463 to 467
Skipped Seq from 467 to 471
Skipped Seq from 471 to 473
Skipped Seq from 473 to 475
Skipped Seq from 475 to 477
Skipped Seq from 477 to 479
Skipped Seq from 479 to 481
Skipped Seq from 481 to 485
Skipped Seq from 485 to 487
Skipped Seq from 487 to 490
Skipped Seq from 491 to 494
Skipped Seq from 494 to 496
Skipped Seq from 497 to 500
Skipped Seq from 500 to 502
Skipped Seq from 503 to 506
Skipped Seq from 506 to 508
Skipped Seq from 508 to 512
Skipped Seq from 512 to 514
Skipped Seq from 514 to 517
Skipped Seq from 517 to 520
Skipped Seq from 520 to 522
Skipped Seq from 522 to 525
Skipped Seq from 525 to 528
Skipped Seq from 528 to 531
Skipped Seq from 531 to 533
Skipped Seq from 534 to 537
Skipped Seq from 537 to 539
Skipped Seq from 539 to 543
Skipped Seq from 543 to 545
Skipped Seq from 545 to 548
Skipped Seq from 549 to 551
Skipped Seq from 551 to 554
Skipped Seq from 554 to 556
Skipped Seq from 556 to 560
Skipped Seq from 561 to 564
Skipped Seq from 564 to 566
Skipped Seq from 566 to 570
Skipped Seq from 570 to 572
Skipped Seq from 572 to 578
Skipped Seq from 578 to 580
Skipped Seq from 580 to 586
Skipped Seq from 586 to 589
Skipped Seq from 589 to 592
Skipped Seq from 592 to 595
Skipped Seq from 596 to 599
Skipped Seq from 599 to 602
Skipped Seq from 603 to 605
Skipped Seq from 605 to 608
Skipped Seq from 609 to 611
Skipped Seq from 611 to 617
Skipped Seq from 617 to 619
Skipped Seq from 619 to 628
Skipped Seq from 628 to 636
Skipped Seq from 636 to 644
Skipped Seq from 644 to 650
Skipped Seq from 650 to 654
Skipped Seq from 654 to 657
Skipped Seq from 657 to 665
Skipped Seq from 665 to 668
Skipped Seq from 668 to 686
Skipped Seq from 686 to 692
Skipped Seq from 692 to 704
Skipped Seq from 704 to 710
Skipped Seq from 710 to 713
Skipped Seq from 713 to 719
Skipped Seq from 719 to 727
Skipped Seq from 727 to 733
Skipped Seq from 733 to 735
Skipped Seq from 735 to 741
Skipped Seq from 741 to 744
Skipped Seq from 744 to 750
Skipped Seq from 750 to 754
Skipped Seq from 754 to 756
Skipped Seq from 756 to 759
Skipped Seq from 760 to 762
Skipped Seq from 762 to 765
Skipped Seq from 765 to 768
Skipped Seq from 768 to 771
Skipped Seq from 772 to 775
Skipped Seq from 775 to 777
Skipped Seq from 778 to 781
Skipped Seq from 781 to 783
Skipped Seq from 783 to 785
Skipped Seq from 785 to 787
Skipped Seq from 787 to 791
Skipped Seq from 791 to 794
Skipped Seq from 794 to 796
Skipped Seq from 797 to 800
Skipped Seq from 800 to 802
Skipped Seq from 802 to 805
Skipped Seq from 805 to 808
Skipped Seq from 808 to 810
Skipped Seq from 810 to 814
Skipped Seq from 814 to 816
Skipped Seq from 816 to 822
Skipped Seq from 822 to 824
Skipped Seq from 824 to 828
Skipped Seq from 828 to 831
Skipped Seq from 831 to 833
Skipped Seq from 834 to 837
Skipped Seq from 837 to 841
Skipped Seq from 841 to 843
Skipped Seq from 843 to 847
Skipped Seq from 847 to 849
Skipped Seq from 849 to 851
Skipped Seq from 851 to 855
Skipped Seq from 855 to 857
Skipped Seq from 857 to 860
Skipped Seq from 861 to 863
Skipped Seq from 863 to 866
Skipped Seq from 866 to 872
Skipped Seq from 872 to 874
Skipped Seq from 874 to 876
Skipped Seq from 876 to 878
Skipped Seq from 878 to 880
Skipped Seq from 880 to 883
Skipped Seq from 884 to 886
Skipped Seq from 886 to 889
Skipped Seq from 890 to 893
Skipped Seq from 893 to 896
Skipped Seq from 896 to 899
Skipped Seq from 899 to 901
Skipped Seq from 901 to 903
Skipped Seq from 903 to 905
Skipped Seq from 905 to 907
Skipped Seq from 907 to 915
Skipped Seq from 915 to 921
Skipped Seq from 921 to 927
Skipped Seq from 927 to 930
Skipped Seq from 930 to 932
Skipped Seq from 932 to 934
Skipped Seq from 934 to 936
Skipped Seq from 936 to 938
Skipped Seq from 938 to 942
Skipped Seq from 942 to 944
Skipped Seq from 944 to 950
Skipped Seq from 950 to 952
Skipped Seq from 953 to 957
Skipped Seq from 957 to 963
Skipped Seq from 963 to 965
Skipped Seq from 965 to 969
Skipped Seq from 969 to 971
Skipped Seq from 971 to 973
Skipped Seq from 973 to 979
Skipped Seq from 979 to 992
Skipped Seq from 992 to 998
Skipped Seq from 998 to 1012
Skipped Seq from 1012 to 1015
Skipped Seq from 1015 to 1021
Skipped Seq from 1021 to 1023
Skipped Seq from 1023 to 1029
Skipped Seq from 1029 to 1031
Skipped Seq from 1031 to 1037
Skipped Seq from 1037 to 1039
Skipped Seq from 1039 to 1043
Skipped Seq from 1043 to 1046
Skipped Seq from 1046 to 1052
Skipped Seq from 1052 to 1054
Skipped Seq from 1054 to 1060
Skipped Seq from 1060 to 1062
Skipped Seq from 1062 to 1066
Skipped Seq from 1066 to 1068
Skipped Seq from 1068 to 1070
Skipped Seq from 1070 to 1074
Skipped Seq from 1074 to 1076
Skipped Seq from 1076 to 1082
Skipped Seq from 1082 to 1091
Skipped Seq from 1091 to 1105
Skipped Seq from 1105 to 1113
Skipped Seq from 1113 to 1138
Skipped Seq from 1138 to 1146
Skipped Seq from 1146 to 1163
Skipped Seq from 1163 to 1171
Skipped Seq from 1171 to 1180
Skipped Seq from 1180 to 1188
Skipped Seq from 1188 to 1205
Skipped Seq from 1205 to 1213
Skipped Seq from 1213 to 1219
Skipped Seq from 1219 to 1231
Skipped Seq from 1231 to 1234
Skipped Seq from 1234 to 1240
Skipped Seq from 1240 to 1242
Skipped Seq from 1242 to 1246
Skipped Seq from 1246 to 1248
Skipped Seq from 1248 to 1252
Skipped Seq from 1252 to 1254
Skipped Seq from 1254 to 1260
Skipped Seq from 1260 to 1265
Skipped Seq from 1265 to 1271
Skipped Seq from 1271 to 1273
Skipped Seq from 1273 to 1277
Skipped Seq from 1277 to 1279
Skipped Seq from 1279 to 1281
Skipped Seq from 1281 to 1285
Skipped Seq from 1285 to 1291
Skipped Seq from 1291 to 1302
Skipped Seq from 1302 to 1322
Skipped Seq from 1322 to 1326
Skipped Seq from 1326 to 1343
Skipped Seq from 1343 to 1353
Skipped Seq from 1353 to 1368
Skipped Seq from 1368 to 1374
Skipped Seq from 1374 to 1376
Skipped Seq from 1376 to 1382
Skipped Seq from 1382 to 1395
Skipped Seq from 1395 to 1403
Skipped Seq from 1403 to 1418
Skipped Seq from 1418 to 1424
Skipped Seq from 1424 to 1430
Skipped Seq from 1430 to 1436
Skipped Seq from 1436 to 1438
Skipped Seq from 1438 to 1444
Skipped Seq from 1444 to 1447
Skipped Seq from 1447 to 1450
Skipped Seq from 1450 to 1453
Skipped Seq from 1453 to 1455
Skipped Seq from 1455 to 1459
Skipped Seq from 1459 to 1461
Skipped Seq from 1461 to 1468
Skipped Seq from 1468 to 1470
Skipped Seq from 1471 to 1474
Skipped Seq from 1474 to 1476
Skipped Seq from 1476 to 1480
Skipped Seq from 1480 to 1482
Skipped Seq from 1482 to 1484
Skipped Seq from 1484 to 1487
Skipped Seq from 1488 to 1490
Skipped Seq from 1490 to 1492
Skipped Seq from 1492 to 1496
Skipped Seq from 1496 to 1499
Skipped Seq from 1499 to 1504
Skipped Seq from 1504 to 1507
Skipped Seq from 1507 to 1509
Skipped Seq from 1509 to 1513
Skipped Seq from 1513 to 1515
Skipped Seq from 1515 to 1517
Skipped Seq from 1517 to 1523
Skipped Seq from 1523 to 1529
Skipped Seq from 1529 to 1537
Skipped Seq from 1537 to 1540
Skipped Seq from 1540 to 1544
Skipped Seq from 1544 to 1546
Skipped Seq from 1546 to 1548
Skipped Seq from 1548 to 1552
Skipped Seq from 1552 to 1554
Skipped Seq from 1554 to 1557
Skipped Seq from 1557 to 1560
Skipped Seq from 1560 to 1563
Skipped Seq from 1563 to 1565
Skipped Seq from 1566 to 1569
Skipped Seq from 1569 to 1571
Skipped Seq from 1572 to 1575
Skipped Seq from 1575 to 1577
Skipped Seq from 1577 to 1581
Skipped Seq from 1581 to 1583
Skipped Seq from 1583 to 1586
Skipped Seq from 1587 to 1589
Skipped Seq from 1589 to 1592
Skipped Seq from 1593 to 1596
Skipped Seq from 1596 to 1598
Skipped Seq from 1598 to 1600
Skipped Seq from 1600 to 1602
Skipped Seq from 1602 to 1606
Skipped Seq from 1606 to 1608
Skipped Seq from 1608 to 1612
Skipped Seq from 1612 to 1614
Skipped Seq from 1614 to 1620
Skipped Seq from 1620 to 1623
Skipped Seq from 1623 to 1625
Skipped Seq from 1625 to 1633
Skipped Seq from 1633 to 1637
Skipped Seq from 1637 to 1639
Skipped Seq from 1639 to 1645
Skipped Seq from 1645 to 1653
Skipped Seq from 1653 to 1662
Skipped Seq from 1662 to 1674
Skipped Seq from 1674 to 1676
Skipped Seq from 1676 to 1682
Skipped Seq from 1682 to 1684
Skipped Seq from 1684 to 1690
Skipped Seq from 1690 to 1693
Skipped Seq from 1693 to 1699
Skipped Seq from 1699 to 1703
Skipped Seq from 1703 to 1705
Skipped Seq from 1705 to 1708
Skipped Seq from 1708 to 1711
Skipped Seq from 1711 to 1714
Skipped Seq from 1714 to 1716
Skipped Seq from 1716 to 1720
Skipped Seq from 1720 to 1722
Skipped Seq from 1722 to 1725
Skipped Seq from 1725 to 1728
Skipped Seq from 1728 to 1730
Skipped Seq from 1730 to 1733
Skipped Seq from 1734 to 1736
Skipped Seq from 1736 to 1739
Skipped Seq from 1739 to 1742
Skipped Seq from 1742 to 1744
Skipped Seq from 1744 to 1747
Skipped Seq from 1747 to 1750
Skipped Seq from 1750 to 1753
Skipped Seq from 1753 to 1755
Skipped Seq from 1755 to 1759
Skipped Seq from 1759 to 1761
Skipped Seq from 1761 to 1764
Skipped Seq from 1765 to 1767
Skipped Seq from 1767 to 1770
Skipped Seq from 1770 to 1773
Skipped Seq from 1773 to 1776
Skipped Seq from 1776 to 1779
Skipped Seq from 1779 to 1782
Skipped Seq from 1782 to 1784
Skipped Seq from 1784 to 1788
Skipped Seq from 1788 to 1790
Skipped Seq from 1790 to 1792
Skipped Seq from 1792 to 1796
Skipped Seq from 1796 to 1798
Skipped Seq from 1798 to 1802
Skipped Seq from 1802 to 1804
Skipped Seq from 1804 to 1807
Skipped Seq from 1807 to 1810
Skipped Seq from 1810 to 1813
Skipped Seq from 1813 to 1815
Skipped Seq from 1815 to 1819
Skipped Seq from 1819 to 1821
Skipped Seq from 1821 to 1823
Skipped Seq from 1823 to 1827
Skipped Seq from 1827 to 1829
Skipped Seq from 1829 to 1832
Skipped Seq from 1832 to 1835
Skipped Seq from 1835 to 1837
Skipped Seq from 1837 to 1840
Skipped Seq from 1840 to 1842
Skipped Seq from 1842 to 1846
Skipped Seq from 1846 to 1848
Skipped Seq from 1848 to 1850
Skipped Seq from 1850 to 1854
Skipped Seq from 1854 to 1856
Skipped Seq from 1856 to 1858
Skipped Seq from 1858 to 1862
Skipped Seq from 1862 to 1864
Skipped Seq from 1864 to 1867
Skipped Seq from 1867 to 1870
Skipped Seq from 1870 to 1873
Skipped Seq from 1873 to 1875
Skipped Seq from 1875 to 1879
Skipped Seq from 1879 to 1881
Skipped Seq from 1882 to 1885
Skipped Seq from 1890 to 1895
Skipped Seq from 1895 to 1907
Skipped Seq from 1914 to 1921
Skipped Seq from 1921 to 1929
Skipped Seq from 1932 to 1934
Skipped Seq from 1934 to 1941
Skipped Seq from 1941 to 1949
Skipped Seq from 1949 to 1956
Skipped Seq from 1958 to 1964
Skipped Seq from 1964 to 1972
Skipped Seq from 1972 to 1976
Skipped Seq from 1977 to 1979
Skipped Seq from 1981 to 1983
Skipped Seq from 1984 to 1986
Skipped Seq from 1987 to 1995
Skipped Seq from 1996 to 1998
Skipped Seq from 1998 to 2012
Skipped Seq from 2012 to 2037
Skipped Seq from 2037 to 2042
Skipped Seq from 2043 to 2050
Skipped Seq from 2051 to 2068
Skipped Seq from 2068 to 2074
Skipped Seq from 2074 to 2085
Skipped Seq from 2085 to 2091
Skipped Seq from 2091 to 2109
Skipped Seq from 2109 to 2116
Skipped Seq from 2116 to 2126
Skipped Seq from 2126 to 2136
Skipped Seq from 2136 to 2142
Skipped Seq from 2142 to 2144
Skipped Seq from 2144 to 2146
Skipped Seq from 2147 to 2153
Skipped Seq from 2153 to 2162
Skipped Seq from 2162 to 2169
Skipped Seq from 2171 to 2175
Skipped Seq from 2175 to 2177
Skipped Seq from 2177 to 2183
Skipped Seq from 2183 to 2192
Skipped Seq from 2192 to 2200
Skipped Seq from 2201 to 2208
Skipped Seq from 2208 to 2211
Skipped Seq from 2212 to 2217
Skipped Seq from 2217 to 2219
Skipped Seq from 2219 to 2224
Skipped Seq from 2224 to 2226
Skipped Seq from 2226 to 2228
Skipped Seq from 2228 to 2230
Skipped Seq from 2230 to 2232
Skipped Seq from 2232 to 2234
Skipped Seq from 2234 to 2236
Skipped Seq from 2238 to 2244
Skipped Seq from 2244 to 2247
Skipped Seq from 2249 to 2251
Skipped Seq from 2251 to 2264
Skipped Seq from 2265 to 2277
Skipped Seq from 2277 to 2282
Skipped Seq from 2282 to 2285
Skipped Seq from 2286 to 2290
Skipped Seq from 2290 to 2294
Skipped Seq from 2294 to 2307
Skipped Seq from 2308 to 2314
Skipped Seq from 2315 to 2317
Skipped Seq from 2318 to 2329
Skipped Seq from 2329 to 2338
Skipped Seq from 2338 to 2349
Skipped Seq from 2350 to 2361
Skipped Seq from 2361 to 2367
Skipped Seq from 2367 to 2369
Skipped Seq from 2369 to 2376
Skipped Seq from 2376 to 2385
Skipped Seq from 2385 to 2393
Skipped Seq from 2393 to 2400
Skipped Seq from 2400 to 2410
Skipped Seq from 2410 to 2419
Skipped Seq from 2419 to 2428
Skipped Seq from 2428 to 2437
Skipped Seq from 2437 to 2448
Skipped Seq from 2448 to 2450
Skipped Seq from 2450 to 2452
Skipped Seq from 2452 to 2460
Skipped Seq from 2460 to 2468
Skipped Seq from 2468 to 2470
Skipped Seq from 2470 to 2476
Skipped Seq from 2476 to 2484
Skipped Seq from 2484 to 2493
Skipped Seq from 2493 to 2499
Skipped Seq from 2499 to 2501
Skipped Seq from 2501 to 2503
Skipped Seq from 2503 to 2506
Skipped Seq from 2506 to 2508
Skipped Seq from 2508 to 2510
Skipped Seq from 2510 to 2517
Skipped Seq from 2517 to 2523
Skipped Seq from 2523 to 2525
Skipped Seq from 2526 to 2529
Skipped Seq from 2529 to 2532
Skipped Seq from 2532 to 2534
Skipped Seq from 2535 to 2537
Skipped Seq from 2537 to 2543
Skipped Seq from 2543 to 2550
Skipped Seq from 2550 to 2556
Skipped Seq from 2556 to 2560
Skipped Seq from 2560 to 2566
Skipped Seq from 2566 to 2570
Skipped Seq from 2570 to 2573
Skipped Seq from 2573 to 2577
Skipped Seq from 2577 to 2583
Skipped Seq from 2583 to 2586
Skipped Seq from 2586 to 2592
Skipped Seq from 2592 to 2594
Skipped Seq from 2594 to 2599
Skipped Seq from 2599 to 2604
Skipped Seq from 2604 to 2609
Skipped Seq from 2609 to 2611
Skipped Seq from 2612 to 2614
Skipped Seq from 2615 to 2618
Skipped Seq from 2618 to 2620
Skipped Seq from 2620 to 2623
Skipped Seq from 2624 to 2626
Skipped Seq from 2626 to 2628
Skipped Seq from 2629 to 2631
Skipped Seq from 2631 to 2635
Skipped Seq from 2635 to 2637
Skipped Seq from 2637 to 2639
Skipped Seq from 2639 to 2642
Skipped Seq from 2642 to 2645
Skipped Seq from 2646 to 2648
Skipped Seq from 2648 to 2651
Skipped Seq from 2653 to 2656
Skipped Seq from 2656 to 2658
Skipped Seq from 2658 to 2662
Skipped Seq from 2662 to 2664
Skipped Seq from 2665 to 2668
Skipped Seq from 2668 to 2670
Skipped Seq from 2671 to 2673
Skipped Seq from 2673 to 2676
Skipped Seq from 2676 to 2678
Skipped Seq from 2679 to 2682
Skipped Seq from 2682 to 2684
Skipped Seq from 2684 to 2688
Skipped Seq from 2689 to 2692
Skipped Seq from 2692 to 2695
Skipped Seq from 2695 to 2697
Skipped Seq from 2697 to 2699
Skipped Seq from 2699 to 2701
Skipped Seq from 2703 to 2705
Skipped Seq from 2706 to 2708
Skipped Seq from 2708 to 2710
Skipped Seq from 2710 to 2712
Skipped Seq from 2712 to 2715
Skipped Seq from 2715 to 2718
Skipped Seq from 2718 to 2722
Skipped Seq from 2723 to 2727
Skipped Seq from 2728 to 2734
Skipped Seq from 2734 to 2737
Skipped Seq from 2738 to 2740
Skipped Seq from 2740 to 2742
Skipped Seq from 2742 to 2749
Skipped Seq from 2750 to 2752
Skipped Seq from 2754 to 2762
Skipped Seq from 2764 to 2769
Skipped Seq from 2769 to 2774
Skipped Seq from 2774 to 2780
Skipped Seq from 2780 to 2786
Skipped Seq from 2786 to 2791
Skipped Seq from 2791 to 2797
Skipped Seq from 2797 to 2801
Skipped Seq from 2801 to 2814
Skipped Seq from 2814 to 2818
Skipped Seq from 2818 to 2820
Skipped Seq from 2820 to 2822
Skipped Seq from 2822 to 2824
Skipped Seq from 2824 to 2827
Skipped Seq from 2827 to 2831
Skipped Seq from 2831 to 2833
Skipped Seq from 2838 to 2842
Skipped Seq from 2842 to 2847
Skipped Seq from 2849 to 2852
Skipped Seq from 2853 to 2855
Skipped Seq from 2855 to 2857
Skipped Seq from 2857 to 2860
Skipped Seq from 2861 to 2865
Skipped Seq from 2869 to 2871
Skipped Seq from 2872 to 2875
Skipped Seq from 2876 to 2878
Skipped Seq from 2878 to 2880
Skipped Seq from 2883 to 2886
Skipped Seq from 2887 to 2890
Skipped Seq from 2890 to 2892
Skipped Seq from 2892 to 2894
Skipped Seq from 2894 to 2897
Skipped Seq from 2897 to 2899
Skipped Seq from 2899 to 2902
Skipped Seq from 2903 to 2905
Skipped Seq from 2905 to 2907
Skipped Seq from 2907 to 2909
Skipped Seq from 2909 to 2913
Skipped Seq from 2913 to 2916
Skipped Seq from 2916 to 2921
Skipped Seq from 2921 to 2923
Skipped Seq from 2924 to 2927
Skipped Seq from 2929 to 2932
Skipped Seq from 2935 to 2937
Skipped Seq from 2937 to 2939
Skipped Seq from 2939 to 2942
Skipped Seq from 2945 to 2947
Skipped Seq from 2948 to 2951
Skipped Seq from 2953 to 2956
Skipped Seq from 2956 to 2961
Skipped Seq from 2961 to 2964
Skipped Seq from 2965 to 2967
Skipped Seq from 2967 to 2969
Skipped Seq from 2973 to 2975
Skipped Seq from 2975 to 2978
Skipped Seq from 2979 to 2981
Skipped Seq from 2982 to 2985
Skipped Seq from 2986 to 2991
Skipped Seq from 2991 to 2997
Skipped Seq from 2997 to 2999
Skipped Seq from 2999 to 3001
Skipped Seq from 3001 to 3004
Skipped Seq from 3004 to 3010
Skipped Seq from 3010 to 3012
Skipped Seq from 3012 to 3015
Skipped Seq from 3015 to 3028
Skipped Seq from 3028 to 3033
Skipped Seq from 3033 to 3037
Skipped Seq from 3037 to 3039
Skipped Seq from 3039 to 3041
Skipped Seq from 3041 to 3046
Skipped Seq from 3046 to 3048
Skipped Seq from 3049 to 3052
Skipped Seq from 3054 to 3057
Skipped Seq from 3057 to 3063
Skipped Seq from 3063 to 3070
Skipped Seq from 3070 to 3085
Skipped Seq from 3085 to 3089
Skipped Seq from 3089 to 3092
Skipped Seq from 3092 to 3100
Skipped Seq from 3100 to 3108
Skipped Seq from 3108 to 3113
Skipped Seq from 3113 to 3116
Skipped Seq from 3116 to 3121
Skipped Seq from 3122 to 3126
Skipped Seq from 3126 to 3129
Skipped Seq from 3131 to 3133
Skipped Seq from 3133 to 3136
Skipped Seq from 3137 to 3140
Skipped Seq from 3142 to 3144
Skipped Seq from 3148 to 3150
Skipped Seq from 3150 to 3153
Skipped Seq from 3154 to 3157
Skipped Seq from 3158 to 3162
Skipped Seq from 3164 to 3166
Skipped Seq from 3166 to 3168
Skipped Seq from 3168 to 3171
Skipped Seq from 3174 to 3177
Skipped Seq from 3177 to 3179
Skipped Seq from 3179 to 3181
Skipped Seq from 3181 to 3184
Skipped Seq from 3184 to 3186
Skipped Seq from 3186 to 3199
Skipped Seq from 3199 to 3203
Skipped Seq from 3203 to 3205
Skipped Seq from 3205 to 3212
Skipped Seq from 3212 to 3222
Skipped Seq from 3222 to 3229
Skipped Seq from 3229 to 3234
Skipped Seq from 3234 to 3236
Skipped Seq from 3236 to 3238
Skipped Seq from 3238 to 3240
Skipped Seq from 3240 to 3243
Skipped Seq from 3243 to 3245
Skipped Seq from 3245 to 3248
Skipped Seq from 3248 to 3250
Skipped Seq from 3250 to 3253
Skipped Seq from 3253 to 3258
Skipped Seq from 3258 to 3261
Skipped Seq from 3261 to 3263
Skipped Seq from 3263 to 3265
Skipped Seq from 3265 to 3268
Skipped Seq from 3268 to 3270
Skipped Seq from 3270 to 3273
Skipped Seq from 3273 to 3276
Skipped Seq from 3276 to 3278
Skipped Seq from 3278 to 3280
Skipped Seq from 3280 to 3283
Skipped Seq from 3283 to 3285
Skipped Seq from 3285 to 3287
Skipped Seq from 3287 to 3289
Skipped Seq from 3289 to 3291
Skipped Seq from 3291 to 3294
Skipped Seq from 3294 to 3296
Skipped Seq from 3296 to 3299
Skipped Seq from 3299 to 3302
Skipped Seq from 3303 to 3307
Skipped Seq from 3307 to 3309
Skipped Seq from 3309 to 3311
Skipped Seq from 3311 to 3316
Skipped Seq from 3320 to 3323
Skipped Seq from 3323 to 3326
Skipped Seq from 3326 to 3329
Skipped Seq from 3329 to 3332
Skipped Seq from 3332 to 3335
Skipped Seq from 3335 to 3338
Skipped Seq from 3338 to 3341
Skipped Seq from 3341 to 3343
Skipped Seq from 3343 to 3347
Skipped Seq from 3347 to 3349
Skipped Seq from 3350 to 3354
Skipped Seq from 3354 to 3356
Skipped Seq from 3356 to 3361
Skipped Seq from 3361 to 3363
Skipped Seq from 3365 to 3368
Skipped Seq from 3370 to 3373
Skipped Seq from 3375 to 3379
Skipped Seq from 3379 to 3381
Skipped Seq from 3381 to 3383
Skipped Seq from 3388 to 3390
Skipped Seq from 3391 to 3394
Skipped Seq from 3394 to 3400
Skipped Seq from 3400 to 3402
Skipped Seq from 3402 to 3405
Skipped Seq from 3405 to 3407
Skipped Seq from 3407 to 3412
Skipped Seq from 3414 to 3419
Skipped Seq from 3419 to 3421
Skipped Seq from 3424 to 3426
Skipped Seq from 3436 to 3438
Skipped Seq from 3438 to 3440
Skipped Seq from 3442 to 3446
Skipped Seq from 3456 to 3458
Skipped Seq from 3467 to 3469
Skipped Seq from 3477 to 3481
Skipped Seq from 3481 to 3483
Skipped Seq from 3483 to 3486
Skipped Seq from 3490 to 3492
Skipped Seq from 3494 to 3497
Skipped Seq from 3497 to 3499
Skipped Seq from 3500 to 3502
Skipped Seq from 3502 to 3504
Skipped Seq from 3504 to 3507
Skipped Seq from 3512 to 3514
Skipped Seq from 3516 to 3519
Skipped Seq from 3519 to 3522
Skipped Seq from 3524 to 3527
Skipped Seq from 3529 to 3531
Skipped Seq from 3531 to 3535
Skipped Seq from 3535 to 3537
Skipped Seq from 3537 to 3540
Skipped Seq from 3540 to 3545
Skipped Seq from 3545 to 3547
Skipped Seq from 3547 to 3553
Skipped Seq from 3601 to 3610
Skipped Seq from 3611 to 3613
Skipped Seq from 3615 to 3618
Skipped Seq from 3619 to 3621
Skipped Seq from 3622 to 3624
Skipped Seq from 3624 to 3627
Skipped Seq from 3628 to 3630
Skipped Seq from 3631 to 3634
Skipped Seq from 3635 to 3637
Skipped Seq from 3646 to 3649
Skipped Seq from 3649 to 3651
Skipped Seq from 3653 to 3655
Skipped Seq from 3657 to 3660
Skipped Seq from 3661 to 3663
Skipped Seq from 3664 to 3666
Skipped Seq from 3668 to 3670
Skipped Seq from 3671 to 3675
Skipped Seq from 3675 to 3677
Skipped Seq from 3677 to 3679
Skipped Seq from 3679 to 3681
Skipped Seq from 3681 to 3683
Skipped Seq from 3683 to 3685
Skipped Seq from 3685 to 3687
Skipped Seq from 3687 to 3689
Skipped Seq from 3690 to 3692
Skipped Seq from 3693 to 3696
Skipped Seq from 3696 to 3698
Skipped Seq from 3698 to 3701
Skipped Seq from 3701 to 3703
Skipped Seq from 3703 to 3705
Skipped Seq from 3705 to 3708
Skipped Seq from 3708 to 3711
Skipped Seq from 3712 to 3714
Skipped Seq from 3716 to 3718
Skipped Seq from 3720 to 3723
Skipped Seq from 3725 to 3727
Skipped Seq from 3727 to 3729
Skipped Seq from 3729 to 3731
Skipped Seq from 3732 to 3734
Skipped Seq from 3735 to 3739
Skipped Seq from 3741 to 3744
Skipped Seq from 3747 to 3750
Skipped Seq from 3750 to 3754
Skipped Seq from 3754 to 3756
Skipped Seq from 3756 to 3760
Skipped Seq from 3760 to 3762
Skipped Seq from 3762 to 3765
Skipped Seq from 3765 to 3767
Skipped Seq from 3767 to 3769
Skipped Seq from 3769 to 3773
Skipped Seq from 3773 to 3775
Skipped Seq from 3775 to 3778
Skipped Seq from 3778 to 3786
Skipped Seq from 3786 to 3791
Skipped Seq from 3791 to 3793
Skipped Seq from 3793 to 3799
Skipped Seq from 3799 to 3801
Skipped Seq from 3801 to 3804
Skipped Seq from 3804 to 3806
Skipped Seq from 3806 to 3810
Skipped Seq from 3810 to 3812
Skipped Seq from 3812 to 3815
Skipped Seq from 3815 to 3818
Skipped Seq from 3818 to 3821
Skipped Seq from 3821 to 3823
Skipped Seq from 3823 to 3826
Skipped Seq from 3826 to 3829
Skipped Seq from 3829 to 3831
Skipped Seq from 3831 to 3833
Skipped Seq from 3834 to 3836
Skipped Seq from 3836 to 3839
Skipped Seq from 3839 to 3842
Skipped Seq from 3842 to 3844
Skipped Seq from 3844 to 3847
Skipped Seq from 3847 to 3850
Skipped Seq from 3850 to 3853
Skipped Seq from 3853 to 3855
Skipped Seq from 3855 to 3857
Skipped Seq from 3857 to 3860
Skipped Seq from 3860 to 3862
Skipped Seq from 3862 to 3864
Skipped Seq from 3871 to 3873
Skipped Seq from 3875 to 3877
Skipped Seq from 3878 to 3880
Skipped Seq from 3881 to 3883
Skipped Seq from 3930 to 3934
Skipped Seq from 3936 to 3940
Skipped Seq from 3940 to 3942
Skipped Seq from 3942 to 3944
Skipped Seq from 3944 to 3946
Skipped Seq from 3946 to 3948
Skipped Seq from 3948 to 3951
Skipped Seq from 3952 to 3954
Skipped Seq from 3957 to 3959
Skipped Seq from 3962 to 3964
Skipped Seq from 3968 to 3970
Skipped Seq from 3972 to 3974
Skipped Seq from 3974 to 3976
Skipped Seq from 3976 to 3978
Skipped Seq from 3988 to 3990
Skipped Seq from 3990 to 3992
Skipped Seq from 4005 to 4010
Skipped Seq from 4010 to 4012
Skipped Seq from 4012 to 4014
Skipped Seq from 4017 to 4019
Skipped Seq from 4024 to 4026
Skipped Seq from 4026 to 4028
Skipped Seq from 4028 to 4032
Skipped Seq from 4042 to 4044
Skipped Seq from 4045 to 4047
Skipped Seq from 4047 to 4049
Skipped Seq from 4063 to 4065
Skipped Seq from 4067 to 4069
Skipped Seq from 4072 to 4075
Skipped Seq from 4079 to 4081
Skipped Seq from 4081 to 4083
Skipped Seq from 4083 to 4085
Skipped Seq from 4089 to 4091
Skipped Seq from 4098 to 4100
Skipped Seq from 4102 to 4108
Skipped Seq from 4108 to 4111
Skipped Seq from 4127 to 4131
Skipped Seq from 4133 to 4135
Skipped Seq from 4138 to 4140
Skipped Seq from 4141 to 4145
Skipped Seq from 4146 to 4150
Skipped Seq from 4150 to 4153
Skipped Seq from 4154 to 4160
Skipped Seq from 4160 to 4165
Skipped Seq from 4165 to 4168
Skipped Seq from 4168 to 4174
Skipped Seq from 4174 to 4177
Skipped Seq from 4177 to 4179
Skipped Seq from 4179 to 4187
Skipped Seq from 4187 to 4189
Skipped Seq from 4196 to 4198
Skipped Seq from 4201 to 4204
Skipped Seq from 4204 to 4206
Skipped Seq from 4206 to 4208
Skipped Seq from 4210 to 4212
Skipped Seq from 4212 to 4214
Skipped Seq from 4221 to 4223
Skipped Seq from 4229 to 4232
Skipped Seq from 4234 to 4236
Skipped Seq from 4236 to 4239
Skipped Seq from 4241 to 4243
Skipped Seq from 4245 to 4249
Skipped Seq from 4251 to 4253
Number of times throttled: 4
Received: 5874 / 8638 packets
Start time: 1332854110.779318
End time: 1332854130.148141
Duration: 19.368823
