Starting client at 10.0.0.17:1238 with timeout:10
My IP address is 10.0.0.17Skipped Seq from 778 to 780
Skipped Seq from 781 to 783
Skipped Seq from 784 to 786
Skipped Seq from 787 to 789
Skipped Seq from 789 to 792
Skipped Seq from 792 to 794
Skipped Seq from 794 to 797
Skipped Seq from 797 to 802
Skipped Seq from 803 to 806
Skipped Seq from 806 to 809
Skipped Seq from 809 to 811
Skipped Seq from 811 to 813
Skipped Seq from 814 to 818
Skipped Seq from 819 to 822
Skipped Seq from 823 to 825
Skipped Seq from 826 to 828
Skipped Seq from 828 to 831
Skipped Seq from 831 to 834
Skipped Seq from 834 to 836
Skipped Seq from 837 to 839
Skipped Seq from 839 to 841
Skipped Seq from 841 to 843
Skipped Seq from 843 to 847
Skipped Seq from 847 to 852
Skipped Seq from 852 to 855
Skipped Seq from 855 to 858
Skipped Seq from 858 to 861
Skipped Seq from 861 to 869
Skipped Seq from 869 to 871
Skipped Seq from 871 to 875
Skipped Seq from 875 to 878
Skipped Seq from 878 to 883
Skipped Seq from 883 to 887
Skipped Seq from 887 to 891
Skipped Seq from 891 to 894
Skipped Seq from 894 to 897
Skipped Seq from 898 to 901
Skipped Seq from 901 to 903
Skipped Seq from 903 to 906
Skipped Seq from 906 to 909
Skipped Seq from 909 to 911
Skipped Seq from 911 to 913
Skipped Seq from 913 to 919
Skipped Seq from 919 to 923
Skipped Seq from 923 to 928
Skipped Seq from 928 to 931
Skipped Seq from 931 to 936
Skipped Seq from 936 to 939
Skipped Seq from 939 to 946
Skipped Seq from 946 to 950
Skipped Seq from 951 to 953
Skipped Seq from 953 to 956
Skipped Seq from 956 to 960
Skipped Seq from 960 to 964
Skipped Seq from 964 to 967
Skipped Seq from 967 to 970
Number of times throttled: 0
Received: 846 / 972 packets
Start time: 1332853966.922638
End time: 1332853980.309367
Duration: 13.386729
