Starting client at 10.0.0.23:1243 with timeout:10
My IP address is 10.0.0.23Skipped Seq from 402 to 404
Skipped Seq from 405 to 409
Skipped Seq from 409 to 413
Skipped Seq from 413 to 415
Skipped Seq from 415 to 417
Skipped Seq from 417 to 420
Skipped Seq from 420 to 422
Skipped Seq from 423 to 426
Skipped Seq from 426 to 428
Skipped Seq from 428 to 430
Skipped Seq from 430 to 433
Skipped Seq from 434 to 436
Skipped Seq from 436 to 441
Skipped Seq from 441 to 443
Skipped Seq from 444 to 449
Skipped Seq from 449 to 451
Skipped Seq from 451 to 454
Skipped Seq from 454 to 456
Skipped Seq from 458 to 461
Skipped Seq from 462 to 465
Skipped Seq from 465 to 469
Skipped Seq from 469 to 472
Skipped Seq from 472 to 474
Skipped Seq from 474 to 479
Skipped Seq from 479 to 482
Skipped Seq from 483 to 486
Skipped Seq from 486 to 490
Skipped Seq from 492 to 503
Skipped Seq from 505 to 509
Skipped Seq from 510 to 513
Skipped Seq from 513 to 519
Skipped Seq from 519 to 521
Skipped Seq from 522 to 527
Skipped Seq from 529 to 531
Skipped Seq from 533 to 535
Skipped Seq from 536 to 540
Skipped Seq from 541 to 546
Skipped Seq from 548 to 550
Skipped Seq from 550 to 552
Skipped Seq from 552 to 555
Skipped Seq from 556 to 558
Skipped Seq from 558 to 561
Skipped Seq from 561 to 563
Skipped Seq from 564 to 569
Skipped Seq from 569 to 571
Skipped Seq from 572 to 574
Skipped Seq from 575 to 578
Skipped Seq from 579 to 587
Skipped Seq from 587 to 590
Skipped Seq from 590 to 592
Skipped Seq from 592 to 594
Skipped Seq from 594 to 597
Skipped Seq from 597 to 599
Skipped Seq from 599 to 605
Skipped Seq from 605 to 607
Skipped Seq from 607 to 610
Skipped Seq from 610 to 612
Skipped Seq from 613 to 616
Skipped Seq from 616 to 619
Skipped Seq from 619 to 623
Skipped Seq from 624 to 626
Skipped Seq from 626 to 629
Skipped Seq from 629 to 632
Skipped Seq from 632 to 639
Skipped Seq from 639 to 641
Skipped Seq from 642 to 647
Skipped Seq from 647 to 649
Skipped Seq from 649 to 655
Skipped Seq from 656 to 660
Skipped Seq from 660 to 666
Skipped Seq from 666 to 668
Skipped Seq from 668 to 673
Skipped Seq from 673 to 676
Skipped Seq from 676 to 678
Skipped Seq from 678 to 681
Skipped Seq from 681 to 684
Skipped Seq from 685 to 687
Skipped Seq from 687 to 689
Skipped Seq from 689 to 694
Skipped Seq from 694 to 696
Skipped Seq from 697 to 702
Skipped Seq from 702 to 704
Skipped Seq from 705 to 707
Skipped Seq from 708 to 713
Skipped Seq from 713 to 718
Skipped Seq from 718 to 722
Skipped Seq from 722 to 726
Skipped Seq from 726 to 730
Skipped Seq from 730 to 733
Skipped Seq from 734 to 736
Skipped Seq from 736 to 739
Skipped Seq from 739 to 742
Skipped Seq from 742 to 747
Skipped Seq from 747 to 749
Skipped Seq from 749 to 752
Skipped Seq from 752 to 754
Skipped Seq from 754 to 757
Skipped Seq from 758 to 760
Skipped Seq from 760 to 762
Skipped Seq from 762 to 765
Skipped Seq from 765 to 767
Skipped Seq from 768 to 773
Skipped Seq from 773 to 775
Skipped Seq from 776 to 778
Skipped Seq from 778 to 781
Skipped Seq from 781 to 784
Skipped Seq from 784 to 786
Skipped Seq from 786 to 788
Skipped Seq from 788 to 790
Skipped Seq from 790 to 797
Skipped Seq from 797 to 800
Skipped Seq from 800 to 802
Skipped Seq from 802 to 804
Skipped Seq from 805 to 807
Skipped Seq from 807 to 810
Skipped Seq from 810 to 815
Skipped Seq from 815 to 817
Skipped Seq from 817 to 820
Skipped Seq from 820 to 823
Skipped Seq from 823 to 828
Skipped Seq from 828 to 830
Skipped Seq from 830 to 833
Skipped Seq from 834 to 836
Skipped Seq from 837 to 839
Skipped Seq from 839 to 841
Skipped Seq from 841 to 843
Skipped Seq from 843 to 846
Skipped Seq from 846 to 848
Skipped Seq from 849 to 852
Skipped Seq from 852 to 854
Skipped Seq from 854 to 857
Skipped Seq from 857 to 860
Skipped Seq from 860 to 862
Skipped Seq from 862 to 866
Skipped Seq from 866 to 873
Skipped Seq from 873 to 875
Skipped Seq from 875 to 878
Skipped Seq from 879 to 881
Skipped Seq from 881 to 888
Skipped Seq from 888 to 892
Skipped Seq from 892 to 894
Skipped Seq from 894 to 896
Skipped Seq from 896 to 900
Skipped Seq from 900 to 902
Skipped Seq from 903 to 905
Skipped Seq from 905 to 907
Skipped Seq from 907 to 909
Skipped Seq from 909 to 912
Skipped Seq from 912 to 916
Skipped Seq from 916 to 918
Skipped Seq from 918 to 921
Skipped Seq from 921 to 923
Skipped Seq from 923 to 925
Skipped Seq from 925 to 928
Skipped Seq from 929 to 931
Skipped Seq from 931 to 934
Skipped Seq from 934 to 938
Skipped Seq from 938 to 942
Skipped Seq from 942 to 945
Skipped Seq from 945 to 948
Skipped Seq from 948 to 953
Skipped Seq from 953 to 955
Skipped Seq from 955 to 957
Skipped Seq from 957 to 961
Skipped Seq from 961 to 966
Skipped Seq from 966 to 968
Skipped Seq from 968 to 970
Skipped Seq from 970 to 973
Skipped Seq from 974 to 979
Skipped Seq from 980 to 984
Skipped Seq from 984 to 986
Skipped Seq from 986 to 988
Skipped Seq from 990 to 996
Skipped Seq from 996 to 998
Skipped Seq from 1021 to 1027
Skipped Seq from 1027 to 1030
Skipped Seq from 1030 to 1038
Skipped Seq from 1038 to 1046
Skipped Seq from 1046 to 1054
Skipped Seq from 1054 to 1063
Skipped Seq from 1063 to 1079
Skipped Seq from 1079 to 1086
Skipped Seq from 1093 to 1101
Skipped Seq from 1101 to 1110
Skipped Seq from 1110 to 1115
Skipped Seq from 1115 to 1121
Skipped Seq from 1121 to 1124
Skipped Seq from 1124 to 1127
Skipped Seq from 1127 to 1129
Skipped Seq from 1130 to 1132
Skipped Seq from 1133 to 1135
Skipped Seq from 1135 to 1137
Skipped Seq from 1137 to 1140
Skipped Seq from 1144 to 1146
Skipped Seq from 1146 to 1148
Skipped Seq from 1148 to 1151
Skipped Seq from 1151 to 1153
Skipped Seq from 1153 to 1156
Skipped Seq from 1157 to 1159
Skipped Seq from 1160 to 1162
Skipped Seq from 1162 to 1165
Skipped Seq from 1165 to 1167
Skipped Seq from 1167 to 1169
Skipped Seq from 1170 to 1173
Skipped Seq from 1173 to 1175
Skipped Seq from 1175 to 1177
Skipped Seq from 1177 to 1180
Skipped Seq from 1180 to 1182
Skipped Seq from 1184 to 1186
Skipped Seq from 1186 to 1188
Skipped Seq from 1188 to 1190
Skipped Seq from 1190 to 1194
Skipped Seq from 1194 to 1199
Skipped Seq from 1199 to 1201
Skipped Seq from 1202 to 1205
Skipped Seq from 1205 to 1207
Skipped Seq from 1207 to 1210
Skipped Seq from 1210 to 1212
Skipped Seq from 1213 to 1217
Skipped Seq from 1218 to 1220
Skipped Seq from 1221 to 1223
Skipped Seq from 1223 to 1225
Skipped Seq from 1226 to 1231
Skipped Seq from 1231 to 1234
Skipped Seq from 1234 to 1236
Skipped Seq from 1237 to 1239
Skipped Seq from 1239 to 1241
Skipped Seq from 1242 to 1247
Skipped Seq from 1247 to 1249
Skipped Seq from 1249 to 1252
Skipped Seq from 1252 to 1255
Skipped Seq from 1255 to 1258
Skipped Seq from 1258 to 1260
Skipped Seq from 1261 to 1266
Skipped Seq from 1266 to 1268
Skipped Seq from 1268 to 1271
Skipped Seq from 1271 to 1273
Skipped Seq from 1273 to 1279
Skipped Seq from 1279 to 1281
Skipped Seq from 1281 to 1284
Skipped Seq from 1284 to 1289
Skipped Seq from 1290 to 1292
Skipped Seq from 1292 to 1294
Skipped Seq from 1294 to 1296
Skipped Seq from 1296 to 1299
Skipped Seq from 1299 to 1301
Skipped Seq from 1301 to 1304
Skipped Seq from 1304 to 1306
Skipped Seq from 1306 to 1309
Skipped Seq from 1309 to 1311
Skipped Seq from 1311 to 1313
Skipped Seq from 1314 to 1316
Skipped Seq from 1316 to 1318
Skipped Seq from 1319 to 1322
Skipped Seq from 1322 to 1324
Skipped Seq from 1324 to 1326
Skipped Seq from 1327 to 1330
Skipped Seq from 1330 to 1332
Skipped Seq from 1332 to 1335
Skipped Seq from 1335 to 1337
Skipped Seq from 1337 to 1343
Skipped Seq from 1344 to 1346
Skipped Seq from 1347 to 1349
Skipped Seq from 1349 to 1351
Skipped Seq from 1351 to 1353
Skipped Seq from 1353 to 1357
Skipped Seq from 1359 to 1363
Skipped Seq from 1363 to 1365
Skipped Seq from 1365 to 1367
Skipped Seq from 1368 to 1370
Skipped Seq from 1370 to 1372
Skipped Seq from 1372 to 1374
Skipped Seq from 1374 to 1376
Skipped Seq from 1378 to 1383
Skipped Seq from 1385 to 1389
Skipped Seq from 1390 to 1392
Skipped Seq from 1393 to 1395
Skipped Seq from 1395 to 1400
Skipped Seq from 1400 to 1405
Skipped Seq from 1405 to 1413
Skipped Seq from 1413 to 1415
Skipped Seq from 1415 to 1418
Skipped Seq from 1418 to 1422
Skipped Seq from 1422 to 1424
Skipped Seq from 1424 to 1431
Skipped Seq from 1431 to 1433
Skipped Seq from 1433 to 1436
Skipped Seq from 1436 to 1440
Skipped Seq from 1441 to 1445
Skipped Seq from 1445 to 1447
Skipped Seq from 1448 to 1451
Skipped Seq from 1451 to 1456
Skipped Seq from 1456 to 1464
Skipped Seq from 1464 to 1467
Skipped Seq from 1469 to 1471
Skipped Seq from 1471 to 1474
Skipped Seq from 1474 to 1476
Skipped Seq from 1476 to 1478
Skipped Seq from 1478 to 1480
Skipped Seq from 1481 to 1483
Skipped Seq from 1483 to 1499
Skipped Seq from 1500 to 1507
Skipped Seq from 1507 to 1510
Skipped Seq from 1511 to 1515
Skipped Seq from 1521 to 1523
Skipped Seq from 1523 to 1528
Skipped Seq from 1529 to 1531
Skipped Seq from 1531 to 1539
Skipped Seq from 1545 to 1547
Skipped Seq from 1549 to 1555
Skipped Seq from 1557 to 1564
Skipped Seq from 1564 to 1566
Skipped Seq from 1567 to 1573
Skipped Seq from 1573 to 1582
Skipped Seq from 1582 to 1585
Skipped Seq from 1586 to 1591
Skipped Seq from 1592 to 1595
Skipped Seq from 1596 to 1600
Skipped Seq from 1601 to 1603
Skipped Seq from 1608 to 1610
Skipped Seq from 1612 to 1614
Skipped Seq from 1615 to 1617
Skipped Seq from 1618 to 1620
Skipped Seq from 1621 to 1625
Skipped Seq from 1625 to 1629
Skipped Seq from 1632 to 1639
Skipped Seq from 1639 to 1644
Skipped Seq from 1644 to 1649
Skipped Seq from 1650 to 1652
Skipped Seq from 1652 to 1659
Skipped Seq from 1659 to 1663
Skipped Seq from 1665 to 1668
Skipped Seq from 1669 to 1672
Skipped Seq from 1672 to 1674
Skipped Seq from 1676 to 1679
Skipped Seq from 1683 to 1693
Skipped Seq from 1693 to 1701
Skipped Seq from 1701 to 1709
Skipped Seq from 1709 to 1711
Skipped Seq from 1711 to 1717
Skipped Seq from 1718 to 1720
Skipped Seq from 1720 to 1725
Skipped Seq from 1730 to 1732
Skipped Seq from 1732 to 1738
Skipped Seq from 1742 to 1745
Skipped Seq from 1747 to 1749
Skipped Seq from 1749 to 1756
Skipped Seq from 1757 to 1767
Skipped Seq from 1767 to 1771
Skipped Seq from 1773 to 1785
Skipped Seq from 1789 to 1791
Skipped Seq from 1791 to 1794
Skipped Seq from 1794 to 1806
Skipped Seq from 1806 to 1809
Skipped Seq from 1816 to 1818
Skipped Seq from 1819 to 1822
Skipped Seq from 1829 to 1831
Skipped Seq from 1831 to 1833
Skipped Seq from 1834 to 1836
Skipped Seq from 1839 to 1841
Skipped Seq from 1847 to 1857
Skipped Seq from 1857 to 1861
Skipped Seq from 1861 to 1864
Skipped Seq from 1865 to 1869
Skipped Seq from 1869 to 1874
Skipped Seq from 1874 to 1876
Skipped Seq from 1876 to 1879
Skipped Seq from 1879 to 1882
Skipped Seq from 1883 to 1885
Skipped Seq from 1886 to 1894
Skipped Seq from 1894 to 1896
Skipped Seq from 1896 to 1902
Skipped Seq from 1902 to 1911
Skipped Seq from 1911 to 1913
Skipped Seq from 1913 to 1919
Skipped Seq from 1919 to 1921
Skipped Seq from 1921 to 1924
Skipped Seq from 1924 to 1926
Skipped Seq from 1926 to 1928
Skipped Seq from 1928 to 1932
Skipped Seq from 1932 to 1937
Skipped Seq from 1937 to 1939
Skipped Seq from 1940 to 1942
Skipped Seq from 1943 to 1945
Skipped Seq from 1945 to 1948
Skipped Seq from 1951 to 1953
Skipped Seq from 1954 to 1956
Skipped Seq from 1956 to 1967
Skipped Seq from 1967 to 1971
Skipped Seq from 1971 to 1973
Skipped Seq from 1973 to 1975
Skipped Seq from 1976 to 1978
Skipped Seq from 1979 to 1982
Skipped Seq from 1983 to 1985
Skipped Seq from 1985 to 1988
Skipped Seq from 1989 to 1992
Skipped Seq from 1992 to 1998
Skipped Seq from 1998 to 2007
Skipped Seq from 2008 to 2010
Skipped Seq from 2011 to 2013
Skipped Seq from 2013 to 2016
Skipped Seq from 2016 to 2018
Skipped Seq from 2018 to 2021
Skipped Seq from 2022 to 2024
Skipped Seq from 2024 to 2029
Skipped Seq from 2030 to 2037
Skipped Seq from 2037 to 2039
Skipped Seq from 2039 to 2041
Skipped Seq from 2042 to 2044
Skipped Seq from 2045 to 2047
Skipped Seq from 2047 to 2050
Skipped Seq from 2050 to 2052
Skipped Seq from 2052 to 2054
Skipped Seq from 2055 to 2057
Skipped Seq from 2058 to 2060
Skipped Seq from 2060 to 2062
Skipped Seq from 2062 to 2065
Skipped Seq from 2065 to 2069
Skipped Seq from 2069 to 2072
Skipped Seq from 2072 to 2074
Skipped Seq from 2074 to 2076
Skipped Seq from 2076 to 2078
Skipped Seq from 2078 to 2081
Skipped Seq from 2081 to 2083
Skipped Seq from 2083 to 2086
Skipped Seq from 2087 to 2091
Skipped Seq from 2092 to 2099
Skipped Seq from 2099 to 2104
Skipped Seq from 2104 to 2107
Skipped Seq from 2107 to 2110
Skipped Seq from 2110 to 2113
Skipped Seq from 2113 to 2115
Skipped Seq from 2115 to 2117
Skipped Seq from 2118 to 2123
Skipped Seq from 2123 to 2132
Skipped Seq from 2132 to 2135
Skipped Seq from 2135 to 2138
Skipped Seq from 2138 to 2141
Skipped Seq from 2141 to 2144
Skipped Seq from 2144 to 2146
Skipped Seq from 2147 to 2152
Skipped Seq from 2152 to 2154
Skipped Seq from 2155 to 2157
Skipped Seq from 2159 to 2163
Skipped Seq from 2163 to 2169
Skipped Seq from 2170 to 2173
Skipped Seq from 2173 to 2176
Skipped Seq from 2176 to 2178
Skipped Seq from 2178 to 2181
Skipped Seq from 2181 to 2184
Skipped Seq from 2184 to 2189
Number of times throttled: 2
Received: 1092 / 2191 packets
Start time: 1332854946.892760
End time: 1332854960.760997
Duration: 13.868237
