Starting client at 10.0.0.15:1238 with timeout:10
My IP address is 10.0.0.15Skipped Seq from 6 to 10
Recovered out of order packet from 23 to 7
Recovered out of order packet from 23 to 8
Recovered out of order packet from 23 to 9
Skipped Seq from 1229 to 1231
Skipped Seq from 1231 to 1237
Skipped Seq from 1237 to 1247
Skipped Seq from 1247 to 1251
Skipped Seq from 1259 to 1261
Skipped Seq from 1262 to 1264
Skipped Seq from 1265 to 1267
Skipped Seq from 1270 to 1273
Skipped Seq from 1274 to 1277
Skipped Seq from 1279 to 1282
Skipped Seq from 1282 to 1288
Skipped Seq from 1291 to 1293
Skipped Seq from 1294 to 1297
Skipped Seq from 1298 to 1303
Skipped Seq from 1307 to 1309
Skipped Seq from 1309 to 1311
Skipped Seq from 1311 to 1313
Skipped Seq from 1314 to 1317
Skipped Seq from 1322 to 1325
Skipped Seq from 1325 to 1327
Skipped Seq from 1337 to 1339
Skipped Seq from 1342 to 1344
Skipped Seq from 1345 to 1347
Skipped Seq from 1348 to 1350
Skipped Seq from 1353 to 1356
Skipped Seq from 1359 to 1361
Skipped Seq from 1369 to 1373
Skipped Seq from 1383 to 1385
Skipped Seq from 1386 to 1388
Skipped Seq from 1396 to 1398
Skipped Seq from 1402 to 1405
Skipped Seq from 1409 to 1411
Skipped Seq from 1418 to 1420
Skipped Seq from 1429 to 1432
Skipped Seq from 1434 to 1436
Skipped Seq from 1436 to 1438
Skipped Seq from 1442 to 1444
Skipped Seq from 1444 to 1446
Skipped Seq from 1446 to 1452
Skipped Seq from 1452 to 1455
Skipped Seq from 1457 to 1461
Skipped Seq from 1462 to 1465
Skipped Seq from 1465 to 1468
Skipped Seq from 1473 to 1477
Skipped Seq from 1478 to 1480
Skipped Seq from 1481 to 1484
Skipped Seq from 1484 to 1486
Skipped Seq from 1491 to 1493
Skipped Seq from 1504 to 1506
Skipped Seq from 1512 to 1515
Skipped Seq from 1515 to 1517
Skipped Seq from 1518 to 1520
Skipped Seq from 1528 to 1531
Skipped Seq from 1533 to 1536
Skipped Seq from 1536 to 1540
Skipped Seq from 1542 to 1544
Skipped Seq from 1544 to 1546
Skipped Seq from 1554 to 1556
Skipped Seq from 1557 to 1559
Skipped Seq from 1563 to 1566
Skipped Seq from 1566 to 1568
Skipped Seq from 1569 to 1572
Skipped Seq from 1572 to 1576
Skipped Seq from 1576 to 1579
Skipped Seq from 1579 to 1582
Skipped Seq from 1582 to 1586
Skipped Seq from 1594 to 1596
Skipped Seq from 1609 to 1612
Skipped Seq from 1612 to 1616
Skipped Seq from 1618 to 1621
Skipped Seq from 1621 to 1624
Skipped Seq from 1635 to 1638
Skipped Seq from 1643 to 1645
Skipped Seq from 1646 to 1649
Skipped Seq from 1649 to 1651
Skipped Seq from 1651 to 1653
Skipped Seq from 1655 to 1657
Skipped Seq from 1657 to 1659
Skipped Seq from 1661 to 1665
Skipped Seq from 1666 to 1668
Skipped Seq from 1669 to 1671
Skipped Seq from 1671 to 1673
Skipped Seq from 1675 to 1677
Skipped Seq from 1678 to 1680
Skipped Seq from 1680 to 1683
Skipped Seq from 1685 to 1689
Skipped Seq from 1691 to 1694
Skipped Seq from 1694 to 1697
Skipped Seq from 1699 to 1701
Skipped Seq from 1701 to 1703
Skipped Seq from 1705 to 1708
Skipped Seq from 1708 to 1710
Skipped Seq from 1711 to 1713
Skipped Seq from 1713 to 1716
Skipped Seq from 1717 to 1719
Skipped Seq from 1719 to 1721
Skipped Seq from 1721 to 1723
Skipped Seq from 1724 to 1726
Skipped Seq from 1727 to 1729
Skipped Seq from 1736 to 1739
Skipped Seq from 1741 to 1743
Skipped Seq from 1744 to 1748
Skipped Seq from 1757 to 1759
Skipped Seq from 1763 to 1766
Skipped Seq from 1767 to 1769
Skipped Seq from 1769 to 1771
Skipped Seq from 1771 to 1773
Skipped Seq from 1779 to 1781
Skipped Seq from 1787 to 1790
Skipped Seq from 1791 to 1795
Skipped Seq from 1795 to 1797
Skipped Seq from 1797 to 1799
Skipped Seq from 1799 to 1802
Skipped Seq from 1803 to 1809
Skipped Seq from 1825 to 1827
Skipped Seq from 1829 to 1831
Skipped Seq from 1833 to 1835
Skipped Seq from 1836 to 1838
Skipped Seq from 1841 to 1843
Skipped Seq from 1848 to 1850
Skipped Seq from 1850 to 1855
Skipped Seq from 1857 to 1859
Skipped Seq from 1860 to 1864
Skipped Seq from 1865 to 1867
Skipped Seq from 1867 to 1869
Skipped Seq from 1873 to 1877
Skipped Seq from 1878 to 1880
Skipped Seq from 1880 to 1882
Skipped Seq from 1882 to 1885
Skipped Seq from 1885 to 1887
Skipped Seq from 1887 to 1890
Skipped Seq from 1890 to 1894
Skipped Seq from 1897 to 1904
Skipped Seq from 1905 to 1911
Skipped Seq from 1911 to 1916
Skipped Seq from 1916 to 1919
Skipped Seq from 1928 to 1931
Skipped Seq from 1946 to 1948
Skipped Seq from 1950 to 1952
Skipped Seq from 1952 to 1956
Skipped Seq from 1957 to 1959
Skipped Seq from 1959 to 1961
Skipped Seq from 1961 to 1966
Skipped Seq from 1966 to 1968
Skipped Seq from 1975 to 1977
Skipped Seq from 1978 to 1983
Skipped Seq from 1987 to 1989
Skipped Seq from 1989 to 1992
Skipped Seq from 1993 to 1996
Skipped Seq from 1996 to 1999
Skipped Seq from 1999 to 2001
Skipped Seq from 2001 to 2005
Skipped Seq from 2005 to 2007
Skipped Seq from 2011 to 2013
Skipped Seq from 2013 to 2016
Skipped Seq from 2016 to 2018
Skipped Seq from 2019 to 2021
Skipped Seq from 2024 to 2028
Skipped Seq from 2028 to 2033
Skipped Seq from 2033 to 2035
Skipped Seq from 2035 to 2040
Skipped Seq from 2042 to 2044
Skipped Seq from 2045 to 2047
Skipped Seq from 2047 to 2050
Skipped Seq from 2061 to 2063
Skipped Seq from 2063 to 2068
Skipped Seq from 2069 to 2074
Skipped Seq from 2075 to 2082
Skipped Seq from 2082 to 2087
Skipped Seq from 2090 to 2093
Skipped Seq from 2094 to 2096
Skipped Seq from 2096 to 2098
Skipped Seq from 2098 to 2100
Skipped Seq from 2104 to 2106
Skipped Seq from 2108 to 2112
Skipped Seq from 2112 to 2114
Skipped Seq from 2117 to 2121
Skipped Seq from 2124 to 2126
Skipped Seq from 2126 to 2130
Skipped Seq from 2130 to 2132
Skipped Seq from 2139 to 2141
Skipped Seq from 2141 to 2143
Skipped Seq from 2143 to 2146
Skipped Seq from 2146 to 2149
Skipped Seq from 2150 to 2152
Skipped Seq from 2153 to 2155
Skipped Seq from 2156 to 2158
Skipped Seq from 2160 to 2166
Skipped Seq from 2166 to 2168
Skipped Seq from 2169 to 2178
Skipped Seq from 2179 to 2181
Skipped Seq from 2182 to 2185
Skipped Seq from 2185 to 2188
Skipped Seq from 2191 to 2194
Skipped Seq from 2194 to 2197
Skipped Seq from 2197 to 2199
Skipped Seq from 2199 to 2201
Skipped Seq from 2201 to 2203
Skipped Seq from 2203 to 2205
Skipped Seq from 2208 to 2210
Skipped Seq from 2211 to 2214
Skipped Seq from 2216 to 2218
Skipped Seq from 2218 to 2220
Skipped Seq from 2221 to 2225
Skipped Seq from 2225 to 2227
Skipped Seq from 2227 to 2229
Skipped Seq from 2229 to 2231
Skipped Seq from 2234 to 2239
Skipped Seq from 2239 to 2241
Skipped Seq from 2245 to 2249
Skipped Seq from 2249 to 2256
Skipped Seq from 2256 to 2260
Skipped Seq from 2261 to 2263
Skipped Seq from 2263 to 2265
Skipped Seq from 2268 to 2271
Skipped Seq from 2274 to 2276
Skipped Seq from 2276 to 2278
Skipped Seq from 2282 to 2286
Skipped Seq from 2289 to 2291
Skipped Seq from 2297 to 2300
Skipped Seq from 2301 to 2306
Skipped Seq from 2307 to 2310
Skipped Seq from 2312 to 2314
Skipped Seq from 2316 to 2319
Skipped Seq from 2323 to 2325
Skipped Seq from 2325 to 2327
Skipped Seq from 2329 to 2331
Skipped Seq from 2337 to 2342
Skipped Seq from 2342 to 2346
Skipped Seq from 2346 to 2348
Skipped Seq from 2350 to 2352
Skipped Seq from 2357 to 2359
Skipped Seq from 2362 to 2364
Skipped Seq from 2364 to 2367
Skipped Seq from 2367 to 2369
Skipped Seq from 2369 to 2371
Skipped Seq from 2372 to 2374
Skipped Seq from 2377 to 2379
Skipped Seq from 2381 to 2386
Skipped Seq from 2387 to 2392
Skipped Seq from 2394 to 2396
Skipped Seq from 2397 to 2400
Skipped Seq from 2406 to 2411
Skipped Seq from 2421 to 2424
Skipped Seq from 2424 to 2426
Skipped Seq from 2426 to 2430
Skipped Seq from 2431 to 2433
Skipped Seq from 2435 to 2438
Skipped Seq from 2438 to 2440
Skipped Seq from 2440 to 2443
Skipped Seq from 2443 to 2446
Skipped Seq from 2450 to 2452
Skipped Seq from 2455 to 2459
Skipped Seq from 2459 to 2462
Skipped Seq from 2462 to 2464
Skipped Seq from 2469 to 2475
Skipped Seq from 2475 to 2478
Skipped Seq from 2479 to 2481
Skipped Seq from 2484 to 2488
Skipped Seq from 2490 to 2492
Skipped Seq from 2493 to 2496
Skipped Seq from 2499 to 2502
Skipped Seq from 2502 to 2506
Skipped Seq from 2513 to 2515
Skipped Seq from 2516 to 2518
Skipped Seq from 2520 to 2524
Skipped Seq from 2525 to 2527
Skipped Seq from 2529 to 2531
Skipped Seq from 2533 to 2538
Skipped Seq from 2539 to 2542
Skipped Seq from 2543 to 2545
Skipped Seq from 2545 to 2548
Skipped Seq from 2548 to 2551
Skipped Seq from 2551 to 2559
Skipped Seq from 2559 to 2561
Skipped Seq from 2562 to 2564
Skipped Seq from 2569 to 2571
Skipped Seq from 2578 to 2580
Skipped Seq from 2582 to 2584
Skipped Seq from 2584 to 2591
Skipped Seq from 2591 to 2594
Skipped Seq from 2599 to 2602
Skipped Seq from 2602 to 2605
Skipped Seq from 2605 to 2610
Skipped Seq from 2610 to 2613
Skipped Seq from 2613 to 2615
Skipped Seq from 2616 to 2618
Skipped Seq from 2618 to 2620
Skipped Seq from 2621 to 2623
Skipped Seq from 2626 to 2630
Skipped Seq from 2631 to 2633
Skipped Seq from 2635 to 2637
Skipped Seq from 2643 to 2646
Skipped Seq from 2647 to 2649
Skipped Seq from 2659 to 2661
Skipped Seq from 2663 to 2665
Skipped Seq from 2669 to 2675
Skipped Seq from 2677 to 2680
Skipped Seq from 2689 to 2693
Skipped Seq from 2702 to 2708
Skipped Seq from 2708 to 2711
Skipped Seq from 2712 to 2714
Skipped Seq from 2718 to 2720
Skipped Seq from 2720 to 2727
Skipped Seq from 2727 to 2729
Skipped Seq from 2729 to 2731
Skipped Seq from 2735 to 2737
Skipped Seq from 2739 to 2741
Skipped Seq from 2741 to 2744
Skipped Seq from 2744 to 2746
Skipped Seq from 2746 to 2751
Skipped Seq from 2751 to 2753
Skipped Seq from 2753 to 2755
Skipped Seq from 2756 to 2760
Skipped Seq from 2765 to 2770
Skipped Seq from 2773 to 2775
Skipped Seq from 2775 to 2777
Skipped Seq from 2783 to 2785
Skipped Seq from 2785 to 2790
Skipped Seq from 2794 to 2796
Skipped Seq from 2796 to 2798
Skipped Seq from 2799 to 2802
Skipped Seq from 2802 to 2805
Skipped Seq from 2805 to 2809
Skipped Seq from 2809 to 2811
Skipped Seq from 2815 to 2817
Skipped Seq from 2823 to 2830
Skipped Seq from 2830 to 2833
Skipped Seq from 2842 to 2845
Skipped Seq from 2845 to 2847
Skipped Seq from 2859 to 2862
Skipped Seq from 2865 to 2867
Skipped Seq from 2870 to 2872
Skipped Seq from 2872 to 2876
Skipped Seq from 2879 to 2885
Skipped Seq from 2886 to 2888
Skipped Seq from 2888 to 2891
Skipped Seq from 2891 to 2893
Skipped Seq from 2896 to 2903
Skipped Seq from 2903 to 2907
Skipped Seq from 2907 to 2912
Skipped Seq from 2918 to 2920
Skipped Seq from 2920 to 2922
Skipped Seq from 2936 to 2938
Skipped Seq from 2944 to 2948
Skipped Seq from 2959 to 2961
Skipped Seq from 2965 to 2967
Skipped Seq from 2982 to 2985
Skipped Seq from 2985 to 2989
Skipped Seq from 2989 to 2991
Skipped Seq from 2991 to 2994
Skipped Seq from 2994 to 2996
Skipped Seq from 2996 to 2998
Skipped Seq from 2998 to 3000
Skipped Seq from 3005 to 3007
Skipped Seq from 3012 to 3017
Skipped Seq from 3017 to 3020
Skipped Seq from 3020 to 3023
Skipped Seq from 3027 to 3032
Skipped Seq from 3032 to 3036
Skipped Seq from 3044 to 3046
Skipped Seq from 3046 to 3048
Skipped Seq from 3048 to 3050
Skipped Seq from 3052 to 3055
Skipped Seq from 3058 to 3060
Skipped Seq from 3060 to 3062
Skipped Seq from 3062 to 3064
Skipped Seq from 3064 to 3067
Skipped Seq from 3067 to 3069
Skipped Seq from 3070 to 3072
Skipped Seq from 3075 to 3080
Skipped Seq from 3088 to 3090
Skipped Seq from 3095 to 3097
Skipped Seq from 3098 to 3102
Skipped Seq from 3103 to 3107
Skipped Seq from 3107 to 3114
Skipped Seq from 3115 to 3121
Skipped Seq from 3121 to 3123
Skipped Seq from 3124 to 3129
Skipped Seq from 3129 to 3131
Skipped Seq from 3132 to 3135
Skipped Seq from 3136 to 3141
Skipped Seq from 3145 to 3147
Skipped Seq from 3149 to 3153
Skipped Seq from 3153 to 3158
Skipped Seq from 3158 to 3160
Skipped Seq from 3160 to 3162
Skipped Seq from 3165 to 3168
Skipped Seq from 3168 to 3170
Skipped Seq from 3172 to 3178
Skipped Seq from 3179 to 3181
Skipped Seq from 3182 to 3186
Skipped Seq from 3186 to 3191
Skipped Seq from 3199 to 3206
Skipped Seq from 3209 to 3218
Skipped Seq from 3222 to 3232
Skipped Seq from 3232 to 3235
Skipped Seq from 3237 to 3241
Skipped Seq from 3243 to 3251
Skipped Seq from 3273 to 3275
Skipped Seq from 3279 to 3283
Skipped Seq from 3284 to 3299
Skipped Seq from 3299 to 3301
Skipped Seq from 3304 to 3306
Skipped Seq from 3308 to 3310
Skipped Seq from 3312 to 3316
Skipped Seq from 3321 to 3327
Skipped Seq from 3327 to 3336
Skipped Seq from 3338 to 3344
Skipped Seq from 3345 to 3347
Skipped Seq from 3348 to 3350
Skipped Seq from 3366 to 3371
Skipped Seq from 3371 to 3374
Skipped Seq from 3376 to 3378
Skipped Seq from 3379 to 3381
Skipped Seq from 3394 to 3396
Skipped Seq from 3411 to 3416
Skipped Seq from 12891 to 12901
Skipped Seq from 12932 to 12934
Skipped Seq from 12939 to 12942
Skipped Seq from 12956 to 12961
Skipped Seq from 12971 to 12973
Skipped Seq from 12978 to 12981
Skipped Seq from 12981 to 12985
Skipped Seq from 12986 to 12990
Skipped Seq from 12990 to 12993
Skipped Seq from 12993 to 12995
Skipped Seq from 12995 to 12997
Skipped Seq from 13001 to 13003
Skipped Seq from 13009 to 13012
Skipped Seq from 13018 to 13020
Skipped Seq from 13021 to 13023
Skipped Seq from 13042 to 13044
Skipped Seq from 13048 to 13051
Skipped Seq from 13051 to 13054
Skipped Seq from 13056 to 13058
Skipped Seq from 13062 to 13064
Skipped Seq from 13064 to 13066
Skipped Seq from 13072 to 13075
Skipped Seq from 13075 to 13077
Skipped Seq from 13078 to 13080
Skipped Seq from 13081 to 13084
Skipped Seq from 13089 to 13091
Skipped Seq from 13096 to 13098
Skipped Seq from 13102 to 13105
Skipped Seq from 13105 to 13110
Skipped Seq from 13110 to 13112
Skipped Seq from 13112 to 13115
Skipped Seq from 13123 to 13125
Skipped Seq from 13129 to 13131
Skipped Seq from 13131 to 13134
Skipped Seq from 13134 to 13136
Skipped Seq from 13140 to 13142
Skipped Seq from 13143 to 13145
Skipped Seq from 13146 to 13149
Skipped Seq from 13159 to 13161
Skipped Seq from 13168 to 13170
Skipped Seq from 13170 to 13172
Skipped Seq from 13172 to 13174
Skipped Seq from 13174 to 13176
Skipped Seq from 13178 to 13182
Skipped Seq from 13182 to 13186
Skipped Seq from 13186 to 13189
Skipped Seq from 13191 to 13193
Skipped Seq from 13193 to 13196
Skipped Seq from 13196 to 13200
Skipped Seq from 13203 to 13205
Skipped Seq from 13205 to 13209
Skipped Seq from 13209 to 13211
Skipped Seq from 13219 to 13221
Skipped Seq from 13224 to 13226
Skipped Seq from 13227 to 13229
Skipped Seq from 13229 to 13231
Skipped Seq from 13237 to 13239
Skipped Seq from 13241 to 13245
Skipped Seq from 13248 to 13251
Skipped Seq from 13251 to 13253
Skipped Seq from 13253 to 13255
Skipped Seq from 13269 to 13273
Skipped Seq from 13274 to 13276
Skipped Seq from 13279 to 13282
Skipped Seq from 13284 to 13286
Skipped Seq from 13292 to 13294
Skipped Seq from 13294 to 13298
Skipped Seq from 13302 to 13306
Skipped Seq from 13306 to 13309
Skipped Seq from 13317 to 13321
Skipped Seq from 13321 to 13323
Skipped Seq from 13337 to 13339
Skipped Seq from 13339 to 13342
Skipped Seq from 13345 to 13347
Skipped Seq from 13350 to 13353
Skipped Seq from 13353 to 13355
Skipped Seq from 13356 to 13358
Skipped Seq from 13360 to 13362
Skipped Seq from 13363 to 13365
Skipped Seq from 13365 to 13369
Skipped Seq from 13370 to 13372
Skipped Seq from 13372 to 13375
Skipped Seq from 13375 to 13377
Skipped Seq from 13381 to 13383
Skipped Seq from 13383 to 13385
Skipped Seq from 13387 to 13393
Skipped Seq from 13394 to 13397
Skipped Seq from 13404 to 13407
Skipped Seq from 13407 to 13409
Skipped Seq from 13409 to 13411
Skipped Seq from 13415 to 13419
Skipped Seq from 13420 to 13422
Skipped Seq from 13425 to 13427
Skipped Seq from 13428 to 13430
Skipped Seq from 13430 to 13432
Skipped Seq from 13437 to 13441
Skipped Seq from 13443 to 13445
Skipped Seq from 13445 to 13447
Skipped Seq from 13449 to 13452
Skipped Seq from 13456 to 13458
Skipped Seq from 13463 to 13465
Skipped Seq from 13465 to 13468
Skipped Seq from 13475 to 13477
Skipped Seq from 13480 to 13482
Skipped Seq from 13494 to 13496
Skipped Seq from 13496 to 13500
Skipped Seq from 13502 to 13504
Skipped Seq from 13504 to 13506
Skipped Seq from 13507 to 13510
Skipped Seq from 13515 to 13518
Skipped Seq from 13519 to 13521
Skipped Seq from 13521 to 13523
Skipped Seq from 13523 to 13526
Skipped Seq from 13528 to 13533
Skipped Seq from 13538 to 13540
Skipped Seq from 13540 to 13544
Skipped Seq from 13547 to 13551
Skipped Seq from 13554 to 13559
Skipped Seq from 13559 to 13561
Skipped Seq from 13562 to 13564
Skipped Seq from 13565 to 13568
Skipped Seq from 13568 to 13571
Skipped Seq from 13572 to 13575
Skipped Seq from 13575 to 13577
Skipped Seq from 13577 to 13579
Skipped Seq from 13579 to 13581
Skipped Seq from 13583 to 13586
Skipped Seq from 13590 to 13594
Skipped Seq from 13594 to 13596
Skipped Seq from 13596 to 13598
Skipped Seq from 13599 to 13601
Skipped Seq from 13601 to 13603
Skipped Seq from 13603 to 13607
Skipped Seq from 13609 to 13612
Skipped Seq from 13612 to 13614
Skipped Seq from 13614 to 13616
Skipped Seq from 13617 to 13622
Skipped Seq from 13622 to 13624
Skipped Seq from 13624 to 13626
Skipped Seq from 13626 to 13628
Skipped Seq from 13630 to 13632
Skipped Seq from 13633 to 13637
Skipped Seq from 13637 to 13640
Skipped Seq from 13653 to 13655
Skipped Seq from 13661 to 13663
Skipped Seq from 13666 to 13670
Skipped Seq from 13670 to 13675
Skipped Seq from 13675 to 13678
Skipped Seq from 13683 to 13685
Skipped Seq from 13686 to 13688
Skipped Seq from 13698 to 13700
Skipped Seq from 13701 to 13707
Skipped Seq from 13708 to 13710
Skipped Seq from 13713 to 13719
Skipped Seq from 13719 to 13724
Skipped Seq from 13727 to 13729
Skipped Seq from 13731 to 13736
Skipped Seq from 13736 to 13738
Skipped Seq from 13738 to 13740
Skipped Seq from 13740 to 13743
Skipped Seq from 13743 to 13745
Skipped Seq from 13748 to 13751
Skipped Seq from 13751 to 13754
Skipped Seq from 13754 to 13757
Skipped Seq from 13761 to 13765
Skipped Seq from 13765 to 13768
Skipped Seq from 13768 to 13770
Skipped Seq from 13771 to 13773
Skipped Seq from 13774 to 13778
Skipped Seq from 13781 to 13783
Skipped Seq from 13784 to 13786
Skipped Seq from 13793 to 13796
Skipped Seq from 13797 to 13800
Skipped Seq from 13803 to 13805
Skipped Seq from 13805 to 13807
Skipped Seq from 13810 to 13816
Skipped Seq from 13826 to 13829
Skipped Seq from 13831 to 13833
Skipped Seq from 13836 to 13839
Skipped Seq from 13839 to 13841
Skipped Seq from 13842 to 13844
Skipped Seq from 13845 to 13847
Skipped Seq from 13850 to 13852
Skipped Seq from 13852 to 13854
Skipped Seq from 13859 to 13861
Skipped Seq from 13862 to 13864
Skipped Seq from 13876 to 13879
Skipped Seq from 13880 to 13882
Skipped Seq from 13883 to 13885
Skipped Seq from 13889 to 13893
Skipped Seq from 13895 to 13897
Skipped Seq from 13903 to 13906
Skipped Seq from 13909 to 13912
Skipped Seq from 13912 to 13914
Skipped Seq from 13914 to 13916
Skipped Seq from 13916 to 13918
Skipped Seq from 13925 to 13927
Skipped Seq from 13928 to 13931
Skipped Seq from 13931 to 13933
Skipped Seq from 13936 to 13939
Skipped Seq from 13939 to 13941
Skipped Seq from 13947 to 13949
Skipped Seq from 13953 to 13956
Skipped Seq from 13956 to 13958
Skipped Seq from 13968 to 13972
Skipped Seq from 13982 to 13984
Skipped Seq from 13984 to 13986
Skipped Seq from 13986 to 13989
Skipped Seq from 13990 to 13992
Skipped Seq from 13993 to 13995
Skipped Seq from 13997 to 13999
Skipped Seq from 14009 to 14011
Skipped Seq from 14030 to 14032
Skipped Seq from 14041 to 14043
Skipped Seq from 14046 to 14049
Skipped Seq from 14049 to 14051
Skipped Seq from 14056 to 14058
Skipped Seq from 14061 to 14065
Skipped Seq from 14068 to 14070
Skipped Seq from 14075 to 14077
Skipped Seq from 14077 to 14079
Skipped Seq from 14088 to 14091
Skipped Seq from 14093 to 14095
Skipped Seq from 14102 to 14108
Skipped Seq from 14111 to 14114
Skipped Seq from 14114 to 14116
Skipped Seq from 14116 to 14120
Skipped Seq from 14121 to 14123
Skipped Seq from 14124 to 14126
Skipped Seq from 14134 to 14137
Skipped Seq from 14140 to 14142
Skipped Seq from 14152 to 14154
Skipped Seq from 14154 to 14158
Skipped Seq from 14158 to 14161
Skipped Seq from 14162 to 14164
Skipped Seq from 14166 to 14170
Skipped Seq from 14172 to 14175
Skipped Seq from 14183 to 14188
Skipped Seq from 14189 to 14195
Skipped Seq from 14195 to 14197
Skipped Seq from 14198 to 14201
Skipped Seq from 14204 to 14209
Skipped Seq from 14210 to 14212
Skipped Seq from 14213 to 14215
Skipped Seq from 14215 to 14217
Skipped Seq from 14217 to 14219
Skipped Seq from 14220 to 14222
Skipped Seq from 14222 to 14224
Skipped Seq from 14224 to 14226
Skipped Seq from 14229 to 14231
Skipped Seq from 14233 to 14235
Skipped Seq from 14236 to 14239
Skipped Seq from 14240 to 14242
Skipped Seq from 14242 to 14245
Skipped Seq from 14245 to 14248
Skipped Seq from 14252 to 14254
Skipped Seq from 14254 to 14257
Skipped Seq from 14258 to 14261
Skipped Seq from 14264 to 14266
Skipped Seq from 14266 to 14269
Skipped Seq from 14277 to 14279
Skipped Seq from 14282 to 14286
Skipped Seq from 14288 to 14290
Skipped Seq from 14291 to 14293
Skipped Seq from 14293 to 14295
Skipped Seq from 14295 to 14298
Skipped Seq from 14298 to 14302
Skipped Seq from 14303 to 14305
Skipped Seq from 14308 to 14310
Skipped Seq from 14311 to 14313
Skipped Seq from 14318 to 14320
Skipped Seq from 14320 to 14324
Skipped Seq from 14325 to 14327
Skipped Seq from 14330 to 14332
Skipped Seq from 14340 to 14342
Skipped Seq from 14346 to 14348
Skipped Seq from 14348 to 14352
Skipped Seq from 14352 to 14356
Skipped Seq from 14357 to 14362
Skipped Seq from 14363 to 14365
Skipped Seq from 14366 to 14369
Skipped Seq from 14369 to 14371
Skipped Seq from 14372 to 14376
Skipped Seq from 14383 to 14389
Skipped Seq from 14390 to 14395
Skipped Seq from 14396 to 14399
Skipped Seq from 14401 to 14403
Skipped Seq from 14403 to 14405
Skipped Seq from 14405 to 14414
Skipped Seq from 14414 to 14417
Skipped Seq from 14424 to 14426
Skipped Seq from 14426 to 14429
Skipped Seq from 14430 to 14432
Skipped Seq from 14433 to 14435
Skipped Seq from 14435 to 14437
Skipped Seq from 14438 to 14443
Skipped Seq from 14443 to 14446
Skipped Seq from 14447 to 14449
Skipped Seq from 14454 to 14456
Skipped Seq from 14456 to 14458
Skipped Seq from 14461 to 14463
Skipped Seq from 14471 to 14475
Skipped Seq from 14475 to 14478
Skipped Seq from 14483 to 14485
Skipped Seq from 14490 to 14493
Skipped Seq from 14493 to 14495
Skipped Seq from 14497 to 14500
Skipped Seq from 14500 to 14504
Skipped Seq from 14507 to 14511
Skipped Seq from 14517 to 14519
Skipped Seq from 14520 to 14524
Skipped Seq from 14524 to 14527
Skipped Seq from 14533 to 14535
Skipped Seq from 14536 to 14538
Skipped Seq from 14540 to 14542
Skipped Seq from 14542 to 14544
Skipped Seq from 14548 to 14551
Skipped Seq from 14551 to 14558
Skipped Seq from 14561 to 14563
Skipped Seq from 14563 to 14566
Skipped Seq from 14568 to 14570
Skipped Seq from 14575 to 14577
Skipped Seq from 14578 to 14580
Skipped Seq from 14584 to 14586
Skipped Seq from 14587 to 14589
Skipped Seq from 14590 to 14592
Skipped Seq from 14596 to 14598
Skipped Seq from 14599 to 14601
Skipped Seq from 14601 to 14603
Skipped Seq from 14603 to 14606
Skipped Seq from 14607 to 14609
Skipped Seq from 14609 to 14612
Skipped Seq from 14612 to 14615
Skipped Seq from 14615 to 14620
Skipped Seq from 14621 to 14623
Skipped Seq from 14625 to 14629
Skipped Seq from 14634 to 14636
Skipped Seq from 14637 to 14640
Skipped Seq from 14641 to 14643
Skipped Seq from 14653 to 14655
Skipped Seq from 14655 to 14657
Skipped Seq from 14657 to 14660
Skipped Seq from 14660 to 14662
Skipped Seq from 14662 to 14664
Skipped Seq from 14665 to 14670
Skipped Seq from 14670 to 14673
Skipped Seq from 14674 to 14677
Skipped Seq from 14678 to 14681
Skipped Seq from 14681 to 14684
Skipped Seq from 14684 to 14686
Skipped Seq from 14686 to 14688
Skipped Seq from 14688 to 14692
Skipped Seq from 14693 to 14695
Skipped Seq from 14695 to 14698
Skipped Seq from 14706 to 14708
Skipped Seq from 14708 to 14712
Skipped Seq from 14713 to 14715
Skipped Seq from 14716 to 14720
Skipped Seq from 14720 to 14723
Skipped Seq from 14723 to 14725
Skipped Seq from 14728 to 14730
Skipped Seq from 14995 to 15010
Skipped Seq from 15016 to 15019
Skipped Seq from 15027 to 15052
Skipped Seq from 15075 to 15107
Skipped Seq from 15140 to 15183
Skipped Seq from 15200 to 15210
Skipped Seq from 23584 to 23646
Number of times throttled: 5
Received: 22105 / 23773 packets
Start time: 1315248130.044844
End time: 1315248158.050919
Duration: 28.006075
