Starting client at 10.0.0.17:1254 with timeout:10
My IP address is 10.0.0.17Skipped Seq from 1240 to 1242
Skipped Seq from 1243 to 1245
Skipped Seq from 1247 to 1250
Skipped Seq from 1250 to 1252
Skipped Seq from 1252 to 1255
Skipped Seq from 1259 to 1261
Skipped Seq from 1261 to 1265
Skipped Seq from 1265 to 1267
Skipped Seq from 1271 to 1274
Skipped Seq from 1274 to 1276
Skipped Seq from 1276 to 1278
Skipped Seq from 1281 to 1285
Skipped Seq from 1285 to 1288
Skipped Seq from 1289 to 1291
Skipped Seq from 1295 to 1298
Skipped Seq from 1298 to 1300
Skipped Seq from 1301 to 1303
Skipped Seq from 1303 to 1305
Skipped Seq from 1306 to 1310
Skipped Seq from 1312 to 1314
Skipped Seq from 1315 to 1317
Skipped Seq from 1318 to 1321
Skipped Seq from 1328 to 1333
Skipped Seq from 1334 to 1336
Skipped Seq from 1336 to 1338
Skipped Seq from 1338 to 1340
Skipped Seq from 1341 to 1343
Skipped Seq from 1348 to 1350
Skipped Seq from 1350 to 1352
Skipped Seq from 1352 to 1356
Skipped Seq from 1360 to 1362
Skipped Seq from 1362 to 1365
Skipped Seq from 1366 to 1369
Skipped Seq from 1369 to 1371
Skipped Seq from 1379 to 1381
Skipped Seq from 1388 to 1392
Skipped Seq from 1393 to 1395
Skipped Seq from 1397 to 1399
Skipped Seq from 1400 to 1402
Skipped Seq from 1405 to 1407
Skipped Seq from 1408 to 1410
Skipped Seq from 1410 to 1412
Skipped Seq from 1412 to 1414
Skipped Seq from 1415 to 1419
Skipped Seq from 1422 to 1427
Skipped Seq from 1438 to 1440
Skipped Seq from 1440 to 1442
Skipped Seq from 1442 to 1444
Skipped Seq from 1451 to 1455
Skipped Seq from 1456 to 1458
Skipped Seq from 1458 to 1460
Skipped Seq from 1467 to 1469
Skipped Seq from 1469 to 1472
Skipped Seq from 1473 to 1478
Skipped Seq from 1478 to 1482
Skipped Seq from 1491 to 1493
Skipped Seq from 1496 to 1498
Skipped Seq from 1498 to 1502
Skipped Seq from 1503 to 1506
Skipped Seq from 1507 to 1509
Skipped Seq from 1509 to 1511
Skipped Seq from 1511 to 1516
Skipped Seq from 1516 to 1518
Skipped Seq from 1518 to 1520
Skipped Seq from 1520 to 1522
Skipped Seq from 1524 to 1526
Skipped Seq from 1526 to 1528
Skipped Seq from 1528 to 1530
Skipped Seq from 1531 to 1535
Skipped Seq from 1535 to 1539
Skipped Seq from 1539 to 1541
Skipped Seq from 1544 to 1547
Skipped Seq from 1550 to 1552
Skipped Seq from 1554 to 1557
Skipped Seq from 1557 to 1559
Skipped Seq from 1561 to 1563
Skipped Seq from 1563 to 1566
Skipped Seq from 1568 to 1571
Skipped Seq from 1574 to 1576
Skipped Seq from 1580 to 1582
Skipped Seq from 1582 to 1585
Skipped Seq from 1586 to 1588
Skipped Seq from 1595 to 1597
Skipped Seq from 1598 to 1600
Skipped Seq from 1600 to 1605
Skipped Seq from 1606 to 1608
Skipped Seq from 1608 to 1610
Skipped Seq from 1610 to 1614
Skipped Seq from 1614 to 1617
Skipped Seq from 1617 to 1620
Skipped Seq from 1623 to 1626
Skipped Seq from 1626 to 1628
Skipped Seq from 1628 to 1630
Skipped Seq from 1634 to 1637
Skipped Seq from 1638 to 1640
Skipped Seq from 1643 to 1645
Skipped Seq from 1645 to 1647
Skipped Seq from 1647 to 1649
Skipped Seq from 1649 to 1651
Skipped Seq from 1652 to 1657
Skipped Seq from 1660 to 1663
Skipped Seq from 1663 to 1666
Skipped Seq from 1668 to 1671
Skipped Seq from 1671 to 1673
Skipped Seq from 1674 to 1677
Skipped Seq from 1677 to 1683
Skipped Seq from 1683 to 1687
Skipped Seq from 1687 to 1690
Skipped Seq from 1690 to 1692
Skipped Seq from 1698 to 1701
Skipped Seq from 1702 to 1704
Skipped Seq from 1704 to 1706
Skipped Seq from 1707 to 1711
Skipped Seq from 1711 to 1713
Skipped Seq from 1714 to 1716
Skipped Seq from 1717 to 1719
Skipped Seq from 1719 to 1721
Skipped Seq from 1721 to 1724
Skipped Seq from 1725 to 1727
Skipped Seq from 1734 to 1736
Skipped Seq from 1746 to 1748
Skipped Seq from 1749 to 1751
Skipped Seq from 1753 to 1757
Skipped Seq from 1759 to 1761
Skipped Seq from 1761 to 1763
Skipped Seq from 1763 to 1765
Skipped Seq from 1765 to 1769
Skipped Seq from 1771 to 1773
Skipped Seq from 1777 to 1779
Skipped Seq from 1780 to 1785
Skipped Seq from 1785 to 1787
Skipped Seq from 1790 to 1792
Skipped Seq from 1795 to 1797
Skipped Seq from 1798 to 1801
Skipped Seq from 1801 to 1803
Skipped Seq from 1806 to 1808
Skipped Seq from 1808 to 1810
Skipped Seq from 1811 to 1813
Skipped Seq from 1813 to 1817
Skipped Seq from 1817 to 1821
Skipped Seq from 1821 to 1829
Skipped Seq from 1835 to 1837
Skipped Seq from 1839 to 1843
Skipped Seq from 1849 to 1851
Skipped Seq from 1851 to 1855
Skipped Seq from 1855 to 1857
Skipped Seq from 1858 to 1861
Skipped Seq from 1863 to 1865
Skipped Seq from 1869 to 1872
Skipped Seq from 1876 to 1878
Skipped Seq from 1878 to 1880
Skipped Seq from 1885 to 1887
Skipped Seq from 1891 to 1895
Skipped Seq from 1896 to 1902
Skipped Seq from 1902 to 1905
Skipped Seq from 1906 to 1910
Skipped Seq from 1915 to 1920
Skipped Seq from 1921 to 1923
Skipped Seq from 1924 to 1926
Skipped Seq from 1926 to 1928
Skipped Seq from 1928 to 1930
Skipped Seq from 1930 to 1932
Skipped Seq from 1936 to 1938
Skipped Seq from 1938 to 1941
Skipped Seq from 1941 to 1947
Skipped Seq from 1954 to 1956
Skipped Seq from 1956 to 1958
Skipped Seq from 1959 to 1965
Skipped Seq from 1965 to 1967
Skipped Seq from 1969 to 1976
Skipped Seq from 1978 to 1981
Skipped Seq from 1982 to 1984
Skipped Seq from 1989 to 1993
Skipped Seq from 1993 to 1997
Skipped Seq from 2001 to 2003
Skipped Seq from 2003 to 2005
Skipped Seq from 2006 to 2008
Skipped Seq from 2013 to 2015
Skipped Seq from 2016 to 2018
Skipped Seq from 2021 to 2023
Skipped Seq from 2023 to 2025
Skipped Seq from 2025 to 2031
Skipped Seq from 2031 to 2033
Skipped Seq from 2033 to 2037
Skipped Seq from 2037 to 2039
Skipped Seq from 2040 to 2046
Skipped Seq from 2046 to 2050
Skipped Seq from 2053 to 2055
Skipped Seq from 2056 to 2058
Skipped Seq from 2058 to 2060
Skipped Seq from 2060 to 2062
Skipped Seq from 2063 to 2065
Skipped Seq from 2065 to 2068
Skipped Seq from 2070 to 2072
Skipped Seq from 2072 to 2076
Skipped Seq from 2076 to 2078
Skipped Seq from 2078 to 2080
Skipped Seq from 2080 to 2084
Skipped Seq from 2084 to 2086
Skipped Seq from 2086 to 2088
Skipped Seq from 2089 to 2096
Skipped Seq from 2096 to 2098
Skipped Seq from 2098 to 2100
Skipped Seq from 2101 to 2109
Skipped Seq from 2112 to 2114
Skipped Seq from 2123 to 2125
Skipped Seq from 2125 to 2127
Skipped Seq from 2128 to 2133
Skipped Seq from 2134 to 2136
Skipped Seq from 2136 to 2142
Skipped Seq from 2142 to 2144
Skipped Seq from 2146 to 2148
Skipped Seq from 2150 to 2152
Skipped Seq from 2152 to 2154
Skipped Seq from 2155 to 2157
Skipped Seq from 2158 to 2160
Skipped Seq from 2161 to 2163
Skipped Seq from 2165 to 2167
Skipped Seq from 2168 to 2171
Skipped Seq from 2171 to 2173
Skipped Seq from 2174 to 2176
Skipped Seq from 2176 to 2178
Skipped Seq from 2178 to 2184
Skipped Seq from 2184 to 2186
Skipped Seq from 2186 to 2188
Skipped Seq from 2189 to 2194
Skipped Seq from 2194 to 2196
Skipped Seq from 2196 to 2204
Skipped Seq from 2205 to 2208
Skipped Seq from 2209 to 2211
Skipped Seq from 2214 to 2216
Skipped Seq from 2216 to 2220
Skipped Seq from 2220 to 2224
Skipped Seq from 2224 to 2226
Skipped Seq from 2227 to 2229
Skipped Seq from 2230 to 2232
Skipped Seq from 2240 to 2243
Skipped Seq from 2249 to 2260
Skipped Seq from 2268 to 2273
Skipped Seq from 2273 to 2276
Skipped Seq from 2277 to 2279
Skipped Seq from 2288 to 2291
Skipped Seq from 2292 to 2294
Skipped Seq from 2295 to 2304
Skipped Seq from 2306 to 2310
Skipped Seq from 2316 to 2325
Skipped Seq from 2325 to 2328
Skipped Seq from 2330 to 2332
Skipped Seq from 2333 to 2340
Skipped Seq from 2340 to 2342
Skipped Seq from 2344 to 2346
Skipped Seq from 2346 to 2349
Skipped Seq from 2350 to 2355
Skipped Seq from 2358 to 2360
Skipped Seq from 2360 to 2362
Skipped Seq from 2369 to 2371
Skipped Seq from 2382 to 2384
Skipped Seq from 2384 to 2387
Skipped Seq from 2389 to 2392
Skipped Seq from 2392 to 2394
Skipped Seq from 2398 to 2400
Skipped Seq from 2400 to 2402
Skipped Seq from 2408 to 2410
Skipped Seq from 2412 to 2414
Skipped Seq from 2414 to 2416
Skipped Seq from 2421 to 2430
Skipped Seq from 2430 to 2432
Skipped Seq from 2432 to 2434
Skipped Seq from 2436 to 2438
Skipped Seq from 2438 to 2442
Skipped Seq from 2442 to 2445
Skipped Seq from 2445 to 2447
Skipped Seq from 2452 to 2454
Skipped Seq from 2456 to 2458
Skipped Seq from 2459 to 2463
Skipped Seq from 2463 to 2465
Skipped Seq from 2468 to 2472
Skipped Seq from 2474 to 2476
Skipped Seq from 2477 to 2480
Skipped Seq from 2481 to 2484
Skipped Seq from 2484 to 2487
Skipped Seq from 2487 to 2490
Skipped Seq from 2492 to 2494
Skipped Seq from 2494 to 2499
Skipped Seq from 2500 to 2503
Skipped Seq from 2504 to 2506
Skipped Seq from 2512 to 2514
Skipped Seq from 2521 to 2524
Skipped Seq from 2524 to 2526
Skipped Seq from 2526 to 2528
Skipped Seq from 2528 to 2530
Skipped Seq from 2532 to 2534
Skipped Seq from 2534 to 2537
Skipped Seq from 2539 to 2543
Skipped Seq from 2543 to 2546
Skipped Seq from 2548 to 2551
Skipped Seq from 2552 to 2557
Skipped Seq from 2557 to 2559
Skipped Seq from 2563 to 2565
Skipped Seq from 2566 to 2568
Skipped Seq from 2570 to 2575
Skipped Seq from 2575 to 2581
Skipped Seq from 2581 to 2587
Skipped Seq from 2587 to 2590
Skipped Seq from 2595 to 2598
Skipped Seq from 2600 to 2602
Skipped Seq from 2602 to 2604
Skipped Seq from 2605 to 2607
Skipped Seq from 2610 to 2612
Skipped Seq from 2612 to 2618
Skipped Seq from 2619 to 2621
Skipped Seq from 2621 to 2624
Skipped Seq from 2624 to 2626
Skipped Seq from 2627 to 2629
Skipped Seq from 2629 to 2640
Skipped Seq from 2640 to 2644
Skipped Seq from 2646 to 2648
Skipped Seq from 2652 to 2655
Skipped Seq from 2659 to 2661
Skipped Seq from 2662 to 2664
Skipped Seq from 2664 to 2668
Skipped Seq from 2670 to 2672
Skipped Seq from 2672 to 2675
Skipped Seq from 2675 to 2678
Skipped Seq from 2678 to 2683
Skipped Seq from 2690 to 2693
Skipped Seq from 2702 to 2704
Skipped Seq from 2707 to 2709
Skipped Seq from 2710 to 2712
Skipped Seq from 2717 to 2721
Skipped Seq from 2721 to 2724
Skipped Seq from 2724 to 2729
Skipped Seq from 2730 to 2732
Skipped Seq from 2732 to 2734
Skipped Seq from 2734 to 2738
Skipped Seq from 2739 to 2741
Skipped Seq from 2743 to 2746
Skipped Seq from 2749 to 2751
Skipped Seq from 2751 to 2753
Skipped Seq from 2754 to 2756
Skipped Seq from 2767 to 2771
Skipped Seq from 2771 to 2773
Skipped Seq from 2773 to 2778
Skipped Seq from 2781 to 2783
Skipped Seq from 2785 to 2787
Skipped Seq from 2787 to 2790
Skipped Seq from 2790 to 2793
Skipped Seq from 2793 to 2795
Skipped Seq from 2795 to 2800
Skipped Seq from 2800 to 2803
Skipped Seq from 2806 to 2808
Skipped Seq from 2808 to 2812
Skipped Seq from 2812 to 2817
Skipped Seq from 2817 to 2819
Skipped Seq from 2821 to 2823
Skipped Seq from 2823 to 2825
Skipped Seq from 2826 to 2830
Skipped Seq from 2831 to 2833
Skipped Seq from 2833 to 2837
Skipped Seq from 2838 to 2841
Skipped Seq from 2845 to 2848
Skipped Seq from 2848 to 2851
Skipped Seq from 2851 to 2854
Skipped Seq from 2854 to 2856
Skipped Seq from 2859 to 2861
Skipped Seq from 2863 to 2865
Skipped Seq from 2866 to 2868
Skipped Seq from 2871 to 2874
Skipped Seq from 2878 to 2883
Skipped Seq from 2884 to 2886
Skipped Seq from 2889 to 2891
Skipped Seq from 2891 to 2893
Skipped Seq from 2893 to 2895
Skipped Seq from 2897 to 2899
Skipped Seq from 2899 to 2901
Skipped Seq from 2903 to 2905
Skipped Seq from 2906 to 2908
Skipped Seq from 2912 to 2914
Skipped Seq from 2915 to 2917
Skipped Seq from 2918 to 2920
Skipped Seq from 2921 to 2923
Skipped Seq from 2923 to 2925
Skipped Seq from 2925 to 2931
Skipped Seq from 2933 to 2935
Skipped Seq from 2936 to 2938
Skipped Seq from 2938 to 2942
Skipped Seq from 2942 to 2944
Skipped Seq from 2945 to 2947
Skipped Seq from 2947 to 2949
Skipped Seq from 2950 to 2953
Skipped Seq from 2953 to 2955
Skipped Seq from 2959 to 2964
Skipped Seq from 2970 to 2973
Skipped Seq from 2973 to 2975
Skipped Seq from 2975 to 2978
Skipped Seq from 2979 to 2981
Skipped Seq from 2982 to 2986
Skipped Seq from 2986 to 2989
Skipped Seq from 2990 to 2993
Skipped Seq from 2993 to 2996
Skipped Seq from 3002 to 3004
Skipped Seq from 3004 to 3006
Skipped Seq from 3006 to 3009
Skipped Seq from 3011 to 3013
Skipped Seq from 3017 to 3019
Skipped Seq from 3021 to 3023
Skipped Seq from 3023 to 3027
Skipped Seq from 3028 to 3032
Skipped Seq from 3032 to 3038
Skipped Seq from 3039 to 3043
Skipped Seq from 3046 to 3048
Skipped Seq from 3048 to 3051
Skipped Seq from 3052 to 3055
Skipped Seq from 3055 to 3060
Skipped Seq from 3067 to 3069
Skipped Seq from 3071 to 3073
Skipped Seq from 3074 to 3076
Skipped Seq from 3078 to 3080
Skipped Seq from 3081 to 3083
Skipped Seq from 3084 to 3086
Skipped Seq from 3087 to 3090
Skipped Seq from 3092 to 3094
Skipped Seq from 3098 to 3103
Skipped Seq from 3104 to 3107
Skipped Seq from 3107 to 3109
Skipped Seq from 3109 to 3111
Skipped Seq from 3124 to 3129
Skipped Seq from 3138 to 3141
Skipped Seq from 3156 to 3159
Skipped Seq from 3171 to 3173
Skipped Seq from 3177 to 3179
Skipped Seq from 3182 to 3186
Skipped Seq from 3186 to 3189
Skipped Seq from 3190 to 3193
Skipped Seq from 3196 to 3198
Skipped Seq from 3201 to 3203
Skipped Seq from 3203 to 3205
Skipped Seq from 3209 to 3211
Skipped Seq from 3212 to 3217
Skipped Seq from 3217 to 3219
Skipped Seq from 3219 to 3222
Skipped Seq from 3222 to 3227
Skipped Seq from 3227 to 3233
Skipped Seq from 3233 to 3235
Skipped Seq from 3236 to 3241
Skipped Seq from 3242 to 3247
Skipped Seq from 3248 to 3251
Skipped Seq from 3256 to 3258
Skipped Seq from 3259 to 3261
Skipped Seq from 3270 to 3272
Skipped Seq from 3273 to 3275
Skipped Seq from 3275 to 3277
Skipped Seq from 3277 to 3281
Skipped Seq from 3282 to 3285
Skipped Seq from 3286 to 3288
Skipped Seq from 3290 to 3292
Skipped Seq from 3312 to 3314
Skipped Seq from 3316 to 3320
Skipped Seq from 3324 to 3326
Skipped Seq from 3327 to 3329
Skipped Seq from 3333 to 3336
Skipped Seq from 3340 to 3343
Skipped Seq from 3353 to 3355
Skipped Seq from 3362 to 3364
Skipped Seq from 3367 to 3369
Skipped Seq from 3500 to 3517
Skipped Seq from 3517 to 3521
Skipped Seq from 3577 to 3587
Number of times throttled: 3
Received: 3697 / 4596 packets
Start time: 1315248789.046114
End time: 1315248794.454443
Duration: 5.408329
