Starting client at 10.0.0.17:1277 with timeout:10
My IP address is 10.0.0.17Skipped Seq from 20281 to 20284
Skipped Seq from 20284 to 20287
Skipped Seq from 20288 to 20291
Skipped Seq from 20291 to 20293
Skipped Seq from 20293 to 20296
Skipped Seq from 20296 to 20299
Skipped Seq from 20299 to 20304
Skipped Seq from 20307 to 20309
Skipped Seq from 20310 to 20312
Skipped Seq from 20312 to 20315
Skipped Seq from 20315 to 20321
Skipped Seq from 20321 to 20323
Skipped Seq from 20323 to 20327
Skipped Seq from 20327 to 20330
Skipped Seq from 20330 to 20333
Skipped Seq from 20333 to 20335
Skipped Seq from 20336 to 20338
Skipped Seq from 20340 to 20343
Skipped Seq from 20349 to 20359
Skipped Seq from 20360 to 20362
Skipped Seq from 20364 to 20366
Skipped Seq from 20369 to 20371
Skipped Seq from 20371 to 20374
Skipped Seq from 20374 to 20376
Skipped Seq from 20376 to 20382
Skipped Seq from 20382 to 20384
Skipped Seq from 20384 to 20386
Skipped Seq from 20386 to 20390
Skipped Seq from 20391 to 20393
Skipped Seq from 20393 to 20396
Skipped Seq from 20399 to 20402
Skipped Seq from 20402 to 20404
Skipped Seq from 20406 to 20408
Skipped Seq from 20408 to 20410
Skipped Seq from 20411 to 20413
Skipped Seq from 20413 to 20415
Skipped Seq from 20416 to 20418
Skipped Seq from 20422 to 20424
Skipped Seq from 20426 to 20428
Skipped Seq from 20429 to 20431
Skipped Seq from 20431 to 20435
Skipped Seq from 20435 to 20437
Skipped Seq from 20437 to 20440
Skipped Seq from 20440 to 20442
Skipped Seq from 20443 to 20445
Skipped Seq from 20445 to 20447
Skipped Seq from 20447 to 20449
Skipped Seq from 20449 to 20451
Skipped Seq from 20451 to 20453
Skipped Seq from 20453 to 20455
Skipped Seq from 20456 to 20458
Skipped Seq from 20460 to 20462
Skipped Seq from 20463 to 20468
Skipped Seq from 20469 to 20472
Skipped Seq from 20477 to 20480
Skipped Seq from 20480 to 20482
Skipped Seq from 20482 to 20485
Skipped Seq from 20490 to 20495
Skipped Seq from 20495 to 20498
Skipped Seq from 20502 to 20504
Skipped Seq from 20505 to 20507
Skipped Seq from 20507 to 20514
Skipped Seq from 20514 to 20519
Skipped Seq from 20519 to 20521
Skipped Seq from 20525 to 20527
Skipped Seq from 20528 to 20532
Skipped Seq from 20532 to 20539
Skipped Seq from 20539 to 20542
Skipped Seq from 20542 to 20545
Skipped Seq from 20548 to 20550
Skipped Seq from 20555 to 20558
Skipped Seq from 20560 to 20562
Skipped Seq from 20567 to 20572
Skipped Seq from 20572 to 20576
Skipped Seq from 20577 to 20579
Skipped Seq from 20579 to 20581
Skipped Seq from 20581 to 20583
Skipped Seq from 20583 to 20586
Skipped Seq from 20587 to 20591
Skipped Seq from 20592 to 20597
Skipped Seq from 20597 to 20601
Skipped Seq from 20603 to 20606
Skipped Seq from 20606 to 20612
Skipped Seq from 20615 to 20617
Skipped Seq from 20619 to 20622
Skipped Seq from 20624 to 20626
Skipped Seq from 20626 to 20628
Skipped Seq from 20633 to 20639
Skipped Seq from 20639 to 20643
Skipped Seq from 20643 to 20646
Skipped Seq from 20649 to 20651
Skipped Seq from 20654 to 20656
Skipped Seq from 20658 to 20662
Skipped Seq from 20662 to 20666
Skipped Seq from 20666 to 20672
Skipped Seq from 20673 to 20675
Skipped Seq from 20676 to 20680
Skipped Seq from 20681 to 20683
Skipped Seq from 20683 to 20685
Skipped Seq from 20686 to 20688
Skipped Seq from 20688 to 20690
Skipped Seq from 20691 to 20693
Skipped Seq from 20694 to 20699
Skipped Seq from 20699 to 20701
Skipped Seq from 20702 to 20704
Skipped Seq from 20706 to 20710
Skipped Seq from 20711 to 20714
Skipped Seq from 20720 to 20722
Skipped Seq from 20734 to 20741
Skipped Seq from 20742 to 20744
Skipped Seq from 20745 to 20748
Skipped Seq from 20748 to 20751
Skipped Seq from 20751 to 20753
Skipped Seq from 20753 to 20755
Skipped Seq from 20755 to 20758
Skipped Seq from 20758 to 20765
Skipped Seq from 20766 to 20770
Skipped Seq from 20770 to 20773
Skipped Seq from 20773 to 20777
Skipped Seq from 20777 to 20779
Skipped Seq from 20779 to 20786
Skipped Seq from 20787 to 20790
Skipped Seq from 20790 to 20792
Skipped Seq from 20792 to 20797
Skipped Seq from 20797 to 20799
Skipped Seq from 20799 to 20805
Skipped Seq from 20805 to 20808
Skipped Seq from 20808 to 20813
Skipped Seq from 20816 to 20818
Skipped Seq from 20818 to 20822
Skipped Seq from 20822 to 20824
Skipped Seq from 20825 to 20828
Skipped Seq from 20829 to 20832
Skipped Seq from 20832 to 20835
Skipped Seq from 20836 to 20839
Skipped Seq from 20839 to 20842
Skipped Seq from 20842 to 20850
Skipped Seq from 20851 to 20853
Skipped Seq from 20854 to 20856
Skipped Seq from 20860 to 20862
Skipped Seq from 20863 to 20865
Skipped Seq from 20865 to 20869
Skipped Seq from 20870 to 20873
Skipped Seq from 20873 to 20876
Skipped Seq from 20876 to 20880
Skipped Seq from 20880 to 20883
Skipped Seq from 20883 to 20887
Skipped Seq from 20887 to 20889
Skipped Seq from 20893 to 20896
Skipped Seq from 20897 to 20902
Skipped Seq from 20902 to 20904
Skipped Seq from 20904 to 20909
Skipped Seq from 20909 to 20913
Skipped Seq from 20914 to 20916
Skipped Seq from 20919 to 20922
Skipped Seq from 20923 to 20925
Skipped Seq from 20926 to 20928
Skipped Seq from 20930 to 20933
Skipped Seq from 20933 to 20935
Skipped Seq from 20943 to 20945
Skipped Seq from 20947 to 20951
Skipped Seq from 20952 to 20954
Skipped Seq from 20956 to 20958
Skipped Seq from 20959 to 20961
Skipped Seq from 20965 to 20967
Skipped Seq from 20969 to 20974
Skipped Seq from 20974 to 20978
Skipped Seq from 20980 to 20982
Skipped Seq from 20982 to 20984
Skipped Seq from 20984 to 20988
Skipped Seq from 20988 to 20991
Skipped Seq from 20996 to 20999
Skipped Seq from 21001 to 21003
Skipped Seq from 21007 to 21009
Skipped Seq from 21010 to 21012
Skipped Seq from 21015 to 21017
Skipped Seq from 21018 to 21020
Skipped Seq from 21021 to 21024
Skipped Seq from 21024 to 21026
Skipped Seq from 21026 to 21028
Skipped Seq from 21028 to 21031
Skipped Seq from 21032 to 21035
Skipped Seq from 21036 to 21040
Skipped Seq from 21041 to 21044
Skipped Seq from 21044 to 21048
Skipped Seq from 21048 to 21050
Skipped Seq from 21050 to 21055
Skipped Seq from 21056 to 21059
Skipped Seq from 21059 to 21064
Skipped Seq from 21070 to 21074
Skipped Seq from 21074 to 21078
Skipped Seq from 21079 to 21081
Skipped Seq from 21081 to 21083
Skipped Seq from 21084 to 21086
Skipped Seq from 21086 to 21088
Skipped Seq from 21090 to 21092
Skipped Seq from 21095 to 21098
Skipped Seq from 21099 to 21103
Skipped Seq from 21103 to 21105
Skipped Seq from 21106 to 21108
Skipped Seq from 21114 to 21116
Skipped Seq from 21120 to 21122
Skipped Seq from 21123 to 21125
Skipped Seq from 21125 to 21127
Skipped Seq from 21129 to 21132
Skipped Seq from 21132 to 21136
Skipped Seq from 21137 to 21139
Skipped Seq from 21141 to 21143
Skipped Seq from 21144 to 21146
Skipped Seq from 21150 to 21152
Skipped Seq from 21155 to 21157
Skipped Seq from 21158 to 21160
Skipped Seq from 21164 to 21166
Skipped Seq from 21166 to 21169
Skipped Seq from 21170 to 21173
Skipped Seq from 21173 to 21175
Skipped Seq from 21175 to 21177
Skipped Seq from 21177 to 21179
Skipped Seq from 21195 to 21204
Skipped Seq from 21204 to 21207
Skipped Seq from 21207 to 21209
Skipped Seq from 21209 to 21211
Skipped Seq from 21211 to 21213
Skipped Seq from 21213 to 21216
Skipped Seq from 21216 to 21221
Skipped Seq from 21221 to 21223
Skipped Seq from 21223 to 21225
Skipped Seq from 21230 to 21233
Skipped Seq from 21233 to 21235
Skipped Seq from 21235 to 21237
Skipped Seq from 21237 to 21239
Skipped Seq from 21239 to 21241
Skipped Seq from 21241 to 21243
Skipped Seq from 21243 to 21245
Skipped Seq from 21252 to 21259
Skipped Seq from 21259 to 21267
Skipped Seq from 21268 to 21270
Skipped Seq from 21271 to 21273
Skipped Seq from 21273 to 21277
Skipped Seq from 21277 to 21280
Skipped Seq from 21280 to 21284
Skipped Seq from 21284 to 21288
Skipped Seq from 21292 to 21297
Skipped Seq from 21297 to 21301
Skipped Seq from 21301 to 21303
Skipped Seq from 21303 to 21306
Skipped Seq from 21306 to 21322
Skipped Seq from 21323 to 21325
Skipped Seq from 21326 to 21328
Skipped Seq from 21328 to 21330
Skipped Seq from 21332 to 21334
Skipped Seq from 21334 to 21337
Skipped Seq from 21337 to 21339
Skipped Seq from 21343 to 21345
Skipped Seq from 21347 to 21350
Skipped Seq from 21350 to 21354
Skipped Seq from 21354 to 21359
Skipped Seq from 21362 to 21366
Skipped Seq from 21366 to 21368
Skipped Seq from 21368 to 21372
Skipped Seq from 21372 to 21376
Skipped Seq from 21376 to 21378
Skipped Seq from 21379 to 21381
Skipped Seq from 21383 to 21385
Skipped Seq from 21388 to 21390
Skipped Seq from 21391 to 21394
Skipped Seq from 21394 to 21400
Skipped Seq from 21400 to 21406
Skipped Seq from 21407 to 21410
Skipped Seq from 21412 to 21415
Skipped Seq from 21418 to 21421
Skipped Seq from 21421 to 21423
Skipped Seq from 21423 to 21425
Skipped Seq from 21426 to 21428
Skipped Seq from 21429 to 21431
Skipped Seq from 21431 to 21434
Skipped Seq from 21434 to 21443
Skipped Seq from 21443 to 21446
Skipped Seq from 21447 to 21449
Skipped Seq from 21449 to 21451
Skipped Seq from 21451 to 21453
Skipped Seq from 21453 to 21462
Skipped Seq from 21462 to 21466
Skipped Seq from 21466 to 21470
Skipped Seq from 21471 to 21473
Skipped Seq from 21473 to 21475
Skipped Seq from 21476 to 21478
Skipped Seq from 21479 to 21482
Skipped Seq from 21485 to 21488
Skipped Seq from 21490 to 21494
Skipped Seq from 21496 to 21498
Skipped Seq from 21499 to 21502
Skipped Seq from 21502 to 21504
Skipped Seq from 21504 to 21506
Skipped Seq from 21507 to 21509
Skipped Seq from 21515 to 21517
Skipped Seq from 21519 to 21521
Skipped Seq from 21521 to 21526
Skipped Seq from 21526 to 21533
Skipped Seq from 21533 to 21538
Skipped Seq from 21539 to 21542
Skipped Seq from 21542 to 21546
Skipped Seq from 21548 to 21551
Skipped Seq from 21551 to 21553
Skipped Seq from 21553 to 21556
Skipped Seq from 21558 to 21561
Skipped Seq from 21561 to 21564
Skipped Seq from 21564 to 21568
Skipped Seq from 21568 to 21570
Skipped Seq from 21570 to 21572
Skipped Seq from 21574 to 21576
Skipped Seq from 21577 to 21579
Skipped Seq from 21582 to 21585
Skipped Seq from 21589 to 21591
Skipped Seq from 21593 to 21595
Skipped Seq from 21597 to 21601
Skipped Seq from 21601 to 21605
Skipped Seq from 21606 to 21614
Skipped Seq from 21619 to 21622
Skipped Seq from 21624 to 21626
Skipped Seq from 21628 to 21631
Skipped Seq from 21631 to 21634
Skipped Seq from 21634 to 21636
Skipped Seq from 21636 to 21638
Skipped Seq from 21640 to 21644
Skipped Seq from 21645 to 21647
Skipped Seq from 21647 to 21652
Skipped Seq from 21652 to 21655
Skipped Seq from 21655 to 21657
Skipped Seq from 21658 to 21663
Skipped Seq from 21663 to 21668
Skipped Seq from 21669 to 21672
Skipped Seq from 21672 to 21674
Skipped Seq from 21674 to 21676
Skipped Seq from 21676 to 21679
Skipped Seq from 21682 to 21686
Skipped Seq from 21686 to 21689
Skipped Seq from 21689 to 21691
Skipped Seq from 21693 to 21695
Skipped Seq from 21695 to 21699
Skipped Seq from 21700 to 21702
Skipped Seq from 21703 to 21705
Skipped Seq from 21706 to 21708
Skipped Seq from 21708 to 21710
Skipped Seq from 21711 to 21713
Skipped Seq from 21714 to 21718
Skipped Seq from 21718 to 21720
Skipped Seq from 21720 to 21727
Skipped Seq from 21727 to 21731
Skipped Seq from 21733 to 21735
Skipped Seq from 21736 to 21738
Skipped Seq from 21738 to 21742
Skipped Seq from 21742 to 21744
Skipped Seq from 21744 to 21746
Skipped Seq from 21746 to 21748
Skipped Seq from 21748 to 21750
Skipped Seq from 21750 to 21754
Skipped Seq from 21754 to 21757
Skipped Seq from 21757 to 21760
Skipped Seq from 21761 to 21765
Skipped Seq from 21766 to 21768
Skipped Seq from 21769 to 21771
Skipped Seq from 21777 to 21781
Skipped Seq from 21781 to 21784
Skipped Seq from 21785 to 21787
Skipped Seq from 21787 to 21792
Skipped Seq from 21792 to 21794
Skipped Seq from 21797 to 21799
Skipped Seq from 21801 to 21803
Skipped Seq from 21805 to 21807
Skipped Seq from 21807 to 21809
Skipped Seq from 21809 to 21811
Skipped Seq from 21817 to 21819
Skipped Seq from 21823 to 21826
Skipped Seq from 21826 to 21831
Skipped Seq from 21831 to 21833
Skipped Seq from 21834 to 21837
Skipped Seq from 21839 to 21841
Skipped Seq from 21842 to 21844
Skipped Seq from 21844 to 21846
Skipped Seq from 21848 to 21850
Skipped Seq from 21853 to 21855
Skipped Seq from 21858 to 21860
Skipped Seq from 21861 to 21863
Skipped Seq from 21865 to 21867
Skipped Seq from 21870 to 21872
Skipped Seq from 21872 to 21876
Skipped Seq from 21876 to 21880
Skipped Seq from 21880 to 21882
Skipped Seq from 21882 to 21884
Skipped Seq from 21885 to 21890
Skipped Seq from 21891 to 21893
Skipped Seq from 21893 to 21899
Skipped Seq from 21899 to 21903
Skipped Seq from 21903 to 21906
Skipped Seq from 21906 to 21908
Skipped Seq from 21909 to 21911
Skipped Seq from 21912 to 21916
Skipped Seq from 21918 to 21920
Skipped Seq from 21921 to 21923
Skipped Seq from 21925 to 21927
Skipped Seq from 21927 to 21929
Skipped Seq from 21930 to 21932
Skipped Seq from 21932 to 21935
Skipped Seq from 21935 to 21938
Skipped Seq from 21938 to 21940
Skipped Seq from 21941 to 21943
Skipped Seq from 21944 to 21947
Skipped Seq from 21947 to 21957
Skipped Seq from 21957 to 21960
Skipped Seq from 21960 to 21965
Skipped Seq from 21965 to 21969
Skipped Seq from 21970 to 21973
Skipped Seq from 21975 to 21977
Skipped Seq from 21979 to 21981
Skipped Seq from 21981 to 21985
Skipped Seq from 21986 to 21988
Skipped Seq from 21989 to 21993
Skipped Seq from 21995 to 21998
Skipped Seq from 21998 to 22002
Skipped Seq from 22002 to 22005
Skipped Seq from 22005 to 22007
Skipped Seq from 22007 to 22012
Skipped Seq from 22013 to 22015
Skipped Seq from 22016 to 22018
Skipped Seq from 22019 to 22021
Skipped Seq from 22025 to 22028
Skipped Seq from 22029 to 22031
Skipped Seq from 22033 to 22037
Skipped Seq from 22037 to 22039
Skipped Seq from 22040 to 22042
Skipped Seq from 22044 to 22046
Skipped Seq from 22046 to 22049
Skipped Seq from 22049 to 22054
Skipped Seq from 22054 to 22057
Skipped Seq from 22057 to 22061
Skipped Seq from 22061 to 22063
Skipped Seq from 22063 to 22065
Skipped Seq from 22067 to 22069
Skipped Seq from 22069 to 22071
Skipped Seq from 22071 to 22073
Skipped Seq from 22075 to 22077
Skipped Seq from 22078 to 22080
Skipped Seq from 22082 to 22084
Skipped Seq from 22090 to 22092
Skipped Seq from 22093 to 22097
Skipped Seq from 22098 to 22102
Skipped Seq from 22104 to 22108
Skipped Seq from 22113 to 22115
Skipped Seq from 22116 to 22118
Skipped Seq from 22119 to 22123
Skipped Seq from 22126 to 22130
Skipped Seq from 22130 to 22132
Skipped Seq from 22137 to 22139
Skipped Seq from 22139 to 22142
Skipped Seq from 22142 to 22146
Skipped Seq from 22147 to 22149
Skipped Seq from 22151 to 22153
Skipped Seq from 22153 to 22155
Skipped Seq from 22157 to 22159
Skipped Seq from 22159 to 22161
Skipped Seq from 22161 to 22164
Skipped Seq from 22164 to 22166
Skipped Seq from 22166 to 22168
Skipped Seq from 22168 to 22180
Skipped Seq from 22180 to 22182
Skipped Seq from 22182 to 22187
Skipped Seq from 22189 to 22194
Skipped Seq from 22194 to 22202
Skipped Seq from 22203 to 22205
Skipped Seq from 22205 to 22207
Skipped Seq from 22207 to 22213
Skipped Seq from 22213 to 22216
Skipped Seq from 22217 to 22225
Skipped Seq from 22236 to 22238
Skipped Seq from 22243 to 22245
Skipped Seq from 22251 to 22254
Skipped Seq from 22254 to 22256
Skipped Seq from 22263 to 22265
Skipped Seq from 22270 to 22272
Skipped Seq from 22274 to 22276
Skipped Seq from 22277 to 22279
Skipped Seq from 22279 to 22282
Skipped Seq from 22282 to 22296
Skipped Seq from 22296 to 22298
Skipped Seq from 22299 to 22308
Skipped Seq from 22314 to 22320
Skipped Seq from 22321 to 22323
Skipped Seq from 22323 to 22326
Skipped Seq from 22326 to 22334
Skipped Seq from 22344 to 22346
Skipped Seq from 22352 to 22354
Skipped Seq from 22361 to 22371
Skipped Seq from 22371 to 22373
Skipped Seq from 22374 to 22377
Skipped Seq from 22377 to 22381
Skipped Seq from 22381 to 22387
Skipped Seq from 22391 to 22393
Skipped Seq from 22399 to 22401
Skipped Seq from 22402 to 22404
Skipped Seq from 22408 to 22416
Skipped Seq from 22416 to 22418
Skipped Seq from 22423 to 22425
Skipped Seq from 22425 to 22428
Skipped Seq from 22429 to 22431
Skipped Seq from 22432 to 22437
Skipped Seq from 22437 to 22441
Skipped Seq from 22441 to 22447
Skipped Seq from 22449 to 22453
Skipped Seq from 22453 to 22455
Skipped Seq from 22455 to 22460
Skipped Seq from 22460 to 22467
Skipped Seq from 22467 to 22470
Skipped Seq from 22470 to 22472
Skipped Seq from 22474 to 22476
Skipped Seq from 22479 to 22482
Skipped Seq from 22482 to 22485
Skipped Seq from 22487 to 22499
Skipped Seq from 22499 to 22504
Skipped Seq from 22509 to 22511
Skipped Seq from 22516 to 22519
Skipped Seq from 22523 to 22526
Skipped Seq from 22527 to 22530
Skipped Seq from 22538 to 22541
Skipped Seq from 22542 to 22553
Skipped Seq from 22553 to 22569
Skipped Seq from 22569 to 22571
Skipped Seq from 22572 to 22580
Skipped Seq from 22580 to 22583
Skipped Seq from 22583 to 22589
Skipped Seq from 22589 to 22594
Skipped Seq from 22594 to 22596
Skipped Seq from 22596 to 22598
Skipped Seq from 22604 to 22606
Skipped Seq from 22606 to 22609
Skipped Seq from 22615 to 22623
Skipped Seq from 22624 to 22631
Skipped Seq from 22631 to 22640
Skipped Seq from 22640 to 22643
Skipped Seq from 22646 to 22650
Skipped Seq from 22651 to 22654
Skipped Seq from 22654 to 22662
Skipped Seq from 22662 to 22667
Skipped Seq from 22667 to 22672
Skipped Seq from 22672 to 22674
Skipped Seq from 22674 to 22676
Skipped Seq from 22677 to 22679
Skipped Seq from 22682 to 22684
Skipped Seq from 22684 to 22691
Skipped Seq from 22691 to 22693
Skipped Seq from 22699 to 22706
Skipped Seq from 22707 to 22709
Skipped Seq from 22710 to 22715
Skipped Seq from 22715 to 22717
Skipped Seq from 22718 to 22723
Skipped Seq from 22723 to 22726
Skipped Seq from 22726 to 22730
Skipped Seq from 22735 to 22738
Skipped Seq from 22742 to 22746
Skipped Seq from 22746 to 22752
Skipped Seq from 22753 to 22758
Skipped Seq from 22758 to 22760
Skipped Seq from 22760 to 22765
Skipped Seq from 22767 to 22769
Skipped Seq from 22769 to 22774
Skipped Seq from 22774 to 22776
Skipped Seq from 22776 to 22783
Skipped Seq from 22783 to 22785
Skipped Seq from 22785 to 22787
Skipped Seq from 22790 to 22795
Skipped Seq from 22795 to 22799
Skipped Seq from 22802 to 22804
Skipped Seq from 22804 to 22812
Skipped Seq from 22813 to 22815
Skipped Seq from 22817 to 22819
Skipped Seq from 22819 to 22822
Skipped Seq from 22823 to 22832
Skipped Seq from 22832 to 22836
Skipped Seq from 22837 to 22839
Skipped Seq from 22839 to 22841
Skipped Seq from 22846 to 22848
Skipped Seq from 22850 to 22852
Skipped Seq from 22854 to 22856
Skipped Seq from 22858 to 22861
Skipped Seq from 22862 to 22864
Skipped Seq from 22864 to 22866
Skipped Seq from 22866 to 22871
Skipped Seq from 22873 to 22875
Skipped Seq from 22879 to 22882
Skipped Seq from 22885 to 22888
Skipped Seq from 22889 to 22892
Skipped Seq from 22915 to 22917
Skipped Seq from 22997 to 23000
Skipped Seq from 23000 to 23002
Skipped Seq from 23007 to 23009
Skipped Seq from 23010 to 23012
Skipped Seq from 23012 to 23014
Skipped Seq from 23023 to 23027
Skipped Seq from 23028 to 23031
Skipped Seq from 23034 to 23037
Number of times throttled: 3
Received: 25800 / 27136 packets
Start time: 1315249428.801151
End time: 1315249460.702589
Duration: 31.901438
