Starting client at 10.0.0.14:1254 with timeout:10
My IP address is 10.0.0.14Skipped Seq from 715 to 717
Skipped Seq from 717 to 720
Skipped Seq from 721 to 723
Skipped Seq from 728 to 730
Skipped Seq from 731 to 734
Skipped Seq from 741 to 743
Skipped Seq from 744 to 747
Skipped Seq from 751 to 753
Skipped Seq from 755 to 758
Skipped Seq from 761 to 763
Skipped Seq from 764 to 767
Skipped Seq from 767 to 769
Skipped Seq from 770 to 772
Skipped Seq from 776 to 778
Skipped Seq from 782 to 784
Skipped Seq from 784 to 786
Skipped Seq from 787 to 789
Skipped Seq from 790 to 793
Skipped Seq from 794 to 796
Skipped Seq from 797 to 800
Skipped Seq from 802 to 806
Skipped Seq from 806 to 808
Skipped Seq from 813 to 816
Skipped Seq from 819 to 821
Skipped Seq from 830 to 834
Skipped Seq from 836 to 839
Skipped Seq from 839 to 841
Skipped Seq from 841 to 846
Skipped Seq from 849 to 851
Skipped Seq from 854 to 856
Skipped Seq from 869 to 871
Skipped Seq from 879 to 881
Skipped Seq from 881 to 884
Skipped Seq from 885 to 887
Skipped Seq from 888 to 891
Skipped Seq from 891 to 895
Skipped Seq from 897 to 901
Skipped Seq from 905 to 908
Skipped Seq from 911 to 914
Skipped Seq from 915 to 917
Skipped Seq from 918 to 921
Skipped Seq from 928 to 930
Skipped Seq from 933 to 935
Skipped Seq from 936 to 938
Skipped Seq from 938 to 940
Skipped Seq from 943 to 945
Skipped Seq from 946 to 949
Skipped Seq from 950 to 953
Skipped Seq from 953 to 955
Skipped Seq from 955 to 957
Skipped Seq from 957 to 960
Skipped Seq from 961 to 964
Skipped Seq from 975 to 977
Skipped Seq from 982 to 984
Skipped Seq from 985 to 987
Skipped Seq from 988 to 990
Skipped Seq from 990 to 992
Skipped Seq from 994 to 996
Skipped Seq from 1003 to 1007
Skipped Seq from 1013 to 1015
Skipped Seq from 1016 to 1019
Skipped Seq from 1019 to 1021
Skipped Seq from 1026 to 1029
Skipped Seq from 1033 to 1035
Skipped Seq from 1039 to 1041
Skipped Seq from 1043 to 1046
Skipped Seq from 1049 to 1051
Skipped Seq from 1053 to 1056
Skipped Seq from 1059 to 1061
Skipped Seq from 1061 to 1063
Skipped Seq from 1063 to 1065
Skipped Seq from 1067 to 1070
Skipped Seq from 1075 to 1077
Skipped Seq from 1077 to 1079
Skipped Seq from 1080 to 1082
Skipped Seq from 1082 to 1084
Skipped Seq from 1084 to 1086
Skipped Seq from 1086 to 1091
Skipped Seq from 1111 to 1118
Skipped Seq from 1125 to 1133
Skipped Seq from 1133 to 1138
Skipped Seq from 1141 to 1144
Skipped Seq from 1147 to 1149
Skipped Seq from 1149 to 1151
Skipped Seq from 1151 to 1153
Skipped Seq from 1153 to 1155
Skipped Seq from 1156 to 1160
Skipped Seq from 1165 to 1168
Skipped Seq from 1174 to 1176
Skipped Seq from 1179 to 1183
Skipped Seq from 1188 to 1190
Skipped Seq from 1192 to 1194
Skipped Seq from 1201 to 1204
Skipped Seq from 1206 to 1210
Skipped Seq from 1213 to 1216
Skipped Seq from 1216 to 1220
Skipped Seq from 1220 to 1223
Skipped Seq from 1223 to 1226
Skipped Seq from 1226 to 1229
Skipped Seq from 1229 to 1231
Skipped Seq from 1232 to 1234
Skipped Seq from 1241 to 1244
Skipped Seq from 1244 to 1246
Skipped Seq from 1247 to 1249
Skipped Seq from 1250 to 1252
Skipped Seq from 1252 to 1259
Skipped Seq from 1260 to 1265
Skipped Seq from 1266 to 1270
Skipped Seq from 1270 to 1272
Skipped Seq from 1273 to 1275
Skipped Seq from 1276 to 1279
Skipped Seq from 1281 to 1284
Skipped Seq from 1284 to 1286
Skipped Seq from 1286 to 1289
Skipped Seq from 1290 to 1293
Skipped Seq from 1293 to 1295
Skipped Seq from 1297 to 1301
Skipped Seq from 1303 to 1308
Skipped Seq from 1309 to 1315
Skipped Seq from 1317 to 1319
Skipped Seq from 1319 to 1323
Skipped Seq from 1324 to 1328
Skipped Seq from 1332 to 1334
Skipped Seq from 1340 to 1343
Skipped Seq from 1349 to 1353
Skipped Seq from 1359 to 1361
Skipped Seq from 1361 to 1363
Skipped Seq from 1366 to 1368
Skipped Seq from 1368 to 1371
Skipped Seq from 1374 to 1379
Skipped Seq from 1380 to 1383
Skipped Seq from 1383 to 1387
Skipped Seq from 1387 to 1391
Skipped Seq from 1391 to 1393
Skipped Seq from 1394 to 1396
Skipped Seq from 1398 to 1402
Skipped Seq from 1404 to 1406
Skipped Seq from 1408 to 1414
Skipped Seq from 1415 to 1426
Skipped Seq from 1427 to 1429
Skipped Seq from 1430 to 1433
Skipped Seq from 1434 to 1436
Skipped Seq from 1436 to 1438
Skipped Seq from 1438 to 1440
Skipped Seq from 1443 to 1447
Skipped Seq from 1448 to 1450
Skipped Seq from 1453 to 1456
Skipped Seq from 1456 to 1459
Skipped Seq from 1464 to 1466
Skipped Seq from 1471 to 1473
Skipped Seq from 1476 to 1478
Skipped Seq from 1482 to 1485
Skipped Seq from 1488 to 1490
Skipped Seq from 1490 to 1492
Skipped Seq from 1492 to 1494
Skipped Seq from 1494 to 1496
Skipped Seq from 1496 to 1499
Skipped Seq from 1506 to 1508
Skipped Seq from 1508 to 1511
Skipped Seq from 1513 to 1515
Skipped Seq from 1515 to 1517
Skipped Seq from 1520 to 1522
Skipped Seq from 1523 to 1528
Skipped Seq from 1529 to 1532
Skipped Seq from 1532 to 1535
Skipped Seq from 1539 to 1541
Skipped Seq from 1544 to 1546
Skipped Seq from 1546 to 1548
Skipped Seq from 1553 to 1555
Skipped Seq from 1559 to 1561
Skipped Seq from 1564 to 1568
Skipped Seq from 1568 to 1570
Skipped Seq from 1570 to 1573
Skipped Seq from 1574 to 1577
Skipped Seq from 1579 to 1582
Skipped Seq from 1582 to 1586
Skipped Seq from 1586 to 1588
Skipped Seq from 1588 to 1591
Skipped Seq from 1591 to 1594
Skipped Seq from 1595 to 1597
Skipped Seq from 1598 to 1600
Skipped Seq from 1607 to 1610
Skipped Seq from 1610 to 1612
Skipped Seq from 1612 to 1615
Skipped Seq from 1615 to 1621
Skipped Seq from 1621 to 1625
Skipped Seq from 1625 to 1628
Skipped Seq from 1630 to 1634
Skipped Seq from 1636 to 1638
Skipped Seq from 1647 to 1649
Skipped Seq from 1650 to 1652
Skipped Seq from 1652 to 1654
Skipped Seq from 1658 to 1663
Skipped Seq from 1665 to 1667
Skipped Seq from 1671 to 1673
Skipped Seq from 1676 to 1682
Skipped Seq from 1685 to 1687
Skipped Seq from 1689 to 1692
Skipped Seq from 1692 to 1696
Skipped Seq from 1706 to 1710
Skipped Seq from 1710 to 1713
Skipped Seq from 1713 to 1716
Skipped Seq from 1717 to 1719
Skipped Seq from 1719 to 1721
Skipped Seq from 1725 to 1727
Skipped Seq from 1730 to 1733
Skipped Seq from 1733 to 1735
Skipped Seq from 1738 to 1740
Skipped Seq from 1740 to 1743
Skipped Seq from 1743 to 1746
Skipped Seq from 1746 to 1749
Skipped Seq from 1750 to 1752
Skipped Seq from 1757 to 1759
Skipped Seq from 1759 to 1766
Skipped Seq from 1768 to 1770
Skipped Seq from 1770 to 1772
Skipped Seq from 1772 to 1775
Skipped Seq from 1780 to 1785
Skipped Seq from 1789 to 1792
Skipped Seq from 1797 to 1799
Skipped Seq from 1802 to 1804
Skipped Seq from 1806 to 1809
Skipped Seq from 1810 to 1812
Skipped Seq from 1813 to 1815
Skipped Seq from 1817 to 1819
Skipped Seq from 1820 to 1823
Skipped Seq from 1826 to 1828
Skipped Seq from 1828 to 1831
Skipped Seq from 1835 to 1838
Skipped Seq from 1838 to 1840
Skipped Seq from 1842 to 1844
Skipped Seq from 1844 to 1849
Skipped Seq from 1849 to 1851
Skipped Seq from 1851 to 1855
Skipped Seq from 1858 to 1861
Skipped Seq from 1861 to 1863
Skipped Seq from 1867 to 1869
Skipped Seq from 1869 to 1872
Skipped Seq from 1876 to 1878
Skipped Seq from 1878 to 1882
Skipped Seq from 1883 to 1887
Skipped Seq from 1890 to 1892
Skipped Seq from 1892 to 1894
Skipped Seq from 1894 to 1896
Skipped Seq from 1896 to 1898
Skipped Seq from 1899 to 1902
Skipped Seq from 1904 to 1907
Skipped Seq from 1908 to 1910
Skipped Seq from 1913 to 1915
Skipped Seq from 1922 to 1925
Skipped Seq from 1926 to 1928
Skipped Seq from 1929 to 1935
Skipped Seq from 1940 to 1947
Skipped Seq from 1947 to 1949
Skipped Seq from 1949 to 1951
Skipped Seq from 1952 to 1954
Skipped Seq from 1956 to 1960
Skipped Seq from 1960 to 1964
Skipped Seq from 1964 to 1968
Skipped Seq from 1968 to 1972
Skipped Seq from 1972 to 1976
Skipped Seq from 1977 to 1979
Skipped Seq from 1979 to 1985
Skipped Seq from 1986 to 1988
Skipped Seq from 1991 to 1994
Skipped Seq from 1995 to 1998
Skipped Seq from 2006 to 2015
Skipped Seq from 2015 to 2017
Skipped Seq from 2039 to 2041
Skipped Seq from 2044 to 2046
Skipped Seq from 2047 to 2050
Skipped Seq from 2051 to 2057
Skipped Seq from 2066 to 2069
Skipped Seq from 2069 to 2071
Skipped Seq from 2080 to 2082
Skipped Seq from 2083 to 2090
Skipped Seq from 2090 to 2093
Skipped Seq from 2096 to 2100
Skipped Seq from 2103 to 2108
Skipped Seq from 2111 to 2113
Skipped Seq from 2115 to 2117
Skipped Seq from 2119 to 2121
Skipped Seq from 2123 to 2125
Skipped Seq from 2127 to 2137
Skipped Seq from 2137 to 2141
Skipped Seq from 7463 to 7466
Skipped Seq from 7467 to 7470
Skipped Seq from 7474 to 7478
Skipped Seq from 7490 to 7492
Skipped Seq from 7493 to 7495
Skipped Seq from 7496 to 7498
Skipped Seq from 7511 to 7514
Skipped Seq from 7517 to 7522
Skipped Seq from 7533 to 7535
Skipped Seq from 7543 to 7546
Skipped Seq from 7546 to 7548
Skipped Seq from 7548 to 7550
Skipped Seq from 7553 to 7555
Skipped Seq from 7566 to 7568
Skipped Seq from 7571 to 7573
Skipped Seq from 7577 to 7579
Skipped Seq from 7582 to 7585
Skipped Seq from 7585 to 7587
Skipped Seq from 7595 to 7597
Skipped Seq from 7600 to 7602
Skipped Seq from 7604 to 7608
Skipped Seq from 7620 to 7622
Skipped Seq from 7638 to 7642
Skipped Seq from 7642 to 7644
Skipped Seq from 7646 to 7649
Skipped Seq from 7650 to 7652
Skipped Seq from 7665 to 7667
Skipped Seq from 7672 to 7674
Skipped Seq from 7676 to 7678
Skipped Seq from 7691 to 7695
Skipped Seq from 7695 to 7699
Skipped Seq from 7701 to 7703
Skipped Seq from 7706 to 7709
Skipped Seq from 7709 to 7712
Skipped Seq from 7719 to 7721
Skipped Seq from 7721 to 7723
Skipped Seq from 7723 to 7725
Skipped Seq from 7735 to 7737
Skipped Seq from 7739 to 7741
Skipped Seq from 7765 to 7768
Skipped Seq from 7768 to 7771
Skipped Seq from 7772 to 7774
Skipped Seq from 7780 to 7782
Skipped Seq from 7782 to 7788
Skipped Seq from 7789 to 7791
Skipped Seq from 7791 to 7793
Skipped Seq from 7798 to 7803
Skipped Seq from 7805 to 7808
Skipped Seq from 7812 to 7814
Skipped Seq from 7814 to 7816
Skipped Seq from 7816 to 7819
Skipped Seq from 7821 to 7823
Skipped Seq from 7823 to 7826
Skipped Seq from 7826 to 7830
Skipped Seq from 7830 to 7836
Skipped Seq from 7842 to 7844
Skipped Seq from 7854 to 7856
Skipped Seq from 7861 to 7866
Skipped Seq from 7869 to 7872
Skipped Seq from 7883 to 7885
Skipped Seq from 7885 to 7888
Skipped Seq from 7889 to 7892
Skipped Seq from 7893 to 7897
Skipped Seq from 7897 to 7899
Skipped Seq from 7908 to 7911
Skipped Seq from 7912 to 7914
Skipped Seq from 7916 to 7918
Skipped Seq from 7918 to 7920
Skipped Seq from 7920 to 7922
Skipped Seq from 7929 to 7931
Skipped Seq from 7936 to 7938
Skipped Seq from 7940 to 7942
Skipped Seq from 7948 to 7950
Skipped Seq from 7950 to 7954
Skipped Seq from 7954 to 7956
Skipped Seq from 7956 to 7958
Skipped Seq from 7966 to 7969
Skipped Seq from 7971 to 7974
Skipped Seq from 7976 to 7979
Skipped Seq from 7991 to 7994
Skipped Seq from 8002 to 8004
Skipped Seq from 8005 to 8008
Skipped Seq from 8009 to 8012
Skipped Seq from 8015 to 8017
Skipped Seq from 8017 to 8019
Skipped Seq from 8019 to 8024
Skipped Seq from 8027 to 8029
Skipped Seq from 8030 to 8032
Skipped Seq from 8032 to 8034
Skipped Seq from 8034 to 8036
Skipped Seq from 8037 to 8044
Skipped Seq from 8044 to 8046
Skipped Seq from 8047 to 8049
Skipped Seq from 8052 to 8054
Skipped Seq from 8054 to 8056
Skipped Seq from 8061 to 8063
Skipped Seq from 8063 to 8066
Skipped Seq from 8070 to 8072
Skipped Seq from 8072 to 8074
Skipped Seq from 8080 to 8082
Skipped Seq from 8085 to 8089
Skipped Seq from 8093 to 8096
Skipped Seq from 8108 to 8110
Skipped Seq from 8110 to 8113
Skipped Seq from 8121 to 8124
Skipped Seq from 8124 to 8126
Skipped Seq from 8127 to 8129
Skipped Seq from 8135 to 8138
Skipped Seq from 8138 to 8140
Skipped Seq from 8144 to 8147
Skipped Seq from 8147 to 8149
Skipped Seq from 8155 to 8157
Skipped Seq from 8161 to 8165
Skipped Seq from 8165 to 8167
Skipped Seq from 8167 to 8171
Skipped Seq from 8171 to 8173
Skipped Seq from 8173 to 8175
Skipped Seq from 8183 to 8185
Skipped Seq from 8186 to 8188
Skipped Seq from 8192 to 8194
Skipped Seq from 8194 to 8198
Skipped Seq from 8205 to 8207
Skipped Seq from 8210 to 8213
Skipped Seq from 8215 to 8217
Skipped Seq from 8217 to 8219
Skipped Seq from 8232 to 8234
Skipped Seq from 8236 to 8239
Skipped Seq from 8241 to 8243
Skipped Seq from 8251 to 8254
Skipped Seq from 8255 to 8257
Skipped Seq from 8267 to 8269
Skipped Seq from 8271 to 8274
Skipped Seq from 8287 to 8289
Skipped Seq from 8291 to 8293
Skipped Seq from 8300 to 8303
Skipped Seq from 8303 to 8306
Skipped Seq from 8308 to 8310
Skipped Seq from 8317 to 8321
Skipped Seq from 8322 to 8324
Skipped Seq from 8327 to 8331
Skipped Seq from 8333 to 8336
Skipped Seq from 8340 to 8342
Skipped Seq from 8346 to 8348
Skipped Seq from 8353 to 8355
Skipped Seq from 8356 to 8359
Skipped Seq from 8359 to 8361
Skipped Seq from 8369 to 8371
Skipped Seq from 8371 to 8373
Skipped Seq from 8377 to 8379
Skipped Seq from 8392 to 8394
Skipped Seq from 8395 to 8398
Skipped Seq from 8404 to 8407
Skipped Seq from 8409 to 8411
Skipped Seq from 8415 to 8418
Skipped Seq from 8419 to 8421
Skipped Seq from 8423 to 8425
Skipped Seq from 8437 to 8439
Skipped Seq from 8441 to 8446
Skipped Seq from 8450 to 8452
Skipped Seq from 8456 to 8458
Skipped Seq from 8459 to 8462
Skipped Seq from 8463 to 8465
Skipped Seq from 8471 to 8473
Skipped Seq from 8476 to 8478
Skipped Seq from 8489 to 8491
Skipped Seq from 8492 to 8495
Skipped Seq from 8504 to 8507
Skipped Seq from 8507 to 8509
Skipped Seq from 8516 to 8518
Skipped Seq from 8518 to 8521
Skipped Seq from 8521 to 8523
Skipped Seq from 8524 to 8526
Skipped Seq from 8526 to 8528
Skipped Seq from 8530 to 8532
Skipped Seq from 8533 to 8536
Skipped Seq from 8544 to 8547
Skipped Seq from 8549 to 8551
Skipped Seq from 8552 to 8554
Skipped Seq from 8555 to 8558
Skipped Seq from 8561 to 8564
Skipped Seq from 8564 to 8566
Skipped Seq from 8570 to 8575
Skipped Seq from 8575 to 8578
Skipped Seq from 8578 to 8583
Skipped Seq from 8583 to 8585
Skipped Seq from 8587 to 8591
Skipped Seq from 8591 to 8593
Skipped Seq from 8593 to 8595
Skipped Seq from 8595 to 8598
Skipped Seq from 8599 to 8602
Skipped Seq from 8602 to 8605
Skipped Seq from 8637 to 8639
Skipped Seq from 8639 to 8641
Skipped Seq from 8641 to 8644
Skipped Seq from 8648 to 8651
Skipped Seq from 8654 to 8661
Skipped Seq from 8662 to 8665
Skipped Seq from 8665 to 8668
Skipped Seq from 8671 to 8674
Skipped Seq from 8674 to 8676
Skipped Seq from 8676 to 8679
Skipped Seq from 8679 to 8682
Skipped Seq from 8705 to 8708
Skipped Seq from 8709 to 8714
Skipped Seq from 8715 to 8718
Skipped Seq from 8718 to 8721
Skipped Seq from 8721 to 8723
Skipped Seq from 8732 to 8734
Skipped Seq from 8737 to 8744
Skipped Seq from 8751 to 8754
Skipped Seq from 8758 to 8764
Skipped Seq from 8766 to 8768
Skipped Seq from 8778 to 8780
Skipped Seq from 8781 to 8784
Skipped Seq from 8785 to 8788
Skipped Seq from 8795 to 8797
Skipped Seq from 8798 to 8802
Skipped Seq from 8805 to 8807
Skipped Seq from 8814 to 8819
Skipped Seq from 8819 to 8821
Skipped Seq from 8824 to 8826
Skipped Seq from 8829 to 8831
Skipped Seq from 8834 to 8841
Skipped Seq from 8841 to 8846
Skipped Seq from 8852 to 8854
Skipped Seq from 8855 to 8857
Skipped Seq from 8861 to 8863
Skipped Seq from 8866 to 8869
Skipped Seq from 8878 to 8880
Skipped Seq from 8881 to 8885
Skipped Seq from 8885 to 8890
Skipped Seq from 8890 to 8892
Skipped Seq from 8912 to 8915
Skipped Seq from 8920 to 8923
Skipped Seq from 13607 to 13609
Skipped Seq from 13619 to 13621
Skipped Seq from 13640 to 13643
Skipped Seq from 13643 to 13646
Skipped Seq from 13655 to 13657
Skipped Seq from 13657 to 13659
Skipped Seq from 13667 to 13669
Skipped Seq from 13670 to 13674
Skipped Seq from 13676 to 13678
Skipped Seq from 13688 to 13690
Skipped Seq from 13698 to 13701
Skipped Seq from 13718 to 13721
Skipped Seq from 13726 to 13728
Skipped Seq from 13730 to 13732
Skipped Seq from 13746 to 13748
Skipped Seq from 13768 to 13770
Skipped Seq from 13773 to 13778
Skipped Seq from 13780 to 13783
Skipped Seq from 13786 to 13788
Skipped Seq from 13789 to 13791
Skipped Seq from 13794 to 13796
Skipped Seq from 13801 to 13803
Skipped Seq from 13804 to 13806
Skipped Seq from 13807 to 13811
Skipped Seq from 13819 to 13821
Skipped Seq from 13824 to 13826
Skipped Seq from 13827 to 13830
Skipped Seq from 13831 to 13833
Skipped Seq from 13840 to 13842
Skipped Seq from 13842 to 13845
Skipped Seq from 13849 to 13852
Skipped Seq from 13857 to 13859
Skipped Seq from 13862 to 13865
Skipped Seq from 13866 to 13868
Skipped Seq from 13870 to 13874
Skipped Seq from 13874 to 13876
Skipped Seq from 13880 to 13884
Skipped Seq from 13884 to 13886
Skipped Seq from 13890 to 13892
Skipped Seq from 13899 to 13901
Skipped Seq from 13915 to 13920
Skipped Seq from 13920 to 13922
Skipped Seq from 13923 to 13925
Skipped Seq from 13932 to 13935
Skipped Seq from 13945 to 13951
Skipped Seq from 13953 to 13955
Skipped Seq from 13963 to 13966
Skipped Seq from 13971 to 13974
Skipped Seq from 13974 to 13976
Skipped Seq from 13978 to 13980
Skipped Seq from 13981 to 13984
Skipped Seq from 13987 to 13989
Skipped Seq from 14000 to 14002
Skipped Seq from 14028 to 14033
Skipped Seq from 14037 to 14041
Skipped Seq from 14041 to 14043
Skipped Seq from 14048 to 14051
Skipped Seq from 14055 to 14057
Skipped Seq from 14058 to 14061
Skipped Seq from 14072 to 14074
Skipped Seq from 14090 to 14092
Skipped Seq from 14092 to 14094
Skipped Seq from 14095 to 14097
Skipped Seq from 14099 to 14101
Skipped Seq from 14106 to 14109
Skipped Seq from 14123 to 14125
Skipped Seq from 14126 to 14128
Skipped Seq from 14128 to 14130
Skipped Seq from 14137 to 14139
Skipped Seq from 14145 to 14147
Skipped Seq from 14155 to 14158
Skipped Seq from 14163 to 14165
Skipped Seq from 14166 to 14168
Skipped Seq from 14173 to 14176
Skipped Seq from 14179 to 14181
Skipped Seq from 14181 to 14186
Skipped Seq from 14197 to 14199
Skipped Seq from 14199 to 14202
Skipped Seq from 14203 to 14207
Skipped Seq from 14207 to 14209
Skipped Seq from 14222 to 14225
Skipped Seq from 14234 to 14236
Skipped Seq from 14247 to 14252
Skipped Seq from 14252 to 14254
Skipped Seq from 14260 to 14263
Skipped Seq from 14264 to 14266
Skipped Seq from 14268 to 14270
Skipped Seq from 14270 to 14272
Skipped Seq from 14273 to 14276
Skipped Seq from 14282 to 14284
Skipped Seq from 14285 to 14288
Skipped Seq from 14293 to 14296
Skipped Seq from 14296 to 14299
Skipped Seq from 14299 to 14302
Skipped Seq from 14302 to 14305
Skipped Seq from 14305 to 14307
Skipped Seq from 14307 to 14309
Skipped Seq from 14314 to 14316
Skipped Seq from 14316 to 14320
Skipped Seq from 14320 to 14323
Skipped Seq from 14336 to 14338
Skipped Seq from 14338 to 14343
Skipped Seq from 14345 to 14353
Skipped Seq from 14353 to 14360
Skipped Seq from 14362 to 14364
Skipped Seq from 14367 to 14369
Skipped Seq from 14370 to 14372
Skipped Seq from 14373 to 14375
Skipped Seq from 14379 to 14381
Skipped Seq from 14387 to 14389
Skipped Seq from 14391 to 14393
Skipped Seq from 14405 to 14407
Skipped Seq from 14413 to 14415
Skipped Seq from 14416 to 14422
Skipped Seq from 14427 to 14429
Skipped Seq from 14430 to 14432
Skipped Seq from 14432 to 14434
Skipped Seq from 14441 to 14443
Skipped Seq from 14450 to 14453
Skipped Seq from 14456 to 14464
Skipped Seq from 14465 to 14469
Skipped Seq from 14492 to 14496
Skipped Seq from 14496 to 14498
Skipped Seq from 14498 to 14505
Skipped Seq from 14505 to 14507
Skipped Seq from 14510 to 14514
Skipped Seq from 14514 to 14516
Skipped Seq from 14524 to 14527
Skipped Seq from 14535 to 14537
Skipped Seq from 14542 to 14553
Skipped Seq from 14554 to 14557
Skipped Seq from 14565 to 14567
Skipped Seq from 14569 to 14571
Skipped Seq from 14573 to 14577
Skipped Seq from 14578 to 14580
Skipped Seq from 14581 to 14584
Skipped Seq from 14587 to 14591
Skipped Seq from 14591 to 14593
Skipped Seq from 14594 to 14596
Skipped Seq from 14596 to 14600
Skipped Seq from 14607 to 14610
Skipped Seq from 14610 to 14612
Skipped Seq from 14616 to 14619
Skipped Seq from 14622 to 14624
Skipped Seq from 14627 to 14629
Skipped Seq from 14642 to 14646
Skipped Seq from 14647 to 14649
Skipped Seq from 14653 to 14656
Skipped Seq from 14656 to 14662
Skipped Seq from 14662 to 14666
Skipped Seq from 14666 to 14669
Skipped Seq from 14670 to 14672
Skipped Seq from 14674 to 14676
Skipped Seq from 14680 to 14682
Skipped Seq from 14682 to 14688
Skipped Seq from 14708 to 14711
Skipped Seq from 14711 to 14718
Skipped Seq from 14722 to 14727
Skipped Seq from 14730 to 14733
Skipped Seq from 14737 to 14743
Skipped Seq from 14744 to 14746
Skipped Seq from 14746 to 14748
Skipped Seq from 14748 to 14751
Skipped Seq from 14759 to 14763
Skipped Seq from 14768 to 14771
Skipped Seq from 14780 to 14784
Skipped Seq from 14786 to 14788
Skipped Seq from 14803 to 14807
Skipped Seq from 14822 to 14827
Skipped Seq from 14831 to 14834
Skipped Seq from 14836 to 14838
Skipped Seq from 14842 to 14851
Skipped Seq from 14896 to 14898
Skipped Seq from 17803 to 17805
Skipped Seq from 17809 to 17811
Skipped Seq from 17817 to 17819
Skipped Seq from 17820 to 17822
Skipped Seq from 17823 to 17825
Skipped Seq from 17825 to 17829
Skipped Seq from 17830 to 17833
Skipped Seq from 17833 to 17835
Skipped Seq from 17835 to 17840
Skipped Seq from 17840 to 17847
Skipped Seq from 17850 to 17857
Skipped Seq from 17858 to 17861
Skipped Seq from 17861 to 17865
Skipped Seq from 17865 to 17867
Skipped Seq from 17868 to 17870
Skipped Seq from 17870 to 17874
Skipped Seq from 17875 to 17877
Skipped Seq from 17877 to 17883
Skipped Seq from 17885 to 17887
Skipped Seq from 17888 to 17890
Skipped Seq from 17891 to 17893
Skipped Seq from 17893 to 17895
Skipped Seq from 17895 to 17899
Skipped Seq from 17901 to 17905
Skipped Seq from 17908 to 17912
Skipped Seq from 17914 to 17917
Skipped Seq from 17918 to 17921
Skipped Seq from 17921 to 17923
Skipped Seq from 17923 to 17925
Skipped Seq from 17931 to 17933
Skipped Seq from 17933 to 17935
Skipped Seq from 17935 to 17938
Skipped Seq from 17938 to 17941
Skipped Seq from 17941 to 17943
Skipped Seq from 17943 to 17949
Skipped Seq from 17950 to 17952
Skipped Seq from 17956 to 17961
Skipped Seq from 17961 to 17965
Skipped Seq from 17967 to 17969
Skipped Seq from 17971 to 17977
Skipped Seq from 17978 to 17981
Skipped Seq from 17981 to 17984
Skipped Seq from 17984 to 17986
Skipped Seq from 17986 to 17988
Skipped Seq from 17991 to 17993
Skipped Seq from 17994 to 17996
Skipped Seq from 17999 to 18001
Skipped Seq from 18002 to 18004
Skipped Seq from 18004 to 18006
Skipped Seq from 18007 to 18010
Skipped Seq from 18010 to 18012
Skipped Seq from 18013 to 18015
Skipped Seq from 18016 to 18018
Skipped Seq from 18022 to 18024
Skipped Seq from 18025 to 18028
Skipped Seq from 18032 to 18034
Skipped Seq from 18037 to 18039
Skipped Seq from 18041 to 18043
Skipped Seq from 18045 to 18047
Skipped Seq from 18047 to 18057
Skipped Seq from 18059 to 18061
Skipped Seq from 18068 to 18071
Skipped Seq from 18075 to 18077
Skipped Seq from 18085 to 18087
Skipped Seq from 18090 to 18093
Skipped Seq from 18098 to 18100
Skipped Seq from 18105 to 18107
Skipped Seq from 18109 to 18114
Skipped Seq from 18114 to 18117
Skipped Seq from 18119 to 18121
Skipped Seq from 18126 to 18133
Skipped Seq from 18135 to 18138
Skipped Seq from 18140 to 18142
Skipped Seq from 18142 to 18148
Skipped Seq from 18149 to 18152
Skipped Seq from 18154 to 18156
Skipped Seq from 18156 to 18158
Skipped Seq from 18158 to 18160
Skipped Seq from 18160 to 18163
Skipped Seq from 18163 to 18166
Skipped Seq from 18166 to 18170
Skipped Seq from 18176 to 18178
Skipped Seq from 18181 to 18184
Skipped Seq from 18199 to 18203
Skipped Seq from 18203 to 18205
Skipped Seq from 18205 to 18208
Skipped Seq from 18209 to 18211
Skipped Seq from 18214 to 18219
Skipped Seq from 18219 to 18223
Skipped Seq from 18224 to 18226
Skipped Seq from 18228 to 18230
Skipped Seq from 18230 to 18233
Skipped Seq from 18235 to 18239
Skipped Seq from 18239 to 18241
Skipped Seq from 18242 to 18247
Skipped Seq from 18249 to 18254
Skipped Seq from 18256 to 18258
Skipped Seq from 18270 to 18272
Skipped Seq from 18276 to 18278
Skipped Seq from 18280 to 18286
Skipped Seq from 18288 to 18293
Skipped Seq from 18294 to 18296
Skipped Seq from 18297 to 18302
Skipped Seq from 18313 to 18316
Skipped Seq from 18322 to 18324
Skipped Seq from 18327 to 18329
Skipped Seq from 18329 to 18331
Skipped Seq from 18331 to 18335
Skipped Seq from 18339 to 18341
Skipped Seq from 18341 to 18344
Skipped Seq from 18345 to 18349
Skipped Seq from 18349 to 18351
Skipped Seq from 18352 to 18355
Skipped Seq from 18357 to 18359
Skipped Seq from 18365 to 18367
Skipped Seq from 18368 to 18373
Skipped Seq from 18376 to 18378
Skipped Seq from 18381 to 18386
Skipped Seq from 18386 to 18388
Skipped Seq from 18394 to 18396
Skipped Seq from 18406 to 18408
Skipped Seq from 18408 to 18411
Skipped Seq from 18411 to 18421
Skipped Seq from 18422 to 18426
Skipped Seq from 18426 to 18428
Skipped Seq from 18428 to 18434
Skipped Seq from 18434 to 18436
Skipped Seq from 18436 to 18440
Skipped Seq from 18444 to 18446
Skipped Seq from 18450 to 18454
Skipped Seq from 18464 to 18466
Skipped Seq from 18469 to 18471
Skipped Seq from 18471 to 18473
Skipped Seq from 18475 to 18479
Skipped Seq from 18479 to 18481
Skipped Seq from 18489 to 18495
Skipped Seq from 18495 to 18500
Skipped Seq from 18500 to 18503
Skipped Seq from 18503 to 18505
Skipped Seq from 18507 to 18510
Skipped Seq from 18510 to 18512
Skipped Seq from 18517 to 18520
Skipped Seq from 18520 to 18522
Skipped Seq from 18523 to 18525
Skipped Seq from 18526 to 18528
Skipped Seq from 18529 to 18531
Skipped Seq from 18531 to 18539
Skipped Seq from 18542 to 18544
Skipped Seq from 18549 to 18551
Skipped Seq from 18553 to 18555
Skipped Seq from 18555 to 18557
Skipped Seq from 18557 to 18559
Skipped Seq from 18560 to 18563
Skipped Seq from 18564 to 18566
Skipped Seq from 18567 to 18570
Skipped Seq from 18571 to 18574
Skipped Seq from 18574 to 18576
Skipped Seq from 18577 to 18585
Skipped Seq from 18585 to 18589
Skipped Seq from 18590 to 18593
Skipped Seq from 18594 to 18596
Skipped Seq from 18597 to 18600
Skipped Seq from 18601 to 18603
Skipped Seq from 18606 to 18608
Skipped Seq from 18608 to 18611
Skipped Seq from 18611 to 18613
Skipped Seq from 18614 to 18617
Skipped Seq from 18617 to 18619
Skipped Seq from 18622 to 18624
Skipped Seq from 18629 to 18634
Skipped Seq from 18634 to 18636
Skipped Seq from 18636 to 18641
Skipped Seq from 18641 to 18645
Skipped Seq from 18645 to 18655
Skipped Seq from 18655 to 18660
Skipped Seq from 18662 to 18664
Skipped Seq from 18665 to 18672
Skipped Seq from 18673 to 18678
Skipped Seq from 18679 to 18681
Skipped Seq from 18681 to 18683
Skipped Seq from 18683 to 18687
Skipped Seq from 18688 to 18690
Skipped Seq from 18690 to 18695
Skipped Seq from 18695 to 18697
Skipped Seq from 18709 to 18712
Skipped Seq from 18725 to 18728
Skipped Seq from 18728 to 18731
Skipped Seq from 18731 to 18734
Skipped Seq from 18734 to 18744
Skipped Seq from 18744 to 18747
Skipped Seq from 18747 to 18750
Skipped Seq from 18751 to 18753
Skipped Seq from 18755 to 18758
Skipped Seq from 18758 to 18761
Skipped Seq from 18764 to 18769
Skipped Seq from 18772 to 18775
Skipped Seq from 18777 to 18781
Skipped Seq from 18783 to 18785
Skipped Seq from 18785 to 18789
Skipped Seq from 18789 to 18793
Skipped Seq from 18793 to 18795
Skipped Seq from 18796 to 18798
Skipped Seq from 18804 to 18806
Skipped Seq from 18810 to 18812
Skipped Seq from 18812 to 18816
Skipped Seq from 18818 to 18820
Skipped Seq from 18820 to 18825
Skipped Seq from 18826 to 18830
Skipped Seq from 18830 to 18832
Skipped Seq from 18832 to 18835
Skipped Seq from 18836 to 18841
Skipped Seq from 18841 to 18844
Skipped Seq from 18844 to 18849
Skipped Seq from 18852 to 18856
Skipped Seq from 18856 to 18858
Skipped Seq from 18862 to 18864
Skipped Seq from 18867 to 18869
Skipped Seq from 18873 to 18875
Skipped Seq from 18877 to 18879
Skipped Seq from 18895 to 18909
Skipped Seq from 18909 to 18920
Skipped Seq from 18921 to 18923
Skipped Seq from 18923 to 18926
Skipped Seq from 18931 to 18934
Skipped Seq from 18934 to 18936
Skipped Seq from 18937 to 18942
Skipped Seq from 18944 to 18946
Skipped Seq from 18949 to 18951
Skipped Seq from 18951 to 18953
Skipped Seq from 18958 to 18961
Skipped Seq from 18962 to 18966
Skipped Seq from 18969 to 18974
Skipped Seq from 18980 to 18982
Skipped Seq from 18982 to 18988
Skipped Seq from 18989 to 18996
Skipped Seq from 18996 to 19000
Skipped Seq from 19000 to 19003
Skipped Seq from 19003 to 19008
Skipped Seq from 19008 to 19020
Skipped Seq from 19020 to 19024
Skipped Seq from 19024 to 19033
Skipped Seq from 19035 to 19045
Skipped Seq from 19045 to 19049
Skipped Seq from 19059 to 19062
Skipped Seq from 19063 to 19074
Skipped Seq from 19074 to 19076
Skipped Seq from 19076 to 19078
Skipped Seq from 19082 to 19085
Skipped Seq from 19085 to 19087
Skipped Seq from 19089 to 19093
Skipped Seq from 19093 to 19103
Skipped Seq from 19104 to 19111
Skipped Seq from 19111 to 19115
Skipped Seq from 19115 to 19117
Skipped Seq from 19119 to 19124
Skipped Seq from 19124 to 19126
Skipped Seq from 19126 to 19128
Skipped Seq from 19131 to 19133
Skipped Seq from 19142 to 19146
Skipped Seq from 19147 to 19150
Skipped Seq from 19150 to 19157
Skipped Seq from 19159 to 19169
Skipped Seq from 19170 to 19172
Skipped Seq from 19178 to 19183
Skipped Seq from 19193 to 19195
Skipped Seq from 19196 to 19202
Skipped Seq from 19202 to 19207
Skipped Seq from 19208 to 19210
Skipped Seq from 19210 to 19212
Skipped Seq from 19212 to 19218
Skipped Seq from 19230 to 19238
Skipped Seq from 19238 to 19241
Skipped Seq from 19241 to 19249
Skipped Seq from 19249 to 19251
Skipped Seq from 19253 to 19255
Skipped Seq from 19255 to 19266
Skipped Seq from 19268 to 19270
Skipped Seq from 19275 to 19277
Skipped Seq from 19278 to 19280
Skipped Seq from 19291 to 19293
Skipped Seq from 19293 to 19298
Skipped Seq from 19303 to 19306
Skipped Seq from 19307 to 19310
Skipped Seq from 19313 to 19316
Skipped Seq from 19316 to 19318
Skipped Seq from 19318 to 19324
Skipped Seq from 19324 to 19327
Skipped Seq from 19328 to 19333
Skipped Seq from 19333 to 19335
Skipped Seq from 19335 to 19337
Skipped Seq from 19337 to 19339
Skipped Seq from 19339 to 19343
Skipped Seq from 19344 to 19348
Skipped Seq from 19349 to 19354
Skipped Seq from 19356 to 19359
Skipped Seq from 19359 to 19362
Number of times throttled: 8
Received: 18528 / 20539 packets
Start time: 1315248730.892751
End time: 1315248755.044974
Duration: 24.152223
