Starting client at 10.0.0.17:1234 with timeout:10
My IP address is 10.0.0.17Skipped Seq from 4035 to 4040
Skipped Seq from 5020 to 5038
Skipped Seq from 6030 to 6040
Skipped Seq from 8037 to 8042
Skipped Seq from 9032 to 9038
Skipped Seq from 10075 to 10081
Skipped Seq from 10098 to 10102
Skipped Seq from 10105 to 10110
Skipped Seq from 12136 to 12149
Skipped Seq from 12806 to 12815
Skipped Seq from 12834 to 12836
Skipped Seq from 13040 to 13142
Skipped Seq from 13377 to 13384
Skipped Seq from 28002 to 28004
Skipped Seq from 28032 to 28059
Skipped Seq from 28100 to 28108
Skipped Seq from 28149 to 28151
Skipped Seq from 28202 to 28205
Skipped Seq from 28226 to 28239
Number of times throttled: 2
Received: 38769 / 38997 packets
Start time: 1315411019.410911
End time: 1315411075.338837
Duration: 55.927926
