Sep 07 08:55:58|00001|openflowd|INFO|Open vSwitch version 1.1.0pre2
Sep 07 08:55:58|00002|openflowd|INFO|OpenFlow protocol version 0x01
Sep 07 08:55:58|00003|ofproto|INFO|using datapath ID 00000023208bfd63
Sep 07 08:55:58|00004|ofproto|INFO|datapath ID changed to 0000000000000001
Sep 07 08:55:58|00005|rconn|INFO|dp0<->tcp:127.0.0.1:6633: connecting...
Sep 07 08:55:58|00006|rconn|WARN|dp0<->tcp:127.0.0.1:6633: connection failed (Connection refused)
Sep 07 08:55:58|00007|rconn|INFO|dp0<->tcp:127.0.0.1:6633: waiting 1 seconds before reconnect
Sep 07 08:55:59|00008|rconn|INFO|dp0<->tcp:127.0.0.1:6633: connecting...
Sep 07 08:55:59|00009|rconn|WARN|dp0<->tcp:127.0.0.1:6633: connection failed (Connection refused)
Sep 07 08:55:59|00010|rconn|INFO|dp0<->tcp:127.0.0.1:6633: waiting 2 seconds before reconnect
Sep 07 08:56:01|00011|rconn|INFO|dp0<->tcp:127.0.0.1:6633: connecting...
Sep 07 08:56:01|00012|rconn|WARN|dp0<->tcp:127.0.0.1:6633: connection failed (Connection refused)
Sep 07 08:56:01|00013|rconn|INFO|dp0<->tcp:127.0.0.1:6633: waiting 4 seconds before reconnect
Sep 07 08:56:05|00014|rconn|INFO|dp0<->tcp:127.0.0.1:6633: connecting...
Sep 07 08:56:05|00015|rconn|INFO|dp0<->tcp:127.0.0.1:6633: connected
Sep 07 08:56:05|00016|ofp_util|WARN|received Nicira extension message of unknown type 8
Sep 07 08:56:05|00017|ofp_util|INFO|normalization changed ofp_match, details:
Sep 07 08:56:05|00018|ofp_util|INFO| pre: wildcards=0xffffffff  in_port=  256  dl_src=00:00:01:00:00:00  dl_dst=00:00:00:00:00:00  dl_vlan=    0  dl_vlan_pcp=  0  dl_type=     0  nw_tos=   0  nw_proto=   0  nw_src=  0x232082  nw_dst=0xb57a0000  tp_src=  512  tp_dst=    0
Sep 07 08:56:05|00019|ofp_util|INFO|post: wildcards= 0x23fffff  in_port=  256  dl_src=00:00:00:00:00:00  dl_dst=00:00:00:00:00:00  dl_vlan=    0  dl_vlan_pcp=  0  dl_type=     0  nw_tos=   0  nw_proto=   0  nw_src=         0  nw_dst=         0  tp_src=    0  tp_dst=    0
Sep 07 08:56:13|00020|ofp_util|INFO|normalization changed ofp_match, details:
Sep 07 08:56:13|00021|ofp_util|INFO| pre: wildcards=      0x30  in_port=    5  dl_src=00:00:00:00:00:12  dl_dst=00:00:00:00:00:1d  dl_vlan=65535  dl_vlan_pcp=  0  dl_type=     0  nw_tos=   0  nw_proto=   0  nw_src= 0xa000012  nw_dst= 0xa00001d  tp_src= 1234  tp_dst=33843
Sep 07 08:56:13|00022|ofp_util|INFO|post: wildcards=  0x2ffff0  in_port=    5  dl_src=00:00:00:00:00:12  dl_dst=00:00:00:00:00:1d  dl_vlan=65535  dl_vlan_pcp=  0  dl_type=     0  nw_tos=   0  nw_proto=   0  nw_src=         0  nw_dst=         0  tp_src=    0  tp_dst=    0
Sep 07 08:56:13|00023|ofp_util|INFO|normalization changed ofp_match, details:
Sep 07 08:56:13|00024|ofp_util|INFO| pre: wildcards=      0x30  in_port=    5  dl_src=00:00:00:00:00:12  dl_dst=00:00:00:00:00:1d  dl_vlan=65535  dl_vlan_pcp=  0  dl_type=     0  nw_tos=   0  nw_proto=   0  nw_src= 0xa000012  nw_dst= 0xa00001d  tp_src= 1234  tp_dst=33843
Sep 07 08:56:13|00025|ofp_util|INFO|post: wildcards=  0x2ffff0  in_port=    5  dl_src=00:00:00:00:00:12  dl_dst=00:00:00:00:00:1d  dl_vlan=65535  dl_vlan_pcp=  0  dl_type=     0  nw_tos=   0  nw_proto=   0  nw_src=         0  nw_dst=         0  tp_src=    0  tp_dst=    0
Sep 07 08:56:50|00026|ofp_util|INFO|normalization changed ofp_match, details:
Sep 07 08:56:50|00027|ofp_util|INFO| pre: wildcards=      0x30  in_port=    4  dl_src=00:00:00:00:00:1b  dl_dst=00:00:00:00:00:1d  dl_vlan=65535  dl_vlan_pcp=  0  dl_type=     0  nw_tos=   0  nw_proto=   0  nw_src= 0xa00001b  nw_dst= 0xa00001d  tp_src= 1234  tp_dst=49972
Sep 07 08:56:50|00028|ofp_util|INFO|post: wildcards=  0x2ffff0  in_port=    4  dl_src=00:00:00:00:00:1b  dl_dst=00:00:00:00:00:1d  dl_vlan=65535  dl_vlan_pcp=  0  dl_type=     0  nw_tos=   0  nw_proto=   0  nw_src=         0  nw_dst=         0  tp_src=    0  tp_dst=    0
Sep 07 08:57:50|00029|ofp_util|INFO|Dropped 4 log messages in last 60 seconds due to excessive rate
Sep 07 08:57:50|00030|ofp_util|INFO|normalization changed ofp_match, details:
Sep 07 08:57:50|00031|ofp_util|INFO| pre: wildcards=      0x30  in_port=    2  dl_src=00:00:00:00:00:16  dl_dst=00:00:00:00:00:1d  dl_vlan=65535  dl_vlan_pcp=  0  dl_type=     0  nw_tos=   0  nw_proto=   0  nw_src= 0xa000016  nw_dst= 0xa00001d  tp_src= 1234  tp_dst=43053
Sep 07 08:57:50|00032|ofp_util|INFO|post: wildcards=  0x2ffff0  in_port=    2  dl_src=00:00:00:00:00:16  dl_dst=00:00:00:00:00:1d  dl_vlan=65535  dl_vlan_pcp=  0  dl_type=     0  nw_tos=   0  nw_proto=   0  nw_src=         0  nw_dst=         0  tp_src=    0  tp_dst=    0
Sep 07 08:58:11|00033|ofp_util|INFO|Dropped 1 log messages in last 21 seconds due to excessive rate
Sep 07 08:58:11|00034|ofp_util|INFO|normalization changed ofp_match, details:
Sep 07 08:58:11|00035|ofp_util|INFO| pre: wildcards=      0x30  in_port=    2  dl_src=00:00:00:00:00:17  dl_dst=00:00:00:00:00:1d  dl_vlan=65535  dl_vlan_pcp=  0  dl_type=     0  nw_tos=   0  nw_proto=   0  nw_src= 0xa000017  nw_dst= 0xa00001d  tp_src= 1235  tp_dst=36050
Sep 07 08:58:11|00036|ofp_util|INFO|post: wildcards=  0x2ffff0  in_port=    2  dl_src=00:00:00:00:00:17  dl_dst=00:00:00:00:00:1d  dl_vlan=65535  dl_vlan_pcp=  0  dl_type=     0  nw_tos=   0  nw_proto=   0  nw_src=         0  nw_dst=         0  tp_src=    0  tp_dst=    0
Sep 07 08:59:15|00037|ofp_util|INFO|Dropped 18 log messages in last 64 seconds due to excessive rate
Sep 07 08:59:15|00038|ofp_util|INFO|normalization changed ofp_match, details:
Sep 07 08:59:15|00039|ofp_util|INFO| pre: wildcards=      0x30  in_port=    5  dl_src=00:00:00:00:00:12  dl_dst=00:00:00:00:00:1d  dl_vlan=65535  dl_vlan_pcp=  0  dl_type=     0  nw_tos=   0  nw_proto=   0  nw_src= 0xa000012  nw_dst= 0xa00001d  tp_src= 1236  tp_dst=43636
Sep 07 08:59:15|00040|ofp_util|INFO|post: wildcards=  0x2ffff0  in_port=    5  dl_src=00:00:00:00:00:12  dl_dst=00:00:00:00:00:1d  dl_vlan=65535  dl_vlan_pcp=  0  dl_type=     0  nw_tos=   0  nw_proto=   0  nw_src=         0  nw_dst=         0  tp_src=    0  tp_dst=    0
Sep 07 08:59:15|00041|timeval|WARN|7 ms poll interval (0 ms user, 0 ms system) is over 11 times the weighted mean interval 1 ms (577 samples)
Sep 07 08:59:15|00042|timeval|WARN|disk: 0 reads, 8 writes
Sep 07 08:59:15|00043|timeval|WARN|context switches: 0 voluntary, 5 involuntary
Sep 07 08:59:15|00044|coverage|INFO|Event coverage (epoch 577/entire run), hash=0e92821f:
Sep 07 08:59:15|00045|coverage|INFO|facet_revalidate             2 /       150
Sep 07 08:59:15|00046|coverage|INFO|ofproto_ofp2odp              3 /       166
Sep 07 08:59:15|00047|coverage|INFO|ofproto_packet_in            2 /        62
Sep 07 08:59:15|00048|coverage|INFO|ofproto_recv_openflow        2 /        98
Sep 07 08:59:15|00049|coverage|INFO|pktbuf_retrieved             1 /        26
Sep 07 08:59:15|00050|coverage|INFO|dpif_flow_put                1 /        16
Sep 07 08:59:15|00051|coverage|INFO|dpif_execute                 1 /        34
Sep 07 08:59:15|00052|coverage|INFO|flow_extract                 3 /        96
Sep 07 08:59:15|00053|coverage|INFO|hmap_expand                  1 /        14
Sep 07 08:59:15|00054|coverage|INFO|poll_fd_wait                 9 /      4954
Sep 07 08:59:15|00055|coverage|INFO|rconn_queued                 2 /        81
Sep 07 08:59:15|00056|coverage|INFO|rconn_sent                   2 /        81
Sep 07 08:59:15|00057|coverage|INFO|util_xalloc                 60 /     11963
Sep 07 08:59:15|00058|coverage|INFO|vconn_received               2 /        99
Sep 07 08:59:15|00059|coverage|INFO|vconn_sent                   2 /        82
Sep 07 08:59:15|00060|coverage|INFO|facet_changed_rule           0 /        18
Sep 07 08:59:15|00061|coverage|INFO|ofproto_del_rule             0 /         3
Sep 07 08:59:15|00062|coverage|INFO|ofproto_error                0 /         1
Sep 07 08:59:15|00063|coverage|INFO|ofproto_expiration           0 /       196
Sep 07 08:59:15|00064|coverage|INFO|ofproto_update_port          0 /         4
Sep 07 08:59:15|00065|coverage|INFO|dpif_flow_flush              0 /         1
Sep 07 08:59:15|00066|coverage|INFO|dpif_flow_del                0 /        14
Sep 07 08:59:15|00067|coverage|INFO|dpif_flow_query_list         0 /       196
Sep 07 08:59:15|00068|coverage|INFO|dpif_flow_query_list_n       0 /       391
Sep 07 08:59:15|00069|coverage|INFO|dpif_purge                   0 /         1
Sep 07 08:59:15|00070|coverage|INFO|poll_zero_timeout            0 /         4
Sep 07 08:59:15|00071|coverage|INFO|rconn_overflow               0 /        22
Sep 07 08:59:15|00072|coverage|INFO|vconn_open                   0 /         4
Sep 07 08:59:15|00073|coverage|INFO|netdev_get_hwaddr            0 /        10
Sep 07 08:59:15|00074|coverage|INFO|netdev_ethtool               0 /        10
Sep 07 08:59:15|00075|coverage|INFO|netlink_received             0 /       263
Sep 07 08:59:15|00076|coverage|INFO|rtnetlink_changed            0 /       263
Sep 07 08:59:15|00077|coverage|INFO|pstream_open                 0 /         1
Sep 07 08:59:15|00078|coverage|INFO|stream_open                  0 /         4
Sep 07 08:59:15|00079|coverage|INFO|51 events never hit
Sep 07 09:00:10|00080|ofp_util|INFO|Dropped 4 log messages in last 55 seconds due to excessive rate
Sep 07 09:00:10|00081|ofp_util|INFO|normalization changed ofp_match, details:
Sep 07 09:00:10|00082|ofp_util|INFO| pre: wildcards=      0x30  in_port=    5  dl_src=00:00:00:00:00:1b  dl_dst=00:00:00:00:00:1d  dl_vlan=65535  dl_vlan_pcp=  0  dl_type=     0  nw_tos=   0  nw_proto=   0  nw_src= 0xa00001b  nw_dst= 0xa00001d  tp_src= 1236  tp_dst=39186
Sep 07 09:00:10|00083|ofp_util|INFO|post: wildcards=  0x2ffff0  in_port=    5  dl_src=00:00:00:00:00:1b  dl_dst=00:00:00:00:00:1d  dl_vlan=65535  dl_vlan_pcp=  0  dl_type=     0  nw_tos=   0  nw_proto=   0  nw_src=         0  nw_dst=         0  tp_src=    0  tp_dst=    0
Sep 07 09:01:14|00084|ofp_util|INFO|Dropped 9 log messages in last 64 seconds due to excessive rate
Sep 07 09:01:14|00085|ofp_util|INFO|normalization changed ofp_match, details:
Sep 07 09:01:14|00086|ofp_util|INFO| pre: wildcards=      0x30  in_port=    2  dl_src=00:00:00:00:00:0f  dl_dst=00:00:00:00:00:1d  dl_vlan=65535  dl_vlan_pcp=  0  dl_type=     0  nw_tos=   0  nw_proto=   0  nw_src= 0xa00000f  nw_dst= 0xa00001d  tp_src= 1236  tp_dst=36456
Sep 07 09:01:14|00087|ofp_util|INFO|post: wildcards=  0x2ffff0  in_port=    2  dl_src=00:00:00:00:00:0f  dl_dst=00:00:00:00:00:1d  dl_vlan=65535  dl_vlan_pcp=  0  dl_type=     0  nw_tos=   0  nw_proto=   0  nw_src=         0  nw_dst=         0  tp_src=    0  tp_dst=    0
Sep 07 09:02:11|00088|ofp_util|INFO|Dropped 11 log messages in last 58 seconds due to excessive rate
Sep 07 09:02:11|00089|ofp_util|INFO|normalization changed ofp_match, details:
Sep 07 09:02:11|00090|ofp_util|INFO| pre: wildcards=      0x30  in_port=    3  dl_src=00:00:00:00:00:0e  dl_dst=00:00:00:00:00:1d  dl_vlan=65535  dl_vlan_pcp=  0  dl_type=     0  nw_tos=   0  nw_proto=   0  nw_src= 0xa00000e  nw_dst= 0xa00001d  tp_src= 1240  tp_dst=54243
Sep 07 09:02:11|00091|ofp_util|INFO|post: wildcards=  0x2ffff0  in_port=    3  dl_src=00:00:00:00:00:0e  dl_dst=00:00:00:00:00:1d  dl_vlan=65535  dl_vlan_pcp=  0  dl_type=     0  nw_tos=   0  nw_proto=   0  nw_src=         0  nw_dst=         0  tp_src=    0  tp_dst=    0
Sep 07 09:03:35|00092|ofp_util|INFO|Dropped 10 log messages in last 83 seconds due to excessive rate
Sep 07 09:03:35|00093|ofp_util|INFO|normalization changed ofp_match, details:
Sep 07 09:03:35|00094|ofp_util|INFO| pre: wildcards=      0x30  in_port=    2  dl_src=00:00:00:00:00:13  dl_dst=00:00:00:00:00:1d  dl_vlan=65535  dl_vlan_pcp=  0  dl_type=     0  nw_tos=   0  nw_proto=   0  nw_src= 0xa000013  nw_dst= 0xa00001d  tp_src= 1237  tp_dst=58042
Sep 07 09:03:35|00095|ofp_util|INFO|post: wildcards=  0x2ffff0  in_port=    2  dl_src=00:00:00:00:00:13  dl_dst=00:00:00:00:00:1d  dl_vlan=65535  dl_vlan_pcp=  0  dl_type=     0  nw_tos=   0  nw_proto=   0  nw_src=         0  nw_dst=         0  tp_src=    0  tp_dst=    0
Sep 07 09:04:11|00096|ofp_util|INFO|Dropped 16 log messages in last 36 seconds due to excessive rate
Sep 07 09:04:11|00097|ofp_util|INFO|normalization changed ofp_match, details:
Sep 07 09:04:11|00098|ofp_util|INFO| pre: wildcards=      0x30  in_port=    5  dl_src=00:00:00:00:00:15  dl_dst=00:00:00:00:00:1d  dl_vlan=65535  dl_vlan_pcp=  0  dl_type=     0  nw_tos=   0  nw_proto=   0  nw_src= 0xa000015  nw_dst= 0xa00001d  tp_src= 1237  tp_dst=52860
Sep 07 09:04:11|00099|ofp_util|INFO|post: wildcards=  0x2ffff0  in_port=    5  dl_src=00:00:00:00:00:15  dl_dst=00:00:00:00:00:1d  dl_vlan=65535  dl_vlan_pcp=  0  dl_type=     0  nw_tos=   0  nw_proto=   0  nw_src=         0  nw_dst=         0  tp_src=    0  tp_dst=    0
Sep 07 09:05:14|00100|ofp_util|INFO|Dropped 52 log messages in last 64 seconds due to excessive rate
Sep 07 09:05:14|00101|ofp_util|INFO|normalization changed ofp_match, details:
Sep 07 09:05:14|00102|ofp_util|INFO| pre: wildcards=      0x30  in_port=    3  dl_src=00:00:00:00:00:0f  dl_dst=00:00:00:00:00:1d  dl_vlan=65535  dl_vlan_pcp=  0  dl_type=     0  nw_tos= 0x4  nw_proto=   0  nw_src= 0xa00000f  nw_dst= 0xa00001d  tp_src= 1239  tp_dst=51764
Sep 07 09:05:14|00103|ofp_util|INFO|post: wildcards=  0x2ffff0  in_port=    3  dl_src=00:00:00:00:00:0f  dl_dst=00:00:00:00:00:1d  dl_vlan=65535  dl_vlan_pcp=  0  dl_type=     0  nw_tos=   0  nw_proto=   0  nw_src=         0  nw_dst=         0  tp_src=    0  tp_dst=    0
Sep 07 09:06:25|00104|ofp_util|INFO|Dropped 8 log messages in last 71 seconds due to excessive rate
Sep 07 09:06:25|00105|ofp_util|INFO|normalization changed ofp_match, details:
Sep 07 09:06:25|00106|ofp_util|INFO| pre: wildcards=      0x30  in_port=    3  dl_src=00:00:00:00:00:14  dl_dst=00:00:00:00:00:1d  dl_vlan=65535  dl_vlan_pcp=  0  dl_type=     0  nw_tos=   0  nw_proto=   0  nw_src= 0xa000014  nw_dst= 0xa00001d  tp_src= 1240  tp_dst=38470
Sep 07 09:06:25|00107|ofp_util|INFO|post: wildcards=  0x2ffff0  in_port=    3  dl_src=00:00:00:00:00:14  dl_dst=00:00:00:00:00:1d  dl_vlan=65535  dl_vlan_pcp=  0  dl_type=     0  nw_tos=   0  nw_proto=   0  nw_src=         0  nw_dst=         0  tp_src=    0  tp_dst=    0
Sep 07 09:07:36|00108|ofp_util|INFO|Dropped 4 log messages in last 70 seconds due to excessive rate
Sep 07 09:07:36|00109|ofp_util|INFO|normalization changed ofp_match, details:
Sep 07 09:07:36|00110|ofp_util|INFO| pre: wildcards=      0x30  in_port=    5  dl_src=00:00:00:00:00:10  dl_dst=00:00:00:00:00:1d  dl_vlan=65535  dl_vlan_pcp=  0  dl_type=     0  nw_tos=   0  nw_proto=   0  nw_src= 0xa000010  nw_dst= 0xa00001d  tp_src= 1242  tp_dst=51868
Sep 07 09:07:36|00111|ofp_util|INFO|post: wildcards=  0x2ffff0  in_port=    5  dl_src=00:00:00:00:00:10  dl_dst=00:00:00:00:00:1d  dl_vlan=65535  dl_vlan_pcp=  0  dl_type=     0  nw_tos=   0  nw_proto=   0  nw_src=         0  nw_dst=         0  tp_src=    0  tp_dst=    0
Sep 07 09:08:09|00112|ofp_util|INFO|Dropped 8 log messages in last 34 seconds due to excessive rate
Sep 07 09:08:09|00113|ofp_util|INFO|normalization changed ofp_match, details:
Sep 07 09:08:09|00114|ofp_util|INFO| pre: wildcards=      0x30  in_port=    2  dl_src=00:00:00:00:00:1b  dl_dst=00:00:00:00:00:1d  dl_vlan=65535  dl_vlan_pcp=  0  dl_type=     0  nw_tos=   0  nw_proto=   0  nw_src= 0xa00001b  nw_dst= 0xa00001d  tp_src= 1241  tp_dst=50191
Sep 07 09:08:09|00115|ofp_util|INFO|post: wildcards=  0x2ffff0  in_port=    2  dl_src=00:00:00:00:00:1b  dl_dst=00:00:00:00:00:1d  dl_vlan=65535  dl_vlan_pcp=  0  dl_type=     0  nw_tos=   0  nw_proto=   0  nw_src=         0  nw_dst=         0  tp_src=    0  tp_dst=    0
Sep 07 09:09:20|00116|ofp_util|INFO|Dropped 5 log messages in last 71 seconds due to excessive rate
Sep 07 09:09:20|00117|ofp_util|INFO|normalization changed ofp_match, details:
Sep 07 09:09:20|00118|ofp_util|INFO| pre: wildcards=      0x30  in_port=    5  dl_src=00:00:00:00:00:17  dl_dst=00:00:00:00:00:1f  dl_vlan=65535  dl_vlan_pcp=  0  dl_type=     0  nw_tos= 0x4  nw_proto=   0  nw_src= 0xa000017  nw_dst= 0xa00001f  tp_src= 1242  tp_dst=34827
Sep 07 09:09:20|00119|ofp_util|INFO|post: wildcards=  0x2ffff0  in_port=    5  dl_src=00:00:00:00:00:17  dl_dst=00:00:00:00:00:1f  dl_vlan=65535  dl_vlan_pcp=  0  dl_type=     0  nw_tos=   0  nw_proto=   0  nw_src=         0  nw_dst=         0  tp_src=    0  tp_dst=    0
Sep 07 09:10:11|00120|ofp_util|INFO|Dropped 14 log messages in last 43 seconds due to excessive rate
Sep 07 09:10:11|00121|ofp_util|INFO|normalization changed ofp_match, details:
Sep 07 09:10:11|00122|ofp_util|INFO| pre: wildcards=      0x30  in_port=    4  dl_src=00:00:00:00:00:16  dl_dst=00:00:00:00:00:1d  dl_vlan=65535  dl_vlan_pcp=  0  dl_type=     0  nw_tos= 0x4  nw_proto=   0  nw_src= 0xa000016  nw_dst= 0xa00001d  tp_src= 1239  tp_dst=60905
Sep 07 09:10:11|00123|ofp_util|INFO|post: wildcards=  0x2ffff0  in_port=    4  dl_src=00:00:00:00:00:16  dl_dst=00:00:00:00:00:1d  dl_vlan=65535  dl_vlan_pcp=  0  dl_type=     0  nw_tos=   0  nw_proto=   0  nw_src=         0  nw_dst=         0  tp_src=    0  tp_dst=    0
Sep 07 09:11:10|00124|ofp_util|INFO|Dropped 7 log messages in last 59 seconds due to excessive rate
Sep 07 09:11:10|00125|ofp_util|INFO|normalization changed ofp_match, details:
Sep 07 09:11:10|00126|ofp_util|INFO| pre: wildcards=      0x30  in_port=    2  dl_src=00:00:00:00:00:13  dl_dst=00:00:00:00:00:1d  dl_vlan=65535  dl_vlan_pcp=  0  dl_type=     0  nw_tos=   0  nw_proto=   0  nw_src= 0xa000013  nw_dst= 0xa00001d  tp_src= 1241  tp_dst=44643
Sep 07 09:11:10|00127|ofp_util|INFO|post: wildcards=  0x2ffff0  in_port=    2  dl_src=00:00:00:00:00:13  dl_dst=00:00:00:00:00:1d  dl_vlan=65535  dl_vlan_pcp=  0  dl_type=     0  nw_tos=   0  nw_proto=   0  nw_src=         0  nw_dst=         0  tp_src=    0  tp_dst=    0
Sep 07 09:12:10|00128|ofp_util|INFO|Dropped 20 log messages in last 61 seconds due to excessive rate
Sep 07 09:12:10|00129|ofp_util|INFO|normalization changed ofp_match, details:
Sep 07 09:12:10|00130|ofp_util|INFO| pre: wildcards=      0x30  in_port=    4  dl_src=00:00:00:00:00:12  dl_dst=00:00:00:00:00:1e  dl_vlan=65535  dl_vlan_pcp=  0  dl_type=     0  nw_tos= 0x4  nw_proto=   0  nw_src= 0xa000012  nw_dst= 0xa00001e  tp_src= 1243  tp_dst=52674
Sep 07 09:12:10|00131|ofp_util|INFO|post: wildcards=  0x2ffff0  in_port=    4  dl_src=00:00:00:00:00:12  dl_dst=00:00:00:00:00:1e  dl_vlan=65535  dl_vlan_pcp=  0  dl_type=     0  nw_tos=   0  nw_proto=   0  nw_src=         0  nw_dst=         0  tp_src=    0  tp_dst=    0
Sep 07 09:13:08|00132|ofp_util|INFO|Dropped 6 log messages in last 58 seconds due to excessive rate
Sep 07 09:13:08|00133|ofp_util|INFO|normalization changed ofp_match, details:
Sep 07 09:13:08|00134|ofp_util|INFO| pre: wildcards=      0x30  in_port=    2  dl_src=00:00:00:00:00:0d  dl_dst=00:00:00:00:00:1d  dl_vlan=65535  dl_vlan_pcp=  0  dl_type=     0  nw_tos=   0  nw_proto=   0  nw_src= 0xa00000d  nw_dst= 0xa00001d  tp_src= 1242  tp_dst=48686
Sep 07 09:13:08|00135|ofp_util|INFO|post: wildcards=  0x2ffff0  in_port=    2  dl_src=00:00:00:00:00:0d  dl_dst=00:00:00:00:00:1d  dl_vlan=65535  dl_vlan_pcp=  0  dl_type=     0  nw_tos=   0  nw_proto=   0  nw_src=         0  nw_dst=         0  tp_src=    0  tp_dst=    0
Sep 07 09:14:28|00136|ofp_util|INFO|Dropped 7 log messages in last 79 seconds due to excessive rate
Sep 07 09:14:28|00137|ofp_util|INFO|normalization changed ofp_match, details:
Sep 07 09:14:28|00138|ofp_util|INFO| pre: wildcards=      0x30  in_port=    4  dl_src=00:00:00:00:00:11  dl_dst=00:00:00:00:00:1d  dl_vlan=65535  dl_vlan_pcp=  0  dl_type=     0  nw_tos=   0  nw_proto=   0  nw_src= 0xa000011  nw_dst= 0xa00001d  tp_src= 1245  tp_dst=36789
Sep 07 09:14:28|00139|ofp_util|INFO|post: wildcards=  0x2ffff0  in_port=    4  dl_src=00:00:00:00:00:11  dl_dst=00:00:00:00:00:1d  dl_vlan=65535  dl_vlan_pcp=  0  dl_type=     0  nw_tos=   0  nw_proto=   0  nw_src=         0  nw_dst=         0  tp_src=    0  tp_dst=    0
Sep 07 09:15:27|00140|ofp_util|INFO|Dropped 11 log messages in last 59 seconds due to excessive rate
Sep 07 09:15:27|00141|ofp_util|INFO|normalization changed ofp_match, details:
Sep 07 09:15:27|00142|ofp_util|INFO| pre: wildcards=      0x30  in_port=    4  dl_src=00:00:00:00:00:1c  dl_dst=00:00:00:00:00:1d  dl_vlan=65535  dl_vlan_pcp=  0  dl_type=     0  nw_tos=   0  nw_proto=   0  nw_src= 0xa00001c  nw_dst= 0xa00001d  tp_src= 1240  tp_dst=49548
Sep 07 09:15:27|00143|ofp_util|INFO|post: wildcards=  0x2ffff0  in_port=    4  dl_src=00:00:00:00:00:1c  dl_dst=00:00:00:00:00:1d  dl_vlan=65535  dl_vlan_pcp=  0  dl_type=     0  nw_tos=   0  nw_proto=   0  nw_src=         0  nw_dst=         0  tp_src=    0  tp_dst=    0
Sep 07 09:16:11|00144|ofp_util|INFO|Dropped 8 log messages in last 44 seconds due to excessive rate
Sep 07 09:16:11|00145|ofp_util|INFO|normalization changed ofp_match, details:
Sep 07 09:16:11|00146|ofp_util|INFO| pre: wildcards=      0x30  in_port=    4  dl_src=00:00:00:00:00:0e  dl_dst=00:00:00:00:00:1d  dl_vlan=65535  dl_vlan_pcp=  0  dl_type=     0  nw_tos=   0  nw_proto=   0  nw_src= 0xa00000e  nw_dst= 0xa00001d  tp_src= 1250  tp_dst=42751
Sep 07 09:16:11|00147|ofp_util|INFO|post: wildcards=  0x2ffff0  in_port=    4  dl_src=00:00:00:00:00:0e  dl_dst=00:00:00:00:00:1d  dl_vlan=65535  dl_vlan_pcp=  0  dl_type=     0  nw_tos=   0  nw_proto=   0  nw_src=         0  nw_dst=         0  tp_src=    0  tp_dst=    0
Sep 07 09:17:24|00148|ofp_util|INFO|Dropped 7 log messages in last 73 seconds due to excessive rate
Sep 07 09:17:24|00149|ofp_util|INFO|normalization changed ofp_match, details:
Sep 07 09:17:24|00150|ofp_util|INFO| pre: wildcards=      0x30  in_port=    4  dl_src=00:00:00:00:00:0e  dl_dst=00:00:00:00:00:1d  dl_vlan=65535  dl_vlan_pcp=  0  dl_type=     0  nw_tos=   0  nw_proto=   0  nw_src= 0xa00000e  nw_dst= 0xa00001d  tp_src= 1251  tp_dst=34978
Sep 07 09:17:24|00151|ofp_util|INFO|post: wildcards=  0x2ffff0  in_port=    4  dl_src=00:00:00:00:00:0e  dl_dst=00:00:00:00:00:1d  dl_vlan=65535  dl_vlan_pcp=  0  dl_type=     0  nw_tos=   0  nw_proto=   0  nw_src=         0  nw_dst=         0  tp_src=    0  tp_dst=    0
Sep 07 09:18:21|00152|netdev|WARN|failed to get flags for network device s1-eth1: No such device
Sep 07 09:18:21|00153|ofproto|WARN|ignoring port s1-eth1 (1) because netdev s1-eth1 cannot be opened (No such device)
Sep 07 09:18:21|00154|rconn|INFO|dp0<->tcp:127.0.0.1:6633: connection closed by peer
Sep 07 09:18:21|00155|timeval|WARN|105 ms poll interval (0 ms user, 0 ms system) is over 168 times the weighted mean interval 1 ms (2559 samples)
Sep 07 09:18:21|00156|timeval|WARN|disk: 0 reads, 8 writes
Sep 07 09:18:21|00157|timeval|WARN|context switches: 1 voluntary, 0 involuntary
Sep 07 09:18:21|00158|coverage|INFO|Event coverage (epoch 2559/entire run), hash=66fc23f4:
Sep 07 09:18:21|00159|coverage|INFO|ofproto_update_port          1 /         5
Sep 07 09:18:21|00160|coverage|INFO|poll_fd_wait                 7 /     22790
Sep 07 09:18:21|00161|coverage|INFO|poll_zero_timeout            1 /         6
Sep 07 09:18:21|00162|coverage|INFO|rconn_queued                 1 /       619
Sep 07 09:18:21|00163|coverage|INFO|rconn_sent                   1 /       619
Sep 07 09:18:21|00164|coverage|INFO|util_xalloc                108 /     53020
Sep 07 09:18:21|00165|coverage|INFO|vconn_sent                   1 /       620
Sep 07 09:18:21|00166|coverage|INFO|netlink_received            36 /       314
Sep 07 09:18:21|00167|coverage|INFO|rtnetlink_changed           36 /       314
Sep 07 09:18:21|00168|coverage|INFO|facet_changed_rule           0 /       151
Sep 07 09:18:21|00169|coverage|INFO|facet_revalidate             0 /      1164
Sep 07 09:18:21|00170|coverage|INFO|ofproto_del_rule             0 /       119
Sep 07 09:18:21|00171|coverage|INFO|ofproto_error                0 /         1
Sep 07 09:18:21|00172|coverage|INFO|ofproto_expiration           0 /      1341
Sep 07 09:18:21|00173|coverage|INFO|ofproto_expired              0 /       104
Sep 07 09:18:21|00174|coverage|INFO|ofproto_ofp2odp              0 /      1272
Sep 07 09:18:21|00175|coverage|INFO|ofproto_packet_in            0 /       283
Sep 07 09:18:21|00176|coverage|INFO|ofproto_recv_openflow        0 /       768
Sep 07 09:18:21|00177|coverage|INFO|pktbuf_retrieved             0 /       204
Sep 07 09:18:21|00178|coverage|INFO|dpif_flow_flush              0 /         1
Sep 07 09:18:21|00179|coverage|INFO|dpif_flow_put                0 /       111
Sep 07 09:18:21|00180|coverage|INFO|dpif_flow_del                0 /       111
Sep 07 09:18:21|00181|coverage|INFO|dpif_flow_query_list         0 /      1341
Sep 07 09:18:21|00182|coverage|INFO|dpif_flow_query_list_n       0 /      2219
Sep 07 09:18:21|00183|coverage|INFO|dpif_execute                 0 /       261
Sep 07 09:18:21|00184|coverage|INFO|dpif_purge                   0 /         1
Sep 07 09:18:21|00185|coverage|INFO|flow_extract                 0 /       544
Sep 07 09:18:21|00186|coverage|INFO|hmap_expand                  0 /        17
Sep 07 09:18:21|00187|coverage|INFO|rconn_overflow               0 /        22
Sep 07 09:18:21|00188|coverage|INFO|vconn_open                   0 /         4
Sep 07 09:18:21|00189|coverage|INFO|vconn_received               0 /       769
Sep 07 09:18:21|00190|coverage|INFO|netdev_get_hwaddr            0 /        10
Sep 07 09:18:21|00191|coverage|INFO|netdev_ethtool               0 /        10
Sep 07 09:18:21|00192|coverage|INFO|pstream_open                 0 /         1
Sep 07 09:18:21|00193|coverage|INFO|stream_open                  0 /         4
Sep 07 09:18:21|00194|coverage|INFO|50 events never hit
Sep 07 09:18:21|00195|dpif_linux|WARN|system@dp0: read failed: No such device
Sep 07 09:18:21|00196|ofproto|ERR|system@dp0: datapath was destroyed externally
ovs-openflowd: unrecoverable datapath error (No such device)
