Starting client at 10.0.0.11:1254 with timeout:10
My IP address is 10.0.0.11Skipped Seq from 774 to 784
Skipped Seq from 787 to 792
Skipped Seq from 810 to 812
Skipped Seq from 812 to 846
Skipped Seq from 847 to 850
Skipped Seq from 850 to 852
Skipped Seq from 861 to 863
Skipped Seq from 864 to 886
Skipped Seq from 891 to 893
Skipped Seq from 899 to 904
Skipped Seq from 913 to 917
Skipped Seq from 917 to 919
Skipped Seq from 921 to 930
Skipped Seq from 942 to 959
Skipped Seq from 966 to 990
Skipped Seq from 990 to 994
Skipped Seq from 994 to 997
Skipped Seq from 998 to 1002
Skipped Seq from 1005 to 1007
Skipped Seq from 1019 to 1021
Skipped Seq from 1024 to 1026
Skipped Seq from 1049 to 1051
Skipped Seq from 1051 to 1053
Skipped Seq from 1059 to 1061
Skipped Seq from 1067 to 1072
Skipped Seq from 1072 to 1074
Skipped Seq from 1077 to 1087
Skipped Seq from 1098 to 1100
Skipped Seq from 1101 to 1104
Skipped Seq from 1112 to 1114
Skipped Seq from 1123 to 1126
Skipped Seq from 1126 to 1137
Skipped Seq from 1138 to 1140
Skipped Seq from 1154 to 1156
Skipped Seq from 1171 to 1174
Skipped Seq from 1178 to 1180
Skipped Seq from 1213 to 1215
Skipped Seq from 1236 to 1240
Skipped Seq from 1250 to 1252
Skipped Seq from 1303 to 1305
Number of times throttled: 5
Received: 1563 / 1746 packets
Start time: 1332761432.371688
End time: 1332761461.995923
Duration: 29.624235
