Starting client at 10.0.0.25:1242 with timeout:10
My IP address is 10.0.0.25Skipped Seq from 1064 to 1066
Skipped Seq from 1076 to 1078
Skipped Seq from 1206 to 1208
Skipped Seq from 1241 to 1243
Skipped Seq from 1256 to 1258
Skipped Seq from 1284 to 1286
Skipped Seq from 1318 to 1320
Skipped Seq from 1321 to 1323
Skipped Seq from 1331 to 1333
Skipped Seq from 1341 to 1343
Skipped Seq from 1353 to 1355
Skipped Seq from 1360 to 1362
Skipped Seq from 1368 to 1370
Skipped Seq from 1379 to 1381
Skipped Seq from 1401 to 1403
Skipped Seq from 1404 to 1406
Skipped Seq from 1421 to 1423
Skipped Seq from 1450 to 1452
Number of times throttled: 2
Received: 3521 / 3539 packets
Start time: 1332761020.568665
End time: 1332761070.382946
Duration: 49.814281
