Starting client at 10.0.0.10:1288 with timeout:10
My IP address is 10.0.0.10Skipped Seq from 624 to 633
Skipped Seq from 657 to 670
Skipped Seq from 672 to 674
Skipped Seq from 690 to 708
Skipped Seq from 722 to 733
Skipped Seq from 751 to 753
Skipped Seq from 755 to 769
Skipped Seq from 789 to 791
Skipped Seq from 816 to 822
Skipped Seq from 823 to 837
Skipped Seq from 837 to 845
Skipped Seq from 845 to 847
Skipped Seq from 851 to 853
Skipped Seq from 856 to 878
Skipped Seq from 879 to 892
Skipped Seq from 893 to 895
Skipped Seq from 896 to 942
Skipped Seq from 948 to 950
Skipped Seq from 950 to 952
Skipped Seq from 956 to 967
Skipped Seq from 971 to 973
Skipped Seq from 991 to 993
Skipped Seq from 995 to 997
Skipped Seq from 1013 to 1017
Skipped Seq from 1056 to 1058
Skipped Seq from 1100 to 1102
Skipped Seq from 1132 to 1136
Skipped Seq from 1139 to 1141
Number of times throttled: 6
Received: 4550 / 4743 packets
Start time: 1332762495.056385
End time: 1332762560.391868
Duration: 65.335483
