Starting client at 10.0.0.20:1256 with timeout:10
My IP address is 10.0.0.20Skipped Seq from 751 to 767
Skipped Seq from 781 to 811
Skipped Seq from 811 to 813
Skipped Seq from 832 to 851
Skipped Seq from 853 to 855
Skipped Seq from 856 to 889
Skipped Seq from 890 to 896
Skipped Seq from 896 to 898
Skipped Seq from 900 to 902
Skipped Seq from 1053 to 1055
Skipped Seq from 1152 to 1154
Skipped Seq from 1160 to 1162
Skipped Seq from 1174 to 1179
Skipped Seq from 1189 to 1191
Skipped Seq from 1201 to 1208
Skipped Seq from 1229 to 1231
Skipped Seq from 1254 to 1266
Skipped Seq from 1266 to 1269
Skipped Seq from 1273 to 1278
Skipped Seq from 1280 to 1287
Skipped Seq from 1288 to 1293
Skipped Seq from 1296 to 1299
Number of times throttled: 4
Received: 2240 / 2387 packets
Start time: 1332761668.341089
End time: 1332761704.676557
Duration: 36.335468
