Starting client at 10.0.0.11:1254 with timeout:10
My IP address is 10.0.0.11Skipped Seq from 13 to 15
Skipped Seq from 15 to 18
Skipped Seq from 18 to 21
Skipped Seq from 21 to 24
Skipped Seq from 24 to 28
Skipped Seq from 28 to 30
Skipped Seq from 31 to 34
Skipped Seq from 34 to 37
Skipped Seq from 37 to 41
Skipped Seq from 41 to 45
Skipped Seq from 46 to 50
Skipped Seq from 50 to 55
Skipped Seq from 55 to 59
Skipped Seq from 59 to 64
Skipped Seq from 64 to 67
Skipped Seq from 67 to 70
Skipped Seq from 70 to 72
Skipped Seq from 72 to 76
Skipped Seq from 81 to 83
Skipped Seq from 87 to 89
Skipped Seq from 90 to 92
Skipped Seq from 93 to 95
Skipped Seq from 104 to 106
Skipped Seq from 121 to 123
Skipped Seq from 127 to 130
Skipped Seq from 133 to 137
Skipped Seq from 137 to 146
Skipped Seq from 153 to 155
Skipped Seq from 168 to 170
Skipped Seq from 180 to 182
Skipped Seq from 188 to 190
Skipped Seq from 197 to 199
Skipped Seq from 202 to 204
Skipped Seq from 216 to 219
Skipped Seq from 219 to 221
Skipped Seq from 221 to 223
Skipped Seq from 225 to 227
Skipped Seq from 230 to 233
Skipped Seq from 235 to 237
Skipped Seq from 240 to 242
Skipped Seq from 269 to 271
Skipped Seq from 2225 to 2227
Skipped Seq from 2227 to 2230
Skipped Seq from 2231 to 2233
Skipped Seq from 2233 to 2236
Skipped Seq from 2236 to 2238
Skipped Seq from 2239 to 2243
Skipped Seq from 2243 to 2245
Skipped Seq from 2245 to 2247
Skipped Seq from 2248 to 2250
Skipped Seq from 2251 to 2253
Skipped Seq from 2262 to 2264
Skipped Seq from 2266 to 2268
Skipped Seq from 2298 to 2302
Skipped Seq from 2305 to 2307
Skipped Seq from 2308 to 2315
Skipped Seq from 2316 to 2318
Skipped Seq from 2319 to 2322
Skipped Seq from 2322 to 2326
Skipped Seq from 2326 to 2328
Skipped Seq from 2329 to 2331
Skipped Seq from 2331 to 2336
Skipped Seq from 2336 to 2338
Skipped Seq from 2339 to 2346
Skipped Seq from 2346 to 2348
Skipped Seq from 2352 to 2354
Skipped Seq from 2357 to 2359
Skipped Seq from 2360 to 2363
Skipped Seq from 2366 to 2368
Skipped Seq from 2378 to 2380
Skipped Seq from 2381 to 2384
Skipped Seq from 2388 to 2390
Skipped Seq from 2394 to 2397
Skipped Seq from 2397 to 2400
Skipped Seq from 2403 to 2405
Skipped Seq from 2405 to 2407
Skipped Seq from 2418 to 2420
Skipped Seq from 2420 to 2422
Skipped Seq from 2431 to 2433
Skipped Seq from 2435 to 2438
Skipped Seq from 2439 to 2442
Skipped Seq from 2443 to 2445
Skipped Seq from 2449 to 2451
Skipped Seq from 2451 to 2453
Skipped Seq from 2453 to 2457
Skipped Seq from 2459 to 2461
Skipped Seq from 2463 to 2465
Skipped Seq from 2468 to 2470
Skipped Seq from 2471 to 2473
Skipped Seq from 2474 to 2476
Skipped Seq from 2478 to 2480
Skipped Seq from 2492 to 2495
Skipped Seq from 2499 to 2501
Skipped Seq from 2501 to 2503
Skipped Seq from 2503 to 2505
Skipped Seq from 2507 to 2510
Skipped Seq from 2510 to 2512
Skipped Seq from 2513 to 2515
Skipped Seq from 2515 to 2517
Skipped Seq from 2517 to 2521
Skipped Seq from 2523 to 2525
Skipped Seq from 2525 to 2527
Skipped Seq from 2527 to 2530
Skipped Seq from 2530 to 2534
Skipped Seq from 2534 to 2536
Skipped Seq from 2543 to 2545
Skipped Seq from 2548 to 2554
Skipped Seq from 2560 to 2562
Skipped Seq from 2563 to 2566
Skipped Seq from 2569 to 2571
Skipped Seq from 2573 to 2575
Skipped Seq from 2575 to 2577
Skipped Seq from 2579 to 2581
Skipped Seq from 2582 to 2584
Skipped Seq from 2586 to 2588
Skipped Seq from 2589 to 2591
Skipped Seq from 2595 to 2599
Skipped Seq from 2602 to 2605
Skipped Seq from 2607 to 2610
Skipped Seq from 2610 to 2615
Skipped Seq from 2648 to 2650
Skipped Seq from 2661 to 2663
Skipped Seq from 2664 to 2667
Skipped Seq from 2667 to 2671
Skipped Seq from 2675 to 2677
Skipped Seq from 2677 to 2679
Skipped Seq from 2680 to 2682
Skipped Seq from 2690 to 2692
Skipped Seq from 2696 to 2698
Skipped Seq from 2704 to 2706
Skipped Seq from 2706 to 2708
Skipped Seq from 2709 to 2711
Skipped Seq from 2712 to 2716
Skipped Seq from 2716 to 2719
Skipped Seq from 2719 to 2722
Skipped Seq from 2723 to 2725
Skipped Seq from 2725 to 2728
Skipped Seq from 2728 to 2730
Skipped Seq from 2730 to 2732
Skipped Seq from 2732 to 2736
Skipped Seq from 2736 to 2739
Skipped Seq from 2739 to 2741
Skipped Seq from 2743 to 2748
Skipped Seq from 2748 to 2750
Skipped Seq from 2751 to 2753
Skipped Seq from 2753 to 2755
Skipped Seq from 2756 to 2760
Skipped Seq from 2760 to 2762
Skipped Seq from 2762 to 2766
Skipped Seq from 2768 to 2773
Skipped Seq from 2782 to 2784
Skipped Seq from 2788 to 2791
Skipped Seq from 2793 to 2795
Skipped Seq from 2799 to 2802
Skipped Seq from 2802 to 2806
Skipped Seq from 2806 to 2808
Skipped Seq from 2808 to 2812
Skipped Seq from 2813 to 2815
Skipped Seq from 2816 to 2818
Skipped Seq from 2819 to 2828
Skipped Seq from 2829 to 2832
Skipped Seq from 2832 to 2839
Skipped Seq from 2839 to 2841
Skipped Seq from 2841 to 2844
Skipped Seq from 2844 to 2846
Skipped Seq from 2846 to 2848
Skipped Seq from 2849 to 2851
Skipped Seq from 2856 to 2859
Skipped Seq from 2860 to 2862
Skipped Seq from 2863 to 2865
Skipped Seq from 2872 to 2874
Skipped Seq from 2887 to 2890
Skipped Seq from 2890 to 2895
Skipped Seq from 2895 to 2898
Skipped Seq from 2898 to 2901
Skipped Seq from 2901 to 2903
Skipped Seq from 2904 to 2906
Skipped Seq from 2913 to 2915
Skipped Seq from 2917 to 2922
Skipped Seq from 2926 to 2928
Skipped Seq from 2929 to 2931
Skipped Seq from 2935 to 2937
Skipped Seq from 2937 to 2939
Skipped Seq from 2942 to 2944
Skipped Seq from 2945 to 2947
Skipped Seq from 2948 to 2951
Skipped Seq from 2966 to 2968
Skipped Seq from 2969 to 2971
Skipped Seq from 2974 to 2976
Skipped Seq from 2977 to 2979
Skipped Seq from 2984 to 2986
Skipped Seq from 2995 to 2998
Skipped Seq from 2998 to 3000
Skipped Seq from 3001 to 3004
Skipped Seq from 3007 to 3011
Skipped Seq from 3012 to 3016
Skipped Seq from 3018 to 3020
Skipped Seq from 3022 to 3028
Skipped Seq from 3030 to 3034
Skipped Seq from 3034 to 3040
Skipped Seq from 3043 to 3045
Skipped Seq from 3045 to 3047
Skipped Seq from 3047 to 3051
Skipped Seq from 3051 to 3059
Skipped Seq from 3059 to 3061
Skipped Seq from 3061 to 3069
Skipped Seq from 3069 to 3072
Skipped Seq from 3072 to 3077
Skipped Seq from 3077 to 3080
Skipped Seq from 3081 to 3086
Skipped Seq from 3086 to 3090
Skipped Seq from 3091 to 3096
Skipped Seq from 3097 to 3103
Skipped Seq from 3104 to 3106
Skipped Seq from 3109 to 3113
Skipped Seq from 3114 to 3116
Skipped Seq from 3116 to 3118
Skipped Seq from 3119 to 3122
Skipped Seq from 3124 to 3134
Skipped Seq from 3136 to 3140
Skipped Seq from 3143 to 3145
Skipped Seq from 3145 to 3149
Skipped Seq from 3149 to 3151
Skipped Seq from 3151 to 3153
Skipped Seq from 3153 to 3160
Skipped Seq from 3160 to 3163
Skipped Seq from 3163 to 3168
Skipped Seq from 3169 to 3172
Skipped Seq from 3172 to 3174
Skipped Seq from 3174 to 3176
Skipped Seq from 3178 to 3180
Skipped Seq from 3204 to 3206
Skipped Seq from 3221 to 3224
Skipped Seq from 3228 to 3231
Skipped Seq from 3231 to 3234
Skipped Seq from 3235 to 3238
Skipped Seq from 3238 to 3243
Skipped Seq from 3243 to 3245
Skipped Seq from 3246 to 3251
Skipped Seq from 3251 to 3258
Skipped Seq from 3258 to 3264
Skipped Seq from 3267 to 3269
Skipped Seq from 3272 to 3274
Skipped Seq from 3276 to 3278
Skipped Seq from 3279 to 3281
Skipped Seq from 3282 to 3285
Skipped Seq from 3285 to 3289
Skipped Seq from 3289 to 3292
Skipped Seq from 3293 to 3295
Skipped Seq from 3295 to 3297
Skipped Seq from 3297 to 3299
Skipped Seq from 3306 to 3308
Skipped Seq from 3308 to 3310
Skipped Seq from 3315 to 3317
Skipped Seq from 3317 to 3319
Skipped Seq from 3319 to 3321
Number of times throttled: 6
Received: 3003 / 3492 packets
Start time: 1332766060.492578
End time: 1332766088.361693
Duration: 27.869115
