Starting client at 10.0.0.23:1246 with timeout:10
My IP address is 10.0.0.23Skipped Seq from 2 to 8
Skipped Seq from 8 to 13
Skipped Seq from 13 to 19
Skipped Seq from 22 to 24
Skipped Seq from 24 to 26
Skipped Seq from 26 to 40
Skipped Seq from 40 to 42
Skipped Seq from 42 to 46
Skipped Seq from 47 to 50
Skipped Seq from 50 to 52
Skipped Seq from 52 to 57
Skipped Seq from 60 to 63
Skipped Seq from 68 to 70
Skipped Seq from 74 to 77
Skipped Seq from 90 to 92
Skipped Seq from 94 to 96
Skipped Seq from 96 to 99
Skipped Seq from 101 to 103
Skipped Seq from 106 to 108
Skipped Seq from 109 to 112
Skipped Seq from 112 to 115
Skipped Seq from 115 to 119
Skipped Seq from 120 to 122
Skipped Seq from 126 to 128
Skipped Seq from 129 to 131
Skipped Seq from 131 to 136
Skipped Seq from 137 to 139
Skipped Seq from 140 to 142
Skipped Seq from 144 to 148
Skipped Seq from 148 to 150
Skipped Seq from 152 to 154
Skipped Seq from 167 to 170
Skipped Seq from 171 to 173
Skipped Seq from 177 to 179
Skipped Seq from 180 to 182
Skipped Seq from 196 to 198
Skipped Seq from 198 to 200
Skipped Seq from 200 to 203
Skipped Seq from 206 to 208
Skipped Seq from 209 to 211
Skipped Seq from 211 to 213
Skipped Seq from 221 to 223
Skipped Seq from 223 to 225
Skipped Seq from 243 to 245
Skipped Seq from 251 to 255
Skipped Seq from 260 to 264
Skipped Seq from 268 to 270
Skipped Seq from 275 to 277
Skipped Seq from 288 to 290
Skipped Seq from 291 to 293
Skipped Seq from 298 to 300
Skipped Seq from 302 to 304
Skipped Seq from 305 to 307
Skipped Seq from 315 to 317
Skipped Seq from 321 to 324
Skipped Seq from 330 to 332
Skipped Seq from 336 to 339
Skipped Seq from 360 to 362
Skipped Seq from 390 to 392
Skipped Seq from 396 to 399
Skipped Seq from 401 to 403
Skipped Seq from 404 to 406
Skipped Seq from 421 to 424
Skipped Seq from 432 to 435
Skipped Seq from 451 to 453
Skipped Seq from 457 to 459
Skipped Seq from 472 to 474
Skipped Seq from 492 to 496
Skipped Seq from 498 to 500
Skipped Seq from 514 to 516
Skipped Seq from 1578 to 1580
Skipped Seq from 1580 to 1583
Skipped Seq from 1583 to 1587
Skipped Seq from 1587 to 1590
Skipped Seq from 1606 to 1608
Skipped Seq from 1608 to 1610
Skipped Seq from 1611 to 1613
Skipped Seq from 1615 to 1617
Skipped Seq from 1626 to 1629
Skipped Seq from 1636 to 1638
Skipped Seq from 1638 to 1640
Skipped Seq from 1642 to 1645
Skipped Seq from 1649 to 1653
Skipped Seq from 1654 to 1657
Skipped Seq from 1659 to 1661
Skipped Seq from 1666 to 1668
Skipped Seq from 1669 to 1681
Skipped Seq from 1682 to 1684
Skipped Seq from 1687 to 1689
Skipped Seq from 1691 to 1701
Skipped Seq from 1701 to 1707
Skipped Seq from 1707 to 1710
Skipped Seq from 1711 to 1714
Skipped Seq from 1719 to 1721
Skipped Seq from 1721 to 1724
Skipped Seq from 1725 to 1727
Skipped Seq from 1727 to 1733
Skipped Seq from 1733 to 1735
Skipped Seq from 1735 to 1739
Skipped Seq from 1740 to 1743
Skipped Seq from 1748 to 1750
Skipped Seq from 1752 to 1754
Skipped Seq from 1757 to 1759
Skipped Seq from 1759 to 1761
Skipped Seq from 1771 to 1773
Skipped Seq from 1776 to 1780
Skipped Seq from 1791 to 1795
Skipped Seq from 1795 to 1798
Skipped Seq from 1798 to 1803
Skipped Seq from 1805 to 1808
Skipped Seq from 1808 to 1810
Skipped Seq from 1810 to 1812
Skipped Seq from 1813 to 1815
Skipped Seq from 1815 to 1823
Skipped Seq from 1832 to 1834
Skipped Seq from 1836 to 1840
Skipped Seq from 1848 to 1850
Skipped Seq from 1853 to 1856
Skipped Seq from 1859 to 1862
Skipped Seq from 1863 to 1865
Skipped Seq from 1867 to 1869
Skipped Seq from 1870 to 1872
Skipped Seq from 1876 to 1880
Skipped Seq from 1883 to 1886
Skipped Seq from 1886 to 1889
Skipped Seq from 1894 to 1901
Skipped Seq from 1901 to 1903
Skipped Seq from 1906 to 1908
Skipped Seq from 1910 to 1912
Skipped Seq from 1912 to 1914
Skipped Seq from 1914 to 1917
Skipped Seq from 1917 to 1919
Skipped Seq from 1920 to 1922
Skipped Seq from 1924 to 1926
Skipped Seq from 1926 to 1930
Skipped Seq from 1931 to 1933
Skipped Seq from 1939 to 1943
Skipped Seq from 1943 to 1946
Skipped Seq from 1962 to 1964
Skipped Seq from 1964 to 1967
Skipped Seq from 1967 to 1969
Skipped Seq from 1969 to 1971
Skipped Seq from 1975 to 1978
Skipped Seq from 1981 to 1984
Skipped Seq from 1984 to 1990
Skipped Seq from 1993 to 1995
Skipped Seq from 1995 to 1997
Skipped Seq from 1997 to 2000
Skipped Seq from 2000 to 2003
Skipped Seq from 2003 to 2005
Skipped Seq from 2011 to 2013
Skipped Seq from 2015 to 2021
Skipped Seq from 2023 to 2025
Skipped Seq from 2028 to 2033
Skipped Seq from 2033 to 2035
Skipped Seq from 2035 to 2039
Skipped Seq from 2041 to 2043
Skipped Seq from 2045 to 2049
Skipped Seq from 2049 to 2061
Skipped Seq from 2062 to 2064
Skipped Seq from 2071 to 2073
Skipped Seq from 2074 to 2076
Skipped Seq from 2076 to 2078
Skipped Seq from 2078 to 2080
Skipped Seq from 2080 to 2083
Skipped Seq from 2083 to 2085
Skipped Seq from 2085 to 2087
Skipped Seq from 2087 to 2091
Skipped Seq from 2099 to 2102
Skipped Seq from 2102 to 2104
Skipped Seq from 2104 to 2106
Skipped Seq from 2106 to 2111
Skipped Seq from 2117 to 2119
Skipped Seq from 2119 to 2121
Skipped Seq from 2122 to 2124
Skipped Seq from 2126 to 2128
Skipped Seq from 2130 to 2133
Skipped Seq from 2133 to 2135
Skipped Seq from 2136 to 2141
Skipped Seq from 2163 to 2165
Skipped Seq from 2185 to 2187
Skipped Seq from 2192 to 2194
Skipped Seq from 2198 to 2200
Skipped Seq from 2202 to 2204
Skipped Seq from 2207 to 2209
Skipped Seq from 3708 to 3710
Skipped Seq from 3716 to 3718
Skipped Seq from 3720 to 3722
Skipped Seq from 3729 to 3733
Skipped Seq from 3745 to 3747
Skipped Seq from 3747 to 3750
Skipped Seq from 3759 to 3761
Skipped Seq from 3764 to 3768
Skipped Seq from 3772 to 3775
Skipped Seq from 3778 to 3781
Skipped Seq from 3781 to 3783
Skipped Seq from 3785 to 3787
Skipped Seq from 3787 to 3789
Skipped Seq from 3793 to 3797
Skipped Seq from 3797 to 3804
Skipped Seq from 3804 to 3807
Skipped Seq from 3812 to 3814
Skipped Seq from 3814 to 3817
Skipped Seq from 3817 to 3820
Skipped Seq from 3821 to 3823
Skipped Seq from 3823 to 3826
Skipped Seq from 3827 to 3829
Skipped Seq from 3831 to 3834
Skipped Seq from 3834 to 3846
Skipped Seq from 3847 to 3851
Skipped Seq from 3851 to 3853
Skipped Seq from 3853 to 3857
Skipped Seq from 3857 to 3859
Skipped Seq from 3860 to 3862
Skipped Seq from 3864 to 3866
Skipped Seq from 3866 to 3871
Skipped Seq from 3872 to 3874
Skipped Seq from 3876 to 3878
Skipped Seq from 3878 to 3880
Skipped Seq from 3883 to 3886
Skipped Seq from 3886 to 3888
Skipped Seq from 3890 to 3892
Skipped Seq from 3892 to 3894
Skipped Seq from 3894 to 3896
Skipped Seq from 3896 to 3898
Skipped Seq from 3899 to 3901
Skipped Seq from 3905 to 3907
Skipped Seq from 3911 to 3914
Skipped Seq from 3914 to 3917
Skipped Seq from 3917 to 3919
Skipped Seq from 3919 to 3921
Skipped Seq from 3924 to 3926
Skipped Seq from 3930 to 3932
Skipped Seq from 3934 to 3936
Skipped Seq from 3936 to 3940
Skipped Seq from 3940 to 3942
Skipped Seq from 3942 to 3944
Skipped Seq from 3946 to 3948
Skipped Seq from 3953 to 3956
Skipped Seq from 3957 to 3959
Skipped Seq from 3959 to 3961
Skipped Seq from 3963 to 3965
Skipped Seq from 3965 to 3967
Skipped Seq from 3967 to 3971
Skipped Seq from 3974 to 3976
Skipped Seq from 3977 to 3980
Skipped Seq from 3980 to 3985
Skipped Seq from 3985 to 3987
Skipped Seq from 3996 to 3998
Skipped Seq from 4001 to 4004
Skipped Seq from 4005 to 4007
Skipped Seq from 4007 to 4009
Skipped Seq from 4011 to 4014
Skipped Seq from 4014 to 4016
Skipped Seq from 4018 to 4020
Skipped Seq from 4022 to 4024
Skipped Seq from 4026 to 4028
Skipped Seq from 4036 to 4039
Skipped Seq from 4040 to 4043
Skipped Seq from 4043 to 4045
Skipped Seq from 4046 to 4048
Skipped Seq from 4048 to 4050
Skipped Seq from 4050 to 4053
Skipped Seq from 4053 to 4055
Skipped Seq from 4055 to 4058
Skipped Seq from 4064 to 4066
Skipped Seq from 4070 to 4072
Skipped Seq from 4072 to 4075
Skipped Seq from 4075 to 4077
Skipped Seq from 4079 to 4085
Skipped Seq from 4085 to 4089
Skipped Seq from 4090 to 4093
Skipped Seq from 4093 to 4095
Skipped Seq from 4095 to 4099
Skipped Seq from 4099 to 4103
Skipped Seq from 4104 to 4106
Skipped Seq from 4110 to 4113
Skipped Seq from 4113 to 4115
Skipped Seq from 4117 to 4122
Skipped Seq from 4124 to 4127
Skipped Seq from 4127 to 4131
Skipped Seq from 4136 to 4139
Skipped Seq from 4139 to 4147
Skipped Seq from 4147 to 4157
Skipped Seq from 4160 to 4163
Skipped Seq from 4165 to 4167
Skipped Seq from 4168 to 4178
Skipped Seq from 4178 to 4180
Skipped Seq from 4181 to 4185
Skipped Seq from 4185 to 4190
Skipped Seq from 4193 to 4196
Skipped Seq from 4196 to 4200
Skipped Seq from 4209 to 4211
Skipped Seq from 4213 to 4217
Skipped Seq from 4221 to 4223
Skipped Seq from 4223 to 4227
Skipped Seq from 4228 to 4232
Skipped Seq from 4235 to 4242
Skipped Seq from 4242 to 4247
Skipped Seq from 4247 to 4249
Skipped Seq from 4249 to 4251
Skipped Seq from 4251 to 4254
Skipped Seq from 4254 to 4260
Skipped Seq from 4265 to 4267
Skipped Seq from 4270 to 4274
Skipped Seq from 4275 to 4278
Skipped Seq from 4278 to 4280
Skipped Seq from 4302 to 4304
Skipped Seq from 4312 to 4314
Skipped Seq from 4318 to 4320
Skipped Seq from 4324 to 4326
Skipped Seq from 4332 to 4334
Skipped Seq from 4350 to 4352
Skipped Seq from 4357 to 4359
Skipped Seq from 4360 to 4362
Skipped Seq from 4362 to 4364
Skipped Seq from 4364 to 4366
Skipped Seq from 4377 to 4379
Skipped Seq from 4393 to 4395
Skipped Seq from 4406 to 4408
Skipped Seq from 4409 to 4411
Skipped Seq from 6592 to 6594
Skipped Seq from 6770 to 6772
Skipped Seq from 6774 to 6777
Skipped Seq from 6804 to 6806
Skipped Seq from 6806 to 6809
Skipped Seq from 6812 to 6814
Skipped Seq from 6818 to 6820
Skipped Seq from 6846 to 6848
Skipped Seq from 6850 to 6852
Skipped Seq from 6852 to 6856
Skipped Seq from 6860 to 6862
Skipped Seq from 6865 to 6868
Skipped Seq from 6875 to 6893
Skipped Seq from 6894 to 6910
Skipped Seq from 6912 to 6922
Skipped Seq from 6924 to 6939
Skipped Seq from 6939 to 6953
Skipped Seq from 6955 to 6964
Skipped Seq from 6969 to 6974
Skipped Seq from 6978 to 6982
Skipped Seq from 6983 to 6985
Skipped Seq from 6986 to 6988
Skipped Seq from 6988 to 6993
Skipped Seq from 6996 to 6999
Skipped Seq from 6999 to 7006
Skipped Seq from 7006 to 7013
Skipped Seq from 7013 to 7020
Skipped Seq from 7022 to 7024
Skipped Seq from 7024 to 7027
Skipped Seq from 7029 to 7031
Skipped Seq from 7032 to 7035
Skipped Seq from 7038 to 7040
Skipped Seq from 7041 to 7043
Skipped Seq from 7043 to 7048
Skipped Seq from 7049 to 7055
Skipped Seq from 7055 to 7060
Skipped Seq from 7060 to 7062
Skipped Seq from 7063 to 7065
Skipped Seq from 7065 to 7067
Skipped Seq from 7067 to 7070
Skipped Seq from 7071 to 7073
Skipped Seq from 7076 to 7079
Skipped Seq from 7079 to 7081
Skipped Seq from 7085 to 7087
Skipped Seq from 7088 to 7090
Skipped Seq from 7090 to 7092
Skipped Seq from 7092 to 7094
Skipped Seq from 7096 to 7098
Skipped Seq from 7098 to 7100
Skipped Seq from 7103 to 7105
Skipped Seq from 7105 to 7107
Skipped Seq from 7109 to 7112
Skipped Seq from 7115 to 7117
Skipped Seq from 7124 to 7126
Skipped Seq from 7133 to 7136
Skipped Seq from 7138 to 7140
Skipped Seq from 7142 to 7144
Skipped Seq from 7145 to 7147
Skipped Seq from 7147 to 7150
Skipped Seq from 7150 to 7153
Skipped Seq from 7153 to 7157
Skipped Seq from 7157 to 7167
Skipped Seq from 7168 to 7170
Skipped Seq from 7170 to 7191
Skipped Seq from 7191 to 7193
Skipped Seq from 7193 to 7195
Skipped Seq from 7195 to 7197
Skipped Seq from 7197 to 7199
Skipped Seq from 7201 to 7203
Skipped Seq from 7203 to 7205
Skipped Seq from 7214 to 7216
Skipped Seq from 7217 to 7220
Skipped Seq from 7220 to 7222
Skipped Seq from 7222 to 7224
Skipped Seq from 7224 to 7228
Skipped Seq from 7228 to 7232
Skipped Seq from 7232 to 7235
Skipped Seq from 7235 to 7238
Skipped Seq from 7238 to 7240
Skipped Seq from 7241 to 7243
Skipped Seq from 7243 to 7246
Skipped Seq from 7247 to 7249
Skipped Seq from 7251 to 7253
Skipped Seq from 7254 to 7257
Skipped Seq from 7259 to 7263
Skipped Seq from 7265 to 7269
Skipped Seq from 7271 to 7274
Skipped Seq from 7275 to 7278
Skipped Seq from 7280 to 7290
Skipped Seq from 7290 to 7294
Skipped Seq from 7295 to 7304
Skipped Seq from 7304 to 7309
Skipped Seq from 7309 to 7314
Skipped Seq from 7314 to 7319
Skipped Seq from 7319 to 7325
Skipped Seq from 7325 to 7329
Skipped Seq from 7331 to 7335
Skipped Seq from 7337 to 7341
Skipped Seq from 7341 to 7343
Skipped Seq from 7344 to 7347
Skipped Seq from 7347 to 7352
Skipped Seq from 7353 to 7358
Skipped Seq from 7358 to 7360
Skipped Seq from 7361 to 7363
Skipped Seq from 7364 to 7367
Skipped Seq from 7367 to 7369
Skipped Seq from 7370 to 7372
Skipped Seq from 7377 to 7379
Skipped Seq from 7382 to 7384
Skipped Seq from 7386 to 7390
Skipped Seq from 7391 to 7396
Skipped Seq from 7397 to 7409
Skipped Seq from 7411 to 7415
Skipped Seq from 7415 to 7419
Skipped Seq from 7420 to 7425
Skipped Seq from 7426 to 7438
Skipped Seq from 7438 to 7443
Skipped Seq from 7444 to 7447
Skipped Seq from 7447 to 7456
Skipped Seq from 7456 to 7460
Skipped Seq from 7460 to 7463
Skipped Seq from 7463 to 7466
Skipped Seq from 7466 to 7468
Skipped Seq from 7470 to 7473
Skipped Seq from 7475 to 7477
Skipped Seq from 7478 to 7481
Skipped Seq from 7482 to 7485
Skipped Seq from 7486 to 7489
Skipped Seq from 7490 to 7492
Skipped Seq from 7492 to 7494
Skipped Seq from 7495 to 7501
Skipped Seq from 7502 to 7504
Skipped Seq from 7504 to 7508
Skipped Seq from 7508 to 7513
Skipped Seq from 7513 to 7517
Skipped Seq from 7519 to 7523
Skipped Seq from 7524 to 7527
Skipped Seq from 7540 to 7542
Skipped Seq from 7543 to 7548
Skipped Seq from 7550 to 7556
Skipped Seq from 7556 to 7560
Skipped Seq from 7562 to 7564
Skipped Seq from 7565 to 7569
Skipped Seq from 7571 to 7574
Skipped Seq from 7574 to 7577
Skipped Seq from 7577 to 7583
Skipped Seq from 7583 to 7589
Skipped Seq from 7590 to 7592
Skipped Seq from 7593 to 7595
Skipped Seq from 7597 to 7600
Skipped Seq from 7601 to 7603
Skipped Seq from 7603 to 7607
Skipped Seq from 7609 to 7611
Skipped Seq from 7614 to 7616
Skipped Seq from 7617 to 7620
Skipped Seq from 7625 to 7632
Skipped Seq from 7633 to 7646
Skipped Seq from 7646 to 7667
Skipped Seq from 7671 to 7675
Skipped Seq from 7675 to 7684
Skipped Seq from 7685 to 7687
Skipped Seq from 7689 to 7696
Skipped Seq from 7698 to 7707
Skipped Seq from 7709 to 7715
Skipped Seq from 7717 to 7721
Skipped Seq from 7721 to 7729
Skipped Seq from 7729 to 7736
Skipped Seq from 7736 to 7744
Skipped Seq from 7744 to 7751
Skipped Seq from 7752 to 7770
Skipped Seq from 7770 to 7775
Skipped Seq from 7775 to 7779
Skipped Seq from 7780 to 7782
Skipped Seq from 7782 to 7785
Skipped Seq from 7787 to 7789
Skipped Seq from 7790 to 7792
Skipped Seq from 7793 to 7796
Skipped Seq from 7796 to 7799
Skipped Seq from 7802 to 7804
Skipped Seq from 7805 to 7807
Skipped Seq from 7808 to 7810
Skipped Seq from 7811 to 7815
Skipped Seq from 7815 to 7817
Skipped Seq from 7817 to 7819
Skipped Seq from 7820 to 7822
Skipped Seq from 7828 to 7832
Skipped Seq from 7832 to 7834
Skipped Seq from 7834 to 7837
Skipped Seq from 7838 to 7840
Skipped Seq from 7841 to 7844
Skipped Seq from 7846 to 7849
Skipped Seq from 7850 to 7852
Skipped Seq from 7864 to 7866
Skipped Seq from 10823 to 10825
Skipped Seq from 10834 to 10836
Skipped Seq from 10838 to 10840
Skipped Seq from 10844 to 10847
Skipped Seq from 10863 to 10865
Skipped Seq from 10875 to 10877
Skipped Seq from 10889 to 10892
Skipped Seq from 10902 to 10904
Skipped Seq from 10904 to 10906
Skipped Seq from 10906 to 10909
Skipped Seq from 10910 to 10915
Skipped Seq from 10917 to 10920
Skipped Seq from 10920 to 10922
Skipped Seq from 10922 to 10924
Skipped Seq from 10924 to 10926
Skipped Seq from 10927 to 10929
Skipped Seq from 10934 to 10938
Skipped Seq from 10941 to 10945
Skipped Seq from 10962 to 10964
Skipped Seq from 10964 to 10966
Skipped Seq from 10977 to 10979
Skipped Seq from 10986 to 10988
Skipped Seq from 10994 to 10996
Skipped Seq from 10996 to 10998
Skipped Seq from 10998 to 11000
Skipped Seq from 11000 to 11004
Skipped Seq from 11014 to 11017
Skipped Seq from 11020 to 11022
Skipped Seq from 11024 to 11026
Skipped Seq from 11029 to 11031
Skipped Seq from 11034 to 11036
Skipped Seq from 11040 to 11042
Skipped Seq from 11046 to 11048
Skipped Seq from 11048 to 11051
Skipped Seq from 11054 to 11056
Skipped Seq from 11060 to 11063
Skipped Seq from 11063 to 11066
Skipped Seq from 11067 to 11070
Skipped Seq from 11071 to 11073
Skipped Seq from 11073 to 11075
Skipped Seq from 11075 to 11079
Skipped Seq from 11079 to 11083
Skipped Seq from 11084 to 11088
Skipped Seq from 11088 to 11090
Skipped Seq from 11090 to 11092
Skipped Seq from 11094 to 11100
Skipped Seq from 11100 to 11103
Skipped Seq from 11103 to 11107
Skipped Seq from 11108 to 11112
Skipped Seq from 11113 to 11119
Skipped Seq from 11119 to 11122
Skipped Seq from 11126 to 11130
Skipped Seq from 11130 to 11139
Skipped Seq from 11139 to 11141
Skipped Seq from 11147 to 11150
Skipped Seq from 11163 to 11166
Skipped Seq from 11166 to 11169
Skipped Seq from 11187 to 11189
Skipped Seq from 11189 to 11191
Skipped Seq from 11192 to 11194
Skipped Seq from 11194 to 11197
Skipped Seq from 11197 to 11200
Skipped Seq from 11200 to 11203
Skipped Seq from 11210 to 11213
Skipped Seq from 11213 to 11215
Skipped Seq from 11216 to 11219
Skipped Seq from 11219 to 11222
Skipped Seq from 11223 to 11228
Skipped Seq from 11228 to 11232
Skipped Seq from 11234 to 11236
Skipped Seq from 11236 to 11238
Skipped Seq from 11239 to 11243
Skipped Seq from 11244 to 11247
Skipped Seq from 11249 to 11251
Skipped Seq from 11253 to 11256
Skipped Seq from 11256 to 11258
Skipped Seq from 11259 to 11261
Skipped Seq from 11270 to 11272
Skipped Seq from 11273 to 11275
Skipped Seq from 11276 to 11278
Skipped Seq from 11280 to 11282
Skipped Seq from 11284 to 11286
Skipped Seq from 11287 to 11289
Skipped Seq from 11291 to 11293
Skipped Seq from 11293 to 11295
Skipped Seq from 11296 to 11299
Skipped Seq from 11305 to 11307
Skipped Seq from 11310 to 11315
Skipped Seq from 11317 to 11320
Skipped Seq from 11323 to 11325
Skipped Seq from 11325 to 11328
Skipped Seq from 11328 to 11334
Skipped Seq from 11334 to 11337
Skipped Seq from 11337 to 11343
Skipped Seq from 11345 to 11348
Skipped Seq from 11348 to 11350
Skipped Seq from 11350 to 11354
Skipped Seq from 11370 to 11372
Skipped Seq from 11372 to 11375
Skipped Seq from 11377 to 11379
Skipped Seq from 11379 to 11381
Skipped Seq from 11393 to 11397
Skipped Seq from 11397 to 11399
Skipped Seq from 11399 to 11401
Skipped Seq from 11401 to 11404
Skipped Seq from 11405 to 11407
Skipped Seq from 11410 to 11412
Skipped Seq from 11412 to 11414
Skipped Seq from 11416 to 11418
Skipped Seq from 11421 to 11423
Skipped Seq from 11428 to 11430
Skipped Seq from 11432 to 11435
Skipped Seq from 11435 to 11438
Skipped Seq from 11440 to 11443
Skipped Seq from 11450 to 11452
Skipped Seq from 11460 to 11464
Skipped Seq from 11465 to 11468
Skipped Seq from 11468 to 11472
Skipped Seq from 11476 to 11482
Skipped Seq from 11482 to 11487
Skipped Seq from 11488 to 11490
Skipped Seq from 11490 to 11494
Skipped Seq from 11495 to 11498
Skipped Seq from 11501 to 11503
Skipped Seq from 11503 to 11505
Skipped Seq from 11505 to 11507
Skipped Seq from 11508 to 11510
Skipped Seq from 11510 to 11512
Skipped Seq from 11515 to 11518
Skipped Seq from 11518 to 11523
Skipped Seq from 11523 to 11528
Skipped Seq from 11532 to 11534
Skipped Seq from 11542 to 11544
Skipped Seq from 11544 to 11546
Skipped Seq from 11546 to 11548
Skipped Seq from 11548 to 11550
Skipped Seq from 11550 to 11552
Skipped Seq from 11552 to 11554
Skipped Seq from 11555 to 11563
Skipped Seq from 11563 to 11565
Skipped Seq from 11576 to 11579
Skipped Seq from 11579 to 11583
Skipped Seq from 11583 to 11586
Skipped Seq from 11586 to 11590
Skipped Seq from 11601 to 11612
Skipped Seq from 11614 to 11617
Skipped Seq from 11618 to 11623
Skipped Seq from 11624 to 11628
Skipped Seq from 11628 to 11630
Skipped Seq from 11630 to 11635
Skipped Seq from 11635 to 11637
Skipped Seq from 11638 to 11643
Skipped Seq from 11643 to 11646
Skipped Seq from 11647 to 11649
Skipped Seq from 11649 to 11652
Skipped Seq from 11652 to 11662
Skipped Seq from 11662 to 11664
Skipped Seq from 11666 to 11668
Skipped Seq from 11668 to 11670
Skipped Seq from 11670 to 11672
Skipped Seq from 11674 to 11676
Skipped Seq from 11676 to 11678
Skipped Seq from 11679 to 11685
Skipped Seq from 11690 to 11698
Skipped Seq from 11702 to 11704
Skipped Seq from 11704 to 11706
Skipped Seq from 11714 to 11716
Skipped Seq from 11720 to 11722
Skipped Seq from 11731 to 11733
Skipped Seq from 11734 to 11736
Skipped Seq from 11744 to 11747
Skipped Seq from 11748 to 11752
Skipped Seq from 11754 to 11758
Skipped Seq from 11763 to 11773
Skipped Seq from 11773 to 11775
Skipped Seq from 11776 to 11786
Skipped Seq from 11788 to 11790
Skipped Seq from 11793 to 11802
Skipped Seq from 11803 to 11805
Skipped Seq from 11817 to 11820
Skipped Seq from 11820 to 11822
Skipped Seq from 11825 to 11827
Skipped Seq from 11828 to 11830
Skipped Seq from 11833 to 11835
Skipped Seq from 11839 to 11841
Skipped Seq from 11849 to 11853
Skipped Seq from 11853 to 11855
Skipped Seq from 11857 to 11859
Skipped Seq from 11859 to 11861
Skipped Seq from 11873 to 11875
Skipped Seq from 11878 to 11880
Skipped Seq from 11894 to 11903
Skipped Seq from 11919 to 11923
Skipped Seq from 11934 to 11936
Number of times throttled: 20
Received: 14138 / 15758 packets
Start time: 1332765732.465254
End time: 1332765831.020384
Duration: 98.555130
