Starting client at 10.0.0.11:1289 with timeout:10
My IP address is 10.0.0.11Skipped Seq from 9549 to 9552
Skipped Seq from 9553 to 9555
Skipped Seq from 9555 to 9557
Skipped Seq from 9558 to 9560
Skipped Seq from 9560 to 9563
Skipped Seq from 9563 to 9567
Skipped Seq from 9567 to 9572
Skipped Seq from 9575 to 9580
Skipped Seq from 9583 to 9586
Skipped Seq from 9602 to 9604
Skipped Seq from 9606 to 9608
Skipped Seq from 9610 to 9612
Skipped Seq from 9665 to 9667
Skipped Seq from 9716 to 9718
Skipped Seq from 9723 to 9725
Skipped Seq from 9744 to 9746
Skipped Seq from 9786 to 9788
Skipped Seq from 9903 to 9905
Skipped Seq from 9910 to 9912
Skipped Seq from 9929 to 9931
Skipped Seq from 9944 to 9946
Skipped Seq from 9966 to 9968
Skipped Seq from 9994 to 9996
Skipped Seq from 10031 to 10033
Skipped Seq from 10059 to 10061
Skipped Seq from 10084 to 10086
Skipped Seq from 10096 to 10098
Skipped Seq from 10147 to 10150
Skipped Seq from 10151 to 10153
Skipped Seq from 10154 to 10156
Skipped Seq from 10156 to 10161
Skipped Seq from 10165 to 10171
Skipped Seq from 10171 to 10173
Skipped Seq from 10178 to 10181
Skipped Seq from 10186 to 10191
Skipped Seq from 10194 to 10196
Skipped Seq from 10200 to 10202
Skipped Seq from 10205 to 10208
Skipped Seq from 10211 to 10218
Skipped Seq from 10221 to 10228
Skipped Seq from 10229 to 10233
Skipped Seq from 10235 to 10237
Skipped Seq from 10241 to 10245
Skipped Seq from 10249 to 10251
Skipped Seq from 10256 to 10261
Skipped Seq from 10265 to 10267
Skipped Seq from 10269 to 10271
Skipped Seq from 10271 to 10277
Skipped Seq from 10278 to 10280
Skipped Seq from 10282 to 10284
Skipped Seq from 10291 to 10294
Skipped Seq from 10295 to 10298
Skipped Seq from 10299 to 10301
Skipped Seq from 10301 to 10303
Skipped Seq from 10303 to 10306
Skipped Seq from 10315 to 10319
Skipped Seq from 10319 to 10321
Skipped Seq from 10321 to 10323
Skipped Seq from 10324 to 10326
Skipped Seq from 10333 to 10335
Skipped Seq from 10336 to 10339
Skipped Seq from 10340 to 10344
Skipped Seq from 10344 to 10352
Skipped Seq from 10356 to 10359
Skipped Seq from 10359 to 10361
Skipped Seq from 10361 to 10369
Skipped Seq from 10369 to 10372
Skipped Seq from 10374 to 10376
Skipped Seq from 10378 to 10380
Skipped Seq from 10381 to 10386
Skipped Seq from 10386 to 10388
Skipped Seq from 10389 to 10391
Skipped Seq from 10391 to 10393
Skipped Seq from 10400 to 10402
Skipped Seq from 10404 to 10408
Skipped Seq from 10409 to 10413
Skipped Seq from 10413 to 10416
Skipped Seq from 10416 to 10420
Skipped Seq from 10427 to 10429
Skipped Seq from 10433 to 10436
Skipped Seq from 10437 to 10439
Skipped Seq from 10446 to 10448
Skipped Seq from 10450 to 10452
Skipped Seq from 10452 to 10454
Skipped Seq from 10454 to 10456
Skipped Seq from 10457 to 10459
Skipped Seq from 10459 to 10461
Skipped Seq from 10464 to 10466
Skipped Seq from 10468 to 10470
Skipped Seq from 10486 to 10488
Skipped Seq from 10502 to 10504
Skipped Seq from 10516 to 10518
Skipped Seq from 10522 to 10524
Skipped Seq from 10616 to 10618
Skipped Seq from 10631 to 10633
Skipped Seq from 10699 to 10701
Number of times throttled: 4
Received: 16300 / 16474 packets
Start time: 1332767449.715622
End time: 1332767554.331810
Duration: 104.616188
