Starting client at 10.0.0.12:1282 with timeout:10
My IP address is 10.0.0.12Skipped Seq from 1970 to 1973
Skipped Seq from 1973 to 1975
Skipped Seq from 1979 to 1982
Skipped Seq from 1985 to 1987
Skipped Seq from 1990 to 1993
Skipped Seq from 1994 to 1996
Skipped Seq from 1997 to 2000
Skipped Seq from 2001 to 2003
Skipped Seq from 2003 to 2005
Skipped Seq from 2010 to 2012
Skipped Seq from 2016 to 2018
Skipped Seq from 2021 to 2023
Skipped Seq from 2055 to 2058
Skipped Seq from 2059 to 2076
Skipped Seq from 2076 to 2078
Skipped Seq from 2078 to 2080
Skipped Seq from 2080 to 2084
Skipped Seq from 2084 to 2090
Skipped Seq from 2090 to 2098
Skipped Seq from 2098 to 2101
Skipped Seq from 2101 to 2104
Skipped Seq from 2105 to 2109
Skipped Seq from 2110 to 2114
Skipped Seq from 2114 to 2119
Skipped Seq from 2119 to 2121
Skipped Seq from 2122 to 2129
Skipped Seq from 2137 to 2139
Skipped Seq from 2141 to 2149
Skipped Seq from 2149 to 2151
Skipped Seq from 2151 to 2154
Skipped Seq from 2154 to 2158
Skipped Seq from 2158 to 2160
Skipped Seq from 2161 to 2164
Skipped Seq from 2168 to 2170
Skipped Seq from 2170 to 2172
Skipped Seq from 2174 to 2176
Skipped Seq from 2177 to 2180
Skipped Seq from 2181 to 2183
Skipped Seq from 2188 to 2191
Skipped Seq from 2191 to 2198
Skipped Seq from 2198 to 2201
Skipped Seq from 2201 to 2203
Skipped Seq from 2203 to 2207
Skipped Seq from 2208 to 2214
Skipped Seq from 2214 to 2217
Skipped Seq from 2217 to 2220
Skipped Seq from 2221 to 2225
Skipped Seq from 2226 to 2228
Skipped Seq from 2233 to 2235
Skipped Seq from 2235 to 2242
Skipped Seq from 2242 to 2244
Skipped Seq from 2244 to 2246
Skipped Seq from 2250 to 2252
Skipped Seq from 2257 to 2259
Skipped Seq from 2264 to 2266
Skipped Seq from 2268 to 2271
Skipped Seq from 2274 to 2276
Skipped Seq from 2278 to 2281
Skipped Seq from 2282 to 2286
Skipped Seq from 2286 to 2296
Skipped Seq from 2296 to 2298
Skipped Seq from 2298 to 2300
Skipped Seq from 2301 to 2303
Skipped Seq from 2303 to 2305
Skipped Seq from 2305 to 2309
Skipped Seq from 2309 to 2311
Skipped Seq from 2311 to 2313
Skipped Seq from 2314 to 2316
Skipped Seq from 2316 to 2321
Skipped Seq from 2321 to 2331
Skipped Seq from 2331 to 2335
Skipped Seq from 2336 to 2341
Skipped Seq from 2341 to 2344
Skipped Seq from 2346 to 2348
Skipped Seq from 2353 to 2355
Skipped Seq from 2355 to 2359
Skipped Seq from 2362 to 2364
Skipped Seq from 2396 to 2398
Skipped Seq from 2448 to 2451
Skipped Seq from 2454 to 2456
Skipped Seq from 2462 to 2464
Skipped Seq from 2468 to 2470
Skipped Seq from 2470 to 2472
Skipped Seq from 2473 to 2475
Skipped Seq from 2480 to 2484
Skipped Seq from 2486 to 2488
Skipped Seq from 2491 to 2493
Skipped Seq from 2496 to 2505
Skipped Seq from 2505 to 2510
Skipped Seq from 2512 to 2522
Skipped Seq from 2525 to 2528
Skipped Seq from 2528 to 2531
Skipped Seq from 2531 to 2536
Skipped Seq from 2536 to 2539
Skipped Seq from 2542 to 2545
Skipped Seq from 2545 to 2549
Skipped Seq from 2550 to 2556
Skipped Seq from 2556 to 2558
Skipped Seq from 2558 to 2561
Skipped Seq from 2562 to 2565
Skipped Seq from 2568 to 2570
Skipped Seq from 2575 to 2578
Skipped Seq from 2579 to 2581
Skipped Seq from 2584 to 2591
Skipped Seq from 2591 to 2593
Skipped Seq from 2593 to 2596
Skipped Seq from 2599 to 2601
Skipped Seq from 2603 to 2611
Skipped Seq from 2626 to 2629
Skipped Seq from 2630 to 2635
Skipped Seq from 2644 to 2648
Skipped Seq from 2648 to 2650
Skipped Seq from 2650 to 2652
Skipped Seq from 2662 to 2664
Skipped Seq from 2664 to 2666
Skipped Seq from 2666 to 2669
Skipped Seq from 2670 to 2672
Skipped Seq from 2673 to 2675
Skipped Seq from 2675 to 2677
Skipped Seq from 2679 to 2681
Skipped Seq from 2689 to 2691
Skipped Seq from 2695 to 2698
Skipped Seq from 2699 to 2702
Skipped Seq from 2705 to 2708
Skipped Seq from 2708 to 2716
Skipped Seq from 2717 to 2719
Skipped Seq from 2729 to 2732
Skipped Seq from 2734 to 2737
Skipped Seq from 2738 to 2740
Skipped Seq from 2741 to 2743
Skipped Seq from 2743 to 2745
Skipped Seq from 2745 to 2747
Skipped Seq from 2750 to 2752
Skipped Seq from 2763 to 2765
Skipped Seq from 2766 to 2770
Skipped Seq from 2775 to 2778
Skipped Seq from 2798 to 2801
Skipped Seq from 2817 to 2819
Skipped Seq from 2819 to 2821
Skipped Seq from 2823 to 2826
Skipped Seq from 2827 to 2832
Skipped Seq from 2833 to 2836
Skipped Seq from 2857 to 2859
Skipped Seq from 2861 to 2863
Skipped Seq from 2866 to 2868
Skipped Seq from 2874 to 2876
Skipped Seq from 2881 to 2883
Skipped Seq from 2885 to 2887
Skipped Seq from 5254 to 5257
Skipped Seq from 5257 to 5259
Skipped Seq from 5261 to 5267
Skipped Seq from 5267 to 5269
Skipped Seq from 5270 to 5272
Skipped Seq from 5274 to 5277
Skipped Seq from 5277 to 5280
Skipped Seq from 5284 to 5286
Skipped Seq from 5286 to 5289
Skipped Seq from 5291 to 5295
Skipped Seq from 5295 to 5297
Skipped Seq from 5302 to 5309
Skipped Seq from 5309 to 5311
Skipped Seq from 5311 to 5313
Skipped Seq from 5314 to 5319
Skipped Seq from 5319 to 5325
Skipped Seq from 5330 to 5334
Skipped Seq from 5334 to 5336
Skipped Seq from 5336 to 5341
Skipped Seq from 5342 to 5344
Skipped Seq from 5344 to 5347
Skipped Seq from 5347 to 5349
Skipped Seq from 5351 to 5353
Skipped Seq from 5353 to 5355
Skipped Seq from 5355 to 5357
Skipped Seq from 5359 to 5361
Skipped Seq from 5363 to 5365
Skipped Seq from 5366 to 5368
Skipped Seq from 5370 to 5374
Skipped Seq from 5375 to 5378
Skipped Seq from 5380 to 5382
Skipped Seq from 5382 to 5385
Skipped Seq from 5385 to 5391
Skipped Seq from 5391 to 5396
Skipped Seq from 5399 to 5401
Skipped Seq from 5401 to 5403
Skipped Seq from 5403 to 5405
Skipped Seq from 5408 to 5411
Skipped Seq from 5416 to 5418
Skipped Seq from 5418 to 5420
Skipped Seq from 5420 to 5422
Skipped Seq from 5422 to 5424
Skipped Seq from 5426 to 5428
Skipped Seq from 5430 to 5436
Skipped Seq from 5436 to 5440
Skipped Seq from 5440 to 5449
Skipped Seq from 5449 to 5451
Skipped Seq from 5451 to 5456
Skipped Seq from 5458 to 5460
Skipped Seq from 5461 to 5463
Skipped Seq from 5463 to 5465
Skipped Seq from 5465 to 5467
Skipped Seq from 5467 to 5469
Skipped Seq from 5471 to 5473
Skipped Seq from 5474 to 5478
Skipped Seq from 5478 to 5480
Skipped Seq from 5480 to 5482
Skipped Seq from 5489 to 5491
Skipped Seq from 5494 to 5496
Skipped Seq from 5498 to 5502
Skipped Seq from 5502 to 5504
Skipped Seq from 5506 to 5508
Skipped Seq from 5509 to 5520
Skipped Seq from 5521 to 5524
Skipped Seq from 5524 to 5526
Skipped Seq from 5526 to 5529
Skipped Seq from 5530 to 5532
Skipped Seq from 5532 to 5536
Skipped Seq from 5536 to 5538
Skipped Seq from 5540 to 5560
Skipped Seq from 5560 to 5563
Skipped Seq from 5563 to 5567
Skipped Seq from 5567 to 5573
Skipped Seq from 5573 to 5577
Skipped Seq from 5577 to 5579
Skipped Seq from 5582 to 5584
Skipped Seq from 5586 to 5589
Skipped Seq from 5592 to 5597
Skipped Seq from 5597 to 5602
Skipped Seq from 5602 to 5606
Skipped Seq from 5606 to 5609
Skipped Seq from 5621 to 5623
Skipped Seq from 5634 to 5636
Skipped Seq from 5636 to 5638
Skipped Seq from 5645 to 5647
Skipped Seq from 5647 to 5649
Skipped Seq from 5650 to 5653
Skipped Seq from 5656 to 5658
Skipped Seq from 5658 to 5665
Skipped Seq from 5666 to 5669
Skipped Seq from 5670 to 5672
Skipped Seq from 5672 to 5674
Skipped Seq from 5674 to 5679
Skipped Seq from 5679 to 5684
Skipped Seq from 5684 to 5686
Skipped Seq from 5686 to 5689
Skipped Seq from 5689 to 5691
Skipped Seq from 5691 to 5698
Skipped Seq from 5698 to 5700
Skipped Seq from 5702 to 5713
Skipped Seq from 5713 to 5718
Skipped Seq from 5721 to 5724
Skipped Seq from 5725 to 5736
Skipped Seq from 5736 to 5738
Skipped Seq from 5739 to 5741
Skipped Seq from 5755 to 5757
Skipped Seq from 5758 to 5760
Skipped Seq from 5760 to 5762
Skipped Seq from 5763 to 5765
Skipped Seq from 5782 to 5801
Skipped Seq from 5801 to 5808
Skipped Seq from 5808 to 5813
Skipped Seq from 5813 to 5819
Skipped Seq from 5819 to 5821
Skipped Seq from 5821 to 5823
Skipped Seq from 5823 to 5826
Skipped Seq from 5826 to 5829
Skipped Seq from 5829 to 5834
Skipped Seq from 5834 to 5842
Skipped Seq from 5842 to 5844
Skipped Seq from 5846 to 5848
Skipped Seq from 5858 to 5860
Skipped Seq from 5861 to 5864
Skipped Seq from 5867 to 5869
Skipped Seq from 5875 to 5877
Skipped Seq from 5895 to 5898
Skipped Seq from 5908 to 5911
Skipped Seq from 5922 to 5924
Skipped Seq from 5930 to 5933
Skipped Seq from 5938 to 5941
Skipped Seq from 5946 to 5948
Skipped Seq from 5960 to 5962
Skipped Seq from 5962 to 5965
Skipped Seq from 5965 to 5967
Skipped Seq from 5967 to 5970
Skipped Seq from 5974 to 5978
Skipped Seq from 5985 to 5989
Skipped Seq from 5994 to 5996
Skipped Seq from 5996 to 6000
Skipped Seq from 6004 to 6007
Skipped Seq from 6009 to 6016
Skipped Seq from 6016 to 6019
Skipped Seq from 6020 to 6022
Skipped Seq from 6036 to 6038
Skipped Seq from 6047 to 6049
Skipped Seq from 6050 to 6053
Skipped Seq from 6055 to 6059
Skipped Seq from 6062 to 6064
Skipped Seq from 6067 to 6073
Skipped Seq from 6074 to 6076
Skipped Seq from 6078 to 6080
Skipped Seq from 6081 to 6083
Skipped Seq from 6083 to 6086
Skipped Seq from 6092 to 6094
Skipped Seq from 6098 to 6100
Skipped Seq from 6102 to 6105
Skipped Seq from 6106 to 6109
Skipped Seq from 6114 to 6116
Skipped Seq from 6118 to 6120
Skipped Seq from 6125 to 6129
Skipped Seq from 6134 to 6137
Skipped Seq from 6163 to 6165
Skipped Seq from 6166 to 6168
Skipped Seq from 6181 to 6183
Skipped Seq from 6188 to 6190
Skipped Seq from 6192 to 6197
Skipped Seq from 6201 to 6206
Skipped Seq from 6207 to 6209
Skipped Seq from 6216 to 6218
Skipped Seq from 6219 to 6221
Skipped Seq from 6223 to 6225
Skipped Seq from 6228 to 6230
Skipped Seq from 6231 to 6233
Skipped Seq from 6233 to 6235
Skipped Seq from 6238 to 6240
Skipped Seq from 6242 to 6244
Skipped Seq from 6244 to 6246
Skipped Seq from 10115 to 10117
Skipped Seq from 10137 to 10139
Skipped Seq from 10159 to 10161
Skipped Seq from 10175 to 10178
Skipped Seq from 10180 to 10200
Skipped Seq from 10201 to 10203
Skipped Seq from 10203 to 10205
Skipped Seq from 10223 to 10225
Skipped Seq from 10225 to 10227
Skipped Seq from 10228 to 10230
Skipped Seq from 10230 to 10232
Skipped Seq from 10232 to 10234
Skipped Seq from 10234 to 10237
Skipped Seq from 10237 to 10239
Skipped Seq from 10240 to 10243
Skipped Seq from 10243 to 10246
Skipped Seq from 10247 to 10249
Skipped Seq from 10250 to 10254
Skipped Seq from 10255 to 10257
Skipped Seq from 10260 to 10262
Skipped Seq from 10265 to 10267
Skipped Seq from 10268 to 10273
Skipped Seq from 10273 to 10276
Skipped Seq from 10276 to 10278
Skipped Seq from 10278 to 10285
Skipped Seq from 10285 to 10287
Skipped Seq from 10289 to 10291
Skipped Seq from 10291 to 10295
Skipped Seq from 10297 to 10300
Skipped Seq from 10306 to 10309
Skipped Seq from 10313 to 10316
Skipped Seq from 10322 to 10325
Skipped Seq from 10325 to 10336
Skipped Seq from 10336 to 10338
Skipped Seq from 10342 to 10345
Skipped Seq from 10346 to 10348
Skipped Seq from 10349 to 10351
Skipped Seq from 10361 to 10364
Skipped Seq from 10364 to 10368
Skipped Seq from 10368 to 10371
Skipped Seq from 10371 to 10373
Skipped Seq from 10375 to 10378
Skipped Seq from 10384 to 10386
Skipped Seq from 10389 to 10391
Skipped Seq from 10392 to 10394
Skipped Seq from 10395 to 10399
Skipped Seq from 10399 to 10403
Skipped Seq from 10404 to 10406
Skipped Seq from 10406 to 10408
Skipped Seq from 10408 to 10413
Skipped Seq from 10413 to 10415
Skipped Seq from 10417 to 10420
Skipped Seq from 10424 to 10426
Skipped Seq from 10429 to 10431
Skipped Seq from 10440 to 10442
Skipped Seq from 10444 to 10446
Skipped Seq from 10453 to 10455
Skipped Seq from 10455 to 10457
Skipped Seq from 10457 to 10461
Skipped Seq from 10466 to 10469
Skipped Seq from 10471 to 10473
Skipped Seq from 10473 to 10475
Skipped Seq from 10475 to 10478
Skipped Seq from 10478 to 10480
Skipped Seq from 10481 to 10485
Skipped Seq from 10485 to 10488
Skipped Seq from 10490 to 10492
Skipped Seq from 10492 to 10495
Skipped Seq from 10495 to 10499
Skipped Seq from 10506 to 10508
Skipped Seq from 10517 to 10519
Skipped Seq from 10522 to 10524
Skipped Seq from 10537 to 10539
Skipped Seq from 10545 to 10547
Skipped Seq from 10548 to 10550
Skipped Seq from 10552 to 10554
Skipped Seq from 10554 to 10556
Skipped Seq from 10556 to 10558
Skipped Seq from 10558 to 10560
Skipped Seq from 10566 to 10568
Skipped Seq from 10568 to 10571
Skipped Seq from 10573 to 10578
Skipped Seq from 10597 to 10602
Skipped Seq from 10619 to 10621
Skipped Seq from 10623 to 10625
Skipped Seq from 10631 to 10633
Skipped Seq from 10655 to 10657
Skipped Seq from 10659 to 10661
Skipped Seq from 10681 to 10683
Skipped Seq from 10685 to 10688
Skipped Seq from 10688 to 10692
Skipped Seq from 10695 to 10697
Skipped Seq from 10706 to 10708
Skipped Seq from 10730 to 10732
Skipped Seq from 10752 to 10762
Skipped Seq from 10772 to 10780
Skipped Seq from 10797 to 10799
Skipped Seq from 10806 to 10808
Skipped Seq from 10815 to 10817
Skipped Seq from 10846 to 10848
Skipped Seq from 10855 to 10860
Skipped Seq from 10866 to 10868
Skipped Seq from 10881 to 10883
Skipped Seq from 10884 to 10888
Skipped Seq from 10888 to 10903
Skipped Seq from 10905 to 10907
Skipped Seq from 10911 to 10913
Skipped Seq from 10914 to 10930
Skipped Seq from 10932 to 10934
Skipped Seq from 10944 to 10947
Skipped Seq from 10949 to 10966
Skipped Seq from 10967 to 10969
Skipped Seq from 10982 to 10989
Skipped Seq from 10989 to 10993
Skipped Seq from 11009 to 11011
Skipped Seq from 11026 to 11028
Skipped Seq from 11043 to 11045
Skipped Seq from 11064 to 11066
Skipped Seq from 11071 to 11084
Skipped Seq from 11084 to 11086
Skipped Seq from 11099 to 11113
Skipped Seq from 11123 to 11137
Skipped Seq from 11138 to 11155
Skipped Seq from 11162 to 11164
Skipped Seq from 11167 to 11178
Skipped Seq from 11242 to 11244
Skipped Seq from 11246 to 11251
Skipped Seq from 11264 to 11266
Skipped Seq from 13328 to 13332
Skipped Seq from 13340 to 13344
Skipped Seq from 13344 to 13350
Skipped Seq from 13351 to 13356
Skipped Seq from 13356 to 13358
Skipped Seq from 13358 to 13360
Skipped Seq from 13360 to 13367
Skipped Seq from 13367 to 13369
Skipped Seq from 13369 to 13371
Skipped Seq from 13373 to 13382
Skipped Seq from 13382 to 13387
Skipped Seq from 13389 to 13391
Skipped Seq from 13394 to 13397
Skipped Seq from 13398 to 13401
Skipped Seq from 13405 to 13407
Skipped Seq from 13407 to 13410
Skipped Seq from 13415 to 13417
Skipped Seq from 13417 to 13422
Skipped Seq from 13423 to 13427
Skipped Seq from 13427 to 13429
Skipped Seq from 13430 to 13434
Skipped Seq from 13438 to 13444
Skipped Seq from 13444 to 13447
Skipped Seq from 13447 to 13450
Skipped Seq from 13450 to 13452
Skipped Seq from 13454 to 13456
Skipped Seq from 13456 to 13458
Skipped Seq from 13458 to 13460
Skipped Seq from 13465 to 13467
Skipped Seq from 13476 to 13478
Skipped Seq from 13480 to 13482
Skipped Seq from 13490 to 13492
Skipped Seq from 13494 to 13497
Skipped Seq from 13497 to 13499
Skipped Seq from 13506 to 13508
Skipped Seq from 13508 to 13511
Skipped Seq from 13515 to 13517
Skipped Seq from 13517 to 13519
Skipped Seq from 13522 to 13524
Skipped Seq from 13526 to 13528
Skipped Seq from 13530 to 13532
Skipped Seq from 13535 to 13537
Skipped Seq from 13538 to 13545
Skipped Seq from 13580 to 13582
Skipped Seq from 13585 to 13588
Skipped Seq from 13591 to 13593
Skipped Seq from 13601 to 13603
Skipped Seq from 13614 to 13617
Skipped Seq from 13620 to 13622
Skipped Seq from 13629 to 13631
Skipped Seq from 13648 to 13651
Skipped Seq from 13654 to 13656
Skipped Seq from 13665 to 13668
Skipped Seq from 13668 to 13672
Skipped Seq from 13672 to 13675
Skipped Seq from 13675 to 13678
Skipped Seq from 13680 to 13682
Skipped Seq from 13682 to 13684
Skipped Seq from 13685 to 13689
Skipped Seq from 13690 to 13692
Skipped Seq from 13693 to 13698
Skipped Seq from 13699 to 13702
Skipped Seq from 13702 to 13706
Skipped Seq from 13706 to 13715
Skipped Seq from 13715 to 13718
Skipped Seq from 13718 to 13720
Skipped Seq from 13720 to 13723
Skipped Seq from 13723 to 13725
Skipped Seq from 13735 to 13737
Skipped Seq from 13737 to 13740
Skipped Seq from 13741 to 13744
Skipped Seq from 13744 to 13746
Skipped Seq from 13746 to 13748
Skipped Seq from 13748 to 13753
Skipped Seq from 13754 to 13758
Skipped Seq from 13759 to 13763
Skipped Seq from 13763 to 13773
Skipped Seq from 13773 to 13777
Skipped Seq from 13778 to 13780
Skipped Seq from 13780 to 13785
Skipped Seq from 13785 to 13790
Skipped Seq from 13791 to 13793
Skipped Seq from 13793 to 13795
Skipped Seq from 13796 to 13804
Skipped Seq from 13806 to 13808
Skipped Seq from 13812 to 13814
Skipped Seq from 13814 to 13816
Skipped Seq from 13819 to 13821
Skipped Seq from 13824 to 13826
Skipped Seq from 13838 to 13841
Skipped Seq from 13841 to 13850
Skipped Seq from 13850 to 13856
Skipped Seq from 13856 to 13859
Skipped Seq from 13859 to 13861
Skipped Seq from 13861 to 13863
Skipped Seq from 13863 to 13867
Skipped Seq from 13867 to 13875
Skipped Seq from 13875 to 13877
Skipped Seq from 13880 to 13882
Skipped Seq from 13883 to 13885
Skipped Seq from 13885 to 13888
Skipped Seq from 13888 to 13891
Skipped Seq from 13898 to 13900
Skipped Seq from 13903 to 13905
Skipped Seq from 13905 to 13908
Skipped Seq from 13910 to 13912
Skipped Seq from 13912 to 13916
Skipped Seq from 13919 to 13923
Skipped Seq from 13924 to 13934
Skipped Seq from 13934 to 13937
Skipped Seq from 13941 to 13943
Skipped Seq from 13943 to 13946
Skipped Seq from 13947 to 13952
Skipped Seq from 13952 to 13955
Skipped Seq from 13955 to 13957
Skipped Seq from 13957 to 13962
Skipped Seq from 13962 to 13965
Skipped Seq from 13965 to 13975
Skipped Seq from 13975 to 13977
Skipped Seq from 13984 to 13986
Skipped Seq from 13986 to 13990
Skipped Seq from 13991 to 13993
Skipped Seq from 13994 to 13996
Skipped Seq from 13996 to 13999
Skipped Seq from 14000 to 14003
Skipped Seq from 14004 to 14008
Skipped Seq from 14008 to 14012
Skipped Seq from 14012 to 14015
Skipped Seq from 14016 to 14019
Skipped Seq from 14020 to 14022
Skipped Seq from 14022 to 14025
Skipped Seq from 14026 to 14028
Skipped Seq from 14029 to 14031
Skipped Seq from 14039 to 14043
Skipped Seq from 14043 to 14046
Skipped Seq from 14048 to 14050
Skipped Seq from 14053 to 14061
Skipped Seq from 14062 to 14065
Skipped Seq from 14065 to 14067
Skipped Seq from 14070 to 14073
Skipped Seq from 14073 to 14076
Skipped Seq from 14085 to 14087
Skipped Seq from 14091 to 14097
Skipped Seq from 14098 to 14103
Skipped Seq from 14103 to 14107
Skipped Seq from 14110 to 14112
Skipped Seq from 14118 to 14120
Skipped Seq from 14120 to 14127
Skipped Seq from 14128 to 14131
Skipped Seq from 14131 to 14134
Skipped Seq from 14137 to 14139
Skipped Seq from 14140 to 14143
Skipped Seq from 14161 to 14163
Skipped Seq from 14163 to 14165
Skipped Seq from 14168 to 14170
Skipped Seq from 14175 to 14177
Skipped Seq from 14184 to 14186
Skipped Seq from 14186 to 14188
Skipped Seq from 14189 to 14191
Skipped Seq from 14191 to 14193
Skipped Seq from 14195 to 14199
Skipped Seq from 14200 to 14202
Skipped Seq from 14208 to 14210
Skipped Seq from 14214 to 14216
Skipped Seq from 14218 to 14220
Skipped Seq from 14242 to 14244
Skipped Seq from 14252 to 14254
Skipped Seq from 14259 to 14261
Skipped Seq from 14280 to 14282
Skipped Seq from 14282 to 14285
Skipped Seq from 14290 to 14292
Skipped Seq from 14293 to 14297
Skipped Seq from 16519 to 16521
Skipped Seq from 16526 to 16528
Skipped Seq from 16528 to 16530
Skipped Seq from 16530 to 16532
Skipped Seq from 16533 to 16535
Skipped Seq from 16535 to 16537
Skipped Seq from 16540 to 16542
Skipped Seq from 16544 to 16546
Skipped Seq from 16558 to 16562
Skipped Seq from 16563 to 16565
Skipped Seq from 16565 to 16568
Skipped Seq from 16568 to 16570
Skipped Seq from 16574 to 16576
Skipped Seq from 16577 to 16579
Skipped Seq from 16579 to 16581
Skipped Seq from 16620 to 16622
Skipped Seq from 16622 to 16624
Skipped Seq from 16625 to 16627
Skipped Seq from 16627 to 16629
Skipped Seq from 16629 to 16631
Skipped Seq from 16632 to 16634
Skipped Seq from 16635 to 16637
Skipped Seq from 16639 to 16643
Skipped Seq from 16644 to 16646
Skipped Seq from 16647 to 16649
Skipped Seq from 16651 to 16653
Skipped Seq from 16664 to 16666
Skipped Seq from 16667 to 16669
Skipped Seq from 16673 to 16675
Skipped Seq from 16694 to 16696
Skipped Seq from 16697 to 16699
Skipped Seq from 16699 to 16705
Skipped Seq from 16705 to 16707
Skipped Seq from 16707 to 16714
Skipped Seq from 16717 to 16720
Skipped Seq from 16721 to 16723
Skipped Seq from 16727 to 16729
Skipped Seq from 16731 to 16733
Skipped Seq from 16738 to 16740
Skipped Seq from 16752 to 16754
Skipped Seq from 16754 to 16759
Skipped Seq from 16759 to 16762
Skipped Seq from 16762 to 16768
Skipped Seq from 16768 to 16772
Skipped Seq from 16775 to 16780
Skipped Seq from 16780 to 16782
Skipped Seq from 16782 to 16785
Skipped Seq from 16785 to 16787
Skipped Seq from 16788 to 16790
Skipped Seq from 16790 to 16794
Skipped Seq from 16795 to 16798
Skipped Seq from 16798 to 16802
Skipped Seq from 16802 to 16806
Skipped Seq from 16808 to 16811
Skipped Seq from 16811 to 16813
Skipped Seq from 16813 to 16815
Skipped Seq from 16818 to 16820
Skipped Seq from 16821 to 16824
Skipped Seq from 16824 to 16826
Skipped Seq from 16827 to 16829
Skipped Seq from 16829 to 16831
Skipped Seq from 16836 to 16838
Skipped Seq from 16839 to 16841
Skipped Seq from 16842 to 16844
Skipped Seq from 16844 to 16846
Skipped Seq from 16846 to 16850
Skipped Seq from 16851 to 16854
Skipped Seq from 16864 to 16867
Skipped Seq from 16900 to 16902
Skipped Seq from 16902 to 16904
Skipped Seq from 16908 to 16910
Skipped Seq from 16916 to 16920
Skipped Seq from 16921 to 16923
Skipped Seq from 16923 to 16925
Skipped Seq from 16926 to 16928
Skipped Seq from 16929 to 16931
Skipped Seq from 16932 to 16934
Skipped Seq from 16942 to 16946
Skipped Seq from 16950 to 16952
Skipped Seq from 16953 to 16957
Skipped Seq from 16958 to 16961
Skipped Seq from 16963 to 16965
Skipped Seq from 16967 to 16969
Skipped Seq from 16980 to 16982
Skipped Seq from 16986 to 16989
Skipped Seq from 16989 to 16991
Skipped Seq from 16992 to 16995
Skipped Seq from 16995 to 16997
Skipped Seq from 17001 to 17003
Skipped Seq from 17015 to 17017
Skipped Seq from 17026 to 17028
Skipped Seq from 17029 to 17035
Skipped Seq from 17036 to 17038
Skipped Seq from 17038 to 17046
Skipped Seq from 17046 to 17052
Skipped Seq from 17052 to 17057
Skipped Seq from 17060 to 17065
Skipped Seq from 17067 to 17069
Skipped Seq from 17070 to 17072
Skipped Seq from 17073 to 17078
Skipped Seq from 17078 to 17085
Skipped Seq from 17085 to 17088
Skipped Seq from 17088 to 17091
Skipped Seq from 17091 to 17093
Skipped Seq from 17093 to 17101
Skipped Seq from 17102 to 17104
Skipped Seq from 17112 to 17116
Skipped Seq from 17116 to 17130
Skipped Seq from 17130 to 17132
Skipped Seq from 17133 to 17136
Skipped Seq from 17141 to 17143
Skipped Seq from 17144 to 17146
Skipped Seq from 17149 to 17152
Skipped Seq from 17153 to 17158
Skipped Seq from 17158 to 17160
Skipped Seq from 17160 to 17162
Skipped Seq from 17169 to 17173
Skipped Seq from 17173 to 17175
Skipped Seq from 17175 to 17178
Skipped Seq from 17178 to 17180
Skipped Seq from 17180 to 17185
Skipped Seq from 17185 to 17187
Skipped Seq from 17187 to 17192
Skipped Seq from 17192 to 17206
Skipped Seq from 17206 to 17212
Skipped Seq from 17212 to 17214
Skipped Seq from 17214 to 17219
Skipped Seq from 17219 to 17231
Skipped Seq from 17231 to 17239
Skipped Seq from 17239 to 17244
Skipped Seq from 17245 to 17249
Skipped Seq from 17249 to 17253
Skipped Seq from 17253 to 17262
Skipped Seq from 17262 to 17266
Skipped Seq from 17267 to 17284
Skipped Seq from 17284 to 17290
Skipped Seq from 17290 to 17303
Skipped Seq from 17303 to 17316
Skipped Seq from 17316 to 17318
Skipped Seq from 17318 to 17335
Skipped Seq from 17337 to 17359
Skipped Seq from 17360 to 17362
Skipped Seq from 17363 to 17366
Skipped Seq from 17366 to 17369
Skipped Seq from 17369 to 17371
Skipped Seq from 17371 to 17373
Skipped Seq from 17373 to 17376
Skipped Seq from 17378 to 17380
Skipped Seq from 17386 to 17388
Skipped Seq from 17388 to 17392
Skipped Seq from 17393 to 17395
Skipped Seq from 17395 to 17401
Skipped Seq from 17401 to 17403
Skipped Seq from 17403 to 17405
Skipped Seq from 17405 to 17409
Skipped Seq from 17410 to 17412
Skipped Seq from 17416 to 17418
Skipped Seq from 17418 to 17421
Skipped Seq from 17421 to 17425
Skipped Seq from 17425 to 17427
Skipped Seq from 17428 to 17430
Skipped Seq from 17431 to 17433
Skipped Seq from 17433 to 17435
Skipped Seq from 17438 to 17440
Skipped Seq from 17442 to 17444
Skipped Seq from 17444 to 17447
Skipped Seq from 17447 to 17449
Skipped Seq from 17461 to 17463
Skipped Seq from 17466 to 17468
Skipped Seq from 17468 to 17470
Skipped Seq from 17470 to 17474
Skipped Seq from 17476 to 17479
Skipped Seq from 17481 to 17484
Skipped Seq from 17494 to 17496
Skipped Seq from 17497 to 17499
Skipped Seq from 17499 to 17504
Skipped Seq from 17516 to 17518
Skipped Seq from 17522 to 17524
Skipped Seq from 17526 to 17528
Skipped Seq from 17529 to 17532
Skipped Seq from 17536 to 17538
Skipped Seq from 17548 to 17550
Skipped Seq from 17558 to 17560
Skipped Seq from 17567 to 17569
Skipped Seq from 17573 to 17575
Skipped Seq from 17589 to 17591
Skipped Seq from 17618 to 17621
Skipped Seq from 17624 to 17626
Skipped Seq from 17641 to 17643
Skipped Seq from 17644 to 17647
Skipped Seq from 17668 to 17671
Number of times throttled: 26
Received: 16046 / 17965 packets
Start time: 1332767127.484285
End time: 1332767238.124841
Duration: 110.640556
