Starting client at 10.0.0.21:1255 with timeout:10
My IP address is 10.0.0.21Skipped Seq from 990 to 996
Skipped Seq from 996 to 999
Skipped Seq from 999 to 1004
Skipped Seq from 1006 to 1008
Skipped Seq from 1009 to 1012
Skipped Seq from 1012 to 1014
Skipped Seq from 1014 to 1018
Skipped Seq from 1018 to 1026
Skipped Seq from 1026 to 1033
Skipped Seq from 1033 to 1037
Skipped Seq from 1040 to 1043
Skipped Seq from 1043 to 1045
Skipped Seq from 1049 to 1052
Skipped Seq from 1058 to 1060
Skipped Seq from 1061 to 1063
Skipped Seq from 1066 to 1071
Skipped Seq from 1072 to 1074
Skipped Seq from 1075 to 1077
Skipped Seq from 1078 to 1081
Skipped Seq from 1082 to 1084
Skipped Seq from 1084 to 1086
Skipped Seq from 1088 to 1090
Skipped Seq from 1091 to 1094
Skipped Seq from 1095 to 1097
Skipped Seq from 1097 to 1100
Skipped Seq from 1101 to 1103
Skipped Seq from 1105 to 1107
Skipped Seq from 1108 to 1110
Skipped Seq from 1110 to 1113
Skipped Seq from 1113 to 1115
Skipped Seq from 1115 to 1117
Skipped Seq from 1119 to 1121
Skipped Seq from 1121 to 1123
Skipped Seq from 1124 to 1126
Skipped Seq from 1129 to 1131
Skipped Seq from 1133 to 1135
Skipped Seq from 1136 to 1139
Skipped Seq from 1140 to 1142
Skipped Seq from 1142 to 1144
Skipped Seq from 1144 to 1146
Skipped Seq from 1146 to 1148
Skipped Seq from 1148 to 1150
Skipped Seq from 1152 to 1154
Skipped Seq from 1155 to 1172
Skipped Seq from 1172 to 1176
Skipped Seq from 1176 to 1186
Skipped Seq from 1190 to 1192
Skipped Seq from 1192 to 1198
Skipped Seq from 1199 to 1201
Skipped Seq from 1201 to 1205
Skipped Seq from 1205 to 1207
Skipped Seq from 1208 to 1210
Skipped Seq from 1213 to 1215
Skipped Seq from 1220 to 1222
Skipped Seq from 1222 to 1224
Skipped Seq from 1224 to 1227
Skipped Seq from 1229 to 1235
Skipped Seq from 1235 to 1240
Skipped Seq from 1243 to 1245
Skipped Seq from 1250 to 1253
Skipped Seq from 1260 to 1268
Skipped Seq from 1268 to 1271
Skipped Seq from 1271 to 1274
Skipped Seq from 1275 to 1281
Skipped Seq from 1281 to 1283
Skipped Seq from 1284 to 1287
Skipped Seq from 1289 to 1291
Skipped Seq from 1300 to 1302
Skipped Seq from 1307 to 1309
Skipped Seq from 1318 to 1320
Skipped Seq from 1324 to 1326
Skipped Seq from 1336 to 1338
Skipped Seq from 1343 to 1345
Skipped Seq from 1353 to 1362
Skipped Seq from 1362 to 1364
Skipped Seq from 1365 to 1368
Skipped Seq from 1368 to 1370
Skipped Seq from 1370 to 1374
Skipped Seq from 1374 to 1376
Skipped Seq from 1376 to 1378
Skipped Seq from 1379 to 1384
Skipped Seq from 1384 to 1388
Skipped Seq from 1390 to 1392
Skipped Seq from 1392 to 1394
Number of times throttled: 2
Received: 1209 / 1395 packets
Start time: 1332765898.975703
End time: 1332765919.476655
Duration: 20.500952
