Starting client at 10.0.0.15:1245 with timeout:10
My IP address is 10.0.0.15Skipped Seq from 2400 to 2404
Skipped Seq from 2405 to 2407
Skipped Seq from 2408 to 2411
Skipped Seq from 2416 to 2419
Skipped Seq from 2419 to 2421
Skipped Seq from 2421 to 2423
Skipped Seq from 2425 to 2427
Skipped Seq from 2427 to 2429
Skipped Seq from 2432 to 2435
Skipped Seq from 2435 to 2438
Skipped Seq from 2438 to 2440
Skipped Seq from 2441 to 2444
Skipped Seq from 2447 to 2449
Skipped Seq from 2449 to 2452
Skipped Seq from 2453 to 2457
Skipped Seq from 2457 to 2459
Skipped Seq from 2459 to 2462
Skipped Seq from 2466 to 2468
Skipped Seq from 2483 to 2485
Skipped Seq from 2493 to 2495
Skipped Seq from 2495 to 2497
Skipped Seq from 2499 to 2501
Skipped Seq from 2504 to 2506
Skipped Seq from 2514 to 2516
Skipped Seq from 2519 to 2522
Skipped Seq from 2523 to 2525
Skipped Seq from 2525 to 2527
Skipped Seq from 2527 to 2529
Skipped Seq from 2529 to 2531
Skipped Seq from 2532 to 2534
Skipped Seq from 2534 to 2536
Skipped Seq from 2536 to 2539
Skipped Seq from 2540 to 2545
Skipped Seq from 2547 to 2550
Skipped Seq from 2550 to 2554
Skipped Seq from 2554 to 2556
Skipped Seq from 2557 to 2560
Skipped Seq from 2562 to 2564
Skipped Seq from 2565 to 2567
Skipped Seq from 2568 to 2570
Skipped Seq from 2570 to 2572
Skipped Seq from 2572 to 2574
Skipped Seq from 2582 to 2584
Skipped Seq from 2589 to 2598
Number of times throttled: 1
Received: 2536 / 2607 packets
Start time: 1332765938.822743
End time: 1332765964.926999
Duration: 26.104256
