Starting client at 10.0.0.23:1247 with timeout:10
My IP address is 10.0.0.23Skipped Seq from 2297 to 2299
Skipped Seq from 2300 to 2302
Skipped Seq from 2304 to 2306
Skipped Seq from 2307 to 2309
Skipped Seq from 2311 to 2313
Skipped Seq from 2314 to 2316
Skipped Seq from 2332 to 2334
Skipped Seq from 2352 to 2355
Skipped Seq from 2373 to 2375
Skipped Seq from 2383 to 2385
Skipped Seq from 2387 to 2389
Skipped Seq from 2390 to 2392
Skipped Seq from 2393 to 2395
Skipped Seq from 2402 to 2404
Skipped Seq from 2406 to 2408
Skipped Seq from 2409 to 2413
Skipped Seq from 2413 to 2416
Skipped Seq from 2417 to 2419
Skipped Seq from 2421 to 2423
Skipped Seq from 2423 to 2426
Skipped Seq from 2426 to 2438
Skipped Seq from 2438 to 2446
Skipped Seq from 2446 to 2451
Skipped Seq from 2451 to 2454
Skipped Seq from 2454 to 2488
Skipped Seq from 2488 to 2494
Skipped Seq from 2494 to 2499
Skipped Seq from 2499 to 2501
Skipped Seq from 2502 to 2505
Skipped Seq from 2505 to 2509
Skipped Seq from 2509 to 2513
Skipped Seq from 2513 to 2515
Skipped Seq from 2515 to 2517
Skipped Seq from 2517 to 2521
Skipped Seq from 2521 to 2524
Skipped Seq from 2525 to 2529
Skipped Seq from 2530 to 2533
Skipped Seq from 2533 to 2535
Skipped Seq from 2535 to 2539
Skipped Seq from 2539 to 2545
Skipped Seq from 2545 to 2548
Skipped Seq from 2549 to 2556
Skipped Seq from 2556 to 2559
Skipped Seq from 2559 to 2562
Skipped Seq from 2563 to 2607
Skipped Seq from 2607 to 2620
Skipped Seq from 2621 to 2627
Skipped Seq from 2627 to 2629
Skipped Seq from 2631 to 2635
Skipped Seq from 2636 to 2639
Skipped Seq from 2640 to 2652
Skipped Seq from 2652 to 2657
Skipped Seq from 2657 to 2667
Skipped Seq from 2667 to 2676
Skipped Seq from 2677 to 2682
Skipped Seq from 2683 to 2686
Skipped Seq from 2687 to 2691
Skipped Seq from 2693 to 2695
Skipped Seq from 2722 to 2724
Skipped Seq from 2731 to 2733
Skipped Seq from 2740 to 2743
Skipped Seq from 2751 to 2753
Skipped Seq from 2753 to 2758
Skipped Seq from 2760 to 2762
Skipped Seq from 2764 to 2768
Skipped Seq from 2770 to 2774
Skipped Seq from 2774 to 2780
Skipped Seq from 2780 to 2785
Skipped Seq from 2787 to 2791
Skipped Seq from 2791 to 2795
Skipped Seq from 2798 to 2803
Skipped Seq from 2803 to 2806
Skipped Seq from 2808 to 2811
Skipped Seq from 2813 to 2816
Skipped Seq from 2817 to 2820
Skipped Seq from 2820 to 2829
Skipped Seq from 2829 to 2839
Skipped Seq from 2839 to 2843
Skipped Seq from 2844 to 2849
Skipped Seq from 2849 to 2860
Skipped Seq from 2860 to 2866
Skipped Seq from 2866 to 2871
Skipped Seq from 2871 to 2879
Skipped Seq from 2880 to 2884
Skipped Seq from 2884 to 2891
Skipped Seq from 2891 to 2893
Skipped Seq from 2893 to 2895
Skipped Seq from 2896 to 2898
Skipped Seq from 2898 to 2900
Skipped Seq from 2900 to 2902
Skipped Seq from 2907 to 2909
Skipped Seq from 2913 to 2916
Skipped Seq from 2924 to 2926
Skipped Seq from 2942 to 2944
Skipped Seq from 2962 to 2964
Skipped Seq from 2966 to 2968
Skipped Seq from 2971 to 2973
Skipped Seq from 2975 to 2979
Skipped Seq from 2979 to 2997
Skipped Seq from 2997 to 3015
Skipped Seq from 3016 to 3024
Skipped Seq from 3024 to 3042
Skipped Seq from 3043 to 3050
Skipped Seq from 3050 to 3056
Skipped Seq from 3057 to 3068
Skipped Seq from 3070 to 3084
Skipped Seq from 3084 to 3099
Skipped Seq from 3099 to 3119
Skipped Seq from 3123 to 3146
Skipped Seq from 3152 to 3178
Skipped Seq from 3179 to 3183
Skipped Seq from 3187 to 3194
Skipped Seq from 3197 to 3202
Skipped Seq from 3202 to 3204
Skipped Seq from 3208 to 3210
Skipped Seq from 3229 to 3231
Skipped Seq from 3234 to 3236
Skipped Seq from 3248 to 3250
Skipped Seq from 3265 to 3268
Skipped Seq from 3269 to 3271
Skipped Seq from 3272 to 3283
Skipped Seq from 3289 to 3291
Skipped Seq from 3297 to 3299
Skipped Seq from 3321 to 3323
Skipped Seq from 3330 to 3332
Skipped Seq from 3334 to 3336
Skipped Seq from 3340 to 3342
Skipped Seq from 3357 to 3359
Skipped Seq from 3372 to 3376
Skipped Seq from 3376 to 3378
Skipped Seq from 3378 to 3380
Skipped Seq from 3380 to 3382
Skipped Seq from 3383 to 3386
Skipped Seq from 3386 to 3390
Skipped Seq from 3390 to 3392
Skipped Seq from 3392 to 3399
Skipped Seq from 3399 to 3401
Skipped Seq from 3401 to 3403
Skipped Seq from 3403 to 3405
Skipped Seq from 3405 to 3407
Skipped Seq from 3408 to 3411
Skipped Seq from 3411 to 3413
Skipped Seq from 3414 to 3416
Skipped Seq from 3418 to 3420
Skipped Seq from 3420 to 3422
Skipped Seq from 3422 to 3425
Skipped Seq from 3425 to 3427
Skipped Seq from 3427 to 3429
Skipped Seq from 3430 to 3432
Skipped Seq from 3434 to 3436
Skipped Seq from 3436 to 3438
Skipped Seq from 3438 to 3440
Skipped Seq from 3441 to 3443
Skipped Seq from 3444 to 3447
Skipped Seq from 6755 to 6782
Skipped Seq from 6784 to 6811
Skipped Seq from 6811 to 6817
Skipped Seq from 6817 to 6819
Skipped Seq from 6820 to 6822
Skipped Seq from 6822 to 6824
Skipped Seq from 6836 to 6838
Skipped Seq from 6870 to 6872
Skipped Seq from 6881 to 6883
Skipped Seq from 6890 to 6892
Skipped Seq from 6899 to 6901
Skipped Seq from 6925 to 6928
Skipped Seq from 6938 to 6951
Skipped Seq from 6953 to 6955
Skipped Seq from 6958 to 6960
Skipped Seq from 6960 to 6963
Skipped Seq from 6965 to 6968
Skipped Seq from 6968 to 6971
Skipped Seq from 6971 to 6974
Skipped Seq from 6974 to 6976
Skipped Seq from 6976 to 6978
Skipped Seq from 6978 to 6980
Skipped Seq from 6981 to 6984
Skipped Seq from 6984 to 6987
Skipped Seq from 6987 to 6989
Skipped Seq from 6989 to 6992
Skipped Seq from 6993 to 6997
Skipped Seq from 7000 to 7002
Skipped Seq from 7005 to 7009
Skipped Seq from 7009 to 7011
Skipped Seq from 7011 to 7015
Skipped Seq from 7015 to 7017
Skipped Seq from 7018 to 7021
Skipped Seq from 7026 to 7030
Skipped Seq from 7030 to 7032
Skipped Seq from 7032 to 7034
Skipped Seq from 7040 to 7044
Skipped Seq from 7044 to 7048
Skipped Seq from 7049 to 7052
Skipped Seq from 7053 to 7055
Skipped Seq from 7059 to 7062
Skipped Seq from 7064 to 7068
Skipped Seq from 7068 to 7071
Skipped Seq from 7072 to 7075
Skipped Seq from 7076 to 7079
Skipped Seq from 7145 to 7147
Skipped Seq from 7148 to 7152
Skipped Seq from 7156 to 7158
Skipped Seq from 7160 to 7162
Skipped Seq from 7163 to 7165
Skipped Seq from 7169 to 7173
Skipped Seq from 7173 to 7175
Skipped Seq from 7175 to 7178
Skipped Seq from 7180 to 7183
Skipped Seq from 7183 to 7185
Skipped Seq from 7188 to 7195
Skipped Seq from 7196 to 7198
Skipped Seq from 7199 to 7202
Skipped Seq from 7202 to 7204
Skipped Seq from 7213 to 7216
Skipped Seq from 7217 to 7219
Skipped Seq from 7220 to 7225
Skipped Seq from 7225 to 7228
Skipped Seq from 7228 to 7230
Skipped Seq from 7231 to 7233
Skipped Seq from 7234 to 7236
Skipped Seq from 7236 to 7238
Skipped Seq from 7240 to 7242
Skipped Seq from 7244 to 7246
Skipped Seq from 7257 to 7263
Skipped Seq from 7269 to 7271
Skipped Seq from 7293 to 7295
Skipped Seq from 7340 to 7352
Skipped Seq from 7361 to 7363
Skipped Seq from 7369 to 7371
Skipped Seq from 7375 to 7377
Skipped Seq from 7382 to 7389
Skipped Seq from 7408 to 7410
Skipped Seq from 7414 to 7417
Skipped Seq from 7417 to 7420
Skipped Seq from 7421 to 7423
Skipped Seq from 7433 to 7435
Skipped Seq from 7436 to 7439
Skipped Seq from 7439 to 7442
Skipped Seq from 7443 to 7445
Skipped Seq from 7447 to 7449
Skipped Seq from 7476 to 7478
Skipped Seq from 7493 to 7497
Skipped Seq from 7498 to 7500
Skipped Seq from 7507 to 7513
Skipped Seq from 7518 to 7520
Skipped Seq from 7522 to 7524
Skipped Seq from 7525 to 7527
Skipped Seq from 7530 to 7532
Skipped Seq from 7538 to 7541
Skipped Seq from 7551 to 7554
Skipped Seq from 7555 to 7557
Skipped Seq from 7564 to 7566
Skipped Seq from 7574 to 7577
Skipped Seq from 7585 to 7587
Skipped Seq from 7592 to 7595
Skipped Seq from 7598 to 7602
Skipped Seq from 7634 to 7636
Skipped Seq from 7637 to 7639
Skipped Seq from 7639 to 7642
Skipped Seq from 7644 to 7646
Skipped Seq from 7646 to 7650
Skipped Seq from 7651 to 7654
Skipped Seq from 7660 to 7663
Skipped Seq from 7671 to 7673
Skipped Seq from 9763 to 9765
Skipped Seq from 9778 to 9780
Skipped Seq from 9785 to 9787
Skipped Seq from 9788 to 9792
Skipped Seq from 9796 to 9799
Skipped Seq from 9800 to 9807
Skipped Seq from 9807 to 9815
Skipped Seq from 9815 to 9833
Skipped Seq from 9833 to 9842
Skipped Seq from 9842 to 9854
Skipped Seq from 9854 to 9859
Skipped Seq from 9860 to 9867
Skipped Seq from 9867 to 9881
Skipped Seq from 9881 to 9883
Skipped Seq from 9883 to 9898
Skipped Seq from 9907 to 9911
Skipped Seq from 9911 to 9916
Skipped Seq from 9916 to 9919
Skipped Seq from 9919 to 9923
Skipped Seq from 9923 to 9933
Skipped Seq from 9933 to 9946
Skipped Seq from 9946 to 9948
Skipped Seq from 9949 to 9952
Skipped Seq from 9952 to 9959
Skipped Seq from 9960 to 9965
Skipped Seq from 9965 to 9968
Skipped Seq from 9972 to 9975
Skipped Seq from 9977 to 9979
Skipped Seq from 9981 to 9983
Skipped Seq from 9983 to 9987
Skipped Seq from 9988 to 9991
Skipped Seq from 9991 to 9993
Skipped Seq from 9993 to 9996
Skipped Seq from 9996 to 9998
Skipped Seq from 9999 to 10001
Skipped Seq from 10001 to 10004
Skipped Seq from 10004 to 10007
Skipped Seq from 10012 to 10016
Skipped Seq from 10016 to 10018
Skipped Seq from 10019 to 10021
Skipped Seq from 10022 to 10024
Skipped Seq from 10024 to 10027
Skipped Seq from 10027 to 10029
Skipped Seq from 10029 to 10031
Skipped Seq from 10031 to 10034
Skipped Seq from 10034 to 10037
Skipped Seq from 10039 to 10041
Skipped Seq from 10042 to 10044
Skipped Seq from 10046 to 10049
Skipped Seq from 10049 to 10052
Skipped Seq from 10052 to 10054
Skipped Seq from 10054 to 10058
Skipped Seq from 10058 to 10061
Skipped Seq from 10061 to 10063
Skipped Seq from 10063 to 10066
Skipped Seq from 10066 to 10068
Skipped Seq from 10074 to 10076
Skipped Seq from 10079 to 10081
Skipped Seq from 10081 to 10083
Skipped Seq from 10084 to 10086
Skipped Seq from 10086 to 10088
Skipped Seq from 10091 to 10093
Skipped Seq from 10100 to 10102
Skipped Seq from 10103 to 10105
Skipped Seq from 10105 to 10107
Skipped Seq from 10108 to 10115
Skipped Seq from 10115 to 10122
Skipped Seq from 10122 to 10124
Skipped Seq from 10124 to 10126
Skipped Seq from 10126 to 10128
Skipped Seq from 10129 to 10133
Skipped Seq from 10133 to 10139
Skipped Seq from 10139 to 10141
Skipped Seq from 10141 to 10143
Skipped Seq from 10146 to 10148
Skipped Seq from 10151 to 10153
Skipped Seq from 10155 to 10157
Skipped Seq from 10161 to 10163
Skipped Seq from 10163 to 10166
Skipped Seq from 10166 to 10168
Skipped Seq from 10168 to 10170
Skipped Seq from 10170 to 10173
Skipped Seq from 10175 to 10180
Skipped Seq from 10180 to 10182
Skipped Seq from 10182 to 10184
Skipped Seq from 10184 to 10189
Skipped Seq from 10189 to 10191
Skipped Seq from 10192 to 10195
Skipped Seq from 10195 to 10197
Skipped Seq from 10197 to 10200
Skipped Seq from 10201 to 10205
Skipped Seq from 10205 to 10212
Skipped Seq from 10230 to 10232
Skipped Seq from 10265 to 10267
Skipped Seq from 10269 to 10272
Skipped Seq from 10275 to 10277
Skipped Seq from 10286 to 10288
Skipped Seq from 10289 to 10293
Skipped Seq from 10293 to 10295
Skipped Seq from 10297 to 10299
Skipped Seq from 10300 to 10303
Skipped Seq from 10303 to 10307
Skipped Seq from 10308 to 10311
Skipped Seq from 10311 to 10315
Skipped Seq from 10316 to 10319
Skipped Seq from 10319 to 10324
Skipped Seq from 10324 to 10327
Skipped Seq from 10328 to 10332
Skipped Seq from 10334 to 10338
Skipped Seq from 10339 to 10344
Skipped Seq from 10344 to 10350
Skipped Seq from 10350 to 10355
Skipped Seq from 10375 to 10377
Skipped Seq from 10400 to 10402
Skipped Seq from 10408 to 10410
Skipped Seq from 10412 to 10414
Skipped Seq from 10477 to 10479
Skipped Seq from 10504 to 10506
Skipped Seq from 10516 to 10519
Skipped Seq from 10519 to 10522
Skipped Seq from 10522 to 10524
Skipped Seq from 10526 to 10528
Skipped Seq from 10583 to 10585
Skipped Seq from 10589 to 10594
Skipped Seq from 10595 to 10599
Skipped Seq from 10599 to 10603
Skipped Seq from 10604 to 10607
Skipped Seq from 10608 to 10612
Skipped Seq from 10615 to 10619
Skipped Seq from 10621 to 10625
Skipped Seq from 10625 to 10628
Skipped Seq from 10629 to 10633
Skipped Seq from 10636 to 10639
Skipped Seq from 10643 to 10652
Skipped Seq from 10661 to 10663
Skipped Seq from 10670 to 10672
Skipped Seq from 10673 to 10675
Skipped Seq from 10686 to 10688
Skipped Seq from 10754 to 10756
Skipped Seq from 10796 to 10798
Skipped Seq from 10909 to 10911
Number of times throttled: 15
Received: 9922 / 11154 packets
Start time: 1332762379.681721
End time: 1332762441.808824
Duration: 62.127103
