Starting client at 10.0.0.24:1299 with timeout:10
My IP address is 10.0.0.24Skipped Seq from 1107 to 1109
Skipped Seq from 1109 to 1111
Skipped Seq from 1125 to 1128
Skipped Seq from 1130 to 1132
Skipped Seq from 1135 to 1137
Skipped Seq from 1137 to 1139
Skipped Seq from 1139 to 1141
Skipped Seq from 1142 to 1144
Skipped Seq from 1144 to 1146
Skipped Seq from 1146 to 1148
Skipped Seq from 1148 to 1151
Skipped Seq from 1154 to 1156
Skipped Seq from 1156 to 1158
Skipped Seq from 1158 to 1160
Skipped Seq from 1160 to 1162
Skipped Seq from 1166 to 1168
Skipped Seq from 1168 to 1170
Skipped Seq from 1170 to 1172
Skipped Seq from 1172 to 1174
Skipped Seq from 1176 to 1179
Skipped Seq from 1179 to 1181
Skipped Seq from 1184 to 1186
Skipped Seq from 1186 to 1188
Skipped Seq from 1188 to 1193
Skipped Seq from 1196 to 1198
Skipped Seq from 1198 to 1200
Skipped Seq from 1200 to 1202
Skipped Seq from 1202 to 1204
Skipped Seq from 1204 to 1206
Skipped Seq from 1207 to 1209
Skipped Seq from 1209 to 1211
Skipped Seq from 1218 to 1221
Skipped Seq from 1227 to 1229
Skipped Seq from 1233 to 1235
Skipped Seq from 1236 to 1238
Skipped Seq from 1240 to 1242
Skipped Seq from 1242 to 1244
Skipped Seq from 1244 to 1246
Skipped Seq from 1246 to 1248
Skipped Seq from 1248 to 1250
Skipped Seq from 1250 to 1252
Skipped Seq from 1252 to 1254
Skipped Seq from 1257 to 1259
Skipped Seq from 1260 to 1262
Skipped Seq from 1270 to 1272
Skipped Seq from 1273 to 1275
Skipped Seq from 1275 to 1277
Skipped Seq from 1279 to 1281
Skipped Seq from 1281 to 1283
Skipped Seq from 1283 to 1285
Skipped Seq from 1286 to 1288
Skipped Seq from 1288 to 1290
Skipped Seq from 1291 to 1293
Skipped Seq from 1294 to 1296
Skipped Seq from 1297 to 1299
Skipped Seq from 1304 to 1306
Skipped Seq from 1306 to 1308
Skipped Seq from 1308 to 1310
Skipped Seq from 1312 to 1314
Skipped Seq from 1314 to 1316
Skipped Seq from 1316 to 1318
Skipped Seq from 1327 to 1330
Skipped Seq from 1330 to 1332
Skipped Seq from 1332 to 1334
Skipped Seq from 1334 to 1337
Skipped Seq from 1339 to 1341
Skipped Seq from 1341 to 1344
Skipped Seq from 1345 to 1347
Skipped Seq from 1347 to 1349
Skipped Seq from 1349 to 1351
Skipped Seq from 1351 to 1353
Skipped Seq from 1353 to 1357
Skipped Seq from 1357 to 1360
Skipped Seq from 1361 to 1367
Skipped Seq from 1367 to 1371
Skipped Seq from 1371 to 1375
Skipped Seq from 1375 to 1377
Skipped Seq from 1377 to 1381
Skipped Seq from 1382 to 1385
Skipped Seq from 1385 to 1390
Skipped Seq from 1391 to 1394
Skipped Seq from 1394 to 1400
Skipped Seq from 1400 to 1403
Skipped Seq from 1403 to 1405
Skipped Seq from 1405 to 1407
Skipped Seq from 1407 to 1409
Skipped Seq from 1411 to 1414
Skipped Seq from 1416 to 1418
Skipped Seq from 1420 to 1423
Skipped Seq from 1424 to 1426
Skipped Seq from 1437 to 1439
Skipped Seq from 1439 to 1441
Skipped Seq from 1441 to 1443
Skipped Seq from 1443 to 1446
Skipped Seq from 1447 to 1451
Skipped Seq from 1452 to 1455
Skipped Seq from 1456 to 1458
Skipped Seq from 1458 to 1460
Skipped Seq from 1461 to 1463
Skipped Seq from 1463 to 1468
Skipped Seq from 1469 to 1472
Skipped Seq from 1473 to 1475
Skipped Seq from 1477 to 1479
Skipped Seq from 1479 to 1482
Skipped Seq from 1482 to 1485
Skipped Seq from 1485 to 1490
Skipped Seq from 1490 to 1493
Skipped Seq from 1493 to 1496
Skipped Seq from 1497 to 1499
Skipped Seq from 1499 to 1501
Skipped Seq from 1501 to 1503
Skipped Seq from 1503 to 1510
Skipped Seq from 1510 to 1512
Skipped Seq from 1514 to 1516
Skipped Seq from 1517 to 1519
Skipped Seq from 1519 to 1521
Skipped Seq from 1523 to 1525
Skipped Seq from 1525 to 1530
Skipped Seq from 1531 to 1534
Skipped Seq from 1535 to 1548
Skipped Seq from 1549 to 1553
Skipped Seq from 1555 to 1557
Skipped Seq from 1557 to 1559
Skipped Seq from 1562 to 1564
Skipped Seq from 1567 to 1569
Skipped Seq from 1571 to 1573
Skipped Seq from 1574 to 1576
Skipped Seq from 1577 to 1580
Skipped Seq from 1580 to 1582
Skipped Seq from 1590 to 1592
Skipped Seq from 1592 to 1594
Skipped Seq from 1599 to 1601
Skipped Seq from 1609 to 1612
Skipped Seq from 1612 to 1615
Skipped Seq from 1628 to 1630
Skipped Seq from 1638 to 1640
Skipped Seq from 1648 to 1653
Skipped Seq from 1662 to 1664
Skipped Seq from 1702 to 1704
Skipped Seq from 1738 to 1740
Skipped Seq from 1745 to 1747
Skipped Seq from 1752 to 1754
Skipped Seq from 1784 to 1786
Skipped Seq from 1787 to 1789
Skipped Seq from 1792 to 1794
Skipped Seq from 1821 to 1823
Skipped Seq from 1836 to 1838
Skipped Seq from 1847 to 1849
Skipped Seq from 1863 to 1866
Skipped Seq from 1884 to 1886
Skipped Seq from 1908 to 1910
Skipped Seq from 1915 to 1917
Skipped Seq from 1934 to 1938
Skipped Seq from 1964 to 1966
Skipped Seq from 1968 to 1970
Skipped Seq from 1972 to 1974
Skipped Seq from 2004 to 2006
Skipped Seq from 2017 to 2019
Skipped Seq from 2090 to 2092
Skipped Seq from 2102 to 2104
Skipped Seq from 2112 to 2114
Skipped Seq from 2120 to 2122
Skipped Seq from 2122 to 2124
Number of times throttled: 5
Received: 10082 / 10326 packets
Start time: 1332763678.040318
End time: 1332763737.686938
Duration: 59.646620
