Starting client at 10.0.0.21:1254 with timeout:10
My IP address is 10.0.0.21Skipped Seq from 8553 to 8556
Skipped Seq from 8556 to 8558
Skipped Seq from 8559 to 8563
Skipped Seq from 8565 to 8567
Skipped Seq from 8568 to 8570
Skipped Seq from 8583 to 8585
Skipped Seq from 8585 to 8587
Skipped Seq from 8608 to 8610
Skipped Seq from 8612 to 8614
Skipped Seq from 8619 to 8621
Skipped Seq from 8625 to 8629
Skipped Seq from 8629 to 8631
Skipped Seq from 8660 to 8662
Skipped Seq from 8678 to 8680
Skipped Seq from 8685 to 8687
Skipped Seq from 8697 to 8699
Skipped Seq from 8699 to 8706
Skipped Seq from 8709 to 8712
Skipped Seq from 8732 to 8735
Skipped Seq from 8746 to 8749
Skipped Seq from 8750 to 8752
Skipped Seq from 8752 to 8754
Skipped Seq from 8763 to 8766
Skipped Seq from 8766 to 8774
Skipped Seq from 8774 to 8781
Skipped Seq from 8781 to 8785
Skipped Seq from 8785 to 8788
Skipped Seq from 8788 to 8790
Skipped Seq from 8790 to 8793
Skipped Seq from 8810 to 8812
Skipped Seq from 8812 to 8825
Skipped Seq from 8829 to 8852
Skipped Seq from 8852 to 8855
Skipped Seq from 8857 to 8859
Skipped Seq from 8863 to 8865
Skipped Seq from 8879 to 8881
Skipped Seq from 8882 to 8884
Skipped Seq from 8910 to 8912
Skipped Seq from 8913 to 8915
Skipped Seq from 8934 to 8936
Skipped Seq from 8937 to 8939
Skipped Seq from 8955 to 8965
Skipped Seq from 8967 to 8974
Skipped Seq from 8974 to 8976
Skipped Seq from 8977 to 8981
Skipped Seq from 8983 to 8988
Skipped Seq from 8989 to 8992
Skipped Seq from 8993 to 8996
Skipped Seq from 8997 to 9000
Skipped Seq from 9061 to 9064
Skipped Seq from 9073 to 9075
Skipped Seq from 9104 to 9106
Skipped Seq from 9134 to 9136
Skipped Seq from 9143 to 9145
Skipped Seq from 9146 to 9148
Skipped Seq from 9175 to 9177
Skipped Seq from 9178 to 9180
Skipped Seq from 9203 to 9206
Skipped Seq from 9237 to 9239
Skipped Seq from 9240 to 9242
Skipped Seq from 9271 to 9273
Skipped Seq from 9278 to 9281
Skipped Seq from 9289 to 9291
Skipped Seq from 9291 to 9321
Skipped Seq from 9321 to 9323
Skipped Seq from 9339 to 9341
Skipped Seq from 9341 to 9343
Skipped Seq from 9348 to 9350
Skipped Seq from 9361 to 9363
Skipped Seq from 9363 to 9365
Skipped Seq from 9395 to 9397
Skipped Seq from 9402 to 9404
Skipped Seq from 9420 to 9422
Skipped Seq from 9422 to 9424
Skipped Seq from 9461 to 9463
Skipped Seq from 9465 to 9467
Skipped Seq from 9482 to 9488
Skipped Seq from 9490 to 9492
Skipped Seq from 9521 to 9523
Skipped Seq from 9527 to 9529
Skipped Seq from 9544 to 9548
Skipped Seq from 9551 to 9553
Skipped Seq from 9553 to 9562
Skipped Seq from 9562 to 9598
Skipped Seq from 9601 to 9603
Skipped Seq from 9610 to 9612
Skipped Seq from 9616 to 9635
Skipped Seq from 9640 to 9643
Skipped Seq from 9685 to 9688
Skipped Seq from 9689 to 9691
Skipped Seq from 9691 to 9693
Skipped Seq from 9694 to 9696
Skipped Seq from 9697 to 9700
Skipped Seq from 9703 to 9706
Skipped Seq from 9708 to 9710
Skipped Seq from 9711 to 9714
Skipped Seq from 9715 to 9717
Skipped Seq from 9718 to 9722
Skipped Seq from 9723 to 9725
Skipped Seq from 9726 to 9728
Skipped Seq from 9728 to 9730
Skipped Seq from 9730 to 9732
Skipped Seq from 9733 to 9737
Skipped Seq from 9738 to 9740
Skipped Seq from 9741 to 9744
Skipped Seq from 9745 to 9747
Skipped Seq from 9747 to 9749
Skipped Seq from 9749 to 9751
Skipped Seq from 9752 to 9755
Skipped Seq from 9757 to 9759
Skipped Seq from 9760 to 9762
Skipped Seq from 9769 to 9771
Skipped Seq from 9775 to 9806
Skipped Seq from 9809 to 9811
Skipped Seq from 9811 to 9813
Skipped Seq from 9822 to 9824
Skipped Seq from 9827 to 9829
Skipped Seq from 9830 to 9836
Skipped Seq from 9845 to 9847
Skipped Seq from 9860 to 9862
Skipped Seq from 9862 to 9864
Skipped Seq from 9880 to 9882
Skipped Seq from 9897 to 9899
Skipped Seq from 9902 to 9904
Skipped Seq from 9970 to 9972
Skipped Seq from 9974 to 9976
Skipped Seq from 9976 to 9979
Skipped Seq from 9980 to 9983
Skipped Seq from 14251 to 14253
Skipped Seq from 14254 to 14256
Skipped Seq from 14257 to 14259
Skipped Seq from 14260 to 14262
Skipped Seq from 14264 to 14266
Skipped Seq from 14267 to 14269
Skipped Seq from 14275 to 14277
Skipped Seq from 14290 to 14292
Skipped Seq from 14292 to 14294
Skipped Seq from 14327 to 14329
Skipped Seq from 14432 to 14434
Skipped Seq from 14434 to 14440
Skipped Seq from 14463 to 14465
Skipped Seq from 14496 to 14498
Skipped Seq from 14505 to 14509
Skipped Seq from 14509 to 14512
Skipped Seq from 14513 to 14516
Skipped Seq from 14526 to 14528
Skipped Seq from 14550 to 14552
Skipped Seq from 14555 to 14557
Skipped Seq from 14559 to 14562
Skipped Seq from 14562 to 14564
Skipped Seq from 14576 to 14579
Skipped Seq from 14590 to 14592
Skipped Seq from 14618 to 14620
Skipped Seq from 14623 to 14627
Skipped Seq from 14647 to 14649
Skipped Seq from 14654 to 14656
Skipped Seq from 14661 to 14663
Skipped Seq from 14666 to 14668
Skipped Seq from 14694 to 14696
Skipped Seq from 14700 to 14702
Skipped Seq from 14704 to 14706
Skipped Seq from 14713 to 14715
Skipped Seq from 14716 to 14718
Skipped Seq from 14752 to 14754
Skipped Seq from 14781 to 14783
Skipped Seq from 14791 to 14793
Skipped Seq from 14801 to 14803
Skipped Seq from 14824 to 14826
Skipped Seq from 14845 to 14847
Skipped Seq from 14863 to 14865
Skipped Seq from 15068 to 15070
Skipped Seq from 15148 to 15152
Skipped Seq from 15156 to 15158
Skipped Seq from 15159 to 15161
Skipped Seq from 15163 to 15165
Skipped Seq from 15184 to 15187
Skipped Seq from 15207 to 15209
Skipped Seq from 15292 to 15294
Skipped Seq from 15317 to 15319
Skipped Seq from 15319 to 15322
Skipped Seq from 15322 to 15324
Skipped Seq from 15324 to 15335
Skipped Seq from 15340 to 15342
Skipped Seq from 15345 to 15347
Skipped Seq from 15363 to 15366
Skipped Seq from 15374 to 15376
Skipped Seq from 15394 to 15396
Skipped Seq from 15404 to 15406
Skipped Seq from 15409 to 15412
Skipped Seq from 15435 to 15438
Skipped Seq from 15438 to 15440
Skipped Seq from 15483 to 15485
Skipped Seq from 15497 to 15499
Skipped Seq from 15501 to 15505
Number of times throttled: 11
Received: 27458 / 27906 packets
Start time: 1332762374.858910
End time: 1332762532.474590
Duration: 157.615680
