Starting client at 10.0.0.22:1273 with timeout:10
My IP address is 10.0.0.22Skipped Seq from 3166 to 3172
Skipped Seq from 3173 to 3175
Skipped Seq from 3177 to 3180
Skipped Seq from 3180 to 3184
Skipped Seq from 3184 to 3190
Skipped Seq from 3190 to 3192
Skipped Seq from 3193 to 3195
Skipped Seq from 3195 to 3197
Skipped Seq from 3197 to 3199
Skipped Seq from 3199 to 3203
Skipped Seq from 3203 to 3212
Skipped Seq from 3212 to 3214
Skipped Seq from 3214 to 3217
Skipped Seq from 3217 to 3220
Skipped Seq from 3220 to 3222
Skipped Seq from 3226 to 3228
Skipped Seq from 3230 to 3232
Skipped Seq from 3237 to 3244
Skipped Seq from 3248 to 3250
Skipped Seq from 3252 to 3254
Skipped Seq from 3254 to 3256
Skipped Seq from 3264 to 3266
Skipped Seq from 3270 to 3273
Skipped Seq from 3281 to 3283
Skipped Seq from 3296 to 3298
Skipped Seq from 3314 to 3316
Skipped Seq from 3318 to 3412
Skipped Seq from 3413 to 3415
Skipped Seq from 3419 to 3428
Skipped Seq from 3435 to 3444
Skipped Seq from 3446 to 3448
Skipped Seq from 3470 to 3474
Skipped Seq from 3475 to 3477
Skipped Seq from 3477 to 3482
Skipped Seq from 3491 to 3493
Skipped Seq from 3496 to 3499
Skipped Seq from 3499 to 3520
Skipped Seq from 3523 to 3525
Skipped Seq from 3538 to 3546
Skipped Seq from 3546 to 3548
Skipped Seq from 3548 to 3625
Skipped Seq from 3625 to 3674
Skipped Seq from 3674 to 3766
Skipped Seq from 3766 to 3768
Skipped Seq from 3803 to 3805
Skipped Seq from 3815 to 3817
Skipped Seq from 3836 to 3839
Skipped Seq from 3842 to 3860
Skipped Seq from 3860 to 3888
Skipped Seq from 3902 to 3904
Skipped Seq from 3908 to 3912
Skipped Seq from 3915 to 3917
Skipped Seq from 3922 to 3924
Skipped Seq from 3924 to 3940
Skipped Seq from 3941 to 3947
Skipped Seq from 3948 to 3961
Skipped Seq from 3965 to 3969
Skipped Seq from 3969 to 3977
Skipped Seq from 3977 to 3984
Skipped Seq from 3984 to 3995
Skipped Seq from 4003 to 4006
Skipped Seq from 4006 to 4014
Skipped Seq from 4014 to 4017
Skipped Seq from 4017 to 4020
Skipped Seq from 4020 to 4023
Skipped Seq from 4027 to 4029
Skipped Seq from 4030 to 4033
Skipped Seq from 4034 to 4039
Skipped Seq from 4041 to 4043
Skipped Seq from 4051 to 4053
Skipped Seq from 4061 to 4063
Skipped Seq from 4069 to 4074
Skipped Seq from 4076 to 4079
Skipped Seq from 4088 to 4090
Skipped Seq from 4122 to 4124
Skipped Seq from 4143 to 4145
Skipped Seq from 4177 to 4179
Skipped Seq from 4181 to 4184
Skipped Seq from 4189 to 4192
Skipped Seq from 4193 to 4195
Skipped Seq from 4195 to 4197
Skipped Seq from 4197 to 4201
Skipped Seq from 4213 to 4216
Skipped Seq from 4217 to 4219
Skipped Seq from 4221 to 4232
Skipped Seq from 4236 to 4238
Skipped Seq from 4238 to 4240
Skipped Seq from 4242 to 4244
Skipped Seq from 4258 to 4260
Skipped Seq from 4264 to 4266
Skipped Seq from 4274 to 4276
Skipped Seq from 4284 to 4287
Skipped Seq from 4287 to 4290
Skipped Seq from 4293 to 4301
Skipped Seq from 4301 to 4304
Skipped Seq from 4304 to 4307
Skipped Seq from 4319 to 4321
Skipped Seq from 4328 to 4331
Skipped Seq from 4339 to 4342
Skipped Seq from 4342 to 4344
Skipped Seq from 4346 to 4348
Skipped Seq from 4349 to 4351
Skipped Seq from 4351 to 4354
Skipped Seq from 4355 to 4359
Skipped Seq from 4364 to 4366
Skipped Seq from 4366 to 4368
Skipped Seq from 4368 to 4371
Skipped Seq from 4371 to 4374
Skipped Seq from 4374 to 4376
Skipped Seq from 4378 to 4380
Skipped Seq from 4380 to 4382
Skipped Seq from 4382 to 4384
Skipped Seq from 4391 to 4394
Skipped Seq from 4409 to 4411
Skipped Seq from 4413 to 4416
Skipped Seq from 4418 to 4420
Skipped Seq from 4425 to 4434
Skipped Seq from 4434 to 4440
Skipped Seq from 4442 to 4444
Skipped Seq from 4445 to 4447
Skipped Seq from 6342 to 6344
Skipped Seq from 6345 to 6348
Skipped Seq from 6353 to 6355
Skipped Seq from 6355 to 6358
Skipped Seq from 6359 to 6361
Skipped Seq from 6361 to 6365
Skipped Seq from 6367 to 6369
Skipped Seq from 6372 to 6374
Skipped Seq from 6374 to 6376
Skipped Seq from 6376 to 6378
Skipped Seq from 6379 to 6382
Skipped Seq from 6384 to 6386
Skipped Seq from 6387 to 6391
Skipped Seq from 6392 to 6395
Skipped Seq from 6395 to 6397
Skipped Seq from 6398 to 6402
Skipped Seq from 6402 to 6404
Skipped Seq from 6404 to 6407
Skipped Seq from 6409 to 6411
Skipped Seq from 6417 to 6419
Skipped Seq from 6419 to 6421
Skipped Seq from 6422 to 6424
Skipped Seq from 6425 to 6427
Skipped Seq from 6476 to 6478
Skipped Seq from 6487 to 6489
Skipped Seq from 6489 to 6491
Skipped Seq from 6492 to 6494
Skipped Seq from 6494 to 6498
Skipped Seq from 6498 to 6503
Skipped Seq from 6503 to 6506
Skipped Seq from 6506 to 6508
Skipped Seq from 6508 to 6510
Skipped Seq from 6512 to 6515
Skipped Seq from 6517 to 6519
Skipped Seq from 6519 to 6522
Skipped Seq from 6527 to 6529
Skipped Seq from 6584 to 6586
Skipped Seq from 6594 to 6596
Skipped Seq from 6612 to 6614
Skipped Seq from 6622 to 6624
Skipped Seq from 6628 to 6630
Skipped Seq from 6647 to 6651
Skipped Seq from 6654 to 6656
Skipped Seq from 6659 to 6661
Skipped Seq from 6665 to 6667
Skipped Seq from 6680 to 6682
Skipped Seq from 6688 to 6690
Skipped Seq from 6708 to 6710
Skipped Seq from 6716 to 6718
Skipped Seq from 6721 to 6723
Skipped Seq from 6744 to 6746
Skipped Seq from 6832 to 6834
Skipped Seq from 6862 to 6865
Skipped Seq from 6867 to 6869
Skipped Seq from 6873 to 6876
Skipped Seq from 6878 to 6881
Skipped Seq from 6884 to 6887
Skipped Seq from 6887 to 6889
Skipped Seq from 6890 to 6892
Skipped Seq from 6892 to 6894
Skipped Seq from 6895 to 6897
Skipped Seq from 6897 to 6899
Skipped Seq from 6899 to 6901
Skipped Seq from 6901 to 6906
Skipped Seq from 6906 to 6908
Skipped Seq from 6908 to 6911
Skipped Seq from 6913 to 6915
Skipped Seq from 6915 to 6917
Skipped Seq from 6918 to 6920
Skipped Seq from 6921 to 6925
Skipped Seq from 6925 to 6929
Skipped Seq from 6929 to 6935
Skipped Seq from 6936 to 6938
Skipped Seq from 6938 to 6942
Skipped Seq from 6942 to 6948
Skipped Seq from 6948 to 6954
Skipped Seq from 6961 to 6963
Skipped Seq from 6973 to 6975
Skipped Seq from 6982 to 6984
Skipped Seq from 6984 to 6986
Skipped Seq from 6987 to 6989
Skipped Seq from 6989 to 6991
Skipped Seq from 6991 to 6993
Skipped Seq from 6993 to 6995
Skipped Seq from 6997 to 6999
Skipped Seq from 6999 to 7001
Skipped Seq from 7007 to 7009
Skipped Seq from 7013 to 7015
Skipped Seq from 7024 to 7026
Skipped Seq from 7036 to 7038
Skipped Seq from 7040 to 7042
Skipped Seq from 7042 to 7044
Skipped Seq from 7044 to 7046
Skipped Seq from 7046 to 7048
Skipped Seq from 7050 to 7052
Skipped Seq from 7052 to 7055
Skipped Seq from 7055 to 7057
Skipped Seq from 7057 to 7066
Skipped Seq from 7066 to 7069
Skipped Seq from 7069 to 7071
Skipped Seq from 7071 to 7073
Skipped Seq from 7073 to 7075
Skipped Seq from 7075 to 7077
Skipped Seq from 7077 to 7079
Skipped Seq from 7079 to 7081
Skipped Seq from 7081 to 7094
Skipped Seq from 7095 to 7102
Skipped Seq from 7102 to 7104
Skipped Seq from 7104 to 7114
Skipped Seq from 7114 to 7147
Skipped Seq from 7147 to 7149
Skipped Seq from 7149 to 7154
Skipped Seq from 7154 to 7159
Skipped Seq from 7159 to 7170
Skipped Seq from 7182 to 7184
Skipped Seq from 7203 to 7205
Skipped Seq from 7219 to 7221
Skipped Seq from 7224 to 7227
Skipped Seq from 7238 to 7240
Skipped Seq from 7240 to 7242
Skipped Seq from 7250 to 7252
Skipped Seq from 7254 to 7256
Skipped Seq from 7268 to 7270
Skipped Seq from 7287 to 7289
Skipped Seq from 7292 to 7294
Skipped Seq from 10432 to 10456
Skipped Seq from 10457 to 10461
Skipped Seq from 10461 to 10465
Skipped Seq from 10465 to 10468
Skipped Seq from 10472 to 10474
Skipped Seq from 10478 to 10484
Skipped Seq from 10493 to 10498
Skipped Seq from 10498 to 10500
Skipped Seq from 10512 to 10516
Skipped Seq from 10516 to 10518
Skipped Seq from 10526 to 10528
Skipped Seq from 10531 to 10533
Skipped Seq from 10533 to 10536
Skipped Seq from 10545 to 10547
Skipped Seq from 10547 to 10550
Skipped Seq from 10551 to 10555
Skipped Seq from 10555 to 10557
Skipped Seq from 10561 to 10565
Skipped Seq from 10569 to 10571
Skipped Seq from 10578 to 10580
Skipped Seq from 10587 to 10589
Skipped Seq from 10624 to 10626
Skipped Seq from 10666 to 10668
Skipped Seq from 10676 to 10678
Skipped Seq from 10679 to 10681
Skipped Seq from 10689 to 10691
Skipped Seq from 10692 to 10709
Skipped Seq from 10709 to 10731
Skipped Seq from 10738 to 10740
Skipped Seq from 10743 to 10745
Skipped Seq from 10746 to 10748
Skipped Seq from 10751 to 10753
Skipped Seq from 10763 to 10766
Skipped Seq from 10782 to 10784
Skipped Seq from 10815 to 10817
Skipped Seq from 10819 to 10823
Skipped Seq from 10829 to 10918
Skipped Seq from 10922 to 10924
Skipped Seq from 10960 to 10962
Skipped Seq from 10967 to 10969
Skipped Seq from 10996 to 10998
Skipped Seq from 11034 to 11037
Skipped Seq from 11064 to 11066
Skipped Seq from 11098 to 11100
Skipped Seq from 11125 to 11127
Skipped Seq from 11178 to 11180
Skipped Seq from 11196 to 11198
Skipped Seq from 11204 to 11206
Skipped Seq from 11206 to 11208
Skipped Seq from 11209 to 11211
Skipped Seq from 11212 to 11214
Skipped Seq from 11214 to 11217
Skipped Seq from 11217 to 11222
Skipped Seq from 11222 to 11224
Skipped Seq from 11224 to 11227
Skipped Seq from 11233 to 11237
Skipped Seq from 11237 to 11239
Skipped Seq from 11276 to 11278
Skipped Seq from 11357 to 11365
Number of times throttled: 14
Received: 10218 / 11387 packets
Start time: 1332763341.357637
End time: 1332763407.365084
Duration: 66.007447
