Starting client at 10.0.0.21:1240 with timeout:10
My IP address is 10.0.0.21Skipped Seq from 0 to 58
Skipped Seq from 58 to 60
Skipped Seq from 75 to 150
Skipped Seq from 151 to 153
Skipped Seq from 153 to 155
Skipped Seq from 156 to 158
Skipped Seq from 160 to 163
Skipped Seq from 163 to 165
Skipped Seq from 167 to 169
Skipped Seq from 170 to 172
Skipped Seq from 175 to 177
Skipped Seq from 177 to 179
Skipped Seq from 179 to 181
Skipped Seq from 182 to 195
Skipped Seq from 195 to 207
Skipped Seq from 207 to 227
Skipped Seq from 231 to 234
Skipped Seq from 234 to 237
Skipped Seq from 240 to 249
Skipped Seq from 249 to 252
Skipped Seq from 252 to 255
Skipped Seq from 256 to 258
Skipped Seq from 258 to 269
Skipped Seq from 269 to 271
Skipped Seq from 272 to 275
Skipped Seq from 275 to 277
Skipped Seq from 277 to 279
Skipped Seq from 279 to 282
Skipped Seq from 282 to 288
Skipped Seq from 288 to 296
Skipped Seq from 297 to 302
Skipped Seq from 304 to 306
Skipped Seq from 309 to 311
Skipped Seq from 311 to 314
Skipped Seq from 324 to 326
Skipped Seq from 338 to 346
Skipped Seq from 347 to 349
Skipped Seq from 360 to 364
Skipped Seq from 364 to 366
Skipped Seq from 366 to 380
Skipped Seq from 380 to 383
Skipped Seq from 383 to 394
Skipped Seq from 394 to 399
Skipped Seq from 399 to 427
Skipped Seq from 427 to 429
Skipped Seq from 429 to 449
Skipped Seq from 449 to 464
Skipped Seq from 464 to 466
Skipped Seq from 466 to 468
Skipped Seq from 468 to 470
Skipped Seq from 470 to 475
Skipped Seq from 482 to 485
Skipped Seq from 485 to 492
Skipped Seq from 502 to 505
Skipped Seq from 511 to 535
Skipped Seq from 535 to 537
Skipped Seq from 537 to 540
Skipped Seq from 540 to 561
Skipped Seq from 561 to 584
Skipped Seq from 652 to 654
Skipped Seq from 672 to 674
Skipped Seq from 680 to 682
Skipped Seq from 687 to 690
Skipped Seq from 690 to 695
Skipped Seq from 695 to 700
Skipped Seq from 701 to 704
Skipped Seq from 705 to 708
Skipped Seq from 709 to 712
Skipped Seq from 713 to 715
Skipped Seq from 716 to 718
Skipped Seq from 718 to 721
Skipped Seq from 722 to 724
Skipped Seq from 724 to 726
Skipped Seq from 727 to 729
Skipped Seq from 729 to 731
Skipped Seq from 731 to 733
Skipped Seq from 733 to 740
Skipped Seq from 740 to 742
Skipped Seq from 742 to 749
Skipped Seq from 750 to 755
Skipped Seq from 755 to 757
Skipped Seq from 758 to 761
Skipped Seq from 761 to 763
Skipped Seq from 763 to 765
Skipped Seq from 765 to 767
Skipped Seq from 769 to 773
Skipped Seq from 773 to 775
Skipped Seq from 775 to 778
Skipped Seq from 779 to 781
Skipped Seq from 781 to 783
Skipped Seq from 784 to 787
Skipped Seq from 788 to 790
Skipped Seq from 790 to 793
Skipped Seq from 794 to 798
Skipped Seq from 799 to 801
Skipped Seq from 801 to 803
Skipped Seq from 803 to 805
Skipped Seq from 805 to 807
Skipped Seq from 807 to 811
Skipped Seq from 811 to 813
Skipped Seq from 814 to 816
Skipped Seq from 818 to 821
Skipped Seq from 821 to 826
Skipped Seq from 826 to 828
Skipped Seq from 828 to 830
Skipped Seq from 830 to 832
Skipped Seq from 833 to 837
Skipped Seq from 837 to 840
Skipped Seq from 841 to 843
Skipped Seq from 843 to 845
Skipped Seq from 845 to 847
Skipped Seq from 847 to 849
Skipped Seq from 849 to 851
Skipped Seq from 855 to 857
Skipped Seq from 857 to 860
Skipped Seq from 869 to 871
Skipped Seq from 875 to 877
Skipped Seq from 891 to 893
Skipped Seq from 959 to 961
Number of times throttled: 4
Received: 1092 / 1621 packets
Start time: 1332762135.130878
End time: 1332762140.976038
Duration: 5.845160
