Starting client at 10.0.0.27:1267 with timeout:10
My IP address is 10.0.0.27Skipped Seq from 381 to 383
Skipped Seq from 399 to 401
Skipped Seq from 458 to 460
Skipped Seq from 497 to 499
Skipped Seq from 514 to 516
Skipped Seq from 564 to 566
Skipped Seq from 596 to 598
Skipped Seq from 603 to 606
Skipped Seq from 606 to 609
Skipped Seq from 611 to 613
Skipped Seq from 615 to 617
Skipped Seq from 620 to 623
Skipped Seq from 778 to 780
Skipped Seq from 781 to 783
Skipped Seq from 784 to 786
Skipped Seq from 787 to 789
Skipped Seq from 789 to 791
Skipped Seq from 794 to 796
Skipped Seq from 797 to 799
Skipped Seq from 840 to 842
Skipped Seq from 873 to 875
Skipped Seq from 882 to 884
Skipped Seq from 893 to 895
Skipped Seq from 900 to 903
Skipped Seq from 904 to 906
Skipped Seq from 907 to 909
Skipped Seq from 1010 to 1012
Skipped Seq from 1033 to 1036
Skipped Seq from 1041 to 1043
Skipped Seq from 1066 to 1068
Skipped Seq from 1068 to 1070
Skipped Seq from 1071 to 1074
Skipped Seq from 1074 to 1076
Skipped Seq from 1076 to 1079
Skipped Seq from 1079 to 1083
Skipped Seq from 1084 to 1086
Skipped Seq from 1088 to 1090
Skipped Seq from 1093 to 1095
Skipped Seq from 1114 to 1116
Skipped Seq from 1116 to 1119
Skipped Seq from 1119 to 1121
Skipped Seq from 1121 to 1123
Skipped Seq from 1123 to 1125
Skipped Seq from 1126 to 1128
Skipped Seq from 1128 to 1132
Skipped Seq from 1134 to 1136
Skipped Seq from 1147 to 1155
Skipped Seq from 1155 to 1157
Skipped Seq from 1180 to 1182
Skipped Seq from 1182 to 1184
Skipped Seq from 1195 to 1197
Skipped Seq from 1208 to 1210
Skipped Seq from 1210 to 1212
Skipped Seq from 1212 to 1214
Skipped Seq from 1223 to 1225
Skipped Seq from 1227 to 1229
Skipped Seq from 1231 to 1233
Skipped Seq from 1235 to 1237
Skipped Seq from 1241 to 1243
Skipped Seq from 1243 to 1245
Skipped Seq from 1247 to 1249
Skipped Seq from 1252 to 1254
Skipped Seq from 1256 to 1258
Skipped Seq from 1260 to 1262
Skipped Seq from 1264 to 1266
Skipped Seq from 1269 to 1271
Skipped Seq from 1273 to 1275
Skipped Seq from 1275 to 1277
Skipped Seq from 1279 to 1281
Skipped Seq from 1281 to 1283
Skipped Seq from 1286 to 1288
Skipped Seq from 1290 to 1292
Skipped Seq from 1294 to 1296
Skipped Seq from 1299 to 1301
Skipped Seq from 1303 to 1305
Skipped Seq from 1307 to 1309
Skipped Seq from 1314 to 1316
Skipped Seq from 1318 to 1320
Skipped Seq from 1325 to 1327
Skipped Seq from 1327 to 1329
Skipped Seq from 1329 to 1331
Skipped Seq from 1333 to 1335
Skipped Seq from 1338 to 1340
Skipped Seq from 1342 to 1344
Skipped Seq from 1347 to 1349
Skipped Seq from 1349 to 1351
Skipped Seq from 1353 to 1355
Skipped Seq from 1356 to 1358
Skipped Seq from 1360 to 1362
Skipped Seq from 1362 to 1364
Skipped Seq from 1365 to 1367
Skipped Seq from 1369 to 1371
Skipped Seq from 1374 to 1376
Skipped Seq from 1379 to 1381
Skipped Seq from 1383 to 1385
Skipped Seq from 1392 to 1394
Skipped Seq from 1397 to 1399
Skipped Seq from 1411 to 1413
Skipped Seq from 1416 to 1418
Skipped Seq from 1418 to 1420
Skipped Seq from 1425 to 1427
Skipped Seq from 1430 to 1432
Skipped Seq from 1439 to 1441
Skipped Seq from 1442 to 1444
Skipped Seq from 1447 to 1450
Skipped Seq from 1457 to 1459
Skipped Seq from 1461 to 1465
Skipped Seq from 1465 to 1468
Skipped Seq from 1470 to 1472
Skipped Seq from 1473 to 1476
Skipped Seq from 1479 to 1484
Skipped Seq from 1487 to 1492
Skipped Seq from 1495 to 1502
Skipped Seq from 1504 to 1506
Skipped Seq from 1512 to 1516
Skipped Seq from 1517 to 1520
Skipped Seq from 1520 to 1528
Skipped Seq from 1528 to 1531
Skipped Seq from 1531 to 1534
Skipped Seq from 1534 to 1575
Skipped Seq from 1578 to 1580
Skipped Seq from 1583 to 1596
Skipped Seq from 1607 to 1609
Skipped Seq from 1615 to 1620
Skipped Seq from 1621 to 1623
Skipped Seq from 1630 to 1633
Skipped Seq from 1634 to 1639
Skipped Seq from 1639 to 1642
Skipped Seq from 1642 to 1646
Skipped Seq from 1647 to 1650
Skipped Seq from 1651 to 1653
Skipped Seq from 1672 to 1684
Skipped Seq from 1684 to 1686
Skipped Seq from 1686 to 1688
Skipped Seq from 1691 to 1693
Skipped Seq from 1724 to 1726
Skipped Seq from 1727 to 1729
Skipped Seq from 1729 to 1731
Skipped Seq from 1733 to 1735
Skipped Seq from 1736 to 1750
Skipped Seq from 1750 to 1752
Skipped Seq from 1753 to 1755
Skipped Seq from 1763 to 1765
Skipped Seq from 1765 to 1767
Skipped Seq from 1769 to 1771
Skipped Seq from 1771 to 1774
Skipped Seq from 1784 to 1786
Skipped Seq from 1786 to 1788
Skipped Seq from 1794 to 1796
Skipped Seq from 1801 to 1803
Skipped Seq from 1803 to 1805
Skipped Seq from 1823 to 1825
Skipped Seq from 1873 to 1875
Skipped Seq from 1880 to 1882
Number of times throttled: 4
Received: 4056 / 4339 packets
Start time: 1332762998.862843
End time: 1332763021.478664
Duration: 22.615821
