Starting client at 10.0.0.25:1265 with timeout:10
My IP address is 10.0.0.25Skipped Seq from 1605 to 1608
Skipped Seq from 1612 to 1614
Skipped Seq from 1664 to 1666
Skipped Seq from 1677 to 1679
Skipped Seq from 1741 to 1743
Skipped Seq from 1815 to 1817
Skipped Seq from 1817 to 1819
Skipped Seq from 1839 to 1841
Skipped Seq from 1845 to 1847
Skipped Seq from 1847 to 1849
Skipped Seq from 1853 to 1855
Skipped Seq from 1859 to 1861
Skipped Seq from 1862 to 1864
Skipped Seq from 1869 to 1871
Skipped Seq from 1873 to 1875
Skipped Seq from 1875 to 1877
Skipped Seq from 1877 to 1879
Skipped Seq from 1880 to 1882
Skipped Seq from 1882 to 1885
Skipped Seq from 1887 to 1889
Skipped Seq from 1889 to 1891
Skipped Seq from 1891 to 1893
Skipped Seq from 1893 to 1896
Skipped Seq from 1905 to 1907
Skipped Seq from 1911 to 1913
Skipped Seq from 1914 to 1916
Skipped Seq from 1918 to 1920
Skipped Seq from 1920 to 1922
Skipped Seq from 1924 to 1927
Skipped Seq from 1933 to 1935
Skipped Seq from 1938 to 1940
Skipped Seq from 1945 to 1947
Skipped Seq from 1950 to 1952
Skipped Seq from 2014 to 2016
Skipped Seq from 2016 to 2019
Skipped Seq from 2019 to 2022
Skipped Seq from 2022 to 2025
Skipped Seq from 2025 to 2027
Skipped Seq from 2027 to 2029
Skipped Seq from 2031 to 2033
Skipped Seq from 2041 to 2046
Skipped Seq from 2046 to 2049
Skipped Seq from 2050 to 2053
Skipped Seq from 2054 to 2056
Skipped Seq from 2056 to 2060
Skipped Seq from 2060 to 2067
Skipped Seq from 2067 to 2070
Skipped Seq from 2070 to 2073
Skipped Seq from 2103 to 2105
Skipped Seq from 2107 to 2109
Skipped Seq from 2110 to 2112
Number of times throttled: 3
Received: 2728 / 2800 packets
Start time: 1332762762.963412
End time: 1332762779.265018
Duration: 16.301606
