Starting client at 10.0.0.15:1276 with timeout:10
My IP address is 10.0.0.15Skipped Seq from 704 to 712
Skipped Seq from 713 to 717
Skipped Seq from 717 to 722
Skipped Seq from 724 to 726
Skipped Seq from 731 to 733
Skipped Seq from 752 to 754
Skipped Seq from 759 to 761
Skipped Seq from 784 to 786
Skipped Seq from 787 to 789
Skipped Seq from 796 to 799
Skipped Seq from 809 to 811
Skipped Seq from 817 to 820
Skipped Seq from 820 to 864
Skipped Seq from 864 to 867
Skipped Seq from 869 to 871
Skipped Seq from 871 to 873
Skipped Seq from 873 to 876
Skipped Seq from 876 to 879
Skipped Seq from 879 to 881
Skipped Seq from 881 to 884
Skipped Seq from 884 to 921
Skipped Seq from 921 to 941
Skipped Seq from 941 to 953
Skipped Seq from 961 to 963
Skipped Seq from 964 to 1013
Skipped Seq from 1016 to 1019
Skipped Seq from 1019 to 1021
Skipped Seq from 1022 to 1024
Skipped Seq from 1042 to 1044
Skipped Seq from 1050 to 1052
Skipped Seq from 1053 to 1056
Skipped Seq from 1077 to 1079
Skipped Seq from 1086 to 1093
Skipped Seq from 1093 to 1095
Skipped Seq from 1106 to 1110
Skipped Seq from 1155 to 1158
Skipped Seq from 1182 to 1184
Skipped Seq from 1273 to 1275
Skipped Seq from 1292 to 1294
Skipped Seq from 1437 to 1439
Skipped Seq from 1445 to 1447
Skipped Seq from 1627 to 1629
Skipped Seq from 1656 to 1658
Skipped Seq from 1691 to 1693
Skipped Seq from 1723 to 1725
Skipped Seq from 1860 to 1862
Number of times throttled: 3
Received: 11172 / 11397 packets
Start time: 1332763217.480663
End time: 1332763280.837168
Duration: 63.356505
