Starting client at 10.0.0.13:1288 with timeout:10
My IP address is 10.0.0.13Skipped Seq from 530 to 537
Skipped Seq from 556 to 559
Skipped Seq from 564 to 566
Skipped Seq from 586 to 588
Skipped Seq from 588 to 591
Skipped Seq from 597 to 599
Skipped Seq from 618 to 620
Skipped Seq from 635 to 637
Skipped Seq from 646 to 648
Skipped Seq from 676 to 678
Skipped Seq from 689 to 715
Skipped Seq from 715 to 727
Skipped Seq from 733 to 735
Skipped Seq from 745 to 747
Skipped Seq from 764 to 766
Skipped Seq from 767 to 769
Skipped Seq from 778 to 780
Skipped Seq from 800 to 803
Skipped Seq from 803 to 815
Skipped Seq from 815 to 818
Skipped Seq from 818 to 848
Skipped Seq from 863 to 865
Skipped Seq from 867 to 992
Skipped Seq from 997 to 1000
Skipped Seq from 1015 to 1017
Skipped Seq from 1021 to 1023
Skipped Seq from 1061 to 1064
Skipped Seq from 1064 to 1088
Skipped Seq from 1089 to 1091
Skipped Seq from 1092 to 1094
Skipped Seq from 1097 to 1160
Skipped Seq from 1160 to 1174
Skipped Seq from 1198 to 1200
Skipped Seq from 1207 to 1223
Skipped Seq from 1223 to 1225
Skipped Seq from 1241 to 1243
Skipped Seq from 1249 to 1262
Skipped Seq from 1280 to 1282
Skipped Seq from 1360 to 1362
Skipped Seq from 1373 to 1376
Skipped Seq from 1376 to 1378
Skipped Seq from 1378 to 1392
Skipped Seq from 1392 to 1421
Skipped Seq from 1421 to 1432
Skipped Seq from 1432 to 1434
Skipped Seq from 1461 to 1463
Skipped Seq from 1475 to 1477
Skipped Seq from 1509 to 1511
Skipped Seq from 1535 to 1547
Skipped Seq from 1554 to 1556
Skipped Seq from 1588 to 1590
Skipped Seq from 1603 to 1611
Skipped Seq from 1615 to 1618
Skipped Seq from 1624 to 1626
Number of times throttled: 5
Received: 9041 / 9487 packets
Start time: 1332763496.645487
End time: 1332763548.692528
Duration: 52.047041
