Starting client at 10.0.0.18:1284 with timeout:10
My IP address is 10.0.0.18Skipped Seq from 0 to 2
Skipped Seq from 1443 to 1445
Skipped Seq from 1452 to 1454
Skipped Seq from 1455 to 1457
Skipped Seq from 1486 to 1488
Skipped Seq from 1519 to 1521
Skipped Seq from 1548 to 1550
Skipped Seq from 1577 to 1579
Skipped Seq from 1580 to 1583
Skipped Seq from 1589 to 1591
Skipped Seq from 1601 to 1603
Skipped Seq from 1618 to 1620
Skipped Seq from 1623 to 1626
Skipped Seq from 1660 to 1662
Skipped Seq from 1663 to 1666
Skipped Seq from 1717 to 1719
Skipped Seq from 1720 to 1722
Skipped Seq from 1722 to 1725
Skipped Seq from 1744 to 1747
Skipped Seq from 1763 to 1765
Skipped Seq from 1768 to 1770
Skipped Seq from 1832 to 1834
Skipped Seq from 1889 to 1891
Skipped Seq from 1904 to 1906
Skipped Seq from 1941 to 1943
Skipped Seq from 1945 to 1947
Skipped Seq from 1947 to 1950
Skipped Seq from 1959 to 1961
Skipped Seq from 1969 to 1972
Skipped Seq from 1991 to 1993
Skipped Seq from 2002 to 2004
Skipped Seq from 2024 to 2026
Skipped Seq from 2034 to 2036
Skipped Seq from 2036 to 2038
Skipped Seq from 2063 to 2065
Skipped Seq from 2083 to 2085
Skipped Seq from 2123 to 2125
Skipped Seq from 2125 to 2127
Skipped Seq from 2130 to 2132
Skipped Seq from 2142 to 2145
Skipped Seq from 2197 to 2199
Skipped Seq from 2226 to 2228
Skipped Seq from 2246 to 2249
Skipped Seq from 2264 to 2266
Skipped Seq from 2269 to 2272
Skipped Seq from 2272 to 2274
Skipped Seq from 2279 to 2281
Skipped Seq from 2282 to 2284
Skipped Seq from 2286 to 2288
Skipped Seq from 2288 to 2290
Skipped Seq from 2291 to 2293
Skipped Seq from 2299 to 2301
Skipped Seq from 2304 to 2306
Skipped Seq from 2313 to 2315
Skipped Seq from 2339 to 2341
Skipped Seq from 2344 to 2346
Skipped Seq from 2355 to 2357
Skipped Seq from 2364 to 2366
Skipped Seq from 2415 to 2417
Skipped Seq from 2417 to 2419
Skipped Seq from 2420 to 2422
Skipped Seq from 2423 to 2425
Skipped Seq from 2426 to 2428
Skipped Seq from 2430 to 2432
Skipped Seq from 2435 to 2437
Skipped Seq from 2445 to 2447
Skipped Seq from 2447 to 2449
Skipped Seq from 2451 to 2454
Skipped Seq from 2454 to 2456
Skipped Seq from 2462 to 2465
Skipped Seq from 2467 to 2469
Skipped Seq from 2490 to 2492
Skipped Seq from 2497 to 2499
Skipped Seq from 2501 to 2503
Skipped Seq from 2514 to 2516
Skipped Seq from 2518 to 2520
Skipped Seq from 2524 to 2526
Skipped Seq from 2532 to 2534
Skipped Seq from 2538 to 2540
Skipped Seq from 2540 to 2544
Skipped Seq from 2559 to 2561
Skipped Seq from 2563 to 2565
Skipped Seq from 2566 to 2569
Skipped Seq from 2606 to 2608
Skipped Seq from 2611 to 2614
Skipped Seq from 2616 to 2618
Skipped Seq from 2618 to 2620
Skipped Seq from 2623 to 2626
Skipped Seq from 2650 to 2652
Skipped Seq from 2658 to 2660
Skipped Seq from 2664 to 2667
Skipped Seq from 2670 to 2672
Skipped Seq from 2673 to 2675
Skipped Seq from 2677 to 2679
Skipped Seq from 2679 to 2681
Skipped Seq from 2681 to 2683
Skipped Seq from 2684 to 2687
Skipped Seq from 2688 to 2690
Skipped Seq from 2690 to 2692
Skipped Seq from 2695 to 2697
Skipped Seq from 2699 to 2701
Skipped Seq from 2702 to 2704
Skipped Seq from 2706 to 2708
Skipped Seq from 2708 to 2710
Skipped Seq from 2722 to 2724
Skipped Seq from 2725 to 2727
Skipped Seq from 2730 to 2732
Skipped Seq from 2733 to 2735
Skipped Seq from 2786 to 2788
Skipped Seq from 2788 to 2791
Skipped Seq from 2805 to 2807
Skipped Seq from 2813 to 2816
Skipped Seq from 2828 to 2831
Skipped Seq from 2840 to 2842
Skipped Seq from 2860 to 2862
Skipped Seq from 2880 to 2882
Skipped Seq from 2882 to 2884
Skipped Seq from 2885 to 2887
Skipped Seq from 2887 to 2889
Skipped Seq from 2889 to 2891
Skipped Seq from 2892 to 2895
Skipped Seq from 2895 to 2897
Skipped Seq from 2899 to 2902
Skipped Seq from 2902 to 2905
Skipped Seq from 2906 to 2908
Skipped Seq from 2909 to 2912
Skipped Seq from 2914 to 2916
Skipped Seq from 2916 to 2919
Skipped Seq from 2920 to 2923
Skipped Seq from 2924 to 2926
Skipped Seq from 2926 to 2928
Skipped Seq from 2928 to 2930
Skipped Seq from 2930 to 2932
Skipped Seq from 2933 to 2936
Skipped Seq from 2936 to 2938
Skipped Seq from 2939 to 2941
Skipped Seq from 2941 to 2944
Skipped Seq from 2945 to 2948
Skipped Seq from 2949 to 2951
Skipped Seq from 2951 to 2953
Skipped Seq from 2955 to 2958
Skipped Seq from 2959 to 2962
Skipped Seq from 2962 to 2964
Skipped Seq from 2964 to 2966
Skipped Seq from 2968 to 2971
Skipped Seq from 2971 to 2973
Skipped Seq from 2973 to 2975
Skipped Seq from 2975 to 2977
Skipped Seq from 2977 to 2979
Skipped Seq from 2979 to 2981
Skipped Seq from 2981 to 2983
Skipped Seq from 2983 to 2985
Skipped Seq from 2985 to 2987
Skipped Seq from 2988 to 2990
Skipped Seq from 2990 to 2992
Skipped Seq from 2992 to 2994
Skipped Seq from 2994 to 2996
Skipped Seq from 2996 to 2998
Skipped Seq from 2998 to 3000
Skipped Seq from 3001 to 3003
Skipped Seq from 3003 to 3005
Skipped Seq from 3005 to 3007
Skipped Seq from 3007 to 3009
Skipped Seq from 3009 to 3011
Skipped Seq from 3011 to 3013
Skipped Seq from 3013 to 3015
Skipped Seq from 3015 to 3017
Skipped Seq from 3018 to 3020
Skipped Seq from 3020 to 3022
Skipped Seq from 3022 to 3024
Skipped Seq from 3024 to 3026
Skipped Seq from 3026 to 3028
Skipped Seq from 3028 to 3030
Skipped Seq from 3030 to 3032
Skipped Seq from 3032 to 3034
Skipped Seq from 3035 to 3037
Skipped Seq from 3037 to 3039
Skipped Seq from 3039 to 3041
Skipped Seq from 3041 to 3043
Skipped Seq from 3043 to 3045
Skipped Seq from 3045 to 3047
Skipped Seq from 3047 to 3049
Skipped Seq from 3049 to 3051
Skipped Seq from 3051 to 3053
Skipped Seq from 3054 to 3056
Skipped Seq from 3056 to 3058
Skipped Seq from 3058 to 3060
Skipped Seq from 3060 to 3062
Skipped Seq from 3062 to 3064
Skipped Seq from 3064 to 3066
Skipped Seq from 3066 to 3068
Skipped Seq from 3069 to 3071
Skipped Seq from 3071 to 3073
Skipped Seq from 3073 to 3075
Skipped Seq from 3075 to 3077
Skipped Seq from 3077 to 3079
Skipped Seq from 3079 to 3081
Skipped Seq from 3081 to 3083
Skipped Seq from 3083 to 3085
Skipped Seq from 3085 to 3087
Skipped Seq from 3088 to 3090
Skipped Seq from 3090 to 3092
Skipped Seq from 3092 to 3094
Skipped Seq from 3094 to 3096
Skipped Seq from 3096 to 3098
Skipped Seq from 3098 to 3100
Skipped Seq from 3101 to 3103
Skipped Seq from 3103 to 3105
Skipped Seq from 3105 to 3107
Skipped Seq from 3107 to 3109
Skipped Seq from 3110 to 3113
Skipped Seq from 3114 to 3116
Skipped Seq from 3116 to 3118
Skipped Seq from 3118 to 3120
Skipped Seq from 3120 to 3122
Skipped Seq from 3122 to 3124
Skipped Seq from 3124 to 3126
Skipped Seq from 3127 to 3129
Skipped Seq from 3129 to 3131
Skipped Seq from 3131 to 3133
Skipped Seq from 3134 to 3137
Skipped Seq from 3138 to 3140
Skipped Seq from 3140 to 3142
Skipped Seq from 3142 to 3144
Skipped Seq from 3144 to 3146
Skipped Seq from 3146 to 3148
Skipped Seq from 3149 to 3152
Skipped Seq from 3153 to 3155
Skipped Seq from 3155 to 3157
Skipped Seq from 3157 to 3159
Skipped Seq from 3159 to 3161
Skipped Seq from 3162 to 3164
Skipped Seq from 3164 to 3166
Skipped Seq from 3166 to 3168
Skipped Seq from 3169 to 3171
Skipped Seq from 3171 to 3173
Skipped Seq from 3174 to 3176
Skipped Seq from 3176 to 3179
Skipped Seq from 3179 to 3181
Skipped Seq from 3181 to 3183
Skipped Seq from 3184 to 3186
Skipped Seq from 3186 to 3188
Skipped Seq from 3188 to 3190
Skipped Seq from 3190 to 3192
Skipped Seq from 3192 to 3194
Skipped Seq from 3195 to 3197
Skipped Seq from 3197 to 3199
Skipped Seq from 3199 to 3201
Skipped Seq from 3201 to 3203
Skipped Seq from 3204 to 3206
Skipped Seq from 3206 to 3208
Skipped Seq from 3208 to 3210
Skipped Seq from 3210 to 3212
Skipped Seq from 3213 to 3215
Skipped Seq from 3215 to 3217
Skipped Seq from 3218 to 3221
Skipped Seq from 3222 to 3225
Skipped Seq from 3227 to 3230
Skipped Seq from 3231 to 3234
Skipped Seq from 3235 to 3239
Skipped Seq from 3239 to 3241
Skipped Seq from 3241 to 3245
Skipped Seq from 3245 to 3249
Skipped Seq from 3249 to 3252
Skipped Seq from 3252 to 3254
Skipped Seq from 3263 to 3265
Skipped Seq from 3297 to 3299
Skipped Seq from 3348 to 3350
Skipped Seq from 3359 to 3362
Skipped Seq from 3386 to 3388
Skipped Seq from 3413 to 3415
Skipped Seq from 3418 to 3420
Skipped Seq from 3435 to 3437
Skipped Seq from 3446 to 3448
Skipped Seq from 3470 to 3472
Skipped Seq from 3586 to 3588
Skipped Seq from 7775 to 7778
Skipped Seq from 7778 to 7782
Skipped Seq from 7783 to 7787
Skipped Seq from 7787 to 7790
Skipped Seq from 7790 to 7795
Skipped Seq from 7796 to 7801
Skipped Seq from 7808 to 7810
Skipped Seq from 7810 to 7812
Skipped Seq from 7813 to 7817
Skipped Seq from 7817 to 7819
Skipped Seq from 7821 to 7823
Skipped Seq from 7825 to 7830
Skipped Seq from 7833 to 7836
Skipped Seq from 7836 to 7838
Skipped Seq from 7838 to 7842
Skipped Seq from 7843 to 7849
Skipped Seq from 7850 to 7853
Skipped Seq from 7854 to 7858
Skipped Seq from 7858 to 7860
Skipped Seq from 7860 to 7862
Skipped Seq from 7862 to 7868
Skipped Seq from 7868 to 7870
Skipped Seq from 7871 to 7874
Skipped Seq from 7875 to 7877
Skipped Seq from 7877 to 7882
Skipped Seq from 7883 to 7885
Skipped Seq from 7885 to 7887
Skipped Seq from 7893 to 7897
Skipped Seq from 7898 to 7900
Skipped Seq from 7911 to 7913
Skipped Seq from 7917 to 7919
Skipped Seq from 7920 to 7922
Skipped Seq from 7926 to 7928
Skipped Seq from 7931 to 7933
Skipped Seq from 7933 to 7935
Skipped Seq from 7937 to 7940
Skipped Seq from 7946 to 7948
Skipped Seq from 7955 to 7957
Skipped Seq from 7958 to 7960
Skipped Seq from 7971 to 7973
Skipped Seq from 7973 to 7975
Skipped Seq from 7981 to 7984
Skipped Seq from 7984 to 7986
Skipped Seq from 7986 to 7989
Skipped Seq from 7995 to 7999
Skipped Seq from 8001 to 8003
Skipped Seq from 8003 to 8005
Skipped Seq from 8006 to 8009
Skipped Seq from 8009 to 8011
Skipped Seq from 8015 to 8017
Skipped Seq from 8022 to 8026
Skipped Seq from 8026 to 8029
Skipped Seq from 8038 to 8040
Skipped Seq from 8040 to 8042
Skipped Seq from 8042 to 8046
Skipped Seq from 8053 to 8056
Skipped Seq from 8056 to 8067
Skipped Seq from 8070 to 8076
Skipped Seq from 8080 to 8084
Skipped Seq from 8084 to 8087
Skipped Seq from 8090 to 8095
Skipped Seq from 8097 to 8101
Skipped Seq from 8102 to 8106
Skipped Seq from 8111 to 8114
Skipped Seq from 8114 to 8117
Skipped Seq from 8117 to 8120
Skipped Seq from 8120 to 8123
Skipped Seq from 8126 to 8128
Skipped Seq from 8128 to 8131
Skipped Seq from 8134 to 8136
Skipped Seq from 8136 to 8141
Skipped Seq from 8141 to 8144
Skipped Seq from 8144 to 8146
Skipped Seq from 8147 to 8156
Skipped Seq from 8156 to 8159
Skipped Seq from 8159 to 8163
Skipped Seq from 8163 to 8165
Skipped Seq from 8171 to 8173
Skipped Seq from 8173 to 8180
Skipped Seq from 8181 to 8183
Skipped Seq from 8189 to 8191
Skipped Seq from 8192 to 8195
Skipped Seq from 8195 to 8209
Skipped Seq from 8209 to 8213
Skipped Seq from 8216 to 8222
Skipped Seq from 8222 to 8228
Skipped Seq from 8229 to 8233
Skipped Seq from 8233 to 8242
Skipped Seq from 8243 to 8245
Skipped Seq from 8245 to 8247
Skipped Seq from 8255 to 8257
Skipped Seq from 8259 to 8262
Skipped Seq from 8262 to 8268
Skipped Seq from 8268 to 8272
Skipped Seq from 8273 to 8283
Skipped Seq from 8283 to 8300
Skipped Seq from 8300 to 8303
Skipped Seq from 8303 to 8305
Skipped Seq from 8305 to 8307
Skipped Seq from 8307 to 8329
Skipped Seq from 8329 to 8332
Skipped Seq from 8332 to 8334
Skipped Seq from 8334 to 8336
Skipped Seq from 8336 to 8338
Skipped Seq from 8343 to 8346
Skipped Seq from 8346 to 8348
Skipped Seq from 8348 to 8351
Skipped Seq from 8352 to 8357
Skipped Seq from 8358 to 8364
Skipped Seq from 8364 to 8366
Skipped Seq from 8366 to 8373
Skipped Seq from 8373 to 8381
Skipped Seq from 8381 to 8386
Skipped Seq from 8386 to 8389
Skipped Seq from 8389 to 8393
Skipped Seq from 8393 to 8405
Skipped Seq from 8406 to 8409
Skipped Seq from 8414 to 8416
Skipped Seq from 8416 to 8422
Skipped Seq from 8423 to 8430
Skipped Seq from 8430 to 8432
Skipped Seq from 8432 to 8434
Skipped Seq from 8435 to 8439
Skipped Seq from 8441 to 8444
Skipped Seq from 8445 to 8453
Skipped Seq from 8454 to 8460
Skipped Seq from 8461 to 8464
Skipped Seq from 8464 to 8474
Skipped Seq from 8474 to 8477
Skipped Seq from 8477 to 8480
Skipped Seq from 8480 to 8484
Skipped Seq from 8484 to 8490
Skipped Seq from 8491 to 8496
Skipped Seq from 8499 to 8502
Skipped Seq from 8502 to 8505
Skipped Seq from 8509 to 8513
Skipped Seq from 8513 to 8521
Skipped Seq from 8525 to 8531
Skipped Seq from 8531 to 8533
Skipped Seq from 8533 to 8541
Skipped Seq from 8541 to 8543
Skipped Seq from 8543 to 8545
Skipped Seq from 8546 to 8567
Skipped Seq from 8567 to 8575
Skipped Seq from 8575 to 8583
Skipped Seq from 8583 to 8594
Skipped Seq from 8595 to 8598
Skipped Seq from 8598 to 8604
Skipped Seq from 8605 to 8607
Skipped Seq from 8607 to 8610
Skipped Seq from 8610 to 8616
Skipped Seq from 8617 to 8619
Skipped Seq from 8629 to 8631
Skipped Seq from 8632 to 8636
Skipped Seq from 8638 to 8640
Skipped Seq from 8641 to 8644
Skipped Seq from 8646 to 8657
Skipped Seq from 8657 to 8659
Skipped Seq from 8661 to 8669
Skipped Seq from 8670 to 8672
Skipped Seq from 8673 to 8675
Skipped Seq from 8677 to 8681
Skipped Seq from 8681 to 8684
Skipped Seq from 8684 to 8687
Skipped Seq from 8687 to 8689
Skipped Seq from 8690 to 8694
Skipped Seq from 8696 to 8699
Skipped Seq from 8699 to 8710
Skipped Seq from 8712 to 8723
Skipped Seq from 8723 to 8726
Skipped Seq from 8726 to 8728
Skipped Seq from 8728 to 8730
Skipped Seq from 8737 to 8739
Skipped Seq from 8739 to 8741
Skipped Seq from 8741 to 8744
Skipped Seq from 8744 to 8749
Skipped Seq from 8749 to 8751
Skipped Seq from 8751 to 8758
Skipped Seq from 8758 to 8760
Skipped Seq from 8762 to 8765
Skipped Seq from 8766 to 8771
Skipped Seq from 8772 to 8774
Skipped Seq from 8774 to 8777
Skipped Seq from 8777 to 8780
Skipped Seq from 8780 to 8783
Skipped Seq from 8784 to 8786
Skipped Seq from 8786 to 8794
Skipped Seq from 8797 to 8799
Skipped Seq from 8800 to 8804
Skipped Seq from 8808 to 8810
Skipped Seq from 8815 to 8817
Skipped Seq from 8818 to 8822
Skipped Seq from 8822 to 8825
Skipped Seq from 8825 to 8840
Skipped Seq from 8840 to 8849
Skipped Seq from 8852 to 8855
Skipped Seq from 8855 to 8857
Skipped Seq from 8857 to 8859
Skipped Seq from 8861 to 8872
Skipped Seq from 8872 to 8874
Skipped Seq from 8874 to 8876
Skipped Seq from 8877 to 8887
Skipped Seq from 8887 to 8891
Skipped Seq from 8894 to 8896
Skipped Seq from 8897 to 8902
Skipped Seq from 8904 to 8906
Skipped Seq from 8917 to 8919
Skipped Seq from 8921 to 8948
Skipped Seq from 8948 to 8959
Skipped Seq from 8959 to 8966
Skipped Seq from 8966 to 8989
Skipped Seq from 8989 to 8993
Skipped Seq from 8993 to 9007
Skipped Seq from 9007 to 9012
Skipped Seq from 9012 to 9016
Skipped Seq from 9016 to 9018
Skipped Seq from 9019 to 9023
Skipped Seq from 9027 to 9033
Skipped Seq from 9035 to 9038
Skipped Seq from 9039 to 9047
Skipped Seq from 9047 to 9051
Skipped Seq from 9051 to 9055
Skipped Seq from 9055 to 9057
Skipped Seq from 9057 to 9064
Skipped Seq from 9066 to 9082
Skipped Seq from 9092 to 9094
Skipped Seq from 9094 to 9096
Skipped Seq from 9098 to 9100
Skipped Seq from 9100 to 9103
Skipped Seq from 9106 to 9112
Skipped Seq from 9114 to 9123
Skipped Seq from 9124 to 9126
Skipped Seq from 9126 to 9130
Skipped Seq from 9131 to 9133
Skipped Seq from 9133 to 9136
Skipped Seq from 9137 to 9139
Skipped Seq from 9141 to 9151
Skipped Seq from 9151 to 9153
Skipped Seq from 9154 to 9161
Skipped Seq from 9163 to 9181
Skipped Seq from 9182 to 9187
Skipped Seq from 9187 to 9196
Skipped Seq from 9197 to 9201
Skipped Seq from 9215 to 9219
Skipped Seq from 9220 to 9222
Skipped Seq from 9224 to 9229
Skipped Seq from 9232 to 9234
Skipped Seq from 9237 to 9242
Skipped Seq from 9243 to 9247
Skipped Seq from 9249 to 9253
Skipped Seq from 9253 to 9255
Skipped Seq from 9256 to 9269
Skipped Seq from 9270 to 9274
Skipped Seq from 9274 to 9281
Skipped Seq from 9281 to 9286
Skipped Seq from 9286 to 9299
Skipped Seq from 9299 to 9308
Skipped Seq from 9308 to 9316
Skipped Seq from 9316 to 9322
Skipped Seq from 9322 to 9325
Skipped Seq from 9332 to 9339
Skipped Seq from 9339 to 9341
Skipped Seq from 9341 to 9347
Skipped Seq from 9347 to 9351
Skipped Seq from 9352 to 9354
Skipped Seq from 9354 to 9357
Skipped Seq from 9359 to 9364
Skipped Seq from 9368 to 9376
Skipped Seq from 9376 to 9379
Skipped Seq from 9379 to 9384
Skipped Seq from 9385 to 9389
Skipped Seq from 9389 to 9393
Skipped Seq from 9393 to 9400
Skipped Seq from 9401 to 9412
Skipped Seq from 9415 to 9418
Skipped Seq from 9419 to 9428
Skipped Seq from 9430 to 9433
Skipped Seq from 9433 to 9437
Skipped Seq from 9437 to 9439
Skipped Seq from 9443 to 9450
Skipped Seq from 9453 to 9467
Skipped Seq from 9469 to 9474
Skipped Seq from 9475 to 9483
Skipped Seq from 9483 to 9489
Skipped Seq from 9489 to 9494
Skipped Seq from 9494 to 9498
Skipped Seq from 9498 to 9500
Skipped Seq from 9500 to 9504
Skipped Seq from 9504 to 9507
Skipped Seq from 9507 to 9511
Skipped Seq from 9512 to 9514
Skipped Seq from 9515 to 9520
Skipped Seq from 9520 to 9523
Skipped Seq from 9525 to 9528
Skipped Seq from 9530 to 9532
Skipped Seq from 9532 to 9537
Skipped Seq from 9540 to 9542
Skipped Seq from 9543 to 9545
Skipped Seq from 9545 to 9573
Skipped Seq from 9575 to 9579
Skipped Seq from 9579 to 9588
Skipped Seq from 9588 to 9592
Skipped Seq from 9595 to 9597
Skipped Seq from 9599 to 9601
Skipped Seq from 9604 to 9608
Skipped Seq from 9608 to 9610
Skipped Seq from 9614 to 9616
Skipped Seq from 9616 to 9619
Skipped Seq from 9625 to 9627
Skipped Seq from 9627 to 9629
Skipped Seq from 9629 to 9631
Skipped Seq from 9631 to 9635
Skipped Seq from 9635 to 9637
Skipped Seq from 9637 to 9639
Skipped Seq from 9639 to 9647
Skipped Seq from 9647 to 9651
Skipped Seq from 9651 to 9658
Skipped Seq from 9658 to 9670
Skipped Seq from 9673 to 9677
Skipped Seq from 9677 to 9685
Skipped Seq from 9686 to 9701
Skipped Seq from 9701 to 9705
Skipped Seq from 9711 to 9713
Skipped Seq from 9714 to 9717
Skipped Seq from 9718 to 9722
Skipped Seq from 9724 to 9726
Skipped Seq from 9730 to 9732
Skipped Seq from 9735 to 9739
Skipped Seq from 9739 to 9741
Skipped Seq from 9741 to 9748
Skipped Seq from 9748 to 9750
Skipped Seq from 9750 to 9752
Skipped Seq from 9752 to 9756
Skipped Seq from 9756 to 9763
Skipped Seq from 9764 to 9766
Skipped Seq from 9766 to 9768
Skipped Seq from 9768 to 9770
Skipped Seq from 9772 to 9776
Skipped Seq from 9779 to 9783
Skipped Seq from 9783 to 9785
Skipped Seq from 9787 to 9792
Skipped Seq from 9794 to 9796
Skipped Seq from 9798 to 9800
Skipped Seq from 9800 to 9804
Skipped Seq from 9805 to 9811
Skipped Seq from 9811 to 9814
Skipped Seq from 9814 to 9818
Skipped Seq from 9820 to 9822
Skipped Seq from 9822 to 9824
Skipped Seq from 9832 to 9834
Skipped Seq from 9834 to 9837
Skipped Seq from 9838 to 9845
Skipped Seq from 9845 to 9851
Skipped Seq from 9852 to 9854
Skipped Seq from 9854 to 9856
Skipped Seq from 9856 to 9881
Skipped Seq from 9881 to 9883
Skipped Seq from 9884 to 9887
Skipped Seq from 9888 to 9894
Skipped Seq from 9897 to 9906
Skipped Seq from 9906 to 9908
Skipped Seq from 9911 to 9915
Number of times throttled: 9
Received: 8282 / 9918 packets
Start time: 1332838743.313670
End time: 1332838782.389438
Duration: 39.075768
