Starting client at 10.0.0.26:1261 with timeout:10
My IP address is 10.0.0.26Skipped Seq from 0 to 2
Skipped Seq from 2 to 4
Skipped Seq from 5 to 7
Skipped Seq from 10 to 13
Skipped Seq from 13 to 16
Skipped Seq from 16 to 19
Skipped Seq from 19 to 22
Skipped Seq from 25 to 27
Skipped Seq from 28 to 36
Skipped Seq from 36 to 42
Skipped Seq from 42 to 49
Skipped Seq from 49 to 53
Skipped Seq from 53 to 55
Skipped Seq from 55 to 57
Skipped Seq from 58 to 62
Skipped Seq from 64 to 67
Skipped Seq from 71 to 77
Skipped Seq from 78 to 80
Skipped Seq from 83 to 86
Skipped Seq from 86 to 88
Skipped Seq from 91 to 96
Skipped Seq from 98 to 103
Skipped Seq from 103 to 110
Skipped Seq from 112 to 114
Skipped Seq from 114 to 118
Skipped Seq from 118 to 121
Skipped Seq from 122 to 130
Skipped Seq from 130 to 139
Skipped Seq from 139 to 141
Skipped Seq from 141 to 147
Skipped Seq from 147 to 149
Skipped Seq from 149 to 151
Skipped Seq from 151 to 170
Skipped Seq from 170 to 182
Skipped Seq from 182 to 193
Skipped Seq from 193 to 198
Skipped Seq from 201 to 206
Skipped Seq from 208 to 210
Skipped Seq from 213 to 217
Skipped Seq from 217 to 220
Skipped Seq from 223 to 230
Skipped Seq from 232 to 242
Skipped Seq from 242 to 252
Skipped Seq from 252 to 258
Skipped Seq from 260 to 278
Skipped Seq from 279 to 287
Skipped Seq from 287 to 290
Skipped Seq from 291 to 295
Skipped Seq from 295 to 301
Skipped Seq from 303 to 307
Skipped Seq from 307 to 309
Skipped Seq from 309 to 312
Skipped Seq from 312 to 320
Skipped Seq from 320 to 330
Skipped Seq from 330 to 337
Skipped Seq from 337 to 340
Skipped Seq from 341 to 348
Skipped Seq from 348 to 350
Skipped Seq from 351 to 353
Skipped Seq from 353 to 370
Skipped Seq from 371 to 390
Skipped Seq from 390 to 392
Skipped Seq from 394 to 408
Skipped Seq from 410 to 414
Skipped Seq from 415 to 433
Skipped Seq from 433 to 443
Skipped Seq from 443 to 446
Skipped Seq from 448 to 450
Skipped Seq from 452 to 460
Skipped Seq from 461 to 476
Skipped Seq from 477 to 484
Skipped Seq from 484 to 486
Skipped Seq from 487 to 493
Skipped Seq from 497 to 500
Skipped Seq from 504 to 506
Skipped Seq from 510 to 512
Skipped Seq from 513 to 525
Skipped Seq from 525 to 527
Skipped Seq from 527 to 534
Skipped Seq from 535 to 563
Skipped Seq from 564 to 572
Skipped Seq from 573 to 575
Skipped Seq from 580 to 586
Skipped Seq from 589 to 591
Skipped Seq from 594 to 596
Skipped Seq from 598 to 600
Skipped Seq from 608 to 613
Skipped Seq from 615 to 617
Skipped Seq from 621 to 623
Skipped Seq from 625 to 629
Skipped Seq from 629 to 648
Skipped Seq from 650 to 652
Skipped Seq from 653 to 657
Skipped Seq from 659 to 661
Skipped Seq from 663 to 665
Skipped Seq from 665 to 669
Skipped Seq from 673 to 680
Skipped Seq from 680 to 682
Skipped Seq from 683 to 686
Skipped Seq from 686 to 688
Skipped Seq from 688 to 690
Skipped Seq from 690 to 697
Skipped Seq from 700 to 705
Skipped Seq from 707 to 713
Skipped Seq from 716 to 743
Skipped Seq from 743 to 745
Skipped Seq from 748 to 755
Skipped Seq from 756 to 758
Skipped Seq from 759 to 761
Skipped Seq from 764 to 766
Skipped Seq from 767 to 781
Skipped Seq from 785 to 790
Skipped Seq from 790 to 795
Skipped Seq from 795 to 799
Skipped Seq from 800 to 802
Skipped Seq from 802 to 809
Skipped Seq from 810 to 813
Skipped Seq from 813 to 815
Skipped Seq from 818 to 820
Skipped Seq from 822 to 835
Skipped Seq from 837 to 844
Skipped Seq from 844 to 846
Skipped Seq from 846 to 868
Skipped Seq from 868 to 872
Skipped Seq from 872 to 874
Skipped Seq from 875 to 883
Skipped Seq from 883 to 885
Skipped Seq from 888 to 890
Skipped Seq from 890 to 892
Skipped Seq from 895 to 898
Skipped Seq from 898 to 900
Skipped Seq from 903 to 905
Skipped Seq from 905 to 907
Skipped Seq from 907 to 915
Skipped Seq from 916 to 918
Skipped Seq from 919 to 921
Skipped Seq from 921 to 923
Skipped Seq from 925 to 927
Skipped Seq from 927 to 929
Skipped Seq from 930 to 932
Skipped Seq from 932 to 936
Skipped Seq from 937 to 943
Skipped Seq from 945 to 947
Skipped Seq from 948 to 953
Skipped Seq from 954 to 957
Skipped Seq from 960 to 962
Skipped Seq from 966 to 969
Skipped Seq from 970 to 972
Skipped Seq from 972 to 974
Skipped Seq from 974 to 976
Skipped Seq from 976 to 980
Skipped Seq from 980 to 982
Skipped Seq from 983 to 990
Skipped Seq from 992 to 994
Skipped Seq from 994 to 1000
Skipped Seq from 1000 to 1002
Skipped Seq from 1003 to 1009
Skipped Seq from 1009 to 1014
Skipped Seq from 1014 to 1016
Skipped Seq from 1016 to 1018
Skipped Seq from 1018 to 1021
Skipped Seq from 1021 to 1029
Skipped Seq from 1030 to 1035
Skipped Seq from 1036 to 1042
Skipped Seq from 1042 to 1048
Skipped Seq from 1050 to 1052
Skipped Seq from 1052 to 1054
Skipped Seq from 1055 to 1057
Skipped Seq from 1059 to 1061
Skipped Seq from 1063 to 1065
Skipped Seq from 1067 to 1069
Skipped Seq from 1070 to 1072
Skipped Seq from 1076 to 1078
Skipped Seq from 1082 to 1088
Skipped Seq from 1089 to 1093
Skipped Seq from 1096 to 1098
Skipped Seq from 1101 to 1103
Skipped Seq from 1103 to 1105
Skipped Seq from 1108 to 1111
Skipped Seq from 1113 to 1125
Skipped Seq from 1126 to 1128
Skipped Seq from 1128 to 1130
Skipped Seq from 1130 to 1140
Skipped Seq from 1140 to 1144
Skipped Seq from 1144 to 1148
Skipped Seq from 1148 to 1150
Skipped Seq from 1150 to 1155
Skipped Seq from 1157 to 1167
Skipped Seq from 1170 to 1174
Skipped Seq from 1174 to 1176
Skipped Seq from 1176 to 1178
Skipped Seq from 1182 to 1188
Skipped Seq from 1189 to 1194
Skipped Seq from 1195 to 1200
Skipped Seq from 1204 to 1206
Skipped Seq from 1206 to 1208
Skipped Seq from 1210 to 1214
Skipped Seq from 1215 to 1217
Skipped Seq from 1217 to 1219
Skipped Seq from 1219 to 1221
Skipped Seq from 1222 to 1224
Skipped Seq from 1226 to 1231
Skipped Seq from 1233 to 1247
Skipped Seq from 1249 to 1251
Skipped Seq from 1251 to 1253
Skipped Seq from 1256 to 1260
Skipped Seq from 1260 to 1273
Skipped Seq from 1274 to 1279
Skipped Seq from 1282 to 1284
Skipped Seq from 1296 to 1298
Skipped Seq from 1299 to 1301
Skipped Seq from 1304 to 1309
Skipped Seq from 1309 to 1313
Skipped Seq from 1316 to 1322
Skipped Seq from 1325 to 1332
Skipped Seq from 1332 to 1337
Skipped Seq from 1337 to 1345
Skipped Seq from 1346 to 1359
Skipped Seq from 1359 to 1375
Skipped Seq from 1375 to 1381
Skipped Seq from 1381 to 1386
Skipped Seq from 1386 to 1390
Skipped Seq from 1390 to 1394
Skipped Seq from 1395 to 1397
Skipped Seq from 1406 to 1408
Skipped Seq from 1413 to 1415
Skipped Seq from 1417 to 1420
Skipped Seq from 1420 to 1422
Skipped Seq from 1427 to 1431
Skipped Seq from 1435 to 1440
Skipped Seq from 1441 to 1449
Skipped Seq from 1450 to 1453
Skipped Seq from 1453 to 1455
Skipped Seq from 1455 to 1459
Skipped Seq from 1459 to 1461
Skipped Seq from 1462 to 1474
Skipped Seq from 1474 to 1478
Skipped Seq from 1479 to 1484
Skipped Seq from 1485 to 1488
Skipped Seq from 1488 to 1493
Skipped Seq from 1494 to 1496
Skipped Seq from 1496 to 1500
Skipped Seq from 1501 to 1503
Skipped Seq from 1503 to 1509
Skipped Seq from 1513 to 1518
Skipped Seq from 1519 to 1521
Skipped Seq from 1522 to 1524
Skipped Seq from 1524 to 1528
Skipped Seq from 1528 to 1535
Skipped Seq from 1538 to 1550
Skipped Seq from 1554 to 1566
Skipped Seq from 1566 to 1574
Skipped Seq from 1574 to 1576
Skipped Seq from 1576 to 1578
Skipped Seq from 1585 to 1587
Skipped Seq from 1591 to 1594
Skipped Seq from 1594 to 1596
Skipped Seq from 1596 to 1598
Skipped Seq from 1608 to 1610
Skipped Seq from 1611 to 1614
Skipped Seq from 1620 to 1624
Skipped Seq from 1624 to 1626
Skipped Seq from 1627 to 1629
Skipped Seq from 1633 to 1635
Skipped Seq from 1639 to 1641
Skipped Seq from 1645 to 1649
Skipped Seq from 1657 to 1659
Skipped Seq from 1672 to 1676
Skipped Seq from 1680 to 1685
Skipped Seq from 1685 to 1687
Skipped Seq from 1688 to 1691
Skipped Seq from 1707 to 1709
Skipped Seq from 1716 to 1718
Skipped Seq from 1718 to 1720
Skipped Seq from 1722 to 1725
Skipped Seq from 1740 to 1742
Skipped Seq from 1755 to 1760
Skipped Seq from 1760 to 1762
Skipped Seq from 1762 to 1765
Skipped Seq from 1767 to 1769
Skipped Seq from 1771 to 1774
Skipped Seq from 1780 to 1782
Skipped Seq from 1782 to 1784
Skipped Seq from 1784 to 1788
Skipped Seq from 1789 to 1792
Skipped Seq from 1792 to 1796
Skipped Seq from 1807 to 1809
Skipped Seq from 1810 to 1815
Skipped Seq from 1815 to 1818
Skipped Seq from 1818 to 1820
Skipped Seq from 1820 to 1823
Skipped Seq from 1825 to 1827
Skipped Seq from 1828 to 1831
Skipped Seq from 1839 to 1843
Skipped Seq from 1866 to 1868
Skipped Seq from 1868 to 1874
Skipped Seq from 1875 to 1879
Skipped Seq from 1881 to 1887
Skipped Seq from 1888 to 1890
Skipped Seq from 1894 to 1896
Skipped Seq from 1907 to 1909
Skipped Seq from 1909 to 1911
Skipped Seq from 1911 to 1915
Skipped Seq from 1919 to 1921
Skipped Seq from 1922 to 1924
Skipped Seq from 1924 to 1926
Skipped Seq from 1926 to 1928
Skipped Seq from 1929 to 1931
Skipped Seq from 1931 to 1935
Skipped Seq from 1935 to 1937
Skipped Seq from 1938 to 1940
Skipped Seq from 1941 to 1943
Skipped Seq from 1945 to 1947
Skipped Seq from 1949 to 1951
Skipped Seq from 1951 to 1954
Skipped Seq from 1954 to 1956
Skipped Seq from 1956 to 1958
Skipped Seq from 1958 to 1960
Skipped Seq from 1960 to 1962
Skipped Seq from 1963 to 1966
Skipped Seq from 1967 to 1972
Skipped Seq from 1972 to 1977
Skipped Seq from 1977 to 1980
Skipped Seq from 1980 to 1982
Skipped Seq from 1983 to 1987
Skipped Seq from 1987 to 1989
Skipped Seq from 1989 to 1991
Skipped Seq from 1991 to 1994
Skipped Seq from 1994 to 1999
Skipped Seq from 1999 to 2001
Skipped Seq from 2001 to 2003
Skipped Seq from 2004 to 2007
Skipped Seq from 2007 to 2009
Skipped Seq from 2009 to 2011
Skipped Seq from 2013 to 2015
Skipped Seq from 2015 to 2017
Skipped Seq from 2021 to 2023
Skipped Seq from 2023 to 2033
Skipped Seq from 2035 to 2038
Skipped Seq from 2039 to 2046
Skipped Seq from 2046 to 2048
Skipped Seq from 2048 to 2053
Skipped Seq from 2054 to 2058
Skipped Seq from 2061 to 2065
Skipped Seq from 2067 to 2069
Skipped Seq from 2070 to 2072
Skipped Seq from 2072 to 2078
Skipped Seq from 2078 to 2081
Skipped Seq from 2082 to 2084
Skipped Seq from 2084 to 2087
Skipped Seq from 2090 to 2092
Skipped Seq from 2092 to 2098
Skipped Seq from 2098 to 2100
Skipped Seq from 2101 to 2103
Skipped Seq from 2105 to 2111
Skipped Seq from 2111 to 2116
Skipped Seq from 2116 to 2118
Skipped Seq from 2120 to 2127
Skipped Seq from 2129 to 2132
Skipped Seq from 2132 to 2135
Skipped Seq from 2136 to 2138
Skipped Seq from 2138 to 2142
Skipped Seq from 2142 to 2144
Skipped Seq from 2144 to 2148
Skipped Seq from 2149 to 2155
Skipped Seq from 2155 to 2159
Skipped Seq from 2160 to 2163
Skipped Seq from 2164 to 2170
Skipped Seq from 2172 to 2176
Skipped Seq from 2176 to 2180
Skipped Seq from 2180 to 2184
Skipped Seq from 2186 to 2188
Skipped Seq from 2189 to 2193
Skipped Seq from 2194 to 2197
Skipped Seq from 2197 to 2200
Skipped Seq from 2200 to 2202
Skipped Seq from 2203 to 2207
Skipped Seq from 2208 to 2214
Skipped Seq from 2215 to 2221
Skipped Seq from 2221 to 2225
Skipped Seq from 2228 to 2239
Skipped Seq from 2239 to 2243
Skipped Seq from 2243 to 2246
Skipped Seq from 2246 to 2248
Skipped Seq from 2248 to 2250
Skipped Seq from 2250 to 2253
Skipped Seq from 2253 to 2257
Skipped Seq from 2257 to 2260
Skipped Seq from 2260 to 2262
Skipped Seq from 2262 to 2271
Skipped Seq from 2272 to 2284
Skipped Seq from 2284 to 2286
Skipped Seq from 2286 to 2288
Skipped Seq from 2289 to 2292
Skipped Seq from 2292 to 2295
Skipped Seq from 2298 to 2300
Skipped Seq from 2300 to 2316
Skipped Seq from 2316 to 2319
Skipped Seq from 2320 to 2324
Skipped Seq from 2324 to 2330
Skipped Seq from 2330 to 2335
Skipped Seq from 2335 to 2339
Skipped Seq from 2339 to 2357
Skipped Seq from 2359 to 2364
Skipped Seq from 2366 to 2369
Skipped Seq from 2369 to 2372
Skipped Seq from 2372 to 2374
Skipped Seq from 2375 to 2378
Skipped Seq from 2381 to 2384
Skipped Seq from 2385 to 2387
Skipped Seq from 2387 to 2394
Skipped Seq from 2395 to 2400
Skipped Seq from 2400 to 2402
Skipped Seq from 2402 to 2404
Skipped Seq from 2404 to 2409
Skipped Seq from 2409 to 2412
Skipped Seq from 2413 to 2416
Skipped Seq from 2416 to 2418
Skipped Seq from 2418 to 2420
Skipped Seq from 2421 to 2424
Skipped Seq from 2426 to 2429
Skipped Seq from 2430 to 2435
Skipped Seq from 2436 to 2440
Skipped Seq from 2440 to 2442
Skipped Seq from 2442 to 2444
Skipped Seq from 2444 to 2446
Skipped Seq from 2446 to 2454
Skipped Seq from 2454 to 2456
Skipped Seq from 2456 to 2460
Skipped Seq from 2460 to 2464
Skipped Seq from 2464 to 2467
Skipped Seq from 2467 to 2471
Skipped Seq from 2471 to 2474
Skipped Seq from 2474 to 2477
Skipped Seq from 2477 to 2482
Skipped Seq from 2482 to 2492
Skipped Seq from 2492 to 2495
Skipped Seq from 2496 to 2499
Skipped Seq from 2499 to 2508
Skipped Seq from 2509 to 2519
Skipped Seq from 2519 to 2527
Skipped Seq from 2527 to 2532
Skipped Seq from 2532 to 2536
Skipped Seq from 2536 to 2538
Skipped Seq from 2538 to 2543
Skipped Seq from 2543 to 2548
Skipped Seq from 2548 to 2561
Skipped Seq from 2562 to 2570
Skipped Seq from 2570 to 2573
Skipped Seq from 2574 to 2579
Skipped Seq from 2579 to 2584
Skipped Seq from 2584 to 2589
Skipped Seq from 2589 to 2597
Skipped Seq from 2597 to 2607
Skipped Seq from 2607 to 2612
Skipped Seq from 2614 to 2618
Skipped Seq from 2619 to 2626
Skipped Seq from 2626 to 2628
Skipped Seq from 2628 to 2630
Skipped Seq from 2630 to 2633
Skipped Seq from 2634 to 2637
Skipped Seq from 2639 to 2645
Skipped Seq from 2646 to 2650
Skipped Seq from 2650 to 2657
Skipped Seq from 2657 to 2663
Skipped Seq from 2664 to 2667
Skipped Seq from 2670 to 2673
Skipped Seq from 2673 to 2675
Skipped Seq from 2675 to 2678
Skipped Seq from 2678 to 2681
Skipped Seq from 2681 to 2686
Skipped Seq from 2687 to 2690
Skipped Seq from 2690 to 2694
Skipped Seq from 2694 to 2696
Skipped Seq from 2696 to 2701
Skipped Seq from 2703 to 2709
Skipped Seq from 2710 to 2718
Skipped Seq from 2718 to 2722
Skipped Seq from 2722 to 2726
Skipped Seq from 2727 to 2730
Skipped Seq from 2731 to 2735
Skipped Seq from 2735 to 2739
Skipped Seq from 2741 to 2744
Skipped Seq from 2744 to 2746
Skipped Seq from 2746 to 2749
Skipped Seq from 2750 to 2752
Skipped Seq from 2752 to 2755
Skipped Seq from 2755 to 2758
Skipped Seq from 2758 to 2760
Skipped Seq from 2760 to 2762
Skipped Seq from 2762 to 2768
Skipped Seq from 2768 to 2770
Skipped Seq from 2770 to 2772
Skipped Seq from 2772 to 2774
Skipped Seq from 2774 to 2777
Skipped Seq from 2778 to 2781
Skipped Seq from 2791 to 2793
Skipped Seq from 2800 to 2803
Skipped Seq from 2804 to 2806
Skipped Seq from 2807 to 2809
Skipped Seq from 2811 to 2813
Skipped Seq from 2815 to 2817
Skipped Seq from 2823 to 2825
Skipped Seq from 2825 to 2827
Skipped Seq from 2827 to 2829
Skipped Seq from 2830 to 2832
Skipped Seq from 2833 to 2836
Skipped Seq from 2836 to 2838
Skipped Seq from 2841 to 2843
Skipped Seq from 2845 to 2849
Skipped Seq from 2851 to 2853
Skipped Seq from 2853 to 2855
Number of times throttled: 5
Received: 16896 / 18585 packets
Start time: 1332837967.059368
End time: 1332838026.687796
Duration: 59.628428
