Starting client at 10.0.0.17:1261 with timeout:10
My IP address is 10.0.0.17Skipped Seq from 1088 to 1093
Skipped Seq from 1094 to 1096
Skipped Seq from 1096 to 1098
Skipped Seq from 1099 to 1103
Skipped Seq from 1103 to 1107
Skipped Seq from 1107 to 1110
Skipped Seq from 1112 to 1121
Skipped Seq from 1121 to 1124
Skipped Seq from 1124 to 1127
Skipped Seq from 1128 to 1131
Skipped Seq from 1131 to 1136
Skipped Seq from 1136 to 1140
Skipped Seq from 1140 to 1147
Skipped Seq from 1148 to 1154
Skipped Seq from 1155 to 1161
Skipped Seq from 1163 to 1166
Skipped Seq from 1167 to 1169
Skipped Seq from 1169 to 1171
Skipped Seq from 1171 to 1176
Skipped Seq from 1176 to 1181
Skipped Seq from 1181 to 1183
Skipped Seq from 1183 to 1186
Skipped Seq from 1186 to 1201
Skipped Seq from 1207 to 1209
Skipped Seq from 1209 to 1211
Skipped Seq from 1216 to 1218
Skipped Seq from 1224 to 1226
Skipped Seq from 1227 to 1229
Skipped Seq from 1229 to 1231
Skipped Seq from 1231 to 1234
Skipped Seq from 1237 to 1240
Skipped Seq from 1243 to 1247
Skipped Seq from 1257 to 1259
Skipped Seq from 1262 to 1264
Skipped Seq from 1267 to 1269
Skipped Seq from 1270 to 1272
Skipped Seq from 1272 to 1274
Skipped Seq from 1276 to 1279
Skipped Seq from 1280 to 1282
Skipped Seq from 1285 to 1287
Skipped Seq from 1287 to 1289
Skipped Seq from 1292 to 1295
Skipped Seq from 1300 to 1302
Skipped Seq from 1305 to 1307
Skipped Seq from 1324 to 1327
Skipped Seq from 1331 to 1333
Skipped Seq from 1374 to 1376
Skipped Seq from 1397 to 1399
Skipped Seq from 1419 to 1421
Skipped Seq from 1430 to 1432
Skipped Seq from 1448 to 1450
Skipped Seq from 1455 to 1457
Skipped Seq from 1467 to 1469
Skipped Seq from 1471 to 1473
Skipped Seq from 1476 to 1479
Skipped Seq from 1487 to 1489
Skipped Seq from 1495 to 1497
Skipped Seq from 1505 to 1508
Number of times throttled: 1
Received: 11571 / 11695 packets
Start time: 1332838067.907163
End time: 1332838111.687669
Duration: 43.780506
