Starting client at 10.0.0.20:1276 with timeout:10
My IP address is 10.0.0.20Skipped Seq from 10 to 12
Skipped Seq from 14 to 16
Skipped Seq from 16 to 19
Skipped Seq from 19 to 32
Skipped Seq from 32 to 36
Skipped Seq from 36 to 38
Skipped Seq from 39 to 44
Skipped Seq from 50 to 58
Skipped Seq from 58 to 63
Skipped Seq from 63 to 70
Skipped Seq from 73 to 75
Skipped Seq from 75 to 80
Skipped Seq from 83 to 85
Skipped Seq from 86 to 89
Skipped Seq from 89 to 92
Skipped Seq from 94 to 96
Skipped Seq from 98 to 103
Skipped Seq from 105 to 107
Skipped Seq from 110 to 112
Skipped Seq from 112 to 114
Skipped Seq from 114 to 120
Skipped Seq from 120 to 124
Skipped Seq from 126 to 130
Skipped Seq from 130 to 136
Skipped Seq from 137 to 141
Skipped Seq from 141 to 145
Skipped Seq from 145 to 148
Skipped Seq from 149 to 151
Skipped Seq from 153 to 157
Skipped Seq from 158 to 161
Skipped Seq from 165 to 169
Skipped Seq from 170 to 178
Skipped Seq from 178 to 180
Skipped Seq from 180 to 184
Skipped Seq from 185 to 188
Skipped Seq from 188 to 192
Skipped Seq from 192 to 194
Skipped Seq from 194 to 196
Skipped Seq from 198 to 201
Skipped Seq from 202 to 216
Skipped Seq from 216 to 224
Skipped Seq from 225 to 229
Skipped Seq from 230 to 234
Skipped Seq from 235 to 239
Skipped Seq from 240 to 246
Skipped Seq from 248 to 251
Skipped Seq from 253 to 256
Skipped Seq from 257 to 261
Skipped Seq from 269 to 272
Skipped Seq from 272 to 274
Skipped Seq from 276 to 278
Skipped Seq from 278 to 282
Skipped Seq from 284 to 286
Skipped Seq from 286 to 290
Skipped Seq from 290 to 292
Skipped Seq from 292 to 301
Skipped Seq from 304 to 306
Skipped Seq from 311 to 318
Skipped Seq from 320 to 323
Skipped Seq from 326 to 328
Skipped Seq from 330 to 333
Skipped Seq from 338 to 342
Skipped Seq from 342 to 344
Skipped Seq from 344 to 346
Skipped Seq from 349 to 352
Skipped Seq from 352 to 354
Skipped Seq from 354 to 356
Skipped Seq from 356 to 358
Skipped Seq from 364 to 368
Skipped Seq from 371 to 373
Skipped Seq from 374 to 377
Skipped Seq from 380 to 382
Skipped Seq from 382 to 384
Skipped Seq from 384 to 387
Skipped Seq from 389 to 391
Skipped Seq from 391 to 409
Skipped Seq from 409 to 425
Skipped Seq from 425 to 432
Skipped Seq from 433 to 435
Skipped Seq from 437 to 439
Skipped Seq from 443 to 445
Skipped Seq from 446 to 448
Skipped Seq from 448 to 451
Skipped Seq from 451 to 458
Skipped Seq from 460 to 462
Skipped Seq from 464 to 468
Skipped Seq from 468 to 471
Skipped Seq from 472 to 475
Skipped Seq from 475 to 479
Skipped Seq from 480 to 483
Skipped Seq from 483 to 485
Skipped Seq from 487 to 489
Skipped Seq from 490 to 492
Skipped Seq from 492 to 495
Skipped Seq from 496 to 500
Skipped Seq from 500 to 503
Skipped Seq from 503 to 508
Skipped Seq from 508 to 510
Skipped Seq from 521 to 523
Skipped Seq from 523 to 531
Skipped Seq from 531 to 534
Skipped Seq from 535 to 537
Skipped Seq from 538 to 540
Skipped Seq from 541 to 544
Skipped Seq from 544 to 546
Skipped Seq from 546 to 550
Skipped Seq from 551 to 554
Skipped Seq from 554 to 558
Skipped Seq from 558 to 565
Skipped Seq from 565 to 567
Skipped Seq from 567 to 570
Skipped Seq from 570 to 576
Skipped Seq from 578 to 584
Skipped Seq from 584 to 588
Skipped Seq from 588 to 591
Skipped Seq from 591 to 596
Skipped Seq from 598 to 600
Skipped Seq from 608 to 610
Skipped Seq from 610 to 613
Skipped Seq from 614 to 620
Skipped Seq from 620 to 623
Skipped Seq from 623 to 625
Skipped Seq from 628 to 630
Skipped Seq from 630 to 633
Skipped Seq from 633 to 643
Skipped Seq from 643 to 645
Skipped Seq from 645 to 647
Skipped Seq from 647 to 649
Skipped Seq from 649 to 652
Skipped Seq from 652 to 655
Skipped Seq from 655 to 659
Skipped Seq from 659 to 664
Skipped Seq from 664 to 666
Skipped Seq from 666 to 679
Skipped Seq from 679 to 683
Skipped Seq from 683 to 685
Skipped Seq from 686 to 691
Skipped Seq from 692 to 695
Skipped Seq from 696 to 698
Skipped Seq from 703 to 717
Skipped Seq from 717 to 720
Skipped Seq from 721 to 723
Skipped Seq from 723 to 727
Skipped Seq from 729 to 733
Skipped Seq from 733 to 736
Skipped Seq from 736 to 738
Skipped Seq from 738 to 740
Skipped Seq from 740 to 742
Skipped Seq from 742 to 745
Skipped Seq from 745 to 753
Skipped Seq from 757 to 759
Skipped Seq from 762 to 764
Skipped Seq from 764 to 766
Skipped Seq from 768 to 772
Skipped Seq from 772 to 774
Skipped Seq from 775 to 777
Skipped Seq from 777 to 779
Skipped Seq from 779 to 782
Skipped Seq from 782 to 784
Skipped Seq from 785 to 787
Skipped Seq from 787 to 794
Skipped Seq from 794 to 797
Skipped Seq from 797 to 807
Skipped Seq from 807 to 815
Skipped Seq from 815 to 817
Skipped Seq from 821 to 823
Skipped Seq from 823 to 825
Skipped Seq from 827 to 835
Skipped Seq from 835 to 837
Skipped Seq from 837 to 841
Skipped Seq from 841 to 843
Skipped Seq from 844 to 846
Skipped Seq from 846 to 855
Skipped Seq from 856 to 868
Skipped Seq from 868 to 877
Skipped Seq from 879 to 881
Skipped Seq from 884 to 888
Skipped Seq from 888 to 890
Skipped Seq from 890 to 892
Skipped Seq from 893 to 897
Skipped Seq from 898 to 900
Skipped Seq from 900 to 902
Skipped Seq from 906 to 908
Skipped Seq from 912 to 914
Skipped Seq from 915 to 917
Skipped Seq from 923 to 925
Skipped Seq from 926 to 933
Skipped Seq from 933 to 939
Skipped Seq from 939 to 941
Skipped Seq from 942 to 944
Skipped Seq from 944 to 949
Skipped Seq from 957 to 964
Skipped Seq from 964 to 971
Skipped Seq from 971 to 976
Skipped Seq from 976 to 983
Skipped Seq from 983 to 988
Skipped Seq from 988 to 997
Skipped Seq from 997 to 999
Skipped Seq from 999 to 1006
Skipped Seq from 1006 to 1015
Skipped Seq from 1015 to 1017
Skipped Seq from 1017 to 1025
Skipped Seq from 1025 to 1030
Skipped Seq from 1031 to 1038
Skipped Seq from 1038 to 1040
Skipped Seq from 1040 to 1042
Skipped Seq from 1042 to 1044
Skipped Seq from 1044 to 1052
Skipped Seq from 1053 to 1057
Skipped Seq from 1060 to 1063
Skipped Seq from 1067 to 1069
Skipped Seq from 1069 to 1073
Skipped Seq from 1075 to 1077
Skipped Seq from 1084 to 1086
Skipped Seq from 1089 to 1092
Skipped Seq from 1093 to 1102
Skipped Seq from 1102 to 1116
Skipped Seq from 1116 to 1118
Skipped Seq from 1118 to 1128
Skipped Seq from 1130 to 1139
Skipped Seq from 1139 to 1146
Skipped Seq from 1146 to 1152
Skipped Seq from 1152 to 1159
Skipped Seq from 1165 to 1167
Skipped Seq from 1168 to 1175
Skipped Seq from 1177 to 1179
Skipped Seq from 1179 to 1183
Skipped Seq from 1188 to 1190
Skipped Seq from 1193 to 1198
Skipped Seq from 1199 to 1202
Skipped Seq from 1202 to 1204
Skipped Seq from 1204 to 1209
Skipped Seq from 1214 to 1221
Skipped Seq from 1221 to 1223
Skipped Seq from 1223 to 1225
Skipped Seq from 1230 to 1232
Skipped Seq from 1234 to 1236
Skipped Seq from 1236 to 1241
Skipped Seq from 1241 to 1243
Skipped Seq from 1258 to 1260
Skipped Seq from 1261 to 1263
Skipped Seq from 1264 to 1266
Skipped Seq from 1269 to 1272
Skipped Seq from 1272 to 1275
Skipped Seq from 1275 to 1291
Skipped Seq from 1292 to 1294
Skipped Seq from 1299 to 1304
Skipped Seq from 1304 to 1312
Skipped Seq from 1312 to 1314
Skipped Seq from 1314 to 1319
Skipped Seq from 1320 to 1322
Skipped Seq from 1325 to 1332
Skipped Seq from 1333 to 1335
Skipped Seq from 1335 to 1340
Skipped Seq from 1344 to 1357
Skipped Seq from 1358 to 1364
Skipped Seq from 1365 to 1372
Skipped Seq from 1372 to 1375
Skipped Seq from 1377 to 1379
Skipped Seq from 1386 to 1388
Skipped Seq from 1389 to 1391
Skipped Seq from 1400 to 1402
Skipped Seq from 1411 to 1413
Skipped Seq from 1418 to 1420
Skipped Seq from 1421 to 1423
Skipped Seq from 1423 to 1426
Skipped Seq from 1430 to 1435
Skipped Seq from 1435 to 1444
Skipped Seq from 1444 to 1449
Skipped Seq from 1452 to 1454
Skipped Seq from 1455 to 1458
Skipped Seq from 1458 to 1461
Skipped Seq from 1468 to 1473
Skipped Seq from 1473 to 1475
Skipped Seq from 1476 to 1480
Skipped Seq from 1485 to 1490
Skipped Seq from 1495 to 1502
Skipped Seq from 1523 to 1525
Skipped Seq from 1525 to 1527
Skipped Seq from 1530 to 1532
Skipped Seq from 1534 to 1536
Skipped Seq from 1538 to 1540
Skipped Seq from 1542 to 1544
Skipped Seq from 1546 to 1548
Skipped Seq from 1556 to 1560
Skipped Seq from 1561 to 1566
Skipped Seq from 1567 to 1569
Skipped Seq from 1569 to 1572
Skipped Seq from 1574 to 1577
Skipped Seq from 1579 to 1582
Skipped Seq from 1582 to 1585
Skipped Seq from 1588 to 1590
Skipped Seq from 1593 to 1596
Skipped Seq from 1607 to 1609
Skipped Seq from 1613 to 1616
Skipped Seq from 1616 to 1618
Skipped Seq from 1620 to 1623
Skipped Seq from 1624 to 1627
Skipped Seq from 1627 to 1630
Skipped Seq from 1633 to 1635
Skipped Seq from 1635 to 1637
Skipped Seq from 1637 to 1640
Skipped Seq from 1640 to 1642
Skipped Seq from 1642 to 1644
Skipped Seq from 1644 to 1646
Skipped Seq from 1656 to 1658
Skipped Seq from 1658 to 1660
Skipped Seq from 1660 to 1662
Skipped Seq from 1662 to 1664
Skipped Seq from 1665 to 1668
Skipped Seq from 1669 to 1673
Skipped Seq from 1673 to 1676
Skipped Seq from 1680 to 1682
Skipped Seq from 1682 to 1685
Skipped Seq from 1685 to 1688
Skipped Seq from 1688 to 1691
Skipped Seq from 1695 to 1697
Skipped Seq from 1703 to 1705
Skipped Seq from 1709 to 1711
Skipped Seq from 1715 to 1717
Skipped Seq from 1727 to 1729
Skipped Seq from 1735 to 1738
Skipped Seq from 1738 to 1744
Skipped Seq from 1751 to 1757
Skipped Seq from 1757 to 1764
Skipped Seq from 1765 to 1777
Skipped Seq from 1796 to 1799
Skipped Seq from 1814 to 1817
Skipped Seq from 1818 to 1821
Skipped Seq from 1823 to 1825
Skipped Seq from 1825 to 1827
Skipped Seq from 1833 to 1835
Skipped Seq from 1837 to 1840
Skipped Seq from 1841 to 1843
Skipped Seq from 1849 to 1856
Skipped Seq from 1865 to 1873
Skipped Seq from 1874 to 1876
Skipped Seq from 1896 to 1898
Skipped Seq from 1940 to 1942
Number of times throttled: 5
Received: 2284 / 3260 packets
Start time: 1332838248.908342
End time: 1332838267.190954
Duration: 18.282612
