Starting client at 10.0.0.18:1273 with timeout:10
My IP address is 10.0.0.18Skipped Seq from 4882 to 4884
Skipped Seq from 4890 to 4892
Skipped Seq from 4897 to 4900
Skipped Seq from 4929 to 4931
Skipped Seq from 4934 to 4936
Skipped Seq from 4949 to 4951
Skipped Seq from 4956 to 4958
Skipped Seq from 4963 to 4965
Skipped Seq from 4966 to 4968
Skipped Seq from 4968 to 4974
Skipped Seq from 4974 to 4976
Skipped Seq from 4976 to 4979
Skipped Seq from 4979 to 4985
Skipped Seq from 4985 to 5001
Skipped Seq from 5001 to 5004
Skipped Seq from 5005 to 5017
Skipped Seq from 5017 to 5029
Skipped Seq from 5029 to 5031
Skipped Seq from 5031 to 5038
Skipped Seq from 5038 to 5044
Skipped Seq from 5044 to 5046
Skipped Seq from 5046 to 5054
Skipped Seq from 5055 to 5062
Skipped Seq from 5063 to 5069
Skipped Seq from 5070 to 5079
Skipped Seq from 5079 to 5083
Skipped Seq from 5083 to 5097
Skipped Seq from 5097 to 5104
Skipped Seq from 5105 to 5117
Skipped Seq from 5117 to 5129
Skipped Seq from 5129 to 5133
Skipped Seq from 5133 to 5138
Skipped Seq from 5138 to 5142
Skipped Seq from 5142 to 5144
Skipped Seq from 5144 to 5146
Skipped Seq from 5146 to 5164
Skipped Seq from 5164 to 5166
Skipped Seq from 5166 to 5229
Skipped Seq from 5229 to 5254
Skipped Seq from 5254 to 5264
Skipped Seq from 5264 to 5267
Skipped Seq from 5267 to 5269
Skipped Seq from 5270 to 5276
Skipped Seq from 5276 to 5278
Skipped Seq from 5278 to 5282
Skipped Seq from 5282 to 5292
Skipped Seq from 5292 to 5295
Skipped Seq from 5295 to 5297
Skipped Seq from 5299 to 5301
Skipped Seq from 5301 to 5304
Skipped Seq from 5304 to 5313
Skipped Seq from 5313 to 5331
Skipped Seq from 5331 to 5345
Skipped Seq from 5345 to 5360
Skipped Seq from 5360 to 5362
Skipped Seq from 5362 to 5368
Skipped Seq from 5369 to 5383
Skipped Seq from 5383 to 5388
Skipped Seq from 5389 to 5392
Skipped Seq from 5392 to 5394
Skipped Seq from 5394 to 5396
Skipped Seq from 5397 to 5400
Skipped Seq from 5400 to 5407
Skipped Seq from 5409 to 5414
Skipped Seq from 5414 to 5423
Skipped Seq from 5423 to 5428
Skipped Seq from 5428 to 5432
Skipped Seq from 5432 to 5437
Skipped Seq from 5437 to 5454
Number of times throttled: 1
Received: 5031 / 5465 packets
Start time: 1332838481.354069
End time: 1332838510.781418
Duration: 29.427349
