Starting client at 10.0.0.24:1260 with timeout:10
My IP address is 10.0.0.24Skipped Seq from 1 to 6
Skipped Seq from 6 to 9
Skipped Seq from 14 to 16
Skipped Seq from 20 to 22
Skipped Seq from 25 to 27
Skipped Seq from 38 to 40
Skipped Seq from 67 to 69
Skipped Seq from 71 to 73
Skipped Seq from 74 to 76
Skipped Seq from 76 to 78
Skipped Seq from 86 to 89
Skipped Seq from 91 to 93
Skipped Seq from 97 to 102
Skipped Seq from 105 to 107
Skipped Seq from 108 to 110
Skipped Seq from 115 to 117
Skipped Seq from 131 to 133
Skipped Seq from 138 to 142
Skipped Seq from 317 to 321
Skipped Seq from 324 to 328
Skipped Seq from 330 to 333
Skipped Seq from 333 to 335
Skipped Seq from 346 to 353
Skipped Seq from 353 to 355
Skipped Seq from 358 to 360
Skipped Seq from 364 to 367
Skipped Seq from 370 to 372
Skipped Seq from 378 to 380
Skipped Seq from 382 to 384
Skipped Seq from 384 to 386
Skipped Seq from 387 to 392
Skipped Seq from 392 to 395
Skipped Seq from 395 to 397
Skipped Seq from 401 to 403
Skipped Seq from 403 to 405
Skipped Seq from 407 to 409
Skipped Seq from 412 to 414
Skipped Seq from 416 to 420
Skipped Seq from 421 to 424
Skipped Seq from 432 to 434
Skipped Seq from 438 to 440
Skipped Seq from 451 to 454
Skipped Seq from 458 to 461
Skipped Seq from 463 to 465
Skipped Seq from 466 to 468
Skipped Seq from 474 to 476
Skipped Seq from 480 to 482
Skipped Seq from 487 to 490
Skipped Seq from 497 to 499
Skipped Seq from 509 to 511
Skipped Seq from 513 to 516
Skipped Seq from 517 to 521
Skipped Seq from 521 to 523
Skipped Seq from 523 to 525
Skipped Seq from 526 to 528
Skipped Seq from 528 to 530
Skipped Seq from 530 to 535
Skipped Seq from 536 to 540
Skipped Seq from 540 to 542
Skipped Seq from 551 to 553
Skipped Seq from 553 to 555
Skipped Seq from 555 to 557
Skipped Seq from 562 to 565
Skipped Seq from 568 to 570
Skipped Seq from 570 to 573
Skipped Seq from 575 to 579
Skipped Seq from 582 to 586
Skipped Seq from 587 to 589
Skipped Seq from 591 to 593
Skipped Seq from 593 to 595
Skipped Seq from 597 to 601
Skipped Seq from 601 to 603
Skipped Seq from 603 to 605
Skipped Seq from 606 to 608
Skipped Seq from 608 to 611
Skipped Seq from 611 to 613
Skipped Seq from 613 to 616
Skipped Seq from 620 to 622
Skipped Seq from 622 to 628
Skipped Seq from 630 to 632
Skipped Seq from 634 to 637
Skipped Seq from 640 to 644
Skipped Seq from 644 to 646
Skipped Seq from 646 to 648
Skipped Seq from 648 to 650
Skipped Seq from 652 to 657
Skipped Seq from 658 to 660
Skipped Seq from 660 to 662
Skipped Seq from 662 to 666
Skipped Seq from 668 to 670
Skipped Seq from 671 to 673
Skipped Seq from 673 to 680
Skipped Seq from 683 to 687
Skipped Seq from 688 to 690
Skipped Seq from 700 to 703
Skipped Seq from 712 to 716
Skipped Seq from 719 to 721
Skipped Seq from 721 to 723
Skipped Seq from 733 to 735
Skipped Seq from 736 to 739
Skipped Seq from 740 to 745
Skipped Seq from 752 to 756
Skipped Seq from 756 to 758
Skipped Seq from 764 to 766
Skipped Seq from 776 to 778
Skipped Seq from 781 to 783
Skipped Seq from 793 to 795
Skipped Seq from 799 to 805
Skipped Seq from 807 to 809
Skipped Seq from 811 to 813
Skipped Seq from 817 to 825
Skipped Seq from 825 to 827
Skipped Seq from 829 to 831
Skipped Seq from 831 to 834
Skipped Seq from 834 to 836
Skipped Seq from 838 to 842
Skipped Seq from 845 to 847
Skipped Seq from 847 to 853
Skipped Seq from 853 to 857
Skipped Seq from 857 to 862
Skipped Seq from 866 to 869
Skipped Seq from 869 to 871
Skipped Seq from 883 to 887
Skipped Seq from 887 to 892
Skipped Seq from 894 to 896
Skipped Seq from 897 to 899
Skipped Seq from 901 to 903
Skipped Seq from 904 to 906
Skipped Seq from 909 to 911
Skipped Seq from 918 to 920
Skipped Seq from 924 to 933
Skipped Seq from 938 to 940
Skipped Seq from 943 to 945
Skipped Seq from 948 to 950
Skipped Seq from 953 to 956
Skipped Seq from 968 to 972
Skipped Seq from 972 to 974
Skipped Seq from 974 to 976
Skipped Seq from 983 to 985
Skipped Seq from 989 to 993
Skipped Seq from 1207 to 1209
Skipped Seq from 1526 to 1530
Skipped Seq from 1534 to 1536
Skipped Seq from 1537 to 1539
Skipped Seq from 1539 to 1541
Skipped Seq from 1541 to 1543
Skipped Seq from 1548 to 1550
Skipped Seq from 1555 to 1558
Skipped Seq from 1559 to 1561
Skipped Seq from 1562 to 1564
Skipped Seq from 1565 to 1569
Skipped Seq from 1572 to 1574
Skipped Seq from 1578 to 1581
Skipped Seq from 1581 to 1583
Skipped Seq from 1583 to 1585
Skipped Seq from 1589 to 1591
Skipped Seq from 1591 to 1593
Skipped Seq from 1596 to 1598
Skipped Seq from 1598 to 1600
Skipped Seq from 1606 to 1608
Skipped Seq from 1614 to 1616
Skipped Seq from 1617 to 1619
Skipped Seq from 1622 to 1624
Skipped Seq from 1629 to 1631
Skipped Seq from 1632 to 1635
Skipped Seq from 1637 to 1639
Skipped Seq from 1639 to 1642
Skipped Seq from 1642 to 1644
Skipped Seq from 1649 to 1651
Skipped Seq from 1653 to 1655
Skipped Seq from 1659 to 1662
Skipped Seq from 1663 to 1665
Skipped Seq from 1674 to 1676
Skipped Seq from 1692 to 1695
Skipped Seq from 1695 to 1697
Skipped Seq from 1697 to 1701
Skipped Seq from 1701 to 1703
Skipped Seq from 1704 to 1708
Skipped Seq from 1709 to 1712
Skipped Seq from 1712 to 1715
Skipped Seq from 1720 to 1722
Skipped Seq from 1723 to 1725
Skipped Seq from 1733 to 1735
Skipped Seq from 1736 to 1739
Skipped Seq from 1740 to 1742
Skipped Seq from 1745 to 1748
Skipped Seq from 1748 to 1751
Skipped Seq from 1751 to 1753
Skipped Seq from 1755 to 1757
Skipped Seq from 1762 to 1768
Skipped Seq from 1782 to 1785
Skipped Seq from 1801 to 1803
Skipped Seq from 6341 to 6344
Skipped Seq from 6345 to 6347
Skipped Seq from 6347 to 6350
Skipped Seq from 6350 to 6352
Skipped Seq from 6354 to 6356
Skipped Seq from 6362 to 6364
Skipped Seq from 6368 to 6370
Skipped Seq from 6379 to 6382
Skipped Seq from 6382 to 6386
Skipped Seq from 6386 to 6388
Skipped Seq from 6388 to 6390
Skipped Seq from 6390 to 6392
Skipped Seq from 6393 to 6396
Skipped Seq from 6401 to 6403
Skipped Seq from 6403 to 6405
Skipped Seq from 6413 to 6415
Skipped Seq from 6421 to 6424
Skipped Seq from 6426 to 6430
Skipped Seq from 6430 to 6432
Skipped Seq from 6436 to 6438
Skipped Seq from 6445 to 6447
Skipped Seq from 6447 to 6450
Skipped Seq from 6450 to 6455
Skipped Seq from 6455 to 6457
Skipped Seq from 6457 to 6462
Skipped Seq from 6462 to 6464
Skipped Seq from 6464 to 6469
Skipped Seq from 6469 to 6472
Skipped Seq from 6472 to 6474
Skipped Seq from 6474 to 6476
Skipped Seq from 6476 to 6479
Skipped Seq from 6479 to 6482
Skipped Seq from 6482 to 6484
Skipped Seq from 6485 to 6488
Skipped Seq from 6489 to 6491
Skipped Seq from 6491 to 6496
Skipped Seq from 6498 to 6500
Skipped Seq from 6500 to 6503
Skipped Seq from 6503 to 6505
Skipped Seq from 6505 to 6507
Skipped Seq from 6507 to 6510
Skipped Seq from 6510 to 6512
Skipped Seq from 6512 to 6515
Skipped Seq from 6515 to 6518
Skipped Seq from 6518 to 6520
Skipped Seq from 6520 to 6523
Skipped Seq from 6523 to 6525
Skipped Seq from 6526 to 6531
Skipped Seq from 6531 to 6533
Skipped Seq from 6534 to 6536
Skipped Seq from 6536 to 6538
Skipped Seq from 6538 to 6540
Skipped Seq from 6541 to 6543
Skipped Seq from 6543 to 6547
Skipped Seq from 6547 to 6549
Skipped Seq from 6550 to 6554
Skipped Seq from 6555 to 6557
Skipped Seq from 6557 to 6561
Skipped Seq from 6561 to 6568
Skipped Seq from 6568 to 6571
Skipped Seq from 6575 to 6577
Skipped Seq from 6577 to 6579
Skipped Seq from 6579 to 6581
Skipped Seq from 6581 to 6584
Skipped Seq from 6584 to 6586
Skipped Seq from 6591 to 6593
Skipped Seq from 6597 to 6601
Skipped Seq from 6602 to 6606
Skipped Seq from 6612 to 6614
Skipped Seq from 6616 to 6618
Skipped Seq from 6622 to 6624
Skipped Seq from 6624 to 6626
Skipped Seq from 6626 to 6628
Skipped Seq from 6631 to 6633
Skipped Seq from 6634 to 6636
Skipped Seq from 6636 to 6638
Skipped Seq from 6638 to 6641
Skipped Seq from 6643 to 6646
Skipped Seq from 6646 to 6649
Skipped Seq from 6651 to 6654
Skipped Seq from 6655 to 6658
Skipped Seq from 6662 to 6664
Skipped Seq from 6667 to 6669
Skipped Seq from 6672 to 6674
Skipped Seq from 6680 to 6682
Skipped Seq from 6688 to 6691
Skipped Seq from 6692 to 6694
Skipped Seq from 6696 to 6698
Skipped Seq from 6700 to 6702
Skipped Seq from 6702 to 6705
Skipped Seq from 6708 to 6711
Skipped Seq from 6711 to 6717
Skipped Seq from 6717 to 6719
Skipped Seq from 6720 to 6726
Skipped Seq from 6726 to 6728
Skipped Seq from 6728 to 6730
Skipped Seq from 6745 to 6747
Skipped Seq from 6748 to 6751
Skipped Seq from 6751 to 6753
Skipped Seq from 6755 to 6761
Skipped Seq from 6762 to 6765
Skipped Seq from 6765 to 6769
Skipped Seq from 6770 to 6772
Skipped Seq from 6773 to 6777
Skipped Seq from 6778 to 6780
Skipped Seq from 6780 to 6785
Skipped Seq from 6785 to 6787
Skipped Seq from 6787 to 6792
Skipped Seq from 6792 to 6795
Skipped Seq from 6795 to 6798
Skipped Seq from 6799 to 6801
Skipped Seq from 6803 to 6805
Skipped Seq from 6808 to 6810
Skipped Seq from 6810 to 6812
Skipped Seq from 6812 to 6817
Skipped Seq from 6818 to 6821
Skipped Seq from 6823 to 6825
Skipped Seq from 6825 to 6829
Skipped Seq from 6829 to 6832
Skipped Seq from 6833 to 6835
Skipped Seq from 6835 to 6837
Skipped Seq from 6842 to 6846
Skipped Seq from 6847 to 6854
Skipped Seq from 6855 to 6862
Skipped Seq from 6863 to 6865
Skipped Seq from 6865 to 6871
Skipped Seq from 6872 to 6874
Skipped Seq from 6874 to 6880
Skipped Seq from 6882 to 6884
Skipped Seq from 6896 to 6898
Skipped Seq from 6899 to 6901
Skipped Seq from 6903 to 6905
Skipped Seq from 6912 to 6914
Skipped Seq from 6920 to 6923
Skipped Seq from 6923 to 6928
Skipped Seq from 6929 to 6932
Skipped Seq from 6934 to 6937
Skipped Seq from 6937 to 6945
Skipped Seq from 6946 to 6949
Skipped Seq from 6949 to 6954
Skipped Seq from 6963 to 6968
Skipped Seq from 6969 to 6973
Skipped Seq from 6973 to 6976
Skipped Seq from 6981 to 6994
Skipped Seq from 6994 to 7004
Skipped Seq from 7006 to 7009
Skipped Seq from 7010 to 7013
Skipped Seq from 7013 to 7016
Skipped Seq from 7016 to 7020
Skipped Seq from 7020 to 7025
Skipped Seq from 7027 to 7030
Skipped Seq from 7030 to 7033
Skipped Seq from 7034 to 7036
Skipped Seq from 7036 to 7038
Skipped Seq from 7039 to 7041
Skipped Seq from 7041 to 7043
Skipped Seq from 7049 to 7051
Skipped Seq from 7052 to 7059
Skipped Seq from 7059 to 7061
Skipped Seq from 7061 to 7063
Skipped Seq from 7063 to 7068
Skipped Seq from 7068 to 7071
Skipped Seq from 7071 to 7073
Skipped Seq from 7074 to 7078
Skipped Seq from 7078 to 7080
Skipped Seq from 7080 to 7082
Skipped Seq from 7082 to 7086
Skipped Seq from 7087 to 7090
Skipped Seq from 7092 to 7095
Skipped Seq from 7095 to 7097
Skipped Seq from 7098 to 7101
Skipped Seq from 7101 to 7103
Skipped Seq from 7104 to 7107
Skipped Seq from 7108 to 7110
Skipped Seq from 7111 to 7115
Skipped Seq from 7115 to 7121
Skipped Seq from 7122 to 7126
Skipped Seq from 7127 to 7129
Skipped Seq from 7129 to 7132
Skipped Seq from 7139 to 7143
Skipped Seq from 7143 to 7145
Skipped Seq from 7147 to 7149
Skipped Seq from 7149 to 7152
Skipped Seq from 7152 to 7154
Skipped Seq from 7157 to 7159
Skipped Seq from 7163 to 7165
Skipped Seq from 7165 to 7167
Skipped Seq from 7171 to 7173
Skipped Seq from 7184 to 7186
Skipped Seq from 7195 to 7197
Skipped Seq from 7197 to 7199
Skipped Seq from 7199 to 7201
Skipped Seq from 7201 to 7204
Skipped Seq from 7208 to 7210
Skipped Seq from 7211 to 7213
Skipped Seq from 7214 to 7216
Skipped Seq from 7225 to 7227
Skipped Seq from 7228 to 7230
Skipped Seq from 7233 to 7235
Skipped Seq from 7248 to 7250
Skipped Seq from 7250 to 7252
Skipped Seq from 7252 to 7257
Skipped Seq from 7258 to 7260
Skipped Seq from 7262 to 7265
Skipped Seq from 7265 to 7268
Skipped Seq from 7269 to 7271
Skipped Seq from 7272 to 7274
Skipped Seq from 7274 to 7276
Skipped Seq from 7276 to 7280
Skipped Seq from 7281 to 7285
Skipped Seq from 7285 to 7287
Skipped Seq from 7288 to 7290
Skipped Seq from 7290 to 7295
Skipped Seq from 7296 to 7300
Skipped Seq from 7300 to 7303
Skipped Seq from 7303 to 7305
Skipped Seq from 7306 to 7310
Skipped Seq from 7310 to 7314
Skipped Seq from 7317 to 7322
Skipped Seq from 7322 to 7324
Skipped Seq from 7324 to 7328
Skipped Seq from 7328 to 7331
Skipped Seq from 7331 to 7335
Skipped Seq from 7339 to 7341
Skipped Seq from 7344 to 7346
Skipped Seq from 7346 to 7348
Skipped Seq from 7348 to 7350
Skipped Seq from 7351 to 7353
Skipped Seq from 7355 to 7357
Skipped Seq from 7360 to 7362
Skipped Seq from 7362 to 7364
Skipped Seq from 7367 to 7369
Skipped Seq from 7370 to 7376
Skipped Seq from 7376 to 7379
Skipped Seq from 7379 to 7381
Skipped Seq from 7381 to 7385
Skipped Seq from 7385 to 7388
Skipped Seq from 7388 to 7390
Skipped Seq from 7390 to 7396
Skipped Seq from 7396 to 7399
Skipped Seq from 7399 to 7401
Skipped Seq from 7401 to 7403
Skipped Seq from 7405 to 7407
Skipped Seq from 7409 to 7413
Skipped Seq from 7413 to 7415
Skipped Seq from 7416 to 7419
Skipped Seq from 7419 to 7421
Skipped Seq from 7421 to 7424
Skipped Seq from 7426 to 7428
Skipped Seq from 7429 to 7431
Skipped Seq from 7459 to 7461
Skipped Seq from 7461 to 7463
Skipped Seq from 7463 to 7466
Skipped Seq from 7467 to 7469
Skipped Seq from 7469 to 7473
Skipped Seq from 7473 to 7476
Skipped Seq from 7476 to 7478
Skipped Seq from 7480 to 7482
Skipped Seq from 7484 to 7486
Skipped Seq from 7491 to 7493
Skipped Seq from 7495 to 7498
Skipped Seq from 7500 to 7502
Skipped Seq from 7504 to 7506
Skipped Seq from 7506 to 7508
Skipped Seq from 7508 to 7513
Skipped Seq from 7513 to 7515
Skipped Seq from 7515 to 7518
Skipped Seq from 7518 to 7520
Skipped Seq from 7520 to 7523
Skipped Seq from 7528 to 7530
Skipped Seq from 7531 to 7533
Skipped Seq from 7533 to 7536
Skipped Seq from 7545 to 7547
Skipped Seq from 7550 to 7554
Skipped Seq from 7556 to 7559
Skipped Seq from 7562 to 7566
Skipped Seq from 7569 to 7573
Skipped Seq from 7574 to 7578
Skipped Seq from 7578 to 7580
Skipped Seq from 7580 to 7584
Skipped Seq from 7584 to 7586
Skipped Seq from 7587 to 7590
Skipped Seq from 7590 to 7592
Skipped Seq from 7592 to 7595
Skipped Seq from 7595 to 7598
Skipped Seq from 7599 to 7601
Skipped Seq from 7601 to 7604
Skipped Seq from 7605 to 7610
Skipped Seq from 7610 to 7616
Skipped Seq from 7619 to 7622
Skipped Seq from 7622 to 7624
Skipped Seq from 7627 to 7629
Skipped Seq from 7633 to 7635
Skipped Seq from 7639 to 7641
Skipped Seq from 7643 to 7647
Skipped Seq from 7647 to 7653
Skipped Seq from 7654 to 7657
Skipped Seq from 7663 to 7665
Skipped Seq from 7665 to 7667
Skipped Seq from 7667 to 7669
Skipped Seq from 7669 to 7671
Skipped Seq from 7672 to 7675
Skipped Seq from 7675 to 7677
Skipped Seq from 7677 to 7682
Skipped Seq from 7682 to 7684
Skipped Seq from 7684 to 7687
Skipped Seq from 7687 to 7693
Skipped Seq from 7693 to 7696
Skipped Seq from 7697 to 7701
Skipped Seq from 7702 to 7708
Skipped Seq from 7709 to 7711
Skipped Seq from 7714 to 7719
Skipped Seq from 7732 to 7735
Skipped Seq from 7735 to 7741
Skipped Seq from 7741 to 7743
Skipped Seq from 7744 to 7748
Skipped Seq from 7750 to 7753
Skipped Seq from 7753 to 7756
Skipped Seq from 7756 to 7758
Skipped Seq from 7758 to 7760
Skipped Seq from 7762 to 7765
Skipped Seq from 7765 to 7767
Skipped Seq from 7768 to 7770
Skipped Seq from 7771 to 7774
Skipped Seq from 7775 to 7779
Skipped Seq from 7782 to 7786
Skipped Seq from 7787 to 7789
Skipped Seq from 7791 to 7794
Skipped Seq from 7794 to 7796
Skipped Seq from 7796 to 7798
Skipped Seq from 7799 to 7801
Skipped Seq from 7802 to 7804
Skipped Seq from 7806 to 7808
Skipped Seq from 7809 to 7817
Skipped Seq from 7817 to 7820
Skipped Seq from 7820 to 7822
Skipped Seq from 7824 to 7826
Skipped Seq from 7836 to 7838
Skipped Seq from 7843 to 7845
Skipped Seq from 7847 to 7849
Skipped Seq from 7854 to 7856
Skipped Seq from 7859 to 7861
Skipped Seq from 7872 to 7876
Skipped Seq from 7876 to 7881
Skipped Seq from 7881 to 7884
Skipped Seq from 7884 to 7886
Skipped Seq from 7888 to 7890
Skipped Seq from 7892 to 7894
Skipped Seq from 7898 to 7900
Skipped Seq from 7904 to 7908
Skipped Seq from 7908 to 7910
Skipped Seq from 7911 to 7914
Skipped Seq from 7914 to 7916
Skipped Seq from 7921 to 7923
Skipped Seq from 7924 to 7926
Skipped Seq from 7929 to 7931
Skipped Seq from 7935 to 7937
Skipped Seq from 7939 to 7941
Skipped Seq from 7947 to 7950
Skipped Seq from 7950 to 7955
Skipped Seq from 7955 to 7958
Skipped Seq from 7958 to 7965
Skipped Seq from 7965 to 7968
Skipped Seq from 7968 to 7972
Skipped Seq from 7972 to 7975
Skipped Seq from 7975 to 7977
Skipped Seq from 7977 to 7979
Skipped Seq from 7979 to 7983
Skipped Seq from 7983 to 7990
Skipped Seq from 7990 to 7996
Skipped Seq from 7996 to 7998
Skipped Seq from 7999 to 8004
Skipped Seq from 8004 to 8008
Skipped Seq from 8008 to 8014
Skipped Seq from 8014 to 8019
Skipped Seq from 8020 to 8023
Skipped Seq from 8023 to 8026
Skipped Seq from 8026 to 8030
Skipped Seq from 8032 to 8036
Skipped Seq from 8040 to 8043
Skipped Seq from 8043 to 8048
Skipped Seq from 8048 to 8053
Skipped Seq from 8055 to 8059
Skipped Seq from 8059 to 8061
Skipped Seq from 8061 to 8064
Skipped Seq from 8065 to 8067
Skipped Seq from 8067 to 8071
Skipped Seq from 8071 to 8073
Skipped Seq from 8073 to 8079
Skipped Seq from 8086 to 8088
Skipped Seq from 8093 to 8095
Skipped Seq from 8100 to 8103
Skipped Seq from 8107 to 8109
Skipped Seq from 8123 to 8125
Skipped Seq from 8128 to 8130
Skipped Seq from 8130 to 8136
Skipped Seq from 8136 to 8138
Skipped Seq from 8138 to 8141
Skipped Seq from 8141 to 8147
Skipped Seq from 8147 to 8149
Skipped Seq from 8150 to 8152
Skipped Seq from 8152 to 8155
Skipped Seq from 8157 to 8163
Skipped Seq from 8163 to 8167
Skipped Seq from 8167 to 8171
Skipped Seq from 8171 to 8174
Skipped Seq from 8174 to 8180
Skipped Seq from 8180 to 8188
Skipped Seq from 8188 to 8191
Skipped Seq from 8191 to 8194
Skipped Seq from 8194 to 8201
Skipped Seq from 8201 to 8204
Skipped Seq from 8204 to 8209
Skipped Seq from 8209 to 8213
Skipped Seq from 8213 to 8218
Number of times throttled: 10
Received: 7039 / 8221 packets
Start time: 1332837662.101452
End time: 1332837695.767560
Duration: 33.666108
