Starting client at 10.0.0.15:1254 with timeout:10
My IP address is 10.0.0.15Skipped Seq from 1414 to 1416
Skipped Seq from 1416 to 1419
Skipped Seq from 1422 to 1424
Skipped Seq from 1424 to 1426
Skipped Seq from 1426 to 1430
Skipped Seq from 1430 to 1432
Skipped Seq from 1432 to 1434
Skipped Seq from 1435 to 1440
Skipped Seq from 1441 to 1447
Skipped Seq from 1457 to 1459
Skipped Seq from 1461 to 1463
Skipped Seq from 1463 to 1465
Skipped Seq from 1465 to 1467
Skipped Seq from 1467 to 1470
Skipped Seq from 1471 to 1473
Skipped Seq from 1473 to 1476
Skipped Seq from 1476 to 1480
Skipped Seq from 1480 to 1483
Skipped Seq from 1484 to 1487
Skipped Seq from 1487 to 1494
Skipped Seq from 1498 to 1500
Skipped Seq from 1501 to 1506
Skipped Seq from 1506 to 1508
Skipped Seq from 1509 to 1514
Skipped Seq from 1527 to 1529
Skipped Seq from 1544 to 1546
Skipped Seq from 1551 to 1554
Skipped Seq from 1559 to 1561
Skipped Seq from 1564 to 1566
Skipped Seq from 1567 to 1569
Skipped Seq from 1575 to 1577
Skipped Seq from 1581 to 1583
Skipped Seq from 1591 to 1593
Skipped Seq from 1593 to 1595
Skipped Seq from 1602 to 1605
Skipped Seq from 1608 to 1610
Skipped Seq from 1613 to 1615
Skipped Seq from 1618 to 1620
Skipped Seq from 1622 to 1624
Skipped Seq from 1633 to 1637
Skipped Seq from 1637 to 1639
Skipped Seq from 1639 to 1642
Skipped Seq from 1642 to 1644
Skipped Seq from 1645 to 1647
Skipped Seq from 1647 to 1649
Skipped Seq from 1652 to 1657
Skipped Seq from 1659 to 1661
Skipped Seq from 1661 to 1664
Skipped Seq from 1666 to 1668
Skipped Seq from 1673 to 1675
Skipped Seq from 1675 to 1680
Skipped Seq from 1681 to 1684
Skipped Seq from 1684 to 1686
Skipped Seq from 1686 to 1688
Skipped Seq from 1688 to 1691
Skipped Seq from 1694 to 1696
Skipped Seq from 1696 to 1700
Skipped Seq from 1702 to 1704
Skipped Seq from 1705 to 1707
Skipped Seq from 1710 to 1712
Skipped Seq from 1713 to 1715
Skipped Seq from 1718 to 1720
Skipped Seq from 1720 to 1722
Skipped Seq from 1725 to 1727
Skipped Seq from 1727 to 1732
Skipped Seq from 1733 to 1735
Skipped Seq from 1735 to 1737
Skipped Seq from 1737 to 1740
Skipped Seq from 1740 to 1742
Skipped Seq from 1742 to 1744
Skipped Seq from 1744 to 1747
Skipped Seq from 1747 to 1750
Skipped Seq from 1750 to 1752
Skipped Seq from 1752 to 1755
Skipped Seq from 1755 to 1757
Skipped Seq from 1758 to 1760
Skipped Seq from 1760 to 1762
Skipped Seq from 1762 to 1764
Skipped Seq from 1764 to 1767
Skipped Seq from 1768 to 1770
Skipped Seq from 1772 to 1774
Skipped Seq from 1785 to 1787
Skipped Seq from 1792 to 1794
Skipped Seq from 1794 to 1796
Skipped Seq from 1796 to 1798
Skipped Seq from 1798 to 1802
Skipped Seq from 1802 to 1804
Skipped Seq from 1804 to 1810
Skipped Seq from 1810 to 1812
Skipped Seq from 1812 to 1815
Skipped Seq from 1820 to 1824
Skipped Seq from 1832 to 1834
Skipped Seq from 1838 to 1840
Skipped Seq from 1842 to 1844
Skipped Seq from 1848 to 1850
Skipped Seq from 1865 to 1868
Skipped Seq from 1869 to 1871
Skipped Seq from 1872 to 1875
Skipped Seq from 1875 to 1877
Skipped Seq from 1878 to 1880
Skipped Seq from 1886 to 1888
Skipped Seq from 1889 to 1892
Skipped Seq from 1895 to 1897
Skipped Seq from 1903 to 1906
Skipped Seq from 1906 to 1910
Skipped Seq from 1916 to 1919
Skipped Seq from 1919 to 1921
Skipped Seq from 1922 to 1924
Skipped Seq from 1925 to 1927
Skipped Seq from 1930 to 1932
Skipped Seq from 1933 to 1935
Skipped Seq from 1937 to 1939
Skipped Seq from 1948 to 1952
Skipped Seq from 1952 to 1955
Skipped Seq from 1956 to 1959
Skipped Seq from 1959 to 1962
Skipped Seq from 1963 to 1969
Skipped Seq from 1969 to 1971
Skipped Seq from 1971 to 1973
Skipped Seq from 1973 to 1977
Skipped Seq from 1977 to 1983
Skipped Seq from 1983 to 1987
Skipped Seq from 1988 to 1990
Skipped Seq from 1996 to 1998
Skipped Seq from 1998 to 2000
Skipped Seq from 2000 to 2002
Skipped Seq from 2002 to 2005
Skipped Seq from 2010 to 2014
Skipped Seq from 2020 to 2022
Skipped Seq from 2026 to 2033
Skipped Seq from 2034 to 2036
Skipped Seq from 2036 to 2038
Skipped Seq from 2042 to 2044
Skipped Seq from 2045 to 2047
Skipped Seq from 2056 to 2058
Skipped Seq from 2065 to 2069
Skipped Seq from 2072 to 2074
Skipped Seq from 2074 to 2076
Skipped Seq from 2076 to 2078
Skipped Seq from 2080 to 2082
Skipped Seq from 2087 to 2089
Skipped Seq from 2096 to 2099
Skipped Seq from 2099 to 2101
Skipped Seq from 2102 to 2104
Skipped Seq from 2104 to 2106
Skipped Seq from 2106 to 2108
Skipped Seq from 2109 to 2111
Skipped Seq from 2111 to 2113
Skipped Seq from 2113 to 2115
Skipped Seq from 2115 to 2117
Skipped Seq from 2117 to 2119
Skipped Seq from 2119 to 2121
Skipped Seq from 2121 to 2123
Skipped Seq from 2130 to 2132
Skipped Seq from 2139 to 2141
Skipped Seq from 2143 to 2145
Skipped Seq from 2149 to 2151
Skipped Seq from 2156 to 2159
Skipped Seq from 2161 to 2163
Skipped Seq from 2165 to 2167
Skipped Seq from 2167 to 2169
Skipped Seq from 2172 to 2174
Skipped Seq from 2175 to 2177
Skipped Seq from 2178 to 2180
Skipped Seq from 2180 to 2182
Skipped Seq from 2192 to 2194
Skipped Seq from 2199 to 2203
Skipped Seq from 2203 to 2206
Skipped Seq from 2206 to 2214
Skipped Seq from 2214 to 2216
Skipped Seq from 2216 to 2218
Skipped Seq from 2220 to 2222
Skipped Seq from 2223 to 2227
Skipped Seq from 2227 to 2229
Skipped Seq from 2229 to 2232
Skipped Seq from 2233 to 2235
Skipped Seq from 2235 to 2238
Skipped Seq from 2238 to 2241
Skipped Seq from 2242 to 2251
Skipped Seq from 2252 to 2257
Skipped Seq from 2257 to 2261
Skipped Seq from 2262 to 2264
Skipped Seq from 2265 to 2267
Skipped Seq from 2271 to 2273
Skipped Seq from 2273 to 2275
Skipped Seq from 2276 to 2278
Skipped Seq from 2279 to 2281
Skipped Seq from 2282 to 2286
Skipped Seq from 2286 to 2293
Skipped Seq from 2293 to 2295
Skipped Seq from 2295 to 2298
Skipped Seq from 2299 to 2303
Skipped Seq from 2303 to 2305
Skipped Seq from 2305 to 2309
Skipped Seq from 2309 to 2311
Skipped Seq from 2311 to 2315
Skipped Seq from 2316 to 2318
Skipped Seq from 2328 to 2331
Skipped Seq from 2332 to 2334
Skipped Seq from 2338 to 2341
Skipped Seq from 2349 to 2351
Skipped Seq from 2353 to 2357
Skipped Seq from 2359 to 2361
Skipped Seq from 2363 to 2365
Skipped Seq from 2366 to 2368
Skipped Seq from 2371 to 2375
Skipped Seq from 2381 to 2384
Skipped Seq from 2384 to 2386
Skipped Seq from 2386 to 2388
Skipped Seq from 2391 to 2393
Skipped Seq from 2398 to 2400
Skipped Seq from 2402 to 2405
Skipped Seq from 2405 to 2407
Skipped Seq from 2407 to 2411
Skipped Seq from 2411 to 2414
Skipped Seq from 2416 to 2418
Skipped Seq from 2418 to 2421
Skipped Seq from 2421 to 2424
Skipped Seq from 2424 to 2427
Skipped Seq from 2427 to 2430
Skipped Seq from 2431 to 2435
Skipped Seq from 2435 to 2438
Skipped Seq from 2439 to 2441
Skipped Seq from 2446 to 2448
Skipped Seq from 2451 to 2453
Skipped Seq from 2458 to 2460
Skipped Seq from 2465 to 2467
Skipped Seq from 2470 to 2473
Skipped Seq from 2473 to 2478
Skipped Seq from 2480 to 2482
Skipped Seq from 2483 to 2485
Skipped Seq from 2485 to 2487
Skipped Seq from 2492 to 2496
Skipped Seq from 2496 to 2500
Skipped Seq from 2500 to 2504
Skipped Seq from 2504 to 2508
Skipped Seq from 2508 to 2512
Skipped Seq from 2512 to 2516
Skipped Seq from 2516 to 2521
Skipped Seq from 2521 to 2526
Skipped Seq from 2526 to 2528
Skipped Seq from 2528 to 2530
Skipped Seq from 2532 to 2534
Skipped Seq from 2538 to 2540
Skipped Seq from 2545 to 2547
Skipped Seq from 2547 to 2550
Skipped Seq from 2551 to 2555
Skipped Seq from 2555 to 2560
Skipped Seq from 2561 to 2564
Skipped Seq from 2565 to 2568
Skipped Seq from 2569 to 2572
Skipped Seq from 2572 to 2574
Skipped Seq from 2574 to 2576
Skipped Seq from 2586 to 2588
Skipped Seq from 2591 to 2595
Skipped Seq from 2596 to 2598
Skipped Seq from 2598 to 2600
Skipped Seq from 2604 to 2610
Skipped Seq from 2610 to 2613
Skipped Seq from 2613 to 2615
Skipped Seq from 2615 to 2617
Skipped Seq from 2617 to 2619
Skipped Seq from 2621 to 2624
Skipped Seq from 2626 to 2631
Skipped Seq from 2631 to 2633
Skipped Seq from 2634 to 2636
Skipped Seq from 2637 to 2643
Skipped Seq from 2644 to 2646
Skipped Seq from 2650 to 2652
Skipped Seq from 2657 to 2659
Skipped Seq from 2666 to 2668
Skipped Seq from 2669 to 2671
Skipped Seq from 2672 to 2674
Skipped Seq from 2681 to 2683
Skipped Seq from 2683 to 2685
Skipped Seq from 2685 to 2687
Skipped Seq from 2687 to 2689
Skipped Seq from 2690 to 2694
Skipped Seq from 2694 to 2696
Skipped Seq from 2696 to 2699
Skipped Seq from 2699 to 2703
Skipped Seq from 2703 to 2708
Skipped Seq from 2709 to 2712
Skipped Seq from 2713 to 2715
Skipped Seq from 2719 to 2721
Skipped Seq from 2721 to 2723
Skipped Seq from 2724 to 2727
Skipped Seq from 2727 to 2731
Skipped Seq from 2731 to 2733
Skipped Seq from 2734 to 2736
Skipped Seq from 2738 to 2741
Skipped Seq from 2744 to 2746
Skipped Seq from 2747 to 2749
Skipped Seq from 2752 to 2754
Skipped Seq from 2759 to 2761
Skipped Seq from 2764 to 2766
Skipped Seq from 2767 to 2769
Skipped Seq from 2776 to 2778
Skipped Seq from 2779 to 2798
Skipped Seq from 2798 to 2802
Skipped Seq from 2807 to 2809
Skipped Seq from 2811 to 2813
Skipped Seq from 2814 to 2816
Skipped Seq from 2816 to 2818
Skipped Seq from 2821 to 2823
Skipped Seq from 2827 to 2830
Skipped Seq from 2834 to 2837
Skipped Seq from 2840 to 2842
Skipped Seq from 2845 to 2847
Skipped Seq from 2848 to 2850
Skipped Seq from 2853 to 2855
Skipped Seq from 2857 to 2860
Skipped Seq from 2860 to 2863
Skipped Seq from 2863 to 2867
Skipped Seq from 2867 to 2869
Skipped Seq from 2869 to 2871
Skipped Seq from 2871 to 2877
Skipped Seq from 2886 to 2888
Skipped Seq from 2891 to 2895
Skipped Seq from 2895 to 2902
Skipped Seq from 2902 to 2906
Skipped Seq from 2906 to 2911
Skipped Seq from 2911 to 2914
Skipped Seq from 2914 to 2918
Skipped Seq from 2918 to 2923
Skipped Seq from 2923 to 2927
Skipped Seq from 2927 to 2939
Skipped Seq from 2939 to 2941
Skipped Seq from 2951 to 2954
Skipped Seq from 2954 to 2959
Skipped Seq from 2959 to 2963
Skipped Seq from 2963 to 2966
Skipped Seq from 2966 to 2970
Skipped Seq from 2970 to 2972
Skipped Seq from 2972 to 2974
Skipped Seq from 2978 to 2980
Skipped Seq from 2980 to 2982
Skipped Seq from 2984 to 2989
Skipped Seq from 2990 to 2996
Skipped Seq from 2996 to 2999
Skipped Seq from 2999 to 3002
Skipped Seq from 3002 to 3007
Skipped Seq from 3007 to 3012
Skipped Seq from 3012 to 3015
Skipped Seq from 3015 to 3017
Skipped Seq from 3018 to 3020
Skipped Seq from 3024 to 3026
Skipped Seq from 3035 to 3037
Skipped Seq from 3043 to 3046
Skipped Seq from 3048 to 3050
Skipped Seq from 3062 to 3064
Skipped Seq from 3067 to 3071
Skipped Seq from 3073 to 3075
Skipped Seq from 3090 to 3092
Skipped Seq from 3095 to 3097
Skipped Seq from 3098 to 3100
Skipped Seq from 3103 to 3106
Skipped Seq from 3106 to 3109
Skipped Seq from 3124 to 3126
Skipped Seq from 3130 to 3132
Skipped Seq from 3136 to 3138
Skipped Seq from 3140 to 3142
Skipped Seq from 3146 to 3148
Skipped Seq from 3148 to 3151
Skipped Seq from 3151 to 3156
Skipped Seq from 3156 to 3160
Skipped Seq from 3160 to 3162
Skipped Seq from 3162 to 3164
Skipped Seq from 3164 to 3166
Skipped Seq from 3166 to 3169
Skipped Seq from 3171 to 3174
Skipped Seq from 3174 to 3177
Skipped Seq from 3177 to 3179
Skipped Seq from 3179 to 3186
Skipped Seq from 3187 to 3191
Skipped Seq from 3191 to 3193
Skipped Seq from 3193 to 3198
Skipped Seq from 3202 to 3204
Skipped Seq from 3205 to 3207
Skipped Seq from 3213 to 3218
Skipped Seq from 3218 to 3220
Skipped Seq from 3222 to 3226
Skipped Seq from 3232 to 3234
Skipped Seq from 3237 to 3239
Skipped Seq from 3245 to 3247
Skipped Seq from 3258 to 3260
Skipped Seq from 3260 to 3262
Skipped Seq from 3271 to 3273
Skipped Seq from 3278 to 3280
Skipped Seq from 3284 to 3286
Skipped Seq from 3286 to 3288
Skipped Seq from 3288 to 3290
Number of times throttled: 5
Received: 4219 / 4937 packets
Start time: 1332837675.211953
End time: 1332837699.094602
Duration: 23.882649
