Starting client at 10.0.0.13:1241 with timeout:10
My IP address is 10.0.0.13Skipped Seq from 1792 to 1794
Skipped Seq from 1796 to 1798
Skipped Seq from 2489 to 2491
Skipped Seq from 2494 to 2496
Skipped Seq from 2533 to 2535
Skipped Seq from 2536 to 2538
Skipped Seq from 2603 to 2606
Skipped Seq from 2606 to 2609
Skipped Seq from 2609 to 2612
Skipped Seq from 2613 to 2616
Skipped Seq from 2617 to 2620
Skipped Seq from 2620 to 2622
Skipped Seq from 2622 to 2624
Skipped Seq from 2624 to 2629
Skipped Seq from 2629 to 2632
Skipped Seq from 2632 to 2638
Skipped Seq from 2638 to 2648
Skipped Seq from 2648 to 2660
Skipped Seq from 2660 to 2666
Skipped Seq from 2666 to 2668
Skipped Seq from 2668 to 2670
Skipped Seq from 2688 to 2690
Skipped Seq from 3945 to 3947
Skipped Seq from 3947 to 3949
Skipped Seq from 3950 to 3953
Skipped Seq from 3953 to 3955
Skipped Seq from 3955 to 3957
Skipped Seq from 3957 to 3959
Skipped Seq from 3959 to 3961
Skipped Seq from 3961 to 3963
Skipped Seq from 3963 to 3965
Skipped Seq from 3965 to 3967
Skipped Seq from 3967 to 3969
Skipped Seq from 3970 to 3972
Skipped Seq from 3972 to 3974
Skipped Seq from 3974 to 3976
Skipped Seq from 3976 to 3978
Skipped Seq from 3978 to 3980
Skipped Seq from 3980 to 3982
Skipped Seq from 3982 to 3984
Skipped Seq from 3984 to 3986
Skipped Seq from 3986 to 3988
Skipped Seq from 3988 to 3990
Skipped Seq from 3990 to 3992
Skipped Seq from 3992 to 3994
Skipped Seq from 3994 to 3996
Skipped Seq from 3997 to 3999
Skipped Seq from 3999 to 4001
Skipped Seq from 4001 to 4003
Skipped Seq from 4003 to 4005
Skipped Seq from 4005 to 4007
Skipped Seq from 4007 to 4009
Skipped Seq from 4009 to 4011
Skipped Seq from 4011 to 4013
Skipped Seq from 4013 to 4015
Skipped Seq from 4016 to 4018
Skipped Seq from 4018 to 4020
Skipped Seq from 4020 to 4022
Skipped Seq from 4022 to 4024
Skipped Seq from 4024 to 4026
Skipped Seq from 4026 to 4028
Skipped Seq from 4028 to 4030
Skipped Seq from 4030 to 4032
Skipped Seq from 4032 to 4034
Skipped Seq from 4034 to 4036
Skipped Seq from 4037 to 4039
Skipped Seq from 4039 to 4041
Skipped Seq from 4041 to 4043
Skipped Seq from 4043 to 4045
Skipped Seq from 4045 to 4047
Skipped Seq from 4047 to 4049
Skipped Seq from 4049 to 4051
Skipped Seq from 4051 to 4053
Skipped Seq from 4054 to 4056
Skipped Seq from 4056 to 4058
Skipped Seq from 4058 to 4060
Skipped Seq from 4060 to 4062
Skipped Seq from 4062 to 4064
Skipped Seq from 4064 to 4066
Skipped Seq from 4066 to 4068
Skipped Seq from 4068 to 4070
Skipped Seq from 4071 to 4073
Skipped Seq from 4073 to 4075
Skipped Seq from 4075 to 4077
Skipped Seq from 4077 to 4079
Skipped Seq from 4079 to 4081
Skipped Seq from 4081 to 4083
Skipped Seq from 4083 to 4085
Skipped Seq from 4086 to 4088
Skipped Seq from 4088 to 4090
Skipped Seq from 4090 to 4092
Skipped Seq from 4092 to 4094
Skipped Seq from 4094 to 4096
Skipped Seq from 4096 to 4098
Skipped Seq from 4098 to 4100
Skipped Seq from 4101 to 4103
Skipped Seq from 4103 to 4105
Skipped Seq from 4105 to 4107
Skipped Seq from 4107 to 4109
Skipped Seq from 4109 to 4111
Skipped Seq from 4112 to 4114
Skipped Seq from 4114 to 4116
Skipped Seq from 4116 to 4118
Skipped Seq from 4118 to 4120
Skipped Seq from 4121 to 4123
Skipped Seq from 4123 to 4125
Skipped Seq from 4125 to 4127
Skipped Seq from 4127 to 4129
Skipped Seq from 4129 to 4131
Skipped Seq from 4131 to 4133
Skipped Seq from 4133 to 4135
Skipped Seq from 4135 to 4137
Skipped Seq from 4139 to 4142
Skipped Seq from 4143 to 4146
Skipped Seq from 4146 to 4148
Skipped Seq from 4149 to 4151
Skipped Seq from 4151 to 4153
Skipped Seq from 4153 to 4155
Skipped Seq from 4155 to 4157
Skipped Seq from 4157 to 4159
Skipped Seq from 4159 to 4161
Skipped Seq from 4162 to 4164
Skipped Seq from 4164 to 4166
Skipped Seq from 4166 to 4168
Skipped Seq from 4168 to 4170
Skipped Seq from 4170 to 4172
Skipped Seq from 4173 to 4175
Skipped Seq from 4175 to 4177
Skipped Seq from 4177 to 4179
Skipped Seq from 4179 to 4181
Skipped Seq from 4182 to 4184
Skipped Seq from 4184 to 4186
Skipped Seq from 4186 to 4188
Skipped Seq from 4188 to 4190
Skipped Seq from 4190 to 4192
Skipped Seq from 4193 to 4195
Skipped Seq from 4195 to 4197
Skipped Seq from 4197 to 4199
Skipped Seq from 4201 to 4203
Skipped Seq from 4203 to 4206
Skipped Seq from 4206 to 4208
Skipped Seq from 4208 to 4210
Skipped Seq from 4211 to 4213
Skipped Seq from 4213 to 4215
Skipped Seq from 4215 to 4217
Skipped Seq from 4218 to 4221
Skipped Seq from 4222 to 4224
Skipped Seq from 4224 to 4226
Skipped Seq from 4226 to 4228
Skipped Seq from 4229 to 4231
Skipped Seq from 4231 to 4233
Skipped Seq from 4233 to 4235
Skipped Seq from 4235 to 4237
Skipped Seq from 4237 to 4239
Skipped Seq from 4239 to 4241
Skipped Seq from 4242 to 4244
Skipped Seq from 4244 to 4246
Skipped Seq from 4246 to 4248
Skipped Seq from 4249 to 4251
Skipped Seq from 4251 to 4253
Skipped Seq from 4253 to 4255
Skipped Seq from 4255 to 4257
Skipped Seq from 4257 to 4259
Skipped Seq from 4260 to 4262
Skipped Seq from 4262 to 4264
Skipped Seq from 4264 to 4266
Skipped Seq from 4266 to 4268
Skipped Seq from 4269 to 4271
Skipped Seq from 4271 to 4273
Skipped Seq from 4274 to 4277
Skipped Seq from 4278 to 4280
Skipped Seq from 4280 to 4282
Skipped Seq from 4282 to 4284
Skipped Seq from 4284 to 4286
Skipped Seq from 4287 to 4289
Skipped Seq from 4289 to 4291
Skipped Seq from 4291 to 4293
Skipped Seq from 4294 to 4296
Skipped Seq from 4296 to 4298
Skipped Seq from 4298 to 4300
Skipped Seq from 4300 to 4302
Skipped Seq from 4303 to 4305
Skipped Seq from 4305 to 4307
Skipped Seq from 4307 to 4309
Skipped Seq from 4309 to 4311
Skipped Seq from 4312 to 4314
Skipped Seq from 4314 to 4316
Skipped Seq from 4317 to 4319
Skipped Seq from 4319 to 4321
Skipped Seq from 4321 to 4323
Skipped Seq from 4323 to 4325
Skipped Seq from 4326 to 4328
Skipped Seq from 4328 to 4330
Skipped Seq from 4330 to 4332
Skipped Seq from 4332 to 4334
Skipped Seq from 4335 to 4337
Skipped Seq from 4337 to 4339
Skipped Seq from 4339 to 4341
Skipped Seq from 4342 to 4344
Skipped Seq from 4344 to 4346
Skipped Seq from 4346 to 4348
Skipped Seq from 4349 to 4351
Skipped Seq from 4351 to 4353
Skipped Seq from 4353 to 4355
Skipped Seq from 4356 to 4358
Skipped Seq from 4358 to 4360
Skipped Seq from 4360 to 4362
Skipped Seq from 4362 to 4364
Skipped Seq from 4365 to 4367
Skipped Seq from 4367 to 4369
Skipped Seq from 4369 to 4371
Skipped Seq from 4372 to 4374
Skipped Seq from 4374 to 4376
Skipped Seq from 4377 to 4379
Skipped Seq from 4379 to 4381
Skipped Seq from 4384 to 4387
Skipped Seq from 4388 to 4390
Skipped Seq from 4390 to 4392
Skipped Seq from 4392 to 4394
Skipped Seq from 4394 to 4396
Skipped Seq from 4396 to 4398
Skipped Seq from 4399 to 4401
Skipped Seq from 4401 to 4403
Skipped Seq from 4404 to 4406
Skipped Seq from 4406 to 4408
Skipped Seq from 4408 to 4410
Skipped Seq from 4411 to 4413
Skipped Seq from 4413 to 4415
Skipped Seq from 4415 to 4417
Skipped Seq from 4418 to 4420
Skipped Seq from 4420 to 4422
Skipped Seq from 4422 to 4424
Skipped Seq from 4425 to 4427
Skipped Seq from 4427 to 4429
Skipped Seq from 4430 to 4432
Skipped Seq from 4432 to 4434
Skipped Seq from 4434 to 4436
Skipped Seq from 4437 to 4439
Skipped Seq from 4439 to 4441
Skipped Seq from 4441 to 4443
Skipped Seq from 4444 to 4446
Skipped Seq from 4446 to 4448
Skipped Seq from 4449 to 4451
Skipped Seq from 4451 to 4453
Skipped Seq from 4453 to 4455
Skipped Seq from 4456 to 4458
Skipped Seq from 4458 to 4460
Skipped Seq from 4460 to 4462
Skipped Seq from 4463 to 4465
Skipped Seq from 4465 to 4467
Skipped Seq from 4468 to 4470
Skipped Seq from 4470 to 4472
Skipped Seq from 4472 to 4474
Skipped Seq from 4475 to 4477
Skipped Seq from 4477 to 4479
Skipped Seq from 4479 to 4481
Skipped Seq from 4482 to 4484
Skipped Seq from 4484 to 4486
Skipped Seq from 4487 to 4489
Skipped Seq from 4489 to 4491
Skipped Seq from 4492 to 4494
Skipped Seq from 4494 to 4496
Skipped Seq from 4496 to 4498
Skipped Seq from 4499 to 4501
Skipped Seq from 4501 to 4503
Skipped Seq from 4504 to 4506
Skipped Seq from 4506 to 4508
Skipped Seq from 4508 to 4510
Skipped Seq from 4511 to 4513
Skipped Seq from 4513 to 4515
Skipped Seq from 4516 to 4518
Skipped Seq from 4518 to 4520
Skipped Seq from 4521 to 4523
Skipped Seq from 4523 to 4525
Skipped Seq from 4525 to 4527
Skipped Seq from 4528 to 4530
Skipped Seq from 4530 to 4532
Skipped Seq from 4533 to 4535
Skipped Seq from 4535 to 4537
Skipped Seq from 4537 to 4539
Skipped Seq from 4540 to 4542
Skipped Seq from 4543 to 4545
Skipped Seq from 4545 to 4547
Skipped Seq from 4547 to 4549
Skipped Seq from 4550 to 4552
Skipped Seq from 4552 to 4554
Skipped Seq from 4555 to 4557
Skipped Seq from 4557 to 4559
Skipped Seq from 4560 to 4562
Skipped Seq from 4562 to 4564
Skipped Seq from 4565 to 4567
Skipped Seq from 4568 to 4570
Skipped Seq from 4570 to 4572
Skipped Seq from 4603 to 4605
Skipped Seq from 4605 to 4607
Skipped Seq from 4608 to 4610
Skipped Seq from 4610 to 4612
Skipped Seq from 4619 to 4621
Skipped Seq from 4658 to 4660
Skipped Seq from 4681 to 4683
Skipped Seq from 4708 to 4710
Skipped Seq from 4745 to 4747
Skipped Seq from 4767 to 4769
Skipped Seq from 4799 to 4801
Skipped Seq from 4832 to 4834
Skipped Seq from 4866 to 4868
Skipped Seq from 4900 to 4902
Skipped Seq from 4903 to 4905
Skipped Seq from 4906 to 4908
Skipped Seq from 4909 to 4911
Skipped Seq from 4925 to 4927
Skipped Seq from 4967 to 4969
Skipped Seq from 4984 to 4986
Skipped Seq from 4992 to 4994
Skipped Seq from 5001 to 5003
Skipped Seq from 5005 to 5007
Skipped Seq from 5007 to 5009
Skipped Seq from 5010 to 5012
Skipped Seq from 5019 to 5021
Skipped Seq from 5038 to 5040
Skipped Seq from 5041 to 5043
Skipped Seq from 5049 to 5051
Skipped Seq from 5052 to 5054
Skipped Seq from 5055 to 5057
Skipped Seq from 5058 to 5060
Skipped Seq from 5069 to 5071
Skipped Seq from 5072 to 5074
Skipped Seq from 5094 to 5096
Skipped Seq from 5125 to 5127
Skipped Seq from 5147 to 5149
Skipped Seq from 5180 to 5182
Skipped Seq from 5183 to 5185
Skipped Seq from 5188 to 5190
Skipped Seq from 5196 to 5198
Skipped Seq from 5205 to 5207
Skipped Seq from 5242 to 5244
Skipped Seq from 5246 to 5248
Number of times throttled: 4
Received: 5308 / 5687 packets
Start time: 1332837328.230050
End time: 1332837355.403072
Duration: 27.173022
