Starting client at 10.0.0.17:1258 with timeout:10
My IP address is 10.0.0.17Skipped Seq from 2300 to 2302
Skipped Seq from 2304 to 2309
Skipped Seq from 2310 to 2312
Skipped Seq from 2318 to 2320
Skipped Seq from 2320 to 2322
Skipped Seq from 2325 to 2327
Skipped Seq from 2330 to 2333
Skipped Seq from 2334 to 2336
Skipped Seq from 2338 to 2345
Skipped Seq from 2349 to 2352
Skipped Seq from 2357 to 2361
Skipped Seq from 2365 to 2367
Skipped Seq from 2367 to 2371
Skipped Seq from 2371 to 2381
Skipped Seq from 2383 to 2394
Skipped Seq from 2394 to 2402
Skipped Seq from 2402 to 2410
Skipped Seq from 2412 to 2418
Skipped Seq from 2421 to 2427
Skipped Seq from 2428 to 2430
Skipped Seq from 2430 to 2434
Skipped Seq from 2434 to 2436
Skipped Seq from 2442 to 2444
Skipped Seq from 2447 to 2453
Skipped Seq from 2453 to 2457
Skipped Seq from 2457 to 2459
Skipped Seq from 2463 to 2467
Skipped Seq from 2470 to 2474
Skipped Seq from 2476 to 2484
Skipped Seq from 2487 to 2489
Skipped Seq from 2489 to 2492
Skipped Seq from 2494 to 2496
Skipped Seq from 2498 to 2506
Skipped Seq from 2509 to 2515
Skipped Seq from 2517 to 2524
Skipped Seq from 2524 to 2531
Skipped Seq from 2533 to 2536
Skipped Seq from 2538 to 2542
Skipped Seq from 2545 to 2547
Skipped Seq from 2547 to 2551
Skipped Seq from 2552 to 2554
Skipped Seq from 2557 to 2560
Skipped Seq from 2565 to 2569
Skipped Seq from 2574 to 2577
Skipped Seq from 2577 to 2579
Skipped Seq from 2580 to 2585
Skipped Seq from 2585 to 2587
Skipped Seq from 2589 to 2610
Skipped Seq from 2610 to 2613
Skipped Seq from 2613 to 2622
Skipped Seq from 2622 to 2630
Skipped Seq from 2631 to 2638
Skipped Seq from 2638 to 2642
Skipped Seq from 2642 to 2647
Skipped Seq from 2647 to 2649
Skipped Seq from 2653 to 2655
Skipped Seq from 2657 to 2662
Skipped Seq from 2666 to 2668
Skipped Seq from 2669 to 2673
Skipped Seq from 2674 to 2676
Skipped Seq from 2676 to 2682
Skipped Seq from 2685 to 2691
Skipped Seq from 2695 to 2697
Skipped Seq from 2697 to 2701
Skipped Seq from 2701 to 2704
Skipped Seq from 2706 to 2708
Skipped Seq from 2714 to 2716
Skipped Seq from 2719 to 2725
Skipped Seq from 2728 to 2730
Skipped Seq from 2733 to 2735
Skipped Seq from 2739 to 2742
Skipped Seq from 2748 to 2758
Skipped Seq from 2758 to 2763
Skipped Seq from 2765 to 2767
Skipped Seq from 2768 to 2770
Skipped Seq from 2771 to 2779
Skipped Seq from 2780 to 2782
Skipped Seq from 2784 to 2786
Skipped Seq from 2790 to 2799
Skipped Seq from 2802 to 2808
Skipped Seq from 2811 to 2818
Skipped Seq from 2818 to 2822
Skipped Seq from 2825 to 2828
Skipped Seq from 2832 to 2835
Skipped Seq from 2839 to 2845
Skipped Seq from 2846 to 2848
Skipped Seq from 2851 to 2853
Skipped Seq from 2862 to 2865
Skipped Seq from 2865 to 2870
Skipped Seq from 2873 to 2879
Skipped Seq from 2880 to 2887
Skipped Seq from 2887 to 2892
Skipped Seq from 2900 to 2903
Skipped Seq from 2907 to 2912
Skipped Seq from 2914 to 2917
Skipped Seq from 2921 to 2923
Skipped Seq from 2925 to 2927
Skipped Seq from 2927 to 2929
Skipped Seq from 2930 to 2932
Skipped Seq from 2932 to 2934
Skipped Seq from 2934 to 2939
Skipped Seq from 2939 to 2951
Skipped Seq from 2953 to 2957
Skipped Seq from 2958 to 2960
Skipped Seq from 2964 to 2967
Skipped Seq from 2976 to 2980
Skipped Seq from 2983 to 2985
Skipped Seq from 2987 to 2989
Skipped Seq from 2990 to 2992
Skipped Seq from 2994 to 3000
Skipped Seq from 3005 to 3015
Skipped Seq from 3015 to 3023
Skipped Seq from 3023 to 3025
Skipped Seq from 3026 to 3032
Skipped Seq from 3034 to 3043
Skipped Seq from 3044 to 3052
Skipped Seq from 3053 to 3056
Skipped Seq from 3057 to 3059
Skipped Seq from 3061 to 3063
Skipped Seq from 3063 to 3065
Skipped Seq from 3069 to 3071
Skipped Seq from 3072 to 3076
Skipped Seq from 3078 to 3080
Skipped Seq from 3080 to 3082
Skipped Seq from 3084 to 3086
Skipped Seq from 3090 to 3092
Skipped Seq from 3095 to 3097
Skipped Seq from 3101 to 3107
Skipped Seq from 3108 to 3110
Skipped Seq from 3110 to 3113
Skipped Seq from 3113 to 3115
Skipped Seq from 3119 to 3121
Skipped Seq from 3125 to 3129
Skipped Seq from 3134 to 3136
Skipped Seq from 3137 to 3140
Skipped Seq from 3141 to 3145
Skipped Seq from 3145 to 3148
Skipped Seq from 3149 to 3153
Skipped Seq from 3154 to 3157
Skipped Seq from 3157 to 3159
Skipped Seq from 3159 to 3168
Skipped Seq from 3168 to 3175
Skipped Seq from 3175 to 3180
Skipped Seq from 3180 to 3182
Skipped Seq from 3184 to 3189
Skipped Seq from 3194 to 3196
Skipped Seq from 3202 to 3204
Skipped Seq from 3216 to 3220
Skipped Seq from 3220 to 3222
Skipped Seq from 3225 to 3227
Skipped Seq from 3230 to 3232
Skipped Seq from 3232 to 3234
Skipped Seq from 3237 to 3240
Skipped Seq from 3240 to 3242
Skipped Seq from 3245 to 3250
Skipped Seq from 3255 to 3257
Skipped Seq from 3259 to 3261
Skipped Seq from 3261 to 3263
Skipped Seq from 3266 to 3269
Skipped Seq from 3269 to 3273
Skipped Seq from 3273 to 3277
Skipped Seq from 3277 to 3284
Skipped Seq from 3287 to 3293
Skipped Seq from 3293 to 3297
Skipped Seq from 3297 to 3299
Skipped Seq from 3299 to 3303
Skipped Seq from 3303 to 3305
Skipped Seq from 3306 to 3308
Skipped Seq from 3313 to 3315
Skipped Seq from 3315 to 3318
Skipped Seq from 3321 to 3325
Skipped Seq from 3328 to 3330
Skipped Seq from 3330 to 3337
Skipped Seq from 3337 to 3343
Skipped Seq from 3347 to 3349
Skipped Seq from 3350 to 3352
Skipped Seq from 3352 to 3359
Skipped Seq from 3360 to 3362
Skipped Seq from 3364 to 3366
Skipped Seq from 3367 to 3371
Skipped Seq from 3371 to 3373
Skipped Seq from 3376 to 3383
Skipped Seq from 3384 to 3389
Skipped Seq from 3389 to 3392
Skipped Seq from 3397 to 3401
Skipped Seq from 3401 to 3403
Skipped Seq from 3403 to 3412
Skipped Seq from 3412 to 3414
Skipped Seq from 3414 to 3416
Skipped Seq from 3416 to 3419
Skipped Seq from 3419 to 3423
Skipped Seq from 3425 to 3433
Skipped Seq from 3434 to 3436
Skipped Seq from 3437 to 3444
Skipped Seq from 3446 to 3448
Skipped Seq from 3448 to 3450
Skipped Seq from 3451 to 3453
Skipped Seq from 3453 to 3455
Skipped Seq from 3458 to 3462
Skipped Seq from 3462 to 3464
Skipped Seq from 3466 to 3472
Skipped Seq from 3472 to 3474
Skipped Seq from 3476 to 3482
Skipped Seq from 3485 to 3487
Skipped Seq from 3487 to 3497
Skipped Seq from 3500 to 3509
Skipped Seq from 3509 to 3517
Skipped Seq from 3517 to 3519
Skipped Seq from 3519 to 3526
Skipped Seq from 3527 to 3529
Skipped Seq from 3529 to 3534
Skipped Seq from 3538 to 3540
Skipped Seq from 3540 to 3543
Skipped Seq from 3544 to 3546
Skipped Seq from 3549 to 3551
Skipped Seq from 3551 to 3553
Skipped Seq from 3558 to 3560
Skipped Seq from 3562 to 3564
Skipped Seq from 3564 to 3566
Skipped Seq from 3566 to 3571
Skipped Seq from 3572 to 3579
Skipped Seq from 3579 to 3582
Skipped Seq from 3588 to 3590
Skipped Seq from 3593 to 3595
Skipped Seq from 3596 to 3598
Skipped Seq from 3599 to 3601
Skipped Seq from 3603 to 3605
Skipped Seq from 3605 to 3607
Skipped Seq from 3611 to 3616
Skipped Seq from 3618 to 3623
Skipped Seq from 3625 to 3632
Skipped Seq from 3634 to 3636
Skipped Seq from 3636 to 3644
Skipped Seq from 3644 to 3651
Skipped Seq from 3654 to 3656
Skipped Seq from 3659 to 3663
Skipped Seq from 3664 to 3670
Skipped Seq from 3670 to 3672
Skipped Seq from 3675 to 3677
Skipped Seq from 3677 to 3680
Skipped Seq from 3682 to 3684
Skipped Seq from 3684 to 3686
Skipped Seq from 3687 to 3689
Skipped Seq from 3691 to 3693
Skipped Seq from 3695 to 3697
Skipped Seq from 3698 to 3700
Skipped Seq from 3700 to 3703
Skipped Seq from 3703 to 3713
Skipped Seq from 3713 to 3715
Skipped Seq from 3715 to 3721
Skipped Seq from 3722 to 3727
Skipped Seq from 3729 to 3731
Skipped Seq from 3733 to 3735
Skipped Seq from 3738 to 3740
Skipped Seq from 3742 to 3752
Skipped Seq from 3752 to 3759
Skipped Seq from 3760 to 3768
Skipped Seq from 3772 to 3774
Skipped Seq from 3776 to 3778
Skipped Seq from 3781 to 3788
Skipped Seq from 3788 to 3790
Skipped Seq from 3790 to 3797
Skipped Seq from 3797 to 3801
Skipped Seq from 3801 to 3804
Skipped Seq from 3804 to 3810
Skipped Seq from 3811 to 3813
Skipped Seq from 3814 to 3816
Skipped Seq from 3821 to 3823
Skipped Seq from 3823 to 3825
Skipped Seq from 3846 to 3849
Skipped Seq from 3849 to 3851
Skipped Seq from 3861 to 3863
Skipped Seq from 3876 to 3878
Skipped Seq from 3888 to 3890
Skipped Seq from 3910 to 3912
Skipped Seq from 3925 to 3927
Skipped Seq from 3937 to 3939
Skipped Seq from 3940 to 3942
Skipped Seq from 3956 to 3958
Skipped Seq from 3976 to 3978
Skipped Seq from 3986 to 3988
Skipped Seq from 4007 to 4009
Skipped Seq from 4033 to 4035
Skipped Seq from 4055 to 4057
Skipped Seq from 4076 to 4078
Skipped Seq from 4088 to 4090
Skipped Seq from 4119 to 4123
Skipped Seq from 4134 to 4136
Skipped Seq from 4158 to 4160
Skipped Seq from 4189 to 4191
Skipped Seq from 4220 to 4222
Skipped Seq from 4247 to 4249
Skipped Seq from 4263 to 4266
Skipped Seq from 4266 to 4268
Skipped Seq from 4270 to 4272
Skipped Seq from 4274 to 4276
Skipped Seq from 4278 to 4280
Skipped Seq from 4294 to 4297
Skipped Seq from 4298 to 4300
Skipped Seq from 4301 to 4307
Skipped Seq from 4323 to 4325
Skipped Seq from 4339 to 4341
Skipped Seq from 4372 to 4374
Skipped Seq from 4401 to 4403
Skipped Seq from 4430 to 4433
Skipped Seq from 4434 to 4436
Skipped Seq from 4454 to 4456
Skipped Seq from 4487 to 4489
Skipped Seq from 4526 to 4528
Skipped Seq from 4551 to 4553
Skipped Seq from 4555 to 4557
Skipped Seq from 4577 to 4579
Skipped Seq from 4602 to 4604
Skipped Seq from 4633 to 4635
Skipped Seq from 4660 to 4662
Skipped Seq from 19511 to 19515
Skipped Seq from 19515 to 19523
Skipped Seq from 19523 to 19532
Skipped Seq from 19537 to 19541
Skipped Seq from 19542 to 19546
Skipped Seq from 19546 to 19548
Skipped Seq from 19549 to 19553
Skipped Seq from 19553 to 19555
Skipped Seq from 19555 to 19563
Skipped Seq from 19563 to 19567
Skipped Seq from 19567 to 19569
Skipped Seq from 19569 to 19578
Skipped Seq from 19578 to 19586
Skipped Seq from 19586 to 19597
Skipped Seq from 19597 to 19599
Skipped Seq from 19600 to 19605
Skipped Seq from 19605 to 19608
Skipped Seq from 19608 to 19618
Skipped Seq from 19620 to 19625
Skipped Seq from 19625 to 19627
Skipped Seq from 19630 to 19642
Skipped Seq from 19643 to 19645
Skipped Seq from 19646 to 19654
Skipped Seq from 19654 to 19667
Skipped Seq from 19667 to 19669
Skipped Seq from 19669 to 19677
Skipped Seq from 19678 to 19686
Skipped Seq from 19686 to 19693
Skipped Seq from 19694 to 19704
Skipped Seq from 19707 to 19710
Skipped Seq from 19716 to 19719
Skipped Seq from 19719 to 19721
Skipped Seq from 19723 to 19725
Skipped Seq from 19727 to 19734
Skipped Seq from 19737 to 19740
Skipped Seq from 19746 to 19748
Skipped Seq from 19748 to 19752
Skipped Seq from 19753 to 19755
Skipped Seq from 19758 to 19760
Skipped Seq from 19760 to 19762
Skipped Seq from 19765 to 19768
Skipped Seq from 19768 to 19781
Skipped Seq from 19781 to 19783
Skipped Seq from 19784 to 19788
Skipped Seq from 19793 to 19795
Skipped Seq from 19795 to 19797
Skipped Seq from 19800 to 19802
Skipped Seq from 19806 to 19808
Skipped Seq from 19808 to 19813
Skipped Seq from 19814 to 19816
Skipped Seq from 19822 to 19824
Skipped Seq from 19830 to 19832
Skipped Seq from 19846 to 19848
Skipped Seq from 19853 to 19855
Skipped Seq from 19859 to 19861
Skipped Seq from 19862 to 19864
Skipped Seq from 19864 to 19866
Skipped Seq from 19870 to 19873
Skipped Seq from 19874 to 19876
Skipped Seq from 19881 to 19884
Skipped Seq from 19887 to 19889
Skipped Seq from 19894 to 19896
Skipped Seq from 19902 to 19905
Skipped Seq from 19910 to 19913
Skipped Seq from 19918 to 19921
Skipped Seq from 19924 to 19926
Skipped Seq from 19929 to 19931
Skipped Seq from 19931 to 19934
Skipped Seq from 19938 to 19943
Skipped Seq from 19946 to 19948
Skipped Seq from 19954 to 19956
Skipped Seq from 19958 to 19963
Skipped Seq from 19963 to 19971
Skipped Seq from 19972 to 19979
Skipped Seq from 19980 to 19982
Skipped Seq from 19985 to 19987
Skipped Seq from 19987 to 19989
Skipped Seq from 19992 to 19997
Skipped Seq from 19999 to 20001
Skipped Seq from 20002 to 20009
Skipped Seq from 20009 to 20012
Skipped Seq from 20012 to 20016
Skipped Seq from 20017 to 20020
Skipped Seq from 20021 to 20023
Skipped Seq from 20023 to 20025
Skipped Seq from 20031 to 20033
Skipped Seq from 20033 to 20035
Skipped Seq from 20038 to 20040
Skipped Seq from 20040 to 20042
Skipped Seq from 20042 to 20044
Skipped Seq from 20054 to 20056
Skipped Seq from 20056 to 20060
Skipped Seq from 20064 to 20066
Skipped Seq from 20066 to 20071
Skipped Seq from 20072 to 20074
Skipped Seq from 20075 to 20087
Skipped Seq from 20087 to 20094
Skipped Seq from 20094 to 20103
Skipped Seq from 20103 to 20110
Skipped Seq from 20110 to 20113
Skipped Seq from 20113 to 20115
Skipped Seq from 20115 to 20118
Skipped Seq from 20118 to 20128
Skipped Seq from 20130 to 20135
Skipped Seq from 20136 to 20140
Skipped Seq from 20141 to 20143
Skipped Seq from 20143 to 20148
Skipped Seq from 20149 to 20153
Skipped Seq from 20154 to 20159
Skipped Seq from 20161 to 20166
Skipped Seq from 20167 to 20172
Skipped Seq from 20172 to 20188
Skipped Seq from 20188 to 20190
Skipped Seq from 20191 to 20193
Skipped Seq from 20195 to 20197
Skipped Seq from 20199 to 20201
Skipped Seq from 20201 to 20203
Skipped Seq from 20203 to 20205
Skipped Seq from 20205 to 20209
Skipped Seq from 20209 to 20213
Skipped Seq from 20213 to 20221
Skipped Seq from 20223 to 20225
Skipped Seq from 20226 to 20228
Skipped Seq from 20229 to 20231
Skipped Seq from 20232 to 20236
Skipped Seq from 20236 to 20238
Skipped Seq from 20240 to 20242
Skipped Seq from 20242 to 20244
Skipped Seq from 20244 to 20247
Skipped Seq from 20247 to 20252
Skipped Seq from 20254 to 20260
Skipped Seq from 20270 to 20273
Skipped Seq from 20278 to 20281
Skipped Seq from 20281 to 20283
Skipped Seq from 20284 to 20286
Skipped Seq from 20286 to 20288
Skipped Seq from 20290 to 20292
Skipped Seq from 20292 to 20296
Skipped Seq from 20296 to 20298
Skipped Seq from 20302 to 20304
Skipped Seq from 20309 to 20311
Skipped Seq from 20311 to 20313
Skipped Seq from 20313 to 20317
Skipped Seq from 20319 to 20332
Skipped Seq from 20335 to 20339
Skipped Seq from 20339 to 20343
Skipped Seq from 20344 to 20348
Skipped Seq from 20350 to 20358
Skipped Seq from 20359 to 20366
Skipped Seq from 20368 to 20376
Skipped Seq from 20377 to 20379
Skipped Seq from 20381 to 20383
Skipped Seq from 20383 to 20385
Skipped Seq from 20388 to 20394
Skipped Seq from 20394 to 20396
Skipped Seq from 20396 to 20406
Skipped Seq from 20406 to 20413
Skipped Seq from 20413 to 20421
Skipped Seq from 20421 to 20423
Skipped Seq from 20423 to 20428
Skipped Seq from 20430 to 20432
Skipped Seq from 20432 to 20437
Skipped Seq from 20437 to 20439
Skipped Seq from 20440 to 20442
Skipped Seq from 20444 to 20447
Skipped Seq from 20451 to 20458
Skipped Seq from 20461 to 20463
Skipped Seq from 20463 to 20466
Skipped Seq from 20467 to 20469
Skipped Seq from 20471 to 20478
Skipped Seq from 20479 to 20487
Skipped Seq from 20487 to 20489
Skipped Seq from 20492 to 20495
Skipped Seq from 20495 to 20497
Skipped Seq from 20497 to 20500
Skipped Seq from 20500 to 20502
Skipped Seq from 20502 to 20509
Skipped Seq from 20511 to 20518
Skipped Seq from 20520 to 20529
Skipped Seq from 20529 to 20531
Skipped Seq from 20533 to 20537
Skipped Seq from 20537 to 20539
Skipped Seq from 20540 to 20547
Skipped Seq from 20549 to 20559
Skipped Seq from 20560 to 20562
Skipped Seq from 20563 to 20567
Skipped Seq from 20567 to 20569
Skipped Seq from 20570 to 20574
Skipped Seq from 20579 to 20584
Skipped Seq from 20584 to 20586
Skipped Seq from 20588 to 20594
Skipped Seq from 20594 to 20596
Skipped Seq from 20596 to 20604
Skipped Seq from 20605 to 20612
Skipped Seq from 20612 to 20614
Skipped Seq from 20616 to 20618
Skipped Seq from 20618 to 20621
Skipped Seq from 20621 to 20623
Skipped Seq from 20627 to 20630
Skipped Seq from 20636 to 20651
Skipped Seq from 20651 to 20658
Skipped Seq from 20658 to 20666
Skipped Seq from 20666 to 20669
Skipped Seq from 20672 to 20678
Skipped Seq from 20678 to 20681
Skipped Seq from 20681 to 20685
Skipped Seq from 20685 to 20687
Skipped Seq from 20690 to 20696
Skipped Seq from 20696 to 20698
Skipped Seq from 20699 to 20708
Skipped Seq from 20709 to 20718
Skipped Seq from 20718 to 20726
Skipped Seq from 20726 to 20733
Skipped Seq from 20733 to 20735
Skipped Seq from 20735 to 20737
Skipped Seq from 20739 to 20743
Skipped Seq from 20746 to 20752
Skipped Seq from 20752 to 20754
Skipped Seq from 20754 to 20758
Skipped Seq from 20759 to 20763
Skipped Seq from 20763 to 20772
Skipped Seq from 20772 to 20779
Skipped Seq from 20781 to 20785
Skipped Seq from 20785 to 20787
Skipped Seq from 20790 to 20792
Skipped Seq from 20801 to 20805
Skipped Seq from 20810 to 20812
Skipped Seq from 20815 to 20817
Skipped Seq from 20833 to 20835
Skipped Seq from 20839 to 20841
Skipped Seq from 20843 to 20846
Skipped Seq from 20847 to 20849
Skipped Seq from 20851 to 20857
Skipped Seq from 20857 to 20859
Skipped Seq from 20865 to 20872
Skipped Seq from 20875 to 20877
Skipped Seq from 20879 to 20883
Skipped Seq from 20883 to 20885
Skipped Seq from 20885 to 20890
Skipped Seq from 20890 to 20892
Skipped Seq from 20895 to 20902
Skipped Seq from 20905 to 20913
Skipped Seq from 20913 to 20930
Skipped Seq from 20930 to 20932
Skipped Seq from 20935 to 20940
Skipped Seq from 20940 to 20942
Skipped Seq from 20949 to 20963
Skipped Seq from 20963 to 20983
Skipped Seq from 20984 to 20994
Skipped Seq from 20994 to 21004
Skipped Seq from 21006 to 21008
Skipped Seq from 21008 to 21012
Skipped Seq from 21013 to 21016
Skipped Seq from 21020 to 21026
Skipped Seq from 21026 to 21028
Skipped Seq from 21028 to 21030
Skipped Seq from 21030 to 21039
Skipped Seq from 21040 to 21045
Skipped Seq from 21049 to 21058
Skipped Seq from 21058 to 21060
Skipped Seq from 21060 to 21067
Skipped Seq from 21067 to 21071
Skipped Seq from 21073 to 21076
Skipped Seq from 21079 to 21081
Skipped Seq from 21081 to 21084
Skipped Seq from 21084 to 21092
Skipped Seq from 21098 to 21100
Skipped Seq from 21102 to 21109
Skipped Seq from 21109 to 21120
Skipped Seq from 21120 to 21125
Skipped Seq from 21125 to 21127
Skipped Seq from 21127 to 21129
Skipped Seq from 21134 to 21141
Skipped Seq from 21143 to 21149
Skipped Seq from 21149 to 21152
Skipped Seq from 21153 to 21155
Skipped Seq from 21158 to 21163
Skipped Seq from 21164 to 21174
Skipped Seq from 21175 to 21185
Skipped Seq from 21185 to 21187
Skipped Seq from 21193 to 21195
Skipped Seq from 21197 to 21199
Skipped Seq from 21202 to 21204
Skipped Seq from 21204 to 21210
Skipped Seq from 21211 to 21215
Skipped Seq from 21215 to 21217
Skipped Seq from 21217 to 21223
Skipped Seq from 21225 to 21228
Skipped Seq from 21228 to 21232
Skipped Seq from 21234 to 21241
Skipped Seq from 21241 to 21243
Skipped Seq from 21249 to 21251
Skipped Seq from 21254 to 21256
Skipped Seq from 21260 to 21262
Skipped Seq from 21265 to 21272
Skipped Seq from 21277 to 21279
Skipped Seq from 21286 to 21290
Skipped Seq from 21291 to 21293
Skipped Seq from 21298 to 21300
Skipped Seq from 21306 to 21308
Skipped Seq from 21309 to 21311
Skipped Seq from 21312 to 21314
Skipped Seq from 21318 to 21320
Skipped Seq from 21321 to 21323
Skipped Seq from 21323 to 21328
Skipped Seq from 21328 to 21337
Skipped Seq from 21337 to 21349
Skipped Seq from 21349 to 21354
Skipped Seq from 21354 to 21365
Skipped Seq from 21365 to 21371
Skipped Seq from 21372 to 21378
Skipped Seq from 21378 to 21380
Skipped Seq from 21382 to 21386
Skipped Seq from 21387 to 21393
Skipped Seq from 21395 to 21397
Skipped Seq from 21398 to 21400
Skipped Seq from 21401 to 21403
Skipped Seq from 21403 to 21405
Skipped Seq from 21406 to 21411
Skipped Seq from 21419 to 21423
Skipped Seq from 21427 to 21430
Skipped Seq from 21433 to 21435
Skipped Seq from 21438 to 21440
Skipped Seq from 21444 to 21447
Skipped Seq from 21447 to 21449
Skipped Seq from 21450 to 21452
Skipped Seq from 21454 to 21456
Skipped Seq from 21458 to 21460
Skipped Seq from 21462 to 21464
Skipped Seq from 21464 to 21466
Skipped Seq from 21466 to 21473
Skipped Seq from 21473 to 21475
Skipped Seq from 21475 to 21481
Skipped Seq from 21483 to 21490
Skipped Seq from 21490 to 21492
Skipped Seq from 21492 to 21498
Skipped Seq from 21498 to 21516
Skipped Seq from 21517 to 21519
Skipped Seq from 21519 to 21523
Skipped Seq from 21523 to 21533
Skipped Seq from 21533 to 21542
Skipped Seq from 21542 to 21545
Skipped Seq from 21545 to 21547
Skipped Seq from 21548 to 21550
Skipped Seq from 21551 to 21553
Skipped Seq from 21555 to 21557
Skipped Seq from 21557 to 21563
Skipped Seq from 21563 to 21565
Skipped Seq from 21566 to 21574
Skipped Seq from 21574 to 21577
Skipped Seq from 21577 to 21586
Skipped Seq from 21586 to 21593
Skipped Seq from 21593 to 21595
Skipped Seq from 21596 to 21605
Skipped Seq from 21605 to 21612
Skipped Seq from 21623 to 21625
Skipped Seq from 21631 to 21633
Skipped Seq from 21633 to 21637
Skipped Seq from 21638 to 21640
Skipped Seq from 21648 to 21657
Skipped Seq from 21657 to 21662
Skipped Seq from 21662 to 21664
Skipped Seq from 21665 to 21667
Skipped Seq from 21667 to 21669
Skipped Seq from 21671 to 21673
Skipped Seq from 21677 to 21679
Skipped Seq from 21684 to 21686
Skipped Seq from 21694 to 21698
Skipped Seq from 21700 to 21702
Skipped Seq from 21716 to 21719
Skipped Seq from 21724 to 21726
Skipped Seq from 21728 to 21731
Skipped Seq from 21733 to 21735
Skipped Seq from 21739 to 21742
Skipped Seq from 21753 to 21756
Skipped Seq from 21759 to 21761
Skipped Seq from 21763 to 21765
Skipped Seq from 21772 to 21774
Skipped Seq from 21785 to 21789
Skipped Seq from 21791 to 21807
Skipped Seq from 21808 to 21810
Skipped Seq from 21812 to 21821
Skipped Seq from 21823 to 21826
Skipped Seq from 21826 to 21828
Skipped Seq from 21828 to 21830
Skipped Seq from 21835 to 21837
Skipped Seq from 21839 to 21841
Skipped Seq from 21846 to 21848
Skipped Seq from 21852 to 21854
Skipped Seq from 21857 to 21859
Skipped Seq from 21875 to 21877
Skipped Seq from 21882 to 21884
Skipped Seq from 21885 to 21887
Skipped Seq from 21889 to 21891
Skipped Seq from 21897 to 21899
Skipped Seq from 21934 to 21937
Skipped Seq from 21952 to 21954
Skipped Seq from 21960 to 21962
Skipped Seq from 21964 to 21966
Skipped Seq from 21970 to 21972
Skipped Seq from 21976 to 21979
Skipped Seq from 22008 to 22010
Skipped Seq from 22010 to 22012
Skipped Seq from 22013 to 22015
Skipped Seq from 22017 to 22019
Skipped Seq from 22019 to 22022
Skipped Seq from 22032 to 22035
Number of times throttled: 11
Received: 24230 / 26376 packets
Start time: 1332837951.992329
End time: 1332838036.328640
Duration: 84.336311
