Starting client at 10.0.0.16:1234 with timeout:10
My IP address is 10.0.0.16Skipped Seq from 655 to 672
Skipped Seq from 672 to 675
Skipped Seq from 675 to 704
Skipped Seq from 704 to 706
Skipped Seq from 710 to 713
Skipped Seq from 713 to 735
Skipped Seq from 735 to 738
Skipped Seq from 750 to 752
Skipped Seq from 753 to 768
Skipped Seq from 768 to 783
Skipped Seq from 784 to 813
Skipped Seq from 814 to 816
Skipped Seq from 817 to 819
Skipped Seq from 821 to 823
Skipped Seq from 824 to 826
Skipped Seq from 828 to 834
Skipped Seq from 834 to 843
Skipped Seq from 843 to 845
Skipped Seq from 845 to 876
Skipped Seq from 876 to 879
Skipped Seq from 889 to 901
Skipped Seq from 902 to 906
Skipped Seq from 907 to 909
Skipped Seq from 909 to 911
Skipped Seq from 913 to 915
Skipped Seq from 917 to 984
Skipped Seq from 984 to 990
Skipped Seq from 990 to 997
Skipped Seq from 997 to 1002
Skipped Seq from 1002 to 1005
Skipped Seq from 1005 to 1012
Skipped Seq from 1013 to 1018
Skipped Seq from 1020 to 1022
Skipped Seq from 1022 to 1025
Skipped Seq from 1025 to 1030
Skipped Seq from 1030 to 1032
Skipped Seq from 1032 to 1035
Skipped Seq from 1035 to 1038
Skipped Seq from 1039 to 1041
Skipped Seq from 1041 to 1044
Skipped Seq from 1045 to 1051
Skipped Seq from 1051 to 1057
Skipped Seq from 1058 to 1082
Skipped Seq from 1082 to 1089
Skipped Seq from 1089 to 1093
Skipped Seq from 1093 to 1121
Skipped Seq from 1123 to 1138
Skipped Seq from 1140 to 1142
Skipped Seq from 1145 to 1147
Skipped Seq from 1153 to 1155
Skipped Seq from 1156 to 1182
Skipped Seq from 1185 to 1187
Skipped Seq from 1191 to 1211
Skipped Seq from 1211 to 1213
Skipped Seq from 1215 to 1218
Skipped Seq from 1220 to 1262
Skipped Seq from 1262 to 1270
Skipped Seq from 1270 to 1281
Skipped Seq from 1281 to 1283
Skipped Seq from 1283 to 1292
Skipped Seq from 1292 to 1296
Skipped Seq from 1296 to 1302
Skipped Seq from 1303 to 1307
Skipped Seq from 1307 to 1312
Skipped Seq from 1312 to 1314
Skipped Seq from 1314 to 1324
Skipped Seq from 1324 to 1327
Skipped Seq from 1327 to 1329
Skipped Seq from 1337 to 1339
Skipped Seq from 1339 to 1346
Skipped Seq from 1349 to 1351
Skipped Seq from 1353 to 1369
Skipped Seq from 1371 to 1373
Skipped Seq from 1374 to 1390
Skipped Seq from 1390 to 1397
Skipped Seq from 1398 to 1400
Skipped Seq from 1400 to 1415
Skipped Seq from 1415 to 1421
Skipped Seq from 1428 to 1443
Skipped Seq from 1443 to 1449
Skipped Seq from 1455 to 1457
Skipped Seq from 1458 to 1460
Skipped Seq from 1460 to 1485
Skipped Seq from 1491 to 1498
Skipped Seq from 1498 to 1500
Skipped Seq from 1500 to 1520
Skipped Seq from 1522 to 1524
Skipped Seq from 1524 to 1526
Skipped Seq from 1529 to 1531
Skipped Seq from 1533 to 1535
Skipped Seq from 1536 to 1538
Skipped Seq from 1538 to 1540
Skipped Seq from 1541 to 1558
Skipped Seq from 1559 to 1567
Skipped Seq from 1576 to 1578
Skipped Seq from 1587 to 1589
Skipped Seq from 1589 to 1599
Skipped Seq from 1602 to 1604
Skipped Seq from 1609 to 1611
Skipped Seq from 1619 to 1623
Skipped Seq from 1623 to 1626
Skipped Seq from 1636 to 1638
Skipped Seq from 1639 to 1643
Skipped Seq from 1643 to 1646
Skipped Seq from 1650 to 1652
Skipped Seq from 1660 to 1662
Skipped Seq from 1666 to 1669
Skipped Seq from 1669 to 1671
Skipped Seq from 1679 to 1681
Skipped Seq from 1689 to 1691
Skipped Seq from 1691 to 1693
Skipped Seq from 1693 to 1698
Skipped Seq from 1698 to 1702
Skipped Seq from 1703 to 1706
Skipped Seq from 1713 to 1715
Skipped Seq from 1716 to 1724
Skipped Seq from 1731 to 1733
Skipped Seq from 1738 to 1744
Skipped Seq from 1744 to 1746
Skipped Seq from 1754 to 1756
Skipped Seq from 1756 to 1769
Skipped Seq from 1769 to 1773
Skipped Seq from 1773 to 1775
Skipped Seq from 1775 to 1777
Skipped Seq from 1785 to 1787
Skipped Seq from 1787 to 1798
Skipped Seq from 1800 to 1802
Skipped Seq from 1803 to 1817
Skipped Seq from 1827 to 1830
Skipped Seq from 1831 to 1840
Skipped Seq from 1840 to 1843
Skipped Seq from 1844 to 1846
Skipped Seq from 1847 to 1849
Skipped Seq from 1849 to 1860
Skipped Seq from 1864 to 1870
Skipped Seq from 1877 to 1879
Skipped Seq from 1886 to 1888
Skipped Seq from 1890 to 1892
Skipped Seq from 1892 to 1902
Skipped Seq from 1902 to 1905
Skipped Seq from 1905 to 1907
Skipped Seq from 1919 to 1927
Skipped Seq from 1927 to 1929
Skipped Seq from 1929 to 1931
Skipped Seq from 1937 to 1939
Skipped Seq from 1946 to 1954
Skipped Seq from 1954 to 1959
Skipped Seq from 1960 to 1962
Skipped Seq from 1966 to 1968
Skipped Seq from 1971 to 1973
Skipped Seq from 1980 to 1982
Skipped Seq from 1983 to 1986
Skipped Seq from 1987 to 1989
Skipped Seq from 1991 to 1994
Skipped Seq from 1996 to 2018
Skipped Seq from 2018 to 2020
Skipped Seq from 2020 to 2027
Skipped Seq from 2027 to 2051
Skipped Seq from 2051 to 2056
Skipped Seq from 2059 to 2061
Skipped Seq from 2066 to 2075
Skipped Seq from 2076 to 2092
Skipped Seq from 2092 to 2095
Skipped Seq from 2095 to 2097
Skipped Seq from 2097 to 2118
Skipped Seq from 2118 to 2133
Skipped Seq from 2133 to 2160
Skipped Seq from 2161 to 2163
Skipped Seq from 2178 to 2180
Skipped Seq from 2191 to 2193
Skipped Seq from 2206 to 2208
Skipped Seq from 2208 to 2210
Skipped Seq from 2210 to 2212
Skipped Seq from 2212 to 2216
Skipped Seq from 2217 to 2219
Skipped Seq from 2227 to 2229
Skipped Seq from 2231 to 2233
Skipped Seq from 2233 to 2235
Skipped Seq from 2235 to 2251
Skipped Seq from 2251 to 2256
Skipped Seq from 2256 to 2269
Skipped Seq from 2276 to 2278
Skipped Seq from 2290 to 2294
Skipped Seq from 2294 to 2304
Skipped Seq from 2305 to 2307
Skipped Seq from 2309 to 2311
Skipped Seq from 2316 to 2324
Skipped Seq from 2324 to 2326
Skipped Seq from 2335 to 2339
Skipped Seq from 2339 to 2344
Skipped Seq from 2346 to 2348
Skipped Seq from 2350 to 2352
Skipped Seq from 2358 to 2376
Skipped Seq from 2376 to 2379
Skipped Seq from 2379 to 2381
Skipped Seq from 2381 to 2390
Skipped Seq from 2390 to 2392
Skipped Seq from 2398 to 2410
Skipped Seq from 2410 to 2412
Skipped Seq from 2419 to 2421
Skipped Seq from 2431 to 2433
Skipped Seq from 2433 to 2438
Skipped Seq from 2438 to 2442
Skipped Seq from 2444 to 2446
Skipped Seq from 2451 to 2453
Skipped Seq from 2453 to 2455
Skipped Seq from 2455 to 2457
Skipped Seq from 2457 to 2459
Skipped Seq from 2470 to 2472
Skipped Seq from 2474 to 2481
Skipped Seq from 2481 to 2485
Skipped Seq from 2485 to 2487
Skipped Seq from 2501 to 2503
Skipped Seq from 2513 to 2517
Skipped Seq from 2517 to 2520
Skipped Seq from 2520 to 2522
Skipped Seq from 2527 to 2530
Skipped Seq from 2530 to 2532
Skipped Seq from 2535 to 2541
Skipped Seq from 2543 to 2545
Skipped Seq from 2562 to 2564
Skipped Seq from 2575 to 2577
Skipped Seq from 2585 to 2587
Skipped Seq from 2588 to 2590
Skipped Seq from 2591 to 2593
Skipped Seq from 2593 to 2600
Skipped Seq from 2600 to 2602
Skipped Seq from 2617 to 2620
Skipped Seq from 2628 to 2630
Skipped Seq from 2630 to 2633
Skipped Seq from 2633 to 2635
Skipped Seq from 2635 to 2638
Skipped Seq from 2638 to 2642
Skipped Seq from 2643 to 2666
Skipped Seq from 2666 to 2668
Skipped Seq from 2672 to 2675
Skipped Seq from 2677 to 2681
Skipped Seq from 2681 to 2683
Skipped Seq from 2683 to 2692
Skipped Seq from 2701 to 2714
Skipped Seq from 2719 to 2721
Skipped Seq from 2725 to 2746
Skipped Seq from 2747 to 2749
Skipped Seq from 2758 to 2760
Skipped Seq from 2760 to 2762
Skipped Seq from 2768 to 2770
Skipped Seq from 2771 to 2774
Skipped Seq from 2783 to 2785
Skipped Seq from 2795 to 2797
Skipped Seq from 2797 to 2799
Skipped Seq from 2808 to 2810
Skipped Seq from 2817 to 2820
Skipped Seq from 2822 to 2824
Skipped Seq from 2836 to 2845
Skipped Seq from 2850 to 2852
Skipped Seq from 2856 to 2858
Skipped Seq from 2858 to 2861
Skipped Seq from 2861 to 2863
Skipped Seq from 2882 to 2884
Skipped Seq from 2891 to 2894
Skipped Seq from 2894 to 2896
Skipped Seq from 2904 to 2906
Skipped Seq from 2928 to 2930
Skipped Seq from 2949 to 2952
Skipped Seq from 2960 to 2970
Skipped Seq from 2970 to 2972
Skipped Seq from 2973 to 2977
Skipped Seq from 2977 to 2979
Skipped Seq from 2982 to 2984
Skipped Seq from 2989 to 2991
Skipped Seq from 2991 to 2993
Skipped Seq from 2993 to 2995
Skipped Seq from 2997 to 3012
Skipped Seq from 3013 to 3019
Skipped Seq from 3020 to 3027
Skipped Seq from 3027 to 3033
Skipped Seq from 3033 to 3036
Skipped Seq from 3036 to 3039
Skipped Seq from 3039 to 3051
Skipped Seq from 3051 to 3055
Skipped Seq from 3056 to 3059
Skipped Seq from 3061 to 3067
Skipped Seq from 3069 to 3071
Skipped Seq from 3071 to 3074
Skipped Seq from 3116 to 3118
Skipped Seq from 3121 to 3123
Skipped Seq from 8694 to 8696
Skipped Seq from 8696 to 8698
Skipped Seq from 8698 to 8700
Skipped Seq from 8700 to 8702
Skipped Seq from 8702 to 8704
Skipped Seq from 8704 to 8708
Skipped Seq from 8708 to 8710
Skipped Seq from 8710 to 8712
Skipped Seq from 8712 to 8715
Skipped Seq from 8717 to 8719
Skipped Seq from 8720 to 8722
Skipped Seq from 8725 to 8727
Skipped Seq from 8728 to 8730
Skipped Seq from 8732 to 8734
Skipped Seq from 8739 to 8741
Skipped Seq from 8741 to 8745
Skipped Seq from 8745 to 8748
Skipped Seq from 8748 to 8750
Skipped Seq from 8750 to 8752
Skipped Seq from 8752 to 8754
Skipped Seq from 8759 to 8762
Skipped Seq from 8764 to 8767
Skipped Seq from 8768 to 8770
Skipped Seq from 8770 to 8772
Skipped Seq from 8772 to 8774
Skipped Seq from 8774 to 8777
Skipped Seq from 8777 to 8779
Skipped Seq from 8779 to 8784
Skipped Seq from 8785 to 8787
Skipped Seq from 8787 to 8790
Skipped Seq from 8792 to 8794
Skipped Seq from 8794 to 8796
Skipped Seq from 8796 to 8799
Skipped Seq from 8799 to 8802
Skipped Seq from 8802 to 8805
Skipped Seq from 8807 to 8809
Skipped Seq from 8809 to 8812
Skipped Seq from 8812 to 8816
Skipped Seq from 8816 to 8819
Skipped Seq from 8824 to 8826
Skipped Seq from 8833 to 8835
Skipped Seq from 8839 to 8841
Skipped Seq from 8846 to 8848
Skipped Seq from 8853 to 8855
Skipped Seq from 8860 to 8862
Skipped Seq from 8868 to 8870
Skipped Seq from 8884 to 8887
Skipped Seq from 8887 to 8889
Skipped Seq from 8889 to 8891
Skipped Seq from 8891 to 8893
Skipped Seq from 8902 to 8905
Skipped Seq from 8908 to 8911
Skipped Seq from 8922 to 8926
Skipped Seq from 8931 to 8933
Skipped Seq from 8937 to 8939
Skipped Seq from 8948 to 8950
Skipped Seq from 8953 to 8956
Skipped Seq from 8956 to 8961
Skipped Seq from 8963 to 8965
Skipped Seq from 8965 to 8970
Skipped Seq from 8972 to 8976
Skipped Seq from 8977 to 8980
Skipped Seq from 8980 to 8982
Skipped Seq from 8983 to 8985
Skipped Seq from 8987 to 8993
Skipped Seq from 8995 to 8998
Skipped Seq from 8998 to 9002
Skipped Seq from 9005 to 9008
Skipped Seq from 9012 to 9014
Skipped Seq from 9014 to 9021
Skipped Seq from 9021 to 9024
Skipped Seq from 9029 to 9036
Skipped Seq from 9036 to 9042
Skipped Seq from 9043 to 9045
Skipped Seq from 9050 to 9052
Skipped Seq from 9054 to 9056
Skipped Seq from 9061 to 9063
Skipped Seq from 9063 to 9066
Skipped Seq from 9067 to 9069
Skipped Seq from 9071 to 9073
Skipped Seq from 9075 to 9078
Skipped Seq from 9078 to 9080
Skipped Seq from 9080 to 9082
Skipped Seq from 9082 to 9084
Skipped Seq from 9084 to 9086
Skipped Seq from 9086 to 9089
Skipped Seq from 9089 to 9094
Skipped Seq from 9094 to 9097
Skipped Seq from 9099 to 9101
Skipped Seq from 9104 to 9106
Skipped Seq from 9106 to 9108
Skipped Seq from 9108 to 9111
Skipped Seq from 9111 to 9114
Skipped Seq from 9115 to 9118
Skipped Seq from 9122 to 9124
Skipped Seq from 9127 to 9129
Skipped Seq from 9131 to 9133
Skipped Seq from 9133 to 9138
Skipped Seq from 9138 to 9140
Skipped Seq from 9140 to 9143
Skipped Seq from 9143 to 9145
Skipped Seq from 9146 to 9152
Skipped Seq from 9152 to 9154
Skipped Seq from 9154 to 9159
Skipped Seq from 9159 to 9161
Skipped Seq from 9163 to 9166
Skipped Seq from 9166 to 9168
Skipped Seq from 9168 to 9171
Skipped Seq from 9171 to 9174
Skipped Seq from 9174 to 9178
Skipped Seq from 9178 to 9180
Skipped Seq from 9180 to 9182
Skipped Seq from 9182 to 9185
Skipped Seq from 9185 to 9187
Skipped Seq from 9192 to 9194
Skipped Seq from 9195 to 9197
Skipped Seq from 9197 to 9199
Skipped Seq from 9199 to 9203
Skipped Seq from 9204 to 9206
Skipped Seq from 9206 to 9210
Skipped Seq from 9210 to 9212
Skipped Seq from 9212 to 9215
Skipped Seq from 9215 to 9217
Skipped Seq from 9217 to 9219
Skipped Seq from 9219 to 9222
Skipped Seq from 9223 to 9226
Skipped Seq from 9227 to 9229
Skipped Seq from 9229 to 9232
Skipped Seq from 9235 to 9237
Skipped Seq from 9239 to 9241
Skipped Seq from 9241 to 9243
Skipped Seq from 9245 to 9248
Skipped Seq from 9251 to 9253
Skipped Seq from 9256 to 9258
Skipped Seq from 9258 to 9260
Skipped Seq from 9260 to 9262
Skipped Seq from 9262 to 9265
Skipped Seq from 9265 to 9268
Skipped Seq from 9268 to 9271
Skipped Seq from 9271 to 9273
Skipped Seq from 9273 to 9278
Skipped Seq from 9278 to 9280
Skipped Seq from 9280 to 9283
Skipped Seq from 9283 to 9285
Skipped Seq from 9286 to 9288
Skipped Seq from 9291 to 9296
Skipped Seq from 9296 to 9298
Skipped Seq from 9298 to 9300
Skipped Seq from 9301 to 9303
Skipped Seq from 9303 to 9305
Skipped Seq from 9305 to 9309
Skipped Seq from 9309 to 9311
Skipped Seq from 9311 to 9314
Skipped Seq from 9323 to 9325
Skipped Seq from 9325 to 9327
Skipped Seq from 9329 to 9331
Skipped Seq from 9332 to 9334
Skipped Seq from 9337 to 9339
Skipped Seq from 9339 to 9341
Skipped Seq from 9341 to 9346
Skipped Seq from 9346 to 9349
Skipped Seq from 9349 to 9351
Skipped Seq from 9351 to 9353
Skipped Seq from 9356 to 9359
Skipped Seq from 9363 to 9365
Skipped Seq from 9367 to 9370
Skipped Seq from 9370 to 9372
Skipped Seq from 9374 to 9376
Skipped Seq from 9376 to 9379
Skipped Seq from 9379 to 9381
Skipped Seq from 9381 to 9385
Skipped Seq from 9385 to 9387
Skipped Seq from 9389 to 9395
Skipped Seq from 9400 to 9403
Skipped Seq from 9406 to 9408
Skipped Seq from 9408 to 9410
Skipped Seq from 9411 to 9413
Skipped Seq from 9414 to 9416
Skipped Seq from 9416 to 9419
Skipped Seq from 9420 to 9422
Skipped Seq from 9422 to 9425
Skipped Seq from 9427 to 9432
Skipped Seq from 9432 to 9435
Skipped Seq from 9435 to 9438
Skipped Seq from 9438 to 9443
Skipped Seq from 9443 to 9445
Skipped Seq from 9445 to 9448
Skipped Seq from 9448 to 9451
Skipped Seq from 9451 to 9453
Skipped Seq from 9453 to 9457
Skipped Seq from 9460 to 9463
Skipped Seq from 9463 to 9465
Skipped Seq from 9467 to 9470
Skipped Seq from 9470 to 9472
Skipped Seq from 9473 to 9475
Skipped Seq from 9475 to 9478
Skipped Seq from 9478 to 9482
Skipped Seq from 9486 to 9489
Skipped Seq from 9490 to 9492
Skipped Seq from 9501 to 9504
Skipped Seq from 9505 to 9510
Skipped Seq from 9511 to 9513
Skipped Seq from 9516 to 9518
Skipped Seq from 9518 to 9520
Skipped Seq from 9520 to 9522
Skipped Seq from 9523 to 9525
Skipped Seq from 9525 to 9527
Skipped Seq from 9531 to 9533
Skipped Seq from 9537 to 9539
Skipped Seq from 9542 to 9544
Skipped Seq from 9545 to 9547
Skipped Seq from 9547 to 9549
Skipped Seq from 9550 to 9552
Skipped Seq from 9556 to 9558
Skipped Seq from 9558 to 9560
Skipped Seq from 9560 to 9562
Skipped Seq from 9563 to 9566
Skipped Seq from 9570 to 9572
Skipped Seq from 9574 to 9576
Skipped Seq from 9578 to 9580
Skipped Seq from 9583 to 9585
Skipped Seq from 9591 to 9593
Skipped Seq from 9593 to 9595
Skipped Seq from 9595 to 9597
Skipped Seq from 9598 to 9600
Skipped Seq from 9604 to 9611
Skipped Seq from 14501 to 14504
Skipped Seq from 14504 to 14507
Skipped Seq from 14507 to 14509
Skipped Seq from 14509 to 14511
Skipped Seq from 14512 to 14514
Skipped Seq from 14515 to 14517
Skipped Seq from 14518 to 14520
Skipped Seq from 14520 to 14522
Skipped Seq from 14523 to 14525
Skipped Seq from 14525 to 14527
Skipped Seq from 14528 to 14530
Skipped Seq from 14530 to 14533
Skipped Seq from 14533 to 14535
Skipped Seq from 14536 to 14540
Skipped Seq from 14542 to 14544
Skipped Seq from 14547 to 14550
Skipped Seq from 14551 to 14553
Skipped Seq from 14553 to 14555
Skipped Seq from 14561 to 14564
Skipped Seq from 14567 to 14570
Skipped Seq from 14570 to 14572
Skipped Seq from 14572 to 14576
Skipped Seq from 14576 to 14579
Skipped Seq from 14579 to 14581
Skipped Seq from 14582 to 14584
Skipped Seq from 14584 to 14586
Skipped Seq from 14587 to 14589
Skipped Seq from 14590 to 14594
Skipped Seq from 14598 to 14602
Skipped Seq from 14602 to 14604
Skipped Seq from 14604 to 14606
Skipped Seq from 14607 to 14610
Skipped Seq from 14610 to 14612
Skipped Seq from 14612 to 14614
Skipped Seq from 14615 to 14618
Skipped Seq from 14621 to 14625
Skipped Seq from 14627 to 14629
Skipped Seq from 14629 to 14632
Skipped Seq from 14634 to 14636
Skipped Seq from 14636 to 14639
Skipped Seq from 14640 to 14645
Skipped Seq from 14647 to 14649
Skipped Seq from 14652 to 14655
Skipped Seq from 14656 to 14658
Skipped Seq from 14659 to 14661
Skipped Seq from 14663 to 14667
Skipped Seq from 14668 to 14670
Skipped Seq from 14670 to 14673
Skipped Seq from 14674 to 14677
Skipped Seq from 14678 to 14680
Skipped Seq from 14680 to 14683
Skipped Seq from 14683 to 14686
Skipped Seq from 14688 to 14690
Skipped Seq from 14691 to 14694
Skipped Seq from 14695 to 14697
Skipped Seq from 14701 to 14704
Skipped Seq from 14704 to 14706
Skipped Seq from 14707 to 14710
Skipped Seq from 14711 to 14713
Skipped Seq from 14713 to 14715
Skipped Seq from 14718 to 14720
Skipped Seq from 14722 to 14724
Skipped Seq from 14724 to 14726
Skipped Seq from 14726 to 14729
Skipped Seq from 14732 to 14735
Skipped Seq from 14738 to 14742
Skipped Seq from 14743 to 14746
Skipped Seq from 14746 to 14750
Skipped Seq from 14750 to 14754
Skipped Seq from 14754 to 14756
Skipped Seq from 14756 to 14758
Skipped Seq from 14758 to 14761
Skipped Seq from 14762 to 14765
Skipped Seq from 14766 to 14768
Skipped Seq from 14772 to 14774
Skipped Seq from 14774 to 14776
Skipped Seq from 14776 to 14778
Skipped Seq from 14779 to 14781
Skipped Seq from 14782 to 14784
Skipped Seq from 14785 to 14787
Skipped Seq from 14788 to 14792
Skipped Seq from 14792 to 14794
Skipped Seq from 14794 to 14797
Skipped Seq from 14799 to 14801
Skipped Seq from 14802 to 14804
Skipped Seq from 14807 to 14810
Skipped Seq from 14811 to 14813
Skipped Seq from 14814 to 14817
Skipped Seq from 14817 to 14819
Skipped Seq from 14819 to 14821
Skipped Seq from 14822 to 14825
Skipped Seq from 14826 to 14828
Skipped Seq from 14829 to 14831
Skipped Seq from 14833 to 14837
Skipped Seq from 14845 to 14847
Skipped Seq from 14848 to 14850
Skipped Seq from 14852 to 14854
Skipped Seq from 14857 to 14859
Skipped Seq from 14859 to 14861
Skipped Seq from 14861 to 14863
Skipped Seq from 14863 to 14866
Skipped Seq from 14869 to 14871
Skipped Seq from 14871 to 14874
Skipped Seq from 14877 to 14879
Skipped Seq from 14879 to 14882
Skipped Seq from 14882 to 14885
Skipped Seq from 14885 to 14887
Skipped Seq from 14887 to 14889
Skipped Seq from 14890 to 14892
Skipped Seq from 14892 to 14894
Skipped Seq from 14894 to 14896
Skipped Seq from 14899 to 14901
Skipped Seq from 14901 to 14903
Skipped Seq from 14907 to 14909
Skipped Seq from 14912 to 14916
Skipped Seq from 14917 to 14919
Skipped Seq from 14922 to 14925
Skipped Seq from 14926 to 14928
Skipped Seq from 14928 to 14930
Skipped Seq from 14930 to 14933
Skipped Seq from 14934 to 14936
Skipped Seq from 14936 to 14938
Skipped Seq from 14938 to 14940
Skipped Seq from 14943 to 14945
Skipped Seq from 14946 to 14948
Skipped Seq from 14951 to 14953
Skipped Seq from 14953 to 14955
Skipped Seq from 14957 to 14961
Skipped Seq from 14962 to 14964
Skipped Seq from 14967 to 14969
Skipped Seq from 14969 to 14971
Skipped Seq from 14972 to 14974
Skipped Seq from 14974 to 14976
Skipped Seq from 14976 to 14978
Skipped Seq from 14980 to 14983
Skipped Seq from 14983 to 14986
Skipped Seq from 14986 to 14988
Skipped Seq from 14989 to 14992
Skipped Seq from 14992 to 14995
Skipped Seq from 14997 to 15000
Skipped Seq from 15002 to 15004
Skipped Seq from 15005 to 15007
Skipped Seq from 15010 to 15012
Skipped Seq from 15012 to 15014
Skipped Seq from 15014 to 15017
Skipped Seq from 15019 to 15023
Skipped Seq from 15024 to 15026
Skipped Seq from 15027 to 15029
Skipped Seq from 15030 to 15035
Skipped Seq from 15035 to 15038
Skipped Seq from 15038 to 15040
Skipped Seq from 15040 to 15044
Skipped Seq from 15044 to 15046
Skipped Seq from 15049 to 15051
Skipped Seq from 15052 to 15055
Skipped Seq from 15056 to 15058
Skipped Seq from 15061 to 15064
Skipped Seq from 15064 to 15066
Skipped Seq from 15066 to 15068
Skipped Seq from 15068 to 15071
Skipped Seq from 15071 to 15073
Skipped Seq from 15076 to 15079
Skipped Seq from 15079 to 15082
Skipped Seq from 15082 to 15085
Skipped Seq from 15085 to 15088
Skipped Seq from 15089 to 15091
Skipped Seq from 15091 to 15094
Skipped Seq from 15094 to 15097
Skipped Seq from 15097 to 15099
Skipped Seq from 15100 to 15102
Skipped Seq from 15102 to 15104
Skipped Seq from 15104 to 15107
Skipped Seq from 15111 to 15113
Skipped Seq from 15113 to 15116
Skipped Seq from 15117 to 15119
Skipped Seq from 15121 to 15123
Skipped Seq from 15125 to 15127
Skipped Seq from 15129 to 15131
Skipped Seq from 15131 to 15134
Skipped Seq from 15134 to 15136
Skipped Seq from 15138 to 15141
Skipped Seq from 15142 to 15145
Skipped Seq from 15148 to 15151
Skipped Seq from 15154 to 15156
Skipped Seq from 15158 to 15161
Skipped Seq from 15162 to 15164
Skipped Seq from 15165 to 15167
Skipped Seq from 15167 to 15169
Skipped Seq from 15170 to 15173
Skipped Seq from 15174 to 15176
Skipped Seq from 15185 to 15189
Skipped Seq from 15189 to 15191
Skipped Seq from 15193 to 15195
Skipped Seq from 15196 to 15199
Skipped Seq from 15201 to 15207
Skipped Seq from 15208 to 15210
Skipped Seq from 15211 to 15213
Skipped Seq from 15215 to 15219
Skipped Seq from 15219 to 15221
Skipped Seq from 15222 to 15225
Skipped Seq from 15226 to 15229
Skipped Seq from 15229 to 15232
Skipped Seq from 15233 to 15235
Skipped Seq from 15235 to 15237
Skipped Seq from 15241 to 15243
Skipped Seq from 15246 to 15248
Skipped Seq from 15251 to 15253
Skipped Seq from 15253 to 15255
Skipped Seq from 15256 to 15259
Skipped Seq from 15259 to 15261
Skipped Seq from 15261 to 15263
Skipped Seq from 15266 to 15268
Skipped Seq from 15269 to 15272
Skipped Seq from 15272 to 15274
Skipped Seq from 15274 to 15276
Skipped Seq from 15276 to 15278
Skipped Seq from 15280 to 15282
Skipped Seq from 15282 to 15286
Skipped Seq from 15286 to 15288
Skipped Seq from 15292 to 15295
Skipped Seq from 15296 to 15298
Skipped Seq from 15299 to 15301
Skipped Seq from 15302 to 15304
Skipped Seq from 15305 to 15307
Skipped Seq from 15310 to 15313
Skipped Seq from 15313 to 15317
Skipped Seq from 15319 to 15322
Skipped Seq from 15322 to 15325
Skipped Seq from 15326 to 15328
Skipped Seq from 15329 to 15335
Skipped Seq from 15335 to 15339
Skipped Seq from 15341 to 15343
Skipped Seq from 15343 to 15347
Skipped Seq from 15348 to 15350
Skipped Seq from 15350 to 15352
Skipped Seq from 15352 to 15354
Skipped Seq from 15355 to 15358
Skipped Seq from 15361 to 15366
Skipped Seq from 15367 to 15370
Skipped Seq from 15372 to 15374
Skipped Seq from 15374 to 15376
Skipped Seq from 15381 to 15385
Skipped Seq from 15385 to 15388
Skipped Seq from 15388 to 15390
Skipped Seq from 15391 to 15393
Skipped Seq from 15395 to 15398
Skipped Seq from 15400 to 15405
Skipped Seq from 15406 to 15409
Skipped Seq from 15409 to 15411
Skipped Seq from 15414 to 15416
Skipped Seq from 15418 to 15421
Skipped Seq from 15425 to 15428
Skipped Seq from 15428 to 15430
Skipped Seq from 15433 to 15439
Skipped Seq from 15441 to 15444
Skipped Seq from 15447 to 15449
Skipped Seq from 15449 to 15451
Skipped Seq from 15453 to 15455
Skipped Seq from 15459 to 15463
Skipped Seq from 15465 to 15467
Skipped Seq from 15470 to 15475
Skipped Seq from 15475 to 15479
Skipped Seq from 15479 to 15482
Skipped Seq from 15483 to 15485
Skipped Seq from 15491 to 15495
Skipped Seq from 15498 to 15502
Skipped Seq from 15502 to 15505
Skipped Seq from 15505 to 15509
Skipped Seq from 15510 to 15512
Skipped Seq from 15512 to 15517
Skipped Seq from 15517 to 15519
Skipped Seq from 15519 to 15521
Skipped Seq from 15521 to 15523
Skipped Seq from 15523 to 15529
Skipped Seq from 15530 to 15532
Skipped Seq from 15534 to 15536
Skipped Seq from 15536 to 15538
Skipped Seq from 15538 to 15542
Skipped Seq from 15543 to 15545
Skipped Seq from 15546 to 15549
Skipped Seq from 15550 to 15552
Skipped Seq from 15552 to 15559
Skipped Seq from 15559 to 15561
Skipped Seq from 15562 to 15564
Skipped Seq from 15564 to 15567
Skipped Seq from 15568 to 15573
Skipped Seq from 15577 to 15579
Skipped Seq from 15579 to 15581
Skipped Seq from 15581 to 15585
Skipped Seq from 15585 to 15587
Skipped Seq from 15590 to 15592
Skipped Seq from 15592 to 15596
Skipped Seq from 15596 to 15602
Skipped Seq from 15602 to 15604
Skipped Seq from 15604 to 15606
Skipped Seq from 15607 to 15613
Skipped Seq from 15614 to 15617
Skipped Seq from 15617 to 15620
Skipped Seq from 15620 to 15622
Skipped Seq from 15624 to 15626
Skipped Seq from 15626 to 15628
Skipped Seq from 15631 to 15634
Skipped Seq from 15634 to 15638
Skipped Seq from 15638 to 15641
Skipped Seq from 15646 to 15650
Skipped Seq from 15650 to 15653
Skipped Seq from 15653 to 15655
Skipped Seq from 15656 to 15661
Skipped Seq from 15661 to 15663
Skipped Seq from 15665 to 15667
Skipped Seq from 15669 to 15672
Skipped Seq from 15673 to 15675
Skipped Seq from 15675 to 15680
Skipped Seq from 15680 to 15684
Skipped Seq from 15684 to 15688
Skipped Seq from 15689 to 15693
Skipped Seq from 15693 to 15695
Skipped Seq from 15695 to 15704
Skipped Seq from 15704 to 15712
Skipped Seq from 15712 to 15727
Skipped Seq from 15729 to 15736
Skipped Seq from 15736 to 15742
Skipped Seq from 15742 to 15745
Skipped Seq from 15745 to 15751
Skipped Seq from 15751 to 15756
Skipped Seq from 15757 to 15759
Skipped Seq from 15760 to 15767
Skipped Seq from 15767 to 15770
Skipped Seq from 15771 to 15774
Skipped Seq from 15774 to 15778
Skipped Seq from 15779 to 15786
Skipped Seq from 15786 to 15791
Skipped Seq from 15791 to 15795
Skipped Seq from 15795 to 15798
Skipped Seq from 15799 to 15804
Skipped Seq from 15805 to 15811
Skipped Seq from 15811 to 15813
Skipped Seq from 15813 to 15818
Skipped Seq from 15818 to 15828
Skipped Seq from 15830 to 15833
Skipped Seq from 15833 to 15836
Skipped Seq from 15838 to 15842
Skipped Seq from 15843 to 15846
Skipped Seq from 15846 to 15849
Skipped Seq from 15850 to 15860
Skipped Seq from 15860 to 15863
Skipped Seq from 15863 to 15883
Skipped Seq from 15887 to 15890
Skipped Seq from 15895 to 15897
Skipped Seq from 15904 to 15906
Skipped Seq from 15918 to 15920
Skipped Seq from 15923 to 15929
Skipped Seq from 15929 to 15933
Skipped Seq from 15933 to 15935
Skipped Seq from 15936 to 15938
Skipped Seq from 15938 to 15941
Skipped Seq from 15942 to 15944
Skipped Seq from 15944 to 15946
Skipped Seq from 15946 to 15949
Skipped Seq from 15949 to 15953
Skipped Seq from 15956 to 15958
Skipped Seq from 15962 to 15965
Skipped Seq from 15965 to 15968
Skipped Seq from 15970 to 15972
Skipped Seq from 15972 to 15974
Skipped Seq from 15979 to 15981
Skipped Seq from 15987 to 15991
Skipped Seq from 15997 to 16000
Skipped Seq from 16001 to 16005
Skipped Seq from 16005 to 16008
Skipped Seq from 16008 to 16011
Skipped Seq from 16012 to 16018
Skipped Seq from 16023 to 16025
Skipped Seq from 16031 to 16033
Skipped Seq from 16033 to 16036
Skipped Seq from 16051 to 16053
Skipped Seq from 16056 to 16058
Skipped Seq from 16065 to 16067
Skipped Seq from 16069 to 16071
Skipped Seq from 16076 to 16078
Skipped Seq from 16081 to 16083
Skipped Seq from 16083 to 16085
Skipped Seq from 16093 to 16096
Skipped Seq from 16101 to 16105
Skipped Seq from 16106 to 16109
Skipped Seq from 16111 to 16113
Skipped Seq from 16113 to 16115
Skipped Seq from 16120 to 16122
Skipped Seq from 16125 to 16127
Skipped Seq from 16129 to 16131
Skipped Seq from 16133 to 16135
Skipped Seq from 16136 to 16138
Skipped Seq from 16138 to 16140
Skipped Seq from 16141 to 16143
Skipped Seq from 16148 to 16150
Skipped Seq from 16151 to 16154
Skipped Seq from 16158 to 16160
Skipped Seq from 16161 to 16163
Skipped Seq from 16167 to 16169
Skipped Seq from 16169 to 16171
Skipped Seq from 16176 to 16178
Skipped Seq from 16178 to 16180
Skipped Seq from 16182 to 16184
Skipped Seq from 16184 to 16186
Skipped Seq from 16186 to 16188
Skipped Seq from 16188 to 16190
Skipped Seq from 16190 to 16193
Skipped Seq from 16197 to 16199
Skipped Seq from 16205 to 16208
Skipped Seq from 16211 to 16215
Skipped Seq from 16215 to 16217
Skipped Seq from 16225 to 16229
Skipped Seq from 16231 to 16233
Skipped Seq from 16233 to 16235
Skipped Seq from 16235 to 16237
Skipped Seq from 16237 to 16239
Skipped Seq from 16239 to 16241
Skipped Seq from 16242 to 16245
Skipped Seq from 16245 to 16247
Skipped Seq from 16253 to 16256
Skipped Seq from 16257 to 16260
Skipped Seq from 16260 to 16262
Skipped Seq from 16262 to 16266
Skipped Seq from 16267 to 16269
Skipped Seq from 16274 to 16276
Skipped Seq from 16276 to 16280
Skipped Seq from 16281 to 16283
Skipped Seq from 16283 to 16285
Skipped Seq from 16286 to 16288
Skipped Seq from 16289 to 16292
Skipped Seq from 16294 to 16297
Skipped Seq from 16297 to 16299
Skipped Seq from 16301 to 16303
Skipped Seq from 16303 to 16308
Skipped Seq from 16312 to 16314
Skipped Seq from 16316 to 16320
Skipped Seq from 16322 to 16324
Skipped Seq from 16326 to 16328
Skipped Seq from 16330 to 16335
Skipped Seq from 16335 to 16337
Skipped Seq from 16338 to 16341
Skipped Seq from 16343 to 16345
Skipped Seq from 16349 to 16351
Skipped Seq from 16351 to 16353
Skipped Seq from 16354 to 16359
Skipped Seq from 16359 to 16361
Skipped Seq from 16362 to 16364
Skipped Seq from 16364 to 16366
Skipped Seq from 16372 to 16374
Skipped Seq from 16388 to 16390
Skipped Seq from 16393 to 16395
Skipped Seq from 16400 to 16405
Skipped Seq from 16405 to 16407
Skipped Seq from 16409 to 16411
Skipped Seq from 16417 to 16419
Skipped Seq from 16419 to 16421
Skipped Seq from 16426 to 16428
Skipped Seq from 16433 to 16435
Skipped Seq from 16436 to 16438
Skipped Seq from 16445 to 16447
Skipped Seq from 16459 to 16461
Skipped Seq from 16468 to 16471
Skipped Seq from 16473 to 16477
Skipped Seq from 16479 to 16481
Skipped Seq from 16482 to 16487
Skipped Seq from 16488 to 16490
Skipped Seq from 16496 to 16503
Skipped Seq from 16503 to 16505
Skipped Seq from 16506 to 16508
Skipped Seq from 16508 to 16511
Skipped Seq from 16512 to 16514
Skipped Seq from 16518 to 16521
Skipped Seq from 16522 to 16525
Skipped Seq from 16525 to 16527
Skipped Seq from 16528 to 16531
Skipped Seq from 16536 to 16540
Skipped Seq from 16541 to 16543
Skipped Seq from 16543 to 16545
Skipped Seq from 16551 to 16555
Skipped Seq from 16568 to 16570
Skipped Seq from 16585 to 16587
Number of times throttled: 15
Received: 17510 / 20149 packets
Start time: 1332837096.052037
End time: 1332837162.630555
Duration: 66.578518
