Starting client at 10.0.0.27:1251 with timeout:10
My IP address is 10.0.0.27Skipped Seq from 4 to 6
Skipped Seq from 6 to 8
Skipped Seq from 8 to 12
Skipped Seq from 12 to 15
Skipped Seq from 15 to 17
Skipped Seq from 17 to 23
Skipped Seq from 23 to 28
Skipped Seq from 28 to 35
Skipped Seq from 35 to 45
Skipped Seq from 45 to 49
Skipped Seq from 49 to 55
Skipped Seq from 55 to 59
Skipped Seq from 64 to 66
Skipped Seq from 66 to 71
Skipped Seq from 71 to 73
Skipped Seq from 73 to 79
Skipped Seq from 79 to 90
Skipped Seq from 90 to 94
Skipped Seq from 94 to 96
Skipped Seq from 96 to 98
Skipped Seq from 98 to 100
Skipped Seq from 100 to 102
Skipped Seq from 103 to 105
Skipped Seq from 107 to 110
Skipped Seq from 110 to 117
Skipped Seq from 117 to 120
Skipped Seq from 120 to 123
Skipped Seq from 123 to 126
Skipped Seq from 127 to 130
Skipped Seq from 130 to 132
Skipped Seq from 132 to 136
Skipped Seq from 136 to 150
Skipped Seq from 150 to 152
Skipped Seq from 152 to 155
Skipped Seq from 156 to 161
Skipped Seq from 161 to 164
Skipped Seq from 164 to 168
Skipped Seq from 168 to 178
Skipped Seq from 179 to 181
Skipped Seq from 181 to 184
Skipped Seq from 184 to 188
Skipped Seq from 188 to 191
Skipped Seq from 192 to 198
Skipped Seq from 198 to 200
Skipped Seq from 200 to 203
Skipped Seq from 203 to 205
Skipped Seq from 205 to 209
Skipped Seq from 209 to 211
Skipped Seq from 211 to 223
Skipped Seq from 223 to 225
Skipped Seq from 226 to 231
Skipped Seq from 231 to 233
Skipped Seq from 233 to 235
Skipped Seq from 236 to 238
Skipped Seq from 238 to 241
Skipped Seq from 245 to 248
Skipped Seq from 248 to 252
Skipped Seq from 253 to 255
Skipped Seq from 255 to 257
Skipped Seq from 257 to 260
Skipped Seq from 260 to 266
Skipped Seq from 271 to 273
Skipped Seq from 274 to 276
Skipped Seq from 277 to 279
Skipped Seq from 282 to 284
Skipped Seq from 284 to 287
Skipped Seq from 287 to 289
Skipped Seq from 290 to 292
Skipped Seq from 293 to 295
Skipped Seq from 297 to 299
Skipped Seq from 299 to 301
Skipped Seq from 311 to 314
Skipped Seq from 314 to 316
Skipped Seq from 320 to 322
Skipped Seq from 334 to 336
Skipped Seq from 337 to 339
Skipped Seq from 353 to 355
Skipped Seq from 1392 to 1394
Skipped Seq from 1394 to 1397
Skipped Seq from 1400 to 1404
Skipped Seq from 1404 to 1407
Skipped Seq from 1411 to 1413
Skipped Seq from 1414 to 1422
Number of times throttled: 1
Received: 2438 / 2654 packets
Start time: 1332837846.903857
End time: 1332837863.970235
Duration: 17.066378
