Starting client at 10.0.0.27:1279 with timeout:10
My IP address is 10.0.0.27Skipped Seq from 0 to 3
Skipped Seq from 3 to 5
Recovered out of order packet from 6 to 4
Skipped Seq from 1327 to 1329
Skipped Seq from 1330 to 1332
Skipped Seq from 1338 to 1340
Skipped Seq from 1343 to 1345
Skipped Seq from 1347 to 1350
Skipped Seq from 1354 to 1356
Skipped Seq from 1356 to 1358
Skipped Seq from 1361 to 1363
Skipped Seq from 1363 to 1366
Skipped Seq from 1366 to 1368
Skipped Seq from 1368 to 1371
Skipped Seq from 1371 to 1373
Skipped Seq from 1373 to 1378
Skipped Seq from 1378 to 1382
Skipped Seq from 1382 to 1386
Skipped Seq from 1386 to 1388
Skipped Seq from 1389 to 1391
Skipped Seq from 1391 to 1393
Skipped Seq from 1394 to 1396
Skipped Seq from 1397 to 1400
Skipped Seq from 1402 to 1405
Skipped Seq from 1407 to 1409
Skipped Seq from 1411 to 1413
Skipped Seq from 1415 to 1417
Skipped Seq from 1421 to 1423
Skipped Seq from 1427 to 1431
Skipped Seq from 1433 to 1435
Skipped Seq from 1438 to 1440
Skipped Seq from 1440 to 1442
Skipped Seq from 1442 to 1445
Skipped Seq from 1445 to 1448
Skipped Seq from 1448 to 1450
Skipped Seq from 1450 to 1453
Skipped Seq from 1453 to 1455
Skipped Seq from 1455 to 1459
Skipped Seq from 1459 to 1461
Skipped Seq from 1462 to 1464
Skipped Seq from 1466 to 1469
Skipped Seq from 1469 to 1471
Skipped Seq from 1473 to 1475
Skipped Seq from 1475 to 1477
Skipped Seq from 1484 to 1486
Skipped Seq from 1489 to 1491
Skipped Seq from 1491 to 1493
Skipped Seq from 1494 to 1497
Skipped Seq from 1498 to 1500
Skipped Seq from 1503 to 1506
Skipped Seq from 1510 to 1512
Skipped Seq from 1516 to 1518
Skipped Seq from 1520 to 1525
Skipped Seq from 1526 to 1530
Skipped Seq from 1530 to 1534
Skipped Seq from 1534 to 1537
Skipped Seq from 1538 to 1542
Skipped Seq from 1542 to 1544
Skipped Seq from 1544 to 1546
Skipped Seq from 1546 to 1548
Skipped Seq from 1552 to 1555
Skipped Seq from 1558 to 1560
Skipped Seq from 1561 to 1563
Skipped Seq from 1563 to 1565
Skipped Seq from 1566 to 1568
Skipped Seq from 1574 to 1578
Skipped Seq from 1581 to 1583
Skipped Seq from 1583 to 1585
Skipped Seq from 1587 to 1589
Skipped Seq from 1589 to 1593
Skipped Seq from 1593 to 1597
Skipped Seq from 1598 to 1601
Skipped Seq from 1603 to 1605
Skipped Seq from 1607 to 1609
Skipped Seq from 1610 to 1613
Skipped Seq from 1619 to 1621
Skipped Seq from 1624 to 1627
Skipped Seq from 1627 to 1629
Skipped Seq from 1633 to 1635
Skipped Seq from 1649 to 1653
Skipped Seq from 1654 to 1657
Skipped Seq from 1659 to 1661
Skipped Seq from 1661 to 1668
Skipped Seq from 1668 to 1672
Skipped Seq from 1672 to 1674
Skipped Seq from 1674 to 1676
Skipped Seq from 1682 to 1684
Skipped Seq from 1684 to 1698
Skipped Seq from 1698 to 1707
Skipped Seq from 1707 to 1718
Skipped Seq from 1718 to 1720
Skipped Seq from 1724 to 1726
Skipped Seq from 1728 to 1730
Skipped Seq from 1734 to 1737
Skipped Seq from 1738 to 1740
Skipped Seq from 1740 to 1742
Skipped Seq from 1742 to 1744
Skipped Seq from 1746 to 1750
Skipped Seq from 1750 to 1753
Skipped Seq from 1753 to 1755
Skipped Seq from 1755 to 1760
Skipped Seq from 1760 to 1765
Skipped Seq from 1766 to 1768
Skipped Seq from 1768 to 1775
Skipped Seq from 1775 to 1777
Skipped Seq from 1778 to 1782
Skipped Seq from 1782 to 1785
Skipped Seq from 1785 to 1791
Skipped Seq from 1792 to 1795
Skipped Seq from 1798 to 1801
Skipped Seq from 1801 to 1803
Skipped Seq from 1803 to 1805
Skipped Seq from 1806 to 1808
Skipped Seq from 1808 to 1810
Skipped Seq from 1811 to 1814
Skipped Seq from 1814 to 1816
Skipped Seq from 1817 to 1820
Skipped Seq from 1822 to 1824
Skipped Seq from 1824 to 1826
Skipped Seq from 1830 to 1832
Skipped Seq from 1832 to 1835
Skipped Seq from 1836 to 1838
Number of times throttled: 2
Received: 9479 / 9707 packets
Start time: 1332838519.147972
End time: 1332838556.675096
Duration: 37.527124
