Starting client at 10.0.0.19:1278 with timeout:10
My IP address is 10.0.0.19Skipped Seq from 1 to 3
Recovered out of order packet from 3 to 2
Skipped Seq from 6402 to 6429
Skipped Seq from 6429 to 6436
Skipped Seq from 6436 to 6444
Skipped Seq from 6444 to 6662
Skipped Seq from 6662 to 6714
Skipped Seq from 6714 to 6868
Skipped Seq from 6868 to 7006
Skipped Seq from 7006 to 7013
Skipped Seq from 7013 to 7026
Skipped Seq from 7026 to 7067
Skipped Seq from 7067 to 7073
Skipped Seq from 7073 to 7079
Skipped Seq from 7079 to 7096
Skipped Seq from 7096 to 7099
Skipped Seq from 7099 to 7104
Skipped Seq from 7104 to 7108
Skipped Seq from 7109 to 7111
Skipped Seq from 7111 to 7113
Skipped Seq from 7115 to 7118
Skipped Seq from 7118 to 7121
Skipped Seq from 7121 to 7127
Skipped Seq from 7128 to 7134
Skipped Seq from 7134 to 7140
Skipped Seq from 7140 to 7143
Skipped Seq from 7143 to 7147
Skipped Seq from 7147 to 7153
Skipped Seq from 7153 to 7169
Skipped Seq from 7169 to 7171
Skipped Seq from 7171 to 7176
Skipped Seq from 7176 to 7188
Skipped Seq from 7188 to 7190
Skipped Seq from 7190 to 7196
Skipped Seq from 7196 to 7199
Skipped Seq from 7199 to 7206
Skipped Seq from 7207 to 7211
Skipped Seq from 7211 to 7220
Skipped Seq from 7221 to 7226
Skipped Seq from 7226 to 7228
Skipped Seq from 7228 to 7233
Skipped Seq from 7233 to 7238
Skipped Seq from 7238 to 7243
Skipped Seq from 7244 to 7257
Skipped Seq from 7257 to 7273
Skipped Seq from 7273 to 7416
Skipped Seq from 7416 to 7674
Skipped Seq from 7674 to 7691
Skipped Seq from 7691 to 7809
Skipped Seq from 7819 to 7823
Skipped Seq from 7827 to 7829
Skipped Seq from 7830 to 7833
Skipped Seq from 7834 to 7836
Skipped Seq from 7838 to 7841
Skipped Seq from 7841 to 7849
Skipped Seq from 7850 to 7856
Skipped Seq from 7856 to 7860
Skipped Seq from 7860 to 7863
Skipped Seq from 7863 to 7866
Skipped Seq from 7867 to 7869
Skipped Seq from 7869 to 7874
Skipped Seq from 7874 to 7879
Skipped Seq from 7882 to 7888
Skipped Seq from 7888 to 7890
Skipped Seq from 7890 to 7892
Skipped Seq from 7892 to 7895
Skipped Seq from 7895 to 7898
Skipped Seq from 7902 to 7906
Skipped Seq from 7909 to 7914
Skipped Seq from 7918 to 7921
Skipped Seq from 7922 to 7924
Skipped Seq from 7926 to 7932
Skipped Seq from 7932 to 7946
Skipped Seq from 7946 to 7956
Skipped Seq from 7956 to 7964
Skipped Seq from 7965 to 7969
Skipped Seq from 7969 to 7978
Skipped Seq from 7978 to 7980
Skipped Seq from 7980 to 7983
Skipped Seq from 7985 to 7988
Skipped Seq from 7991 to 8000
Skipped Seq from 8000 to 8002
Skipped Seq from 8002 to 8013
Skipped Seq from 8013 to 8022
Skipped Seq from 8022 to 8027
Skipped Seq from 8027 to 8035
Skipped Seq from 8035 to 8037
Skipped Seq from 8037 to 8041
Skipped Seq from 8041 to 8051
Skipped Seq from 8052 to 8057
Skipped Seq from 8058 to 8063
Skipped Seq from 8063 to 8065
Skipped Seq from 8065 to 8068
Skipped Seq from 8069 to 8072
Skipped Seq from 8074 to 8076
Skipped Seq from 8077 to 8079
Skipped Seq from 8080 to 8082
Skipped Seq from 8082 to 8091
Skipped Seq from 8092 to 8102
Skipped Seq from 8102 to 8105
Skipped Seq from 8105 to 8120
Skipped Seq from 8120 to 8122
Skipped Seq from 8122 to 8124
Skipped Seq from 8124 to 8143
Skipped Seq from 8143 to 8145
Skipped Seq from 8145 to 8149
Skipped Seq from 8149 to 8162
Skipped Seq from 8162 to 8185
Skipped Seq from 8185 to 8200
Skipped Seq from 8201 to 8203
Skipped Seq from 8203 to 8218
Skipped Seq from 8219 to 8222
Skipped Seq from 8222 to 8244
Skipped Seq from 8244 to 8257
Skipped Seq from 8257 to 8268
Skipped Seq from 8268 to 8280
Skipped Seq from 8280 to 8282
Skipped Seq from 8283 to 8304
Skipped Seq from 8304 to 8313
Skipped Seq from 8313 to 8315
Skipped Seq from 8315 to 8326
Skipped Seq from 8326 to 8351
Skipped Seq from 8351 to 8360
Skipped Seq from 8360 to 8364
Skipped Seq from 8364 to 8366
Skipped Seq from 8367 to 8369
Skipped Seq from 8369 to 8373
Skipped Seq from 8373 to 8376
Skipped Seq from 8376 to 8378
Skipped Seq from 8378 to 8380
Skipped Seq from 8380 to 8384
Skipped Seq from 8385 to 8393
Skipped Seq from 8394 to 8398
Skipped Seq from 8399 to 8402
Skipped Seq from 8403 to 8405
Skipped Seq from 8405 to 8409
Skipped Seq from 8410 to 8412
Skipped Seq from 8412 to 8416
Skipped Seq from 8417 to 8421
Skipped Seq from 8421 to 8423
Skipped Seq from 8423 to 8426
Skipped Seq from 8426 to 8435
Skipped Seq from 8435 to 8437
Skipped Seq from 8437 to 8442
Skipped Seq from 8442 to 8444
Skipped Seq from 8444 to 8449
Skipped Seq from 8449 to 8451
Skipped Seq from 8451 to 8453
Skipped Seq from 8453 to 8455
Skipped Seq from 8455 to 8457
Skipped Seq from 8457 to 8460
Skipped Seq from 8460 to 8464
Skipped Seq from 8464 to 8467
Skipped Seq from 8467 to 8470
Skipped Seq from 8470 to 8477
Skipped Seq from 8477 to 8480
Skipped Seq from 8480 to 8483
Skipped Seq from 8483 to 8487
Skipped Seq from 8487 to 8493
Skipped Seq from 8493 to 8500
Skipped Seq from 8500 to 8504
Skipped Seq from 8504 to 8507
Skipped Seq from 8507 to 8509
Skipped Seq from 8509 to 8513
Skipped Seq from 8513 to 8516
Skipped Seq from 8516 to 8519
Skipped Seq from 8519 to 8523
Skipped Seq from 8523 to 8526
Skipped Seq from 8526 to 8533
Skipped Seq from 8533 to 8535
Skipped Seq from 8535 to 8539
Skipped Seq from 8539 to 8542
Skipped Seq from 8542 to 8545
Skipped Seq from 8545 to 8549
Skipped Seq from 8549 to 8552
Skipped Seq from 8552 to 8561
Skipped Seq from 8561 to 8564
Skipped Seq from 8564 to 8567
Skipped Seq from 8567 to 8574
Skipped Seq from 8574 to 8577
Skipped Seq from 8577 to 8580
Skipped Seq from 8580 to 8587
Skipped Seq from 8587 to 8590
Skipped Seq from 8590 to 8596
Skipped Seq from 8596 to 8599
Skipped Seq from 8599 to 8602
Skipped Seq from 8602 to 8605
Skipped Seq from 8605 to 8608
Skipped Seq from 8608 to 8612
Skipped Seq from 8612 to 8615
Skipped Seq from 8615 to 8621
Skipped Seq from 8621 to 8624
Skipped Seq from 8624 to 8627
Skipped Seq from 8627 to 8631
Skipped Seq from 8631 to 8634
Skipped Seq from 8634 to 8636
Skipped Seq from 8636 to 8640
Skipped Seq from 8640 to 8643
Skipped Seq from 8643 to 8646
Skipped Seq from 8646 to 8649
Skipped Seq from 8649 to 8652
Skipped Seq from 8652 to 8655
Skipped Seq from 8655 to 8662
Skipped Seq from 8662 to 8665
Skipped Seq from 8665 to 8668
Skipped Seq from 8668 to 8671
Skipped Seq from 8671 to 8674
Skipped Seq from 8674 to 8680
Skipped Seq from 8680 to 8692
Skipped Seq from 8692 to 8695
Skipped Seq from 8695 to 8699
Skipped Seq from 8699 to 8702
Skipped Seq from 8702 to 8704
Skipped Seq from 8704 to 8708
Skipped Seq from 8708 to 8711
Skipped Seq from 8711 to 8714
Skipped Seq from 8714 to 8717
Skipped Seq from 8717 to 8720
Skipped Seq from 8720 to 8723
Skipped Seq from 8724 to 8728
Skipped Seq from 8728 to 8736
Skipped Seq from 8736 to 8743
Skipped Seq from 8743 to 8748
Skipped Seq from 8748 to 8755
Skipped Seq from 8755 to 8757
Skipped Seq from 8757 to 8766
Skipped Seq from 8766 to 8769
Skipped Seq from 8769 to 8772
Skipped Seq from 8772 to 8775
Skipped Seq from 8775 to 8778
Skipped Seq from 8778 to 8781
Skipped Seq from 8781 to 8784
Skipped Seq from 8784 to 8787
Skipped Seq from 8787 to 8790
Skipped Seq from 8790 to 8793
Skipped Seq from 8793 to 8796
Skipped Seq from 8796 to 8805
Skipped Seq from 8805 to 8808
Skipped Seq from 8808 to 8810
Skipped Seq from 8810 to 8812
Skipped Seq from 8812 to 8816
Skipped Seq from 8816 to 8819
Skipped Seq from 8819 to 8825
Skipped Seq from 8825 to 8831
Skipped Seq from 8831 to 8834
Skipped Seq from 8834 to 8836
Skipped Seq from 8836 to 8840
Skipped Seq from 8840 to 8842
Skipped Seq from 8842 to 8845
Skipped Seq from 8845 to 8848
Skipped Seq from 8848 to 8851
Skipped Seq from 8851 to 8856
Skipped Seq from 8856 to 8860
Skipped Seq from 8860 to 8863
Skipped Seq from 8863 to 8865
Skipped Seq from 8865 to 8868
Skipped Seq from 8868 to 8873
Skipped Seq from 8873 to 8876
Skipped Seq from 8876 to 8879
Skipped Seq from 8879 to 8882
Skipped Seq from 8882 to 8885
Skipped Seq from 8885 to 8890
Skipped Seq from 8890 to 8895
Skipped Seq from 8895 to 8899
Skipped Seq from 8899 to 8903
Skipped Seq from 8905 to 8907
Skipped Seq from 8909 to 8911
Skipped Seq from 8912 to 8914
Skipped Seq from 8914 to 8921
Skipped Seq from 8921 to 8926
Skipped Seq from 8927 to 8929
Skipped Seq from 8929 to 8942
Skipped Seq from 8942 to 8970
Skipped Seq from 8970 to 8975
Skipped Seq from 8979 to 8982
Skipped Seq from 8982 to 8989
Skipped Seq from 8989 to 8991
Skipped Seq from 8993 to 8999
Skipped Seq from 9000 to 9003
Skipped Seq from 9003 to 9007
Skipped Seq from 9009 to 9012
Skipped Seq from 9012 to 9017
Skipped Seq from 9017 to 9020
Skipped Seq from 9023 to 9033
Skipped Seq from 9033 to 9042
Skipped Seq from 9042 to 9062
Skipped Seq from 9063 to 9065
Skipped Seq from 9065 to 9074
Skipped Seq from 9074 to 9078
Skipped Seq from 9078 to 9080
Skipped Seq from 9080 to 9082
Skipped Seq from 9084 to 9086
Skipped Seq from 9086 to 9091
Skipped Seq from 9092 to 9094
Skipped Seq from 9094 to 9098
Skipped Seq from 9098 to 9101
Skipped Seq from 9101 to 9107
Skipped Seq from 9107 to 9109
Skipped Seq from 9111 to 9117
Skipped Seq from 9121 to 9124
Skipped Seq from 9124 to 9129
Skipped Seq from 9129 to 9134
Skipped Seq from 9134 to 9137
Skipped Seq from 9139 to 9144
Skipped Seq from 9144 to 9147
Skipped Seq from 9147 to 9151
Skipped Seq from 9151 to 9154
Skipped Seq from 9155 to 9157
Skipped Seq from 9159 to 9164
Skipped Seq from 9164 to 9166
Skipped Seq from 9166 to 9168
Skipped Seq from 9169 to 9184
Skipped Seq from 9184 to 9189
Skipped Seq from 9191 to 9193
Skipped Seq from 9193 to 9200
Skipped Seq from 9200 to 9202
Skipped Seq from 9202 to 9211
Skipped Seq from 9211 to 9218
Skipped Seq from 9220 to 9223
Skipped Seq from 9224 to 9226
Skipped Seq from 9227 to 9230
Skipped Seq from 9230 to 9232
Skipped Seq from 9235 to 9238
Skipped Seq from 9238 to 9240
Skipped Seq from 9241 to 9243
Skipped Seq from 9243 to 9245
Skipped Seq from 9246 to 9254
Skipped Seq from 9254 to 9256
Skipped Seq from 9256 to 9264
Skipped Seq from 9264 to 9266
Skipped Seq from 9266 to 9269
Skipped Seq from 9270 to 9273
Skipped Seq from 9273 to 9285
Skipped Seq from 9286 to 9288
Skipped Seq from 9288 to 9290
Skipped Seq from 9290 to 9298
Skipped Seq from 9300 to 9308
Skipped Seq from 9308 to 9310
Skipped Seq from 9310 to 9316
Skipped Seq from 9316 to 9320
Skipped Seq from 9320 to 9323
Skipped Seq from 9323 to 9343
Skipped Seq from 9344 to 9346
Skipped Seq from 9346 to 9350
Skipped Seq from 9350 to 9352
Skipped Seq from 9352 to 9359
Skipped Seq from 9361 to 9367
Skipped Seq from 9367 to 9384
Skipped Seq from 9384 to 9405
Skipped Seq from 9405 to 9415
Skipped Seq from 9415 to 9423
Skipped Seq from 9423 to 9433
Skipped Seq from 9433 to 9439
Skipped Seq from 9439 to 9450
Skipped Seq from 9450 to 9459
Skipped Seq from 9459 to 9462
Skipped Seq from 9462 to 9464
Skipped Seq from 9464 to 9473
Skipped Seq from 9473 to 9492
Skipped Seq from 9497 to 9499
Skipped Seq from 9504 to 9506
Skipped Seq from 9506 to 9508
Skipped Seq from 9510 to 9515
Skipped Seq from 9515 to 9519
Skipped Seq from 9520 to 9525
Skipped Seq from 9525 to 9527
Skipped Seq from 9527 to 9532
Skipped Seq from 9532 to 9535
Skipped Seq from 9539 to 9541
Skipped Seq from 9541 to 9550
Skipped Seq from 9550 to 9552
Skipped Seq from 9554 to 9557
Skipped Seq from 9557 to 9573
Skipped Seq from 9573 to 9577
Skipped Seq from 9577 to 9579
Skipped Seq from 9579 to 9583
Skipped Seq from 9586 to 9588
Skipped Seq from 9589 to 9591
Skipped Seq from 9592 to 9595
Skipped Seq from 9595 to 9597
Skipped Seq from 9609 to 9611
Skipped Seq from 9617 to 9621
Skipped Seq from 9622 to 9624
Skipped Seq from 9628 to 9630
Skipped Seq from 9630 to 9633
Skipped Seq from 9633 to 9636
Skipped Seq from 9636 to 9638
Skipped Seq from 9641 to 9643
Skipped Seq from 9643 to 9645
Skipped Seq from 9646 to 9649
Skipped Seq from 9649 to 9651
Skipped Seq from 9651 to 9656
Skipped Seq from 9657 to 9660
Skipped Seq from 9660 to 9664
Skipped Seq from 9664 to 9667
Skipped Seq from 9668 to 9675
Skipped Seq from 9676 to 9678
Skipped Seq from 9679 to 9681
Skipped Seq from 9687 to 9689
Skipped Seq from 9702 to 9706
Skipped Seq from 9711 to 9713
Skipped Seq from 9722 to 9724
Skipped Seq from 9724 to 9726
Skipped Seq from 9738 to 9745
Skipped Seq from 9747 to 9754
Skipped Seq from 9754 to 9757
Skipped Seq from 9761 to 9763
Skipped Seq from 9769 to 9771
Skipped Seq from 13383 to 13385
Skipped Seq from 13390 to 13392
Skipped Seq from 13392 to 13394
Skipped Seq from 13396 to 13398
Skipped Seq from 13403 to 13405
Skipped Seq from 13409 to 13411
Skipped Seq from 13415 to 13417
Skipped Seq from 13421 to 13423
Skipped Seq from 13427 to 13429
Skipped Seq from 13432 to 13435
Skipped Seq from 13435 to 13439
Skipped Seq from 13450 to 13452
Skipped Seq from 13455 to 13458
Skipped Seq from 13460 to 13464
Skipped Seq from 13464 to 13466
Skipped Seq from 13466 to 13468
Skipped Seq from 13469 to 13471
Skipped Seq from 13472 to 13475
Skipped Seq from 13475 to 13478
Skipped Seq from 13478 to 13481
Skipped Seq from 13481 to 13484
Skipped Seq from 13485 to 13487
Skipped Seq from 13487 to 13489
Skipped Seq from 13491 to 13495
Skipped Seq from 13495 to 13497
Skipped Seq from 13500 to 13502
Skipped Seq from 13502 to 13504
Skipped Seq from 13507 to 13510
Skipped Seq from 13511 to 13514
Skipped Seq from 13515 to 13517
Skipped Seq from 13525 to 13527
Skipped Seq from 13529 to 13533
Skipped Seq from 13535 to 13537
Skipped Seq from 13538 to 13540
Skipped Seq from 13542 to 13544
Skipped Seq from 13550 to 13552
Skipped Seq from 13553 to 13555
Skipped Seq from 13556 to 13558
Skipped Seq from 13559 to 13561
Skipped Seq from 13564 to 13566
Skipped Seq from 13566 to 13568
Skipped Seq from 13573 to 13575
Skipped Seq from 13577 to 13580
Skipped Seq from 13582 to 13585
Skipped Seq from 13585 to 13588
Skipped Seq from 13588 to 13590
Skipped Seq from 13592 to 13595
Skipped Seq from 13602 to 13604
Skipped Seq from 13604 to 13606
Skipped Seq from 13606 to 13608
Skipped Seq from 13613 to 13615
Skipped Seq from 13616 to 13622
Skipped Seq from 13624 to 13626
Skipped Seq from 13634 to 13637
Skipped Seq from 13639 to 13642
Skipped Seq from 13643 to 13645
Skipped Seq from 13648 to 13650
Skipped Seq from 13655 to 13657
Skipped Seq from 13657 to 13659
Skipped Seq from 13659 to 13664
Skipped Seq from 13665 to 13667
Skipped Seq from 13667 to 13669
Skipped Seq from 13687 to 13689
Skipped Seq from 13689 to 13691
Skipped Seq from 13700 to 13704
Skipped Seq from 13710 to 13713
Skipped Seq from 13717 to 13719
Skipped Seq from 13719 to 13723
Skipped Seq from 13725 to 13730
Skipped Seq from 13730 to 13732
Skipped Seq from 13734 to 13737
Skipped Seq from 13737 to 13739
Skipped Seq from 13739 to 13742
Skipped Seq from 13742 to 13745
Skipped Seq from 13746 to 13748
Skipped Seq from 13749 to 13751
Skipped Seq from 13752 to 13754
Skipped Seq from 13756 to 13758
Skipped Seq from 13760 to 13763
Skipped Seq from 13763 to 13766
Skipped Seq from 13769 to 13771
Skipped Seq from 13772 to 13774
Skipped Seq from 13776 to 13778
Skipped Seq from 13778 to 13781
Skipped Seq from 13781 to 13784
Skipped Seq from 13787 to 13790
Skipped Seq from 13794 to 13796
Skipped Seq from 13797 to 13799
Skipped Seq from 13799 to 13803
Skipped Seq from 13804 to 13807
Skipped Seq from 13816 to 13818
Skipped Seq from 13824 to 13826
Skipped Seq from 13836 to 13838
Skipped Seq from 13841 to 13843
Skipped Seq from 13855 to 13858
Skipped Seq from 13858 to 13861
Skipped Seq from 13867 to 13869
Skipped Seq from 13869 to 13871
Skipped Seq from 13871 to 13873
Skipped Seq from 13873 to 13875
Skipped Seq from 13878 to 13880
Skipped Seq from 13882 to 13884
Skipped Seq from 13887 to 13889
Skipped Seq from 13889 to 13891
Skipped Seq from 13893 to 13895
Skipped Seq from 13900 to 13902
Skipped Seq from 13905 to 13911
Skipped Seq from 13915 to 13917
Skipped Seq from 13917 to 13920
Skipped Seq from 13922 to 13924
Skipped Seq from 13925 to 13927
Skipped Seq from 13928 to 13930
Skipped Seq from 13933 to 13935
Skipped Seq from 13935 to 13938
Skipped Seq from 13939 to 13941
Skipped Seq from 13942 to 13944
Skipped Seq from 13948 to 13950
Skipped Seq from 13950 to 13953
Skipped Seq from 13955 to 13958
Skipped Seq from 13958 to 13960
Skipped Seq from 13961 to 13965
Skipped Seq from 13967 to 13969
Skipped Seq from 13969 to 13971
Skipped Seq from 13972 to 13974
Skipped Seq from 13974 to 13976
Skipped Seq from 13977 to 13979
Skipped Seq from 13979 to 13981
Skipped Seq from 13982 to 13984
Skipped Seq from 13987 to 13989
Skipped Seq from 13995 to 13997
Skipped Seq from 14000 to 14002
Skipped Seq from 14008 to 14012
Skipped Seq from 14015 to 14019
Skipped Seq from 14020 to 14022
Skipped Seq from 14025 to 14027
Skipped Seq from 14029 to 14034
Skipped Seq from 14034 to 14036
Skipped Seq from 14037 to 14040
Skipped Seq from 14041 to 14043
Skipped Seq from 14044 to 14046
Skipped Seq from 14048 to 14050
Skipped Seq from 14050 to 14052
Skipped Seq from 14052 to 14054
Skipped Seq from 14057 to 14059
Skipped Seq from 14062 to 14066
Skipped Seq from 14066 to 14070
Skipped Seq from 14071 to 14075
Skipped Seq from 14075 to 14077
Skipped Seq from 14078 to 14080
Skipped Seq from 14080 to 14082
Skipped Seq from 14082 to 14084
Skipped Seq from 14087 to 14091
Skipped Seq from 14091 to 14097
Skipped Seq from 14099 to 14101
Skipped Seq from 14101 to 14107
Skipped Seq from 14107 to 14109
Skipped Seq from 14110 to 14112
Skipped Seq from 14112 to 14114
Skipped Seq from 14116 to 14120
Skipped Seq from 14123 to 14125
Skipped Seq from 14126 to 14128
Skipped Seq from 14130 to 14132
Skipped Seq from 14133 to 14135
Skipped Seq from 14136 to 14139
Skipped Seq from 14139 to 14141
Skipped Seq from 14141 to 14143
Skipped Seq from 14143 to 14145
Skipped Seq from 14146 to 14150
Skipped Seq from 14150 to 14153
Skipped Seq from 14154 to 14156
Skipped Seq from 14156 to 14158
Skipped Seq from 14162 to 14166
Skipped Seq from 14166 to 14168
Skipped Seq from 14168 to 14171
Skipped Seq from 14171 to 14173
Skipped Seq from 14173 to 14178
Skipped Seq from 14178 to 14181
Skipped Seq from 14181 to 14183
Skipped Seq from 14184 to 14186
Skipped Seq from 14186 to 14188
Skipped Seq from 14190 to 14193
Skipped Seq from 14193 to 14195
Skipped Seq from 14195 to 14199
Skipped Seq from 14202 to 14205
Skipped Seq from 14210 to 14213
Skipped Seq from 14217 to 14219
Skipped Seq from 14219 to 14221
Skipped Seq from 14222 to 14225
Skipped Seq from 14227 to 14230
Skipped Seq from 14231 to 14233
Skipped Seq from 14233 to 14235
Skipped Seq from 14239 to 14241
Skipped Seq from 14241 to 14245
Skipped Seq from 14247 to 14250
Skipped Seq from 14252 to 14256
Skipped Seq from 14260 to 14263
Skipped Seq from 14265 to 14268
Skipped Seq from 14268 to 14270
Skipped Seq from 14270 to 14272
Skipped Seq from 14274 to 14276
Skipped Seq from 14276 to 14278
Skipped Seq from 14279 to 14281
Skipped Seq from 14282 to 14284
Skipped Seq from 14284 to 14286
Skipped Seq from 14286 to 14289
Skipped Seq from 14289 to 14291
Skipped Seq from 14293 to 14296
Skipped Seq from 14297 to 14299
Skipped Seq from 14304 to 14307
Skipped Seq from 14308 to 14310
Skipped Seq from 14315 to 14317
Skipped Seq from 14317 to 14319
Skipped Seq from 14320 to 14322
Skipped Seq from 14325 to 14327
Skipped Seq from 14327 to 14330
Skipped Seq from 14330 to 14337
Skipped Seq from 14338 to 14342
Skipped Seq from 14344 to 14346
Skipped Seq from 14346 to 14350
Skipped Seq from 14350 to 14353
Skipped Seq from 14353 to 14358
Skipped Seq from 14359 to 14361
Skipped Seq from 14362 to 14364
Skipped Seq from 14365 to 14368
Skipped Seq from 14369 to 14373
Skipped Seq from 14373 to 14376
Skipped Seq from 14377 to 14379
Skipped Seq from 14380 to 14382
Skipped Seq from 14382 to 14385
Skipped Seq from 14386 to 14390
Skipped Seq from 14395 to 14397
Skipped Seq from 14406 to 14408
Skipped Seq from 14408 to 14410
Skipped Seq from 14412 to 14414
Skipped Seq from 14416 to 14419
Skipped Seq from 14422 to 14424
Skipped Seq from 14427 to 14429
Skipped Seq from 14436 to 14439
Skipped Seq from 14439 to 14441
Skipped Seq from 14443 to 14446
Skipped Seq from 14446 to 14449
Skipped Seq from 14449 to 14451
Skipped Seq from 14451 to 14453
Skipped Seq from 14454 to 14456
Skipped Seq from 14456 to 14458
Skipped Seq from 14458 to 14461
Skipped Seq from 14461 to 14464
Skipped Seq from 14465 to 14467
Skipped Seq from 14467 to 14469
Skipped Seq from 14469 to 14471
Skipped Seq from 14471 to 14473
Skipped Seq from 14473 to 14482
Skipped Seq from 14482 to 14485
Skipped Seq from 14488 to 14491
Skipped Seq from 14492 to 14495
Skipped Seq from 14495 to 14499
Skipped Seq from 14500 to 14502
Skipped Seq from 14503 to 14505
Skipped Seq from 14514 to 14516
Skipped Seq from 14518 to 14522
Skipped Seq from 14522 to 14524
Skipped Seq from 14525 to 14529
Skipped Seq from 14529 to 14534
Skipped Seq from 14534 to 14537
Skipped Seq from 14538 to 14540
Skipped Seq from 14544 to 14548
Skipped Seq from 14550 to 14555
Skipped Seq from 14555 to 14559
Skipped Seq from 14561 to 14565
Skipped Seq from 14566 to 14569
Skipped Seq from 14570 to 14572
Skipped Seq from 14574 to 14576
Skipped Seq from 14576 to 14580
Skipped Seq from 14580 to 14582
Skipped Seq from 14583 to 14585
Skipped Seq from 14585 to 14588
Skipped Seq from 14588 to 14590
Skipped Seq from 14592 to 14594
Skipped Seq from 14594 to 14598
Skipped Seq from 14600 to 14602
Skipped Seq from 14603 to 14605
Skipped Seq from 14606 to 14608
Skipped Seq from 14613 to 14615
Skipped Seq from 14616 to 14618
Skipped Seq from 14621 to 14624
Skipped Seq from 14624 to 14628
Skipped Seq from 14633 to 14635
Skipped Seq from 14635 to 14637
Skipped Seq from 14638 to 14640
Skipped Seq from 14640 to 14642
Skipped Seq from 14642 to 14645
Skipped Seq from 14647 to 14650
Skipped Seq from 14650 to 14652
Skipped Seq from 14654 to 14659
Skipped Seq from 14662 to 14664
Skipped Seq from 14666 to 14668
Skipped Seq from 14669 to 14671
Skipped Seq from 14671 to 14673
Skipped Seq from 14676 to 14680
Skipped Seq from 14681 to 14688
Skipped Seq from 14688 to 14690
Skipped Seq from 14697 to 14700
Skipped Seq from 14700 to 14702
Skipped Seq from 14703 to 14705
Skipped Seq from 14706 to 14708
Skipped Seq from 14708 to 14711
Skipped Seq from 14711 to 14713
Skipped Seq from 14713 to 14716
Skipped Seq from 14717 to 14719
Skipped Seq from 14720 to 14722
Skipped Seq from 14723 to 14726
Skipped Seq from 14726 to 14728
Skipped Seq from 14728 to 14730
Skipped Seq from 14730 to 14733
Skipped Seq from 14739 to 14741
Skipped Seq from 14748 to 14750
Skipped Seq from 14752 to 14756
Skipped Seq from 14756 to 14759
Skipped Seq from 14763 to 14765
Skipped Seq from 14766 to 14769
Skipped Seq from 14770 to 14773
Skipped Seq from 14774 to 14778
Skipped Seq from 14783 to 14785
Skipped Seq from 14789 to 14793
Skipped Seq from 14795 to 14799
Skipped Seq from 14809 to 14811
Skipped Seq from 14816 to 14818
Skipped Seq from 14820 to 14823
Skipped Seq from 14824 to 14826
Skipped Seq from 14828 to 14830
Skipped Seq from 14831 to 14833
Skipped Seq from 14837 to 14840
Skipped Seq from 14844 to 14846
Skipped Seq from 14846 to 14849
Skipped Seq from 14851 to 14853
Skipped Seq from 14853 to 14855
Skipped Seq from 14858 to 14860
Skipped Seq from 14860 to 14862
Skipped Seq from 14863 to 14866
Skipped Seq from 14866 to 14869
Skipped Seq from 14872 to 14876
Skipped Seq from 14876 to 14878
Skipped Seq from 14878 to 14883
Skipped Seq from 14883 to 14885
Skipped Seq from 14885 to 14889
Skipped Seq from 14899 to 14902
Skipped Seq from 14908 to 14913
Skipped Seq from 14917 to 14920
Skipped Seq from 14923 to 14927
Skipped Seq from 14927 to 14929
Skipped Seq from 14930 to 14932
Skipped Seq from 14939 to 14941
Skipped Seq from 14943 to 14947
Skipped Seq from 14957 to 14961
Skipped Seq from 14962 to 14964
Skipped Seq from 15060 to 15062
Skipped Seq from 15079 to 15081
Skipped Seq from 19510 to 19512
Skipped Seq from 19514 to 19516
Skipped Seq from 19516 to 19518
Skipped Seq from 19518 to 19521
Skipped Seq from 19524 to 19526
Skipped Seq from 19527 to 19529
Skipped Seq from 19531 to 19533
Skipped Seq from 19533 to 19535
Skipped Seq from 19538 to 19542
Skipped Seq from 19544 to 19548
Skipped Seq from 19550 to 19553
Skipped Seq from 19554 to 19558
Skipped Seq from 19558 to 19560
Skipped Seq from 19561 to 19563
Skipped Seq from 19565 to 19567
Skipped Seq from 19568 to 19570
Skipped Seq from 19572 to 19574
Skipped Seq from 19575 to 19579
Skipped Seq from 19579 to 19581
Skipped Seq from 19583 to 19586
Skipped Seq from 19589 to 19595
Skipped Seq from 19599 to 19601
Skipped Seq from 19603 to 19606
Skipped Seq from 19607 to 19609
Skipped Seq from 19610 to 19612
Skipped Seq from 19613 to 19617
Skipped Seq from 19621 to 19625
Skipped Seq from 19625 to 19627
Skipped Seq from 19630 to 19632
Skipped Seq from 19632 to 19634
Skipped Seq from 19634 to 19636
Skipped Seq from 19637 to 19640
Skipped Seq from 19640 to 19643
Skipped Seq from 19644 to 19647
Skipped Seq from 19653 to 19655
Skipped Seq from 19655 to 19657
Skipped Seq from 19664 to 19666
Skipped Seq from 19666 to 19668
Skipped Seq from 19669 to 19672
Skipped Seq from 19674 to 19677
Skipped Seq from 19677 to 19679
Skipped Seq from 19682 to 19685
Skipped Seq from 19685 to 19689
Skipped Seq from 19689 to 19692
Skipped Seq from 19695 to 19698
Skipped Seq from 19701 to 19703
Skipped Seq from 19704 to 19706
Skipped Seq from 19712 to 19715
Skipped Seq from 19715 to 19717
Skipped Seq from 19719 to 19721
Skipped Seq from 19722 to 19725
Skipped Seq from 19727 to 19730
Skipped Seq from 19732 to 19734
Skipped Seq from 19738 to 19743
Skipped Seq from 19745 to 19747
Skipped Seq from 19749 to 19751
Skipped Seq from 19751 to 19753
Skipped Seq from 19755 to 19757
Skipped Seq from 19761 to 19764
Skipped Seq from 19764 to 19766
Skipped Seq from 19766 to 19768
Skipped Seq from 19773 to 19775
Skipped Seq from 19776 to 19779
Skipped Seq from 19779 to 19781
Skipped Seq from 19781 to 19784
Skipped Seq from 19784 to 19786
Skipped Seq from 19787 to 19789
Skipped Seq from 19789 to 19792
Skipped Seq from 19793 to 19795
Skipped Seq from 19797 to 19799
Skipped Seq from 19800 to 19802
Skipped Seq from 19802 to 19804
Skipped Seq from 19808 to 19811
Skipped Seq from 19811 to 19813
Skipped Seq from 19814 to 19816
Skipped Seq from 19816 to 19818
Skipped Seq from 19822 to 19825
Skipped Seq from 19825 to 19827
Skipped Seq from 19832 to 19837
Skipped Seq from 19840 to 19843
Skipped Seq from 19843 to 19846
Skipped Seq from 19846 to 19848
Skipped Seq from 19848 to 19851
Skipped Seq from 19853 to 19856
Skipped Seq from 19859 to 19861
Skipped Seq from 19864 to 19866
Skipped Seq from 19869 to 19872
Skipped Seq from 19874 to 19877
Skipped Seq from 19877 to 19879
Skipped Seq from 19879 to 19881
Skipped Seq from 19887 to 19889
Skipped Seq from 19890 to 19893
Skipped Seq from 19895 to 19897
Skipped Seq from 19898 to 19900
Skipped Seq from 19901 to 19904
Skipped Seq from 19906 to 19909
Skipped Seq from 19910 to 19912
Skipped Seq from 19912 to 19914
Skipped Seq from 19914 to 19916
Skipped Seq from 19919 to 19921
Skipped Seq from 19921 to 19923
Skipped Seq from 19924 to 19928
Skipped Seq from 19928 to 19930
Skipped Seq from 19931 to 19934
Skipped Seq from 19934 to 19937
Skipped Seq from 19939 to 19942
Skipped Seq from 19943 to 19946
Skipped Seq from 19948 to 19950
Skipped Seq from 19950 to 19952
Skipped Seq from 19952 to 19955
Skipped Seq from 19955 to 19957
Skipped Seq from 19957 to 19959
Skipped Seq from 19959 to 19962
Skipped Seq from 19962 to 19966
Skipped Seq from 19967 to 19969
Skipped Seq from 19969 to 19971
Skipped Seq from 19971 to 19973
Skipped Seq from 19973 to 19975
Skipped Seq from 19975 to 19977
Skipped Seq from 19977 to 19980
Skipped Seq from 19983 to 19986
Skipped Seq from 19986 to 19988
Skipped Seq from 19990 to 19992
Skipped Seq from 19992 to 19994
Skipped Seq from 19995 to 19997
Skipped Seq from 19999 to 20001
Skipped Seq from 20001 to 20003
Skipped Seq from 20006 to 20008
Skipped Seq from 20013 to 20015
Skipped Seq from 20019 to 20021
Skipped Seq from 20024 to 20027
Skipped Seq from 20029 to 20031
Skipped Seq from 20032 to 20036
Skipped Seq from 20036 to 20038
Skipped Seq from 20038 to 20040
Skipped Seq from 20044 to 20047
Skipped Seq from 20052 to 20054
Skipped Seq from 20057 to 20059
Skipped Seq from 20059 to 20061
Skipped Seq from 20062 to 20064
Skipped Seq from 20065 to 20067
Skipped Seq from 20067 to 20069
Skipped Seq from 20069 to 20073
Skipped Seq from 20074 to 20076
Skipped Seq from 20076 to 20078
Skipped Seq from 20081 to 20083
Skipped Seq from 20085 to 20088
Skipped Seq from 20089 to 20091
Skipped Seq from 20097 to 20099
Skipped Seq from 20099 to 20101
Skipped Seq from 20102 to 20104
Skipped Seq from 20107 to 20109
Skipped Seq from 20109 to 20111
Skipped Seq from 20112 to 20114
Skipped Seq from 20115 to 20117
Skipped Seq from 20131 to 20133
Skipped Seq from 20133 to 20135
Skipped Seq from 20137 to 20139
Skipped Seq from 20142 to 20145
Skipped Seq from 20148 to 20150
Skipped Seq from 20151 to 20153
Skipped Seq from 20153 to 20156
Skipped Seq from 20162 to 20164
Skipped Seq from 20170 to 20173
Skipped Seq from 20173 to 20175
Skipped Seq from 20185 to 20187
Skipped Seq from 20187 to 20189
Skipped Seq from 20190 to 20196
Skipped Seq from 20197 to 20211
Skipped Seq from 20211 to 20218
Skipped Seq from 20219 to 20222
Skipped Seq from 20222 to 20227
Skipped Seq from 20227 to 20231
Skipped Seq from 20233 to 20235
Skipped Seq from 20236 to 20241
Skipped Seq from 20242 to 20245
Skipped Seq from 20245 to 20247
Skipped Seq from 20247 to 20252
Skipped Seq from 20252 to 20257
Skipped Seq from 20258 to 20270
Skipped Seq from 20270 to 20272
Skipped Seq from 20272 to 20275
Skipped Seq from 20275 to 20284
Skipped Seq from 20287 to 20294
Skipped Seq from 20294 to 20296
Skipped Seq from 20296 to 20301
Skipped Seq from 20301 to 20303
Skipped Seq from 20303 to 20307
Skipped Seq from 20354 to 20356
Skipped Seq from 20373 to 20375
Skipped Seq from 20383 to 20385
Skipped Seq from 20403 to 20406
Skipped Seq from 20408 to 20410
Skipped Seq from 20413 to 20415
Skipped Seq from 20416 to 20418
Skipped Seq from 20422 to 20424
Skipped Seq from 20447 to 20449
Skipped Seq from 20470 to 20472
Skipped Seq from 20476 to 20478
Skipped Seq from 20478 to 20480
Skipped Seq from 20492 to 20494
Skipped Seq from 20499 to 20501
Skipped Seq from 20506 to 20508
Skipped Seq from 20531 to 20533
Skipped Seq from 20544 to 20546
Skipped Seq from 20548 to 20550
Skipped Seq from 20558 to 20561
Skipped Seq from 20568 to 20570
Skipped Seq from 20571 to 20573
Skipped Seq from 20573 to 20575
Skipped Seq from 20584 to 20587
Skipped Seq from 20587 to 20589
Skipped Seq from 21235 to 21237
Skipped Seq from 21240 to 21242
Skipped Seq from 21242 to 21245
Skipped Seq from 21248 to 21250
Skipped Seq from 21255 to 21257
Skipped Seq from 21268 to 21272
Skipped Seq from 21273 to 21275
Skipped Seq from 21276 to 21280
Skipped Seq from 21282 to 21284
Skipped Seq from 21289 to 21291
Skipped Seq from 21291 to 21293
Skipped Seq from 21293 to 21295
Skipped Seq from 21303 to 21305
Skipped Seq from 21310 to 21312
Skipped Seq from 21316 to 21318
Skipped Seq from 21320 to 21322
Skipped Seq from 21332 to 21335
Skipped Seq from 21338 to 21340
Skipped Seq from 21342 to 21344
Skipped Seq from 21348 to 21350
Skipped Seq from 21350 to 21353
Skipped Seq from 21357 to 21360
Skipped Seq from 21363 to 21365
Skipped Seq from 21366 to 21368
Skipped Seq from 21368 to 21370
Skipped Seq from 21373 to 21376
Skipped Seq from 21380 to 21383
Skipped Seq from 21387 to 21390
Skipped Seq from 21401 to 21404
Skipped Seq from 21405 to 21407
Skipped Seq from 21407 to 21409
Skipped Seq from 21417 to 21422
Skipped Seq from 21429 to 21431
Skipped Seq from 21482 to 21485
Skipped Seq from 21486 to 21488
Skipped Seq from 21489 to 21491
Skipped Seq from 21491 to 21494
Skipped Seq from 21494 to 21496
Skipped Seq from 21497 to 21500
Skipped Seq from 21503 to 21505
Skipped Seq from 21507 to 21510
Skipped Seq from 21510 to 21512
Skipped Seq from 21515 to 21517
Skipped Seq from 21520 to 21522
Skipped Seq from 21543 to 21546
Skipped Seq from 21546 to 21548
Skipped Seq from 21555 to 21558
Skipped Seq from 21564 to 21566
Skipped Seq from 21567 to 21569
Skipped Seq from 21569 to 21572
Skipped Seq from 21574 to 21578
Skipped Seq from 21578 to 21580
Skipped Seq from 21580 to 21582
Skipped Seq from 21582 to 21584
Skipped Seq from 21588 to 21590
Skipped Seq from 21590 to 21592
Skipped Seq from 21597 to 21600
Skipped Seq from 21600 to 21602
Skipped Seq from 21604 to 21606
Skipped Seq from 21607 to 21609
Skipped Seq from 21625 to 21630
Skipped Seq from 21630 to 21633
Skipped Seq from 21633 to 21635
Skipped Seq from 21640 to 21643
Skipped Seq from 21644 to 21647
Skipped Seq from 21652 to 21654
Skipped Seq from 21655 to 21657
Skipped Seq from 21661 to 21665
Skipped Seq from 21665 to 21667
Skipped Seq from 21674 to 21676
Skipped Seq from 21680 to 21682
Skipped Seq from 21682 to 21684
Skipped Seq from 21685 to 21687
Skipped Seq from 21695 to 21697
Skipped Seq from 21701 to 21703
Skipped Seq from 21703 to 21705
Skipped Seq from 21712 to 21715
Skipped Seq from 21719 to 21721
Skipped Seq from 21725 to 21728
Skipped Seq from 21729 to 21731
Skipped Seq from 21735 to 21737
Skipped Seq from 21739 to 21742
Skipped Seq from 21742 to 21744
Skipped Seq from 21800 to 21802
Skipped Seq from 21802 to 21804
Skipped Seq from 21805 to 21807
Skipped Seq from 21824 to 21826
Skipped Seq from 21828 to 21830
Skipped Seq from 21831 to 21833
Skipped Seq from 21835 to 21837
Skipped Seq from 21838 to 21840
Skipped Seq from 21843 to 21845
Skipped Seq from 21845 to 21847
Skipped Seq from 21851 to 21853
Skipped Seq from 21854 to 21856
Skipped Seq from 21857 to 21859
Skipped Seq from 21861 to 21864
Skipped Seq from 21866 to 21868
Skipped Seq from 21869 to 21871
Skipped Seq from 21872 to 21874
Skipped Seq from 21875 to 21877
Skipped Seq from 21889 to 21892
Skipped Seq from 21911 to 21913
Skipped Seq from 21919 to 21921
Skipped Seq from 21931 to 21933
Skipped Seq from 21933 to 21936
Skipped Seq from 21946 to 21948
Skipped Seq from 21961 to 21963
Skipped Seq from 21966 to 21968
Skipped Seq from 21971 to 21974
Skipped Seq from 21983 to 21985
Skipped Seq from 21985 to 21988
Skipped Seq from 21994 to 21996
Skipped Seq from 21996 to 21998
Skipped Seq from 21998 to 22000
Skipped Seq from 22009 to 22011
Skipped Seq from 22014 to 22016
Skipped Seq from 22018 to 22020
Skipped Seq from 22044 to 22046
Skipped Seq from 22054 to 22058
Skipped Seq from 22058 to 22061
Skipped Seq from 22063 to 22065
Skipped Seq from 22118 to 22120
Skipped Seq from 22125 to 22127
Skipped Seq from 22184 to 22187
Skipped Seq from 22188 to 22193
Skipped Seq from 22195 to 22197
Skipped Seq from 22199 to 22205
Skipped Seq from 22213 to 22216
Skipped Seq from 22216 to 22220
Skipped Seq from 22222 to 22225
Skipped Seq from 22226 to 22228
Skipped Seq from 22267 to 22269
Skipped Seq from 22269 to 22271
Skipped Seq from 22271 to 22273
Skipped Seq from 22276 to 22278
Skipped Seq from 22282 to 22284
Skipped Seq from 22288 to 22290
Skipped Seq from 22306 to 22309
Skipped Seq from 22316 to 22318
Skipped Seq from 22322 to 22324
Skipped Seq from 22328 to 22330
Skipped Seq from 22332 to 22334
Skipped Seq from 22335 to 22337
Skipped Seq from 22337 to 22339
Skipped Seq from 22339 to 22341
Skipped Seq from 22341 to 22344
Skipped Seq from 22385 to 22387
Skipped Seq from 22395 to 22397
Skipped Seq from 22397 to 22400
Skipped Seq from 22401 to 22403
Skipped Seq from 22404 to 22407
Skipped Seq from 22414 to 22418
Skipped Seq from 22423 to 22427
Skipped Seq from 22430 to 22432
Skipped Seq from 22440 to 22442
Skipped Seq from 22445 to 22447
Skipped Seq from 22451 to 22456
Skipped Seq from 22461 to 22463
Skipped Seq from 22483 to 22486
Skipped Seq from 22514 to 22531
Skipped Seq from 22546 to 22548
Skipped Seq from 22548 to 22550
Skipped Seq from 22564 to 22566
Skipped Seq from 22573 to 22575
Skipped Seq from 22578 to 22582
Skipped Seq from 22585 to 22587
Skipped Seq from 22587 to 22590
Skipped Seq from 22590 to 22593
Skipped Seq from 22620 to 22622
Skipped Seq from 22632 to 22634
Skipped Seq from 22639 to 22641
Skipped Seq from 22646 to 22648
Skipped Seq from 22648 to 22651
Skipped Seq from 22663 to 22665
Skipped Seq from 22665 to 22669
Skipped Seq from 22669 to 22672
Skipped Seq from 22673 to 22676
Skipped Seq from 22683 to 22686
Skipped Seq from 22693 to 22695
Skipped Seq from 22706 to 22708
Skipped Seq from 22717 to 22719
Skipped Seq from 22723 to 22726
Skipped Seq from 22758 to 22760
Skipped Seq from 22764 to 22766
Skipped Seq from 22767 to 22769
Skipped Seq from 22772 to 22774
Skipped Seq from 22780 to 22783
Skipped Seq from 22794 to 22798
Skipped Seq from 22800 to 22802
Skipped Seq from 22808 to 22813
Skipped Seq from 22816 to 22819
Skipped Seq from 22832 to 22834
Skipped Seq from 22835 to 22837
Skipped Seq from 22837 to 22839
Skipped Seq from 22840 to 22842
Skipped Seq from 22852 to 22854
Skipped Seq from 22854 to 22856
Skipped Seq from 22858 to 22860
Skipped Seq from 22876 to 22879
Skipped Seq from 22894 to 22898
Skipped Seq from 22900 to 22902
Skipped Seq from 22904 to 22909
Skipped Seq from 22912 to 22914
Skipped Seq from 22923 to 22925
Skipped Seq from 22927 to 22929
Skipped Seq from 22934 to 22941
Skipped Seq from 22942 to 22945
Skipped Seq from 22947 to 22949
Skipped Seq from 22953 to 22956
Skipped Seq from 22963 to 22965
Skipped Seq from 22965 to 22968
Skipped Seq from 22987 to 22989
Skipped Seq from 22993 to 22995
Skipped Seq from 22996 to 22998
Skipped Seq from 23018 to 23020
Skipped Seq from 23021 to 23023
Skipped Seq from 23024 to 23026
Skipped Seq from 23026 to 23029
Skipped Seq from 23033 to 23035
Skipped Seq from 23038 to 23047
Skipped Seq from 23054 to 23057
Skipped Seq from 23075 to 23077
Skipped Seq from 23077 to 23079
Skipped Seq from 23081 to 23085
Skipped Seq from 23099 to 23102
Skipped Seq from 23120 to 23122
Skipped Seq from 23122 to 23125
Skipped Seq from 23125 to 23130
Skipped Seq from 23131 to 23133
Skipped Seq from 23133 to 23137
Skipped Seq from 23137 to 23139
Skipped Seq from 23155 to 23157
Skipped Seq from 23200 to 23203
Skipped Seq from 23206 to 23208
Skipped Seq from 23208 to 23210
Skipped Seq from 23251 to 23253
Skipped Seq from 23286 to 23289
Skipped Seq from 23290 to 23292
Skipped Seq from 23292 to 23294
Skipped Seq from 23345 to 23347
Skipped Seq from 23362 to 23364
Skipped Seq from 23382 to 23386
Skipped Seq from 23387 to 23389
Skipped Seq from 23399 to 23401
Skipped Seq from 23416 to 23418
Skipped Seq from 23419 to 23422
Skipped Seq from 23441 to 23443
Skipped Seq from 23462 to 23464
Skipped Seq from 23473 to 23475
Skipped Seq from 23475 to 23479
Number of times throttled: 20
Received: 21733 / 25797 packets
Start time: 1332838664.799596
End time: 1332838746.712937
Duration: 81.913341
