Starting client at 10.0.0.22:1238 with timeout:10
My IP address is 10.0.0.22Skipped Seq from 1745 to 1750
Skipped Seq from 1750 to 1757
Skipped Seq from 1757 to 1763
Skipped Seq from 1763 to 1768
Skipped Seq from 1768 to 1774
Skipped Seq from 1774 to 1781
Skipped Seq from 1781 to 1787
Skipped Seq from 1788 to 1794
Skipped Seq from 1794 to 1802
Skipped Seq from 1802 to 1807
Skipped Seq from 1807 to 1813
Skipped Seq from 1813 to 1820
Skipped Seq from 1820 to 1831
Skipped Seq from 1831 to 1839
Skipped Seq from 1839 to 1841
Skipped Seq from 1843 to 1847
Skipped Seq from 1850 to 1853
Skipped Seq from 1853 to 1855
Skipped Seq from 1855 to 1858
Skipped Seq from 1879 to 1881
Skipped Seq from 1881 to 1884
Skipped Seq from 1890 to 1892
Skipped Seq from 1898 to 1900
Skipped Seq from 1913 to 1915
Skipped Seq from 1924 to 1927
Skipped Seq from 1931 to 1935
Skipped Seq from 1935 to 1937
Skipped Seq from 1940 to 1945
Skipped Seq from 1949 to 1954
Skipped Seq from 1954 to 1956
Skipped Seq from 1956 to 1958
Skipped Seq from 1965 to 1971
Skipped Seq from 1975 to 1983
Skipped Seq from 1985 to 1989
Skipped Seq from 1993 to 2000
Skipped Seq from 2004 to 2010
Skipped Seq from 2014 to 2022
Skipped Seq from 2022 to 2024
Skipped Seq from 2026 to 2034
Skipped Seq from 2036 to 2043
Skipped Seq from 2043 to 2057
Skipped Seq from 2058 to 2066
Skipped Seq from 2071 to 2078
Skipped Seq from 2083 to 2090
Skipped Seq from 2091 to 2100
Skipped Seq from 2104 to 2106
Number of times throttled: 2
Received: 1923 / 2121 packets
Start time: 1332765380.394795
End time: 1332765405.275343
Duration: 24.880548
