Starting client at 10.0.0.22:1281 with timeout:10
My IP address is 10.0.0.22Skipped Seq from 1 to 3
Skipped Seq from 4 to 6
Skipped Seq from 6 to 8
Skipped Seq from 8 to 11
Skipped Seq from 11 to 13
Skipped Seq from 13 to 18
Skipped Seq from 18 to 24
Skipped Seq from 25 to 28
Skipped Seq from 29 to 32
Skipped Seq from 33 to 36
Skipped Seq from 36 to 40
Skipped Seq from 40 to 42
Skipped Seq from 45 to 47
Skipped Seq from 47 to 50
Skipped Seq from 51 to 54
Skipped Seq from 55 to 58
Skipped Seq from 60 to 63
Skipped Seq from 64 to 67
Skipped Seq from 68 to 70
Skipped Seq from 71 to 74
Skipped Seq from 74 to 76
Skipped Seq from 76 to 78
Skipped Seq from 80 to 83
Skipped Seq from 85 to 87
Skipped Seq from 96 to 98
Skipped Seq from 100 to 102
Skipped Seq from 105 to 107
Skipped Seq from 108 to 110
Skipped Seq from 112 to 114
Skipped Seq from 114 to 116
Skipped Seq from 132 to 134
Skipped Seq from 141 to 143
Skipped Seq from 152 to 155
Skipped Seq from 159 to 161
Skipped Seq from 164 to 166
Skipped Seq from 169 to 171
Skipped Seq from 173 to 176
Skipped Seq from 178 to 181
Skipped Seq from 185 to 187
Skipped Seq from 189 to 192
Skipped Seq from 192 to 197
Skipped Seq from 198 to 203
Skipped Seq from 203 to 207
Skipped Seq from 207 to 212
Skipped Seq from 212 to 215
Skipped Seq from 217 to 220
Skipped Seq from 230 to 232
Skipped Seq from 234 to 237
Skipped Seq from 238 to 240
Skipped Seq from 241 to 243
Skipped Seq from 244 to 246
Skipped Seq from 249 to 252
Skipped Seq from 254 to 256
Skipped Seq from 257 to 261
Skipped Seq from 262 to 264
Skipped Seq from 267 to 271
Skipped Seq from 272 to 275
Skipped Seq from 277 to 279
Skipped Seq from 280 to 283
Skipped Seq from 292 to 295
Skipped Seq from 295 to 297
Skipped Seq from 304 to 306
Skipped Seq from 307 to 309
Skipped Seq from 311 to 313
Skipped Seq from 314 to 318
Skipped Seq from 318 to 322
Skipped Seq from 323 to 334
Skipped Seq from 334 to 358
Skipped Seq from 358 to 381
Skipped Seq from 381 to 385
Skipped Seq from 386 to 389
Skipped Seq from 389 to 400
Skipped Seq from 401 to 406
Skipped Seq from 406 to 409
Skipped Seq from 409 to 424
Skipped Seq from 425 to 428
Skipped Seq from 428 to 472
Skipped Seq from 473 to 477
Skipped Seq from 477 to 481
Skipped Seq from 482 to 490
Skipped Seq from 490 to 493
Skipped Seq from 493 to 497
Skipped Seq from 497 to 502
Skipped Seq from 502 to 508
Skipped Seq from 508 to 513
Skipped Seq from 513 to 518
Skipped Seq from 518 to 520
Skipped Seq from 520 to 522
Skipped Seq from 522 to 524
Skipped Seq from 525 to 528
Skipped Seq from 528 to 531
Skipped Seq from 531 to 536
Skipped Seq from 536 to 539
Skipped Seq from 539 to 541
Skipped Seq from 541 to 543
Skipped Seq from 544 to 546
Skipped Seq from 546 to 548
Skipped Seq from 550 to 553
Skipped Seq from 557 to 559
Skipped Seq from 565 to 567
Skipped Seq from 571 to 573
Skipped Seq from 585 to 589
Skipped Seq from 589 to 594
Skipped Seq from 594 to 596
Skipped Seq from 596 to 598
Skipped Seq from 616 to 618
Skipped Seq from 621 to 623
Skipped Seq from 623 to 625
Skipped Seq from 626 to 628
Skipped Seq from 630 to 634
Skipped Seq from 635 to 638
Skipped Seq from 639 to 642
Skipped Seq from 643 to 645
Skipped Seq from 646 to 650
Skipped Seq from 654 to 664
Skipped Seq from 669 to 673
Skipped Seq from 677 to 679
Skipped Seq from 680 to 684
Skipped Seq from 688 to 691
Skipped Seq from 701 to 703
Skipped Seq from 707 to 712
Skipped Seq from 723 to 730
Skipped Seq from 734 to 743
Skipped Seq from 744 to 754
Skipped Seq from 755 to 760
Skipped Seq from 765 to 773
Skipped Seq from 775 to 778
Skipped Seq from 781 to 785
Skipped Seq from 788 to 790
Skipped Seq from 795 to 797
Skipped Seq from 799 to 803
Skipped Seq from 813 to 815
Skipped Seq from 819 to 821
Skipped Seq from 825 to 827
Skipped Seq from 829 to 831
Skipped Seq from 831 to 836
Skipped Seq from 836 to 839
Skipped Seq from 839 to 843
Skipped Seq from 862 to 864
Skipped Seq from 882 to 887
Skipped Seq from 888 to 894
Skipped Seq from 897 to 902
Skipped Seq from 905 to 914
Skipped Seq from 915 to 917
Skipped Seq from 921 to 924
Skipped Seq from 929 to 934
Skipped Seq from 939 to 945
Skipped Seq from 949 to 956
Skipped Seq from 957 to 964
Skipped Seq from 964 to 966
Skipped Seq from 967 to 978
Skipped Seq from 979 to 988
Skipped Seq from 988 to 993
Skipped Seq from 993 to 998
Skipped Seq from 1000 to 1003
Skipped Seq from 1003 to 1009
Skipped Seq from 1009 to 1012
Skipped Seq from 1015 to 1017
Skipped Seq from 1017 to 1019
Skipped Seq from 1020 to 1023
Skipped Seq from 1023 to 1025
Skipped Seq from 1025 to 1027
Skipped Seq from 1027 to 1030
Skipped Seq from 1030 to 1032
Skipped Seq from 1032 to 1041
Skipped Seq from 1041 to 1043
Skipped Seq from 1050 to 1052
Skipped Seq from 1053 to 1055
Skipped Seq from 1056 to 1058
Skipped Seq from 1058 to 1060
Skipped Seq from 1067 to 1071
Skipped Seq from 1075 to 1077
Skipped Seq from 1077 to 1082
Skipped Seq from 1082 to 1084
Skipped Seq from 1084 to 1086
Skipped Seq from 1086 to 1088
Skipped Seq from 1088 to 1091
Skipped Seq from 1091 to 1093
Skipped Seq from 1107 to 1109
Skipped Seq from 1125 to 1127
Skipped Seq from 2921 to 2923
Skipped Seq from 2925 to 2927
Skipped Seq from 2929 to 2931
Skipped Seq from 2931 to 2933
Skipped Seq from 2934 to 2941
Skipped Seq from 2943 to 2947
Skipped Seq from 2949 to 2955
Skipped Seq from 2959 to 2961
Skipped Seq from 2962 to 2965
Skipped Seq from 2965 to 2969
Skipped Seq from 2969 to 2971
Skipped Seq from 2971 to 2973
Skipped Seq from 2975 to 2977
Skipped Seq from 2977 to 2979
Skipped Seq from 2979 to 2981
Skipped Seq from 2981 to 2988
Skipped Seq from 2988 to 2991
Skipped Seq from 2992 to 2996
Skipped Seq from 2996 to 3006
Skipped Seq from 3006 to 3010
Skipped Seq from 3010 to 3014
Skipped Seq from 3014 to 3023
Skipped Seq from 3023 to 3029
Skipped Seq from 3029 to 3035
Skipped Seq from 3035 to 3044
Skipped Seq from 3062 to 3064
Skipped Seq from 3066 to 3069
Skipped Seq from 3075 to 3077
Skipped Seq from 3112 to 3114
Skipped Seq from 3118 to 3120
Skipped Seq from 3123 to 3125
Skipped Seq from 3129 to 3133
Skipped Seq from 3135 to 3137
Skipped Seq from 3137 to 3139
Skipped Seq from 3140 to 3142
Skipped Seq from 3144 to 3148
Skipped Seq from 3154 to 3156
Skipped Seq from 3158 to 3161
Skipped Seq from 3166 to 3168
Skipped Seq from 3171 to 3173
Skipped Seq from 3175 to 3177
Skipped Seq from 3178 to 3181
Skipped Seq from 3182 to 3184
Skipped Seq from 3194 to 3197
Skipped Seq from 3217 to 3219
Skipped Seq from 3221 to 3225
Skipped Seq from 3226 to 3229
Skipped Seq from 3230 to 3235
Skipped Seq from 3235 to 3243
Skipped Seq from 3244 to 3246
Skipped Seq from 3246 to 3248
Skipped Seq from 3252 to 3254
Skipped Seq from 3262 to 3265
Skipped Seq from 3265 to 3267
Skipped Seq from 3267 to 3269
Skipped Seq from 3271 to 3273
Skipped Seq from 3276 to 3278
Skipped Seq from 3283 to 3285
Skipped Seq from 3291 to 3300
Skipped Seq from 3301 to 3303
Skipped Seq from 3304 to 3309
Skipped Seq from 3309 to 3314
Skipped Seq from 3316 to 3319
Skipped Seq from 3319 to 3322
Skipped Seq from 3326 to 3330
Skipped Seq from 3330 to 3332
Skipped Seq from 3333 to 3336
Skipped Seq from 3341 to 3343
Skipped Seq from 3344 to 3347
Skipped Seq from 3354 to 3357
Skipped Seq from 3364 to 3366
Skipped Seq from 3366 to 3368
Skipped Seq from 3376 to 3379
Skipped Seq from 3380 to 3383
Skipped Seq from 3383 to 3396
Skipped Seq from 3397 to 3403
Skipped Seq from 3404 to 3406
Skipped Seq from 3407 to 3409
Skipped Seq from 3410 to 3412
Skipped Seq from 3415 to 3417
Skipped Seq from 3421 to 3424
Skipped Seq from 3424 to 3432
Skipped Seq from 3433 to 3437
Skipped Seq from 3437 to 3441
Skipped Seq from 3441 to 3444
Skipped Seq from 3447 to 3449
Skipped Seq from 3451 to 3453
Skipped Seq from 3453 to 3455
Skipped Seq from 3470 to 3472
Skipped Seq from 3524 to 3526
Skipped Seq from 3526 to 3528
Skipped Seq from 3546 to 3548
Skipped Seq from 3554 to 3556
Skipped Seq from 3595 to 3597
Skipped Seq from 3604 to 3606
Skipped Seq from 3610 to 3612
Skipped Seq from 3612 to 3614
Skipped Seq from 3614 to 3617
Skipped Seq from 3621 to 3623
Skipped Seq from 3623 to 3626
Skipped Seq from 3634 to 3636
Skipped Seq from 3636 to 3638
Skipped Seq from 3641 to 3644
Skipped Seq from 3657 to 3659
Skipped Seq from 3662 to 3664
Skipped Seq from 3664 to 3666
Skipped Seq from 3671 to 3673
Skipped Seq from 3675 to 3678
Skipped Seq from 3678 to 3680
Skipped Seq from 3680 to 3683
Skipped Seq from 3685 to 3690
Skipped Seq from 3690 to 3692
Skipped Seq from 3692 to 3697
Skipped Seq from 3697 to 3699
Skipped Seq from 3699 to 3702
Skipped Seq from 3703 to 3714
Skipped Seq from 3714 to 3716
Skipped Seq from 3716 to 3718
Skipped Seq from 3718 to 3720
Skipped Seq from 3720 to 3722
Skipped Seq from 3726 to 3730
Skipped Seq from 3741 to 3743
Skipped Seq from 3743 to 3745
Number of times throttled: 10
Received: 5216 / 6020 packets
Start time: 1332766698.285972
End time: 1332766741.654001
Duration: 43.368029
