Starting client at 10.0.0.16:1269 with timeout:10
My IP address is 10.0.0.16Skipped Seq from 425 to 427
Skipped Seq from 476 to 478
Skipped Seq from 493 to 495
Skipped Seq from 526 to 534
Skipped Seq from 534 to 546
Skipped Seq from 546 to 548
Skipped Seq from 554 to 561
Skipped Seq from 562 to 565
Skipped Seq from 565 to 568
Skipped Seq from 569 to 572
Skipped Seq from 573 to 575
Skipped Seq from 576 to 579
Skipped Seq from 580 to 584
Skipped Seq from 584 to 587
Skipped Seq from 587 to 590
Skipped Seq from 590 to 593
Skipped Seq from 594 to 597
Skipped Seq from 597 to 604
Skipped Seq from 605 to 608
Skipped Seq from 608 to 611
Skipped Seq from 614 to 616
Skipped Seq from 619 to 621
Skipped Seq from 632 to 635
Skipped Seq from 637 to 641
Skipped Seq from 641 to 645
Skipped Seq from 660 to 662
Skipped Seq from 663 to 665
Skipped Seq from 665 to 667
Skipped Seq from 667 to 669
Skipped Seq from 672 to 674
Skipped Seq from 678 to 680
Skipped Seq from 680 to 683
Skipped Seq from 683 to 685
Skipped Seq from 685 to 687
Skipped Seq from 687 to 690
Skipped Seq from 690 to 695
Skipped Seq from 695 to 698
Skipped Seq from 698 to 701
Skipped Seq from 701 to 704
Skipped Seq from 706 to 708
Skipped Seq from 710 to 712
Skipped Seq from 714 to 716
Skipped Seq from 717 to 719
Skipped Seq from 720 to 722
Skipped Seq from 772 to 774
Skipped Seq from 774 to 776
Skipped Seq from 777 to 779
Skipped Seq from 782 to 785
Skipped Seq from 787 to 789
Skipped Seq from 792 to 794
Skipped Seq from 796 to 798
Skipped Seq from 804 to 806
Skipped Seq from 814 to 816
Skipped Seq from 818 to 820
Skipped Seq from 835 to 837
Skipped Seq from 845 to 852
Skipped Seq from 857 to 859
Skipped Seq from 859 to 864
Skipped Seq from 870 to 874
Skipped Seq from 878 to 880
Skipped Seq from 883 to 887
Skipped Seq from 891 to 895
Skipped Seq from 899 to 906
Skipped Seq from 907 to 909
Skipped Seq from 910 to 913
Skipped Seq from 914 to 916
Skipped Seq from 918 to 922
Skipped Seq from 923 to 926
Skipped Seq from 934 to 936
Skipped Seq from 946 to 948
Skipped Seq from 951 to 953
Skipped Seq from 958 to 960
Skipped Seq from 961 to 963
Skipped Seq from 963 to 966
Skipped Seq from 968 to 970
Skipped Seq from 977 to 979
Skipped Seq from 979 to 996
Skipped Seq from 996 to 999
Skipped Seq from 1002 to 1004
Skipped Seq from 1008 to 1012
Skipped Seq from 1014 to 1018
Skipped Seq from 1019 to 1021
Skipped Seq from 1023 to 1028
Skipped Seq from 1028 to 1041
Skipped Seq from 1041 to 1044
Skipped Seq from 1044 to 1046
Skipped Seq from 1047 to 1051
Skipped Seq from 1051 to 1055
Skipped Seq from 1058 to 1062
Skipped Seq from 1062 to 1066
Skipped Seq from 1066 to 1071
Skipped Seq from 1071 to 1074
Skipped Seq from 1076 to 1080
Skipped Seq from 1080 to 1084
Skipped Seq from 1084 to 1086
Skipped Seq from 1087 to 1089
Skipped Seq from 1089 to 1092
Skipped Seq from 1092 to 1094
Skipped Seq from 1095 to 1099
Skipped Seq from 1099 to 1103
Skipped Seq from 1103 to 1110
Skipped Seq from 1110 to 1114
Skipped Seq from 1114 to 1116
Skipped Seq from 1116 to 1118
Skipped Seq from 1118 to 1127
Skipped Seq from 1127 to 1156
Skipped Seq from 1156 to 1172
Skipped Seq from 1172 to 1175
Skipped Seq from 1177 to 1179
Skipped Seq from 1179 to 1185
Skipped Seq from 1185 to 1192
Skipped Seq from 1192 to 1195
Skipped Seq from 1195 to 1199
Skipped Seq from 1199 to 1202
Skipped Seq from 1202 to 1204
Skipped Seq from 1204 to 1206
Skipped Seq from 1206 to 1208
Skipped Seq from 1208 to 1213
Skipped Seq from 1213 to 1218
Skipped Seq from 1219 to 1222
Skipped Seq from 1223 to 1225
Skipped Seq from 1227 to 1229
Skipped Seq from 1229 to 1234
Skipped Seq from 1237 to 1245
Skipped Seq from 1245 to 1247
Skipped Seq from 1252 to 1262
Skipped Seq from 1267 to 1269
Skipped Seq from 1271 to 1273
Skipped Seq from 1276 to 1278
Skipped Seq from 1291 to 1293
Skipped Seq from 1300 to 1309
Skipped Seq from 1309 to 1311
Skipped Seq from 1311 to 1328
Skipped Seq from 1332 to 1334
Skipped Seq from 1334 to 1346
Skipped Seq from 1354 to 1356
Skipped Seq from 1356 to 1358
Skipped Seq from 1367 to 1373
Skipped Seq from 1375 to 1377
Skipped Seq from 1391 to 1393
Skipped Seq from 1398 to 1400
Skipped Seq from 1401 to 1403
Skipped Seq from 1404 to 1408
Skipped Seq from 1408 to 1410
Skipped Seq from 1410 to 1417
Skipped Seq from 1417 to 1436
Skipped Seq from 1436 to 1440
Skipped Seq from 1440 to 1444
Skipped Seq from 1445 to 1447
Skipped Seq from 1447 to 1449
Skipped Seq from 1450 to 1452
Skipped Seq from 1454 to 1458
Skipped Seq from 1458 to 1460
Skipped Seq from 1461 to 1463
Skipped Seq from 1466 to 1468
Skipped Seq from 1471 to 1473
Skipped Seq from 1474 to 1476
Skipped Seq from 1476 to 1478
Skipped Seq from 1478 to 1485
Skipped Seq from 1485 to 1487
Skipped Seq from 1489 to 1493
Skipped Seq from 1496 to 1500
Skipped Seq from 1500 to 1505
Skipped Seq from 1507 to 1509
Skipped Seq from 1509 to 1514
Skipped Seq from 1514 to 1517
Skipped Seq from 1519 to 1521
Skipped Seq from 1533 to 1535
Skipped Seq from 1538 to 1540
Skipped Seq from 1547 to 1551
Skipped Seq from 1553 to 1555
Skipped Seq from 1556 to 1560
Skipped Seq from 1560 to 1562
Skipped Seq from 1562 to 1566
Skipped Seq from 1577 to 1579
Skipped Seq from 1580 to 1582
Skipped Seq from 1588 to 1590
Skipped Seq from 1592 to 1594
Skipped Seq from 1597 to 1599
Skipped Seq from 1605 to 1607
Skipped Seq from 1607 to 1609
Skipped Seq from 1609 to 1611
Skipped Seq from 1611 to 1613
Skipped Seq from 1616 to 1618
Skipped Seq from 1619 to 1621
Skipped Seq from 1621 to 1623
Skipped Seq from 1623 to 1625
Skipped Seq from 1627 to 1629
Skipped Seq from 1642 to 1644
Skipped Seq from 1657 to 1659
Skipped Seq from 1659 to 1661
Skipped Seq from 1670 to 1672
Skipped Seq from 1686 to 1690
Skipped Seq from 1691 to 1693
Skipped Seq from 3833 to 3836
Skipped Seq from 3839 to 3841
Skipped Seq from 3854 to 3859
Skipped Seq from 3865 to 3867
Skipped Seq from 3873 to 3876
Skipped Seq from 3890 to 3892
Skipped Seq from 3912 to 3914
Skipped Seq from 3928 to 3931
Skipped Seq from 3931 to 3933
Skipped Seq from 3933 to 3935
Skipped Seq from 3935 to 3938
Skipped Seq from 3940 to 3942
Skipped Seq from 3942 to 3945
Skipped Seq from 3950 to 3952
Skipped Seq from 3954 to 3956
Skipped Seq from 3956 to 3958
Skipped Seq from 3962 to 3964
Skipped Seq from 3967 to 3969
Skipped Seq from 3969 to 3971
Skipped Seq from 3972 to 3974
Skipped Seq from 3974 to 3978
Skipped Seq from 3979 to 3981
Skipped Seq from 3987 to 3989
Skipped Seq from 3995 to 3997
Skipped Seq from 3997 to 3999
Skipped Seq from 4000 to 4002
Skipped Seq from 4008 to 4010
Skipped Seq from 4010 to 4024
Skipped Seq from 4025 to 4028
Skipped Seq from 4028 to 4031
Skipped Seq from 4031 to 4035
Skipped Seq from 4035 to 4037
Skipped Seq from 4041 to 4044
Skipped Seq from 4053 to 4056
Skipped Seq from 4056 to 4059
Skipped Seq from 4062 to 4064
Skipped Seq from 4064 to 4066
Skipped Seq from 4069 to 4073
Skipped Seq from 4078 to 4081
Skipped Seq from 4087 to 4089
Skipped Seq from 4090 to 4092
Skipped Seq from 4093 to 4095
Skipped Seq from 4095 to 4097
Skipped Seq from 4099 to 4101
Skipped Seq from 4102 to 4104
Skipped Seq from 4106 to 4108
Skipped Seq from 4109 to 4112
Skipped Seq from 4113 to 4115
Skipped Seq from 4147 to 4152
Skipped Seq from 4173 to 4175
Skipped Seq from 4254 to 4256
Skipped Seq from 4269 to 4271
Skipped Seq from 4289 to 4291
Skipped Seq from 4303 to 4314
Skipped Seq from 4315 to 4317
Skipped Seq from 4330 to 4332
Skipped Seq from 4367 to 4369
Skipped Seq from 4371 to 4373
Skipped Seq from 4377 to 4379
Skipped Seq from 4379 to 4381
Skipped Seq from 4387 to 4391
Skipped Seq from 4393 to 4395
Skipped Seq from 4402 to 4404
Skipped Seq from 4405 to 4408
Skipped Seq from 4408 to 4412
Skipped Seq from 4413 to 4417
Skipped Seq from 4417 to 4425
Skipped Seq from 4425 to 4434
Skipped Seq from 4438 to 4440
Skipped Seq from 4447 to 4449
Skipped Seq from 4453 to 4459
Skipped Seq from 4459 to 4466
Skipped Seq from 4466 to 4469
Skipped Seq from 4469 to 4471
Skipped Seq from 4472 to 4476
Skipped Seq from 4477 to 4481
Skipped Seq from 4482 to 4492
Skipped Seq from 4494 to 4497
Skipped Seq from 4497 to 4501
Skipped Seq from 4501 to 4508
Skipped Seq from 4508 to 4511
Skipped Seq from 4511 to 4515
Skipped Seq from 4515 to 4518
Skipped Seq from 4518 to 4521
Skipped Seq from 4521 to 4525
Skipped Seq from 4525 to 4529
Skipped Seq from 4539 to 4541
Skipped Seq from 4544 to 4546
Skipped Seq from 4546 to 4548
Skipped Seq from 4549 to 4551
Skipped Seq from 4553 to 4555
Skipped Seq from 4556 to 4558
Skipped Seq from 4561 to 4563
Skipped Seq from 4564 to 4566
Skipped Seq from 4566 to 4569
Skipped Seq from 4570 to 4572
Skipped Seq from 12861 to 12867
Skipped Seq from 12868 to 12880
Skipped Seq from 12883 to 12891
Skipped Seq from 12891 to 12893
Skipped Seq from 12893 to 12895
Skipped Seq from 12902 to 12907
Skipped Seq from 12907 to 12909
Skipped Seq from 12912 to 12914
Skipped Seq from 12917 to 12919
Skipped Seq from 12928 to 12930
Skipped Seq from 12981 to 12983
Number of times throttled: 11
Received: 12240 / 12984 packets
Start time: 1332766818.790078
End time: 1332766903.780935
Duration: 84.990857
