Starting client at 10.0.0.15:1278 with timeout:10
My IP address is 10.0.0.15Skipped Seq from 1011 to 1013
Skipped Seq from 1014 to 1016
Skipped Seq from 1016 to 1018
Skipped Seq from 1020 to 1024
Skipped Seq from 1043 to 1045
Skipped Seq from 1047 to 1055
Skipped Seq from 1061 to 1063
Skipped Seq from 1063 to 1068
Skipped Seq from 1068 to 1070
Skipped Seq from 1070 to 1072
Skipped Seq from 1072 to 1074
Skipped Seq from 1074 to 1076
Skipped Seq from 1076 to 1079
Skipped Seq from 1085 to 1087
Skipped Seq from 1098 to 1100
Skipped Seq from 1101 to 1103
Skipped Seq from 1104 to 1110
Skipped Seq from 1110 to 1123
Skipped Seq from 1123 to 1125
Skipped Seq from 1132 to 1134
Skipped Seq from 1135 to 1138
Skipped Seq from 1138 to 1140
Skipped Seq from 1154 to 1156
Skipped Seq from 1157 to 1159
Skipped Seq from 1159 to 1161
Skipped Seq from 1161 to 1163
Skipped Seq from 1164 to 1167
Skipped Seq from 1171 to 1173
Skipped Seq from 1177 to 1179
Skipped Seq from 1184 to 1186
Skipped Seq from 1186 to 1189
Skipped Seq from 1189 to 1191
Skipped Seq from 1195 to 1198
Skipped Seq from 1201 to 1204
Skipped Seq from 1207 to 1221
Skipped Seq from 1223 to 1226
Skipped Seq from 1237 to 1239
Skipped Seq from 1245 to 1247
Skipped Seq from 1248 to 1252
Skipped Seq from 1252 to 1261
Skipped Seq from 1263 to 1266
Skipped Seq from 1270 to 1274
Skipped Seq from 1277 to 1279
Skipped Seq from 1279 to 1281
Skipped Seq from 1283 to 1286
Skipped Seq from 1286 to 1288
Skipped Seq from 1289 to 1292
Skipped Seq from 1292 to 1294
Skipped Seq from 1304 to 1306
Skipped Seq from 1306 to 1308
Skipped Seq from 1316 to 1322
Skipped Seq from 1322 to 1325
Skipped Seq from 1327 to 1330
Skipped Seq from 1331 to 1334
Skipped Seq from 1334 to 1339
Skipped Seq from 1342 to 1344
Skipped Seq from 1344 to 1346
Skipped Seq from 1347 to 1350
Skipped Seq from 1365 to 1369
Skipped Seq from 1369 to 1371
Skipped Seq from 1371 to 1373
Skipped Seq from 1373 to 1375
Skipped Seq from 1375 to 1378
Skipped Seq from 1378 to 1380
Skipped Seq from 1382 to 1385
Skipped Seq from 1387 to 1389
Skipped Seq from 1389 to 1392
Skipped Seq from 1393 to 1395
Skipped Seq from 1395 to 1397
Skipped Seq from 1398 to 1401
Skipped Seq from 1411 to 1413
Skipped Seq from 1428 to 1430
Skipped Seq from 1433 to 1437
Skipped Seq from 1437 to 1445
Skipped Seq from 1445 to 1449
Skipped Seq from 1449 to 1452
Skipped Seq from 1452 to 1455
Skipped Seq from 1455 to 1458
Skipped Seq from 1458 to 1462
Skipped Seq from 1462 to 1465
Skipped Seq from 1466 to 1471
Skipped Seq from 1471 to 1473
Skipped Seq from 1475 to 1478
Skipped Seq from 1481 to 1483
Skipped Seq from 1483 to 1485
Skipped Seq from 1488 to 1494
Skipped Seq from 1497 to 1499
Skipped Seq from 1501 to 1504
Skipped Seq from 1504 to 1506
Skipped Seq from 1507 to 1509
Skipped Seq from 1509 to 1511
Skipped Seq from 1511 to 1514
Skipped Seq from 1517 to 1519
Skipped Seq from 1523 to 1526
Skipped Seq from 1527 to 1529
Skipped Seq from 1531 to 1533
Skipped Seq from 1534 to 1536
Skipped Seq from 1539 to 1541
Skipped Seq from 1544 to 1546
Skipped Seq from 1547 to 1549
Skipped Seq from 1550 to 1552
Skipped Seq from 1554 to 1557
Skipped Seq from 1560 to 1562
Skipped Seq from 1576 to 1579
Skipped Seq from 1581 to 1583
Skipped Seq from 1592 to 1595
Skipped Seq from 1596 to 1600
Skipped Seq from 1601 to 1604
Skipped Seq from 1605 to 1607
Skipped Seq from 1614 to 1617
Skipped Seq from 1617 to 1619
Skipped Seq from 1627 to 1639
Skipped Seq from 1659 to 1672
Skipped Seq from 1683 to 1705
Skipped Seq from 1712 to 1729
Skipped Seq from 1729 to 1735
Skipped Seq from 1758 to 1760
Skipped Seq from 1787 to 1789
Skipped Seq from 1825 to 1827
Skipped Seq from 1845 to 1847
Skipped Seq from 1868 to 1870
Skipped Seq from 1887 to 1889
Skipped Seq from 1890 to 1903
Skipped Seq from 1905 to 1923
Skipped Seq from 1923 to 1937
Skipped Seq from 1941 to 1958
Skipped Seq from 1960 to 1970
Skipped Seq from 1980 to 1982
Skipped Seq from 1984 to 1998
Skipped Seq from 2000 to 2002
Skipped Seq from 2015 to 2023
Skipped Seq from 2035 to 2038
Skipped Seq from 2053 to 2065
Skipped Seq from 2088 to 2090
Skipped Seq from 2090 to 2092
Skipped Seq from 2092 to 2094
Skipped Seq from 2099 to 2101
Skipped Seq from 2101 to 2103
Skipped Seq from 2107 to 2110
Skipped Seq from 2119 to 2121
Skipped Seq from 2123 to 2128
Skipped Seq from 2128 to 2130
Skipped Seq from 2130 to 2132
Skipped Seq from 2165 to 2167
Skipped Seq from 2186 to 2188
Skipped Seq from 2189 to 2191
Skipped Seq from 4227 to 4229
Skipped Seq from 4229 to 4231
Skipped Seq from 4235 to 4242
Skipped Seq from 4242 to 4247
Skipped Seq from 4247 to 4253
Skipped Seq from 4254 to 4256
Skipped Seq from 4258 to 4261
Skipped Seq from 4262 to 4267
Skipped Seq from 4267 to 4270
Skipped Seq from 4270 to 4272
Skipped Seq from 4274 to 4276
Skipped Seq from 4276 to 4278
Skipped Seq from 4278 to 4282
Skipped Seq from 4282 to 4285
Skipped Seq from 4285 to 4287
Skipped Seq from 4287 to 4290
Skipped Seq from 4290 to 4292
Skipped Seq from 4295 to 4297
Skipped Seq from 4299 to 4301
Skipped Seq from 4304 to 4306
Skipped Seq from 4306 to 4311
Skipped Seq from 4313 to 4318
Skipped Seq from 4319 to 4325
Skipped Seq from 4325 to 4328
Skipped Seq from 4330 to 4332
Skipped Seq from 4332 to 4335
Skipped Seq from 4335 to 4338
Skipped Seq from 4338 to 4341
Skipped Seq from 4341 to 4344
Skipped Seq from 4350 to 4354
Skipped Seq from 4355 to 4357
Skipped Seq from 4357 to 4362
Skipped Seq from 4362 to 4366
Skipped Seq from 4366 to 4368
Skipped Seq from 4369 to 4371
Skipped Seq from 4372 to 4375
Skipped Seq from 4376 to 4378
Skipped Seq from 4378 to 4380
Skipped Seq from 4384 to 4387
Skipped Seq from 4392 to 4394
Skipped Seq from 4394 to 4397
Skipped Seq from 4397 to 4406
Skipped Seq from 4407 to 4410
Skipped Seq from 4412 to 4415
Skipped Seq from 4416 to 4420
Skipped Seq from 4420 to 4422
Skipped Seq from 4422 to 4435
Skipped Seq from 4446 to 4448
Skipped Seq from 4448 to 4450
Skipped Seq from 4453 to 4462
Skipped Seq from 4462 to 4472
Skipped Seq from 4476 to 4483
Skipped Seq from 4483 to 4486
Skipped Seq from 4486 to 4490
Skipped Seq from 4492 to 4494
Skipped Seq from 4495 to 4497
Skipped Seq from 4499 to 4501
Skipped Seq from 4501 to 4503
Skipped Seq from 4505 to 4507
Skipped Seq from 4508 to 4511
Skipped Seq from 4511 to 4517
Skipped Seq from 4517 to 4519
Skipped Seq from 4520 to 4526
Skipped Seq from 4526 to 4529
Skipped Seq from 4532 to 4536
Skipped Seq from 4536 to 4538
Skipped Seq from 4543 to 4545
Skipped Seq from 4546 to 4548
Skipped Seq from 4552 to 4558
Skipped Seq from 4558 to 4561
Skipped Seq from 4561 to 4565
Skipped Seq from 4568 to 4576
Skipped Seq from 4577 to 4581
Skipped Seq from 4581 to 4584
Skipped Seq from 4586 to 4592
Skipped Seq from 4596 to 4599
Skipped Seq from 4599 to 4601
Skipped Seq from 4602 to 4609
Skipped Seq from 4610 to 4612
Skipped Seq from 4613 to 4619
Skipped Seq from 4619 to 4622
Skipped Seq from 4624 to 4630
Skipped Seq from 4630 to 4638
Skipped Seq from 4638 to 4643
Skipped Seq from 4646 to 4648
Skipped Seq from 4648 to 4650
Skipped Seq from 4653 to 4655
Skipped Seq from 4657 to 4659
Skipped Seq from 4660 to 4662
Skipped Seq from 4663 to 4665
Skipped Seq from 4665 to 4667
Skipped Seq from 4670 to 4672
Skipped Seq from 4672 to 4675
Skipped Seq from 4678 to 4680
Skipped Seq from 4682 to 4684
Skipped Seq from 4684 to 4686
Skipped Seq from 4686 to 4689
Skipped Seq from 4691 to 4693
Skipped Seq from 4697 to 4705
Skipped Seq from 4705 to 4711
Skipped Seq from 4714 to 4719
Skipped Seq from 4723 to 4730
Skipped Seq from 4735 to 4737
Skipped Seq from 4738 to 4740
Skipped Seq from 4740 to 4744
Skipped Seq from 4747 to 4751
Skipped Seq from 4751 to 4753
Skipped Seq from 4754 to 4756
Skipped Seq from 4759 to 4763
Skipped Seq from 4763 to 4765
Skipped Seq from 4765 to 4767
Skipped Seq from 4768 to 4770
Skipped Seq from 4774 to 4778
Skipped Seq from 4778 to 4780
Skipped Seq from 4784 to 4786
Skipped Seq from 4786 to 4789
Skipped Seq from 4790 to 4792
Skipped Seq from 4792 to 4796
Skipped Seq from 4796 to 4801
Skipped Seq from 4804 to 4806
Skipped Seq from 4806 to 4808
Skipped Seq from 4811 to 4819
Skipped Seq from 4820 to 4824
Skipped Seq from 4824 to 4830
Skipped Seq from 4830 to 4839
Skipped Seq from 4840 to 4847
Skipped Seq from 4847 to 4850
Skipped Seq from 4850 to 4855
Skipped Seq from 4855 to 4860
Skipped Seq from 4860 to 4863
Skipped Seq from 4863 to 4866
Skipped Seq from 4866 to 4868
Skipped Seq from 4870 to 4873
Skipped Seq from 4873 to 4875
Skipped Seq from 4875 to 4881
Skipped Seq from 4881 to 4883
Skipped Seq from 4883 to 4887
Skipped Seq from 4890 to 4894
Skipped Seq from 4896 to 4898
Skipped Seq from 4898 to 4900
Skipped Seq from 4900 to 4903
Skipped Seq from 4903 to 4905
Skipped Seq from 4905 to 4908
Skipped Seq from 4908 to 4910
Skipped Seq from 4914 to 4916
Skipped Seq from 4917 to 4922
Skipped Seq from 4922 to 4927
Skipped Seq from 4927 to 4931
Skipped Seq from 4931 to 4935
Skipped Seq from 4938 to 4940
Skipped Seq from 4944 to 4950
Skipped Seq from 4950 to 4952
Skipped Seq from 4961 to 4965
Skipped Seq from 4965 to 4970
Skipped Seq from 4972 to 4975
Skipped Seq from 4975 to 4978
Skipped Seq from 4988 to 4993
Skipped Seq from 4995 to 5004
Skipped Seq from 5004 to 5006
Skipped Seq from 5006 to 5009
Skipped Seq from 5009 to 5013
Skipped Seq from 5013 to 5016
Skipped Seq from 5019 to 5021
Skipped Seq from 5025 to 5027
Skipped Seq from 5030 to 5038
Skipped Seq from 5040 to 5042
Skipped Seq from 5049 to 5063
Skipped Seq from 5063 to 5065
Skipped Seq from 5067 to 5069
Skipped Seq from 5069 to 5071
Skipped Seq from 5075 to 5078
Skipped Seq from 5079 to 5081
Skipped Seq from 5085 to 5091
Skipped Seq from 5100 to 5105
Skipped Seq from 5111 to 5113
Skipped Seq from 5114 to 5116
Skipped Seq from 5117 to 5119
Skipped Seq from 5120 to 5124
Skipped Seq from 5130 to 5132
Skipped Seq from 5152 to 5155
Skipped Seq from 5165 to 5167
Skipped Seq from 5168 to 5170
Skipped Seq from 5203 to 5205
Skipped Seq from 7420 to 7423
Skipped Seq from 7429 to 7434
Skipped Seq from 7435 to 7438
Skipped Seq from 7439 to 7441
Skipped Seq from 7441 to 7451
Skipped Seq from 7451 to 7457
Skipped Seq from 7458 to 7463
Skipped Seq from 7464 to 7467
Skipped Seq from 7467 to 7471
Skipped Seq from 7473 to 7475
Skipped Seq from 7475 to 7477
Skipped Seq from 7478 to 7482
Skipped Seq from 7482 to 7485
Skipped Seq from 7488 to 7490
Skipped Seq from 7491 to 7493
Skipped Seq from 7493 to 7495
Skipped Seq from 7500 to 7502
Skipped Seq from 7504 to 7506
Skipped Seq from 7509 to 7511
Skipped Seq from 7511 to 7513
Skipped Seq from 7513 to 7515
Skipped Seq from 7515 to 7520
Skipped Seq from 7520 to 7522
Skipped Seq from 7524 to 7526
Skipped Seq from 7527 to 7529
Skipped Seq from 7529 to 7533
Skipped Seq from 7534 to 7536
Skipped Seq from 7537 to 7539
Skipped Seq from 7539 to 7543
Skipped Seq from 7543 to 7548
Skipped Seq from 7551 to 7554
Skipped Seq from 7556 to 7559
Skipped Seq from 7561 to 7565
Skipped Seq from 7568 to 7571
Skipped Seq from 7572 to 7576
Skipped Seq from 7577 to 7579
Skipped Seq from 7579 to 7582
Skipped Seq from 7585 to 7587
Skipped Seq from 7598 to 7603
Skipped Seq from 7615 to 7617
Skipped Seq from 7624 to 7626
Skipped Seq from 7627 to 7629
Skipped Seq from 7629 to 7636
Skipped Seq from 7636 to 7638
Skipped Seq from 7638 to 7640
Skipped Seq from 7645 to 7648
Skipped Seq from 7651 to 7653
Skipped Seq from 7656 to 7658
Skipped Seq from 7661 to 7663
Skipped Seq from 7667 to 7669
Skipped Seq from 7672 to 7674
Skipped Seq from 7689 to 7691
Skipped Seq from 7692 to 7695
Skipped Seq from 7698 to 7701
Skipped Seq from 7704 to 7708
Skipped Seq from 7714 to 7716
Skipped Seq from 7719 to 7721
Skipped Seq from 7724 to 7726
Skipped Seq from 7728 to 7730
Skipped Seq from 7731 to 7733
Skipped Seq from 7739 to 7741
Skipped Seq from 7742 to 7745
Skipped Seq from 7750 to 7753
Skipped Seq from 7754 to 7762
Skipped Seq from 7767 to 7772
Skipped Seq from 7772 to 7774
Skipped Seq from 7778 to 7784
Skipped Seq from 7785 to 7790
Skipped Seq from 7790 to 7792
Skipped Seq from 7793 to 7795
Skipped Seq from 7799 to 7802
Skipped Seq from 7802 to 7809
Skipped Seq from 7812 to 7815
Skipped Seq from 7820 to 7822
Skipped Seq from 7827 to 7831
Skipped Seq from 7833 to 7837
Skipped Seq from 7838 to 7840
Skipped Seq from 7840 to 7844
Skipped Seq from 7844 to 7847
Skipped Seq from 7849 to 7852
Skipped Seq from 7855 to 7859
Skipped Seq from 7863 to 7865
Skipped Seq from 7872 to 7874
Skipped Seq from 7875 to 7877
Skipped Seq from 7877 to 7879
Skipped Seq from 7879 to 7881
Skipped Seq from 7882 to 7884
Skipped Seq from 7887 to 7889
Skipped Seq from 7892 to 7897
Skipped Seq from 7897 to 7899
Skipped Seq from 7899 to 7901
Skipped Seq from 7902 to 7905
Skipped Seq from 7910 to 7916
Skipped Seq from 7918 to 7920
Skipped Seq from 7921 to 7923
Skipped Seq from 7924 to 7926
Skipped Seq from 7930 to 7932
Skipped Seq from 7932 to 7934
Skipped Seq from 7934 to 7937
Skipped Seq from 7937 to 7939
Skipped Seq from 7939 to 7941
Skipped Seq from 7942 to 7948
Skipped Seq from 7955 to 7958
Skipped Seq from 7959 to 7961
Skipped Seq from 7962 to 7964
Skipped Seq from 7965 to 7968
Skipped Seq from 7968 to 7970
Skipped Seq from 7970 to 7973
Skipped Seq from 7974 to 7978
Skipped Seq from 7979 to 7981
Skipped Seq from 7981 to 7983
Skipped Seq from 7984 to 7986
Skipped Seq from 7986 to 7989
Skipped Seq from 7990 to 7994
Skipped Seq from 8001 to 8012
Skipped Seq from 8013 to 8015
Skipped Seq from 8015 to 8017
Skipped Seq from 8018 to 8020
Skipped Seq from 8020 to 8022
Skipped Seq from 8034 to 8044
Skipped Seq from 8044 to 8048
Skipped Seq from 8048 to 8050
Skipped Seq from 8052 to 8055
Skipped Seq from 8058 to 8062
Skipped Seq from 8062 to 8066
Skipped Seq from 8066 to 8069
Skipped Seq from 8070 to 8072
Skipped Seq from 8072 to 8074
Skipped Seq from 8074 to 8078
Skipped Seq from 8079 to 8081
Skipped Seq from 8082 to 8084
Skipped Seq from 8084 to 8086
Skipped Seq from 8087 to 8089
Skipped Seq from 8090 to 8092
Skipped Seq from 8093 to 8095
Skipped Seq from 8099 to 8103
Skipped Seq from 8103 to 8112
Skipped Seq from 8116 to 8119
Skipped Seq from 8122 to 8124
Skipped Seq from 8124 to 8126
Skipped Seq from 8127 to 8132
Skipped Seq from 8132 to 8135
Skipped Seq from 8136 to 8140
Skipped Seq from 8140 to 8151
Skipped Seq from 8151 to 8153
Skipped Seq from 8153 to 8155
Skipped Seq from 8155 to 8157
Skipped Seq from 8157 to 8161
Skipped Seq from 8161 to 8166
Skipped Seq from 8169 to 8172
Skipped Seq from 8176 to 8178
Skipped Seq from 8180 to 8183
Skipped Seq from 8184 to 8186
Skipped Seq from 8186 to 8188
Skipped Seq from 8188 to 8190
Skipped Seq from 8191 to 8193
Skipped Seq from 8193 to 8195
Skipped Seq from 8195 to 8198
Skipped Seq from 8200 to 8203
Skipped Seq from 8204 to 8206
Skipped Seq from 8206 to 8208
Skipped Seq from 8209 to 8211
Skipped Seq from 8212 to 8221
Skipped Seq from 8221 to 8223
Skipped Seq from 8223 to 8225
Skipped Seq from 8225 to 8227
Skipped Seq from 8229 to 8232
Skipped Seq from 8232 to 8236
Skipped Seq from 8240 to 8243
Skipped Seq from 8245 to 8247
Skipped Seq from 8256 to 8258
Skipped Seq from 8259 to 8262
Skipped Seq from 8265 to 8267
Skipped Seq from 8268 to 8270
Skipped Seq from 8272 to 8277
Skipped Seq from 8277 to 8280
Skipped Seq from 8280 to 8283
Skipped Seq from 8289 to 8291
Skipped Seq from 8292 to 8294
Skipped Seq from 8296 to 8298
Skipped Seq from 8298 to 8301
Skipped Seq from 8303 to 8305
Skipped Seq from 8306 to 8310
Skipped Seq from 8310 to 8316
Skipped Seq from 8318 to 8320
Skipped Seq from 8323 to 8325
Skipped Seq from 8326 to 8328
Skipped Seq from 8329 to 8332
Skipped Seq from 8332 to 8334
Skipped Seq from 8334 to 8342
Skipped Seq from 8343 to 8345
Skipped Seq from 8346 to 8349
Skipped Seq from 8355 to 8357
Skipped Seq from 8363 to 8365
Skipped Seq from 8373 to 8376
Skipped Seq from 8381 to 8383
Skipped Seq from 8386 to 8388
Skipped Seq from 8389 to 8391
Skipped Seq from 8397 to 8399
Skipped Seq from 8401 to 8403
Skipped Seq from 8405 to 8407
Skipped Seq from 8413 to 8416
Skipped Seq from 8426 to 8428
Skipped Seq from 8428 to 8430
Skipped Seq from 8442 to 8445
Skipped Seq from 8446 to 8448
Skipped Seq from 8451 to 8453
Skipped Seq from 8454 to 8456
Skipped Seq from 8459 to 8463
Skipped Seq from 8463 to 8466
Skipped Seq from 8467 to 8469
Skipped Seq from 8472 to 8474
Skipped Seq from 8475 to 8477
Skipped Seq from 8477 to 8479
Skipped Seq from 8480 to 8482
Skipped Seq from 8496 to 8498
Skipped Seq from 8498 to 8500
Skipped Seq from 8513 to 8517
Skipped Seq from 8520 to 8524
Skipped Seq from 8529 to 8531
Skipped Seq from 8537 to 8539
Skipped Seq from 8542 to 8544
Number of times throttled: 17
Received: 8733 / 10054 packets
Start time: 1332767178.265306
End time: 1332767245.253362
Duration: 66.988056
