Starting client at 10.0.0.10:1274 with timeout:10
My IP address is 10.0.0.10Skipped Seq from 5 to 7
Skipped Seq from 12 to 14
Skipped Seq from 24 to 35
Skipped Seq from 44 to 57
Skipped Seq from 68 to 70
Skipped Seq from 86 to 91
Skipped Seq from 91 to 93
Skipped Seq from 111 to 113
Skipped Seq from 113 to 117
Skipped Seq from 130 to 132
Skipped Seq from 134 to 137
Skipped Seq from 141 to 143
Skipped Seq from 149 to 151
Skipped Seq from 153 to 155
Skipped Seq from 178 to 185
Skipped Seq from 198 to 205
Skipped Seq from 214 to 216
Skipped Seq from 224 to 226
Skipped Seq from 229 to 233
Skipped Seq from 235 to 237
Skipped Seq from 244 to 246
Skipped Seq from 263 to 265
Skipped Seq from 289 to 291
Skipped Seq from 300 to 312
Skipped Seq from 318 to 320
Skipped Seq from 322 to 325
Skipped Seq from 337 to 347
Skipped Seq from 356 to 358
Skipped Seq from 358 to 360
Skipped Seq from 360 to 362
Skipped Seq from 362 to 365
Skipped Seq from 365 to 369
Skipped Seq from 369 to 372
Skipped Seq from 372 to 376
Skipped Seq from 377 to 379
Skipped Seq from 387 to 389
Skipped Seq from 389 to 392
Skipped Seq from 392 to 394
Skipped Seq from 394 to 396
Skipped Seq from 398 to 400
Skipped Seq from 403 to 405
Skipped Seq from 406 to 408
Skipped Seq from 408 to 413
Skipped Seq from 413 to 417
Skipped Seq from 417 to 419
Skipped Seq from 423 to 426
Skipped Seq from 426 to 428
Skipped Seq from 435 to 437
Skipped Seq from 437 to 439
Skipped Seq from 439 to 443
Skipped Seq from 443 to 446
Skipped Seq from 447 to 450
Skipped Seq from 450 to 457
Skipped Seq from 457 to 462
Skipped Seq from 462 to 467
Skipped Seq from 468 to 472
Skipped Seq from 472 to 475
Skipped Seq from 475 to 477
Skipped Seq from 477 to 479
Skipped Seq from 479 to 481
Skipped Seq from 481 to 484
Skipped Seq from 484 to 487
Skipped Seq from 488 to 490
Skipped Seq from 490 to 503
Skipped Seq from 504 to 506
Skipped Seq from 508 to 510
Skipped Seq from 521 to 524
Skipped Seq from 524 to 526
Skipped Seq from 543 to 546
Skipped Seq from 553 to 556
Skipped Seq from 564 to 566
Skipped Seq from 701 to 703
Skipped Seq from 713 to 715
Skipped Seq from 717 to 719
Skipped Seq from 728 to 730
Skipped Seq from 745 to 747
Skipped Seq from 4165 to 4168
Skipped Seq from 4168 to 4172
Skipped Seq from 4172 to 4174
Skipped Seq from 4175 to 4177
Skipped Seq from 4178 to 4180
Skipped Seq from 4180 to 4183
Skipped Seq from 4183 to 4188
Skipped Seq from 4189 to 4192
Skipped Seq from 4193 to 4201
Skipped Seq from 4201 to 4207
Skipped Seq from 4207 to 4211
Skipped Seq from 4211 to 4221
Skipped Seq from 4221 to 4225
Skipped Seq from 4225 to 4230
Skipped Seq from 4231 to 4233
Skipped Seq from 4233 to 4237
Skipped Seq from 4238 to 4240
Skipped Seq from 4254 to 4256
Skipped Seq from 4260 to 4262
Skipped Seq from 4262 to 4264
Skipped Seq from 4264 to 4266
Skipped Seq from 4267 to 4270
Skipped Seq from 4274 to 4277
Skipped Seq from 4286 to 4288
Skipped Seq from 4288 to 4291
Skipped Seq from 4292 to 4295
Skipped Seq from 4295 to 4299
Skipped Seq from 4300 to 4303
Skipped Seq from 4306 to 4308
Skipped Seq from 4317 to 4319
Skipped Seq from 4326 to 4329
Skipped Seq from 4330 to 4333
Skipped Seq from 4333 to 4335
Skipped Seq from 4341 to 4343
Skipped Seq from 4355 to 4357
Skipped Seq from 4360 to 4362
Skipped Seq from 4366 to 4368
Skipped Seq from 4369 to 4371
Skipped Seq from 4379 to 4381
Skipped Seq from 4386 to 4388
Skipped Seq from 4392 to 4394
Skipped Seq from 4402 to 4404
Skipped Seq from 4404 to 4406
Skipped Seq from 4408 to 4410
Skipped Seq from 4410 to 4413
Skipped Seq from 4419 to 4421
Skipped Seq from 4427 to 4429
Skipped Seq from 4429 to 4432
Skipped Seq from 4432 to 4436
Skipped Seq from 4436 to 4441
Skipped Seq from 4441 to 4444
Skipped Seq from 4444 to 4446
Skipped Seq from 4446 to 4449
Skipped Seq from 4451 to 4454
Skipped Seq from 4455 to 4459
Skipped Seq from 4459 to 4462
Skipped Seq from 4465 to 4467
Skipped Seq from 4468 to 4471
Skipped Seq from 4473 to 4480
Skipped Seq from 4480 to 4484
Skipped Seq from 4484 to 4486
Skipped Seq from 4486 to 4489
Skipped Seq from 4489 to 4492
Skipped Seq from 4495 to 4497
Skipped Seq from 4497 to 4500
Skipped Seq from 4500 to 4502
Skipped Seq from 4503 to 4505
Skipped Seq from 4515 to 4517
Skipped Seq from 4518 to 4521
Skipped Seq from 4524 to 4526
Skipped Seq from 4526 to 4529
Skipped Seq from 4530 to 4534
Skipped Seq from 4534 to 4539
Skipped Seq from 4539 to 4545
Skipped Seq from 4545 to 4547
Skipped Seq from 4548 to 4550
Skipped Seq from 4550 to 4552
Skipped Seq from 4556 to 4558
Skipped Seq from 4564 to 4566
Skipped Seq from 4566 to 4569
Skipped Seq from 4569 to 4572
Skipped Seq from 4573 to 4578
Skipped Seq from 4578 to 4580
Skipped Seq from 4583 to 4585
Skipped Seq from 4586 to 4588
Skipped Seq from 4588 to 4590
Skipped Seq from 4592 to 4594
Skipped Seq from 4597 to 4599
Skipped Seq from 4600 to 4604
Skipped Seq from 4604 to 4606
Skipped Seq from 4612 to 4615
Skipped Seq from 4615 to 4617
Skipped Seq from 4621 to 4623
Skipped Seq from 4636 to 4640
Skipped Seq from 4643 to 4645
Skipped Seq from 4650 to 4652
Skipped Seq from 4654 to 4656
Skipped Seq from 4677 to 4679
Skipped Seq from 4688 to 4690
Skipped Seq from 4693 to 4699
Skipped Seq from 4699 to 4703
Skipped Seq from 4711 to 4713
Skipped Seq from 4718 to 4721
Skipped Seq from 4721 to 4724
Skipped Seq from 4724 to 4727
Skipped Seq from 4727 to 4730
Skipped Seq from 4730 to 4733
Skipped Seq from 4733 to 4752
Skipped Seq from 4754 to 4757
Number of times throttled: 6
Received: 4357 / 4766 packets
Start time: 1332766703.473377
End time: 1332766740.215121
Duration: 36.741744
