Starting client at 10.0.0.20:1252 with timeout:10
My IP address is 10.0.0.20Skipped Seq from 1 to 3
Skipped Seq from 5 to 7
Skipped Seq from 9 to 19
Skipped Seq from 20 to 26
Skipped Seq from 26 to 40
Skipped Seq from 40 to 42
Skipped Seq from 42 to 47
Skipped Seq from 47 to 50
Skipped Seq from 50 to 53
Skipped Seq from 54 to 57
Skipped Seq from 57 to 64
Skipped Seq from 64 to 67
Skipped Seq from 67 to 70
Skipped Seq from 70 to 73
Skipped Seq from 73 to 84
Skipped Seq from 84 to 92
Skipped Seq from 94 to 96
Skipped Seq from 97 to 104
Skipped Seq from 107 to 110
Skipped Seq from 110 to 114
Skipped Seq from 114 to 117
Skipped Seq from 117 to 119
Skipped Seq from 119 to 127
Skipped Seq from 127 to 136
Skipped Seq from 136 to 143
Skipped Seq from 143 to 147
Skipped Seq from 149 to 151
Skipped Seq from 153 to 155
Skipped Seq from 155 to 160
Skipped Seq from 160 to 163
Skipped Seq from 163 to 166
Skipped Seq from 168 to 171
Skipped Seq from 171 to 178
Skipped Seq from 178 to 198
Skipped Seq from 199 to 207
Skipped Seq from 207 to 224
Skipped Seq from 224 to 227
Skipped Seq from 227 to 230
Skipped Seq from 230 to 234
Skipped Seq from 234 to 252
Skipped Seq from 252 to 266
Skipped Seq from 266 to 269
Skipped Seq from 269 to 274
Skipped Seq from 274 to 279
Skipped Seq from 281 to 285
Skipped Seq from 285 to 288
Skipped Seq from 288 to 292
Skipped Seq from 292 to 294
Skipped Seq from 294 to 298
Skipped Seq from 298 to 300
Skipped Seq from 301 to 304
Skipped Seq from 304 to 310
Skipped Seq from 315 to 318
Skipped Seq from 318 to 321
Skipped Seq from 322 to 324
Skipped Seq from 326 to 328
Skipped Seq from 328 to 331
Skipped Seq from 335 to 337
Skipped Seq from 338 to 341
Skipped Seq from 349 to 351
Skipped Seq from 353 to 355
Skipped Seq from 356 to 358
Skipped Seq from 358 to 360
Skipped Seq from 361 to 363
Skipped Seq from 365 to 367
Skipped Seq from 383 to 385
Skipped Seq from 415 to 417
Skipped Seq from 449 to 451
Skipped Seq from 457 to 459
Skipped Seq from 474 to 476
Skipped Seq from 482 to 484
Skipped Seq from 486 to 488
Skipped Seq from 488 to 491
Skipped Seq from 498 to 500
Skipped Seq from 500 to 502
Skipped Seq from 511 to 513
Skipped Seq from 517 to 519
Skipped Seq from 521 to 525
Skipped Seq from 532 to 534
Skipped Seq from 538 to 540
Skipped Seq from 552 to 557
Skipped Seq from 557 to 561
Skipped Seq from 561 to 563
Skipped Seq from 563 to 565
Skipped Seq from 565 to 577
Skipped Seq from 577 to 586
Skipped Seq from 586 to 588
Skipped Seq from 588 to 591
Skipped Seq from 591 to 595
Skipped Seq from 596 to 601
Skipped Seq from 601 to 604
Skipped Seq from 604 to 607
Skipped Seq from 607 to 610
Skipped Seq from 610 to 617
Skipped Seq from 617 to 619
Skipped Seq from 619 to 622
Skipped Seq from 625 to 634
Skipped Seq from 634 to 637
Skipped Seq from 638 to 640
Skipped Seq from 640 to 663
Skipped Seq from 663 to 674
Skipped Seq from 674 to 698
Skipped Seq from 698 to 702
Skipped Seq from 703 to 707
Skipped Seq from 708 to 713
Skipped Seq from 716 to 718
Skipped Seq from 721 to 725
Skipped Seq from 725 to 728
Skipped Seq from 730 to 733
Skipped Seq from 735 to 741
Skipped Seq from 741 to 750
Skipped Seq from 750 to 759
Skipped Seq from 759 to 768
Skipped Seq from 770 to 772
Skipped Seq from 773 to 777
Skipped Seq from 777 to 781
Skipped Seq from 781 to 784
Skipped Seq from 784 to 790
Skipped Seq from 790 to 794
Skipped Seq from 794 to 801
Skipped Seq from 801 to 806
Skipped Seq from 806 to 836
Skipped Seq from 838 to 842
Skipped Seq from 844 to 854
Skipped Seq from 854 to 863
Skipped Seq from 863 to 867
Skipped Seq from 867 to 870
Skipped Seq from 870 to 878
Skipped Seq from 878 to 880
Skipped Seq from 884 to 886
Skipped Seq from 888 to 891
Skipped Seq from 892 to 894
Skipped Seq from 895 to 897
Skipped Seq from 900 to 902
Skipped Seq from 902 to 904
Skipped Seq from 905 to 907
Skipped Seq from 908 to 911
Skipped Seq from 911 to 915
Skipped Seq from 915 to 917
Skipped Seq from 917 to 923
Skipped Seq from 923 to 925
Skipped Seq from 925 to 927
Skipped Seq from 927 to 930
Skipped Seq from 936 to 940
Skipped Seq from 941 to 945
Skipped Seq from 948 to 954
Skipped Seq from 954 to 956
Skipped Seq from 956 to 959
Skipped Seq from 959 to 961
Skipped Seq from 961 to 964
Skipped Seq from 964 to 966
Skipped Seq from 968 to 973
Skipped Seq from 976 to 979
Skipped Seq from 980 to 982
Skipped Seq from 982 to 985
Skipped Seq from 986 to 988
Skipped Seq from 4845 to 4848
Skipped Seq from 4848 to 4854
Skipped Seq from 4854 to 4858
Skipped Seq from 4867 to 4869
Skipped Seq from 4869 to 4877
Skipped Seq from 4884 to 4896
Skipped Seq from 4896 to 4900
Skipped Seq from 4901 to 4908
Skipped Seq from 4915 to 4917
Skipped Seq from 4922 to 4926
Skipped Seq from 4929 to 4931
Skipped Seq from 4935 to 4937
Skipped Seq from 4937 to 4944
Skipped Seq from 4948 to 4950
Skipped Seq from 4954 to 4959
Skipped Seq from 4961 to 4963
Skipped Seq from 4970 to 4976
Skipped Seq from 4981 to 4983
Skipped Seq from 4983 to 4985
Skipped Seq from 4990 to 4992
Skipped Seq from 5002 to 5004
Skipped Seq from 5004 to 5006
Skipped Seq from 5015 to 5017
Skipped Seq from 5017 to 5021
Skipped Seq from 5027 to 5029
Skipped Seq from 5051 to 5060
Skipped Seq from 5060 to 5062
Skipped Seq from 5071 to 5077
Skipped Seq from 5080 to 5088
Skipped Seq from 5089 to 5123
Skipped Seq from 5125 to 5140
Skipped Seq from 5140 to 5142
Skipped Seq from 5147 to 5160
Skipped Seq from 5161 to 5165
Skipped Seq from 5166 to 5168
Skipped Seq from 5168 to 5173
Skipped Seq from 5173 to 5178
Skipped Seq from 5179 to 5192
Skipped Seq from 5193 to 5203
Skipped Seq from 5203 to 5205
Skipped Seq from 5206 to 5208
Skipped Seq from 5209 to 5218
Skipped Seq from 5219 to 5221
Skipped Seq from 5223 to 5257
Skipped Seq from 5257 to 5279
Skipped Seq from 5279 to 5286
Skipped Seq from 5293 to 5297
Skipped Seq from 5297 to 5305
Skipped Seq from 5316 to 5318
Skipped Seq from 5318 to 5320
Skipped Seq from 5320 to 5322
Skipped Seq from 5323 to 5325
Skipped Seq from 5340 to 5343
Skipped Seq from 5348 to 5350
Skipped Seq from 5351 to 5354
Skipped Seq from 5354 to 5359
Skipped Seq from 5361 to 5363
Skipped Seq from 5366 to 5371
Skipped Seq from 5376 to 5378
Skipped Seq from 5390 to 5395
Skipped Seq from 5395 to 5401
Skipped Seq from 5401 to 5405
Skipped Seq from 5405 to 5407
Skipped Seq from 5407 to 5411
Skipped Seq from 5411 to 5425
Skipped Seq from 5428 to 5432
Skipped Seq from 5442 to 5447
Skipped Seq from 5448 to 5452
Skipped Seq from 5453 to 5455
Skipped Seq from 5455 to 5457
Skipped Seq from 5457 to 5459
Skipped Seq from 5459 to 5466
Skipped Seq from 5467 to 5475
Skipped Seq from 5475 to 5477
Skipped Seq from 5488 to 5492
Skipped Seq from 5493 to 5496
Skipped Seq from 5497 to 5503
Skipped Seq from 5504 to 5507
Skipped Seq from 5508 to 5510
Skipped Seq from 5510 to 5513
Skipped Seq from 5513 to 5515
Skipped Seq from 5520 to 5523
Skipped Seq from 5524 to 5528
Skipped Seq from 5533 to 5536
Skipped Seq from 5536 to 5538
Skipped Seq from 5538 to 5543
Skipped Seq from 5544 to 5551
Skipped Seq from 5552 to 5556
Skipped Seq from 5557 to 5559
Skipped Seq from 5559 to 5563
Skipped Seq from 5563 to 5565
Skipped Seq from 5565 to 5567
Skipped Seq from 5567 to 5569
Skipped Seq from 5569 to 5571
Skipped Seq from 5572 to 5574
Skipped Seq from 5575 to 5577
Skipped Seq from 5591 to 5596
Skipped Seq from 5597 to 5607
Skipped Seq from 5608 to 5620
Skipped Seq from 5620 to 5634
Skipped Seq from 5634 to 5636
Skipped Seq from 5638 to 5652
Skipped Seq from 5652 to 5655
Number of times throttled: 9
Received: 4641 / 5664 packets
Start time: 1332766073.686495
End time: 1332766115.516300
Duration: 41.829805
