Starting client at 10.0.0.10:1238 with timeout:10
My IP address is 10.0.0.10Skipped Seq from 2 to 6
Recovered out of order packet from 11 to 3
Recovered out of order packet from 11 to 4
Recovered out of order packet from 11 to 5
Skipped Seq from 776 to 779
Skipped Seq from 780 to 782
Skipped Seq from 783 to 785
Skipped Seq from 786 to 790
Skipped Seq from 790 to 792
Skipped Seq from 794 to 796
Skipped Seq from 797 to 801
Skipped Seq from 801 to 805
Skipped Seq from 809 to 812
Skipped Seq from 815 to 817
Skipped Seq from 817 to 820
Skipped Seq from 821 to 823
Skipped Seq from 832 to 834
Skipped Seq from 834 to 838
Skipped Seq from 847 to 849
Skipped Seq from 849 to 852
Skipped Seq from 855 to 857
Skipped Seq from 859 to 864
Skipped Seq from 864 to 869
Skipped Seq from 871 to 875
Skipped Seq from 876 to 879
Skipped Seq from 883 to 885
Skipped Seq from 885 to 887
Skipped Seq from 888 to 891
Skipped Seq from 891 to 893
Skipped Seq from 896 to 898
Skipped Seq from 898 to 902
Skipped Seq from 902 to 904
Skipped Seq from 910 to 914
Skipped Seq from 914 to 916
Skipped Seq from 923 to 925
Skipped Seq from 925 to 927
Skipped Seq from 929 to 933
Skipped Seq from 933 to 935
Skipped Seq from 942 to 944
Skipped Seq from 945 to 949
Skipped Seq from 950 to 952
Skipped Seq from 955 to 958
Skipped Seq from 959 to 961
Skipped Seq from 963 to 972
Skipped Seq from 973 to 977
Skipped Seq from 985 to 988
Skipped Seq from 990 to 995
Skipped Seq from 995 to 999
Skipped Seq from 999 to 1003
Skipped Seq from 1008 to 1010
Skipped Seq from 1011 to 1013
Skipped Seq from 1015 to 1017
Skipped Seq from 1018 to 1020
Skipped Seq from 1021 to 1024
Skipped Seq from 1024 to 1026
Skipped Seq from 1027 to 1032
Skipped Seq from 1032 to 1034
Skipped Seq from 1036 to 1038
Skipped Seq from 1038 to 1040
Skipped Seq from 1044 to 1048
Skipped Seq from 1048 to 1051
Skipped Seq from 1053 to 1056
Skipped Seq from 1056 to 1058
Skipped Seq from 1063 to 1066
Skipped Seq from 1068 to 1077
Skipped Seq from 1078 to 1080
Skipped Seq from 1083 to 1085
Skipped Seq from 1085 to 1087
Skipped Seq from 1090 to 1092
Skipped Seq from 1100 to 1104
Skipped Seq from 1109 to 1111
Skipped Seq from 1111 to 1113
Skipped Seq from 1115 to 1120
Skipped Seq from 1125 to 1131
Skipped Seq from 1131 to 1133
Skipped Seq from 1134 to 1136
Skipped Seq from 1138 to 1141
Skipped Seq from 1143 to 1146
Skipped Seq from 1147 to 1152
Skipped Seq from 1152 to 1162
Skipped Seq from 1162 to 1165
Skipped Seq from 1165 to 1169
Skipped Seq from 1169 to 1172
Skipped Seq from 1172 to 1175
Skipped Seq from 1175 to 1177
Skipped Seq from 1178 to 1181
Skipped Seq from 1181 to 1185
Skipped Seq from 1185 to 1187
Skipped Seq from 1190 to 1192
Skipped Seq from 1192 to 1194
Skipped Seq from 1203 to 1205
Skipped Seq from 1213 to 1218
Skipped Seq from 1218 to 1220
Skipped Seq from 1228 to 1234
Skipped Seq from 1234 to 1236
Skipped Seq from 1236 to 1239
Skipped Seq from 1242 to 1244
Skipped Seq from 1244 to 1247
Skipped Seq from 1251 to 1254
Skipped Seq from 1254 to 1259
Skipped Seq from 1259 to 1262
Skipped Seq from 1263 to 1265
Skipped Seq from 1265 to 1267
Skipped Seq from 1271 to 1273
Skipped Seq from 1276 to 1279
Skipped Seq from 1285 to 1288
Skipped Seq from 1288 to 1293
Skipped Seq from 1296 to 1301
Skipped Seq from 1305 to 1313
Skipped Seq from 1315 to 1319
Skipped Seq from 1319 to 1321
Skipped Seq from 1323 to 1327
Skipped Seq from 1328 to 1332
Skipped Seq from 1336 to 1339
Skipped Seq from 1339 to 1341
Skipped Seq from 1341 to 1344
Skipped Seq from 1348 to 1354
Skipped Seq from 1355 to 1357
Skipped Seq from 1358 to 1361
Skipped Seq from 1363 to 1366
Skipped Seq from 1366 to 1370
Skipped Seq from 1373 to 1375
Skipped Seq from 1376 to 1378
Skipped Seq from 1378 to 1381
Skipped Seq from 1381 to 1388
Skipped Seq from 1388 to 1391
Skipped Seq from 1400 to 1405
Skipped Seq from 1405 to 1408
Skipped Seq from 1408 to 1413
Skipped Seq from 1414 to 1416
Skipped Seq from 1419 to 1425
Skipped Seq from 1425 to 1427
Skipped Seq from 1428 to 1430
Skipped Seq from 1433 to 1437
Skipped Seq from 1445 to 1449
Skipped Seq from 1449 to 1451
Skipped Seq from 1462 to 1464
Skipped Seq from 1465 to 1467
Skipped Seq from 1470 to 1472
Skipped Seq from 1477 to 1481
Skipped Seq from 1488 to 1490
Skipped Seq from 1490 to 1495
Skipped Seq from 1497 to 1500
Skipped Seq from 1501 to 1503
Skipped Seq from 1504 to 1509
Skipped Seq from 1509 to 1511
Skipped Seq from 1512 to 1515
Skipped Seq from 1517 to 1519
Skipped Seq from 1521 to 1523
Skipped Seq from 1523 to 1527
Skipped Seq from 1530 to 1532
Skipped Seq from 1532 to 1535
Skipped Seq from 1539 to 1546
Skipped Seq from 1547 to 1549
Skipped Seq from 1550 to 1556
Skipped Seq from 1558 to 1560
Skipped Seq from 1563 to 1565
Skipped Seq from 1565 to 1567
Skipped Seq from 1569 to 1572
Skipped Seq from 1573 to 1578
Skipped Seq from 1582 to 1584
Skipped Seq from 1585 to 1587
Skipped Seq from 1589 to 1591
Skipped Seq from 1593 to 1598
Skipped Seq from 1598 to 1605
Skipped Seq from 1605 to 1610
Skipped Seq from 1610 to 1613
Skipped Seq from 1613 to 1618
Skipped Seq from 1619 to 1622
Skipped Seq from 1623 to 1628
Skipped Seq from 1629 to 1631
Skipped Seq from 1631 to 1636
Skipped Seq from 1636 to 1638
Skipped Seq from 1638 to 1642
Skipped Seq from 1644 to 1650
Skipped Seq from 1651 to 1653
Skipped Seq from 1653 to 1657
Skipped Seq from 1657 to 1661
Skipped Seq from 1661 to 1664
Skipped Seq from 1670 to 1672
Skipped Seq from 1677 to 1682
Skipped Seq from 1682 to 1684
Skipped Seq from 1686 to 1688
Skipped Seq from 1688 to 1690
Skipped Seq from 1692 to 1703
Skipped Seq from 1703 to 1708
Skipped Seq from 1708 to 1710
Skipped Seq from 1710 to 1714
Skipped Seq from 1714 to 1716
Skipped Seq from 1716 to 1718
Skipped Seq from 1719 to 1721
Skipped Seq from 1723 to 1725
Skipped Seq from 1726 to 1728
Skipped Seq from 1739 to 1741
Skipped Seq from 1747 to 1752
Skipped Seq from 1752 to 1754
Skipped Seq from 1761 to 1763
Skipped Seq from 1768 to 1771
Skipped Seq from 1774 to 1777
Skipped Seq from 1777 to 1779
Skipped Seq from 1779 to 1781
Skipped Seq from 1781 to 1785
Skipped Seq from 1786 to 1788
Skipped Seq from 1788 to 1791
Skipped Seq from 1797 to 1799
Skipped Seq from 1799 to 1802
Skipped Seq from 1804 to 1806
Skipped Seq from 1806 to 1808
Skipped Seq from 1808 to 1811
Skipped Seq from 1814 to 1817
Skipped Seq from 1820 to 1822
Skipped Seq from 1824 to 1826
Skipped Seq from 1827 to 1831
Skipped Seq from 1832 to 1837
Skipped Seq from 1841 to 1845
Skipped Seq from 1846 to 1848
Skipped Seq from 1848 to 1855
Skipped Seq from 1868 to 1871
Skipped Seq from 1871 to 1873
Skipped Seq from 1873 to 1876
Skipped Seq from 1876 to 1878
Skipped Seq from 1878 to 1880
Skipped Seq from 1880 to 1883
Skipped Seq from 1883 to 1885
Skipped Seq from 1886 to 1889
Skipped Seq from 1890 to 1892
Skipped Seq from 1892 to 1894
Skipped Seq from 1896 to 1901
Skipped Seq from 1904 to 1906
Skipped Seq from 1909 to 1911
Skipped Seq from 1911 to 1915
Skipped Seq from 1918 to 1925
Skipped Seq from 1925 to 1928
Skipped Seq from 1929 to 1934
Skipped Seq from 1936 to 1938
Skipped Seq from 1939 to 1941
Skipped Seq from 1943 to 1945
Skipped Seq from 1945 to 1947
Skipped Seq from 1948 to 1951
Skipped Seq from 1953 to 1956
Skipped Seq from 1958 to 1960
Skipped Seq from 1963 to 1969
Skipped Seq from 1969 to 1971
Skipped Seq from 1972 to 1975
Skipped Seq from 1976 to 1978
Skipped Seq from 1978 to 1981
Skipped Seq from 1983 to 1985
Skipped Seq from 1987 to 1996
Skipped Seq from 1999 to 2001
Skipped Seq from 2040 to 2053
Skipped Seq from 2053 to 2056
Skipped Seq from 2056 to 2060
Skipped Seq from 2061 to 2064
Skipped Seq from 2064 to 2068
Skipped Seq from 2068 to 2076
Skipped Seq from 2076 to 2079
Skipped Seq from 2080 to 2091
Skipped Seq from 2091 to 2094
Skipped Seq from 2109 to 2111
Skipped Seq from 2111 to 2113
Skipped Seq from 2113 to 2115
Skipped Seq from 2117 to 2123
Skipped Seq from 2123 to 2125
Skipped Seq from 2127 to 2129
Skipped Seq from 2137 to 2139
Skipped Seq from 2146 to 2148
Skipped Seq from 2148 to 2150
Skipped Seq from 2161 to 2163
Skipped Seq from 2163 to 2166
Skipped Seq from 2167 to 2171
Skipped Seq from 2171 to 2173
Skipped Seq from 2173 to 2175
Skipped Seq from 2180 to 2182
Skipped Seq from 2185 to 2187
Skipped Seq from 2190 to 2201
Skipped Seq from 2201 to 2203
Skipped Seq from 2203 to 2205
Skipped Seq from 2206 to 2209
Skipped Seq from 2209 to 2211
Skipped Seq from 2222 to 2228
Skipped Seq from 2228 to 2232
Skipped Seq from 2241 to 2244
Skipped Seq from 2254 to 2256
Skipped Seq from 2259 to 2261
Skipped Seq from 2264 to 2267
Skipped Seq from 2268 to 2272
Skipped Seq from 2274 to 2277
Skipped Seq from 2285 to 2287
Skipped Seq from 2288 to 2294
Skipped Seq from 2304 to 2309
Skipped Seq from 2309 to 2312
Skipped Seq from 2313 to 2316
Skipped Seq from 2316 to 2320
Skipped Seq from 2323 to 2325
Skipped Seq from 2328 to 2330
Skipped Seq from 2369 to 2371
Skipped Seq from 2490 to 2493
Skipped Seq from 2494 to 2496
Skipped Seq from 2496 to 2499
Skipped Seq from 2558 to 2561
Skipped Seq from 2561 to 2563
Skipped Seq from 2574 to 2576
Skipped Seq from 2640 to 2642
Skipped Seq from 2696 to 2698
Skipped Seq from 17805 to 17814
Skipped Seq from 17844 to 17851
Skipped Seq from 17851 to 17858
Skipped Seq from 17858 to 17863
Skipped Seq from 17864 to 17867
Skipped Seq from 17876 to 17880
Skipped Seq from 17884 to 17890
Skipped Seq from 17893 to 17898
Skipped Seq from 17898 to 17900
Skipped Seq from 17900 to 17902
Skipped Seq from 17905 to 17908
Skipped Seq from 17908 to 17912
Skipped Seq from 17914 to 17916
Skipped Seq from 17918 to 17920
Skipped Seq from 17921 to 17923
Skipped Seq from 17923 to 17925
Skipped Seq from 17932 to 17934
Skipped Seq from 17947 to 17950
Skipped Seq from 17956 to 17958
Skipped Seq from 17958 to 17960
Skipped Seq from 17971 to 17973
Skipped Seq from 17987 to 17990
Skipped Seq from 17995 to 17997
Skipped Seq from 17997 to 17999
Skipped Seq from 18002 to 18004
Skipped Seq from 18007 to 18009
Skipped Seq from 18010 to 18013
Skipped Seq from 18013 to 18015
Skipped Seq from 18017 to 18019
Skipped Seq from 18020 to 18023
Skipped Seq from 18029 to 18031
Skipped Seq from 18035 to 18037
Skipped Seq from 18037 to 18039
Skipped Seq from 18043 to 18045
Skipped Seq from 18060 to 18062
Skipped Seq from 18062 to 18064
Skipped Seq from 18067 to 18069
Skipped Seq from 18070 to 18072
Skipped Seq from 18074 to 18077
Skipped Seq from 18078 to 18080
Skipped Seq from 18080 to 18082
Skipped Seq from 18086 to 18088
Skipped Seq from 18092 to 18094
Skipped Seq from 18099 to 18101
Skipped Seq from 18104 to 18106
Skipped Seq from 18110 to 18112
Skipped Seq from 18121 to 18123
Skipped Seq from 18123 to 18125
Skipped Seq from 18125 to 18127
Skipped Seq from 18127 to 18129
Skipped Seq from 18135 to 18138
Skipped Seq from 18138 to 18140
Skipped Seq from 18144 to 18146
Skipped Seq from 18146 to 18148
Skipped Seq from 18148 to 18150
Skipped Seq from 18150 to 18152
Skipped Seq from 18152 to 18154
Skipped Seq from 18154 to 18156
Skipped Seq from 18156 to 18158
Skipped Seq from 18159 to 18161
Skipped Seq from 18173 to 18176
Skipped Seq from 18177 to 18180
Skipped Seq from 18183 to 18185
Skipped Seq from 18186 to 18188
Skipped Seq from 18189 to 18193
Skipped Seq from 18195 to 18197
Skipped Seq from 18204 to 18207
Skipped Seq from 18208 to 18210
Skipped Seq from 18214 to 18216
Skipped Seq from 18216 to 18218
Skipped Seq from 18226 to 18229
Skipped Seq from 18232 to 18234
Skipped Seq from 18235 to 18238
Skipped Seq from 18241 to 18243
Skipped Seq from 18244 to 18246
Skipped Seq from 18246 to 18248
Skipped Seq from 18248 to 18251
Skipped Seq from 18252 to 18254
Skipped Seq from 18258 to 18262
Skipped Seq from 18265 to 18268
Skipped Seq from 18268 to 18271
Skipped Seq from 18272 to 18274
Skipped Seq from 18278 to 18280
Skipped Seq from 18282 to 18284
Skipped Seq from 18285 to 18288
Skipped Seq from 18290 to 18292
Skipped Seq from 18294 to 18296
Skipped Seq from 18297 to 18299
Skipped Seq from 18300 to 18302
Skipped Seq from 18305 to 18307
Skipped Seq from 18319 to 18321
Skipped Seq from 18325 to 18328
Skipped Seq from 18328 to 18330
Skipped Seq from 18330 to 18332
Skipped Seq from 18333 to 18335
Skipped Seq from 18335 to 18338
Skipped Seq from 18339 to 18341
Skipped Seq from 18341 to 18343
Skipped Seq from 18344 to 18346
Skipped Seq from 18346 to 18350
Skipped Seq from 18355 to 18358
Skipped Seq from 18359 to 18362
Skipped Seq from 18363 to 18365
Skipped Seq from 18384 to 18386
Skipped Seq from 18388 to 18390
Skipped Seq from 18391 to 18393
Skipped Seq from 18396 to 18399
Skipped Seq from 18400 to 18402
Skipped Seq from 18402 to 18405
Skipped Seq from 18411 to 18415
Skipped Seq from 18416 to 18418
Skipped Seq from 18421 to 18423
Skipped Seq from 18428 to 18431
Skipped Seq from 18445 to 18447
Skipped Seq from 18456 to 18458
Skipped Seq from 18467 to 18469
Skipped Seq from 18471 to 18473
Skipped Seq from 18474 to 18476
Skipped Seq from 18491 to 18494
Skipped Seq from 18494 to 18498
Skipped Seq from 18500 to 18502
Skipped Seq from 18503 to 18506
Skipped Seq from 18509 to 18515
Skipped Seq from 18518 to 18520
Skipped Seq from 18520 to 18523
Skipped Seq from 18525 to 18527
Skipped Seq from 18527 to 18529
Skipped Seq from 18532 to 18534
Skipped Seq from 18538 to 18540
Skipped Seq from 18540 to 18543
Skipped Seq from 18545 to 18547
Skipped Seq from 18547 to 18549
Skipped Seq from 18549 to 18551
Skipped Seq from 18551 to 18553
Skipped Seq from 18560 to 18562
Skipped Seq from 18569 to 18572
Skipped Seq from 18576 to 18578
Skipped Seq from 18583 to 18585
Skipped Seq from 18587 to 18589
Skipped Seq from 18589 to 18592
Skipped Seq from 18595 to 18598
Skipped Seq from 18598 to 18601
Skipped Seq from 18612 to 18614
Skipped Seq from 18615 to 18617
Skipped Seq from 18620 to 18622
Skipped Seq from 18622 to 18624
Skipped Seq from 18624 to 18626
Skipped Seq from 18626 to 18628
Skipped Seq from 18629 to 18631
Skipped Seq from 18631 to 18633
Skipped Seq from 18634 to 18636
Skipped Seq from 18636 to 18640
Skipped Seq from 18653 to 18655
Skipped Seq from 18666 to 18668
Skipped Seq from 18678 to 18680
Skipped Seq from 18680 to 18682
Skipped Seq from 18685 to 18687
Skipped Seq from 18689 to 18693
Skipped Seq from 18701 to 18703
Skipped Seq from 18705 to 18707
Skipped Seq from 18708 to 18710
Skipped Seq from 18714 to 18717
Skipped Seq from 18717 to 18719
Skipped Seq from 18719 to 18721
Skipped Seq from 18723 to 18727
Skipped Seq from 18729 to 18732
Skipped Seq from 18743 to 18745
Skipped Seq from 18748 to 18750
Skipped Seq from 18750 to 18752
Skipped Seq from 18758 to 18761
Skipped Seq from 18777 to 18780
Skipped Seq from 18781 to 18783
Skipped Seq from 18797 to 18800
Skipped Seq from 18812 to 18815
Skipped Seq from 18815 to 18818
Skipped Seq from 18821 to 18824
Skipped Seq from 18825 to 18827
Skipped Seq from 18827 to 18830
Skipped Seq from 18831 to 18833
Skipped Seq from 18836 to 18840
Skipped Seq from 18841 to 18844
Skipped Seq from 18846 to 18848
Skipped Seq from 18848 to 18851
Skipped Seq from 18862 to 18864
Skipped Seq from 18864 to 18866
Skipped Seq from 18877 to 18879
Skipped Seq from 18879 to 18881
Skipped Seq from 18884 to 18887
Skipped Seq from 18912 to 18915
Skipped Seq from 18915 to 18917
Skipped Seq from 18917 to 18921
Skipped Seq from 18923 to 18925
Skipped Seq from 18925 to 18927
Skipped Seq from 18928 to 18930
Skipped Seq from 18939 to 18941
Skipped Seq from 18941 to 18944
Skipped Seq from 18946 to 18950
Skipped Seq from 18951 to 18953
Skipped Seq from 18953 to 18955
Skipped Seq from 18976 to 18978
Skipped Seq from 18979 to 18981
Skipped Seq from 18991 to 18993
Skipped Seq from 18993 to 18995
Skipped Seq from 18995 to 18999
Skipped Seq from 19000 to 19002
Skipped Seq from 19002 to 19005
Skipped Seq from 19005 to 19007
Skipped Seq from 19009 to 19011
Skipped Seq from 19011 to 19014
Skipped Seq from 19014 to 19017
Skipped Seq from 19034 to 19036
Skipped Seq from 19036 to 19040
Skipped Seq from 19055 to 19057
Skipped Seq from 19066 to 19069
Skipped Seq from 19070 to 19072
Skipped Seq from 19076 to 19078
Skipped Seq from 19085 to 19087
Skipped Seq from 19096 to 19099
Skipped Seq from 19099 to 19101
Skipped Seq from 19102 to 19104
Skipped Seq from 19104 to 19106
Skipped Seq from 19107 to 19109
Skipped Seq from 19111 to 19113
Skipped Seq from 19114 to 19116
Skipped Seq from 19129 to 19131
Skipped Seq from 19132 to 19134
Skipped Seq from 19165 to 19167
Skipped Seq from 19169 to 19172
Skipped Seq from 19172 to 19174
Skipped Seq from 19174 to 19176
Skipped Seq from 19176 to 19178
Skipped Seq from 19179 to 19181
Skipped Seq from 19183 to 19185
Skipped Seq from 19188 to 19190
Skipped Seq from 19191 to 19194
Skipped Seq from 19194 to 19196
Skipped Seq from 19197 to 19201
Skipped Seq from 19201 to 19203
Skipped Seq from 19205 to 19207
Skipped Seq from 19208 to 19212
Skipped Seq from 19212 to 19214
Skipped Seq from 19214 to 19217
Skipped Seq from 19218 to 19222
Skipped Seq from 19222 to 19225
Skipped Seq from 19225 to 19227
Skipped Seq from 19228 to 19230
Skipped Seq from 19230 to 19232
Skipped Seq from 19232 to 19235
Skipped Seq from 19238 to 19241
Skipped Seq from 19241 to 19243
Skipped Seq from 19244 to 19247
Skipped Seq from 19247 to 19249
Skipped Seq from 19250 to 19253
Skipped Seq from 19253 to 19255
Skipped Seq from 19264 to 19266
Skipped Seq from 19271 to 19273
Skipped Seq from 19276 to 19279
Skipped Seq from 19282 to 19287
Skipped Seq from 19290 to 19292
Skipped Seq from 19292 to 19295
Skipped Seq from 19295 to 19298
Skipped Seq from 19302 to 19308
Skipped Seq from 19310 to 19312
Skipped Seq from 19312 to 19314
Skipped Seq from 19316 to 19318
Skipped Seq from 19321 to 19326
Skipped Seq from 19326 to 19328
Skipped Seq from 19329 to 19332
Skipped Seq from 19336 to 19338
Skipped Seq from 19338 to 19341
Skipped Seq from 19342 to 19344
Skipped Seq from 19344 to 19347
Skipped Seq from 19347 to 19349
Skipped Seq from 19349 to 19351
Skipped Seq from 19351 to 19354
Skipped Seq from 19354 to 19356
Skipped Seq from 19356 to 19359
Skipped Seq from 19360 to 19362
Skipped Seq from 19362 to 19365
Skipped Seq from 19365 to 19367
Skipped Seq from 19367 to 19370
Skipped Seq from 19373 to 19375
Skipped Seq from 19376 to 19378
Skipped Seq from 19378 to 19380
Skipped Seq from 19381 to 19383
Skipped Seq from 19383 to 19385
Skipped Seq from 19389 to 19392
Skipped Seq from 19398 to 19400
Skipped Seq from 19404 to 19406
Skipped Seq from 19406 to 19410
Skipped Seq from 19410 to 19412
Skipped Seq from 19413 to 19415
Skipped Seq from 19426 to 19428
Skipped Seq from 19428 to 19431
Skipped Seq from 19442 to 19444
Skipped Seq from 19444 to 19446
Skipped Seq from 19447 to 19451
Skipped Seq from 19452 to 19456
Skipped Seq from 19456 to 19459
Skipped Seq from 19460 to 19463
Skipped Seq from 19463 to 19465
Skipped Seq from 19466 to 19468
Skipped Seq from 19469 to 19472
Skipped Seq from 19475 to 19479
Skipped Seq from 19479 to 19482
Skipped Seq from 19482 to 19485
Skipped Seq from 19485 to 19487
Skipped Seq from 19488 to 19491
Skipped Seq from 19529 to 19531
Skipped Seq from 19665 to 19667
Skipped Seq from 19668 to 19671
Skipped Seq from 19678 to 19680
Skipped Seq from 19699 to 19701
Skipped Seq from 19793 to 19795
Skipped Seq from 19800 to 19802
Skipped Seq from 19812 to 19815
Skipped Seq from 19816 to 19818
Skipped Seq from 19819 to 19822
Skipped Seq from 19827 to 19829
Skipped Seq from 19832 to 19834
Skipped Seq from 19883 to 19885
Skipped Seq from 19889 to 19891
Skipped Seq from 19891 to 19893
Skipped Seq from 19893 to 19895
Skipped Seq from 19900 to 19903
Skipped Seq from 19911 to 19913
Skipped Seq from 19913 to 19915
Skipped Seq from 19950 to 19952
Skipped Seq from 19977 to 19979
Skipped Seq from 19982 to 19984
Skipped Seq from 19991 to 19993
Number of times throttled: 6
Received: 20718 / 21883 packets
Start time: 1315405363.387722
End time: 1315405389.106581
Duration: 25.718859
