Starting client at 10.0.0.10:1274 with timeout:10
My IP address is 10.0.0.10Skipped Seq from 1042 to 1044
Skipped Seq from 1054 to 1056
Skipped Seq from 1057 to 1061
Skipped Seq from 1064 to 1067
Skipped Seq from 1068 to 1071
Skipped Seq from 1071 to 1073
Skipped Seq from 1074 to 1078
Skipped Seq from 1079 to 1081
Skipped Seq from 1085 to 1087
Skipped Seq from 1096 to 1099
Skipped Seq from 1104 to 1106
Skipped Seq from 1107 to 1110
Skipped Seq from 1115 to 1117
Skipped Seq from 1118 to 1125
Skipped Seq from 1126 to 1128
Skipped Seq from 1131 to 1133
Skipped Seq from 1137 to 1139
Skipped Seq from 1139 to 1141
Skipped Seq from 1145 to 1148
Skipped Seq from 1150 to 1153
Skipped Seq from 1154 to 1157
Skipped Seq from 1157 to 1159
Skipped Seq from 1160 to 1162
Skipped Seq from 1163 to 1165
Skipped Seq from 1166 to 1168
Skipped Seq from 1176 to 1178
Skipped Seq from 1179 to 1182
Skipped Seq from 1184 to 1186
Skipped Seq from 1198 to 1200
Skipped Seq from 1200 to 1203
Skipped Seq from 1203 to 1205
Skipped Seq from 1210 to 1213
Skipped Seq from 1217 to 1219
Skipped Seq from 1223 to 1225
Skipped Seq from 1226 to 1228
Skipped Seq from 1230 to 1233
Skipped Seq from 1234 to 1237
Skipped Seq from 1239 to 1241
Skipped Seq from 1241 to 1243
Skipped Seq from 1243 to 1245
Skipped Seq from 1261 to 1263
Skipped Seq from 1269 to 1272
Skipped Seq from 1273 to 1276
Skipped Seq from 1278 to 1282
Skipped Seq from 1285 to 1288
Skipped Seq from 1290 to 1292
Skipped Seq from 1297 to 1299
Skipped Seq from 1301 to 1303
Skipped Seq from 1304 to 1306
Skipped Seq from 1307 to 1309
Skipped Seq from 1311 to 1314
Skipped Seq from 1314 to 1319
Skipped Seq from 1320 to 1324
Skipped Seq from 1324 to 1327
Skipped Seq from 1327 to 1330
Skipped Seq from 1333 to 1335
Skipped Seq from 1335 to 1337
Skipped Seq from 1337 to 1339
Skipped Seq from 1340 to 1342
Skipped Seq from 1342 to 1344
Skipped Seq from 1346 to 1350
Skipped Seq from 1350 to 1353
Skipped Seq from 1353 to 1355
Skipped Seq from 1360 to 1363
Skipped Seq from 1374 to 1376
Skipped Seq from 1377 to 1379
Skipped Seq from 1381 to 1384
Skipped Seq from 1385 to 1388
Skipped Seq from 1388 to 1390
Skipped Seq from 1394 to 1396
Skipped Seq from 1396 to 1401
Skipped Seq from 1401 to 1404
Skipped Seq from 1404 to 1410
Skipped Seq from 1410 to 1412
Skipped Seq from 1423 to 1425
Skipped Seq from 1425 to 1428
Skipped Seq from 1429 to 1431
Skipped Seq from 1436 to 1439
Skipped Seq from 1441 to 1443
Skipped Seq from 1444 to 1446
Skipped Seq from 1449 to 1452
Skipped Seq from 1452 to 1454
Skipped Seq from 1454 to 1456
Skipped Seq from 1461 to 1463
Skipped Seq from 1463 to 1466
Skipped Seq from 1468 to 1470
Skipped Seq from 1472 to 1474
Skipped Seq from 1480 to 1485
Skipped Seq from 1485 to 1487
Skipped Seq from 1494 to 1496
Skipped Seq from 1510 to 1512
Skipped Seq from 1514 to 1516
Skipped Seq from 1518 to 1521
Skipped Seq from 1521 to 1527
Skipped Seq from 1527 to 1529
Skipped Seq from 1530 to 1532
Skipped Seq from 1534 to 1536
Skipped Seq from 1536 to 1538
Skipped Seq from 1538 to 1542
Skipped Seq from 1542 to 1546
Skipped Seq from 1546 to 1553
Skipped Seq from 1553 to 1555
Skipped Seq from 1555 to 1558
Skipped Seq from 1563 to 1565
Skipped Seq from 1565 to 1568
Skipped Seq from 1582 to 1584
Skipped Seq from 1585 to 1590
Skipped Seq from 1592 to 1595
Skipped Seq from 1596 to 1598
Skipped Seq from 1603 to 1605
Skipped Seq from 1606 to 1611
Skipped Seq from 1611 to 1614
Skipped Seq from 1615 to 1618
Skipped Seq from 1618 to 1621
Skipped Seq from 1632 to 1635
Skipped Seq from 1639 to 1643
Skipped Seq from 1644 to 1647
Skipped Seq from 1651 to 1653
Skipped Seq from 1653 to 1655
Skipped Seq from 1655 to 1657
Skipped Seq from 1658 to 1660
Skipped Seq from 1666 to 1668
Skipped Seq from 1668 to 1671
Skipped Seq from 1671 to 1674
Skipped Seq from 1674 to 1676
Skipped Seq from 1676 to 1678
Skipped Seq from 1680 to 1689
Skipped Seq from 1689 to 1691
Skipped Seq from 1691 to 1694
Skipped Seq from 1694 to 1698
Skipped Seq from 1699 to 1704
Skipped Seq from 1704 to 1706
Skipped Seq from 1711 to 1714
Skipped Seq from 1714 to 1717
Skipped Seq from 1720 to 1723
Skipped Seq from 1723 to 1726
Skipped Seq from 1728 to 1734
Skipped Seq from 1735 to 1737
Skipped Seq from 1739 to 1742
Skipped Seq from 1748 to 1751
Skipped Seq from 1754 to 1757
Skipped Seq from 1760 to 1763
Skipped Seq from 1763 to 1765
Skipped Seq from 1769 to 1772
Skipped Seq from 1772 to 1777
Skipped Seq from 1777 to 1780
Skipped Seq from 1780 to 1782
Skipped Seq from 1782 to 1784
Skipped Seq from 1786 to 1788
Skipped Seq from 1791 to 1796
Skipped Seq from 1798 to 1802
Skipped Seq from 1804 to 1806
Skipped Seq from 1806 to 1811
Skipped Seq from 1811 to 1813
Skipped Seq from 1815 to 1818
Skipped Seq from 1820 to 1822
Skipped Seq from 1828 to 1830
Skipped Seq from 1843 to 1846
Skipped Seq from 1846 to 1849
Skipped Seq from 1849 to 1855
Skipped Seq from 1857 to 1862
Skipped Seq from 1865 to 1870
Skipped Seq from 1870 to 1875
Skipped Seq from 1876 to 1878
Skipped Seq from 1879 to 1881
Skipped Seq from 1884 to 1886
Skipped Seq from 1886 to 1888
Skipped Seq from 1891 to 1893
Skipped Seq from 1894 to 1899
Skipped Seq from 1900 to 1902
Skipped Seq from 1902 to 1905
Skipped Seq from 1905 to 1911
Skipped Seq from 1923 to 1928
Skipped Seq from 1930 to 1932
Skipped Seq from 1932 to 1935
Skipped Seq from 1935 to 1937
Skipped Seq from 1939 to 1942
Skipped Seq from 1942 to 1944
Skipped Seq from 1944 to 1949
Skipped Seq from 1949 to 1951
Skipped Seq from 1951 to 1954
Skipped Seq from 1961 to 1966
Skipped Seq from 1972 to 1974
Skipped Seq from 1975 to 1977
Skipped Seq from 1986 to 1988
Skipped Seq from 1988 to 1991
Skipped Seq from 2004 to 2006
Skipped Seq from 2012 to 2014
Skipped Seq from 2014 to 2021
Skipped Seq from 2021 to 2024
Skipped Seq from 2024 to 2026
Skipped Seq from 2027 to 2030
Skipped Seq from 2034 to 2036
Skipped Seq from 2036 to 2039
Skipped Seq from 2040 to 2044
Skipped Seq from 2048 to 2052
Skipped Seq from 2053 to 2056
Skipped Seq from 2057 to 2059
Skipped Seq from 2071 to 2073
Skipped Seq from 2073 to 2075
Skipped Seq from 2075 to 2079
Skipped Seq from 2083 to 2089
Skipped Seq from 2089 to 2092
Skipped Seq from 2092 to 2095
Skipped Seq from 2095 to 2097
Skipped Seq from 2097 to 2099
Skipped Seq from 2099 to 2101
Skipped Seq from 2102 to 2107
Skipped Seq from 2112 to 2114
Skipped Seq from 2114 to 2119
Skipped Seq from 2120 to 2124
Skipped Seq from 2132 to 2134
Skipped Seq from 2139 to 2142
Skipped Seq from 2142 to 2145
Skipped Seq from 2146 to 2148
Skipped Seq from 2156 to 2161
Skipped Seq from 2164 to 2166
Skipped Seq from 2167 to 2169
Skipped Seq from 2169 to 2174
Skipped Seq from 2177 to 2179
Skipped Seq from 2179 to 2181
Skipped Seq from 2185 to 2193
Skipped Seq from 2200 to 2202
Skipped Seq from 2202 to 2204
Skipped Seq from 2219 to 2221
Skipped Seq from 2222 to 2226
Skipped Seq from 2232 to 2234
Skipped Seq from 8275 to 8277
Skipped Seq from 8284 to 8286
Skipped Seq from 8292 to 8295
Skipped Seq from 8296 to 8298
Skipped Seq from 8300 to 8302
Skipped Seq from 8304 to 8307
Skipped Seq from 8308 to 8310
Skipped Seq from 8312 to 8314
Skipped Seq from 8316 to 8318
Skipped Seq from 8319 to 8321
Skipped Seq from 8333 to 8336
Skipped Seq from 8336 to 8338
Skipped Seq from 8341 to 8343
Skipped Seq from 8344 to 8346
Skipped Seq from 8349 to 8351
Skipped Seq from 8353 to 8356
Skipped Seq from 8356 to 8358
Skipped Seq from 8358 to 8360
Skipped Seq from 8367 to 8369
Skipped Seq from 8369 to 8371
Skipped Seq from 8373 to 8375
Skipped Seq from 8389 to 8391
Skipped Seq from 8398 to 8401
Skipped Seq from 8401 to 8403
Skipped Seq from 8404 to 8406
Skipped Seq from 8409 to 8411
Skipped Seq from 8412 to 8414
Skipped Seq from 8420 to 8422
Skipped Seq from 8422 to 8424
Skipped Seq from 8429 to 8435
Skipped Seq from 8435 to 8438
Skipped Seq from 8440 to 8444
Skipped Seq from 8449 to 8453
Skipped Seq from 8453 to 8455
Skipped Seq from 8461 to 8463
Skipped Seq from 8463 to 8465
Skipped Seq from 8466 to 8468
Skipped Seq from 8473 to 8475
Skipped Seq from 8489 to 8492
Skipped Seq from 8504 to 8511
Skipped Seq from 8514 to 8516
Skipped Seq from 8516 to 8518
Skipped Seq from 8518 to 8522
Skipped Seq from 8524 to 8529
Skipped Seq from 8529 to 8531
Skipped Seq from 8533 to 8536
Skipped Seq from 8540 to 8542
Skipped Seq from 8543 to 8546
Skipped Seq from 8557 to 8561
Skipped Seq from 8575 to 8578
Skipped Seq from 8578 to 8583
Skipped Seq from 8586 to 8588
Skipped Seq from 8589 to 8592
Skipped Seq from 8593 to 8596
Skipped Seq from 8601 to 8604
Skipped Seq from 8604 to 8608
Skipped Seq from 8611 to 8613
Skipped Seq from 8620 to 8622
Skipped Seq from 8626 to 8631
Skipped Seq from 8644 to 8646
Skipped Seq from 8646 to 8651
Skipped Seq from 8653 to 8655
Skipped Seq from 8655 to 8659
Skipped Seq from 8659 to 8663
Skipped Seq from 8664 to 8666
Skipped Seq from 8666 to 8668
Skipped Seq from 8669 to 8672
Skipped Seq from 8679 to 8681
Skipped Seq from 8682 to 8686
Skipped Seq from 8686 to 8690
Skipped Seq from 8695 to 8698
Skipped Seq from 8708 to 8710
Skipped Seq from 8712 to 8714
Skipped Seq from 8714 to 8716
Skipped Seq from 8739 to 8743
Skipped Seq from 8743 to 8747
Skipped Seq from 8747 to 8751
Skipped Seq from 8752 to 8754
Skipped Seq from 8758 to 8760
Skipped Seq from 8760 to 8762
Skipped Seq from 8772 to 8775
Skipped Seq from 8775 to 8778
Skipped Seq from 8778 to 8780
Skipped Seq from 8784 to 8786
Skipped Seq from 8789 to 8792
Skipped Seq from 8797 to 8799
Skipped Seq from 8799 to 8802
Skipped Seq from 8820 to 8822
Skipped Seq from 8824 to 8827
Skipped Seq from 8827 to 8829
Skipped Seq from 8829 to 8835
Skipped Seq from 8835 to 8838
Skipped Seq from 8844 to 8847
Skipped Seq from 8847 to 8850
Skipped Seq from 8850 to 8852
Skipped Seq from 8852 to 8854
Skipped Seq from 8862 to 8864
Skipped Seq from 8865 to 8869
Skipped Seq from 8870 to 8873
Skipped Seq from 8878 to 8883
Skipped Seq from 8886 to 8888
Skipped Seq from 8892 to 8897
Skipped Seq from 8905 to 8907
Skipped Seq from 8909 to 8911
Skipped Seq from 8915 to 8917
Skipped Seq from 8931 to 8933
Skipped Seq from 8934 to 8939
Skipped Seq from 8939 to 8941
Skipped Seq from 8947 to 8949
Skipped Seq from 8949 to 8951
Skipped Seq from 8953 to 8956
Skipped Seq from 8963 to 8968
Skipped Seq from 8968 to 8970
Skipped Seq from 8972 to 8975
Skipped Seq from 8975 to 8979
Skipped Seq from 8981 to 8988
Skipped Seq from 9002 to 9004
Skipped Seq from 9007 to 9010
Skipped Seq from 9015 to 9017
Skipped Seq from 9017 to 9019
Skipped Seq from 9021 to 9023
Skipped Seq from 9025 to 9027
Skipped Seq from 9044 to 9047
Skipped Seq from 9049 to 9053
Skipped Seq from 9056 to 9058
Skipped Seq from 9063 to 9066
Skipped Seq from 9066 to 9068
Skipped Seq from 9068 to 9070
Skipped Seq from 9075 to 9077
Skipped Seq from 9084 to 9087
Skipped Seq from 9096 to 9098
Skipped Seq from 9099 to 9103
Skipped Seq from 9105 to 9107
Skipped Seq from 9107 to 9110
Skipped Seq from 9116 to 9119
Skipped Seq from 9122 to 9124
Skipped Seq from 9124 to 9128
Skipped Seq from 9145 to 9149
Skipped Seq from 9154 to 9159
Skipped Seq from 9160 to 9162
Skipped Seq from 9163 to 9166
Skipped Seq from 9172 to 9174
Skipped Seq from 9176 to 9178
Skipped Seq from 9190 to 9192
Skipped Seq from 9196 to 9198
Skipped Seq from 9202 to 9205
Skipped Seq from 9205 to 9207
Skipped Seq from 9207 to 9209
Skipped Seq from 9209 to 9212
Skipped Seq from 9218 to 9220
Skipped Seq from 9222 to 9225
Skipped Seq from 9226 to 9231
Skipped Seq from 9232 to 9238
Skipped Seq from 9238 to 9240
Skipped Seq from 9241 to 9244
Skipped Seq from 9245 to 9251
Skipped Seq from 9251 to 9254
Skipped Seq from 9257 to 9262
Skipped Seq from 9270 to 9272
Skipped Seq from 9274 to 9277
Skipped Seq from 9277 to 9281
Skipped Seq from 9282 to 9286
Skipped Seq from 9286 to 9288
Skipped Seq from 9288 to 9292
Skipped Seq from 9294 to 9300
Skipped Seq from 9301 to 9304
Skipped Seq from 9305 to 9310
Skipped Seq from 9310 to 9318
Skipped Seq from 9318 to 9320
Skipped Seq from 9320 to 9324
Skipped Seq from 9324 to 9327
Skipped Seq from 9327 to 9331
Skipped Seq from 9332 to 9336
Skipped Seq from 9336 to 9343
Skipped Seq from 9345 to 9349
Skipped Seq from 9349 to 9354
Skipped Seq from 9355 to 9360
Skipped Seq from 9360 to 9364
Skipped Seq from 9364 to 9366
Skipped Seq from 9385 to 9387
Skipped Seq from 9391 to 9393
Skipped Seq from 9394 to 9398
Skipped Seq from 9398 to 9400
Skipped Seq from 9401 to 9405
Skipped Seq from 9406 to 9408
Skipped Seq from 9411 to 9413
Skipped Seq from 9416 to 9419
Skipped Seq from 9420 to 9422
Skipped Seq from 9422 to 9424
Skipped Seq from 9424 to 9427
Skipped Seq from 9431 to 9434
Skipped Seq from 9436 to 9438
Skipped Seq from 9441 to 9443
Skipped Seq from 9443 to 9445
Skipped Seq from 9446 to 9449
Skipped Seq from 9449 to 9451
Skipped Seq from 9455 to 9460
Skipped Seq from 9463 to 9466
Skipped Seq from 9467 to 9469
Skipped Seq from 9474 to 9477
Skipped Seq from 9478 to 9480
Skipped Seq from 9486 to 9488
Skipped Seq from 9491 to 9495
Skipped Seq from 9501 to 9503
Skipped Seq from 9506 to 9510
Skipped Seq from 9517 to 9519
Skipped Seq from 9519 to 9521
Skipped Seq from 9526 to 9528
Skipped Seq from 9539 to 9541
Skipped Seq from 9542 to 9544
Skipped Seq from 9544 to 9546
Skipped Seq from 9549 to 9551
Skipped Seq from 9551 to 9554
Skipped Seq from 9554 to 9558
Skipped Seq from 9563 to 9565
Skipped Seq from 9565 to 9568
Skipped Seq from 9568 to 9571
Skipped Seq from 9571 to 9575
Skipped Seq from 9583 to 9586
Skipped Seq from 9587 to 9593
Skipped Seq from 9593 to 9596
Skipped Seq from 9596 to 9599
Skipped Seq from 9599 to 9602
Skipped Seq from 9602 to 9605
Skipped Seq from 9605 to 9608
Skipped Seq from 9608 to 9610
Skipped Seq from 9610 to 9612
Skipped Seq from 9615 to 9618
Skipped Seq from 9618 to 9620
Skipped Seq from 9622 to 9626
Skipped Seq from 9629 to 9633
Skipped Seq from 9634 to 9637
Skipped Seq from 9639 to 9641
Skipped Seq from 9642 to 9644
Skipped Seq from 9646 to 9649
Skipped Seq from 9649 to 9651
Skipped Seq from 9651 to 9653
Skipped Seq from 9653 to 9656
Skipped Seq from 9661 to 9663
Skipped Seq from 9663 to 9665
Skipped Seq from 9668 to 9670
Skipped Seq from 9670 to 9673
Skipped Seq from 9681 to 9683
Skipped Seq from 9683 to 9685
Skipped Seq from 9685 to 9688
Skipped Seq from 9688 to 9690
Skipped Seq from 9690 to 9692
Skipped Seq from 9694 to 9696
Skipped Seq from 9696 to 9698
Skipped Seq from 9699 to 9704
Skipped Seq from 9705 to 9707
Skipped Seq from 9708 to 9710
Skipped Seq from 9711 to 9713
Skipped Seq from 9715 to 9718
Skipped Seq from 9744 to 9746
Skipped Seq from 9751 to 9753
Skipped Seq from 9757 to 9760
Skipped Seq from 9766 to 9768
Skipped Seq from 9770 to 9772
Skipped Seq from 9778 to 9782
Skipped Seq from 9784 to 9786
Skipped Seq from 9791 to 9796
Skipped Seq from 9797 to 9801
Skipped Seq from 9804 to 9807
Skipped Seq from 9808 to 9810
Skipped Seq from 9812 to 9816
Skipped Seq from 9820 to 9822
Skipped Seq from 9822 to 9828
Skipped Seq from 9830 to 9833
Skipped Seq from 9835 to 9837
Skipped Seq from 9843 to 9846
Skipped Seq from 9853 to 9856
Skipped Seq from 9856 to 9860
Skipped Seq from 9862 to 9864
Skipped Seq from 9868 to 9870
Skipped Seq from 9870 to 9872
Skipped Seq from 9899 to 9901
Skipped Seq from 9902 to 9905
Skipped Seq from 9921 to 9923
Skipped Seq from 9956 to 9958
Skipped Seq from 15799 to 15802
Skipped Seq from 15802 to 15804
Skipped Seq from 15807 to 15810
Skipped Seq from 15811 to 15815
Skipped Seq from 15820 to 15822
Skipped Seq from 15826 to 15829
Skipped Seq from 15845 to 15848
Skipped Seq from 15849 to 15851
Skipped Seq from 15853 to 15857
Skipped Seq from 15857 to 15861
Skipped Seq from 15863 to 15866
Skipped Seq from 15868 to 15870
Skipped Seq from 15870 to 15875
Skipped Seq from 15875 to 15878
Skipped Seq from 15881 to 15884
Skipped Seq from 15891 to 15893
Skipped Seq from 15903 to 15905
Skipped Seq from 15909 to 15911
Skipped Seq from 15912 to 15915
Skipped Seq from 15916 to 15918
Skipped Seq from 15921 to 15923
Skipped Seq from 15923 to 15926
Skipped Seq from 15927 to 15929
Skipped Seq from 15932 to 15937
Skipped Seq from 15953 to 15955
Skipped Seq from 15961 to 15964
Skipped Seq from 15964 to 15968
Skipped Seq from 15984 to 15986
Skipped Seq from 15986 to 15991
Skipped Seq from 15991 to 15994
Skipped Seq from 15996 to 16000
Skipped Seq from 16001 to 16003
Skipped Seq from 16003 to 16007
Skipped Seq from 16011 to 16013
Skipped Seq from 16020 to 16023
Skipped Seq from 16031 to 16033
Skipped Seq from 16035 to 16037
Skipped Seq from 16038 to 16040
Skipped Seq from 16041 to 16043
Skipped Seq from 16046 to 16048
Skipped Seq from 16053 to 16056
Skipped Seq from 16068 to 16070
Skipped Seq from 16070 to 16072
Skipped Seq from 16080 to 16083
Skipped Seq from 16089 to 16092
Skipped Seq from 16092 to 16094
Skipped Seq from 16098 to 16100
Skipped Seq from 16103 to 16106
Skipped Seq from 16108 to 16111
Skipped Seq from 16111 to 16114
Skipped Seq from 16114 to 16118
Skipped Seq from 16130 to 16134
Skipped Seq from 16135 to 16137
Skipped Seq from 16143 to 16147
Skipped Seq from 16149 to 16153
Skipped Seq from 16154 to 16157
Skipped Seq from 16161 to 16163
Skipped Seq from 16166 to 16169
Skipped Seq from 16170 to 16174
Skipped Seq from 16175 to 16178
Skipped Seq from 16185 to 16187
Skipped Seq from 16192 to 16195
Skipped Seq from 16197 to 16199
Skipped Seq from 16204 to 16206
Skipped Seq from 16241 to 16245
Skipped Seq from 16254 to 16256
Skipped Seq from 16257 to 16265
Skipped Seq from 16265 to 16267
Skipped Seq from 16267 to 16269
Skipped Seq from 16271 to 16273
Skipped Seq from 16274 to 16278
Skipped Seq from 16278 to 16280
Skipped Seq from 16281 to 16284
Skipped Seq from 16284 to 16286
Skipped Seq from 16297 to 16299
Skipped Seq from 16301 to 16307
Skipped Seq from 16307 to 16310
Skipped Seq from 16312 to 16318
Skipped Seq from 16322 to 16325
Skipped Seq from 16337 to 16340
Skipped Seq from 16350 to 16352
Skipped Seq from 16352 to 16357
Skipped Seq from 16374 to 16378
Skipped Seq from 16380 to 16383
Skipped Seq from 16389 to 16392
Skipped Seq from 16395 to 16397
Skipped Seq from 16401 to 16406
Skipped Seq from 16417 to 16420
Skipped Seq from 16428 to 16432
Skipped Seq from 16432 to 16438
Skipped Seq from 16439 to 16443
Skipped Seq from 16443 to 16450
Skipped Seq from 16450 to 16452
Skipped Seq from 16452 to 16456
Skipped Seq from 16460 to 16462
Skipped Seq from 16466 to 16468
Skipped Seq from 16468 to 16472
Skipped Seq from 16472 to 16475
Skipped Seq from 16479 to 16482
Skipped Seq from 16482 to 16484
Skipped Seq from 16485 to 16488
Skipped Seq from 16494 to 16496
Skipped Seq from 16498 to 16500
Skipped Seq from 16502 to 16506
Skipped Seq from 16506 to 16508
Skipped Seq from 16509 to 16511
Skipped Seq from 16511 to 16516
Skipped Seq from 16516 to 16519
Skipped Seq from 16519 to 16521
Skipped Seq from 16521 to 16523
Skipped Seq from 16523 to 16526
Skipped Seq from 16526 to 16528
Skipped Seq from 16528 to 16530
Skipped Seq from 16530 to 16534
Skipped Seq from 16534 to 16540
Skipped Seq from 16540 to 16543
Skipped Seq from 16544 to 16546
Skipped Seq from 16548 to 16554
Skipped Seq from 16555 to 16557
Skipped Seq from 16559 to 16562
Skipped Seq from 16562 to 16565
Skipped Seq from 16565 to 16568
Skipped Seq from 16576 to 16579
Skipped Seq from 16579 to 16582
Skipped Seq from 16590 to 16592
Skipped Seq from 16599 to 16604
Skipped Seq from 16605 to 16607
Skipped Seq from 16608 to 16616
Skipped Seq from 16616 to 16619
Skipped Seq from 16627 to 16629
Skipped Seq from 16632 to 16634
Skipped Seq from 16634 to 16636
Skipped Seq from 16638 to 16640
Skipped Seq from 16641 to 16643
Skipped Seq from 16651 to 16653
Skipped Seq from 16653 to 16657
Skipped Seq from 16658 to 16664
Skipped Seq from 16664 to 16666
Skipped Seq from 16666 to 16669
Skipped Seq from 16670 to 16674
Skipped Seq from 16676 to 16678
Skipped Seq from 16680 to 16685
Skipped Seq from 16687 to 16689
Skipped Seq from 16689 to 16691
Skipped Seq from 16692 to 16694
Skipped Seq from 16695 to 16699
Skipped Seq from 16699 to 16701
Skipped Seq from 16701 to 16704
Skipped Seq from 16705 to 16707
Skipped Seq from 16707 to 16711
Skipped Seq from 16712 to 16714
Skipped Seq from 16714 to 16718
Skipped Seq from 16718 to 16721
Skipped Seq from 16723 to 16725
Skipped Seq from 16725 to 16727
Skipped Seq from 16728 to 16730
Skipped Seq from 16735 to 16737
Skipped Seq from 16737 to 16741
Skipped Seq from 16741 to 16745
Skipped Seq from 16745 to 16747
Skipped Seq from 16747 to 16752
Skipped Seq from 16755 to 16758
Skipped Seq from 16758 to 16760
Skipped Seq from 16762 to 16765
Skipped Seq from 16767 to 16769
Skipped Seq from 16771 to 16773
Skipped Seq from 16776 to 16778
Skipped Seq from 16778 to 16781
Skipped Seq from 16781 to 16787
Skipped Seq from 16789 to 16792
Skipped Seq from 16793 to 16797
Skipped Seq from 16797 to 16799
Skipped Seq from 16799 to 16804
Skipped Seq from 16805 to 16807
Skipped Seq from 16809 to 16811
Skipped Seq from 16814 to 16816
Skipped Seq from 16816 to 16819
Skipped Seq from 16822 to 16827
Skipped Seq from 16828 to 16830
Skipped Seq from 16831 to 16833
Skipped Seq from 16834 to 16836
Skipped Seq from 16841 to 16847
Skipped Seq from 16847 to 16861
Skipped Seq from 16866 to 16875
Skipped Seq from 16875 to 16879
Skipped Seq from 16880 to 16882
Skipped Seq from 16882 to 16886
Skipped Seq from 16887 to 16890
Skipped Seq from 16890 to 16893
Skipped Seq from 16895 to 16898
Skipped Seq from 16899 to 16908
Skipped Seq from 16910 to 16913
Skipped Seq from 16915 to 16921
Skipped Seq from 16921 to 16923
Skipped Seq from 16924 to 16927
Skipped Seq from 16929 to 16931
Skipped Seq from 16931 to 16936
Skipped Seq from 16937 to 16941
Skipped Seq from 16943 to 16945
Skipped Seq from 16945 to 16949
Skipped Seq from 16952 to 16954
Skipped Seq from 16954 to 16956
Skipped Seq from 16957 to 16960
Skipped Seq from 16961 to 16963
Skipped Seq from 16963 to 16968
Skipped Seq from 16969 to 16975
Skipped Seq from 16977 to 16979
Skipped Seq from 16980 to 16983
Skipped Seq from 16983 to 16990
Skipped Seq from 16990 to 16992
Skipped Seq from 16992 to 16994
Skipped Seq from 16994 to 16996
Skipped Seq from 16996 to 17001
Skipped Seq from 17002 to 17006
Skipped Seq from 17006 to 17010
Skipped Seq from 17010 to 17012
Skipped Seq from 17012 to 17014
Skipped Seq from 17016 to 17018
Skipped Seq from 17024 to 17029
Skipped Seq from 17030 to 17035
Skipped Seq from 17035 to 17037
Skipped Seq from 17044 to 17046
Skipped Seq from 17052 to 17060
Skipped Seq from 17062 to 17065
Skipped Seq from 17070 to 17075
Skipped Seq from 17077 to 17082
Skipped Seq from 17090 to 17092
Skipped Seq from 17092 to 17095
Skipped Seq from 17095 to 17099
Skipped Seq from 17099 to 17101
Skipped Seq from 17107 to 17110
Skipped Seq from 17111 to 17113
Skipped Seq from 17113 to 17115
Skipped Seq from 17115 to 17117
Skipped Seq from 17117 to 17125
Skipped Seq from 17125 to 17140
Skipped Seq from 17140 to 17143
Skipped Seq from 17143 to 17149
Skipped Seq from 17149 to 17151
Skipped Seq from 17153 to 17157
Skipped Seq from 17158 to 17165
Skipped Seq from 17165 to 17167
Skipped Seq from 17167 to 17172
Skipped Seq from 17172 to 17177
Skipped Seq from 17177 to 17182
Skipped Seq from 17182 to 17188
Skipped Seq from 17191 to 17194
Skipped Seq from 17201 to 17203
Skipped Seq from 17203 to 17206
Skipped Seq from 17206 to 17213
Skipped Seq from 17213 to 17216
Skipped Seq from 17216 to 17221
Skipped Seq from 17221 to 17224
Skipped Seq from 17225 to 17228
Skipped Seq from 17228 to 17230
Skipped Seq from 17230 to 17232
Skipped Seq from 17235 to 17239
Skipped Seq from 17239 to 17245
Skipped Seq from 17245 to 17254
Skipped Seq from 17254 to 17256
Skipped Seq from 17260 to 17266
Skipped Seq from 17268 to 17270
Skipped Seq from 17271 to 17273
Skipped Seq from 17275 to 17278
Skipped Seq from 17281 to 17283
Skipped Seq from 17285 to 17288
Skipped Seq from 17294 to 17297
Skipped Seq from 17297 to 17299
Skipped Seq from 17300 to 17304
Skipped Seq from 17305 to 17309
Skipped Seq from 17310 to 17312
Skipped Seq from 17314 to 17316
Skipped Seq from 17320 to 17323
Skipped Seq from 17325 to 17327
Skipped Seq from 17328 to 17331
Skipped Seq from 17331 to 17333
Skipped Seq from 17333 to 17343
Skipped Seq from 17343 to 17345
Skipped Seq from 17346 to 17355
Skipped Seq from 17355 to 17360
Skipped Seq from 17361 to 17364
Skipped Seq from 17364 to 17366
Skipped Seq from 17366 to 17368
Skipped Seq from 17368 to 17370
Skipped Seq from 17370 to 17372
Skipped Seq from 17373 to 17377
Skipped Seq from 17380 to 17382
Skipped Seq from 17382 to 17387
Skipped Seq from 17387 to 17396
Skipped Seq from 17399 to 17413
Skipped Seq from 17413 to 17423
Skipped Seq from 17423 to 17442
Skipped Seq from 17442 to 17479
Skipped Seq from 17479 to 17487
Skipped Seq from 17487 to 17493
Skipped Seq from 17493 to 17497
Skipped Seq from 17497 to 17501
Skipped Seq from 17501 to 17520
Skipped Seq from 17520 to 17524
Skipped Seq from 17525 to 17533
Skipped Seq from 17533 to 17541
Skipped Seq from 17541 to 17544
Skipped Seq from 17544 to 17548
Skipped Seq from 17557 to 17563
Skipped Seq from 17563 to 17565
Skipped Seq from 17565 to 17567
Skipped Seq from 17567 to 17572
Skipped Seq from 17573 to 17575
Skipped Seq from 17577 to 17581
Skipped Seq from 17581 to 17590
Skipped Seq from 17590 to 17596
Skipped Seq from 17596 to 17599
Skipped Seq from 17599 to 17611
Skipped Seq from 17615 to 17617
Skipped Seq from 17617 to 17632
Skipped Seq from 17635 to 17639
Skipped Seq from 17640 to 17643
Skipped Seq from 17644 to 17647
Skipped Seq from 17647 to 17649
Skipped Seq from 17649 to 17652
Skipped Seq from 17652 to 17656
Skipped Seq from 17658 to 17662
Skipped Seq from 17663 to 17670
Skipped Seq from 17670 to 17677
Skipped Seq from 17677 to 17682
Skipped Seq from 17685 to 17689
Skipped Seq from 17690 to 17697
Skipped Seq from 17697 to 17703
Skipped Seq from 17704 to 17713
Skipped Seq from 17716 to 17737
Skipped Seq from 17737 to 17739
Skipped Seq from 17741 to 17744
Skipped Seq from 17744 to 17746
Skipped Seq from 17747 to 17749
Skipped Seq from 17750 to 17752
Skipped Seq from 17752 to 17755
Skipped Seq from 17755 to 17758
Skipped Seq from 17758 to 17761
Skipped Seq from 17761 to 17764
Skipped Seq from 17764 to 17767
Skipped Seq from 17767 to 17769
Skipped Seq from 17770 to 17772
Skipped Seq from 17777 to 17784
Skipped Seq from 17789 to 17791
Skipped Seq from 17791 to 17796
Skipped Seq from 17796 to 17799
Skipped Seq from 17799 to 17806
Skipped Seq from 17806 to 17808
Skipped Seq from 17808 to 17812
Skipped Seq from 17815 to 17817
Skipped Seq from 17825 to 17827
Skipped Seq from 17827 to 17832
Skipped Seq from 17834 to 17836
Skipped Seq from 17836 to 17839
Skipped Seq from 17840 to 17842
Skipped Seq from 17843 to 17846
Skipped Seq from 17846 to 17848
Skipped Seq from 17849 to 17853
Skipped Seq from 17859 to 17862
Skipped Seq from 17862 to 17869
Skipped Seq from 17869 to 17871
Skipped Seq from 17871 to 17874
Skipped Seq from 17874 to 17882
Skipped Seq from 17882 to 17888
Skipped Seq from 17891 to 17894
Skipped Seq from 17895 to 17897
Skipped Seq from 17908 to 17910
Skipped Seq from 17910 to 17912
Skipped Seq from 17912 to 17914
Skipped Seq from 17915 to 17920
Skipped Seq from 17925 to 17929
Skipped Seq from 17931 to 17937
Skipped Seq from 17938 to 17941
Skipped Seq from 17941 to 17944
Skipped Seq from 17958 to 17967
Skipped Seq from 17968 to 17981
Skipped Seq from 17982 to 17984
Skipped Seq from 17988 to 17992
Skipped Seq from 18001 to 18004
Skipped Seq from 18004 to 18009
Skipped Seq from 18009 to 18021
Skipped Seq from 18021 to 18035
Skipped Seq from 18035 to 18038
Skipped Seq from 18045 to 18048
Skipped Seq from 18049 to 18053
Skipped Seq from 18053 to 18055
Skipped Seq from 18057 to 18059
Skipped Seq from 18062 to 18064
Skipped Seq from 18066 to 18068
Skipped Seq from 18071 to 18073
Skipped Seq from 18077 to 18080
Skipped Seq from 18083 to 18085
Skipped Seq from 18085 to 18087
Skipped Seq from 18087 to 18089
Skipped Seq from 18090 to 18094
Skipped Seq from 18096 to 18099
Skipped Seq from 18101 to 18104
Skipped Seq from 18105 to 18108
Skipped Seq from 18108 to 18112
Skipped Seq from 18114 to 18118
Skipped Seq from 18119 to 18130
Skipped Seq from 18130 to 18132
Skipped Seq from 18132 to 18137
Skipped Seq from 18137 to 18139
Skipped Seq from 18139 to 18141
Skipped Seq from 18141 to 18148
Skipped Seq from 18149 to 18152
Skipped Seq from 18152 to 18154
Skipped Seq from 18155 to 18157
Skipped Seq from 18164 to 18166
Skipped Seq from 18169 to 18172
Skipped Seq from 18175 to 18177
Skipped Seq from 18177 to 18179
Skipped Seq from 18180 to 18184
Skipped Seq from 18184 to 18188
Skipped Seq from 18188 to 18195
Skipped Seq from 18196 to 18198
Skipped Seq from 18201 to 18203
Skipped Seq from 18203 to 18206
Skipped Seq from 18209 to 18211
Skipped Seq from 18213 to 18215
Skipped Seq from 18215 to 18218
Skipped Seq from 18220 to 18222
Skipped Seq from 18224 to 18228
Skipped Seq from 18231 to 18233
Skipped Seq from 18233 to 18235
Skipped Seq from 18240 to 18242
Skipped Seq from 18242 to 18244
Skipped Seq from 18245 to 18248
Skipped Seq from 18249 to 18251
Skipped Seq from 18251 to 18257
Skipped Seq from 18258 to 18260
Skipped Seq from 18265 to 18270
Skipped Seq from 18272 to 18275
Skipped Seq from 18276 to 18278
Skipped Seq from 18281 to 18283
Skipped Seq from 18287 to 18290
Skipped Seq from 18291 to 18294
Skipped Seq from 18294 to 18299
Skipped Seq from 18301 to 18310
Skipped Seq from 18310 to 18315
Skipped Seq from 18317 to 18319
Skipped Seq from 18320 to 18324
Skipped Seq from 18325 to 18327
Skipped Seq from 18328 to 18331
Skipped Seq from 18331 to 18334
Skipped Seq from 18334 to 18336
Skipped Seq from 18338 to 18340
Skipped Seq from 18342 to 18346
Skipped Seq from 18347 to 18349
Skipped Seq from 18352 to 18355
Skipped Seq from 18360 to 18371
Skipped Seq from 18372 to 18378
Skipped Seq from 18378 to 18382
Skipped Seq from 18385 to 18388
Skipped Seq from 18391 to 18397
Skipped Seq from 18399 to 18401
Skipped Seq from 18401 to 18404
Skipped Seq from 18410 to 18412
Skipped Seq from 18414 to 18421
Skipped Seq from 18435 to 18438
Skipped Seq from 18442 to 18444
Skipped Seq from 18458 to 18461
Skipped Seq from 18471 to 18473
Skipped Seq from 18508 to 18510
Skipped Seq from 18607 to 18609
Skipped Seq from 18666 to 18668
Number of times throttled: 7
Received: 16427 / 18676 packets
Start time: 1315406387.030716
End time: 1315406409.313847
Duration: 22.283131
