Starting client at 10.0.0.17:1264 with timeout:10
My IP address is 10.0.0.17Skipped Seq from 736 to 744
Skipped Seq from 744 to 748
Skipped Seq from 752 to 754
Skipped Seq from 754 to 756
Skipped Seq from 760 to 764
Skipped Seq from 765 to 767
Skipped Seq from 769 to 771
Skipped Seq from 771 to 778
Skipped Seq from 780 to 786
Skipped Seq from 787 to 790
Skipped Seq from 790 to 792
Skipped Seq from 796 to 799
Skipped Seq from 803 to 806
Skipped Seq from 810 to 814
Skipped Seq from 814 to 816
Skipped Seq from 816 to 818
Skipped Seq from 819 to 822
Skipped Seq from 822 to 824
Skipped Seq from 824 to 829
Skipped Seq from 830 to 833
Skipped Seq from 838 to 842
Skipped Seq from 842 to 847
Skipped Seq from 848 to 851
Skipped Seq from 856 to 859
Skipped Seq from 859 to 861
Skipped Seq from 862 to 873
Skipped Seq from 876 to 878
Skipped Seq from 878 to 881
Skipped Seq from 881 to 885
Skipped Seq from 885 to 887
Skipped Seq from 887 to 889
Skipped Seq from 890 to 892
Skipped Seq from 893 to 897
Skipped Seq from 901 to 903
Skipped Seq from 904 to 906
Skipped Seq from 908 to 912
Skipped Seq from 912 to 916
Skipped Seq from 916 to 918
Skipped Seq from 918 to 921
Skipped Seq from 931 to 934
Skipped Seq from 936 to 940
Skipped Seq from 941 to 945
Skipped Seq from 947 to 949
Skipped Seq from 949 to 952
Skipped Seq from 958 to 962
Skipped Seq from 962 to 965
Skipped Seq from 969 to 971
Skipped Seq from 971 to 974
Skipped Seq from 980 to 984
Skipped Seq from 984 to 986
Skipped Seq from 986 to 990
Skipped Seq from 991 to 994
Skipped Seq from 997 to 999
Skipped Seq from 1001 to 1003
Skipped Seq from 1005 to 1010
Skipped Seq from 1017 to 1019
Skipped Seq from 1021 to 1023
Skipped Seq from 1023 to 1026
Skipped Seq from 1027 to 1030
Skipped Seq from 1033 to 1037
Skipped Seq from 1041 to 1043
Skipped Seq from 1049 to 1051
Skipped Seq from 1053 to 1055
Skipped Seq from 1055 to 1063
Skipped Seq from 1063 to 1065
Skipped Seq from 1065 to 1071
Skipped Seq from 1072 to 1074
Skipped Seq from 1080 to 1082
Skipped Seq from 1082 to 1086
Skipped Seq from 1086 to 1090
Skipped Seq from 1092 to 1096
Skipped Seq from 1096 to 1098
Skipped Seq from 1099 to 1101
Skipped Seq from 1104 to 1108
Skipped Seq from 1111 to 1114
Skipped Seq from 1115 to 1119
Skipped Seq from 1121 to 1123
Skipped Seq from 1123 to 1125
Skipped Seq from 1125 to 1130
Skipped Seq from 1133 to 1136
Skipped Seq from 1139 to 1141
Skipped Seq from 1141 to 1143
Skipped Seq from 1148 to 1150
Skipped Seq from 1155 to 1158
Skipped Seq from 1158 to 1162
Skipped Seq from 1166 to 1168
Skipped Seq from 1170 to 1172
Skipped Seq from 1174 to 1180
Skipped Seq from 1181 to 1186
Skipped Seq from 1188 to 1190
Skipped Seq from 1191 to 1194
Skipped Seq from 1196 to 1198
Skipped Seq from 1198 to 1201
Skipped Seq from 1204 to 1206
Skipped Seq from 1207 to 1212
Skipped Seq from 1212 to 1222
Skipped Seq from 1240 to 1244
Skipped Seq from 1244 to 1247
Skipped Seq from 1247 to 1249
Skipped Seq from 1255 to 1257
Skipped Seq from 1259 to 1261
Skipped Seq from 1261 to 1263
Skipped Seq from 1263 to 1265
Skipped Seq from 1265 to 1270
Skipped Seq from 1272 to 1276
Skipped Seq from 1276 to 1278
Skipped Seq from 1278 to 1281
Skipped Seq from 1281 to 1284
Skipped Seq from 1284 to 1286
Skipped Seq from 1286 to 1290
Skipped Seq from 1290 to 1294
Skipped Seq from 1294 to 1297
Skipped Seq from 1297 to 1300
Skipped Seq from 1300 to 1303
Skipped Seq from 1304 to 1306
Skipped Seq from 1309 to 1312
Skipped Seq from 1312 to 1315
Skipped Seq from 1315 to 1320
Skipped Seq from 1320 to 1322
Skipped Seq from 1326 to 1330
Skipped Seq from 1330 to 1332
Skipped Seq from 1332 to 1335
Skipped Seq from 1335 to 1337
Skipped Seq from 1347 to 1349
Skipped Seq from 1352 to 1357
Skipped Seq from 1358 to 1361
Skipped Seq from 1361 to 1363
Skipped Seq from 1363 to 1368
Skipped Seq from 1368 to 1371
Skipped Seq from 1371 to 1376
Skipped Seq from 1376 to 1378
Skipped Seq from 1378 to 1380
Skipped Seq from 1380 to 1382
Skipped Seq from 1385 to 1387
Skipped Seq from 1392 to 1395
Skipped Seq from 1396 to 1401
Skipped Seq from 1402 to 1404
Skipped Seq from 1407 to 1413
Skipped Seq from 1413 to 1416
Skipped Seq from 1420 to 1425
Skipped Seq from 1430 to 1432
Skipped Seq from 1436 to 1438
Skipped Seq from 1438 to 1441
Skipped Seq from 1442 to 1445
Skipped Seq from 1447 to 1451
Skipped Seq from 1451 to 1454
Skipped Seq from 1457 to 1460
Skipped Seq from 1461 to 1465
Skipped Seq from 1467 to 1470
Skipped Seq from 1471 to 1473
Skipped Seq from 1473 to 1476
Skipped Seq from 1484 to 1488
Skipped Seq from 1489 to 1492
Skipped Seq from 1494 to 1496
Skipped Seq from 1502 to 1506
Skipped Seq from 1507 to 1510
Skipped Seq from 1513 to 1518
Skipped Seq from 1518 to 1525
Skipped Seq from 1525 to 1528
Skipped Seq from 1528 to 1530
Skipped Seq from 1530 to 1532
Skipped Seq from 1533 to 1537
Skipped Seq from 1537 to 1539
Skipped Seq from 1541 to 1543
Skipped Seq from 1550 to 1552
Skipped Seq from 1561 to 1563
Skipped Seq from 1578 to 1585
Skipped Seq from 1589 to 1591
Skipped Seq from 1604 to 1607
Skipped Seq from 1612 to 1614
Skipped Seq from 1616 to 1620
Skipped Seq from 1620 to 1622
Skipped Seq from 1628 to 1631
Skipped Seq from 1632 to 1634
Skipped Seq from 1634 to 1636
Skipped Seq from 1637 to 1639
Skipped Seq from 1639 to 1643
Skipped Seq from 1644 to 1647
Skipped Seq from 1650 to 1654
Skipped Seq from 1660 to 1665
Skipped Seq from 1668 to 1673
Skipped Seq from 1674 to 1676
Skipped Seq from 1686 to 1688
Skipped Seq from 1693 to 1696
Skipped Seq from 1699 to 1702
Skipped Seq from 1702 to 1704
Skipped Seq from 1704 to 1707
Skipped Seq from 1707 to 1711
Skipped Seq from 1718 to 1723
Skipped Seq from 1726 to 1732
Skipped Seq from 1733 to 1735
Skipped Seq from 1735 to 1739
Skipped Seq from 1743 to 1745
Skipped Seq from 1754 to 1756
Skipped Seq from 1762 to 1764
Skipped Seq from 1766 to 1768
Skipped Seq from 1768 to 1770
Skipped Seq from 1770 to 1774
Skipped Seq from 1774 to 1781
Skipped Seq from 1781 to 1783
Skipped Seq from 1783 to 1785
Skipped Seq from 1790 to 1797
Skipped Seq from 1797 to 1799
Skipped Seq from 1799 to 1801
Skipped Seq from 1802 to 1805
Skipped Seq from 1805 to 1821
Skipped Seq from 1822 to 1824
Skipped Seq from 1824 to 1826
Skipped Seq from 1827 to 1829
Skipped Seq from 1830 to 1832
Skipped Seq from 1833 to 1836
Skipped Seq from 1836 to 1838
Skipped Seq from 1838 to 1841
Skipped Seq from 1846 to 1848
Skipped Seq from 1853 to 1855
Skipped Seq from 1855 to 1857
Skipped Seq from 1858 to 1860
Skipped Seq from 1868 to 1870
Skipped Seq from 1871 to 1874
Skipped Seq from 1874 to 1880
Skipped Seq from 1880 to 1882
Skipped Seq from 1882 to 1884
Skipped Seq from 1886 to 1888
Skipped Seq from 1890 to 1892
Skipped Seq from 1892 to 1894
Skipped Seq from 1900 to 1908
Skipped Seq from 1918 to 1920
Skipped Seq from 1920 to 1923
Skipped Seq from 1959 to 1962
Skipped Seq from 1963 to 1967
Skipped Seq from 1967 to 1969
Skipped Seq from 1975 to 1978
Skipped Seq from 1978 to 1981
Skipped Seq from 1981 to 1984
Skipped Seq from 1984 to 1995
Skipped Seq from 1995 to 1998
Skipped Seq from 1998 to 2003
Skipped Seq from 2003 to 2008
Skipped Seq from 2014 to 2016
Skipped Seq from 2016 to 2022
Skipped Seq from 2022 to 2024
Skipped Seq from 2024 to 2026
Skipped Seq from 2026 to 2028
Skipped Seq from 2028 to 2032
Skipped Seq from 2032 to 2036
Skipped Seq from 2042 to 2045
Skipped Seq from 2045 to 2049
Skipped Seq from 2049 to 2051
Skipped Seq from 2052 to 2059
Skipped Seq from 2059 to 2061
Skipped Seq from 2061 to 2063
Skipped Seq from 2063 to 2069
Skipped Seq from 2074 to 2076
Skipped Seq from 2079 to 2081
Skipped Seq from 2081 to 2083
Skipped Seq from 2096 to 2098
Skipped Seq from 2098 to 2101
Skipped Seq from 2106 to 2108
Skipped Seq from 2114 to 2119
Skipped Seq from 2120 to 2123
Skipped Seq from 2125 to 2127
Skipped Seq from 2127 to 2129
Skipped Seq from 2129 to 2132
Skipped Seq from 2132 to 2134
Skipped Seq from 2134 to 2136
Skipped Seq from 2136 to 2138
Skipped Seq from 2140 to 2149
Skipped Seq from 2150 to 2154
Skipped Seq from 2154 to 2157
Skipped Seq from 2159 to 2164
Skipped Seq from 2164 to 2167
Skipped Seq from 2167 to 2170
Skipped Seq from 2170 to 2172
Skipped Seq from 2176 to 2178
Skipped Seq from 2179 to 2181
Skipped Seq from 2182 to 2196
Skipped Seq from 2196 to 2199
Skipped Seq from 2199 to 2202
Skipped Seq from 2202 to 2207
Skipped Seq from 2208 to 2211
Skipped Seq from 2211 to 2214
Skipped Seq from 2214 to 2219
Skipped Seq from 2219 to 2221
Skipped Seq from 2223 to 2225
Skipped Seq from 2225 to 2227
Skipped Seq from 2232 to 2234
Skipped Seq from 2234 to 2242
Skipped Seq from 2244 to 2246
Skipped Seq from 2246 to 2249
Skipped Seq from 2250 to 2253
Skipped Seq from 2253 to 2256
Skipped Seq from 2259 to 2262
Skipped Seq from 2262 to 2265
Skipped Seq from 2269 to 2271
Skipped Seq from 2274 to 2281
Skipped Seq from 2288 to 2295
Skipped Seq from 2296 to 2298
Skipped Seq from 2305 to 2308
Skipped Seq from 2311 to 2313
Skipped Seq from 2318 to 2325
Skipped Seq from 2326 to 2328
Skipped Seq from 2328 to 2332
Skipped Seq from 2332 to 2334
Skipped Seq from 2334 to 2336
Skipped Seq from 2337 to 2342
Skipped Seq from 2345 to 2348
Skipped Seq from 2349 to 2351
Skipped Seq from 2351 to 2355
Skipped Seq from 2357 to 2359
Skipped Seq from 2451 to 2455
Skipped Seq from 2455 to 2457
Skipped Seq from 2457 to 2464
Skipped Seq from 2464 to 2467
Skipped Seq from 2469 to 2475
Skipped Seq from 2477 to 2481
Skipped Seq from 2481 to 2488
Skipped Seq from 2488 to 2493
Skipped Seq from 2494 to 2507
Skipped Seq from 2507 to 2513
Skipped Seq from 2526 to 2529
Skipped Seq from 2529 to 2536
Skipped Seq from 2542 to 2546
Skipped Seq from 2546 to 2553
Skipped Seq from 2553 to 2557
Skipped Seq from 2564 to 2566
Skipped Seq from 2566 to 2568
Skipped Seq from 2573 to 2575
Skipped Seq from 2599 to 2602
Skipped Seq from 2604 to 2606
Skipped Seq from 2615 to 2617
Skipped Seq from 2689 to 2693
Skipped Seq from 2696 to 2698
Skipped Seq from 2738 to 2740
Skipped Seq from 2747 to 2749
Skipped Seq from 2758 to 2760
Skipped Seq from 2763 to 2765
Skipped Seq from 2781 to 2784
Skipped Seq from 2790 to 2792
Number of times throttled: 3
Received: 4192 / 4981 packets
Start time: 1315406096.433548
End time: 1315406102.287419
Duration: 5.853871
