Starting client at 10.0.0.14:1246 with timeout:10
My IP address is 10.0.0.14Skipped Seq from 982 to 985
Skipped Seq from 986 to 991
Skipped Seq from 999 to 1001
Skipped Seq from 1001 to 1005
Skipped Seq from 1005 to 1007
Skipped Seq from 1010 to 1013
Skipped Seq from 1014 to 1016
Skipped Seq from 1016 to 1020
Skipped Seq from 1020 to 1023
Skipped Seq from 1023 to 1025
Skipped Seq from 1025 to 1030
Skipped Seq from 1033 to 1036
Skipped Seq from 1036 to 1038
Skipped Seq from 1041 to 1045
Skipped Seq from 1045 to 1049
Skipped Seq from 1049 to 1051
Skipped Seq from 1058 to 1062
Skipped Seq from 1071 to 1074
Skipped Seq from 1075 to 1077
Skipped Seq from 1078 to 1080
Skipped Seq from 1088 to 1090
Skipped Seq from 1092 to 1101
Skipped Seq from 1101 to 1108
Skipped Seq from 1108 to 1114
Skipped Seq from 1114 to 1120
Skipped Seq from 1120 to 1123
Skipped Seq from 1125 to 1127
Skipped Seq from 1127 to 1129
Skipped Seq from 1136 to 1142
Skipped Seq from 1148 to 1151
Skipped Seq from 1154 to 1158
Skipped Seq from 1158 to 1163
Skipped Seq from 1163 to 1167
Skipped Seq from 1167 to 1170
Skipped Seq from 1175 to 1178
Skipped Seq from 1196 to 1200
Skipped Seq from 1200 to 1204
Skipped Seq from 1204 to 1212
Skipped Seq from 1212 to 1216
Skipped Seq from 1216 to 1218
Skipped Seq from 1218 to 1221
Skipped Seq from 1223 to 1226
Skipped Seq from 1226 to 1228
Skipped Seq from 1229 to 1233
Skipped Seq from 1233 to 1235
Skipped Seq from 1250 to 1253
Skipped Seq from 1253 to 1257
Skipped Seq from 1257 to 1259
Skipped Seq from 1259 to 1268
Skipped Seq from 1274 to 1276
Skipped Seq from 1276 to 1278
Skipped Seq from 1278 to 1281
Skipped Seq from 1283 to 1285
Skipped Seq from 1290 to 1292
Skipped Seq from 1296 to 1300
Skipped Seq from 1303 to 1305
Skipped Seq from 1305 to 1307
Skipped Seq from 1307 to 1309
Skipped Seq from 1313 to 1320
Skipped Seq from 1321 to 1324
Skipped Seq from 1328 to 1331
Skipped Seq from 1335 to 1337
Skipped Seq from 1339 to 1345
Skipped Seq from 1345 to 1350
Skipped Seq from 1357 to 1368
Skipped Seq from 1370 to 1372
Skipped Seq from 1372 to 1374
Skipped Seq from 1378 to 1381
Skipped Seq from 1383 to 1387
Skipped Seq from 1387 to 1395
Skipped Seq from 1395 to 1400
Skipped Seq from 1401 to 1403
Skipped Seq from 1403 to 1406
Skipped Seq from 1410 to 1412
Skipped Seq from 1413 to 1415
Skipped Seq from 1415 to 1417
Skipped Seq from 1417 to 1420
Skipped Seq from 1423 to 1425
Skipped Seq from 1425 to 1427
Skipped Seq from 1427 to 1429
Skipped Seq from 1430 to 1432
Skipped Seq from 1433 to 1435
Skipped Seq from 1435 to 1441
Skipped Seq from 1443 to 1446
Skipped Seq from 1452 to 1454
Skipped Seq from 1454 to 1456
Skipped Seq from 1456 to 1459
Skipped Seq from 1460 to 1467
Skipped Seq from 1468 to 1477
Skipped Seq from 1477 to 1481
Skipped Seq from 1481 to 1483
Skipped Seq from 1483 to 1486
Skipped Seq from 1489 to 1491
Skipped Seq from 1498 to 1501
Skipped Seq from 1503 to 1505
Skipped Seq from 1505 to 1511
Skipped Seq from 1511 to 1513
Skipped Seq from 1514 to 1516
Skipped Seq from 1516 to 1519
Skipped Seq from 1519 to 1527
Skipped Seq from 1532 to 1534
Skipped Seq from 1537 to 1541
Skipped Seq from 1541 to 1543
Skipped Seq from 1543 to 1545
Skipped Seq from 1547 to 1550
Skipped Seq from 1550 to 1553
Skipped Seq from 1556 to 1558
Skipped Seq from 1559 to 1561
Skipped Seq from 1565 to 1567
Skipped Seq from 1568 to 1570
Skipped Seq from 1571 to 1574
Skipped Seq from 1575 to 1578
Skipped Seq from 1578 to 1580
Skipped Seq from 1580 to 1582
Skipped Seq from 1583 to 1594
Skipped Seq from 1594 to 1596
Skipped Seq from 1599 to 1601
Skipped Seq from 1601 to 1603
Skipped Seq from 1603 to 1606
Skipped Seq from 1612 to 1614
Skipped Seq from 1615 to 1618
Skipped Seq from 1618 to 1623
Skipped Seq from 1624 to 1626
Skipped Seq from 1628 to 1630
Skipped Seq from 1634 to 1637
Skipped Seq from 1637 to 1639
Skipped Seq from 1639 to 1641
Skipped Seq from 1643 to 1648
Skipped Seq from 1648 to 1650
Skipped Seq from 1650 to 1652
Skipped Seq from 1655 to 1657
Skipped Seq from 1660 to 1662
Skipped Seq from 1664 to 1668
Skipped Seq from 1668 to 1671
Skipped Seq from 1673 to 1675
Skipped Seq from 1675 to 1677
Skipped Seq from 1677 to 1679
Skipped Seq from 1679 to 1687
Skipped Seq from 1687 to 1689
Skipped Seq from 1689 to 1695
Skipped Seq from 1695 to 1702
Skipped Seq from 1702 to 1705
Skipped Seq from 1709 to 1711
Skipped Seq from 1712 to 1715
Skipped Seq from 1719 to 1722
Skipped Seq from 1722 to 1724
Skipped Seq from 1724 to 1726
Skipped Seq from 1726 to 1728
Skipped Seq from 1733 to 1735
Skipped Seq from 1737 to 1739
Skipped Seq from 1740 to 1743
Skipped Seq from 1743 to 1745
Skipped Seq from 1745 to 1748
Skipped Seq from 1749 to 1754
Skipped Seq from 1754 to 1756
Skipped Seq from 1762 to 1764
Skipped Seq from 1766 to 1768
Skipped Seq from 1772 to 1775
Skipped Seq from 1780 to 1782
Skipped Seq from 1782 to 1785
Skipped Seq from 1786 to 1788
Skipped Seq from 1788 to 1790
Skipped Seq from 1790 to 1793
Skipped Seq from 1793 to 1795
Skipped Seq from 1795 to 1799
Skipped Seq from 1799 to 1801
Skipped Seq from 1801 to 1803
Skipped Seq from 1804 to 1806
Skipped Seq from 1806 to 1808
Skipped Seq from 1808 to 1810
Skipped Seq from 1812 to 1814
Skipped Seq from 1815 to 1817
Skipped Seq from 1823 to 1833
Skipped Seq from 1833 to 1837
Skipped Seq from 1837 to 1840
Skipped Seq from 1841 to 1843
Skipped Seq from 1843 to 1845
Skipped Seq from 1846 to 1848
Skipped Seq from 1849 to 1851
Skipped Seq from 1851 to 1854
Skipped Seq from 1857 to 1859
Skipped Seq from 1859 to 1862
Skipped Seq from 1864 to 1866
Skipped Seq from 1866 to 1870
Skipped Seq from 1871 to 1876
Skipped Seq from 1876 to 1878
Skipped Seq from 1878 to 1881
Skipped Seq from 1881 to 1886
Skipped Seq from 1886 to 1890
Skipped Seq from 1893 to 1895
Skipped Seq from 1895 to 1898
Skipped Seq from 1898 to 1900
Skipped Seq from 1902 to 1904
Skipped Seq from 1905 to 1913
Skipped Seq from 1913 to 1915
Skipped Seq from 1916 to 1920
Skipped Seq from 1920 to 1924
Skipped Seq from 1926 to 1929
Skipped Seq from 1930 to 1938
Skipped Seq from 1938 to 1944
Skipped Seq from 1946 to 1948
Skipped Seq from 1949 to 1956
Skipped Seq from 1956 to 1958
Skipped Seq from 1966 to 1968
Skipped Seq from 1969 to 1971
Skipped Seq from 1974 to 1981
Skipped Seq from 1981 to 1983
Skipped Seq from 1983 to 1985
Skipped Seq from 1989 to 1994
Skipped Seq from 1994 to 1996
Skipped Seq from 1997 to 1999
Skipped Seq from 1999 to 2005
Skipped Seq from 2007 to 2009
Skipped Seq from 2010 to 2012
Skipped Seq from 2013 to 2015
Skipped Seq from 2018 to 2024
Skipped Seq from 2024 to 2031
Skipped Seq from 2031 to 2033
Skipped Seq from 2040 to 2042
Skipped Seq from 2042 to 2044
Skipped Seq from 2044 to 2047
Skipped Seq from 2047 to 2049
Skipped Seq from 2052 to 2054
Skipped Seq from 2054 to 2057
Skipped Seq from 2057 to 2061
Skipped Seq from 2065 to 2070
Skipped Seq from 2070 to 2073
Skipped Seq from 2073 to 2076
Skipped Seq from 2084 to 2087
Skipped Seq from 2089 to 2091
Skipped Seq from 2092 to 2094
Skipped Seq from 2099 to 2104
Skipped Seq from 2106 to 2108
Skipped Seq from 2108 to 2112
Skipped Seq from 2113 to 2115
Skipped Seq from 2115 to 2119
Skipped Seq from 2121 to 2124
Skipped Seq from 2125 to 2128
Skipped Seq from 2128 to 2131
Skipped Seq from 2135 to 2138
Skipped Seq from 2138 to 2140
Skipped Seq from 2142 to 2144
Skipped Seq from 2146 to 2150
Skipped Seq from 2151 to 2154
Skipped Seq from 2155 to 2158
Skipped Seq from 2160 to 2162
Skipped Seq from 2162 to 2164
Skipped Seq from 2165 to 2173
Skipped Seq from 2173 to 2177
Skipped Seq from 2178 to 2182
Skipped Seq from 2185 to 2187
Skipped Seq from 2187 to 2190
Skipped Seq from 2190 to 2192
Skipped Seq from 2193 to 2195
Skipped Seq from 2195 to 2197
Skipped Seq from 2200 to 2207
Skipped Seq from 2207 to 2210
Skipped Seq from 2212 to 2214
Skipped Seq from 2216 to 2218
Skipped Seq from 2218 to 2220
Skipped Seq from 2220 to 2223
Skipped Seq from 2224 to 2226
Skipped Seq from 2229 to 2231
Skipped Seq from 2232 to 2235
Skipped Seq from 2235 to 2238
Skipped Seq from 2240 to 2242
Skipped Seq from 2242 to 2245
Skipped Seq from 2249 to 2252
Skipped Seq from 2252 to 2254
Skipped Seq from 2254 to 2256
Skipped Seq from 2256 to 2259
Skipped Seq from 2263 to 2267
Skipped Seq from 2267 to 2270
Skipped Seq from 2270 to 2272
Skipped Seq from 2273 to 2275
Skipped Seq from 2276 to 2278
Skipped Seq from 2278 to 2280
Skipped Seq from 2282 to 2284
Skipped Seq from 2285 to 2287
Skipped Seq from 2290 to 2299
Skipped Seq from 2299 to 2303
Skipped Seq from 2303 to 2305
Skipped Seq from 2306 to 2308
Skipped Seq from 2315 to 2317
Skipped Seq from 2319 to 2321
Skipped Seq from 2323 to 2325
Skipped Seq from 2327 to 2329
Skipped Seq from 2329 to 2331
Skipped Seq from 2334 to 2336
Skipped Seq from 2336 to 2338
Skipped Seq from 2340 to 2350
Skipped Seq from 2351 to 2353
Skipped Seq from 2353 to 2355
Skipped Seq from 2356 to 2358
Skipped Seq from 2360 to 2363
Skipped Seq from 2364 to 2367
Skipped Seq from 2367 to 2369
Skipped Seq from 2369 to 2371
Skipped Seq from 2377 to 2379
Skipped Seq from 2382 to 2384
Skipped Seq from 2384 to 2387
Skipped Seq from 2390 to 2394
Skipped Seq from 2394 to 2399
Skipped Seq from 2399 to 2406
Skipped Seq from 2406 to 2409
Skipped Seq from 2409 to 2412
Skipped Seq from 2412 to 2414
Skipped Seq from 2415 to 2418
Skipped Seq from 2428 to 2432
Skipped Seq from 2432 to 2434
Skipped Seq from 2434 to 2439
Skipped Seq from 2444 to 2449
Skipped Seq from 2450 to 2452
Skipped Seq from 2453 to 2455
Skipped Seq from 2455 to 2457
Skipped Seq from 2457 to 2461
Skipped Seq from 2462 to 2466
Skipped Seq from 2466 to 2468
Skipped Seq from 2468 to 2474
Skipped Seq from 2474 to 2478
Skipped Seq from 2478 to 2481
Skipped Seq from 2481 to 2483
Skipped Seq from 2486 to 2488
Skipped Seq from 2489 to 2491
Skipped Seq from 2492 to 2494
Skipped Seq from 2494 to 2498
Skipped Seq from 2498 to 2500
Skipped Seq from 2504 to 2506
Skipped Seq from 2506 to 2509
Skipped Seq from 2509 to 2512
Skipped Seq from 2514 to 2516
Skipped Seq from 2516 to 2518
Skipped Seq from 2520 to 2522
Skipped Seq from 2522 to 2524
Skipped Seq from 2525 to 2527
Skipped Seq from 2528 to 2530
Skipped Seq from 2532 to 2536
Skipped Seq from 2536 to 2541
Skipped Seq from 2541 to 2543
Skipped Seq from 2543 to 2545
Skipped Seq from 2546 to 2549
Skipped Seq from 2549 to 2551
Skipped Seq from 2556 to 2558
Skipped Seq from 2560 to 2562
Skipped Seq from 2563 to 2565
Skipped Seq from 2567 to 2572
Skipped Seq from 2572 to 2574
Skipped Seq from 2575 to 2577
Skipped Seq from 2578 to 2580
Skipped Seq from 2580 to 2582
Skipped Seq from 2584 to 2586
Skipped Seq from 2586 to 2588
Skipped Seq from 2589 to 2591
Skipped Seq from 2591 to 2593
Skipped Seq from 2593 to 2596
Skipped Seq from 2598 to 2600
Skipped Seq from 2600 to 2604
Skipped Seq from 2604 to 2606
Skipped Seq from 2608 to 2613
Skipped Seq from 2614 to 2618
Skipped Seq from 2622 to 2629
Skipped Seq from 2629 to 2631
Skipped Seq from 2631 to 2638
Skipped Seq from 2638 to 2651
Skipped Seq from 2651 to 2660
Skipped Seq from 2660 to 2663
Skipped Seq from 2663 to 2666
Skipped Seq from 2671 to 2674
Skipped Seq from 2674 to 2676
Skipped Seq from 2678 to 2680
Skipped Seq from 2683 to 2692
Skipped Seq from 2693 to 2695
Skipped Seq from 2697 to 2701
Skipped Seq from 2701 to 2703
Skipped Seq from 2704 to 2707
Skipped Seq from 2710 to 2712
Skipped Seq from 2713 to 2715
Skipped Seq from 2723 to 2729
Skipped Seq from 2729 to 2733
Skipped Seq from 2734 to 2736
Skipped Seq from 2740 to 2742
Skipped Seq from 2742 to 2745
Skipped Seq from 2745 to 2754
Skipped Seq from 2756 to 2762
Skipped Seq from 2765 to 2767
Skipped Seq from 2770 to 2772
Skipped Seq from 2772 to 2780
Skipped Seq from 2783 to 2785
Skipped Seq from 2786 to 2800
Skipped Seq from 2800 to 2802
Skipped Seq from 2809 to 2811
Skipped Seq from 2811 to 2816
Skipped Seq from 2816 to 2820
Skipped Seq from 2820 to 2826
Skipped Seq from 2826 to 2828
Skipped Seq from 2828 to 2833
Skipped Seq from 2833 to 2835
Skipped Seq from 2835 to 2843
Skipped Seq from 2843 to 2845
Skipped Seq from 2845 to 2847
Skipped Seq from 2853 to 2857
Skipped Seq from 2868 to 2871
Skipped Seq from 2879 to 2881
Skipped Seq from 2884 to 2886
Skipped Seq from 2886 to 2890
Skipped Seq from 2890 to 2893
Skipped Seq from 2893 to 2896
Skipped Seq from 2898 to 2902
Skipped Seq from 2904 to 2906
Skipped Seq from 2911 to 2913
Skipped Seq from 2916 to 2918
Skipped Seq from 2919 to 2924
Skipped Seq from 2925 to 2927
Skipped Seq from 2928 to 2931
Skipped Seq from 2931 to 2933
Skipped Seq from 2934 to 2936
Skipped Seq from 2936 to 2938
Skipped Seq from 2940 to 2942
Skipped Seq from 2944 to 2960
Skipped Seq from 2965 to 2967
Skipped Seq from 2971 to 2975
Skipped Seq from 2975 to 2978
Skipped Seq from 2980 to 2982
Skipped Seq from 2982 to 2992
Skipped Seq from 2992 to 2994
Skipped Seq from 2994 to 2998
Skipped Seq from 2998 to 3006
Skipped Seq from 3007 to 3009
Skipped Seq from 3014 to 3023
Skipped Seq from 3023 to 3026
Skipped Seq from 3028 to 3030
Skipped Seq from 3032 to 3034
Skipped Seq from 3035 to 3037
Skipped Seq from 3038 to 3043
Skipped Seq from 3043 to 3046
Skipped Seq from 3046 to 3049
Skipped Seq from 3051 to 3054
Skipped Seq from 3054 to 3062
Skipped Seq from 3062 to 3065
Skipped Seq from 3065 to 3067
Skipped Seq from 3067 to 3070
Skipped Seq from 3071 to 3074
Skipped Seq from 3077 to 3087
Skipped Seq from 3087 to 3095
Skipped Seq from 3100 to 3102
Skipped Seq from 3102 to 3104
Skipped Seq from 3104 to 3106
Skipped Seq from 3106 to 3108
Skipped Seq from 3109 to 3114
Skipped Seq from 3114 to 3121
Skipped Seq from 3121 to 3128
Skipped Seq from 3129 to 3135
Skipped Seq from 3137 to 3139
Skipped Seq from 3139 to 3142
Skipped Seq from 3142 to 3150
Skipped Seq from 3153 to 3155
Skipped Seq from 3156 to 3158
Skipped Seq from 3160 to 3162
Skipped Seq from 3162 to 3164
Skipped Seq from 3165 to 3170
Skipped Seq from 3170 to 3174
Skipped Seq from 3175 to 3185
Skipped Seq from 3188 to 3191
Skipped Seq from 3191 to 3197
Skipped Seq from 3197 to 3203
Skipped Seq from 3203 to 3205
Skipped Seq from 3210 to 3212
Skipped Seq from 3212 to 3215
Skipped Seq from 3215 to 3217
Skipped Seq from 3217 to 3224
Skipped Seq from 3224 to 3227
Skipped Seq from 3228 to 3238
Skipped Seq from 3238 to 3242
Skipped Seq from 3242 to 3245
Skipped Seq from 3251 to 3253
Skipped Seq from 3253 to 3259
Skipped Seq from 3261 to 3266
Skipped Seq from 3270 to 3285
Skipped Seq from 3285 to 3292
Skipped Seq from 3292 to 3295
Skipped Seq from 3295 to 3299
Skipped Seq from 3302 to 3304
Skipped Seq from 3304 to 3307
Skipped Seq from 3307 to 3310
Skipped Seq from 3310 to 3312
Skipped Seq from 3313 to 3315
Skipped Seq from 3316 to 3319
Skipped Seq from 3320 to 3331
Skipped Seq from 3333 to 3335
Skipped Seq from 3335 to 3339
Skipped Seq from 3339 to 3342
Skipped Seq from 3345 to 3347
Skipped Seq from 3354 to 3356
Skipped Seq from 3356 to 3358
Skipped Seq from 3358 to 3360
Skipped Seq from 3361 to 3366
Skipped Seq from 3366 to 3368
Skipped Seq from 3369 to 3395
Skipped Seq from 3395 to 3403
Skipped Seq from 3412 to 3414
Skipped Seq from 3415 to 3417
Skipped Seq from 3417 to 3425
Skipped Seq from 3433 to 3436
Skipped Seq from 3438 to 3440
Skipped Seq from 3440 to 3442
Skipped Seq from 3444 to 3447
Skipped Seq from 3447 to 3452
Skipped Seq from 3452 to 3454
Skipped Seq from 3454 to 3457
Skipped Seq from 3463 to 3696
Skipped Seq from 3700 to 3783
Skipped Seq from 3803 to 3814
Skipped Seq from 3854 to 3928
Number of times throttled: 3
Received: 8779 / 10421 packets
Start time: 1315210933.888944
End time: 1315210956.173134
Duration: 22.284190
