Starting client at 10.0.0.13:1236 with timeout:10
My IP address is 10.0.0.13Skipped Seq from 2916 to 2918
Skipped Seq from 2925 to 2930
Skipped Seq from 2942 to 2945
Skipped Seq from 2945 to 2947
Skipped Seq from 2950 to 2952
Skipped Seq from 2960 to 2962
Skipped Seq from 2962 to 2966
Skipped Seq from 2974 to 2976
Skipped Seq from 2979 to 2982
Skipped Seq from 2982 to 2984
Skipped Seq from 2990 to 2993
Skipped Seq from 2993 to 2997
Skipped Seq from 3006 to 3008
Skipped Seq from 3017 to 3020
Skipped Seq from 3026 to 3028
Skipped Seq from 3032 to 3034
Skipped Seq from 3034 to 3036
Skipped Seq from 3038 to 3040
Skipped Seq from 3042 to 3044
Skipped Seq from 3053 to 3055
Skipped Seq from 3055 to 3057
Skipped Seq from 3080 to 3083
Skipped Seq from 3085 to 3088
Skipped Seq from 3121 to 3123
Skipped Seq from 3123 to 3127
Skipped Seq from 3141 to 3143
Skipped Seq from 3153 to 3155
Skipped Seq from 3157 to 3159
Skipped Seq from 3159 to 3161
Skipped Seq from 3173 to 3175
Skipped Seq from 3182 to 3186
Skipped Seq from 3186 to 3188
Skipped Seq from 3196 to 3198
Skipped Seq from 3199 to 3202
Skipped Seq from 3213 to 3215
Skipped Seq from 3218 to 3220
Skipped Seq from 3230 to 3233
Skipped Seq from 3234 to 3236
Skipped Seq from 3237 to 3239
Skipped Seq from 3249 to 3251
Skipped Seq from 3253 to 3255
Skipped Seq from 3266 to 3270
Skipped Seq from 3271 to 3274
Skipped Seq from 3281 to 3283
Skipped Seq from 3300 to 3304
Skipped Seq from 3322 to 3324
Skipped Seq from 3328 to 3330
Skipped Seq from 3349 to 3351
Skipped Seq from 3355 to 3357
Skipped Seq from 3359 to 3361
Skipped Seq from 3368 to 3371
Skipped Seq from 3373 to 3375
Skipped Seq from 3386 to 3389
Skipped Seq from 3406 to 3409
Skipped Seq from 3417 to 3420
Skipped Seq from 3421 to 3423
Skipped Seq from 3435 to 3438
Skipped Seq from 3439 to 3441
Skipped Seq from 3446 to 3449
Skipped Seq from 3452 to 3454
Skipped Seq from 3455 to 3458
Skipped Seq from 3493 to 3497
Skipped Seq from 3501 to 3504
Skipped Seq from 3507 to 3509
Skipped Seq from 3514 to 3516
Skipped Seq from 3529 to 3531
Skipped Seq from 3538 to 3541
Skipped Seq from 3549 to 3552
Skipped Seq from 3559 to 3561
Skipped Seq from 3579 to 3583
Skipped Seq from 3595 to 3597
Skipped Seq from 3604 to 3606
Skipped Seq from 3618 to 3620
Skipped Seq from 3630 to 3634
Skipped Seq from 3643 to 3646
Skipped Seq from 3651 to 3655
Skipped Seq from 3655 to 3657
Skipped Seq from 3658 to 3660
Skipped Seq from 3662 to 3664
Skipped Seq from 3664 to 3666
Skipped Seq from 3689 to 3691
Skipped Seq from 3693 to 3695
Skipped Seq from 3698 to 3700
Skipped Seq from 3701 to 3703
Skipped Seq from 3707 to 3709
Skipped Seq from 3724 to 3728
Skipped Seq from 3729 to 3731
Skipped Seq from 3731 to 3733
Skipped Seq from 3735 to 3737
Skipped Seq from 3737 to 3739
Skipped Seq from 3749 to 3751
Skipped Seq from 3752 to 3754
Skipped Seq from 3756 to 3758
Skipped Seq from 3773 to 3776
Skipped Seq from 3780 to 3782
Skipped Seq from 3783 to 3786
Skipped Seq from 3788 to 3790
Skipped Seq from 3820 to 3822
Skipped Seq from 3825 to 3827
Skipped Seq from 3834 to 3837
Skipped Seq from 3838 to 3841
Skipped Seq from 3842 to 3845
Skipped Seq from 3850 to 3852
Skipped Seq from 3855 to 3857
Skipped Seq from 3857 to 3859
Skipped Seq from 3863 to 3867
Skipped Seq from 3871 to 3873
Skipped Seq from 3879 to 3883
Skipped Seq from 3887 to 3891
Skipped Seq from 3895 to 3897
Skipped Seq from 3898 to 3900
Skipped Seq from 3900 to 3902
Skipped Seq from 3924 to 3927
Skipped Seq from 3930 to 3935
Skipped Seq from 3941 to 3946
Skipped Seq from 3963 to 3966
Skipped Seq from 3967 to 3969
Skipped Seq from 3974 to 3978
Skipped Seq from 3981 to 3983
Skipped Seq from 3992 to 3996
Skipped Seq from 3999 to 4001
Skipped Seq from 4002 to 4004
Skipped Seq from 4004 to 4008
Skipped Seq from 4010 to 4012
Skipped Seq from 4013 to 4015
Skipped Seq from 4017 to 4019
Skipped Seq from 4026 to 4028
Skipped Seq from 4033 to 4037
Skipped Seq from 4039 to 4041
Skipped Seq from 4048 to 4050
Skipped Seq from 4064 to 4066
Skipped Seq from 4068 to 4071
Skipped Seq from 4072 to 4076
Skipped Seq from 4076 to 4080
Skipped Seq from 4080 to 4082
Skipped Seq from 4105 to 4107
Skipped Seq from 4109 to 4111
Skipped Seq from 4118 to 4120
Skipped Seq from 4123 to 4128
Skipped Seq from 4128 to 4131
Skipped Seq from 4134 to 4139
Skipped Seq from 4140 to 4142
Skipped Seq from 4156 to 4159
Skipped Seq from 4160 to 4162
Skipped Seq from 4164 to 4167
Skipped Seq from 4173 to 4175
Skipped Seq from 4175 to 4177
Skipped Seq from 4179 to 4182
Skipped Seq from 4185 to 4189
Skipped Seq from 4191 to 4193
Skipped Seq from 4195 to 4199
Skipped Seq from 4210 to 4216
Skipped Seq from 4223 to 4225
Skipped Seq from 4246 to 4252
Skipped Seq from 4259 to 4262
Skipped Seq from 4278 to 4280
Skipped Seq from 4282 to 4284
Skipped Seq from 4288 to 4291
Skipped Seq from 4300 to 4305
Skipped Seq from 4306 to 4310
Skipped Seq from 4310 to 4315
Skipped Seq from 4333 to 4337
Skipped Seq from 4341 to 4343
Skipped Seq from 4351 to 4358
Skipped Seq from 4359 to 4361
Skipped Seq from 4362 to 4366
Skipped Seq from 4367 to 4369
Skipped Seq from 4373 to 4375
Skipped Seq from 4375 to 4377
Skipped Seq from 4380 to 4382
Skipped Seq from 4403 to 4407
Skipped Seq from 4432 to 4443
Skipped Seq from 4449 to 4472
Skipped Seq from 4474 to 4477
Skipped Seq from 4477 to 4479
Skipped Seq from 4481 to 4485
Skipped Seq from 4485 to 4487
Skipped Seq from 4490 to 4493
Skipped Seq from 4503 to 4505
Skipped Seq from 4513 to 4515
Skipped Seq from 4544 to 4546
Skipped Seq from 4558 to 4560
Skipped Seq from 4572 to 4574
Skipped Seq from 4574 to 4578
Skipped Seq from 4579 to 4582
Skipped Seq from 4583 to 4586
Skipped Seq from 4611 to 4614
Skipped Seq from 4629 to 4632
Skipped Seq from 4636 to 4638
Skipped Seq from 4663 to 4665
Skipped Seq from 4686 to 4689
Skipped Seq from 4690 to 4692
Skipped Seq from 4695 to 4697
Skipped Seq from 4720 to 4722
Skipped Seq from 4731 to 4733
Skipped Seq from 4745 to 4748
Skipped Seq from 4748 to 4750
Skipped Seq from 4751 to 4753
Skipped Seq from 4788 to 4790
Skipped Seq from 4794 to 4796
Skipped Seq from 4809 to 4811
Skipped Seq from 4813 to 4960
Skipped Seq from 4960 to 4962
Skipped Seq from 5002 to 5057
Skipped Seq from 5115 to 5163
Skipped Seq from 5176 to 5193
Skipped Seq from 13738 to 13748
Skipped Seq from 13758 to 13765
Skipped Seq from 18483 to 18487
Skipped Seq from 18514 to 18521
Skipped Seq from 18679 to 18706
Skipped Seq from 18773 to 18787
Skipped Seq from 18832 to 18849
Skipped Seq from 18859 to 18866
Skipped Seq from 18899 to 18923
Skipped Seq from 18940 to 18961
Skipped Seq from 18979 to 18996
Skipped Seq from 19010 to 19014
Skipped Seq from 19041 to 19047
Skipped Seq from 19207 to 19245
Skipped Seq from 22209 to 22274
Skipped Seq from 22939 to 22942
Skipped Seq from 22974 to 22980
Skipped Seq from 23050 to 23062
Skipped Seq from 39762 to 39764
Skipped Seq from 39766 to 39768
Skipped Seq from 39769 to 39771
Skipped Seq from 39772 to 39779
Skipped Seq from 39779 to 39781
Skipped Seq from 39781 to 39783
Skipped Seq from 39785 to 39788
Skipped Seq from 39791 to 39796
Skipped Seq from 39798 to 39801
Skipped Seq from 39801 to 39807
Skipped Seq from 39807 to 39809
Skipped Seq from 39809 to 39814
Skipped Seq from 39814 to 39821
Skipped Seq from 39821 to 39828
Skipped Seq from 39828 to 39830
Skipped Seq from 39831 to 39839
Skipped Seq from 39839 to 39846
Skipped Seq from 39846 to 39852
Skipped Seq from 39852 to 39855
Skipped Seq from 39871 to 39873
Skipped Seq from 39876 to 39878
Skipped Seq from 39878 to 39880
Skipped Seq from 39887 to 39889
Skipped Seq from 39890 to 39892
Skipped Seq from 39892 to 39904
Skipped Seq from 39905 to 39908
Skipped Seq from 39909 to 39917
Skipped Seq from 39917 to 39922
Skipped Seq from 39922 to 39924
Skipped Seq from 39925 to 39927
Skipped Seq from 39927 to 39930
Skipped Seq from 39931 to 39933
Skipped Seq from 39933 to 39937
Skipped Seq from 39937 to 39942
Skipped Seq from 39942 to 39946
Skipped Seq from 39946 to 39952
Skipped Seq from 39952 to 39958
Skipped Seq from 39961 to 39963
Skipped Seq from 39966 to 39971
Skipped Seq from 39971 to 39974
Skipped Seq from 39975 to 39977
Skipped Seq from 39977 to 39979
Skipped Seq from 39983 to 39986
Skipped Seq from 39989 to 39991
Skipped Seq from 39991 to 39993
Skipped Seq from 39997 to 40000
Skipped Seq from 40000 to 40002
Skipped Seq from 40006 to 40008
Skipped Seq from 40010 to 40012
Skipped Seq from 40013 to 40022
Skipped Seq from 40025 to 40027
Skipped Seq from 40029 to 40035
Skipped Seq from 40035 to 40045
Skipped Seq from 40045 to 40051
Skipped Seq from 40051 to 40055
Skipped Seq from 40055 to 40057
Skipped Seq from 40060 to 40062
Skipped Seq from 40069 to 40076
Skipped Seq from 40076 to 40082
Skipped Seq from 40082 to 40084
Skipped Seq from 40085 to 40087
Skipped Seq from 40090 to 40092
Skipped Seq from 40096 to 40100
Skipped Seq from 40105 to 40107
Skipped Seq from 40107 to 40112
Skipped Seq from 40112 to 40115
Skipped Seq from 40115 to 40119
Skipped Seq from 40119 to 40126
Skipped Seq from 40126 to 40132
Skipped Seq from 40132 to 40139
Skipped Seq from 40139 to 40146
Skipped Seq from 40146 to 40152
Skipped Seq from 40152 to 40160
Skipped Seq from 40160 to 40169
Skipped Seq from 40171 to 40175
Skipped Seq from 40179 to 40181
Skipped Seq from 40186 to 40188
Skipped Seq from 40188 to 40194
Skipped Seq from 40194 to 40198
Skipped Seq from 40198 to 40201
Skipped Seq from 40202 to 40204
Skipped Seq from 40208 to 40210
Skipped Seq from 40216 to 40218
Skipped Seq from 40223 to 40225
Skipped Seq from 40230 to 40235
Skipped Seq from 40236 to 40243
Skipped Seq from 40243 to 40245
Skipped Seq from 40246 to 40248
Skipped Seq from 40248 to 40253
Skipped Seq from 40253 to 40261
Skipped Seq from 40261 to 40269
Skipped Seq from 40269 to 40273
Skipped Seq from 40273 to 40280
Skipped Seq from 40280 to 40290
Skipped Seq from 40290 to 40292
Skipped Seq from 40292 to 40297
Skipped Seq from 40298 to 40302
Skipped Seq from 40302 to 40306
Skipped Seq from 40306 to 40313
Skipped Seq from 40313 to 40319
Skipped Seq from 40319 to 40324
Skipped Seq from 40325 to 40327
Skipped Seq from 40329 to 40332
Skipped Seq from 40332 to 40340
Skipped Seq from 40340 to 40348
Skipped Seq from 40348 to 40361
Skipped Seq from 40361 to 40364
Skipped Seq from 40368 to 40370
Skipped Seq from 40377 to 40379
Skipped Seq from 40383 to 40385
Skipped Seq from 40390 to 40392
Skipped Seq from 40398 to 40400
Skipped Seq from 40407 to 40410
Skipped Seq from 40415 to 40418
Skipped Seq from 40421 to 40423
Skipped Seq from 40434 to 40436
Skipped Seq from 40442 to 40444
Skipped Seq from 40451 to 40453
Skipped Seq from 40458 to 40463
Skipped Seq from 40463 to 40471
Skipped Seq from 40471 to 40477
Skipped Seq from 40477 to 40480
Skipped Seq from 40484 to 40486
Skipped Seq from 40490 to 40492
Skipped Seq from 40493 to 40495
Skipped Seq from 40496 to 40498
Skipped Seq from 40504 to 40506
Skipped Seq from 40510 to 40513
Skipped Seq from 40515 to 40519
Skipped Seq from 40520 to 40522
Skipped Seq from 40524 to 40531
Skipped Seq from 40532 to 40539
Skipped Seq from 40544 to 40549
Skipped Seq from 40549 to 40552
Skipped Seq from 40552 to 40554
Skipped Seq from 40554 to 40560
Skipped Seq from 40562 to 40564
Skipped Seq from 40570 to 40573
Skipped Seq from 40574 to 40583
Skipped Seq from 40591 to 40593
Skipped Seq from 40600 to 40602
Skipped Seq from 40609 to 40611
Skipped Seq from 40623 to 40625
Skipped Seq from 40630 to 40632
Skipped Seq from 40635 to 40638
Skipped Seq from 40638 to 40645
Skipped Seq from 40646 to 40652
Skipped Seq from 40655 to 40660
Skipped Seq from 40660 to 40662
Skipped Seq from 40662 to 40664
Skipped Seq from 40672 to 40674
Skipped Seq from 40674 to 40680
Skipped Seq from 40680 to 40687
Skipped Seq from 40688 to 40690
Skipped Seq from 40690 to 40692
Skipped Seq from 40692 to 40695
Skipped Seq from 40697 to 40699
Skipped Seq from 40700 to 40703
Skipped Seq from 40703 to 40705
Skipped Seq from 40705 to 40707
Skipped Seq from 40710 to 40713
Skipped Seq from 40714 to 40719
Skipped Seq from 40719 to 40721
Skipped Seq from 40721 to 40726
Skipped Seq from 40727 to 40729
Skipped Seq from 40731 to 40733
Skipped Seq from 40737 to 40739
Skipped Seq from 40740 to 40743
Skipped Seq from 40743 to 40750
Skipped Seq from 40750 to 40758
Skipped Seq from 40758 to 40767
Skipped Seq from 40768 to 40776
Skipped Seq from 40776 to 40784
Skipped Seq from 40784 to 40787
Skipped Seq from 40787 to 40794
Skipped Seq from 40794 to 40802
Skipped Seq from 40803 to 40808
Skipped Seq from 40809 to 40816
Skipped Seq from 40817 to 40824
Skipped Seq from 40824 to 40831
Skipped Seq from 40831 to 40839
Skipped Seq from 40839 to 40846
Skipped Seq from 40846 to 40854
Skipped Seq from 40854 to 40862
Skipped Seq from 40863 to 40869
Skipped Seq from 40869 to 40871
Skipped Seq from 40871 to 40876
Skipped Seq from 40876 to 40883
Skipped Seq from 40884 to 40889
Skipped Seq from 40892 to 40899
Skipped Seq from 40899 to 40906
Skipped Seq from 40907 to 40913
Skipped Seq from 40915 to 40921
Skipped Seq from 40924 to 40929
Skipped Seq from 40929 to 40931
Skipped Seq from 40931 to 40938
Skipped Seq from 40939 to 40947
Skipped Seq from 40947 to 40955
Skipped Seq from 40956 to 40962
Skipped Seq from 40962 to 40967
Skipped Seq from 40967 to 40970
Skipped Seq from 40971 to 40975
Skipped Seq from 40975 to 40982
Skipped Seq from 40982 to 40988
Skipped Seq from 40988 to 40995
Skipped Seq from 40995 to 41000
Skipped Seq from 41000 to 41005
Skipped Seq from 41005 to 41013
Skipped Seq from 41013 to 41022
Skipped Seq from 41022 to 41026
Skipped Seq from 41026 to 41029
Skipped Seq from 41030 to 41032
Skipped Seq from 41039 to 41041
Skipped Seq from 41059 to 41061
Skipped Seq from 41067 to 41069
Skipped Seq from 41070 to 41074
Skipped Seq from 41075 to 41077
Skipped Seq from 41078 to 41086
Skipped Seq from 41086 to 41091
Skipped Seq from 41091 to 41099
Skipped Seq from 41099 to 41104
Skipped Seq from 41104 to 41106
Skipped Seq from 41106 to 41112
Skipped Seq from 41112 to 41116
Skipped Seq from 41119 to 41121
Skipped Seq from 41122 to 41124
Skipped Seq from 41124 to 41129
Skipped Seq from 41129 to 41135
Skipped Seq from 41135 to 41139
Skipped Seq from 41141 to 41143
Skipped Seq from 41143 to 41147
Skipped Seq from 41149 to 41152
Skipped Seq from 41156 to 41160
Skipped Seq from 41160 to 41166
Skipped Seq from 41166 to 41169
Skipped Seq from 41172 to 41176
Skipped Seq from 41180 to 41182
Skipped Seq from 41184 to 41190
Skipped Seq from 41192 to 41198
Skipped Seq from 41199 to 41201
Skipped Seq from 41203 to 41205
Skipped Seq from 41205 to 41207
Skipped Seq from 41210 to 41212
Skipped Seq from 41214 to 41216
Skipped Seq from 41216 to 41218
Skipped Seq from 41221 to 41226
Skipped Seq from 41229 to 41231
Skipped Seq from 41231 to 41235
Skipped Seq from 41235 to 41244
Skipped Seq from 41244 to 41251
Skipped Seq from 41251 to 41258
Skipped Seq from 41262 to 41264
Skipped Seq from 41269 to 41271
Skipped Seq from 41276 to 41279
Skipped Seq from 41283 to 41285
Skipped Seq from 41291 to 41294
Skipped Seq from 41300 to 41302
Skipped Seq from 41308 to 41310
Skipped Seq from 41310 to 41312
Skipped Seq from 41318 to 41320
Skipped Seq from 41326 to 41328
Skipped Seq from 41328 to 41330
Skipped Seq from 41330 to 41336
Skipped Seq from 41344 to 41347
Skipped Seq from 41353 to 41357
Skipped Seq from 41357 to 41364
Skipped Seq from 41364 to 41366
Skipped Seq from 41366 to 41368
Skipped Seq from 41369 to 41373
Skipped Seq from 41373 to 41376
Skipped Seq from 41378 to 41381
Skipped Seq from 41382 to 41384
Skipped Seq from 41385 to 41387
Skipped Seq from 41390 to 41393
Skipped Seq from 41393 to 41404
Skipped Seq from 41404 to 41406
Skipped Seq from 41406 to 41411
Skipped Seq from 41412 to 41418
Skipped Seq from 41418 to 41427
Skipped Seq from 41436 to 41438
Skipped Seq from 41439 to 41443
Skipped Seq from 41443 to 41449
Skipped Seq from 41449 to 41456
Skipped Seq from 41456 to 41463
Skipped Seq from 41463 to 41469
Skipped Seq from 41469 to 41472
Skipped Seq from 41475 to 41477
Skipped Seq from 41477 to 41489
Skipped Seq from 41489 to 41492
Skipped Seq from 41494 to 41496
Skipped Seq from 41497 to 41500
Skipped Seq from 41510 to 41512
Skipped Seq from 41515 to 41517
Skipped Seq from 41522 to 41524
Skipped Seq from 41526 to 41532
Skipped Seq from 41539 to 41542
Skipped Seq from 41542 to 41548
Skipped Seq from 41548 to 41550
Skipped Seq from 41550 to 41552
Skipped Seq from 41553 to 41563
Skipped Seq from 41563 to 41567
Skipped Seq from 41568 to 41573
Skipped Seq from 41576 to 41578
Skipped Seq from 41580 to 41583
Skipped Seq from 41589 to 41591
Skipped Seq from 41597 to 41601
Skipped Seq from 41604 to 41608
Skipped Seq from 41612 to 41614
Skipped Seq from 41621 to 41623
Skipped Seq from 41627 to 41629
Skipped Seq from 41634 to 41636
Skipped Seq from 41640 to 41643
Skipped Seq from 41643 to 41649
Skipped Seq from 41650 to 41652
Skipped Seq from 41652 to 41658
Skipped Seq from 41661 to 41663
Skipped Seq from 41669 to 41671
Skipped Seq from 41675 to 41679
Skipped Seq from 41682 to 41684
Skipped Seq from 41686 to 41689
Skipped Seq from 41690 to 41692
Skipped Seq from 41695 to 41698
Skipped Seq from 41698 to 41704
Skipped Seq from 41705 to 41711
Skipped Seq from 41713 to 41715
Skipped Seq from 41716 to 41718
Skipped Seq from 41723 to 41727
Skipped Seq from 41731 to 41738
Skipped Seq from 41752 to 41754
Skipped Seq from 41757 to 41760
Skipped Seq from 41761 to 41763
Skipped Seq from 41763 to 41765
Skipped Seq from 41769 to 41771
Skipped Seq from 41773 to 41775
Skipped Seq from 41779 to 41781
Skipped Seq from 41786 to 41788
Skipped Seq from 41796 to 41798
Skipped Seq from 41798 to 41803
Skipped Seq from 41803 to 41812
Skipped Seq from 41812 to 41818
Skipped Seq from 41823 to 41825
Skipped Seq from 41826 to 41829
Skipped Seq from 41832 to 41834
Skipped Seq from 41834 to 41836
Skipped Seq from 41837 to 41839
Skipped Seq from 41842 to 41844
Skipped Seq from 41849 to 41855
Skipped Seq from 41855 to 41859
Skipped Seq from 41860 to 41866
Skipped Seq from 41866 to 41871
Skipped Seq from 41871 to 41877
Skipped Seq from 41878 to 41883
Skipped Seq from 41885 to 41890
Skipped Seq from 41891 to 41897
Skipped Seq from 41898 to 41905
Skipped Seq from 41906 to 41908
Skipped Seq from 41913 to 41918
Skipped Seq from 41920 to 41925
Skipped Seq from 41928 to 41931
Skipped Seq from 41931 to 41933
Skipped Seq from 41939 to 41941
Skipped Seq from 41942 to 41950
Skipped Seq from 41950 to 41957
Skipped Seq from 41957 to 41960
Skipped Seq from 41961 to 41967
Skipped Seq from 41967 to 41974
Skipped Seq from 41974 to 41977
Skipped Seq from 41977 to 41989
Skipped Seq from 41989 to 41997
Skipped Seq from 41997 to 42004
Skipped Seq from 42004 to 42011
Skipped Seq from 42011 to 42018
Skipped Seq from 42021 to 42023
Skipped Seq from 42023 to 42025
Skipped Seq from 42057 to 42062
Skipped Seq from 42064 to 42068
Skipped Seq from 42068 to 42070
Skipped Seq from 42076 to 42078
Skipped Seq from 42083 to 42086
Skipped Seq from 42102 to 42105
Skipped Seq from 42148 to 42150
Skipped Seq from 42150 to 42159
Skipped Seq from 51665 to 51667
Skipped Seq from 51670 to 51672
Skipped Seq from 51673 to 51676
Skipped Seq from 51676 to 51678
Skipped Seq from 51678 to 51680
Skipped Seq from 51688 to 51691
Skipped Seq from 51694 to 51698
Skipped Seq from 51698 to 51700
Skipped Seq from 51700 to 51702
Skipped Seq from 51722 to 51724
Skipped Seq from 51726 to 51729
Skipped Seq from 51731 to 51734
Skipped Seq from 51746 to 51748
Skipped Seq from 51759 to 51761
Skipped Seq from 51761 to 51763
Skipped Seq from 51763 to 51765
Skipped Seq from 51767 to 51769
Skipped Seq from 51776 to 51778
Skipped Seq from 51785 to 51787
Skipped Seq from 51787 to 51789
Skipped Seq from 51795 to 51797
Skipped Seq from 51807 to 51809
Skipped Seq from 51811 to 51813
Skipped Seq from 51813 to 51815
Skipped Seq from 51816 to 51818
Skipped Seq from 51827 to 51830
Skipped Seq from 51832 to 51834
Skipped Seq from 51835 to 51837
Skipped Seq from 51837 to 51840
Skipped Seq from 51841 to 51843
Skipped Seq from 51843 to 51846
Skipped Seq from 51847 to 51849
Skipped Seq from 51850 to 51852
Skipped Seq from 51855 to 51858
Skipped Seq from 51859 to 51861
Skipped Seq from 51862 to 51864
Skipped Seq from 51866 to 51868
Skipped Seq from 51875 to 51877
Skipped Seq from 51877 to 51879
Skipped Seq from 51884 to 51886
Skipped Seq from 51886 to 51888
Skipped Seq from 51888 to 51890
Skipped Seq from 51891 to 51893
Skipped Seq from 51894 to 51897
Skipped Seq from 51899 to 51901
Skipped Seq from 51903 to 51905
Skipped Seq from 51905 to 51907
Skipped Seq from 51908 to 51910
Skipped Seq from 51912 to 51914
Skipped Seq from 51915 to 51917
Skipped Seq from 51919 to 51921
Skipped Seq from 51921 to 51923
Skipped Seq from 51929 to 51931
Skipped Seq from 51934 to 51936
Skipped Seq from 51938 to 51940
Skipped Seq from 51942 to 51945
Skipped Seq from 51946 to 51949
Skipped Seq from 51950 to 51952
Skipped Seq from 51958 to 51961
Skipped Seq from 51962 to 51964
Skipped Seq from 51966 to 51968
Skipped Seq from 51968 to 51971
Skipped Seq from 51971 to 51973
Skipped Seq from 51974 to 51976
Skipped Seq from 51976 to 51978
Skipped Seq from 51979 to 51982
Skipped Seq from 51982 to 51984
Skipped Seq from 51985 to 51987
Skipped Seq from 51988 to 51990
Skipped Seq from 51995 to 51998
Skipped Seq from 51999 to 52001
Skipped Seq from 52001 to 52004
Skipped Seq from 52004 to 52006
Skipped Seq from 52009 to 52011
Skipped Seq from 52011 to 52013
Skipped Seq from 52016 to 52019
Skipped Seq from 52019 to 52021
Skipped Seq from 52023 to 52025
Skipped Seq from 52025 to 52027
Skipped Seq from 52027 to 52029
Skipped Seq from 52029 to 52031
Skipped Seq from 52035 to 52037
Skipped Seq from 52037 to 52040
Skipped Seq from 52041 to 52043
Skipped Seq from 52043 to 52045
Skipped Seq from 52049 to 52051
Skipped Seq from 52055 to 52057
Skipped Seq from 52063 to 52065
Skipped Seq from 52065 to 52067
Skipped Seq from 52069 to 52071
Skipped Seq from 52073 to 52075
Skipped Seq from 52075 to 52077
Skipped Seq from 52088 to 52090
Skipped Seq from 52092 to 52094
Skipped Seq from 52098 to 52100
Skipped Seq from 52102 to 52105
Skipped Seq from 52107 to 52110
Skipped Seq from 52111 to 52114
Skipped Seq from 52114 to 52116
Skipped Seq from 52117 to 52119
Skipped Seq from 52125 to 52127
Skipped Seq from 52128 to 52131
Skipped Seq from 52146 to 52148
Skipped Seq from 52148 to 52151
Skipped Seq from 52153 to 52155
Skipped Seq from 52156 to 52158
Skipped Seq from 52163 to 52165
Skipped Seq from 52166 to 52168
Skipped Seq from 52169 to 52171
Skipped Seq from 52171 to 52174
Skipped Seq from 52175 to 52178
Skipped Seq from 52178 to 52181
Skipped Seq from 52184 to 52186
Skipped Seq from 52187 to 52190
Skipped Seq from 52192 to 52194
Skipped Seq from 52200 to 52203
Skipped Seq from 52205 to 52207
Skipped Seq from 52208 to 52211
Skipped Seq from 52212 to 52214
Skipped Seq from 52215 to 52217
Skipped Seq from 52218 to 52220
Skipped Seq from 52221 to 52224
Skipped Seq from 52226 to 52228
Skipped Seq from 52228 to 52230
Skipped Seq from 52230 to 52232
Skipped Seq from 52232 to 52234
Skipped Seq from 52254 to 52256
Skipped Seq from 52263 to 52265
Skipped Seq from 52270 to 52272
Skipped Seq from 52273 to 52277
Skipped Seq from 52277 to 52280
Skipped Seq from 52285 to 52287
Skipped Seq from 52287 to 52289
Skipped Seq from 52291 to 52294
Skipped Seq from 52300 to 52304
Skipped Seq from 52306 to 52308
Skipped Seq from 52308 to 52311
Skipped Seq from 52312 to 52314
Skipped Seq from 52333 to 52335
Skipped Seq from 52345 to 52347
Skipped Seq from 52353 to 52355
Skipped Seq from 52355 to 52357
Skipped Seq from 52357 to 52360
Skipped Seq from 52362 to 52365
Skipped Seq from 52366 to 52368
Skipped Seq from 52368 to 52370
Skipped Seq from 52371 to 52373
Skipped Seq from 52375 to 52377
Skipped Seq from 52377 to 52380
Skipped Seq from 52387 to 52389
Skipped Seq from 52395 to 52397
Skipped Seq from 52410 to 52412
Skipped Seq from 52412 to 52414
Skipped Seq from 52415 to 52418
Skipped Seq from 52428 to 52430
Skipped Seq from 52437 to 52440
Skipped Seq from 52456 to 52460
Skipped Seq from 52461 to 52464
Skipped Seq from 52465 to 52467
Skipped Seq from 52473 to 52475
Skipped Seq from 52486 to 52488
Skipped Seq from 52488 to 52490
Skipped Seq from 52492 to 52496
Skipped Seq from 52497 to 52501
Skipped Seq from 52509 to 52511
Skipped Seq from 52513 to 52515
Skipped Seq from 52521 to 52523
Skipped Seq from 52523 to 52525
Skipped Seq from 52525 to 52527
Skipped Seq from 52527 to 52531
Skipped Seq from 52532 to 52536
Skipped Seq from 52538 to 52540
Skipped Seq from 52540 to 52542
Skipped Seq from 52546 to 52548
Skipped Seq from 52549 to 52551
Skipped Seq from 52552 to 52554
Skipped Seq from 52554 to 52559
Skipped Seq from 52562 to 52564
Skipped Seq from 52567 to 52569
Skipped Seq from 52578 to 52581
Skipped Seq from 52586 to 52588
Skipped Seq from 52589 to 52591
Skipped Seq from 52594 to 52596
Skipped Seq from 52604 to 52606
Skipped Seq from 52607 to 52610
Skipped Seq from 52611 to 52613
Skipped Seq from 52615 to 52618
Skipped Seq from 52619 to 52621
Skipped Seq from 52627 to 52629
Skipped Seq from 52629 to 52631
Skipped Seq from 52639 to 52642
Skipped Seq from 52642 to 52644
Skipped Seq from 52644 to 52646
Skipped Seq from 52646 to 52648
Skipped Seq from 52652 to 52654
Skipped Seq from 52657 to 52659
Skipped Seq from 52662 to 52664
Skipped Seq from 52665 to 52667
Skipped Seq from 52674 to 52676
Skipped Seq from 52678 to 52680
Skipped Seq from 52685 to 52687
Skipped Seq from 52689 to 52691
Skipped Seq from 52691 to 52694
Skipped Seq from 52694 to 52698
Skipped Seq from 52699 to 52701
Skipped Seq from 52701 to 52703
Skipped Seq from 52704 to 52707
Skipped Seq from 52707 to 52709
Skipped Seq from 52715 to 52717
Skipped Seq from 52717 to 52720
Skipped Seq from 52722 to 52724
Skipped Seq from 52726 to 52728
Skipped Seq from 52730 to 52732
Skipped Seq from 52732 to 52736
Skipped Seq from 52738 to 52742
Skipped Seq from 52743 to 52745
Skipped Seq from 52745 to 52748
Skipped Seq from 52748 to 52750
Skipped Seq from 52750 to 52753
Skipped Seq from 52753 to 52755
Skipped Seq from 52759 to 52761
Skipped Seq from 52763 to 52765
Skipped Seq from 52766 to 52768
Skipped Seq from 52774 to 52776
Skipped Seq from 52781 to 52784
Skipped Seq from 52786 to 52788
Skipped Seq from 52789 to 52791
Skipped Seq from 52791 to 52794
Skipped Seq from 52795 to 52797
Skipped Seq from 52797 to 52799
Skipped Seq from 52804 to 52806
Skipped Seq from 52808 to 52810
Skipped Seq from 52811 to 52814
Skipped Seq from 52816 to 52818
Skipped Seq from 52818 to 52820
Skipped Seq from 52821 to 52823
Skipped Seq from 52835 to 52837
Skipped Seq from 52839 to 52841
Skipped Seq from 52841 to 52843
Skipped Seq from 52844 to 52846
Skipped Seq from 52847 to 52849
Skipped Seq from 52849 to 52851
Skipped Seq from 52852 to 52854
Skipped Seq from 52854 to 52856
Skipped Seq from 52856 to 52859
Skipped Seq from 52859 to 52861
Skipped Seq from 52861 to 52863
Skipped Seq from 52864 to 52866
Skipped Seq from 52866 to 52868
Skipped Seq from 52870 to 52872
Skipped Seq from 52872 to 52874
Skipped Seq from 52874 to 52876
Skipped Seq from 52878 to 52880
Skipped Seq from 52880 to 52882
Skipped Seq from 52888 to 52890
Skipped Seq from 52890 to 52892
Skipped Seq from 52894 to 52896
Skipped Seq from 52896 to 52899
Skipped Seq from 52901 to 52904
Skipped Seq from 52907 to 52910
Skipped Seq from 52911 to 52913
Skipped Seq from 52914 to 52916
Skipped Seq from 52916 to 52918
Skipped Seq from 52921 to 52924
Skipped Seq from 52927 to 52929
Skipped Seq from 52932 to 52935
Skipped Seq from 52936 to 52938
Skipped Seq from 52943 to 52945
Skipped Seq from 52950 to 52952
Skipped Seq from 52954 to 52956
Skipped Seq from 52956 to 52958
Skipped Seq from 52958 to 52961
Skipped Seq from 52974 to 52976
Skipped Seq from 52988 to 52990
Skipped Seq from 52998 to 53000
Skipped Seq from 53010 to 53014
Skipped Seq from 53015 to 53017
Skipped Seq from 53017 to 53022
Skipped Seq from 53024 to 53026
Skipped Seq from 53026 to 53028
Skipped Seq from 53028 to 53031
Skipped Seq from 53032 to 53034
Skipped Seq from 53034 to 53036
Skipped Seq from 53036 to 53038
Skipped Seq from 53040 to 53042
Skipped Seq from 53045 to 53047
Skipped Seq from 53051 to 53053
Skipped Seq from 53057 to 53060
Skipped Seq from 53061 to 53064
Skipped Seq from 53064 to 53068
Skipped Seq from 53069 to 53071
Skipped Seq from 53071 to 53074
Skipped Seq from 53074 to 53076
Skipped Seq from 53076 to 53078
Skipped Seq from 53085 to 53087
Skipped Seq from 53089 to 53091
Skipped Seq from 53091 to 53093
Skipped Seq from 53095 to 53097
Skipped Seq from 53103 to 53107
Skipped Seq from 53107 to 53109
Skipped Seq from 53110 to 53113
Skipped Seq from 53113 to 53115
Skipped Seq from 53118 to 53121
Skipped Seq from 53128 to 53130
Skipped Seq from 53130 to 53132
Skipped Seq from 53132 to 53134
Skipped Seq from 53134 to 53136
Skipped Seq from 53137 to 53140
Skipped Seq from 53141 to 53143
Skipped Seq from 53144 to 53148
Skipped Seq from 53149 to 53151
Skipped Seq from 53154 to 53156
Skipped Seq from 53157 to 53159
Skipped Seq from 53161 to 53166
Skipped Seq from 53166 to 53169
Skipped Seq from 53170 to 53174
Skipped Seq from 53176 to 53179
Skipped Seq from 53180 to 53182
Skipped Seq from 53198 to 53200
Skipped Seq from 53205 to 53207
Skipped Seq from 53209 to 53211
Skipped Seq from 53216 to 53218
Skipped Seq from 53218 to 53222
Skipped Seq from 53224 to 53226
Skipped Seq from 53227 to 53229
Skipped Seq from 53231 to 53233
Skipped Seq from 53234 to 53236
Skipped Seq from 53236 to 53238
Skipped Seq from 53243 to 53245
Skipped Seq from 53245 to 53248
Skipped Seq from 53252 to 53254
Skipped Seq from 53254 to 53256
Skipped Seq from 53257 to 53261
Skipped Seq from 53261 to 53263
Skipped Seq from 53268 to 53270
Skipped Seq from 53276 to 53278
Skipped Seq from 53281 to 53284
Skipped Seq from 53285 to 53287
Skipped Seq from 53290 to 53292
Skipped Seq from 53298 to 53300
Skipped Seq from 53308 to 53310
Skipped Seq from 53313 to 53315
Skipped Seq from 53321 to 53324
Skipped Seq from 53324 to 53327
Skipped Seq from 53329 to 53331
Skipped Seq from 53331 to 53333
Skipped Seq from 53333 to 53337
Skipped Seq from 53338 to 53340
Skipped Seq from 53340 to 53343
Skipped Seq from 53343 to 53345
Skipped Seq from 53355 to 53357
Skipped Seq from 53359 to 53361
Skipped Seq from 53362 to 53366
Skipped Seq from 53369 to 53371
Skipped Seq from 53371 to 53373
Skipped Seq from 53373 to 53375
Skipped Seq from 53381 to 53383
Skipped Seq from 53390 to 53392
Skipped Seq from 53394 to 53397
Skipped Seq from 53397 to 53399
Skipped Seq from 53400 to 53404
Skipped Seq from 53409 to 53411
Skipped Seq from 53414 to 53416
Skipped Seq from 53427 to 53430
Skipped Seq from 53430 to 53433
Skipped Seq from 53436 to 53438
Skipped Seq from 53441 to 53444
Skipped Seq from 53444 to 53446
Skipped Seq from 53446 to 53448
Skipped Seq from 53451 to 53453
Skipped Seq from 53455 to 53458
Skipped Seq from 53463 to 53465
Skipped Seq from 53465 to 53467
Skipped Seq from 53467 to 53471
Skipped Seq from 53471 to 53474
Skipped Seq from 53474 to 53476
Skipped Seq from 53476 to 53478
Skipped Seq from 53481 to 53483
Skipped Seq from 53483 to 53486
Skipped Seq from 53486 to 53490
Skipped Seq from 53490 to 53493
Skipped Seq from 53494 to 53496
Skipped Seq from 53503 to 53505
Skipped Seq from 53515 to 53517
Skipped Seq from 53523 to 53525
Skipped Seq from 53537 to 53539
Skipped Seq from 53542 to 53546
Skipped Seq from 53546 to 53548
Skipped Seq from 53548 to 53550
Skipped Seq from 53552 to 53554
Skipped Seq from 53554 to 53556
Skipped Seq from 53556 to 53559
Skipped Seq from 53559 to 53561
Skipped Seq from 53561 to 53566
Skipped Seq from 53568 to 53570
Skipped Seq from 53572 to 53574
Skipped Seq from 53575 to 53579
Skipped Seq from 53580 to 53582
Skipped Seq from 53593 to 53595
Skipped Seq from 53600 to 53602
Skipped Seq from 53602 to 53605
Skipped Seq from 53608 to 53610
Skipped Seq from 53610 to 53612
Skipped Seq from 53614 to 53617
Skipped Seq from 53617 to 53619
Skipped Seq from 53620 to 53623
Skipped Seq from 53624 to 53626
Skipped Seq from 53626 to 53628
Skipped Seq from 53630 to 53632
Skipped Seq from 53634 to 53636
Skipped Seq from 53653 to 53655
Skipped Seq from 53658 to 53660
Skipped Seq from 53663 to 53665
Skipped Seq from 53668 to 53670
Skipped Seq from 53672 to 53674
Skipped Seq from 53678 to 53681
Skipped Seq from 53681 to 53683
Skipped Seq from 53689 to 53691
Number of times throttled: 11
Received: 56550 / 59237 packets
Start time: 1315210557.920558
End time: 1315210637.664348
Duration: 79.743790
