Starting client at 10.0.0.25:1239 with timeout:10
My IP address is 10.0.0.25Skipped Seq from 2 to 5
Recovered out of order packet from 7 to 3
Recovered out of order packet from 7 to 4
Skipped Seq from 21916 to 21948
Skipped Seq from 22300 to 22311
Skipped Seq from 22324 to 22334
Skipped Seq from 23986 to 23991
Skipped Seq from 24055 to 24061
Skipped Seq from 24068 to 24090
Skipped Seq from 24095 to 24105
Skipped Seq from 24130 to 24133
Skipped Seq from 24149 to 24153
Skipped Seq from 24163 to 24168
Skipped Seq from 24214 to 24217
Skipped Seq from 24229 to 24236
Number of times throttled: 1
Received: 74979 / 75085 packets
Start time: 1315210645.921304
End time: 1315210744.294878
Duration: 98.373574
