Starting client at 10.0.0.24:1246 with timeout:10
My IP address is 10.0.0.24Skipped Seq from 15576 to 15579
Skipped Seq from 15579 to 15581
Skipped Seq from 15582 to 15584
Skipped Seq from 15588 to 15590
Skipped Seq from 15591 to 15593
Skipped Seq from 15595 to 15597
Skipped Seq from 15598 to 15600
Skipped Seq from 15602 to 15605
Skipped Seq from 15605 to 15607
Skipped Seq from 15607 to 15610
Skipped Seq from 15610 to 15612
Skipped Seq from 15613 to 15615
Skipped Seq from 15615 to 15618
Skipped Seq from 15618 to 15620
Skipped Seq from 15620 to 15622
Skipped Seq from 15622 to 15630
Skipped Seq from 15630 to 15638
Skipped Seq from 15638 to 15643
Skipped Seq from 15643 to 15647
Skipped Seq from 15647 to 15653
Skipped Seq from 15653 to 15662
Skipped Seq from 15662 to 15666
Skipped Seq from 15666 to 15668
Skipped Seq from 15668 to 15673
Skipped Seq from 15673 to 15678
Skipped Seq from 15678 to 15682
Skipped Seq from 15683 to 15686
Skipped Seq from 15689 to 15694
Skipped Seq from 15695 to 15697
Skipped Seq from 15697 to 15700
Skipped Seq from 15700 to 15704
Skipped Seq from 15708 to 15712
Skipped Seq from 15712 to 15715
Skipped Seq from 15715 to 15718
Skipped Seq from 15718 to 15722
Skipped Seq from 15722 to 15725
Skipped Seq from 15725 to 15728
Skipped Seq from 15729 to 15731
Skipped Seq from 15746 to 15748
Skipped Seq from 15750 to 15753
Skipped Seq from 15759 to 15761
Skipped Seq from 15762 to 15764
Skipped Seq from 15764 to 15766
Skipped Seq from 15768 to 15770
Skipped Seq from 15772 to 15774
Skipped Seq from 15774 to 15777
Skipped Seq from 15777 to 15779
Skipped Seq from 15779 to 15782
Skipped Seq from 15782 to 15784
Skipped Seq from 15785 to 15789
Skipped Seq from 15793 to 15797
Skipped Seq from 15797 to 15799
Skipped Seq from 15799 to 15804
Skipped Seq from 15805 to 15807
Skipped Seq from 15811 to 15823
Skipped Seq from 15823 to 15825
Skipped Seq from 15825 to 15828
Skipped Seq from 15828 to 15830
Skipped Seq from 15832 to 15834
Skipped Seq from 15838 to 15841
Skipped Seq from 15841 to 15846
Skipped Seq from 15848 to 15850
Skipped Seq from 15853 to 15855
Skipped Seq from 15861 to 15866
Skipped Seq from 15866 to 15870
Skipped Seq from 15873 to 15875
Skipped Seq from 15876 to 15878
Skipped Seq from 15879 to 15881
Skipped Seq from 15881 to 15883
Skipped Seq from 15883 to 15886
Skipped Seq from 15886 to 15889
Skipped Seq from 15890 to 15892
Skipped Seq from 15892 to 15894
Skipped Seq from 15894 to 15900
Skipped Seq from 15901 to 15905
Skipped Seq from 15905 to 15908
Skipped Seq from 15910 to 15912
Skipped Seq from 15918 to 15920
Skipped Seq from 15927 to 15929
Skipped Seq from 15931 to 15935
Skipped Seq from 15935 to 15937
Skipped Seq from 15937 to 15940
Skipped Seq from 15941 to 15943
Skipped Seq from 15945 to 15947
Skipped Seq from 15948 to 15950
Skipped Seq from 15954 to 15956
Skipped Seq from 15963 to 15965
Skipped Seq from 15966 to 15969
Skipped Seq from 15969 to 15973
Skipped Seq from 15973 to 15975
Skipped Seq from 15975 to 15977
Skipped Seq from 15979 to 15983
Skipped Seq from 15983 to 15986
Skipped Seq from 15987 to 15996
Skipped Seq from 15996 to 16002
Skipped Seq from 16005 to 16007
Skipped Seq from 16007 to 16011
Skipped Seq from 16011 to 16016
Skipped Seq from 16016 to 16018
Skipped Seq from 16018 to 16021
Skipped Seq from 16022 to 16024
Skipped Seq from 16027 to 16030
Skipped Seq from 16030 to 16033
Skipped Seq from 16033 to 16035
Skipped Seq from 16036 to 16038
Skipped Seq from 16038 to 16040
Skipped Seq from 16043 to 16045
Skipped Seq from 16046 to 16048
Skipped Seq from 16048 to 16052
Skipped Seq from 16056 to 16058
Skipped Seq from 16059 to 16062
Skipped Seq from 16064 to 16067
Skipped Seq from 16070 to 16072
Skipped Seq from 16074 to 16076
Skipped Seq from 16077 to 16086
Skipped Seq from 16087 to 16092
Skipped Seq from 16092 to 16094
Skipped Seq from 16094 to 16097
Skipped Seq from 16097 to 16105
Skipped Seq from 16105 to 16113
Skipped Seq from 16113 to 16119
Skipped Seq from 16119 to 16126
Skipped Seq from 16126 to 16131
Skipped Seq from 16131 to 16134
Skipped Seq from 16134 to 16137
Skipped Seq from 16138 to 16141
Skipped Seq from 16141 to 16144
Skipped Seq from 16146 to 16149
Skipped Seq from 16155 to 16157
Skipped Seq from 16159 to 16161
Skipped Seq from 16163 to 16167
Skipped Seq from 16170 to 16172
Skipped Seq from 16173 to 16175
Skipped Seq from 16178 to 16180
Skipped Seq from 16182 to 16184
Skipped Seq from 16189 to 16191
Skipped Seq from 16197 to 16199
Skipped Seq from 16200 to 16202
Skipped Seq from 16204 to 16206
Skipped Seq from 16206 to 16208
Skipped Seq from 16209 to 16212
Skipped Seq from 16212 to 16214
Skipped Seq from 16216 to 16218
Skipped Seq from 16219 to 16221
Skipped Seq from 16221 to 16225
Skipped Seq from 16225 to 16230
Skipped Seq from 16232 to 16234
Skipped Seq from 16234 to 16237
Skipped Seq from 16237 to 16239
Skipped Seq from 16239 to 16241
Skipped Seq from 16241 to 16243
Skipped Seq from 16251 to 16256
Skipped Seq from 16256 to 16261
Skipped Seq from 16262 to 16264
Skipped Seq from 16266 to 16268
Skipped Seq from 16271 to 16274
Skipped Seq from 16280 to 16282
Skipped Seq from 16290 to 16292
Skipped Seq from 16293 to 16296
Skipped Seq from 16298 to 16300
Skipped Seq from 16300 to 16303
Skipped Seq from 16304 to 16307
Skipped Seq from 16308 to 16311
Skipped Seq from 16311 to 16315
Skipped Seq from 16315 to 16323
Skipped Seq from 16329 to 16331
Skipped Seq from 16331 to 16333
Skipped Seq from 16335 to 16337
Skipped Seq from 16340 to 16343
Skipped Seq from 16344 to 16346
Skipped Seq from 16346 to 16348
Skipped Seq from 16350 to 16353
Skipped Seq from 16353 to 16358
Skipped Seq from 16360 to 16362
Skipped Seq from 16365 to 16367
Skipped Seq from 16367 to 16371
Skipped Seq from 16371 to 16375
Skipped Seq from 16377 to 16382
Skipped Seq from 16382 to 16386
Skipped Seq from 16388 to 16391
Skipped Seq from 16391 to 16395
Skipped Seq from 16397 to 16399
Skipped Seq from 16399 to 16401
Skipped Seq from 16404 to 16406
Skipped Seq from 16407 to 16409
Skipped Seq from 16409 to 16411
Skipped Seq from 16411 to 16413
Skipped Seq from 16413 to 16416
Skipped Seq from 16416 to 16418
Skipped Seq from 16418 to 16424
Skipped Seq from 16424 to 16427
Skipped Seq from 16428 to 16433
Skipped Seq from 16433 to 16435
Skipped Seq from 16437 to 16439
Skipped Seq from 16446 to 16448
Skipped Seq from 16448 to 16450
Skipped Seq from 16454 to 16456
Skipped Seq from 16456 to 16461
Skipped Seq from 16461 to 16463
Skipped Seq from 16466 to 16470
Skipped Seq from 16471 to 16473
Skipped Seq from 16474 to 16476
Skipped Seq from 16479 to 16481
Skipped Seq from 16483 to 16486
Skipped Seq from 16487 to 16493
Skipped Seq from 16493 to 16500
Skipped Seq from 16502 to 16504
Skipped Seq from 16504 to 16506
Skipped Seq from 16514 to 16516
Skipped Seq from 16518 to 16522
Skipped Seq from 16523 to 16525
Skipped Seq from 16526 to 16528
Skipped Seq from 16532 to 16535
Skipped Seq from 16536 to 16538
Skipped Seq from 16539 to 16541
Skipped Seq from 16544 to 16546
Skipped Seq from 16546 to 16548
Skipped Seq from 16549 to 16553
Skipped Seq from 16555 to 16557
Skipped Seq from 16559 to 16561
Skipped Seq from 16561 to 16563
Skipped Seq from 16565 to 16569
Skipped Seq from 16570 to 16576
Skipped Seq from 16576 to 16578
Skipped Seq from 16583 to 16587
Skipped Seq from 16587 to 16589
Skipped Seq from 16591 to 16594
Skipped Seq from 16599 to 16601
Skipped Seq from 16607 to 16609
Skipped Seq from 16612 to 16614
Skipped Seq from 16618 to 16620
Skipped Seq from 16623 to 16625
Skipped Seq from 16637 to 16639
Skipped Seq from 16641 to 16643
Skipped Seq from 16646 to 16649
Skipped Seq from 16650 to 16652
Skipped Seq from 16652 to 16659
Skipped Seq from 16659 to 16664
Skipped Seq from 16664 to 16667
Skipped Seq from 16667 to 16669
Skipped Seq from 16670 to 16672
Skipped Seq from 16673 to 16676
Skipped Seq from 16676 to 16681
Skipped Seq from 16683 to 16685
Skipped Seq from 16687 to 16690
Skipped Seq from 16691 to 16696
Skipped Seq from 16697 to 16699
Skipped Seq from 16702 to 16704
Skipped Seq from 16704 to 16706
Skipped Seq from 16706 to 16708
Skipped Seq from 16708 to 16711
Skipped Seq from 16711 to 16714
Skipped Seq from 16714 to 16717
Skipped Seq from 16717 to 16719
Skipped Seq from 16719 to 16721
Skipped Seq from 16721 to 16723
Skipped Seq from 16723 to 16725
Skipped Seq from 16727 to 16729
Skipped Seq from 16729 to 16731
Skipped Seq from 16731 to 16733
Skipped Seq from 16736 to 16738
Skipped Seq from 16740 to 16742
Skipped Seq from 16743 to 16745
Skipped Seq from 16747 to 16749
Skipped Seq from 16752 to 16754
Skipped Seq from 16757 to 16759
Skipped Seq from 16759 to 16761
Skipped Seq from 16762 to 16766
Skipped Seq from 16767 to 16772
Skipped Seq from 16772 to 16779
Skipped Seq from 16780 to 16782
Skipped Seq from 16782 to 16786
Skipped Seq from 16787 to 16789
Skipped Seq from 16789 to 16791
Skipped Seq from 16791 to 16794
Skipped Seq from 16795 to 16797
Skipped Seq from 16797 to 16803
Skipped Seq from 16805 to 16809
Skipped Seq from 16810 to 16812
Skipped Seq from 16813 to 16815
Skipped Seq from 16815 to 16817
Skipped Seq from 16817 to 16819
Skipped Seq from 16819 to 16824
Skipped Seq from 16827 to 16829
Skipped Seq from 16832 to 16834
Skipped Seq from 16834 to 16839
Skipped Seq from 16842 to 16844
Skipped Seq from 16846 to 16850
Skipped Seq from 16850 to 16855
Skipped Seq from 16855 to 16859
Skipped Seq from 16859 to 16861
Skipped Seq from 16862 to 16864
Skipped Seq from 16864 to 16867
Skipped Seq from 16868 to 16871
Skipped Seq from 16873 to 16875
Skipped Seq from 16878 to 16882
Skipped Seq from 16882 to 16884
Skipped Seq from 16887 to 16890
Skipped Seq from 16891 to 16893
Skipped Seq from 16897 to 16899
Skipped Seq from 16899 to 16901
Skipped Seq from 16901 to 16904
Skipped Seq from 16904 to 16909
Skipped Seq from 16909 to 16913
Skipped Seq from 16915 to 16918
Skipped Seq from 16920 to 16934
Skipped Seq from 16934 to 16938
Skipped Seq from 16938 to 16942
Skipped Seq from 16942 to 16949
Skipped Seq from 16950 to 16953
Skipped Seq from 16954 to 16957
Skipped Seq from 16959 to 16961
Skipped Seq from 16961 to 16963
Skipped Seq from 16963 to 16969
Skipped Seq from 16970 to 16974
Skipped Seq from 16975 to 16978
Skipped Seq from 16979 to 16981
Skipped Seq from 16983 to 16986
Skipped Seq from 16986 to 16993
Skipped Seq from 16993 to 16995
Skipped Seq from 16995 to 17001
Skipped Seq from 17001 to 17008
Skipped Seq from 17008 to 17011
Skipped Seq from 17012 to 17021
Skipped Seq from 17026 to 17028
Skipped Seq from 17030 to 17032
Skipped Seq from 17034 to 17036
Skipped Seq from 17040 to 17042
Skipped Seq from 17043 to 17045
Skipped Seq from 17046 to 17050
Skipped Seq from 17051 to 17059
Skipped Seq from 17060 to 17062
Skipped Seq from 17062 to 17064
Skipped Seq from 17065 to 17069
Skipped Seq from 17069 to 17073
Skipped Seq from 17074 to 17076
Skipped Seq from 17078 to 17081
Skipped Seq from 17081 to 17083
Skipped Seq from 17083 to 17085
Skipped Seq from 17086 to 17088
Skipped Seq from 17088 to 17093
Skipped Seq from 17093 to 17095
Skipped Seq from 17095 to 17097
Skipped Seq from 17099 to 17101
Skipped Seq from 17101 to 17103
Skipped Seq from 17103 to 17106
Skipped Seq from 17107 to 17109
Skipped Seq from 17110 to 17115
Skipped Seq from 17115 to 17118
Skipped Seq from 17122 to 17125
Skipped Seq from 17127 to 17129
Skipped Seq from 17131 to 17133
Skipped Seq from 17136 to 17139
Skipped Seq from 17139 to 17142
Skipped Seq from 17142 to 17144
Skipped Seq from 17146 to 17148
Skipped Seq from 17156 to 17158
Skipped Seq from 17158 to 17160
Skipped Seq from 17162 to 17165
Skipped Seq from 17165 to 17170
Skipped Seq from 17170 to 17176
Skipped Seq from 17176 to 17181
Skipped Seq from 17183 to 17185
Skipped Seq from 17189 to 17191
Skipped Seq from 17193 to 17195
Skipped Seq from 17195 to 17197
Skipped Seq from 17198 to 17200
Skipped Seq from 17200 to 17202
Skipped Seq from 17203 to 17209
Skipped Seq from 17209 to 17216
Skipped Seq from 17216 to 17222
Skipped Seq from 17222 to 17229
Skipped Seq from 17229 to 17233
Skipped Seq from 17233 to 17238
Skipped Seq from 17238 to 17242
Skipped Seq from 17242 to 17247
Skipped Seq from 17247 to 17249
Skipped Seq from 17249 to 17251
Skipped Seq from 17254 to 17258
Skipped Seq from 17258 to 17260
Skipped Seq from 17262 to 17264
Skipped Seq from 17265 to 17267
Skipped Seq from 17272 to 17275
Skipped Seq from 17275 to 17280
Skipped Seq from 17280 to 17282
Skipped Seq from 17284 to 17286
Skipped Seq from 17288 to 17297
Skipped Seq from 17297 to 17301
Skipped Seq from 17301 to 17307
Skipped Seq from 17307 to 17312
Skipped Seq from 17317 to 17319
Skipped Seq from 17321 to 17324
Skipped Seq from 17324 to 17326
Skipped Seq from 17326 to 17334
Skipped Seq from 17337 to 17339
Skipped Seq from 17340 to 17343
Skipped Seq from 17345 to 17349
Skipped Seq from 17349 to 17354
Skipped Seq from 17356 to 17358
Skipped Seq from 17358 to 17360
Skipped Seq from 17361 to 17363
Skipped Seq from 17366 to 17368
Skipped Seq from 17368 to 17370
Skipped Seq from 17370 to 17372
Skipped Seq from 17372 to 17376
Skipped Seq from 17376 to 17381
Skipped Seq from 17382 to 17384
Skipped Seq from 17385 to 17387
Skipped Seq from 17387 to 17391
Skipped Seq from 17391 to 17393
Skipped Seq from 17395 to 17398
Skipped Seq from 17398 to 17401
Skipped Seq from 17401 to 17403
Skipped Seq from 17408 to 17410
Skipped Seq from 17412 to 17418
Skipped Seq from 17418 to 17425
Skipped Seq from 17425 to 17427
Skipped Seq from 17432 to 17434
Skipped Seq from 17435 to 17437
Skipped Seq from 17440 to 17445
Skipped Seq from 17450 to 17452
Skipped Seq from 17455 to 17459
Skipped Seq from 17459 to 17462
Skipped Seq from 17462 to 17468
Skipped Seq from 17468 to 17472
Skipped Seq from 17472 to 17474
Skipped Seq from 17475 to 17477
Skipped Seq from 17477 to 17480
Skipped Seq from 17480 to 17482
Skipped Seq from 17483 to 17485
Skipped Seq from 17486 to 17491
Skipped Seq from 17491 to 17497
Skipped Seq from 17497 to 17499
Skipped Seq from 17499 to 17501
Skipped Seq from 17501 to 17505
Skipped Seq from 17505 to 17508
Skipped Seq from 17508 to 17511
Skipped Seq from 17514 to 17518
Skipped Seq from 17519 to 17526
Skipped Seq from 17526 to 17533
Skipped Seq from 17533 to 17539
Skipped Seq from 17539 to 17543
Skipped Seq from 17544 to 17546
Skipped Seq from 17547 to 17549
Skipped Seq from 17550 to 17552
Skipped Seq from 17553 to 17555
Skipped Seq from 17555 to 17560
Skipped Seq from 17562 to 17564
Skipped Seq from 17565 to 17571
Skipped Seq from 17571 to 17575
Skipped Seq from 17576 to 17578
Skipped Seq from 17579 to 17581
Skipped Seq from 17582 to 17584
Skipped Seq from 17586 to 17588
Skipped Seq from 17588 to 17592
Skipped Seq from 17592 to 17594
Skipped Seq from 17594 to 17597
Skipped Seq from 17597 to 17603
Skipped Seq from 17609 to 17612
Skipped Seq from 17613 to 17619
Skipped Seq from 17619 to 17624
Skipped Seq from 17626 to 17630
Skipped Seq from 17638 to 17640
Skipped Seq from 17642 to 17644
Skipped Seq from 17644 to 17651
Skipped Seq from 17651 to 17657
Skipped Seq from 17659 to 17661
Skipped Seq from 17661 to 17663
Skipped Seq from 17663 to 17668
Skipped Seq from 17668 to 17670
Skipped Seq from 17672 to 17674
Skipped Seq from 17676 to 17682
Skipped Seq from 17683 to 17685
Skipped Seq from 17685 to 17687
Skipped Seq from 17687 to 17694
Skipped Seq from 17694 to 17696
Skipped Seq from 17698 to 17700
Skipped Seq from 17705 to 17707
Skipped Seq from 17710 to 17713
Skipped Seq from 17713 to 17716
Skipped Seq from 17716 to 17718
Skipped Seq from 17719 to 17721
Skipped Seq from 17721 to 17724
Skipped Seq from 17725 to 17727
Skipped Seq from 17729 to 17731
Skipped Seq from 17734 to 17739
Skipped Seq from 17739 to 17744
Skipped Seq from 17744 to 17750
Skipped Seq from 17750 to 17756
Skipped Seq from 17764 to 17768
Skipped Seq from 17768 to 17772
Skipped Seq from 17772 to 17778
Skipped Seq from 17778 to 17780
Skipped Seq from 17783 to 17785
Skipped Seq from 17788 to 17792
Skipped Seq from 17798 to 17802
Skipped Seq from 17804 to 17807
Skipped Seq from 17808 to 17812
Skipped Seq from 17812 to 17814
Skipped Seq from 17820 to 17822
Skipped Seq from 17822 to 17824
Skipped Seq from 17826 to 17828
Skipped Seq from 17829 to 17831
Skipped Seq from 17833 to 17836
Skipped Seq from 17836 to 17840
Skipped Seq from 17841 to 17843
Skipped Seq from 17847 to 17851
Skipped Seq from 17851 to 17853
Skipped Seq from 17853 to 17856
Skipped Seq from 17857 to 17859
Skipped Seq from 17859 to 17861
Skipped Seq from 17863 to 17866
Skipped Seq from 17866 to 17869
Skipped Seq from 17869 to 17871
Skipped Seq from 17871 to 17878
Skipped Seq from 17878 to 17884
Skipped Seq from 17886 to 17888
Skipped Seq from 17888 to 17892
Skipped Seq from 17892 to 17898
Skipped Seq from 17899 to 17901
Skipped Seq from 17902 to 17904
Skipped Seq from 17904 to 17908
Skipped Seq from 17908 to 17911
Skipped Seq from 17914 to 17917
Skipped Seq from 17918 to 17921
Skipped Seq from 17922 to 17924
Skipped Seq from 17925 to 17931
Skipped Seq from 17932 to 17935
Skipped Seq from 17936 to 17941
Skipped Seq from 17944 to 17948
Skipped Seq from 17950 to 17957
Skipped Seq from 17958 to 17960
Skipped Seq from 17965 to 17967
Skipped Seq from 17968 to 17971
Skipped Seq from 17974 to 17977
Skipped Seq from 17982 to 17985
Skipped Seq from 17985 to 17987
Skipped Seq from 17988 to 17990
Skipped Seq from 17992 to 17997
Skipped Seq from 17997 to 18011
Skipped Seq from 18011 to 18014
Skipped Seq from 18016 to 18018
Skipped Seq from 18019 to 18026
Skipped Seq from 18026 to 18030
Skipped Seq from 18031 to 18034
Skipped Seq from 18035 to 18041
Skipped Seq from 18048 to 18050
Skipped Seq from 18072 to 18074
Skipped Seq from 18075 to 18077
Number of times throttled: 3
Received: 21304 / 22533 packets
Start time: 1315211148.437208
End time: 1315211184.989502
Duration: 36.552294
