Starting client at 10.0.0.28:1234 with timeout:10
My IP address is 10.0.0.28Skipped Seq from 966 to 973
Skipped Seq from 973 to 977
Skipped Seq from 977 to 980
Skipped Seq from 983 to 987
Skipped Seq from 991 to 995
Skipped Seq from 997 to 1001
Skipped Seq from 1001 to 1003
Skipped Seq from 1004 to 1010
Skipped Seq from 1010 to 1018
Skipped Seq from 1018 to 1023
Skipped Seq from 1024 to 1028
Skipped Seq from 1030 to 1032
Skipped Seq from 1034 to 1036
Skipped Seq from 1040 to 1042
Skipped Seq from 1042 to 1044
Skipped Seq from 1048 to 1050
Skipped Seq from 1050 to 1052
Skipped Seq from 1058 to 1060
Skipped Seq from 1066 to 1069
Skipped Seq from 1071 to 1074
Skipped Seq from 1075 to 1081
Skipped Seq from 1081 to 1091
Skipped Seq from 1092 to 1097
Skipped Seq from 1097 to 1106
Skipped Seq from 1106 to 1111
Skipped Seq from 1111 to 1119
Skipped Seq from 1119 to 1128
Skipped Seq from 1128 to 1137
Skipped Seq from 1137 to 1154
Skipped Seq from 1154 to 1158
Skipped Seq from 1158 to 1165
Skipped Seq from 1165 to 1173
Skipped Seq from 1173 to 1182
Skipped Seq from 1182 to 1189
Skipped Seq from 1189 to 1193
Skipped Seq from 1193 to 1201
Skipped Seq from 1201 to 1207
Skipped Seq from 1209 to 1211
Skipped Seq from 1213 to 1215
Skipped Seq from 1218 to 1220
Skipped Seq from 1221 to 1224
Skipped Seq from 1228 to 1233
Skipped Seq from 1235 to 1240
Skipped Seq from 1242 to 1248
Skipped Seq from 1249 to 1253
Skipped Seq from 1253 to 1255
Skipped Seq from 1257 to 1263
Skipped Seq from 1263 to 1271
Skipped Seq from 1271 to 1279
Skipped Seq from 1279 to 1287
Skipped Seq from 1288 to 1296
Skipped Seq from 1301 to 1303
Skipped Seq from 1303 to 1305
Skipped Seq from 1305 to 1311
Skipped Seq from 1311 to 1313
Skipped Seq from 1314 to 1320
Skipped Seq from 1320 to 1328
Skipped Seq from 1328 to 1336
Skipped Seq from 1338 to 1340
Skipped Seq from 1340 to 1342
Skipped Seq from 1343 to 1345
Skipped Seq from 1350 to 1352
Skipped Seq from 1352 to 1359
Skipped Seq from 1359 to 1362
Skipped Seq from 1362 to 1365
Skipped Seq from 1367 to 1375
Skipped Seq from 1379 to 1381
Skipped Seq from 1385 to 1387
Skipped Seq from 1389 to 1391
Skipped Seq from 1392 to 1394
Skipped Seq from 1395 to 1397
Skipped Seq from 1400 to 1404
Skipped Seq from 1410 to 1413
Skipped Seq from 1419 to 1421
Skipped Seq from 1421 to 1426
Skipped Seq from 1426 to 1434
Skipped Seq from 1435 to 1442
Skipped Seq from 1442 to 1444
Skipped Seq from 1444 to 1447
Skipped Seq from 1447 to 1454
Skipped Seq from 1454 to 1461
Skipped Seq from 1463 to 1469
Skipped Seq from 1470 to 1474
Skipped Seq from 1474 to 1476
Skipped Seq from 1488 to 1494
Skipped Seq from 1494 to 1506
Skipped Seq from 1506 to 1513
Skipped Seq from 1513 to 1515
Skipped Seq from 1515 to 1517
Skipped Seq from 1517 to 1519
Skipped Seq from 1536 to 1538
Skipped Seq from 1545 to 1547
Skipped Seq from 1549 to 1551
Skipped Seq from 1555 to 1557
Skipped Seq from 1558 to 1560
Skipped Seq from 1560 to 1564
Skipped Seq from 1566 to 1568
Skipped Seq from 1569 to 1573
Skipped Seq from 1576 to 1580
Skipped Seq from 1582 to 1587
Skipped Seq from 1590 to 1592
Skipped Seq from 1594 to 1597
Skipped Seq from 1602 to 1604
Skipped Seq from 1611 to 1613
Skipped Seq from 1617 to 1621
Skipped Seq from 1624 to 1626
Skipped Seq from 1628 to 1630
Skipped Seq from 1633 to 1635
Skipped Seq from 1636 to 1638
Skipped Seq from 1641 to 1645
Skipped Seq from 1648 to 1651
Skipped Seq from 1655 to 1658
Skipped Seq from 1661 to 1665
Skipped Seq from 1672 to 1674
Skipped Seq from 1680 to 1682
Skipped Seq from 1689 to 1691
Skipped Seq from 1692 to 1695
Skipped Seq from 1698 to 1703
Skipped Seq from 1706 to 1711
Skipped Seq from 1714 to 1719
Skipped Seq from 1719 to 1724
Skipped Seq from 1724 to 1731
Skipped Seq from 1736 to 1738
Skipped Seq from 1738 to 1740
Skipped Seq from 1740 to 1745
Skipped Seq from 1745 to 1750
Skipped Seq from 1750 to 1754
Skipped Seq from 1756 to 1758
Skipped Seq from 1766 to 1768
Skipped Seq from 1769 to 1771
Skipped Seq from 1775 to 1777
Skipped Seq from 1777 to 1779
Skipped Seq from 1783 to 1785
Skipped Seq from 1791 to 1793
Skipped Seq from 1793 to 1795
Skipped Seq from 1799 to 1801
Skipped Seq from 1801 to 1803
Skipped Seq from 1803 to 1807
Skipped Seq from 1808 to 1810
Skipped Seq from 1812 to 1816
Skipped Seq from 1818 to 1820
Skipped Seq from 1820 to 1823
Skipped Seq from 1827 to 1829
Skipped Seq from 1830 to 1832
Skipped Seq from 1837 to 1840
Skipped Seq from 1845 to 1847
Skipped Seq from 1853 to 1861
Skipped Seq from 1864 to 1868
Skipped Seq from 1869 to 1874
Skipped Seq from 1876 to 1878
Skipped Seq from 1878 to 1881
Skipped Seq from 1881 to 1889
Skipped Seq from 1889 to 1897
Skipped Seq from 1897 to 1904
Skipped Seq from 1906 to 1910
Skipped Seq from 1910 to 1912
Skipped Seq from 1913 to 1918
Skipped Seq from 1922 to 1925
Skipped Seq from 1925 to 1927
Skipped Seq from 1927 to 1929
Skipped Seq from 1935 to 1937
Skipped Seq from 1944 to 1946
Skipped Seq from 1948 to 1950
Skipped Seq from 1953 to 1955
Skipped Seq from 1962 to 1964
Skipped Seq from 1964 to 1966
Skipped Seq from 1970 to 1976
Skipped Seq from 1976 to 1978
Skipped Seq from 1978 to 1980
Skipped Seq from 1980 to 1985
Skipped Seq from 1985 to 1987
Skipped Seq from 1987 to 1991
Skipped Seq from 1991 to 1995
Skipped Seq from 1996 to 1998
Skipped Seq from 2005 to 2009
Skipped Seq from 2010 to 2024
Skipped Seq from 2024 to 2032
Skipped Seq from 2046 to 2048
Skipped Seq from 2054 to 2056
Skipped Seq from 2062 to 2064
Skipped Seq from 2071 to 2073
Skipped Seq from 2079 to 2081
Skipped Seq from 2087 to 2092
Skipped Seq from 2092 to 2100
Skipped Seq from 2100 to 2108
Skipped Seq from 2108 to 2116
Skipped Seq from 2116 to 2119
Skipped Seq from 2123 to 2125
Skipped Seq from 2131 to 2133
Skipped Seq from 2135 to 2137
Skipped Seq from 2137 to 2141
Skipped Seq from 2144 to 2146
Skipped Seq from 2152 to 2154
Skipped Seq from 2161 to 2163
Skipped Seq from 2164 to 2168
Skipped Seq from 2171 to 2173
Skipped Seq from 2173 to 2175
Skipped Seq from 2175 to 2181
Skipped Seq from 2181 to 2190
Skipped Seq from 2191 to 2193
Skipped Seq from 2196 to 2198
Skipped Seq from 2205 to 2207
Skipped Seq from 2209 to 2214
Skipped Seq from 2215 to 2218
Skipped Seq from 2218 to 2224
Skipped Seq from 2225 to 2231
Skipped Seq from 2232 to 2235
Skipped Seq from 2235 to 2237
Skipped Seq from 2266 to 2269
Skipped Seq from 2270 to 2272
Skipped Seq from 2272 to 2280
Skipped Seq from 2280 to 2284
Skipped Seq from 2287 to 2289
Skipped Seq from 2289 to 2291
Skipped Seq from 2291 to 2293
Skipped Seq from 2293 to 2296
Skipped Seq from 2296 to 2301
Skipped Seq from 2303 to 2307
Skipped Seq from 2307 to 2312
Skipped Seq from 2315 to 2321
Skipped Seq from 2323 to 2328
Skipped Seq from 2328 to 2331
Skipped Seq from 2331 to 2335
Skipped Seq from 2337 to 2341
Skipped Seq from 2341 to 2347
Skipped Seq from 2349 to 2354
Skipped Seq from 2356 to 2361
Skipped Seq from 2362 to 2370
Skipped Seq from 2370 to 2373
Skipped Seq from 2375 to 2377
Skipped Seq from 2380 to 2382
Skipped Seq from 2382 to 2384
Skipped Seq from 2384 to 2386
Skipped Seq from 2386 to 2388
Skipped Seq from 2392 to 2397
Skipped Seq from 2401 to 2405
Skipped Seq from 2410 to 2413
Skipped Seq from 2418 to 2420
Skipped Seq from 2420 to 2422
Skipped Seq from 2426 to 2429
Skipped Seq from 2430 to 2432
Skipped Seq from 2437 to 2439
Skipped Seq from 2439 to 2442
Skipped Seq from 2444 to 2446
Skipped Seq from 2450 to 2455
Skipped Seq from 2458 to 2463
Skipped Seq from 2466 to 2469
Skipped Seq from 2474 to 2478
Skipped Seq from 2482 to 2486
Skipped Seq from 2486 to 2488
Skipped Seq from 2489 to 2493
Skipped Seq from 2495 to 2503
Skipped Seq from 2503 to 2515
Skipped Seq from 2515 to 2522
Skipped Seq from 2522 to 2528
Skipped Seq from 2528 to 2531
Skipped Seq from 2531 to 2533
Skipped Seq from 2535 to 2537
Skipped Seq from 2543 to 2545
Skipped Seq from 2549 to 2551
Skipped Seq from 2551 to 2553
Skipped Seq from 2553 to 2555
Skipped Seq from 2562 to 2564
Skipped Seq from 2566 to 2569
Skipped Seq from 2571 to 2573
Skipped Seq from 2573 to 2577
Skipped Seq from 2580 to 2585
Skipped Seq from 2587 to 2593
Skipped Seq from 2596 to 2601
Skipped Seq from 2605 to 2607
Skipped Seq from 2608 to 2611
Skipped Seq from 2611 to 2614
Skipped Seq from 2622 to 2624
Skipped Seq from 2626 to 2632
Skipped Seq from 2632 to 2639
Skipped Seq from 2639 to 2645
Skipped Seq from 2647 to 2653
Skipped Seq from 2653 to 2659
Skipped Seq from 2660 to 2664
Skipped Seq from 2664 to 2674
Skipped Seq from 2674 to 2682
Skipped Seq from 2682 to 2689
Skipped Seq from 2689 to 2695
Skipped Seq from 2696 to 2698
Skipped Seq from 2701 to 2703
Skipped Seq from 2708 to 2710
Skipped Seq from 2718 to 2721
Skipped Seq from 2724 to 2736
Skipped Seq from 2736 to 2739
Skipped Seq from 2743 to 2745
Skipped Seq from 2745 to 2752
Skipped Seq from 2752 to 2758
Skipped Seq from 2759 to 2766
Skipped Seq from 2767 to 2776
Skipped Seq from 2776 to 2782
Skipped Seq from 2782 to 2786
Skipped Seq from 2797 to 2799
Skipped Seq from 2803 to 2805
Skipped Seq from 2806 to 2808
Skipped Seq from 2809 to 2812
Skipped Seq from 2814 to 2816
Skipped Seq from 2816 to 2818
Skipped Seq from 2819 to 2821
Skipped Seq from 2824 to 2826
Skipped Seq from 2829 to 2831
Skipped Seq from 2831 to 2834
Skipped Seq from 2834 to 2836
Skipped Seq from 2837 to 2839
Skipped Seq from 2844 to 2846
Skipped Seq from 2849 to 2851
Skipped Seq from 2855 to 2859
Skipped Seq from 2865 to 2867
Skipped Seq from 2869 to 2871
Skipped Seq from 2872 to 2874
Skipped Seq from 2876 to 2879
Skipped Seq from 2881 to 2883
Skipped Seq from 2884 to 2886
Skipped Seq from 2889 to 2891
Skipped Seq from 2891 to 2894
Skipped Seq from 2902 to 2911
Skipped Seq from 2916 to 2918
Skipped Seq from 2919 to 2921
Skipped Seq from 2927 to 2929
Skipped Seq from 2937 to 2939
Skipped Seq from 2945 to 2947
Skipped Seq from 2955 to 2959
Skipped Seq from 2963 to 2967
Skipped Seq from 2970 to 2973
Skipped Seq from 2977 to 2979
Skipped Seq from 2979 to 2981
Skipped Seq from 2987 to 2989
Skipped Seq from 2995 to 2997
Skipped Seq from 3000 to 3002
Skipped Seq from 3004 to 3006
Skipped Seq from 3010 to 3013
Skipped Seq from 3013 to 3019
Skipped Seq from 3021 to 3023
Skipped Seq from 3023 to 3027
Skipped Seq from 3030 to 3034
Skipped Seq from 3040 to 3042
Skipped Seq from 3047 to 3049
Skipped Seq from 3049 to 3051
Skipped Seq from 3057 to 3059
Skipped Seq from 3065 to 3067
Skipped Seq from 3067 to 3070
Skipped Seq from 3070 to 3073
Skipped Seq from 3073 to 3075
Skipped Seq from 3082 to 3084
Skipped Seq from 3089 to 3092
Skipped Seq from 3092 to 3095
Skipped Seq from 3095 to 3099
Skipped Seq from 3102 to 3105
Skipped Seq from 3109 to 3111
Skipped Seq from 3111 to 3113
Skipped Seq from 3117 to 3119
Skipped Seq from 3119 to 3121
Skipped Seq from 3123 to 3125
Skipped Seq from 3126 to 3128
Skipped Seq from 3129 to 3131
Skipped Seq from 3136 to 3145
Skipped Seq from 3145 to 3151
Skipped Seq from 3152 to 3159
Skipped Seq from 3160 to 3165
Skipped Seq from 3165 to 3167
Skipped Seq from 3167 to 3172
Skipped Seq from 3172 to 3174
Skipped Seq from 3176 to 3178
Skipped Seq from 3182 to 3184
Skipped Seq from 3186 to 3188
Skipped Seq from 3196 to 3198
Skipped Seq from 3199 to 3202
Skipped Seq from 3205 to 3207
Skipped Seq from 3208 to 3210
Skipped Seq from 3214 to 3217
Skipped Seq from 3217 to 3219
Skipped Seq from 3226 to 3228
Skipped Seq from 3234 to 3236
Skipped Seq from 3244 to 3246
Skipped Seq from 3249 to 3251
Skipped Seq from 3253 to 3255
Skipped Seq from 3257 to 3262
Skipped Seq from 3262 to 3269
Skipped Seq from 3269 to 3272
Skipped Seq from 3273 to 3275
Skipped Seq from 3275 to 3279
Skipped Seq from 3285 to 3287
Skipped Seq from 3292 to 3295
Skipped Seq from 3300 to 3303
Skipped Seq from 3303 to 3305
Skipped Seq from 3308 to 3310
Skipped Seq from 3311 to 3313
Skipped Seq from 3316 to 3318
Skipped Seq from 3319 to 3323
Skipped Seq from 3338 to 3340
Skipped Seq from 3345 to 3349
Skipped Seq from 3354 to 3357
Skipped Seq from 3357 to 3360
Skipped Seq from 3360 to 3363
Skipped Seq from 3365 to 3367
Skipped Seq from 3374 to 3376
Skipped Seq from 3381 to 3383
Skipped Seq from 3384 to 3391
Skipped Seq from 3391 to 3395
Skipped Seq from 3395 to 3399
Skipped Seq from 3399 to 3402
Skipped Seq from 3402 to 3404
Skipped Seq from 3404 to 3406
Skipped Seq from 3413 to 3416
Skipped Seq from 3416 to 3419
Skipped Seq from 3437 to 3440
Skipped Seq from 3482 to 3491
Skipped Seq from 3491 to 3495
Skipped Seq from 3495 to 3499
Skipped Seq from 3506 to 3511
Skipped Seq from 3512 to 3516
Skipped Seq from 3516 to 3518
Skipped Seq from 3519 to 3523
Skipped Seq from 3523 to 3527
Skipped Seq from 3527 to 3529
Skipped Seq from 3529 to 3533
Skipped Seq from 3546 to 3548
Skipped Seq from 3561 to 3563
Skipped Seq from 3572 to 3574
Skipped Seq from 3579 to 3581
Skipped Seq from 3623 to 3625
Skipped Seq from 3638 to 3640
Skipped Seq from 3657 to 3659
Skipped Seq from 3671 to 3673
Skipped Seq from 3675 to 3677
Skipped Seq from 3690 to 3692
Skipped Seq from 3714 to 3716
Skipped Seq from 3729 to 3731
Skipped Seq from 3758 to 3760
Skipped Seq from 3823 to 3825
Number of times throttled: 3
Received: 3089 / 4251 packets
Start time: 1315412466.715667
End time: 1315412471.887767
Duration: 5.172100
