Starting client at 10.0.0.21:1244 with timeout:10
My IP address is 10.0.0.21Skipped Seq from 16356 to 16360
Skipped Seq from 16360 to 16367
Skipped Seq from 16367 to 16369
Skipped Seq from 16369 to 16377
Skipped Seq from 16380 to 16382
Skipped Seq from 16387 to 16389
Skipped Seq from 16393 to 16395
Skipped Seq from 16395 to 16400
Skipped Seq from 16400 to 16402
Skipped Seq from 16402 to 16409
Skipped Seq from 16414 to 16421
Skipped Seq from 16421 to 16424
Skipped Seq from 16424 to 16426
Skipped Seq from 16426 to 16428
Skipped Seq from 16429 to 16431
Skipped Seq from 16432 to 16435
Skipped Seq from 16440 to 16442
Skipped Seq from 16445 to 16447
Skipped Seq from 16448 to 16450
Skipped Seq from 16452 to 16454
Skipped Seq from 16454 to 16459
Skipped Seq from 16459 to 16466
Skipped Seq from 16466 to 16468
Skipped Seq from 16468 to 16473
Skipped Seq from 16474 to 16476
Skipped Seq from 16477 to 16479
Skipped Seq from 16482 to 16485
Skipped Seq from 16485 to 16494
Skipped Seq from 16499 to 16501
Skipped Seq from 16508 to 16510
Skipped Seq from 16514 to 16516
Skipped Seq from 16522 to 16524
Skipped Seq from 16524 to 16528
Skipped Seq from 16528 to 16530
Skipped Seq from 16530 to 16538
Skipped Seq from 16538 to 16542
Skipped Seq from 16542 to 16546
Skipped Seq from 16546 to 16551
Skipped Seq from 16552 to 16554
Skipped Seq from 16556 to 16558
Skipped Seq from 16558 to 16565
Skipped Seq from 16569 to 16571
Skipped Seq from 16571 to 16574
Skipped Seq from 16574 to 16576
Skipped Seq from 16578 to 16581
Skipped Seq from 16581 to 16583
Skipped Seq from 16585 to 16587
Skipped Seq from 16587 to 16589
Skipped Seq from 16594 to 16599
Skipped Seq from 16599 to 16605
Skipped Seq from 16605 to 16609
Skipped Seq from 16610 to 16612
Skipped Seq from 16613 to 16616
Skipped Seq from 16618 to 16620
Skipped Seq from 16620 to 16623
Skipped Seq from 16623 to 16627
Skipped Seq from 16627 to 16629
Skipped Seq from 16629 to 16631
Skipped Seq from 16631 to 16638
Skipped Seq from 16638 to 16648
Skipped Seq from 16648 to 16653
Skipped Seq from 16653 to 16658
Skipped Seq from 16662 to 16669
Skipped Seq from 16669 to 16674
Skipped Seq from 16679 to 16681
Skipped Seq from 16685 to 16690
Skipped Seq from 16695 to 16697
Skipped Seq from 16702 to 16704
Skipped Seq from 16705 to 16707
Skipped Seq from 16720 to 16722
Skipped Seq from 16722 to 16726
Skipped Seq from 16726 to 16730
Skipped Seq from 16733 to 16735
Skipped Seq from 16740 to 16743
Skipped Seq from 16747 to 16749
Skipped Seq from 16751 to 16753
Skipped Seq from 16754 to 16756
Skipped Seq from 16756 to 16758
Skipped Seq from 16758 to 16760
Skipped Seq from 16761 to 16776
Skipped Seq from 16776 to 16780
Skipped Seq from 16780 to 16782
Skipped Seq from 16792 to 16794
Skipped Seq from 16800 to 16802
Skipped Seq from 16806 to 16808
Skipped Seq from 16808 to 16810
Skipped Seq from 16811 to 16817
Skipped Seq from 16817 to 16819
Skipped Seq from 16824 to 16826
Skipped Seq from 16826 to 16828
Skipped Seq from 16834 to 16837
Skipped Seq from 16837 to 16839
Skipped Seq from 16839 to 16841
Skipped Seq from 16841 to 16843
Skipped Seq from 16845 to 16847
Skipped Seq from 16847 to 16849
Skipped Seq from 16853 to 16855
Skipped Seq from 16859 to 16861
Skipped Seq from 16865 to 16867
Skipped Seq from 16869 to 16871
Skipped Seq from 16880 to 16882
Skipped Seq from 16885 to 16890
Skipped Seq from 16890 to 16893
Skipped Seq from 16895 to 16901
Skipped Seq from 16904 to 16908
Skipped Seq from 16910 to 16917
Skipped Seq from 16917 to 16923
Skipped Seq from 16923 to 16926
Skipped Seq from 16928 to 16930
Skipped Seq from 16930 to 16932
Skipped Seq from 16932 to 16936
Skipped Seq from 16936 to 16942
Skipped Seq from 16943 to 16948
Skipped Seq from 16948 to 16956
Skipped Seq from 16956 to 16961
Skipped Seq from 16962 to 16966
Skipped Seq from 16966 to 16969
Number of times throttled: 1
Received: 18109 / 18404 packets
Start time: 1315413561.311986
End time: 1315413583.835313
Duration: 22.523327
