Starting client at 10.0.0.15:1244 with timeout:10
My IP address is 10.0.0.15Skipped Seq from 3218 to 3220
Skipped Seq from 3220 to 3224
Skipped Seq from 3227 to 3230
Skipped Seq from 3237 to 3247
Skipped Seq from 3247 to 3251
Skipped Seq from 3255 to 3259
Skipped Seq from 3259 to 3262
Skipped Seq from 3263 to 3269
Skipped Seq from 3274 to 3283
Skipped Seq from 3287 to 3298
Skipped Seq from 3302 to 3312
Skipped Seq from 3319 to 3330
Skipped Seq from 3337 to 3339
Skipped Seq from 3340 to 3346
Skipped Seq from 3353 to 3364
Skipped Seq from 3365 to 3367
Skipped Seq from 3367 to 3376
Skipped Seq from 3376 to 3380
Skipped Seq from 3380 to 3382
Skipped Seq from 3386 to 3388
Skipped Seq from 3389 to 3391
Skipped Seq from 3394 to 3396
Skipped Seq from 3396 to 3398
Skipped Seq from 3399 to 3411
Skipped Seq from 3413 to 3415
Skipped Seq from 3417 to 3425
Skipped Seq from 3428 to 3433
Skipped Seq from 3434 to 3446
Skipped Seq from 3447 to 3453
Skipped Seq from 3457 to 3459
Skipped Seq from 3459 to 3462
Skipped Seq from 3467 to 3469
Skipped Seq from 3469 to 3471
Skipped Seq from 3472 to 3474
Skipped Seq from 3478 to 3480
Skipped Seq from 3482 to 3485
Skipped Seq from 3488 to 3491
Skipped Seq from 3494 to 3496
Skipped Seq from 3499 to 3501
Skipped Seq from 3501 to 3503
Skipped Seq from 3505 to 3508
Skipped Seq from 3509 to 3511
Skipped Seq from 3511 to 3513
Skipped Seq from 3516 to 3518
Skipped Seq from 3524 to 3526
Skipped Seq from 3526 to 3528
Skipped Seq from 3538 to 3540
Skipped Seq from 3545 to 3547
Skipped Seq from 3550 to 3552
Skipped Seq from 3562 to 3564
Skipped Seq from 3571 to 3573
Skipped Seq from 3573 to 3575
Skipped Seq from 3576 to 3578
Skipped Seq from 3583 to 3585
Skipped Seq from 3585 to 3587
Skipped Seq from 3587 to 3591
Skipped Seq from 3592 to 3594
Skipped Seq from 3594 to 3597
Skipped Seq from 3597 to 3600
Skipped Seq from 3600 to 3602
Skipped Seq from 3604 to 3606
Skipped Seq from 3606 to 3608
Skipped Seq from 3611 to 3613
Skipped Seq from 3617 to 3619
Skipped Seq from 3621 to 3623
Skipped Seq from 3625 to 3627
Skipped Seq from 3628 to 3630
Skipped Seq from 3633 to 3635
Skipped Seq from 3635 to 3637
Skipped Seq from 3637 to 3640
Skipped Seq from 3640 to 3644
Skipped Seq from 3644 to 3647
Skipped Seq from 3648 to 3650
Skipped Seq from 3654 to 3656
Skipped Seq from 3665 to 3667
Skipped Seq from 3669 to 3672
Skipped Seq from 3674 to 3676
Skipped Seq from 3680 to 3684
Skipped Seq from 3684 to 3686
Skipped Seq from 3691 to 3693
Skipped Seq from 3695 to 3698
Skipped Seq from 3700 to 3702
Skipped Seq from 3703 to 3705
Skipped Seq from 3714 to 3718
Skipped Seq from 3719 to 3721
Skipped Seq from 3723 to 3725
Skipped Seq from 3734 to 3736
Skipped Seq from 3741 to 3743
Skipped Seq from 3745 to 3747
Skipped Seq from 3747 to 3762
Skipped Seq from 3762 to 3777
Skipped Seq from 3777 to 3782
Skipped Seq from 3789 to 3792
Skipped Seq from 3796 to 3798
Skipped Seq from 3803 to 3814
Skipped Seq from 3814 to 3818
Skipped Seq from 3818 to 3839
Skipped Seq from 3841 to 3868
Skipped Seq from 3868 to 3884
Skipped Seq from 3889 to 3902
Skipped Seq from 3910 to 3923
Skipped Seq from 3923 to 3925
Skipped Seq from 3925 to 3927
Skipped Seq from 3928 to 3939
Skipped Seq from 3943 to 3945
Skipped Seq from 3945 to 3957
Skipped Seq from 3958 to 3975
Skipped Seq from 3975 to 3980
Skipped Seq from 3980 to 3995
Skipped Seq from 3996 to 4002
Skipped Seq from 4006 to 4012
Skipped Seq from 4016 to 4033
Skipped Seq from 4041 to 4044
Skipped Seq from 4045 to 4053
Skipped Seq from 4056 to 4058
Skipped Seq from 4058 to 4061
Skipped Seq from 4070 to 4072
Skipped Seq from 4088 to 4090
Skipped Seq from 4099 to 4101
Skipped Seq from 4104 to 4107
Skipped Seq from 4112 to 4118
Skipped Seq from 4130 to 4132
Skipped Seq from 4142 to 4145
Skipped Seq from 4146 to 4148
Skipped Seq from 4157 to 4159
Skipped Seq from 4159 to 4161
Skipped Seq from 4161 to 4163
Skipped Seq from 4167 to 4169
Skipped Seq from 4173 to 4175
Skipped Seq from 4175 to 4181
Skipped Seq from 4188 to 4193
Skipped Seq from 4194 to 4196
Skipped Seq from 4201 to 4203
Skipped Seq from 4204 to 4206
Number of times throttled: 4
Received: 3736 / 4212 packets
Start time: 1332763504.606930
End time: 1332763530.082002
Duration: 25.475072
