Starting client at 10.0.0.11:1270 with timeout:10
My IP address is 10.0.0.11Skipped Seq from 0 to 4
Skipped Seq from 6 to 18
Skipped Seq from 19 to 23
Skipped Seq from 23 to 31
Skipped Seq from 31 to 42
Skipped Seq from 43 to 60
Skipped Seq from 62 to 64
Skipped Seq from 83 to 85
Skipped Seq from 88 to 90
Skipped Seq from 96 to 98
Skipped Seq from 116 to 118
Skipped Seq from 121 to 124
Skipped Seq from 126 to 128
Skipped Seq from 140 to 142
Skipped Seq from 154 to 157
Skipped Seq from 159 to 161
Skipped Seq from 164 to 167
Skipped Seq from 167 to 171
Skipped Seq from 171 to 173
Skipped Seq from 178 to 180
Skipped Seq from 184 to 187
Skipped Seq from 187 to 189
Skipped Seq from 189 to 191
Skipped Seq from 197 to 199
Skipped Seq from 215 to 217
Skipped Seq from 256 to 258
Skipped Seq from 258 to 260
Skipped Seq from 261 to 263
Skipped Seq from 263 to 265
Skipped Seq from 377 to 379
Skipped Seq from 1812 to 1814
Skipped Seq from 1814 to 1816
Skipped Seq from 1816 to 1819
Skipped Seq from 1821 to 1823
Skipped Seq from 1827 to 1829
Skipped Seq from 1832 to 1834
Skipped Seq from 1837 to 1840
Skipped Seq from 1840 to 1842
Skipped Seq from 1842 to 1844
Skipped Seq from 1844 to 1846
Skipped Seq from 1850 to 1853
Skipped Seq from 1853 to 1855
Skipped Seq from 1855 to 1857
Skipped Seq from 1857 to 1859
Skipped Seq from 1859 to 1861
Skipped Seq from 1863 to 1867
Skipped Seq from 1868 to 1871
Skipped Seq from 1874 to 1876
Skipped Seq from 1877 to 1880
Skipped Seq from 1881 to 1883
Skipped Seq from 1883 to 1885
Skipped Seq from 1888 to 1891
Skipped Seq from 1892 to 1903
Skipped Seq from 1908 to 1911
Skipped Seq from 1911 to 1913
Skipped Seq from 1914 to 1916
Skipped Seq from 1917 to 1921
Skipped Seq from 1923 to 1926
Skipped Seq from 1929 to 1931
Skipped Seq from 1931 to 1933
Skipped Seq from 1935 to 1938
Skipped Seq from 1938 to 1940
Skipped Seq from 1950 to 1954
Skipped Seq from 1954 to 1961
Skipped Seq from 1961 to 1964
Skipped Seq from 1964 to 1966
Skipped Seq from 1967 to 1969
Skipped Seq from 1970 to 1972
Skipped Seq from 1972 to 1974
Skipped Seq from 1976 to 1978
Skipped Seq from 1979 to 1982
Skipped Seq from 1982 to 1985
Skipped Seq from 1986 to 1992
Skipped Seq from 1998 to 2000
Skipped Seq from 2000 to 2002
Skipped Seq from 2004 to 2008
Skipped Seq from 2009 to 2013
Skipped Seq from 2013 to 2016
Skipped Seq from 2016 to 2019
Skipped Seq from 2021 to 2024
Skipped Seq from 2026 to 2028
Skipped Seq from 2030 to 2034
Skipped Seq from 2035 to 2039
Skipped Seq from 2039 to 2041
Skipped Seq from 2042 to 2044
Skipped Seq from 2045 to 2051
Skipped Seq from 2051 to 2053
Skipped Seq from 2053 to 2065
Skipped Seq from 2066 to 2068
Skipped Seq from 2069 to 2071
Skipped Seq from 2071 to 2077
Skipped Seq from 2078 to 2081
Skipped Seq from 2081 to 2085
Skipped Seq from 2085 to 2093
Skipped Seq from 2095 to 2097
Skipped Seq from 2100 to 2103
Skipped Seq from 2103 to 2106
Skipped Seq from 2106 to 2110
Skipped Seq from 2113 to 2115
Skipped Seq from 2115 to 2117
Skipped Seq from 2118 to 2121
Skipped Seq from 2123 to 2127
Skipped Seq from 2127 to 2129
Skipped Seq from 2129 to 2131
Skipped Seq from 2133 to 2136
Skipped Seq from 2138 to 2140
Skipped Seq from 2141 to 2147
Skipped Seq from 2151 to 2153
Skipped Seq from 2153 to 2157
Skipped Seq from 2158 to 2160
Skipped Seq from 2165 to 2167
Skipped Seq from 2170 to 2175
Skipped Seq from 2175 to 2180
Skipped Seq from 2180 to 2183
Skipped Seq from 2188 to 2190
Skipped Seq from 2197 to 2199
Skipped Seq from 2199 to 2201
Skipped Seq from 2213 to 2216
Skipped Seq from 2217 to 2219
Skipped Seq from 2221 to 2224
Skipped Seq from 2224 to 2229
Skipped Seq from 2236 to 2238
Skipped Seq from 2238 to 2240
Skipped Seq from 2241 to 2243
Skipped Seq from 2272 to 2274
Skipped Seq from 2291 to 2293
Skipped Seq from 2293 to 2295
Skipped Seq from 2306 to 2310
Skipped Seq from 2311 to 2315
Skipped Seq from 2317 to 2319
Skipped Seq from 2319 to 2323
Skipped Seq from 2344 to 2346
Skipped Seq from 2379 to 2381
Skipped Seq from 2389 to 2391
Skipped Seq from 2401 to 2403
Skipped Seq from 2421 to 2423
Skipped Seq from 2426 to 2428
Skipped Seq from 2483 to 2485
Skipped Seq from 2526 to 2532
Skipped Seq from 2532 to 2534
Skipped Seq from 2534 to 2536
Skipped Seq from 2536 to 2543
Skipped Seq from 2544 to 2546
Skipped Seq from 2546 to 2548
Skipped Seq from 2548 to 2550
Skipped Seq from 2552 to 2558
Skipped Seq from 2561 to 2563
Skipped Seq from 2569 to 2571
Skipped Seq from 2586 to 2588
Skipped Seq from 2602 to 2604
Skipped Seq from 2605 to 2607
Skipped Seq from 2623 to 2625
Skipped Seq from 5517 to 5519
Skipped Seq from 5520 to 5522
Skipped Seq from 5525 to 5527
Skipped Seq from 5529 to 5531
Skipped Seq from 5531 to 5533
Skipped Seq from 5533 to 5549
Skipped Seq from 5549 to 5553
Skipped Seq from 5553 to 5559
Skipped Seq from 5560 to 5571
Skipped Seq from 5571 to 5574
Skipped Seq from 5590 to 5596
Skipped Seq from 5599 to 5601
Skipped Seq from 5602 to 5604
Skipped Seq from 5604 to 5606
Skipped Seq from 5610 to 5612
Skipped Seq from 5615 to 5617
Skipped Seq from 5619 to 5621
Skipped Seq from 5626 to 5628
Skipped Seq from 5628 to 5631
Skipped Seq from 5632 to 5634
Skipped Seq from 5637 to 5640
Skipped Seq from 5647 to 5649
Skipped Seq from 5690 to 5692
Skipped Seq from 5692 to 5699
Skipped Seq from 5699 to 5704
Skipped Seq from 5704 to 5711
Skipped Seq from 5711 to 5713
Skipped Seq from 5720 to 5722
Skipped Seq from 5722 to 5724
Skipped Seq from 5724 to 5728
Skipped Seq from 5728 to 5732
Skipped Seq from 5734 to 5742
Skipped Seq from 5742 to 5744
Skipped Seq from 5745 to 5749
Skipped Seq from 5750 to 5754
Skipped Seq from 5754 to 5756
Skipped Seq from 5756 to 5758
Skipped Seq from 5762 to 5764
Skipped Seq from 5768 to 5770
Skipped Seq from 5771 to 5773
Skipped Seq from 5773 to 5775
Skipped Seq from 5776 to 5778
Skipped Seq from 5778 to 5782
Skipped Seq from 5782 to 5787
Skipped Seq from 5787 to 5790
Skipped Seq from 5791 to 5793
Skipped Seq from 5797 to 5799
Skipped Seq from 5799 to 5803
Skipped Seq from 5803 to 5805
Skipped Seq from 5805 to 5812
Skipped Seq from 5812 to 5817
Skipped Seq from 5817 to 5829
Skipped Seq from 5829 to 5831
Skipped Seq from 5832 to 5834
Skipped Seq from 5834 to 5838
Skipped Seq from 5838 to 5843
Skipped Seq from 5844 to 5847
Skipped Seq from 5848 to 5850
Skipped Seq from 5852 to 5854
Skipped Seq from 5854 to 5857
Skipped Seq from 5858 to 5861
Skipped Seq from 5861 to 5866
Skipped Seq from 5866 to 5873
Skipped Seq from 5874 to 5877
Skipped Seq from 5877 to 5880
Skipped Seq from 5881 to 5889
Skipped Seq from 5890 to 5893
Skipped Seq from 5895 to 5898
Skipped Seq from 5899 to 5902
Skipped Seq from 5903 to 5911
Skipped Seq from 5911 to 5914
Skipped Seq from 5914 to 5916
Skipped Seq from 5918 to 5920
Skipped Seq from 5921 to 5923
Skipped Seq from 5923 to 5925
Skipped Seq from 5927 to 5930
Skipped Seq from 5931 to 5934
Skipped Seq from 5935 to 5939
Skipped Seq from 5940 to 5943
Skipped Seq from 5944 to 5946
Skipped Seq from 5948 to 5950
Skipped Seq from 5953 to 5955
Skipped Seq from 5956 to 5959
Skipped Seq from 5964 to 5966
Skipped Seq from 5976 to 5979
Skipped Seq from 5981 to 5985
Skipped Seq from 5987 to 5990
Skipped Seq from 5991 to 5995
Skipped Seq from 5997 to 5999
Skipped Seq from 6001 to 6007
Skipped Seq from 6007 to 6016
Skipped Seq from 6016 to 6018
Skipped Seq from 6019 to 6022
Skipped Seq from 6022 to 6025
Skipped Seq from 6026 to 6031
Skipped Seq from 6031 to 6035
Skipped Seq from 6038 to 6040
Skipped Seq from 6043 to 6047
Skipped Seq from 6050 to 6053
Skipped Seq from 6055 to 6061
Skipped Seq from 6061 to 6063
Skipped Seq from 6066 to 6069
Skipped Seq from 6069 to 6071
Skipped Seq from 6074 to 6078
Skipped Seq from 6078 to 6083
Skipped Seq from 6092 to 6095
Skipped Seq from 6095 to 6097
Skipped Seq from 6102 to 6105
Skipped Seq from 6107 to 6109
Skipped Seq from 6121 to 6126
Skipped Seq from 6126 to 6128
Skipped Seq from 6128 to 6130
Skipped Seq from 6132 to 6135
Skipped Seq from 6138 to 6141
Skipped Seq from 6148 to 6159
Skipped Seq from 6159 to 6163
Skipped Seq from 6165 to 6170
Skipped Seq from 6173 to 6175
Skipped Seq from 6178 to 6181
Skipped Seq from 6181 to 6183
Skipped Seq from 6184 to 6187
Skipped Seq from 6187 to 6189
Skipped Seq from 6190 to 6193
Skipped Seq from 6196 to 6200
Skipped Seq from 6201 to 6203
Skipped Seq from 6203 to 6205
Skipped Seq from 6206 to 6211
Skipped Seq from 6212 to 6216
Skipped Seq from 6221 to 6225
Skipped Seq from 6225 to 6227
Skipped Seq from 6229 to 6231
Skipped Seq from 6231 to 6236
Skipped Seq from 6238 to 6240
Skipped Seq from 6240 to 6244
Skipped Seq from 6247 to 6252
Skipped Seq from 6252 to 6257
Skipped Seq from 6257 to 6261
Skipped Seq from 6261 to 6268
Skipped Seq from 6269 to 6272
Skipped Seq from 6274 to 6276
Skipped Seq from 6276 to 6283
Skipped Seq from 6284 to 6288
Skipped Seq from 6288 to 6297
Number of times throttled: 9
Received: 5601 / 6300 packets
Start time: 1332764411.911905
End time: 1332764447.994906
Duration: 36.083001
