Starting client at 10.0.0.12:1257 with timeout:10
My IP address is 10.0.0.12Skipped Seq from 1 to 4
Skipped Seq from 5 to 7
Skipped Seq from 9 to 11
Skipped Seq from 13 to 15
Skipped Seq from 16 to 18
Skipped Seq from 18 to 21
Skipped Seq from 22 to 24
Skipped Seq from 25 to 27
Skipped Seq from 28 to 30
Skipped Seq from 31 to 33
Skipped Seq from 34 to 36
Skipped Seq from 37 to 40
Skipped Seq from 42 to 44
Skipped Seq from 46 to 48
Skipped Seq from 50 to 52
Skipped Seq from 52 to 56
Skipped Seq from 58 to 60
Skipped Seq from 61 to 64
Skipped Seq from 64 to 67
Skipped Seq from 67 to 71
Skipped Seq from 71 to 74
Skipped Seq from 74 to 77
Skipped Seq from 77 to 82
Skipped Seq from 82 to 86
Skipped Seq from 86 to 88
Skipped Seq from 89 to 91
Skipped Seq from 92 to 94
Skipped Seq from 98 to 100
Skipped Seq from 100 to 103
Skipped Seq from 103 to 106
Skipped Seq from 107 to 109
Skipped Seq from 114 to 118
Skipped Seq from 118 to 120
Skipped Seq from 120 to 122
Skipped Seq from 132 to 139
Skipped Seq from 140 to 144
Skipped Seq from 144 to 152
Skipped Seq from 152 to 156
Skipped Seq from 156 to 160
Skipped Seq from 160 to 163
Skipped Seq from 163 to 167
Skipped Seq from 168 to 172
Skipped Seq from 173 to 175
Skipped Seq from 176 to 180
Skipped Seq from 181 to 183
Skipped Seq from 184 to 186
Skipped Seq from 187 to 192
Skipped Seq from 192 to 195
Skipped Seq from 196 to 199
Skipped Seq from 200 to 202
Skipped Seq from 202 to 205
Skipped Seq from 206 to 210
Skipped Seq from 211 to 214
Skipped Seq from 214 to 217
Skipped Seq from 218 to 223
Skipped Seq from 223 to 227
Skipped Seq from 230 to 232
Skipped Seq from 233 to 235
Skipped Seq from 237 to 239
Skipped Seq from 240 to 244
Skipped Seq from 246 to 248
Skipped Seq from 249 to 251
Skipped Seq from 251 to 253
Skipped Seq from 265 to 268
Skipped Seq from 274 to 276
Skipped Seq from 277 to 281
Skipped Seq from 283 to 287
Skipped Seq from 290 to 293
Skipped Seq from 294 to 296
Skipped Seq from 296 to 300
Skipped Seq from 302 to 304
Skipped Seq from 305 to 307
Skipped Seq from 309 to 314
Skipped Seq from 314 to 318
Skipped Seq from 318 to 326
Skipped Seq from 327 to 331
Skipped Seq from 331 to 350
Skipped Seq from 350 to 358
Skipped Seq from 358 to 360
Skipped Seq from 361 to 363
Skipped Seq from 363 to 365
Skipped Seq from 368 to 377
Skipped Seq from 379 to 381
Skipped Seq from 382 to 384
Skipped Seq from 384 to 387
Skipped Seq from 389 to 392
Skipped Seq from 392 to 396
Skipped Seq from 397 to 400
Skipped Seq from 401 to 403
Skipped Seq from 403 to 406
Skipped Seq from 406 to 408
Skipped Seq from 408 to 410
Skipped Seq from 412 to 415
Skipped Seq from 415 to 420
Skipped Seq from 425 to 427
Skipped Seq from 447 to 449
Skipped Seq from 452 to 454
Skipped Seq from 455 to 457
Skipped Seq from 467 to 469
Skipped Seq from 473 to 476
Skipped Seq from 477 to 479
Skipped Seq from 485 to 487
Skipped Seq from 489 to 491
Skipped Seq from 499 to 501
Skipped Seq from 509 to 511
Skipped Seq from 546 to 548
Skipped Seq from 582 to 584
Skipped Seq from 652 to 654
Skipped Seq from 2320 to 2322
Skipped Seq from 2326 to 2332
Skipped Seq from 2333 to 2335
Skipped Seq from 2335 to 2338
Skipped Seq from 2342 to 2345
Skipped Seq from 2345 to 2347
Skipped Seq from 2350 to 2352
Skipped Seq from 2352 to 2354
Skipped Seq from 2365 to 2367
Skipped Seq from 2377 to 2379
Skipped Seq from 2381 to 2383
Skipped Seq from 2383 to 2386
Skipped Seq from 2417 to 2419
Skipped Seq from 2419 to 2421
Skipped Seq from 2428 to 2430
Skipped Seq from 2434 to 2437
Skipped Seq from 2437 to 2439
Skipped Seq from 2453 to 2455
Skipped Seq from 2460 to 2463
Skipped Seq from 2464 to 2467
Skipped Seq from 2470 to 2472
Skipped Seq from 2476 to 2478
Skipped Seq from 2482 to 2486
Skipped Seq from 2486 to 2491
Skipped Seq from 2491 to 2501
Skipped Seq from 2510 to 2513
Skipped Seq from 2513 to 2515
Skipped Seq from 2516 to 2520
Skipped Seq from 2521 to 2523
Skipped Seq from 2526 to 2529
Skipped Seq from 2546 to 2548
Skipped Seq from 2548 to 2553
Skipped Seq from 2554 to 2556
Skipped Seq from 2556 to 2564
Skipped Seq from 2567 to 2570
Skipped Seq from 2571 to 2573
Skipped Seq from 2576 to 2583
Skipped Seq from 2584 to 2587
Skipped Seq from 2595 to 2597
Skipped Seq from 2597 to 2599
Skipped Seq from 2623 to 2626
Skipped Seq from 2626 to 2632
Skipped Seq from 2633 to 2638
Skipped Seq from 2642 to 2644
Skipped Seq from 2645 to 2647
Skipped Seq from 2647 to 2649
Skipped Seq from 2649 to 2651
Skipped Seq from 2652 to 2654
Skipped Seq from 2655 to 2657
Skipped Seq from 2658 to 2662
Skipped Seq from 2662 to 2664
Skipped Seq from 2665 to 2667
Skipped Seq from 2667 to 2669
Skipped Seq from 2671 to 2673
Skipped Seq from 2674 to 2676
Skipped Seq from 2677 to 2682
Skipped Seq from 2682 to 2684
Skipped Seq from 2684 to 2686
Skipped Seq from 2687 to 2689
Skipped Seq from 2689 to 2691
Skipped Seq from 2696 to 2698
Skipped Seq from 2698 to 2700
Skipped Seq from 2702 to 2706
Skipped Seq from 2708 to 2713
Skipped Seq from 2713 to 2716
Skipped Seq from 2716 to 2720
Skipped Seq from 2720 to 2722
Skipped Seq from 2722 to 2725
Skipped Seq from 2725 to 2730
Skipped Seq from 2730 to 2732
Skipped Seq from 2733 to 2735
Skipped Seq from 2736 to 2738
Skipped Seq from 2738 to 2748
Skipped Seq from 2748 to 2754
Skipped Seq from 2760 to 2764
Skipped Seq from 2785 to 2787
Skipped Seq from 2787 to 2789
Skipped Seq from 2800 to 2802
Skipped Seq from 2812 to 2814
Skipped Seq from 2819 to 2821
Skipped Seq from 2822 to 2824
Skipped Seq from 2824 to 2828
Skipped Seq from 2828 to 2832
Skipped Seq from 2832 to 2835
Skipped Seq from 2845 to 2854
Skipped Seq from 2855 to 2857
Skipped Seq from 2857 to 2869
Skipped Seq from 2869 to 2873
Skipped Seq from 2873 to 2875
Skipped Seq from 2875 to 2877
Skipped Seq from 2877 to 2879
Skipped Seq from 2879 to 2893
Skipped Seq from 2893 to 2905
Skipped Seq from 2905 to 2909
Skipped Seq from 2909 to 2924
Skipped Seq from 2924 to 2931
Skipped Seq from 2931 to 2938
Skipped Seq from 2938 to 2943
Skipped Seq from 2944 to 2946
Skipped Seq from 2946 to 2950
Skipped Seq from 2950 to 2952
Skipped Seq from 2952 to 2960
Skipped Seq from 2962 to 2965
Skipped Seq from 2965 to 2967
Skipped Seq from 2967 to 2969
Skipped Seq from 2970 to 2972
Skipped Seq from 2973 to 2975
Skipped Seq from 2975 to 2980
Skipped Seq from 2980 to 2982
Skipped Seq from 2982 to 2985
Skipped Seq from 2985 to 2993
Skipped Seq from 2995 to 2998
Skipped Seq from 2999 to 3002
Skipped Seq from 3002 to 3006
Skipped Seq from 3006 to 3011
Skipped Seq from 3018 to 3021
Skipped Seq from 3021 to 3023
Skipped Seq from 3027 to 3029
Skipped Seq from 3029 to 3032
Skipped Seq from 3045 to 3049
Skipped Seq from 3049 to 3051
Skipped Seq from 3051 to 3053
Skipped Seq from 3053 to 3055
Skipped Seq from 3055 to 3059
Skipped Seq from 3060 to 3064
Skipped Seq from 3068 to 3070
Skipped Seq from 3074 to 3082
Skipped Seq from 3082 to 3086
Skipped Seq from 3091 to 3097
Skipped Seq from 3097 to 3099
Skipped Seq from 3099 to 3101
Skipped Seq from 3108 to 3112
Skipped Seq from 3114 to 3116
Skipped Seq from 3116 to 3119
Skipped Seq from 3124 to 3128
Skipped Seq from 3128 to 3130
Skipped Seq from 3132 to 3135
Skipped Seq from 3137 to 3139
Skipped Seq from 3140 to 3142
Skipped Seq from 3144 to 3146
Skipped Seq from 3147 to 3150
Skipped Seq from 3155 to 3157
Skipped Seq from 3159 to 3162
Skipped Seq from 3164 to 3166
Skipped Seq from 3167 to 3169
Skipped Seq from 3172 to 3174
Skipped Seq from 3177 to 3179
Skipped Seq from 3183 to 3185
Skipped Seq from 3189 to 3191
Skipped Seq from 3192 to 3194
Skipped Seq from 3194 to 3197
Skipped Seq from 3199 to 3201
Number of times throttled: 7
Received: 2929 / 3523 packets
Start time: 1332763693.141244
End time: 1332763710.379679
Duration: 17.238435
