Starting client at 10.0.0.21:1234 with timeout:10
My IP address is 10.0.0.21Skipped Seq from 3661 to 3664
Skipped Seq from 3664 to 3666
Skipped Seq from 3676 to 3679
Skipped Seq from 3680 to 3682
Skipped Seq from 3685 to 3688
Skipped Seq from 3693 to 3697
Skipped Seq from 3697 to 3699
Skipped Seq from 3701 to 3703
Skipped Seq from 3708 to 3710
Skipped Seq from 3710 to 3714
Skipped Seq from 3714 to 3716
Skipped Seq from 3718 to 3722
Skipped Seq from 3722 to 3724
Skipped Seq from 3725 to 3728
Skipped Seq from 3730 to 3732
Skipped Seq from 3732 to 3734
Skipped Seq from 3738 to 3740
Skipped Seq from 3740 to 3743
Skipped Seq from 3744 to 3746
Skipped Seq from 3746 to 3748
Skipped Seq from 3750 to 3752
Skipped Seq from 3752 to 3755
Skipped Seq from 3756 to 3758
Skipped Seq from 3759 to 3761
Skipped Seq from 3764 to 3766
Skipped Seq from 3775 to 3777
Skipped Seq from 3785 to 3787
Skipped Seq from 3787 to 3789
Skipped Seq from 3789 to 3791
Skipped Seq from 3791 to 3793
Skipped Seq from 3794 to 3796
Skipped Seq from 3804 to 3806
Skipped Seq from 3829 to 3831
Skipped Seq from 3832 to 3834
Skipped Seq from 3837 to 3841
Skipped Seq from 3842 to 3844
Skipped Seq from 3844 to 3849
Skipped Seq from 3851 to 3856
Skipped Seq from 3858 to 3860
Skipped Seq from 3860 to 3862
Skipped Seq from 3863 to 3865
Skipped Seq from 3865 to 3867
Skipped Seq from 3870 to 3872
Skipped Seq from 3874 to 3877
Skipped Seq from 3919 to 3921
Skipped Seq from 3938 to 3941
Skipped Seq from 3945 to 3947
Skipped Seq from 3948 to 3950
Skipped Seq from 3954 to 3958
Skipped Seq from 3960 to 3962
Skipped Seq from 3968 to 3971
Skipped Seq from 3980 to 3982
Skipped Seq from 3990 to 3992
Skipped Seq from 3995 to 4003
Skipped Seq from 4003 to 4011
Skipped Seq from 4013 to 4020
Skipped Seq from 4022 to 4025
Skipped Seq from 4034 to 4040
Skipped Seq from 4042 to 4048
Skipped Seq from 4049 to 4051
Skipped Seq from 4053 to 4061
Skipped Seq from 4064 to 4069
Skipped Seq from 4074 to 4078
Skipped Seq from 4078 to 4080
Skipped Seq from 4083 to 4090
Skipped Seq from 4092 to 4094
Skipped Seq from 4094 to 4100
Skipped Seq from 4104 to 4111
Skipped Seq from 4111 to 4117
Skipped Seq from 4121 to 4123
Skipped Seq from 4156 to 4158
Skipped Seq from 4177 to 4179
Skipped Seq from 4183 to 4188
Skipped Seq from 4189 to 4197
Skipped Seq from 4197 to 4203
Skipped Seq from 4205 to 4207
Skipped Seq from 4207 to 4209
Skipped Seq from 4210 to 4212
Skipped Seq from 4212 to 4214
Skipped Seq from 4218 to 4220
Skipped Seq from 4220 to 4224
Skipped Seq from 4229 to 4231
Skipped Seq from 4232 to 4234
Skipped Seq from 4234 to 4236
Skipped Seq from 4237 to 4240
Skipped Seq from 4252 to 4258
Skipped Seq from 4268 to 4271
Skipped Seq from 4273 to 4277
Skipped Seq from 4283 to 4287
Skipped Seq from 4293 to 4296
Skipped Seq from 4296 to 4298
Skipped Seq from 4303 to 4305
Skipped Seq from 4307 to 4309
Skipped Seq from 4311 to 4315
Skipped Seq from 4325 to 4327
Skipped Seq from 4340 to 4342
Skipped Seq from 4348 to 4351
Skipped Seq from 4354 to 4356
Skipped Seq from 4357 to 4359
Skipped Seq from 4362 to 4364
Skipped Seq from 4384 to 4387
Skipped Seq from 4389 to 4397
Skipped Seq from 4401 to 4409
Skipped Seq from 4411 to 4414
Skipped Seq from 4414 to 4416
Skipped Seq from 4420 to 4423
Skipped Seq from 4423 to 4425
Skipped Seq from 4426 to 4428
Skipped Seq from 4431 to 4433
Skipped Seq from 4433 to 4435
Skipped Seq from 4438 to 4442
Skipped Seq from 4446 to 4451
Skipped Seq from 4470 to 4479
Skipped Seq from 4479 to 4482
Skipped Seq from 4483 to 4496
Skipped Seq from 4496 to 4498
Skipped Seq from 4498 to 4501
Skipped Seq from 4501 to 4513
Skipped Seq from 4513 to 4515
Skipped Seq from 4524 to 4527
Skipped Seq from 4533 to 4535
Skipped Seq from 4536 to 4538
Skipped Seq from 4549 to 4551
Skipped Seq from 4563 to 4565
Skipped Seq from 4571 to 4573
Skipped Seq from 4584 to 4586
Skipped Seq from 4589 to 4592
Skipped Seq from 4600 to 4602
Number of times throttled: 4
Received: 4323 / 4612 packets
Start time: 1332762884.253379
End time: 1332762922.288243
Duration: 38.034864
