Starting client at 10.0.0.24:1245 with timeout:10
My IP address is 10.0.0.24Skipped Seq from 155 to 165
Skipped Seq from 165 to 185
Skipped Seq from 186 to 192
Skipped Seq from 192 to 205
Skipped Seq from 206 to 221
Skipped Seq from 222 to 225
Skipped Seq from 225 to 232
Skipped Seq from 232 to 234
Skipped Seq from 234 to 238
Skipped Seq from 238 to 247
Skipped Seq from 247 to 259
Skipped Seq from 259 to 261
Skipped Seq from 286 to 288
Skipped Seq from 297 to 299
Skipped Seq from 303 to 309
Skipped Seq from 313 to 315
Skipped Seq from 317 to 319
Skipped Seq from 325 to 327
Skipped Seq from 332 to 334
Skipped Seq from 341 to 343
Skipped Seq from 344 to 346
Skipped Seq from 347 to 349
Skipped Seq from 357 to 359
Skipped Seq from 361 to 363
Skipped Seq from 363 to 365
Skipped Seq from 367 to 371
Skipped Seq from 371 to 374
Skipped Seq from 374 to 376
Skipped Seq from 378 to 381
Skipped Seq from 382 to 384
Skipped Seq from 384 to 386
Skipped Seq from 389 to 398
Skipped Seq from 403 to 405
Skipped Seq from 410 to 412
Skipped Seq from 416 to 421
Skipped Seq from 421 to 423
Skipped Seq from 424 to 426
Skipped Seq from 426 to 428
Skipped Seq from 428 to 430
Skipped Seq from 430 to 433
Skipped Seq from 434 to 436
Skipped Seq from 437 to 441
Skipped Seq from 449 to 451
Skipped Seq from 451 to 453
Skipped Seq from 453 to 455
Skipped Seq from 456 to 459
Skipped Seq from 464 to 466
Skipped Seq from 467 to 469
Skipped Seq from 470 to 473
Skipped Seq from 474 to 476
Skipped Seq from 476 to 479
Skipped Seq from 481 to 485
Skipped Seq from 486 to 491
Skipped Seq from 497 to 502
Skipped Seq from 502 to 504
Skipped Seq from 504 to 509
Skipped Seq from 509 to 511
Skipped Seq from 513 to 515
Skipped Seq from 518 to 520
Skipped Seq from 520 to 522
Skipped Seq from 524 to 526
Skipped Seq from 528 to 530
Skipped Seq from 530 to 537
Skipped Seq from 537 to 542
Skipped Seq from 542 to 544
Skipped Seq from 544 to 547
Skipped Seq from 547 to 549
Skipped Seq from 549 to 551
Skipped Seq from 554 to 557
Skipped Seq from 557 to 559
Skipped Seq from 559 to 566
Skipped Seq from 568 to 571
Skipped Seq from 571 to 574
Skipped Seq from 581 to 583
Skipped Seq from 583 to 585
Skipped Seq from 585 to 589
Skipped Seq from 591 to 593
Skipped Seq from 593 to 603
Skipped Seq from 605 to 607
Skipped Seq from 607 to 609
Number of times throttled: 3
Received: 388 / 609 packets
Start time: 1332763391.389397
End time: 1332763395.955417
Duration: 4.566020
