Starting client at 10.0.0.25:1255 with timeout:10
My IP address is 10.0.0.25Skipped Seq from 1 to 4
Skipped Seq from 5 to 11
Skipped Seq from 12 to 14
Skipped Seq from 16 to 18
Skipped Seq from 18 to 21
Skipped Seq from 23 to 26
Skipped Seq from 29 to 32
Skipped Seq from 32 to 34
Skipped Seq from 34 to 36
Skipped Seq from 37 to 43
Skipped Seq from 44 to 47
Skipped Seq from 50 to 56
Skipped Seq from 57 to 61
Skipped Seq from 63 to 65
Skipped Seq from 66 to 68
Skipped Seq from 72 to 75
Skipped Seq from 76 to 78
Skipped Seq from 80 to 83
Skipped Seq from 83 to 89
Skipped Seq from 89 to 91
Skipped Seq from 91 to 96
Skipped Seq from 96 to 99
Skipped Seq from 100 to 105
Skipped Seq from 106 to 109
Skipped Seq from 110 to 113
Skipped Seq from 113 to 116
Skipped Seq from 116 to 119
Skipped Seq from 121 to 124
Skipped Seq from 125 to 130
Skipped Seq from 130 to 133
Skipped Seq from 134 to 137
Skipped Seq from 137 to 140
Skipped Seq from 141 to 143
Skipped Seq from 144 to 148
Skipped Seq from 150 to 153
Skipped Seq from 153 to 160
Skipped Seq from 160 to 162
Skipped Seq from 185 to 188
Skipped Seq from 189 to 193
Skipped Seq from 195 to 198
Skipped Seq from 201 to 205
Skipped Seq from 206 to 208
Skipped Seq from 210 to 214
Skipped Seq from 216 to 218
Skipped Seq from 219 to 226
Skipped Seq from 227 to 231
Skipped Seq from 232 to 237
Skipped Seq from 237 to 240
Skipped Seq from 241 to 250
Skipped Seq from 250 to 253
Skipped Seq from 254 to 259
Skipped Seq from 260 to 263
Skipped Seq from 264 to 268
Skipped Seq from 268 to 271
Skipped Seq from 272 to 275
Skipped Seq from 275 to 280
Skipped Seq from 280 to 284
Skipped Seq from 285 to 289
Skipped Seq from 289 to 291
Skipped Seq from 300 to 302
Skipped Seq from 306 to 308
Skipped Seq from 312 to 314
Skipped Seq from 314 to 318
Skipped Seq from 318 to 320
Skipped Seq from 321 to 324
Skipped Seq from 324 to 328
Skipped Seq from 328 to 330
Skipped Seq from 332 to 334
Skipped Seq from 335 to 337
Skipped Seq from 341 to 344
Skipped Seq from 345 to 349
Skipped Seq from 356 to 359
Skipped Seq from 363 to 365
Skipped Seq from 372 to 374
Skipped Seq from 378 to 381
Skipped Seq from 391 to 395
Skipped Seq from 396 to 398
Skipped Seq from 398 to 400
Skipped Seq from 410 to 412
Skipped Seq from 412 to 414
Skipped Seq from 417 to 422
Skipped Seq from 422 to 425
Skipped Seq from 425 to 427
Skipped Seq from 434 to 437
Skipped Seq from 447 to 451
Skipped Seq from 451 to 454
Skipped Seq from 454 to 460
Skipped Seq from 460 to 462
Skipped Seq from 463 to 465
Skipped Seq from 467 to 469
Skipped Seq from 473 to 475
Skipped Seq from 475 to 477
Skipped Seq from 477 to 479
Skipped Seq from 479 to 481
Skipped Seq from 482 to 486
Skipped Seq from 486 to 488
Skipped Seq from 493 to 495
Skipped Seq from 498 to 500
Skipped Seq from 500 to 502
Skipped Seq from 504 to 506
Skipped Seq from 506 to 508
Skipped Seq from 509 to 511
Skipped Seq from 514 to 516
Skipped Seq from 519 to 521
Skipped Seq from 521 to 524
Skipped Seq from 528 to 530
Skipped Seq from 530 to 532
Skipped Seq from 532 to 534
Skipped Seq from 613 to 615
Skipped Seq from 630 to 633
Skipped Seq from 638 to 640
Number of times throttled: 2
Received: 970 / 1202 packets
Start time: 1332763937.104963
End time: 1332763941.548341
Duration: 4.443378
