Starting client at 10.0.0.18:1235 with timeout:10
My IP address is 10.0.0.18Skipped Seq from 1813 to 1816
Skipped Seq from 1816 to 1822
Skipped Seq from 1822 to 1826
Skipped Seq from 1826 to 1829
Skipped Seq from 1830 to 1833
Skipped Seq from 1833 to 1838
Skipped Seq from 1838 to 1841
Skipped Seq from 1841 to 1844
Skipped Seq from 1845 to 1847
Skipped Seq from 1847 to 1849
Skipped Seq from 1849 to 1853
Skipped Seq from 1853 to 1856
Skipped Seq from 1856 to 1860
Skipped Seq from 1860 to 1880
Skipped Seq from 1880 to 1883
Skipped Seq from 1884 to 1886
Skipped Seq from 1887 to 1890
Skipped Seq from 1891 to 1901
Skipped Seq from 1901 to 1903
Skipped Seq from 1904 to 1908
Skipped Seq from 1908 to 1912
Skipped Seq from 1912 to 1914
Skipped Seq from 1926 to 1933
Skipped Seq from 1935 to 1937
Skipped Seq from 1939 to 1941
Skipped Seq from 1942 to 1944
Skipped Seq from 1951 to 1953
Skipped Seq from 1953 to 1956
Skipped Seq from 1956 to 1958
Skipped Seq from 1961 to 1963
Skipped Seq from 1963 to 1965
Skipped Seq from 1966 to 1968
Skipped Seq from 1969 to 1976
Skipped Seq from 1976 to 1980
Skipped Seq from 1981 to 1985
Skipped Seq from 1985 to 1987
Skipped Seq from 1987 to 1991
Skipped Seq from 1991 to 1993
Skipped Seq from 1994 to 1996
Skipped Seq from 1997 to 1999
Skipped Seq from 1999 to 2001
Skipped Seq from 2001 to 2003
Skipped Seq from 2005 to 2007
Skipped Seq from 2007 to 2009
Skipped Seq from 2010 to 2012
Skipped Seq from 2016 to 2020
Skipped Seq from 2020 to 2024
Skipped Seq from 2038 to 2043
Skipped Seq from 2043 to 2060
Skipped Seq from 2060 to 2062
Skipped Seq from 2062 to 2064
Skipped Seq from 2064 to 2066
Skipped Seq from 2066 to 2071
Skipped Seq from 2071 to 2073
Skipped Seq from 2073 to 2079
Skipped Seq from 2079 to 2081
Skipped Seq from 2081 to 2083
Skipped Seq from 2083 to 2089
Skipped Seq from 2089 to 2092
Skipped Seq from 2092 to 2095
Skipped Seq from 2095 to 2097
Skipped Seq from 2098 to 2101
Skipped Seq from 2101 to 2105
Skipped Seq from 2106 to 2108
Skipped Seq from 2110 to 2112
Skipped Seq from 2112 to 2115
Skipped Seq from 2115 to 2117
Skipped Seq from 2117 to 2119
Skipped Seq from 2119 to 2122
Skipped Seq from 2122 to 2124
Skipped Seq from 2124 to 2132
Skipped Seq from 2132 to 2136
Skipped Seq from 2139 to 2141
Skipped Seq from 2141 to 2143
Skipped Seq from 2144 to 2147
Skipped Seq from 2147 to 2149
Skipped Seq from 2151 to 2153
Skipped Seq from 2161 to 2164
Skipped Seq from 2164 to 2167
Skipped Seq from 2167 to 2169
Skipped Seq from 2170 to 2176
Skipped Seq from 2176 to 2178
Skipped Seq from 2178 to 2181
Skipped Seq from 2181 to 2187
Skipped Seq from 2188 to 2191
Skipped Seq from 2191 to 2196
Skipped Seq from 2196 to 2208
Skipped Seq from 2208 to 2216
Skipped Seq from 2230 to 2232
Skipped Seq from 2235 to 2240
Skipped Seq from 2243 to 2246
Skipped Seq from 2248 to 2252
Skipped Seq from 2253 to 2256
Skipped Seq from 2257 to 2263
Skipped Seq from 2263 to 2265
Skipped Seq from 2266 to 2268
Skipped Seq from 2270 to 2273
Skipped Seq from 2274 to 2278
Skipped Seq from 2281 to 2283
Skipped Seq from 2284 to 2286
Skipped Seq from 2291 to 2293
Skipped Seq from 2294 to 2296
Skipped Seq from 2297 to 2300
Skipped Seq from 2301 to 2303
Skipped Seq from 2305 to 2307
Skipped Seq from 2309 to 2311
Skipped Seq from 2312 to 2314
Skipped Seq from 2318 to 2320
Skipped Seq from 2335 to 2337
Skipped Seq from 2337 to 2339
Skipped Seq from 2345 to 2347
Skipped Seq from 2347 to 2350
Skipped Seq from 2354 to 2356
Skipped Seq from 2356 to 2358
Skipped Seq from 2359 to 2362
Skipped Seq from 2365 to 2368
Skipped Seq from 2368 to 2373
Skipped Seq from 2373 to 2377
Skipped Seq from 2377 to 2382
Skipped Seq from 2387 to 2389
Skipped Seq from 2390 to 2394
Skipped Seq from 2400 to 2406
Skipped Seq from 2409 to 2412
Skipped Seq from 2413 to 2420
Skipped Seq from 2423 to 2428
Skipped Seq from 2428 to 2430
Skipped Seq from 2431 to 2437
Skipped Seq from 2437 to 2441
Skipped Seq from 2441 to 2450
Skipped Seq from 2450 to 2453
Skipped Seq from 2454 to 2458
Skipped Seq from 2458 to 2460
Skipped Seq from 2461 to 2463
Skipped Seq from 2465 to 2467
Skipped Seq from 2467 to 2477
Skipped Seq from 2477 to 2479
Skipped Seq from 2480 to 2482
Skipped Seq from 2490 to 2492
Skipped Seq from 2493 to 2502
Skipped Seq from 2502 to 2508
Skipped Seq from 2508 to 2511
Skipped Seq from 2516 to 2519
Skipped Seq from 2519 to 2522
Skipped Seq from 2523 to 2526
Skipped Seq from 2528 to 2535
Skipped Seq from 2535 to 2550
Skipped Seq from 2552 to 2559
Skipped Seq from 2560 to 2578
Skipped Seq from 2579 to 2584
Skipped Seq from 2584 to 2589
Skipped Seq from 2589 to 2595
Skipped Seq from 2595 to 2604
Skipped Seq from 2604 to 2618
Skipped Seq from 2618 to 2620
Skipped Seq from 2622 to 2628
Skipped Seq from 2628 to 2634
Skipped Seq from 2634 to 2644
Skipped Seq from 2648 to 2653
Skipped Seq from 2653 to 2655
Skipped Seq from 2655 to 2657
Skipped Seq from 2657 to 2666
Skipped Seq from 2678 to 2680
Skipped Seq from 2684 to 2687
Skipped Seq from 2693 to 2695
Skipped Seq from 2697 to 2700
Skipped Seq from 2704 to 2715
Skipped Seq from 2724 to 2726
Skipped Seq from 2731 to 2735
Skipped Seq from 2737 to 2740
Skipped Seq from 2740 to 2750
Skipped Seq from 2751 to 2761
Skipped Seq from 2765 to 2774
Skipped Seq from 2775 to 2782
Skipped Seq from 2783 to 2786
Skipped Seq from 2786 to 2788
Skipped Seq from 2788 to 2791
Skipped Seq from 2791 to 2802
Skipped Seq from 2802 to 2818
Skipped Seq from 2818 to 2829
Skipped Seq from 2829 to 2831
Skipped Seq from 2831 to 2835
Skipped Seq from 2836 to 2838
Skipped Seq from 2838 to 2840
Skipped Seq from 2840 to 2842
Skipped Seq from 2842 to 2850
Skipped Seq from 2850 to 2854
Skipped Seq from 2855 to 2858
Skipped Seq from 2858 to 2861
Skipped Seq from 2862 to 2868
Skipped Seq from 2868 to 2870
Skipped Seq from 2870 to 2872
Skipped Seq from 2872 to 2875
Skipped Seq from 2878 to 2883
Skipped Seq from 2884 to 2886
Skipped Seq from 2888 to 2890
Skipped Seq from 2893 to 2898
Skipped Seq from 2916 to 2918
Skipped Seq from 2919 to 2923
Skipped Seq from 2928 to 2931
Skipped Seq from 2941 to 2943
Skipped Seq from 2952 to 2955
Skipped Seq from 2960 to 2962
Skipped Seq from 2969 to 2971
Skipped Seq from 3027 to 3029
Skipped Seq from 5133 to 5135
Skipped Seq from 5135 to 5138
Skipped Seq from 5138 to 5141
Skipped Seq from 5141 to 5144
Skipped Seq from 5145 to 5149
Skipped Seq from 5152 to 5155
Skipped Seq from 5172 to 5177
Skipped Seq from 5178 to 5180
Skipped Seq from 5186 to 5189
Skipped Seq from 5202 to 5204
Skipped Seq from 5205 to 5207
Skipped Seq from 5209 to 5211
Skipped Seq from 5211 to 5213
Skipped Seq from 5215 to 5217
Skipped Seq from 5220 to 5223
Skipped Seq from 5226 to 5229
Skipped Seq from 5234 to 5239
Skipped Seq from 5255 to 5258
Skipped Seq from 5264 to 5267
Skipped Seq from 5272 to 5274
Skipped Seq from 5280 to 5282
Skipped Seq from 5296 to 5298
Skipped Seq from 5303 to 5305
Skipped Seq from 5319 to 5321
Skipped Seq from 5321 to 5324
Skipped Seq from 5324 to 5326
Skipped Seq from 5326 to 5328
Skipped Seq from 5328 to 5331
Skipped Seq from 5331 to 5334
Skipped Seq from 5334 to 5337
Skipped Seq from 5338 to 5342
Skipped Seq from 5342 to 5344
Skipped Seq from 5344 to 5346
Skipped Seq from 5346 to 5349
Skipped Seq from 5349 to 5351
Skipped Seq from 5351 to 5354
Skipped Seq from 5354 to 5356
Skipped Seq from 5359 to 5361
Skipped Seq from 5362 to 5364
Skipped Seq from 5364 to 5366
Skipped Seq from 5368 to 5376
Skipped Seq from 5376 to 5379
Skipped Seq from 5382 to 5384
Skipped Seq from 5386 to 5388
Skipped Seq from 5391 to 5393
Skipped Seq from 5399 to 5401
Skipped Seq from 5401 to 5403
Skipped Seq from 5403 to 5405
Skipped Seq from 5405 to 5412
Skipped Seq from 5413 to 5415
Skipped Seq from 5417 to 5419
Skipped Seq from 5420 to 5423
Skipped Seq from 5423 to 5428
Skipped Seq from 5428 to 5432
Skipped Seq from 5433 to 5435
Skipped Seq from 5438 to 5440
Skipped Seq from 5441 to 5443
Skipped Seq from 5443 to 5447
Skipped Seq from 5447 to 5449
Skipped Seq from 5449 to 5452
Skipped Seq from 5452 to 5454
Skipped Seq from 5455 to 5458
Skipped Seq from 5458 to 5468
Skipped Seq from 5480 to 5482
Skipped Seq from 5482 to 5484
Skipped Seq from 5489 to 5491
Skipped Seq from 5494 to 5497
Skipped Seq from 5500 to 5502
Skipped Seq from 5516 to 5518
Skipped Seq from 5521 to 5523
Skipped Seq from 5524 to 5527
Skipped Seq from 5527 to 5529
Skipped Seq from 5530 to 5533
Skipped Seq from 5535 to 5542
Skipped Seq from 5542 to 5544
Skipped Seq from 5544 to 5547
Skipped Seq from 5547 to 5556
Skipped Seq from 5562 to 5564
Skipped Seq from 5564 to 5567
Skipped Seq from 5580 to 5583
Skipped Seq from 5590 to 5592
Skipped Seq from 5593 to 5595
Skipped Seq from 5599 to 5602
Skipped Seq from 5625 to 5631
Skipped Seq from 5631 to 5636
Skipped Seq from 5638 to 5643
Skipped Seq from 5644 to 5649
Skipped Seq from 5650 to 5653
Skipped Seq from 5653 to 5657
Skipped Seq from 5685 to 5687
Skipped Seq from 5706 to 5708
Skipped Seq from 5726 to 5728
Skipped Seq from 5733 to 5735
Skipped Seq from 5749 to 5751
Skipped Seq from 5770 to 5773
Skipped Seq from 5791 to 5793
Skipped Seq from 5804 to 5806
Skipped Seq from 5810 to 5812
Skipped Seq from 5812 to 5814
Skipped Seq from 5820 to 5822
Skipped Seq from 5830 to 5832
Skipped Seq from 5840 to 5842
Skipped Seq from 5849 to 5851
Skipped Seq from 5854 to 5856
Skipped Seq from 5861 to 5863
Skipped Seq from 5864 to 5866
Skipped Seq from 5866 to 5869
Skipped Seq from 5875 to 5880
Skipped Seq from 5881 to 5887
Skipped Seq from 5887 to 5891
Skipped Seq from 5894 to 5896
Skipped Seq from 5896 to 5900
Skipped Seq from 5901 to 5904
Skipped Seq from 5904 to 5907
Skipped Seq from 5907 to 5909
Skipped Seq from 5911 to 5916
Skipped Seq from 5916 to 5923
Skipped Seq from 5923 to 5929
Skipped Seq from 5929 to 5931
Skipped Seq from 5931 to 5933
Skipped Seq from 5933 to 5935
Skipped Seq from 5936 to 5940
Skipped Seq from 5940 to 5942
Skipped Seq from 5942 to 5944
Skipped Seq from 5945 to 5947
Skipped Seq from 5948 to 5950
Skipped Seq from 5953 to 5956
Skipped Seq from 5956 to 5959
Skipped Seq from 5960 to 5962
Skipped Seq from 5962 to 5967
Skipped Seq from 5967 to 5970
Skipped Seq from 5971 to 5973
Skipped Seq from 5973 to 5978
Skipped Seq from 5978 to 5980
Skipped Seq from 5982 to 5984
Skipped Seq from 5984 to 5987
Skipped Seq from 5988 to 5990
Skipped Seq from 5990 to 5993
Skipped Seq from 5994 to 5996
Skipped Seq from 5998 to 6000
Skipped Seq from 6000 to 6002
Skipped Seq from 6002 to 6005
Skipped Seq from 6007 to 6009
Skipped Seq from 6016 to 6018
Skipped Seq from 6023 to 6027
Skipped Seq from 6027 to 6030
Skipped Seq from 6037 to 6039
Skipped Seq from 6039 to 6042
Skipped Seq from 6045 to 6048
Skipped Seq from 6051 to 6053
Skipped Seq from 6063 to 6065
Skipped Seq from 6068 to 6071
Skipped Seq from 6076 to 6078
Skipped Seq from 6083 to 6085
Skipped Seq from 6085 to 6089
Skipped Seq from 6090 to 6092
Skipped Seq from 6096 to 6098
Skipped Seq from 6101 to 6103
Skipped Seq from 6106 to 6108
Skipped Seq from 6108 to 6110
Skipped Seq from 6113 to 6115
Skipped Seq from 6117 to 6120
Skipped Seq from 6147 to 6149
Skipped Seq from 6156 to 6158
Skipped Seq from 6158 to 6160
Number of times throttled: 11
Received: 7025 / 7959 packets
Start time: 1332762926.553714
End time: 1332762972.026786
Duration: 45.473072
