Starting client at 10.0.0.16:1271 with timeout:10
My IP address is 10.0.0.16Skipped Seq from 288 to 293
Skipped Seq from 293 to 299
Skipped Seq from 299 to 301
Skipped Seq from 301 to 304
Skipped Seq from 304 to 311
Skipped Seq from 312 to 316
Skipped Seq from 319 to 326
Skipped Seq from 326 to 328
Skipped Seq from 330 to 333
Skipped Seq from 334 to 337
Skipped Seq from 337 to 357
Skipped Seq from 358 to 362
Skipped Seq from 372 to 375
Skipped Seq from 378 to 380
Skipped Seq from 381 to 383
Skipped Seq from 384 to 392
Skipped Seq from 392 to 395
Skipped Seq from 395 to 401
Skipped Seq from 401 to 403
Skipped Seq from 403 to 405
Skipped Seq from 406 to 410
Skipped Seq from 410 to 422
Skipped Seq from 422 to 430
Skipped Seq from 430 to 438
Skipped Seq from 438 to 455
Skipped Seq from 455 to 457
Skipped Seq from 458 to 460
Skipped Seq from 460 to 462
Skipped Seq from 462 to 464
Skipped Seq from 464 to 466
Skipped Seq from 466 to 468
Skipped Seq from 474 to 476
Skipped Seq from 480 to 482
Skipped Seq from 485 to 490
Skipped Seq from 501 to 505
Skipped Seq from 507 to 509
Skipped Seq from 509 to 512
Skipped Seq from 512 to 515
Skipped Seq from 515 to 517
Skipped Seq from 519 to 521
Skipped Seq from 522 to 527
Skipped Seq from 527 to 536
Skipped Seq from 536 to 538
Skipped Seq from 541 to 543
Skipped Seq from 543 to 545
Skipped Seq from 545 to 547
Skipped Seq from 548 to 551
Skipped Seq from 551 to 553
Skipped Seq from 553 to 556
Skipped Seq from 561 to 563
Skipped Seq from 563 to 565
Skipped Seq from 565 to 568
Skipped Seq from 568 to 570
Skipped Seq from 570 to 574
Skipped Seq from 574 to 576
Skipped Seq from 576 to 578
Skipped Seq from 578 to 580
Skipped Seq from 580 to 582
Skipped Seq from 582 to 590
Skipped Seq from 592 to 595
Skipped Seq from 602 to 604
Skipped Seq from 607 to 609
Skipped Seq from 625 to 628
Skipped Seq from 628 to 630
Skipped Seq from 632 to 634
Skipped Seq from 634 to 637
Skipped Seq from 638 to 640
Skipped Seq from 641 to 644
Skipped Seq from 645 to 647
Skipped Seq from 647 to 650
Skipped Seq from 650 to 652
Skipped Seq from 652 to 654
Skipped Seq from 654 to 659
Skipped Seq from 659 to 664
Skipped Seq from 669 to 671
Skipped Seq from 672 to 676
Skipped Seq from 681 to 683
Skipped Seq from 683 to 686
Skipped Seq from 688 to 690
Skipped Seq from 692 to 694
Skipped Seq from 697 to 699
Skipped Seq from 699 to 701
Skipped Seq from 701 to 704
Skipped Seq from 705 to 707
Skipped Seq from 713 to 717
Skipped Seq from 717 to 723
Skipped Seq from 723 to 725
Skipped Seq from 726 to 729
Skipped Seq from 729 to 733
Skipped Seq from 733 to 735
Skipped Seq from 735 to 739
Skipped Seq from 739 to 742
Skipped Seq from 744 to 746
Skipped Seq from 750 to 752
Skipped Seq from 752 to 754
Skipped Seq from 756 to 758
Skipped Seq from 761 to 763
Skipped Seq from 763 to 766
Skipped Seq from 767 to 773
Skipped Seq from 775 to 778
Skipped Seq from 778 to 782
Skipped Seq from 783 to 785
Skipped Seq from 787 to 790
Skipped Seq from 790 to 792
Skipped Seq from 792 to 794
Skipped Seq from 796 to 798
Skipped Seq from 798 to 800
Skipped Seq from 801 to 803
Skipped Seq from 803 to 805
Skipped Seq from 808 to 810
Skipped Seq from 810 to 813
Skipped Seq from 813 to 821
Skipped Seq from 821 to 825
Skipped Seq from 825 to 827
Skipped Seq from 831 to 833
Skipped Seq from 842 to 844
Skipped Seq from 844 to 847
Skipped Seq from 847 to 849
Skipped Seq from 855 to 858
Skipped Seq from 858 to 862
Skipped Seq from 862 to 864
Skipped Seq from 867 to 869
Skipped Seq from 876 to 880
Skipped Seq from 880 to 904
Skipped Seq from 912 to 914
Skipped Seq from 914 to 916
Skipped Seq from 918 to 920
Skipped Seq from 921 to 923
Skipped Seq from 923 to 927
Skipped Seq from 928 to 931
Skipped Seq from 932 to 934
Skipped Seq from 936 to 949
Skipped Seq from 949 to 953
Skipped Seq from 953 to 957
Skipped Seq from 959 to 961
Skipped Seq from 961 to 966
Skipped Seq from 967 to 977
Skipped Seq from 978 to 980
Skipped Seq from 980 to 992
Skipped Seq from 992 to 995
Skipped Seq from 995 to 1000
Skipped Seq from 1001 to 1005
Skipped Seq from 1007 to 1010
Skipped Seq from 1010 to 1040
Skipped Seq from 1040 to 1044
Skipped Seq from 1044 to 1048
Skipped Seq from 1049 to 1052
Skipped Seq from 1052 to 1055
Skipped Seq from 1055 to 1058
Skipped Seq from 1058 to 1060
Skipped Seq from 1060 to 1062
Skipped Seq from 1063 to 1065
Skipped Seq from 1065 to 1068
Skipped Seq from 1068 to 1071
Skipped Seq from 1071 to 1074
Skipped Seq from 1074 to 1079
Skipped Seq from 1079 to 1081
Skipped Seq from 1081 to 1086
Skipped Seq from 1086 to 1088
Skipped Seq from 1091 to 1093
Skipped Seq from 1093 to 1096
Skipped Seq from 1096 to 1099
Skipped Seq from 1099 to 1102
Skipped Seq from 1103 to 1105
Skipped Seq from 1109 to 1112
Skipped Seq from 1113 to 1115
Skipped Seq from 1116 to 1118
Skipped Seq from 1118 to 1120
Skipped Seq from 1121 to 1123
Skipped Seq from 1123 to 1125
Skipped Seq from 1128 to 1130
Skipped Seq from 1139 to 1141
Skipped Seq from 1141 to 1143
Skipped Seq from 1143 to 1145
Skipped Seq from 1148 to 1150
Skipped Seq from 1152 to 1154
Skipped Seq from 1157 to 1159
Skipped Seq from 1159 to 1161
Skipped Seq from 1169 to 1171
Skipped Seq from 1172 to 1174
Skipped Seq from 1182 to 1184
Skipped Seq from 1187 to 1190
Skipped Seq from 1191 to 1195
Skipped Seq from 1195 to 1198
Skipped Seq from 1200 to 1203
Skipped Seq from 1204 to 1207
Skipped Seq from 1207 to 1211
Skipped Seq from 1211 to 1214
Skipped Seq from 1214 to 1216
Skipped Seq from 1216 to 1222
Skipped Seq from 1222 to 1224
Skipped Seq from 1224 to 1227
Skipped Seq from 1229 to 1234
Skipped Seq from 1234 to 1241
Skipped Seq from 1246 to 1254
Skipped Seq from 1254 to 1256
Skipped Seq from 1257 to 1267
Skipped Seq from 1267 to 1289
Skipped Seq from 1289 to 1292
Skipped Seq from 1294 to 1309
Skipped Seq from 1310 to 1312
Skipped Seq from 1312 to 1314
Skipped Seq from 1315 to 1317
Skipped Seq from 1317 to 1319
Skipped Seq from 1319 to 1328
Skipped Seq from 1328 to 1331
Skipped Seq from 1331 to 1336
Skipped Seq from 1336 to 1340
Skipped Seq from 1340 to 1344
Skipped Seq from 1345 to 1348
Skipped Seq from 1348 to 1350
Skipped Seq from 1360 to 1362
Skipped Seq from 1383 to 1386
Skipped Seq from 1386 to 1388
Skipped Seq from 1389 to 1391
Skipped Seq from 1396 to 1398
Skipped Seq from 2795 to 2797
Skipped Seq from 2797 to 2799
Skipped Seq from 2800 to 2802
Skipped Seq from 2806 to 2812
Skipped Seq from 2812 to 2815
Skipped Seq from 2815 to 2818
Skipped Seq from 2827 to 2829
Skipped Seq from 2831 to 2833
Skipped Seq from 2833 to 2835
Skipped Seq from 2835 to 2837
Skipped Seq from 2841 to 2843
Skipped Seq from 2843 to 2845
Skipped Seq from 2845 to 2847
Skipped Seq from 2847 to 2849
Skipped Seq from 2849 to 2851
Skipped Seq from 2852 to 2854
Skipped Seq from 2856 to 2860
Skipped Seq from 2861 to 2863
Skipped Seq from 2863 to 2865
Skipped Seq from 2868 to 2870
Skipped Seq from 2875 to 2877
Skipped Seq from 2890 to 2892
Skipped Seq from 2894 to 2896
Skipped Seq from 2901 to 2903
Skipped Seq from 2909 to 2912
Skipped Seq from 2912 to 2915
Skipped Seq from 2916 to 2919
Skipped Seq from 2922 to 2926
Skipped Seq from 2927 to 2929
Skipped Seq from 2929 to 2934
Skipped Seq from 2934 to 2937
Skipped Seq from 2943 to 2945
Skipped Seq from 2947 to 2950
Skipped Seq from 2950 to 2952
Skipped Seq from 2952 to 2954
Skipped Seq from 2960 to 2962
Skipped Seq from 2977 to 2980
Skipped Seq from 2993 to 2997
Skipped Seq from 3001 to 3003
Skipped Seq from 3009 to 3011
Skipped Seq from 3012 to 3014
Skipped Seq from 3091 to 3093
Skipped Seq from 3097 to 3099
Skipped Seq from 3115 to 3117
Skipped Seq from 3133 to 3135
Skipped Seq from 3159 to 3162
Skipped Seq from 3163 to 3165
Skipped Seq from 3170 to 3173
Skipped Seq from 3182 to 3184
Skipped Seq from 3184 to 3186
Skipped Seq from 3188 to 3191
Skipped Seq from 3192 to 3194
Skipped Seq from 3206 to 3208
Skipped Seq from 3208 to 3210
Skipped Seq from 3211 to 3214
Skipped Seq from 3219 to 3221
Skipped Seq from 3221 to 3223
Skipped Seq from 3225 to 3227
Skipped Seq from 3230 to 3233
Skipped Seq from 3236 to 3240
Skipped Seq from 3241 to 3243
Skipped Seq from 3244 to 3246
Skipped Seq from 3246 to 3249
Skipped Seq from 3249 to 3252
Skipped Seq from 3252 to 3254
Skipped Seq from 3254 to 3256
Skipped Seq from 3257 to 3261
Skipped Seq from 3264 to 3266
Skipped Seq from 3268 to 3271
Skipped Seq from 3271 to 3277
Skipped Seq from 3279 to 3281
Skipped Seq from 3281 to 3288
Skipped Seq from 3288 to 3292
Skipped Seq from 3292 to 3296
Skipped Seq from 3296 to 3301
Skipped Seq from 3306 to 3308
Skipped Seq from 3336 to 3339
Skipped Seq from 3340 to 3342
Skipped Seq from 3343 to 3347
Skipped Seq from 3349 to 3352
Skipped Seq from 3359 to 3361
Skipped Seq from 3361 to 3363
Skipped Seq from 3363 to 3365
Skipped Seq from 3366 to 3368
Skipped Seq from 3373 to 3375
Skipped Seq from 3375 to 3378
Skipped Seq from 3385 to 3387
Skipped Seq from 3389 to 3391
Skipped Seq from 3393 to 3396
Skipped Seq from 3396 to 3401
Skipped Seq from 3401 to 3405
Skipped Seq from 3405 to 3407
Skipped Seq from 3407 to 3409
Skipped Seq from 3413 to 3415
Skipped Seq from 3420 to 3422
Skipped Seq from 3445 to 3447
Skipped Seq from 3453 to 3456
Skipped Seq from 3463 to 3465
Skipped Seq from 3551 to 3554
Skipped Seq from 3558 to 3561
Skipped Seq from 3561 to 3570
Skipped Seq from 3570 to 3573
Skipped Seq from 3579 to 3582
Skipped Seq from 3582 to 3586
Skipped Seq from 4942 to 4946
Skipped Seq from 4946 to 4953
Skipped Seq from 4954 to 4956
Skipped Seq from 4959 to 4963
Skipped Seq from 4963 to 4966
Skipped Seq from 4967 to 4977
Skipped Seq from 4978 to 4980
Skipped Seq from 4980 to 4982
Skipped Seq from 4982 to 4984
Skipped Seq from 4986 to 4989
Skipped Seq from 4989 to 4991
Skipped Seq from 4991 to 4993
Skipped Seq from 4994 to 4997
Skipped Seq from 4997 to 5004
Skipped Seq from 5004 to 5008
Skipped Seq from 5009 to 5011
Skipped Seq from 5012 to 5016
Skipped Seq from 5016 to 5020
Skipped Seq from 5020 to 5024
Skipped Seq from 5026 to 5028
Skipped Seq from 5028 to 5032
Skipped Seq from 5032 to 5036
Skipped Seq from 5036 to 5038
Skipped Seq from 5039 to 5041
Skipped Seq from 5041 to 5043
Skipped Seq from 5043 to 5047
Skipped Seq from 5047 to 5053
Skipped Seq from 5053 to 5056
Skipped Seq from 5056 to 5061
Skipped Seq from 5061 to 5063
Skipped Seq from 5066 to 5068
Skipped Seq from 5070 to 5072
Skipped Seq from 5078 to 5080
Number of times throttled: 11
Received: 4231 / 5080 packets
Start time: 1332764520.520256
End time: 1332764550.139247
Duration: 29.618991
