Starting client at 10.0.0.20:1251 with timeout:10
My IP address is 10.0.0.20Skipped Seq from 2351 to 2353
Skipped Seq from 2359 to 2361
Skipped Seq from 2361 to 2364
Skipped Seq from 2365 to 2368
Skipped Seq from 2377 to 2379
Skipped Seq from 2380 to 2382
Skipped Seq from 2382 to 2386
Skipped Seq from 2386 to 2390
Skipped Seq from 2394 to 2398
Skipped Seq from 2400 to 2404
Skipped Seq from 2406 to 2409
Skipped Seq from 2410 to 2413
Skipped Seq from 2414 to 2416
Skipped Seq from 2416 to 2418
Skipped Seq from 2422 to 2424
Skipped Seq from 2427 to 2429
Skipped Seq from 2430 to 2432
Skipped Seq from 2434 to 2437
Skipped Seq from 2438 to 2441
Skipped Seq from 2441 to 2445
Skipped Seq from 2450 to 2452
Skipped Seq from 2458 to 2462
Skipped Seq from 2462 to 2464
Skipped Seq from 2466 to 2471
Skipped Seq from 2471 to 2473
Skipped Seq from 2473 to 2475
Skipped Seq from 2481 to 2485
Skipped Seq from 2485 to 2487
Skipped Seq from 2487 to 2491
Skipped Seq from 2491 to 2494
Skipped Seq from 2494 to 2496
Skipped Seq from 2496 to 2499
Skipped Seq from 2502 to 2504
Skipped Seq from 2505 to 2507
Skipped Seq from 2507 to 2510
Skipped Seq from 2520 to 2523
Skipped Seq from 2526 to 2529
Skipped Seq from 2529 to 2531
Skipped Seq from 2534 to 2536
Skipped Seq from 2540 to 2542
Skipped Seq from 2542 to 2544
Skipped Seq from 2544 to 2548
Skipped Seq from 2549 to 2552
Skipped Seq from 2553 to 2556
Skipped Seq from 2564 to 2566
Skipped Seq from 2566 to 2572
Skipped Seq from 2572 to 2574
Skipped Seq from 2574 to 2577
Skipped Seq from 2578 to 2580
Skipped Seq from 2580 to 2582
Skipped Seq from 2582 to 2584
Skipped Seq from 2584 to 2592
Skipped Seq from 2594 to 2596
Skipped Seq from 2675 to 2677
Skipped Seq from 2684 to 2688
Skipped Seq from 2699 to 2701
Skipped Seq from 2703 to 2707
Skipped Seq from 2708 to 2711
Skipped Seq from 2711 to 2713
Skipped Seq from 2714 to 2719
Skipped Seq from 2721 to 2725
Skipped Seq from 2727 to 2732
Skipped Seq from 2734 to 2739
Skipped Seq from 2742 to 2745
Skipped Seq from 2749 to 2752
Skipped Seq from 2753 to 2760
Skipped Seq from 2760 to 2763
Skipped Seq from 2776 to 2779
Skipped Seq from 2779 to 2785
Skipped Seq from 2788 to 2790
Skipped Seq from 2803 to 2805
Skipped Seq from 2806 to 2808
Skipped Seq from 2809 to 2818
Skipped Seq from 2818 to 2826
Skipped Seq from 2826 to 2833
Skipped Seq from 2834 to 2850
Skipped Seq from 2852 to 2858
Skipped Seq from 2860 to 2862
Skipped Seq from 2865 to 2867
Skipped Seq from 2884 to 2886
Skipped Seq from 2909 to 2911
Skipped Seq from 2955 to 2957
Skipped Seq from 2966 to 2968
Skipped Seq from 2981 to 2983
Skipped Seq from 2998 to 3000
Skipped Seq from 3011 to 3013
Skipped Seq from 3015 to 3018
Skipped Seq from 3024 to 3026
Skipped Seq from 3026 to 3028
Skipped Seq from 3030 to 3032
Skipped Seq from 3033 to 3035
Skipped Seq from 3037 to 3039
Skipped Seq from 3047 to 3050
Skipped Seq from 3051 to 3053
Skipped Seq from 3053 to 3055
Skipped Seq from 3056 to 3058
Skipped Seq from 3058 to 3061
Skipped Seq from 3061 to 3064
Skipped Seq from 3065 to 3067
Skipped Seq from 3067 to 3069
Skipped Seq from 3071 to 3073
Skipped Seq from 3076 to 3079
Skipped Seq from 3084 to 3086
Skipped Seq from 3091 to 3093
Skipped Seq from 3095 to 3097
Skipped Seq from 3097 to 3099
Skipped Seq from 3110 to 3112
Skipped Seq from 3112 to 3116
Skipped Seq from 3116 to 3119
Skipped Seq from 3129 to 3132
Skipped Seq from 3134 to 3137
Skipped Seq from 3138 to 3140
Skipped Seq from 3142 to 3145
Skipped Seq from 3147 to 3150
Skipped Seq from 3150 to 3152
Skipped Seq from 3154 to 3156
Skipped Seq from 3156 to 3158
Skipped Seq from 3158 to 3160
Skipped Seq from 3160 to 3165
Skipped Seq from 3167 to 3169
Skipped Seq from 3170 to 3172
Skipped Seq from 3176 to 3180
Skipped Seq from 3180 to 3182
Skipped Seq from 3182 to 3184
Skipped Seq from 3188 to 3190
Skipped Seq from 3195 to 3197
Skipped Seq from 3202 to 3205
Skipped Seq from 3205 to 3208
Skipped Seq from 3210 to 3213
Skipped Seq from 3213 to 3216
Skipped Seq from 3217 to 3219
Skipped Seq from 3230 to 3232
Skipped Seq from 3235 to 3240
Skipped Seq from 3240 to 3243
Skipped Seq from 3246 to 3248
Skipped Seq from 3248 to 3251
Skipped Seq from 3253 to 3258
Skipped Seq from 3258 to 3260
Skipped Seq from 3260 to 3262
Skipped Seq from 3265 to 3267
Skipped Seq from 3269 to 3271
Skipped Seq from 3271 to 3273
Skipped Seq from 3280 to 3282
Skipped Seq from 3282 to 3284
Skipped Seq from 3293 to 3298
Skipped Seq from 3298 to 3301
Skipped Seq from 3302 to 3304
Skipped Seq from 3306 to 3308
Skipped Seq from 3308 to 3310
Skipped Seq from 3316 to 3318
Skipped Seq from 3319 to 3321
Skipped Seq from 3336 to 3339
Skipped Seq from 3339 to 3344
Skipped Seq from 3346 to 3350
Skipped Seq from 3350 to 3354
Skipped Seq from 3357 to 3359
Skipped Seq from 3359 to 3361
Skipped Seq from 3368 to 3370
Skipped Seq from 3381 to 3388
Skipped Seq from 3388 to 3406
Skipped Seq from 3410 to 3413
Skipped Seq from 3413 to 3416
Skipped Seq from 3419 to 3421
Skipped Seq from 3428 to 3433
Skipped Seq from 3435 to 3438
Skipped Seq from 3438 to 3440
Skipped Seq from 3441 to 3445
Skipped Seq from 3448 to 3453
Skipped Seq from 3458 to 3460
Skipped Seq from 3473 to 3476
Skipped Seq from 3493 to 3495
Skipped Seq from 3498 to 3500
Skipped Seq from 3507 to 3509
Skipped Seq from 3510 to 3512
Skipped Seq from 3516 to 3518
Skipped Seq from 3518 to 3520
Skipped Seq from 3523 to 3525
Skipped Seq from 3533 to 3535
Skipped Seq from 3537 to 3539
Number of times throttled: 5
Received: 5454 / 5817 packets
Start time: 1332763624.589973
End time: 1332763659.022167
Duration: 34.432194
