Starting client at 10.0.0.22:1239 with timeout:10
My IP address is 10.0.0.22Skipped Seq from 3 to 5
Skipped Seq from 6 to 8
Skipped Seq from 13 to 15
Skipped Seq from 15 to 19
Skipped Seq from 20 to 25
Skipped Seq from 25 to 29
Skipped Seq from 30 to 32
Skipped Seq from 32 to 35
Skipped Seq from 39 to 46
Skipped Seq from 47 to 50
Skipped Seq from 53 to 55
Skipped Seq from 55 to 58
Skipped Seq from 58 to 69
Skipped Seq from 70 to 72
Skipped Seq from 72 to 77
Skipped Seq from 77 to 79
Skipped Seq from 79 to 85
Skipped Seq from 89 to 91
Skipped Seq from 91 to 95
Skipped Seq from 96 to 98
Skipped Seq from 104 to 108
Skipped Seq from 108 to 110
Skipped Seq from 111 to 115
Skipped Seq from 115 to 120
Skipped Seq from 120 to 126
Skipped Seq from 126 to 131
Skipped Seq from 132 to 136
Skipped Seq from 136 to 138
Skipped Seq from 143 to 145
Skipped Seq from 145 to 148
Skipped Seq from 152 to 154
Skipped Seq from 158 to 162
Skipped Seq from 163 to 166
Skipped Seq from 167 to 175
Skipped Seq from 178 to 181
Skipped Seq from 184 to 187
Skipped Seq from 188 to 190
Skipped Seq from 190 to 192
Skipped Seq from 192 to 196
Skipped Seq from 197 to 199
Skipped Seq from 200 to 203
Skipped Seq from 205 to 208
Skipped Seq from 208 to 211
Skipped Seq from 216 to 219
Skipped Seq from 220 to 222
Skipped Seq from 223 to 225
Skipped Seq from 226 to 228
Skipped Seq from 229 to 234
Skipped Seq from 235 to 240
Skipped Seq from 240 to 243
Skipped Seq from 243 to 251
Skipped Seq from 251 to 256
Skipped Seq from 257 to 263
Skipped Seq from 263 to 265
Skipped Seq from 265 to 269
Skipped Seq from 271 to 273
Skipped Seq from 274 to 276
Skipped Seq from 282 to 285
Skipped Seq from 288 to 290
Skipped Seq from 293 to 295
Skipped Seq from 295 to 298
Skipped Seq from 303 to 308
Skipped Seq from 313 to 315
Skipped Seq from 322 to 324
Skipped Seq from 328 to 330
Skipped Seq from 334 to 339
Skipped Seq from 347 to 352
Skipped Seq from 352 to 355
Skipped Seq from 355 to 358
Skipped Seq from 358 to 360
Skipped Seq from 372 to 374
Skipped Seq from 375 to 377
Skipped Seq from 377 to 379
Skipped Seq from 379 to 382
Skipped Seq from 384 to 388
Skipped Seq from 389 to 391
Skipped Seq from 393 to 395
Skipped Seq from 405 to 408
Skipped Seq from 408 to 410
Skipped Seq from 413 to 415
Skipped Seq from 416 to 418
Skipped Seq from 418 to 420
Skipped Seq from 420 to 422
Skipped Seq from 429 to 431
Skipped Seq from 435 to 439
Skipped Seq from 439 to 471
Skipped Seq from 471 to 475
Skipped Seq from 477 to 480
Skipped Seq from 480 to 482
Skipped Seq from 483 to 485
Skipped Seq from 486 to 488
Skipped Seq from 488 to 490
Skipped Seq from 494 to 497
Skipped Seq from 500 to 505
Skipped Seq from 509 to 511
Skipped Seq from 514 to 516
Skipped Seq from 524 to 529
Skipped Seq from 529 to 532
Skipped Seq from 532 to 534
Skipped Seq from 537 to 539
Skipped Seq from 541 to 545
Skipped Seq from 549 to 551
Skipped Seq from 551 to 553
Skipped Seq from 556 to 558
Skipped Seq from 560 to 562
Skipped Seq from 563 to 565
Skipped Seq from 569 to 571
Skipped Seq from 572 to 574
Skipped Seq from 575 to 578
Skipped Seq from 578 to 581
Skipped Seq from 584 to 587
Skipped Seq from 588 to 590
Skipped Seq from 596 to 599
Skipped Seq from 599 to 611
Skipped Seq from 613 to 615
Skipped Seq from 618 to 623
Skipped Seq from 627 to 629
Skipped Seq from 639 to 641
Skipped Seq from 641 to 643
Skipped Seq from 643 to 645
Skipped Seq from 648 to 650
Skipped Seq from 652 to 654
Skipped Seq from 655 to 657
Skipped Seq from 660 to 664
Skipped Seq from 664 to 666
Skipped Seq from 666 to 669
Skipped Seq from 669 to 672
Skipped Seq from 672 to 676
Skipped Seq from 677 to 679
Skipped Seq from 679 to 681
Skipped Seq from 682 to 685
Skipped Seq from 685 to 687
Skipped Seq from 687 to 689
Skipped Seq from 1637 to 1640
Skipped Seq from 1643 to 1646
Skipped Seq from 1647 to 1649
Skipped Seq from 1649 to 1651
Skipped Seq from 1651 to 1653
Skipped Seq from 1655 to 1657
Skipped Seq from 1658 to 1661
Skipped Seq from 1661 to 1664
Skipped Seq from 1666 to 1671
Skipped Seq from 1673 to 1675
Skipped Seq from 1675 to 1677
Skipped Seq from 1677 to 1681
Skipped Seq from 1682 to 1684
Skipped Seq from 1688 to 1690
Skipped Seq from 1691 to 1693
Skipped Seq from 1699 to 1702
Skipped Seq from 1703 to 1705
Skipped Seq from 1706 to 1708
Skipped Seq from 1710 to 1712
Skipped Seq from 1718 to 1720
Skipped Seq from 1720 to 1722
Skipped Seq from 1738 to 1743
Skipped Seq from 1743 to 1746
Skipped Seq from 1746 to 1748
Skipped Seq from 1750 to 1753
Skipped Seq from 1753 to 1759
Skipped Seq from 1764 to 1766
Skipped Seq from 1768 to 1770
Skipped Seq from 1770 to 1772
Number of times throttled: 4
Received: 1422 / 1778 packets
Start time: 1332762990.924892
End time: 1332763000.508485
Duration: 9.583593
