Starting client at 10.0.0.11:1282 with timeout:10
My IP address is 10.0.0.11Skipped Seq from 422 to 425
Skipped Seq from 426 to 428
Skipped Seq from 428 to 430
Skipped Seq from 434 to 438
Skipped Seq from 439 to 448
Skipped Seq from 451 to 453
Skipped Seq from 457 to 459
Skipped Seq from 466 to 469
Skipped Seq from 469 to 471
Skipped Seq from 475 to 479
Skipped Seq from 480 to 482
Skipped Seq from 483 to 485
Skipped Seq from 485 to 487
Skipped Seq from 489 to 491
Skipped Seq from 492 to 495
Skipped Seq from 497 to 500
Skipped Seq from 500 to 502
Skipped Seq from 505 to 508
Skipped Seq from 511 to 513
Skipped Seq from 513 to 515
Skipped Seq from 515 to 517
Skipped Seq from 517 to 519
Skipped Seq from 522 to 528
Skipped Seq from 530 to 536
Skipped Seq from 536 to 538
Skipped Seq from 539 to 541
Skipped Seq from 543 to 545
Skipped Seq from 545 to 552
Skipped Seq from 552 to 557
Skipped Seq from 558 to 560
Skipped Seq from 566 to 569
Skipped Seq from 575 to 577
Skipped Seq from 581 to 583
Skipped Seq from 584 to 589
Skipped Seq from 589 to 591
Skipped Seq from 594 to 597
Skipped Seq from 598 to 600
Skipped Seq from 603 to 605
Skipped Seq from 605 to 607
Skipped Seq from 607 to 609
Skipped Seq from 611 to 613
Skipped Seq from 613 to 615
Skipped Seq from 618 to 620
Skipped Seq from 625 to 627
Skipped Seq from 628 to 636
Skipped Seq from 638 to 642
Skipped Seq from 642 to 644
Skipped Seq from 645 to 649
Skipped Seq from 650 to 652
Skipped Seq from 654 to 657
Skipped Seq from 665 to 672
Skipped Seq from 673 to 680
Skipped Seq from 680 to 683
Skipped Seq from 684 to 690
Skipped Seq from 690 to 693
Skipped Seq from 695 to 697
Skipped Seq from 698 to 700
Skipped Seq from 701 to 703
Skipped Seq from 703 to 712
Skipped Seq from 712 to 716
Skipped Seq from 717 to 719
Skipped Seq from 719 to 721
Skipped Seq from 721 to 725
Skipped Seq from 726 to 730
Skipped Seq from 731 to 737
Skipped Seq from 737 to 739
Skipped Seq from 743 to 746
Skipped Seq from 747 to 751
Skipped Seq from 754 to 757
Skipped Seq from 760 to 764
Skipped Seq from 764 to 767
Skipped Seq from 767 to 770
Skipped Seq from 773 to 775
Skipped Seq from 780 to 782
Skipped Seq from 783 to 789
Skipped Seq from 789 to 791
Skipped Seq from 791 to 793
Skipped Seq from 797 to 799
Skipped Seq from 804 to 807
Skipped Seq from 811 to 813
Skipped Seq from 815 to 817
Skipped Seq from 821 to 824
Skipped Seq from 824 to 827
Skipped Seq from 827 to 829
Skipped Seq from 833 to 835
Skipped Seq from 851 to 854
Skipped Seq from 860 to 862
Skipped Seq from 867 to 869
Skipped Seq from 869 to 871
Skipped Seq from 872 to 874
Skipped Seq from 875 to 877
Skipped Seq from 878 to 882
Skipped Seq from 883 to 887
Skipped Seq from 887 to 889
Skipped Seq from 891 to 894
Skipped Seq from 896 to 898
Skipped Seq from 899 to 901
Skipped Seq from 901 to 904
Skipped Seq from 905 to 908
Skipped Seq from 909 to 913
Skipped Seq from 913 to 917
Skipped Seq from 920 to 922
Skipped Seq from 924 to 936
Skipped Seq from 937 to 942
Skipped Seq from 942 to 950
Skipped Seq from 950 to 956
Skipped Seq from 963 to 966
Skipped Seq from 967 to 969
Skipped Seq from 969 to 973
Skipped Seq from 973 to 976
Skipped Seq from 976 to 982
Skipped Seq from 982 to 987
Skipped Seq from 987 to 989
Skipped Seq from 989 to 991
Skipped Seq from 991 to 995
Skipped Seq from 995 to 997
Skipped Seq from 998 to 1002
Skipped Seq from 1002 to 1010
Skipped Seq from 1010 to 1014
Skipped Seq from 1020 to 1022
Skipped Seq from 1025 to 1027
Skipped Seq from 1027 to 1029
Skipped Seq from 1035 to 1037
Skipped Seq from 1037 to 1039
Skipped Seq from 1040 to 1042
Skipped Seq from 1045 to 1047
Skipped Seq from 1052 to 1055
Skipped Seq from 1056 to 1058
Skipped Seq from 1062 to 1065
Skipped Seq from 1066 to 1069
Skipped Seq from 1069 to 1072
Skipped Seq from 1072 to 1074
Skipped Seq from 1075 to 1077
Skipped Seq from 1080 to 1082
Skipped Seq from 1083 to 1085
Skipped Seq from 1089 to 1092
Skipped Seq from 1092 to 1095
Skipped Seq from 1096 to 1098
Skipped Seq from 1100 to 1103
Skipped Seq from 1105 to 1107
Skipped Seq from 1114 to 1116
Skipped Seq from 1117 to 1119
Skipped Seq from 1119 to 1122
Skipped Seq from 1123 to 1126
Skipped Seq from 1129 to 1131
Skipped Seq from 1131 to 1135
Skipped Seq from 1136 to 1139
Skipped Seq from 1141 to 1143
Skipped Seq from 1144 to 1148
Skipped Seq from 1151 to 1153
Skipped Seq from 1160 to 1163
Skipped Seq from 1168 to 1170
Skipped Seq from 1173 to 1179
Skipped Seq from 1190 to 1192
Skipped Seq from 1193 to 1195
Skipped Seq from 1198 to 1200
Skipped Seq from 1207 to 1209
Skipped Seq from 1209 to 1211
Skipped Seq from 1213 to 1215
Skipped Seq from 1216 to 1220
Skipped Seq from 1247 to 1250
Skipped Seq from 1267 to 1269
Number of times throttled: 4
Received: 1489 / 1827 packets
Start time: 1332764798.356213
End time: 1332764808.628453
Duration: 10.272240
