Starting client at 10.0.0.16:1235 with timeout:10
My IP address is 10.0.0.16Skipped Seq from 1918 to 1926
Skipped Seq from 1926 to 1932
Skipped Seq from 1932 to 1936
Skipped Seq from 1938 to 1944
Skipped Seq from 1944 to 1950
Skipped Seq from 1950 to 1952
Skipped Seq from 1952 to 1954
Skipped Seq from 1954 to 1956
Skipped Seq from 1956 to 1959
Skipped Seq from 1965 to 1967
Skipped Seq from 1968 to 1976
Skipped Seq from 1976 to 1978
Skipped Seq from 1978 to 1982
Skipped Seq from 1982 to 1986
Skipped Seq from 1986 to 1990
Skipped Seq from 1990 to 1992
Skipped Seq from 1996 to 1998
Skipped Seq from 1999 to 2001
Skipped Seq from 2001 to 2003
Skipped Seq from 2004 to 2007
Skipped Seq from 2019 to 2021
Skipped Seq from 2022 to 2027
Skipped Seq from 2027 to 2030
Skipped Seq from 2030 to 2032
Skipped Seq from 2032 to 2035
Skipped Seq from 2035 to 2037
Skipped Seq from 2040 to 2042
Skipped Seq from 2043 to 2045
Skipped Seq from 2045 to 2048
Skipped Seq from 2048 to 2051
Skipped Seq from 2051 to 2055
Skipped Seq from 2055 to 2058
Skipped Seq from 2058 to 2062
Skipped Seq from 2062 to 2065
Skipped Seq from 2066 to 2068
Skipped Seq from 2068 to 2071
Skipped Seq from 2071 to 2074
Skipped Seq from 2074 to 2078
Skipped Seq from 2082 to 2085
Skipped Seq from 2087 to 2097
Skipped Seq from 2097 to 2103
Skipped Seq from 2103 to 2106
Skipped Seq from 2106 to 2108
Skipped Seq from 2108 to 2111
Skipped Seq from 2111 to 2113
Skipped Seq from 2114 to 2116
Skipped Seq from 2116 to 2118
Skipped Seq from 2118 to 2122
Skipped Seq from 2122 to 2125
Skipped Seq from 2125 to 2127
Skipped Seq from 2128 to 2130
Skipped Seq from 2139 to 2143
Skipped Seq from 2143 to 2145
Skipped Seq from 2151 to 2153
Skipped Seq from 2153 to 2157
Skipped Seq from 2163 to 2165
Skipped Seq from 2168 to 2170
Skipped Seq from 2171 to 2173
Skipped Seq from 2173 to 2175
Skipped Seq from 2176 to 2178
Skipped Seq from 2178 to 2180
Skipped Seq from 2181 to 2183
Skipped Seq from 2184 to 2186
Skipped Seq from 2186 to 2188
Skipped Seq from 2191 to 2193
Skipped Seq from 2193 to 2195
Skipped Seq from 2196 to 2198
Skipped Seq from 2198 to 2200
Skipped Seq from 2200 to 2203
Skipped Seq from 2203 to 2206
Skipped Seq from 2210 to 2213
Skipped Seq from 2213 to 2215
Skipped Seq from 2215 to 2218
Skipped Seq from 2218 to 2220
Skipped Seq from 2220 to 2223
Skipped Seq from 2223 to 2226
Skipped Seq from 2226 to 2228
Skipped Seq from 2228 to 2231
Skipped Seq from 2231 to 2235
Skipped Seq from 2235 to 2237
Skipped Seq from 2237 to 2242
Skipped Seq from 2246 to 2249
Skipped Seq from 2251 to 2253
Skipped Seq from 2253 to 2258
Skipped Seq from 2258 to 2261
Skipped Seq from 2261 to 2265
Skipped Seq from 2265 to 2267
Skipped Seq from 2269 to 2273
Skipped Seq from 2274 to 2280
Skipped Seq from 2280 to 2290
Skipped Seq from 2290 to 2297
Skipped Seq from 2297 to 2301
Skipped Seq from 2302 to 2309
Skipped Seq from 2309 to 2316
Skipped Seq from 2316 to 2323
Skipped Seq from 2323 to 2327
Skipped Seq from 2327 to 2330
Skipped Seq from 2330 to 2332
Skipped Seq from 2332 to 2345
Skipped Seq from 2345 to 2349
Skipped Seq from 2349 to 2358
Skipped Seq from 2360 to 2362
Skipped Seq from 2362 to 2364
Skipped Seq from 2365 to 2369
Skipped Seq from 2369 to 2377
Skipped Seq from 2378 to 2380
Skipped Seq from 2382 to 2386
Skipped Seq from 2386 to 2388
Skipped Seq from 2388 to 2392
Skipped Seq from 2392 to 2395
Skipped Seq from 2395 to 2402
Skipped Seq from 2403 to 2405
Skipped Seq from 2405 to 2407
Skipped Seq from 2407 to 2409
Skipped Seq from 2409 to 2411
Skipped Seq from 2416 to 2418
Skipped Seq from 2420 to 2422
Skipped Seq from 2422 to 2425
Skipped Seq from 2426 to 2431
Skipped Seq from 2432 to 2436
Skipped Seq from 2436 to 2439
Skipped Seq from 2440 to 2444
Skipped Seq from 2444 to 2448
Skipped Seq from 2448 to 2450
Skipped Seq from 2451 to 2458
Skipped Seq from 2458 to 2462
Skipped Seq from 2463 to 2468
Skipped Seq from 2468 to 2474
Skipped Seq from 2476 to 2479
Skipped Seq from 2479 to 2484
Skipped Seq from 2485 to 2490
Skipped Seq from 2490 to 2493
Skipped Seq from 2493 to 2512
Skipped Seq from 2512 to 2528
Skipped Seq from 2528 to 2538
Skipped Seq from 2538 to 2540
Skipped Seq from 2540 to 2564
Skipped Seq from 2564 to 2577
Skipped Seq from 2577 to 2580
Skipped Seq from 2580 to 2583
Skipped Seq from 2585 to 2587
Skipped Seq from 2587 to 2590
Skipped Seq from 2590 to 2594
Skipped Seq from 2594 to 2597
Skipped Seq from 2597 to 2599
Skipped Seq from 2599 to 2604
Skipped Seq from 2604 to 2606
Skipped Seq from 2607 to 2610
Skipped Seq from 2611 to 2614
Skipped Seq from 2614 to 2616
Skipped Seq from 2616 to 2618
Skipped Seq from 2623 to 2626
Skipped Seq from 2629 to 2633
Skipped Seq from 2633 to 2641
Skipped Seq from 2641 to 2643
Skipped Seq from 2645 to 2647
Skipped Seq from 2651 to 2653
Skipped Seq from 2657 to 2661
Skipped Seq from 2687 to 2689
Skipped Seq from 2694 to 2696
Skipped Seq from 2703 to 2706
Skipped Seq from 2713 to 2715
Skipped Seq from 2715 to 2717
Skipped Seq from 2718 to 2721
Skipped Seq from 2721 to 2723
Skipped Seq from 2725 to 2727
Skipped Seq from 2727 to 2729
Skipped Seq from 2729 to 2731
Skipped Seq from 2731 to 2734
Skipped Seq from 2736 to 2738
Skipped Seq from 2749 to 2753
Skipped Seq from 2754 to 2756
Skipped Seq from 2761 to 2763
Skipped Seq from 2763 to 2765
Skipped Seq from 2770 to 2772
Skipped Seq from 2772 to 2774
Skipped Seq from 2774 to 2776
Skipped Seq from 2776 to 2778
Skipped Seq from 2778 to 2780
Skipped Seq from 2783 to 2785
Skipped Seq from 2785 to 2787
Skipped Seq from 2787 to 2791
Skipped Seq from 2791 to 2795
Skipped Seq from 2795 to 2797
Skipped Seq from 2797 to 2801
Skipped Seq from 2801 to 2803
Skipped Seq from 2803 to 2806
Skipped Seq from 2806 to 2808
Skipped Seq from 2809 to 2812
Skipped Seq from 2812 to 2814
Skipped Seq from 2814 to 2816
Skipped Seq from 2816 to 2820
Skipped Seq from 2826 to 2828
Skipped Seq from 2832 to 2834
Skipped Seq from 2837 to 2839
Skipped Seq from 2839 to 2842
Skipped Seq from 2842 to 2844
Skipped Seq from 2844 to 2847
Skipped Seq from 2849 to 2852
Skipped Seq from 2854 to 2856
Number of times throttled: 5
Received: 4121 / 4635 packets
Start time: 1332763092.000339
End time: 1332763117.529619
Duration: 25.529280
