Starting client at 10.0.0.14:1296 with timeout:10
My IP address is 10.0.0.14Skipped Seq from 581 to 589
Skipped Seq from 590 to 600
Skipped Seq from 600 to 621
Skipped Seq from 621 to 625
Skipped Seq from 630 to 634
Skipped Seq from 634 to 641
Skipped Seq from 644 to 647
Skipped Seq from 647 to 655
Skipped Seq from 655 to 657
Skipped Seq from 670 to 673
Skipped Seq from 673 to 675
Skipped Seq from 676 to 678
Skipped Seq from 680 to 683
Skipped Seq from 686 to 688
Skipped Seq from 688 to 691
Skipped Seq from 691 to 693
Skipped Seq from 699 to 706
Skipped Seq from 717 to 734
Skipped Seq from 734 to 736
Skipped Seq from 746 to 781
Skipped Seq from 803 to 868
Skipped Seq from 935 to 937
Skipped Seq from 1018 to 1020
Skipped Seq from 1061 to 1063
Skipped Seq from 1086 to 1089
Skipped Seq from 1091 to 1093
Skipped Seq from 1093 to 1100
Skipped Seq from 1100 to 1102
Skipped Seq from 1102 to 1105
Skipped Seq from 1105 to 1108
Skipped Seq from 1108 to 1115
Skipped Seq from 1124 to 1126
Skipped Seq from 1132 to 1157
Skipped Seq from 1157 to 1159
Skipped Seq from 1159 to 1161
Skipped Seq from 1161 to 1168
Skipped Seq from 1168 to 1172
Skipped Seq from 1172 to 1176
Skipped Seq from 1179 to 1182
Skipped Seq from 1186 to 1189
Skipped Seq from 1194 to 1196
Skipped Seq from 1196 to 1199
Skipped Seq from 1200 to 1203
Skipped Seq from 1203 to 1205
Skipped Seq from 1205 to 1207
Skipped Seq from 1208 to 1210
Skipped Seq from 3336 to 3338
Skipped Seq from 3339 to 3341
Skipped Seq from 3344 to 3361
Skipped Seq from 3372 to 3374
Skipped Seq from 3376 to 3378
Skipped Seq from 3393 to 3395
Skipped Seq from 3405 to 3407
Skipped Seq from 3409 to 3411
Skipped Seq from 3443 to 3445
Skipped Seq from 3454 to 3477
Skipped Seq from 3485 to 3487
Skipped Seq from 3489 to 3491
Skipped Seq from 3492 to 3497
Skipped Seq from 3518 to 3520
Skipped Seq from 3531 to 3533
Skipped Seq from 3534 to 3536
Skipped Seq from 3539 to 3542
Skipped Seq from 3543 to 3545
Skipped Seq from 3573 to 3575
Skipped Seq from 3584 to 3586
Skipped Seq from 3588 to 3590
Skipped Seq from 3617 to 3619
Skipped Seq from 3654 to 3656
Skipped Seq from 3663 to 3665
Skipped Seq from 3666 to 3671
Skipped Seq from 3671 to 3678
Skipped Seq from 3680 to 3685
Skipped Seq from 3685 to 3687
Skipped Seq from 3689 to 3692
Skipped Seq from 3695 to 3697
Skipped Seq from 3698 to 3700
Skipped Seq from 3716 to 3718
Skipped Seq from 3718 to 3720
Skipped Seq from 3720 to 3722
Skipped Seq from 3764 to 3766
Skipped Seq from 3798 to 3800
Skipped Seq from 3806 to 3808
Skipped Seq from 3832 to 3834
Skipped Seq from 3836 to 3838
Skipped Seq from 6418 to 6420
Skipped Seq from 6503 to 6505
Skipped Seq from 6512 to 6514
Skipped Seq from 6515 to 6519
Skipped Seq from 6522 to 6524
Skipped Seq from 6598 to 6604
Skipped Seq from 6614 to 6616
Skipped Seq from 6622 to 6628
Skipped Seq from 6630 to 6632
Skipped Seq from 6701 to 6703
Skipped Seq from 6744 to 6746
Skipped Seq from 6903 to 6905
Number of times throttled: 13
Received: 10989 / 11365 packets
Start time: 1332760520.174478
End time: 1332760647.776274
Duration: 127.601796
