Mar 26 17:28:27|00001|openflowd|INFO|Open vSwitch version 1.1.0pre2
Mar 26 17:28:27|00002|openflowd|INFO|OpenFlow protocol version 0x01
Mar 26 17:28:27|00003|ofproto|INFO|using datapath ID 0000002320ed1114
Mar 26 17:28:27|00004|ofproto|INFO|datapath ID changed to 0000000000000001
Mar 26 17:28:27|00005|rconn|INFO|dp0<->tcp:127.0.0.1:6633: connecting...
Mar 26 17:28:27|00006|rconn|WARN|dp0<->tcp:127.0.0.1:6633: connection failed (Connection refused)
Mar 26 17:28:27|00007|rconn|INFO|dp0<->tcp:127.0.0.1:6633: waiting 1 seconds before reconnect
Mar 26 17:28:28|00008|rconn|INFO|dp0<->tcp:127.0.0.1:6633: connecting...
Mar 26 17:28:28|00009|rconn|WARN|dp0<->tcp:127.0.0.1:6633: connection failed (Connection refused)
Mar 26 17:28:28|00010|rconn|INFO|dp0<->tcp:127.0.0.1:6633: waiting 2 seconds before reconnect
Mar 26 17:28:30|00011|rconn|INFO|dp0<->tcp:127.0.0.1:6633: connecting...
Mar 26 17:28:30|00012|rconn|WARN|dp0<->tcp:127.0.0.1:6633: connection failed (Connection refused)
Mar 26 17:28:30|00013|rconn|INFO|dp0<->tcp:127.0.0.1:6633: waiting 4 seconds before reconnect
Mar 26 17:28:34|00014|rconn|INFO|dp0<->tcp:127.0.0.1:6633: connecting...
Mar 26 17:28:34|00015|rconn|INFO|dp0<->tcp:127.0.0.1:6633: connected
Mar 26 17:28:34|00016|ofp_util|WARN|received Nicira extension message of unknown type 8
Mar 26 17:28:34|00017|ofp_util|INFO|normalization changed ofp_match, details:
Mar 26 17:28:34|00018|ofp_util|INFO| pre: wildcards=0xffffffff  in_port=61589  dl_src=07:0a:80:6a:06:0a  dl_dst=08:96:07:0a:06:00  dl_vlan=    0  dl_vlan_pcp=  0  dl_type=     0  nw_tos=   0  nw_proto= 0x1  nw_src= 0x29dd209  nw_dst=0x87000000  tp_src=65295  tp_dst=    0
Mar 26 17:28:34|00019|ofp_util|INFO|post: wildcards= 0x23fffff  in_port=61589  dl_src=00:00:00:00:00:00  dl_dst=00:00:00:00:00:00  dl_vlan=    0  dl_vlan_pcp=  0  dl_type=     0  nw_tos=   0  nw_proto=   0  nw_src=         0  nw_dst=         0  tp_src=    0  tp_dst=    0
Mar 26 17:28:47|00020|ofp_util|INFO|normalization changed ofp_match, details:
Mar 26 17:28:47|00021|ofp_util|INFO| pre: wildcards=  0x200030  in_port=    5  dl_src=00:00:00:00:00:18  dl_dst=00:00:00:00:00:1a  dl_vlan=65535  dl_vlan_pcp=  0  dl_type=     0  nw_tos=   0  nw_proto=   0  nw_src= 0xa000018  nw_dst= 0xa00001a  tp_src= 1234  tp_dst=58134
Mar 26 17:28:47|00022|ofp_util|INFO|post: wildcards=  0x2ffff0  in_port=    5  dl_src=00:00:00:00:00:18  dl_dst=00:00:00:00:00:1a  dl_vlan=65535  dl_vlan_pcp=  0  dl_type=     0  nw_tos=   0  nw_proto=   0  nw_src=         0  nw_dst=         0  tp_src=    0  tp_dst=    0
Mar 26 17:28:47|00023|ofp_util|INFO|normalization changed ofp_match, details:
Mar 26 17:28:47|00024|ofp_util|INFO| pre: wildcards=  0x200030  in_port=    5  dl_src=00:00:00:00:00:18  dl_dst=00:00:00:00:00:1a  dl_vlan=65535  dl_vlan_pcp=  0  dl_type=     0  nw_tos=   0  nw_proto=   0  nw_src= 0xa000018  nw_dst= 0xa00001a  tp_src= 1234  tp_dst=58134
Mar 26 17:28:47|00025|ofp_util|INFO|post: wildcards=  0x2ffff0  in_port=    5  dl_src=00:00:00:00:00:18  dl_dst=00:00:00:00:00:1a  dl_vlan=65535  dl_vlan_pcp=  0  dl_type=     0  nw_tos=   0  nw_proto=   0  nw_src=         0  nw_dst=         0  tp_src=    0  tp_dst=    0
Mar 26 17:28:47|00026|ofp_util|INFO|normalization changed ofp_match, details:
Mar 26 17:28:47|00027|ofp_util|INFO| pre: wildcards=  0x200030  in_port=    6  dl_src=00:00:00:00:00:15  dl_dst=00:00:00:00:00:1b  dl_vlan=65535  dl_vlan_pcp=  0  dl_type=     0  nw_tos=   0  nw_proto=   0  nw_src= 0xa000015  nw_dst= 0xa00001b  tp_src= 1234  tp_dst=50309
Mar 26 17:28:47|00028|ofp_util|INFO|post: wildcards=  0x2ffff0  in_port=    6  dl_src=00:00:00:00:00:15  dl_dst=00:00:00:00:00:1b  dl_vlan=65535  dl_vlan_pcp=  0  dl_type=     0  nw_tos=   0  nw_proto=   0  nw_src=         0  nw_dst=         0  tp_src=    0  tp_dst=    0
Mar 26 17:29:34|00029|ofp_util|INFO|Dropped 15 log messages in last 47 seconds due to excessive rate
Mar 26 17:29:34|00030|ofp_util|INFO|normalization changed ofp_match, details:
Mar 26 17:29:34|00031|ofp_util|INFO| pre: wildcards=  0x200030  in_port=    8  dl_src=00:00:00:00:00:14  dl_dst=00:00:00:00:00:1d  dl_vlan=65535  dl_vlan_pcp=  0  dl_type=     0  nw_tos=   0  nw_proto=   0  nw_src= 0xa000014  nw_dst= 0xa00001d  tp_src= 1234  tp_dst=41888
Mar 26 17:29:34|00032|ofp_util|INFO|post: wildcards=  0x2ffff0  in_port=    8  dl_src=00:00:00:00:00:14  dl_dst=00:00:00:00:00:1d  dl_vlan=65535  dl_vlan_pcp=  0  dl_type=     0  nw_tos=   0  nw_proto=   0  nw_src=         0  nw_dst=         0  tp_src=    0  tp_dst=    0
Mar 26 17:30:35|00033|ofp_util|INFO|Dropped 16 log messages in last 61 seconds due to excessive rate
Mar 26 17:30:35|00034|ofp_util|INFO|normalization changed ofp_match, details:
Mar 26 17:30:35|00035|ofp_util|INFO| pre: wildcards=  0x200030  in_port=    6  dl_src=00:00:00:00:00:18  dl_dst=00:00:00:00:00:1a  dl_vlan=65535  dl_vlan_pcp=  0  dl_type=     0  nw_tos=   0  nw_proto=   0  nw_src= 0xa000018  nw_dst= 0xa00001a  tp_src= 1235  tp_dst=43619
Mar 26 17:30:35|00036|ofp_util|INFO|post: wildcards=  0x2ffff0  in_port=    6  dl_src=00:00:00:00:00:18  dl_dst=00:00:00:00:00:1a  dl_vlan=65535  dl_vlan_pcp=  0  dl_type=     0  nw_tos=   0  nw_proto=   0  nw_src=         0  nw_dst=         0  tp_src=    0  tp_dst=    0
Mar 26 17:31:36|00037|ofp_util|INFO|Dropped 54 log messages in last 60 seconds due to excessive rate
Mar 26 17:31:36|00038|ofp_util|INFO|normalization changed ofp_match, details:
Mar 26 17:31:36|00039|ofp_util|INFO| pre: wildcards=  0x200030  in_port=    8  dl_src=00:00:00:00:00:0b  dl_dst=00:00:00:00:00:1d  dl_vlan=65535  dl_vlan_pcp=  0  dl_type=     0  nw_tos=   0  nw_proto=   0  nw_src= 0xa00000b  nw_dst= 0xa00001d  tp_src= 1234  tp_dst=37359
Mar 26 17:31:36|00040|ofp_util|INFO|post: wildcards=  0x2ffff0  in_port=    8  dl_src=00:00:00:00:00:0b  dl_dst=00:00:00:00:00:1d  dl_vlan=65535  dl_vlan_pcp=  0  dl_type=     0  nw_tos=   0  nw_proto=   0  nw_src=         0  nw_dst=         0  tp_src=    0  tp_dst=    0
Mar 26 17:32:37|00041|ofp_util|INFO|Dropped 55 log messages in last 61 seconds due to excessive rate
Mar 26 17:32:37|00042|ofp_util|INFO|normalization changed ofp_match, details:
Mar 26 17:32:37|00043|ofp_util|INFO| pre: wildcards=  0x200030  in_port=    6  dl_src=00:00:00:00:00:17  dl_dst=00:00:00:00:00:1d  dl_vlan=65535  dl_vlan_pcp=  0  dl_type=     0  nw_tos=   0  nw_proto=   0  nw_src= 0xa000017  nw_dst= 0xa00001d  tp_src=    3  tp_dst=    3
Mar 26 17:32:37|00044|ofp_util|INFO|post: wildcards=  0x2ffff0  in_port=    6  dl_src=00:00:00:00:00:17  dl_dst=00:00:00:00:00:1d  dl_vlan=65535  dl_vlan_pcp=  0  dl_type=     0  nw_tos=   0  nw_proto=   0  nw_src=         0  nw_dst=         0  tp_src=    0  tp_dst=    0
Mar 26 17:33:40|00045|ofp_util|INFO|Dropped 21 log messages in last 60 seconds due to excessive rate
Mar 26 17:33:40|00046|ofp_util|INFO|normalization changed ofp_match, details:
Mar 26 17:33:40|00047|ofp_util|INFO| pre: wildcards=  0x200030  in_port=    5  dl_src=00:00:00:00:00:10  dl_dst=00:00:00:00:00:1b  dl_vlan=65535  dl_vlan_pcp=  0  dl_type=     0  nw_tos=   0  nw_proto=   0  nw_src= 0xa000010  nw_dst= 0xa00001b  tp_src= 1238  tp_dst=49614
Mar 26 17:33:40|00048|ofp_util|INFO|post: wildcards=  0x2ffff0  in_port=    5  dl_src=00:00:00:00:00:10  dl_dst=00:00:00:00:00:1b  dl_vlan=65535  dl_vlan_pcp=  0  dl_type=     0  nw_tos=   0  nw_proto=   0  nw_src=         0  nw_dst=         0  tp_src=    0  tp_dst=    0
Mar 26 17:34:34|00049|ofp_util|INFO|Dropped 25 log messages in last 55 seconds due to excessive rate
Mar 26 17:34:34|00050|ofp_util|INFO|normalization changed ofp_match, details:
Mar 26 17:34:34|00051|ofp_util|INFO| pre: wildcards=  0x200030  in_port=    5  dl_src=00:00:00:00:00:0c  dl_dst=00:00:00:00:00:1b  dl_vlan=65535  dl_vlan_pcp=  0  dl_type=     0  nw_tos=   0  nw_proto=   0  nw_src= 0xa00000c  nw_dst= 0xa00001b  tp_src= 1237  tp_dst=35204
Mar 26 17:34:34|00052|ofp_util|INFO|post: wildcards=  0x2ffff0  in_port=    5  dl_src=00:00:00:00:00:0c  dl_dst=00:00:00:00:00:1b  dl_vlan=65535  dl_vlan_pcp=  0  dl_type=     0  nw_tos=   0  nw_proto=   0  nw_src=         0  nw_dst=         0  tp_src=    0  tp_dst=    0
Mar 26 17:35:35|00053|ofp_util|INFO|Dropped 31 log messages in last 60 seconds due to excessive rate
Mar 26 17:35:35|00054|ofp_util|INFO|normalization changed ofp_match, details:
Mar 26 17:35:35|00055|ofp_util|INFO| pre: wildcards=  0x200030  in_port=    7  dl_src=00:00:00:00:00:0e  dl_dst=00:00:00:00:00:1b  dl_vlan=65535  dl_vlan_pcp=  0  dl_type=     0  nw_tos=   0  nw_proto=   0  nw_src= 0xa00000e  nw_dst= 0xa00001b  tp_src= 1237  tp_dst=40827
Mar 26 17:35:35|00056|ofp_util|INFO|post: wildcards=  0x2ffff0  in_port=    7  dl_src=00:00:00:00:00:0e  dl_dst=00:00:00:00:00:1b  dl_vlan=65535  dl_vlan_pcp=  0  dl_type=     0  nw_tos=   0  nw_proto=   0  nw_src=         0  nw_dst=         0  tp_src=    0  tp_dst=    0
Mar 26 17:36:43|00057|ofp_util|INFO|Dropped 26 log messages in last 68 seconds due to excessive rate
Mar 26 17:36:43|00058|ofp_util|INFO|normalization changed ofp_match, details:
Mar 26 17:36:43|00059|ofp_util|INFO| pre: wildcards=  0x200030  in_port=    5  dl_src=00:00:00:00:00:10  dl_dst=00:00:00:00:00:1c  dl_vlan=65535  dl_vlan_pcp=  0  dl_type=     0  nw_tos=   0  nw_proto=   0  nw_src= 0xa000010  nw_dst= 0xa00001c  tp_src= 1239  tp_dst=33877
Mar 26 17:36:43|00060|ofp_util|INFO|post: wildcards=  0x2ffff0  in_port=    5  dl_src=00:00:00:00:00:10  dl_dst=00:00:00:00:00:1c  dl_vlan=65535  dl_vlan_pcp=  0  dl_type=     0  nw_tos=   0  nw_proto=   0  nw_src=         0  nw_dst=         0  tp_src=    0  tp_dst=    0
Mar 26 17:37:38|00061|ofp_util|INFO|Dropped 11 log messages in last 55 seconds due to excessive rate
Mar 26 17:37:38|00062|ofp_util|INFO|normalization changed ofp_match, details:
Mar 26 17:37:38|00063|ofp_util|INFO| pre: wildcards=  0x200030  in_port=    5  dl_src=00:00:00:00:00:0a  dl_dst=00:00:00:00:00:1c  dl_vlan=65535  dl_vlan_pcp=  0  dl_type=     0  nw_tos=   0  nw_proto=   0  nw_src= 0xa00000a  nw_dst= 0xa00001c  tp_src= 1238  tp_dst=60052
Mar 26 17:37:38|00064|ofp_util|INFO|post: wildcards=  0x2ffff0  in_port=    5  dl_src=00:00:00:00:00:0a  dl_dst=00:00:00:00:00:1c  dl_vlan=65535  dl_vlan_pcp=  0  dl_type=     0  nw_tos=   0  nw_proto=   0  nw_src=         0  nw_dst=         0  tp_src=    0  tp_dst=    0
Mar 26 17:38:37|00065|ofp_util|INFO|Dropped 32 log messages in last 59 seconds due to excessive rate
Mar 26 17:38:37|00066|ofp_util|INFO|normalization changed ofp_match, details:
Mar 26 17:38:37|00067|ofp_util|INFO| pre: wildcards=  0x200030  in_port=    8  dl_src=00:00:00:00:00:0e  dl_dst=00:00:00:00:00:1a  dl_vlan=65535  dl_vlan_pcp=  0  dl_type=     0  nw_tos=   0  nw_proto=   0  nw_src= 0xa00000e  nw_dst= 0xa00001a  tp_src= 1240  tp_dst=45621
Mar 26 17:38:37|00068|ofp_util|INFO|post: wildcards=  0x2ffff0  in_port=    8  dl_src=00:00:00:00:00:0e  dl_dst=00:00:00:00:00:1a  dl_vlan=65535  dl_vlan_pcp=  0  dl_type=     0  nw_tos=   0  nw_proto=   0  nw_src=         0  nw_dst=         0  tp_src=    0  tp_dst=    0
Mar 26 17:39:43|00069|ofp_util|INFO|Dropped 23 log messages in last 67 seconds due to excessive rate
Mar 26 17:39:43|00070|ofp_util|INFO|normalization changed ofp_match, details:
Mar 26 17:39:43|00071|ofp_util|INFO| pre: wildcards=  0x200030  in_port=    7  dl_src=00:00:00:00:00:0f  dl_dst=00:00:00:00:00:1d  dl_vlan=65535  dl_vlan_pcp=  0  dl_type=     0  nw_tos=   0  nw_proto=   0  nw_src= 0xa00000f  nw_dst= 0xa00001d  tp_src= 1241  tp_dst=49600
Mar 26 17:39:43|00072|ofp_util|INFO|post: wildcards=  0x2ffff0  in_port=    7  dl_src=00:00:00:00:00:0f  dl_dst=00:00:00:00:00:1d  dl_vlan=65535  dl_vlan_pcp=  0  dl_type=     0  nw_tos=   0  nw_proto=   0  nw_src=         0  nw_dst=         0  tp_src=    0  tp_dst=    0
Mar 26 17:40:36|00073|ofp_util|INFO|Dropped 13 log messages in last 53 seconds due to excessive rate
Mar 26 17:40:36|00074|ofp_util|INFO|normalization changed ofp_match, details:
Mar 26 17:40:36|00075|ofp_util|INFO| pre: wildcards=  0x200030  in_port=    8  dl_src=00:00:00:00:00:16  dl_dst=00:00:00:00:00:1a  dl_vlan=65535  dl_vlan_pcp=  0  dl_type=     0  nw_tos=   0  nw_proto=   0  nw_src= 0xa000016  nw_dst= 0xa00001a  tp_src= 1241  tp_dst=46132
Mar 26 17:40:36|00076|ofp_util|INFO|post: wildcards=  0x2ffff0  in_port=    8  dl_src=00:00:00:00:00:16  dl_dst=00:00:00:00:00:1a  dl_vlan=65535  dl_vlan_pcp=  0  dl_type=     0  nw_tos=   0  nw_proto=   0  nw_src=         0  nw_dst=         0  tp_src=    0  tp_dst=    0
Mar 26 17:41:37|00077|ofp_util|INFO|Dropped 32 log messages in last 61 seconds due to excessive rate
Mar 26 17:41:37|00078|ofp_util|INFO|normalization changed ofp_match, details:
Mar 26 17:41:37|00079|ofp_util|INFO| pre: wildcards=  0x200030  in_port=    6  dl_src=00:00:00:00:00:10  dl_dst=00:00:00:00:00:1a  dl_vlan=65535  dl_vlan_pcp=  0  dl_type=     0  nw_tos=   0  nw_proto=   0  nw_src= 0xa000010  nw_dst= 0xa00001a  tp_src= 1241  tp_dst=54821
Mar 26 17:41:37|00080|ofp_util|INFO|post: wildcards=  0x2ffff0  in_port=    6  dl_src=00:00:00:00:00:10  dl_dst=00:00:00:00:00:1a  dl_vlan=65535  dl_vlan_pcp=  0  dl_type=     0  nw_tos=   0  nw_proto=   0  nw_src=         0  nw_dst=         0  tp_src=    0  tp_dst=    0
Mar 26 17:42:42|00081|ofp_util|INFO|Dropped 47 log messages in last 64 seconds due to excessive rate
Mar 26 17:42:42|00082|ofp_util|INFO|normalization changed ofp_match, details:
Mar 26 17:42:42|00083|ofp_util|INFO| pre: wildcards=  0x200030  in_port=    6  dl_src=00:00:00:00:00:0c  dl_dst=00:00:00:00:00:1a  dl_vlan=65535  dl_vlan_pcp=  0  dl_type=     0  nw_tos=   0  nw_proto=   0  nw_src= 0xa00000c  nw_dst= 0xa00001a  tp_src= 1241  tp_dst=60670
Mar 26 17:42:42|00084|ofp_util|INFO|post: wildcards=  0x2ffff0  in_port=    6  dl_src=00:00:00:00:00:0c  dl_dst=00:00:00:00:00:1a  dl_vlan=65535  dl_vlan_pcp=  0  dl_type=     0  nw_tos=   0  nw_proto=   0  nw_src=         0  nw_dst=         0  tp_src=    0  tp_dst=    0
Mar 26 17:43:35|00085|ofp_util|INFO|Dropped 32 log messages in last 53 seconds due to excessive rate
Mar 26 17:43:35|00086|ofp_util|INFO|normalization changed ofp_match, details:
Mar 26 17:43:35|00087|ofp_util|INFO| pre: wildcards=  0x200030  in_port=    7  dl_src=00:00:00:00:00:15  dl_dst=00:00:00:00:00:1b  dl_vlan=65535  dl_vlan_pcp=  0  dl_type=     0  nw_tos=   0  nw_proto=   0  nw_src= 0xa000015  nw_dst= 0xa00001b  tp_src= 1240  tp_dst=56125
Mar 26 17:43:35|00088|ofp_util|INFO|post: wildcards=  0x2ffff0  in_port=    7  dl_src=00:00:00:00:00:15  dl_dst=00:00:00:00:00:1b  dl_vlan=65535  dl_vlan_pcp=  0  dl_type=     0  nw_tos=   0  nw_proto=   0  nw_src=         0  nw_dst=         0  tp_src=    0  tp_dst=    0
Mar 26 17:44:42|00089|ofp_util|INFO|Dropped 26 log messages in last 68 seconds due to excessive rate
Mar 26 17:44:42|00090|ofp_util|INFO|normalization changed ofp_match, details:
Mar 26 17:44:42|00091|ofp_util|INFO| pre: wildcards=  0x200030  in_port=    5  dl_src=00:00:00:00:00:10  dl_dst=00:00:00:00:00:1c  dl_vlan=65535  dl_vlan_pcp=  0  dl_type=     0  nw_tos=   0  nw_proto=   0  nw_src= 0xa000010  nw_dst= 0xa00001c  tp_src= 1243  tp_dst=41563
Mar 26 17:44:42|00092|ofp_util|INFO|post: wildcards=  0x2ffff0  in_port=    5  dl_src=00:00:00:00:00:10  dl_dst=00:00:00:00:00:1c  dl_vlan=65535  dl_vlan_pcp=  0  dl_type=     0  nw_tos=   0  nw_proto=   0  nw_src=         0  nw_dst=         0  tp_src=    0  tp_dst=    0
Mar 26 17:45:36|00093|ofp_util|INFO|Dropped 19 log messages in last 54 seconds due to excessive rate
Mar 26 17:45:36|00094|ofp_util|INFO|normalization changed ofp_match, details:
Mar 26 17:45:36|00095|ofp_util|INFO| pre: wildcards=  0x200030  in_port=    8  dl_src=00:00:00:00:00:18  dl_dst=00:00:00:00:00:1b  dl_vlan=65535  dl_vlan_pcp=  0  dl_type=     0  nw_tos=   0  nw_proto=   0  nw_src= 0xa000018  nw_dst= 0xa00001b  tp_src= 1244  tp_dst=54612
Mar 26 17:45:36|00096|ofp_util|INFO|post: wildcards=  0x2ffff0  in_port=    8  dl_src=00:00:00:00:00:18  dl_dst=00:00:00:00:00:1b  dl_vlan=65535  dl_vlan_pcp=  0  dl_type=     0  nw_tos=   0  nw_proto=   0  nw_src=         0  nw_dst=         0  tp_src=    0  tp_dst=    0
Mar 26 17:46:37|00097|ofp_util|INFO|Dropped 25 log messages in last 60 seconds due to excessive rate
Mar 26 17:46:37|00098|ofp_util|INFO|normalization changed ofp_match, details:
Mar 26 17:46:37|00099|ofp_util|INFO| pre: wildcards=  0x200030  in_port=    5  dl_src=00:00:00:00:00:12  dl_dst=00:00:00:00:00:1a  dl_vlan=65535  dl_vlan_pcp=  0  dl_type=     0  nw_tos=   0  nw_proto=   0  nw_src= 0xa000012  nw_dst= 0xa00001a  tp_src=    3  tp_dst=    3
Mar 26 17:46:37|00100|ofp_util|INFO|post: wildcards=  0x2ffff0  in_port=    5  dl_src=00:00:00:00:00:12  dl_dst=00:00:00:00:00:1a  dl_vlan=65535  dl_vlan_pcp=  0  dl_type=     0  nw_tos=   0  nw_proto=   0  nw_src=         0  nw_dst=         0  tp_src=    0  tp_dst=    0
Mar 26 17:47:34|00101|ofp_util|INFO|Dropped 27 log messages in last 56 seconds due to excessive rate
Mar 26 17:47:34|00102|ofp_util|INFO|normalization changed ofp_match, details:
Mar 26 17:47:34|00103|ofp_util|INFO| pre: wildcards=  0x200030  in_port=    7  dl_src=00:00:00:00:00:13  dl_dst=00:00:00:00:00:1c  dl_vlan=65535  dl_vlan_pcp=  0  dl_type=     0  nw_tos=   0  nw_proto=   0  nw_src= 0xa000013  nw_dst= 0xa00001c  tp_src=    3  tp_dst=    3
Mar 26 17:47:34|00104|ofp_util|INFO|post: wildcards=  0x2ffff0  in_port=    7  dl_src=00:00:00:00:00:13  dl_dst=00:00:00:00:00:1c  dl_vlan=65535  dl_vlan_pcp=  0  dl_type=     0  nw_tos=   0  nw_proto=   0  nw_src=         0  nw_dst=         0  tp_src=    0  tp_dst=    0
Mar 26 17:48:35|00105|ofp_util|INFO|Dropped 38 log messages in last 58 seconds due to excessive rate
Mar 26 17:48:35|00106|ofp_util|INFO|normalization changed ofp_match, details:
Mar 26 17:48:35|00107|ofp_util|INFO| pre: wildcards=  0x200030  in_port=    8  dl_src=00:00:00:00:00:10  dl_dst=00:00:00:00:00:1b  dl_vlan=65535  dl_vlan_pcp=  0  dl_type=     0  nw_tos=   0  nw_proto=   0  nw_src= 0xa000010  nw_dst= 0xa00001b  tp_src= 1248  tp_dst=34865
Mar 26 17:48:35|00108|ofp_util|INFO|post: wildcards=  0x2ffff0  in_port=    8  dl_src=00:00:00:00:00:10  dl_dst=00:00:00:00:00:1b  dl_vlan=65535  dl_vlan_pcp=  0  dl_type=     0  nw_tos=   0  nw_proto=   0  nw_src=         0  nw_dst=         0  tp_src=    0  tp_dst=    0
Mar 26 17:49:37|00109|ofp_util|INFO|Dropped 25 log messages in last 63 seconds due to excessive rate
Mar 26 17:49:37|00110|ofp_util|INFO|normalization changed ofp_match, details:
Mar 26 17:49:37|00111|ofp_util|INFO| pre: wildcards=  0x200030  in_port=    5  dl_src=00:00:00:00:00:0d  dl_dst=00:00:00:00:00:1d  dl_vlan=65535  dl_vlan_pcp=  0  dl_type=     0  nw_tos=   0  nw_proto=   0  nw_src= 0xa00000d  nw_dst= 0xa00001d  tp_src=    3  tp_dst=    3
Mar 26 17:49:37|00112|ofp_util|INFO|post: wildcards=  0x2ffff0  in_port=    5  dl_src=00:00:00:00:00:0d  dl_dst=00:00:00:00:00:1d  dl_vlan=65535  dl_vlan_pcp=  0  dl_type=     0  nw_tos=   0  nw_proto=   0  nw_src=         0  nw_dst=         0  tp_src=    0  tp_dst=    0
Mar 26 17:50:40|00113|ofp_util|INFO|Dropped 26 log messages in last 61 seconds due to excessive rate
Mar 26 17:50:40|00114|ofp_util|INFO|normalization changed ofp_match, details:
Mar 26 17:50:40|00115|ofp_util|INFO| pre: wildcards=  0x200030  in_port=    5  dl_src=00:00:00:00:00:0c  dl_dst=00:00:00:00:00:1d  dl_vlan=65535  dl_vlan_pcp=  0  dl_type=     0  nw_tos=   0  nw_proto=   0  nw_src= 0xa00000c  nw_dst= 0xa00001d  tp_src= 1247  tp_dst=52191
Mar 26 17:50:40|00116|ofp_util|INFO|post: wildcards=  0x2ffff0  in_port=    5  dl_src=00:00:00:00:00:0c  dl_dst=00:00:00:00:00:1d  dl_vlan=65535  dl_vlan_pcp=  0  dl_type=     0  nw_tos=   0  nw_proto=   0  nw_src=         0  nw_dst=         0  tp_src=    0  tp_dst=    0
Mar 26 17:51:36|00117|ofp_util|INFO|Dropped 13 log messages in last 56 seconds due to excessive rate
Mar 26 17:51:36|00118|ofp_util|INFO|normalization changed ofp_match, details:
Mar 26 17:51:36|00119|ofp_util|INFO| pre: wildcards=  0x200030  in_port=    7  dl_src=00:00:00:00:00:15  dl_dst=00:00:00:00:00:1b  dl_vlan=65535  dl_vlan_pcp=  0  dl_type=     0  nw_tos=   0  nw_proto=   0  nw_src= 0xa000015  nw_dst= 0xa00001b  tp_src= 1244  tp_dst=50317
Mar 26 17:51:36|00120|ofp_util|INFO|post: wildcards=  0x2ffff0  in_port=    7  dl_src=00:00:00:00:00:15  dl_dst=00:00:00:00:00:1b  dl_vlan=65535  dl_vlan_pcp=  0  dl_type=     0  nw_tos=   0  nw_proto=   0  nw_src=         0  nw_dst=         0  tp_src=    0  tp_dst=    0
Mar 26 17:52:54|00121|ofp_util|INFO|Dropped 31 log messages in last 78 seconds due to excessive rate
Mar 26 17:52:54|00122|ofp_util|INFO|normalization changed ofp_match, details:
Mar 26 17:52:54|00123|ofp_util|INFO| pre: wildcards=  0x200030  in_port=    5  dl_src=00:00:00:00:00:18  dl_dst=00:00:00:00:00:1d  dl_vlan=65535  dl_vlan_pcp=  0  dl_type=     0  nw_tos=   0  nw_proto=   0  nw_src= 0xa000018  nw_dst= 0xa00001d  tp_src= 1246  tp_dst=50047
Mar 26 17:52:54|00124|ofp_util|INFO|post: wildcards=  0x2ffff0  in_port=    5  dl_src=00:00:00:00:00:18  dl_dst=00:00:00:00:00:1d  dl_vlan=65535  dl_vlan_pcp=  0  dl_type=     0  nw_tos=   0  nw_proto=   0  nw_src=         0  nw_dst=         0  tp_src=    0  tp_dst=    0
Mar 26 17:53:40|00125|ofp_util|INFO|Dropped 14 log messages in last 46 seconds due to excessive rate
Mar 26 17:53:40|00126|ofp_util|INFO|normalization changed ofp_match, details:
Mar 26 17:53:40|00127|ofp_util|INFO| pre: wildcards=  0x200030  in_port=    8  dl_src=00:00:00:00:00:12  dl_dst=00:00:00:00:00:1b  dl_vlan=65535  dl_vlan_pcp=  0  dl_type=     0  nw_tos=   0  nw_proto=   0  nw_src= 0xa000012  nw_dst= 0xa00001b  tp_src= 1249  tp_dst=35915
Mar 26 17:53:40|00128|ofp_util|INFO|post: wildcards=  0x2ffff0  in_port=    8  dl_src=00:00:00:00:00:12  dl_dst=00:00:00:00:00:1b  dl_vlan=65535  dl_vlan_pcp=  0  dl_type=     0  nw_tos=   0  nw_proto=   0  nw_src=         0  nw_dst=         0  tp_src=    0  tp_dst=    0
Mar 26 17:54:53|00129|ofp_util|INFO|Dropped 20 log messages in last 73 seconds due to excessive rate
Mar 26 17:54:53|00130|ofp_util|INFO|normalization changed ofp_match, details:
Mar 26 17:54:53|00131|ofp_util|INFO| pre: wildcards=  0x200030  in_port=    6  dl_src=00:00:00:00:00:13  dl_dst=00:00:00:00:00:1d  dl_vlan=65535  dl_vlan_pcp=  0  dl_type=     0  nw_tos=   0  nw_proto=   0  nw_src= 0xa000013  nw_dst= 0xa00001d  tp_src= 1244  tp_dst=46814
Mar 26 17:54:53|00132|ofp_util|INFO|post: wildcards=  0x2ffff0  in_port=    6  dl_src=00:00:00:00:00:13  dl_dst=00:00:00:00:00:1d  dl_vlan=65535  dl_vlan_pcp=  0  dl_type=     0  nw_tos=   0  nw_proto=   0  nw_src=         0  nw_dst=         0  tp_src=    0  tp_dst=    0
Mar 26 17:55:53|00133|ofp_util|INFO|Dropped 25 log messages in last 60 seconds due to excessive rate
Mar 26 17:55:53|00134|ofp_util|INFO|normalization changed ofp_match, details:
Mar 26 17:55:53|00135|ofp_util|INFO| pre: wildcards=  0x200030  in_port=    7  dl_src=00:00:00:00:00:0a  dl_dst=00:00:00:00:00:1b  dl_vlan=65535  dl_vlan_pcp=  0  dl_type=     0  nw_tos=   0  nw_proto=   0  nw_src= 0xa00000a  nw_dst= 0xa00001b  tp_src= 1251  tp_dst=55952
Mar 26 17:55:53|00136|ofp_util|INFO|post: wildcards=  0x2ffff0  in_port=    7  dl_src=00:00:00:00:00:0a  dl_dst=00:00:00:00:00:1b  dl_vlan=65535  dl_vlan_pcp=  0  dl_type=     0  nw_tos=   0  nw_proto=   0  nw_src=         0  nw_dst=         0  tp_src=    0  tp_dst=    0
Mar 26 17:56:41|00137|ofp_util|INFO|Dropped 28 log messages in last 49 seconds due to excessive rate
Mar 26 17:56:41|00138|ofp_util|INFO|normalization changed ofp_match, details:
Mar 26 17:56:41|00139|ofp_util|INFO| pre: wildcards=  0x200030  in_port=    6  dl_src=00:00:00:00:00:15  dl_dst=00:00:00:00:00:1c  dl_vlan=65535  dl_vlan_pcp=  0  dl_type=     0  nw_tos=   0  nw_proto=   0  nw_src= 0xa000015  nw_dst= 0xa00001c  tp_src= 1246  tp_dst=55131
Mar 26 17:56:41|00140|ofp_util|INFO|post: wildcards=  0x2ffff0  in_port=    6  dl_src=00:00:00:00:00:15  dl_dst=00:00:00:00:00:1c  dl_vlan=65535  dl_vlan_pcp=  0  dl_type=     0  nw_tos=   0  nw_proto=   0  nw_src=         0  nw_dst=         0  tp_src=    0  tp_dst=    0
Mar 26 17:57:44|00141|ofp_util|INFO|Dropped 19 log messages in last 63 seconds due to excessive rate
Mar 26 17:57:44|00142|ofp_util|INFO|normalization changed ofp_match, details:
Mar 26 17:57:44|00143|ofp_util|INFO| pre: wildcards=  0x200030  in_port=    5  dl_src=00:00:00:00:00:0d  dl_dst=00:00:00:00:00:1b  dl_vlan=65535  dl_vlan_pcp=  0  dl_type=     0  nw_tos=   0  nw_proto=   0  nw_src= 0xa00000d  nw_dst= 0xa00001b  tp_src= 1243  tp_dst=52172
Mar 26 17:57:44|00144|ofp_util|INFO|post: wildcards=  0x2ffff0  in_port=    5  dl_src=00:00:00:00:00:0d  dl_dst=00:00:00:00:00:1b  dl_vlan=65535  dl_vlan_pcp=  0  dl_type=     0  nw_tos=   0  nw_proto=   0  nw_src=         0  nw_dst=         0  tp_src=    0  tp_dst=    0
Mar 26 17:58:56|00145|ofp_util|INFO|Dropped 27 log messages in last 72 seconds due to excessive rate
Mar 26 17:58:56|00146|ofp_util|INFO|normalization changed ofp_match, details:
Mar 26 17:58:56|00147|ofp_util|INFO| pre: wildcards=  0x200030  in_port=    7  dl_src=00:00:00:00:00:16  dl_dst=00:00:00:00:00:1b  dl_vlan=65535  dl_vlan_pcp=  0  dl_type=     0  nw_tos=   0  nw_proto=   0  nw_src= 0xa000016  nw_dst= 0xa00001b  tp_src= 1253  tp_dst=58477
Mar 26 17:58:56|00148|ofp_util|INFO|post: wildcards=  0x2ffff0  in_port=    7  dl_src=00:00:00:00:00:16  dl_dst=00:00:00:00:00:1b  dl_vlan=65535  dl_vlan_pcp=  0  dl_type=     0  nw_tos=   0  nw_proto=   0  nw_src=         0  nw_dst=         0  tp_src=    0  tp_dst=    0
Mar 26 17:59:25|00149|netdev_linux|WARN|ethtool command ETHTOOL_GSET on network device s1-eth4 failed: No such device
Mar 26 17:59:25|00150|rconn|INFO|dp0<->tcp:127.0.0.1:6633: connection closed by peer
Mar 26 17:59:25|00151|timeval|WARN|195 ms poll interval (0 ms user, 4 ms system) is over 312 times the weighted mean interval 1 ms (4162 samples)
Mar 26 17:59:25|00152|timeval|WARN|disk: 0 reads, 8 writes
Mar 26 17:59:25|00153|timeval|WARN|context switches: 1 voluntary, 0 involuntary
Mar 26 17:59:25|00154|coverage|INFO|Event coverage (epoch 4162/entire run), hash=8286b912:
Mar 26 17:59:25|00155|coverage|INFO|ofproto_update_port          1 /         8
Mar 26 17:59:25|00156|coverage|INFO|hmap_expand                  2 /        30
Mar 26 17:59:25|00157|coverage|INFO|poll_fd_wait                 7 /     37280
Mar 26 17:59:25|00158|coverage|INFO|poll_zero_timeout            1 /         7
Mar 26 17:59:25|00159|coverage|INFO|rconn_queued                 1 /      1556
Mar 26 17:59:25|00160|coverage|INFO|rconn_sent                   1 /      1556
Mar 26 17:59:25|00161|coverage|INFO|util_xalloc                173 /     92458
Mar 26 17:59:25|00162|coverage|INFO|vconn_sent                   1 /      1557
Mar 26 17:59:25|00163|coverage|INFO|netdev_get_hwaddr            1 /        17
Mar 26 17:59:25|00164|coverage|INFO|netdev_ethtool               1 /        17
Mar 26 17:59:25|00165|coverage|INFO|netlink_received            53 /       233
Mar 26 17:59:25|00166|coverage|INFO|rtnetlink_changed           53 /       233
Mar 26 17:59:25|00167|coverage|INFO|facet_changed_rule           0 /       552
Mar 26 17:59:25|00168|coverage|INFO|facet_revalidate             0 /      9480
Mar 26 17:59:25|00169|coverage|INFO|ofproto_del_rule             0 /       449
Mar 26 17:59:25|00170|coverage|INFO|ofproto_error                0 /         1
Mar 26 17:59:25|00171|coverage|INFO|ofproto_expiration           0 /      1855
Mar 26 17:59:25|00172|coverage|INFO|ofproto_expired              0 /       449
Mar 26 17:59:25|00173|coverage|INFO|ofproto_ofp2odp              0 /     10270
Mar 26 17:59:25|00174|coverage|INFO|ofproto_packet_in            0 /       874
Mar 26 17:59:25|00175|coverage|INFO|ofproto_recv_openflow        0 /      1928
Mar 26 17:59:25|00176|coverage|INFO|pktbuf_retrieved             0 /       830
Mar 26 17:59:25|00177|coverage|INFO|dpif_flow_flush              0 /         1
Mar 26 17:59:25|00178|coverage|INFO|dpif_flow_put                0 /       799
Mar 26 17:59:25|00179|coverage|INFO|dpif_flow_del                0 /       788
Mar 26 17:59:25|00180|coverage|INFO|dpif_flow_query_list         0 /      1855
Mar 26 17:59:25|00181|coverage|INFO|dpif_flow_query_list_n       0 /     12285
Mar 26 17:59:25|00182|coverage|INFO|dpif_execute                 0 /      1342
Mar 26 17:59:25|00183|coverage|INFO|dpif_purge                   0 /         1
Mar 26 17:59:25|00184|coverage|INFO|flow_extract                 0 /      2216
Mar 26 17:59:25|00185|coverage|INFO|hmap_pathological            0 /         1
Mar 26 17:59:25|00186|coverage|INFO|rconn_overflow               0 /        34
Mar 26 17:59:25|00187|coverage|INFO|vconn_open                   0 /         4
Mar 26 17:59:25|00188|coverage|INFO|vconn_received               0 /      1929
Mar 26 17:59:25|00189|coverage|INFO|pstream_open                 0 /         1
Mar 26 17:59:25|00190|coverage|INFO|stream_open                  0 /         4
Mar 26 17:59:25|00191|coverage|INFO|49 events never hit
Mar 26 17:59:25|00192|dpif_linux|WARN|system@dp0: read failed: No such device
Mar 26 17:59:25|00193|ofproto|ERR|system@dp0: datapath was destroyed externally
ovs-openflowd: unrecoverable datapath error (No such device)
