Starting client at 10.0.0.14:1239 with timeout:10
My IP address is 10.0.0.14Skipped Seq from 6142 to 6179
Skipped Seq from 6183 to 6187
Skipped Seq from 6207 to 6221
Skipped Seq from 6399 to 6408
Skipped Seq from 6478 to 6482
Skipped Seq from 6502 to 6506
Skipped Seq from 6511 to 6528
Skipped Seq from 6555 to 6564
Skipped Seq from 6583 to 6608
Skipped Seq from 10155 to 10157
Skipped Seq from 10157 to 10160
Skipped Seq from 10163 to 10165
Skipped Seq from 10166 to 10170
Skipped Seq from 10173 to 10175
Skipped Seq from 10175 to 10177
Skipped Seq from 10180 to 10182
Skipped Seq from 10182 to 10184
Skipped Seq from 10185 to 10187
Skipped Seq from 10191 to 10193
Skipped Seq from 10195 to 10197
Skipped Seq from 10197 to 10199
Skipped Seq from 10200 to 10202
Skipped Seq from 10202 to 10204
Skipped Seq from 10205 to 10208
Skipped Seq from 10208 to 10210
Skipped Seq from 10211 to 10213
Skipped Seq from 10214 to 10216
Skipped Seq from 10217 to 10219
Skipped Seq from 10222 to 10225
Skipped Seq from 10226 to 10228
Skipped Seq from 10233 to 10235
Skipped Seq from 10236 to 10238
Skipped Seq from 10238 to 10240
Skipped Seq from 10243 to 10245
Skipped Seq from 10248 to 10252
Skipped Seq from 10260 to 10263
Skipped Seq from 10264 to 10270
Skipped Seq from 10270 to 10272
Skipped Seq from 10276 to 10278
Skipped Seq from 10279 to 10281
Skipped Seq from 10281 to 10283
Skipped Seq from 10284 to 10286
Skipped Seq from 10287 to 10289
Skipped Seq from 10294 to 10296
Skipped Seq from 10296 to 10298
Skipped Seq from 10299 to 10302
Skipped Seq from 10304 to 10307
Skipped Seq from 10308 to 10310
Skipped Seq from 10316 to 10318
Skipped Seq from 10318 to 10320
Skipped Seq from 10321 to 10324
Skipped Seq from 10325 to 10327
Skipped Seq from 10327 to 10329
Skipped Seq from 10331 to 10334
Skipped Seq from 10345 to 10347
Skipped Seq from 10347 to 10349
Skipped Seq from 10349 to 10351
Skipped Seq from 10352 to 10355
Skipped Seq from 10362 to 10364
Skipped Seq from 10372 to 10374
Skipped Seq from 10379 to 10381
Skipped Seq from 10385 to 10387
Skipped Seq from 10387 to 10389
Skipped Seq from 10390 to 10393
Skipped Seq from 10399 to 10401
Skipped Seq from 10401 to 10403
Skipped Seq from 10404 to 10406
Skipped Seq from 10406 to 10408
Skipped Seq from 10411 to 10414
Skipped Seq from 10416 to 10419
Skipped Seq from 10424 to 10426
Skipped Seq from 10428 to 10431
Skipped Seq from 10439 to 10441
Skipped Seq from 10442 to 10444
Skipped Seq from 10452 to 10454
Skipped Seq from 10456 to 10458
Skipped Seq from 10460 to 10463
Skipped Seq from 10469 to 10472
Skipped Seq from 10477 to 10479
Skipped Seq from 10485 to 10487
Skipped Seq from 10487 to 10489
Skipped Seq from 10490 to 10492
Skipped Seq from 10510 to 10512
Skipped Seq from 10515 to 10518
Skipped Seq from 10526 to 10528
Skipped Seq from 10529 to 10531
Skipped Seq from 10533 to 10537
Skipped Seq from 10540 to 10542
Skipped Seq from 10544 to 10546
Skipped Seq from 10546 to 10549
Skipped Seq from 10550 to 10552
Skipped Seq from 10553 to 10555
Skipped Seq from 10555 to 10557
Skipped Seq from 10557 to 10559
Skipped Seq from 10560 to 10562
Skipped Seq from 10563 to 10565
Skipped Seq from 10566 to 10568
Skipped Seq from 10582 to 10584
Skipped Seq from 10584 to 10586
Skipped Seq from 10599 to 10601
Skipped Seq from 10604 to 10606
Skipped Seq from 10607 to 10610
Skipped Seq from 10610 to 10613
Skipped Seq from 10613 to 10615
Skipped Seq from 10616 to 10618
Skipped Seq from 10625 to 10628
Skipped Seq from 10628 to 10630
Skipped Seq from 10631 to 10634
Skipped Seq from 10634 to 10636
Skipped Seq from 10636 to 10639
Skipped Seq from 10651 to 10653
Skipped Seq from 10663 to 10665
Skipped Seq from 10665 to 10669
Skipped Seq from 10670 to 10672
Skipped Seq from 10672 to 10675
Skipped Seq from 10677 to 10679
Skipped Seq from 10687 to 10689
Skipped Seq from 10691 to 10693
Skipped Seq from 10694 to 10696
Skipped Seq from 10697 to 10699
Skipped Seq from 10699 to 10702
Skipped Seq from 10704 to 10706
Skipped Seq from 10708 to 10710
Skipped Seq from 10713 to 10715
Skipped Seq from 10715 to 10718
Skipped Seq from 10722 to 10724
Skipped Seq from 10726 to 10729
Skipped Seq from 10730 to 10732
Skipped Seq from 10735 to 10738
Skipped Seq from 10739 to 10741
Skipped Seq from 10745 to 10747
Skipped Seq from 10748 to 10751
Skipped Seq from 10756 to 10758
Skipped Seq from 10762 to 10764
Skipped Seq from 10764 to 10766
Skipped Seq from 10767 to 10769
Skipped Seq from 10776 to 10779
Skipped Seq from 10781 to 10783
Skipped Seq from 10788 to 10790
Skipped Seq from 10794 to 10796
Skipped Seq from 10796 to 10798
Skipped Seq from 10798 to 10800
Skipped Seq from 10800 to 10802
Skipped Seq from 10826 to 10828
Skipped Seq from 10829 to 10831
Skipped Seq from 10833 to 10835
Skipped Seq from 10835 to 10837
Skipped Seq from 10841 to 10843
Skipped Seq from 10843 to 10847
Skipped Seq from 10847 to 10850
Skipped Seq from 10850 to 10852
Skipped Seq from 10852 to 10856
Skipped Seq from 10856 to 10858
Skipped Seq from 10858 to 10860
Skipped Seq from 10861 to 10864
Skipped Seq from 10870 to 10872
Skipped Seq from 10872 to 10875
Skipped Seq from 10875 to 10878
Skipped Seq from 10879 to 10883
Skipped Seq from 10884 to 10886
Skipped Seq from 10886 to 10888
Skipped Seq from 10893 to 10895
Skipped Seq from 10896 to 10899
Skipped Seq from 10899 to 10901
Skipped Seq from 10901 to 10903
Skipped Seq from 10904 to 10906
Skipped Seq from 10907 to 10911
Skipped Seq from 10911 to 10913
Skipped Seq from 10913 to 10915
Skipped Seq from 10917 to 10919
Skipped Seq from 10920 to 10922
Skipped Seq from 10922 to 10926
Skipped Seq from 10926 to 10929
Skipped Seq from 10955 to 10957
Skipped Seq from 10960 to 10962
Skipped Seq from 10963 to 10965
Skipped Seq from 10978 to 10980
Skipped Seq from 10980 to 10982
Skipped Seq from 10983 to 10986
Skipped Seq from 10986 to 10988
Skipped Seq from 10988 to 10991
Skipped Seq from 10995 to 10997
Skipped Seq from 11000 to 11002
Skipped Seq from 11011 to 11013
Skipped Seq from 11028 to 11030
Skipped Seq from 11031 to 11033
Skipped Seq from 11033 to 11035
Skipped Seq from 11039 to 11041
Skipped Seq from 11043 to 11045
Skipped Seq from 11046 to 11048
Skipped Seq from 11054 to 11056
Skipped Seq from 11056 to 11058
Skipped Seq from 11063 to 11065
Skipped Seq from 11065 to 11068
Skipped Seq from 11069 to 11071
Skipped Seq from 11074 to 11076
Skipped Seq from 11076 to 11079
Skipped Seq from 11079 to 11081
Skipped Seq from 11082 to 11084
Skipped Seq from 11084 to 11086
Skipped Seq from 11088 to 11090
Skipped Seq from 11094 to 11096
Skipped Seq from 11096 to 11098
Skipped Seq from 11098 to 11100
Skipped Seq from 11102 to 11104
Skipped Seq from 11104 to 11107
Skipped Seq from 11107 to 11110
Skipped Seq from 11110 to 11112
Skipped Seq from 11112 to 11114
Skipped Seq from 11116 to 11118
Skipped Seq from 11120 to 11122
Skipped Seq from 11125 to 11127
Skipped Seq from 11127 to 11129
Skipped Seq from 11130 to 11134
Skipped Seq from 11134 to 11136
Skipped Seq from 11137 to 11139
Skipped Seq from 11141 to 11144
Skipped Seq from 11152 to 11154
Skipped Seq from 11154 to 11157
Skipped Seq from 11159 to 11163
Skipped Seq from 11164 to 11166
Skipped Seq from 11168 to 11170
Skipped Seq from 11173 to 11175
Skipped Seq from 11176 to 11178
Skipped Seq from 11178 to 11181
Skipped Seq from 11182 to 11184
Skipped Seq from 11185 to 11187
Skipped Seq from 11193 to 11195
Skipped Seq from 11195 to 11197
Skipped Seq from 11198 to 11200
Skipped Seq from 11201 to 11203
Skipped Seq from 11204 to 11206
Skipped Seq from 11209 to 11211
Skipped Seq from 11211 to 11213
Skipped Seq from 11213 to 11215
Skipped Seq from 11222 to 11226
Skipped Seq from 11228 to 11230
Skipped Seq from 11232 to 11235
Skipped Seq from 11235 to 11237
Skipped Seq from 11239 to 11241
Skipped Seq from 11242 to 11244
Skipped Seq from 11250 to 11254
Skipped Seq from 11255 to 11257
Skipped Seq from 11260 to 11265
Skipped Seq from 11269 to 11272
Skipped Seq from 11272 to 11274
Skipped Seq from 11275 to 11277
Skipped Seq from 11277 to 11279
Skipped Seq from 11279 to 11281
Skipped Seq from 11284 to 11286
Skipped Seq from 11289 to 11291
Skipped Seq from 11291 to 11294
Skipped Seq from 11297 to 11299
Skipped Seq from 11304 to 11306
Skipped Seq from 11307 to 11309
Skipped Seq from 11309 to 11311
Skipped Seq from 11311 to 11313
Skipped Seq from 11316 to 11318
Skipped Seq from 11318 to 11320
Skipped Seq from 11321 to 11323
Skipped Seq from 11327 to 11329
Skipped Seq from 11333 to 11335
Skipped Seq from 11336 to 11341
Skipped Seq from 11342 to 11344
Skipped Seq from 11345 to 11347
Skipped Seq from 11350 to 11352
Skipped Seq from 11352 to 11355
Skipped Seq from 11358 to 11363
Skipped Seq from 11363 to 11365
Skipped Seq from 11365 to 11370
Skipped Seq from 11370 to 11372
Skipped Seq from 11372 to 11374
Skipped Seq from 11379 to 11381
Skipped Seq from 11382 to 11386
Skipped Seq from 11387 to 11393
Skipped Seq from 11394 to 11397
Skipped Seq from 11398 to 11405
Skipped Seq from 11405 to 11407
Skipped Seq from 11410 to 11422
Skipped Seq from 11423 to 11428
Skipped Seq from 11429 to 11432
Skipped Seq from 11432 to 11435
Skipped Seq from 11435 to 11438
Skipped Seq from 11438 to 11440
Skipped Seq from 11440 to 11444
Skipped Seq from 11444 to 11446
Skipped Seq from 11447 to 11449
Skipped Seq from 11450 to 11452
Skipped Seq from 11452 to 11456
Skipped Seq from 11456 to 11459
Skipped Seq from 11459 to 11462
Skipped Seq from 11462 to 11464
Skipped Seq from 11466 to 11469
Skipped Seq from 11469 to 11472
Skipped Seq from 11472 to 11480
Skipped Seq from 11480 to 11483
Skipped Seq from 11483 to 11485
Skipped Seq from 11485 to 11489
Skipped Seq from 11489 to 11494
Skipped Seq from 11494 to 11497
Skipped Seq from 11497 to 11499
Skipped Seq from 11501 to 11503
Skipped Seq from 11503 to 11508
Skipped Seq from 11510 to 11512
Skipped Seq from 11513 to 11516
Skipped Seq from 11516 to 11518
Skipped Seq from 11518 to 11522
Skipped Seq from 11523 to 11528
Skipped Seq from 11528 to 11531
Skipped Seq from 11532 to 11536
Skipped Seq from 11536 to 11539
Skipped Seq from 11540 to 11545
Skipped Seq from 11545 to 11547
Skipped Seq from 11547 to 11551
Skipped Seq from 11552 to 11558
Skipped Seq from 11559 to 11563
Skipped Seq from 11563 to 11567
Skipped Seq from 11567 to 11569
Skipped Seq from 11569 to 11571
Skipped Seq from 11572 to 11576
Skipped Seq from 11577 to 11579
Skipped Seq from 11579 to 11582
Skipped Seq from 11582 to 11593
Skipped Seq from 11594 to 11596
Skipped Seq from 11596 to 11600
Skipped Seq from 11605 to 11608
Skipped Seq from 11608 to 11611
Skipped Seq from 11611 to 11614
Skipped Seq from 11614 to 11617
Skipped Seq from 11618 to 11623
Skipped Seq from 11624 to 11626
Skipped Seq from 11626 to 11628
Skipped Seq from 11628 to 11633
Skipped Seq from 11633 to 11635
Skipped Seq from 11635 to 11638
Skipped Seq from 11639 to 11641
Skipped Seq from 11641 to 11643
Skipped Seq from 11643 to 11649
Skipped Seq from 11649 to 11651
Skipped Seq from 11651 to 11656
Skipped Seq from 11656 to 11661
Skipped Seq from 11662 to 11666
Skipped Seq from 11666 to 11669
Skipped Seq from 11669 to 11672
Skipped Seq from 11673 to 11675
Skipped Seq from 11675 to 11680
Skipped Seq from 11680 to 11683
Skipped Seq from 11684 to 11686
Skipped Seq from 11686 to 11688
Skipped Seq from 11688 to 11690
Skipped Seq from 11690 to 11693
Skipped Seq from 11693 to 11696
Skipped Seq from 11697 to 11704
Skipped Seq from 11705 to 11708
Skipped Seq from 11708 to 11712
Skipped Seq from 11712 to 11718
Skipped Seq from 11718 to 11725
Skipped Seq from 11725 to 11727
Skipped Seq from 11728 to 11730
Skipped Seq from 11730 to 11733
Skipped Seq from 11733 to 11735
Skipped Seq from 11739 to 11744
Skipped Seq from 11745 to 11747
Skipped Seq from 11747 to 11749
Skipped Seq from 11749 to 11756
Skipped Seq from 11756 to 11758
Skipped Seq from 11758 to 11762
Skipped Seq from 11762 to 11765
Skipped Seq from 11766 to 11769
Skipped Seq from 11769 to 11772
Skipped Seq from 11772 to 11775
Skipped Seq from 11775 to 11777
Skipped Seq from 11777 to 11781
Skipped Seq from 11781 to 11783
Skipped Seq from 11783 to 11787
Skipped Seq from 11789 to 11794
Skipped Seq from 11794 to 11797
Skipped Seq from 11798 to 11801
Skipped Seq from 11801 to 11803
Skipped Seq from 11803 to 11808
Skipped Seq from 11808 to 11810
Skipped Seq from 11810 to 11812
Skipped Seq from 11812 to 11815
Skipped Seq from 11817 to 11822
Skipped Seq from 11822 to 11824
Skipped Seq from 11825 to 11828
Skipped Seq from 11828 to 11832
Skipped Seq from 11832 to 11834
Skipped Seq from 11834 to 11836
Skipped Seq from 11836 to 11842
Skipped Seq from 11844 to 11849
Skipped Seq from 11850 to 11853
Skipped Seq from 11853 to 11868
Skipped Seq from 11868 to 11872
Skipped Seq from 11873 to 11882
Skipped Seq from 11883 to 11885
Skipped Seq from 11885 to 11888
Skipped Seq from 11889 to 11903
Skipped Seq from 11903 to 11909
Skipped Seq from 11910 to 11920
Skipped Seq from 11920 to 11922
Skipped Seq from 11923 to 11925
Skipped Seq from 11925 to 11936
Skipped Seq from 11936 to 11941
Skipped Seq from 11942 to 11944
Skipped Seq from 11945 to 11947
Skipped Seq from 11949 to 11953
Skipped Seq from 11953 to 11955
Skipped Seq from 11955 to 11959
Skipped Seq from 11959 to 11961
Skipped Seq from 11962 to 11964
Skipped Seq from 11967 to 11972
Skipped Seq from 11972 to 11975
Skipped Seq from 11975 to 11977
Skipped Seq from 11977 to 11981
Skipped Seq from 11981 to 11983
Skipped Seq from 11983 to 11986
Skipped Seq from 11986 to 11989
Skipped Seq from 11990 to 11994
Skipped Seq from 11995 to 11997
Skipped Seq from 12001 to 12003
Skipped Seq from 12003 to 12006
Skipped Seq from 12006 to 12017
Skipped Seq from 12017 to 12020
Skipped Seq from 12020 to 12025
Skipped Seq from 12025 to 12044
Skipped Seq from 12045 to 12050
Skipped Seq from 12051 to 12057
Skipped Seq from 12057 to 12063
Skipped Seq from 12063 to 12069
Skipped Seq from 12069 to 12072
Skipped Seq from 12072 to 12076
Skipped Seq from 12079 to 12086
Skipped Seq from 12086 to 12089
Skipped Seq from 12091 to 12094
Skipped Seq from 12095 to 12098
Skipped Seq from 12102 to 12104
Skipped Seq from 12104 to 12110
Skipped Seq from 12112 to 12117
Skipped Seq from 12117 to 12119
Skipped Seq from 12129 to 12134
Skipped Seq from 12134 to 12137
Skipped Seq from 12137 to 12139
Skipped Seq from 12139 to 12142
Skipped Seq from 12143 to 12146
Skipped Seq from 12146 to 12155
Skipped Seq from 12156 to 12166
Skipped Seq from 12169 to 12172
Skipped Seq from 12172 to 12174
Skipped Seq from 12175 to 12179
Skipped Seq from 12183 to 12186
Skipped Seq from 12186 to 12188
Skipped Seq from 12193 to 12195
Skipped Seq from 12486 to 12508
Skipped Seq from 12524 to 12548
Skipped Seq from 12563 to 12581
Skipped Seq from 12596 to 12643
Skipped Seq from 12693 to 12731
Skipped Seq from 12764 to 12802
Skipped Seq from 12818 to 12852
Number of times throttled: 4
Received: 11772 / 12975 packets
Start time: 1315409172.816818
End time: 1315409198.170123
Duration: 25.353305
