Starting client at 10.0.0.17:1234 with timeout:10
My IP address is 10.0.0.17Skipped Seq from 946 to 948
Skipped Seq from 948 to 950
Skipped Seq from 950 to 952
Skipped Seq from 954 to 956
Skipped Seq from 957 to 959
Skipped Seq from 959 to 961
Skipped Seq from 963 to 965
Skipped Seq from 965 to 968
Skipped Seq from 971 to 973
Skipped Seq from 974 to 976
Skipped Seq from 980 to 982
Skipped Seq from 983 to 985
Skipped Seq from 986 to 988
Skipped Seq from 989 to 996
Skipped Seq from 1000 to 1002
Skipped Seq from 1003 to 1005
Skipped Seq from 1007 to 1009
Skipped Seq from 1013 to 1015
Skipped Seq from 1015 to 1017
Skipped Seq from 1017 to 1026
Skipped Seq from 1027 to 1029
Skipped Seq from 1032 to 1034
Skipped Seq from 1034 to 1036
Skipped Seq from 1037 to 1040
Skipped Seq from 1040 to 1048
Skipped Seq from 1048 to 1052
Skipped Seq from 1052 to 1056
Skipped Seq from 1058 to 1060
Skipped Seq from 1060 to 1067
Skipped Seq from 1068 to 1071
Skipped Seq from 1071 to 1073
Skipped Seq from 1075 to 1077
Skipped Seq from 1079 to 1081
Skipped Seq from 1083 to 1085
Skipped Seq from 1087 to 1089
Skipped Seq from 1092 to 1094
Skipped Seq from 1096 to 1098
Skipped Seq from 1100 to 1102
Skipped Seq from 1103 to 1106
Skipped Seq from 1106 to 1109
Skipped Seq from 1109 to 1118
Skipped Seq from 1119 to 1122
Skipped Seq from 1122 to 1125
Skipped Seq from 1125 to 1127
Skipped Seq from 1128 to 1130
Skipped Seq from 1131 to 1133
Skipped Seq from 1133 to 1136
Skipped Seq from 1137 to 1141
Skipped Seq from 1145 to 1147
Skipped Seq from 1147 to 1149
Skipped Seq from 1149 to 1151
Skipped Seq from 1151 to 1154
Skipped Seq from 1154 to 1156
Skipped Seq from 1158 to 1160
Skipped Seq from 1160 to 1162
Skipped Seq from 1163 to 1165
Skipped Seq from 1168 to 1170
Skipped Seq from 1172 to 1175
Skipped Seq from 1177 to 1179
Skipped Seq from 1179 to 1181
Skipped Seq from 1190 to 1192
Skipped Seq from 1206 to 1208
Skipped Seq from 1208 to 1210
Skipped Seq from 1210 to 1214
Skipped Seq from 1214 to 1216
Skipped Seq from 1216 to 1218
Skipped Seq from 1218 to 1221
Skipped Seq from 1221 to 1224
Skipped Seq from 1224 to 1227
Skipped Seq from 1227 to 1231
Skipped Seq from 1232 to 1234
Skipped Seq from 1234 to 1237
Skipped Seq from 1237 to 1240
Skipped Seq from 1241 to 1243
Skipped Seq from 1244 to 1247
Skipped Seq from 1247 to 1249
Skipped Seq from 1254 to 1256
Skipped Seq from 1263 to 1265
Skipped Seq from 1266 to 1268
Skipped Seq from 1276 to 1278
Skipped Seq from 1279 to 1281
Skipped Seq from 1281 to 1284
Skipped Seq from 1285 to 1287
Skipped Seq from 1288 to 1293
Skipped Seq from 1293 to 1296
Skipped Seq from 1298 to 1300
Skipped Seq from 1301 to 1303
Skipped Seq from 1303 to 1305
Skipped Seq from 1310 to 1313
Skipped Seq from 1315 to 1317
Skipped Seq from 1317 to 1319
Skipped Seq from 1320 to 1322
Skipped Seq from 1324 to 1326
Skipped Seq from 1326 to 1330
Skipped Seq from 1331 to 1333
Skipped Seq from 1336 to 1338
Skipped Seq from 1340 to 1342
Skipped Seq from 1342 to 1344
Skipped Seq from 1348 to 1350
Skipped Seq from 1350 to 1352
Skipped Seq from 1352 to 1356
Skipped Seq from 1359 to 1361
Skipped Seq from 1362 to 1364
Skipped Seq from 1365 to 1371
Skipped Seq from 1372 to 1374
Skipped Seq from 1377 to 1379
Skipped Seq from 1382 to 1385
Skipped Seq from 1386 to 1394
Skipped Seq from 1394 to 1397
Skipped Seq from 1399 to 1401
Skipped Seq from 1404 to 1406
Skipped Seq from 1407 to 1409
Skipped Seq from 1412 to 1414
Skipped Seq from 1416 to 1418
Skipped Seq from 1420 to 1422
Skipped Seq from 1425 to 1428
Skipped Seq from 1428 to 1430
Skipped Seq from 1430 to 1432
Skipped Seq from 1433 to 1435
Skipped Seq from 1435 to 1439
Skipped Seq from 1439 to 1441
Skipped Seq from 1441 to 1444
Skipped Seq from 1444 to 1447
Skipped Seq from 1448 to 1452
Skipped Seq from 1452 to 1456
Skipped Seq from 1456 to 1464
Skipped Seq from 1467 to 1469
Skipped Seq from 1474 to 1478
Skipped Seq from 1493 to 1495
Skipped Seq from 1501 to 1506
Skipped Seq from 1506 to 1508
Skipped Seq from 1508 to 1514
Skipped Seq from 1524 to 1526
Skipped Seq from 1526 to 1528
Skipped Seq from 1529 to 1531
Skipped Seq from 1534 to 1540
Skipped Seq from 1540 to 1542
Skipped Seq from 1547 to 1549
Skipped Seq from 1550 to 1553
Skipped Seq from 1557 to 1559
Skipped Seq from 1560 to 1562
Skipped Seq from 1568 to 1570
Skipped Seq from 1571 to 1573
Skipped Seq from 1576 to 1579
Skipped Seq from 1618 to 1620
Skipped Seq from 1620 to 1628
Skipped Seq from 1628 to 1632
Skipped Seq from 1633 to 1639
Skipped Seq from 1639 to 1647
Skipped Seq from 1647 to 1654
Skipped Seq from 1654 to 1660
Skipped Seq from 1660 to 1662
Skipped Seq from 1662 to 1670
Skipped Seq from 1670 to 1678
Skipped Seq from 1678 to 1686
Skipped Seq from 1686 to 1689
Skipped Seq from 1689 to 1693
Skipped Seq from 1693 to 1701
Skipped Seq from 1702 to 1705
Skipped Seq from 1707 to 1709
Skipped Seq from 1709 to 1711
Skipped Seq from 1714 to 1717
Skipped Seq from 1719 to 1721
Skipped Seq from 1722 to 1725
Skipped Seq from 1727 to 1729
Skipped Seq from 1729 to 1731
Skipped Seq from 1736 to 1739
Skipped Seq from 1743 to 1745
Skipped Seq from 1745 to 1748
Skipped Seq from 1748 to 1751
Skipped Seq from 1751 to 1759
Skipped Seq from 1759 to 1763
Skipped Seq from 1764 to 1766
Skipped Seq from 1770 to 1772
Skipped Seq from 1773 to 1775
Skipped Seq from 1779 to 1788
Skipped Seq from 1788 to 1794
Skipped Seq from 1795 to 1797
Skipped Seq from 1797 to 1802
Skipped Seq from 1802 to 1804
Skipped Seq from 1804 to 1807
Skipped Seq from 1807 to 1810
Skipped Seq from 1812 to 1815
Skipped Seq from 1815 to 1817
Skipped Seq from 1829 to 1835
Skipped Seq from 1838 to 1843
Skipped Seq from 1844 to 1846
Skipped Seq from 1854 to 1860
Skipped Seq from 1866 to 1869
Skipped Seq from 1872 to 1874
Skipped Seq from 1874 to 1881
Skipped Seq from 1881 to 1885
Skipped Seq from 1886 to 1889
Skipped Seq from 1889 to 1893
Skipped Seq from 1894 to 1896
Skipped Seq from 1896 to 1904
Skipped Seq from 1904 to 1907
Skipped Seq from 1907 to 1912
Skipped Seq from 1916 to 1919
Skipped Seq from 1922 to 1925
Skipped Seq from 1926 to 1931
Skipped Seq from 1932 to 1934
Skipped Seq from 1934 to 1942
Skipped Seq from 1943 to 1950
Skipped Seq from 1950 to 1953
Skipped Seq from 1953 to 1955
Skipped Seq from 1957 to 1959
Skipped Seq from 1963 to 1966
Skipped Seq from 1968 to 1970
Skipped Seq from 1973 to 1975
Skipped Seq from 1976 to 1981
Skipped Seq from 1981 to 1983
Skipped Seq from 1989 to 1996
Skipped Seq from 1998 to 2001
Skipped Seq from 2002 to 2004
Skipped Seq from 2004 to 2011
Skipped Seq from 2011 to 2014
Skipped Seq from 2015 to 2018
Skipped Seq from 2021 to 2024
Skipped Seq from 2024 to 2027
Skipped Seq from 2027 to 2032
Skipped Seq from 2038 to 2044
Skipped Seq from 2044 to 2048
Skipped Seq from 2048 to 2050
Skipped Seq from 2050 to 2053
Skipped Seq from 2053 to 2063
Skipped Seq from 2066 to 2068
Skipped Seq from 2068 to 2070
Skipped Seq from 2072 to 2075
Skipped Seq from 2077 to 2080
Skipped Seq from 2083 to 2085
Skipped Seq from 2089 to 2093
Skipped Seq from 2094 to 2097
Skipped Seq from 2097 to 2105
Skipped Seq from 2105 to 2107
Skipped Seq from 2107 to 2119
Skipped Seq from 2119 to 2124
Skipped Seq from 2124 to 2130
Skipped Seq from 2132 to 2137
Skipped Seq from 2139 to 2142
Skipped Seq from 2142 to 2146
Skipped Seq from 2146 to 2149
Skipped Seq from 2151 to 2155
Skipped Seq from 2155 to 2163
Skipped Seq from 2167 to 2171
Skipped Seq from 2173 to 2175
Skipped Seq from 2179 to 2181
Skipped Seq from 2181 to 2183
Skipped Seq from 2188 to 2191
Skipped Seq from 2201 to 2206
Skipped Seq from 2242 to 2245
Skipped Seq from 2259 to 2262
Skipped Seq from 2262 to 2264
Skipped Seq from 2274 to 2276
Skipped Seq from 2279 to 2281
Skipped Seq from 2288 to 2290
Skipped Seq from 2293 to 2295
Skipped Seq from 15712 to 15715
Skipped Seq from 15716 to 15718
Skipped Seq from 15722 to 15724
Skipped Seq from 15725 to 15727
Skipped Seq from 15728 to 15732
Skipped Seq from 15732 to 15734
Skipped Seq from 15736 to 15738
Skipped Seq from 15738 to 15740
Skipped Seq from 15740 to 15746
Skipped Seq from 15750 to 15752
Skipped Seq from 15758 to 15761
Skipped Seq from 15761 to 15767
Skipped Seq from 15767 to 15769
Skipped Seq from 15769 to 15772
Skipped Seq from 15780 to 15783
Skipped Seq from 15783 to 15785
Skipped Seq from 15787 to 15789
Skipped Seq from 15796 to 15803
Skipped Seq from 15805 to 15809
Skipped Seq from 15809 to 15811
Skipped Seq from 15813 to 15815
Skipped Seq from 15823 to 15825
Skipped Seq from 15825 to 15827
Skipped Seq from 15827 to 15829
Skipped Seq from 15834 to 15837
Skipped Seq from 15837 to 15839
Skipped Seq from 15839 to 15844
Skipped Seq from 15846 to 15849
Skipped Seq from 15857 to 15859
Skipped Seq from 15861 to 15863
Skipped Seq from 15863 to 15867
Skipped Seq from 15871 to 15873
Skipped Seq from 15876 to 15883
Skipped Seq from 15884 to 15886
Skipped Seq from 15886 to 15888
Skipped Seq from 15889 to 15892
Skipped Seq from 15892 to 15894
Skipped Seq from 15899 to 15903
Skipped Seq from 15904 to 15906
Skipped Seq from 15906 to 15910
Skipped Seq from 15915 to 15919
Skipped Seq from 15919 to 15923
Skipped Seq from 15923 to 15925
Skipped Seq from 15927 to 15929
Skipped Seq from 15930 to 15932
Skipped Seq from 15932 to 15935
Skipped Seq from 15936 to 15938
Skipped Seq from 15938 to 15940
Skipped Seq from 15940 to 15943
Skipped Seq from 15943 to 15945
Skipped Seq from 15945 to 15948
Skipped Seq from 15949 to 15951
Skipped Seq from 15954 to 15958
Skipped Seq from 15958 to 15961
Skipped Seq from 15961 to 15966
Skipped Seq from 15967 to 15969
Skipped Seq from 15973 to 15977
Skipped Seq from 15978 to 15981
Skipped Seq from 15982 to 15986
Skipped Seq from 15987 to 15989
Skipped Seq from 15990 to 15993
Skipped Seq from 15993 to 15995
Skipped Seq from 15995 to 15999
Skipped Seq from 15999 to 16001
Skipped Seq from 16002 to 16004
Skipped Seq from 16006 to 16009
Skipped Seq from 16009 to 16013
Skipped Seq from 16015 to 16017
Skipped Seq from 16017 to 16021
Skipped Seq from 16022 to 16024
Skipped Seq from 16025 to 16027
Skipped Seq from 16027 to 16029
Skipped Seq from 16029 to 16031
Skipped Seq from 16032 to 16036
Skipped Seq from 16041 to 16043
Number of times throttled: 3
Received: 16548 / 17276 packets
Start time: 1315408843.697929
End time: 1315408874.806761
Duration: 31.108832
