Starting client at 10.0.0.27:1248 with timeout:10
My IP address is 10.0.0.27Skipped Seq from 1567 to 1570
Skipped Seq from 1575 to 1579
Skipped Seq from 1579 to 1581
Skipped Seq from 1582 to 1584
Skipped Seq from 1585 to 1588
Skipped Seq from 1588 to 1590
Skipped Seq from 1590 to 1594
Skipped Seq from 1595 to 1597
Skipped Seq from 1597 to 1602
Skipped Seq from 1604 to 1607
Skipped Seq from 1609 to 1611
Skipped Seq from 1611 to 1613
Skipped Seq from 1613 to 1615
Skipped Seq from 1620 to 1623
Skipped Seq from 1624 to 1626
Skipped Seq from 1628 to 1630
Skipped Seq from 1631 to 1634
Skipped Seq from 1638 to 1641
Skipped Seq from 1642 to 1645
Skipped Seq from 1645 to 1647
Skipped Seq from 1648 to 1650
Skipped Seq from 1651 to 1653
Skipped Seq from 1653 to 1656
Skipped Seq from 1656 to 1659
Skipped Seq from 1659 to 1663
Skipped Seq from 1663 to 1666
Skipped Seq from 1667 to 1669
Skipped Seq from 1671 to 1674
Skipped Seq from 1675 to 1677
Skipped Seq from 1678 to 1681
Skipped Seq from 1683 to 1685
Skipped Seq from 1685 to 1689
Skipped Seq from 1690 to 1692
Skipped Seq from 1692 to 1694
Skipped Seq from 1698 to 1700
Skipped Seq from 1701 to 1703
Skipped Seq from 1706 to 1708
Skipped Seq from 1708 to 1710
Skipped Seq from 1711 to 1713
Skipped Seq from 1713 to 1715
Skipped Seq from 1720 to 1722
Skipped Seq from 1722 to 1724
Skipped Seq from 1728 to 1731
Skipped Seq from 1739 to 1741
Skipped Seq from 1745 to 1749
Skipped Seq from 1753 to 1755
Skipped Seq from 1755 to 1757
Skipped Seq from 1759 to 1762
Skipped Seq from 1766 to 1768
Skipped Seq from 1768 to 1771
Skipped Seq from 2424 to 2426
Skipped Seq from 2431 to 2433
Skipped Seq from 2439 to 2442
Skipped Seq from 2450 to 2452
Skipped Seq from 2455 to 2457
Skipped Seq from 2462 to 2464
Skipped Seq from 2465 to 2467
Skipped Seq from 2471 to 2473
Skipped Seq from 2527 to 2529
Skipped Seq from 2530 to 2532
Skipped Seq from 2532 to 2534
Skipped Seq from 2536 to 2538
Skipped Seq from 2541 to 2543
Skipped Seq from 2543 to 2545
Skipped Seq from 2550 to 2553
Skipped Seq from 2560 to 2562
Skipped Seq from 2567 to 2569
Skipped Seq from 2570 to 2572
Skipped Seq from 2595 to 2597
Skipped Seq from 2601 to 2603
Skipped Seq from 2608 to 2610
Skipped Seq from 2610 to 2612
Skipped Seq from 2628 to 2630
Skipped Seq from 2642 to 2644
Skipped Seq from 2646 to 2649
Skipped Seq from 2653 to 2656
Skipped Seq from 2669 to 2671
Skipped Seq from 2675 to 2677
Skipped Seq from 2682 to 2685
Skipped Seq from 2748 to 2750
Skipped Seq from 2750 to 2752
Skipped Seq from 2752 to 2754
Skipped Seq from 2756 to 2758
Skipped Seq from 2760 to 2762
Skipped Seq from 2765 to 2767
Skipped Seq from 2770 to 2773
Skipped Seq from 2804 to 2806
Skipped Seq from 2808 to 2810
Skipped Seq from 2813 to 2815
Skipped Seq from 2913 to 2915
Skipped Seq from 2915 to 2917
Skipped Seq from 2919 to 2921
Skipped Seq from 2924 to 2926
Skipped Seq from 2929 to 2932
Skipped Seq from 2932 to 2935
Skipped Seq from 2935 to 2937
Skipped Seq from 2939 to 2943
Skipped Seq from 2943 to 2946
Skipped Seq from 2946 to 2948
Skipped Seq from 2948 to 2952
Skipped Seq from 2952 to 2954
Skipped Seq from 2955 to 2959
Skipped Seq from 2959 to 2961
Skipped Seq from 2961 to 2963
Skipped Seq from 2963 to 2965
Skipped Seq from 2965 to 2969
Skipped Seq from 2969 to 2974
Skipped Seq from 2988 to 2991
Skipped Seq from 2992 to 2994
Skipped Seq from 2995 to 2997
Skipped Seq from 3012 to 3014
Skipped Seq from 3022 to 3025
Skipped Seq from 3031 to 3033
Skipped Seq from 3033 to 3035
Skipped Seq from 3041 to 3043
Skipped Seq from 3048 to 3050
Skipped Seq from 3050 to 3052
Skipped Seq from 3052 to 3054
Skipped Seq from 3055 to 3059
Skipped Seq from 3059 to 3061
Skipped Seq from 3064 to 3068
Skipped Seq from 3072 to 3077
Skipped Seq from 3089 to 3091
Skipped Seq from 3093 to 3097
Skipped Seq from 3097 to 3099
Skipped Seq from 3103 to 3106
Skipped Seq from 3112 to 3114
Skipped Seq from 3141 to 3144
Skipped Seq from 13380 to 13382
Skipped Seq from 13390 to 13392
Skipped Seq from 13400 to 13402
Skipped Seq from 13430 to 13432
Skipped Seq from 13449 to 13451
Skipped Seq from 13458 to 13461
Skipped Seq from 13461 to 13463
Skipped Seq from 13465 to 13467
Skipped Seq from 13467 to 13469
Skipped Seq from 13481 to 13483
Skipped Seq from 13491 to 13493
Skipped Seq from 13500 to 13502
Skipped Seq from 13506 to 13508
Skipped Seq from 13512 to 13515
Skipped Seq from 13520 to 13522
Skipped Seq from 13522 to 13525
Skipped Seq from 13525 to 13527
Skipped Seq from 13527 to 13530
Skipped Seq from 13531 to 13533
Skipped Seq from 13533 to 13535
Skipped Seq from 13540 to 13544
Skipped Seq from 13547 to 13549
Skipped Seq from 13549 to 13551
Skipped Seq from 13552 to 13554
Skipped Seq from 13554 to 13556
Skipped Seq from 13558 to 13560
Skipped Seq from 13560 to 13562
Skipped Seq from 13573 to 13575
Skipped Seq from 13577 to 13579
Skipped Seq from 13579 to 13582
Skipped Seq from 13596 to 13598
Skipped Seq from 13611 to 13613
Skipped Seq from 13616 to 13618
Skipped Seq from 13633 to 13635
Skipped Seq from 13638 to 13640
Skipped Seq from 13664 to 13668
Skipped Seq from 13669 to 13671
Skipped Seq from 13682 to 13685
Skipped Seq from 13686 to 13688
Skipped Seq from 13692 to 13694
Skipped Seq from 13702 to 13704
Skipped Seq from 13709 to 13712
Skipped Seq from 13712 to 13714
Skipped Seq from 13715 to 13718
Skipped Seq from 13724 to 13727
Skipped Seq from 13729 to 13731
Skipped Seq from 13737 to 13739
Skipped Seq from 13741 to 13743
Skipped Seq from 13746 to 13749
Skipped Seq from 13755 to 13757
Skipped Seq from 13764 to 13766
Skipped Seq from 13778 to 13780
Skipped Seq from 13783 to 13785
Skipped Seq from 13790 to 13792
Skipped Seq from 13797 to 13801
Skipped Seq from 13805 to 13807
Skipped Seq from 13812 to 13814
Skipped Seq from 13821 to 13823
Skipped Seq from 13824 to 13826
Skipped Seq from 13826 to 13828
Skipped Seq from 13828 to 13830
Skipped Seq from 13837 to 13839
Skipped Seq from 13846 to 13848
Skipped Seq from 13850 to 13852
Skipped Seq from 13865 to 13867
Skipped Seq from 13868 to 13870
Skipped Seq from 13872 to 13874
Skipped Seq from 13874 to 13876
Skipped Seq from 13887 to 13889
Skipped Seq from 13896 to 13898
Skipped Seq from 13900 to 13902
Skipped Seq from 13905 to 13907
Skipped Seq from 13908 to 13910
Skipped Seq from 13915 to 13917
Skipped Seq from 13918 to 13920
Skipped Seq from 13920 to 13922
Skipped Seq from 13924 to 13926
Skipped Seq from 13926 to 13929
Skipped Seq from 13930 to 13932
Skipped Seq from 13933 to 13936
Skipped Seq from 13936 to 13939
Skipped Seq from 13948 to 13950
Skipped Seq from 13951 to 13953
Skipped Seq from 13953 to 13955
Skipped Seq from 13958 to 13960
Skipped Seq from 13962 to 13964
Skipped Seq from 13964 to 13967
Skipped Seq from 13969 to 13972
Skipped Seq from 13972 to 13974
Skipped Seq from 13974 to 13977
Skipped Seq from 13990 to 13992
Skipped Seq from 13993 to 13995
Skipped Seq from 13996 to 13998
Skipped Seq from 14010 to 14012
Skipped Seq from 14017 to 14020
Skipped Seq from 14026 to 14028
Skipped Seq from 14028 to 14031
Skipped Seq from 14031 to 14033
Skipped Seq from 14036 to 14038
Skipped Seq from 14038 to 14040
Skipped Seq from 14041 to 14044
Skipped Seq from 14050 to 14053
Skipped Seq from 14053 to 14055
Skipped Seq from 14067 to 14069
Skipped Seq from 14072 to 14074
Skipped Seq from 14075 to 14077
Skipped Seq from 14078 to 14080
Skipped Seq from 14083 to 14085
Skipped Seq from 14097 to 14099
Skipped Seq from 14104 to 14106
Skipped Seq from 14106 to 14108
Skipped Seq from 14118 to 14120
Skipped Seq from 14120 to 14122
Skipped Seq from 14125 to 14127
Skipped Seq from 14129 to 14132
Skipped Seq from 14133 to 14136
Skipped Seq from 14136 to 14138
Skipped Seq from 14143 to 14145
Skipped Seq from 14154 to 14156
Skipped Seq from 14156 to 14159
Skipped Seq from 14163 to 14165
Skipped Seq from 14166 to 14168
Skipped Seq from 14180 to 14182
Skipped Seq from 14183 to 14187
Skipped Seq from 14188 to 14190
Skipped Seq from 14192 to 14194
Skipped Seq from 14199 to 14201
Skipped Seq from 14208 to 14210
Skipped Seq from 14235 to 14237
Skipped Seq from 14240 to 14242
Skipped Seq from 14247 to 14250
Skipped Seq from 14250 to 14252
Skipped Seq from 14252 to 14255
Skipped Seq from 14256 to 14259
Skipped Seq from 14263 to 14268
Skipped Seq from 14271 to 14273
Skipped Seq from 14274 to 14276
Skipped Seq from 14280 to 14282
Skipped Seq from 14283 to 14285
Skipped Seq from 14288 to 14290
Skipped Seq from 14290 to 14292
Skipped Seq from 14292 to 14295
Skipped Seq from 14295 to 14297
Skipped Seq from 14299 to 14301
Skipped Seq from 14301 to 14303
Skipped Seq from 14307 to 14309
Skipped Seq from 14310 to 14313
Skipped Seq from 14322 to 14325
Skipped Seq from 14335 to 14338
Skipped Seq from 14341 to 14344
Skipped Seq from 14344 to 14346
Skipped Seq from 14346 to 14348
Skipped Seq from 14349 to 14351
Skipped Seq from 14351 to 14353
Skipped Seq from 14354 to 14356
Skipped Seq from 14356 to 14359
Skipped Seq from 14359 to 14362
Skipped Seq from 14362 to 14364
Skipped Seq from 14364 to 14367
Skipped Seq from 14371 to 14373
Skipped Seq from 14373 to 14376
Skipped Seq from 14377 to 14379
Skipped Seq from 14380 to 14382
Skipped Seq from 14389 to 14392
Skipped Seq from 14392 to 14394
Skipped Seq from 14398 to 14400
Skipped Seq from 14406 to 14408
Skipped Seq from 14409 to 14413
Skipped Seq from 14413 to 14415
Skipped Seq from 14415 to 14417
Skipped Seq from 14417 to 14421
Skipped Seq from 14422 to 14424
Skipped Seq from 14425 to 14428
Skipped Seq from 14428 to 14431
Skipped Seq from 14435 to 14438
Skipped Seq from 14438 to 14440
Skipped Seq from 14442 to 14444
Skipped Seq from 14445 to 14447
Skipped Seq from 14448 to 14451
Skipped Seq from 14451 to 14454
Skipped Seq from 14454 to 14457
Skipped Seq from 14457 to 14459
Skipped Seq from 14459 to 14461
Skipped Seq from 14461 to 14464
Skipped Seq from 14465 to 14468
Skipped Seq from 14469 to 14471
Skipped Seq from 14471 to 14474
Skipped Seq from 14474 to 14478
Skipped Seq from 14480 to 14482
Skipped Seq from 14482 to 14485
Skipped Seq from 14486 to 14490
Skipped Seq from 14492 to 14495
Skipped Seq from 14498 to 14500
Skipped Seq from 14500 to 14502
Skipped Seq from 14504 to 14506
Skipped Seq from 14507 to 14510
Skipped Seq from 14510 to 14514
Skipped Seq from 14515 to 14521
Skipped Seq from 14521 to 14523
Skipped Seq from 14524 to 14526
Skipped Seq from 14527 to 14530
Skipped Seq from 14533 to 14535
Skipped Seq from 14535 to 14538
Skipped Seq from 14539 to 14541
Skipped Seq from 14544 to 14547
Skipped Seq from 14549 to 14551
Skipped Seq from 14553 to 14562
Skipped Seq from 14562 to 14566
Skipped Seq from 14568 to 14572
Skipped Seq from 14575 to 14577
Skipped Seq from 14579 to 14584
Skipped Seq from 14586 to 14589
Skipped Seq from 14591 to 14593
Skipped Seq from 14595 to 14597
Skipped Seq from 14601 to 14604
Skipped Seq from 14605 to 14607
Skipped Seq from 14608 to 14611
Skipped Seq from 14614 to 14616
Skipped Seq from 14616 to 14621
Skipped Seq from 14621 to 14623
Skipped Seq from 14623 to 14627
Skipped Seq from 14627 to 14637
Skipped Seq from 14640 to 14642
Skipped Seq from 14644 to 14646
Skipped Seq from 14646 to 14649
Skipped Seq from 14651 to 14653
Skipped Seq from 14653 to 14657
Skipped Seq from 14657 to 14660
Skipped Seq from 14660 to 14663
Skipped Seq from 14663 to 14666
Skipped Seq from 14666 to 14668
Skipped Seq from 14675 to 14677
Skipped Seq from 14678 to 14680
Skipped Seq from 14680 to 14682
Skipped Seq from 14684 to 14686
Skipped Seq from 14687 to 14689
Skipped Seq from 14692 to 14694
Skipped Seq from 14695 to 14697
Skipped Seq from 14697 to 14699
Skipped Seq from 14699 to 14701
Skipped Seq from 14704 to 14706
Skipped Seq from 14711 to 14713
Skipped Seq from 14715 to 14717
Skipped Seq from 14720 to 14722
Skipped Seq from 14723 to 14725
Skipped Seq from 14727 to 14731
Skipped Seq from 14733 to 14736
Skipped Seq from 14736 to 14738
Skipped Seq from 14738 to 14741
Skipped Seq from 14745 to 14747
Skipped Seq from 14748 to 14751
Skipped Seq from 14755 to 14757
Skipped Seq from 14757 to 14759
Skipped Seq from 14761 to 14763
Skipped Seq from 14765 to 14768
Skipped Seq from 14769 to 14773
Skipped Seq from 14778 to 14780
Skipped Seq from 14780 to 14783
Skipped Seq from 14783 to 14785
Skipped Seq from 14785 to 14787
Skipped Seq from 14787 to 14789
Skipped Seq from 14791 to 14793
Skipped Seq from 14793 to 14796
Skipped Seq from 14796 to 14799
Skipped Seq from 14799 to 14802
Skipped Seq from 14802 to 14804
Skipped Seq from 14804 to 14806
Skipped Seq from 14807 to 14809
Skipped Seq from 14809 to 14811
Skipped Seq from 14811 to 14813
Skipped Seq from 14816 to 14818
Skipped Seq from 14818 to 14822
Skipped Seq from 14824 to 14827
Skipped Seq from 14833 to 14836
Skipped Seq from 14839 to 14842
Skipped Seq from 14846 to 14848
Skipped Seq from 14851 to 14853
Skipped Seq from 14854 to 14859
Skipped Seq from 14860 to 14863
Skipped Seq from 14865 to 14869
Skipped Seq from 14870 to 14874
Skipped Seq from 14875 to 14878
Skipped Seq from 14878 to 14880
Skipped Seq from 14881 to 14883
Skipped Seq from 14885 to 14887
Skipped Seq from 14889 to 14894
Skipped Seq from 14897 to 14901
Skipped Seq from 14902 to 14907
Skipped Seq from 14907 to 14911
Skipped Seq from 14911 to 14916
Skipped Seq from 14916 to 14920
Skipped Seq from 14920 to 14922
Skipped Seq from 14924 to 14928
Skipped Seq from 14930 to 14933
Skipped Seq from 14934 to 14936
Skipped Seq from 14938 to 14951
Skipped Seq from 14951 to 14955
Skipped Seq from 14955 to 14958
Skipped Seq from 14958 to 14962
Skipped Seq from 14963 to 14973
Skipped Seq from 14973 to 14978
Skipped Seq from 14978 to 14980
Skipped Seq from 14980 to 14985
Skipped Seq from 14985 to 14989
Skipped Seq from 14989 to 14993
Skipped Seq from 14994 to 15000
Skipped Seq from 15000 to 15003
Skipped Seq from 15003 to 15010
Skipped Seq from 15010 to 15014
Skipped Seq from 15014 to 15022
Skipped Seq from 15022 to 15024
Skipped Seq from 15024 to 15028
Skipped Seq from 15029 to 15031
Skipped Seq from 15031 to 15033
Skipped Seq from 15033 to 15040
Skipped Seq from 15042 to 15045
Skipped Seq from 15045 to 15047
Skipped Seq from 15047 to 15056
Skipped Seq from 15056 to 15062
Skipped Seq from 15063 to 15066
Skipped Seq from 15067 to 15071
Skipped Seq from 15071 to 15082
Skipped Seq from 15082 to 15085
Skipped Seq from 15085 to 15089
Skipped Seq from 15090 to 15099
Skipped Seq from 15099 to 15101
Skipped Seq from 15102 to 15106
Skipped Seq from 15106 to 15110
Skipped Seq from 15110 to 15113
Skipped Seq from 15114 to 15116
Skipped Seq from 15116 to 15122
Skipped Seq from 15123 to 15126
Skipped Seq from 15126 to 15128
Skipped Seq from 15128 to 15138
Skipped Seq from 15138 to 15142
Skipped Seq from 15143 to 15152
Skipped Seq from 15152 to 15157
Skipped Seq from 15157 to 15159
Skipped Seq from 15159 to 15162
Skipped Seq from 15162 to 15164
Skipped Seq from 15164 to 15168
Skipped Seq from 15168 to 15176
Skipped Seq from 15176 to 15178
Skipped Seq from 15178 to 15181
Skipped Seq from 15181 to 15183
Skipped Seq from 15183 to 15186
Skipped Seq from 15186 to 15192
Skipped Seq from 15192 to 15195
Skipped Seq from 15195 to 15198
Skipped Seq from 15198 to 15201
Skipped Seq from 15202 to 15206
Skipped Seq from 15206 to 15210
Skipped Seq from 15210 to 15213
Skipped Seq from 15214 to 15217
Skipped Seq from 15218 to 15224
Skipped Seq from 15224 to 15228
Skipped Seq from 15228 to 15232
Skipped Seq from 15232 to 15234
Skipped Seq from 15234 to 15237
Skipped Seq from 15237 to 15239
Skipped Seq from 15239 to 15241
Skipped Seq from 15241 to 15243
Skipped Seq from 15244 to 15246
Skipped Seq from 15248 to 15250
Skipped Seq from 15250 to 15252
Skipped Seq from 15252 to 15255
Skipped Seq from 15255 to 15262
Skipped Seq from 15263 to 15265
Skipped Seq from 15265 to 15267
Skipped Seq from 15270 to 15274
Skipped Seq from 15279 to 15281
Skipped Seq from 15281 to 15283
Skipped Seq from 15294 to 15297
Skipped Seq from 15305 to 15308
Skipped Seq from 15311 to 15313
Skipped Seq from 15317 to 15319
Skipped Seq from 15321 to 15323
Skipped Seq from 15326 to 15328
Skipped Seq from 15340 to 15342
Skipped Seq from 15344 to 15346
Skipped Seq from 15349 to 15351
Skipped Seq from 15354 to 15356
Skipped Seq from 15357 to 15359
Skipped Seq from 15364 to 15366
Skipped Seq from 15374 to 15376
Skipped Seq from 15380 to 15382
Skipped Seq from 15382 to 15384
Skipped Seq from 15392 to 15395
Skipped Seq from 15395 to 15397
Skipped Seq from 15397 to 15402
Skipped Seq from 15404 to 15410
Skipped Seq from 15410 to 15413
Skipped Seq from 15413 to 15416
Skipped Seq from 15417 to 15419
Skipped Seq from 15419 to 15421
Skipped Seq from 15421 to 15424
Skipped Seq from 15424 to 15430
Skipped Seq from 15430 to 15432
Number of times throttled: 5
Received: 36603 / 37527 packets
Start time: 1315412212.246997
End time: 1315412266.433316
Duration: 54.186319
