Mar 26 03:37:12|00001|openflowd|INFO|Open vSwitch version 1.1.0pre2
Mar 26 03:37:12|00002|openflowd|INFO|OpenFlow protocol version 0x01
Mar 26 03:37:12|00003|ofproto|INFO|using datapath ID 00000023208b41a6
Mar 26 03:37:12|00004|ofproto|INFO|datapath ID changed to 000000000000000a
Mar 26 03:37:12|00005|rconn|INFO|dp9<->tcp:127.0.0.1:6633: connecting...
Mar 26 03:37:12|00006|rconn|WARN|dp9<->tcp:127.0.0.1:6633: connection failed (Connection refused)
Mar 26 03:37:12|00007|rconn|INFO|dp9<->tcp:127.0.0.1:6633: waiting 1 seconds before reconnect
Mar 26 03:37:13|00008|rconn|INFO|dp9<->tcp:127.0.0.1:6633: connecting...
Mar 26 03:37:13|00009|rconn|WARN|dp9<->tcp:127.0.0.1:6633: connection failed (Connection refused)
Mar 26 03:37:13|00010|rconn|INFO|dp9<->tcp:127.0.0.1:6633: waiting 2 seconds before reconnect
Mar 26 03:37:15|00011|rconn|INFO|dp9<->tcp:127.0.0.1:6633: connecting...
Mar 26 03:37:15|00012|rconn|WARN|dp9<->tcp:127.0.0.1:6633: connection failed (Connection refused)
Mar 26 03:37:15|00013|rconn|INFO|dp9<->tcp:127.0.0.1:6633: waiting 4 seconds before reconnect
Mar 26 03:37:19|00014|rconn|INFO|dp9<->tcp:127.0.0.1:6633: connecting...
Mar 26 03:37:19|00015|rconn|INFO|dp9<->tcp:127.0.0.1:6633: connected
Mar 26 03:37:19|00016|ofp_util|WARN|received Nicira extension message of unknown type 8
Mar 26 03:37:19|00017|ofp_util|INFO|normalization changed ofp_match, details:
Mar 26 03:37:19|00018|ofp_util|INFO| pre: wildcards=0xffffffff  in_port=    0  dl_src=00:00:d8:ec:08:0a  dl_dst=60:73:06:08:04:00  dl_vlan=  256  dl_vlan_pcp=  0  dl_type=     0  nw_tos=0x80  nw_proto=0xff  nw_src=         0  nw_dst=0x70eb080a  tp_src=65535  tp_dst=65535
Mar 26 03:37:19|00019|ofp_util|INFO|post: wildcards= 0x23fffff  in_port=    0  dl_src=00:00:00:00:00:00  dl_dst=00:00:00:00:00:00  dl_vlan=  256  dl_vlan_pcp=  0  dl_type=     0  nw_tos=   0  nw_proto=   0  nw_src=         0  nw_dst=         0  tp_src=    0  tp_dst=    0
Mar 26 03:37:24|00020|ofp_util|INFO|normalization changed ofp_match, details:
Mar 26 03:37:24|00021|ofp_util|INFO| pre: wildcards=  0x200030  in_port=    5  dl_src=00:00:00:00:00:11  dl_dst=00:00:00:00:00:1d  dl_vlan=65535  dl_vlan_pcp=  0  dl_type=     0  nw_tos=   0  nw_proto=   0  nw_src= 0xa000011  nw_dst= 0xa00001d  tp_src= 1234  tp_dst=43258
Mar 26 03:37:24|00022|ofp_util|INFO|post: wildcards=  0x2ffff0  in_port=    5  dl_src=00:00:00:00:00:11  dl_dst=00:00:00:00:00:1d  dl_vlan=65535  dl_vlan_pcp=  0  dl_type=     0  nw_tos=   0  nw_proto=   0  nw_src=         0  nw_dst=         0  tp_src=    0  tp_dst=    0
Mar 26 03:37:24|00023|ofp_util|INFO|normalization changed ofp_match, details:
Mar 26 03:37:24|00024|ofp_util|INFO| pre: wildcards=  0x200030  in_port=    5  dl_src=00:00:00:00:00:11  dl_dst=00:00:00:00:00:1d  dl_vlan=65535  dl_vlan_pcp=  0  dl_type=     0  nw_tos=   0  nw_proto=   0  nw_src= 0xa000011  nw_dst= 0xa00001d  tp_src= 1234  tp_dst=43258
Mar 26 03:37:24|00025|ofp_util|INFO|post: wildcards=  0x2ffff0  in_port=    5  dl_src=00:00:00:00:00:11  dl_dst=00:00:00:00:00:1d  dl_vlan=65535  dl_vlan_pcp=  0  dl_type=     0  nw_tos=   0  nw_proto=   0  nw_src=         0  nw_dst=         0  tp_src=    0  tp_dst=    0
Mar 26 03:37:24|00026|ofp_util|INFO|normalization changed ofp_match, details:
Mar 26 03:37:24|00027|ofp_util|INFO| pre: wildcards=  0x200030  in_port=    6  dl_src=00:00:00:00:00:12  dl_dst=00:00:00:00:00:1e  dl_vlan=65535  dl_vlan_pcp=  0  dl_type=     0  nw_tos=   0  nw_proto=   0  nw_src= 0xa000012  nw_dst= 0xa00001e  tp_src= 1234  tp_dst=40024
Mar 26 03:37:24|00028|ofp_util|INFO|post: wildcards=  0x2ffff0  in_port=    6  dl_src=00:00:00:00:00:12  dl_dst=00:00:00:00:00:1e  dl_vlan=65535  dl_vlan_pcp=  0  dl_type=     0  nw_tos=   0  nw_proto=   0  nw_src=         0  nw_dst=         0  tp_src=    0  tp_dst=    0
Mar 26 03:38:47|00029|ofp_util|INFO|Dropped 11 log messages in last 83 seconds due to excessive rate
Mar 26 03:38:47|00030|ofp_util|INFO|normalization changed ofp_match, details:
Mar 26 03:38:47|00031|ofp_util|INFO| pre: wildcards=  0x200030  in_port=    8  dl_src=00:00:00:00:00:14  dl_dst=00:00:00:00:00:1d  dl_vlan=65535  dl_vlan_pcp=  0  dl_type=     0  nw_tos=   0  nw_proto=   0  nw_src= 0xa000014  nw_dst= 0xa00001d  tp_src= 1237  tp_dst=59928
Mar 26 03:38:47|00032|ofp_util|INFO|post: wildcards=  0x2ffff0  in_port=    8  dl_src=00:00:00:00:00:14  dl_dst=00:00:00:00:00:1d  dl_vlan=65535  dl_vlan_pcp=  0  dl_type=     0  nw_tos=   0  nw_proto=   0  nw_src=         0  nw_dst=         0  tp_src=    0  tp_dst=    0
Mar 26 03:39:30|00033|ofp_util|INFO|Dropped 3 log messages in last 43 seconds due to excessive rate
Mar 26 03:39:30|00034|ofp_util|INFO|normalization changed ofp_match, details:
Mar 26 03:39:30|00035|ofp_util|INFO| pre: wildcards=  0x200030  in_port=    5  dl_src=00:00:00:00:00:11  dl_dst=00:00:00:00:00:1f  dl_vlan=65535  dl_vlan_pcp=  0  dl_type=     0  nw_tos=   0  nw_proto=   0  nw_src= 0xa000011  nw_dst= 0xa00001f  tp_src= 1235  tp_dst=59720
Mar 26 03:39:30|00036|ofp_util|INFO|post: wildcards=  0x2ffff0  in_port=    5  dl_src=00:00:00:00:00:11  dl_dst=00:00:00:00:00:1f  dl_vlan=65535  dl_vlan_pcp=  0  dl_type=     0  nw_tos=   0  nw_proto=   0  nw_src=         0  nw_dst=         0  tp_src=    0  tp_dst=    0
Mar 26 03:40:21|00037|ofp_util|INFO|Dropped 3 log messages in last 50 seconds due to excessive rate
Mar 26 03:40:21|00038|ofp_util|INFO|normalization changed ofp_match, details:
Mar 26 03:40:21|00039|ofp_util|INFO| pre: wildcards=  0x200030  in_port=    8  dl_src=00:00:00:00:00:14  dl_dst=00:00:00:00:00:1d  dl_vlan=65535  dl_vlan_pcp=  0  dl_type=     0  nw_tos=   0  nw_proto=   0  nw_src= 0xa000014  nw_dst= 0xa00001d  tp_src= 1239  tp_dst=39637
Mar 26 03:40:21|00040|ofp_util|INFO|post: wildcards=  0x2ffff0  in_port=    8  dl_src=00:00:00:00:00:14  dl_dst=00:00:00:00:00:1d  dl_vlan=65535  dl_vlan_pcp=  0  dl_type=     0  nw_tos=   0  nw_proto=   0  nw_src=         0  nw_dst=         0  tp_src=    0  tp_dst=    0
Mar 26 03:41:27|00041|ofp_util|INFO|Dropped 23 log messages in last 67 seconds due to excessive rate
Mar 26 03:41:27|00042|ofp_util|INFO|normalization changed ofp_match, details:
Mar 26 03:41:27|00043|ofp_util|INFO| pre: wildcards=  0x200030  in_port=    7  dl_src=00:00:00:00:00:13  dl_dst=00:00:00:00:00:1d  dl_vlan=65535  dl_vlan_pcp=  0  dl_type=     0  nw_tos=   0  nw_proto=   0  nw_src= 0xa000013  nw_dst= 0xa00001d  tp_src= 1240  tp_dst=49687
Mar 26 03:41:27|00044|ofp_util|INFO|post: wildcards=  0x2ffff0  in_port=    7  dl_src=00:00:00:00:00:13  dl_dst=00:00:00:00:00:1d  dl_vlan=65535  dl_vlan_pcp=  0  dl_type=     0  nw_tos=   0  nw_proto=   0  nw_src=         0  nw_dst=         0  tp_src=    0  tp_dst=    0
Mar 26 03:42:33|00045|ofp_util|INFO|Dropped 11 log messages in last 66 seconds due to excessive rate
Mar 26 03:42:33|00046|ofp_util|INFO|normalization changed ofp_match, details:
Mar 26 03:42:33|00047|ofp_util|INFO| pre: wildcards=  0x200030  in_port=    8  dl_src=00:00:00:00:00:14  dl_dst=00:00:00:00:00:1e  dl_vlan=65535  dl_vlan_pcp=  0  dl_type=     0  nw_tos=   0  nw_proto=   0  nw_src= 0xa000014  nw_dst= 0xa00001e  tp_src= 1242  tp_dst=45192
Mar 26 03:42:33|00048|ofp_util|INFO|post: wildcards=  0x2ffff0  in_port=    8  dl_src=00:00:00:00:00:14  dl_dst=00:00:00:00:00:1e  dl_vlan=65535  dl_vlan_pcp=  0  dl_type=     0  nw_tos=   0  nw_proto=   0  nw_src=         0  nw_dst=         0  tp_src=    0  tp_dst=    0
Mar 26 03:43:33|00049|ofp_util|INFO|Dropped 15 log messages in last 60 seconds due to excessive rate
Mar 26 03:43:33|00050|ofp_util|INFO|normalization changed ofp_match, details:
Mar 26 03:43:33|00051|ofp_util|INFO| pre: wildcards=  0x200030  in_port=    6  dl_src=00:00:00:00:00:12  dl_dst=00:00:00:00:00:1e  dl_vlan=65535  dl_vlan_pcp=  0  dl_type=     0  nw_tos=   0  nw_proto=   0  nw_src= 0xa000012  nw_dst= 0xa00001e  tp_src= 1240  tp_dst=51095
Mar 26 03:43:33|00052|ofp_util|INFO|post: wildcards=  0x2ffff0  in_port=    6  dl_src=00:00:00:00:00:12  dl_dst=00:00:00:00:00:1e  dl_vlan=65535  dl_vlan_pcp=  0  dl_type=     0  nw_tos=   0  nw_proto=   0  nw_src=         0  nw_dst=         0  tp_src=    0  tp_dst=    0
Mar 26 03:44:23|00053|ofp_util|INFO|Dropped 12 log messages in last 50 seconds due to excessive rate
Mar 26 03:44:23|00054|ofp_util|INFO|normalization changed ofp_match, details:
Mar 26 03:44:23|00055|ofp_util|INFO| pre: wildcards=  0x200030  in_port=    6  dl_src=00:00:00:00:00:12  dl_dst=00:00:00:00:00:20  dl_vlan=65535  dl_vlan_pcp=  0  dl_type=     0  nw_tos=   0  nw_proto=   0  nw_src= 0xa000012  nw_dst= 0xa000020  tp_src= 1243  tp_dst=58336
Mar 26 03:44:23|00056|ofp_util|INFO|post: wildcards=  0x2ffff0  in_port=    6  dl_src=00:00:00:00:00:12  dl_dst=00:00:00:00:00:20  dl_vlan=65535  dl_vlan_pcp=  0  dl_type=     0  nw_tos=   0  nw_proto=   0  nw_src=         0  nw_dst=         0  tp_src=    0  tp_dst=    0
Mar 26 03:45:19|00057|ofp_util|INFO|Dropped 9 log messages in last 56 seconds due to excessive rate
Mar 26 03:45:19|00058|ofp_util|INFO|normalization changed ofp_match, details:
Mar 26 03:45:19|00059|ofp_util|INFO| pre: wildcards=  0x200030  in_port=    6  dl_src=00:00:00:00:00:12  dl_dst=00:00:00:00:00:20  dl_vlan=65535  dl_vlan_pcp=  0  dl_type=     0  nw_tos=   0  nw_proto=   0  nw_src= 0xa000012  nw_dst= 0xa000020  tp_src= 1244  tp_dst=45645
Mar 26 03:45:19|00060|ofp_util|INFO|post: wildcards=  0x2ffff0  in_port=    6  dl_src=00:00:00:00:00:12  dl_dst=00:00:00:00:00:20  dl_vlan=65535  dl_vlan_pcp=  0  dl_type=     0  nw_tos=   0  nw_proto=   0  nw_src=         0  nw_dst=         0  tp_src=    0  tp_dst=    0
Mar 26 03:46:25|00061|ofp_util|INFO|Dropped 17 log messages in last 66 seconds due to excessive rate
Mar 26 03:46:25|00062|ofp_util|INFO|normalization changed ofp_match, details:
Mar 26 03:46:25|00063|ofp_util|INFO| pre: wildcards=  0x200030  in_port=    8  dl_src=00:00:00:00:00:14  dl_dst=00:00:00:00:00:1e  dl_vlan=65535  dl_vlan_pcp=  0  dl_type=     0  nw_tos=   0  nw_proto=   0  nw_src= 0xa000014  nw_dst= 0xa00001e  tp_src= 1254  tp_dst=32837
Mar 26 03:46:25|00064|ofp_util|INFO|post: wildcards=  0x2ffff0  in_port=    8  dl_src=00:00:00:00:00:14  dl_dst=00:00:00:00:00:1e  dl_vlan=65535  dl_vlan_pcp=  0  dl_type=     0  nw_tos=   0  nw_proto=   0  nw_src=         0  nw_dst=         0  tp_src=    0  tp_dst=    0
Mar 26 03:47:19|00065|ofp_util|INFO|Dropped 12 log messages in last 54 seconds due to excessive rate
Mar 26 03:47:19|00066|ofp_util|INFO|normalization changed ofp_match, details:
Mar 26 03:47:19|00067|ofp_util|INFO| pre: wildcards=  0x200030  in_port=    5  dl_src=00:00:00:00:00:11  dl_dst=00:00:00:00:00:1d  dl_vlan=65535  dl_vlan_pcp=  0  dl_type=     0  nw_tos=   0  nw_proto=   0  nw_src= 0xa000011  nw_dst= 0xa00001d  tp_src= 1247  tp_dst=55681
Mar 26 03:47:19|00068|ofp_util|INFO|post: wildcards=  0x2ffff0  in_port=    5  dl_src=00:00:00:00:00:11  dl_dst=00:00:00:00:00:1d  dl_vlan=65535  dl_vlan_pcp=  0  dl_type=     0  nw_tos=   0  nw_proto=   0  nw_src=         0  nw_dst=         0  tp_src=    0  tp_dst=    0
Mar 26 03:48:22|00069|ofp_util|INFO|Dropped 18 log messages in last 62 seconds due to excessive rate
Mar 26 03:48:22|00070|ofp_util|INFO|normalization changed ofp_match, details:
Mar 26 03:48:22|00071|ofp_util|INFO| pre: wildcards=  0x200030  in_port=    6  dl_src=00:00:00:00:00:12  dl_dst=00:00:00:00:00:1e  dl_vlan=65535  dl_vlan_pcp=  0  dl_type=     0  nw_tos=   0  nw_proto=   0  nw_src= 0xa000012  nw_dst= 0xa00001e  tp_src= 1250  tp_dst=34616
Mar 26 03:48:22|00072|ofp_util|INFO|post: wildcards=  0x2ffff0  in_port=    6  dl_src=00:00:00:00:00:12  dl_dst=00:00:00:00:00:1e  dl_vlan=65535  dl_vlan_pcp=  0  dl_type=     0  nw_tos=   0  nw_proto=   0  nw_src=         0  nw_dst=         0  tp_src=    0  tp_dst=    0
Mar 26 03:49:24|00073|ofp_util|INFO|Dropped 19 log messages in last 62 seconds due to excessive rate
Mar 26 03:49:24|00074|ofp_util|INFO|normalization changed ofp_match, details:
Mar 26 03:49:24|00075|ofp_util|INFO| pre: wildcards=  0x200030  in_port=    7  dl_src=00:00:00:00:00:13  dl_dst=00:00:00:00:00:1e  dl_vlan=65535  dl_vlan_pcp=  0  dl_type=     0  nw_tos=   0  nw_proto=   0  nw_src= 0xa000013  nw_dst= 0xa00001e  tp_src= 1253  tp_dst=41124
Mar 26 03:49:24|00076|ofp_util|INFO|post: wildcards=  0x2ffff0  in_port=    7  dl_src=00:00:00:00:00:13  dl_dst=00:00:00:00:00:1e  dl_vlan=65535  dl_vlan_pcp=  0  dl_type=     0  nw_tos=   0  nw_proto=   0  nw_src=         0  nw_dst=         0  tp_src=    0  tp_dst=    0
Mar 26 03:50:33|00077|ofp_util|INFO|Dropped 27 log messages in last 70 seconds due to excessive rate
Mar 26 03:50:33|00078|ofp_util|INFO|normalization changed ofp_match, details:
Mar 26 03:50:33|00079|ofp_util|INFO| pre: wildcards=  0x200030  in_port=    7  dl_src=00:00:00:00:00:13  dl_dst=00:00:00:00:00:1e  dl_vlan=65535  dl_vlan_pcp=  0  dl_type=     0  nw_tos=   0  nw_proto=   0  nw_src= 0xa000013  nw_dst= 0xa00001e  tp_src= 1259  tp_dst=46020
Mar 26 03:50:33|00080|ofp_util|INFO|post: wildcards=  0x2ffff0  in_port=    7  dl_src=00:00:00:00:00:13  dl_dst=00:00:00:00:00:1e  dl_vlan=65535  dl_vlan_pcp=  0  dl_type=     0  nw_tos=   0  nw_proto=   0  nw_src=         0  nw_dst=         0  tp_src=    0  tp_dst=    0
Mar 26 03:51:19|00081|ofp_util|INFO|Dropped 12 log messages in last 38 seconds due to excessive rate
Mar 26 03:51:19|00082|ofp_util|INFO|normalization changed ofp_match, details:
Mar 26 03:51:19|00083|ofp_util|INFO| pre: wildcards=  0x200030  in_port=    6  dl_src=00:00:00:00:00:12  dl_dst=00:00:00:00:00:1d  dl_vlan=65535  dl_vlan_pcp=  0  dl_type=     0  nw_tos=   0  nw_proto=   0  nw_src= 0xa000012  nw_dst= 0xa00001d  tp_src= 1257  tp_dst=34315
Mar 26 03:51:19|00084|ofp_util|INFO|post: wildcards=  0x2ffff0  in_port=    6  dl_src=00:00:00:00:00:12  dl_dst=00:00:00:00:00:1d  dl_vlan=65535  dl_vlan_pcp=  0  dl_type=     0  nw_tos=   0  nw_proto=   0  nw_src=         0  nw_dst=         0  tp_src=    0  tp_dst=    0
Mar 26 03:52:30|00085|ofp_util|INFO|Dropped 15 log messages in last 71 seconds due to excessive rate
Mar 26 03:52:30|00086|ofp_util|INFO|normalization changed ofp_match, details:
Mar 26 03:52:30|00087|ofp_util|INFO| pre: wildcards=  0x200030  in_port=    8  dl_src=00:00:00:00:00:14  dl_dst=00:00:00:00:00:1e  dl_vlan=65535  dl_vlan_pcp=  0  dl_type=     0  nw_tos=   0  nw_proto=   0  nw_src= 0xa000014  nw_dst= 0xa00001e  tp_src= 1266  tp_dst=51879
Mar 26 03:52:30|00088|ofp_util|INFO|post: wildcards=  0x2ffff0  in_port=    8  dl_src=00:00:00:00:00:14  dl_dst=00:00:00:00:00:1e  dl_vlan=65535  dl_vlan_pcp=  0  dl_type=     0  nw_tos=   0  nw_proto=   0  nw_src=         0  nw_dst=         0  tp_src=    0  tp_dst=    0
Mar 26 03:53:23|00089|ofp_util|INFO|Dropped 19 log messages in last 53 seconds due to excessive rate
Mar 26 03:53:23|00090|ofp_util|INFO|normalization changed ofp_match, details:
Mar 26 03:53:23|00091|ofp_util|INFO| pre: wildcards=  0x200030  in_port=    5  dl_src=00:00:00:00:00:11  dl_dst=00:00:00:00:00:1d  dl_vlan=65535  dl_vlan_pcp=  0  dl_type=     0  nw_tos=   0  nw_proto=   0  nw_src= 0xa000011  nw_dst= 0xa00001d  tp_src= 1261  tp_dst=44119
Mar 26 03:53:23|00092|ofp_util|INFO|post: wildcards=  0x2ffff0  in_port=    5  dl_src=00:00:00:00:00:11  dl_dst=00:00:00:00:00:1d  dl_vlan=65535  dl_vlan_pcp=  0  dl_type=     0  nw_tos=   0  nw_proto=   0  nw_src=         0  nw_dst=         0  tp_src=    0  tp_dst=    0
Mar 26 03:54:19|00093|ofp_util|INFO|Dropped 13 log messages in last 56 seconds due to excessive rate
Mar 26 03:54:19|00094|ofp_util|INFO|normalization changed ofp_match, details:
Mar 26 03:54:19|00095|ofp_util|INFO| pre: wildcards=  0x200030  in_port=    5  dl_src=00:00:00:00:00:11  dl_dst=00:00:00:00:00:1d  dl_vlan=65535  dl_vlan_pcp=  0  dl_type=     0  nw_tos=   0  nw_proto=   0  nw_src= 0xa000011  nw_dst= 0xa00001d  tp_src= 1263  tp_dst=51564
Mar 26 03:54:19|00096|ofp_util|INFO|post: wildcards=  0x2ffff0  in_port=    5  dl_src=00:00:00:00:00:11  dl_dst=00:00:00:00:00:1d  dl_vlan=65535  dl_vlan_pcp=  0  dl_type=     0  nw_tos=   0  nw_proto=   0  nw_src=         0  nw_dst=         0  tp_src=    0  tp_dst=    0
Mar 26 03:55:19|00097|ofp_util|INFO|Dropped 24 log messages in last 60 seconds due to excessive rate
Mar 26 03:55:19|00098|ofp_util|INFO|normalization changed ofp_match, details:
Mar 26 03:55:19|00099|ofp_util|INFO| pre: wildcards=  0x200030  in_port=    6  dl_src=00:00:00:00:00:12  dl_dst=00:00:00:00:00:20  dl_vlan=65535  dl_vlan_pcp=  0  dl_type=     0  nw_tos=   0  nw_proto=   0  nw_src= 0xa000012  nw_dst= 0xa000020  tp_src= 1266  tp_dst=40176
Mar 26 03:55:19|00100|ofp_util|INFO|post: wildcards=  0x2ffff0  in_port=    6  dl_src=00:00:00:00:00:12  dl_dst=00:00:00:00:00:20  dl_vlan=65535  dl_vlan_pcp=  0  dl_type=     0  nw_tos=   0  nw_proto=   0  nw_src=         0  nw_dst=         0  tp_src=    0  tp_dst=    0
Mar 26 03:56:19|00101|ofp_util|INFO|Dropped 16 log messages in last 60 seconds due to excessive rate
Mar 26 03:56:19|00102|ofp_util|INFO|normalization changed ofp_match, details:
Mar 26 03:56:19|00103|ofp_util|INFO| pre: wildcards=  0x200030  in_port=    8  dl_src=00:00:00:00:00:14  dl_dst=00:00:00:00:00:1f  dl_vlan=65535  dl_vlan_pcp=  0  dl_type=     0  nw_tos=   0  nw_proto=   0  nw_src= 0xa000014  nw_dst= 0xa00001f  tp_src= 1276  tp_dst=43046
Mar 26 03:56:19|00104|ofp_util|INFO|post: wildcards=  0x2ffff0  in_port=    8  dl_src=00:00:00:00:00:14  dl_dst=00:00:00:00:00:1f  dl_vlan=65535  dl_vlan_pcp=  0  dl_type=     0  nw_tos=   0  nw_proto=   0  nw_src=         0  nw_dst=         0  tp_src=    0  tp_dst=    0
Mar 26 03:57:24|00105|ofp_util|INFO|Dropped 19 log messages in last 65 seconds due to excessive rate
Mar 26 03:57:24|00106|ofp_util|INFO|normalization changed ofp_match, details:
Mar 26 03:57:24|00107|ofp_util|INFO| pre: wildcards=  0x200030  in_port=    6  dl_src=00:00:00:00:00:12  dl_dst=00:00:00:00:00:1f  dl_vlan=65535  dl_vlan_pcp=  0  dl_type=     0  nw_tos=   0  nw_proto=   0  nw_src= 0xa000012  nw_dst= 0xa00001f  tp_src= 1269  tp_dst=47172
Mar 26 03:57:24|00108|ofp_util|INFO|post: wildcards=  0x2ffff0  in_port=    6  dl_src=00:00:00:00:00:12  dl_dst=00:00:00:00:00:1f  dl_vlan=65535  dl_vlan_pcp=  0  dl_type=     0  nw_tos=   0  nw_proto=   0  nw_src=         0  nw_dst=         0  tp_src=    0  tp_dst=    0
Mar 26 03:58:40|00109|ofp_util|INFO|Dropped 15 log messages in last 76 seconds due to excessive rate
Mar 26 03:58:40|00110|ofp_util|INFO|normalization changed ofp_match, details:
Mar 26 03:58:40|00111|ofp_util|INFO| pre: wildcards=  0x200030  in_port=    7  dl_src=00:00:00:00:00:13  dl_dst=00:00:00:00:00:1f  dl_vlan=65535  dl_vlan_pcp=  0  dl_type=     0  nw_tos=   0  nw_proto=   0  nw_src= 0xa000013  nw_dst= 0xa00001f  tp_src= 1272  tp_dst=40221
Mar 26 03:58:40|00112|ofp_util|INFO|post: wildcards=  0x2ffff0  in_port=    7  dl_src=00:00:00:00:00:13  dl_dst=00:00:00:00:00:1f  dl_vlan=65535  dl_vlan_pcp=  0  dl_type=     0  nw_tos=   0  nw_proto=   0  nw_src=         0  nw_dst=         0  tp_src=    0  tp_dst=    0
Mar 26 03:59:28|00113|ofp_util|INFO|Dropped 15 log messages in last 48 seconds due to excessive rate
Mar 26 03:59:28|00114|ofp_util|INFO|normalization changed ofp_match, details:
Mar 26 03:59:28|00115|ofp_util|INFO| pre: wildcards=  0x200030  in_port=    5  dl_src=00:00:00:00:00:11  dl_dst=00:00:00:00:00:20  dl_vlan=65535  dl_vlan_pcp=  0  dl_type=     0  nw_tos=   0  nw_proto=   0  nw_src= 0xa000011  nw_dst= 0xa000020  tp_src= 1280  tp_dst=55770
Mar 26 03:59:28|00116|ofp_util|INFO|post: wildcards=  0x2ffff0  in_port=    5  dl_src=00:00:00:00:00:11  dl_dst=00:00:00:00:00:20  dl_vlan=65535  dl_vlan_pcp=  0  dl_type=     0  nw_tos=   0  nw_proto=   0  nw_src=         0  nw_dst=         0  tp_src=    0  tp_dst=    0
Mar 26 04:00:22|00117|ofp_util|INFO|Dropped 9 log messages in last 54 seconds due to excessive rate
Mar 26 04:00:22|00118|ofp_util|INFO|normalization changed ofp_match, details:
Mar 26 04:00:22|00119|ofp_util|INFO| pre: wildcards=  0x200030  in_port=    7  dl_src=00:00:00:00:00:13  dl_dst=00:00:00:00:00:20  dl_vlan=65535  dl_vlan_pcp=  0  dl_type=     0  nw_tos=   0  nw_proto=   0  nw_src= 0xa000013  nw_dst= 0xa000020  tp_src= 1275  tp_dst=51162
Mar 26 04:00:22|00120|ofp_util|INFO|post: wildcards=  0x2ffff0  in_port=    7  dl_src=00:00:00:00:00:13  dl_dst=00:00:00:00:00:20  dl_vlan=65535  dl_vlan_pcp=  0  dl_type=     0  nw_tos=   0  nw_proto=   0  nw_src=         0  nw_dst=         0  tp_src=    0  tp_dst=    0
Mar 26 04:01:22|00121|ofp_util|INFO|Dropped 15 log messages in last 60 seconds due to excessive rate
Mar 26 04:01:22|00122|ofp_util|INFO|normalization changed ofp_match, details:
Mar 26 04:01:22|00123|ofp_util|INFO| pre: wildcards=  0x200030  in_port=    5  dl_src=00:00:00:00:00:11  dl_dst=00:00:00:00:00:1d  dl_vlan=65535  dl_vlan_pcp=  0  dl_type=     0  nw_tos=   0  nw_proto=   0  nw_src= 0xa000011  nw_dst= 0xa00001d  tp_src= 1286  tp_dst=60639
Mar 26 04:01:22|00124|ofp_util|INFO|post: wildcards=  0x2ffff0  in_port=    5  dl_src=00:00:00:00:00:11  dl_dst=00:00:00:00:00:1d  dl_vlan=65535  dl_vlan_pcp=  0  dl_type=     0  nw_tos=   0  nw_proto=   0  nw_src=         0  nw_dst=         0  tp_src=    0  tp_dst=    0
Mar 26 04:02:31|00125|ofp_util|INFO|Dropped 24 log messages in last 69 seconds due to excessive rate
Mar 26 04:02:31|00126|ofp_util|INFO|normalization changed ofp_match, details:
Mar 26 04:02:31|00127|ofp_util|INFO| pre: wildcards=  0x200030  in_port=    6  dl_src=00:00:00:00:00:12  dl_dst=00:00:00:00:00:1d  dl_vlan=65535  dl_vlan_pcp=  0  dl_type=     0  nw_tos=   0  nw_proto=   0  nw_src= 0xa000012  nw_dst= 0xa00001d  tp_src= 1279  tp_dst=40306
Mar 26 04:02:31|00128|ofp_util|INFO|post: wildcards=  0x2ffff0  in_port=    6  dl_src=00:00:00:00:00:12  dl_dst=00:00:00:00:00:1d  dl_vlan=65535  dl_vlan_pcp=  0  dl_type=     0  nw_tos=   0  nw_proto=   0  nw_src=         0  nw_dst=         0  tp_src=    0  tp_dst=    0
Mar 26 04:03:22|00129|ofp_util|INFO|Dropped 13 log messages in last 51 seconds due to excessive rate
Mar 26 04:03:22|00130|ofp_util|INFO|normalization changed ofp_match, details:
Mar 26 04:03:22|00131|ofp_util|INFO| pre: wildcards=  0x200030  in_port=    5  dl_src=00:00:00:00:00:11  dl_dst=00:00:00:00:00:1d  dl_vlan=65535  dl_vlan_pcp=  0  dl_type=     0  nw_tos=   0  nw_proto=   0  nw_src= 0xa000011  nw_dst= 0xa00001d  tp_src= 1291  tp_dst=37603
Mar 26 04:03:22|00132|ofp_util|INFO|post: wildcards=  0x2ffff0  in_port=    5  dl_src=00:00:00:00:00:11  dl_dst=00:00:00:00:00:1d  dl_vlan=65535  dl_vlan_pcp=  0  dl_type=     0  nw_tos=   0  nw_proto=   0  nw_src=         0  nw_dst=         0  tp_src=    0  tp_dst=    0
Mar 26 04:04:20|00133|ofp_util|INFO|Dropped 16 log messages in last 57 seconds due to excessive rate
Mar 26 04:04:20|00134|ofp_util|INFO|normalization changed ofp_match, details:
Mar 26 04:04:20|00135|ofp_util|INFO| pre: wildcards=  0x200030  in_port=    5  dl_src=00:00:00:00:00:11  dl_dst=00:00:00:00:00:1e  dl_vlan=65535  dl_vlan_pcp=  0  dl_type=     0  nw_tos=   0  nw_proto=   0  nw_src= 0xa000011  nw_dst= 0xa00001e  tp_src= 1294  tp_dst=56067
Mar 26 04:04:20|00136|ofp_util|INFO|post: wildcards=  0x2ffff0  in_port=    5  dl_src=00:00:00:00:00:11  dl_dst=00:00:00:00:00:1e  dl_vlan=65535  dl_vlan_pcp=  0  dl_type=     0  nw_tos=   0  nw_proto=   0  nw_src=         0  nw_dst=         0  tp_src=    0  tp_dst=    0
Mar 26 04:05:42|00137|ofp_util|INFO|Dropped 18 log messages in last 83 seconds due to excessive rate
Mar 26 04:05:42|00138|ofp_util|INFO|normalization changed ofp_match, details:
Mar 26 04:05:42|00139|ofp_util|INFO| pre: wildcards=  0x200030  in_port=    6  dl_src=00:00:00:00:00:12  dl_dst=00:00:00:00:00:20  dl_vlan=65535  dl_vlan_pcp=  0  dl_type=     0  nw_tos=   0  nw_proto=   0  nw_src= 0xa000012  nw_dst= 0xa000020  tp_src= 1286  tp_dst=49992
Mar 26 04:05:42|00140|ofp_util|INFO|post: wildcards=  0x2ffff0  in_port=    6  dl_src=00:00:00:00:00:12  dl_dst=00:00:00:00:00:20  dl_vlan=65535  dl_vlan_pcp=  0  dl_type=     0  nw_tos=   0  nw_proto=   0  nw_src=         0  nw_dst=         0  tp_src=    0  tp_dst=    0
Mar 26 04:06:27|00141|ofp_util|INFO|Dropped 8 log messages in last 44 seconds due to excessive rate
Mar 26 04:06:27|00142|ofp_util|INFO|normalization changed ofp_match, details:
Mar 26 04:06:27|00143|ofp_util|INFO| pre: wildcards=  0x200030  in_port=    7  dl_src=00:00:00:00:00:13  dl_dst=00:00:00:00:00:1d  dl_vlan=65535  dl_vlan_pcp=  0  dl_type=     0  nw_tos=   0  nw_proto=   0  nw_src= 0xa000013  nw_dst= 0xa00001d  tp_src= 1283  tp_dst=44040
Mar 26 04:06:27|00144|ofp_util|INFO|post: wildcards=  0x2ffff0  in_port=    7  dl_src=00:00:00:00:00:13  dl_dst=00:00:00:00:00:1d  dl_vlan=65535  dl_vlan_pcp=  0  dl_type=     0  nw_tos=   0  nw_proto=   0  nw_src=         0  nw_dst=         0  tp_src=    0  tp_dst=    0
Mar 26 04:07:37|00145|ofp_util|INFO|Dropped 17 log messages in last 71 seconds due to excessive rate
Mar 26 04:07:37|00146|ofp_util|INFO|normalization changed ofp_match, details:
Mar 26 04:07:37|00147|ofp_util|INFO| pre: wildcards=  0x200030  in_port=    7  dl_src=00:00:00:00:00:13  dl_dst=00:00:00:00:00:1d  dl_vlan=65535  dl_vlan_pcp=  0  dl_type=     0  nw_tos=   0  nw_proto=   0  nw_src= 0xa000013  nw_dst= 0xa00001d  tp_src= 1287  tp_dst=37342
Mar 26 04:07:37|00148|ofp_util|INFO|post: wildcards=  0x2ffff0  in_port=    7  dl_src=00:00:00:00:00:13  dl_dst=00:00:00:00:00:1d  dl_vlan=65535  dl_vlan_pcp=  0  dl_type=     0  nw_tos=   0  nw_proto=   0  nw_src=         0  nw_dst=         0  tp_src=    0  tp_dst=    0
Mar 26 04:07:51|00149|rconn|INFO|dp9<->tcp:127.0.0.1:6633: connection closed by peer
Mar 26 04:07:51|00150|netdev_linux|WARN|ethtool command ETHTOOL_GSET on network device s10-eth8 failed: No such device
Mar 26 04:07:51|00151|timeval|WARN|69 ms poll interval (0 ms user, 0 ms system) is over 110 times the weighted mean interval 1 ms (9018 samples)
Mar 26 04:07:51|00152|timeval|WARN|context switches: 2 voluntary, 0 involuntary
Mar 26 04:07:51|00153|coverage|INFO|Event coverage (epoch 9018/entire run), hash=1594cbd2:
Mar 26 04:07:51|00154|coverage|INFO|ofproto_update_port          1 /         9
Mar 26 04:07:51|00155|coverage|INFO|hmap_expand                  2 /        28
Mar 26 04:07:51|00156|coverage|INFO|poll_fd_wait                 7 /     85299
Mar 26 04:07:51|00157|coverage|INFO|poll_zero_timeout            1 /         3
Mar 26 04:07:51|00158|coverage|INFO|util_xalloc                151 /    203749
Mar 26 04:07:51|00159|coverage|INFO|netdev_get_hwaddr            1 /        18
Mar 26 04:07:51|00160|coverage|INFO|netdev_ethtool               1 /        27
Mar 26 04:07:51|00161|coverage|INFO|netlink_received            44 /       146
Mar 26 04:07:51|00162|coverage|INFO|rtnetlink_changed           44 /       146
Mar 26 04:07:51|00163|coverage|INFO|facet_changed_rule           0 /        13
Mar 26 04:07:51|00164|coverage|INFO|facet_revalidate             0 /      5775
Mar 26 04:07:51|00165|coverage|INFO|ofproto_del_rule             0 /       211
Mar 26 04:07:51|00166|coverage|INFO|ofproto_error                0 /         1
Mar 26 04:07:51|00167|coverage|INFO|ofproto_expiration           0 /      1837
Mar 26 04:07:51|00168|coverage|INFO|ofproto_expired              0 /       211
Mar 26 04:07:51|00169|coverage|INFO|ofproto_ofp2odp              0 /      6313
Mar 26 04:07:51|00170|coverage|INFO|ofproto_packet_in            0 /        40
Mar 26 04:07:51|00171|coverage|INFO|ofproto_recv_openflow        0 /      2306
Mar 26 04:07:51|00172|coverage|INFO|dpif_flow_flush              0 /         1
Mar 26 04:07:51|00173|coverage|INFO|dpif_flow_put                0 /       610
Mar 26 04:07:51|00174|coverage|INFO|dpif_flow_del                0 /       538
Mar 26 04:07:51|00175|coverage|INFO|dpif_flow_query_list         0 /      1837
Mar 26 04:07:51|00176|coverage|INFO|dpif_flow_query_list_n       0 /     10534
Mar 26 04:07:51|00177|coverage|INFO|dpif_execute                 0 /       602
Mar 26 04:07:51|00178|coverage|INFO|dpif_purge                   0 /         1
Mar 26 04:07:51|00179|coverage|INFO|flow_extract                 0 /       642
Mar 26 04:07:51|00180|coverage|INFO|hmap_pathological            0 /         2
Mar 26 04:07:51|00181|coverage|INFO|netdev_get_stats             0 /      9603
Mar 26 04:07:51|00182|coverage|INFO|rconn_overflow               0 /        32
Mar 26 04:07:51|00183|coverage|INFO|rconn_queued                 0 /      1559
Mar 26 04:07:51|00184|coverage|INFO|rconn_sent                   0 /      1559
Mar 26 04:07:51|00185|coverage|INFO|vconn_open                   0 /         4
Mar 26 04:07:51|00186|coverage|INFO|vconn_received               0 /      3374
Mar 26 04:07:51|00187|coverage|INFO|vconn_sent                   0 /      2627
Mar 26 04:07:51|00188|coverage|INFO|pstream_open                 0 /         1
Mar 26 04:07:51|00189|coverage|INFO|stream_open                  0 /         4
Mar 26 04:07:51|00190|coverage|INFO|49 events never hit
Mar 26 04:07:52|00191|rconn|INFO|dp9<->tcp:127.0.0.1:6633: connecting...
Mar 26 04:07:52|00192|rconn|WARN|dp9<->tcp:127.0.0.1:6633: connection failed (Connection refused)
Mar 26 04:07:52|00193|rconn|INFO|dp9<->tcp:127.0.0.1:6633: waiting 2 seconds before reconnect
Mar 26 04:07:54|00194|rconn|INFO|dp9<->tcp:127.0.0.1:6633: connecting...
Mar 26 04:07:54|00195|rconn|WARN|dp9<->tcp:127.0.0.1:6633: connection failed (Connection refused)
Mar 26 04:07:54|00196|rconn|INFO|dp9<->tcp:127.0.0.1:6633: waiting 4 seconds before reconnect
Mar 26 04:07:57|00197|netdev_linux|WARN|ethtool command ETHTOOL_GSET on network device s10-eth1 failed: No such device
Mar 26 04:07:58|00198|rconn|INFO|dp9<->tcp:127.0.0.1:6633: connecting...
Mar 26 04:07:58|00199|rconn|WARN|dp9<->tcp:127.0.0.1:6633: connection failed (Connection refused)
Mar 26 04:07:58|00200|rconn|INFO|dp9<->tcp:127.0.0.1:6633: continuing to retry connections in the background but suppressing further logging
Mar 26 04:07:58|00201|netdev_linux|WARN|ethtool command ETHTOOL_GSET on network device s10-eth2 failed: No such device
Mar 26 04:08:00|00202|netdev_linux|WARN|ethtool command ETHTOOL_GSET on network device s10-eth3 failed: No such device
Mar 26 04:08:01|00203|netdev_linux|WARN|ethtool command ETHTOOL_GSET on network device s10-eth4 failed: No such device
Mar 26 04:08:02|00204|dpif_linux|WARN|system@dp9: read failed: No such device
Mar 26 04:08:02|00205|ofproto|ERR|system@dp9: datapath was destroyed externally
ovs-openflowd: unrecoverable datapath error (No such device)
