Starting client at 10.0.0.16:1273 with timeout:10
My IP address is 10.0.0.16Skipped Seq from 676 to 680
Skipped Seq from 683 to 686
Skipped Seq from 688 to 690
Skipped Seq from 690 to 692
Skipped Seq from 699 to 701
Skipped Seq from 704 to 706
Skipped Seq from 711 to 714
Skipped Seq from 721 to 724
Skipped Seq from 726 to 728
Skipped Seq from 732 to 735
Skipped Seq from 735 to 739
Skipped Seq from 740 to 743
Skipped Seq from 743 to 745
Skipped Seq from 746 to 751
Skipped Seq from 753 to 755
Skipped Seq from 755 to 757
Skipped Seq from 758 to 762
Skipped Seq from 771 to 774
Skipped Seq from 776 to 779
Skipped Seq from 779 to 782
Skipped Seq from 788 to 791
Skipped Seq from 797 to 802
Skipped Seq from 802 to 805
Skipped Seq from 805 to 807
Skipped Seq from 808 to 810
Skipped Seq from 811 to 813
Skipped Seq from 813 to 817
Skipped Seq from 819 to 821
Skipped Seq from 823 to 825
Skipped Seq from 827 to 832
Skipped Seq from 834 to 837
Skipped Seq from 837 to 840
Skipped Seq from 841 to 843
Skipped Seq from 847 to 849
Skipped Seq from 857 to 859
Skipped Seq from 859 to 861
Skipped Seq from 865 to 867
Skipped Seq from 867 to 870
Skipped Seq from 870 to 872
Skipped Seq from 873 to 877
Skipped Seq from 879 to 882
Skipped Seq from 882 to 889
Skipped Seq from 892 to 894
Skipped Seq from 898 to 901
Skipped Seq from 903 to 905
Skipped Seq from 905 to 907
Skipped Seq from 920 to 922
Skipped Seq from 922 to 924
Skipped Seq from 924 to 931
Skipped Seq from 933 to 935
Skipped Seq from 935 to 937
Skipped Seq from 938 to 944
Skipped Seq from 945 to 948
Skipped Seq from 949 to 951
Skipped Seq from 955 to 957
Skipped Seq from 960 to 962
Skipped Seq from 964 to 967
Skipped Seq from 967 to 970
Skipped Seq from 974 to 976
Skipped Seq from 978 to 980
Skipped Seq from 986 to 988
Skipped Seq from 989 to 991
Skipped Seq from 996 to 998
Skipped Seq from 998 to 1001
Skipped Seq from 1004 to 1006
Skipped Seq from 1008 to 1010
Skipped Seq from 1012 to 1014
Skipped Seq from 1014 to 1017
Skipped Seq from 1018 to 1024
Skipped Seq from 1032 to 1034
Skipped Seq from 1034 to 1039
Skipped Seq from 1041 to 1043
Skipped Seq from 1046 to 1048
Skipped Seq from 1048 to 1051
Skipped Seq from 1055 to 1058
Skipped Seq from 1059 to 1061
Skipped Seq from 1062 to 1065
Skipped Seq from 1065 to 1067
Skipped Seq from 1067 to 1071
Skipped Seq from 1073 to 1075
Skipped Seq from 1075 to 1078
Skipped Seq from 1080 to 1084
Skipped Seq from 1085 to 1089
Skipped Seq from 1090 to 1092
Skipped Seq from 1092 to 1095
Skipped Seq from 1095 to 1100
Skipped Seq from 1102 to 1105
Skipped Seq from 1117 to 1121
Skipped Seq from 1121 to 1125
Skipped Seq from 1127 to 1129
Skipped Seq from 1129 to 1134
Skipped Seq from 1134 to 1137
Skipped Seq from 1141 to 1143
Skipped Seq from 1147 to 1151
Skipped Seq from 1151 to 1153
Skipped Seq from 1156 to 1159
Skipped Seq from 1159 to 1161
Skipped Seq from 1163 to 1165
Skipped Seq from 1166 to 1169
Skipped Seq from 1173 to 1175
Skipped Seq from 1176 to 1178
Skipped Seq from 1181 to 1184
Skipped Seq from 1184 to 1186
Skipped Seq from 1192 to 1196
Skipped Seq from 1196 to 1200
Skipped Seq from 1201 to 1203
Skipped Seq from 1203 to 1207
Skipped Seq from 1211 to 1213
Skipped Seq from 1213 to 1216
Skipped Seq from 1219 to 1222
Skipped Seq from 1223 to 1225
Skipped Seq from 1225 to 1227
Skipped Seq from 1227 to 1232
Skipped Seq from 1232 to 1237
Skipped Seq from 1240 to 1242
Skipped Seq from 1248 to 1250
Skipped Seq from 1252 to 1254
Skipped Seq from 1255 to 1259
Skipped Seq from 1259 to 1261
Skipped Seq from 1271 to 1274
Skipped Seq from 1274 to 1276
Skipped Seq from 1282 to 1284
Skipped Seq from 1285 to 1289
Skipped Seq from 1290 to 1292
Skipped Seq from 1296 to 1299
Skipped Seq from 1300 to 1305
Skipped Seq from 1306 to 1308
Skipped Seq from 1310 to 1315
Skipped Seq from 1315 to 1318
Skipped Seq from 1320 to 1326
Skipped Seq from 1326 to 1329
Skipped Seq from 1330 to 1333
Skipped Seq from 1333 to 1336
Skipped Seq from 1336 to 1338
Skipped Seq from 1338 to 1340
Skipped Seq from 1342 to 1345
Skipped Seq from 1346 to 1349
Skipped Seq from 1350 to 1352
Skipped Seq from 1352 to 1354
Skipped Seq from 1357 to 1359
Skipped Seq from 1360 to 1362
Skipped Seq from 1368 to 1370
Skipped Seq from 1370 to 1372
Skipped Seq from 1373 to 1375
Skipped Seq from 1375 to 1377
Skipped Seq from 1378 to 1380
Skipped Seq from 1381 to 1383
Skipped Seq from 1386 to 1388
Skipped Seq from 1389 to 1391
Skipped Seq from 1392 to 1400
Skipped Seq from 1403 to 1407
Skipped Seq from 1409 to 1411
Skipped Seq from 1411 to 1415
Skipped Seq from 1424 to 1426
Skipped Seq from 1428 to 1431
Skipped Seq from 1431 to 1433
Skipped Seq from 1433 to 1437
Skipped Seq from 1441 to 1443
Skipped Seq from 1456 to 1458
Skipped Seq from 1460 to 1462
Skipped Seq from 1462 to 1466
Skipped Seq from 1476 to 1478
Skipped Seq from 1492 to 1494
Skipped Seq from 1495 to 1497
Skipped Seq from 1497 to 1499
Skipped Seq from 1505 to 1508
Skipped Seq from 1509 to 1511
Skipped Seq from 1513 to 1515
Skipped Seq from 1515 to 1517
Skipped Seq from 1518 to 1521
Skipped Seq from 1529 to 1534
Skipped Seq from 1534 to 1536
Skipped Seq from 1536 to 1539
Skipped Seq from 1541 to 1543
Skipped Seq from 1548 to 1551
Skipped Seq from 1551 to 1553
Skipped Seq from 1553 to 1559
Skipped Seq from 1559 to 1562
Skipped Seq from 1562 to 1566
Skipped Seq from 1566 to 1569
Skipped Seq from 1569 to 1571
Skipped Seq from 1575 to 1577
Skipped Seq from 1577 to 1579
Skipped Seq from 1579 to 1581
Skipped Seq from 1584 to 1586
Skipped Seq from 1587 to 1589
Skipped Seq from 1589 to 1591
Skipped Seq from 1594 to 1597
Skipped Seq from 1597 to 1599
Skipped Seq from 1600 to 1603
Skipped Seq from 1604 to 1606
Skipped Seq from 1606 to 1613
Skipped Seq from 1615 to 1617
Skipped Seq from 1627 to 1631
Skipped Seq from 1632 to 1634
Skipped Seq from 1634 to 1638
Skipped Seq from 1646 to 1648
Skipped Seq from 1649 to 1653
Skipped Seq from 1656 to 1659
Skipped Seq from 1662 to 1667
Skipped Seq from 1667 to 1670
Skipped Seq from 1670 to 1672
Skipped Seq from 1672 to 1675
Skipped Seq from 1675 to 1677
Skipped Seq from 1678 to 1680
Skipped Seq from 1682 to 1687
Skipped Seq from 1690 to 1692
Skipped Seq from 1693 to 1700
Skipped Seq from 1700 to 1705
Skipped Seq from 1709 to 1715
Skipped Seq from 1722 to 1727
Skipped Seq from 1747 to 1749
Skipped Seq from 1756 to 1759
Skipped Seq from 1773 to 1775
Skipped Seq from 1775 to 1790
Skipped Seq from 1792 to 1794
Skipped Seq from 1800 to 1803
Skipped Seq from 1807 to 1811
Skipped Seq from 1817 to 1821
Skipped Seq from 1823 to 1826
Skipped Seq from 1828 to 1833
Skipped Seq from 1843 to 1845
Skipped Seq from 1848 to 1852
Skipped Seq from 1854 to 1856
Skipped Seq from 1858 to 1862
Skipped Seq from 1862 to 1865
Skipped Seq from 1865 to 1868
Skipped Seq from 1869 to 1872
Skipped Seq from 1873 to 1876
Skipped Seq from 1878 to 1884
Skipped Seq from 1885 to 1888
Skipped Seq from 1888 to 1897
Skipped Seq from 1897 to 1902
Skipped Seq from 1902 to 1904
Skipped Seq from 1906 to 1916
Skipped Seq from 1916 to 1918
Skipped Seq from 1925 to 1927
Skipped Seq from 1927 to 1931
Skipped Seq from 1932 to 1934
Skipped Seq from 1946 to 1949
Skipped Seq from 1950 to 1954
Skipped Seq from 1954 to 1961
Skipped Seq from 1968 to 1970
Skipped Seq from 1971 to 1974
Skipped Seq from 1976 to 1978
Skipped Seq from 1999 to 2005
Skipped Seq from 2005 to 2009
Skipped Seq from 2015 to 2018
Skipped Seq from 2020 to 2022
Skipped Seq from 2024 to 2028
Skipped Seq from 2028 to 2031
Skipped Seq from 2033 to 2035
Skipped Seq from 2035 to 2039
Skipped Seq from 2046 to 2048
Skipped Seq from 2061 to 2063
Skipped Seq from 2068 to 2074
Skipped Seq from 2074 to 2076
Skipped Seq from 2078 to 2082
Skipped Seq from 2084 to 2089
Skipped Seq from 2106 to 2108
Skipped Seq from 2108 to 2114
Skipped Seq from 2114 to 2116
Skipped Seq from 2123 to 2126
Skipped Seq from 2131 to 2135
Skipped Seq from 2141 to 2144
Skipped Seq from 8463 to 8465
Skipped Seq from 8494 to 8497
Skipped Seq from 8497 to 8499
Skipped Seq from 8506 to 8509
Skipped Seq from 8513 to 8516
Skipped Seq from 8535 to 8537
Skipped Seq from 8537 to 8539
Skipped Seq from 8558 to 8561
Skipped Seq from 8563 to 8565
Skipped Seq from 8575 to 8577
Skipped Seq from 8585 to 8587
Skipped Seq from 8601 to 8604
Skipped Seq from 8606 to 8608
Skipped Seq from 8618 to 8620
Skipped Seq from 8621 to 8623
Skipped Seq from 8627 to 8629
Skipped Seq from 8646 to 8649
Skipped Seq from 8652 to 8654
Skipped Seq from 8655 to 8658
Skipped Seq from 8667 to 8669
Skipped Seq from 8674 to 8677
Skipped Seq from 8677 to 8679
Skipped Seq from 8684 to 8686
Skipped Seq from 8697 to 8699
Skipped Seq from 8703 to 8705
Skipped Seq from 8708 to 8710
Skipped Seq from 8710 to 8712
Skipped Seq from 8715 to 8718
Skipped Seq from 8721 to 8724
Skipped Seq from 8734 to 8736
Skipped Seq from 8738 to 8740
Skipped Seq from 8770 to 8772
Skipped Seq from 8772 to 8774
Skipped Seq from 8775 to 8777
Skipped Seq from 8781 to 8785
Skipped Seq from 8787 to 8790
Skipped Seq from 8804 to 8806
Skipped Seq from 8851 to 8853
Skipped Seq from 8855 to 8857
Skipped Seq from 8859 to 8861
Skipped Seq from 8869 to 8871
Skipped Seq from 8885 to 8888
Skipped Seq from 8900 to 8902
Skipped Seq from 8918 to 8920
Skipped Seq from 8921 to 8923
Skipped Seq from 8924 to 8926
Skipped Seq from 8928 to 8930
Skipped Seq from 8946 to 8948
Skipped Seq from 8948 to 8950
Skipped Seq from 8953 to 8955
Skipped Seq from 8962 to 8964
Skipped Seq from 8965 to 8967
Skipped Seq from 8967 to 8969
Skipped Seq from 8971 to 8974
Skipped Seq from 8979 to 8981
Skipped Seq from 8981 to 8983
Skipped Seq from 8985 to 8987
Skipped Seq from 9000 to 9002
Skipped Seq from 9002 to 9004
Skipped Seq from 9007 to 9009
Skipped Seq from 9014 to 9016
Skipped Seq from 9017 to 9020
Skipped Seq from 9022 to 9024
Skipped Seq from 9033 to 9035
Skipped Seq from 9046 to 9050
Skipped Seq from 9051 to 9053
Skipped Seq from 9053 to 9055
Skipped Seq from 9061 to 9063
Skipped Seq from 9093 to 9095
Skipped Seq from 9099 to 9101
Skipped Seq from 9121 to 9123
Skipped Seq from 9128 to 9130
Skipped Seq from 9131 to 9133
Skipped Seq from 9177 to 9179
Skipped Seq from 9186 to 9188
Skipped Seq from 9212 to 9214
Skipped Seq from 9217 to 9219
Skipped Seq from 9226 to 9228
Skipped Seq from 9228 to 9230
Skipped Seq from 9230 to 9233
Skipped Seq from 9233 to 9235
Skipped Seq from 9238 to 9240
Skipped Seq from 9243 to 9245
Skipped Seq from 9283 to 9286
Skipped Seq from 9287 to 9291
Skipped Seq from 9291 to 9293
Skipped Seq from 9302 to 9304
Skipped Seq from 9329 to 9332
Skipped Seq from 9337 to 9340
Skipped Seq from 9347 to 9349
Skipped Seq from 9350 to 9352
Skipped Seq from 9353 to 9355
Skipped Seq from 9357 to 9359
Skipped Seq from 9361 to 9363
Skipped Seq from 9365 to 9367
Skipped Seq from 9387 to 9389
Skipped Seq from 9390 to 9392
Skipped Seq from 9399 to 9402
Skipped Seq from 9403 to 9406
Skipped Seq from 9413 to 9417
Skipped Seq from 9429 to 9431
Skipped Seq from 9434 to 9436
Skipped Seq from 9441 to 9443
Skipped Seq from 9454 to 9456
Skipped Seq from 9461 to 9463
Skipped Seq from 9478 to 9481
Skipped Seq from 9485 to 9487
Skipped Seq from 9497 to 9500
Skipped Seq from 9501 to 9506
Skipped Seq from 9513 to 9515
Skipped Seq from 9516 to 9518
Skipped Seq from 9521 to 9523
Skipped Seq from 9525 to 9527
Skipped Seq from 9562 to 9564
Skipped Seq from 9564 to 9566
Skipped Seq from 9566 to 9569
Skipped Seq from 9570 to 9572
Skipped Seq from 9572 to 9575
Skipped Seq from 9576 to 9579
Skipped Seq from 9580 to 9582
Skipped Seq from 9600 to 9604
Skipped Seq from 9604 to 9606
Skipped Seq from 9606 to 9608
Skipped Seq from 9609 to 9611
Skipped Seq from 9611 to 9613
Skipped Seq from 9613 to 9615
Skipped Seq from 9616 to 9618
Skipped Seq from 9620 to 9622
Skipped Seq from 9622 to 9625
Skipped Seq from 9628 to 9630
Skipped Seq from 9640 to 9644
Skipped Seq from 9644 to 9646
Skipped Seq from 9648 to 9650
Skipped Seq from 9653 to 9655
Skipped Seq from 9658 to 9660
Skipped Seq from 9665 to 9667
Skipped Seq from 9671 to 9674
Skipped Seq from 9675 to 9677
Skipped Seq from 9677 to 9682
Skipped Seq from 9682 to 9684
Skipped Seq from 9686 to 9688
Skipped Seq from 9688 to 9690
Skipped Seq from 9690 to 9692
Skipped Seq from 9692 to 9694
Skipped Seq from 9696 to 9699
Skipped Seq from 9699 to 9702
Skipped Seq from 9708 to 9712
Skipped Seq from 9724 to 9726
Skipped Seq from 9728 to 9730
Skipped Seq from 9738 to 9740
Skipped Seq from 9743 to 9750
Skipped Seq from 9764 to 9766
Skipped Seq from 9774 to 9779
Skipped Seq from 9786 to 9788
Skipped Seq from 9795 to 9797
Skipped Seq from 12494 to 12496
Skipped Seq from 12496 to 12499
Skipped Seq from 12499 to 12502
Skipped Seq from 12502 to 12504
Skipped Seq from 12504 to 12506
Skipped Seq from 12506 to 12508
Skipped Seq from 12509 to 12519
Skipped Seq from 12522 to 12526
Skipped Seq from 12526 to 12528
Skipped Seq from 12529 to 12531
Skipped Seq from 12531 to 12533
Skipped Seq from 12537 to 12539
Skipped Seq from 12542 to 12548
Skipped Seq from 12550 to 12553
Skipped Seq from 12555 to 12559
Skipped Seq from 12559 to 12561
Skipped Seq from 12565 to 12568
Skipped Seq from 12569 to 12571
Skipped Seq from 12571 to 12573
Skipped Seq from 12576 to 12582
Skipped Seq from 12584 to 12586
Skipped Seq from 12586 to 12588
Skipped Seq from 12593 to 12595
Skipped Seq from 12598 to 12605
Skipped Seq from 12607 to 12609
Skipped Seq from 12609 to 12611
Skipped Seq from 12611 to 12613
Skipped Seq from 12613 to 12615
Skipped Seq from 12615 to 12617
Skipped Seq from 12618 to 12620
Skipped Seq from 12620 to 12622
Skipped Seq from 12623 to 12625
Skipped Seq from 12625 to 12627
Skipped Seq from 12627 to 12629
Skipped Seq from 12629 to 12631
Skipped Seq from 12631 to 12635
Skipped Seq from 12635 to 12638
Skipped Seq from 12638 to 12640
Skipped Seq from 12651 to 12654
Skipped Seq from 12657 to 12660
Skipped Seq from 12663 to 12666
Skipped Seq from 12666 to 12669
Skipped Seq from 12671 to 12673
Skipped Seq from 12675 to 12678
Skipped Seq from 12678 to 12680
Skipped Seq from 12680 to 12683
Skipped Seq from 12687 to 12690
Skipped Seq from 12691 to 12693
Skipped Seq from 12693 to 12695
Skipped Seq from 12695 to 12699
Skipped Seq from 12707 to 12709
Skipped Seq from 12716 to 12718
Skipped Seq from 12719 to 12721
Skipped Seq from 12723 to 12725
Skipped Seq from 12728 to 12730
Skipped Seq from 12732 to 12735
Skipped Seq from 12735 to 12738
Skipped Seq from 12740 to 12743
Skipped Seq from 12747 to 12751
Skipped Seq from 12751 to 12755
Skipped Seq from 12755 to 12757
Skipped Seq from 12757 to 12761
Skipped Seq from 12761 to 12767
Skipped Seq from 12767 to 12770
Skipped Seq from 12770 to 12773
Skipped Seq from 12776 to 12778
Skipped Seq from 12779 to 12782
Skipped Seq from 12782 to 12785
Skipped Seq from 12787 to 12789
Skipped Seq from 12789 to 12793
Skipped Seq from 12798 to 12801
Skipped Seq from 12802 to 12804
Skipped Seq from 12805 to 12808
Skipped Seq from 12808 to 12810
Skipped Seq from 12811 to 12815
Skipped Seq from 12815 to 12818
Skipped Seq from 12825 to 12827
Skipped Seq from 12827 to 12830
Skipped Seq from 12832 to 12834
Skipped Seq from 12835 to 12837
Skipped Seq from 12837 to 12840
Skipped Seq from 12845 to 12847
Skipped Seq from 12849 to 12852
Skipped Seq from 12852 to 12855
Skipped Seq from 12855 to 12859
Skipped Seq from 12859 to 12861
Skipped Seq from 12861 to 12863
Skipped Seq from 12864 to 12867
Skipped Seq from 12871 to 12873
Skipped Seq from 12873 to 12875
Skipped Seq from 12876 to 12878
Skipped Seq from 12878 to 12880
Skipped Seq from 12881 to 12884
Skipped Seq from 12884 to 12887
Skipped Seq from 12887 to 12889
Skipped Seq from 12896 to 12899
Skipped Seq from 12900 to 12902
Skipped Seq from 12902 to 12904
Skipped Seq from 12904 to 12907
Skipped Seq from 12908 to 12910
Skipped Seq from 12914 to 12919
Skipped Seq from 12920 to 12924
Skipped Seq from 12924 to 12927
Skipped Seq from 12928 to 12932
Skipped Seq from 12934 to 12937
Skipped Seq from 12940 to 12943
Skipped Seq from 12943 to 12946
Skipped Seq from 12954 to 12956
Skipped Seq from 12956 to 12959
Skipped Seq from 12960 to 12962
Skipped Seq from 12967 to 12969
Skipped Seq from 12971 to 12974
Skipped Seq from 12974 to 12976
Skipped Seq from 12978 to 12984
Skipped Seq from 12984 to 12994
Skipped Seq from 12996 to 12999
Skipped Seq from 13002 to 13004
Skipped Seq from 13020 to 13027
Skipped Seq from 13027 to 13030
Skipped Seq from 13031 to 13034
Skipped Seq from 13034 to 13041
Skipped Seq from 13043 to 13045
Skipped Seq from 13045 to 13048
Skipped Seq from 13050 to 13052
Skipped Seq from 13052 to 13054
Skipped Seq from 13055 to 13057
Skipped Seq from 13064 to 13067
Skipped Seq from 13071 to 13073
Skipped Seq from 13080 to 13086
Skipped Seq from 13086 to 13090
Skipped Seq from 13090 to 13097
Skipped Seq from 13101 to 13103
Skipped Seq from 13106 to 13108
Skipped Seq from 13108 to 13111
Skipped Seq from 13112 to 13114
Skipped Seq from 13119 to 13121
Skipped Seq from 13134 to 13136
Skipped Seq from 13140 to 13142
Skipped Seq from 13144 to 13148
Skipped Seq from 13148 to 13151
Skipped Seq from 13154 to 13156
Skipped Seq from 13159 to 13162
Skipped Seq from 13163 to 13165
Skipped Seq from 13175 to 13177
Skipped Seq from 13177 to 13181
Skipped Seq from 13181 to 13184
Skipped Seq from 13187 to 13191
Skipped Seq from 13191 to 13195
Skipped Seq from 13195 to 13197
Skipped Seq from 13197 to 13199
Skipped Seq from 13199 to 13201
Skipped Seq from 13204 to 13207
Skipped Seq from 13209 to 13214
Skipped Seq from 13215 to 13218
Skipped Seq from 13219 to 13222
Skipped Seq from 13222 to 13225
Skipped Seq from 13225 to 13227
Skipped Seq from 13228 to 13230
Skipped Seq from 13233 to 13237
Skipped Seq from 13243 to 13246
Skipped Seq from 13247 to 13249
Skipped Seq from 13250 to 13265
Skipped Seq from 13266 to 13269
Skipped Seq from 13271 to 13274
Skipped Seq from 13275 to 13277
Skipped Seq from 13277 to 13280
Skipped Seq from 13280 to 13284
Skipped Seq from 13285 to 13287
Skipped Seq from 13298 to 13300
Skipped Seq from 13301 to 13303
Skipped Seq from 13305 to 13308
Skipped Seq from 13312 to 13315
Skipped Seq from 13315 to 13318
Skipped Seq from 13321 to 13323
Skipped Seq from 13323 to 13327
Skipped Seq from 13333 to 13335
Skipped Seq from 13337 to 13339
Skipped Seq from 13345 to 13351
Skipped Seq from 13354 to 13356
Skipped Seq from 13360 to 13362
Skipped Seq from 13365 to 13369
Skipped Seq from 13372 to 13377
Skipped Seq from 13377 to 13379
Skipped Seq from 13379 to 13386
Skipped Seq from 13387 to 13390
Skipped Seq from 13392 to 13396
Skipped Seq from 13397 to 13399
Skipped Seq from 13402 to 13405
Skipped Seq from 13406 to 13411
Skipped Seq from 13411 to 13414
Skipped Seq from 13414 to 13421
Skipped Seq from 13421 to 13424
Skipped Seq from 13427 to 13429
Skipped Seq from 13430 to 13432
Skipped Seq from 13433 to 13436
Skipped Seq from 13436 to 13438
Skipped Seq from 13439 to 13441
Skipped Seq from 13441 to 13443
Skipped Seq from 13444 to 13447
Skipped Seq from 13447 to 13449
Skipped Seq from 13450 to 13452
Skipped Seq from 13455 to 13457
Skipped Seq from 13457 to 13461
Skipped Seq from 13468 to 13472
Skipped Seq from 13476 to 13479
Skipped Seq from 13479 to 13484
Skipped Seq from 13489 to 13491
Skipped Seq from 13491 to 13496
Skipped Seq from 13501 to 13503
Skipped Seq from 13503 to 13508
Skipped Seq from 13510 to 13512
Skipped Seq from 13516 to 13518
Skipped Seq from 13521 to 13523
Skipped Seq from 13526 to 13528
Skipped Seq from 13530 to 13532
Skipped Seq from 13532 to 13537
Skipped Seq from 13537 to 13541
Skipped Seq from 13543 to 13546
Skipped Seq from 13550 to 13552
Skipped Seq from 13553 to 13557
Skipped Seq from 13560 to 13562
Skipped Seq from 13567 to 13569
Skipped Seq from 13573 to 13575
Skipped Seq from 13578 to 13584
Skipped Seq from 13585 to 13590
Skipped Seq from 13590 to 13592
Skipped Seq from 13592 to 13594
Skipped Seq from 13594 to 13597
Skipped Seq from 13597 to 13599
Skipped Seq from 13604 to 13607
Skipped Seq from 13608 to 13610
Skipped Seq from 13615 to 13617
Skipped Seq from 13622 to 13624
Skipped Seq from 13630 to 13632
Skipped Seq from 13637 to 13639
Skipped Seq from 13649 to 13653
Skipped Seq from 13654 to 13656
Skipped Seq from 13658 to 13660
Skipped Seq from 13668 to 13675
Skipped Seq from 13684 to 13687
Skipped Seq from 13688 to 13692
Skipped Seq from 13695 to 13697
Skipped Seq from 13701 to 13704
Skipped Seq from 13704 to 13706
Skipped Seq from 13706 to 13708
Skipped Seq from 13710 to 13712
Skipped Seq from 13716 to 13718
Skipped Seq from 13722 to 13724
Skipped Seq from 13732 to 13736
Skipped Seq from 13737 to 13739
Skipped Seq from 13740 to 13742
Skipped Seq from 13743 to 13745
Skipped Seq from 13746 to 13749
Skipped Seq from 13752 to 13754
Skipped Seq from 13755 to 13758
Skipped Seq from 13760 to 13762
Skipped Seq from 13766 to 13769
Skipped Seq from 13774 to 13779
Skipped Seq from 13781 to 13783
Skipped Seq from 13785 to 13789
Skipped Seq from 13793 to 13797
Skipped Seq from 13797 to 13799
Skipped Seq from 13803 to 13809
Skipped Seq from 13810 to 13813
Skipped Seq from 13817 to 13820
Skipped Seq from 13820 to 13822
Skipped Seq from 13822 to 13824
Skipped Seq from 13826 to 13828
Skipped Seq from 13829 to 13831
Skipped Seq from 13832 to 13837
Skipped Seq from 13842 to 13844
Skipped Seq from 13844 to 13847
Skipped Seq from 13856 to 13862
Skipped Seq from 13862 to 13865
Skipped Seq from 13874 to 13878
Skipped Seq from 13879 to 13881
Skipped Seq from 13884 to 13886
Skipped Seq from 13886 to 13889
Skipped Seq from 13893 to 13896
Skipped Seq from 13896 to 13898
Skipped Seq from 13900 to 13904
Skipped Seq from 13905 to 13907
Skipped Seq from 13907 to 13910
Skipped Seq from 13911 to 13916
Skipped Seq from 13916 to 13919
Skipped Seq from 13919 to 13924
Skipped Seq from 13924 to 13927
Skipped Seq from 13928 to 13932
Skipped Seq from 13932 to 13935
Skipped Seq from 13938 to 13943
Skipped Seq from 13949 to 13951
Skipped Seq from 13954 to 13958
Skipped Seq from 13958 to 13960
Skipped Seq from 13964 to 13972
Number of times throttled: 6
Received: 13836 / 15192 packets
Start time: 1315250827.821990
End time: 1315250855.741070
Duration: 27.919080
