Starting client at 10.0.0.15:1256 with timeout:10
My IP address is 10.0.0.15Skipped Seq from 3034 to 3037
Skipped Seq from 3037 to 3040
Skipped Seq from 3040 to 3042
Skipped Seq from 3044 to 3047
Skipped Seq from 3047 to 3050
Skipped Seq from 3052 to 3054
Skipped Seq from 3054 to 3058
Skipped Seq from 3058 to 3061
Skipped Seq from 3061 to 3065
Skipped Seq from 3065 to 3070
Skipped Seq from 3071 to 3073
Skipped Seq from 3074 to 3078
Skipped Seq from 3078 to 3080
Skipped Seq from 3081 to 3086
Skipped Seq from 3086 to 3088
Skipped Seq from 3092 to 3096
Skipped Seq from 3096 to 3099
Skipped Seq from 3102 to 3104
Skipped Seq from 3106 to 3108
Skipped Seq from 3108 to 3110
Skipped Seq from 3111 to 3117
Skipped Seq from 3119 to 3121
Skipped Seq from 3122 to 3124
Skipped Seq from 3126 to 3129
Skipped Seq from 3130 to 3132
Skipped Seq from 3135 to 3137
Skipped Seq from 3138 to 3146
Skipped Seq from 3147 to 3149
Skipped Seq from 3151 to 3153
Skipped Seq from 3154 to 3156
Skipped Seq from 3157 to 3159
Skipped Seq from 3160 to 3162
Skipped Seq from 3166 to 3170
Skipped Seq from 3170 to 3175
Skipped Seq from 3175 to 3177
Skipped Seq from 3177 to 3180
Skipped Seq from 3180 to 3183
Skipped Seq from 3183 to 3187
Skipped Seq from 3187 to 3190
Skipped Seq from 3191 to 3195
Skipped Seq from 3195 to 3197
Skipped Seq from 3198 to 3201
Skipped Seq from 3201 to 3206
Skipped Seq from 3206 to 3213
Skipped Seq from 3213 to 3215
Skipped Seq from 3217 to 3219
Skipped Seq from 3220 to 3222
Skipped Seq from 3225 to 3227
Skipped Seq from 3227 to 3229
Skipped Seq from 3233 to 3235
Skipped Seq from 3235 to 3237
Skipped Seq from 3239 to 3243
Skipped Seq from 3245 to 3249
Skipped Seq from 3249 to 3253
Skipped Seq from 3253 to 3256
Skipped Seq from 3256 to 3258
Skipped Seq from 3258 to 3260
Skipped Seq from 3260 to 3262
Skipped Seq from 3263 to 3265
Skipped Seq from 3268 to 3270
Skipped Seq from 3270 to 3276
Skipped Seq from 3276 to 3278
Skipped Seq from 3280 to 3283
Skipped Seq from 3283 to 3285
Skipped Seq from 3286 to 3288
Skipped Seq from 3290 to 3292
Skipped Seq from 3294 to 3296
Skipped Seq from 3297 to 3300
Skipped Seq from 3300 to 3303
Skipped Seq from 3304 to 3306
Skipped Seq from 3307 to 3310
Skipped Seq from 3315 to 3318
Skipped Seq from 3318 to 3320
Skipped Seq from 3325 to 3328
Skipped Seq from 3328 to 3331
Skipped Seq from 3331 to 3335
Skipped Seq from 3338 to 3340
Skipped Seq from 3340 to 3342
Skipped Seq from 3343 to 3346
Skipped Seq from 3348 to 3350
Skipped Seq from 3352 to 3354
Skipped Seq from 3355 to 3357
Skipped Seq from 3359 to 3361
Skipped Seq from 3361 to 3363
Skipped Seq from 3363 to 3365
Skipped Seq from 3367 to 3369
Skipped Seq from 3370 to 3373
Skipped Seq from 3374 to 3376
Skipped Seq from 3376 to 3379
Skipped Seq from 3379 to 3381
Skipped Seq from 3383 to 3388
Skipped Seq from 3389 to 3394
Skipped Seq from 3395 to 3400
Skipped Seq from 3400 to 3405
Skipped Seq from 3405 to 3408
Skipped Seq from 3408 to 3411
Skipped Seq from 3411 to 3413
Skipped Seq from 3413 to 3415
Skipped Seq from 3415 to 3417
Skipped Seq from 3419 to 3421
Skipped Seq from 3425 to 3427
Skipped Seq from 3428 to 3430
Skipped Seq from 3430 to 3433
Skipped Seq from 3433 to 3436
Skipped Seq from 3436 to 3444
Skipped Seq from 3445 to 3448
Skipped Seq from 3449 to 3452
Skipped Seq from 3452 to 3455
Skipped Seq from 3455 to 3461
Skipped Seq from 3461 to 3466
Skipped Seq from 3467 to 3469
Skipped Seq from 3477 to 3479
Skipped Seq from 3486 to 3488
Skipped Seq from 3488 to 3490
Skipped Seq from 3490 to 3494
Skipped Seq from 3494 to 3498
Skipped Seq from 3498 to 3500
Skipped Seq from 3503 to 3505
Skipped Seq from 3505 to 3508
Skipped Seq from 3508 to 3513
Skipped Seq from 3514 to 3518
Skipped Seq from 3518 to 3520
Skipped Seq from 3521 to 3523
Skipped Seq from 3523 to 3531
Skipped Seq from 3534 to 3541
Skipped Seq from 3543 to 3546
Skipped Seq from 3546 to 3548
Skipped Seq from 3549 to 3551
Skipped Seq from 3553 to 3560
Skipped Seq from 3561 to 3563
Skipped Seq from 3563 to 3565
Skipped Seq from 3565 to 3567
Skipped Seq from 3567 to 3571
Skipped Seq from 3571 to 3574
Skipped Seq from 3574 to 3576
Skipped Seq from 3579 to 3582
Skipped Seq from 3582 to 3584
Skipped Seq from 3585 to 3590
Skipped Seq from 3590 to 3592
Skipped Seq from 3592 to 3594
Skipped Seq from 3594 to 3596
Skipped Seq from 3600 to 3605
Skipped Seq from 3605 to 3607
Skipped Seq from 3607 to 3610
Skipped Seq from 3610 to 3613
Skipped Seq from 3613 to 3615
Skipped Seq from 3615 to 3617
Skipped Seq from 3618 to 3621
Skipped Seq from 3621 to 3626
Skipped Seq from 3626 to 3628
Skipped Seq from 3628 to 3632
Skipped Seq from 3633 to 3635
Skipped Seq from 3635 to 3638
Skipped Seq from 3638 to 3642
Skipped Seq from 3642 to 3644
Skipped Seq from 3644 to 3648
Skipped Seq from 3648 to 3654
Skipped Seq from 3656 to 3660
Skipped Seq from 3661 to 3664
Skipped Seq from 3667 to 3669
Skipped Seq from 3670 to 3674
Skipped Seq from 3674 to 3680
Skipped Seq from 3682 to 3684
Skipped Seq from 3685 to 3687
Skipped Seq from 3689 to 3691
Skipped Seq from 3695 to 3697
Skipped Seq from 3697 to 3705
Skipped Seq from 3705 to 3707
Skipped Seq from 3707 to 3710
Skipped Seq from 3710 to 3716
Skipped Seq from 3716 to 3721
Skipped Seq from 3721 to 3723
Skipped Seq from 3723 to 3725
Skipped Seq from 3727 to 3731
Skipped Seq from 3732 to 3734
Skipped Seq from 3735 to 3739
Skipped Seq from 3739 to 3742
Skipped Seq from 3743 to 3745
Skipped Seq from 3746 to 3748
Skipped Seq from 3749 to 3751
Skipped Seq from 3751 to 3755
Skipped Seq from 3757 to 3759
Skipped Seq from 3762 to 3769
Skipped Seq from 3774 to 3783
Skipped Seq from 3788 to 3790
Skipped Seq from 3792 to 3794
Skipped Seq from 3794 to 3797
Skipped Seq from 3798 to 3810
Skipped Seq from 3810 to 3815
Skipped Seq from 3820 to 3824
Skipped Seq from 3824 to 3826
Skipped Seq from 3826 to 3828
Skipped Seq from 3828 to 3830
Skipped Seq from 3830 to 3832
Skipped Seq from 3837 to 3840
Skipped Seq from 3842 to 3845
Skipped Seq from 3851 to 3853
Skipped Seq from 3854 to 3859
Skipped Seq from 3862 to 3864
Skipped Seq from 3866 to 3868
Skipped Seq from 3868 to 3870
Skipped Seq from 3870 to 3872
Skipped Seq from 3873 to 3876
Skipped Seq from 3876 to 3878
Skipped Seq from 3879 to 3881
Skipped Seq from 3881 to 3883
Skipped Seq from 3888 to 3891
Skipped Seq from 3891 to 3899
Skipped Seq from 3899 to 3902
Skipped Seq from 3902 to 3906
Skipped Seq from 3907 to 3909
Skipped Seq from 3909 to 3912
Skipped Seq from 3912 to 3914
Skipped Seq from 3914 to 3916
Skipped Seq from 3916 to 3918
Skipped Seq from 3918 to 3921
Skipped Seq from 3921 to 3925
Skipped Seq from 3925 to 3929
Skipped Seq from 3929 to 3931
Skipped Seq from 3931 to 3936
Skipped Seq from 3936 to 3944
Skipped Seq from 3945 to 3947
Skipped Seq from 3948 to 3950
Skipped Seq from 3950 to 3954
Skipped Seq from 3954 to 3956
Skipped Seq from 3959 to 3965
Skipped Seq from 3965 to 3972
Skipped Seq from 3972 to 3974
Skipped Seq from 3974 to 3976
Skipped Seq from 3977 to 3979
Skipped Seq from 3980 to 3985
Skipped Seq from 3985 to 3988
Skipped Seq from 3989 to 3992
Skipped Seq from 3993 to 3995
Skipped Seq from 4000 to 4008
Skipped Seq from 4009 to 4015
Skipped Seq from 4015 to 4021
Skipped Seq from 4021 to 4027
Skipped Seq from 4027 to 4029
Skipped Seq from 4029 to 4031
Skipped Seq from 4035 to 4037
Skipped Seq from 4037 to 4039
Skipped Seq from 4042 to 4044
Skipped Seq from 4044 to 4046
Skipped Seq from 4046 to 4053
Skipped Seq from 4062 to 4064
Skipped Seq from 4064 to 4068
Skipped Seq from 4068 to 4070
Skipped Seq from 4073 to 4080
Skipped Seq from 4080 to 4085
Skipped Seq from 4100 to 4103
Skipped Seq from 4110 to 4116
Skipped Seq from 4118 to 4120
Skipped Seq from 4124 to 4130
Skipped Seq from 4140 to 4142
Skipped Seq from 4156 to 4160
Skipped Seq from 4160 to 4168
Skipped Seq from 4172 to 4176
Skipped Seq from 4176 to 4181
Skipped Seq from 4181 to 4183
Skipped Seq from 4183 to 4185
Skipped Seq from 4196 to 4199
Skipped Seq from 4200 to 4202
Skipped Seq from 4207 to 4209
Skipped Seq from 4211 to 4214
Skipped Seq from 4222 to 4227
Skipped Seq from 4228 to 4230
Skipped Seq from 4236 to 4238
Skipped Seq from 4238 to 4240
Skipped Seq from 4245 to 4247
Skipped Seq from 4247 to 4252
Skipped Seq from 4252 to 4254
Skipped Seq from 4254 to 4256
Skipped Seq from 4256 to 4258
Skipped Seq from 4258 to 4265
Skipped Seq from 4270 to 4272
Skipped Seq from 4274 to 4276
Skipped Seq from 4276 to 4283
Skipped Seq from 4284 to 4287
Skipped Seq from 4287 to 4289
Skipped Seq from 4289 to 4292
Skipped Seq from 4292 to 4296
Skipped Seq from 4296 to 4298
Skipped Seq from 4298 to 4300
Skipped Seq from 4303 to 4306
Skipped Seq from 4306 to 4315
Skipped Seq from 4318 to 4320
Skipped Seq from 4326 to 4328
Skipped Seq from 4328 to 4330
Skipped Seq from 4330 to 4332
Skipped Seq from 4334 to 4340
Skipped Seq from 4345 to 4347
Skipped Seq from 4350 to 4352
Skipped Seq from 4352 to 4354
Skipped Seq from 4356 to 4358
Skipped Seq from 4358 to 4366
Skipped Seq from 4366 to 4368
Skipped Seq from 4369 to 4374
Skipped Seq from 4379 to 4381
Skipped Seq from 4382 to 4384
Skipped Seq from 4389 to 4391
Skipped Seq from 4392 to 4394
Skipped Seq from 4397 to 4399
Skipped Seq from 4402 to 4408
Skipped Seq from 4408 to 4412
Skipped Seq from 4412 to 4417
Skipped Seq from 4423 to 4425
Skipped Seq from 4426 to 4428
Skipped Seq from 4428 to 4430
Skipped Seq from 4431 to 4433
Skipped Seq from 4435 to 4443
Skipped Seq from 4443 to 4446
Skipped Seq from 4446 to 4448
Skipped Seq from 4450 to 4452
Skipped Seq from 4454 to 4458
Skipped Seq from 4458 to 4461
Skipped Seq from 4461 to 4463
Skipped Seq from 4463 to 4468
Skipped Seq from 4468 to 4471
Skipped Seq from 4481 to 4483
Skipped Seq from 4483 to 4488
Skipped Seq from 4488 to 4492
Skipped Seq from 4497 to 4499
Skipped Seq from 4499 to 4501
Skipped Seq from 4502 to 4506
Skipped Seq from 4506 to 4512
Skipped Seq from 4512 to 4517
Skipped Seq from 4518 to 4523
Skipped Seq from 4523 to 4525
Skipped Seq from 4528 to 4530
Skipped Seq from 4531 to 4533
Skipped Seq from 4533 to 4535
Skipped Seq from 4538 to 4550
Skipped Seq from 4551 to 4554
Skipped Seq from 4554 to 4557
Skipped Seq from 4559 to 4562
Skipped Seq from 4564 to 4566
Skipped Seq from 4566 to 4571
Skipped Seq from 4573 to 4575
Skipped Seq from 4575 to 4583
Skipped Seq from 4584 to 4586
Skipped Seq from 4589 to 4592
Skipped Seq from 4592 to 4604
Skipped Seq from 4604 to 4608
Skipped Seq from 4609 to 4611
Skipped Seq from 4611 to 4613
Skipped Seq from 4615 to 4631
Skipped Seq from 4631 to 4635
Skipped Seq from 4643 to 4649
Skipped Seq from 4657 to 4659
Skipped Seq from 4660 to 4666
Skipped Seq from 4667 to 4669
Skipped Seq from 4669 to 4679
Skipped Seq from 4679 to 4686
Skipped Seq from 4688 to 4691
Skipped Seq from 4691 to 4693
Skipped Seq from 4693 to 4695
Skipped Seq from 4695 to 4700
Skipped Seq from 4700 to 4704
Skipped Seq from 4704 to 4709
Skipped Seq from 4709 to 4717
Skipped Seq from 4717 to 4720
Skipped Seq from 4721 to 4730
Skipped Seq from 4731 to 4741
Skipped Seq from 4741 to 4743
Skipped Seq from 4743 to 4747
Skipped Seq from 4747 to 4752
Skipped Seq from 4752 to 4754
Skipped Seq from 4754 to 4757
Skipped Seq from 4762 to 4764
Skipped Seq from 4766 to 4768
Skipped Seq from 4776 to 4778
Skipped Seq from 4779 to 4781
Skipped Seq from 4786 to 4789
Skipped Seq from 4799 to 4802
Skipped Seq from 4811 to 4813
Skipped Seq from 4813 to 4818
Skipped Seq from 4819 to 4831
Skipped Seq from 4831 to 4833
Skipped Seq from 4834 to 4836
Skipped Seq from 4836 to 4841
Skipped Seq from 4842 to 4845
Skipped Seq from 4847 to 4849
Skipped Seq from 4855 to 4861
Skipped Seq from 4861 to 4867
Skipped Seq from 4867 to 4869
Skipped Seq from 4870 to 4875
Skipped Seq from 4877 to 4883
Skipped Seq from 4883 to 4885
Skipped Seq from 4890 to 4892
Skipped Seq from 4897 to 4903
Skipped Seq from 4904 to 4908
Skipped Seq from 4911 to 4913
Skipped Seq from 4916 to 4921
Skipped Seq from 4927 to 4929
Skipped Seq from 4929 to 4931
Skipped Seq from 4931 to 4941
Skipped Seq from 4943 to 4947
Skipped Seq from 4947 to 4949
Skipped Seq from 4952 to 4954
Skipped Seq from 4957 to 4959
Skipped Seq from 4973 to 4975
Skipped Seq from 4976 to 4978
Skipped Seq from 4979 to 4981
Skipped Seq from 4983 to 4987
Skipped Seq from 4989 to 4992
Skipped Seq from 4997 to 5002
Skipped Seq from 5003 to 5005
Skipped Seq from 5005 to 5009
Skipped Seq from 5010 to 5019
Skipped Seq from 5019 to 5042
Skipped Seq from 5042 to 5047
Skipped Seq from 5047 to 5051
Skipped Seq from 5051 to 5053
Skipped Seq from 5056 to 5059
Skipped Seq from 5059 to 5062
Skipped Seq from 5062 to 5072
Skipped Seq from 5072 to 5078
Skipped Seq from 5078 to 5081
Skipped Seq from 5081 to 5086
Skipped Seq from 5086 to 5092
Skipped Seq from 5092 to 5099
Skipped Seq from 5099 to 5106
Skipped Seq from 5106 to 5115
Skipped Seq from 5115 to 5118
Skipped Seq from 5119 to 5121
Skipped Seq from 5121 to 5127
Skipped Seq from 5127 to 5131
Skipped Seq from 5131 to 5135
Skipped Seq from 5136 to 5139
Skipped Seq from 5141 to 5143
Skipped Seq from 5144 to 5146
Skipped Seq from 5149 to 5151
Skipped Seq from 5155 to 5159
Skipped Seq from 5162 to 5165
Skipped Seq from 5165 to 5167
Skipped Seq from 5167 to 5169
Skipped Seq from 5169 to 5171
Skipped Seq from 5172 to 5174
Skipped Seq from 5175 to 5177
Skipped Seq from 5178 to 5181
Skipped Seq from 5181 to 5192
Skipped Seq from 5192 to 5197
Skipped Seq from 5197 to 5204
Skipped Seq from 5204 to 5209
Skipped Seq from 5215 to 5218
Skipped Seq from 5218 to 5221
Skipped Seq from 5221 to 5223
Skipped Seq from 5223 to 5232
Skipped Seq from 5232 to 5234
Skipped Seq from 5235 to 5237
Skipped Seq from 5237 to 5239
Skipped Seq from 5239 to 5243
Skipped Seq from 5243 to 5247
Skipped Seq from 5247 to 5251
Skipped Seq from 5252 to 5254
Skipped Seq from 5256 to 5259
Skipped Seq from 5259 to 5261
Skipped Seq from 5261 to 5265
Skipped Seq from 5266 to 5268
Skipped Seq from 5268 to 5271
Skipped Seq from 5276 to 5278
Skipped Seq from 5279 to 5289
Skipped Seq from 5296 to 5298
Skipped Seq from 5301 to 5303
Skipped Seq from 5303 to 5305
Skipped Seq from 5306 to 5308
Skipped Seq from 5308 to 5310
Skipped Seq from 5314 to 5316
Skipped Seq from 5316 to 5322
Skipped Seq from 5329 to 5331
Skipped Seq from 5331 to 5334
Skipped Seq from 5337 to 5340
Skipped Seq from 5346 to 5348
Skipped Seq from 5351 to 5354
Skipped Seq from 5354 to 5357
Skipped Seq from 5358 to 5361
Skipped Seq from 5365 to 5367
Skipped Seq from 5369 to 5372
Skipped Seq from 5374 to 5380
Skipped Seq from 5383 to 5385
Skipped Seq from 5388 to 5390
Skipped Seq from 5390 to 5393
Skipped Seq from 5393 to 5395
Skipped Seq from 5397 to 5403
Skipped Seq from 5405 to 5407
Skipped Seq from 5407 to 5410
Skipped Seq from 5410 to 5413
Skipped Seq from 5413 to 5418
Skipped Seq from 5420 to 5424
Skipped Seq from 5428 to 5430
Skipped Seq from 5430 to 5432
Skipped Seq from 5432 to 5440
Skipped Seq from 5450 to 5454
Skipped Seq from 5456 to 5458
Skipped Seq from 5458 to 5460
Skipped Seq from 5460 to 5463
Skipped Seq from 5466 to 5468
Skipped Seq from 5468 to 5476
Skipped Seq from 5476 to 5483
Skipped Seq from 5485 to 5487
Skipped Seq from 5834 to 5836
Skipped Seq from 5845 to 5847
Skipped Seq from 5848 to 5850
Skipped Seq from 5851 to 5853
Skipped Seq from 5856 to 5859
Skipped Seq from 5859 to 5861
Skipped Seq from 5871 to 5873
Skipped Seq from 5876 to 5878
Skipped Seq from 5880 to 5882
Skipped Seq from 5884 to 5887
Skipped Seq from 5891 to 5893
Skipped Seq from 5893 to 5895
Skipped Seq from 5906 to 5908
Skipped Seq from 5923 to 5925
Skipped Seq from 5931 to 5933
Skipped Seq from 5949 to 5951
Skipped Seq from 5958 to 5960
Skipped Seq from 5961 to 5963
Skipped Seq from 5965 to 5968
Skipped Seq from 5971 to 5974
Skipped Seq from 5974 to 5977
Skipped Seq from 5982 to 5984
Skipped Seq from 5989 to 5993
Skipped Seq from 5993 to 5995
Skipped Seq from 6002 to 6005
Skipped Seq from 6005 to 6007
Skipped Seq from 6007 to 6009
Skipped Seq from 6014 to 6016
Skipped Seq from 6017 to 6020
Skipped Seq from 6023 to 6025
Skipped Seq from 6032 to 6034
Skipped Seq from 6053 to 6056
Skipped Seq from 6067 to 6069
Skipped Seq from 6072 to 6076
Skipped Seq from 6077 to 6079
Skipped Seq from 6082 to 6084
Skipped Seq from 6085 to 6087
Skipped Seq from 6087 to 6090
Skipped Seq from 6090 to 6092
Skipped Seq from 6095 to 6099
Skipped Seq from 6109 to 6111
Skipped Seq from 6111 to 6114
Skipped Seq from 6116 to 6118
Skipped Seq from 6118 to 6121
Skipped Seq from 6122 to 6125
Skipped Seq from 6126 to 6128
Skipped Seq from 6137 to 6139
Skipped Seq from 6147 to 6150
Skipped Seq from 6153 to 6155
Skipped Seq from 6158 to 6161
Skipped Seq from 6161 to 6163
Skipped Seq from 6171 to 6174
Skipped Seq from 6175 to 6178
Skipped Seq from 6185 to 6188
Skipped Seq from 6193 to 6195
Skipped Seq from 6195 to 6197
Skipped Seq from 6199 to 6202
Skipped Seq from 6204 to 6206
Skipped Seq from 6207 to 6210
Skipped Seq from 6212 to 6214
Skipped Seq from 6215 to 6218
Skipped Seq from 6222 to 6224
Skipped Seq from 6229 to 6232
Skipped Seq from 6241 to 6243
Skipped Seq from 6258 to 6260
Skipped Seq from 6268 to 6270
Skipped Seq from 6270 to 6273
Skipped Seq from 6273 to 6277
Skipped Seq from 6286 to 6288
Skipped Seq from 6290 to 6292
Skipped Seq from 6293 to 6295
Skipped Seq from 6297 to 6300
Skipped Seq from 6304 to 6306
Skipped Seq from 6313 to 6315
Skipped Seq from 6326 to 6329
Skipped Seq from 6335 to 6337
Skipped Seq from 6369 to 6371
Skipped Seq from 6383 to 6385
Skipped Seq from 6401 to 6405
Skipped Seq from 6405 to 6407
Skipped Seq from 6410 to 6415
Skipped Seq from 6418 to 6421
Skipped Seq from 6427 to 6429
Skipped Seq from 6431 to 6433
Skipped Seq from 6435 to 6437
Skipped Seq from 6439 to 6441
Skipped Seq from 6441 to 6444
Skipped Seq from 6444 to 6446
Skipped Seq from 6456 to 6458
Skipped Seq from 6483 to 6487
Skipped Seq from 6488 to 6490
Skipped Seq from 6491 to 6493
Skipped Seq from 6493 to 6495
Skipped Seq from 6515 to 6518
Skipped Seq from 6528 to 6533
Skipped Seq from 6542 to 6544
Skipped Seq from 6553 to 6556
Skipped Seq from 6568 to 6570
Skipped Seq from 6576 to 6578
Skipped Seq from 6578 to 6580
Skipped Seq from 6581 to 6583
Skipped Seq from 6591 to 6593
Skipped Seq from 6594 to 6596
Skipped Seq from 6596 to 6598
Skipped Seq from 6602 to 6604
Skipped Seq from 6604 to 6607
Skipped Seq from 6609 to 6616
Skipped Seq from 6629 to 6631
Skipped Seq from 6632 to 6634
Skipped Seq from 6639 to 6641
Skipped Seq from 6643 to 6645
Skipped Seq from 6662 to 6664
Skipped Seq from 6666 to 6668
Skipped Seq from 6684 to 6686
Skipped Seq from 6701 to 6703
Skipped Seq from 6705 to 6708
Skipped Seq from 6715 to 6717
Skipped Seq from 6719 to 6725
Skipped Seq from 6738 to 6740
Skipped Seq from 6742 to 6745
Skipped Seq from 6745 to 6748
Skipped Seq from 6749 to 6751
Skipped Seq from 6752 to 6754
Skipped Seq from 6754 to 6757
Skipped Seq from 6757 to 6760
Skipped Seq from 6763 to 6765
Skipped Seq from 6766 to 6768
Skipped Seq from 6768 to 6770
Skipped Seq from 6786 to 6788
Skipped Seq from 6788 to 6790
Skipped Seq from 6791 to 6795
Skipped Seq from 6795 to 6797
Skipped Seq from 6797 to 6800
Skipped Seq from 6800 to 6802
Skipped Seq from 6813 to 6815
Skipped Seq from 6828 to 6831
Skipped Seq from 6831 to 6833
Skipped Seq from 6833 to 6835
Skipped Seq from 6838 to 6840
Skipped Seq from 6840 to 6844
Skipped Seq from 18404 to 18406
Skipped Seq from 18411 to 18413
Skipped Seq from 18414 to 18416
Skipped Seq from 18417 to 18419
Skipped Seq from 18419 to 18423
Skipped Seq from 18423 to 18425
Skipped Seq from 18426 to 18429
Skipped Seq from 18429 to 18434
Skipped Seq from 18437 to 18439
Skipped Seq from 18440 to 18442
Skipped Seq from 18442 to 18446
Skipped Seq from 18451 to 18453
Skipped Seq from 18457 to 18461
Skipped Seq from 18463 to 18468
Skipped Seq from 18469 to 18471
Skipped Seq from 18472 to 18476
Skipped Seq from 18477 to 18482
Skipped Seq from 18498 to 18501
Skipped Seq from 18501 to 18503
Skipped Seq from 18503 to 18507
Skipped Seq from 18507 to 18509
Skipped Seq from 18509 to 18515
Skipped Seq from 18516 to 18519
Skipped Seq from 18520 to 18522
Skipped Seq from 18522 to 18524
Skipped Seq from 18528 to 18534
Skipped Seq from 18540 to 18543
Skipped Seq from 18543 to 18545
Skipped Seq from 18548 to 18551
Skipped Seq from 18551 to 18553
Skipped Seq from 18553 to 18557
Skipped Seq from 18557 to 18560
Skipped Seq from 18560 to 18562
Skipped Seq from 18563 to 18566
Skipped Seq from 18569 to 18572
Skipped Seq from 18572 to 18575
Skipped Seq from 18575 to 18579
Skipped Seq from 18579 to 18583
Skipped Seq from 18591 to 18593
Skipped Seq from 18597 to 18600
Skipped Seq from 18600 to 18602
Skipped Seq from 18602 to 18606
Skipped Seq from 18607 to 18609
Skipped Seq from 18613 to 18615
Skipped Seq from 18621 to 18624
Skipped Seq from 18625 to 18627
Skipped Seq from 18627 to 18632
Skipped Seq from 18634 to 18636
Skipped Seq from 18637 to 18639
Skipped Seq from 18640 to 18645
Skipped Seq from 18646 to 18648
Skipped Seq from 18654 to 18658
Skipped Seq from 18659 to 18667
Skipped Seq from 18680 to 18683
Skipped Seq from 18684 to 18690
Skipped Seq from 18705 to 18707
Skipped Seq from 18710 to 18713
Skipped Seq from 18713 to 18715
Skipped Seq from 18715 to 18717
Skipped Seq from 18718 to 18724
Skipped Seq from 18725 to 18728
Skipped Seq from 18733 to 18735
Skipped Seq from 18735 to 18738
Skipped Seq from 18738 to 18740
Skipped Seq from 18742 to 18744
Skipped Seq from 18744 to 18747
Skipped Seq from 18747 to 18751
Skipped Seq from 18751 to 18754
Skipped Seq from 18757 to 18762
Skipped Seq from 18763 to 18765
Skipped Seq from 18767 to 18772
Skipped Seq from 18779 to 18784
Skipped Seq from 18786 to 18791
Skipped Seq from 18793 to 18795
Skipped Seq from 18795 to 18797
Skipped Seq from 18802 to 18804
Skipped Seq from 18806 to 18808
Skipped Seq from 18808 to 18810
Skipped Seq from 18814 to 18816
Skipped Seq from 18817 to 18825
Skipped Seq from 18825 to 18830
Skipped Seq from 18830 to 18835
Skipped Seq from 18837 to 18839
Skipped Seq from 18840 to 18842
Skipped Seq from 18842 to 18844
Skipped Seq from 18846 to 18850
Skipped Seq from 18850 to 18853
Skipped Seq from 18856 to 18858
Skipped Seq from 18858 to 18860
Skipped Seq from 18860 to 18862
Skipped Seq from 18862 to 18867
Skipped Seq from 18871 to 18873
Skipped Seq from 18874 to 18876
Skipped Seq from 18884 to 18886
Skipped Seq from 18886 to 18888
Skipped Seq from 18890 to 18893
Skipped Seq from 18893 to 18895
Skipped Seq from 18895 to 18897
Skipped Seq from 18900 to 18904
Skipped Seq from 18904 to 18906
Skipped Seq from 18906 to 18908
Skipped Seq from 18911 to 18913
Skipped Seq from 18916 to 18918
Skipped Seq from 18932 to 18934
Skipped Seq from 18939 to 18943
Skipped Seq from 18945 to 18947
Skipped Seq from 18951 to 18953
Skipped Seq from 18956 to 18959
Skipped Seq from 18968 to 18973
Skipped Seq from 18975 to 18978
Skipped Seq from 18979 to 18983
Skipped Seq from 18984 to 18986
Skipped Seq from 18987 to 18989
Skipped Seq from 18990 to 18992
Skipped Seq from 18992 to 18996
Skipped Seq from 18997 to 18999
Skipped Seq from 19001 to 19005
Skipped Seq from 19006 to 19010
Skipped Seq from 19013 to 19017
Skipped Seq from 19018 to 19020
Skipped Seq from 19020 to 19022
Skipped Seq from 19023 to 19025
Skipped Seq from 19025 to 19029
Skipped Seq from 19029 to 19031
Skipped Seq from 19042 to 19046
Skipped Seq from 19057 to 19062
Skipped Seq from 19068 to 19075
Skipped Seq from 19077 to 19087
Skipped Seq from 19093 to 19101
Skipped Seq from 19102 to 19107
Skipped Seq from 19111 to 19120
Skipped Seq from 19121 to 19123
Skipped Seq from 19123 to 19127
Skipped Seq from 19129 to 19131
Skipped Seq from 19136 to 19142
Skipped Seq from 19150 to 19152
Skipped Seq from 19153 to 19161
Skipped Seq from 19162 to 19169
Skipped Seq from 19169 to 19171
Skipped Seq from 19174 to 19178
Skipped Seq from 19178 to 19181
Skipped Seq from 19192 to 19194
Skipped Seq from 19196 to 19201
Skipped Seq from 19202 to 19206
Skipped Seq from 19212 to 19216
Skipped Seq from 19216 to 19223
Skipped Seq from 19226 to 19228
Skipped Seq from 19228 to 19237
Skipped Seq from 19237 to 19239
Skipped Seq from 19239 to 19247
Skipped Seq from 19247 to 19249
Skipped Seq from 19250 to 19261
Skipped Seq from 19261 to 19269
Skipped Seq from 19272 to 19274
Skipped Seq from 19274 to 19278
Skipped Seq from 19278 to 19282
Skipped Seq from 19283 to 19285
Skipped Seq from 19287 to 19289
Skipped Seq from 19300 to 19302
Skipped Seq from 19302 to 19307
Skipped Seq from 19312 to 19314
Skipped Seq from 19315 to 19317
Skipped Seq from 19319 to 19321
Skipped Seq from 19321 to 19323
Skipped Seq from 19325 to 19327
Skipped Seq from 19329 to 19333
Skipped Seq from 19333 to 19335
Skipped Seq from 19336 to 19338
Skipped Seq from 19338 to 19341
Skipped Seq from 19341 to 19343
Skipped Seq from 19343 to 19349
Skipped Seq from 19363 to 19372
Skipped Seq from 19372 to 19376
Skipped Seq from 19383 to 19394
Skipped Seq from 19394 to 19406
Skipped Seq from 19416 to 19420
Skipped Seq from 19420 to 19424
Skipped Seq from 19424 to 19428
Skipped Seq from 19428 to 19431
Skipped Seq from 19431 to 19438
Skipped Seq from 19440 to 19446
Skipped Seq from 19446 to 19449
Skipped Seq from 19449 to 19454
Skipped Seq from 19472 to 19475
Skipped Seq from 19475 to 19477
Skipped Seq from 19481 to 19483
Skipped Seq from 19486 to 19488
Skipped Seq from 19488 to 19492
Skipped Seq from 19503 to 19505
Skipped Seq from 19520 to 19524
Skipped Seq from 19525 to 19528
Skipped Seq from 19528 to 19531
Skipped Seq from 19531 to 19533
Skipped Seq from 19537 to 19541
Skipped Seq from 19541 to 19543
Skipped Seq from 19545 to 19547
Skipped Seq from 19547 to 19549
Skipped Seq from 19550 to 19554
Skipped Seq from 19557 to 19562
Skipped Seq from 19562 to 19564
Skipped Seq from 19569 to 19573
Skipped Seq from 19581 to 19583
Skipped Seq from 19583 to 19586
Skipped Seq from 19589 to 19591
Skipped Seq from 19601 to 19605
Skipped Seq from 19605 to 19607
Skipped Seq from 19608 to 19613
Skipped Seq from 19613 to 19615
Skipped Seq from 19618 to 19621
Skipped Seq from 19621 to 19624
Skipped Seq from 19625 to 19629
Skipped Seq from 19633 to 19635
Skipped Seq from 19635 to 19637
Skipped Seq from 19639 to 19641
Skipped Seq from 19644 to 19650
Skipped Seq from 19651 to 19654
Skipped Seq from 19661 to 19663
Skipped Seq from 19663 to 19665
Skipped Seq from 19676 to 19678
Skipped Seq from 19679 to 19681
Skipped Seq from 19685 to 19688
Skipped Seq from 19691 to 19694
Skipped Seq from 19696 to 19698
Skipped Seq from 19699 to 19701
Skipped Seq from 19701 to 19703
Skipped Seq from 19705 to 19707
Skipped Seq from 19707 to 19709
Skipped Seq from 19709 to 19715
Skipped Seq from 19715 to 19718
Skipped Seq from 19721 to 19723
Skipped Seq from 19723 to 19725
Skipped Seq from 19725 to 19727
Skipped Seq from 19729 to 19735
Skipped Seq from 19737 to 19739
Skipped Seq from 19748 to 19750
Skipped Seq from 19750 to 19752
Skipped Seq from 19755 to 19758
Skipped Seq from 19759 to 19761
Skipped Seq from 19774 to 19777
Skipped Seq from 19777 to 19781
Skipped Seq from 19781 to 19783
Skipped Seq from 19784 to 19790
Skipped Seq from 19795 to 19799
Skipped Seq from 19799 to 19803
Skipped Seq from 19803 to 19809
Skipped Seq from 19809 to 19811
Skipped Seq from 19814 to 19816
Skipped Seq from 19817 to 19820
Skipped Seq from 19821 to 19824
Skipped Seq from 19824 to 19827
Skipped Seq from 19828 to 19831
Skipped Seq from 19836 to 19839
Skipped Seq from 19843 to 19846
Skipped Seq from 19846 to 19848
Skipped Seq from 19848 to 19850
Skipped Seq from 19858 to 19860
Skipped Seq from 19866 to 19868
Skipped Seq from 19868 to 19870
Skipped Seq from 19870 to 19872
Skipped Seq from 19872 to 19874
Skipped Seq from 19874 to 19876
Skipped Seq from 19876 to 19878
Skipped Seq from 19878 to 19880
Skipped Seq from 19881 to 19883
Skipped Seq from 19883 to 19886
Skipped Seq from 19891 to 19898
Skipped Seq from 19898 to 19902
Skipped Seq from 19902 to 19905
Skipped Seq from 19905 to 19907
Skipped Seq from 19908 to 19910
Skipped Seq from 19914 to 19917
Skipped Seq from 19917 to 19919
Skipped Seq from 19919 to 19922
Skipped Seq from 19923 to 19925
Skipped Seq from 19927 to 19929
Skipped Seq from 19933 to 19937
Skipped Seq from 19938 to 19941
Skipped Seq from 19942 to 19944
Skipped Seq from 19944 to 19951
Skipped Seq from 19951 to 19953
Skipped Seq from 19957 to 19960
Skipped Seq from 19962 to 19968
Skipped Seq from 19968 to 19972
Skipped Seq from 19972 to 19976
Skipped Seq from 19976 to 19978
Skipped Seq from 19978 to 19980
Skipped Seq from 19980 to 19987
Skipped Seq from 19987 to 19989
Skipped Seq from 19992 to 19994
Skipped Seq from 19995 to 19998
Skipped Seq from 20001 to 20003
Skipped Seq from 20003 to 20009
Skipped Seq from 20009 to 20012
Skipped Seq from 20012 to 20014
Skipped Seq from 20014 to 20016
Skipped Seq from 20019 to 20021
Skipped Seq from 20022 to 20024
Skipped Seq from 20025 to 20029
Skipped Seq from 20030 to 20038
Skipped Seq from 20043 to 20045
Skipped Seq from 20046 to 20049
Skipped Seq from 20049 to 20051
Skipped Seq from 20051 to 20054
Skipped Seq from 20055 to 20058
Skipped Seq from 20058 to 20060
Skipped Seq from 20060 to 20063
Skipped Seq from 20063 to 20067
Skipped Seq from 20071 to 20073
Skipped Seq from 20073 to 20078
Skipped Seq from 20078 to 20082
Skipped Seq from 20083 to 20085
Skipped Seq from 20085 to 20087
Skipped Seq from 20087 to 20092
Skipped Seq from 20092 to 20095
Skipped Seq from 20098 to 20100
Skipped Seq from 20101 to 20103
Skipped Seq from 20103 to 20105
Skipped Seq from 20107 to 20109
Skipped Seq from 20110 to 20113
Skipped Seq from 20113 to 20115
Skipped Seq from 20115 to 20117
Skipped Seq from 20117 to 20120
Skipped Seq from 20120 to 20122
Skipped Seq from 20122 to 20125
Skipped Seq from 20128 to 20133
Skipped Seq from 20133 to 20135
Skipped Seq from 20137 to 20141
Skipped Seq from 20141 to 20145
Skipped Seq from 20146 to 20150
Skipped Seq from 20150 to 20152
Skipped Seq from 20158 to 20160
Skipped Seq from 20162 to 20164
Skipped Seq from 20166 to 20168
Skipped Seq from 20171 to 20173
Skipped Seq from 20173 to 20175
Skipped Seq from 20176 to 20181
Skipped Seq from 20185 to 20190
Skipped Seq from 20192 to 20194
Skipped Seq from 20201 to 20203
Skipped Seq from 20207 to 20209
Skipped Seq from 20211 to 20213
Skipped Seq from 20213 to 20215
Skipped Seq from 20215 to 20217
Skipped Seq from 20217 to 20219
Skipped Seq from 20221 to 20223
Skipped Seq from 20224 to 20228
Skipped Seq from 20229 to 20231
Skipped Seq from 20231 to 20233
Skipped Seq from 20234 to 20236
Skipped Seq from 20237 to 20239
Skipped Seq from 20239 to 20241
Skipped Seq from 20241 to 20247
Skipped Seq from 20248 to 20250
Skipped Seq from 20252 to 20254
Skipped Seq from 20256 to 20258
Skipped Seq from 20260 to 20264
Skipped Seq from 20264 to 20266
Skipped Seq from 20266 to 20269
Skipped Seq from 20270 to 20276
Skipped Seq from 20276 to 20278
Skipped Seq from 20281 to 20284
Skipped Seq from 20285 to 20287
Skipped Seq from 20288 to 20292
Skipped Seq from 20296 to 20299
Skipped Seq from 20307 to 20309
Skipped Seq from 20309 to 20313
Skipped Seq from 20316 to 20319
Skipped Seq from 20319 to 20322
Skipped Seq from 20323 to 20326
Skipped Seq from 20326 to 20328
Skipped Seq from 20329 to 20332
Skipped Seq from 20332 to 20335
Skipped Seq from 20335 to 20337
Skipped Seq from 20339 to 20343
Skipped Seq from 20343 to 20345
Skipped Seq from 20346 to 20352
Skipped Seq from 20352 to 20354
Skipped Seq from 20364 to 20366
Skipped Seq from 20366 to 20368
Skipped Seq from 20372 to 20374
Skipped Seq from 20374 to 20376
Skipped Seq from 20383 to 20385
Skipped Seq from 20388 to 20390
Skipped Seq from 20390 to 20392
Skipped Seq from 20392 to 20394
Skipped Seq from 20394 to 20400
Skipped Seq from 20401 to 20403
Skipped Seq from 20403 to 20407
Skipped Seq from 20407 to 20409
Skipped Seq from 20409 to 20412
Skipped Seq from 20414 to 20416
Skipped Seq from 20417 to 20421
Skipped Seq from 20431 to 20434
Skipped Seq from 20438 to 20440
Number of times throttled: 7
Received: 18530 / 20853 packets
Start time: 1315250315.738959
End time: 1315250350.329671
Duration: 34.590712
