Starting client at 10.0.0.21:1237 with timeout:10
My IP address is 10.0.0.21Skipped Seq from 2322 to 2333
Skipped Seq from 2335 to 2355
Skipped Seq from 2357 to 2370
Skipped Seq from 2370 to 2372
Skipped Seq from 2374 to 2392
Skipped Seq from 2395 to 2414
Skipped Seq from 2415 to 2435
Skipped Seq from 2436 to 2456
Skipped Seq from 2456 to 2475
Skipped Seq from 2476 to 2494
Skipped Seq from 2494 to 2515
Skipped Seq from 2516 to 2535
Skipped Seq from 2537 to 2560
Skipped Seq from 2560 to 2578
Skipped Seq from 2578 to 2595
Skipped Seq from 2599 to 2617
Skipped Seq from 2617 to 2638
Skipped Seq from 2639 to 2659
Skipped Seq from 2659 to 2670
Skipped Seq from 2675 to 2680
Skipped Seq from 2690 to 2692
Skipped Seq from 2697 to 2704
Skipped Seq from 2705 to 2707
Skipped Seq from 2717 to 2719
Skipped Seq from 2722 to 2726
Skipped Seq from 2730 to 2732
Skipped Seq from 2738 to 2743
Skipped Seq from 2753 to 2755
Skipped Seq from 2760 to 2779
Skipped Seq from 2781 to 2799
Skipped Seq from 2799 to 2801
Skipped Seq from 2802 to 2820
Skipped Seq from 2823 to 2825
Skipped Seq from 2826 to 2841
Skipped Seq from 2843 to 2858
Skipped Seq from 2858 to 2860
Skipped Seq from 2864 to 2877
Skipped Seq from 2881 to 2899
Skipped Seq from 2899 to 2917
Skipped Seq from 2917 to 2936
Skipped Seq from 2937 to 2956
Skipped Seq from 2956 to 2971
Skipped Seq from 2974 to 2976
Skipped Seq from 2977 to 2991
Skipped Seq from 2997 to 3005
Skipped Seq from 3009 to 3012
Skipped Seq from 3016 to 3018
Skipped Seq from 3021 to 3027
Skipped Seq from 3027 to 3031
Skipped Seq from 3035 to 3037
Skipped Seq from 3044 to 3052
Skipped Seq from 3061 to 3063
Skipped Seq from 3064 to 3073
Skipped Seq from 3073 to 3075
Skipped Seq from 3079 to 3085
Skipped Seq from 3093 to 3095
Skipped Seq from 3095 to 3112
Skipped Seq from 3115 to 3133
Skipped Seq from 3133 to 3135
Skipped Seq from 3137 to 3151
Skipped Seq from 3154 to 3172
Skipped Seq from 3175 to 3191
Skipped Seq from 3192 to 3194
Skipped Seq from 3195 to 3213
Skipped Seq from 3215 to 3235
Skipped Seq from 3239 to 3254
Skipped Seq from 3255 to 3257
Skipped Seq from 3259 to 3278
Skipped Seq from 3280 to 3282
Skipped Seq from 3282 to 3297
Skipped Seq from 3303 to 3308
Skipped Seq from 3309 to 3311
Skipped Seq from 3312 to 3323
Skipped Seq from 3331 to 3344
Skipped Seq from 3345 to 3347
Skipped Seq from 3351 to 3364
Skipped Seq from 3369 to 3371
Skipped Seq from 3373 to 3384
Skipped Seq from 3389 to 3391
Skipped Seq from 3394 to 3398
Skipped Seq from 3401 to 3403
Skipped Seq from 3413 to 3415
Skipped Seq from 3425 to 3427
Skipped Seq from 3436 to 3438
Skipped Seq from 3447 to 3449
Skipped Seq from 3452 to 3454
Skipped Seq from 3460 to 3462
Skipped Seq from 3471 to 3475
Skipped Seq from 3485 to 3487
Skipped Seq from 3496 to 3498
Skipped Seq from 3509 to 3517
Skipped Seq from 3522 to 3524
Skipped Seq from 3532 to 3538
Skipped Seq from 3547 to 3549
Skipped Seq from 3551 to 3560
Skipped Seq from 3560 to 3562
Skipped Seq from 3571 to 3573
Skipped Seq from 3574 to 3580
Skipped Seq from 3585 to 3587
Skipped Seq from 3593 to 3602
Skipped Seq from 3610 to 3612
Skipped Seq from 3614 to 3620
Skipped Seq from 3620 to 3622
Skipped Seq from 3632 to 3642
Skipped Seq from 3646 to 3648
Skipped Seq from 3654 to 3662
Skipped Seq from 3668 to 3670
Skipped Seq from 3675 to 3681
Skipped Seq from 3681 to 3683
Skipped Seq from 3692 to 3703
Skipped Seq from 3706 to 3708
Skipped Seq from 3714 to 3716
Skipped Seq from 3716 to 3718
Skipped Seq from 3718 to 3720
Skipped Seq from 3720 to 3725
Skipped Seq from 3725 to 3727
Skipped Seq from 3727 to 3733
Skipped Seq from 3734 to 3736
Skipped Seq from 3737 to 3739
Skipped Seq from 3742 to 3744
Skipped Seq from 3747 to 3749
Skipped Seq from 3750 to 3752
Skipped Seq from 3754 to 3756
Skipped Seq from 3759 to 3761
Skipped Seq from 3762 to 3764
Skipped Seq from 3767 to 3769
Skipped Seq from 3773 to 3775
Skipped Seq from 3781 to 3786
Skipped Seq from 3786 to 3800
Skipped Seq from 3800 to 3802
Skipped Seq from 3802 to 3804
Skipped Seq from 3805 to 3807
Skipped Seq from 3814 to 3816
Skipped Seq from 3818 to 3820
Skipped Seq from 3821 to 3823
Skipped Seq from 3824 to 3826
Skipped Seq from 3834 to 3836
Skipped Seq from 3839 to 3853
Skipped Seq from 3855 to 3860
Skipped Seq from 3860 to 3863
Skipped Seq from 3863 to 3865
Skipped Seq from 3865 to 3867
Skipped Seq from 3867 to 3869
Skipped Seq from 3869 to 3874
Skipped Seq from 3875 to 3879
Skipped Seq from 3879 to 3883
Skipped Seq from 3884 to 3886
Skipped Seq from 3886 to 3888
Skipped Seq from 3888 to 3890
Skipped Seq from 3891 to 3893
Skipped Seq from 3893 to 3895
Skipped Seq from 3898 to 3900
Skipped Seq from 3900 to 3903
Skipped Seq from 3908 to 3910
Skipped Seq from 3911 to 3916
Skipped Seq from 3920 to 3922
Skipped Seq from 3931 to 3939
Skipped Seq from 3946 to 3948
Skipped Seq from 3960 to 3962
Skipped Seq from 3966 to 3973
Skipped Seq from 3979 to 3981
Skipped Seq from 3984 to 3996
Skipped Seq from 4003 to 4018
Skipped Seq from 4018 to 4020
Skipped Seq from 4028 to 4033
Skipped Seq from 4037 to 4039
Skipped Seq from 4046 to 4050
Skipped Seq from 4050 to 4052
Skipped Seq from 4061 to 4063
Skipped Seq from 4065 to 4072
Skipped Seq from 4074 to 4076
Skipped Seq from 4085 to 4091
Skipped Seq from 4098 to 4100
Skipped Seq from 4103 to 4110
Skipped Seq from 4110 to 4112
Skipped Seq from 4121 to 4128
Skipped Seq from 4133 to 4135
Skipped Seq from 4142 to 4149
Skipped Seq from 4158 to 4160
Skipped Seq from 4161 to 4170
Skipped Seq from 4170 to 4172
Skipped Seq from 4180 to 4191
Skipped Seq from 4194 to 4196
Skipped Seq from 4202 to 4212
Skipped Seq from 4220 to 4222
Skipped Seq from 4224 to 4234
Skipped Seq from 4242 to 4254
Skipped Seq from 4257 to 4259
Skipped Seq from 4264 to 4277
Skipped Seq from 4283 to 4294
Skipped Seq from 4294 to 4296
Skipped Seq from 4297 to 4312
Skipped Seq from 4317 to 4319
Skipped Seq from 4319 to 4331
Skipped Seq from 4338 to 4349
Skipped Seq from 4351 to 4353
Skipped Seq from 4358 to 4372
Skipped Seq from 4376 to 4378
Skipped Seq from 4378 to 4380
Skipped Seq from 4382 to 4384
Skipped Seq from 4394 to 4396
Skipped Seq from 4396 to 4403
Skipped Seq from 4408 to 4410
Skipped Seq from 4419 to 4423
Skipped Seq from 4432 to 4434
Skipped Seq from 4442 to 4444
Skipped Seq from 4445 to 4447
Skipped Seq from 4457 to 4459
Skipped Seq from 4464 to 4466
Skipped Seq from 4469 to 4471
Skipped Seq from 4480 to 4487
Skipped Seq from 4495 to 4497
Skipped Seq from 4501 to 4509
Skipped Seq from 4520 to 4522
Skipped Seq from 4522 to 4529
Skipped Seq from 4532 to 4534
Skipped Seq from 4544 to 4550
Skipped Seq from 4554 to 4584
Skipped Seq from 4588 to 4613
Skipped Seq from 4619 to 4621
Skipped Seq from 4623 to 4633
Skipped Seq from 4642 to 4644
Skipped Seq from 4646 to 4648
Skipped Seq from 4664 to 4666
Skipped Seq from 4685 to 4687
Skipped Seq from 4695 to 4697
Skipped Seq from 4697 to 4699
Skipped Seq from 4711 to 4713
Skipped Seq from 4720 to 4723
Skipped Seq from 4723 to 4725
Skipped Seq from 4726 to 4729
Skipped Seq from 4738 to 4740
Skipped Seq from 4746 to 4749
Skipped Seq from 4756 to 4758
Skipped Seq from 4758 to 4760
Skipped Seq from 4765 to 4767
Skipped Seq from 4768 to 4770
Skipped Seq from 4770 to 4772
Skipped Seq from 4779 to 4781
Skipped Seq from 4787 to 4789
Skipped Seq from 4789 to 4791
Skipped Seq from 4793 to 4796
Skipped Seq from 4805 to 4807
Skipped Seq from 4809 to 4811
Skipped Seq from 4816 to 4819
Skipped Seq from 4820 to 4822
Skipped Seq from 10034 to 10036
Skipped Seq from 10036 to 10038
Skipped Seq from 10041 to 10043
Skipped Seq from 10044 to 10046
Skipped Seq from 10049 to 10052
Skipped Seq from 10058 to 10060
Skipped Seq from 10062 to 10064
Skipped Seq from 10072 to 10074
Skipped Seq from 10075 to 10078
Skipped Seq from 10078 to 10080
Skipped Seq from 10081 to 10083
Skipped Seq from 10083 to 10085
Skipped Seq from 10086 to 10088
Skipped Seq from 10088 to 10091
Skipped Seq from 10092 to 10094
Skipped Seq from 10095 to 10097
Skipped Seq from 10097 to 10099
Skipped Seq from 10100 to 10103
Skipped Seq from 10106 to 10108
Skipped Seq from 10111 to 10113
Skipped Seq from 10113 to 10115
Skipped Seq from 10115 to 10117
Skipped Seq from 10118 to 10120
Skipped Seq from 10120 to 10122
Skipped Seq from 10123 to 10125
Skipped Seq from 10125 to 10128
Skipped Seq from 10129 to 10131
Skipped Seq from 10132 to 10134
Skipped Seq from 10137 to 10140
Skipped Seq from 10141 to 10143
Skipped Seq from 10146 to 10148
Skipped Seq from 10149 to 10152
Skipped Seq from 10153 to 10155
Skipped Seq from 10158 to 10160
Skipped Seq from 10161 to 10163
Skipped Seq from 10163 to 10166
Skipped Seq from 10167 to 10169
Skipped Seq from 10170 to 10172
Skipped Seq from 10172 to 10174
Skipped Seq from 10175 to 10178
Skipped Seq from 10188 to 10190
Skipped Seq from 10191 to 10193
Skipped Seq from 10199 to 10201
Skipped Seq from 10201 to 10203
Skipped Seq from 10203 to 10205
Skipped Seq from 10206 to 10208
Skipped Seq from 10209 to 10211
Skipped Seq from 10213 to 10215
Skipped Seq from 10225 to 10227
Skipped Seq from 10238 to 10240
Skipped Seq from 10250 to 10252
Skipped Seq from 10263 to 10265
Skipped Seq from 10269 to 10271
Skipped Seq from 10272 to 10274
Skipped Seq from 10275 to 10277
Skipped Seq from 10287 to 10290
Skipped Seq from 10291 to 10293
Skipped Seq from 10294 to 10296
Skipped Seq from 10300 to 10302
Skipped Seq from 10312 to 10314
Skipped Seq from 10314 to 10316
Skipped Seq from 10316 to 10318
Skipped Seq from 10318 to 10321
Skipped Seq from 10321 to 10324
Skipped Seq from 10324 to 10328
Skipped Seq from 10328 to 10331
Skipped Seq from 10332 to 10334
Skipped Seq from 10334 to 10337
Skipped Seq from 10337 to 10341
Skipped Seq from 10341 to 10344
Skipped Seq from 10344 to 10347
Skipped Seq from 10347 to 10350
Skipped Seq from 10350 to 10353
Skipped Seq from 10353 to 10356
Skipped Seq from 10357 to 10359
Skipped Seq from 10360 to 10362
Skipped Seq from 10363 to 10366
Skipped Seq from 10367 to 10369
Skipped Seq from 10370 to 10372
Skipped Seq from 10373 to 10375
Skipped Seq from 10376 to 10379
Skipped Seq from 10380 to 10383
Skipped Seq from 10383 to 10386
Skipped Seq from 10386 to 10388
Skipped Seq from 10389 to 10393
Skipped Seq from 10393 to 10396
Skipped Seq from 10396 to 10399
Skipped Seq from 10399 to 10402
Skipped Seq from 10402 to 10406
Skipped Seq from 10406 to 10409
Skipped Seq from 10409 to 10412
Skipped Seq from 10412 to 10415
Skipped Seq from 10415 to 10419
Skipped Seq from 10419 to 10422
Skipped Seq from 10422 to 10426
Skipped Seq from 10426 to 10429
Skipped Seq from 10429 to 10436
Skipped Seq from 10436 to 10439
Skipped Seq from 10439 to 10442
Skipped Seq from 10442 to 10446
Skipped Seq from 10446 to 10448
Skipped Seq from 10448 to 10451
Skipped Seq from 10451 to 10455
Skipped Seq from 10455 to 10458
Skipped Seq from 10458 to 10461
Skipped Seq from 10461 to 10465
Skipped Seq from 10465 to 10468
Skipped Seq from 10469 to 10471
Skipped Seq from 10472 to 10474
Skipped Seq from 10475 to 10479
Skipped Seq from 10479 to 10482
Skipped Seq from 10482 to 10485
Skipped Seq from 10485 to 10489
Skipped Seq from 10489 to 10492
Skipped Seq from 10492 to 10495
Skipped Seq from 10495 to 10499
Skipped Seq from 10499 to 10503
Skipped Seq from 10503 to 10506
Skipped Seq from 10506 to 10509
Skipped Seq from 10509 to 10513
Skipped Seq from 10513 to 10517
Skipped Seq from 10517 to 10520
Skipped Seq from 10520 to 10524
Skipped Seq from 10524 to 10527
Skipped Seq from 10527 to 10535
Skipped Seq from 10535 to 10538
Skipped Seq from 10538 to 10541
Skipped Seq from 10541 to 10545
Skipped Seq from 10545 to 10548
Skipped Seq from 10548 to 10552
Skipped Seq from 10552 to 10556
Skipped Seq from 10556 to 10559
Skipped Seq from 10559 to 10563
Skipped Seq from 10563 to 10566
Skipped Seq from 10566 to 10570
Skipped Seq from 10570 to 10573
Skipped Seq from 10573 to 10577
Skipped Seq from 10577 to 10583
Skipped Seq from 10583 to 10586
Skipped Seq from 10586 to 10590
Skipped Seq from 10590 to 10593
Skipped Seq from 10593 to 10597
Skipped Seq from 10597 to 10601
Skipped Seq from 10601 to 10605
Skipped Seq from 10605 to 10608
Skipped Seq from 10608 to 10611
Skipped Seq from 10611 to 10616
Skipped Seq from 10616 to 10619
Skipped Seq from 10619 to 10623
Skipped Seq from 10623 to 10627
Skipped Seq from 10627 to 10630
Skipped Seq from 10630 to 10633
Skipped Seq from 10633 to 10636
Skipped Seq from 10636 to 10641
Skipped Seq from 10641 to 10644
Skipped Seq from 10644 to 10648
Skipped Seq from 10648 to 10653
Skipped Seq from 10653 to 10656
Skipped Seq from 10656 to 10659
Skipped Seq from 10659 to 10664
Skipped Seq from 10664 to 10667
Skipped Seq from 10667 to 10671
Skipped Seq from 10671 to 10674
Skipped Seq from 10674 to 10679
Skipped Seq from 10679 to 10682
Skipped Seq from 10682 to 10686
Skipped Seq from 10686 to 10690
Skipped Seq from 10690 to 10694
Skipped Seq from 10694 to 10697
Skipped Seq from 10698 to 10701
Skipped Seq from 10701 to 10706
Skipped Seq from 10706 to 10709
Skipped Seq from 10709 to 10713
Skipped Seq from 10713 to 10720
Skipped Seq from 10720 to 10724
Skipped Seq from 10724 to 10727
Skipped Seq from 10727 to 10731
Skipped Seq from 10731 to 10735
Skipped Seq from 10735 to 10739
Skipped Seq from 10739 to 10742
Skipped Seq from 10742 to 10746
Skipped Seq from 10746 to 10751
Skipped Seq from 10751 to 10754
Skipped Seq from 10754 to 10758
Skipped Seq from 10758 to 10763
Skipped Seq from 10763 to 10767
Skipped Seq from 10767 to 10770
Skipped Seq from 10771 to 10773
Skipped Seq from 10775 to 10777
Skipped Seq from 10783 to 10794
Skipped Seq from 10794 to 10798
Skipped Seq from 10798 to 10802
Skipped Seq from 10802 to 10805
Skipped Seq from 10805 to 10809
Skipped Seq from 10810 to 10813
Skipped Seq from 10813 to 10817
Skipped Seq from 10817 to 10821
Skipped Seq from 10822 to 10825
Skipped Seq from 10825 to 10829
Skipped Seq from 10829 to 10833
Skipped Seq from 10834 to 10837
Skipped Seq from 10838 to 10841
Skipped Seq from 10842 to 10846
Skipped Seq from 10847 to 10849
Skipped Seq from 10851 to 10853
Skipped Seq from 10854 to 10857
Skipped Seq from 10858 to 10862
Skipped Seq from 10863 to 10865
Skipped Seq from 10867 to 10869
Skipped Seq from 10870 to 10874
Skipped Seq from 10875 to 10878
Skipped Seq from 10879 to 10882
Skipped Seq from 10882 to 10885
Skipped Seq from 10885 to 10887
Skipped Seq from 10887 to 10890
Skipped Seq from 10891 to 10893
Skipped Seq from 10894 to 10899
Skipped Seq from 10899 to 10902
Skipped Seq from 10904 to 10907
Skipped Seq from 10908 to 10911
Skipped Seq from 10911 to 10913
Skipped Seq from 10913 to 10916
Skipped Seq from 10917 to 10920
Skipped Seq from 10921 to 10925
Skipped Seq from 10925 to 10930
Skipped Seq from 10930 to 10933
Skipped Seq from 10935 to 10937
Skipped Seq from 10937 to 10939
Skipped Seq from 10939 to 10943
Skipped Seq from 10944 to 10946
Skipped Seq from 10948 to 10952
Skipped Seq from 10953 to 10956
Skipped Seq from 10957 to 10960
Skipped Seq from 10962 to 10965
Skipped Seq from 10967 to 10969
Skipped Seq from 10971 to 10974
Skipped Seq from 10975 to 10977
Skipped Seq from 10981 to 10983
Skipped Seq from 10985 to 10987
Skipped Seq from 10988 to 10990
Skipped Seq from 10990 to 10992
Skipped Seq from 10994 to 10997
Skipped Seq from 10999 to 11001
Skipped Seq from 11002 to 11004
Skipped Seq from 11004 to 11006
Skipped Seq from 11013 to 11016
Skipped Seq from 11017 to 11020
Skipped Seq from 11025 to 11027
Skipped Seq from 11031 to 11033
Skipped Seq from 11035 to 11037
Skipped Seq from 11038 to 11040
Skipped Seq from 11040 to 11043
Skipped Seq from 11045 to 11047
Skipped Seq from 11050 to 11052
Skipped Seq from 11052 to 11054
Skipped Seq from 11055 to 11057
Skipped Seq from 11059 to 11061
Skipped Seq from 11063 to 11065
Skipped Seq from 11066 to 11068
Skipped Seq from 11068 to 11070
Skipped Seq from 11072 to 11075
Skipped Seq from 11077 to 11080
Skipped Seq from 11082 to 11084
Skipped Seq from 11084 to 11087
Skipped Seq from 11088 to 11090
Skipped Seq from 11106 to 11108
Skipped Seq from 11120 to 11122
Skipped Seq from 11128 to 11132
Skipped Seq from 11132 to 11136
Skipped Seq from 11136 to 11140
Skipped Seq from 11140 to 11144
Skipped Seq from 11144 to 11147
Skipped Seq from 11147 to 11153
Skipped Seq from 11153 to 11157
Skipped Seq from 11157 to 11159
Skipped Seq from 11159 to 11163
Skipped Seq from 11163 to 11166
Skipped Seq from 11166 to 11169
Skipped Seq from 11169 to 11173
Skipped Seq from 11173 to 11179
Skipped Seq from 11179 to 11182
Skipped Seq from 11182 to 11188
Skipped Seq from 11194 to 11196
Skipped Seq from 11207 to 11209
Skipped Seq from 11220 to 11222
Skipped Seq from 11232 to 11234
Skipped Seq from 11244 to 11246
Skipped Seq from 11255 to 11257
Skipped Seq from 11265 to 11267
Skipped Seq from 11269 to 11271
Skipped Seq from 11272 to 11274
Skipped Seq from 11279 to 11281
Skipped Seq from 11283 to 11285
Skipped Seq from 11294 to 11296
Skipped Seq from 11307 to 11309
Skipped Seq from 11320 to 11322
Skipped Seq from 11322 to 11324
Skipped Seq from 11332 to 11334
Skipped Seq from 11344 to 11346
Skipped Seq from 11357 to 11359
Skipped Seq from 11370 to 11372
Skipped Seq from 11373 to 11375
Skipped Seq from 11380 to 11382
Skipped Seq from 11383 to 11385
Skipped Seq from 11386 to 11390
Skipped Seq from 11394 to 11399
Skipped Seq from 11403 to 11405
Skipped Seq from 11407 to 11409
Skipped Seq from 11417 to 11419
Skipped Seq from 11427 to 11429
Skipped Seq from 11429 to 11431
Skipped Seq from 11439 to 11443
Skipped Seq from 11443 to 11451
Skipped Seq from 11452 to 11459
Skipped Seq from 11459 to 11469
Skipped Seq from 11469 to 11478
Skipped Seq from 11478 to 11486
Skipped Seq from 11486 to 11495
Skipped Seq from 11495 to 11502
Skipped Seq from 11502 to 11505
Skipped Seq from 11505 to 11508
Skipped Seq from 11508 to 11519
Skipped Seq from 11523 to 11525
Skipped Seq from 11527 to 11529
Skipped Seq from 11531 to 11533
Skipped Seq from 11535 to 11537
Skipped Seq from 11543 to 11545
Skipped Seq from 11549 to 11551
Skipped Seq from 11554 to 11556
Skipped Seq from 11556 to 11558
Skipped Seq from 11558 to 11560
Skipped Seq from 11581 to 11583
Skipped Seq from 11584 to 11586
Skipped Seq from 11589 to 11591
Skipped Seq from 11591 to 11593
Skipped Seq from 11596 to 11598
Skipped Seq from 11601 to 11603
Skipped Seq from 11611 to 11613
Skipped Seq from 11613 to 11615
Skipped Seq from 11616 to 11618
Skipped Seq from 11626 to 11628
Skipped Seq from 11628 to 11642
Skipped Seq from 11642 to 11644
Skipped Seq from 11644 to 11646
Skipped Seq from 11649 to 11651
Skipped Seq from 11653 to 11655
Skipped Seq from 11658 to 11665
Skipped Seq from 11666 to 11676
Skipped Seq from 11679 to 11688
Skipped Seq from 11691 to 11698
Skipped Seq from 11700 to 11709
Skipped Seq from 11711 to 11722
Skipped Seq from 11723 to 11733
Skipped Seq from 11734 to 11745
Skipped Seq from 11745 to 11758
Skipped Seq from 11758 to 11769
Skipped Seq from 11772 to 11782
Skipped Seq from 11782 to 11793
Skipped Seq from 11796 to 11807
Skipped Seq from 11808 to 11820
Skipped Seq from 11823 to 11835
Skipped Seq from 11835 to 11850
Skipped Seq from 11850 to 11865
Skipped Seq from 11865 to 11880
Skipped Seq from 11881 to 11893
Skipped Seq from 11894 to 11908
Skipped Seq from 11908 to 11910
Skipped Seq from 11910 to 11922
Skipped Seq from 11922 to 11934
Skipped Seq from 11934 to 11942
Skipped Seq from 11942 to 11949
Skipped Seq from 11949 to 11959
Skipped Seq from 11959 to 11971
Skipped Seq from 11972 to 11985
Skipped Seq from 11986 to 11997
Skipped Seq from 11997 to 12009
Skipped Seq from 12011 to 12024
Skipped Seq from 12025 to 12041
Skipped Seq from 12042 to 12057
Skipped Seq from 12058 to 12073
Skipped Seq from 12073 to 12088
Skipped Seq from 12088 to 12094
Skipped Seq from 12094 to 12097
Skipped Seq from 12101 to 12103
Skipped Seq from 12171 to 12173
Skipped Seq from 12195 to 12197
Skipped Seq from 12204 to 12207
Skipped Seq from 12213 to 12215
Skipped Seq from 12227 to 12229
Skipped Seq from 12233 to 12235
Skipped Seq from 12245 to 12248
Skipped Seq from 12256 to 12259
Skipped Seq from 12266 to 12268
Skipped Seq from 12272 to 12274
Skipped Seq from 12278 to 12280
Skipped Seq from 12282 to 12284
Skipped Seq from 12289 to 12291
Skipped Seq from 12292 to 12294
Skipped Seq from 12297 to 12299
Skipped Seq from 12305 to 12307
Number of times throttled: 11
Received: 13423 / 15850 packets
Start time: 1332850377.386598
End time: 1332850431.042576
Duration: 53.655978
