Starting client at 10.0.0.22:1237 with timeout:10
My IP address is 10.0.0.22Skipped Seq from 2611 to 2613
Skipped Seq from 2620 to 2627
Skipped Seq from 2638 to 2640
Skipped Seq from 2642 to 2647
Skipped Seq from 2649 to 2651
Skipped Seq from 2663 to 2670
Skipped Seq from 2675 to 2677
Skipped Seq from 2684 to 2692
Skipped Seq from 2700 to 2702
Skipped Seq from 2702 to 2712
Skipped Seq from 2713 to 2715
Skipped Seq from 2721 to 2733
Skipped Seq from 2738 to 2740
Skipped Seq from 2745 to 2755
Skipped Seq from 2763 to 2765
Skipped Seq from 2765 to 2774
Skipped Seq from 2774 to 2776
Skipped Seq from 2785 to 2795
Skipped Seq from 2800 to 2802
Skipped Seq from 2808 to 2816
Skipped Seq from 2824 to 2826
Skipped Seq from 2830 to 2835
Skipped Seq from 2836 to 2838
Skipped Seq from 2847 to 2849
Skipped Seq from 2854 to 2858
Skipped Seq from 2861 to 2863
Skipped Seq from 2873 to 2875
Skipped Seq from 2875 to 2879
Skipped Seq from 2887 to 2889
Skipped Seq from 2895 to 2898
Skipped Seq from 2898 to 2900
Skipped Seq from 2907 to 2914
Skipped Seq from 2918 to 2920
Skipped Seq from 2925 to 2931
Skipped Seq from 2940 to 2942
Skipped Seq from 2945 to 2948
Skipped Seq from 2953 to 2958
Skipped Seq from 2958 to 2976
Skipped Seq from 2982 to 2984
Skipped Seq from 2985 to 2997
Skipped Seq from 3006 to 3020
Skipped Seq from 3020 to 3022
Skipped Seq from 3028 to 3043
Skipped Seq from 3045 to 3047
Skipped Seq from 3050 to 3065
Skipped Seq from 3071 to 3073
Skipped Seq from 3075 to 3086
Skipped Seq from 3095 to 3111
Skipped Seq from 3111 to 3113
Skipped Seq from 3119 to 3132
Skipped Seq from 3136 to 3138
Skipped Seq from 3141 to 3149
Skipped Seq from 3153 to 3172
Skipped Seq from 3172 to 3174
Skipped Seq from 3176 to 3194
Skipped Seq from 3196 to 3216
Skipped Seq from 3217 to 3238
Skipped Seq from 3240 to 3258
Skipped Seq from 3260 to 3262
Skipped Seq from 3262 to 3281
Skipped Seq from 3285 to 3304
Skipped Seq from 3310 to 3324
Skipped Seq from 3324 to 3326
Skipped Seq from 3332 to 3346
Skipped Seq from 3349 to 3351
Skipped Seq from 3353 to 3367
Skipped Seq from 3372 to 3393
Skipped Seq from 3394 to 3411
Skipped Seq from 3412 to 3433
Skipped Seq from 3438 to 3452
Skipped Seq from 3461 to 3463
Skipped Seq from 3464 to 3472
Skipped Seq from 3475 to 3477
Skipped Seq from 3485 to 3495
Skipped Seq from 3499 to 3501
Skipped Seq from 3508 to 3517
Skipped Seq from 3526 to 3528
Skipped Seq from 3531 to 3537
Skipped Seq from 3538 to 3540
Skipped Seq from 3551 to 3553
Skipped Seq from 3555 to 3560
Skipped Seq from 3564 to 3566
Skipped Seq from 3578 to 3580
Skipped Seq from 3581 to 3584
Skipped Seq from 3585 to 3591
Skipped Seq from 3600 to 3605
Skipped Seq from 3610 to 3621
Skipped Seq from 3622 to 3624
Skipped Seq from 3634 to 3637
Skipped Seq from 3647 to 3649
Skipped Seq from 3654 to 3661
Skipped Seq from 3661 to 3663
Skipped Seq from 3673 to 3675
Skipped Seq from 3678 to 3680
Skipped Seq from 3684 to 3686
Skipped Seq from 3696 to 3698
Skipped Seq from 3710 to 3712
Skipped Seq from 3722 to 3728
Skipped Seq from 3738 to 3740
Skipped Seq from 3749 to 3751
Skipped Seq from 3752 to 3754
Skipped Seq from 3766 to 3768
Skipped Seq from 3773 to 3778
Skipped Seq from 3780 to 3782
Skipped Seq from 3793 to 3795
Skipped Seq from 3797 to 3802
Skipped Seq from 3806 to 3808
Skipped Seq from 3821 to 3823
Skipped Seq from 3823 to 3827
Skipped Seq from 3835 to 3837
Skipped Seq from 3848 to 3852
Skipped Seq from 3852 to 3854
Skipped Seq from 3862 to 3864
Skipped Seq from 3871 to 3875
Skipped Seq from 3875 to 3877
Skipped Seq from 3887 to 3889
Skipped Seq from 3890 to 3892
Skipped Seq from 3899 to 3901
Skipped Seq from 3912 to 3914
Skipped Seq from 3917 to 3920
Skipped Seq from 3927 to 3929
Skipped Seq from 3937 to 3943
Skipped Seq from 3952 to 3954
Skipped Seq from 3958 to 3965
Skipped Seq from 3965 to 3967
Skipped Seq from 3976 to 3978
Skipped Seq from 3980 to 3986
Skipped Seq from 3991 to 3993
Skipped Seq from 4003 to 4010
Skipped Seq from 4018 to 4020
Skipped Seq from 4028 to 4035
Skipped Seq from 4044 to 4046
Skipped Seq from 4051 to 4057
Skipped Seq from 4057 to 4059
Skipped Seq from 4071 to 4073
Skipped Seq from 4075 to 4082
Skipped Seq from 4085 to 4087
Skipped Seq from 4098 to 4108
Skipped Seq from 4113 to 4115
Skipped Seq from 4122 to 4133
Skipped Seq from 4140 to 4142
Skipped Seq from 4148 to 4157
Skipped Seq from 4166 to 4168
Skipped Seq from 4170 to 4179
Skipped Seq from 4179 to 4181
Skipped Seq from 4192 to 4202
Skipped Seq from 4205 to 4207
Skipped Seq from 4213 to 4226
Skipped Seq from 4229 to 4232
Skipped Seq from 4237 to 4242
Skipped Seq from 4242 to 4251
Skipped Seq from 4255 to 4269
Skipped Seq from 4270 to 4272
Skipped Seq from 4274 to 4290
Skipped Seq from 4291 to 4293
Skipped Seq from 4293 to 4295
Skipped Seq from 4299 to 4305
Skipped Seq from 4317 to 4319
Skipped Seq from 4323 to 4327
Skipped Seq from 4329 to 4331
Skipped Seq from 4343 to 4345
Skipped Seq from 4348 to 4353
Skipped Seq from 4357 to 4359
Skipped Seq from 4370 to 4377
Skipped Seq from 4384 to 4386
Skipped Seq from 4394 to 4400
Skipped Seq from 4411 to 4413
Skipped Seq from 4415 to 4427
Skipped Seq from 4437 to 4439
Skipped Seq from 4439 to 4447
Skipped Seq from 4450 to 4452
Skipped Seq from 4462 to 4470
Skipped Seq from 4476 to 4478
Skipped Seq from 4486 to 4495
Skipped Seq from 4503 to 4505
Skipped Seq from 4508 to 4514
Skipped Seq from 4515 to 4517
Skipped Seq from 4528 to 4530
Skipped Seq from 4533 to 4538
Skipped Seq from 4540 to 4542
Skipped Seq from 4551 to 4553
Skipped Seq from 4563 to 4565
Skipped Seq from 4570 to 4577
Skipped Seq from 4577 to 4579
Skipped Seq from 4589 to 4591
Skipped Seq from 4595 to 4599
Skipped Seq from 4602 to 4604
Skipped Seq from 4615 to 4617
Skipped Seq from 4618 to 4622
Skipped Seq from 4628 to 4630
Skipped Seq from 4641 to 4646
Skipped Seq from 4646 to 4660
Skipped Seq from 4660 to 4681
Skipped Seq from 4686 to 4699
Skipped Seq from 4699 to 4701
Skipped Seq from 4707 to 4721
Skipped Seq from 4723 to 4725
Skipped Seq from 4728 to 4742
Skipped Seq from 4744 to 4766
Skipped Seq from 4768 to 4789
Skipped Seq from 4789 to 4791
Skipped Seq from 4793 to 4812
Skipped Seq from 4814 to 4833
Skipped Seq from 4840 to 4856
Skipped Seq from 4862 to 4876
Skipped Seq from 4876 to 4882
Skipped Seq from 4886 to 4896
Skipped Seq from 4901 to 4903
Skipped Seq from 4907 to 4913
Skipped Seq from 4914 to 4916
Skipped Seq from 4916 to 4918
Skipped Seq from 4927 to 4932
Skipped Seq from 4935 to 4951
Skipped Seq from 4952 to 4962
Skipped Seq from 4972 to 4976
Skipped Seq from 4984 to 4986
Skipped Seq from 5035 to 5037
Skipped Seq from 5060 to 5062
Skipped Seq from 5111 to 5113
Skipped Seq from 5123 to 5125
Skipped Seq from 5135 to 5137
Skipped Seq from 5147 to 5149
Number of times throttled: 5
Received: 8422 / 9517 packets
Start time: 1332850141.845596
End time: 1332850179.512644
Duration: 37.667048
