Starting client at 10.0.0.12:1249 with timeout:10
My IP address is 10.0.0.12Skipped Seq from 348 to 352
Skipped Seq from 352 to 355
Skipped Seq from 356 to 358
Skipped Seq from 358 to 361
Skipped Seq from 362 to 365
Skipped Seq from 366 to 369
Skipped Seq from 369 to 372
Skipped Seq from 373 to 375
Skipped Seq from 375 to 377
Skipped Seq from 377 to 379
Skipped Seq from 386 to 390
Skipped Seq from 390 to 392
Skipped Seq from 397 to 399
Skipped Seq from 399 to 403
Skipped Seq from 404 to 408
Skipped Seq from 408 to 410
Skipped Seq from 411 to 413
Skipped Seq from 413 to 415
Skipped Seq from 415 to 417
Skipped Seq from 418 to 420
Skipped Seq from 421 to 424
Skipped Seq from 424 to 428
Skipped Seq from 429 to 432
Skipped Seq from 432 to 435
Skipped Seq from 436 to 439
Skipped Seq from 439 to 443
Skipped Seq from 443 to 446
Skipped Seq from 446 to 449
Skipped Seq from 450 to 452
Skipped Seq from 452 to 454
Skipped Seq from 457 to 459
Skipped Seq from 460 to 462
Skipped Seq from 463 to 466
Skipped Seq from 467 to 471
Skipped Seq from 471 to 474
Skipped Seq from 474 to 476
Skipped Seq from 477 to 481
Skipped Seq from 481 to 484
Skipped Seq from 485 to 488
Skipped Seq from 488 to 491
Skipped Seq from 491 to 493
Skipped Seq from 499 to 502
Skipped Seq from 502 to 506
Skipped Seq from 507 to 510
Skipped Seq from 510 to 513
Skipped Seq from 513 to 516
Skipped Seq from 516 to 518
Skipped Seq from 518 to 531
Skipped Seq from 531 to 535
Skipped Seq from 535 to 538
Skipped Seq from 539 to 541
Skipped Seq from 541 to 543
Skipped Seq from 543 to 546
Skipped Seq from 546 to 549
Skipped Seq from 550 to 553
Skipped Seq from 553 to 567
Skipped Seq from 567 to 571
Skipped Seq from 572 to 574
Skipped Seq from 575 to 578
Skipped Seq from 578 to 581
Skipped Seq from 581 to 583
Skipped Seq from 583 to 586
Skipped Seq from 586 to 589
Skipped Seq from 589 to 592
Skipped Seq from 593 to 598
Skipped Seq from 598 to 601
Skipped Seq from 602 to 604
Skipped Seq from 605 to 608
Skipped Seq from 608 to 623
Skipped Seq from 623 to 632
Skipped Seq from 633 to 637
Skipped Seq from 637 to 640
Skipped Seq from 641 to 645
Skipped Seq from 645 to 649
Skipped Seq from 650 to 652
Skipped Seq from 653 to 655
Skipped Seq from 656 to 659
Skipped Seq from 659 to 663
Skipped Seq from 664 to 667
Skipped Seq from 667 to 671
Skipped Seq from 672 to 675
Skipped Seq from 676 to 679
Skipped Seq from 679 to 682
Skipped Seq from 682 to 685
Skipped Seq from 685 to 689
Skipped Seq from 689 to 696
Skipped Seq from 697 to 699
Skipped Seq from 703 to 705
Skipped Seq from 711 to 713
Skipped Seq from 717 to 719
Skipped Seq from 722 to 724
Skipped Seq from 725 to 727
Skipped Seq from 729 to 732
Skipped Seq from 733 to 735
Skipped Seq from 743 to 745
Skipped Seq from 745 to 747
Skipped Seq from 752 to 754
Skipped Seq from 755 to 758
Skipped Seq from 760 to 762
Skipped Seq from 763 to 766
Skipped Seq from 768 to 770
Skipped Seq from 770 to 772
Skipped Seq from 772 to 774
Skipped Seq from 775 to 778
Skipped Seq from 782 to 785
Skipped Seq from 787 to 789
Skipped Seq from 790 to 793
Skipped Seq from 793 to 796
Skipped Seq from 796 to 798
Skipped Seq from 798 to 801
Skipped Seq from 801 to 805
Skipped Seq from 806 to 808
Skipped Seq from 809 to 813
Skipped Seq from 813 to 816
Skipped Seq from 817 to 820
Skipped Seq from 820 to 824
Skipped Seq from 824 to 827
Skipped Seq from 828 to 831
Skipped Seq from 831 to 835
Skipped Seq from 835 to 837
Skipped Seq from 837 to 840
Skipped Seq from 840 to 843
Skipped Seq from 843 to 846
Skipped Seq from 847 to 850
Skipped Seq from 852 to 854
Skipped Seq from 856 to 859
Skipped Seq from 859 to 864
Skipped Seq from 865 to 868
Skipped Seq from 868 to 871
Skipped Seq from 872 to 875
Skipped Seq from 875 to 879
Skipped Seq from 879 to 882
Skipped Seq from 882 to 886
Skipped Seq from 886 to 895
Skipped Seq from 895 to 907
Skipped Seq from 907 to 910
Skipped Seq from 911 to 914
Skipped Seq from 914 to 917
Skipped Seq from 917 to 929
Skipped Seq from 929 to 931
Skipped Seq from 931 to 960
Skipped Seq from 960 to 964
Skipped Seq from 964 to 968
Skipped Seq from 968 to 970
Skipped Seq from 972 to 980
Skipped Seq from 980 to 984
Skipped Seq from 984 to 986
Skipped Seq from 989 to 993
Skipped Seq from 993 to 996
Skipped Seq from 997 to 1000
Skipped Seq from 1001 to 1004
Skipped Seq from 1005 to 1007
Skipped Seq from 1009 to 1012
Skipped Seq from 1012 to 1031
Skipped Seq from 1031 to 1034
Skipped Seq from 1034 to 1036
Skipped Seq from 1036 to 1039
Skipped Seq from 1039 to 1042
Skipped Seq from 1042 to 1046
Skipped Seq from 1046 to 1051
Skipped Seq from 1051 to 1054
Skipped Seq from 1055 to 1058
Skipped Seq from 1058 to 1063
Skipped Seq from 1064 to 1067
Skipped Seq from 1068 to 1071
Skipped Seq from 1072 to 1076
Skipped Seq from 1076 to 1079
Skipped Seq from 1080 to 1083
Skipped Seq from 1084 to 1087
Skipped Seq from 1087 to 1089
Skipped Seq from 1089 to 1092
Skipped Seq from 1092 to 1095
Skipped Seq from 1097 to 1101
Skipped Seq from 1102 to 1104
Skipped Seq from 1109 to 1111
Skipped Seq from 1111 to 1113
Skipped Seq from 1114 to 1116
Skipped Seq from 1118 to 1120
Skipped Seq from 1125 to 1129
Skipped Seq from 1131 to 1133
Skipped Seq from 1134 to 1137
Skipped Seq from 1139 to 1141
Skipped Seq from 1143 to 1146
Skipped Seq from 1147 to 1149
Skipped Seq from 1150 to 1153
Skipped Seq from 1153 to 1155
Skipped Seq from 1159 to 1162
Skipped Seq from 1164 to 1167
Skipped Seq from 1168 to 1171
Skipped Seq from 1172 to 1175
Skipped Seq from 1179 to 1181
Skipped Seq from 1181 to 1184
Skipped Seq from 1184 to 1187
Skipped Seq from 1187 to 1190
Skipped Seq from 1192 to 1195
Skipped Seq from 1197 to 1201
Skipped Seq from 1201 to 1204
Skipped Seq from 1204 to 1209
Skipped Seq from 1211 to 1213
Skipped Seq from 1217 to 1219
Skipped Seq from 1220 to 1223
Skipped Seq from 1227 to 1231
Skipped Seq from 1231 to 1233
Skipped Seq from 1234 to 1236
Skipped Seq from 1238 to 1243
Skipped Seq from 1244 to 1246
Skipped Seq from 1247 to 1250
Skipped Seq from 1250 to 1254
Skipped Seq from 1254 to 1257
Skipped Seq from 1258 to 1260
Skipped Seq from 1260 to 1263
Skipped Seq from 1265 to 1269
Skipped Seq from 1271 to 1274
Skipped Seq from 1275 to 1280
Skipped Seq from 1280 to 1283
Skipped Seq from 1283 to 1288
Skipped Seq from 1289 to 1292
Skipped Seq from 1292 to 1296
Skipped Seq from 1297 to 1300
Skipped Seq from 1302 to 1306
Skipped Seq from 1306 to 1308
Skipped Seq from 1308 to 1310
Skipped Seq from 1315 to 1317
Skipped Seq from 1320 to 1323
Skipped Seq from 1328 to 1332
Skipped Seq from 1333 to 1337
Skipped Seq from 1337 to 1341
Skipped Seq from 1341 to 1345
Skipped Seq from 1347 to 1355
Skipped Seq from 1355 to 1359
Skipped Seq from 1359 to 1365
Skipped Seq from 1365 to 1372
Skipped Seq from 1374 to 1378
Skipped Seq from 1378 to 1380
Skipped Seq from 1380 to 1383
Skipped Seq from 1383 to 1386
Skipped Seq from 1387 to 1391
Skipped Seq from 1392 to 1401
Skipped Seq from 1401 to 1406
Skipped Seq from 1407 to 1424
Skipped Seq from 1425 to 1435
Skipped Seq from 1435 to 1454
Skipped Seq from 1454 to 1459
Skipped Seq from 1459 to 1488
Skipped Seq from 1488 to 1491
Skipped Seq from 1491 to 1502
Skipped Seq from 1502 to 1506
Skipped Seq from 1506 to 1512
Skipped Seq from 1512 to 1522
Skipped Seq from 1522 to 1527
Skipped Seq from 1527 to 1537
Skipped Seq from 1537 to 1548
Skipped Seq from 1548 to 1552
Skipped Seq from 1553 to 1556
Skipped Seq from 1556 to 1561
Skipped Seq from 1561 to 1572
Skipped Seq from 1573 to 1582
Skipped Seq from 1582 to 1599
Skipped Seq from 1599 to 1604
Skipped Seq from 1604 to 1625
Skipped Seq from 1625 to 1631
Skipped Seq from 1633 to 1639
Skipped Seq from 1639 to 1646
Skipped Seq from 1646 to 1652
Skipped Seq from 1654 to 1661
Skipped Seq from 1664 to 1668
Skipped Seq from 1669 to 1674
Skipped Seq from 1676 to 1680
Skipped Seq from 1680 to 1685
Skipped Seq from 1685 to 1691
Skipped Seq from 1692 to 1703
Skipped Seq from 1704 to 1709
Skipped Seq from 1709 to 1720
Skipped Seq from 1720 to 1725
Skipped Seq from 1725 to 1731
Skipped Seq from 1734 to 1741
Skipped Seq from 1741 to 1746
Skipped Seq from 1746 to 1753
Skipped Seq from 1753 to 1769
Skipped Seq from 1769 to 1779
Skipped Seq from 1779 to 1799
Skipped Seq from 1799 to 1810
Skipped Seq from 1810 to 1814
Skipped Seq from 1814 to 1825
Skipped Seq from 1825 to 1829
Skipped Seq from 1829 to 1865
Skipped Seq from 1865 to 1870
Skipped Seq from 1870 to 1876
Skipped Seq from 1877 to 1887
Skipped Seq from 1888 to 1904
Skipped Seq from 1904 to 1909
Skipped Seq from 1909 to 1919
Skipped Seq from 1919 to 1923
Skipped Seq from 1923 to 1931
Skipped Seq from 1931 to 1937
Skipped Seq from 1938 to 1941
Skipped Seq from 1941 to 1973
Skipped Seq from 1973 to 1980
Skipped Seq from 1980 to 1986
Skipped Seq from 1986 to 1996
Skipped Seq from 1996 to 2000
Skipped Seq from 2000 to 2004
Skipped Seq from 2004 to 2010
Skipped Seq from 2010 to 2022
Skipped Seq from 2022 to 2029
Skipped Seq from 2029 to 2041
Skipped Seq from 2041 to 2052
Skipped Seq from 2053 to 2061
Skipped Seq from 2063 to 2072
Skipped Seq from 2074 to 2082
Skipped Seq from 2082 to 2093
Skipped Seq from 2093 to 2109
Skipped Seq from 2109 to 2124
Skipped Seq from 2125 to 2137
Skipped Seq from 2137 to 2147
Skipped Seq from 2149 to 2153
Skipped Seq from 2154 to 2166
Skipped Seq from 2168 to 2174
Skipped Seq from 2174 to 2190
Skipped Seq from 2191 to 2199
Skipped Seq from 2200 to 2206
Skipped Seq from 2207 to 2213
Skipped Seq from 2214 to 2217
Skipped Seq from 2217 to 2225
Skipped Seq from 2227 to 2233
Skipped Seq from 2233 to 2235
Skipped Seq from 2238 to 2241
Skipped Seq from 2241 to 2253
Skipped Seq from 2253 to 2255
Skipped Seq from 2255 to 2259
Skipped Seq from 2259 to 2263
Skipped Seq from 2263 to 2276
Skipped Seq from 2277 to 2282
Skipped Seq from 2283 to 2286
Skipped Seq from 2286 to 2290
Skipped Seq from 2291 to 2296
Skipped Seq from 2298 to 2301
Skipped Seq from 2302 to 2306
Skipped Seq from 2306 to 2311
Skipped Seq from 2312 to 2316
Skipped Seq from 2318 to 2322
Skipped Seq from 2322 to 2325
Skipped Seq from 2327 to 2331
Skipped Seq from 2332 to 2340
Skipped Seq from 2341 to 2351
Skipped Seq from 2351 to 2354
Skipped Seq from 2354 to 2357
Skipped Seq from 2357 to 2359
Skipped Seq from 2359 to 2363
Skipped Seq from 2363 to 2375
Skipped Seq from 2375 to 2377
Skipped Seq from 2377 to 2380
Skipped Seq from 2380 to 2386
Skipped Seq from 2386 to 2396
Skipped Seq from 2396 to 2407
Skipped Seq from 2407 to 2418
Skipped Seq from 2419 to 2430
Skipped Seq from 2430 to 2436
Skipped Seq from 2436 to 2443
Skipped Seq from 2444 to 2457
Skipped Seq from 2459 to 2468
Skipped Seq from 2469 to 2481
Skipped Seq from 2485 to 2501
Skipped Seq from 2501 to 2503
Skipped Seq from 2504 to 2506
Skipped Seq from 2507 to 2511
Skipped Seq from 2511 to 2513
Skipped Seq from 2513 to 2515
Skipped Seq from 2516 to 2519
Skipped Seq from 2519 to 2521
Skipped Seq from 2522 to 2526
Skipped Seq from 2526 to 2529
Skipped Seq from 2529 to 2538
Skipped Seq from 2538 to 2541
Skipped Seq from 2541 to 2544
Skipped Seq from 2549 to 2552
Skipped Seq from 2553 to 2558
Skipped Seq from 2562 to 2564
Skipped Seq from 2571 to 2574
Skipped Seq from 2574 to 2577
Skipped Seq from 2577 to 2579
Skipped Seq from 2579 to 2582
Skipped Seq from 2582 to 2585
Skipped Seq from 2585 to 2587
Skipped Seq from 2596 to 2598
Skipped Seq from 2608 to 2610
Skipped Seq from 2621 to 2623
Skipped Seq from 2635 to 2637
Skipped Seq from 2648 to 2652
Skipped Seq from 6040 to 6042
Skipped Seq from 6051 to 6053
Skipped Seq from 6054 to 6056
Skipped Seq from 6078 to 6080
Skipped Seq from 6091 to 6093
Skipped Seq from 6117 to 6119
Skipped Seq from 6131 to 6133
Skipped Seq from 6238 to 6240
Skipped Seq from 6251 to 6253
Skipped Seq from 6264 to 6266
Skipped Seq from 6276 to 6278
Skipped Seq from 6287 to 6289
Skipped Seq from 6300 to 6302
Skipped Seq from 6312 to 6314
Skipped Seq from 6324 to 6326
Skipped Seq from 6335 to 6337
Skipped Seq from 6370 to 6372
Skipped Seq from 6396 to 6398
Skipped Seq from 6422 to 6424
Skipped Seq from 6434 to 6436
Skipped Seq from 6459 to 6461
Skipped Seq from 6471 to 6473
Skipped Seq from 6484 to 6486
Skipped Seq from 6496 to 6498
Skipped Seq from 6532 to 6534
Skipped Seq from 6546 to 6548
Skipped Seq from 6548 to 6551
Skipped Seq from 6558 to 6560
Skipped Seq from 6561 to 6563
Skipped Seq from 6569 to 6571
Skipped Seq from 6581 to 6583
Skipped Seq from 6595 to 6597
Skipped Seq from 6598 to 6602
Skipped Seq from 6606 to 6612
Skipped Seq from 6619 to 6621
Skipped Seq from 6632 to 6634
Skipped Seq from 6638 to 6641
Skipped Seq from 6644 to 6649
Skipped Seq from 6656 to 6658
Skipped Seq from 6659 to 6662
Skipped Seq from 6665 to 6667
Skipped Seq from 6669 to 6671
Skipped Seq from 6672 to 6674
Skipped Seq from 6679 to 6686
Skipped Seq from 6688 to 6692
Skipped Seq from 6695 to 6700
Skipped Seq from 6705 to 6707
Skipped Seq from 6709 to 6712
Skipped Seq from 6715 to 6720
Skipped Seq from 6726 to 6728
Skipped Seq from 6729 to 6731
Skipped Seq from 6740 to 6745
Skipped Seq from 6746 to 6750
Skipped Seq from 6750 to 6752
Skipped Seq from 6754 to 6759
Skipped Seq from 6761 to 6767
Skipped Seq from 6769 to 6773
Skipped Seq from 6775 to 6777
Skipped Seq from 6777 to 6781
Skipped Seq from 6783 to 6787
Skipped Seq from 6788 to 6793
Skipped Seq from 6794 to 6797
Skipped Seq from 6798 to 6803
Skipped Seq from 6804 to 6807
Skipped Seq from 6808 to 6811
Skipped Seq from 6812 to 6814
Skipped Seq from 6814 to 6816
Skipped Seq from 6818 to 6820
Skipped Seq from 6822 to 6826
Skipped Seq from 6827 to 6830
Skipped Seq from 6832 to 6834
Skipped Seq from 6836 to 6839
Skipped Seq from 6841 to 6843
Skipped Seq from 6845 to 6848
Skipped Seq from 6849 to 6851
Skipped Seq from 6851 to 6853
Skipped Seq from 6855 to 6857
Skipped Seq from 6858 to 6860
Skipped Seq from 6861 to 6863
Skipped Seq from 6867 to 6870
Skipped Seq from 6870 to 6885
Skipped Seq from 6885 to 6887
Skipped Seq from 6890 to 6892
Skipped Seq from 6894 to 6896
Skipped Seq from 6898 to 6900
Skipped Seq from 6902 to 6905
Skipped Seq from 6906 to 6909
Skipped Seq from 6910 to 6913
Skipped Seq from 6914 to 6916
Skipped Seq from 6916 to 6918
Skipped Seq from 6926 to 6928
Skipped Seq from 6949 to 6951
Skipped Seq from 6957 to 6959
Skipped Seq from 6961 to 6964
Skipped Seq from 6966 to 6970
Skipped Seq from 6971 to 6975
Skipped Seq from 6976 to 6979
Skipped Seq from 6980 to 6984
Skipped Seq from 6984 to 6988
Skipped Seq from 6989 to 6991
Skipped Seq from 6992 to 6995
Skipped Seq from 6996 to 6998
Skipped Seq from 6998 to 7001
Skipped Seq from 7002 to 7006
Skipped Seq from 7006 to 7010
Skipped Seq from 7010 to 7013
Skipped Seq from 7014 to 7016
Skipped Seq from 7017 to 7019
Skipped Seq from 7020 to 7025
Skipped Seq from 7025 to 7029
Skipped Seq from 7029 to 7032
Skipped Seq from 7032 to 7036
Skipped Seq from 7037 to 7040
Skipped Seq from 7040 to 7043
Skipped Seq from 7044 to 7047
Skipped Seq from 7047 to 7049
Skipped Seq from 7049 to 7052
Skipped Seq from 7053 to 7055
Skipped Seq from 7055 to 7059
Skipped Seq from 7059 to 7068
Skipped Seq from 7068 to 7071
Skipped Seq from 7071 to 7074
Skipped Seq from 7074 to 7077
Skipped Seq from 7077 to 7082
Skipped Seq from 7082 to 7085
Skipped Seq from 7085 to 7088
Skipped Seq from 7088 to 7091
Skipped Seq from 7091 to 7095
Skipped Seq from 7095 to 7102
Skipped Seq from 7102 to 7105
Skipped Seq from 7105 to 7109
Skipped Seq from 7109 to 7119
Skipped Seq from 7119 to 7122
Skipped Seq from 7122 to 7125
Skipped Seq from 7126 to 7129
Skipped Seq from 7129 to 7134
Skipped Seq from 7134 to 7136
Skipped Seq from 7137 to 7139
Skipped Seq from 7140 to 7144
Skipped Seq from 7144 to 7147
Skipped Seq from 7147 to 7150
Skipped Seq from 7150 to 7153
Skipped Seq from 7153 to 7157
Skipped Seq from 7157 to 7169
Skipped Seq from 7169 to 7177
Skipped Seq from 7177 to 7181
Skipped Seq from 7181 to 7184
Skipped Seq from 7184 to 7187
Skipped Seq from 7187 to 7189
Skipped Seq from 7189 to 7191
Skipped Seq from 7191 to 7193
Skipped Seq from 7194 to 7196
Skipped Seq from 7197 to 7199
Skipped Seq from 7200 to 7202
Skipped Seq from 7202 to 7205
Skipped Seq from 7206 to 7208
Skipped Seq from 7209 to 7211
Skipped Seq from 7212 to 7214
Skipped Seq from 7214 to 7218
Skipped Seq from 7218 to 7221
Skipped Seq from 7221 to 7223
Skipped Seq from 7224 to 7226
Skipped Seq from 7226 to 7230
Skipped Seq from 7230 to 7233
Skipped Seq from 7233 to 7238
Skipped Seq from 7238 to 7242
Skipped Seq from 7242 to 7247
Skipped Seq from 7247 to 7250
Skipped Seq from 7250 to 7254
Skipped Seq from 7254 to 7259
Skipped Seq from 7259 to 7274
Skipped Seq from 7274 to 7277
Skipped Seq from 7277 to 7283
Skipped Seq from 7283 to 7291
Skipped Seq from 7291 to 7296
Skipped Seq from 7296 to 7301
Skipped Seq from 7301 to 7305
Skipped Seq from 7305 to 7307
Skipped Seq from 7307 to 7312
Skipped Seq from 7312 to 7316
Skipped Seq from 7316 to 7318
Skipped Seq from 7318 to 7323
Skipped Seq from 7323 to 7325
Skipped Seq from 7325 to 7328
Skipped Seq from 7329 to 7331
Skipped Seq from 7331 to 7333
Skipped Seq from 7333 to 7335
Skipped Seq from 7335 to 7338
Skipped Seq from 7338 to 7341
Skipped Seq from 7341 to 7343
Skipped Seq from 7344 to 7346
Skipped Seq from 7346 to 7348
Skipped Seq from 7348 to 7351
Skipped Seq from 7352 to 7354
Skipped Seq from 7354 to 7356
Skipped Seq from 7356 to 7361
Skipped Seq from 7361 to 7364
Skipped Seq from 7364 to 7371
Skipped Seq from 7371 to 7376
Skipped Seq from 7376 to 7379
Skipped Seq from 7379 to 7386
Skipped Seq from 7386 to 7394
Skipped Seq from 7394 to 7403
Skipped Seq from 7406 to 7413
Skipped Seq from 7413 to 7415
Skipped Seq from 7419 to 7422
Skipped Seq from 7422 to 7424
Skipped Seq from 7425 to 7427
Skipped Seq from 7430 to 7441
Skipped Seq from 7441 to 7443
Skipped Seq from 7443 to 7446
Skipped Seq from 7446 to 7448
Skipped Seq from 7449 to 7456
Skipped Seq from 7462 to 7464
Skipped Seq from 7466 to 7470
Skipped Seq from 7472 to 7475
Skipped Seq from 7475 to 7477
Skipped Seq from 7478 to 7482
Skipped Seq from 7484 to 7489
Skipped Seq from 7489 to 7492
Skipped Seq from 7500 to 7502
Skipped Seq from 7502 to 7504
Skipped Seq from 7504 to 7506
Skipped Seq from 7506 to 7519
Skipped Seq from 7520 to 7523
Skipped Seq from 7524 to 7526
Skipped Seq from 7526 to 7528
Skipped Seq from 7530 to 7532
Skipped Seq from 7534 to 7536
Skipped Seq from 7536 to 7538
Skipped Seq from 7541 to 7543
Skipped Seq from 7543 to 7553
Skipped Seq from 7556 to 7558
Skipped Seq from 7560 to 7563
Skipped Seq from 7563 to 7586
Skipped Seq from 7588 to 7593
Skipped Seq from 7595 to 7597
Skipped Seq from 7598 to 7600
Skipped Seq from 7607 to 7609
Skipped Seq from 7610 to 7612
Skipped Seq from 7613 to 7617
Skipped Seq from 7626 to 7629
Skipped Seq from 7632 to 7634
Skipped Seq from 7641 to 7644
Skipped Seq from 7644 to 7646
Skipped Seq from 7649 to 7652
Skipped Seq from 7655 to 7657
Skipped Seq from 7657 to 7659
Skipped Seq from 7669 to 7672
Skipped Seq from 7683 to 7685
Skipped Seq from 7692 to 7695
Skipped Seq from 7695 to 7697
Skipped Seq from 7711 to 7713
Skipped Seq from 7719 to 7721
Skipped Seq from 7731 to 7733
Skipped Seq from 7737 to 7739
Skipped Seq from 7740 to 7742
Skipped Seq from 7750 to 7752
Skipped Seq from 7755 to 7759
Skipped Seq from 7762 to 7765
Skipped Seq from 7769 to 7771
Skipped Seq from 7777 to 7779
Skipped Seq from 7779 to 7781
Skipped Seq from 7781 to 7784
Skipped Seq from 7792 to 7795
Skipped Seq from 7795 to 7797
Skipped Seq from 7805 to 7807
Skipped Seq from 7826 to 7828
Skipped Seq from 7830 to 7832
Skipped Seq from 7840 to 7844
Skipped Seq from 7926 to 7928
Skipped Seq from 11055 to 11058
Skipped Seq from 11059 to 11062
Skipped Seq from 11066 to 11069
Skipped Seq from 11070 to 11072
Skipped Seq from 11076 to 11079
Skipped Seq from 11081 to 11083
Skipped Seq from 11083 to 11085
Number of times throttled: 9
Received: 8885 / 11085 packets
Start time: 1332851352.265048
End time: 1332851394.027184
Duration: 41.762136
