Starting client at 10.0.0.14:1235 with timeout:10
My IP address is 10.0.0.14Skipped Seq from 834 to 838
Skipped Seq from 838 to 842
Skipped Seq from 843 to 854
Skipped Seq from 857 to 866
Skipped Seq from 866 to 869
Skipped Seq from 869 to 883
Skipped Seq from 883 to 895
Skipped Seq from 900 to 902
Skipped Seq from 907 to 909
Skipped Seq from 909 to 911
Skipped Seq from 915 to 917
Skipped Seq from 927 to 929
Skipped Seq from 930 to 934
Skipped Seq from 934 to 936
Skipped Seq from 936 to 938
Skipped Seq from 941 to 943
Skipped Seq from 944 to 946
Skipped Seq from 949 to 951
Skipped Seq from 959 to 961
Skipped Seq from 961 to 978
Skipped Seq from 979 to 983
Skipped Seq from 983 to 986
Skipped Seq from 986 to 990
Skipped Seq from 991 to 994
Skipped Seq from 995 to 997
Skipped Seq from 1000 to 1011
Skipped Seq from 1011 to 1014
Skipped Seq from 1016 to 1018
Skipped Seq from 1021 to 1023
Skipped Seq from 1023 to 1026
Skipped Seq from 1028 to 1031
Skipped Seq from 1031 to 1033
Skipped Seq from 1034 to 1036
Skipped Seq from 1036 to 1038
Skipped Seq from 1038 to 1040
Skipped Seq from 1044 to 1046
Skipped Seq from 1048 to 1050
Skipped Seq from 1050 to 1059
Skipped Seq from 1059 to 1062
Skipped Seq from 1068 to 1070
Skipped Seq from 1070 to 1073
Skipped Seq from 1073 to 1075
Skipped Seq from 1075 to 1078
Skipped Seq from 1078 to 1083
Skipped Seq from 1084 to 1086
Skipped Seq from 1088 to 1093
Skipped Seq from 1093 to 1098
Skipped Seq from 1098 to 1103
Skipped Seq from 1103 to 1106
Skipped Seq from 1106 to 1113
Skipped Seq from 1113 to 1119
Skipped Seq from 1120 to 1122
Skipped Seq from 1123 to 1127
Skipped Seq from 1128 to 1130
Skipped Seq from 1130 to 1134
Skipped Seq from 1140 to 1142
Skipped Seq from 1143 to 1145
Skipped Seq from 1150 to 1153
Skipped Seq from 1153 to 1157
Skipped Seq from 1157 to 1159
Skipped Seq from 1159 to 1161
Skipped Seq from 1161 to 1166
Skipped Seq from 1166 to 1169
Skipped Seq from 1169 to 1171
Skipped Seq from 1172 to 1178
Skipped Seq from 1178 to 1183
Skipped Seq from 1183 to 1190
Skipped Seq from 1190 to 1192
Skipped Seq from 1192 to 1195
Skipped Seq from 1196 to 1199
Skipped Seq from 1199 to 1204
Skipped Seq from 1204 to 1207
Skipped Seq from 1208 to 1211
Skipped Seq from 1212 to 1214
Skipped Seq from 1215 to 1217
Skipped Seq from 1218 to 1220
Skipped Seq from 1224 to 1226
Skipped Seq from 1227 to 1229
Skipped Seq from 1231 to 1234
Skipped Seq from 1234 to 1236
Skipped Seq from 1236 to 1243
Skipped Seq from 1243 to 1245
Skipped Seq from 1245 to 1248
Skipped Seq from 1248 to 1250
Skipped Seq from 1250 to 1252
Skipped Seq from 1254 to 1261
Skipped Seq from 1261 to 1269
Skipped Seq from 1270 to 1272
Skipped Seq from 1275 to 1280
Skipped Seq from 1282 to 1284
Skipped Seq from 1284 to 1289
Skipped Seq from 1291 to 1294
Skipped Seq from 1296 to 1301
Skipped Seq from 1302 to 1304
Skipped Seq from 1305 to 1313
Skipped Seq from 1316 to 1323
Skipped Seq from 1324 to 1332
Skipped Seq from 1333 to 1335
Skipped Seq from 1336 to 1342
Skipped Seq from 1345 to 1353
Skipped Seq from 1354 to 1356
Skipped Seq from 1358 to 1360
Skipped Seq from 1361 to 1364
Skipped Seq from 1365 to 1367
Skipped Seq from 1372 to 1376
Skipped Seq from 1379 to 1381
Skipped Seq from 1388 to 1390
Skipped Seq from 1393 to 1395
Skipped Seq from 1395 to 1402
Skipped Seq from 1402 to 1412
Skipped Seq from 1412 to 1418
Skipped Seq from 1421 to 1429
Skipped Seq from 1429 to 1434
Skipped Seq from 1435 to 1437
Skipped Seq from 1438 to 1440
Skipped Seq from 1443 to 1445
Skipped Seq from 1446 to 1448
Skipped Seq from 1451 to 1453
Skipped Seq from 1455 to 1457
Skipped Seq from 1457 to 1459
Skipped Seq from 1462 to 1469
Skipped Seq from 1470 to 1472
Skipped Seq from 1472 to 1478
Skipped Seq from 1478 to 1489
Skipped Seq from 1489 to 1491
Skipped Seq from 1491 to 1495
Skipped Seq from 1498 to 1504
Skipped Seq from 1507 to 1509
Skipped Seq from 1510 to 1514
Skipped Seq from 1516 to 1518
Skipped Seq from 1521 to 1526
Skipped Seq from 1531 to 1533
Skipped Seq from 1537 to 1539
Skipped Seq from 1542 to 1549
Skipped Seq from 1559 to 1563
Skipped Seq from 1563 to 1572
Skipped Seq from 1572 to 1576
Skipped Seq from 1577 to 1580
Skipped Seq from 1582 to 1586
Skipped Seq from 1591 to 1597
Skipped Seq from 1598 to 1602
Skipped Seq from 1605 to 1607
Skipped Seq from 1607 to 1609
Skipped Seq from 1610 to 1612
Skipped Seq from 1613 to 1615
Skipped Seq from 1616 to 1620
Skipped Seq from 1626 to 1628
Skipped Seq from 1628 to 1631
Skipped Seq from 1634 to 1636
Skipped Seq from 1640 to 1642
Skipped Seq from 1643 to 1647
Skipped Seq from 1648 to 1650
Skipped Seq from 1655 to 1657
Skipped Seq from 1657 to 1659
Skipped Seq from 1660 to 1663
Skipped Seq from 1664 to 1671
Skipped Seq from 1671 to 1676
Skipped Seq from 1676 to 1680
Skipped Seq from 1681 to 1683
Skipped Seq from 1686 to 1688
Skipped Seq from 1688 to 1692
Skipped Seq from 1693 to 1695
Skipped Seq from 1695 to 1697
Skipped Seq from 1699 to 1702
Skipped Seq from 1702 to 1710
Skipped Seq from 1716 to 1719
Skipped Seq from 1723 to 1727
Skipped Seq from 1727 to 1733
Skipped Seq from 1733 to 1739
Skipped Seq from 1740 to 1742
Skipped Seq from 1742 to 1744
Skipped Seq from 1745 to 1747
Skipped Seq from 1749 to 1751
Skipped Seq from 1751 to 1753
Skipped Seq from 1753 to 1755
Skipped Seq from 1755 to 1757
Skipped Seq from 1757 to 1759
Skipped Seq from 1759 to 1763
Skipped Seq from 1764 to 1766
Skipped Seq from 1767 to 1769
Skipped Seq from 1769 to 1772
Skipped Seq from 1774 to 1777
Skipped Seq from 1777 to 1779
Skipped Seq from 1779 to 1781
Skipped Seq from 1782 to 1784
Skipped Seq from 1785 to 1789
Skipped Seq from 1790 to 1795
Skipped Seq from 1795 to 1797
Skipped Seq from 1797 to 1799
Skipped Seq from 1799 to 1802
Skipped Seq from 1802 to 1805
Skipped Seq from 1806 to 1814
Skipped Seq from 1816 to 1818
Skipped Seq from 1819 to 1821
Skipped Seq from 1821 to 1826
Skipped Seq from 1826 to 1832
Skipped Seq from 1832 to 1834
Skipped Seq from 1835 to 1837
Skipped Seq from 1838 to 1840
Skipped Seq from 1842 to 1844
Skipped Seq from 1846 to 1848
Skipped Seq from 1848 to 1850
Skipped Seq from 1855 to 1857
Skipped Seq from 1857 to 1859
Skipped Seq from 1860 to 1863
Skipped Seq from 1863 to 1865
Skipped Seq from 1869 to 1871
Skipped Seq from 1872 to 1876
Skipped Seq from 1876 to 1880
Skipped Seq from 1880 to 1883
Skipped Seq from 1884 to 1886
Skipped Seq from 1887 to 1889
Skipped Seq from 1892 to 1894
Skipped Seq from 1895 to 1897
Skipped Seq from 1899 to 1901
Skipped Seq from 1901 to 1906
Skipped Seq from 1906 to 1908
Skipped Seq from 1909 to 1911
Skipped Seq from 1919 to 1925
Skipped Seq from 1925 to 1927
Skipped Seq from 1927 to 1932
Skipped Seq from 1932 to 1936
Skipped Seq from 1938 to 1940
Skipped Seq from 1940 to 1942
Skipped Seq from 1942 to 1944
Skipped Seq from 1946 to 1948
Skipped Seq from 1949 to 1951
Skipped Seq from 1953 to 1956
Skipped Seq from 1960 to 1969
Skipped Seq from 1975 to 1977
Skipped Seq from 1979 to 1991
Skipped Seq from 1994 to 1999
Skipped Seq from 2001 to 2003
Skipped Seq from 2004 to 2007
Skipped Seq from 2008 to 2010
Skipped Seq from 2015 to 2019
Skipped Seq from 2023 to 2025
Skipped Seq from 2025 to 2028
Skipped Seq from 2030 to 2032
Skipped Seq from 2032 to 2034
Skipped Seq from 2034 to 2038
Skipped Seq from 2039 to 2041
Skipped Seq from 2043 to 2049
Skipped Seq from 2053 to 2055
Skipped Seq from 2056 to 2059
Skipped Seq from 2062 to 2064
Skipped Seq from 2067 to 2070
Skipped Seq from 2070 to 2072
Skipped Seq from 2075 to 2078
Skipped Seq from 2081 to 2089
Skipped Seq from 2090 to 2098
Skipped Seq from 2098 to 2100
Skipped Seq from 2100 to 2102
Skipped Seq from 2102 to 2109
Skipped Seq from 2112 to 2114
Skipped Seq from 2115 to 2117
Skipped Seq from 2121 to 2123
Skipped Seq from 2126 to 2129
Skipped Seq from 2129 to 2131
Skipped Seq from 2138 to 2145
Skipped Seq from 2151 to 2160
Skipped Seq from 2160 to 2168
Skipped Seq from 2168 to 2171
Skipped Seq from 2171 to 2173
Skipped Seq from 2175 to 2177
Skipped Seq from 2182 to 2185
Skipped Seq from 2186 to 2188
Skipped Seq from 2199 to 2208
Skipped Seq from 2209 to 2214
Skipped Seq from 2215 to 2223
Skipped Seq from 2223 to 2225
Skipped Seq from 2225 to 2233
Skipped Seq from 2236 to 2245
Skipped Seq from 2246 to 2256
Skipped Seq from 2257 to 2266
Skipped Seq from 2268 to 2276
Skipped Seq from 2278 to 2282
Skipped Seq from 2282 to 2292
Skipped Seq from 2294 to 2302
Skipped Seq from 2302 to 2305
Skipped Seq from 2305 to 2307
Skipped Seq from 2307 to 2316
Skipped Seq from 2316 to 2318
Skipped Seq from 2321 to 2328
Skipped Seq from 2332 to 2336
Skipped Seq from 2339 to 2341
Skipped Seq from 2345 to 2355
Skipped Seq from 2361 to 2363
Skipped Seq from 2363 to 2372
Skipped Seq from 2373 to 2375
Skipped Seq from 2378 to 2391
Skipped Seq from 2396 to 2398
Skipped Seq from 2399 to 2411
Skipped Seq from 2418 to 2428
Skipped Seq from 2429 to 2431
Skipped Seq from 2440 to 2445
Skipped Seq from 2452 to 2465
Skipped Seq from 2465 to 2467
Skipped Seq from 2467 to 2481
Skipped Seq from 2485 to 2497
Skipped Seq from 2497 to 2499
Skipped Seq from 2506 to 2517
Skipped Seq from 2521 to 2523
Skipped Seq from 2526 to 2537
Skipped Seq from 2538 to 2553
Skipped Seq from 2554 to 2556
Skipped Seq from 2558 to 2612
Skipped Seq from 2612 to 2651
Skipped Seq from 2652 to 2670
Skipped Seq from 2670 to 2690
Skipped Seq from 2692 to 2710
Skipped Seq from 2710 to 2712
Skipped Seq from 2713 to 2730
Skipped Seq from 2732 to 2744
Skipped Seq from 2749 to 2771
Skipped Seq from 2771 to 2773
Skipped Seq from 2774 to 2813
Skipped Seq from 2813 to 2824
Skipped Seq from 2825 to 2844
Skipped Seq from 2845 to 2860
Skipped Seq from 2861 to 2863
Skipped Seq from 2864 to 2880
Skipped Seq from 2884 to 2898
Skipped Seq from 2905 to 2916
Skipped Seq from 2919 to 2932
Skipped Seq from 2938 to 2951
Skipped Seq from 2952 to 2954
Skipped Seq from 2956 to 2972
Skipped Seq from 2973 to 2981
Skipped Seq from 2982 to 3025
Skipped Seq from 3025 to 3027
Skipped Seq from 3029 to 3034
Skipped Seq from 3036 to 3038
Skipped Seq from 3047 to 3049
Skipped Seq from 3049 to 3055
Skipped Seq from 3058 to 3062
Skipped Seq from 3065 to 3069
Skipped Seq from 3071 to 3073
Skipped Seq from 3077 to 3083
Skipped Seq from 3083 to 3091
Skipped Seq from 3091 to 3093
Skipped Seq from 3093 to 3101
Skipped Seq from 3104 to 3106
Skipped Seq from 3108 to 3110
Skipped Seq from 3111 to 3114
Skipped Seq from 3115 to 3117
Skipped Seq from 3117 to 3119
Skipped Seq from 3127 to 3137
Skipped Seq from 3140 to 3142
Skipped Seq from 3145 to 3147
Skipped Seq from 3153 to 3155
Skipped Seq from 3170 to 3173
Skipped Seq from 3173 to 3179
Skipped Seq from 3179 to 3183
Skipped Seq from 3188 to 3190
Skipped Seq from 3193 to 3196
Skipped Seq from 3198 to 3206
Skipped Seq from 3206 to 3210
Skipped Seq from 3212 to 3214
Skipped Seq from 3224 to 3226
Skipped Seq from 3226 to 3228
Skipped Seq from 3234 to 3238
Skipped Seq from 3247 to 3249
Skipped Seq from 3249 to 3251
Skipped Seq from 3251 to 3253
Skipped Seq from 3257 to 3260
Skipped Seq from 3264 to 3267
Skipped Seq from 3287 to 3289
Skipped Seq from 3316 to 3318
Skipped Seq from 3367 to 3371
Skipped Seq from 3373 to 3375
Skipped Seq from 3382 to 3389
Skipped Seq from 3394 to 3405
Skipped Seq from 3410 to 3422
Skipped Seq from 3422 to 3429
Skipped Seq from 3432 to 3437
Skipped Seq from 3440 to 3449
Skipped Seq from 3461 to 3469
Skipped Seq from 3477 to 3482
Skipped Seq from 3486 to 3495
Skipped Seq from 3498 to 3507
Skipped Seq from 3515 to 3517
Skipped Seq from 3520 to 3522
Skipped Seq from 3524 to 3526
Skipped Seq from 3531 to 3533
Skipped Seq from 3545 to 3550
Skipped Seq from 3553 to 3563
Skipped Seq from 3563 to 3565
Skipped Seq from 3569 to 3580
Skipped Seq from 3583 to 3586
Skipped Seq from 3588 to 3590
Skipped Seq from 3590 to 3592
Skipped Seq from 3599 to 3609
Skipped Seq from 3612 to 3621
Skipped Seq from 3627 to 3633
Skipped Seq from 3639 to 3643
Skipped Seq from 3650 to 3653
Skipped Seq from 3655 to 3657
Number of times throttled: 7
Received: 20671 / 22230 packets
Start time: 1332850068.199782
End time: 1332850141.284387
Duration: 73.084605
