Starting client at 10.0.0.13:1236 with timeout:10
My IP address is 10.0.0.13Skipped Seq from 4 to 7
Recovered out of order packet from 9 to 5
Recovered out of order packet from 9 to 6
Skipped Seq from 1919 to 1921
Skipped Seq from 1921 to 1923
Skipped Seq from 1923 to 1926
Skipped Seq from 1927 to 1929
Skipped Seq from 1929 to 1932
Skipped Seq from 1932 to 1934
Skipped Seq from 1934 to 1936
Skipped Seq from 1936 to 1938
Skipped Seq from 1938 to 1940
Skipped Seq from 1940 to 1942
Skipped Seq from 1942 to 1944
Skipped Seq from 1944 to 1946
Skipped Seq from 1946 to 1948
Skipped Seq from 1948 to 1950
Skipped Seq from 1950 to 1953
Skipped Seq from 1953 to 1955
Skipped Seq from 1955 to 1957
Skipped Seq from 1957 to 1959
Skipped Seq from 1960 to 1963
Skipped Seq from 1963 to 1965
Skipped Seq from 1965 to 1967
Skipped Seq from 1967 to 1969
Skipped Seq from 1969 to 1971
Skipped Seq from 1971 to 1974
Skipped Seq from 1975 to 1977
Skipped Seq from 1977 to 1979
Skipped Seq from 1979 to 1981
Skipped Seq from 1981 to 1983
Skipped Seq from 1985 to 1992
Skipped Seq from 1992 to 1994
Skipped Seq from 1994 to 1997
Skipped Seq from 1997 to 1999
Skipped Seq from 1999 to 2001
Skipped Seq from 2001 to 2003
Skipped Seq from 2003 to 2005
Skipped Seq from 2006 to 2009
Skipped Seq from 2009 to 2011
Skipped Seq from 2011 to 2013
Skipped Seq from 2013 to 2015
Skipped Seq from 2015 to 2018
Skipped Seq from 2018 to 2020
Skipped Seq from 2021 to 2023
Skipped Seq from 2023 to 2025
Skipped Seq from 2025 to 2027
Skipped Seq from 2027 to 2030
Skipped Seq from 2030 to 2032
Skipped Seq from 2032 to 2034
Skipped Seq from 2035 to 2038
Skipped Seq from 2038 to 2040
Skipped Seq from 2040 to 2042
Skipped Seq from 2042 to 2044
Skipped Seq from 2044 to 2046
Skipped Seq from 2046 to 2049
Skipped Seq from 2049 to 2051
Skipped Seq from 2052 to 2054
Skipped Seq from 2054 to 2056
Skipped Seq from 2056 to 2058
Skipped Seq from 2058 to 2061
Skipped Seq from 2061 to 2063
Skipped Seq from 2063 to 2065
Skipped Seq from 2065 to 2067
Skipped Seq from 2067 to 2069
Skipped Seq from 2069 to 2071
Skipped Seq from 2071 to 2073
Skipped Seq from 2073 to 2075
Skipped Seq from 2075 to 2077
Skipped Seq from 2077 to 2079
Skipped Seq from 2079 to 2082
Skipped Seq from 2082 to 2084
Skipped Seq from 2085 to 2087
Skipped Seq from 2087 to 2089
Skipped Seq from 2089 to 2092
Skipped Seq from 2092 to 2094
Skipped Seq from 2094 to 2096
Skipped Seq from 2096 to 2098
Skipped Seq from 2098 to 2100
Skipped Seq from 2100 to 2103
Skipped Seq from 2104 to 2106
Skipped Seq from 2106 to 2108
Skipped Seq from 2108 to 2110
Skipped Seq from 2110 to 2112
Skipped Seq from 2112 to 2115
Skipped Seq from 2115 to 2117
Skipped Seq from 2117 to 2119
Skipped Seq from 2120 to 2122
Skipped Seq from 2122 to 2124
Skipped Seq from 2124 to 2127
Skipped Seq from 2127 to 2129
Skipped Seq from 2129 to 2131
Skipped Seq from 2131 to 2133
Skipped Seq from 2133 to 2136
Skipped Seq from 2136 to 2138
Skipped Seq from 2139 to 2141
Skipped Seq from 2141 to 2143
Skipped Seq from 2143 to 2146
Skipped Seq from 2146 to 2148
Skipped Seq from 2148 to 2150
Skipped Seq from 2151 to 2153
Skipped Seq from 2153 to 2156
Skipped Seq from 2156 to 2158
Skipped Seq from 2158 to 2160
Skipped Seq from 2160 to 2162
Skipped Seq from 2163 to 2166
Skipped Seq from 2166 to 2168
Skipped Seq from 2168 to 2170
Skipped Seq from 2170 to 2173
Skipped Seq from 2173 to 2175
Skipped Seq from 2175 to 2177
Skipped Seq from 2178 to 2180
Skipped Seq from 2180 to 2182
Skipped Seq from 2182 to 2185
Skipped Seq from 2185 to 2187
Skipped Seq from 2187 to 2189
Skipped Seq from 2189 to 2191
Skipped Seq from 2191 to 2193
Skipped Seq from 2193 to 2195
Skipped Seq from 2195 to 2197
Skipped Seq from 2197 to 2199
Skipped Seq from 2199 to 2201
Skipped Seq from 2201 to 2203
Skipped Seq from 2203 to 2206
Skipped Seq from 2206 to 2208
Skipped Seq from 2209 to 2212
Skipped Seq from 2212 to 2214
Skipped Seq from 2214 to 2216
Skipped Seq from 2217 to 2220
Skipped Seq from 2220 to 2222
Skipped Seq from 2222 to 2224
Skipped Seq from 2225 to 2228
Skipped Seq from 2228 to 2230
Skipped Seq from 2230 to 2232
Skipped Seq from 2232 to 2234
Skipped Seq from 2234 to 2237
Skipped Seq from 2237 to 2239
Skipped Seq from 2239 to 2241
Skipped Seq from 2241 to 2243
Skipped Seq from 2244 to 2246
Skipped Seq from 2246 to 2249
Skipped Seq from 2249 to 2251
Skipped Seq from 2251 to 2253
Skipped Seq from 2253 to 2255
Skipped Seq from 2255 to 2257
Skipped Seq from 2257 to 2260
Skipped Seq from 2261 to 2263
Skipped Seq from 2263 to 2265
Skipped Seq from 2265 to 2267
Skipped Seq from 2267 to 2269
Skipped Seq from 2269 to 2271
Skipped Seq from 2272 to 2282
Skipped Seq from 2282 to 2285
Skipped Seq from 2285 to 2287
Skipped Seq from 2287 to 2289
Skipped Seq from 2290 to 2293
Skipped Seq from 2293 to 2295
Skipped Seq from 2295 to 2297
Skipped Seq from 2297 to 2299
Skipped Seq from 2299 to 2301
Skipped Seq from 2301 to 2304
Skipped Seq from 2305 to 2307
Skipped Seq from 2307 to 2309
Skipped Seq from 2309 to 2312
Skipped Seq from 2312 to 2314
Skipped Seq from 2314 to 2316
Skipped Seq from 2317 to 2319
Skipped Seq from 2319 to 2322
Skipped Seq from 2322 to 2324
Skipped Seq from 2324 to 2326
Skipped Seq from 2326 to 2328
Skipped Seq from 2328 to 2330
Skipped Seq from 2330 to 2333
Skipped Seq from 2334 to 2336
Skipped Seq from 2336 to 2338
Skipped Seq from 2338 to 2340
Skipped Seq from 2340 to 2342
Skipped Seq from 2342 to 2345
Skipped Seq from 2345 to 2347
Skipped Seq from 2347 to 2349
Skipped Seq from 2349 to 2351
Skipped Seq from 2351 to 2353
Skipped Seq from 2353 to 2355
Skipped Seq from 2355 to 2357
Skipped Seq from 2357 to 2359
Skipped Seq from 2359 to 2362
Skipped Seq from 2363 to 2365
Skipped Seq from 2365 to 2367
Skipped Seq from 2367 to 2369
Skipped Seq from 2369 to 2372
Skipped Seq from 2372 to 2374
Skipped Seq from 2374 to 2376
Skipped Seq from 2377 to 2379
Skipped Seq from 2379 to 2382
Skipped Seq from 2382 to 2384
Skipped Seq from 2384 to 2386
Skipped Seq from 2386 to 2388
Skipped Seq from 2388 to 2390
Skipped Seq from 2390 to 2393
Skipped Seq from 2394 to 2396
Skipped Seq from 2396 to 2398
Skipped Seq from 2398 to 2400
Skipped Seq from 2400 to 2402
Skipped Seq from 2402 to 2405
Skipped Seq from 2406 to 2408
Skipped Seq from 2408 to 2411
Skipped Seq from 2411 to 2413
Skipped Seq from 2413 to 2415
Skipped Seq from 2415 to 2417
Skipped Seq from 2417 to 2419
Skipped Seq from 2419 to 2422
Skipped Seq from 2423 to 2425
Skipped Seq from 2425 to 2427
Skipped Seq from 2427 to 2429
Skipped Seq from 2429 to 2431
Skipped Seq from 2431 to 2434
Skipped Seq from 2434 to 2436
Skipped Seq from 2436 to 2438
Skipped Seq from 2438 to 2440
Skipped Seq from 2441 to 2444
Skipped Seq from 2444 to 2446
Skipped Seq from 2446 to 2448
Skipped Seq from 2448 to 2450
Skipped Seq from 2450 to 2452
Skipped Seq from 2452 to 2454
Skipped Seq from 2454 to 2457
Skipped Seq from 2458 to 2460
Skipped Seq from 2460 to 2462
Skipped Seq from 2462 to 2465
Skipped Seq from 2466 to 2468
Skipped Seq from 2468 to 2471
Skipped Seq from 2471 to 2473
Skipped Seq from 2473 to 2475
Skipped Seq from 2475 to 2477
Skipped Seq from 2477 to 2479
Skipped Seq from 2480 to 2482
Skipped Seq from 2482 to 2485
Skipped Seq from 2485 to 2487
Skipped Seq from 2487 to 2490
Skipped Seq from 2490 to 2492
Skipped Seq from 2493 to 2495
Skipped Seq from 2495 to 2497
Skipped Seq from 2497 to 2500
Skipped Seq from 2500 to 2502
Skipped Seq from 2502 to 2504
Skipped Seq from 2504 to 2506
Skipped Seq from 2507 to 2510
Skipped Seq from 2511 to 2515
Skipped Seq from 2516 to 2518
Skipped Seq from 2518 to 2520
Skipped Seq from 2520 to 2522
Skipped Seq from 2522 to 2525
Skipped Seq from 2525 to 2527
Skipped Seq from 2528 to 2531
Skipped Seq from 2531 to 2533
Skipped Seq from 2533 to 2535
Skipped Seq from 2535 to 2537
Skipped Seq from 2537 to 2539
Skipped Seq from 2539 to 2542
Skipped Seq from 2543 to 2545
Skipped Seq from 2545 to 2547
Skipped Seq from 2547 to 2550
Skipped Seq from 2550 to 2552
Skipped Seq from 2553 to 2555
Skipped Seq from 2555 to 2557
Skipped Seq from 2558 to 2562
Skipped Seq from 2562 to 2564
Skipped Seq from 2564 to 2566
Skipped Seq from 2566 to 2568
Skipped Seq from 2568 to 2570
Skipped Seq from 2570 to 2572
Skipped Seq from 2572 to 2574
Skipped Seq from 2575 to 2578
Skipped Seq from 2578 to 2580
Skipped Seq from 2580 to 2582
Skipped Seq from 2582 to 2584
Skipped Seq from 2584 to 2586
Skipped Seq from 2586 to 2588
Skipped Seq from 2588 to 2591
Skipped Seq from 2591 to 2593
Skipped Seq from 2593 to 2595
Skipped Seq from 2595 to 2597
Skipped Seq from 2598 to 2601
Skipped Seq from 2601 to 2603
Skipped Seq from 2603 to 2605
Skipped Seq from 2605 to 2607
Skipped Seq from 2607 to 2609
Skipped Seq from 2609 to 2611
Skipped Seq from 2611 to 2613
Skipped Seq from 2613 to 2616
Skipped Seq from 2616 to 2618
Skipped Seq from 2618 to 2620
Skipped Seq from 2621 to 2623
Skipped Seq from 2623 to 2626
Skipped Seq from 2626 to 2628
Skipped Seq from 2629 to 2632
Skipped Seq from 2632 to 2634
Skipped Seq from 2634 to 2636
Skipped Seq from 2636 to 2638
Skipped Seq from 2638 to 2641
Skipped Seq from 2641 to 2643
Skipped Seq from 2644 to 2646
Skipped Seq from 2646 to 2648
Skipped Seq from 2648 to 2651
Skipped Seq from 2652 to 2655
Skipped Seq from 2655 to 2657
Skipped Seq from 2657 to 2659
Skipped Seq from 2659 to 2661
Skipped Seq from 2661 to 2663
Skipped Seq from 2663 to 2666
Skipped Seq from 2667 to 2669
Skipped Seq from 2669 to 2671
Skipped Seq from 2671 to 2674
Skipped Seq from 2674 to 2676
Skipped Seq from 2677 to 2680
Skipped Seq from 2680 to 2682
Skipped Seq from 2682 to 2684
Skipped Seq from 2685 to 2687
Skipped Seq from 2687 to 2690
Skipped Seq from 2690 to 2692
Skipped Seq from 2692 to 2694
Skipped Seq from 2695 to 2698
Skipped Seq from 2698 to 2700
Skipped Seq from 2700 to 2702
Skipped Seq from 2702 to 2704
Skipped Seq from 2704 to 2707
Skipped Seq from 2707 to 2709
Skipped Seq from 2709 to 2711
Skipped Seq from 2711 to 2713
Skipped Seq from 2714 to 2716
Skipped Seq from 2716 to 2719
Skipped Seq from 2719 to 2721
Skipped Seq from 2721 to 2723
Skipped Seq from 2723 to 2725
Skipped Seq from 2725 to 2728
Skipped Seq from 2728 to 2730
Skipped Seq from 2731 to 2734
Skipped Seq from 2735 to 2737
Skipped Seq from 2737 to 2739
Skipped Seq from 2739 to 2742
Skipped Seq from 2742 to 2744
Skipped Seq from 2745 to 2748
Skipped Seq from 2748 to 2750
Skipped Seq from 2750 to 2752
Skipped Seq from 2752 to 2754
Skipped Seq from 2754 to 2757
Skipped Seq from 2758 to 2760
Skipped Seq from 2760 to 2762
Skipped Seq from 2762 to 2764
Skipped Seq from 2764 to 2767
Skipped Seq from 2767 to 2769
Skipped Seq from 2769 to 2771
Skipped Seq from 2772 to 2774
Skipped Seq from 2774 to 2777
Skipped Seq from 2777 to 2779
Skipped Seq from 2779 to 2781
Skipped Seq from 2781 to 2783
Skipped Seq from 2783 to 2785
Skipped Seq from 2785 to 2788
Skipped Seq from 2789 to 2791
Skipped Seq from 2791 to 2793
Skipped Seq from 2793 to 2795
Skipped Seq from 2795 to 2797
Skipped Seq from 2797 to 2800
Skipped Seq from 2800 to 2802
Skipped Seq from 2802 to 2804
Skipped Seq from 2804 to 2806
Skipped Seq from 2807 to 2810
Skipped Seq from 2810 to 2812
Skipped Seq from 2812 to 2814
Skipped Seq from 2814 to 2816
Skipped Seq from 2816 to 2818
Skipped Seq from 2818 to 2820
Skipped Seq from 2820 to 2823
Skipped Seq from 2824 to 2826
Skipped Seq from 2826 to 2828
Skipped Seq from 2828 to 2830
Skipped Seq from 2830 to 2833
Skipped Seq from 2833 to 2835
Skipped Seq from 2835 to 2837
Skipped Seq from 2837 to 2839
Skipped Seq from 2839 to 2841
Skipped Seq from 2841 to 2843
Skipped Seq from 2843 to 2845
Skipped Seq from 2847 to 2851
Skipped Seq from 2851 to 2853
Skipped Seq from 2853 to 2855
Skipped Seq from 2855 to 2858
Skipped Seq from 2858 to 2860
Skipped Seq from 2860 to 2862
Skipped Seq from 2863 to 2866
Skipped Seq from 2866 to 2868
Skipped Seq from 2868 to 2870
Skipped Seq from 2870 to 2872
Skipped Seq from 2872 to 2874
Skipped Seq from 2874 to 2876
Skipped Seq from 2876 to 2879
Skipped Seq from 2879 to 2881
Skipped Seq from 2882 to 2885
Skipped Seq from 2885 to 2887
Skipped Seq from 2887 to 2889
Skipped Seq from 2889 to 2891
Skipped Seq from 2892 to 2895
Skipped Seq from 2895 to 2897
Skipped Seq from 2897 to 2899
Skipped Seq from 2902 to 2907
Skipped Seq from 2907 to 2909
Skipped Seq from 2909 to 2911
Skipped Seq from 2911 to 2914
Skipped Seq from 2914 to 2916
Skipped Seq from 2918 to 2929
Skipped Seq from 2929 to 2931
Skipped Seq from 2931 to 2934
Skipped Seq from 2934 to 2936
Skipped Seq from 2936 to 2938
Skipped Seq from 2938 to 2940
Skipped Seq from 2940 to 2942
Skipped Seq from 2943 to 2946
Skipped Seq from 2946 to 2948
Skipped Seq from 2948 to 2950
Skipped Seq from 2950 to 2952
Skipped Seq from 2952 to 2954
Skipped Seq from 2954 to 2957
Skipped Seq from 2957 to 2959
Skipped Seq from 2959 to 2961
Skipped Seq from 2962 to 2964
Skipped Seq from 2964 to 2966
Skipped Seq from 2966 to 2969
Skipped Seq from 2969 to 2971
Skipped Seq from 2971 to 2973
Skipped Seq from 2973 to 2975
Skipped Seq from 2975 to 2978
Skipped Seq from 2979 to 2981
Skipped Seq from 2981 to 2983
Skipped Seq from 2983 to 2985
Skipped Seq from 2985 to 2987
Skipped Seq from 2987 to 2990
Skipped Seq from 2991 to 2996
Skipped Seq from 2996 to 2998
Skipped Seq from 2998 to 3000
Skipped Seq from 3000 to 3003
Skipped Seq from 3003 to 3005
Skipped Seq from 3005 to 3007
Skipped Seq from 3008 to 3011
Skipped Seq from 3011 to 3013
Skipped Seq from 3013 to 3015
Skipped Seq from 3016 to 3019
Skipped Seq from 3019 to 3021
Skipped Seq from 3021 to 3024
Skipped Seq from 3024 to 3026
Skipped Seq from 3026 to 3028
Skipped Seq from 3029 to 3031
Skipped Seq from 3031 to 3034
Skipped Seq from 3035 to 3037
Skipped Seq from 3037 to 3040
Skipped Seq from 3041 to 3044
Skipped Seq from 3044 to 3046
Skipped Seq from 3046 to 3048
Skipped Seq from 3048 to 3050
Skipped Seq from 3050 to 3052
Skipped Seq from 3052 to 3055
Skipped Seq from 3055 to 3057
Skipped Seq from 3057 to 3059
Skipped Seq from 3060 to 3063
Skipped Seq from 3063 to 3065
Skipped Seq from 3066 to 3069
Skipped Seq from 3069 to 3071
Skipped Seq from 3071 to 3073
Skipped Seq from 3073 to 3075
Skipped Seq from 3075 to 3077
Skipped Seq from 3077 to 3080
Skipped Seq from 3080 to 3082
Skipped Seq from 3083 to 3085
Skipped Seq from 3085 to 3087
Skipped Seq from 3087 to 3089
Skipped Seq from 3089 to 3092
Skipped Seq from 3092 to 3094
Skipped Seq from 3094 to 3096
Skipped Seq from 3097 to 3100
Skipped Seq from 3100 to 3102
Skipped Seq from 3102 to 3104
Skipped Seq from 3104 to 3106
Skipped Seq from 3106 to 3108
Skipped Seq from 3109 to 3112
Skipped Seq from 3112 to 3114
Skipped Seq from 3114 to 3116
Skipped Seq from 3116 to 3119
Skipped Seq from 3120 to 3123
Skipped Seq from 3124 to 3126
Skipped Seq from 3126 to 3129
Skipped Seq from 3129 to 3131
Skipped Seq from 3131 to 3133
Skipped Seq from 3133 to 3135
Skipped Seq from 3135 to 3138
Skipped Seq from 3138 to 3140
Skipped Seq from 3141 to 3144
Skipped Seq from 3144 to 3146
Skipped Seq from 3147 to 3149
Skipped Seq from 3149 to 3151
Skipped Seq from 3151 to 3154
Skipped Seq from 3154 to 3156
Skipped Seq from 3156 to 3158
Skipped Seq from 3158 to 3160
Skipped Seq from 3160 to 3162
Skipped Seq from 3162 to 3165
Skipped Seq from 3166 to 3168
Skipped Seq from 3168 to 3170
Skipped Seq from 3170 to 3172
Skipped Seq from 3172 to 3174
Skipped Seq from 3174 to 3177
Skipped Seq from 3177 to 3179
Skipped Seq from 3179 to 3181
Skipped Seq from 3182 to 3184
Skipped Seq from 3184 to 3186
Skipped Seq from 3186 to 3189
Skipped Seq from 3189 to 3191
Skipped Seq from 3191 to 3193
Skipped Seq from 3193 to 3195
Skipped Seq from 3195 to 3197
Skipped Seq from 3198 to 3201
Skipped Seq from 3201 to 3203
Skipped Seq from 3204 to 3207
Skipped Seq from 3207 to 3209
Skipped Seq from 3209 to 3211
Skipped Seq from 3211 to 3214
Skipped Seq from 3214 to 3216
Skipped Seq from 3217 to 3220
Skipped Seq from 3220 to 3222
Skipped Seq from 3223 to 3226
Skipped Seq from 3226 to 3228
Skipped Seq from 3228 to 3230
Skipped Seq from 3230 to 3233
Skipped Seq from 3234 to 3236
Skipped Seq from 3236 to 3238
Skipped Seq from 3238 to 3240
Skipped Seq from 3240 to 3243
Skipped Seq from 3243 to 3245
Skipped Seq from 3245 to 3247
Skipped Seq from 3248 to 3251
Skipped Seq from 3251 to 3253
Skipped Seq from 3253 to 3255
Skipped Seq from 3256 to 3259
Skipped Seq from 3259 to 3261
Skipped Seq from 3261 to 3264
Skipped Seq from 3265 to 3268
Skipped Seq from 3269 to 3272
Skipped Seq from 3272 to 3274
Skipped Seq from 3275 to 3277
Skipped Seq from 3277 to 3280
Skipped Seq from 3280 to 3282
Skipped Seq from 3282 to 3284
Skipped Seq from 3284 to 3286
Skipped Seq from 3287 to 3290
Skipped Seq from 3290 to 3292
Skipped Seq from 3293 to 3296
Skipped Seq from 3296 to 3299
Skipped Seq from 3300 to 3302
Skipped Seq from 3302 to 3305
Skipped Seq from 3305 to 3307
Skipped Seq from 3307 to 3309
Skipped Seq from 3309 to 3311
Skipped Seq from 3312 to 3315
Skipped Seq from 3315 to 3317
Skipped Seq from 3317 to 3319
Skipped Seq from 3319 to 3321
Skipped Seq from 3321 to 3324
Skipped Seq from 3324 to 3326
Skipped Seq from 3327 to 3330
Skipped Seq from 3330 to 3332
Skipped Seq from 3333 to 3335
Skipped Seq from 3335 to 3337
Skipped Seq from 3337 to 3340
Skipped Seq from 3340 to 3342
Skipped Seq from 3343 to 3346
Skipped Seq from 3346 to 3348
Skipped Seq from 3348 to 3350
Skipped Seq from 3350 to 3352
Skipped Seq from 3352 to 3354
Skipped Seq from 3354 to 3357
Skipped Seq from 3358 to 3360
Skipped Seq from 3360 to 3362
Skipped Seq from 3362 to 3364
Skipped Seq from 3364 to 3367
Skipped Seq from 3367 to 3369
Skipped Seq from 3369 to 3371
Skipped Seq from 3371 to 3373
Skipped Seq from 3374 to 3377
Skipped Seq from 3377 to 3379
Skipped Seq from 3379 to 3381
Skipped Seq from 3381 to 3383
Skipped Seq from 3383 to 3385
Skipped Seq from 3385 to 3388
Skipped Seq from 3388 to 3390
Skipped Seq from 3391 to 3393
Skipped Seq from 3393 to 3395
Skipped Seq from 3395 to 3397
Skipped Seq from 3397 to 3400
Skipped Seq from 3400 to 3402
Skipped Seq from 3402 to 3404
Skipped Seq from 3404 to 3406
Skipped Seq from 3406 to 3408
Skipped Seq from 3408 to 3410
Skipped Seq from 3410 to 3412
Skipped Seq from 3412 to 3414
Skipped Seq from 3414 to 3416
Skipped Seq from 3416 to 3418
Skipped Seq from 3418 to 3420
Skipped Seq from 3420 to 3423
Skipped Seq from 3423 to 3425
Skipped Seq from 3425 to 3427
Skipped Seq from 3428 to 3430
Skipped Seq from 3430 to 3433
Skipped Seq from 3433 to 3435
Skipped Seq from 3435 to 3437
Skipped Seq from 3437 to 3439
Skipped Seq from 3439 to 3441
Skipped Seq from 3441 to 3444
Skipped Seq from 3445 to 3447
Skipped Seq from 3447 to 3449
Skipped Seq from 3449 to 3451
Skipped Seq from 3451 to 3453
Skipped Seq from 3453 to 3456
Skipped Seq from 3456 to 3458
Skipped Seq from 3458 to 3460
Skipped Seq from 3460 to 3462
Skipped Seq from 3463 to 3466
Skipped Seq from 3466 to 3468
Skipped Seq from 3468 to 3470
Skipped Seq from 3470 to 3472
Skipped Seq from 3472 to 3474
Skipped Seq from 3474 to 3477
Skipped Seq from 3477 to 3479
Skipped Seq from 3480 to 3482
Skipped Seq from 3482 to 3484
Skipped Seq from 3484 to 3486
Skipped Seq from 3486 to 3489
Skipped Seq from 3489 to 3491
Skipped Seq from 3493 to 3498
Skipped Seq from 3498 to 3500
Skipped Seq from 3500 to 3502
Skipped Seq from 3502 to 3505
Skipped Seq from 3505 to 3507
Skipped Seq from 3507 to 3509
Skipped Seq from 3510 to 3512
Skipped Seq from 3512 to 3515
Skipped Seq from 3515 to 3517
Skipped Seq from 3517 to 3519
Skipped Seq from 3519 to 3522
Skipped Seq from 3523 to 3525
Skipped Seq from 3525 to 3528
Skipped Seq from 3529 to 3532
Skipped Seq from 3532 to 3534
Skipped Seq from 3535 to 3537
Skipped Seq from 3537 to 3540
Skipped Seq from 3540 to 3542
Skipped Seq from 3542 to 3544
Skipped Seq from 3544 to 3546
Skipped Seq from 3546 to 3548
Skipped Seq from 3548 to 3551
Skipped Seq from 3552 to 3554
Skipped Seq from 3554 to 3556
Skipped Seq from 3556 to 3558
Skipped Seq from 3558 to 3560
Skipped Seq from 3560 to 3563
Skipped Seq from 3564 to 3567
Skipped Seq from 3567 to 3569
Skipped Seq from 3569 to 3571
Skipped Seq from 3571 to 3573
Skipped Seq from 3574 to 3577
Skipped Seq from 3577 to 3579
Skipped Seq from 3579 to 3581
Skipped Seq from 3581 to 3583
Skipped Seq from 3583 to 3586
Skipped Seq from 3587 to 3590
Skipped Seq from 3590 to 3592
Skipped Seq from 3593 to 3595
Skipped Seq from 3595 to 3597
Skipped Seq from 3597 to 3600
Skipped Seq from 3600 to 3602
Skipped Seq from 3602 to 3604
Skipped Seq from 3604 to 3606
Skipped Seq from 3606 to 3608
Skipped Seq from 3608 to 3610
Skipped Seq from 3610 to 3612
Skipped Seq from 3612 to 3614
Skipped Seq from 3614 to 3616
Skipped Seq from 3616 to 3618
Skipped Seq from 3618 to 3620
Skipped Seq from 3620 to 3623
Skipped Seq from 3623 to 3625
Skipped Seq from 3625 to 3627
Skipped Seq from 3627 to 3629
Skipped Seq from 3630 to 3632
Skipped Seq from 3632 to 3635
Skipped Seq from 3635 to 3637
Skipped Seq from 3637 to 3639
Skipped Seq from 3639 to 3641
Skipped Seq from 3641 to 3643
Skipped Seq from 3643 to 3646
Skipped Seq from 3646 to 3648
Skipped Seq from 3649 to 3651
Skipped Seq from 3651 to 3653
Skipped Seq from 3653 to 3655
Skipped Seq from 3655 to 3658
Skipped Seq from 3658 to 3660
Skipped Seq from 3660 to 3662
Skipped Seq from 3662 to 3664
Skipped Seq from 3665 to 3667
Skipped Seq from 3667 to 3670
Skipped Seq from 3670 to 3672
Skipped Seq from 3672 to 3674
Skipped Seq from 3674 to 3676
Skipped Seq from 3676 to 3678
Skipped Seq from 3678 to 3681
Skipped Seq from 3681 to 3683
Skipped Seq from 3684 to 3686
Skipped Seq from 3686 to 3688
Skipped Seq from 3688 to 3691
Skipped Seq from 3691 to 3693
Skipped Seq from 3693 to 3695
Skipped Seq from 3696 to 3698
Skipped Seq from 3698 to 3701
Skipped Seq from 3701 to 3703
Skipped Seq from 3703 to 3705
Skipped Seq from 3705 to 3707
Skipped Seq from 3707 to 3710
Skipped Seq from 3710 to 3712
Skipped Seq from 3713 to 3715
Skipped Seq from 3715 to 3717
Skipped Seq from 3717 to 3719
Skipped Seq from 3719 to 3722
Skipped Seq from 3722 to 3724
Skipped Seq from 3724 to 3726
Skipped Seq from 3726 to 3728
Skipped Seq from 3728 to 3730
Skipped Seq from 3730 to 3733
Skipped Seq from 3734 to 3736
Skipped Seq from 3736 to 3738
Skipped Seq from 3738 to 3740
Skipped Seq from 3740 to 3742
Skipped Seq from 3742 to 3745
Skipped Seq from 3745 to 3747
Skipped Seq from 3748 to 3751
Skipped Seq from 3751 to 3753
Skipped Seq from 3753 to 3755
Skipped Seq from 3755 to 3757
Skipped Seq from 3758 to 3761
Skipped Seq from 3761 to 3764
Skipped Seq from 3766 to 3769
Skipped Seq from 3769 to 3771
Skipped Seq from 3771 to 3773
Skipped Seq from 3773 to 3776
Skipped Seq from 3777 to 3779
Skipped Seq from 3780 to 3788
Skipped Seq from 3788 to 3790
Skipped Seq from 3790 to 3793
Skipped Seq from 3793 to 3795
Skipped Seq from 3795 to 3797
Skipped Seq from 3797 to 3799
Skipped Seq from 3799 to 3801
Skipped Seq from 3801 to 3803
Skipped Seq from 3803 to 3805
Skipped Seq from 3805 to 3807
Skipped Seq from 3807 to 3809
Skipped Seq from 3809 to 3811
Skipped Seq from 3811 to 3814
Skipped Seq from 3814 to 3816
Skipped Seq from 3816 to 3818
Skipped Seq from 3818 to 3820
Skipped Seq from 3821 to 3823
Skipped Seq from 3823 to 3826
Skipped Seq from 3826 to 3828
Skipped Seq from 3828 to 3830
Skipped Seq from 3830 to 3832
Skipped Seq from 3832 to 3834
Skipped Seq from 3834 to 3837
Skipped Seq from 3838 to 3840
Skipped Seq from 3840 to 3842
Skipped Seq from 3842 to 3844
Skipped Seq from 3844 to 3846
Skipped Seq from 3846 to 3848
Skipped Seq from 3848 to 3850
Skipped Seq from 3850 to 3853
Skipped Seq from 3853 to 3855
Skipped Seq from 3856 to 3859
Skipped Seq from 3859 to 3861
Skipped Seq from 3861 to 3863
Skipped Seq from 3863 to 3865
Skipped Seq from 3865 to 3868
Skipped Seq from 3869 to 3871
Skipped Seq from 3871 to 3873
Skipped Seq from 3873 to 3876
Skipped Seq from 3876 to 3878
Skipped Seq from 3878 to 3880
Skipped Seq from 3880 to 3882
Skipped Seq from 3883 to 3885
Skipped Seq from 3885 to 3888
Skipped Seq from 3888 to 3890
Skipped Seq from 3890 to 3892
Skipped Seq from 3892 to 3894
Skipped Seq from 3894 to 3896
Skipped Seq from 3896 to 3899
Skipped Seq from 3899 to 3901
Skipped Seq from 3903 to 3908
Skipped Seq from 3908 to 3911
Skipped Seq from 3911 to 3913
Skipped Seq from 3913 to 3915
Skipped Seq from 3915 to 3917
Skipped Seq from 3917 to 3920
Skipped Seq from 3921 to 3923
Skipped Seq from 3923 to 3925
Skipped Seq from 3925 to 3927
Skipped Seq from 3927 to 3930
Skipped Seq from 3930 to 3932
Skipped Seq from 3933 to 3936
Skipped Seq from 3936 to 3938
Skipped Seq from 3938 to 3940
Skipped Seq from 3940 to 3942
Skipped Seq from 3943 to 3946
Skipped Seq from 3946 to 3948
Skipped Seq from 3948 to 3950
Skipped Seq from 3950 to 3952
Skipped Seq from 3952 to 3955
Skipped Seq from 3956 to 3958
Skipped Seq from 3958 to 3961
Skipped Seq from 3961 to 3963
Skipped Seq from 3964 to 3967
Skipped Seq from 3967 to 3969
Skipped Seq from 3969 to 3971
Skipped Seq from 3972 to 3975
Skipped Seq from 3975 to 3977
Skipped Seq from 3977 to 3979
Skipped Seq from 3979 to 3981
Skipped Seq from 3981 to 3983
Skipped Seq from 3983 to 3986
Skipped Seq from 3986 to 3988
Skipped Seq from 3988 to 3990
Skipped Seq from 3991 to 3993
Skipped Seq from 3993 to 3995
Skipped Seq from 3995 to 3998
Skipped Seq from 3998 to 4000
Skipped Seq from 4000 to 4002
Skipped Seq from 4002 to 4004
Skipped Seq from 4004 to 4006
Skipped Seq from 4006 to 4009
Skipped Seq from 4010 to 4012
Skipped Seq from 4012 to 4014
Skipped Seq from 4014 to 4016
Skipped Seq from 4016 to 4018
Skipped Seq from 4018 to 4021
Skipped Seq from 4021 to 4023
Skipped Seq from 4024 to 4026
Skipped Seq from 4026 to 4029
Skipped Seq from 4029 to 4031
Skipped Seq from 4031 to 4033
Skipped Seq from 4033 to 4035
Skipped Seq from 4036 to 4039
Skipped Seq from 4039 to 4042
Skipped Seq from 4043 to 4045
Skipped Seq from 4045 to 4048
Skipped Seq from 4049 to 4051
Skipped Seq from 4051 to 4053
Skipped Seq from 4053 to 4056
Skipped Seq from 4056 to 4058
Skipped Seq from 4058 to 4060
Skipped Seq from 4060 to 4062
Skipped Seq from 4062 to 4064
Skipped Seq from 4064 to 4066
Skipped Seq from 4068 to 4078
Skipped Seq from 4078 to 4080
Skipped Seq from 4080 to 4083
Skipped Seq from 4083 to 4085
Skipped Seq from 4085 to 4087
Skipped Seq from 4088 to 4091
Skipped Seq from 4091 to 4093
Skipped Seq from 4093 to 4095
Skipped Seq from 4095 to 4098
Skipped Seq from 4098 to 4100
Skipped Seq from 4101 to 4104
Skipped Seq from 4104 to 4106
Skipped Seq from 4107 to 4109
Skipped Seq from 4109 to 4112
Skipped Seq from 4113 to 4116
Skipped Seq from 4116 to 4118
Skipped Seq from 4118 to 4120
Skipped Seq from 4120 to 4123
Skipped Seq from 4124 to 4126
Skipped Seq from 4128 to 4134
Skipped Seq from 4134 to 4136
Skipped Seq from 4137 to 4140
Skipped Seq from 4140 to 4143
Skipped Seq from 4143 to 4145
Skipped Seq from 4145 to 4147
Skipped Seq from 4147 to 4149
Skipped Seq from 4149 to 4151
Skipped Seq from 4151 to 4153
Skipped Seq from 4153 to 4155
Skipped Seq from 4155 to 4157
Skipped Seq from 4157 to 4160
Skipped Seq from 4161 to 4163
Skipped Seq from 4163 to 4165
Skipped Seq from 4165 to 4167
Skipped Seq from 4167 to 4170
Skipped Seq from 4170 to 4172
Skipped Seq from 4172 to 4174
Skipped Seq from 4174 to 4176
Skipped Seq from 4177 to 4180
Skipped Seq from 4181 to 4184
Skipped Seq from 4184 to 4186
Skipped Seq from 4186 to 4188
Skipped Seq from 4188 to 4191
Skipped Seq from 4191 to 4193
Skipped Seq from 4194 to 4196
Skipped Seq from 4196 to 4198
Skipped Seq from 4198 to 4201
Skipped Seq from 4201 to 4203
Skipped Seq from 4203 to 4205
Skipped Seq from 4205 to 4207
Skipped Seq from 4207 to 4209
Skipped Seq from 4210 to 4213
Skipped Seq from 4213 to 4215
Skipped Seq from 4215 to 4217
Skipped Seq from 4217 to 4220
Skipped Seq from 4220 to 4222
Skipped Seq from 4223 to 4225
Skipped Seq from 4225 to 4227
Skipped Seq from 4228 to 4232
Skipped Seq from 4233 to 4236
Skipped Seq from 4236 to 4238
Skipped Seq from 4238 to 4240
Skipped Seq from 4240 to 4242
Skipped Seq from 4242 to 4244
Skipped Seq from 4244 to 4246
Skipped Seq from 4246 to 4248
Skipped Seq from 4248 to 4250
Skipped Seq from 4250 to 4252
Skipped Seq from 4252 to 4254
Skipped Seq from 4254 to 4257
Skipped Seq from 4258 to 4261
Skipped Seq from 4262 to 4264
Skipped Seq from 4264 to 4267
Skipped Seq from 4267 to 4269
Skipped Seq from 4269 to 4271
Skipped Seq from 4271 to 4273
Skipped Seq from 4273 to 4275
Skipped Seq from 4275 to 4277
Skipped Seq from 4278 to 4281
Skipped Seq from 4281 to 4284
Skipped Seq from 4285 to 4287
Skipped Seq from 4287 to 4289
Skipped Seq from 4289 to 4292
Skipped Seq from 4292 to 4294
Skipped Seq from 4294 to 4296
Skipped Seq from 4296 to 4298
Skipped Seq from 4298 to 4300
Skipped Seq from 4301 to 4303
Skipped Seq from 4303 to 4306
Skipped Seq from 4306 to 4308
Skipped Seq from 4308 to 4310
Skipped Seq from 4310 to 4312
Skipped Seq from 4312 to 4314
Skipped Seq from 4314 to 4317
Skipped Seq from 4317 to 4319
Skipped Seq from 4319 to 4321
Skipped Seq from 4322 to 4324
Skipped Seq from 4324 to 4327
Skipped Seq from 4327 to 4329
Skipped Seq from 4332 to 4335
Skipped Seq from 4335 to 4338
Skipped Seq from 4339 to 4344
Skipped Seq from 4347 to 4349
Skipped Seq from 4349 to 4355
Skipped Seq from 4355 to 4360
Skipped Seq from 4360 to 4363
Skipped Seq from 4364 to 4367
Skipped Seq from 4369 to 4373
Skipped Seq from 4373 to 4376
Skipped Seq from 4378 to 4381
Skipped Seq from 4383 to 4387
Skipped Seq from 4388 to 4393
Skipped Seq from 4395 to 4400
Skipped Seq from 4400 to 4402
Skipped Seq from 4402 to 4404
Skipped Seq from 4405 to 4408
Skipped Seq from 4408 to 4410
Skipped Seq from 4410 to 4412
Skipped Seq from 4412 to 4414
Skipped Seq from 4414 to 4416
Skipped Seq from 4416 to 4419
Skipped Seq from 4419 to 4421
Skipped Seq from 4421 to 4423
Skipped Seq from 4426 to 4435
Skipped Seq from 4435 to 4437
Skipped Seq from 4437 to 4439
Skipped Seq from 4439 to 4442
Skipped Seq from 4442 to 4444
Skipped Seq from 4444 to 4446
Skipped Seq from 4447 to 4449
Skipped Seq from 4449 to 4452
Skipped Seq from 4452 to 4454
Skipped Seq from 4454 to 4456
Skipped Seq from 4456 to 4458
Skipped Seq from 4458 to 4460
Skipped Seq from 4460 to 4463
Skipped Seq from 4464 to 4466
Skipped Seq from 4466 to 4468
Skipped Seq from 4468 to 4470
Skipped Seq from 4470 to 4472
Skipped Seq from 4472 to 4475
Skipped Seq from 4475 to 4477
Skipped Seq from 4477 to 4479
Skipped Seq from 4480 to 4483
Skipped Seq from 4483 to 4485
Skipped Seq from 4485 to 4487
Skipped Seq from 4487 to 4489
Skipped Seq from 4489 to 4491
Skipped Seq from 4491 to 4494
Skipped Seq from 4495 to 4497
Skipped Seq from 4497 to 4499
Skipped Seq from 4499 to 4501
Skipped Seq from 4501 to 4503
Skipped Seq from 4503 to 4506
Skipped Seq from 4506 to 4508
Skipped Seq from 4508 to 4510
Skipped Seq from 4511 to 4513
Skipped Seq from 4513 to 4516
Skipped Seq from 4516 to 4518
Skipped Seq from 4518 to 4520
Skipped Seq from 4520 to 4522
Skipped Seq from 4522 to 4524
Skipped Seq from 4524 to 4527
Skipped Seq from 4528 to 4530
Skipped Seq from 4530 to 4532
Skipped Seq from 4532 to 4534
Skipped Seq from 4534 to 4537
Skipped Seq from 4537 to 4539
Skipped Seq from 4539 to 4541
Skipped Seq from 4541 to 4543
Skipped Seq from 4544 to 4546
Skipped Seq from 4546 to 4549
Skipped Seq from 4549 to 4551
Skipped Seq from 4551 to 4553
Skipped Seq from 4553 to 4555
Skipped Seq from 4555 to 4557
Skipped Seq from 4557 to 4559
Skipped Seq from 4559 to 4561
Skipped Seq from 4561 to 4563
Skipped Seq from 4563 to 4565
Skipped Seq from 4565 to 4567
Skipped Seq from 4567 to 4570
Skipped Seq from 4570 to 4572
Skipped Seq from 4572 to 4574
Skipped Seq from 4574 to 4576
Skipped Seq from 4577 to 4579
Skipped Seq from 4579 to 4582
Skipped Seq from 4582 to 4584
Skipped Seq from 4584 to 4586
Skipped Seq from 4586 to 4588
Skipped Seq from 4588 to 4591
Skipped Seq from 4591 to 4593
Skipped Seq from 4594 to 4596
Skipped Seq from 4596 to 4598
Skipped Seq from 4598 to 4600
Skipped Seq from 4600 to 4603
Skipped Seq from 4603 to 4605
Skipped Seq from 4605 to 4607
Skipped Seq from 4607 to 4609
Skipped Seq from 4610 to 4613
Skipped Seq from 4613 to 4615
Skipped Seq from 4615 to 4617
Skipped Seq from 4617 to 4619
Skipped Seq from 4619 to 4622
Skipped Seq from 4622 to 4624
Skipped Seq from 4625 to 4627
Skipped Seq from 4627 to 4629
Skipped Seq from 4629 to 4631
Skipped Seq from 4631 to 4634
Skipped Seq from 4634 to 4636
Skipped Seq from 4636 to 4638
Skipped Seq from 4638 to 4640
Skipped Seq from 4641 to 4644
Skipped Seq from 4644 to 4646
Skipped Seq from 4646 to 4648
Skipped Seq from 4648 to 4650
Skipped Seq from 4650 to 4653
Skipped Seq from 4653 to 4655
Skipped Seq from 4655 to 4657
Skipped Seq from 4658 to 4660
Skipped Seq from 4660 to 4662
Skipped Seq from 4662 to 4665
Skipped Seq from 4665 to 4667
Skipped Seq from 4667 to 4669
Skipped Seq from 4669 to 4671
Skipped Seq from 4671 to 4673
Skipped Seq from 4673 to 4675
Skipped Seq from 4675 to 4677
Skipped Seq from 4677 to 4679
Skipped Seq from 4679 to 4681
Skipped Seq from 4681 to 4683
Skipped Seq from 4683 to 4685
Skipped Seq from 4685 to 4688
Skipped Seq from 4688 to 4690
Skipped Seq from 4691 to 4693
Skipped Seq from 4693 to 4695
Skipped Seq from 4695 to 4698
Skipped Seq from 4698 to 4700
Skipped Seq from 4700 to 4702
Skipped Seq from 4702 to 4704
Skipped Seq from 4704 to 4706
Skipped Seq from 4706 to 4708
Skipped Seq from 4708 to 4710
Skipped Seq from 4710 to 4712
Skipped Seq from 4714 to 4725
Skipped Seq from 4725 to 4727
Skipped Seq from 4727 to 4730
Skipped Seq from 4730 to 4732
Skipped Seq from 4732 to 4734
Skipped Seq from 4734 to 4736
Skipped Seq from 4736 to 4738
Skipped Seq from 4739 to 4742
Skipped Seq from 4742 to 4744
Skipped Seq from 4744 to 4746
Skipped Seq from 4746 to 4748
Skipped Seq from 4749 to 4752
Skipped Seq from 4752 to 4754
Skipped Seq from 4754 to 4756
Skipped Seq from 4756 to 4759
Skipped Seq from 4759 to 4761
Skipped Seq from 4761 to 4763
Skipped Seq from 4764 to 4766
Skipped Seq from 4766 to 4769
Skipped Seq from 4769 to 4771
Skipped Seq from 4771 to 4773
Skipped Seq from 4773 to 4775
Skipped Seq from 4776 to 4778
Skipped Seq from 4778 to 4781
Skipped Seq from 4782 to 4786
Skipped Seq from 4786 to 4788
Skipped Seq from 4788 to 4790
Skipped Seq from 4791 to 4793
Skipped Seq from 4793 to 4796
Skipped Seq from 4796 to 4798
Skipped Seq from 4798 to 4800
Skipped Seq from 4800 to 4802
Skipped Seq from 4802 to 4804
Skipped Seq from 4804 to 4807
Skipped Seq from 4808 to 4810
Skipped Seq from 4810 to 4812
Skipped Seq from 4812 to 4814
Skipped Seq from 4814 to 4816
Skipped Seq from 4816 to 4819
Skipped Seq from 4819 to 4821
Skipped Seq from 4821 to 4823
Skipped Seq from 4823 to 4825
Skipped Seq from 4826 to 4829
Skipped Seq from 4829 to 4831
Skipped Seq from 4831 to 4833
Skipped Seq from 4833 to 4835
Skipped Seq from 4835 to 4837
Skipped Seq from 4837 to 4839
Skipped Seq from 4839 to 4841
Skipped Seq from 4841 to 4843
Skipped Seq from 4843 to 4845
Skipped Seq from 4845 to 4847
Skipped Seq from 4847 to 4850
Skipped Seq from 4850 to 4852
Skipped Seq from 4852 to 4854
Skipped Seq from 4855 to 4858
Skipped Seq from 4859 to 4861
Skipped Seq from 4861 to 4864
Skipped Seq from 4864 to 4866
Skipped Seq from 4866 to 4868
Skipped Seq from 4868 to 4870
Skipped Seq from 4870 to 4872
Skipped Seq from 4872 to 4875
Skipped Seq from 4875 to 4877
Skipped Seq from 4878 to 4880
Skipped Seq from 4880 to 4882
Skipped Seq from 4882 to 4885
Skipped Seq from 4885 to 4887
Skipped Seq from 4887 to 4889
Skipped Seq from 4889 to 4891
Skipped Seq from 4891 to 4893
Skipped Seq from 4893 to 4896
Skipped Seq from 4897 to 4899
Skipped Seq from 4899 to 4901
Skipped Seq from 4901 to 4903
Skipped Seq from 4905 to 4911
Skipped Seq from 4911 to 4913
Skipped Seq from 4913 to 4915
Skipped Seq from 4915 to 4917
Skipped Seq from 4917 to 4919
Skipped Seq from 4919 to 4922
Skipped Seq from 4922 to 4924
Skipped Seq from 4925 to 4927
Skipped Seq from 4927 to 4929
Skipped Seq from 4929 to 4931
Skipped Seq from 4931 to 4934
Skipped Seq from 4934 to 4936
Skipped Seq from 4936 to 4938
Skipped Seq from 4938 to 4940
Skipped Seq from 4940 to 4942
Skipped Seq from 4942 to 4944
Skipped Seq from 4944 to 4946
Skipped Seq from 4946 to 4948
Skipped Seq from 4948 to 4951
Skipped Seq from 4951 to 4953
Skipped Seq from 4953 to 4955
Skipped Seq from 4956 to 4958
Skipped Seq from 4958 to 4960
Skipped Seq from 4960 to 4963
Skipped Seq from 4963 to 4965
Skipped Seq from 4965 to 4967
Skipped Seq from 4967 to 4969
Skipped Seq from 4969 to 4971
Skipped Seq from 4971 to 4974
Skipped Seq from 4975 to 4977
Skipped Seq from 4977 to 4979
Skipped Seq from 4979 to 4981
Skipped Seq from 4981 to 4983
Skipped Seq from 4983 to 4986
Skipped Seq from 4986 to 4988
Skipped Seq from 4988 to 4990
Skipped Seq from 4991 to 4993
Skipped Seq from 4993 to 4996
Skipped Seq from 4996 to 4998
Skipped Seq from 4998 to 5000
Skipped Seq from 5001 to 5004
Skipped Seq from 5004 to 5006
Skipped Seq from 5006 to 5008
Skipped Seq from 5008 to 5011
Skipped Seq from 5011 to 5013
Skipped Seq from 5013 to 5015
Skipped Seq from 5015 to 5017
Skipped Seq from 5018 to 5021
Skipped Seq from 5021 to 5023
Skipped Seq from 5023 to 5025
Skipped Seq from 5025 to 5027
Skipped Seq from 5028 to 5031
Skipped Seq from 5031 to 5033
Skipped Seq from 5033 to 5035
Skipped Seq from 5035 to 5038
Skipped Seq from 5038 to 5040
Skipped Seq from 5040 to 5042
Skipped Seq from 5043 to 5045
Skipped Seq from 5045 to 5048
Skipped Seq from 5048 to 5050
Skipped Seq from 5050 to 5052
Skipped Seq from 5052 to 5054
Skipped Seq from 5054 to 5056
Skipped Seq from 5056 to 5059
Skipped Seq from 5060 to 5062
Skipped Seq from 5062 to 5064
Skipped Seq from 5064 to 5066
Skipped Seq from 5066 to 5068
Skipped Seq from 5068 to 5071
Skipped Seq from 5071 to 5073
Skipped Seq from 5073 to 5075
Skipped Seq from 5075 to 5077
Skipped Seq from 5078 to 5080
Skipped Seq from 5080 to 5083
Skipped Seq from 5083 to 5085
Skipped Seq from 5085 to 5087
Skipped Seq from 5087 to 5089
Skipped Seq from 5089 to 5092
Skipped Seq from 5092 to 5094
Skipped Seq from 5095 to 5097
Skipped Seq from 5097 to 5099
Skipped Seq from 5099 to 5101
Skipped Seq from 5101 to 5104
Skipped Seq from 5104 to 5106
Skipped Seq from 5106 to 5108
Skipped Seq from 5108 to 5110
Skipped Seq from 5111 to 5114
Skipped Seq from 5114 to 5116
Skipped Seq from 5116 to 5118
Skipped Seq from 5118 to 5120
Skipped Seq from 5120 to 5122
Skipped Seq from 5122 to 5125
Skipped Seq from 5126 to 5128
Skipped Seq from 5128 to 5130
Skipped Seq from 5130 to 5132
Skipped Seq from 5132 to 5135
Skipped Seq from 5135 to 5137
Skipped Seq from 5137 to 5139
Skipped Seq from 5140 to 5142
Skipped Seq from 5142 to 5145
Skipped Seq from 5145 to 5147
Skipped Seq from 5147 to 5149
Skipped Seq from 5149 to 5151
Skipped Seq from 5151 to 5153
Skipped Seq from 5153 to 5156
Skipped Seq from 5157 to 5159
Skipped Seq from 5159 to 5161
Skipped Seq from 5161 to 5163
Skipped Seq from 5163 to 5166
Skipped Seq from 5166 to 5168
Skipped Seq from 5168 to 5170
Skipped Seq from 5170 to 5172
Skipped Seq from 5173 to 5176
Skipped Seq from 5176 to 5178
Skipped Seq from 5178 to 5180
Skipped Seq from 5180 to 5182
Skipped Seq from 5182 to 5184
Skipped Seq from 5184 to 5187
Skipped Seq from 5187 to 5189
Skipped Seq from 5190 to 5192
Skipped Seq from 5192 to 5194
Skipped Seq from 5194 to 5196
Skipped Seq from 5196 to 5199
Skipped Seq from 5199 to 5201
Skipped Seq from 5201 to 5203
Skipped Seq from 5203 to 5205
Skipped Seq from 5206 to 5209
Skipped Seq from 5209 to 5211
Skipped Seq from 5211 to 5213
Skipped Seq from 5213 to 5215
Skipped Seq from 5215 to 5217
Skipped Seq from 5217 to 5220
Skipped Seq from 5220 to 5222
Skipped Seq from 5223 to 5225
Skipped Seq from 5225 to 5227
Skipped Seq from 5227 to 5230
Skipped Seq from 5230 to 5232
Skipped Seq from 5232 to 5234
Skipped Seq from 5234 to 5236
Skipped Seq from 5236 to 5238
Skipped Seq from 5239 to 5242
Skipped Seq from 5242 to 5244
Skipped Seq from 5244 to 5246
Skipped Seq from 5246 to 5248
Skipped Seq from 5248 to 5250
Skipped Seq from 5250 to 5253
Skipped Seq from 5253 to 5255
Skipped Seq from 5256 to 5258
Skipped Seq from 5258 to 5260
Skipped Seq from 5260 to 5263
Skipped Seq from 5263 to 5265
Skipped Seq from 5265 to 5267
Skipped Seq from 5267 to 5269
Skipped Seq from 5269 to 5271
Skipped Seq from 5271 to 5273
Skipped Seq from 5273 to 5275
Skipped Seq from 5275 to 5277
Skipped Seq from 5277 to 5279
Skipped Seq from 5279 to 5281
Skipped Seq from 5281 to 5284
Skipped Seq from 5285 to 5288
Skipped Seq from 5289 to 5294
Skipped Seq from 5294 to 5296
Skipped Seq from 5296 to 5298
Skipped Seq from 5298 to 5300
Skipped Seq from 5300 to 5303
Skipped Seq from 5303 to 5305
Skipped Seq from 5305 to 5307
Skipped Seq from 5307 to 5309
Skipped Seq from 5309 to 5311
Skipped Seq from 5311 to 5314
Skipped Seq from 5315 to 5317
Skipped Seq from 5317 to 5319
Skipped Seq from 5319 to 5321
Skipped Seq from 5321 to 5323
Skipped Seq from 5323 to 5326
Skipped Seq from 5326 to 5328
Skipped Seq from 5328 to 5330
Skipped Seq from 5330 to 5332
Skipped Seq from 5333 to 5336
Skipped Seq from 5336 to 5338
Skipped Seq from 5338 to 5340
Skipped Seq from 5340 to 5342
Skipped Seq from 5342 to 5344
Skipped Seq from 5344 to 5346
Skipped Seq from 5346 to 5348
Skipped Seq from 5348 to 5350
Skipped Seq from 5350 to 5352
Skipped Seq from 5352 to 5354
Skipped Seq from 5354 to 5357
Skipped Seq from 5357 to 5359
Skipped Seq from 5359 to 5361
Skipped Seq from 5361 to 5363
Skipped Seq from 5364 to 5366
Skipped Seq from 5366 to 5369
Skipped Seq from 5369 to 5371
Skipped Seq from 5371 to 5373
Skipped Seq from 5373 to 5375
Skipped Seq from 5375 to 5377
Skipped Seq from 5377 to 5380
Skipped Seq from 5381 to 5383
Skipped Seq from 5383 to 5385
Skipped Seq from 5385 to 5387
Skipped Seq from 5387 to 5389
Skipped Seq from 5389 to 5391
Skipped Seq from 5391 to 5394
Skipped Seq from 5394 to 5396
Skipped Seq from 5397 to 5400
Skipped Seq from 5400 to 5402
Skipped Seq from 5402 to 5404
Skipped Seq from 5404 to 5406
Skipped Seq from 5407 to 5410
Skipped Seq from 5410 to 5413
Skipped Seq from 5413 to 5415
Skipped Seq from 5415 to 5417
Skipped Seq from 5418 to 5420
Skipped Seq from 5420 to 5423
Skipped Seq from 5423 to 5425
Skipped Seq from 5425 to 5427
Skipped Seq from 5427 to 5429
Skipped Seq from 5429 to 5431
Skipped Seq from 5431 to 5433
Skipped Seq from 5433 to 5435
Skipped Seq from 5435 to 5437
Skipped Seq from 5438 to 5441
Skipped Seq from 5441 to 5443
Skipped Seq from 5443 to 5445
Skipped Seq from 5445 to 5447
Skipped Seq from 5447 to 5450
Skipped Seq from 5450 to 5452
Skipped Seq from 5453 to 5455
Skipped Seq from 5455 to 5458
Skipped Seq from 5458 to 5460
Skipped Seq from 5460 to 5462
Skipped Seq from 5463 to 5466
Skipped Seq from 5466 to 5468
Skipped Seq from 5468 to 5471
Skipped Seq from 5472 to 5474
Skipped Seq from 5474 to 5476
Skipped Seq from 5476 to 5478
Skipped Seq from 5478 to 5481
Skipped Seq from 5481 to 5483
Skipped Seq from 5483 to 5485
Skipped Seq from 5485 to 5487
Skipped Seq from 5487 to 5489
Skipped Seq from 5489 to 5491
Skipped Seq from 5491 to 5493
Skipped Seq from 5493 to 5495
Skipped Seq from 5495 to 5497
Skipped Seq from 5497 to 5499
Skipped Seq from 5499 to 5502
Skipped Seq from 5503 to 5505
Skipped Seq from 5505 to 5507
Skipped Seq from 5507 to 5510
Skipped Seq from 5511 to 5513
Skipped Seq from 5513 to 5515
Skipped Seq from 5515 to 5518
Skipped Seq from 5518 to 5520
Skipped Seq from 5520 to 5522
Skipped Seq from 5522 to 5524
Skipped Seq from 5524 to 5527
Skipped Seq from 5528 to 5530
Skipped Seq from 5530 to 5532
Skipped Seq from 5532 to 5534
Skipped Seq from 5534 to 5536
Skipped Seq from 5536 to 5539
Skipped Seq from 5539 to 5541
Skipped Seq from 5542 to 5544
Skipped Seq from 5544 to 5547
Skipped Seq from 5547 to 5549
Skipped Seq from 5549 to 5551
Skipped Seq from 5551 to 5553
Skipped Seq from 5553 to 5555
Skipped Seq from 5555 to 5558
Skipped Seq from 5559 to 5561
Skipped Seq from 5561 to 5563
Skipped Seq from 5563 to 5565
Skipped Seq from 5565 to 5567
Skipped Seq from 5567 to 5570
Skipped Seq from 5570 to 5572
Skipped Seq from 5572 to 5574
Skipped Seq from 5576 to 5584
Skipped Seq from 5585 to 5588
Skipped Seq from 5588 to 5590
Skipped Seq from 5590 to 5592
Skipped Seq from 5592 to 5595
Skipped Seq from 5595 to 5597
Skipped Seq from 5597 to 5599
Skipped Seq from 5599 to 5601
Skipped Seq from 5602 to 5604
Skipped Seq from 5604 to 5607
Skipped Seq from 5607 to 5609
Skipped Seq from 5609 to 5611
Skipped Seq from 5611 to 5613
Skipped Seq from 5613 to 5616
Skipped Seq from 5617 to 5619
Skipped Seq from 5619 to 5621
Skipped Seq from 5621 to 5624
Skipped Seq from 5624 to 5626
Skipped Seq from 5626 to 5628
Skipped Seq from 5629 to 5631
Skipped Seq from 5631 to 5634
Skipped Seq from 5634 to 5636
Skipped Seq from 5636 to 5638
Skipped Seq from 5639 to 5642
Skipped Seq from 5642 to 5644
Skipped Seq from 5645 to 5647
Skipped Seq from 5647 to 5650
Skipped Seq from 5652 to 5658
Skipped Seq from 5658 to 5661
Skipped Seq from 5661 to 5664
Skipped Seq from 5664 to 5666
Skipped Seq from 5666 to 5669
Skipped Seq from 5669 to 5671
Skipped Seq from 5672 to 5674
Skipped Seq from 5674 to 5676
Skipped Seq from 5676 to 5679
Skipped Seq from 5679 to 5681
Skipped Seq from 5681 to 5683
Skipped Seq from 5683 to 5685
Skipped Seq from 5685 to 5687
Skipped Seq from 5688 to 5691
Skipped Seq from 5691 to 5693
Skipped Seq from 5693 to 5695
Skipped Seq from 5695 to 5697
Skipped Seq from 5697 to 5699
Skipped Seq from 5699 to 5702
Skipped Seq from 5702 to 5704
Skipped Seq from 5705 to 5707
Skipped Seq from 5707 to 5709
Skipped Seq from 5709 to 5712
Skipped Seq from 5712 to 5714
Skipped Seq from 5714 to 5716
Skipped Seq from 5716 to 5718
Skipped Seq from 5718 to 5720
Skipped Seq from 5720 to 5722
Skipped Seq from 5722 to 5724
Skipped Seq from 5724 to 5726
Skipped Seq from 5726 to 5728
Skipped Seq from 5728 to 5730
Skipped Seq from 5730 to 5733
Skipped Seq from 5733 to 5735
Skipped Seq from 5735 to 5737
Skipped Seq from 5737 to 5739
Skipped Seq from 5740 to 5742
Skipped Seq from 5742 to 5745
Skipped Seq from 5745 to 5747
Skipped Seq from 5747 to 5749
Skipped Seq from 5749 to 5751
Skipped Seq from 5751 to 5753
Skipped Seq from 5753 to 5756
Skipped Seq from 5757 to 5759
Skipped Seq from 5759 to 5761
Skipped Seq from 5761 to 5763
Skipped Seq from 5763 to 5766
Skipped Seq from 5767 to 5769
Skipped Seq from 5769 to 5771
Skipped Seq from 5771 to 5774
Skipped Seq from 5774 to 5776
Skipped Seq from 5776 to 5778
Skipped Seq from 5778 to 5780
Skipped Seq from 5780 to 5783
Skipped Seq from 5784 to 5786
Skipped Seq from 5786 to 5788
Skipped Seq from 5788 to 5790
Skipped Seq from 5790 to 5792
Skipped Seq from 5792 to 5795
Skipped Seq from 5795 to 5797
Skipped Seq from 5797 to 5799
Skipped Seq from 5799 to 5801
Skipped Seq from 5802 to 5804
Skipped Seq from 5804 to 5807
Skipped Seq from 5807 to 5809
Skipped Seq from 5809 to 5811
Skipped Seq from 5811 to 5813
Skipped Seq from 5813 to 5815
Skipped Seq from 5815 to 5818
Skipped Seq from 5818 to 5820
Skipped Seq from 5821 to 5823
Skipped Seq from 5823 to 5825
Skipped Seq from 5825 to 5827
Skipped Seq from 5827 to 5830
Skipped Seq from 5830 to 5832
Skipped Seq from 5832 to 5834
Skipped Seq from 5834 to 5836
Skipped Seq from 5836 to 5838
Skipped Seq from 5839 to 5842
Skipped Seq from 5842 to 5844
Skipped Seq from 5844 to 5846
Skipped Seq from 5846 to 5848
Skipped Seq from 5848 to 5850
Skipped Seq from 5850 to 5853
Skipped Seq from 5853 to 5855
Skipped Seq from 5856 to 5858
Skipped Seq from 5858 to 5860
Skipped Seq from 5862 to 5875
Skipped Seq from 5875 to 5877
Skipped Seq from 5877 to 5879
Skipped Seq from 5879 to 5881
Skipped Seq from 5881 to 5883
Skipped Seq from 5883 to 5886
Skipped Seq from 5887 to 5889
Skipped Seq from 5889 to 5891
Skipped Seq from 5891 to 5893
Skipped Seq from 5893 to 5895
Skipped Seq from 5895 to 5898
Skipped Seq from 5898 to 5900
Skipped Seq from 5900 to 5902
Skipped Seq from 5903 to 5905
Skipped Seq from 5906 to 5908
Skipped Seq from 5909 to 5914
Skipped Seq from 5914 to 5916
Skipped Seq from 5916 to 5919
Skipped Seq from 5919 to 5921
Skipped Seq from 5922 to 5924
Skipped Seq from 5924 to 5926
Skipped Seq from 5926 to 5929
Skipped Seq from 5929 to 5931
Skipped Seq from 5932 to 5935
Skipped Seq from 5935 to 5937
Skipped Seq from 5937 to 5939
Skipped Seq from 5939 to 5941
Skipped Seq from 5941 to 5943
Skipped Seq from 5943 to 5946
Skipped Seq from 5947 to 5949
Skipped Seq from 5949 to 5951
Skipped Seq from 5951 to 5953
Skipped Seq from 5953 to 5955
Skipped Seq from 5955 to 5958
Skipped Seq from 5958 to 5960
Skipped Seq from 5960 to 5962
Skipped Seq from 5962 to 5964
Skipped Seq from 5965 to 5968
Skipped Seq from 5968 to 5970
Skipped Seq from 5970 to 5972
Skipped Seq from 5972 to 5974
Skipped Seq from 5974 to 5976
Skipped Seq from 5976 to 5979
Skipped Seq from 5980 to 5982
Skipped Seq from 5982 to 5984
Skipped Seq from 5984 to 5986
Skipped Seq from 5986 to 5989
Skipped Seq from 5989 to 5991
Skipped Seq from 5991 to 5993
Skipped Seq from 5993 to 5995
Skipped Seq from 5995 to 5997
Skipped Seq from 5998 to 6001
Skipped Seq from 6001 to 6003
Skipped Seq from 6003 to 6005
Skipped Seq from 6005 to 6007
Skipped Seq from 6007 to 6009
Skipped Seq from 6009 to 6012
Skipped Seq from 6012 to 6014
Skipped Seq from 6015 to 6017
Skipped Seq from 6017 to 6019
Skipped Seq from 6019 to 6022
Skipped Seq from 6022 to 6024
Skipped Seq from 6024 to 6026
Skipped Seq from 6026 to 6028
Skipped Seq from 6028 to 6030
Skipped Seq from 6030 to 6032
Skipped Seq from 6032 to 6034
Skipped Seq from 6034 to 6036
Skipped Seq from 6036 to 6038
Skipped Seq from 6038 to 6040
Skipped Seq from 6040 to 6043
Skipped Seq from 6043 to 6045
Skipped Seq from 6045 to 6047
Skipped Seq from 6047 to 6049
Skipped Seq from 6050 to 6052
Skipped Seq from 6052 to 6055
Skipped Seq from 6055 to 6057
Skipped Seq from 6057 to 6059
Skipped Seq from 6059 to 6061
Skipped Seq from 6061 to 6063
Skipped Seq from 6063 to 6066
Skipped Seq from 6067 to 6069
Skipped Seq from 6069 to 6071
Skipped Seq from 6071 to 6073
Skipped Seq from 6073 to 6075
Skipped Seq from 6075 to 6078
Skipped Seq from 6078 to 6080
Skipped Seq from 6080 to 6082
Skipped Seq from 6082 to 6084
Skipped Seq from 6085 to 6088
Skipped Seq from 6088 to 6090
Skipped Seq from 6090 to 6092
Skipped Seq from 6092 to 6094
Skipped Seq from 6094 to 6096
Skipped Seq from 6096 to 6098
Skipped Seq from 6098 to 6101
Skipped Seq from 6102 to 6104
Skipped Seq from 6104 to 6106
Skipped Seq from 6106 to 6108
Skipped Seq from 6108 to 6111
Skipped Seq from 6111 to 6113
Skipped Seq from 6113 to 6115
Skipped Seq from 6115 to 6117
Skipped Seq from 6118 to 6121
Skipped Seq from 6121 to 6123
Skipped Seq from 6123 to 6125
Skipped Seq from 6125 to 6127
Skipped Seq from 6127 to 6129
Skipped Seq from 6129 to 6132
Skipped Seq from 6132 to 6134
Skipped Seq from 6135 to 6137
Skipped Seq from 6137 to 6139
Skipped Seq from 6139 to 6142
Skipped Seq from 6142 to 6144
Skipped Seq from 6144 to 6146
Skipped Seq from 6146 to 6148
Skipped Seq from 6150 to 6154
Skipped Seq from 6154 to 6157
Skipped Seq from 6157 to 6159
Skipped Seq from 6160 to 6162
Skipped Seq from 6162 to 6164
Skipped Seq from 6164 to 6166
Skipped Seq from 6166 to 6169
Skipped Seq from 6169 to 6171
Skipped Seq from 6171 to 6173
Skipped Seq from 6173 to 6175
Skipped Seq from 6176 to 6179
Skipped Seq from 6179 to 6181
Skipped Seq from 6181 to 6183
Skipped Seq from 6183 to 6186
Skipped Seq from 6187 to 6189
Skipped Seq from 6189 to 6191
Skipped Seq from 6191 to 6193
Skipped Seq from 6193 to 6195
Skipped Seq from 6195 to 6198
Skipped Seq from 6198 to 6200
Skipped Seq from 6200 to 6202
Skipped Seq from 6203 to 6205
Skipped Seq from 6205 to 6208
Skipped Seq from 6208 to 6210
Skipped Seq from 6210 to 6212
Skipped Seq from 6212 to 6214
Skipped Seq from 6214 to 6216
Skipped Seq from 6216 to 6219
Skipped Seq from 6220 to 6222
Skipped Seq from 6222 to 6224
Skipped Seq from 6224 to 6226
Skipped Seq from 6226 to 6229
Skipped Seq from 6229 to 6231
Skipped Seq from 6231 to 6233
Skipped Seq from 6233 to 6235
Skipped Seq from 6236 to 6238
Skipped Seq from 6238 to 6241
Skipped Seq from 6241 to 6243
Skipped Seq from 6243 to 6245
Skipped Seq from 6245 to 6247
Skipped Seq from 6247 to 6249
Skipped Seq from 6249 to 6252
Skipped Seq from 6253 to 6255
Skipped Seq from 6255 to 6257
Skipped Seq from 6257 to 6259
Skipped Seq from 6259 to 6262
Skipped Seq from 6262 to 6264
Skipped Seq from 6264 to 6266
Skipped Seq from 6267 to 6269
Skipped Seq from 6269 to 6272
Skipped Seq from 6272 to 6274
Skipped Seq from 6274 to 6276
Skipped Seq from 6276 to 6278
Skipped Seq from 6278 to 6280
Skipped Seq from 6280 to 6283
Skipped Seq from 6283 to 6285
Skipped Seq from 6286 to 6288
Skipped Seq from 6288 to 6290
Skipped Seq from 6290 to 6292
Skipped Seq from 6292 to 6295
Skipped Seq from 6295 to 6297
Skipped Seq from 6297 to 6299
Skipped Seq from 6299 to 6301
Skipped Seq from 6302 to 6305
Skipped Seq from 6305 to 6307
Skipped Seq from 6307 to 6309
Skipped Seq from 6309 to 6311
Skipped Seq from 6311 to 6313
Skipped Seq from 6313 to 6316
Skipped Seq from 6316 to 6318
Skipped Seq from 6319 to 6321
Skipped Seq from 6321 to 6323
Skipped Seq from 6323 to 6326
Skipped Seq from 6326 to 6328
Skipped Seq from 6328 to 6330
Skipped Seq from 6330 to 6332
Skipped Seq from 6332 to 6334
Skipped Seq from 6334 to 6336
Skipped Seq from 6336 to 6338
Skipped Seq from 6338 to 6340
Skipped Seq from 6340 to 6342
Skipped Seq from 6342 to 6344
Skipped Seq from 6344 to 6346
Skipped Seq from 6346 to 6349
Skipped Seq from 6349 to 6351
Skipped Seq from 6352 to 6354
Skipped Seq from 6354 to 6356
Skipped Seq from 6356 to 6359
Skipped Seq from 6359 to 6361
Skipped Seq from 6361 to 6363
Skipped Seq from 6363 to 6365
Skipped Seq from 6365 to 6367
Skipped Seq from 6367 to 6369
Skipped Seq from 6369 to 6371
Skipped Seq from 6371 to 6373
Skipped Seq from 6373 to 6375
Skipped Seq from 6375 to 6378
Skipped Seq from 6378 to 6380
Skipped Seq from 6380 to 6382
Skipped Seq from 6383 to 6385
Skipped Seq from 6385 to 6387
Skipped Seq from 6387 to 6390
Skipped Seq from 6390 to 6392
Skipped Seq from 6392 to 6394
Skipped Seq from 6394 to 6396
Skipped Seq from 6396 to 6398
Skipped Seq from 6398 to 6401
Skipped Seq from 6402 to 6404
Skipped Seq from 6404 to 6406
Skipped Seq from 6406 to 6408
Skipped Seq from 6408 to 6411
Skipped Seq from 6411 to 6413
Skipped Seq from 6413 to 6415
Skipped Seq from 6432 to 6434
Skipped Seq from 6439 to 6443
Skipped Seq from 6444 to 6446
Skipped Seq from 6466 to 6468
Skipped Seq from 6478 to 6480
Skipped Seq from 6489 to 6491
Skipped Seq from 6511 to 6513
Skipped Seq from 6522 to 6524
Skipped Seq from 6533 to 6535
Skipped Seq from 6543 to 6545
Skipped Seq from 6555 to 6557
Skipped Seq from 6566 to 6568
Skipped Seq from 6576 to 6578
Skipped Seq from 6586 to 6588
Skipped Seq from 6595 to 6597
Skipped Seq from 6605 to 6607
Skipped Seq from 6614 to 6616
Skipped Seq from 6625 to 6627
Skipped Seq from 6636 to 6638
Skipped Seq from 6648 to 6651
Skipped Seq from 6659 to 6661
Skipped Seq from 6669 to 6671
Skipped Seq from 6679 to 6681
Skipped Seq from 6690 to 6692
Skipped Seq from 6692 to 6694
Skipped Seq from 6701 to 6703
Skipped Seq from 6711 to 6713
Skipped Seq from 6719 to 6721
Skipped Seq from 6726 to 6733
Skipped Seq from 6737 to 6739
Skipped Seq from 6746 to 6748
Skipped Seq from 6757 to 6759
Skipped Seq from 6760 to 6762
Skipped Seq from 6768 to 6770
Skipped Seq from 6779 to 6781
Skipped Seq from 6783 to 6785
Skipped Seq from 6790 to 6792
Number of times throttled: 6
Received: 14278 / 16682 packets
Start time: 1332810381.879084
End time: 1332810416.838831
Duration: 34.959747
