Mar 26 17:59:11|00001|openflowd|INFO|Open vSwitch version 1.1.0pre2
Mar 26 17:59:11|00002|openflowd|INFO|OpenFlow protocol version 0x01
Mar 26 17:59:11|00003|ofproto|INFO|using datapath ID 0000002320a926eb
Mar 26 17:59:11|00004|ofproto|INFO|datapath ID changed to 0000000000000008
Mar 26 17:59:11|00005|rconn|INFO|dp7<->tcp:127.0.0.1:6633: connecting...
Mar 26 17:59:11|00006|rconn|WARN|dp7<->tcp:127.0.0.1:6633: connection failed (Connection refused)
Mar 26 17:59:11|00007|rconn|INFO|dp7<->tcp:127.0.0.1:6633: waiting 1 seconds before reconnect
Mar 26 17:59:11|00008|rconn|INFO|dp7<->tcp:127.0.0.1:6633: connecting...
Mar 26 17:59:11|00009|rconn|WARN|dp7<->tcp:127.0.0.1:6633: connection failed (Connection refused)
Mar 26 17:59:11|00010|rconn|INFO|dp7<->tcp:127.0.0.1:6633: waiting 2 seconds before reconnect
Mar 26 17:59:13|00011|rconn|INFO|dp7<->tcp:127.0.0.1:6633: connecting...
Mar 26 17:59:13|00012|rconn|WARN|dp7<->tcp:127.0.0.1:6633: connection failed (Connection refused)
Mar 26 17:59:13|00013|rconn|INFO|dp7<->tcp:127.0.0.1:6633: waiting 4 seconds before reconnect
Mar 26 17:59:17|00014|rconn|INFO|dp7<->tcp:127.0.0.1:6633: connecting...
Mar 26 17:59:17|00015|rconn|INFO|dp7<->tcp:127.0.0.1:6633: connected
Mar 26 17:59:17|00016|ofp_util|WARN|received Nicira extension message of unknown type 8
Mar 26 17:59:17|00017|ofp_util|INFO|normalization changed ofp_match, details:
Mar 26 17:59:17|00018|ofp_util|INFO| pre: wildcards=0xffffffff  in_port=    0  dl_src=00:00:78:f4:3c:0a  dl_dst=60:73:06:08:04:00  dl_vlan=  256  dl_vlan_pcp=  0  dl_type=     0  nw_tos=0x80  nw_proto=0x6f  nw_src=         0  nw_dst=0xb0e83c0a  tp_src= 8224  tp_dst= 8232
Mar 26 17:59:17|00019|ofp_util|INFO|post: wildcards= 0x23fffff  in_port=    0  dl_src=00:00:00:00:00:00  dl_dst=00:00:00:00:00:00  dl_vlan=  256  dl_vlan_pcp=  0  dl_type=     0  nw_tos=   0  nw_proto=   0  nw_src=         0  nw_dst=         0  tp_src=    0  tp_dst=    0
Mar 26 17:59:29|00020|ofp_util|INFO|normalization changed ofp_match, details:
Mar 26 17:59:29|00021|ofp_util|INFO| pre: wildcards=      0x30  in_port=    8  dl_src=00:00:00:00:00:1b  dl_dst=00:00:00:00:00:1d  dl_vlan=65535  dl_vlan_pcp=  0  dl_type=     0  nw_tos=   0  nw_proto=   0  nw_src= 0xa00001b  nw_dst= 0xa00001d  tp_src= 1234  tp_dst=42247
Mar 26 17:59:29|00022|ofp_util|INFO|post: wildcards=  0x2ffff0  in_port=    8  dl_src=00:00:00:00:00:1b  dl_dst=00:00:00:00:00:1d  dl_vlan=65535  dl_vlan_pcp=  0  dl_type=     0  nw_tos=   0  nw_proto=   0  nw_src=         0  nw_dst=         0  tp_src=    0  tp_dst=    0
Mar 26 17:59:29|00023|ofp_util|INFO|normalization changed ofp_match, details:
Mar 26 17:59:29|00024|ofp_util|INFO| pre: wildcards=      0x30  in_port=    8  dl_src=00:00:00:00:00:1b  dl_dst=00:00:00:00:00:1d  dl_vlan=65535  dl_vlan_pcp=  0  dl_type=     0  nw_tos=   0  nw_proto=   0  nw_src= 0xa00001b  nw_dst= 0xa00001d  tp_src= 1234  tp_dst=42247
Mar 26 17:59:29|00025|ofp_util|INFO|post: wildcards=  0x2ffff0  in_port=    8  dl_src=00:00:00:00:00:1b  dl_dst=00:00:00:00:00:1d  dl_vlan=65535  dl_vlan_pcp=  0  dl_type=     0  nw_tos=   0  nw_proto=   0  nw_src=         0  nw_dst=         0  tp_src=    0  tp_dst=    0
Mar 26 17:59:46|00026|ofp_util|INFO|normalization changed ofp_match, details:
Mar 26 17:59:46|00027|ofp_util|INFO| pre: wildcards=      0x30  in_port=    5  dl_src=00:00:00:00:00:10  dl_dst=00:00:00:00:00:1d  dl_vlan=65535  dl_vlan_pcp=  0  dl_type=     0  nw_tos=   0  nw_proto=   0  nw_src= 0xa000010  nw_dst= 0xa00001d  tp_src= 1234  tp_dst=57781
Mar 26 17:59:46|00028|ofp_util|INFO|post: wildcards=  0x2ffff0  in_port=    5  dl_src=00:00:00:00:00:10  dl_dst=00:00:00:00:00:1d  dl_vlan=65535  dl_vlan_pcp=  0  dl_type=     0  nw_tos=   0  nw_proto=   0  nw_src=         0  nw_dst=         0  tp_src=    0  tp_dst=    0
Mar 26 18:00:48|00029|ofp_util|INFO|Dropped 5 log messages in last 62 seconds due to excessive rate
Mar 26 18:00:48|00030|ofp_util|INFO|normalization changed ofp_match, details:
Mar 26 18:00:48|00031|ofp_util|INFO| pre: wildcards=      0x30  in_port=    5  dl_src=00:00:00:00:00:0d  dl_dst=00:00:00:00:00:20  dl_vlan=65535  dl_vlan_pcp=  0  dl_type=     0  nw_tos=   0  nw_proto=   0  nw_src= 0xa00000d  nw_dst= 0xa000020  tp_src= 1234  tp_dst=54413
Mar 26 18:00:48|00032|ofp_util|INFO|post: wildcards=  0x2ffff0  in_port=    5  dl_src=00:00:00:00:00:0d  dl_dst=00:00:00:00:00:20  dl_vlan=65535  dl_vlan_pcp=  0  dl_type=     0  nw_tos=   0  nw_proto=   0  nw_src=         0  nw_dst=         0  tp_src=    0  tp_dst=    0
Mar 26 18:01:22|00033|ofp_util|INFO|Dropped 5 log messages in last 34 seconds due to excessive rate
Mar 26 18:01:22|00034|ofp_util|INFO|normalization changed ofp_match, details:
Mar 26 18:01:22|00035|ofp_util|INFO| pre: wildcards=      0x30  in_port=    6  dl_src=00:00:00:00:00:12  dl_dst=00:00:00:00:00:1f  dl_vlan=65535  dl_vlan_pcp=  0  dl_type=     0  nw_tos=   0  nw_proto=   0  nw_src= 0xa000012  nw_dst= 0xa00001f  tp_src= 1234  tp_dst=43831
Mar 26 18:01:22|00036|ofp_util|INFO|post: wildcards=  0x2ffff0  in_port=    6  dl_src=00:00:00:00:00:12  dl_dst=00:00:00:00:00:1f  dl_vlan=65535  dl_vlan_pcp=  0  dl_type=     0  nw_tos=   0  nw_proto=   0  nw_src=         0  nw_dst=         0  tp_src=    0  tp_dst=    0
Mar 26 18:02:22|00037|ofp_util|INFO|Dropped 18 log messages in last 60 seconds due to excessive rate
Mar 26 18:02:22|00038|ofp_util|INFO|normalization changed ofp_match, details:
Mar 26 18:02:22|00039|ofp_util|INFO| pre: wildcards=      0x30  in_port=    7  dl_src=00:00:00:00:00:17  dl_dst=00:00:00:00:00:1e  dl_vlan=65535  dl_vlan_pcp=  0  dl_type=     0  nw_tos= 0x4  nw_proto=   0  nw_src= 0xa000017  nw_dst= 0xa00001e  tp_src= 1236  tp_dst=43567
Mar 26 18:02:22|00040|ofp_util|INFO|post: wildcards=  0x2ffff0  in_port=    7  dl_src=00:00:00:00:00:17  dl_dst=00:00:00:00:00:1e  dl_vlan=65535  dl_vlan_pcp=  0  dl_type=     0  nw_tos=   0  nw_proto=   0  nw_src=         0  nw_dst=         0  tp_src=    0  tp_dst=    0
Mar 26 18:03:29|00041|ofp_util|INFO|Dropped 20 log messages in last 67 seconds due to excessive rate
Mar 26 18:03:29|00042|ofp_util|INFO|normalization changed ofp_match, details:
Mar 26 18:03:29|00043|ofp_util|INFO| pre: wildcards=      0x30  in_port=    6  dl_src=00:00:00:00:00:11  dl_dst=00:00:00:00:00:1e  dl_vlan=65535  dl_vlan_pcp=  0  dl_type=     0  nw_tos=   0  nw_proto=   0  nw_src= 0xa000011  nw_dst= 0xa00001e  tp_src= 1235  tp_dst=46601
Mar 26 18:03:29|00044|ofp_util|INFO|post: wildcards=  0x2ffff0  in_port=    6  dl_src=00:00:00:00:00:11  dl_dst=00:00:00:00:00:1e  dl_vlan=65535  dl_vlan_pcp=  0  dl_type=     0  nw_tos=   0  nw_proto=   0  nw_src=         0  nw_dst=         0  tp_src=    0  tp_dst=    0
Mar 26 18:04:26|00045|ofp_util|INFO|Dropped 7 log messages in last 57 seconds due to excessive rate
Mar 26 18:04:26|00046|ofp_util|INFO|normalization changed ofp_match, details:
Mar 26 18:04:26|00047|ofp_util|INFO| pre: wildcards=      0x30  in_port=    6  dl_src=00:00:00:00:00:12  dl_dst=00:00:00:00:00:20  dl_vlan=65535  dl_vlan_pcp=  0  dl_type=     0  nw_tos=   0  nw_proto=   0  nw_src= 0xa000012  nw_dst= 0xa000020  tp_src= 1236  tp_dst=46302
Mar 26 18:04:26|00048|ofp_util|INFO|post: wildcards=  0x2ffff0  in_port=    6  dl_src=00:00:00:00:00:12  dl_dst=00:00:00:00:00:20  dl_vlan=65535  dl_vlan_pcp=  0  dl_type=     0  nw_tos=   0  nw_proto=   0  nw_src=         0  nw_dst=         0  tp_src=    0  tp_dst=    0
Mar 26 18:05:22|00049|ofp_util|INFO|Dropped 11 log messages in last 56 seconds due to excessive rate
Mar 26 18:05:22|00050|ofp_util|INFO|normalization changed ofp_match, details:
Mar 26 18:05:22|00051|ofp_util|INFO| pre: wildcards=      0x30  in_port=    8  dl_src=00:00:00:00:00:1a  dl_dst=00:00:00:00:00:1e  dl_vlan=65535  dl_vlan_pcp=  0  dl_type=     0  nw_tos=   0  nw_proto=   0  nw_src= 0xa00001a  nw_dst= 0xa00001e  tp_src= 1235  tp_dst=59361
Mar 26 18:05:22|00052|ofp_util|INFO|post: wildcards=  0x2ffff0  in_port=    8  dl_src=00:00:00:00:00:1a  dl_dst=00:00:00:00:00:1e  dl_vlan=65535  dl_vlan_pcp=  0  dl_type=     0  nw_tos=   0  nw_proto=   0  nw_src=         0  nw_dst=         0  tp_src=    0  tp_dst=    0
Mar 26 18:06:28|00053|ofp_util|INFO|Dropped 10 log messages in last 65 seconds due to excessive rate
Mar 26 18:06:28|00054|ofp_util|INFO|normalization changed ofp_match, details:
Mar 26 18:06:28|00055|ofp_util|INFO| pre: wildcards=      0x30  in_port=    8  dl_src=00:00:00:00:00:19  dl_dst=00:00:00:00:00:1e  dl_vlan=65535  dl_vlan_pcp=  0  dl_type=     0  nw_tos=   0  nw_proto=   0  nw_src= 0xa000019  nw_dst= 0xa00001e  tp_src= 1239  tp_dst=42239
Mar 26 18:06:28|00056|ofp_util|INFO|post: wildcards=  0x2ffff0  in_port=    8  dl_src=00:00:00:00:00:19  dl_dst=00:00:00:00:00:1e  dl_vlan=65535  dl_vlan_pcp=  0  dl_type=     0  nw_tos=   0  nw_proto=   0  nw_src=         0  nw_dst=         0  tp_src=    0  tp_dst=    0
Mar 26 18:07:30|00057|ofp_util|INFO|Dropped 9 log messages in last 62 seconds due to excessive rate
Mar 26 18:07:30|00058|ofp_util|INFO|normalization changed ofp_match, details:
Mar 26 18:07:30|00059|ofp_util|INFO| pre: wildcards=      0x30  in_port=    6  dl_src=00:00:00:00:00:14  dl_dst=00:00:00:00:00:1e  dl_vlan=65535  dl_vlan_pcp=  0  dl_type=     0  nw_tos=   0  nw_proto=   0  nw_src= 0xa000014  nw_dst= 0xa00001e  tp_src= 1239  tp_dst=59272
Mar 26 18:07:30|00060|ofp_util|INFO|post: wildcards=  0x2ffff0  in_port=    6  dl_src=00:00:00:00:00:14  dl_dst=00:00:00:00:00:1e  dl_vlan=65535  dl_vlan_pcp=  0  dl_type=     0  nw_tos=   0  nw_proto=   0  nw_src=         0  nw_dst=         0  tp_src=    0  tp_dst=    0
Mar 26 18:08:21|00061|ofp_util|INFO|Dropped 7 log messages in last 52 seconds due to excessive rate
Mar 26 18:08:21|00062|ofp_util|INFO|normalization changed ofp_match, details:
Mar 26 18:08:21|00063|ofp_util|INFO| pre: wildcards=      0x30  in_port=    8  dl_src=00:00:00:00:00:1b  dl_dst=00:00:00:00:00:20  dl_vlan=65535  dl_vlan_pcp=  0  dl_type=     0  nw_tos=   0  nw_proto=   0  nw_src= 0xa00001b  nw_dst= 0xa000020  tp_src= 1238  tp_dst=34475
Mar 26 18:08:21|00064|ofp_util|INFO|post: wildcards=  0x2ffff0  in_port=    8  dl_src=00:00:00:00:00:1b  dl_dst=00:00:00:00:00:20  dl_vlan=65535  dl_vlan_pcp=  0  dl_type=     0  nw_tos=   0  nw_proto=   0  nw_src=         0  nw_dst=         0  tp_src=    0  tp_dst=    0
Mar 26 18:09:27|00065|ofp_util|INFO|Dropped 11 log messages in last 66 seconds due to excessive rate
Mar 26 18:09:27|00066|ofp_util|INFO|normalization changed ofp_match, details:
Mar 26 18:09:27|00067|ofp_util|INFO| pre: wildcards=      0x30  in_port=    5  dl_src=00:00:00:00:00:0d  dl_dst=00:00:00:00:00:1d  dl_vlan=65535  dl_vlan_pcp=  0  dl_type=     0  nw_tos= 0x4  nw_proto=   0  nw_src= 0xa00000d  nw_dst= 0xa00001d  tp_src= 1239  tp_dst=55876
Mar 26 18:09:27|00068|ofp_util|INFO|post: wildcards=  0x2ffff0  in_port=    5  dl_src=00:00:00:00:00:0d  dl_dst=00:00:00:00:00:1d  dl_vlan=65535  dl_vlan_pcp=  0  dl_type=     0  nw_tos=   0  nw_proto=   0  nw_src=         0  nw_dst=         0  tp_src=    0  tp_dst=    0
Mar 26 18:10:25|00069|ofp_util|INFO|Dropped 9 log messages in last 57 seconds due to excessive rate
Mar 26 18:10:25|00070|ofp_util|INFO|normalization changed ofp_match, details:
Mar 26 18:10:25|00071|ofp_util|INFO| pre: wildcards=      0x30  in_port=    5  dl_src=00:00:00:00:00:0f  dl_dst=00:00:00:00:00:1f  dl_vlan=65535  dl_vlan_pcp=  0  dl_type=     0  nw_tos=   0  nw_proto=   0  nw_src= 0xa00000f  nw_dst= 0xa00001f  tp_src= 1239  tp_dst=46593
Mar 26 18:10:25|00072|ofp_util|INFO|post: wildcards=  0x2ffff0  in_port=    5  dl_src=00:00:00:00:00:0f  dl_dst=00:00:00:00:00:1f  dl_vlan=65535  dl_vlan_pcp=  0  dl_type=     0  nw_tos=   0  nw_proto=   0  nw_src=         0  nw_dst=         0  tp_src=    0  tp_dst=    0
Mar 26 18:11:20|00073|ofp_util|INFO|Dropped 3 log messages in last 56 seconds due to excessive rate
Mar 26 18:11:20|00074|ofp_util|INFO|normalization changed ofp_match, details:
Mar 26 18:11:20|00075|ofp_util|INFO| pre: wildcards=      0x30  in_port=    8  dl_src=00:00:00:00:00:19  dl_dst=00:00:00:00:00:1d  dl_vlan=65535  dl_vlan_pcp=  0  dl_type=     0  nw_tos=   0  nw_proto=   0  nw_src= 0xa000019  nw_dst= 0xa00001d  tp_src= 1242  tp_dst=45309
Mar 26 18:11:20|00076|ofp_util|INFO|post: wildcards=  0x2ffff0  in_port=    8  dl_src=00:00:00:00:00:19  dl_dst=00:00:00:00:00:1d  dl_vlan=65535  dl_vlan_pcp=  0  dl_type=     0  nw_tos=   0  nw_proto=   0  nw_src=         0  nw_dst=         0  tp_src=    0  tp_dst=    0
Mar 26 18:12:38|00077|ofp_util|INFO|Dropped 31 log messages in last 78 seconds due to excessive rate
Mar 26 18:12:38|00078|ofp_util|INFO|normalization changed ofp_match, details:
Mar 26 18:12:38|00079|ofp_util|INFO| pre: wildcards=      0x30  in_port=    6  dl_src=00:00:00:00:00:11  dl_dst=00:00:00:00:00:1d  dl_vlan=65535  dl_vlan_pcp=  0  dl_type=     0  nw_tos= 0x4  nw_proto=   0  nw_src= 0xa000011  nw_dst= 0xa00001d  tp_src= 1242  tp_dst=38285
Mar 26 18:12:38|00080|ofp_util|INFO|post: wildcards=  0x2ffff0  in_port=    6  dl_src=00:00:00:00:00:11  dl_dst=00:00:00:00:00:1d  dl_vlan=65535  dl_vlan_pcp=  0  dl_type=     0  nw_tos=   0  nw_proto=   0  nw_src=         0  nw_dst=         0  tp_src=    0  tp_dst=    0
Mar 26 18:13:46|00081|ofp_util|INFO|Dropped 18 log messages in last 67 seconds due to excessive rate
Mar 26 18:13:46|00082|ofp_util|INFO|normalization changed ofp_match, details:
Mar 26 18:13:46|00083|ofp_util|INFO| pre: wildcards=      0x30  in_port=    7  dl_src=00:00:00:00:00:15  dl_dst=00:00:00:00:00:1f  dl_vlan=65535  dl_vlan_pcp=  0  dl_type=     0  nw_tos=   0  nw_proto=   0  nw_src= 0xa000015  nw_dst= 0xa00001f  tp_src= 1245  tp_dst=47563
Mar 26 18:13:46|00084|ofp_util|INFO|post: wildcards=  0x2ffff0  in_port=    7  dl_src=00:00:00:00:00:15  dl_dst=00:00:00:00:00:1f  dl_vlan=65535  dl_vlan_pcp=  0  dl_type=     0  nw_tos=   0  nw_proto=   0  nw_src=         0  nw_dst=         0  tp_src=    0  tp_dst=    0
Mar 26 18:14:22|00085|ofp_util|INFO|Dropped 16 log messages in last 37 seconds due to excessive rate
Mar 26 18:14:22|00086|ofp_util|INFO|normalization changed ofp_match, details:
Mar 26 18:14:22|00087|ofp_util|INFO| pre: wildcards=      0x30  in_port=    8  dl_src=00:00:00:00:00:1b  dl_dst=00:00:00:00:00:1d  dl_vlan=65535  dl_vlan_pcp=  0  dl_type=     0  nw_tos=   0  nw_proto=   0  nw_src= 0xa00001b  nw_dst= 0xa00001d  tp_src= 1243  tp_dst=49207
Mar 26 18:14:22|00088|ofp_util|INFO|post: wildcards=  0x2ffff0  in_port=    8  dl_src=00:00:00:00:00:1b  dl_dst=00:00:00:00:00:1d  dl_vlan=65535  dl_vlan_pcp=  0  dl_type=     0  nw_tos=   0  nw_proto=   0  nw_src=         0  nw_dst=         0  tp_src=    0  tp_dst=    0
Mar 26 18:15:18|00089|ofp_util|INFO|Dropped 9 log messages in last 55 seconds due to excessive rate
Mar 26 18:15:18|00090|ofp_util|INFO|normalization changed ofp_match, details:
Mar 26 18:15:18|00091|ofp_util|INFO| pre: wildcards=      0x30  in_port=    6  dl_src=00:00:00:00:00:13  dl_dst=00:00:00:00:00:1f  dl_vlan=65535  dl_vlan_pcp=  0  dl_type=     0  nw_tos= 0x4  nw_proto=   0  nw_src= 0xa000013  nw_dst= 0xa00001f  tp_src= 1243  tp_dst=32898
Mar 26 18:15:18|00092|ofp_util|INFO|post: wildcards=  0x2ffff0  in_port=    6  dl_src=00:00:00:00:00:13  dl_dst=00:00:00:00:00:1f  dl_vlan=65535  dl_vlan_pcp=  0  dl_type=     0  nw_tos=   0  nw_proto=   0  nw_src=         0  nw_dst=         0  tp_src=    0  tp_dst=    0
Mar 26 18:16:36|00093|ofp_util|INFO|Dropped 16 log messages in last 79 seconds due to excessive rate
Mar 26 18:16:36|00094|ofp_util|INFO|normalization changed ofp_match, details:
Mar 26 18:16:36|00095|ofp_util|INFO| pre: wildcards=      0x30  in_port=    7  dl_src=00:00:00:00:00:18  dl_dst=00:00:00:00:00:20  dl_vlan=65535  dl_vlan_pcp=  0  dl_type=     0  nw_tos= 0x4  nw_proto=   0  nw_src= 0xa000018  nw_dst= 0xa000020  tp_src= 1241  tp_dst=55905
Mar 26 18:16:36|00096|ofp_util|INFO|post: wildcards=  0x2ffff0  in_port=    7  dl_src=00:00:00:00:00:18  dl_dst=00:00:00:00:00:20  dl_vlan=65535  dl_vlan_pcp=  0  dl_type=     0  nw_tos=   0  nw_proto=   0  nw_src=         0  nw_dst=         0  tp_src=    0  tp_dst=    0
Mar 26 18:17:47|00097|ofp_util|INFO|Dropped 15 log messages in last 71 seconds due to excessive rate
Mar 26 18:17:47|00098|ofp_util|INFO|normalization changed ofp_match, details:
Mar 26 18:17:47|00099|ofp_util|INFO| pre: wildcards=      0x30  in_port=    8  dl_src=00:00:00:00:00:19  dl_dst=00:00:00:00:00:1f  dl_vlan=65535  dl_vlan_pcp=  0  dl_type=     0  nw_tos= 0x4  nw_proto=   0  nw_src= 0xa000019  nw_dst= 0xa00001f  tp_src= 1246  tp_dst=57391
Mar 26 18:17:47|00100|ofp_util|INFO|post: wildcards=  0x2ffff0  in_port=    8  dl_src=00:00:00:00:00:19  dl_dst=00:00:00:00:00:1f  dl_vlan=65535  dl_vlan_pcp=  0  dl_type=     0  nw_tos=   0  nw_proto=   0  nw_src=         0  nw_dst=         0  tp_src=    0  tp_dst=    0
Mar 26 18:18:47|00101|ofp_util|INFO|Dropped 22 log messages in last 60 seconds due to excessive rate
Mar 26 18:18:47|00102|ofp_util|INFO|normalization changed ofp_match, details:
Mar 26 18:18:47|00103|ofp_util|INFO| pre: wildcards=      0x30  in_port=    7  dl_src=00:00:00:00:00:18  dl_dst=00:00:00:00:00:1f  dl_vlan=65535  dl_vlan_pcp=  0  dl_type=     0  nw_tos=   0  nw_proto=   0  nw_src= 0xa000018  nw_dst= 0xa00001f  tp_src= 1242  tp_dst=33806
Mar 26 18:18:47|00104|ofp_util|INFO|post: wildcards=  0x2ffff0  in_port=    7  dl_src=00:00:00:00:00:18  dl_dst=00:00:00:00:00:1f  dl_vlan=65535  dl_vlan_pcp=  0  dl_type=     0  nw_tos=   0  nw_proto=   0  nw_src=         0  nw_dst=         0  tp_src=    0  tp_dst=    0
Mar 26 18:19:26|00105|ofp_util|INFO|Dropped 11 log messages in last 39 seconds due to excessive rate
Mar 26 18:19:26|00106|ofp_util|INFO|normalization changed ofp_match, details:
Mar 26 18:19:26|00107|ofp_util|INFO| pre: wildcards=      0x30  in_port=    7  dl_src=00:00:00:00:00:18  dl_dst=00:00:00:00:00:1d  dl_vlan=65535  dl_vlan_pcp=  0  dl_type=     0  nw_tos=   0  nw_proto=   0  nw_src= 0xa000018  nw_dst= 0xa00001d  tp_src= 1243  tp_dst=46164
Mar 26 18:19:26|00108|ofp_util|INFO|post: wildcards=  0x2ffff0  in_port=    7  dl_src=00:00:00:00:00:18  dl_dst=00:00:00:00:00:1d  dl_vlan=65535  dl_vlan_pcp=  0  dl_type=     0  nw_tos=   0  nw_proto=   0  nw_src=         0  nw_dst=         0  tp_src=    0  tp_dst=    0
Mar 26 18:20:17|00109|ofp_util|INFO|Dropped 11 log messages in last 51 seconds due to excessive rate
Mar 26 18:20:17|00110|ofp_util|INFO|normalization changed ofp_match, details:
Mar 26 18:20:17|00111|ofp_util|INFO| pre: wildcards=      0x30  in_port=    5  dl_src=00:00:00:00:00:0e  dl_dst=00:00:00:00:00:1e  dl_vlan=65535  dl_vlan_pcp=  0  dl_type=     0  nw_tos=   0  nw_proto=   0  nw_src= 0xa00000e  nw_dst= 0xa00001e  tp_src= 1243  tp_dst=52024
Mar 26 18:20:17|00112|ofp_util|INFO|post: wildcards=  0x2ffff0  in_port=    5  dl_src=00:00:00:00:00:0e  dl_dst=00:00:00:00:00:1e  dl_vlan=65535  dl_vlan_pcp=  0  dl_type=     0  nw_tos=   0  nw_proto=   0  nw_src=         0  nw_dst=         0  tp_src=    0  tp_dst=    0
Mar 26 18:21:29|00113|ofp_util|INFO|Dropped 32 log messages in last 72 seconds due to excessive rate
Mar 26 18:21:29|00114|ofp_util|INFO|normalization changed ofp_match, details:
Mar 26 18:21:29|00115|ofp_util|INFO| pre: wildcards=      0x30  in_port=    8  dl_src=00:00:00:00:00:1b  dl_dst=00:00:00:00:00:1d  dl_vlan=65535  dl_vlan_pcp=  0  dl_type=     0  nw_tos= 0x4  nw_proto=   0  nw_src= 0xa00001b  nw_dst= 0xa00001d  tp_src= 1245  tp_dst=57523
Mar 26 18:21:29|00116|ofp_util|INFO|post: wildcards=  0x2ffff0  in_port=    8  dl_src=00:00:00:00:00:1b  dl_dst=00:00:00:00:00:1d  dl_vlan=65535  dl_vlan_pcp=  0  dl_type=     0  nw_tos=   0  nw_proto=   0  nw_src=         0  nw_dst=         0  tp_src=    0  tp_dst=    0
Mar 26 18:22:29|00117|ofp_util|INFO|Dropped 15 log messages in last 60 seconds due to excessive rate
Mar 26 18:22:29|00118|ofp_util|INFO|normalization changed ofp_match, details:
Mar 26 18:22:29|00119|ofp_util|INFO| pre: wildcards=      0x30  in_port=    7  dl_src=00:00:00:00:00:18  dl_dst=00:00:00:00:00:1e  dl_vlan=65535  dl_vlan_pcp=  0  dl_type=     0  nw_tos= 0x4  nw_proto=   0  nw_src= 0xa000018  nw_dst= 0xa00001e  tp_src= 1244  tp_dst=44545
Mar 26 18:22:29|00120|ofp_util|INFO|post: wildcards=  0x2ffff0  in_port=    7  dl_src=00:00:00:00:00:18  dl_dst=00:00:00:00:00:1e  dl_vlan=65535  dl_vlan_pcp=  0  dl_type=     0  nw_tos=   0  nw_proto=   0  nw_src=         0  nw_dst=         0  tp_src=    0  tp_dst=    0
Mar 26 18:23:23|00121|ofp_util|INFO|Dropped 13 log messages in last 53 seconds due to excessive rate
Mar 26 18:23:23|00122|ofp_util|INFO|normalization changed ofp_match, details:
Mar 26 18:23:23|00123|ofp_util|INFO| pre: wildcards=      0x30  in_port=    8  dl_src=00:00:00:00:00:0e  dl_dst=00:00:00:00:00:1d  dl_vlan=65535  dl_vlan_pcp=  0  dl_type=     0  nw_tos= 0x4  nw_proto=   0  nw_src= 0xa00000e  nw_dst= 0xa00001d  tp_src= 1244  tp_dst=42077
Mar 26 18:23:23|00124|ofp_util|INFO|post: wildcards=  0x2ffff0  in_port=    8  dl_src=00:00:00:00:00:0e  dl_dst=00:00:00:00:00:1d  dl_vlan=65535  dl_vlan_pcp=  0  dl_type=     0  nw_tos=   0  nw_proto=   0  nw_src=         0  nw_dst=         0  tp_src=    0  tp_dst=    0
Mar 26 18:24:27|00125|ofp_util|INFO|Dropped 13 log messages in last 65 seconds due to excessive rate
Mar 26 18:24:27|00126|ofp_util|INFO|normalization changed ofp_match, details:
Mar 26 18:24:27|00127|ofp_util|INFO| pre: wildcards=      0x30  in_port=    5  dl_src=00:00:00:00:00:0f  dl_dst=00:00:00:00:00:1e  dl_vlan=65535  dl_vlan_pcp=  0  dl_type=     0  nw_tos=   0  nw_proto=   0  nw_src= 0xa00000f  nw_dst= 0xa00001e  tp_src= 1249  tp_dst=40224
Mar 26 18:24:27|00128|ofp_util|INFO|post: wildcards=  0x2ffff0  in_port=    5  dl_src=00:00:00:00:00:0f  dl_dst=00:00:00:00:00:1e  dl_vlan=65535  dl_vlan_pcp=  0  dl_type=     0  nw_tos=   0  nw_proto=   0  nw_src=         0  nw_dst=         0  tp_src=    0  tp_dst=    0
Mar 26 18:25:19|00129|ofp_util|INFO|Dropped 11 log messages in last 52 seconds due to excessive rate
Mar 26 18:25:19|00130|ofp_util|INFO|normalization changed ofp_match, details:
Mar 26 18:25:19|00131|ofp_util|INFO| pre: wildcards=      0x30  in_port=    7  dl_src=00:00:00:00:00:16  dl_dst=00:00:00:00:00:20  dl_vlan=65535  dl_vlan_pcp=  0  dl_type=     0  nw_tos= 0x4  nw_proto=   0  nw_src= 0xa000016  nw_dst= 0xa000020  tp_src= 1244  tp_dst=42799
Mar 26 18:25:19|00132|ofp_util|INFO|post: wildcards=  0x2ffff0  in_port=    7  dl_src=00:00:00:00:00:16  dl_dst=00:00:00:00:00:20  dl_vlan=65535  dl_vlan_pcp=  0  dl_type=     0  nw_tos=   0  nw_proto=   0  nw_src=         0  nw_dst=         0  tp_src=    0  tp_dst=    0
Mar 26 18:26:20|00133|ofp_util|INFO|Dropped 21 log messages in last 61 seconds due to excessive rate
Mar 26 18:26:20|00134|ofp_util|INFO|normalization changed ofp_match, details:
Mar 26 18:26:20|00135|ofp_util|INFO| pre: wildcards=      0x30  in_port=    7  dl_src=00:00:00:00:00:14  dl_dst=00:00:00:00:00:1d  dl_vlan=65535  dl_vlan_pcp=  0  dl_type=     0  nw_tos= 0x4  nw_proto=   0  nw_src= 0xa000014  nw_dst= 0xa00001d  tp_src= 1247  tp_dst=39149
Mar 26 18:26:20|00136|ofp_util|INFO|post: wildcards=  0x2ffff0  in_port=    7  dl_src=00:00:00:00:00:14  dl_dst=00:00:00:00:00:1d  dl_vlan=65535  dl_vlan_pcp=  0  dl_type=     0  nw_tos=   0  nw_proto=   0  nw_src=         0  nw_dst=         0  tp_src=    0  tp_dst=    0
Mar 26 18:27:35|00137|ofp_util|INFO|Dropped 17 log messages in last 74 seconds due to excessive rate
Mar 26 18:27:35|00138|ofp_util|INFO|normalization changed ofp_match, details:
Mar 26 18:27:35|00139|ofp_util|INFO| pre: wildcards=      0x30  in_port=    8  dl_src=00:00:00:00:00:1c  dl_dst=00:00:00:00:00:1e  dl_vlan=65535  dl_vlan_pcp=  0  dl_type=     0  nw_tos= 0x4  nw_proto=   0  nw_src= 0xa00001c  nw_dst= 0xa00001e  tp_src= 1243  tp_dst=58243
Mar 26 18:27:35|00140|ofp_util|INFO|post: wildcards=  0x2ffff0  in_port=    8  dl_src=00:00:00:00:00:1c  dl_dst=00:00:00:00:00:1e  dl_vlan=65535  dl_vlan_pcp=  0  dl_type=     0  nw_tos=   0  nw_proto=   0  nw_src=         0  nw_dst=         0  tp_src=    0  tp_dst=    0
Mar 26 18:28:22|00141|ofp_util|INFO|Dropped 9 log messages in last 47 seconds due to excessive rate
Mar 26 18:28:22|00142|ofp_util|INFO|normalization changed ofp_match, details:
Mar 26 18:28:22|00143|ofp_util|INFO| pre: wildcards=      0x30  in_port=    5  dl_src=00:00:00:00:00:0d  dl_dst=00:00:00:00:00:1d  dl_vlan=65535  dl_vlan_pcp=  0  dl_type=     0  nw_tos= 0x4  nw_proto=   0  nw_src= 0xa00000d  nw_dst= 0xa00001d  tp_src= 1254  tp_dst=33611
Mar 26 18:28:22|00144|ofp_util|INFO|post: wildcards=  0x2ffff0  in_port=    5  dl_src=00:00:00:00:00:0d  dl_dst=00:00:00:00:00:1d  dl_vlan=65535  dl_vlan_pcp=  0  dl_type=     0  nw_tos=   0  nw_proto=   0  nw_src=         0  nw_dst=         0  tp_src=    0  tp_dst=    0
Mar 26 18:29:39|00145|rconn|INFO|dp7<->tcp:127.0.0.1:6633: connection closed by peer
Mar 26 18:29:39|00146|rconn|INFO|dp7<->tcp:127.0.0.1:6633: connecting...
Mar 26 18:29:39|00147|rconn|WARN|dp7<->tcp:127.0.0.1:6633: connection failed (Connection refused)
Mar 26 18:29:39|00148|rconn|INFO|dp7<->tcp:127.0.0.1:6633: waiting 2 seconds before reconnect
Mar 26 18:29:40|00149|netdev_linux|WARN|ethtool command ETHTOOL_GSET on network device s8-eth1 failed: No such device
Mar 26 18:29:41|00150|rconn|INFO|dp7<->tcp:127.0.0.1:6633: connecting...
Mar 26 18:29:41|00151|rconn|WARN|dp7<->tcp:127.0.0.1:6633: connection failed (Connection refused)
Mar 26 18:29:41|00152|rconn|INFO|dp7<->tcp:127.0.0.1:6633: waiting 4 seconds before reconnect
Mar 26 18:29:41|00153|netdev_linux|WARN|ethtool command ETHTOOL_GSET on network device s8-eth2 failed: No such device
Mar 26 18:29:43|00154|netdev_linux|WARN|ethtool command ETHTOOL_GSET on network device s8-eth3 failed: No such device
Mar 26 18:29:44|00155|netdev_linux|WARN|ethtool command ETHTOOL_GSET on network device s8-eth4 failed: No such device
Mar 26 18:29:45|00156|rconn|INFO|dp7<->tcp:127.0.0.1:6633: connecting...
Mar 26 18:29:45|00157|rconn|WARN|dp7<->tcp:127.0.0.1:6633: connection failed (Connection refused)
Mar 26 18:29:45|00158|rconn|INFO|dp7<->tcp:127.0.0.1:6633: continuing to retry connections in the background but suppressing further logging
Mar 26 18:29:48|00159|dpif_linux|WARN|system@dp7: read failed: No such device
Mar 26 18:29:48|00160|ofproto|ERR|system@dp7: datapath was destroyed externally
ovs-openflowd: unrecoverable datapath error (No such device)
