Starting client at 10.0.0.28:1243 with timeout:10
My IP address is 10.0.0.28Skipped Seq from 49046 to 49049
Skipped Seq from 49050 to 49056
Skipped Seq from 49057 to 49061
Skipped Seq from 49064 to 49069
Skipped Seq from 49069 to 49072
Skipped Seq from 49072 to 49076
Skipped Seq from 49076 to 49079
Skipped Seq from 49079 to 49085
Skipped Seq from 49085 to 49088
Skipped Seq from 49088 to 49093
Skipped Seq from 49093 to 49095
Skipped Seq from 49095 to 49098
Skipped Seq from 49099 to 49102
Skipped Seq from 49103 to 49105
Skipped Seq from 49111 to 49117
Skipped Seq from 49118 to 49121
Skipped Seq from 49121 to 49125
Skipped Seq from 49125 to 49127
Skipped Seq from 49130 to 49134
Skipped Seq from 49134 to 49145
Skipped Seq from 49146 to 49148
Skipped Seq from 49148 to 49151
Skipped Seq from 49155 to 49162
Skipped Seq from 49162 to 49164
Skipped Seq from 49164 to 49166
Skipped Seq from 49167 to 49170
Skipped Seq from 49170 to 49176
Skipped Seq from 49178 to 49180
Skipped Seq from 49183 to 49185
Skipped Seq from 49189 to 49195
Skipped Seq from 49195 to 49197
Skipped Seq from 49201 to 49203
Skipped Seq from 49204 to 49206
Skipped Seq from 49211 to 49213
Skipped Seq from 49213 to 49218
Skipped Seq from 49221 to 49224
Skipped Seq from 49224 to 49226
Skipped Seq from 49226 to 49228
Skipped Seq from 49229 to 49231
Skipped Seq from 49231 to 49233
Skipped Seq from 49234 to 49236
Skipped Seq from 49238 to 49240
Skipped Seq from 49243 to 49247
Skipped Seq from 49250 to 49253
Skipped Seq from 49255 to 49257
Skipped Seq from 49258 to 49264
Skipped Seq from 49265 to 49267
Skipped Seq from 49267 to 49269
Skipped Seq from 49269 to 49271
Skipped Seq from 49272 to 49274
Skipped Seq from 49275 to 49280
Skipped Seq from 49280 to 49282
Skipped Seq from 49283 to 49286
Skipped Seq from 49286 to 49293
Skipped Seq from 49293 to 49296
Skipped Seq from 49297 to 49300
Skipped Seq from 49300 to 49302
Skipped Seq from 49302 to 49307
Skipped Seq from 49308 to 49314
Skipped Seq from 49314 to 49317
Skipped Seq from 49322 to 49324
Skipped Seq from 49325 to 49332
Skipped Seq from 49332 to 49334
Skipped Seq from 49339 to 49341
Skipped Seq from 49342 to 49344
Skipped Seq from 49350 to 49353
Skipped Seq from 49354 to 49356
Skipped Seq from 49358 to 49360
Skipped Seq from 49363 to 49365
Skipped Seq from 49366 to 49368
Skipped Seq from 49368 to 49370
Skipped Seq from 49372 to 49374
Skipped Seq from 49376 to 49379
Skipped Seq from 49382 to 49384
Skipped Seq from 49387 to 49389
Skipped Seq from 49393 to 49397
Skipped Seq from 49399 to 49401
Skipped Seq from 49401 to 49407
Skipped Seq from 49407 to 49416
Skipped Seq from 49416 to 49420
Skipped Seq from 49420 to 49422
Skipped Seq from 49423 to 49425
Skipped Seq from 49425 to 49433
Skipped Seq from 49433 to 49437
Skipped Seq from 49438 to 49440
Skipped Seq from 49444 to 49446
Skipped Seq from 49449 to 49451
Skipped Seq from 49452 to 49454
Skipped Seq from 49455 to 49461
Skipped Seq from 49465 to 49467
Skipped Seq from 49470 to 49472
Skipped Seq from 49476 to 49478
Skipped Seq from 49483 to 49485
Skipped Seq from 49487 to 49497
Skipped Seq from 49497 to 49501
Skipped Seq from 49502 to 49506
Skipped Seq from 49506 to 49513
Skipped Seq from 49513 to 49516
Skipped Seq from 49516 to 49518
Skipped Seq from 49523 to 49525
Skipped Seq from 49530 to 49532
Skipped Seq from 49533 to 49535
Skipped Seq from 49538 to 49540
Skipped Seq from 49542 to 49544
Skipped Seq from 49549 to 49551
Skipped Seq from 49555 to 49559
Skipped Seq from 49560 to 49562
Skipped Seq from 49562 to 49564
Skipped Seq from 49564 to 49566
Skipped Seq from 49571 to 49573
Skipped Seq from 49573 to 49584
Skipped Seq from 49584 to 49596
Skipped Seq from 49596 to 49606
Skipped Seq from 49607 to 49609
Skipped Seq from 49610 to 49614
Skipped Seq from 49617 to 49620
Skipped Seq from 49620 to 49622
Skipped Seq from 49626 to 49628
Skipped Seq from 49630 to 49632
Skipped Seq from 49634 to 49636
Skipped Seq from 49636 to 49640
Skipped Seq from 49640 to 49648
Skipped Seq from 49654 to 49656
Skipped Seq from 49658 to 49663
Skipped Seq from 49663 to 49666
Skipped Seq from 49666 to 49668
Skipped Seq from 49670 to 49673
Skipped Seq from 49678 to 49680
Skipped Seq from 49680 to 49682
Skipped Seq from 49682 to 49689
Skipped Seq from 49689 to 49691
Skipped Seq from 49695 to 49697
Skipped Seq from 49702 to 49704
Skipped Seq from 49706 to 49712
Skipped Seq from 49712 to 49714
Skipped Seq from 49715 to 49720
Skipped Seq from 49720 to 49722
Skipped Seq from 49722 to 49727
Skipped Seq from 49727 to 49730
Skipped Seq from 49731 to 49733
Skipped Seq from 49735 to 49737
Skipped Seq from 49738 to 49741
Skipped Seq from 49741 to 49748
Skipped Seq from 49749 to 49753
Skipped Seq from 49753 to 49759
Skipped Seq from 49759 to 49761
Skipped Seq from 49761 to 49765
Skipped Seq from 49766 to 49769
Skipped Seq from 49769 to 49777
Skipped Seq from 49777 to 49780
Skipped Seq from 49780 to 49785
Skipped Seq from 49789 to 49791
Skipped Seq from 49795 to 49797
Skipped Seq from 49800 to 49802
Skipped Seq from 49805 to 49807
Skipped Seq from 49811 to 49816
Skipped Seq from 49817 to 49821
Skipped Seq from 49821 to 49826
Skipped Seq from 49827 to 49829
Skipped Seq from 49834 to 49836
Skipped Seq from 49846 to 49852
Skipped Seq from 49852 to 49854
Skipped Seq from 49856 to 49859
Skipped Seq from 49859 to 49865
Skipped Seq from 49865 to 49872
Skipped Seq from 49872 to 49878
Skipped Seq from 49878 to 49880
Skipped Seq from 49880 to 49885
Skipped Seq from 49885 to 49892
Skipped Seq from 49892 to 49897
Skipped Seq from 49897 to 49903
Skipped Seq from 49904 to 49908
Skipped Seq from 49908 to 49910
Skipped Seq from 49916 to 49918
Skipped Seq from 49921 to 49923
Skipped Seq from 49923 to 49925
Skipped Seq from 49928 to 49930
Skipped Seq from 49934 to 49936
Skipped Seq from 49940 to 49946
Skipped Seq from 49946 to 49953
Skipped Seq from 49954 to 49959
Skipped Seq from 49959 to 49963
Skipped Seq from 49964 to 49966
Skipped Seq from 49970 to 49973
Skipped Seq from 49981 to 49983
Skipped Seq from 49989 to 49991
Skipped Seq from 49995 to 49997
Skipped Seq from 49998 to 50001
Skipped Seq from 50002 to 50004
Skipped Seq from 50005 to 50013
Skipped Seq from 50013 to 50017
Skipped Seq from 50017 to 50019
Skipped Seq from 50020 to 50022
Skipped Seq from 50026 to 50028
Skipped Seq from 50028 to 50032
Skipped Seq from 50033 to 50035
Skipped Seq from 50035 to 50043
Skipped Seq from 50043 to 50049
Skipped Seq from 50049 to 50054
Skipped Seq from 50054 to 50061
Skipped Seq from 50061 to 50067
Skipped Seq from 50068 to 50071
Skipped Seq from 50075 to 50077
Skipped Seq from 50080 to 50088
Skipped Seq from 50088 to 50090
Skipped Seq from 50095 to 50097
Skipped Seq from 50103 to 50105
Skipped Seq from 50106 to 50108
Skipped Seq from 50108 to 50113
Skipped Seq from 50114 to 50121
Skipped Seq from 50121 to 50130
Skipped Seq from 50130 to 50135
Skipped Seq from 50136 to 50138
Skipped Seq from 50139 to 50141
Skipped Seq from 50141 to 50143
Skipped Seq from 50145 to 50151
Skipped Seq from 50151 to 50153
Skipped Seq from 50160 to 50164
Skipped Seq from 50164 to 50166
Skipped Seq from 50168 to 50170
Skipped Seq from 50171 to 50173
Skipped Seq from 50175 to 50180
Skipped Seq from 50180 to 50189
Skipped Seq from 50190 to 50192
Skipped Seq from 50195 to 50197
Skipped Seq from 50199 to 50201
Skipped Seq from 50202 to 50204
Skipped Seq from 50205 to 50207
Skipped Seq from 50208 to 50210
Skipped Seq from 50212 to 50214
Skipped Seq from 50219 to 50221
Skipped Seq from 50221 to 50225
Skipped Seq from 50225 to 50228
Skipped Seq from 50232 to 50234
Skipped Seq from 50236 to 50238
Skipped Seq from 50248 to 50250
Skipped Seq from 50253 to 50255
Skipped Seq from 50261 to 50263
Skipped Seq from 50267 to 50269
Skipped Seq from 50272 to 50276
Skipped Seq from 50279 to 50282
Skipped Seq from 50282 to 50287
Skipped Seq from 50287 to 50289
Skipped Seq from 50289 to 50292
Skipped Seq from 50293 to 50300
Skipped Seq from 50302 to 50304
Skipped Seq from 50307 to 50309
Skipped Seq from 50310 to 50312
Skipped Seq from 50313 to 50315
Skipped Seq from 50317 to 50319
Skipped Seq from 50323 to 50325
Skipped Seq from 50328 to 50330
Skipped Seq from 50331 to 50336
Skipped Seq from 50336 to 50339
Skipped Seq from 50339 to 50341
Skipped Seq from 50342 to 50345
Skipped Seq from 50350 to 50352
Skipped Seq from 50354 to 50356
Skipped Seq from 50359 to 50362
Skipped Seq from 50362 to 50364
Skipped Seq from 50366 to 50368
Skipped Seq from 50370 to 50375
Skipped Seq from 50375 to 50380
Skipped Seq from 50380 to 50382
Skipped Seq from 50382 to 50385
Skipped Seq from 50385 to 50393
Skipped Seq from 50393 to 50398
Skipped Seq from 50398 to 50400
Skipped Seq from 50400 to 50402
Skipped Seq from 50404 to 50408
Skipped Seq from 50411 to 50414
Skipped Seq from 50414 to 50418
Skipped Seq from 50421 to 50425
Skipped Seq from 50425 to 50429
Skipped Seq from 50429 to 50431
Skipped Seq from 50434 to 50436
Skipped Seq from 50439 to 50441
Skipped Seq from 50442 to 50444
Skipped Seq from 50444 to 50448
Skipped Seq from 50448 to 50453
Skipped Seq from 50453 to 50455
Skipped Seq from 50456 to 50459
Skipped Seq from 50463 to 50465
Skipped Seq from 50466 to 50468
Skipped Seq from 50480 to 50484
Skipped Seq from 50484 to 50490
Skipped Seq from 50490 to 50496
Skipped Seq from 50497 to 50502
Skipped Seq from 50502 to 50507
Skipped Seq from 50511 to 50513
Skipped Seq from 50514 to 50517
Skipped Seq from 50517 to 50519
Skipped Seq from 50524 to 50526
Skipped Seq from 50528 to 50530
Skipped Seq from 50534 to 50536
Skipped Seq from 50543 to 50548
Skipped Seq from 50548 to 50551
Skipped Seq from 50552 to 50554
Skipped Seq from 50554 to 50556
Skipped Seq from 50556 to 50558
Skipped Seq from 50569 to 50571
Skipped Seq from 50578 to 50580
Skipped Seq from 50586 to 50589
Skipped Seq from 50593 to 50595
Skipped Seq from 50600 to 50603
Skipped Seq from 50603 to 50607
Skipped Seq from 50607 to 50609
Skipped Seq from 50609 to 50613
Skipped Seq from 50613 to 50615
Skipped Seq from 50615 to 50620
Skipped Seq from 50621 to 50624
Skipped Seq from 50625 to 50627
Skipped Seq from 50629 to 50631
Skipped Seq from 50632 to 50639
Skipped Seq from 50641 to 50646
Skipped Seq from 50650 to 50654
Skipped Seq from 50657 to 50659
Skipped Seq from 50662 to 50667
Skipped Seq from 50670 to 50673
Skipped Seq from 50677 to 50679
Skipped Seq from 50684 to 50686
Skipped Seq from 50689 to 50691
Skipped Seq from 50695 to 50697
Skipped Seq from 50702 to 50705
Skipped Seq from 50705 to 50713
Skipped Seq from 50713 to 50717
Skipped Seq from 50718 to 50720
Skipped Seq from 50720 to 50728
Skipped Seq from 50728 to 50732
Skipped Seq from 50732 to 50737
Skipped Seq from 50737 to 50739
Skipped Seq from 50744 to 50746
Skipped Seq from 50746 to 50750
Skipped Seq from 50751 to 50753
Skipped Seq from 50756 to 50758
Skipped Seq from 50761 to 50763
Skipped Seq from 50766 to 50768
Skipped Seq from 50770 to 50777
Skipped Seq from 50800 to 50802
Skipped Seq from 50804 to 50806
Skipped Seq from 50816 to 50818
Skipped Seq from 50823 to 50825
Skipped Seq from 50829 to 50831
Skipped Seq from 50834 to 50836
Skipped Seq from 50839 to 50841
Skipped Seq from 50842 to 50844
Skipped Seq from 50848 to 50850
Skipped Seq from 50850 to 50857
Skipped Seq from 50857 to 50859
Skipped Seq from 50872 to 50874
Skipped Seq from 50877 to 50883
Skipped Seq from 50883 to 50885
Skipped Seq from 50885 to 50892
Skipped Seq from 50892 to 50897
Skipped Seq from 50897 to 50903
Skipped Seq from 50903 to 50910
Skipped Seq from 50910 to 50916
Skipped Seq from 50923 to 50925
Skipped Seq from 50928 to 50934
Skipped Seq from 50934 to 50938
Skipped Seq from 50940 to 50942
Skipped Seq from 50943 to 50945
Skipped Seq from 50947 to 50949
Skipped Seq from 50951 to 50953
Skipped Seq from 50960 to 50962
Skipped Seq from 50963 to 50970
Skipped Seq from 50970 to 50976
Skipped Seq from 50976 to 50979
Skipped Seq from 50979 to 50981
Skipped Seq from 50981 to 50986
Skipped Seq from 50986 to 50992
Skipped Seq from 50993 to 50999
Skipped Seq from 51000 to 51007
Skipped Seq from 51007 to 51012
Skipped Seq from 51014 to 51016
Skipped Seq from 51020 to 51022
Skipped Seq from 51022 to 51024
Skipped Seq from 51028 to 51030
Skipped Seq from 51035 to 51037
Skipped Seq from 51049 to 51051
Skipped Seq from 51051 to 51058
Skipped Seq from 51058 to 51065
Skipped Seq from 51066 to 51073
Skipped Seq from 51076 to 51078
Skipped Seq from 51080 to 51082
Skipped Seq from 51087 to 51089
Skipped Seq from 51093 to 51096
Skipped Seq from 51099 to 51102
Skipped Seq from 51102 to 51111
Skipped Seq from 51111 to 51123
Skipped Seq from 51123 to 51125
Skipped Seq from 51143 to 51152
Skipped Seq from 51152 to 51158
Skipped Seq from 51161 to 51165
Skipped Seq from 51165 to 51183
Skipped Seq from 51183 to 51185
Skipped Seq from 51185 to 51187
Skipped Seq from 51187 to 51189
Skipped Seq from 51196 to 51199
Skipped Seq from 51200 to 51206
Skipped Seq from 51208 to 51210
Skipped Seq from 51218 to 51220
Skipped Seq from 51227 to 51229
Skipped Seq from 51234 to 51236
Skipped Seq from 51236 to 51238
Skipped Seq from 51238 to 51240
Skipped Seq from 51240 to 51245
Skipped Seq from 51246 to 51248
Skipped Seq from 51249 to 51251
Skipped Seq from 51253 to 51255
Skipped Seq from 51258 to 51261
Skipped Seq from 51262 to 51266
Skipped Seq from 51272 to 51274
Skipped Seq from 51278 to 51281
Skipped Seq from 51281 to 51283
Skipped Seq from 51284 to 51289
Skipped Seq from 51292 to 51294
Skipped Seq from 51295 to 51298
Skipped Seq from 51298 to 51300
Skipped Seq from 51302 to 51305
Skipped Seq from 51310 to 51313
Skipped Seq from 51314 to 51317
Skipped Seq from 51317 to 51323
Skipped Seq from 51323 to 51325
Skipped Seq from 51325 to 51328
Skipped Seq from 51328 to 51330
Skipped Seq from 51330 to 51332
Skipped Seq from 51332 to 51334
Skipped Seq from 51336 to 51339
Skipped Seq from 51340 to 51344
Skipped Seq from 51350 to 51353
Skipped Seq from 51360 to 51365
Skipped Seq from 51365 to 51370
Skipped Seq from 51393 to 51397
Skipped Seq from 51397 to 51402
Skipped Seq from 51405 to 51409
Skipped Seq from 51409 to 51412
Skipped Seq from 51424 to 51426
Skipped Seq from 51430 to 51432
Skipped Seq from 51436 to 51438
Skipped Seq from 51445 to 51447
Skipped Seq from 51451 to 51453
Skipped Seq from 51471 to 51477
Skipped Seq from 51481 to 51483
Skipped Seq from 51510 to 51512
Skipped Seq from 51596 to 51598
Skipped Seq from 51601 to 51603
Skipped Seq from 51651 to 51653
Skipped Seq from 51664 to 51667
Skipped Seq from 51692 to 51694
Skipped Seq from 51713 to 51715
Skipped Seq from 60652 to 60654
Skipped Seq from 60657 to 60659
Skipped Seq from 60660 to 60663
Skipped Seq from 60665 to 60667
Skipped Seq from 60668 to 60671
Skipped Seq from 60673 to 60675
Skipped Seq from 60676 to 60679
Skipped Seq from 60683 to 60685
Skipped Seq from 60685 to 60687
Skipped Seq from 60708 to 60712
Skipped Seq from 60712 to 60714
Skipped Seq from 60715 to 60717
Skipped Seq from 60717 to 60719
Skipped Seq from 60720 to 60723
Skipped Seq from 60724 to 60726
Skipped Seq from 60727 to 60731
Skipped Seq from 60733 to 60735
Skipped Seq from 60750 to 60752
Skipped Seq from 60753 to 60755
Skipped Seq from 60777 to 60779
Skipped Seq from 60780 to 60784
Skipped Seq from 60784 to 60786
Skipped Seq from 60787 to 60789
Skipped Seq from 60790 to 60793
Skipped Seq from 60794 to 60796
Skipped Seq from 60797 to 60800
Skipped Seq from 60800 to 60803
Skipped Seq from 60805 to 60809
Skipped Seq from 60811 to 60814
Skipped Seq from 60815 to 60817
Skipped Seq from 60824 to 60828
Skipped Seq from 60828 to 60830
Skipped Seq from 60831 to 60835
Skipped Seq from 60835 to 60837
Skipped Seq from 60838 to 60841
Skipped Seq from 60863 to 60865
Skipped Seq from 60868 to 60870
Skipped Seq from 60877 to 60879
Skipped Seq from 60902 to 60905
Skipped Seq from 60907 to 60911
Skipped Seq from 60919 to 60921
Skipped Seq from 60928 to 60930
Skipped Seq from 60931 to 60933
Skipped Seq from 60933 to 60937
Skipped Seq from 60937 to 60939
Skipped Seq from 60939 to 60941
Skipped Seq from 60942 to 60947
Skipped Seq from 60948 to 60950
Skipped Seq from 60951 to 60955
Skipped Seq from 60955 to 60957
Skipped Seq from 60959 to 60961
Skipped Seq from 60963 to 60965
Skipped Seq from 60970 to 60972
Skipped Seq from 60976 to 60978
Skipped Seq from 60978 to 60980
Skipped Seq from 60981 to 60983
Skipped Seq from 60984 to 60986
Skipped Seq from 60986 to 60989
Skipped Seq from 60990 to 60992
Skipped Seq from 60992 to 60994
Skipped Seq from 60995 to 60997
Skipped Seq from 60997 to 61000
Skipped Seq from 61000 to 61002
Skipped Seq from 61003 to 61005
Skipped Seq from 61005 to 61009
Skipped Seq from 61009 to 61011
Skipped Seq from 61032 to 61034
Skipped Seq from 61036 to 61038
Skipped Seq from 61038 to 61040
Skipped Seq from 61046 to 61048
Skipped Seq from 61053 to 61056
Skipped Seq from 61057 to 61059
Skipped Seq from 61065 to 61067
Skipped Seq from 61068 to 61070
Skipped Seq from 61071 to 61073
Skipped Seq from 61074 to 61076
Skipped Seq from 61077 to 61079
Skipped Seq from 61079 to 61081
Skipped Seq from 61082 to 61084
Skipped Seq from 61085 to 61088
Skipped Seq from 61095 to 61097
Skipped Seq from 61102 to 61104
Skipped Seq from 61110 to 61113
Skipped Seq from 61116 to 61118
Skipped Seq from 61121 to 61123
Skipped Seq from 61129 to 61131
Skipped Seq from 61136 to 61138
Skipped Seq from 61140 to 61143
Skipped Seq from 61143 to 61145
Skipped Seq from 61153 to 61155
Skipped Seq from 61159 to 61161
Skipped Seq from 61162 to 61165
Skipped Seq from 61166 to 61169
Skipped Seq from 61170 to 61172
Skipped Seq from 61173 to 61177
Skipped Seq from 61178 to 61180
Skipped Seq from 61180 to 61182
Skipped Seq from 61182 to 61185
Skipped Seq from 61192 to 61194
Skipped Seq from 61196 to 61200
Skipped Seq from 61200 to 61202
Skipped Seq from 61203 to 61206
Skipped Seq from 61207 to 61209
Skipped Seq from 61209 to 61211
Skipped Seq from 61212 to 61214
Skipped Seq from 61217 to 61219
Skipped Seq from 61219 to 61221
Skipped Seq from 61221 to 61223
Skipped Seq from 61224 to 61226
Skipped Seq from 61237 to 61239
Skipped Seq from 61240 to 61243
Skipped Seq from 61244 to 61248
Skipped Seq from 61248 to 61250
Skipped Seq from 61253 to 61257
Skipped Seq from 61258 to 61262
Skipped Seq from 61270 to 61272
Skipped Seq from 61275 to 61277
Skipped Seq from 61277 to 61279
Skipped Seq from 61279 to 61281
Skipped Seq from 61282 to 61285
Skipped Seq from 61286 to 61290
Skipped Seq from 61291 to 61293
Skipped Seq from 61297 to 61299
Skipped Seq from 61299 to 61302
Skipped Seq from 61305 to 61307
Skipped Seq from 61307 to 61309
Skipped Seq from 61311 to 61313
Skipped Seq from 61316 to 61318
Skipped Seq from 61329 to 61331
Skipped Seq from 61346 to 61348
Skipped Seq from 61354 to 61356
Skipped Seq from 61356 to 61358
Skipped Seq from 61358 to 61362
Skipped Seq from 61362 to 61364
Skipped Seq from 61365 to 61368
Skipped Seq from 61368 to 61371
Skipped Seq from 61371 to 61373
Skipped Seq from 61374 to 61376
Skipped Seq from 61376 to 61379
Skipped Seq from 61380 to 61382
Skipped Seq from 61384 to 61386
Skipped Seq from 61386 to 61388
Skipped Seq from 61426 to 61428
Skipped Seq from 61430 to 61432
Skipped Seq from 61434 to 61437
Skipped Seq from 61437 to 61439
Skipped Seq from 61442 to 61445
Skipped Seq from 61446 to 61448
Skipped Seq from 61448 to 61450
Skipped Seq from 61453 to 61455
Skipped Seq from 61461 to 61463
Skipped Seq from 61468 to 61470
Skipped Seq from 61476 to 61478
Skipped Seq from 61479 to 61482
Skipped Seq from 61482 to 61485
Skipped Seq from 61485 to 61487
Skipped Seq from 61487 to 61489
Skipped Seq from 61490 to 61493
Skipped Seq from 61493 to 61495
Skipped Seq from 61496 to 61498
Skipped Seq from 61498 to 61500
Skipped Seq from 61500 to 61503
Skipped Seq from 61504 to 61506
Skipped Seq from 61506 to 61508
Skipped Seq from 61509 to 61512
Skipped Seq from 61512 to 61514
Skipped Seq from 61514 to 61516
Skipped Seq from 61517 to 61519
Skipped Seq from 61519 to 61521
Skipped Seq from 61521 to 61523
Skipped Seq from 61523 to 61525
Skipped Seq from 61527 to 61529
Skipped Seq from 61532 to 61537
Skipped Seq from 61597 to 61602
Skipped Seq from 61603 to 61605
Skipped Seq from 61605 to 61607
Skipped Seq from 61611 to 61614
Skipped Seq from 61614 to 61616
Skipped Seq from 61618 to 61621
Skipped Seq from 61621 to 61623
Skipped Seq from 61623 to 61626
Skipped Seq from 61626 to 61629
Skipped Seq from 61630 to 61632
Skipped Seq from 61632 to 61635
Skipped Seq from 61638 to 61640
Skipped Seq from 61645 to 61647
Skipped Seq from 61651 to 61653
Skipped Seq from 61653 to 61655
Skipped Seq from 61655 to 61657
Skipped Seq from 61657 to 61659
Skipped Seq from 61659 to 61661
Skipped Seq from 61663 to 61665
Skipped Seq from 61678 to 61680
Skipped Seq from 61683 to 61685
Skipped Seq from 61685 to 61687
Skipped Seq from 61688 to 61690
Skipped Seq from 61690 to 61694
Skipped Seq from 61695 to 61697
Skipped Seq from 61697 to 61699
Skipped Seq from 61699 to 61701
Skipped Seq from 61718 to 61720
Skipped Seq from 61732 to 61734
Skipped Seq from 61735 to 61738
Skipped Seq from 61740 to 61742
Skipped Seq from 61744 to 61746
Skipped Seq from 61747 to 61749
Skipped Seq from 61750 to 61752
Skipped Seq from 61760 to 61763
Skipped Seq from 61764 to 61766
Skipped Seq from 61768 to 61770
Skipped Seq from 61774 to 61776
Skipped Seq from 61776 to 61778
Skipped Seq from 61804 to 61806
Skipped Seq from 61810 to 61812
Skipped Seq from 61812 to 61815
Skipped Seq from 61815 to 61817
Skipped Seq from 61818 to 61820
Skipped Seq from 61820 to 61823
Skipped Seq from 61823 to 61825
Skipped Seq from 61825 to 61827
Skipped Seq from 61827 to 61831
Skipped Seq from 61832 to 61834
Skipped Seq from 61840 to 61842
Skipped Seq from 61844 to 61846
Skipped Seq from 61859 to 61861
Skipped Seq from 61861 to 61864
Skipped Seq from 61872 to 61875
Skipped Seq from 61875 to 61877
Skipped Seq from 61877 to 61880
Skipped Seq from 61880 to 61882
Skipped Seq from 61882 to 61884
Skipped Seq from 61884 to 61886
Skipped Seq from 61886 to 61890
Skipped Seq from 61890 to 61892
Skipped Seq from 61893 to 61896
Skipped Seq from 61896 to 61898
Skipped Seq from 61898 to 61900
Skipped Seq from 61900 to 61902
Skipped Seq from 61902 to 61904
Skipped Seq from 61907 to 61909
Skipped Seq from 61910 to 61912
Skipped Seq from 61914 to 61916
Skipped Seq from 61916 to 61919
Skipped Seq from 61919 to 61923
Skipped Seq from 61923 to 61925
Skipped Seq from 61926 to 61929
Skipped Seq from 61930 to 61932
Skipped Seq from 61935 to 61937
Skipped Seq from 61939 to 61942
Skipped Seq from 61942 to 61947
Skipped Seq from 61947 to 61949
Skipped Seq from 61951 to 61953
Skipped Seq from 61953 to 61955
Skipped Seq from 61957 to 61959
Skipped Seq from 61959 to 61962
Skipped Seq from 61966 to 61968
Skipped Seq from 61969 to 61972
Skipped Seq from 61973 to 61975
Skipped Seq from 61979 to 61981
Skipped Seq from 61982 to 61984
Skipped Seq from 61984 to 61988
Skipped Seq from 61988 to 61990
Skipped Seq from 61991 to 61993
Skipped Seq from 61997 to 61999
Skipped Seq from 62013 to 62015
Skipped Seq from 62024 to 62026
Skipped Seq from 62026 to 62029
Skipped Seq from 62029 to 62031
Skipped Seq from 62031 to 62033
Skipped Seq from 62033 to 62035
Skipped Seq from 62035 to 62037
Skipped Seq from 62045 to 62047
Skipped Seq from 62053 to 62056
Skipped Seq from 62056 to 62058
Skipped Seq from 62059 to 62062
Skipped Seq from 62062 to 62064
Skipped Seq from 62064 to 62068
Skipped Seq from 62068 to 62070
Skipped Seq from 62075 to 62078
Skipped Seq from 62080 to 62083
Skipped Seq from 62084 to 62086
Skipped Seq from 62087 to 62089
Skipped Seq from 62089 to 62092
Skipped Seq from 62112 to 62114
Skipped Seq from 62117 to 62121
Skipped Seq from 62121 to 62125
Skipped Seq from 62138 to 62141
Skipped Seq from 62141 to 62143
Skipped Seq from 62143 to 62145
Skipped Seq from 62146 to 62148
Skipped Seq from 62150 to 62152
Skipped Seq from 62152 to 62154
Skipped Seq from 62154 to 62156
Skipped Seq from 62156 to 62158
Skipped Seq from 62158 to 62161
Skipped Seq from 62161 to 62163
Skipped Seq from 62164 to 62166
Skipped Seq from 62166 to 62168
Skipped Seq from 62168 to 62173
Skipped Seq from 62173 to 62175
Skipped Seq from 62176 to 62178
Skipped Seq from 62181 to 62183
Skipped Seq from 62186 to 62188
Skipped Seq from 62194 to 62196
Skipped Seq from 62201 to 62203
Skipped Seq from 62204 to 62206
Skipped Seq from 62206 to 62209
Skipped Seq from 62209 to 62212
Skipped Seq from 62213 to 62215
Skipped Seq from 62225 to 62228
Skipped Seq from 62230 to 62232
Skipped Seq from 62239 to 62243
Skipped Seq from 62243 to 62245
Skipped Seq from 62245 to 62250
Skipped Seq from 62250 to 62252
Skipped Seq from 62252 to 62255
Skipped Seq from 62255 to 62257
Skipped Seq from 62257 to 62259
Skipped Seq from 62262 to 62264
Skipped Seq from 62274 to 62276
Skipped Seq from 62278 to 62280
Skipped Seq from 62304 to 62306
Skipped Seq from 62306 to 62309
Skipped Seq from 62309 to 62314
Skipped Seq from 62314 to 62316
Skipped Seq from 62316 to 62320
Skipped Seq from 62320 to 62322
Skipped Seq from 62323 to 62325
Skipped Seq from 62328 to 62330
Skipped Seq from 62336 to 62338
Skipped Seq from 62343 to 62345
Skipped Seq from 62350 to 62353
Skipped Seq from 62353 to 62355
Skipped Seq from 62355 to 62357
Skipped Seq from 62361 to 62364
Skipped Seq from 62364 to 62367
Skipped Seq from 62367 to 62370
Skipped Seq from 62370 to 62375
Skipped Seq from 62375 to 62378
Skipped Seq from 62378 to 62380
Skipped Seq from 62381 to 62385
Skipped Seq from 62385 to 62387
Skipped Seq from 62387 to 62389
Skipped Seq from 62389 to 62393
Skipped Seq from 62393 to 62395
Skipped Seq from 62395 to 62399
Skipped Seq from 62400 to 62403
Skipped Seq from 62403 to 62407
Skipped Seq from 62407 to 62409
Skipped Seq from 62409 to 62412
Skipped Seq from 62412 to 62415
Skipped Seq from 62416 to 62418
Skipped Seq from 62418 to 62420
Skipped Seq from 62420 to 62423
Skipped Seq from 62423 to 62425
Skipped Seq from 62425 to 62428
Skipped Seq from 62432 to 62435
Skipped Seq from 62440 to 62442
Skipped Seq from 62446 to 62448
Skipped Seq from 62448 to 62450
Skipped Seq from 62451 to 62453
Skipped Seq from 62455 to 62457
Skipped Seq from 62461 to 62463
Skipped Seq from 62463 to 62465
Skipped Seq from 62467 to 62469
Skipped Seq from 62484 to 62486
Skipped Seq from 62491 to 62493
Skipped Seq from 62493 to 62495
Skipped Seq from 62501 to 62503
Skipped Seq from 62527 to 62529
Skipped Seq from 62531 to 62533
Skipped Seq from 62533 to 62535
Skipped Seq from 62535 to 62537
Skipped Seq from 62538 to 62541
Skipped Seq from 62541 to 62543
Skipped Seq from 62558 to 62560
Skipped Seq from 62563 to 62566
Skipped Seq from 62572 to 62574
Skipped Seq from 62575 to 62579
Skipped Seq from 62580 to 62582
Skipped Seq from 62587 to 62589
Skipped Seq from 62607 to 62609
Skipped Seq from 62614 to 62616
Skipped Seq from 62636 to 62638
Skipped Seq from 62650 to 62652
Skipped Seq from 62653 to 62656
Skipped Seq from 62659 to 62661
Skipped Seq from 62661 to 62663
Skipped Seq from 62670 to 62672
Skipped Seq from 62686 to 62688
Skipped Seq from 62689 to 62691
Skipped Seq from 62691 to 62695
Skipped Seq from 62696 to 62698
Skipped Seq from 62698 to 62701
Skipped Seq from 62704 to 62707
Skipped Seq from 62724 to 62726
Skipped Seq from 62727 to 62732
Skipped Seq from 62735 to 62738
Skipped Seq from 62762 to 62764
Skipped Seq from 62772 to 62775
Skipped Seq from 62775 to 62777
Skipped Seq from 62779 to 62781
Skipped Seq from 62781 to 62783
Skipped Seq from 62783 to 62785
Skipped Seq from 62785 to 62788
Number of times throttled: 6
Received: 67893 / 69581 packets
Start time: 1315414640.254016
End time: 1315414732.201414
Duration: 91.947398
