Starting client at 10.0.0.13:1234 with timeout:10
My IP address is 10.0.0.13Skipped Seq from 1696 to 1698
Skipped Seq from 1698 to 1700
Skipped Seq from 1700 to 1704
Skipped Seq from 1704 to 1708
Skipped Seq from 1724 to 1727
Skipped Seq from 1730 to 1732
Skipped Seq from 1732 to 1734
Skipped Seq from 1734 to 1737
Skipped Seq from 1737 to 1739
Skipped Seq from 1740 to 1742
Skipped Seq from 1742 to 1746
Skipped Seq from 1746 to 1748
Skipped Seq from 1749 to 1753
Skipped Seq from 1754 to 1756
Skipped Seq from 1757 to 1760
Skipped Seq from 1760 to 1762
Skipped Seq from 1762 to 1764
Skipped Seq from 1770 to 1776
Skipped Seq from 1782 to 1785
Skipped Seq from 1787 to 1790
Skipped Seq from 1791 to 1794
Skipped Seq from 1796 to 1801
Skipped Seq from 1807 to 1809
Skipped Seq from 1816 to 1818
Skipped Seq from 1826 to 1829
Skipped Seq from 1831 to 1834
Skipped Seq from 1837 to 1839
Skipped Seq from 1839 to 1843
Skipped Seq from 1848 to 1850
Skipped Seq from 1850 to 1853
Skipped Seq from 1854 to 1858
Skipped Seq from 1858 to 1860
Skipped Seq from 1860 to 1862
Skipped Seq from 1865 to 1867
Skipped Seq from 1868 to 1870
Skipped Seq from 1870 to 1872
Skipped Seq from 1872 to 1876
Skipped Seq from 1876 to 1878
Skipped Seq from 1879 to 1881
Skipped Seq from 1881 to 1883
Skipped Seq from 1883 to 1885
Skipped Seq from 1885 to 1888
Skipped Seq from 1889 to 1893
Skipped Seq from 1893 to 1896
Skipped Seq from 1904 to 1906
Skipped Seq from 1908 to 1910
Skipped Seq from 1913 to 1916
Skipped Seq from 1918 to 1920
Skipped Seq from 1925 to 1927
Skipped Seq from 1930 to 1933
Skipped Seq from 1933 to 1935
Skipped Seq from 1935 to 1937
Skipped Seq from 1937 to 1941
Skipped Seq from 1942 to 1944
Skipped Seq from 1946 to 1948
Skipped Seq from 1948 to 1951
Skipped Seq from 1951 to 1955
Skipped Seq from 1956 to 1958
Skipped Seq from 1958 to 1961
Skipped Seq from 1962 to 1965
Skipped Seq from 1966 to 1968
Skipped Seq from 1971 to 1973
Skipped Seq from 1992 to 1994
Skipped Seq from 2009 to 2011
Skipped Seq from 2025 to 2027
Skipped Seq from 2030 to 2033
Skipped Seq from 2038 to 2042
Skipped Seq from 2042 to 2044
Skipped Seq from 2045 to 2047
Skipped Seq from 2047 to 2049
Skipped Seq from 2049 to 2051
Skipped Seq from 2051 to 2053
Skipped Seq from 2054 to 2057
Skipped Seq from 2057 to 2059
Skipped Seq from 2059 to 2062
Skipped Seq from 2064 to 2067
Skipped Seq from 2075 to 2077
Skipped Seq from 2077 to 2080
Skipped Seq from 2082 to 2085
Skipped Seq from 2089 to 2091
Skipped Seq from 2099 to 2101
Skipped Seq from 2106 to 2109
Skipped Seq from 2110 to 2112
Skipped Seq from 2113 to 2115
Skipped Seq from 2122 to 2126
Skipped Seq from 2128 to 2130
Skipped Seq from 2130 to 2133
Skipped Seq from 2134 to 2136
Skipped Seq from 2137 to 2139
Skipped Seq from 2139 to 2142
Skipped Seq from 2142 to 2144
Skipped Seq from 2145 to 2148
Skipped Seq from 2148 to 2151
Skipped Seq from 2152 to 2154
Skipped Seq from 2154 to 2156
Skipped Seq from 2156 to 2158
Skipped Seq from 2159 to 2161
Skipped Seq from 2162 to 2165
Skipped Seq from 2168 to 2172
Skipped Seq from 2175 to 2179
Skipped Seq from 2180 to 2182
Skipped Seq from 2191 to 2194
Skipped Seq from 2195 to 2198
Skipped Seq from 2198 to 2202
Skipped Seq from 2202 to 2204
Skipped Seq from 2205 to 2207
Skipped Seq from 2214 to 2217
Skipped Seq from 2220 to 2222
Skipped Seq from 2231 to 2233
Skipped Seq from 2238 to 2244
Skipped Seq from 2244 to 2247
Skipped Seq from 2247 to 2249
Skipped Seq from 2250 to 2253
Skipped Seq from 2253 to 2256
Skipped Seq from 2257 to 2260
Skipped Seq from 2260 to 2262
Skipped Seq from 2262 to 2265
Skipped Seq from 2278 to 2280
Skipped Seq from 2280 to 2282
Skipped Seq from 2284 to 2286
Skipped Seq from 2286 to 2289
Skipped Seq from 2290 to 2292
Skipped Seq from 2293 to 2296
Skipped Seq from 2297 to 2302
Skipped Seq from 2303 to 2307
Skipped Seq from 2307 to 2309
Skipped Seq from 2311 to 2313
Skipped Seq from 2318 to 2320
Skipped Seq from 2320 to 2323
Skipped Seq from 2323 to 2325
Skipped Seq from 2326 to 2329
Skipped Seq from 2344 to 2346
Skipped Seq from 2349 to 2351
Skipped Seq from 2353 to 2355
Skipped Seq from 2368 to 2370
Skipped Seq from 2379 to 2382
Skipped Seq from 2383 to 2385
Skipped Seq from 2386 to 2388
Skipped Seq from 2405 to 2409
Skipped Seq from 2413 to 2415
Skipped Seq from 2416 to 2418
Skipped Seq from 2419 to 2422
Skipped Seq from 2422 to 2424
Skipped Seq from 2424 to 2427
Skipped Seq from 2427 to 2430
Skipped Seq from 2436 to 2439
Skipped Seq from 2501 to 2505
Skipped Seq from 2505 to 2512
Skipped Seq from 2512 to 2517
Skipped Seq from 2517 to 2521
Skipped Seq from 2522 to 2526
Skipped Seq from 2526 to 2536
Skipped Seq from 2537 to 2547
Skipped Seq from 2547 to 2558
Skipped Seq from 2559 to 2561
Skipped Seq from 2562 to 2564
Skipped Seq from 2564 to 2568
Skipped Seq from 2570 to 2573
Skipped Seq from 2575 to 2577
Skipped Seq from 2577 to 2579
Skipped Seq from 2579 to 2582
Skipped Seq from 2583 to 2586
Skipped Seq from 2616 to 2618
Skipped Seq from 2618 to 2622
Skipped Seq from 2622 to 2625
Skipped Seq from 2625 to 2627
Skipped Seq from 2628 to 2630
Skipped Seq from 2630 to 2632
Skipped Seq from 2633 to 2638
Skipped Seq from 2638 to 2642
Skipped Seq from 2642 to 2645
Skipped Seq from 2645 to 2647
Skipped Seq from 2649 to 2651
Skipped Seq from 2653 to 2655
Skipped Seq from 2656 to 2659
Skipped Seq from 2659 to 2661
Skipped Seq from 2666 to 2668
Skipped Seq from 2672 to 2674
Skipped Seq from 2676 to 2678
Skipped Seq from 2678 to 2685
Skipped Seq from 2686 to 2689
Skipped Seq from 2691 to 2693
Skipped Seq from 2694 to 2696
Skipped Seq from 2699 to 2704
Skipped Seq from 2706 to 2714
Skipped Seq from 2715 to 2722
Skipped Seq from 2722 to 2724
Skipped Seq from 2724 to 2732
Skipped Seq from 2732 to 2734
Skipped Seq from 2734 to 2742
Skipped Seq from 2744 to 2746
Skipped Seq from 2746 to 2751
Skipped Seq from 2752 to 2757
Skipped Seq from 2758 to 2761
Skipped Seq from 2764 to 2768
Skipped Seq from 2768 to 2770
Skipped Seq from 2770 to 2772
Skipped Seq from 2774 to 2778
Skipped Seq from 2778 to 2780
Skipped Seq from 2780 to 2783
Skipped Seq from 2785 to 2799
Skipped Seq from 2799 to 2803
Skipped Seq from 2803 to 2805
Skipped Seq from 2825 to 2827
Skipped Seq from 2834 to 2837
Skipped Seq from 2842 to 2844
Skipped Seq from 2854 to 2856
Skipped Seq from 2860 to 2864
Skipped Seq from 2874 to 2876
Skipped Seq from 2877 to 2879
Skipped Seq from 2879 to 2884
Skipped Seq from 2886 to 2888
Skipped Seq from 2888 to 2893
Skipped Seq from 2896 to 2899
Skipped Seq from 2900 to 2902
Skipped Seq from 2903 to 2907
Skipped Seq from 2907 to 2910
Skipped Seq from 2911 to 2915
Skipped Seq from 2915 to 2917
Skipped Seq from 2917 to 2920
Skipped Seq from 2920 to 2922
Skipped Seq from 2922 to 2924
Skipped Seq from 2932 to 2934
Skipped Seq from 2934 to 2936
Skipped Seq from 2938 to 2941
Skipped Seq from 2943 to 2945
Skipped Seq from 2950 to 2952
Skipped Seq from 2953 to 2956
Skipped Seq from 2959 to 2962
Skipped Seq from 2962 to 2966
Skipped Seq from 2981 to 2983
Skipped Seq from 2983 to 2986
Skipped Seq from 2990 to 2992
Skipped Seq from 2992 to 2994
Skipped Seq from 2995 to 2997
Skipped Seq from 3000 to 3005
Skipped Seq from 3005 to 3007
Skipped Seq from 3017 to 3019
Skipped Seq from 3047 to 3052
Skipped Seq from 3052 to 3055
Skipped Seq from 3056 to 3058
Skipped Seq from 3058 to 3060
Skipped Seq from 3071 to 3074
Skipped Seq from 3091 to 3093
Skipped Seq from 3096 to 3098
Skipped Seq from 3111 to 3113
Skipped Seq from 3129 to 3136
Skipped Seq from 3136 to 3139
Skipped Seq from 3142 to 3146
Skipped Seq from 3150 to 3152
Skipped Seq from 3156 to 3159
Skipped Seq from 3160 to 3162
Skipped Seq from 3162 to 3164
Skipped Seq from 3176 to 3179
Skipped Seq from 3182 to 3184
Skipped Seq from 3185 to 3189
Skipped Seq from 3189 to 3191
Skipped Seq from 3191 to 3193
Skipped Seq from 3194 to 3197
Skipped Seq from 3197 to 3200
Skipped Seq from 3200 to 3205
Skipped Seq from 3206 to 3208
Skipped Seq from 3208 to 3213
Skipped Seq from 3213 to 3216
Skipped Seq from 3218 to 3220
Skipped Seq from 3220 to 3222
Skipped Seq from 3224 to 3226
Skipped Seq from 3229 to 3236
Skipped Seq from 3259 to 3261
Skipped Seq from 3261 to 3266
Skipped Seq from 3266 to 3268
Skipped Seq from 3268 to 3271
Skipped Seq from 3271 to 3273
Skipped Seq from 3275 to 3277
Skipped Seq from 3278 to 3280
Skipped Seq from 3283 to 3285
Skipped Seq from 3288 to 3290
Skipped Seq from 3297 to 3299
Skipped Seq from 3301 to 3304
Skipped Seq from 3308 to 3310
Skipped Seq from 3312 to 3314
Skipped Seq from 3318 to 3320
Skipped Seq from 3325 to 3327
Skipped Seq from 3328 to 3330
Skipped Seq from 3332 to 3334
Skipped Seq from 3350 to 3352
Skipped Seq from 3363 to 3365
Skipped Seq from 3401 to 3403
Skipped Seq from 3434 to 3436
Skipped Seq from 3439 to 3441
Skipped Seq from 3466 to 3468
Skipped Seq from 3485 to 3487
Skipped Seq from 3512 to 3514
Skipped Seq from 3544 to 3546
Skipped Seq from 3549 to 3551
Skipped Seq from 3582 to 3585
Skipped Seq from 3621 to 3623
Skipped Seq from 3637 to 3639
Skipped Seq from 3663 to 3665
Skipped Seq from 3670 to 3672
Skipped Seq from 3677 to 3679
Skipped Seq from 3695 to 3697
Skipped Seq from 3711 to 3713
Skipped Seq from 3720 to 3722
Skipped Seq from 3723 to 3725
Skipped Seq from 3734 to 3736
Skipped Seq from 3744 to 3746
Skipped Seq from 3766 to 3768
Skipped Seq from 3886 to 3888
Number of times throttled: 3
Received: 6839 / 7415 packets
Start time: 1315409771.055448
End time: 1315409779.772989
Duration: 8.717541
