Starting client at 10.0.0.25:1236 with timeout:10
My IP address is 10.0.0.25Skipped Seq from 18209 to 18212
Skipped Seq from 18248 to 18258
Skipped Seq from 18271 to 18274
Skipped Seq from 19933 to 19937
Skipped Seq from 19937 to 19946
Skipped Seq from 19946 to 19953
Skipped Seq from 19953 to 19960
Skipped Seq from 19960 to 19967
Skipped Seq from 19967 to 19969
Skipped Seq from 19976 to 19980
Skipped Seq from 19980 to 19984
Skipped Seq from 19984 to 19991
Skipped Seq from 19991 to 19995
Skipped Seq from 19996 to 19999
Skipped Seq from 20000 to 20005
Skipped Seq from 20005 to 20008
Skipped Seq from 20008 to 20012
Skipped Seq from 20012 to 20015
Skipped Seq from 20015 to 20018
Skipped Seq from 20019 to 20021
Skipped Seq from 20021 to 20023
Skipped Seq from 20023 to 20025
Skipped Seq from 20035 to 20037
Skipped Seq from 20037 to 20039
Skipped Seq from 20039 to 20041
Skipped Seq from 20042 to 20044
Skipped Seq from 20048 to 20050
Skipped Seq from 20053 to 20057
Skipped Seq from 20058 to 20060
Skipped Seq from 20062 to 20064
Skipped Seq from 20064 to 20066
Skipped Seq from 20069 to 20071
Skipped Seq from 20075 to 20078
Skipped Seq from 20079 to 20081
Skipped Seq from 20088 to 20091
Skipped Seq from 20091 to 20097
Skipped Seq from 20097 to 20100
Skipped Seq from 20100 to 20103
Skipped Seq from 20104 to 20106
Skipped Seq from 20106 to 20108
Skipped Seq from 20109 to 20111
Skipped Seq from 20111 to 20113
Skipped Seq from 20116 to 20118
Skipped Seq from 20121 to 20124
Skipped Seq from 20124 to 20126
Skipped Seq from 20127 to 20130
Skipped Seq from 20131 to 20136
Skipped Seq from 20138 to 20140
Skipped Seq from 20143 to 20148
Skipped Seq from 20148 to 20153
Skipped Seq from 20153 to 20155
Skipped Seq from 20155 to 20158
Skipped Seq from 20167 to 20175
Skipped Seq from 20176 to 20178
Skipped Seq from 20181 to 20183
Skipped Seq from 20184 to 20187
Skipped Seq from 20189 to 20191
Skipped Seq from 20194 to 20196
Skipped Seq from 20197 to 20207
Skipped Seq from 20207 to 20211
Skipped Seq from 20211 to 20213
Skipped Seq from 20213 to 20215
Skipped Seq from 20220 to 20222
Skipped Seq from 20226 to 20228
Skipped Seq from 20233 to 20235
Skipped Seq from 20236 to 20239
Skipped Seq from 20239 to 20243
Skipped Seq from 20243 to 20246
Skipped Seq from 20246 to 20250
Skipped Seq from 20250 to 20253
Skipped Seq from 20255 to 20265
Skipped Seq from 20265 to 20267
Skipped Seq from 20271 to 20273
Skipped Seq from 20274 to 20276
Skipped Seq from 20279 to 20281
Skipped Seq from 20282 to 20288
Skipped Seq from 20289 to 20295
Skipped Seq from 20295 to 20298
Skipped Seq from 20299 to 20306
Skipped Seq from 20309 to 20311
Skipped Seq from 20313 to 20315
Skipped Seq from 20317 to 20319
Skipped Seq from 20323 to 20325
Skipped Seq from 20326 to 20335
Skipped Seq from 20335 to 20337
Skipped Seq from 20337 to 20339
Skipped Seq from 20339 to 20344
Skipped Seq from 20345 to 20352
Skipped Seq from 20352 to 20354
Skipped Seq from 20355 to 20357
Skipped Seq from 20358 to 20362
Skipped Seq from 20362 to 20364
Skipped Seq from 20366 to 20368
Skipped Seq from 20372 to 20374
Skipped Seq from 20376 to 20386
Skipped Seq from 20386 to 20389
Skipped Seq from 20389 to 20391
Skipped Seq from 20396 to 20398
Skipped Seq from 20403 to 20405
Skipped Seq from 20405 to 20407
Skipped Seq from 20408 to 20410
Skipped Seq from 20412 to 20414
Skipped Seq from 20417 to 20422
Skipped Seq from 20422 to 20426
Skipped Seq from 20426 to 20430
Skipped Seq from 20431 to 20433
Skipped Seq from 20436 to 20438
Skipped Seq from 20438 to 20447
Skipped Seq from 20448 to 20450
Skipped Seq from 20450 to 20453
Skipped Seq from 20454 to 20456
Skipped Seq from 20456 to 20458
Skipped Seq from 20467 to 20469
Skipped Seq from 20470 to 20473
Skipped Seq from 20473 to 20477
Skipped Seq from 20480 to 20485
Skipped Seq from 20485 to 20489
Skipped Seq from 20492 to 20497
Skipped Seq from 20497 to 20501
Skipped Seq from 20501 to 20505
Skipped Seq from 20505 to 20507
Skipped Seq from 20508 to 20510
Skipped Seq from 20511 to 20513
Skipped Seq from 20515 to 20517
Skipped Seq from 20518 to 20520
Skipped Seq from 20524 to 20527
Skipped Seq from 20528 to 20530
Skipped Seq from 20530 to 20533
Skipped Seq from 20533 to 20535
Skipped Seq from 20535 to 20537
Skipped Seq from 20538 to 20540
Skipped Seq from 20540 to 20543
Skipped Seq from 20543 to 20545
Skipped Seq from 20545 to 20547
Skipped Seq from 20547 to 20554
Skipped Seq from 20555 to 20561
Skipped Seq from 20563 to 20565
Skipped Seq from 20566 to 20571
Skipped Seq from 20572 to 20574
Skipped Seq from 20574 to 20581
Skipped Seq from 20581 to 20583
Skipped Seq from 20584 to 20586
Skipped Seq from 20588 to 20590
Skipped Seq from 20591 to 20593
Skipped Seq from 20594 to 20596
Skipped Seq from 20596 to 20604
Skipped Seq from 20604 to 20609
Skipped Seq from 20609 to 20612
Skipped Seq from 20612 to 20614
Skipped Seq from 20614 to 20619
Skipped Seq from 20620 to 20623
Skipped Seq from 20627 to 20629
Skipped Seq from 20631 to 20633
Skipped Seq from 20633 to 20635
Skipped Seq from 20635 to 20638
Skipped Seq from 20638 to 20642
Skipped Seq from 20642 to 20644
Skipped Seq from 20644 to 20649
Skipped Seq from 20649 to 20653
Skipped Seq from 20653 to 20655
Skipped Seq from 20657 to 20659
Skipped Seq from 20661 to 20663
Skipped Seq from 20665 to 20667
Skipped Seq from 20667 to 20669
Skipped Seq from 20669 to 20671
Skipped Seq from 20674 to 20676
Skipped Seq from 20680 to 20683
Skipped Seq from 20683 to 20686
Skipped Seq from 20686 to 20690
Skipped Seq from 20691 to 20696
Skipped Seq from 20696 to 20699
Skipped Seq from 20700 to 20703
Skipped Seq from 20706 to 20709
Skipped Seq from 20709 to 20712
Skipped Seq from 20712 to 20717
Skipped Seq from 20717 to 20721
Skipped Seq from 20721 to 20724
Skipped Seq from 20724 to 20726
Skipped Seq from 20727 to 20729
Skipped Seq from 20731 to 20733
Skipped Seq from 20736 to 20738
Skipped Seq from 20739 to 20742
Skipped Seq from 20743 to 20745
Skipped Seq from 20748 to 20750
Skipped Seq from 20751 to 20755
Skipped Seq from 20755 to 20757
Skipped Seq from 20757 to 20759
Skipped Seq from 20759 to 20761
Skipped Seq from 20761 to 20763
Skipped Seq from 20768 to 20771
Skipped Seq from 20776 to 20778
Skipped Seq from 20779 to 20786
Skipped Seq from 20786 to 20790
Skipped Seq from 20790 to 20793
Skipped Seq from 20794 to 20798
Skipped Seq from 20798 to 20801
Skipped Seq from 20801 to 20803
Skipped Seq from 20805 to 20807
Skipped Seq from 20813 to 20815
Skipped Seq from 20820 to 20822
Skipped Seq from 20822 to 20828
Skipped Seq from 20828 to 20832
Skipped Seq from 20833 to 20836
Skipped Seq from 20836 to 20838
Skipped Seq from 20838 to 20841
Skipped Seq from 20843 to 20846
Skipped Seq from 20847 to 20849
Skipped Seq from 20850 to 20852
Skipped Seq from 20854 to 20856
Skipped Seq from 20857 to 20863
Skipped Seq from 20863 to 20865
Skipped Seq from 20867 to 20869
Skipped Seq from 20873 to 20877
Skipped Seq from 20877 to 20887
Skipped Seq from 20887 to 20889
Skipped Seq from 20889 to 20891
Skipped Seq from 20892 to 20894
Skipped Seq from 20894 to 20897
Skipped Seq from 20900 to 20906
Skipped Seq from 20906 to 20908
Skipped Seq from 20911 to 20915
Skipped Seq from 20916 to 20919
Skipped Seq from 20920 to 20923
Skipped Seq from 20925 to 20928
Skipped Seq from 20928 to 20933
Skipped Seq from 20934 to 20936
Skipped Seq from 20936 to 20938
Skipped Seq from 20939 to 20942
Skipped Seq from 20942 to 20945
Skipped Seq from 20945 to 20947
Skipped Seq from 20949 to 20951
Skipped Seq from 20951 to 20954
Skipped Seq from 20961 to 20964
Skipped Seq from 20964 to 20967
Skipped Seq from 20968 to 20976
Skipped Seq from 20976 to 20978
Skipped Seq from 20978 to 20980
Skipped Seq from 20984 to 20986
Skipped Seq from 20986 to 20988
Skipped Seq from 20989 to 20993
Skipped Seq from 20995 to 20997
Skipped Seq from 20997 to 21001
Skipped Seq from 21001 to 21005
Skipped Seq from 21005 to 21013
Skipped Seq from 21013 to 21018
Skipped Seq from 21018 to 21020
Skipped Seq from 21020 to 21024
Skipped Seq from 21024 to 21029
Skipped Seq from 21030 to 21032
Number of times throttled: 2
Received: 26157 / 26725 packets
Start time: 1315409919.551852
End time: 1315409950.990643
Duration: 31.438791
