Starting client at 10.0.0.24:1245 with timeout:10
My IP address is 10.0.0.24Skipped Seq from 2218 to 2220
Skipped Seq from 2242 to 2244
Skipped Seq from 2244 to 2246
Skipped Seq from 2246 to 2249
Skipped Seq from 2250 to 2252
Skipped Seq from 2253 to 2256
Skipped Seq from 2273 to 2277
Skipped Seq from 2278 to 2280
Skipped Seq from 2280 to 2283
Skipped Seq from 2285 to 2287
Skipped Seq from 2288 to 2291
Skipped Seq from 2292 to 2294
Skipped Seq from 2294 to 2296
Skipped Seq from 2304 to 2306
Skipped Seq from 2306 to 2309
Skipped Seq from 2309 to 2311
Skipped Seq from 2317 to 2319
Skipped Seq from 2320 to 2322
Skipped Seq from 2322 to 2325
Skipped Seq from 2328 to 2330
Skipped Seq from 2332 to 2334
Skipped Seq from 2337 to 2339
Skipped Seq from 2350 to 2353
Skipped Seq from 2356 to 2358
Skipped Seq from 2360 to 2362
Skipped Seq from 2362 to 2364
Skipped Seq from 2364 to 2366
Skipped Seq from 2383 to 2385
Skipped Seq from 2385 to 2387
Skipped Seq from 2387 to 2390
Skipped Seq from 2402 to 2404
Skipped Seq from 2412 to 2414
Skipped Seq from 2417 to 2419
Skipped Seq from 2428 to 2430
Skipped Seq from 2430 to 2432
Skipped Seq from 2432 to 2434
Skipped Seq from 2443 to 2445
Skipped Seq from 2453 to 2455
Skipped Seq from 2455 to 2457
Skipped Seq from 2462 to 2464
Skipped Seq from 2464 to 2466
Skipped Seq from 2469 to 2471
Skipped Seq from 2473 to 2477
Skipped Seq from 2478 to 2481
Skipped Seq from 2481 to 2483
Skipped Seq from 2492 to 2494
Skipped Seq from 2498 to 2500
Skipped Seq from 2501 to 2503
Skipped Seq from 2519 to 2521
Skipped Seq from 2521 to 2523
Skipped Seq from 2524 to 2528
Skipped Seq from 2534 to 2536
Skipped Seq from 2544 to 2546
Skipped Seq from 2546 to 2548
Skipped Seq from 2556 to 2560
Skipped Seq from 2563 to 2565
Skipped Seq from 2567 to 2571
Skipped Seq from 2589 to 2592
Skipped Seq from 2594 to 2598
Skipped Seq from 2601 to 2603
Skipped Seq from 2604 to 2606
Skipped Seq from 2607 to 2609
Skipped Seq from 2611 to 2615
Skipped Seq from 2626 to 2628
Skipped Seq from 2646 to 2649
Skipped Seq from 2649 to 2651
Skipped Seq from 2657 to 2659
Skipped Seq from 2660 to 2662
Skipped Seq from 2662 to 2665
Skipped Seq from 2665 to 2667
Skipped Seq from 2673 to 2676
Skipped Seq from 2676 to 2678
Skipped Seq from 2678 to 2680
Skipped Seq from 2681 to 2684
Skipped Seq from 2692 to 2694
Skipped Seq from 2697 to 2699
Skipped Seq from 2702 to 2705
Skipped Seq from 2705 to 2710
Skipped Seq from 2728 to 2731
Skipped Seq from 2742 to 2745
Skipped Seq from 2746 to 2749
Skipped Seq from 2756 to 2758
Skipped Seq from 2767 to 2769
Skipped Seq from 2771 to 2773
Skipped Seq from 2782 to 2784
Skipped Seq from 2790 to 2792
Skipped Seq from 2795 to 2797
Skipped Seq from 2797 to 2799
Skipped Seq from 2805 to 2807
Skipped Seq from 2816 to 2819
Skipped Seq from 2822 to 2826
Skipped Seq from 2836 to 2839
Skipped Seq from 2843 to 2847
Skipped Seq from 2850 to 2852
Skipped Seq from 2859 to 2863
Skipped Seq from 2866 to 2868
Skipped Seq from 2868 to 2871
Skipped Seq from 2872 to 2875
Skipped Seq from 2876 to 2878
Skipped Seq from 2878 to 2880
Skipped Seq from 2882 to 2885
Skipped Seq from 2890 to 2892
Skipped Seq from 2892 to 2894
Skipped Seq from 2894 to 2896
Skipped Seq from 2896 to 2899
Skipped Seq from 2899 to 2903
Skipped Seq from 2903 to 2905
Skipped Seq from 2907 to 2909
Skipped Seq from 2912 to 2914
Skipped Seq from 2916 to 2918
Skipped Seq from 2918 to 2920
Skipped Seq from 2923 to 2925
Skipped Seq from 2942 to 2945
Skipped Seq from 2958 to 2961
Skipped Seq from 2961 to 2963
Skipped Seq from 2973 to 2976
Skipped Seq from 2978 to 2980
Skipped Seq from 2982 to 2986
Skipped Seq from 2988 to 2991
Skipped Seq from 2991 to 2994
Skipped Seq from 2998 to 3000
Skipped Seq from 3007 to 3010
Skipped Seq from 3017 to 3019
Skipped Seq from 3024 to 3027
Skipped Seq from 3028 to 3032
Skipped Seq from 3034 to 3036
Skipped Seq from 3038 to 3042
Skipped Seq from 3045 to 3047
Skipped Seq from 3047 to 3050
Skipped Seq from 3053 to 3056
Skipped Seq from 3056 to 3060
Skipped Seq from 3062 to 3064
Skipped Seq from 3069 to 3072
Skipped Seq from 3075 to 3077
Skipped Seq from 3077 to 3079
Skipped Seq from 3081 to 3083
Skipped Seq from 3083 to 3085
Skipped Seq from 3086 to 3088
Skipped Seq from 3091 to 3094
Skipped Seq from 3095 to 3097
Skipped Seq from 3097 to 3100
Skipped Seq from 3101 to 3106
Skipped Seq from 3111 to 3113
Skipped Seq from 3113 to 3116
Skipped Seq from 3116 to 3118
Skipped Seq from 3141 to 3144
Skipped Seq from 3149 to 3151
Skipped Seq from 3151 to 3155
Skipped Seq from 3163 to 3165
Skipped Seq from 3165 to 3167
Skipped Seq from 3167 to 3170
Skipped Seq from 3174 to 3176
Skipped Seq from 3180 to 3183
Skipped Seq from 3185 to 3187
Skipped Seq from 3187 to 3189
Skipped Seq from 3192 to 3194
Skipped Seq from 3197 to 3199
Skipped Seq from 3200 to 3202
Skipped Seq from 3208 to 3210
Skipped Seq from 3211 to 3213
Skipped Seq from 3214 to 3218
Skipped Seq from 3220 to 3222
Skipped Seq from 3236 to 3238
Skipped Seq from 3239 to 3241
Skipped Seq from 3241 to 3243
Skipped Seq from 3244 to 3246
Skipped Seq from 3247 to 3250
Skipped Seq from 3257 to 3259
Skipped Seq from 3260 to 3262
Skipped Seq from 3262 to 3265
Skipped Seq from 3267 to 3272
Skipped Seq from 3275 to 3277
Skipped Seq from 3292 to 3294
Skipped Seq from 3297 to 3299
Skipped Seq from 3304 to 3306
Skipped Seq from 3308 to 3310
Skipped Seq from 3311 to 3313
Skipped Seq from 3320 to 3323
Skipped Seq from 3324 to 3328
Skipped Seq from 3328 to 3330
Skipped Seq from 3336 to 3338
Skipped Seq from 3340 to 3343
Skipped Seq from 3345 to 3347
Skipped Seq from 3357 to 3360
Skipped Seq from 3360 to 3362
Skipped Seq from 3372 to 3376
Skipped Seq from 3377 to 3379
Skipped Seq from 3379 to 3381
Skipped Seq from 3397 to 3400
Skipped Seq from 3400 to 3403
Skipped Seq from 3405 to 3407
Skipped Seq from 3410 to 3412
Skipped Seq from 3415 to 3417
Skipped Seq from 3419 to 3422
Skipped Seq from 3423 to 3426
Skipped Seq from 3432 to 3435
Skipped Seq from 3435 to 3437
Skipped Seq from 3437 to 3439
Skipped Seq from 3440 to 3443
Skipped Seq from 3443 to 3446
Skipped Seq from 3449 to 3453
Skipped Seq from 3454 to 3456
Skipped Seq from 3464 to 3466
Skipped Seq from 3466 to 3468
Skipped Seq from 3468 to 3470
Skipped Seq from 3470 to 3473
Skipped Seq from 3474 to 3476
Skipped Seq from 3478 to 3480
Skipped Seq from 3481 to 3483
Skipped Seq from 3485 to 3487
Skipped Seq from 3488 to 3490
Skipped Seq from 3490 to 3492
Skipped Seq from 3493 to 3498
Skipped Seq from 3500 to 3504
Skipped Seq from 3505 to 3508
Skipped Seq from 3511 to 3513
Skipped Seq from 3513 to 3515
Skipped Seq from 3522 to 3524
Skipped Seq from 3525 to 3527
Skipped Seq from 3527 to 3531
Skipped Seq from 3540 to 3542
Skipped Seq from 3544 to 3550
Skipped Seq from 3553 to 3555
Skipped Seq from 3556 to 3558
Skipped Seq from 3558 to 3560
Skipped Seq from 3563 to 3565
Skipped Seq from 3568 to 3570
Skipped Seq from 3570 to 3572
Skipped Seq from 3576 to 3579
Skipped Seq from 3579 to 3583
Skipped Seq from 3588 to 3590
Skipped Seq from 3594 to 3596
Skipped Seq from 3607 to 3609
Skipped Seq from 3609 to 3611
Skipped Seq from 3611 to 3614
Skipped Seq from 3615 to 3617
Skipped Seq from 3619 to 3622
Skipped Seq from 3623 to 3628
Skipped Seq from 3628 to 3630
Skipped Seq from 3634 to 3636
Skipped Seq from 3639 to 3643
Skipped Seq from 3643 to 3645
Skipped Seq from 3645 to 3650
Skipped Seq from 3654 to 3656
Skipped Seq from 3661 to 3664
Skipped Seq from 3665 to 3667
Skipped Seq from 3674 to 3676
Skipped Seq from 3688 to 3691
Skipped Seq from 3692 to 3695
Skipped Seq from 3695 to 3698
Skipped Seq from 3701 to 3703
Skipped Seq from 3708 to 3711
Skipped Seq from 3711 to 3713
Skipped Seq from 3714 to 3716
Skipped Seq from 3716 to 3718
Skipped Seq from 3718 to 3720
Skipped Seq from 3723 to 3727
Skipped Seq from 3728 to 3730
Skipped Seq from 3735 to 3737
Skipped Seq from 3758 to 3760
Skipped Seq from 3763 to 3766
Skipped Seq from 3766 to 3768
Skipped Seq from 3771 to 3774
Skipped Seq from 3781 to 3783
Skipped Seq from 3793 to 3795
Skipped Seq from 3801 to 3803
Skipped Seq from 3805 to 3810
Skipped Seq from 3812 to 3816
Skipped Seq from 3817 to 3819
Skipped Seq from 3821 to 3823
Skipped Seq from 3827 to 3829
Skipped Seq from 3833 to 3835
Skipped Seq from 3847 to 3850
Skipped Seq from 3866 to 3868
Skipped Seq from 3882 to 3884
Skipped Seq from 3884 to 3887
Skipped Seq from 3898 to 3900
Skipped Seq from 3901 to 3903
Skipped Seq from 3905 to 3909
Skipped Seq from 3909 to 3911
Skipped Seq from 3912 to 3917
Skipped Seq from 3919 to 3923
Skipped Seq from 3924 to 3926
Skipped Seq from 3930 to 3933
Skipped Seq from 3934 to 3936
Skipped Seq from 3940 to 3943
Skipped Seq from 3943 to 3945
Skipped Seq from 3946 to 3948
Skipped Seq from 3955 to 3957
Skipped Seq from 3963 to 3965
Skipped Seq from 3970 to 3972
Skipped Seq from 3977 to 3979
Skipped Seq from 3980 to 3984
Skipped Seq from 3988 to 3990
Skipped Seq from 3992 to 3994
Skipped Seq from 4007 to 4012
Skipped Seq from 4013 to 4016
Skipped Seq from 4022 to 4024
Skipped Seq from 4028 to 4031
Skipped Seq from 4039 to 4041
Skipped Seq from 4043 to 4045
Skipped Seq from 4045 to 4049
Skipped Seq from 4052 to 4055
Skipped Seq from 4057 to 4059
Skipped Seq from 4059 to 4061
Skipped Seq from 4062 to 4064
Skipped Seq from 4068 to 4070
Skipped Seq from 4070 to 4072
Skipped Seq from 4085 to 4087
Skipped Seq from 4097 to 4099
Skipped Seq from 4101 to 4103
Skipped Seq from 4106 to 4109
Skipped Seq from 4109 to 4111
Skipped Seq from 4111 to 4113
Skipped Seq from 15981 to 15983
Skipped Seq from 15983 to 15985
Skipped Seq from 15987 to 15989
Skipped Seq from 15991 to 15993
Skipped Seq from 15995 to 15997
Skipped Seq from 15998 to 16001
Skipped Seq from 16009 to 16012
Skipped Seq from 16012 to 16014
Skipped Seq from 16014 to 16016
Skipped Seq from 16016 to 16018
Skipped Seq from 16041 to 16044
Skipped Seq from 16057 to 16059
Skipped Seq from 16066 to 16068
Skipped Seq from 16069 to 16072
Skipped Seq from 16075 to 16077
Skipped Seq from 16080 to 16083
Skipped Seq from 16083 to 16085
Skipped Seq from 16085 to 16087
Skipped Seq from 16089 to 16092
Skipped Seq from 16093 to 16095
Skipped Seq from 16097 to 16100
Skipped Seq from 16102 to 16104
Skipped Seq from 16115 to 16117
Skipped Seq from 16119 to 16121
Skipped Seq from 16129 to 16131
Skipped Seq from 16138 to 16141
Skipped Seq from 16142 to 16144
Skipped Seq from 16144 to 16147
Skipped Seq from 16148 to 16151
Skipped Seq from 16161 to 16163
Skipped Seq from 16164 to 16166
Skipped Seq from 16166 to 16168
Skipped Seq from 16174 to 16176
Skipped Seq from 16179 to 16182
Skipped Seq from 16182 to 16185
Skipped Seq from 16192 to 16194
Skipped Seq from 16197 to 16199
Skipped Seq from 16201 to 16204
Skipped Seq from 16204 to 16206
Skipped Seq from 16208 to 16210
Skipped Seq from 16238 to 16240
Skipped Seq from 16240 to 16243
Skipped Seq from 16246 to 16248
Skipped Seq from 16253 to 16255
Skipped Seq from 16262 to 16264
Skipped Seq from 16293 to 16295
Skipped Seq from 16311 to 16314
Skipped Seq from 16319 to 16322
Skipped Seq from 16323 to 16325
Skipped Seq from 16325 to 16327
Skipped Seq from 16327 to 16329
Skipped Seq from 16330 to 16333
Skipped Seq from 16333 to 16335
Skipped Seq from 16347 to 16349
Skipped Seq from 16361 to 16364
Skipped Seq from 16384 to 16388
Skipped Seq from 16388 to 16390
Skipped Seq from 16391 to 16393
Skipped Seq from 16393 to 16395
Skipped Seq from 16395 to 16398
Skipped Seq from 16399 to 16401
Skipped Seq from 16401 to 16403
Skipped Seq from 16406 to 16408
Skipped Seq from 16411 to 16413
Skipped Seq from 16413 to 16415
Skipped Seq from 16419 to 16421
Skipped Seq from 16426 to 16428
Skipped Seq from 16432 to 16434
Skipped Seq from 16434 to 16437
Skipped Seq from 16438 to 16440
Skipped Seq from 16446 to 16448
Skipped Seq from 16453 to 16455
Skipped Seq from 16459 to 16461
Skipped Seq from 16461 to 16463
Skipped Seq from 16466 to 16469
Skipped Seq from 16469 to 16471
Skipped Seq from 16471 to 16473
Skipped Seq from 16473 to 16475
Skipped Seq from 16475 to 16477
Skipped Seq from 16478 to 16481
Skipped Seq from 16493 to 16497
Skipped Seq from 16497 to 16499
Skipped Seq from 16499 to 16501
Skipped Seq from 16502 to 16504
Skipped Seq from 16505 to 16507
Skipped Seq from 16516 to 16519
Skipped Seq from 16519 to 16521
Skipped Seq from 16521 to 16524
Skipped Seq from 16527 to 16529
Skipped Seq from 16533 to 16535
Skipped Seq from 16538 to 16540
Skipped Seq from 16541 to 16543
Skipped Seq from 16548 to 16550
Skipped Seq from 16550 to 16552
Skipped Seq from 16558 to 16560
Skipped Seq from 16567 to 16569
Skipped Seq from 16570 to 16572
Skipped Seq from 16574 to 16576
Skipped Seq from 16578 to 16580
Skipped Seq from 16584 to 16586
Skipped Seq from 16587 to 16589
Skipped Seq from 16598 to 16600
Skipped Seq from 16600 to 16603
Skipped Seq from 16605 to 16608
Skipped Seq from 16621 to 16623
Skipped Seq from 16623 to 16625
Skipped Seq from 16629 to 16631
Skipped Seq from 16631 to 16633
Skipped Seq from 16634 to 16636
Skipped Seq from 16636 to 16638
Skipped Seq from 16640 to 16643
Skipped Seq from 16643 to 16645
Skipped Seq from 16664 to 16666
Skipped Seq from 16671 to 16673
Skipped Seq from 16674 to 16676
Skipped Seq from 16676 to 16679
Skipped Seq from 16679 to 16681
Skipped Seq from 16682 to 16684
Skipped Seq from 16699 to 16702
Skipped Seq from 16704 to 16706
Skipped Seq from 16707 to 16709
Skipped Seq from 16711 to 16713
Skipped Seq from 16716 to 16718
Skipped Seq from 16719 to 16721
Skipped Seq from 16721 to 16724
Skipped Seq from 16727 to 16729
Skipped Seq from 16733 to 16735
Skipped Seq from 16736 to 16739
Skipped Seq from 16739 to 16741
Skipped Seq from 16741 to 16743
Skipped Seq from 16746 to 16748
Skipped Seq from 16753 to 16755
Skipped Seq from 16755 to 16758
Skipped Seq from 16762 to 16766
Skipped Seq from 16768 to 16770
Skipped Seq from 16773 to 16775
Skipped Seq from 16778 to 16780
Skipped Seq from 16782 to 16784
Skipped Seq from 16785 to 16789
Skipped Seq from 16790 to 16792
Skipped Seq from 16793 to 16796
Skipped Seq from 16797 to 16799
Skipped Seq from 16799 to 16801
Skipped Seq from 16802 to 16805
Skipped Seq from 16806 to 16809
Skipped Seq from 16810 to 16812
Skipped Seq from 16813 to 16815
Skipped Seq from 16816 to 16818
Skipped Seq from 16818 to 16821
Skipped Seq from 16822 to 16825
Skipped Seq from 16825 to 16827
Skipped Seq from 16827 to 16830
Skipped Seq from 16831 to 16833
Skipped Seq from 16834 to 16836
Skipped Seq from 16837 to 16840
Skipped Seq from 16845 to 16848
Skipped Seq from 16848 to 16851
Skipped Seq from 16853 to 16855
Skipped Seq from 16857 to 16860
Skipped Seq from 16862 to 16864
Skipped Seq from 16866 to 16868
Skipped Seq from 16889 to 16891
Skipped Seq from 16895 to 16897
Skipped Seq from 16897 to 16899
Skipped Seq from 16902 to 16904
Skipped Seq from 16904 to 16906
Skipped Seq from 16908 to 16910
Skipped Seq from 16911 to 16913
Skipped Seq from 16913 to 16916
Skipped Seq from 16917 to 16919
Skipped Seq from 16921 to 16925
Skipped Seq from 16925 to 16927
Skipped Seq from 16929 to 16931
Skipped Seq from 16931 to 16934
Skipped Seq from 16938 to 16941
Skipped Seq from 16942 to 16944
Skipped Seq from 16944 to 16947
Skipped Seq from 16947 to 16949
Skipped Seq from 16951 to 16953
Skipped Seq from 16954 to 16957
Skipped Seq from 16959 to 16961
Skipped Seq from 16967 to 16969
Skipped Seq from 16970 to 16972
Skipped Seq from 16975 to 16977
Skipped Seq from 16980 to 16982
Skipped Seq from 16989 to 16991
Skipped Seq from 16991 to 16993
Skipped Seq from 16993 to 16995
Skipped Seq from 17002 to 17004
Skipped Seq from 17013 to 17016
Skipped Seq from 17016 to 17019
Skipped Seq from 17021 to 17023
Skipped Seq from 17030 to 17032
Skipped Seq from 17035 to 17039
Skipped Seq from 17039 to 17042
Skipped Seq from 17044 to 17047
Skipped Seq from 17047 to 17049
Skipped Seq from 17049 to 17051
Skipped Seq from 17051 to 17053
Skipped Seq from 17053 to 17056
Skipped Seq from 17057 to 17061
Skipped Seq from 17062 to 17064
Skipped Seq from 17066 to 17069
Skipped Seq from 17089 to 17091
Skipped Seq from 17101 to 17103
Skipped Seq from 17109 to 17113
Skipped Seq from 17116 to 17119
Skipped Seq from 17120 to 17124
Skipped Seq from 17125 to 17127
Skipped Seq from 17128 to 17130
Skipped Seq from 17130 to 17133
Skipped Seq from 17133 to 17135
Skipped Seq from 17135 to 17137
Skipped Seq from 17144 to 17146
Skipped Seq from 17146 to 17149
Skipped Seq from 17152 to 17156
Skipped Seq from 17156 to 17158
Skipped Seq from 17159 to 17161
Skipped Seq from 17161 to 17164
Skipped Seq from 17167 to 17169
Skipped Seq from 17170 to 17172
Skipped Seq from 17174 to 17178
Skipped Seq from 17178 to 17180
Skipped Seq from 17184 to 17188
Skipped Seq from 17189 to 17193
Skipped Seq from 17195 to 17197
Skipped Seq from 17199 to 17201
Skipped Seq from 17202 to 17204
Skipped Seq from 17205 to 17207
Skipped Seq from 17209 to 17212
Skipped Seq from 17213 to 17216
Skipped Seq from 17224 to 17227
Skipped Seq from 17231 to 17234
Skipped Seq from 17248 to 17252
Skipped Seq from 17252 to 17256
Skipped Seq from 17259 to 17262
Skipped Seq from 17262 to 17266
Skipped Seq from 17266 to 17268
Skipped Seq from 17271 to 17276
Skipped Seq from 17278 to 17280
Skipped Seq from 17280 to 17282
Skipped Seq from 17289 to 17292
Skipped Seq from 17294 to 17297
Skipped Seq from 17297 to 17300
Skipped Seq from 17304 to 17306
Skipped Seq from 17309 to 17311
Skipped Seq from 17311 to 17314
Skipped Seq from 17326 to 17329
Skipped Seq from 17329 to 17332
Skipped Seq from 17334 to 17337
Skipped Seq from 17337 to 17340
Skipped Seq from 17340 to 17342
Skipped Seq from 17342 to 17344
Skipped Seq from 17347 to 17349
Skipped Seq from 17349 to 17351
Skipped Seq from 17352 to 17355
Skipped Seq from 17355 to 17358
Skipped Seq from 17358 to 17360
Skipped Seq from 17372 to 17376
Skipped Seq from 17378 to 17381
Skipped Seq from 17382 to 17384
Skipped Seq from 17388 to 17392
Skipped Seq from 17392 to 17394
Skipped Seq from 17395 to 17397
Skipped Seq from 17406 to 17408
Skipped Seq from 17412 to 17414
Skipped Seq from 17421 to 17423
Skipped Seq from 17432 to 17434
Skipped Seq from 17440 to 17442
Skipped Seq from 17445 to 17448
Skipped Seq from 17449 to 17451
Skipped Seq from 17451 to 17454
Skipped Seq from 17462 to 17464
Skipped Seq from 17465 to 17468
Skipped Seq from 17469 to 17471
Skipped Seq from 17471 to 17474
Skipped Seq from 17474 to 17476
Skipped Seq from 17478 to 17480
Skipped Seq from 17481 to 17485
Skipped Seq from 17485 to 17487
Skipped Seq from 17488 to 17490
Skipped Seq from 17490 to 17495
Skipped Seq from 17497 to 17499
Skipped Seq from 17499 to 17503
Skipped Seq from 17504 to 17506
Skipped Seq from 17507 to 17509
Skipped Seq from 17509 to 17512
Skipped Seq from 17512 to 17514
Skipped Seq from 17514 to 17516
Skipped Seq from 17516 to 17518
Skipped Seq from 17520 to 17522
Skipped Seq from 17523 to 17525
Skipped Seq from 17525 to 17527
Skipped Seq from 17528 to 17530
Skipped Seq from 17530 to 17533
Skipped Seq from 17533 to 17535
Skipped Seq from 17536 to 17539
Skipped Seq from 17548 to 17551
Skipped Seq from 17552 to 17555
Skipped Seq from 17556 to 17558
Skipped Seq from 17560 to 17563
Skipped Seq from 17563 to 17565
Skipped Seq from 17566 to 17569
Skipped Seq from 17580 to 17582
Skipped Seq from 17594 to 17597
Skipped Seq from 17598 to 17600
Skipped Seq from 17600 to 17602
Skipped Seq from 17604 to 17607
Skipped Seq from 17615 to 17617
Skipped Seq from 17618 to 17622
Skipped Seq from 17623 to 17625
Skipped Seq from 17625 to 17628
Skipped Seq from 17629 to 17633
Skipped Seq from 17634 to 17637
Skipped Seq from 17638 to 17640
Skipped Seq from 17640 to 17642
Skipped Seq from 17649 to 17652
Skipped Seq from 17652 to 17654
Skipped Seq from 17654 to 17656
Skipped Seq from 17656 to 17659
Skipped Seq from 17670 to 17672
Skipped Seq from 17676 to 17678
Skipped Seq from 17680 to 17682
Skipped Seq from 17682 to 17685
Skipped Seq from 17687 to 17689
Skipped Seq from 17689 to 17691
Skipped Seq from 17692 to 17694
Skipped Seq from 17698 to 17700
Skipped Seq from 17702 to 17705
Skipped Seq from 17705 to 17708
Skipped Seq from 17709 to 17712
Skipped Seq from 17714 to 17718
Skipped Seq from 17718 to 17722
Skipped Seq from 17731 to 17733
Skipped Seq from 17733 to 17735
Skipped Seq from 17737 to 17739
Skipped Seq from 17747 to 17749
Skipped Seq from 17749 to 17751
Skipped Seq from 17752 to 17754
Number of times throttled: 6
Received: 22256 / 23220 packets
Start time: 1315209745.126993
End time: 1315209772.438044
Duration: 27.311051
