Sep 05 03:12:47|00001|openflowd|INFO|Open vSwitch version 1.1.0pre2
Sep 05 03:12:47|00002|openflowd|INFO|OpenFlow protocol version 0x01
Sep 05 03:12:47|00003|ofproto|INFO|using datapath ID 0000002320b2d120
Sep 05 03:12:47|00004|ofproto|INFO|datapath ID changed to 0000000000000005
Sep 05 03:12:47|00005|rconn|INFO|dp4<->tcp:127.0.0.1:6633: connecting...
Sep 05 03:12:47|00006|rconn|WARN|dp4<->tcp:127.0.0.1:6633: connection failed (Connection refused)
Sep 05 03:12:47|00007|rconn|INFO|dp4<->tcp:127.0.0.1:6633: waiting 1 seconds before reconnect
Sep 05 03:12:47|00008|rconn|INFO|dp4<->tcp:127.0.0.1:6633: connecting...
Sep 05 03:12:47|00009|rconn|WARN|dp4<->tcp:127.0.0.1:6633: connection failed (Connection refused)
Sep 05 03:12:47|00010|rconn|INFO|dp4<->tcp:127.0.0.1:6633: waiting 2 seconds before reconnect
Sep 05 03:12:49|00011|rconn|INFO|dp4<->tcp:127.0.0.1:6633: connecting...
Sep 05 03:12:49|00012|rconn|INFO|dp4<->tcp:127.0.0.1:6633: connected
Sep 05 03:12:49|00013|ofp_util|WARN|received Nicira extension message of unknown type 8
Sep 05 03:12:49|00014|ofp_util|INFO|normalization changed ofp_match, details:
Sep 05 03:12:49|00015|ofp_util|INFO| pre: wildcards=0xffffffff  in_port=    0  dl_src=00:00:c8:f5:ee:09  dl_dst=60:73:06:08:04:00  dl_vlan=  256  dl_vlan_pcp=  0  dl_type=     0  nw_tos=0x80  nw_proto=0x9f  nw_src=         0  nw_dst=0x70f4ee09  tp_src=26678  tp_dst=46345
Sep 05 03:12:49|00016|ofp_util|INFO|post: wildcards= 0x23fffff  in_port=    0  dl_src=00:00:00:00:00:00  dl_dst=00:00:00:00:00:00  dl_vlan=  256  dl_vlan_pcp=  0  dl_type=     0  nw_tos=   0  nw_proto=   0  nw_src=         0  nw_dst=         0  tp_src=    0  tp_dst=    0
Sep 05 03:12:58|00017|ofp_util|INFO|normalization changed ofp_match, details:
Sep 05 03:12:58|00018|ofp_util|INFO| pre: wildcards=      0x30  in_port=    6  dl_src=00:00:00:00:00:12  dl_dst=00:00:00:00:00:1e  dl_vlan=65535  dl_vlan_pcp=  0  dl_type=     0  nw_tos=   0  nw_proto=   0  nw_src= 0xa000012  nw_dst= 0xa00001e  tp_src= 1234  tp_dst=38093
Sep 05 03:12:58|00019|ofp_util|INFO|post: wildcards=  0x2ffff0  in_port=    6  dl_src=00:00:00:00:00:12  dl_dst=00:00:00:00:00:1e  dl_vlan=65535  dl_vlan_pcp=  0  dl_type=     0  nw_tos=   0  nw_proto=   0  nw_src=         0  nw_dst=         0  tp_src=    0  tp_dst=    0
Sep 05 03:12:58|00020|ofp_util|INFO|normalization changed ofp_match, details:
Sep 05 03:12:58|00021|ofp_util|INFO| pre: wildcards=      0x30  in_port=    6  dl_src=00:00:00:00:00:12  dl_dst=00:00:00:00:00:1e  dl_vlan=65535  dl_vlan_pcp=  0  dl_type=     0  nw_tos=   0  nw_proto=   0  nw_src= 0xa000012  nw_dst= 0xa00001e  tp_src= 1234  tp_dst=38093
Sep 05 03:12:58|00022|ofp_util|INFO|post: wildcards=  0x2ffff0  in_port=    6  dl_src=00:00:00:00:00:12  dl_dst=00:00:00:00:00:1e  dl_vlan=65535  dl_vlan_pcp=  0  dl_type=     0  nw_tos=   0  nw_proto=   0  nw_src=         0  nw_dst=         0  tp_src=    0  tp_dst=    0
Sep 05 03:13:15|00023|ofp_util|INFO|normalization changed ofp_match, details:
Sep 05 03:13:15|00024|ofp_util|INFO| pre: wildcards=      0x30  in_port=    7  dl_src=00:00:00:00:00:16  dl_dst=00:00:00:00:00:20  dl_vlan=65535  dl_vlan_pcp=  0  dl_type=     0  nw_tos=   0  nw_proto=   0  nw_src= 0xa000016  nw_dst= 0xa000020  tp_src= 1234  tp_dst=58510
Sep 05 03:13:15|00025|ofp_util|INFO|post: wildcards=  0x2ffff0  in_port=    7  dl_src=00:00:00:00:00:16  dl_dst=00:00:00:00:00:20  dl_vlan=65535  dl_vlan_pcp=  0  dl_type=     0  nw_tos=   0  nw_proto=   0  nw_src=         0  nw_dst=         0  tp_src=    0  tp_dst=    0
Sep 05 03:14:23|00026|ofp_util|INFO|Dropped 9 log messages in last 68 seconds due to excessive rate
Sep 05 03:14:23|00027|ofp_util|INFO|normalization changed ofp_match, details:
Sep 05 03:14:23|00028|ofp_util|INFO| pre: wildcards=      0x30  in_port=    8  dl_src=00:00:00:00:00:19  dl_dst=00:00:00:00:00:1f  dl_vlan=65535  dl_vlan_pcp=  0  dl_type=     0  nw_tos=   0  nw_proto=   0  nw_src= 0xa000019  nw_dst= 0xa00001f  tp_src= 1234  tp_dst=56857
Sep 05 03:14:23|00029|ofp_util|INFO|post: wildcards=  0x2ffff0  in_port=    8  dl_src=00:00:00:00:00:19  dl_dst=00:00:00:00:00:1f  dl_vlan=65535  dl_vlan_pcp=  0  dl_type=     0  nw_tos=   0  nw_proto=   0  nw_src=         0  nw_dst=         0  tp_src=    0  tp_dst=    0
Sep 05 03:14:55|00030|ofp_util|INFO|Dropped 1 log messages in last 32 seconds due to excessive rate
Sep 05 03:14:55|00031|ofp_util|INFO|normalization changed ofp_match, details:
Sep 05 03:14:55|00032|ofp_util|INFO| pre: wildcards=      0x30  in_port=    5  dl_src=00:00:00:00:00:10  dl_dst=00:00:00:00:00:1f  dl_vlan=65535  dl_vlan_pcp=  0  dl_type=     0  nw_tos=0xc0  nw_proto=   0  nw_src= 0xa000010  nw_dst= 0xa00001f  tp_src=    3  tp_dst=    3
Sep 05 03:14:55|00033|ofp_util|INFO|post: wildcards=  0x2ffff0  in_port=    5  dl_src=00:00:00:00:00:10  dl_dst=00:00:00:00:00:1f  dl_vlan=65535  dl_vlan_pcp=  0  dl_type=     0  nw_tos=   0  nw_proto=   0  nw_src=         0  nw_dst=         0  tp_src=    0  tp_dst=    0
Sep 05 03:16:13|00034|ofp_util|INFO|Dropped 7 log messages in last 63 seconds due to excessive rate
Sep 05 03:16:13|00035|ofp_util|INFO|normalization changed ofp_match, details:
Sep 05 03:16:13|00036|ofp_util|INFO| pre: wildcards=      0x30  in_port=    8  dl_src=00:00:00:00:00:1a  dl_dst=00:00:00:00:00:1f  dl_vlan=65535  dl_vlan_pcp=  0  dl_type=     0  nw_tos=   0  nw_proto=   0  nw_src= 0xa00001a  nw_dst= 0xa00001f  tp_src= 1236  tp_dst=50904
Sep 05 03:16:13|00037|ofp_util|INFO|post: wildcards=  0x2ffff0  in_port=    8  dl_src=00:00:00:00:00:1a  dl_dst=00:00:00:00:00:1f  dl_vlan=65535  dl_vlan_pcp=  0  dl_type=     0  nw_tos=   0  nw_proto=   0  nw_src=         0  nw_dst=         0  tp_src=    0  tp_dst=    0
Sep 05 03:16:58|00038|ofp_util|INFO|Dropped 11 log messages in last 46 seconds due to excessive rate
Sep 05 03:16:58|00039|ofp_util|INFO|normalization changed ofp_match, details:
Sep 05 03:16:58|00040|ofp_util|INFO| pre: wildcards=      0x30  in_port=    8  dl_src=00:00:00:00:00:11  dl_dst=00:00:00:00:00:20  dl_vlan=65535  dl_vlan_pcp=  0  dl_type=     0  nw_tos= 0x4  nw_proto=   0  nw_src= 0xa000011  nw_dst= 0xa000020  tp_src= 1234  tp_dst=37645
Sep 05 03:16:58|00041|ofp_util|INFO|post: wildcards=  0x2ffff0  in_port=    8  dl_src=00:00:00:00:00:11  dl_dst=00:00:00:00:00:20  dl_vlan=65535  dl_vlan_pcp=  0  dl_type=     0  nw_tos=   0  nw_proto=   0  nw_src=         0  nw_dst=         0  tp_src=    0  tp_dst=    0
Sep 05 03:18:41|00042|ofp_util|INFO|Dropped 9 log messages in last 102 seconds due to excessive rate
Sep 05 03:18:41|00043|ofp_util|INFO|normalization changed ofp_match, details:
Sep 05 03:18:41|00044|ofp_util|INFO| pre: wildcards=      0x30  in_port=    7  dl_src=00:00:00:00:00:15  dl_dst=00:00:00:00:00:1f  dl_vlan=65535  dl_vlan_pcp=  0  dl_type=     0  nw_tos=   0  nw_proto=   0  nw_src= 0xa000015  nw_dst= 0xa00001f  tp_src= 1236  tp_dst=33084
Sep 05 03:18:41|00045|ofp_util|INFO|post: wildcards=  0x2ffff0  in_port=    7  dl_src=00:00:00:00:00:15  dl_dst=00:00:00:00:00:1f  dl_vlan=65535  dl_vlan_pcp=  0  dl_type=     0  nw_tos=   0  nw_proto=   0  nw_src=         0  nw_dst=         0  tp_src=    0  tp_dst=    0
Sep 05 03:19:00|00046|ofp_util|INFO|Dropped 1 log messages in last 20 seconds due to excessive rate
Sep 05 03:19:00|00047|ofp_util|INFO|normalization changed ofp_match, details:
Sep 05 03:19:00|00048|ofp_util|INFO| pre: wildcards=      0x30  in_port=    8  dl_src=00:00:00:00:00:19  dl_dst=00:00:00:00:00:1e  dl_vlan=65535  dl_vlan_pcp=  0  dl_type=     0  nw_tos=   0  nw_proto=   0  nw_src= 0xa000019  nw_dst= 0xa00001e  tp_src= 1237  tp_dst=56823
Sep 05 03:19:00|00049|ofp_util|INFO|post: wildcards=  0x2ffff0  in_port=    8  dl_src=00:00:00:00:00:19  dl_dst=00:00:00:00:00:1e  dl_vlan=65535  dl_vlan_pcp=  0  dl_type=     0  nw_tos=   0  nw_proto=   0  nw_src=         0  nw_dst=         0  tp_src=    0  tp_dst=    0
Sep 05 03:20:06|00050|ofp_util|INFO|Dropped 12 log messages in last 66 seconds due to excessive rate
Sep 05 03:20:06|00051|ofp_util|INFO|normalization changed ofp_match, details:
Sep 05 03:20:06|00052|ofp_util|INFO| pre: wildcards=      0x30  in_port=    7  dl_src=00:00:00:00:00:17  dl_dst=00:00:00:00:00:1e  dl_vlan=65535  dl_vlan_pcp=  0  dl_type=     0  nw_tos=   0  nw_proto=   0  nw_src= 0xa000017  nw_dst= 0xa00001e  tp_src= 1237  tp_dst=45077
Sep 05 03:20:06|00053|ofp_util|INFO|post: wildcards=  0x2ffff0  in_port=    7  dl_src=00:00:00:00:00:17  dl_dst=00:00:00:00:00:1e  dl_vlan=65535  dl_vlan_pcp=  0  dl_type=     0  nw_tos=   0  nw_proto=   0  nw_src=         0  nw_dst=         0  tp_src=    0  tp_dst=    0
Sep 05 03:21:20|00054|ofp_util|INFO|Dropped 8 log messages in last 74 seconds due to excessive rate
Sep 05 03:21:20|00055|ofp_util|INFO|normalization changed ofp_match, details:
Sep 05 03:21:20|00056|ofp_util|INFO| pre: wildcards=      0x30  in_port=    6  dl_src=00:00:00:00:00:13  dl_dst=00:00:00:00:00:1d  dl_vlan=65535  dl_vlan_pcp=  0  dl_type=     0  nw_tos=   0  nw_proto=   0  nw_src= 0xa000013  nw_dst= 0xa00001d  tp_src= 1239  tp_dst=60253
Sep 05 03:21:20|00057|ofp_util|INFO|post: wildcards=  0x2ffff0  in_port=    6  dl_src=00:00:00:00:00:13  dl_dst=00:00:00:00:00:1d  dl_vlan=65535  dl_vlan_pcp=  0  dl_type=     0  nw_tos=   0  nw_proto=   0  nw_src=         0  nw_dst=         0  tp_src=    0  tp_dst=    0
Sep 05 03:22:22|00058|ofp_util|INFO|Dropped 1 log messages in last 61 seconds due to excessive rate
Sep 05 03:22:22|00059|ofp_util|INFO|normalization changed ofp_match, details:
Sep 05 03:22:22|00060|ofp_util|INFO| pre: wildcards=      0x30  in_port=    6  dl_src=00:00:00:00:00:11  dl_dst=00:00:00:00:00:20  dl_vlan=65535  dl_vlan_pcp=  0  dl_type=     0  nw_tos=   0  nw_proto=   0  nw_src= 0xa000011  nw_dst= 0xa000020  tp_src= 1237  tp_dst=47068
Sep 05 03:22:22|00061|ofp_util|INFO|post: wildcards=  0x2ffff0  in_port=    6  dl_src=00:00:00:00:00:11  dl_dst=00:00:00:00:00:20  dl_vlan=65535  dl_vlan_pcp=  0  dl_type=     0  nw_tos=   0  nw_proto=   0  nw_src=         0  nw_dst=         0  tp_src=    0  tp_dst=    0
Sep 05 03:22:59|00062|ofp_util|INFO|Dropped 3 log messages in last 37 seconds due to excessive rate
Sep 05 03:22:59|00063|ofp_util|INFO|normalization changed ofp_match, details:
Sep 05 03:22:59|00064|ofp_util|INFO| pre: wildcards=      0x30  in_port=    5  dl_src=00:00:00:00:00:10  dl_dst=00:00:00:00:00:20  dl_vlan=65535  dl_vlan_pcp=  0  dl_type=     0  nw_tos=   0  nw_proto=   0  nw_src= 0xa000010  nw_dst= 0xa000020  tp_src= 1239  tp_dst=43429
Sep 05 03:22:59|00065|ofp_util|INFO|post: wildcards=  0x2ffff0  in_port=    5  dl_src=00:00:00:00:00:10  dl_dst=00:00:00:00:00:20  dl_vlan=65535  dl_vlan_pcp=  0  dl_type=     0  nw_tos=   0  nw_proto=   0  nw_src=         0  nw_dst=         0  tp_src=    0  tp_dst=    0
Sep 05 03:24:22|00066|ofp_util|INFO|Dropped 3 log messages in last 83 seconds due to excessive rate
Sep 05 03:24:22|00067|ofp_util|INFO|normalization changed ofp_match, details:
Sep 05 03:24:22|00068|ofp_util|INFO| pre: wildcards=      0x30  in_port=    5  dl_src=00:00:00:00:00:0d  dl_dst=00:00:00:00:00:1f  dl_vlan=65535  dl_vlan_pcp=  0  dl_type=     0  nw_tos=   0  nw_proto=   0  nw_src= 0xa00000d  nw_dst= 0xa00001f  tp_src= 1238  tp_dst=60785
Sep 05 03:24:22|00069|ofp_util|INFO|post: wildcards=  0x2ffff0  in_port=    5  dl_src=00:00:00:00:00:0d  dl_dst=00:00:00:00:00:1f  dl_vlan=65535  dl_vlan_pcp=  0  dl_type=     0  nw_tos=   0  nw_proto=   0  nw_src=         0  nw_dst=         0  tp_src=    0  tp_dst=    0
Sep 05 03:25:07|00070|ofp_util|INFO|Dropped 3 log messages in last 45 seconds due to excessive rate
Sep 05 03:25:07|00071|ofp_util|INFO|normalization changed ofp_match, details:
Sep 05 03:25:07|00072|ofp_util|INFO| pre: wildcards=      0x30  in_port=    6  dl_src=00:00:00:00:00:11  dl_dst=00:00:00:00:00:1e  dl_vlan=65535  dl_vlan_pcp=  0  dl_type=     0  nw_tos=   0  nw_proto=   0  nw_src= 0xa000011  nw_dst= 0xa00001e  tp_src= 1238  tp_dst=48358
Sep 05 03:25:07|00073|ofp_util|INFO|post: wildcards=  0x2ffff0  in_port=    6  dl_src=00:00:00:00:00:11  dl_dst=00:00:00:00:00:1e  dl_vlan=65535  dl_vlan_pcp=  0  dl_type=     0  nw_tos=   0  nw_proto=   0  nw_src=         0  nw_dst=         0  tp_src=    0  tp_dst=    0
Sep 05 03:25:54|00074|ofp_util|INFO|Dropped 4 log messages in last 48 seconds due to excessive rate
Sep 05 03:25:54|00075|ofp_util|INFO|normalization changed ofp_match, details:
Sep 05 03:25:54|00076|ofp_util|INFO| pre: wildcards=      0x30  in_port=    8  dl_src=00:00:00:00:00:1a  dl_dst=00:00:00:00:00:20  dl_vlan=65535  dl_vlan_pcp=  0  dl_type=     0  nw_tos=   0  nw_proto=   0  nw_src= 0xa00001a  nw_dst= 0xa000020  tp_src= 1240  tp_dst=37949
Sep 05 03:25:54|00077|ofp_util|INFO|post: wildcards=  0x2ffff0  in_port=    8  dl_src=00:00:00:00:00:1a  dl_dst=00:00:00:00:00:20  dl_vlan=65535  dl_vlan_pcp=  0  dl_type=     0  nw_tos=   0  nw_proto=   0  nw_src=         0  nw_dst=         0  tp_src=    0  tp_dst=    0
Sep 05 03:27:02|00078|ofp_util|INFO|Dropped 6 log messages in last 68 seconds due to excessive rate
Sep 05 03:27:02|00079|ofp_util|INFO|normalization changed ofp_match, details:
Sep 05 03:27:02|00080|ofp_util|INFO| pre: wildcards=      0x30  in_port=    7  dl_src=00:00:00:00:00:16  dl_dst=00:00:00:00:00:20  dl_vlan=65535  dl_vlan_pcp=  0  dl_type=     0  nw_tos= 0x4  nw_proto=   0  nw_src= 0xa000016  nw_dst= 0xa000020  tp_src= 1241  tp_dst=55553
Sep 05 03:27:02|00081|ofp_util|INFO|post: wildcards=  0x2ffff0  in_port=    7  dl_src=00:00:00:00:00:16  dl_dst=00:00:00:00:00:20  dl_vlan=65535  dl_vlan_pcp=  0  dl_type=     0  nw_tos=   0  nw_proto=   0  nw_src=         0  nw_dst=         0  tp_src=    0  tp_dst=    0
Sep 05 03:28:07|00082|ofp_util|INFO|Dropped 16 log messages in last 64 seconds due to excessive rate
Sep 05 03:28:07|00083|ofp_util|INFO|normalization changed ofp_match, details:
Sep 05 03:28:07|00084|ofp_util|INFO| pre: wildcards=      0x30  in_port=    5  dl_src=00:00:00:00:00:0d  dl_dst=00:00:00:00:00:1d  dl_vlan=65535  dl_vlan_pcp=  0  dl_type=     0  nw_tos=   0  nw_proto=   0  nw_src= 0xa00000d  nw_dst= 0xa00001d  tp_src= 1240  tp_dst=45496
Sep 05 03:28:07|00085|ofp_util|INFO|post: wildcards=  0x2ffff0  in_port=    5  dl_src=00:00:00:00:00:0d  dl_dst=00:00:00:00:00:1d  dl_vlan=65535  dl_vlan_pcp=  0  dl_type=     0  nw_tos=   0  nw_proto=   0  nw_src=         0  nw_dst=         0  tp_src=    0  tp_dst=    0
Sep 05 03:29:11|00086|ofp_util|INFO|Dropped 8 log messages in last 64 seconds due to excessive rate
Sep 05 03:29:11|00087|ofp_util|INFO|normalization changed ofp_match, details:
Sep 05 03:29:11|00088|ofp_util|INFO| pre: wildcards=      0x30  in_port=    5  dl_src=00:00:00:00:00:0f  dl_dst=00:00:00:00:00:1f  dl_vlan=65535  dl_vlan_pcp=  0  dl_type=     0  nw_tos=   0  nw_proto=   0  nw_src= 0xa00000f  nw_dst= 0xa00001f  tp_src= 1240  tp_dst=53316
Sep 05 03:29:11|00089|ofp_util|INFO|post: wildcards=  0x2ffff0  in_port=    5  dl_src=00:00:00:00:00:0f  dl_dst=00:00:00:00:00:1f  dl_vlan=65535  dl_vlan_pcp=  0  dl_type=     0  nw_tos=   0  nw_proto=   0  nw_src=         0  nw_dst=         0  tp_src=    0  tp_dst=    0
Sep 05 03:30:17|00090|ofp_util|INFO|Dropped 12 log messages in last 66 seconds due to excessive rate
Sep 05 03:30:17|00091|ofp_util|INFO|normalization changed ofp_match, details:
Sep 05 03:30:17|00092|ofp_util|INFO| pre: wildcards=      0x30  in_port=    8  dl_src=00:00:00:00:00:1b  dl_dst=00:00:00:00:00:1d  dl_vlan=65535  dl_vlan_pcp=  0  dl_type=     0  nw_tos=   0  nw_proto=   0  nw_src= 0xa00001b  nw_dst= 0xa00001d  tp_src= 1240  tp_dst=33149
Sep 05 03:30:17|00093|ofp_util|INFO|post: wildcards=  0x2ffff0  in_port=    8  dl_src=00:00:00:00:00:1b  dl_dst=00:00:00:00:00:1d  dl_vlan=65535  dl_vlan_pcp=  0  dl_type=     0  nw_tos=   0  nw_proto=   0  nw_src=         0  nw_dst=         0  tp_src=    0  tp_dst=    0
Sep 05 03:30:59|00094|ofp_util|INFO|Dropped 1 log messages in last 42 seconds due to excessive rate
Sep 05 03:30:59|00095|ofp_util|INFO|normalization changed ofp_match, details:
Sep 05 03:30:59|00096|ofp_util|INFO| pre: wildcards=      0x30  in_port=    6  dl_src=00:00:00:00:00:14  dl_dst=00:00:00:00:00:1d  dl_vlan=65535  dl_vlan_pcp=  0  dl_type=     0  nw_tos=   0  nw_proto=   0  nw_src= 0xa000014  nw_dst= 0xa00001d  tp_src= 1241  tp_dst=40549
Sep 05 03:30:59|00097|ofp_util|INFO|post: wildcards=  0x2ffff0  in_port=    6  dl_src=00:00:00:00:00:14  dl_dst=00:00:00:00:00:1d  dl_vlan=65535  dl_vlan_pcp=  0  dl_type=     0  nw_tos=   0  nw_proto=   0  nw_src=         0  nw_dst=         0  tp_src=    0  tp_dst=    0
Sep 05 03:31:57|00098|ofp_util|INFO|Dropped 10 log messages in last 58 seconds due to excessive rate
Sep 05 03:31:57|00099|ofp_util|INFO|normalization changed ofp_match, details:
Sep 05 03:31:57|00100|ofp_util|INFO| pre: wildcards=      0x30  in_port=    7  dl_src=00:00:00:00:00:15  dl_dst=00:00:00:00:00:1f  dl_vlan=65535  dl_vlan_pcp=  0  dl_type=     0  nw_tos=   0  nw_proto=   0  nw_src= 0xa000015  nw_dst= 0xa00001f  tp_src= 1243  tp_dst=43870
Sep 05 03:31:57|00101|ofp_util|INFO|post: wildcards=  0x2ffff0  in_port=    7  dl_src=00:00:00:00:00:15  dl_dst=00:00:00:00:00:1f  dl_vlan=65535  dl_vlan_pcp=  0  dl_type=     0  nw_tos=   0  nw_proto=   0  nw_src=         0  nw_dst=         0  tp_src=    0  tp_dst=    0
Sep 05 03:32:50|00102|ofp_util|INFO|Dropped 10 log messages in last 53 seconds due to excessive rate
Sep 05 03:32:50|00103|ofp_util|INFO|normalization changed ofp_match, details:
Sep 05 03:32:50|00104|ofp_util|INFO| pre: wildcards=      0x30  in_port=    6  dl_src=00:00:00:00:00:13  dl_dst=00:00:00:00:00:1e  dl_vlan=65535  dl_vlan_pcp=  0  dl_type=     0  nw_tos=   0  nw_proto=   0  nw_src= 0xa000013  nw_dst= 0xa00001e  tp_src= 1244  tp_dst=54052
Sep 05 03:32:50|00105|ofp_util|INFO|post: wildcards=  0x2ffff0  in_port=    6  dl_src=00:00:00:00:00:13  dl_dst=00:00:00:00:00:1e  dl_vlan=65535  dl_vlan_pcp=  0  dl_type=     0  nw_tos=   0  nw_proto=   0  nw_src=         0  nw_dst=         0  tp_src=    0  tp_dst=    0
Sep 05 03:33:39|00106|rconn|INFO|dp4<->tcp:127.0.0.1:6633: connection closed by peer
Sep 05 03:33:39|00107|rconn|INFO|dp4<->tcp:127.0.0.1:6633: connecting...
Sep 05 03:33:39|00108|rconn|WARN|dp4<->tcp:127.0.0.1:6633: connection failed (Connection refused)
Sep 05 03:33:39|00109|rconn|INFO|dp4<->tcp:127.0.0.1:6633: waiting 2 seconds before reconnect
Sep 05 03:33:40|00110|netdev_linux|WARN|ethtool command ETHTOOL_GSET on network device s5-eth1 failed: No such device
Sep 05 03:33:41|00111|netdev_linux|WARN|ethtool command ETHTOOL_GSET on network device s5-eth2 failed: No such device
Sep 05 03:33:41|00112|rconn|INFO|dp4<->tcp:127.0.0.1:6633: connecting...
Sep 05 03:33:41|00113|rconn|WARN|dp4<->tcp:127.0.0.1:6633: connection failed (Connection refused)
Sep 05 03:33:41|00114|rconn|INFO|dp4<->tcp:127.0.0.1:6633: waiting 4 seconds before reconnect
Sep 05 03:33:43|00115|netdev_linux|WARN|ethtool command ETHTOOL_GSET on network device s5-eth3 failed: No such device
Sep 05 03:33:44|00116|netdev_linux|WARN|ethtool command ETHTOOL_GSET on network device s5-eth4 failed: No such device
Sep 05 03:33:45|00117|dpif_linux|WARN|system@dp4: read failed: No such device
Sep 05 03:33:45|00118|ofproto|ERR|system@dp4: datapath was destroyed externally
ovs-openflowd: unrecoverable datapath error (No such device)
