Starting client at 10.0.0.23:1236 with timeout:10
My IP address is 10.0.0.23Skipped Seq from 7361 to 7364
Skipped Seq from 7364 to 7367
Skipped Seq from 7367 to 7369
Skipped Seq from 7372 to 7374
Skipped Seq from 7375 to 7377
Skipped Seq from 7378 to 7380
Skipped Seq from 7382 to 7384
Skipped Seq from 7385 to 7387
Skipped Seq from 7387 to 7389
Skipped Seq from 7391 to 7396
Skipped Seq from 7396 to 7398
Skipped Seq from 7398 to 7404
Skipped Seq from 7405 to 7408
Skipped Seq from 7408 to 7414
Skipped Seq from 7414 to 7417
Skipped Seq from 7418 to 7420
Skipped Seq from 7420 to 7422
Skipped Seq from 7422 to 7424
Skipped Seq from 7424 to 7427
Skipped Seq from 7427 to 7429
Skipped Seq from 7429 to 7431
Skipped Seq from 7431 to 7433
Skipped Seq from 7436 to 7438
Skipped Seq from 7441 to 7443
Skipped Seq from 7445 to 7447
Skipped Seq from 7447 to 7449
Skipped Seq from 7449 to 7451
Skipped Seq from 7455 to 7457
Skipped Seq from 7461 to 7463
Skipped Seq from 7463 to 7465
Skipped Seq from 7465 to 7467
Skipped Seq from 7467 to 7473
Skipped Seq from 7473 to 7476
Skipped Seq from 7476 to 7480
Skipped Seq from 7480 to 7482
Skipped Seq from 7483 to 7485
Skipped Seq from 7485 to 7490
Skipped Seq from 7495 to 7501
Skipped Seq from 7501 to 7504
Skipped Seq from 7505 to 7507
Skipped Seq from 7507 to 7510
Skipped Seq from 7510 to 7514
Skipped Seq from 7514 to 7517
Skipped Seq from 7517 to 7519
Skipped Seq from 7521 to 7524
Skipped Seq from 7525 to 7527
Skipped Seq from 7527 to 7529
Skipped Seq from 7530 to 7532
Skipped Seq from 7534 to 7536
Skipped Seq from 7537 to 7543
Skipped Seq from 7550 to 7554
Skipped Seq from 7554 to 7559
Skipped Seq from 7559 to 7561
Skipped Seq from 7562 to 7567
Skipped Seq from 7569 to 7571
Skipped Seq from 7571 to 7573
Skipped Seq from 7573 to 7578
Skipped Seq from 7578 to 7583
Skipped Seq from 7583 to 7585
Skipped Seq from 7585 to 7589
Skipped Seq from 7597 to 7599
Skipped Seq from 7600 to 7602
Skipped Seq from 7602 to 7605
Skipped Seq from 7605 to 7608
Skipped Seq from 7614 to 7616
Skipped Seq from 7616 to 7618
Skipped Seq from 7618 to 7623
Skipped Seq from 7625 to 7628
Skipped Seq from 7629 to 7631
Skipped Seq from 7631 to 7633
Skipped Seq from 7633 to 7635
Skipped Seq from 7638 to 7640
Skipped Seq from 7641 to 7644
Skipped Seq from 7644 to 7647
Skipped Seq from 7647 to 7649
Skipped Seq from 7654 to 7656
Skipped Seq from 7658 to 7660
Skipped Seq from 7666 to 7668
Skipped Seq from 7673 to 7676
Skipped Seq from 7676 to 7678
Skipped Seq from 7681 to 7683
Skipped Seq from 7689 to 7697
Skipped Seq from 7698 to 7700
Skipped Seq from 7701 to 7703
Skipped Seq from 7703 to 7705
Skipped Seq from 7705 to 7709
Skipped Seq from 7710 to 7712
Skipped Seq from 7713 to 7715
Skipped Seq from 7715 to 7717
Skipped Seq from 7717 to 7721
Skipped Seq from 7723 to 7725
Skipped Seq from 7729 to 7735
Skipped Seq from 7737 to 7741
Skipped Seq from 7741 to 7743
Skipped Seq from 7748 to 7751
Skipped Seq from 7751 to 7756
Skipped Seq from 7756 to 7762
Skipped Seq from 7762 to 7768
Skipped Seq from 7768 to 7772
Skipped Seq from 7776 to 7778
Skipped Seq from 7783 to 7785
Skipped Seq from 7786 to 7788
Skipped Seq from 7790 to 7793
Skipped Seq from 7793 to 7796
Skipped Seq from 7797 to 7802
Skipped Seq from 7802 to 7807
Skipped Seq from 7807 to 7810
Skipped Seq from 7811 to 7813
Skipped Seq from 7814 to 7816
Skipped Seq from 7817 to 7819
Skipped Seq from 7821 to 7823
Skipped Seq from 7823 to 7825
Skipped Seq from 7827 to 7829
Skipped Seq from 7831 to 7839
Skipped Seq from 7841 to 7843
Skipped Seq from 7847 to 7849
Skipped Seq from 7851 to 7853
Skipped Seq from 7854 to 7857
Skipped Seq from 7863 to 7866
Skipped Seq from 7867 to 7869
Skipped Seq from 7869 to 7871
Skipped Seq from 7872 to 7875
Skipped Seq from 7875 to 7878
Skipped Seq from 7878 to 7880
Skipped Seq from 7881 to 7883
Skipped Seq from 7886 to 7888
Skipped Seq from 7889 to 7891
Skipped Seq from 7892 to 7894
Skipped Seq from 7896 to 7898
Skipped Seq from 7899 to 7901
Skipped Seq from 7903 to 7905
Skipped Seq from 7905 to 7907
Skipped Seq from 7913 to 7926
Skipped Seq from 7926 to 7928
Skipped Seq from 7929 to 7931
Skipped Seq from 7934 to 7936
Skipped Seq from 7937 to 7939
Skipped Seq from 7939 to 7941
Skipped Seq from 7941 to 7943
Skipped Seq from 7945 to 7948
Skipped Seq from 7949 to 7953
Skipped Seq from 7953 to 7956
Skipped Seq from 7958 to 7960
Skipped Seq from 7960 to 7963
Skipped Seq from 7963 to 7970
Skipped Seq from 7970 to 7974
Skipped Seq from 7982 to 7984
Skipped Seq from 7988 to 7992
Skipped Seq from 7992 to 7994
Skipped Seq from 7994 to 7996
Skipped Seq from 7996 to 7998
Skipped Seq from 8001 to 8003
Skipped Seq from 8006 to 8008
Skipped Seq from 8010 to 8014
Skipped Seq from 8014 to 8018
Skipped Seq from 8018 to 8020
Skipped Seq from 8024 to 8026
Skipped Seq from 8030 to 8033
Skipped Seq from 8034 to 8041
Skipped Seq from 8041 to 8043
Skipped Seq from 8045 to 8047
Skipped Seq from 8051 to 8057
Skipped Seq from 8057 to 8059
Skipped Seq from 8060 to 8062
Skipped Seq from 8066 to 8068
Skipped Seq from 8072 to 8074
Skipped Seq from 8075 to 8077
Skipped Seq from 8077 to 8079
Skipped Seq from 8080 to 8082
Skipped Seq from 8083 to 8085
Skipped Seq from 8085 to 8088
Skipped Seq from 8091 to 8093
Skipped Seq from 8097 to 8099
Skipped Seq from 8104 to 8106
Skipped Seq from 8115 to 8117
Skipped Seq from 8121 to 8123
Skipped Seq from 8127 to 8130
Skipped Seq from 8130 to 8132
Skipped Seq from 8134 to 8136
Skipped Seq from 8137 to 8139
Skipped Seq from 8142 to 8144
Skipped Seq from 8146 to 8148
Skipped Seq from 8152 to 8154
Skipped Seq from 8157 to 8159
Skipped Seq from 8160 to 8162
Skipped Seq from 8162 to 8164
Skipped Seq from 8166 to 8171
Skipped Seq from 8171 to 8175
Skipped Seq from 8177 to 8179
Skipped Seq from 8180 to 8184
Skipped Seq from 8184 to 8188
Skipped Seq from 8193 to 8196
Skipped Seq from 8196 to 8198
Skipped Seq from 8200 to 8202
Skipped Seq from 8203 to 8205
Skipped Seq from 8205 to 8210
Skipped Seq from 8210 to 8212
Skipped Seq from 8212 to 8214
Skipped Seq from 8215 to 8218
Skipped Seq from 8218 to 8223
Skipped Seq from 8223 to 8227
Skipped Seq from 8227 to 8229
Skipped Seq from 8230 to 8232
Skipped Seq from 8233 to 8235
Skipped Seq from 8235 to 8237
Skipped Seq from 8239 to 8241
Skipped Seq from 8242 to 8244
Skipped Seq from 8244 to 8250
Skipped Seq from 8250 to 8254
Skipped Seq from 8254 to 8257
Skipped Seq from 8257 to 8259
Skipped Seq from 8259 to 8263
Skipped Seq from 8264 to 8266
Skipped Seq from 8268 to 8270
Skipped Seq from 8272 to 8274
Skipped Seq from 8277 to 8282
Skipped Seq from 8282 to 8284
Skipped Seq from 8284 to 8289
Skipped Seq from 8291 to 8293
Skipped Seq from 8297 to 8299
Skipped Seq from 8302 to 8304
Skipped Seq from 8304 to 8306
Skipped Seq from 8307 to 8309
Skipped Seq from 8311 to 8313
Skipped Seq from 8313 to 8315
Skipped Seq from 8316 to 8321
Skipped Seq from 8322 to 8324
Skipped Seq from 8325 to 8327
Skipped Seq from 8327 to 8331
Skipped Seq from 8332 to 8336
Skipped Seq from 8336 to 8341
Skipped Seq from 8344 to 8346
Skipped Seq from 8346 to 8349
Skipped Seq from 8349 to 8351
Skipped Seq from 8351 to 8353
Skipped Seq from 8354 to 8356
Skipped Seq from 8359 to 8361
Skipped Seq from 8361 to 8364
Skipped Seq from 8366 to 8368
Skipped Seq from 8371 to 8377
Skipped Seq from 8377 to 8381
Skipped Seq from 8381 to 8384
Skipped Seq from 8384 to 8387
Skipped Seq from 8387 to 8391
Skipped Seq from 8391 to 8394
Skipped Seq from 8395 to 8399
Skipped Seq from 8400 to 8402
Skipped Seq from 8407 to 8409
Skipped Seq from 8410 to 8416
Skipped Seq from 8416 to 8420
Skipped Seq from 8425 to 8427
Skipped Seq from 8432 to 8435
Skipped Seq from 8435 to 8437
Skipped Seq from 8438 to 8440
Skipped Seq from 8441 to 8445
Skipped Seq from 8445 to 8451
Skipped Seq from 8451 to 8455
Skipped Seq from 8457 to 8459
Skipped Seq from 8462 to 8464
Skipped Seq from 8464 to 8466
Skipped Seq from 8466 to 8468
Skipped Seq from 8469 to 8471
Skipped Seq from 8471 to 8473
Skipped Seq from 8474 to 8482
Skipped Seq from 8483 to 8485
Skipped Seq from 8485 to 8487
Skipped Seq from 8487 to 8489
Skipped Seq from 8502 to 8506
Skipped Seq from 8506 to 8508
Skipped Seq from 8509 to 8513
Skipped Seq from 8513 to 8517
Skipped Seq from 8518 to 8522
Skipped Seq from 8523 to 8525
Skipped Seq from 8526 to 8531
Skipped Seq from 8532 to 8534
Skipped Seq from 8536 to 8538
Skipped Seq from 8539 to 8541
Skipped Seq from 8554 to 8556
Skipped Seq from 8563 to 8565
Skipped Seq from 8566 to 8568
Skipped Seq from 8568 to 8572
Skipped Seq from 8572 to 8576
Skipped Seq from 8576 to 8580
Skipped Seq from 8581 to 8583
Skipped Seq from 8584 to 8586
Skipped Seq from 8587 to 8589
Skipped Seq from 8589 to 8594
Skipped Seq from 8594 to 8598
Skipped Seq from 8598 to 8603
Skipped Seq from 8603 to 8614
Skipped Seq from 8614 to 8617
Skipped Seq from 8620 to 8622
Skipped Seq from 8623 to 8625
Skipped Seq from 8625 to 8627
Skipped Seq from 8627 to 8632
Skipped Seq from 8632 to 8635
Skipped Seq from 8635 to 8637
Skipped Seq from 8637 to 8639
Skipped Seq from 8640 to 8642
Skipped Seq from 8643 to 8645
Skipped Seq from 8649 to 8651
Skipped Seq from 8652 to 8657
Skipped Seq from 8657 to 8667
Skipped Seq from 8667 to 8669
Skipped Seq from 8669 to 8671
Skipped Seq from 8671 to 8673
Skipped Seq from 8673 to 8679
Skipped Seq from 8679 to 8686
Skipped Seq from 8686 to 8690
Skipped Seq from 8691 to 8694
Skipped Seq from 8695 to 8697
Skipped Seq from 8702 to 8704
Skipped Seq from 8705 to 8710
Skipped Seq from 8710 to 8712
Skipped Seq from 8714 to 8717
Skipped Seq from 8717 to 8719
Skipped Seq from 8719 to 8721
Skipped Seq from 8721 to 8723
Skipped Seq from 8723 to 8728
Skipped Seq from 8732 to 8736
Skipped Seq from 8736 to 8740
Skipped Seq from 8740 to 8743
Skipped Seq from 8744 to 8748
Skipped Seq from 8748 to 8751
Skipped Seq from 8751 to 8753
Skipped Seq from 8754 to 8756
Skipped Seq from 8762 to 8764
Skipped Seq from 8768 to 8771
Skipped Seq from 8771 to 8773
Skipped Seq from 8774 to 8776
Skipped Seq from 8776 to 8778
Skipped Seq from 8780 to 8782
Skipped Seq from 8782 to 8787
Skipped Seq from 8787 to 8790
Skipped Seq from 8791 to 8793
Skipped Seq from 8800 to 8806
Skipped Seq from 8806 to 8809
Skipped Seq from 8809 to 8814
Skipped Seq from 8815 to 8817
Skipped Seq from 8817 to 8819
Skipped Seq from 8819 to 8821
Skipped Seq from 8821 to 8825
Skipped Seq from 8829 to 8831
Skipped Seq from 8831 to 8834
Skipped Seq from 8836 to 8838
Skipped Seq from 8838 to 8840
Skipped Seq from 8840 to 8843
Skipped Seq from 8843 to 8845
Skipped Seq from 8850 to 8852
Skipped Seq from 8852 to 8855
Skipped Seq from 8855 to 8860
Skipped Seq from 8863 to 8865
Skipped Seq from 8867 to 8869
Skipped Seq from 8869 to 8871
Skipped Seq from 8871 to 8874
Skipped Seq from 8879 to 8882
Skipped Seq from 8882 to 8886
Skipped Seq from 8886 to 8889
Skipped Seq from 8889 to 8894
Skipped Seq from 8894 to 8897
Skipped Seq from 8897 to 8903
Skipped Seq from 8903 to 8905
Skipped Seq from 8907 to 8909
Skipped Seq from 8911 to 8913
Skipped Seq from 8913 to 8915
Skipped Seq from 8915 to 8917
Skipped Seq from 8917 to 8919
Skipped Seq from 8921 to 8923
Skipped Seq from 8923 to 8931
Skipped Seq from 8931 to 8935
Skipped Seq from 8935 to 8937
Skipped Seq from 8937 to 8939
Skipped Seq from 8941 to 8947
Skipped Seq from 8948 to 8950
Skipped Seq from 8953 to 8955
Skipped Seq from 8957 to 8960
Skipped Seq from 8962 to 8964
Skipped Seq from 8965 to 8968
Skipped Seq from 8969 to 8975
Skipped Seq from 8975 to 8977
Skipped Seq from 8978 to 8983
Skipped Seq from 8983 to 8985
Skipped Seq from 8989 to 8995
Skipped Seq from 8995 to 9000
Skipped Seq from 9001 to 9006
Skipped Seq from 9007 to 9010
Skipped Seq from 9013 to 9017
Skipped Seq from 9017 to 9021
Skipped Seq from 9022 to 9024
Skipped Seq from 9024 to 9026
Skipped Seq from 9029 to 9031
Skipped Seq from 9033 to 9035
Skipped Seq from 9038 to 9040
Skipped Seq from 9048 to 9050
Skipped Seq from 9050 to 9052
Skipped Seq from 9053 to 9055
Skipped Seq from 9059 to 9061
Skipped Seq from 9064 to 9069
Skipped Seq from 9070 to 9072
Skipped Seq from 9074 to 9076
Skipped Seq from 9077 to 9080
Skipped Seq from 9082 to 9084
Skipped Seq from 9085 to 9089
Skipped Seq from 9090 to 9092
Skipped Seq from 9095 to 9097
Skipped Seq from 9098 to 9100
Skipped Seq from 9100 to 9113
Skipped Seq from 9113 to 9115
Skipped Seq from 9119 to 9121
Skipped Seq from 9125 to 9127
Skipped Seq from 9127 to 9129
Skipped Seq from 9133 to 9135
Skipped Seq from 9135 to 9139
Skipped Seq from 9139 to 9142
Skipped Seq from 9142 to 9146
Skipped Seq from 9148 to 9154
Skipped Seq from 9154 to 9162
Skipped Seq from 9162 to 9165
Skipped Seq from 9172 to 9174
Skipped Seq from 9175 to 9179
Skipped Seq from 9179 to 9181
Skipped Seq from 9181 to 9186
Skipped Seq from 9186 to 9188
Skipped Seq from 9190 to 9192
Skipped Seq from 9193 to 9195
Skipped Seq from 9197 to 9200
Skipped Seq from 9200 to 9203
Skipped Seq from 9203 to 9205
Skipped Seq from 9207 to 9209
Skipped Seq from 9212 to 9214
Skipped Seq from 9214 to 9216
Skipped Seq from 9220 to 9226
Skipped Seq from 9227 to 9229
Skipped Seq from 9229 to 9231
Skipped Seq from 9231 to 9237
Skipped Seq from 9237 to 9243
Skipped Seq from 9243 to 9248
Skipped Seq from 9254 to 9258
Skipped Seq from 9258 to 9262
Skipped Seq from 9262 to 9264
Skipped Seq from 9265 to 9269
Skipped Seq from 9269 to 9272
Skipped Seq from 9272 to 9278
Skipped Seq from 9278 to 9282
Skipped Seq from 9283 to 9285
Skipped Seq from 9285 to 9288
Skipped Seq from 9288 to 9291
Skipped Seq from 9292 to 9294
Skipped Seq from 9295 to 9297
Skipped Seq from 9297 to 9299
Skipped Seq from 9299 to 9303
Skipped Seq from 9303 to 9305
Skipped Seq from 9305 to 9308
Skipped Seq from 9308 to 9311
Skipped Seq from 9311 to 9313
Skipped Seq from 9313 to 9316
Skipped Seq from 9316 to 9319
Skipped Seq from 9320 to 9324
Skipped Seq from 9325 to 9327
Skipped Seq from 9328 to 9333
Skipped Seq from 9334 to 9337
Skipped Seq from 9337 to 9341
Skipped Seq from 9344 to 9346
Skipped Seq from 9349 to 9351
Skipped Seq from 9353 to 9355
Skipped Seq from 9356 to 9361
Skipped Seq from 9361 to 9364
Skipped Seq from 9367 to 9369
Skipped Seq from 9369 to 9371
Skipped Seq from 9373 to 9379
Skipped Seq from 9379 to 9382
Skipped Seq from 9384 to 9388
Skipped Seq from 9388 to 9395
Skipped Seq from 9397 to 9399
Skipped Seq from 9400 to 9404
Skipped Seq from 9404 to 9407
Skipped Seq from 9407 to 9418
Skipped Seq from 9418 to 9421
Skipped Seq from 9424 to 9426
Skipped Seq from 9427 to 9432
Skipped Seq from 9432 to 9446
Skipped Seq from 9446 to 9451
Skipped Seq from 9451 to 9457
Skipped Seq from 9461 to 9463
Skipped Seq from 9466 to 9468
Skipped Seq from 9476 to 9500
Skipped Seq from 9500 to 9513
Skipped Seq from 9513 to 9533
Skipped Seq from 9533 to 9537
Skipped Seq from 9537 to 9539
Skipped Seq from 9543 to 9545
Skipped Seq from 9552 to 9555
Skipped Seq from 9555 to 9557
Skipped Seq from 9591 to 9593
Skipped Seq from 9595 to 9598
Skipped Seq from 9598 to 9600
Skipped Seq from 9601 to 9603
Skipped Seq from 9613 to 9617
Skipped Seq from 9618 to 9620
Skipped Seq from 9632 to 9634
Skipped Seq from 9648 to 9652
Skipped Seq from 9654 to 9656
Skipped Seq from 9688 to 9690
Skipped Seq from 9740 to 9742
Skipped Seq from 9783 to 9785
Skipped Seq from 9790 to 9792
Skipped Seq from 9792 to 9795
Skipped Seq from 9803 to 9805
Number of times throttled: 3
Received: 16831 / 17916 packets
Start time: 1315133560.562253
End time: 1315133591.760908
Duration: 31.198655
