Starting client at 10.0.0.13:1234 with timeout:10
My IP address is 10.0.0.13Skipped Seq from 40514 to 40516
Skipped Seq from 40537 to 40539
Skipped Seq from 40551 to 40563
Skipped Seq from 40570 to 40578
Skipped Seq from 40589 to 40605
Skipped Seq from 40660 to 40664
Skipped Seq from 40941 to 40947
Skipped Seq from 40951 to 40959
Skipped Seq from 40971 to 40979
Skipped Seq from 40989 to 40995
Skipped Seq from 41002 to 41011
Skipped Seq from 41064 to 41069
Skipped Seq from 41103 to 41108
Skipped Seq from 41120 to 41129
Skipped Seq from 41135 to 41142
Skipped Seq from 41155 to 41159
Skipped Seq from 41182 to 41201
Skipped Seq from 41224 to 41234
Skipped Seq from 41305 to 41309
Number of times throttled: 1
Received: 44051 / 44176 packets
Start time: 1315133474.448474
End time: 1315133536.490548
Duration: 62.042074
