Starting client at 10.0.0.15:1236 with timeout:10
My IP address is 10.0.0.15Skipped Seq from 3391 to 3402
Skipped Seq from 3478 to 3481
Skipped Seq from 3489 to 3507
Skipped Seq from 6105 to 6110
Skipped Seq from 6110 to 6112
Skipped Seq from 8816 to 8825
Skipped Seq from 12972 to 12981
Skipped Seq from 15991 to 16002
Skipped Seq from 16008 to 16010
Skipped Seq from 16010 to 16012
Skipped Seq from 16012 to 16014
Skipped Seq from 16014 to 16018
Skipped Seq from 16018 to 16020
Skipped Seq from 16020 to 16023
Skipped Seq from 16023 to 16030
Skipped Seq from 16030 to 16035
Skipped Seq from 16035 to 16038
Skipped Seq from 16038 to 16051
Skipped Seq from 16056 to 16059
Skipped Seq from 16059 to 16061
Skipped Seq from 16062 to 16071
Skipped Seq from 16071 to 16079
Skipped Seq from 16079 to 16082
Skipped Seq from 16083 to 16088
Skipped Seq from 16088 to 16090
Skipped Seq from 16090 to 16092
Skipped Seq from 16092 to 16094
Skipped Seq from 16102 to 16108
Skipped Seq from 16108 to 16111
Skipped Seq from 16113 to 16115
Skipped Seq from 16115 to 16120
Skipped Seq from 16120 to 16128
Skipped Seq from 16128 to 16130
Skipped Seq from 16130 to 16135
Skipped Seq from 16135 to 16138
Skipped Seq from 16139 to 16141
Skipped Seq from 16151 to 16154
Skipped Seq from 16155 to 16158
Skipped Seq from 16160 to 16163
Skipped Seq from 16165 to 16171
Skipped Seq from 16171 to 16173
Skipped Seq from 16175 to 16179
Skipped Seq from 16179 to 16181
Skipped Seq from 16184 to 16191
Skipped Seq from 16191 to 16197
Skipped Seq from 16197 to 16199
Skipped Seq from 16199 to 16201
Skipped Seq from 16203 to 16205
Skipped Seq from 16205 to 16207
Skipped Seq from 16208 to 16210
Skipped Seq from 16211 to 16217
Skipped Seq from 16219 to 16223
Skipped Seq from 16225 to 16227
Skipped Seq from 16227 to 16231
Skipped Seq from 16231 to 16239
Skipped Seq from 16239 to 16241
Skipped Seq from 16244 to 16247
Skipped Seq from 16247 to 16251
Skipped Seq from 16251 to 16254
Skipped Seq from 16254 to 16256
Skipped Seq from 16257 to 16259
Skipped Seq from 16261 to 16264
Skipped Seq from 16265 to 16267
Skipped Seq from 16267 to 16269
Skipped Seq from 16269 to 16271
Skipped Seq from 16273 to 16276
Skipped Seq from 16277 to 16279
Skipped Seq from 16280 to 16285
Skipped Seq from 16285 to 16290
Skipped Seq from 16291 to 16293
Skipped Seq from 16293 to 16300
Skipped Seq from 16300 to 16302
Skipped Seq from 16302 to 16304
Skipped Seq from 16306 to 16308
Skipped Seq from 16310 to 16314
Skipped Seq from 16315 to 16317
Skipped Seq from 16317 to 16322
Skipped Seq from 16324 to 16328
Skipped Seq from 16333 to 16335
Skipped Seq from 16335 to 16338
Skipped Seq from 16338 to 16340
Skipped Seq from 16343 to 16346
Skipped Seq from 16346 to 16349
Skipped Seq from 16355 to 16357
Skipped Seq from 16360 to 16362
Skipped Seq from 16366 to 16371
Skipped Seq from 16371 to 16375
Skipped Seq from 16375 to 16380
Skipped Seq from 16380 to 16388
Skipped Seq from 16391 to 16397
Skipped Seq from 16397 to 16403
Skipped Seq from 16403 to 16405
Skipped Seq from 16405 to 16407
Skipped Seq from 16410 to 16416
Skipped Seq from 16416 to 16422
Skipped Seq from 16422 to 16427
Skipped Seq from 16427 to 16430
Skipped Seq from 16430 to 16434
Skipped Seq from 16434 to 16439
Skipped Seq from 16439 to 16441
Skipped Seq from 16442 to 16445
Skipped Seq from 16445 to 16448
Skipped Seq from 16448 to 16451
Skipped Seq from 16452 to 16455
Skipped Seq from 16455 to 16457
Skipped Seq from 16457 to 16459
Skipped Seq from 16459 to 16465
Skipped Seq from 16468 to 16470
Skipped Seq from 16470 to 16473
Skipped Seq from 16473 to 16476
Skipped Seq from 16477 to 16483
Skipped Seq from 16483 to 16486
Skipped Seq from 16486 to 16489
Skipped Seq from 16489 to 16492
Skipped Seq from 16494 to 16496
Skipped Seq from 16497 to 16499
Skipped Seq from 16499 to 16503
Skipped Seq from 16507 to 16509
Skipped Seq from 16511 to 16514
Skipped Seq from 16515 to 16517
Skipped Seq from 16517 to 16520
Skipped Seq from 16524 to 16529
Skipped Seq from 16529 to 16531
Skipped Seq from 16533 to 16535
Skipped Seq from 16536 to 16538
Skipped Seq from 16538 to 16540
Skipped Seq from 16540 to 16542
Skipped Seq from 16544 to 16548
Skipped Seq from 16549 to 16551
Skipped Seq from 16553 to 16555
Skipped Seq from 16558 to 16560
Skipped Seq from 16561 to 16563
Skipped Seq from 16567 to 16569
Skipped Seq from 16571 to 16573
Skipped Seq from 16575 to 16577
Skipped Seq from 16579 to 16581
Skipped Seq from 16583 to 16585
Skipped Seq from 16590 to 16592
Skipped Seq from 16594 to 16596
Skipped Seq from 16596 to 16598
Skipped Seq from 16599 to 16601
Skipped Seq from 16602 to 16604
Skipped Seq from 16607 to 16609
Skipped Seq from 16609 to 16613
Skipped Seq from 16614 to 16616
Skipped Seq from 16618 to 16620
Skipped Seq from 16621 to 16625
Skipped Seq from 16628 to 16630
Skipped Seq from 16631 to 16635
Skipped Seq from 16635 to 16638
Skipped Seq from 16638 to 16640
Skipped Seq from 16642 to 16644
Skipped Seq from 16644 to 16646
Skipped Seq from 16646 to 16650
Skipped Seq from 16650 to 16657
Skipped Seq from 16657 to 16660
Skipped Seq from 16660 to 16662
Skipped Seq from 16664 to 16667
Skipped Seq from 16669 to 16677
Skipped Seq from 16677 to 16686
Skipped Seq from 16689 to 16691
Skipped Seq from 16692 to 16704
Skipped Seq from 16704 to 16706
Skipped Seq from 16706 to 16710
Skipped Seq from 16710 to 16713
Skipped Seq from 16714 to 16718
Skipped Seq from 16718 to 16722
Skipped Seq from 16724 to 16726
Skipped Seq from 16726 to 16731
Skipped Seq from 16732 to 16735
Skipped Seq from 16735 to 16738
Skipped Seq from 16738 to 16740
Skipped Seq from 16740 to 16742
Skipped Seq from 16742 to 16746
Skipped Seq from 16748 to 16750
Skipped Seq from 16751 to 16753
Skipped Seq from 16757 to 16759
Skipped Seq from 16759 to 16762
Skipped Seq from 16762 to 16765
Skipped Seq from 16765 to 16767
Skipped Seq from 16772 to 16774
Skipped Seq from 16776 to 16782
Skipped Seq from 16786 to 16788
Skipped Seq from 16788 to 16790
Skipped Seq from 16790 to 16792
Skipped Seq from 16793 to 16796
Skipped Seq from 16799 to 16801
Skipped Seq from 16802 to 16804
Skipped Seq from 16804 to 16811
Skipped Seq from 16811 to 16813
Skipped Seq from 16813 to 16816
Skipped Seq from 16816 to 16818
Skipped Seq from 16819 to 16821
Skipped Seq from 16821 to 16823
Skipped Seq from 16823 to 16825
Skipped Seq from 16826 to 16831
Skipped Seq from 16833 to 16835
Skipped Seq from 16846 to 16850
Skipped Seq from 16850 to 16852
Skipped Seq from 16852 to 16854
Skipped Seq from 16855 to 16858
Skipped Seq from 16858 to 16863
Skipped Seq from 16865 to 16867
Skipped Seq from 16868 to 16870
Skipped Seq from 16871 to 16875
Skipped Seq from 16878 to 16880
Skipped Seq from 16884 to 16890
Skipped Seq from 16891 to 16893
Skipped Seq from 16897 to 16899
Skipped Seq from 16899 to 16901
Skipped Seq from 16902 to 16904
Skipped Seq from 16904 to 16906
Skipped Seq from 16906 to 16908
Skipped Seq from 16910 to 16913
Skipped Seq from 16913 to 16915
Skipped Seq from 16916 to 16918
Skipped Seq from 16918 to 16920
Skipped Seq from 16920 to 16922
Skipped Seq from 16923 to 16925
Skipped Seq from 16927 to 16929
Skipped Seq from 16929 to 16933
Skipped Seq from 16933 to 16935
Skipped Seq from 16936 to 16940
Skipped Seq from 16945 to 16947
Skipped Seq from 16947 to 16949
Skipped Seq from 16949 to 16951
Skipped Seq from 16952 to 16954
Skipped Seq from 16954 to 16956
Skipped Seq from 16956 to 16958
Skipped Seq from 16959 to 16961
Skipped Seq from 16962 to 16964
Skipped Seq from 16967 to 16969
Skipped Seq from 16969 to 16971
Skipped Seq from 16971 to 16973
Skipped Seq from 16973 to 16975
Skipped Seq from 16975 to 16977
Skipped Seq from 16977 to 16980
Skipped Seq from 16983 to 16985
Skipped Seq from 16989 to 16992
Skipped Seq from 16993 to 16995
Skipped Seq from 16995 to 16998
Skipped Seq from 16998 to 17000
Skipped Seq from 17000 to 17002
Skipped Seq from 17002 to 17005
Skipped Seq from 17005 to 17007
Skipped Seq from 17007 to 17009
Skipped Seq from 17010 to 17012
Skipped Seq from 17013 to 17015
Skipped Seq from 17015 to 17017
Skipped Seq from 17017 to 17019
Skipped Seq from 17020 to 17022
Skipped Seq from 17022 to 17025
Skipped Seq from 17028 to 17032
Skipped Seq from 17032 to 17034
Skipped Seq from 17034 to 17036
Skipped Seq from 17039 to 17041
Skipped Seq from 17041 to 17043
Skipped Seq from 17043 to 17045
Skipped Seq from 17046 to 17051
Skipped Seq from 17051 to 17053
Skipped Seq from 17054 to 17058
Skipped Seq from 17058 to 17062
Skipped Seq from 17064 to 17066
Skipped Seq from 17066 to 17068
Skipped Seq from 17073 to 17078
Skipped Seq from 17081 to 17085
Skipped Seq from 17085 to 17089
Skipped Seq from 17090 to 17092
Skipped Seq from 17093 to 17096
Skipped Seq from 17097 to 17099
Skipped Seq from 17099 to 17101
Skipped Seq from 17101 to 17104
Skipped Seq from 17105 to 17110
Skipped Seq from 17111 to 17113
Skipped Seq from 17117 to 17119
Skipped Seq from 17119 to 17122
Skipped Seq from 17122 to 17124
Skipped Seq from 17124 to 17126
Skipped Seq from 17126 to 17129
Skipped Seq from 17132 to 17134
Skipped Seq from 17134 to 17136
Skipped Seq from 17137 to 17140
Skipped Seq from 17140 to 17143
Skipped Seq from 17150 to 17156
Skipped Seq from 17207 to 17210
Skipped Seq from 17210 to 17223
Skipped Seq from 17223 to 17227
Skipped Seq from 17247 to 17252
Skipped Seq from 17252 to 17270
Skipped Seq from 17270 to 17281
Skipped Seq from 17281 to 17283
Skipped Seq from 17283 to 17287
Skipped Seq from 17287 to 17303
Skipped Seq from 17303 to 17305
Skipped Seq from 17305 to 17308
Skipped Seq from 17308 to 17310
Skipped Seq from 17314 to 17336
Skipped Seq from 17336 to 17338
Skipped Seq from 17338 to 17341
Skipped Seq from 17342 to 17344
Skipped Seq from 17344 to 17349
Skipped Seq from 17351 to 17353
Skipped Seq from 17357 to 17367
Skipped Seq from 17367 to 17373
Skipped Seq from 17373 to 17376
Skipped Seq from 17376 to 17378
Skipped Seq from 17378 to 17382
Skipped Seq from 17384 to 17386
Skipped Seq from 17387 to 17389
Skipped Seq from 17393 to 17398
Skipped Seq from 17398 to 17400
Skipped Seq from 17400 to 17402
Skipped Seq from 17402 to 17405
Skipped Seq from 17406 to 17408
Skipped Seq from 17411 to 17413
Skipped Seq from 17413 to 17415
Skipped Seq from 17415 to 17418
Skipped Seq from 17418 to 17421
Skipped Seq from 17422 to 17424
Skipped Seq from 17425 to 17427
Skipped Seq from 17428 to 17433
Skipped Seq from 17433 to 17435
Skipped Seq from 17435 to 17437
Skipped Seq from 17440 to 17442
Skipped Seq from 17443 to 17446
Skipped Seq from 17446 to 17453
Skipped Seq from 17455 to 17457
Skipped Seq from 17458 to 17464
Skipped Seq from 17464 to 17466
Skipped Seq from 17467 to 17469
Skipped Seq from 17470 to 17474
Skipped Seq from 17474 to 17476
Skipped Seq from 17478 to 17480
Skipped Seq from 17480 to 17483
Skipped Seq from 17484 to 17486
Skipped Seq from 17486 to 17488
Skipped Seq from 17488 to 17490
Skipped Seq from 17493 to 17496
Skipped Seq from 17496 to 17500
Skipped Seq from 17500 to 17502
Skipped Seq from 17502 to 17505
Skipped Seq from 17508 to 17510
Skipped Seq from 17513 to 17526
Skipped Seq from 17526 to 17528
Skipped Seq from 17528 to 17530
Skipped Seq from 17530 to 17532
Skipped Seq from 17532 to 17534
Skipped Seq from 17534 to 17536
Skipped Seq from 17536 to 17539
Skipped Seq from 17539 to 17541
Skipped Seq from 17542 to 17544
Skipped Seq from 17545 to 17547
Skipped Seq from 17547 to 17549
Skipped Seq from 17549 to 17552
Skipped Seq from 17552 to 17554
Skipped Seq from 17555 to 17557
Skipped Seq from 17557 to 17561
Skipped Seq from 17561 to 17564
Skipped Seq from 17565 to 17570
Skipped Seq from 17570 to 17576
Skipped Seq from 17576 to 17582
Skipped Seq from 17584 to 17586
Skipped Seq from 17589 to 17593
Skipped Seq from 17596 to 17598
Skipped Seq from 17598 to 17600
Skipped Seq from 17600 to 17602
Skipped Seq from 17602 to 17604
Skipped Seq from 17607 to 17612
Skipped Seq from 17613 to 17615
Skipped Seq from 17618 to 17625
Skipped Seq from 17626 to 17628
Skipped Seq from 17631 to 17634
Skipped Seq from 17634 to 17637
Skipped Seq from 17638 to 17640
Skipped Seq from 17640 to 17642
Skipped Seq from 17642 to 17649
Skipped Seq from 17649 to 17654
Skipped Seq from 17654 to 17659
Skipped Seq from 17659 to 17661
Skipped Seq from 17662 to 17664
Skipped Seq from 17665 to 17669
Skipped Seq from 17669 to 17671
Skipped Seq from 17671 to 17673
Skipped Seq from 17674 to 17676
Skipped Seq from 17676 to 17679
Skipped Seq from 17679 to 17681
Skipped Seq from 17685 to 17687
Skipped Seq from 17687 to 17689
Skipped Seq from 17690 to 17692
Skipped Seq from 17693 to 17695
Skipped Seq from 17695 to 17697
Skipped Seq from 17698 to 17700
Skipped Seq from 17703 to 17705
Skipped Seq from 17709 to 17711
Skipped Seq from 17711 to 17713
Skipped Seq from 17715 to 17718
Skipped Seq from 17719 to 17722
Skipped Seq from 17722 to 17729
Skipped Seq from 17729 to 17734
Skipped Seq from 17734 to 17737
Skipped Seq from 17737 to 17739
Skipped Seq from 17739 to 17741
Skipped Seq from 17742 to 17745
Skipped Seq from 17746 to 17749
Skipped Seq from 17749 to 17752
Skipped Seq from 17752 to 17758
Skipped Seq from 17759 to 17762
Skipped Seq from 17762 to 17764
Skipped Seq from 17765 to 17767
Skipped Seq from 17768 to 17770
Skipped Seq from 17771 to 17773
Skipped Seq from 17774 to 17777
Skipped Seq from 17777 to 17779
Skipped Seq from 17779 to 17781
Skipped Seq from 17782 to 17787
Skipped Seq from 17787 to 17789
Skipped Seq from 17796 to 17798
Skipped Seq from 17801 to 17803
Skipped Seq from 17803 to 17805
Skipped Seq from 17807 to 17809
Skipped Seq from 17809 to 17813
Skipped Seq from 17814 to 17816
Skipped Seq from 17816 to 17820
Skipped Seq from 17821 to 17823
Skipped Seq from 17825 to 17827
Skipped Seq from 17827 to 17829
Skipped Seq from 17831 to 17833
Skipped Seq from 17837 to 17839
Skipped Seq from 17842 to 17844
Skipped Seq from 17848 to 17851
Skipped Seq from 17851 to 17853
Skipped Seq from 17854 to 17856
Skipped Seq from 17857 to 17859
Skipped Seq from 17860 to 17862
Skipped Seq from 17866 to 17869
Skipped Seq from 17869 to 17871
Skipped Seq from 17872 to 17877
Skipped Seq from 17882 to 17886
Skipped Seq from 17887 to 17890
Skipped Seq from 17891 to 17893
Skipped Seq from 17893 to 17895
Skipped Seq from 17895 to 17897
Skipped Seq from 17904 to 17906
Skipped Seq from 17906 to 17909
Skipped Seq from 17909 to 17911
Skipped Seq from 17913 to 17915
Skipped Seq from 17916 to 17919
Skipped Seq from 17919 to 17921
Skipped Seq from 17921 to 17923
Skipped Seq from 17924 to 17929
Skipped Seq from 17929 to 17931
Skipped Seq from 17931 to 17933
Skipped Seq from 17934 to 17936
Skipped Seq from 17937 to 17939
Skipped Seq from 17940 to 17942
Skipped Seq from 17945 to 17947
Skipped Seq from 17947 to 17949
Skipped Seq from 17950 to 17952
Skipped Seq from 17952 to 17955
Skipped Seq from 17955 to 17959
Skipped Seq from 17959 to 17962
Skipped Seq from 17962 to 17967
Skipped Seq from 17967 to 17969
Skipped Seq from 17969 to 17972
Skipped Seq from 17972 to 17979
Skipped Seq from 17979 to 17982
Skipped Seq from 17987 to 17989
Skipped Seq from 17989 to 17991
Skipped Seq from 17994 to 17996
Skipped Seq from 17996 to 17998
Skipped Seq from 17998 to 18000
Skipped Seq from 18003 to 18005
Skipped Seq from 18006 to 18013
Skipped Seq from 18013 to 18016
Skipped Seq from 18017 to 18024
Skipped Seq from 18024 to 18030
Skipped Seq from 18030 to 18036
Skipped Seq from 18036 to 18039
Skipped Seq from 18039 to 18041
Skipped Seq from 18041 to 18045
Skipped Seq from 18045 to 18048
Skipped Seq from 18049 to 18051
Skipped Seq from 18052 to 18055
Skipped Seq from 18055 to 18062
Skipped Seq from 18062 to 18064
Skipped Seq from 18065 to 18069
Skipped Seq from 18069 to 18071
Skipped Seq from 18071 to 18073
Skipped Seq from 18077 to 18079
Skipped Seq from 18086 to 18090
Skipped Seq from 18090 to 18093
Skipped Seq from 18093 to 18095
Skipped Seq from 18099 to 18103
Skipped Seq from 18103 to 18105
Skipped Seq from 18108 to 18111
Skipped Seq from 18120 to 18123
Skipped Seq from 18123 to 18127
Skipped Seq from 18128 to 18130
Skipped Seq from 18130 to 18133
Skipped Seq from 18133 to 18139
Skipped Seq from 18139 to 18144
Skipped Seq from 18146 to 18148
Skipped Seq from 18176 to 18179
Skipped Seq from 18180 to 18190
Skipped Seq from 18190 to 18193
Skipped Seq from 18194 to 18196
Skipped Seq from 18199 to 18201
Skipped Seq from 18202 to 18204
Skipped Seq from 18205 to 18208
Skipped Seq from 18221 to 18224
Skipped Seq from 18224 to 18226
Skipped Seq from 18226 to 18228
Skipped Seq from 18228 to 18230
Skipped Seq from 18231 to 18235
Skipped Seq from 18235 to 18240
Skipped Seq from 18243 to 18246
Skipped Seq from 18247 to 18249
Skipped Seq from 18250 to 18252
Skipped Seq from 18253 to 18255
Skipped Seq from 18255 to 18257
Skipped Seq from 18258 to 18261
Skipped Seq from 18263 to 18266
Skipped Seq from 18266 to 18268
Skipped Seq from 18271 to 18273
Skipped Seq from 18273 to 18275
Skipped Seq from 18278 to 18283
Skipped Seq from 18286 to 18288
Skipped Seq from 18289 to 18292
Skipped Seq from 18292 to 18294
Skipped Seq from 18295 to 18297
Skipped Seq from 18299 to 18301
Skipped Seq from 18302 to 18304
Skipped Seq from 18308 to 18311
Skipped Seq from 18311 to 18314
Skipped Seq from 18316 to 18320
Skipped Seq from 18323 to 18325
Skipped Seq from 18327 to 18329
Skipped Seq from 18334 to 18336
Skipped Seq from 18337 to 18339
Skipped Seq from 18341 to 18343
Skipped Seq from 18350 to 18352
Skipped Seq from 18359 to 18362
Skipped Seq from 18362 to 18364
Skipped Seq from 18365 to 18367
Skipped Seq from 18368 to 18371
Skipped Seq from 18374 to 18376
Skipped Seq from 18390 to 18393
Skipped Seq from 18395 to 18398
Skipped Seq from 18403 to 18405
Skipped Seq from 18405 to 18409
Skipped Seq from 18409 to 18411
Skipped Seq from 18411 to 18414
Skipped Seq from 18414 to 18416
Skipped Seq from 18416 to 18418
Skipped Seq from 18421 to 18423
Skipped Seq from 18425 to 18433
Skipped Seq from 18433 to 18435
Skipped Seq from 18436 to 18439
Skipped Seq from 18439 to 18441
Skipped Seq from 18447 to 18449
Skipped Seq from 18449 to 18451
Skipped Seq from 18463 to 18465
Skipped Seq from 18465 to 18467
Skipped Seq from 18468 to 18472
Skipped Seq from 18473 to 18476
Skipped Seq from 18476 to 18478
Skipped Seq from 18478 to 18481
Skipped Seq from 18483 to 18491
Skipped Seq from 18493 to 18496
Skipped Seq from 18496 to 18499
Skipped Seq from 18499 to 18501
Skipped Seq from 18506 to 18509
Skipped Seq from 18510 to 18513
Skipped Seq from 18514 to 18516
Skipped Seq from 18526 to 18528
Skipped Seq from 18530 to 18532
Skipped Seq from 18651 to 18653
Skipped Seq from 18653 to 18656
Skipped Seq from 18660 to 18663
Skipped Seq from 18664 to 18666
Skipped Seq from 19332 to 19346
Skipped Seq from 19370 to 19373
Skipped Seq from 19419 to 19460
Skipped Seq from 41723 to 41731
Skipped Seq from 43184 to 43189
Skipped Seq from 44703 to 44711
Skipped Seq from 44746 to 44758
Skipped Seq from 46159 to 46183
Skipped Seq from 46191 to 46231
Skipped Seq from 46254 to 46263
Skipped Seq from 46284 to 46307
Skipped Seq from 46391 to 46424
Number of times throttled: 5
Received: 54807 / 56287 packets
Start time: 1315408958.495392
End time: 1315409034.822026
Duration: 76.326634
