Starting client at 10.0.0.19:1287 with timeout:10
My IP address is 10.0.0.19Skipped Seq from 1921 to 1923
Skipped Seq from 1923 to 1926
Skipped Seq from 1927 to 1929
Skipped Seq from 1929 to 1931
Skipped Seq from 1931 to 1933
Skipped Seq from 1933 to 1936
Skipped Seq from 1936 to 1938
Skipped Seq from 1939 to 1941
Skipped Seq from 1941 to 1944
Skipped Seq from 1944 to 1946
Skipped Seq from 1946 to 1948
Skipped Seq from 1948 to 1950
Skipped Seq from 1950 to 1953
Skipped Seq from 1954 to 1956
Skipped Seq from 1956 to 1958
Skipped Seq from 1958 to 1960
Skipped Seq from 1960 to 1963
Skipped Seq from 1963 to 1965
Skipped Seq from 1965 to 1967
Skipped Seq from 1968 to 1970
Skipped Seq from 1970 to 1973
Skipped Seq from 1973 to 1975
Skipped Seq from 1975 to 1977
Skipped Seq from 1977 to 1979
Skipped Seq from 1979 to 1981
Skipped Seq from 1981 to 1983
Skipped Seq from 1983 to 1985
Skipped Seq from 1985 to 1987
Skipped Seq from 1987 to 1990
Skipped Seq from 1990 to 1992
Skipped Seq from 1993 to 1995
Skipped Seq from 1995 to 1998
Skipped Seq from 1998 to 2000
Skipped Seq from 2000 to 2002
Skipped Seq from 2002 to 2004
Skipped Seq from 2005 to 2008
Skipped Seq from 2008 to 2010
Skipped Seq from 2010 to 2012
Skipped Seq from 2012 to 2014
Skipped Seq from 2014 to 2017
Skipped Seq from 2018 to 2020
Skipped Seq from 2020 to 2022
Skipped Seq from 2022 to 2025
Skipped Seq from 2025 to 2027
Skipped Seq from 2028 to 2030
Skipped Seq from 2030 to 2033
Skipped Seq from 2033 to 2035
Skipped Seq from 2035 to 2037
Skipped Seq from 2037 to 2039
Skipped Seq from 2039 to 2041
Skipped Seq from 2041 to 2043
Skipped Seq from 2043 to 2045
Skipped Seq from 2045 to 2047
Skipped Seq from 2047 to 2050
Skipped Seq from 2050 to 2052
Skipped Seq from 2053 to 2055
Skipped Seq from 2055 to 2057
Skipped Seq from 2057 to 2060
Skipped Seq from 2060 to 2062
Skipped Seq from 2062 to 2064
Skipped Seq from 2064 to 2066
Skipped Seq from 2067 to 2070
Skipped Seq from 2070 to 2072
Skipped Seq from 2072 to 2074
Skipped Seq from 2074 to 2076
Skipped Seq from 2076 to 2078
Skipped Seq from 2078 to 2080
Skipped Seq from 2080 to 2083
Skipped Seq from 2083 to 2085
Skipped Seq from 2086 to 2088
Skipped Seq from 2088 to 2090
Skipped Seq from 2090 to 2093
Skipped Seq from 2093 to 2095
Skipped Seq from 2095 to 2097
Skipped Seq from 2098 to 2101
Skipped Seq from 2101 to 2103
Skipped Seq from 2103 to 2105
Skipped Seq from 2105 to 2107
Skipped Seq from 2107 to 2109
Skipped Seq from 2109 to 2112
Skipped Seq from 2112 to 2114
Skipped Seq from 2115 to 2117
Skipped Seq from 2117 to 2119
Skipped Seq from 2119 to 2121
Skipped Seq from 2121 to 2124
Skipped Seq from 2124 to 2126
Skipped Seq from 2126 to 2128
Skipped Seq from 2129 to 2132
Skipped Seq from 2132 to 2134
Skipped Seq from 2134 to 2136
Skipped Seq from 2136 to 2138
Skipped Seq from 2138 to 2141
Skipped Seq from 2141 to 2143
Skipped Seq from 2143 to 2145
Skipped Seq from 2146 to 2148
Skipped Seq from 2148 to 2150
Skipped Seq from 2150 to 2153
Skipped Seq from 2153 to 2155
Skipped Seq from 2155 to 2157
Skipped Seq from 2157 to 2159
Skipped Seq from 2159 to 2161
Skipped Seq from 2161 to 2163
Skipped Seq from 2163 to 2165
Skipped Seq from 2165 to 2167
Skipped Seq from 2167 to 2169
Skipped Seq from 2169 to 2171
Skipped Seq from 2171 to 2173
Skipped Seq from 2173 to 2175
Skipped Seq from 2175 to 2178
Skipped Seq from 2178 to 2180
Skipped Seq from 2181 to 2183
Skipped Seq from 2183 to 2186
Skipped Seq from 2186 to 2188
Skipped Seq from 2188 to 2190
Skipped Seq from 2190 to 2192
Skipped Seq from 2192 to 2194
Skipped Seq from 2194 to 2197
Skipped Seq from 2198 to 2204
Skipped Seq from 2204 to 2206
Skipped Seq from 2206 to 2209
Skipped Seq from 2209 to 2211
Skipped Seq from 2211 to 2213
Skipped Seq from 2213 to 2215
Skipped Seq from 2215 to 2217
Skipped Seq from 2217 to 2220
Skipped Seq from 2221 to 2223
Skipped Seq from 2223 to 2225
Skipped Seq from 2225 to 2227
Skipped Seq from 2227 to 2229
Skipped Seq from 2229 to 2232
Skipped Seq from 2232 to 2234
Skipped Seq from 2234 to 2236
Skipped Seq from 2237 to 2239
Skipped Seq from 2239 to 2242
Skipped Seq from 2242 to 2244
Skipped Seq from 2244 to 2246
Skipped Seq from 2246 to 2248
Skipped Seq from 2248 to 2250
Skipped Seq from 2250 to 2253
Skipped Seq from 2254 to 2256
Skipped Seq from 2256 to 2258
Skipped Seq from 2258 to 2260
Skipped Seq from 2260 to 2263
Skipped Seq from 2264 to 2267
Skipped Seq from 2267 to 2269
Skipped Seq from 2269 to 2271
Skipped Seq from 2271 to 2273
Skipped Seq from 2273 to 2275
Skipped Seq from 2275 to 2278
Skipped Seq from 2279 to 2281
Skipped Seq from 2281 to 2283
Skipped Seq from 2283 to 2285
Skipped Seq from 2285 to 2288
Skipped Seq from 2288 to 2290
Skipped Seq from 2290 to 2292
Skipped Seq from 2293 to 2295
Skipped Seq from 2295 to 2297
Skipped Seq from 2297 to 2300
Skipped Seq from 2300 to 2302
Skipped Seq from 2302 to 2304
Skipped Seq from 2304 to 2306
Skipped Seq from 2306 to 2308
Skipped Seq from 2308 to 2310
Skipped Seq from 2310 to 2313
Skipped Seq from 2314 to 2316
Skipped Seq from 2316 to 2318
Skipped Seq from 2318 to 2320
Skipped Seq from 2320 to 2323
Skipped Seq from 2323 to 2325
Skipped Seq from 2325 to 2327
Skipped Seq from 2327 to 2329
Skipped Seq from 2330 to 2332
Skipped Seq from 2332 to 2335
Skipped Seq from 2335 to 2337
Skipped Seq from 2337 to 2339
Skipped Seq from 2339 to 2341
Skipped Seq from 2341 to 2343
Skipped Seq from 2343 to 2346
Skipped Seq from 2346 to 2348
Skipped Seq from 2349 to 2351
Skipped Seq from 2351 to 2353
Skipped Seq from 2353 to 2356
Skipped Seq from 2356 to 2358
Skipped Seq from 2358 to 2360
Skipped Seq from 2360 to 2362
Skipped Seq from 2362 to 2364
Skipped Seq from 2365 to 2368
Skipped Seq from 2368 to 2370
Skipped Seq from 2370 to 2372
Skipped Seq from 2372 to 2374
Skipped Seq from 2374 to 2376
Skipped Seq from 2376 to 2379
Skipped Seq from 2379 to 2381
Skipped Seq from 2381 to 2383
Skipped Seq from 2384 to 2386
Skipped Seq from 2386 to 2388
Skipped Seq from 2388 to 2391
Skipped Seq from 2391 to 2393
Skipped Seq from 2393 to 2395
Skipped Seq from 2395 to 2397
Skipped Seq from 2397 to 2399
Skipped Seq from 2399 to 2402
Skipped Seq from 2403 to 2405
Skipped Seq from 2405 to 2407
Skipped Seq from 2407 to 2409
Skipped Seq from 2409 to 2412
Skipped Seq from 2412 to 2414
Skipped Seq from 2414 to 2416
Skipped Seq from 2416 to 2418
Skipped Seq from 2419 to 2421
Skipped Seq from 2421 to 2424
Skipped Seq from 2424 to 2426
Skipped Seq from 2426 to 2428
Skipped Seq from 2428 to 2430
Skipped Seq from 2430 to 2433
Skipped Seq from 2434 to 2436
Skipped Seq from 2436 to 2438
Skipped Seq from 2438 to 2440
Skipped Seq from 2440 to 2443
Skipped Seq from 2443 to 2445
Skipped Seq from 2446 to 2448
Skipped Seq from 2448 to 2450
Skipped Seq from 2450 to 2453
Skipped Seq from 2453 to 2455
Skipped Seq from 2455 to 2457
Skipped Seq from 2457 to 2459
Skipped Seq from 2459 to 2461
Skipped Seq from 2461 to 2464
Skipped Seq from 2465 to 2467
Skipped Seq from 2467 to 2469
Skipped Seq from 2469 to 2471
Skipped Seq from 2471 to 2474
Skipped Seq from 2474 to 2476
Skipped Seq from 2476 to 2478
Skipped Seq from 2478 to 2480
Skipped Seq from 2481 to 2483
Skipped Seq from 2484 to 2493
Skipped Seq from 2493 to 2497
Skipped Seq from 2497 to 2499
Skipped Seq from 2499 to 2501
Skipped Seq from 2501 to 2503
Skipped Seq from 2503 to 2505
Skipped Seq from 2505 to 2507
Skipped Seq from 2507 to 2510
Skipped Seq from 2511 to 2513
Skipped Seq from 2513 to 2515
Skipped Seq from 2515 to 2517
Skipped Seq from 2517 to 2520
Skipped Seq from 2520 to 2522
Skipped Seq from 2522 to 2524
Skipped Seq from 2525 to 2527
Skipped Seq from 2527 to 2530
Skipped Seq from 2530 to 2532
Skipped Seq from 2532 to 2534
Skipped Seq from 2534 to 2536
Skipped Seq from 2536 to 2538
Skipped Seq from 2538 to 2541
Skipped Seq from 2541 to 2543
Skipped Seq from 2544 to 2546
Skipped Seq from 2546 to 2548
Skipped Seq from 2548 to 2551
Skipped Seq from 2551 to 2553
Skipped Seq from 2556 to 2561
Skipped Seq from 2561 to 2563
Skipped Seq from 2563 to 2566
Skipped Seq from 2566 to 2568
Skipped Seq from 2568 to 2570
Skipped Seq from 2571 to 2573
Skipped Seq from 2573 to 2576
Skipped Seq from 2576 to 2578
Skipped Seq from 2578 to 2580
Skipped Seq from 2580 to 2582
Skipped Seq from 2583 to 2586
Skipped Seq from 2586 to 2588
Skipped Seq from 2588 to 2590
Skipped Seq from 2590 to 2592
Skipped Seq from 2592 to 2595
Skipped Seq from 2595 to 2597
Skipped Seq from 2597 to 2599
Skipped Seq from 2600 to 2602
Skipped Seq from 2602 to 2604
Skipped Seq from 2604 to 2607
Skipped Seq from 2607 to 2609
Skipped Seq from 2609 to 2611
Skipped Seq from 2611 to 2613
Skipped Seq from 2613 to 2615
Skipped Seq from 2615 to 2617
Skipped Seq from 2617 to 2619
Skipped Seq from 2619 to 2621
Skipped Seq from 2621 to 2623
Skipped Seq from 2623 to 2626
Skipped Seq from 2626 to 2628
Skipped Seq from 2628 to 2630
Skipped Seq from 2630 to 2632
Skipped Seq from 2633 to 2635
Skipped Seq from 2635 to 2638
Skipped Seq from 2638 to 2640
Skipped Seq from 2640 to 2642
Skipped Seq from 2642 to 2644
Skipped Seq from 2644 to 2646
Skipped Seq from 2646 to 2649
Skipped Seq from 2650 to 2652
Skipped Seq from 2652 to 2654
Skipped Seq from 2654 to 2656
Skipped Seq from 2656 to 2658
Skipped Seq from 2658 to 2661
Skipped Seq from 2661 to 2663
Skipped Seq from 2663 to 2665
Skipped Seq from 2665 to 2667
Skipped Seq from 2668 to 2671
Skipped Seq from 2671 to 2673
Skipped Seq from 2673 to 2675
Skipped Seq from 2675 to 2677
Skipped Seq from 2677 to 2679
Skipped Seq from 2679 to 2681
Skipped Seq from 2681 to 2684
Skipped Seq from 2684 to 2686
Skipped Seq from 2687 to 2689
Skipped Seq from 2689 to 2691
Skipped Seq from 2691 to 2694
Skipped Seq from 2694 to 2696
Skipped Seq from 2696 to 2698
Skipped Seq from 2698 to 2700
Skipped Seq from 2701 to 2704
Skipped Seq from 2704 to 2706
Skipped Seq from 2706 to 2708
Skipped Seq from 2708 to 2710
Skipped Seq from 2710 to 2712
Skipped Seq from 2712 to 2715
Skipped Seq from 2715 to 2717
Skipped Seq from 2717 to 2719
Skipped Seq from 2720 to 2722
Skipped Seq from 2722 to 2724
Skipped Seq from 2724 to 2727
Skipped Seq from 2727 to 2729
Skipped Seq from 2729 to 2731
Skipped Seq from 2731 to 2733
Skipped Seq from 2733 to 2735
Skipped Seq from 2735 to 2737
Skipped Seq from 2737 to 2739
Skipped Seq from 2739 to 2741
Skipped Seq from 2741 to 2743
Skipped Seq from 2743 to 2745
Skipped Seq from 2745 to 2747
Skipped Seq from 2747 to 2750
Skipped Seq from 2750 to 2752
Skipped Seq from 2752 to 2754
Skipped Seq from 2754 to 2756
Skipped Seq from 2757 to 2759
Skipped Seq from 2759 to 2762
Skipped Seq from 2762 to 2764
Skipped Seq from 2764 to 2766
Skipped Seq from 2766 to 2768
Skipped Seq from 2768 to 2771
Skipped Seq from 2772 to 2774
Skipped Seq from 2774 to 2777
Skipped Seq from 2777 to 2779
Skipped Seq from 2780 to 2782
Skipped Seq from 2782 to 2784
Skipped Seq from 2784 to 2787
Skipped Seq from 2787 to 2789
Skipped Seq from 2789 to 2791
Skipped Seq from 2791 to 2793
Skipped Seq from 2793 to 2795
Skipped Seq from 2796 to 2799
Skipped Seq from 2799 to 2801
Skipped Seq from 2801 to 2803
Skipped Seq from 2803 to 2805
Skipped Seq from 2805 to 2807
Skipped Seq from 2807 to 2810
Skipped Seq from 2810 to 2812
Skipped Seq from 2812 to 2814
Skipped Seq from 2815 to 2817
Skipped Seq from 2817 to 2820
Skipped Seq from 2820 to 2822
Skipped Seq from 2822 to 2824
Skipped Seq from 2824 to 2826
Skipped Seq from 2826 to 2828
Skipped Seq from 2828 to 2830
Skipped Seq from 2830 to 2832
Skipped Seq from 2832 to 2834
Skipped Seq from 2834 to 2836
Skipped Seq from 2836 to 2838
Skipped Seq from 2838 to 2840
Skipped Seq from 2840 to 2843
Skipped Seq from 2843 to 2845
Skipped Seq from 2845 to 2847
Skipped Seq from 2848 to 2850
Skipped Seq from 2850 to 2853
Skipped Seq from 2853 to 2855
Skipped Seq from 2855 to 2857
Skipped Seq from 2857 to 2859
Skipped Seq from 2859 to 2861
Number of times throttled: 2
Received: 2370 / 2862 packets
Start time: 1332840866.045909
End time: 1332840885.319841
Duration: 19.273932
