Starting client at 10.0.0.24:1248 with timeout:10
My IP address is 10.0.0.24Skipped Seq from 1 to 3
Recovered out of order packet from 3 to 2
Skipped Seq from 637 to 639
Skipped Seq from 645 to 647
Skipped Seq from 653 to 656
Skipped Seq from 659 to 661
Skipped Seq from 662 to 664
Skipped Seq from 665 to 667
Skipped Seq from 668 to 670
Skipped Seq from 671 to 673
Skipped Seq from 674 to 676
Skipped Seq from 680 to 682
Skipped Seq from 692 to 694
Skipped Seq from 695 to 697
Skipped Seq from 702 to 704
Skipped Seq from 704 to 706
Skipped Seq from 707 to 709
Skipped Seq from 711 to 713
Skipped Seq from 721 to 723
Skipped Seq from 725 to 727
Skipped Seq from 727 to 729
Skipped Seq from 731 to 733
Skipped Seq from 734 to 736
Skipped Seq from 743 to 745
Skipped Seq from 745 to 749
Skipped Seq from 750 to 752
Skipped Seq from 766 to 769
Skipped Seq from 774 to 776
Skipped Seq from 779 to 781
Skipped Seq from 781 to 783
Skipped Seq from 784 to 786
Skipped Seq from 789 to 792
Skipped Seq from 796 to 798
Skipped Seq from 798 to 800
Skipped Seq from 804 to 809
Skipped Seq from 819 to 821
Skipped Seq from 822 to 824
Skipped Seq from 830 to 832
Skipped Seq from 838 to 840
Skipped Seq from 855 to 857
Skipped Seq from 865 to 867
Skipped Seq from 867 to 869
Skipped Seq from 870 to 872
Skipped Seq from 872 to 874
Skipped Seq from 874 to 876
Skipped Seq from 880 to 883
Skipped Seq from 884 to 886
Skipped Seq from 889 to 891
Skipped Seq from 893 to 895
Skipped Seq from 895 to 897
Skipped Seq from 903 to 906
Skipped Seq from 906 to 909
Skipped Seq from 909 to 912
Skipped Seq from 913 to 915
Skipped Seq from 920 to 922
Skipped Seq from 923 to 925
Skipped Seq from 931 to 933
Skipped Seq from 933 to 935
Skipped Seq from 935 to 938
Skipped Seq from 942 to 944
Skipped Seq from 944 to 948
Skipped Seq from 949 to 951
Skipped Seq from 951 to 953
Skipped Seq from 956 to 958
Skipped Seq from 962 to 964
Skipped Seq from 965 to 968
Skipped Seq from 974 to 977
Skipped Seq from 978 to 980
Skipped Seq from 982 to 984
Skipped Seq from 984 to 987
Skipped Seq from 989 to 991
Skipped Seq from 993 to 995
Skipped Seq from 995 to 997
Skipped Seq from 1002 to 1004
Skipped Seq from 1005 to 1008
Skipped Seq from 1008 to 1010
Skipped Seq from 1011 to 1014
Skipped Seq from 1017 to 1019
Skipped Seq from 1019 to 1021
Skipped Seq from 1025 to 1028
Skipped Seq from 1028 to 1030
Skipped Seq from 1031 to 1033
Skipped Seq from 1035 to 1038
Skipped Seq from 1042 to 1044
Skipped Seq from 1047 to 1049
Skipped Seq from 1051 to 1053
Skipped Seq from 1054 to 1056
Skipped Seq from 1056 to 1059
Skipped Seq from 1059 to 1061
Skipped Seq from 1066 to 1068
Skipped Seq from 1069 to 1071
Skipped Seq from 1071 to 1074
Skipped Seq from 1077 to 1079
Skipped Seq from 1082 to 1085
Skipped Seq from 1087 to 1089
Skipped Seq from 1091 to 1093
Skipped Seq from 1094 to 1097
Skipped Seq from 1098 to 1100
Skipped Seq from 1100 to 1102
Skipped Seq from 1105 to 1107
Skipped Seq from 1108 to 1111
Skipped Seq from 1116 to 1118
Skipped Seq from 1122 to 1124
Skipped Seq from 1125 to 1127
Skipped Seq from 1132 to 1134
Skipped Seq from 1135 to 1137
Skipped Seq from 1142 to 1145
Skipped Seq from 1145 to 1147
Skipped Seq from 1147 to 1149
Skipped Seq from 1150 to 1152
Skipped Seq from 1157 to 1160
Skipped Seq from 1167 to 1170
Skipped Seq from 1171 to 1173
Skipped Seq from 1173 to 1176
Skipped Seq from 1179 to 1181
Skipped Seq from 1181 to 1183
Skipped Seq from 1185 to 1189
Skipped Seq from 1190 to 1192
Skipped Seq from 1192 to 1194
Skipped Seq from 1194 to 1196
Skipped Seq from 1196 to 1198
Skipped Seq from 1199 to 1201
Skipped Seq from 1201 to 1205
Skipped Seq from 1205 to 1207
Skipped Seq from 1210 to 1212
Skipped Seq from 1212 to 1214
Skipped Seq from 1214 to 1216
Skipped Seq from 1218 to 1220
Skipped Seq from 1225 to 1227
Skipped Seq from 1228 to 1230
Skipped Seq from 1233 to 1236
Skipped Seq from 1242 to 1244
Skipped Seq from 1245 to 1248
Skipped Seq from 1251 to 1253
Skipped Seq from 1258 to 1260
Skipped Seq from 1261 to 1263
Skipped Seq from 1264 to 1266
Skipped Seq from 1269 to 1271
Skipped Seq from 1271 to 1273
Skipped Seq from 1273 to 1275
Skipped Seq from 1279 to 1281
Skipped Seq from 1283 to 1285
Skipped Seq from 1287 to 1289
Skipped Seq from 1289 to 1292
Skipped Seq from 1294 to 1296
Skipped Seq from 1296 to 1298
Skipped Seq from 1300 to 1302
Skipped Seq from 1302 to 1304
Skipped Seq from 1312 to 1314
Skipped Seq from 1315 to 1319
Skipped Seq from 1321 to 1323
Skipped Seq from 1323 to 1325
Skipped Seq from 1327 to 1329
Skipped Seq from 1331 to 1333
Skipped Seq from 1336 to 1338
Skipped Seq from 1342 to 1344
Skipped Seq from 1347 to 1350
Skipped Seq from 1351 to 1354
Skipped Seq from 1354 to 1357
Skipped Seq from 1358 to 1361
Skipped Seq from 1361 to 1363
Skipped Seq from 1363 to 1365
Skipped Seq from 1366 to 1368
Skipped Seq from 1376 to 1378
Skipped Seq from 1378 to 1380
Skipped Seq from 1380 to 1382
Skipped Seq from 1382 to 1385
Skipped Seq from 1385 to 1387
Skipped Seq from 1387 to 1389
Skipped Seq from 1390 to 1393
Skipped Seq from 1398 to 1401
Skipped Seq from 1406 to 1408
Skipped Seq from 1413 to 1415
Skipped Seq from 1416 to 1419
Skipped Seq from 1420 to 1422
Skipped Seq from 1422 to 1424
Skipped Seq from 1425 to 1427
Skipped Seq from 1429 to 1431
Skipped Seq from 1433 to 1435
Skipped Seq from 1435 to 1438
Skipped Seq from 1448 to 1452
Skipped Seq from 1454 to 1457
Skipped Seq from 1457 to 1460
Skipped Seq from 1460 to 1462
Skipped Seq from 1462 to 1466
Skipped Seq from 1467 to 1469
Skipped Seq from 1473 to 1475
Skipped Seq from 1475 to 1478
Skipped Seq from 1479 to 1481
Skipped Seq from 1485 to 1487
Skipped Seq from 1488 to 1490
Skipped Seq from 1490 to 1492
Skipped Seq from 1499 to 1501
Skipped Seq from 1501 to 1504
Skipped Seq from 1504 to 1506
Skipped Seq from 1506 to 1508
Skipped Seq from 1512 to 1514
Skipped Seq from 1517 to 1520
Skipped Seq from 1520 to 1522
Skipped Seq from 1522 to 1524
Skipped Seq from 1526 to 1528
Skipped Seq from 1530 to 1533
Skipped Seq from 1533 to 1535
Skipped Seq from 1544 to 1546
Skipped Seq from 1566 to 1568
Skipped Seq from 1571 to 1573
Skipped Seq from 1613 to 1615
Skipped Seq from 1624 to 1626
Skipped Seq from 1628 to 1630
Skipped Seq from 1655 to 1657
Skipped Seq from 1679 to 1681
Skipped Seq from 1690 to 1692
Skipped Seq from 1895 to 1897
Skipped Seq from 1902 to 1905
Skipped Seq from 1908 to 1912
Skipped Seq from 1912 to 1914
Skipped Seq from 1915 to 1918
Skipped Seq from 1918 to 1920
Skipped Seq from 1921 to 1924
Skipped Seq from 1925 to 1929
Skipped Seq from 1929 to 1931
Skipped Seq from 1932 to 1934
Skipped Seq from 1934 to 1936
Skipped Seq from 1936 to 1939
Skipped Seq from 1940 to 1942
Skipped Seq from 1942 to 1946
Skipped Seq from 1948 to 1954
Skipped Seq from 1955 to 1962
Skipped Seq from 1962 to 1966
Skipped Seq from 1966 to 1968
Skipped Seq from 1969 to 1972
Skipped Seq from 1972 to 1974
Skipped Seq from 1974 to 1976
Skipped Seq from 1977 to 1980
Skipped Seq from 1981 to 1984
Skipped Seq from 1984 to 1988
Skipped Seq from 1989 to 1992
Skipped Seq from 1992 to 1995
Skipped Seq from 1996 to 1999
Skipped Seq from 1999 to 2002
Skipped Seq from 2002 to 2006
Skipped Seq from 2007 to 2009
Skipped Seq from 2010 to 2012
Skipped Seq from 2012 to 2016
Skipped Seq from 2017 to 2019
Skipped Seq from 2019 to 2021
Skipped Seq from 2021 to 2023
Skipped Seq from 2023 to 2027
Skipped Seq from 2027 to 2029
Skipped Seq from 2029 to 2031
Skipped Seq from 2031 to 2034
Skipped Seq from 2034 to 2036
Skipped Seq from 2036 to 2038
Skipped Seq from 2038 to 2043
Skipped Seq from 2044 to 2046
Skipped Seq from 2046 to 2050
Skipped Seq from 2050 to 2053
Skipped Seq from 2053 to 2055
Skipped Seq from 2055 to 2059
Skipped Seq from 2060 to 2063
Skipped Seq from 2064 to 2066
Skipped Seq from 2066 to 2071
Skipped Seq from 2072 to 2076
Skipped Seq from 2077 to 2079
Skipped Seq from 2079 to 2081
Skipped Seq from 2081 to 2083
Skipped Seq from 2083 to 2085
Skipped Seq from 2085 to 2088
Skipped Seq from 2088 to 2092
Skipped Seq from 2092 to 2094
Skipped Seq from 2094 to 2096
Skipped Seq from 2097 to 2099
Skipped Seq from 2099 to 2101
Skipped Seq from 2101 to 2103
Skipped Seq from 2103 to 2106
Skipped Seq from 2106 to 2111
Skipped Seq from 2111 to 2113
Skipped Seq from 2114 to 2116
Skipped Seq from 2116 to 2119
Skipped Seq from 2119 to 2123
Skipped Seq from 2124 to 2126
Skipped Seq from 2126 to 2131
Skipped Seq from 2131 to 2134
Skipped Seq from 2134 to 2136
Skipped Seq from 2136 to 2138
Skipped Seq from 2139 to 2141
Skipped Seq from 2141 to 2143
Skipped Seq from 2143 to 2146
Skipped Seq from 2146 to 2149
Skipped Seq from 2149 to 2151
Skipped Seq from 2151 to 2153
Skipped Seq from 2153 to 2155
Skipped Seq from 2155 to 2158
Skipped Seq from 2158 to 2160
Skipped Seq from 2160 to 2162
Skipped Seq from 2162 to 2164
Skipped Seq from 2165 to 2167
Skipped Seq from 2167 to 2170
Skipped Seq from 2171 to 2175
Skipped Seq from 2176 to 2181
Skipped Seq from 2182 to 2185
Skipped Seq from 2185 to 2187
Skipped Seq from 2188 to 2191
Skipped Seq from 2191 to 2193
Skipped Seq from 2193 to 2195
Skipped Seq from 2195 to 2197
Skipped Seq from 2197 to 2203
Skipped Seq from 2203 to 2205
Skipped Seq from 2205 to 2207
Skipped Seq from 2207 to 2213
Skipped Seq from 2213 to 2216
Skipped Seq from 2216 to 2218
Skipped Seq from 2219 to 2228
Skipped Seq from 2228 to 2230
Skipped Seq from 2231 to 2233
Skipped Seq from 2235 to 2243
Skipped Seq from 2243 to 2245
Skipped Seq from 2245 to 2249
Skipped Seq from 2249 to 2251
Skipped Seq from 2251 to 2253
Skipped Seq from 2253 to 2255
Skipped Seq from 2255 to 2258
Skipped Seq from 2258 to 2260
Skipped Seq from 2260 to 2262
Skipped Seq from 2262 to 2266
Skipped Seq from 2267 to 2270
Skipped Seq from 2270 to 2273
Skipped Seq from 2273 to 2277
Skipped Seq from 2279 to 2285
Skipped Seq from 2285 to 2287
Skipped Seq from 2287 to 2291
Skipped Seq from 2292 to 2295
Skipped Seq from 2296 to 2299
Skipped Seq from 2299 to 2301
Skipped Seq from 2301 to 2303
Skipped Seq from 2303 to 2306
Skipped Seq from 2307 to 2312
Skipped Seq from 2312 to 2314
Skipped Seq from 2315 to 2319
Skipped Seq from 2320 to 2323
Skipped Seq from 2324 to 2326
Skipped Seq from 2326 to 2332
Skipped Seq from 2333 to 2336
Skipped Seq from 2337 to 2344
Skipped Seq from 2344 to 2347
Skipped Seq from 2348 to 2351
Skipped Seq from 2351 to 2353
Skipped Seq from 2353 to 2355
Skipped Seq from 2355 to 2357
Skipped Seq from 2357 to 2360
Skipped Seq from 2360 to 2362
Skipped Seq from 2363 to 2367
Skipped Seq from 2368 to 2370
Skipped Seq from 2370 to 2372
Skipped Seq from 2372 to 2374
Skipped Seq from 2374 to 2376
Skipped Seq from 2376 to 2378
Skipped Seq from 2378 to 2380
Skipped Seq from 2380 to 2382
Skipped Seq from 2382 to 2385
Skipped Seq from 2386 to 2388
Skipped Seq from 2388 to 2390
Skipped Seq from 2390 to 2393
Skipped Seq from 2393 to 2396
Skipped Seq from 2396 to 2400
Skipped Seq from 2400 to 2402
Skipped Seq from 2402 to 2405
Skipped Seq from 2405 to 2407
Skipped Seq from 2408 to 2411
Skipped Seq from 2411 to 2415
Skipped Seq from 2416 to 2420
Skipped Seq from 2420 to 2423
Skipped Seq from 2423 to 2425
Skipped Seq from 2425 to 2428
Skipped Seq from 2428 to 2430
Skipped Seq from 2430 to 2434
Skipped Seq from 2434 to 2436
Skipped Seq from 2436 to 2438
Skipped Seq from 2439 to 2442
Skipped Seq from 2442 to 2445
Skipped Seq from 2445 to 2447
Skipped Seq from 2448 to 2450
Skipped Seq from 2451 to 2454
Skipped Seq from 2454 to 2457
Skipped Seq from 2458 to 2460
Skipped Seq from 2460 to 2462
Skipped Seq from 2462 to 2466
Skipped Seq from 2467 to 2469
Skipped Seq from 2469 to 2472
Skipped Seq from 2473 to 2475
Skipped Seq from 2476 to 2480
Skipped Seq from 2481 to 2483
Skipped Seq from 2483 to 2485
Skipped Seq from 2485 to 2488
Skipped Seq from 2488 to 2490
Skipped Seq from 2490 to 2492
Skipped Seq from 2492 to 2495
Skipped Seq from 2495 to 2499
Skipped Seq from 2500 to 2502
Skipped Seq from 2502 to 2504
Skipped Seq from 2504 to 2506
Skipped Seq from 2506 to 2508
Skipped Seq from 2508 to 2513
Skipped Seq from 2514 to 2516
Skipped Seq from 2516 to 2518
Skipped Seq from 2518 to 2520
Skipped Seq from 2522 to 2534
Skipped Seq from 2535 to 2539
Skipped Seq from 2539 to 2542
Skipped Seq from 2542 to 2545
Skipped Seq from 2545 to 2548
Skipped Seq from 2548 to 2550
Skipped Seq from 2550 to 2552
Skipped Seq from 2552 to 2554
Skipped Seq from 2554 to 2556
Skipped Seq from 2556 to 2558
Skipped Seq from 2558 to 2560
Skipped Seq from 2561 to 2563
Skipped Seq from 2563 to 2565
Skipped Seq from 2565 to 2569
Skipped Seq from 2569 to 2576
Skipped Seq from 2577 to 2579
Skipped Seq from 2579 to 2583
Skipped Seq from 2583 to 2585
Skipped Seq from 2585 to 2587
Skipped Seq from 2588 to 2591
Skipped Seq from 2591 to 2596
Skipped Seq from 2597 to 2599
Skipped Seq from 2599 to 2601
Skipped Seq from 2601 to 2603
Skipped Seq from 2603 to 2605
Skipped Seq from 2605 to 2608
Skipped Seq from 2609 to 2612
Skipped Seq from 2613 to 2615
Skipped Seq from 2616 to 2618
Skipped Seq from 2618 to 2622
Skipped Seq from 2623 to 2626
Skipped Seq from 2626 to 2629
Skipped Seq from 2629 to 2631
Skipped Seq from 2631 to 2633
Skipped Seq from 2633 to 2640
Skipped Seq from 2640 to 2643
Skipped Seq from 2643 to 2650
Skipped Seq from 2650 to 2652
Skipped Seq from 2652 to 2654
Skipped Seq from 2655 to 2658
Skipped Seq from 2658 to 2660
Skipped Seq from 2660 to 2662
Skipped Seq from 2662 to 2664
Skipped Seq from 2665 to 2668
Skipped Seq from 2669 to 2672
Skipped Seq from 2672 to 2674
Skipped Seq from 2674 to 2676
Skipped Seq from 2676 to 2678
Skipped Seq from 2678 to 2683
Skipped Seq from 2683 to 2685
Skipped Seq from 2686 to 2688
Skipped Seq from 2688 to 2691
Skipped Seq from 2691 to 2693
Skipped Seq from 2694 to 2696
Skipped Seq from 2696 to 2698
Skipped Seq from 2698 to 2700
Skipped Seq from 2700 to 2702
Skipped Seq from 2702 to 2704
Skipped Seq from 2704 to 2706
Skipped Seq from 2706 to 2711
Skipped Seq from 2711 to 2716
Skipped Seq from 2716 to 2720
Skipped Seq from 2720 to 2722
Skipped Seq from 2724 to 2727
Skipped Seq from 2727 to 2729
Skipped Seq from 2729 to 2731
Skipped Seq from 2731 to 2733
Skipped Seq from 2733 to 2737
Skipped Seq from 2737 to 2739
Skipped Seq from 2739 to 2741
Skipped Seq from 2742 to 2744
Skipped Seq from 2744 to 2747
Skipped Seq from 2747 to 2749
Skipped Seq from 2750 to 2752
Skipped Seq from 2752 to 2755
Skipped Seq from 2755 to 2757
Skipped Seq from 2757 to 2760
Skipped Seq from 2761 to 2763
Skipped Seq from 2763 to 2765
Skipped Seq from 2765 to 2767
Skipped Seq from 2768 to 2772
Skipped Seq from 2773 to 2776
Skipped Seq from 2776 to 2779
Skipped Seq from 2779 to 2782
Skipped Seq from 2782 to 2784
Skipped Seq from 2784 to 2786
Skipped Seq from 2786 to 2788
Skipped Seq from 2788 to 2790
Skipped Seq from 2791 to 2795
Skipped Seq from 2795 to 2798
Skipped Seq from 2798 to 2800
Skipped Seq from 2800 to 2802
Skipped Seq from 2802 to 2805
Skipped Seq from 2806 to 2808
Skipped Seq from 2810 to 2814
Skipped Seq from 2814 to 2816
Skipped Seq from 2816 to 2818
Skipped Seq from 2818 to 2822
Skipped Seq from 2822 to 2825
Skipped Seq from 2825 to 2828
Skipped Seq from 2828 to 2830
Skipped Seq from 2830 to 2833
Skipped Seq from 2833 to 2835
Skipped Seq from 2835 to 2837
Skipped Seq from 2837 to 2839
Skipped Seq from 2839 to 2842
Skipped Seq from 2842 to 2844
Skipped Seq from 2845 to 2850
Skipped Seq from 2851 to 2855
Skipped Seq from 2856 to 2858
Skipped Seq from 2858 to 2861
Skipped Seq from 2862 to 2865
Skipped Seq from 2865 to 2867
Skipped Seq from 2867 to 2869
Skipped Seq from 2870 to 2873
Skipped Seq from 2873 to 2875
Skipped Seq from 2875 to 2877
Skipped Seq from 2877 to 2879
Skipped Seq from 2880 to 2884
Skipped Seq from 2884 to 2886
Skipped Seq from 2887 to 2889
Skipped Seq from 2889 to 2891
Skipped Seq from 2891 to 2893
Skipped Seq from 2893 to 2898
Skipped Seq from 2898 to 2900
Skipped Seq from 2900 to 2902
Skipped Seq from 2902 to 2904
Skipped Seq from 2904 to 2910
Skipped Seq from 2910 to 2912
Skipped Seq from 2912 to 2914
Skipped Seq from 2914 to 2916
Skipped Seq from 2916 to 2918
Skipped Seq from 2918 to 2920
Skipped Seq from 2920 to 2922
Skipped Seq from 2922 to 2930
Skipped Seq from 2930 to 2935
Skipped Seq from 2935 to 2938
Skipped Seq from 2938 to 2941
Skipped Seq from 2941 to 2943
Skipped Seq from 2943 to 2947
Skipped Seq from 2947 to 2949
Skipped Seq from 2949 to 2951
Skipped Seq from 2951 to 2954
Skipped Seq from 2954 to 2957
Skipped Seq from 2957 to 2959
Skipped Seq from 2959 to 2961
Skipped Seq from 2961 to 2963
Skipped Seq from 2963 to 2966
Skipped Seq from 2966 to 2968
Skipped Seq from 2968 to 2973
Skipped Seq from 2973 to 2976
Skipped Seq from 2976 to 2980
Skipped Seq from 2980 to 2986
Skipped Seq from 2986 to 2989
Skipped Seq from 2989 to 2991
Skipped Seq from 2992 to 2994
Skipped Seq from 2994 to 2996
Skipped Seq from 2996 to 2998
Skipped Seq from 2998 to 3002
Skipped Seq from 3003 to 3005
Skipped Seq from 3005 to 3007
Skipped Seq from 3008 to 3010
Skipped Seq from 3010 to 3013
Skipped Seq from 3013 to 3015
Skipped Seq from 3015 to 3018
Skipped Seq from 3018 to 3024
Skipped Seq from 3024 to 3028
Skipped Seq from 3028 to 3033
Skipped Seq from 3033 to 3036
Skipped Seq from 3037 to 3041
Skipped Seq from 3041 to 3043
Skipped Seq from 3044 to 3047
Skipped Seq from 3047 to 3049
Skipped Seq from 3049 to 3053
Skipped Seq from 3054 to 3057
Skipped Seq from 3057 to 3059
Skipped Seq from 3059 to 3062
Skipped Seq from 3062 to 3065
Skipped Seq from 3065 to 3068
Skipped Seq from 3068 to 3070
Skipped Seq from 3070 to 3072
Skipped Seq from 3072 to 3076
Skipped Seq from 3076 to 3079
Skipped Seq from 3079 to 3083
Skipped Seq from 3083 to 3087
Skipped Seq from 3087 to 3091
Skipped Seq from 3091 to 3094
Skipped Seq from 3094 to 3096
Skipped Seq from 3096 to 3098
Skipped Seq from 3098 to 3108
Skipped Seq from 3108 to 3110
Skipped Seq from 3110 to 3114
Skipped Seq from 3114 to 3119
Skipped Seq from 3119 to 3121
Skipped Seq from 3122 to 3126
Skipped Seq from 3126 to 3129
Skipped Seq from 3129 to 3131
Skipped Seq from 3131 to 3137
Skipped Seq from 3137 to 3143
Skipped Seq from 3143 to 3151
Skipped Seq from 3151 to 3158
Skipped Seq from 3159 to 3163
Skipped Seq from 3163 to 3167
Skipped Seq from 3167 to 3170
Skipped Seq from 3170 to 3173
Skipped Seq from 3173 to 3177
Skipped Seq from 3177 to 3179
Skipped Seq from 3179 to 3181
Skipped Seq from 3182 to 3185
Skipped Seq from 3185 to 3187
Skipped Seq from 3187 to 3189
Skipped Seq from 3190 to 3194
Skipped Seq from 3194 to 3196
Skipped Seq from 3196 to 3198
Skipped Seq from 3199 to 3201
Skipped Seq from 3201 to 3204
Skipped Seq from 3204 to 3206
Skipped Seq from 3207 to 3210
Skipped Seq from 3210 to 3212
Skipped Seq from 3213 to 3217
Skipped Seq from 3218 to 3220
Skipped Seq from 3220 to 3222
Skipped Seq from 3222 to 3228
Skipped Seq from 3228 to 3231
Skipped Seq from 3231 to 3234
Skipped Seq from 3234 to 3236
Skipped Seq from 3236 to 3238
Skipped Seq from 3238 to 3240
Skipped Seq from 3240 to 3243
Skipped Seq from 3243 to 3251
Skipped Seq from 3251 to 3253
Skipped Seq from 3253 to 3259
Skipped Seq from 3259 to 3261
Skipped Seq from 3261 to 3265
Skipped Seq from 3267 to 3274
Skipped Seq from 3274 to 3276
Skipped Seq from 3276 to 3279
Skipped Seq from 3279 to 3282
Skipped Seq from 3283 to 3285
Skipped Seq from 3285 to 3287
Skipped Seq from 3287 to 3292
Skipped Seq from 3292 to 3294
Skipped Seq from 3294 to 3296
Skipped Seq from 3296 to 3298
Skipped Seq from 3298 to 3301
Skipped Seq from 3302 to 3309
Skipped Seq from 3310 to 3312
Skipped Seq from 3312 to 3320
Skipped Seq from 3321 to 3324
Skipped Seq from 3324 to 3326
Skipped Seq from 3326 to 3328
Skipped Seq from 3328 to 3330
Skipped Seq from 3331 to 3334
Skipped Seq from 3334 to 3342
Skipped Seq from 3342 to 3344
Skipped Seq from 3344 to 3346
Skipped Seq from 3346 to 3348
Skipped Seq from 3349 to 3357
Skipped Seq from 3357 to 3359
Skipped Seq from 3359 to 3361
Skipped Seq from 3362 to 3367
Skipped Seq from 3367 to 3369
Skipped Seq from 3369 to 3371
Skipped Seq from 3371 to 3373
Skipped Seq from 3374 to 3381
Skipped Seq from 3381 to 3383
Skipped Seq from 3384 to 3388
Skipped Seq from 3388 to 3398
Skipped Seq from 3398 to 3400
Skipped Seq from 3400 to 3402
Skipped Seq from 3403 to 3415
Skipped Seq from 3415 to 3419
Skipped Seq from 3419 to 3421
Skipped Seq from 3421 to 3424
Skipped Seq from 3424 to 3427
Skipped Seq from 3427 to 3429
Skipped Seq from 3429 to 3431
Skipped Seq from 3431 to 3433
Skipped Seq from 3433 to 3436
Skipped Seq from 3437 to 3441
Skipped Seq from 3441 to 3443
Skipped Seq from 3443 to 3446
Skipped Seq from 3446 to 3449
Skipped Seq from 3449 to 3453
Skipped Seq from 3454 to 3456
Skipped Seq from 3456 to 3458
Skipped Seq from 3458 to 3460
Skipped Seq from 3460 to 3462
Skipped Seq from 3462 to 3464
Skipped Seq from 3464 to 3467
Skipped Seq from 3467 to 3471
Skipped Seq from 3471 to 3474
Skipped Seq from 3474 to 3476
Skipped Seq from 3476 to 3478
Skipped Seq from 3478 to 3483
Skipped Seq from 3483 to 3488
Skipped Seq from 3489 to 3491
Skipped Seq from 3491 to 3493
Skipped Seq from 3493 to 3495
Skipped Seq from 3495 to 3497
Skipped Seq from 3497 to 3499
Skipped Seq from 3499 to 3501
Skipped Seq from 3502 to 3508
Skipped Seq from 3508 to 3510
Skipped Seq from 3511 to 3514
Skipped Seq from 3514 to 3516
Skipped Seq from 3516 to 3518
Skipped Seq from 3518 to 3520
Skipped Seq from 3520 to 3527
Skipped Seq from 3527 to 3529
Skipped Seq from 3530 to 3532
Skipped Seq from 3532 to 3534
Skipped Seq from 3534 to 3536
Skipped Seq from 3536 to 3539
Skipped Seq from 3539 to 3543
Skipped Seq from 3543 to 3545
Skipped Seq from 3545 to 3547
Skipped Seq from 3547 to 3550
Skipped Seq from 3550 to 3554
Skipped Seq from 3554 to 3557
Skipped Seq from 3557 to 3559
Skipped Seq from 3560 to 3564
Skipped Seq from 3565 to 3567
Skipped Seq from 3567 to 3569
Skipped Seq from 3569 to 3572
Skipped Seq from 3572 to 3574
Skipped Seq from 3575 to 3580
Skipped Seq from 3581 to 3583
Skipped Seq from 3583 to 3587
Skipped Seq from 3587 to 3589
Skipped Seq from 3589 to 3591
Skipped Seq from 3592 to 3594
Skipped Seq from 3594 to 3596
Skipped Seq from 3596 to 3608
Skipped Seq from 3608 to 3610
Skipped Seq from 3610 to 3624
Skipped Seq from 3625 to 3627
Skipped Seq from 3627 to 3629
Skipped Seq from 3629 to 3634
Skipped Seq from 3634 to 3638
Skipped Seq from 3638 to 3641
Skipped Seq from 3642 to 3644
Skipped Seq from 3644 to 3646
Skipped Seq from 3646 to 3651
Skipped Seq from 3651 to 3653
Skipped Seq from 3654 to 3657
Skipped Seq from 3657 to 3667
Skipped Seq from 3667 to 3669
Skipped Seq from 3669 to 3671
Skipped Seq from 3671 to 3677
Skipped Seq from 3677 to 3689
Skipped Seq from 3689 to 3695
Skipped Seq from 3695 to 3705
Skipped Seq from 3706 to 3710
Skipped Seq from 3711 to 3716
Skipped Seq from 3717 to 3725
Skipped Seq from 3725 to 3728
Skipped Seq from 3728 to 3735
Skipped Seq from 3735 to 3737
Skipped Seq from 3737 to 3740
Skipped Seq from 3740 to 3742
Skipped Seq from 3742 to 3744
Skipped Seq from 3744 to 3749
Skipped Seq from 3749 to 3753
Skipped Seq from 3753 to 3761
Skipped Seq from 3761 to 3763
Skipped Seq from 3763 to 3775
Skipped Seq from 3775 to 3782
Skipped Seq from 3782 to 3788
Skipped Seq from 3788 to 3792
Skipped Seq from 3793 to 3796
Skipped Seq from 3796 to 3805
Skipped Seq from 3806 to 3809
Skipped Seq from 3809 to 3815
Skipped Seq from 3816 to 3818
Skipped Seq from 3818 to 3820
Skipped Seq from 3820 to 3822
Skipped Seq from 3822 to 3826
Skipped Seq from 3826 to 3843
Skipped Seq from 3843 to 3846
Skipped Seq from 3846 to 3853
Skipped Seq from 3853 to 3855
Skipped Seq from 3855 to 3857
Skipped Seq from 3857 to 3861
Skipped Seq from 3865 to 3867
Skipped Seq from 3867 to 3874
Skipped Seq from 3874 to 3878
Skipped Seq from 3878 to 3885
Skipped Seq from 3886 to 3888
Skipped Seq from 3889 to 3891
Skipped Seq from 3891 to 3895
Skipped Seq from 3895 to 3904
Skipped Seq from 3905 to 3908
Skipped Seq from 3908 to 3921
Skipped Seq from 3921 to 3926
Skipped Seq from 3926 to 3928
Skipped Seq from 3929 to 3932
Skipped Seq from 3933 to 3937
Skipped Seq from 3939 to 3944
Skipped Seq from 3944 to 3955
Skipped Seq from 3955 to 3961
Skipped Seq from 3961 to 3977
Skipped Seq from 3981 to 3992
Skipped Seq from 3993 to 3996
Skipped Seq from 3996 to 4006
Skipped Seq from 4006 to 4008
Skipped Seq from 4009 to 4013
Skipped Seq from 4013 to 4028
Skipped Seq from 4029 to 4038
Skipped Seq from 4038 to 4047
Skipped Seq from 4047 to 4051
Skipped Seq from 4052 to 4058
Skipped Seq from 4060 to 4062
Skipped Seq from 4062 to 4067
Skipped Seq from 4068 to 4071
Skipped Seq from 4072 to 4074
Skipped Seq from 4074 to 4077
Skipped Seq from 4078 to 4080
Skipped Seq from 4080 to 4085
Skipped Seq from 4086 to 4104
Skipped Seq from 4105 to 4107
Skipped Seq from 4107 to 4115
Skipped Seq from 4116 to 4121
Skipped Seq from 4121 to 4124
Skipped Seq from 4124 to 4127
Skipped Seq from 4127 to 4130
Skipped Seq from 4130 to 4137
Skipped Seq from 4138 to 4140
Skipped Seq from 4142 to 4144
Skipped Seq from 4144 to 4149
Skipped Seq from 4149 to 4151
Skipped Seq from 4151 to 4156
Skipped Seq from 4157 to 4165
Skipped Seq from 4165 to 4168
Skipped Seq from 4169 to 4173
Skipped Seq from 4173 to 4177
Skipped Seq from 4177 to 4185
Skipped Seq from 4185 to 4188
Skipped Seq from 4188 to 4192
Skipped Seq from 4192 to 4197
Skipped Seq from 4198 to 4203
Skipped Seq from 4204 to 4219
Skipped Seq from 4220 to 4230
Skipped Seq from 4230 to 4234
Skipped Seq from 4234 to 4236
Skipped Seq from 4236 to 4238
Skipped Seq from 4238 to 4241
Skipped Seq from 4241 to 4253
Skipped Seq from 4253 to 4255
Skipped Seq from 4255 to 4262
Skipped Seq from 4262 to 4266
Skipped Seq from 4267 to 4269
Skipped Seq from 4269 to 4272
Skipped Seq from 4272 to 4274
Skipped Seq from 4275 to 4277
Skipped Seq from 4277 to 4279
Skipped Seq from 4279 to 4281
Skipped Seq from 4281 to 4283
Skipped Seq from 4283 to 4286
Skipped Seq from 4286 to 4288
Skipped Seq from 4288 to 4294
Skipped Seq from 4294 to 4296
Skipped Seq from 4296 to 4298
Skipped Seq from 4298 to 4301
Skipped Seq from 4301 to 4303
Skipped Seq from 4303 to 4305
Skipped Seq from 4305 to 4307
Skipped Seq from 4308 to 4311
Skipped Seq from 4311 to 4314
Skipped Seq from 4316 to 4319
Skipped Seq from 4319 to 4336
Skipped Seq from 4337 to 4352
Skipped Seq from 4352 to 4362
Skipped Seq from 4362 to 4365
Skipped Seq from 4367 to 4384
Skipped Seq from 4387 to 4390
Skipped Seq from 4390 to 4394
Skipped Seq from 4394 to 4396
Skipped Seq from 4396 to 4408
Skipped Seq from 4408 to 4412
Skipped Seq from 4412 to 4419
Skipped Seq from 4419 to 4423
Number of times throttled: 6
Received: 2497 / 4427 packets
Start time: 1332839381.470971
End time: 1332839401.349009
Duration: 19.878038
