Starting client at 10.0.0.20:1244 with timeout:10
My IP address is 10.0.0.20Skipped Seq from 4 to 7
Skipped Seq from 10 to 17
Skipped Seq from 17 to 26
Skipped Seq from 26 to 29
Skipped Seq from 30 to 37
Skipped Seq from 38 to 57
Skipped Seq from 57 to 63
Skipped Seq from 65 to 69
Skipped Seq from 69 to 72
Skipped Seq from 72 to 74
Skipped Seq from 78 to 85
Skipped Seq from 86 to 89
Skipped Seq from 90 to 92
Skipped Seq from 93 to 96
Skipped Seq from 96 to 100
Skipped Seq from 100 to 107
Skipped Seq from 107 to 112
Skipped Seq from 112 to 117
Skipped Seq from 118 to 124
Skipped Seq from 124 to 127
Skipped Seq from 127 to 130
Skipped Seq from 130 to 132
Skipped Seq from 137 to 152
Skipped Seq from 152 to 167
Skipped Seq from 171 to 181
Skipped Seq from 182 to 184
Skipped Seq from 185 to 190
Skipped Seq from 190 to 193
Skipped Seq from 193 to 201
Skipped Seq from 201 to 204
Skipped Seq from 204 to 210
Skipped Seq from 211 to 213
Skipped Seq from 213 to 216
Skipped Seq from 216 to 219
Skipped Seq from 223 to 225
Skipped Seq from 226 to 228
Skipped Seq from 228 to 230
Skipped Seq from 230 to 233
Skipped Seq from 235 to 237
Skipped Seq from 237 to 240
Skipped Seq from 241 to 243
Skipped Seq from 243 to 245
Skipped Seq from 245 to 252
Skipped Seq from 253 to 258
Skipped Seq from 258 to 265
Skipped Seq from 265 to 279
Skipped Seq from 279 to 284
Skipped Seq from 284 to 289
Skipped Seq from 290 to 293
Skipped Seq from 294 to 301
Skipped Seq from 302 to 304
Skipped Seq from 306 to 313
Skipped Seq from 313 to 321
Skipped Seq from 322 to 342
Skipped Seq from 342 to 357
Skipped Seq from 357 to 359
Skipped Seq from 359 to 361
Skipped Seq from 362 to 371
Skipped Seq from 371 to 378
Skipped Seq from 378 to 382
Skipped Seq from 384 to 386
Skipped Seq from 386 to 389
Skipped Seq from 390 to 392
Skipped Seq from 392 to 399
Skipped Seq from 399 to 402
Skipped Seq from 403 to 406
Skipped Seq from 406 to 408
Skipped Seq from 408 to 410
Skipped Seq from 410 to 418
Skipped Seq from 418 to 420
Skipped Seq from 420 to 422
Skipped Seq from 423 to 430
Skipped Seq from 430 to 432
Skipped Seq from 433 to 435
Skipped Seq from 435 to 437
Skipped Seq from 437 to 443
Skipped Seq from 445 to 447
Skipped Seq from 447 to 449
Skipped Seq from 449 to 460
Skipped Seq from 460 to 463
Skipped Seq from 464 to 474
Skipped Seq from 475 to 485
Skipped Seq from 486 to 489
Skipped Seq from 489 to 492
Skipped Seq from 493 to 499
Skipped Seq from 499 to 509
Skipped Seq from 511 to 514
Skipped Seq from 516 to 522
Skipped Seq from 522 to 524
Skipped Seq from 524 to 526
Skipped Seq from 526 to 529
Skipped Seq from 531 to 540
Skipped Seq from 540 to 542
Skipped Seq from 545 to 549
Skipped Seq from 550 to 555
Skipped Seq from 555 to 563
Skipped Seq from 563 to 568
Skipped Seq from 569 to 581
Skipped Seq from 581 to 584
Skipped Seq from 584 to 589
Skipped Seq from 589 to 595
Skipped Seq from 595 to 603
Skipped Seq from 603 to 612
Skipped Seq from 612 to 617
Skipped Seq from 617 to 623
Skipped Seq from 623 to 627
Skipped Seq from 628 to 634
Skipped Seq from 634 to 636
Skipped Seq from 636 to 638
Skipped Seq from 638 to 645
Skipped Seq from 645 to 654
Skipped Seq from 654 to 656
Skipped Seq from 656 to 661
Skipped Seq from 661 to 663
Skipped Seq from 663 to 674
Skipped Seq from 675 to 681
Skipped Seq from 682 to 687
Skipped Seq from 687 to 691
Skipped Seq from 691 to 693
Skipped Seq from 693 to 699
Skipped Seq from 699 to 701
Skipped Seq from 701 to 703
Skipped Seq from 703 to 705
Skipped Seq from 706 to 710
Skipped Seq from 710 to 713
Skipped Seq from 713 to 721
Skipped Seq from 721 to 724
Skipped Seq from 725 to 727
Skipped Seq from 727 to 729
Skipped Seq from 729 to 734
Skipped Seq from 734 to 736
Skipped Seq from 736 to 746
Skipped Seq from 746 to 748
Skipped Seq from 751 to 761
Skipped Seq from 761 to 765
Skipped Seq from 765 to 768
Skipped Seq from 768 to 772
Skipped Seq from 772 to 774
Skipped Seq from 776 to 788
Skipped Seq from 788 to 790
Skipped Seq from 790 to 792
Skipped Seq from 792 to 798
Skipped Seq from 799 to 806
Skipped Seq from 806 to 825
Skipped Seq from 825 to 827
Skipped Seq from 827 to 830
Skipped Seq from 830 to 832
Skipped Seq from 832 to 837
Skipped Seq from 837 to 840
Skipped Seq from 840 to 844
Skipped Seq from 844 to 848
Skipped Seq from 848 to 855
Skipped Seq from 856 to 858
Skipped Seq from 858 to 862
Skipped Seq from 864 to 867
Skipped Seq from 868 to 870
Skipped Seq from 870 to 872
Skipped Seq from 873 to 875
Skipped Seq from 876 to 878
Skipped Seq from 878 to 880
Skipped Seq from 880 to 882
Skipped Seq from 882 to 891
Skipped Seq from 891 to 897
Skipped Seq from 897 to 904
Skipped Seq from 905 to 908
Skipped Seq from 912 to 915
Skipped Seq from 915 to 922
Skipped Seq from 922 to 924
Skipped Seq from 924 to 926
Skipped Seq from 926 to 938
Skipped Seq from 939 to 950
Skipped Seq from 950 to 954
Skipped Seq from 959 to 963
Skipped Seq from 963 to 966
Skipped Seq from 966 to 969
Skipped Seq from 972 to 974
Skipped Seq from 975 to 982
Skipped Seq from 982 to 990
Skipped Seq from 990 to 992
Skipped Seq from 993 to 1002
Skipped Seq from 1002 to 1007
Skipped Seq from 1007 to 1010
Skipped Seq from 1010 to 1012
Skipped Seq from 1013 to 1015
Skipped Seq from 1021 to 1028
Skipped Seq from 1028 to 1031
Skipped Seq from 1031 to 1033
Skipped Seq from 1033 to 1036
Skipped Seq from 1036 to 1042
Skipped Seq from 1045 to 1049
Skipped Seq from 1050 to 1053
Skipped Seq from 1057 to 1060
Skipped Seq from 1063 to 1071
Skipped Seq from 1073 to 1076
Skipped Seq from 1076 to 1079
Skipped Seq from 1081 to 1084
Skipped Seq from 1084 to 1086
Skipped Seq from 1086 to 1088
Skipped Seq from 1088 to 1094
Skipped Seq from 1094 to 1097
Skipped Seq from 1097 to 1099
Skipped Seq from 1099 to 1103
Skipped Seq from 1104 to 1108
Skipped Seq from 1109 to 1112
Skipped Seq from 1112 to 1114
Skipped Seq from 1114 to 1117
Skipped Seq from 1118 to 1122
Skipped Seq from 1122 to 1129
Skipped Seq from 1129 to 1131
Skipped Seq from 1131 to 1133
Skipped Seq from 1134 to 1140
Skipped Seq from 1141 to 1146
Skipped Seq from 1148 to 1150
Skipped Seq from 1150 to 1157
Skipped Seq from 1158 to 1178
Skipped Seq from 1179 to 1182
Skipped Seq from 1184 to 1191
Skipped Seq from 1191 to 1197
Skipped Seq from 1197 to 1199
Skipped Seq from 1202 to 1204
Skipped Seq from 1204 to 1231
Skipped Seq from 1231 to 1235
Skipped Seq from 1235 to 1237
Skipped Seq from 1238 to 1240
Skipped Seq from 1243 to 1245
Skipped Seq from 1246 to 1273
Skipped Seq from 1274 to 1280
Skipped Seq from 1282 to 1292
Skipped Seq from 1292 to 1303
Skipped Seq from 1303 to 1309
Skipped Seq from 1310 to 1335
Skipped Seq from 1335 to 1344
Skipped Seq from 1347 to 1349
Skipped Seq from 1349 to 1386
Skipped Seq from 1389 to 1393
Skipped Seq from 1393 to 1397
Skipped Seq from 1397 to 1402
Skipped Seq from 1403 to 1407
Skipped Seq from 1409 to 1411
Skipped Seq from 1411 to 1414
Skipped Seq from 1416 to 1426
Skipped Seq from 1426 to 1431
Skipped Seq from 1434 to 1436
Skipped Seq from 1436 to 1438
Skipped Seq from 1450 to 1454
Skipped Seq from 1456 to 1461
Skipped Seq from 1461 to 1465
Skipped Seq from 1466 to 1478
Skipped Seq from 1485 to 1492
Skipped Seq from 1494 to 1497
Skipped Seq from 1501 to 1504
Skipped Seq from 1514 to 1522
Skipped Seq from 1522 to 1533
Skipped Seq from 1534 to 1540
Skipped Seq from 1541 to 1547
Skipped Seq from 1548 to 1565
Skipped Seq from 1566 to 1570
Skipped Seq from 1570 to 1573
Skipped Seq from 1574 to 1576
Skipped Seq from 1576 to 1582
Skipped Seq from 1584 to 1592
Skipped Seq from 1593 to 1595
Skipped Seq from 1595 to 1597
Skipped Seq from 1600 to 1603
Skipped Seq from 1603 to 1606
Skipped Seq from 1606 to 1617
Skipped Seq from 1617 to 1620
Skipped Seq from 1620 to 1625
Skipped Seq from 1625 to 1634
Skipped Seq from 1635 to 1637
Skipped Seq from 1637 to 1643
Skipped Seq from 1643 to 1646
Skipped Seq from 1646 to 1651
Skipped Seq from 1653 to 1660
Skipped Seq from 1661 to 1663
Skipped Seq from 1663 to 1668
Skipped Seq from 1668 to 1673
Skipped Seq from 1673 to 1678
Skipped Seq from 1678 to 1682
Skipped Seq from 1686 to 1690
Skipped Seq from 1690 to 1693
Skipped Seq from 1695 to 1699
Skipped Seq from 1703 to 1708
Skipped Seq from 1709 to 1713
Skipped Seq from 1717 to 1720
Skipped Seq from 1720 to 1723
Skipped Seq from 1724 to 1736
Skipped Seq from 1740 to 1749
Skipped Seq from 1754 to 1758
Skipped Seq from 1758 to 1762
Skipped Seq from 1763 to 1770
Skipped Seq from 1770 to 1779
Skipped Seq from 1792 to 1805
Skipped Seq from 1807 to 1812
Skipped Seq from 1813 to 1819
Skipped Seq from 1819 to 1824
Skipped Seq from 1824 to 1833
Skipped Seq from 1834 to 1841
Skipped Seq from 1841 to 1847
Skipped Seq from 1847 to 1850
Skipped Seq from 1850 to 1856
Skipped Seq from 1856 to 1858
Skipped Seq from 1860 to 1863
Skipped Seq from 1863 to 1870
Skipped Seq from 1870 to 1885
Skipped Seq from 1885 to 1890
Skipped Seq from 1890 to 1896
Skipped Seq from 1896 to 1899
Skipped Seq from 1899 to 1915
Skipped Seq from 1916 to 1938
Skipped Seq from 1944 to 1949
Skipped Seq from 1950 to 1954
Skipped Seq from 1955 to 1958
Skipped Seq from 1958 to 1962
Skipped Seq from 1962 to 1976
Skipped Seq from 1976 to 1979
Skipped Seq from 1979 to 1984
Skipped Seq from 1984 to 1989
Skipped Seq from 1989 to 1991
Skipped Seq from 1996 to 1999
Skipped Seq from 1999 to 2001
Skipped Seq from 2003 to 2011
Skipped Seq from 2012 to 2016
Skipped Seq from 2016 to 2027
Skipped Seq from 2027 to 2029
Skipped Seq from 2030 to 2032
Skipped Seq from 2037 to 2041
Skipped Seq from 2041 to 2043
Skipped Seq from 2047 to 2053
Skipped Seq from 2064 to 2067
Skipped Seq from 2067 to 2073
Skipped Seq from 2074 to 2079
Skipped Seq from 2080 to 2082
Skipped Seq from 2082 to 2086
Skipped Seq from 2087 to 2091
Skipped Seq from 2104 to 2107
Skipped Seq from 2107 to 2109
Skipped Seq from 2112 to 2114
Skipped Seq from 2114 to 2122
Skipped Seq from 2125 to 2128
Skipped Seq from 2129 to 2133
Skipped Seq from 2135 to 2137
Skipped Seq from 2137 to 2139
Skipped Seq from 2145 to 2149
Skipped Seq from 2149 to 2153
Skipped Seq from 2154 to 2161
Skipped Seq from 2165 to 2170
Skipped Seq from 2170 to 2177
Skipped Seq from 2184 to 2194
Skipped Seq from 2195 to 2201
Skipped Seq from 2203 to 2210
Skipped Seq from 2213 to 2216
Skipped Seq from 2216 to 2220
Skipped Seq from 2220 to 2225
Skipped Seq from 2230 to 2233
Skipped Seq from 2233 to 2238
Skipped Seq from 2238 to 2241
Skipped Seq from 2242 to 2244
Skipped Seq from 2254 to 2260
Skipped Seq from 2260 to 2264
Skipped Seq from 2264 to 2266
Skipped Seq from 2266 to 2270
Skipped Seq from 2272 to 2277
Skipped Seq from 2278 to 2282
Skipped Seq from 2286 to 2291
Skipped Seq from 2294 to 2306
Skipped Seq from 2307 to 2309
Skipped Seq from 2309 to 2315
Skipped Seq from 2324 to 2330
Skipped Seq from 2331 to 2335
Skipped Seq from 2342 to 2346
Skipped Seq from 2352 to 2356
Skipped Seq from 2357 to 2364
Skipped Seq from 2366 to 2374
Skipped Seq from 2375 to 2385
Skipped Seq from 2387 to 2393
Skipped Seq from 2393 to 2399
Skipped Seq from 2399 to 2404
Skipped Seq from 2404 to 2413
Skipped Seq from 2415 to 2417
Skipped Seq from 2417 to 2419
Skipped Seq from 2420 to 2423
Skipped Seq from 2424 to 2433
Skipped Seq from 2435 to 2437
Skipped Seq from 2437 to 2454
Skipped Seq from 2458 to 2462
Skipped Seq from 2465 to 2472
Skipped Seq from 2475 to 2481
Skipped Seq from 2483 to 2489
Skipped Seq from 2489 to 2496
Skipped Seq from 2496 to 2502
Skipped Seq from 2503 to 2505
Skipped Seq from 2508 to 2512
Skipped Seq from 2512 to 2514
Skipped Seq from 2514 to 2519
Skipped Seq from 2519 to 2521
Skipped Seq from 2522 to 2539
Skipped Seq from 2542 to 2545
Skipped Seq from 2556 to 2560
Skipped Seq from 2564 to 2568
Skipped Seq from 2569 to 2572
Skipped Seq from 2574 to 2579
Skipped Seq from 2579 to 2581
Skipped Seq from 2582 to 2585
Skipped Seq from 2585 to 2591
Skipped Seq from 2592 to 2598
Skipped Seq from 2598 to 2601
Skipped Seq from 2601 to 2606
Skipped Seq from 2606 to 2610
Skipped Seq from 2614 to 2616
Skipped Seq from 2617 to 2621
Skipped Seq from 2621 to 2629
Skipped Seq from 2629 to 2632
Skipped Seq from 2632 to 2635
Skipped Seq from 2636 to 2652
Number of times throttled: 3
Received: 870 / 2664 packets
Start time: 1332839335.674852
End time: 1332839349.316777
Duration: 13.641925
