Starting client at 10.0.0.22:1252 with timeout:10
My IP address is 10.0.0.22Skipped Seq from 463 to 466
Skipped Seq from 466 to 468
Skipped Seq from 471 to 473
Skipped Seq from 473 to 477
Skipped Seq from 477 to 480
Skipped Seq from 480 to 484
Skipped Seq from 485 to 487
Skipped Seq from 493 to 495
Skipped Seq from 496 to 502
Skipped Seq from 502 to 512
Skipped Seq from 512 to 520
Skipped Seq from 520 to 525
Skipped Seq from 527 to 531
Skipped Seq from 531 to 536
Skipped Seq from 536 to 539
Skipped Seq from 540 to 543
Skipped Seq from 544 to 547
Skipped Seq from 547 to 549
Skipped Seq from 550 to 574
Skipped Seq from 576 to 581
Skipped Seq from 581 to 585
Skipped Seq from 585 to 590
Skipped Seq from 590 to 592
Skipped Seq from 592 to 594
Skipped Seq from 594 to 596
Skipped Seq from 598 to 603
Skipped Seq from 606 to 611
Skipped Seq from 611 to 613
Skipped Seq from 614 to 618
Skipped Seq from 618 to 620
Skipped Seq from 620 to 625
Skipped Seq from 627 to 629
Skipped Seq from 629 to 632
Skipped Seq from 634 to 636
Skipped Seq from 636 to 638
Skipped Seq from 638 to 648
Skipped Seq from 651 to 656
Skipped Seq from 658 to 667
Skipped Seq from 667 to 679
Skipped Seq from 679 to 681
Skipped Seq from 681 to 683
Skipped Seq from 683 to 689
Skipped Seq from 689 to 695
Skipped Seq from 695 to 697
Skipped Seq from 699 to 701
Skipped Seq from 701 to 703
Skipped Seq from 705 to 709
Skipped Seq from 709 to 712
Skipped Seq from 712 to 715
Skipped Seq from 716 to 718
Skipped Seq from 718 to 726
Skipped Seq from 726 to 728
Skipped Seq from 729 to 735
Skipped Seq from 737 to 739
Skipped Seq from 745 to 749
Skipped Seq from 753 to 756
Skipped Seq from 762 to 764
Skipped Seq from 764 to 769
Skipped Seq from 769 to 771
Skipped Seq from 771 to 774
Skipped Seq from 775 to 777
Skipped Seq from 777 to 783
Skipped Seq from 783 to 790
Skipped Seq from 790 to 793
Skipped Seq from 795 to 802
Skipped Seq from 802 to 815
Skipped Seq from 817 to 822
Skipped Seq from 822 to 824
Skipped Seq from 824 to 826
Skipped Seq from 827 to 833
Skipped Seq from 833 to 835
Skipped Seq from 837 to 840
Skipped Seq from 842 to 848
Skipped Seq from 852 to 856
Skipped Seq from 856 to 865
Skipped Seq from 866 to 870
Skipped Seq from 870 to 872
Skipped Seq from 873 to 882
Skipped Seq from 883 to 885
Skipped Seq from 885 to 888
Skipped Seq from 890 to 893
Skipped Seq from 894 to 899
Skipped Seq from 900 to 902
Skipped Seq from 903 to 908
Skipped Seq from 908 to 912
Skipped Seq from 912 to 914
Skipped Seq from 914 to 923
Skipped Seq from 924 to 927
Skipped Seq from 935 to 945
Skipped Seq from 945 to 948
Skipped Seq from 949 to 951
Skipped Seq from 951 to 953
Skipped Seq from 956 to 958
Skipped Seq from 958 to 964
Skipped Seq from 967 to 969
Skipped Seq from 969 to 972
Skipped Seq from 973 to 975
Skipped Seq from 975 to 981
Skipped Seq from 983 to 985
Skipped Seq from 985 to 987
Skipped Seq from 987 to 991
Skipped Seq from 991 to 994
Skipped Seq from 994 to 1000
Skipped Seq from 1002 to 1008
Skipped Seq from 1008 to 1014
Skipped Seq from 1015 to 1020
Skipped Seq from 1020 to 1035
Skipped Seq from 1036 to 1038
Skipped Seq from 1043 to 1048
Skipped Seq from 1049 to 1061
Skipped Seq from 1063 to 1075
Skipped Seq from 1078 to 1084
Skipped Seq from 1084 to 1090
Skipped Seq from 1090 to 1100
Skipped Seq from 1100 to 1108
Skipped Seq from 1110 to 1113
Skipped Seq from 1113 to 1116
Skipped Seq from 1117 to 1129
Skipped Seq from 1131 to 1134
Skipped Seq from 1134 to 1136
Skipped Seq from 1137 to 1160
Skipped Seq from 1160 to 1165
Skipped Seq from 1166 to 1175
Skipped Seq from 1175 to 1177
Skipped Seq from 1178 to 1188
Skipped Seq from 1189 to 1192
Skipped Seq from 1197 to 1199
Skipped Seq from 1201 to 1205
Skipped Seq from 1207 to 1211
Skipped Seq from 1211 to 1213
Skipped Seq from 1213 to 1219
Skipped Seq from 1219 to 1225
Skipped Seq from 1225 to 1229
Skipped Seq from 1229 to 1238
Skipped Seq from 1241 to 1247
Skipped Seq from 1252 to 1255
Skipped Seq from 1256 to 1259
Skipped Seq from 1259 to 1268
Skipped Seq from 1268 to 1272
Skipped Seq from 1272 to 1284
Skipped Seq from 1284 to 1286
Skipped Seq from 1288 to 1290
Skipped Seq from 1294 to 1304
Skipped Seq from 1304 to 1307
Skipped Seq from 1308 to 1311
Skipped Seq from 1311 to 1319
Skipped Seq from 1319 to 1323
Skipped Seq from 1323 to 1328
Skipped Seq from 1328 to 1330
Skipped Seq from 1334 to 1337
Skipped Seq from 1337 to 1341
Skipped Seq from 1341 to 1350
Skipped Seq from 1350 to 1361
Skipped Seq from 1362 to 1369
Skipped Seq from 1369 to 1375
Skipped Seq from 1379 to 1381
Skipped Seq from 1383 to 1388
Skipped Seq from 1388 to 1397
Skipped Seq from 1399 to 1402
Skipped Seq from 1404 to 1406
Skipped Seq from 1410 to 1413
Skipped Seq from 1414 to 1422
Skipped Seq from 1422 to 1433
Skipped Seq from 1433 to 1446
Skipped Seq from 1447 to 1452
Skipped Seq from 1453 to 1462
Skipped Seq from 1462 to 1469
Skipped Seq from 1469 to 1472
Skipped Seq from 1472 to 1475
Skipped Seq from 1476 to 1482
Skipped Seq from 1484 to 1490
Skipped Seq from 1490 to 1496
Skipped Seq from 1496 to 1513
Skipped Seq from 1513 to 1520
Skipped Seq from 1523 to 1525
Skipped Seq from 1527 to 1531
Skipped Seq from 1532 to 1534
Skipped Seq from 1534 to 1537
Skipped Seq from 1538 to 1546
Skipped Seq from 1546 to 1548
Skipped Seq from 1548 to 1555
Skipped Seq from 1555 to 1558
Skipped Seq from 1558 to 1563
Skipped Seq from 1563 to 1569
Skipped Seq from 1569 to 1571
Skipped Seq from 1571 to 1573
Skipped Seq from 1573 to 1575
Skipped Seq from 1580 to 1584
Skipped Seq from 1584 to 1587
Skipped Seq from 1588 to 1591
Skipped Seq from 1591 to 1593
Skipped Seq from 1594 to 1596
Skipped Seq from 1596 to 1603
Skipped Seq from 1603 to 1607
Skipped Seq from 1607 to 1610
Skipped Seq from 1610 to 1612
Skipped Seq from 1612 to 1625
Skipped Seq from 1625 to 1629
Skipped Seq from 1629 to 1632
Skipped Seq from 1632 to 1636
Skipped Seq from 1638 to 1645
Skipped Seq from 1648 to 1668
Skipped Seq from 1668 to 1674
Skipped Seq from 1674 to 1683
Skipped Seq from 1685 to 1690
Skipped Seq from 1691 to 1693
Skipped Seq from 1694 to 1703
Skipped Seq from 1703 to 1712
Skipped Seq from 1713 to 1722
Skipped Seq from 1724 to 1730
Skipped Seq from 1732 to 1735
Skipped Seq from 1735 to 1737
Skipped Seq from 1739 to 1741
Skipped Seq from 1741 to 1743
Skipped Seq from 1743 to 1747
Skipped Seq from 1747 to 1750
Skipped Seq from 1750 to 1753
Skipped Seq from 1755 to 1763
Skipped Seq from 1763 to 1766
Skipped Seq from 1766 to 1770
Skipped Seq from 1770 to 1772
Skipped Seq from 1772 to 1775
Skipped Seq from 1775 to 1780
Skipped Seq from 1780 to 1784
Skipped Seq from 1784 to 1787
Skipped Seq from 1787 to 1795
Skipped Seq from 1795 to 1800
Skipped Seq from 1802 to 1804
Skipped Seq from 1805 to 1808
Skipped Seq from 1810 to 1822
Skipped Seq from 1822 to 1835
Skipped Seq from 1835 to 1844
Skipped Seq from 1844 to 1850
Skipped Seq from 1850 to 1855
Skipped Seq from 1855 to 1863
Skipped Seq from 1864 to 1870
Skipped Seq from 1870 to 1874
Skipped Seq from 1874 to 1886
Skipped Seq from 1889 to 1902
Skipped Seq from 1904 to 1908
Skipped Seq from 1908 to 1911
Skipped Seq from 1912 to 1914
Skipped Seq from 1915 to 1917
Skipped Seq from 1917 to 1919
Skipped Seq from 1920 to 1930
Skipped Seq from 1931 to 1937
Skipped Seq from 1937 to 1945
Skipped Seq from 1945 to 1959
Skipped Seq from 1964 to 1967
Skipped Seq from 1968 to 1974
Skipped Seq from 1974 to 1979
Skipped Seq from 1979 to 1985
Skipped Seq from 1985 to 1989
Skipped Seq from 1990 to 1992
Skipped Seq from 1992 to 1996
Skipped Seq from 1997 to 2002
Skipped Seq from 2002 to 2016
Skipped Seq from 2016 to 2018
Skipped Seq from 2018 to 2020
Skipped Seq from 2020 to 2022
Skipped Seq from 2024 to 2027
Skipped Seq from 2027 to 2031
Skipped Seq from 2032 to 2035
Skipped Seq from 2035 to 2039
Skipped Seq from 2039 to 2050
Skipped Seq from 2050 to 2053
Skipped Seq from 2054 to 2057
Skipped Seq from 2057 to 2062
Skipped Seq from 2063 to 2079
Skipped Seq from 2079 to 2101
Skipped Seq from 2101 to 2104
Skipped Seq from 2104 to 2106
Skipped Seq from 2107 to 2110
Skipped Seq from 2110 to 2115
Skipped Seq from 2115 to 2117
Skipped Seq from 2117 to 2123
Skipped Seq from 2125 to 2128
Skipped Seq from 2130 to 2134
Skipped Seq from 2134 to 2149
Skipped Seq from 2151 to 2159
Skipped Seq from 2159 to 2170
Skipped Seq from 2170 to 2178
Skipped Seq from 2178 to 2180
Skipped Seq from 2180 to 2185
Skipped Seq from 2186 to 2188
Skipped Seq from 2194 to 2196
Skipped Seq from 2196 to 2200
Skipped Seq from 2201 to 2208
Skipped Seq from 2210 to 2212
Skipped Seq from 2213 to 2221
Skipped Seq from 2223 to 2225
Skipped Seq from 2225 to 2227
Skipped Seq from 2227 to 2229
Skipped Seq from 2229 to 2231
Skipped Seq from 2234 to 2242
Skipped Seq from 2242 to 2245
Skipped Seq from 2247 to 2249
Skipped Seq from 2249 to 2265
Skipped Seq from 2265 to 2268
Skipped Seq from 2269 to 2271
Skipped Seq from 2275 to 2282
Skipped Seq from 2283 to 2286
Skipped Seq from 2287 to 2291
Skipped Seq from 2291 to 2300
Skipped Seq from 2300 to 2311
Skipped Seq from 2311 to 2313
Skipped Seq from 2313 to 2315
Skipped Seq from 2315 to 2317
Skipped Seq from 2317 to 2319
Skipped Seq from 2321 to 2329
Skipped Seq from 2329 to 2332
Skipped Seq from 2337 to 2340
Skipped Seq from 2340 to 2348
Skipped Seq from 2349 to 2361
Skipped Seq from 2361 to 2370
Skipped Seq from 2370 to 2372
Skipped Seq from 2372 to 2374
Skipped Seq from 2375 to 2383
Skipped Seq from 2383 to 2386
Skipped Seq from 2386 to 2395
Skipped Seq from 2397 to 2399
Skipped Seq from 2399 to 2411
Skipped Seq from 2411 to 2416
Skipped Seq from 2416 to 2419
Skipped Seq from 2420 to 2424
Skipped Seq from 2424 to 2426
Skipped Seq from 2427 to 2429
Skipped Seq from 2429 to 2434
Skipped Seq from 2435 to 2437
Skipped Seq from 2442 to 2444
Skipped Seq from 2444 to 2449
Skipped Seq from 2449 to 2454
Skipped Seq from 2455 to 2459
Skipped Seq from 2460 to 2463
Skipped Seq from 2468 to 2473
Skipped Seq from 2473 to 2484
Skipped Seq from 2485 to 2494
Skipped Seq from 2495 to 2499
Skipped Seq from 2500 to 2502
Skipped Seq from 2503 to 2512
Skipped Seq from 2512 to 2525
Skipped Seq from 2525 to 2528
Skipped Seq from 2530 to 2532
Skipped Seq from 2532 to 2542
Skipped Seq from 2542 to 2555
Skipped Seq from 2555 to 2557
Skipped Seq from 2557 to 2561
Skipped Seq from 2565 to 2570
Skipped Seq from 2576 to 2583
Skipped Seq from 2583 to 2588
Skipped Seq from 2590 to 2594
Skipped Seq from 2596 to 2598
Skipped Seq from 2598 to 2601
Skipped Seq from 2601 to 2604
Skipped Seq from 2604 to 2606
Skipped Seq from 2607 to 2609
Skipped Seq from 2609 to 2613
Skipped Seq from 2613 to 2615
Skipped Seq from 2615 to 2622
Skipped Seq from 2624 to 2631
Skipped Seq from 2631 to 2633
Skipped Seq from 2633 to 2636
Skipped Seq from 2636 to 2638
Skipped Seq from 2639 to 2648
Skipped Seq from 2649 to 2651
Skipped Seq from 2655 to 2658
Skipped Seq from 2658 to 2693
Skipped Seq from 2699 to 2718
Skipped Seq from 2721 to 2730
Skipped Seq from 2730 to 2740
Skipped Seq from 2740 to 2744
Skipped Seq from 2744 to 2751
Skipped Seq from 2751 to 2759
Skipped Seq from 2760 to 2770
Skipped Seq from 2771 to 2796
Skipped Seq from 2798 to 2800
Skipped Seq from 2800 to 2810
Skipped Seq from 2812 to 2824
Skipped Seq from 2824 to 2833
Skipped Seq from 2834 to 2844
Skipped Seq from 2844 to 2848
Skipped Seq from 2848 to 2851
Skipped Seq from 2861 to 2876
Skipped Seq from 2880 to 2888
Skipped Seq from 2888 to 2923
Skipped Seq from 2925 to 2942
Skipped Seq from 2945 to 2957
Skipped Seq from 2957 to 2960
Skipped Seq from 2962 to 2970
Skipped Seq from 2971 to 2981
Skipped Seq from 2982 to 2985
Skipped Seq from 2985 to 2990
Skipped Seq from 2995 to 3008
Skipped Seq from 3009 to 3022
Skipped Seq from 3025 to 3037
Skipped Seq from 3038 to 3046
Skipped Seq from 3046 to 3059
Skipped Seq from 3059 to 3076
Skipped Seq from 3076 to 3079
Skipped Seq from 3079 to 3119
Skipped Seq from 3120 to 3128
Skipped Seq from 3128 to 3142
Skipped Seq from 3142 to 3149
Skipped Seq from 3149 to 3154
Skipped Seq from 3154 to 3156
Skipped Seq from 3156 to 3158
Skipped Seq from 3159 to 3163
Skipped Seq from 3164 to 3167
Skipped Seq from 3167 to 3169
Skipped Seq from 3169 to 3171
Skipped Seq from 3171 to 3177
Skipped Seq from 3179 to 3181
Skipped Seq from 3186 to 3190
Skipped Seq from 3190 to 3195
Skipped Seq from 3195 to 3198
Skipped Seq from 3198 to 3201
Skipped Seq from 3201 to 3203
Skipped Seq from 3204 to 3211
Skipped Seq from 3211 to 3219
Skipped Seq from 3221 to 3224
Skipped Seq from 3224 to 3229
Skipped Seq from 3230 to 3237
Skipped Seq from 3237 to 3245
Skipped Seq from 3247 to 3250
Skipped Seq from 3251 to 3253
Skipped Seq from 3253 to 3255
Skipped Seq from 3257 to 3275
Skipped Seq from 3275 to 3279
Skipped Seq from 3280 to 3283
Skipped Seq from 3285 to 3288
Skipped Seq from 3288 to 3293
Skipped Seq from 3295 to 3307
Skipped Seq from 3307 to 3310
Skipped Seq from 3311 to 3314
Skipped Seq from 3314 to 3318
Skipped Seq from 3319 to 3322
Skipped Seq from 3324 to 3326
Skipped Seq from 3328 to 3335
Skipped Seq from 3335 to 3337
Skipped Seq from 3337 to 3339
Skipped Seq from 3339 to 3345
Skipped Seq from 3346 to 3360
Skipped Seq from 3360 to 3372
Skipped Seq from 3376 to 3378
Skipped Seq from 3378 to 3382
Skipped Seq from 3385 to 3389
Skipped Seq from 3393 to 3396
Skipped Seq from 3400 to 3402
Skipped Seq from 3402 to 3406
Skipped Seq from 3409 to 3412
Skipped Seq from 3419 to 3422
Skipped Seq from 3422 to 3424
Skipped Seq from 3427 to 3433
Skipped Seq from 3434 to 3438
Skipped Seq from 3440 to 3442
Skipped Seq from 3446 to 3448
Skipped Seq from 3448 to 3451
Skipped Seq from 3451 to 3458
Skipped Seq from 3463 to 3467
Skipped Seq from 3467 to 3469
Skipped Seq from 3469 to 3471
Skipped Seq from 3471 to 3473
Skipped Seq from 3474 to 3477
Skipped Seq from 3480 to 3482
Skipped Seq from 3486 to 3488
Skipped Seq from 3489 to 3491
Skipped Seq from 3491 to 3493
Skipped Seq from 3495 to 3497
Skipped Seq from 3499 to 3501
Skipped Seq from 3502 to 3505
Skipped Seq from 3505 to 3507
Skipped Seq from 3508 to 3512
Skipped Seq from 3514 to 3517
Skipped Seq from 3518 to 3529
Skipped Seq from 3529 to 3532
Skipped Seq from 3535 to 3539
Skipped Seq from 3539 to 3541
Skipped Seq from 3549 to 3552
Skipped Seq from 3552 to 3554
Skipped Seq from 3554 to 3557
Skipped Seq from 3558 to 3561
Skipped Seq from 3563 to 3567
Skipped Seq from 3570 to 3576
Skipped Seq from 3577 to 3579
Skipped Seq from 3579 to 3581
Skipped Seq from 3582 to 3591
Skipped Seq from 3593 to 3597
Skipped Seq from 3597 to 3606
Skipped Seq from 3608 to 3610
Skipped Seq from 3611 to 3614
Skipped Seq from 3614 to 3616
Skipped Seq from 3619 to 3621
Skipped Seq from 3624 to 3627
Skipped Seq from 3627 to 3632
Skipped Seq from 3634 to 3645
Skipped Seq from 3645 to 3650
Skipped Seq from 3655 to 3659
Skipped Seq from 3661 to 3665
Skipped Seq from 3665 to 3669
Skipped Seq from 3669 to 3671
Skipped Seq from 3671 to 3673
Skipped Seq from 3673 to 3676
Skipped Seq from 3676 to 3678
Skipped Seq from 3678 to 3680
Skipped Seq from 3681 to 3683
Skipped Seq from 3684 to 3688
Skipped Seq from 3692 to 3694
Skipped Seq from 3694 to 3711
Skipped Seq from 3711 to 3714
Skipped Seq from 3717 to 3719
Skipped Seq from 3722 to 3730
Skipped Seq from 3730 to 3732
Skipped Seq from 3732 to 3736
Skipped Seq from 3749 to 3751
Skipped Seq from 3756 to 3758
Skipped Seq from 3759 to 3764
Skipped Seq from 3898 to 3901
Skipped Seq from 3901 to 3903
Skipped Seq from 3905 to 3907
Skipped Seq from 3911 to 3913
Skipped Seq from 3914 to 3917
Skipped Seq from 3927 to 3929
Skipped Seq from 3929 to 3933
Skipped Seq from 3937 to 3940
Skipped Seq from 3940 to 3942
Skipped Seq from 3949 to 3951
Skipped Seq from 3951 to 3953
Skipped Seq from 3966 to 3969
Skipped Seq from 3971 to 3973
Skipped Seq from 3973 to 3975
Skipped Seq from 3977 to 3981
Skipped Seq from 3987 to 3991
Skipped Seq from 3992 to 3995
Skipped Seq from 3995 to 3997
Skipped Seq from 4030 to 4033
Skipped Seq from 4036 to 4038
Skipped Seq from 8154 to 8156
Skipped Seq from 8157 to 8159
Skipped Seq from 8159 to 8161
Skipped Seq from 8161 to 8164
Skipped Seq from 8165 to 8167
Skipped Seq from 8168 to 8170
Skipped Seq from 8170 to 8172
Skipped Seq from 8172 to 8177
Skipped Seq from 8178 to 8181
Skipped Seq from 8181 to 8184
Skipped Seq from 8186 to 8191
Skipped Seq from 8198 to 8212
Skipped Seq from 8213 to 8220
Skipped Seq from 8220 to 8224
Skipped Seq from 8230 to 8245
Skipped Seq from 8247 to 8250
Skipped Seq from 8251 to 8254
Skipped Seq from 8254 to 8258
Skipped Seq from 8268 to 8272
Skipped Seq from 8275 to 8280
Skipped Seq from 8293 to 8296
Skipped Seq from 8299 to 8301
Skipped Seq from 8301 to 8307
Skipped Seq from 8307 to 8309
Skipped Seq from 8324 to 8331
Skipped Seq from 8331 to 8334
Skipped Seq from 8336 to 8339
Skipped Seq from 8344 to 8346
Skipped Seq from 8346 to 8349
Skipped Seq from 8351 to 8358
Skipped Seq from 8358 to 8362
Skipped Seq from 8362 to 8368
Skipped Seq from 8368 to 8375
Skipped Seq from 8383 to 8391
Skipped Seq from 8393 to 8396
Skipped Seq from 8410 to 8416
Skipped Seq from 8417 to 8421
Skipped Seq from 8425 to 8427
Skipped Seq from 8427 to 8435
Skipped Seq from 8435 to 8441
Skipped Seq from 8444 to 8450
Skipped Seq from 8455 to 8458
Skipped Seq from 8463 to 8465
Skipped Seq from 8485 to 8489
Skipped Seq from 8500 to 8510
Skipped Seq from 8510 to 8520
Skipped Seq from 8520 to 8531
Skipped Seq from 8531 to 8534
Skipped Seq from 8534 to 8537
Skipped Seq from 8537 to 8542
Skipped Seq from 8546 to 8553
Skipped Seq from 8553 to 8565
Skipped Seq from 8605 to 8607
Skipped Seq from 8617 to 8619
Skipped Seq from 8619 to 8623
Skipped Seq from 8624 to 8626
Skipped Seq from 8631 to 8633
Skipped Seq from 8637 to 8642
Skipped Seq from 8642 to 8644
Skipped Seq from 8648 to 8651
Skipped Seq from 8651 to 8653
Skipped Seq from 8653 to 8657
Skipped Seq from 8658 to 8661
Skipped Seq from 8663 to 8666
Skipped Seq from 8668 to 8673
Skipped Seq from 8674 to 8678
Skipped Seq from 8708 to 8710
Skipped Seq from 8710 to 8713
Skipped Seq from 8713 to 8717
Skipped Seq from 8725 to 8728
Skipped Seq from 8728 to 8731
Skipped Seq from 8736 to 8739
Skipped Seq from 8739 to 8745
Skipped Seq from 8749 to 8754
Skipped Seq from 8754 to 8762
Skipped Seq from 8762 to 8764
Skipped Seq from 8765 to 8773
Skipped Seq from 8774 to 8778
Skipped Seq from 8778 to 8781
Skipped Seq from 8782 to 8785
Skipped Seq from 8786 to 8788
Skipped Seq from 8822 to 8824
Skipped Seq from 8824 to 8826
Skipped Seq from 8828 to 8832
Skipped Seq from 8834 to 8836
Skipped Seq from 8838 to 8840
Skipped Seq from 8841 to 8847
Skipped Seq from 8852 to 8854
Skipped Seq from 8855 to 8857
Skipped Seq from 8858 to 8860
Skipped Seq from 8865 to 8869
Skipped Seq from 8873 to 8876
Skipped Seq from 8885 to 8888
Skipped Seq from 8889 to 8891
Skipped Seq from 8891 to 8893
Skipped Seq from 8900 to 8902
Skipped Seq from 8903 to 8905
Skipped Seq from 8914 to 8916
Skipped Seq from 8923 to 8928
Skipped Seq from 8930 to 8933
Skipped Seq from 8933 to 8935
Skipped Seq from 8937 to 8940
Skipped Seq from 8940 to 8944
Skipped Seq from 8947 to 8949
Skipped Seq from 8950 to 8952
Skipped Seq from 8953 to 8955
Skipped Seq from 8955 to 8959
Skipped Seq from 8960 to 8962
Skipped Seq from 8964 to 8966
Skipped Seq from 8968 to 8973
Skipped Seq from 8973 to 8975
Skipped Seq from 8978 to 8981
Skipped Seq from 8981 to 8983
Skipped Seq from 8984 to 8990
Skipped Seq from 8990 to 8997
Skipped Seq from 9013 to 9017
Skipped Seq from 9031 to 9034
Skipped Seq from 9034 to 9043
Skipped Seq from 9044 to 9063
Skipped Seq from 9063 to 9065
Skipped Seq from 9072 to 9077
Skipped Seq from 9080 to 9082
Skipped Seq from 9095 to 9098
Skipped Seq from 9100 to 9104
Skipped Seq from 9105 to 9107
Skipped Seq from 9113 to 9119
Skipped Seq from 9124 to 9126
Skipped Seq from 9131 to 9137
Skipped Seq from 9137 to 9147
Skipped Seq from 9147 to 9150
Skipped Seq from 9155 to 9160
Skipped Seq from 9174 to 9183
Skipped Seq from 9183 to 9185
Skipped Seq from 9188 to 9190
Skipped Seq from 9196 to 9198
Skipped Seq from 9199 to 9208
Skipped Seq from 9208 to 9210
Skipped Seq from 9214 to 9219
Skipped Seq from 9220 to 9222
Skipped Seq from 9222 to 9224
Skipped Seq from 9225 to 9228
Skipped Seq from 9228 to 9231
Skipped Seq from 9245 to 9248
Skipped Seq from 9258 to 9260
Skipped Seq from 9260 to 9274
Skipped Seq from 9280 to 9287
Skipped Seq from 9289 to 9292
Skipped Seq from 9298 to 9306
Skipped Seq from 9306 to 9308
Skipped Seq from 9311 to 9314
Skipped Seq from 9315 to 9318
Skipped Seq from 9318 to 9322
Skipped Seq from 9322 to 9324
Skipped Seq from 9324 to 9327
Skipped Seq from 9327 to 9330
Skipped Seq from 9332 to 9338
Skipped Seq from 9338 to 9341
Skipped Seq from 9342 to 9345
Skipped Seq from 9345 to 9347
Skipped Seq from 9356 to 9359
Skipped Seq from 9360 to 9363
Skipped Seq from 9363 to 9365
Skipped Seq from 9370 to 9373
Skipped Seq from 9373 to 9376
Skipped Seq from 9377 to 9380
Skipped Seq from 9388 to 9398
Skipped Seq from 9402 to 9405
Skipped Seq from 9406 to 9408
Skipped Seq from 9418 to 9424
Skipped Seq from 9427 to 9429
Skipped Seq from 9429 to 9431
Skipped Seq from 9432 to 9435
Skipped Seq from 9449 to 9454
Skipped Seq from 9454 to 9456
Skipped Seq from 9456 to 9459
Skipped Seq from 9459 to 9461
Skipped Seq from 9461 to 9465
Skipped Seq from 9466 to 9468
Skipped Seq from 9468 to 9470
Skipped Seq from 9471 to 9473
Skipped Seq from 9486 to 9491
Skipped Seq from 9491 to 9497
Skipped Seq from 9500 to 9509
Skipped Seq from 9509 to 9513
Skipped Seq from 9514 to 9516
Skipped Seq from 9521 to 9523
Skipped Seq from 9523 to 9525
Skipped Seq from 9526 to 9528
Skipped Seq from 9528 to 9532
Skipped Seq from 9532 to 9537
Skipped Seq from 9537 to 9539
Skipped Seq from 9539 to 9541
Skipped Seq from 9541 to 9545
Skipped Seq from 9548 to 9552
Skipped Seq from 9555 to 9557
Skipped Seq from 9557 to 9559
Skipped Seq from 9560 to 9562
Skipped Seq from 9562 to 9567
Skipped Seq from 9567 to 9569
Skipped Seq from 9573 to 9582
Skipped Seq from 9584 to 9586
Skipped Seq from 9587 to 9589
Skipped Seq from 9589 to 9591
Skipped Seq from 9596 to 9598
Skipped Seq from 9600 to 9602
Skipped Seq from 9610 to 9625
Skipped Seq from 9627 to 9630
Skipped Seq from 9630 to 9633
Skipped Seq from 9635 to 9637
Skipped Seq from 9647 to 9653
Skipped Seq from 9660 to 9664
Skipped Seq from 9664 to 9666
Skipped Seq from 9667 to 9683
Skipped Seq from 9683 to 9686
Skipped Seq from 9691 to 9698
Skipped Seq from 9698 to 9700
Skipped Seq from 9700 to 9702
Skipped Seq from 9709 to 9713
Skipped Seq from 9732 to 9735
Skipped Seq from 9749 to 9754
Skipped Seq from 9754 to 9757
Skipped Seq from 9758 to 9760
Skipped Seq from 9763 to 9768
Skipped Seq from 9769 to 9773
Skipped Seq from 9779 to 9782
Skipped Seq from 9810 to 9812
Skipped Seq from 9818 to 9822
Skipped Seq from 9829 to 9831
Skipped Seq from 9832 to 9834
Skipped Seq from 9834 to 9836
Skipped Seq from 9838 to 9840
Skipped Seq from 9840 to 9842
Skipped Seq from 9842 to 9846
Skipped Seq from 9847 to 9851
Skipped Seq from 9854 to 9856
Skipped Seq from 9858 to 9860
Skipped Seq from 9863 to 9865
Skipped Seq from 9879 to 9881
Skipped Seq from 9894 to 9896
Skipped Seq from 9896 to 9900
Skipped Seq from 9912 to 9915
Skipped Seq from 10231 to 10236
Skipped Seq from 10247 to 10249
Skipped Seq from 10249 to 10253
Skipped Seq from 10253 to 10256
Skipped Seq from 10262 to 10264
Skipped Seq from 10270 to 10275
Skipped Seq from 10296 to 10298
Skipped Seq from 10318 to 10323
Skipped Seq from 10325 to 10327
Skipped Seq from 10331 to 10334
Skipped Seq from 10366 to 10369
Skipped Seq from 10370 to 10372
Skipped Seq from 10375 to 10378
Skipped Seq from 10380 to 10383
Skipped Seq from 10392 to 10398
Skipped Seq from 10399 to 10401
Skipped Seq from 10412 to 10415
Skipped Seq from 14820 to 14822
Skipped Seq from 14826 to 14829
Skipped Seq from 14834 to 14837
Skipped Seq from 14842 to 14844
Skipped Seq from 14875 to 14880
Skipped Seq from 14880 to 14882
Skipped Seq from 14886 to 14888
Skipped Seq from 14888 to 14890
Skipped Seq from 14902 to 14904
Skipped Seq from 14907 to 14910
Skipped Seq from 14916 to 14918
Skipped Seq from 14922 to 14924
Skipped Seq from 14934 to 14938
Skipped Seq from 14942 to 14945
Skipped Seq from 14956 to 14959
Skipped Seq from 14959 to 14962
Skipped Seq from 14966 to 14968
Skipped Seq from 14974 to 14977
Skipped Seq from 14978 to 14981
Skipped Seq from 14982 to 14984
Skipped Seq from 14993 to 14995
Skipped Seq from 15001 to 15003
Skipped Seq from 15011 to 15013
Skipped Seq from 15013 to 15015
Skipped Seq from 15016 to 15018
Skipped Seq from 15020 to 15022
Skipped Seq from 15022 to 15024
Skipped Seq from 15026 to 15028
Skipped Seq from 15028 to 15030
Skipped Seq from 15032 to 15036
Skipped Seq from 15042 to 15044
Skipped Seq from 15061 to 15064
Skipped Seq from 15069 to 15072
Skipped Seq from 15073 to 15075
Skipped Seq from 15086 to 15088
Skipped Seq from 15093 to 15098
Skipped Seq from 15109 to 15111
Skipped Seq from 15116 to 15118
Skipped Seq from 15118 to 15120
Skipped Seq from 15124 to 15130
Skipped Seq from 15137 to 15141
Skipped Seq from 15149 to 15151
Skipped Seq from 15152 to 15154
Skipped Seq from 15155 to 15159
Skipped Seq from 15160 to 15163
Skipped Seq from 15168 to 15171
Skipped Seq from 15173 to 15175
Skipped Seq from 15182 to 15185
Skipped Seq from 15188 to 15190
Skipped Seq from 15196 to 15198
Skipped Seq from 15204 to 15207
Skipped Seq from 15210 to 15212
Skipped Seq from 15213 to 15216
Skipped Seq from 15218 to 15220
Skipped Seq from 15228 to 15230
Skipped Seq from 15230 to 15235
Skipped Seq from 15236 to 15239
Skipped Seq from 15239 to 15242
Skipped Seq from 15244 to 15246
Skipped Seq from 15248 to 15250
Skipped Seq from 15250 to 15253
Skipped Seq from 15254 to 15259
Skipped Seq from 15262 to 15264
Skipped Seq from 15269 to 15272
Skipped Seq from 15289 to 15292
Skipped Seq from 15324 to 15327
Skipped Seq from 15331 to 15334
Skipped Seq from 15347 to 15351
Skipped Seq from 15353 to 15357
Skipped Seq from 15358 to 15360
Skipped Seq from 15361 to 15364
Skipped Seq from 15367 to 15369
Skipped Seq from 15369 to 15372
Skipped Seq from 15373 to 15376
Skipped Seq from 15376 to 15378
Skipped Seq from 15379 to 15382
Skipped Seq from 15382 to 15386
Skipped Seq from 15407 to 15409
Skipped Seq from 15413 to 15415
Skipped Seq from 15418 to 15420
Skipped Seq from 15421 to 15424
Skipped Seq from 15426 to 15430
Skipped Seq from 15452 to 15455
Skipped Seq from 15459 to 15461
Skipped Seq from 15486 to 15490
Skipped Seq from 15491 to 15494
Skipped Seq from 15540 to 15545
Skipped Seq from 15545 to 15547
Skipped Seq from 15548 to 15550
Skipped Seq from 15560 to 15562
Skipped Seq from 15587 to 15589
Skipped Seq from 15599 to 15601
Skipped Seq from 15604 to 15606
Skipped Seq from 15606 to 15608
Skipped Seq from 15612 to 15615
Skipped Seq from 15619 to 15621
Skipped Seq from 15628 to 15637
Skipped Seq from 15637 to 15640
Skipped Seq from 15645 to 15648
Skipped Seq from 15648 to 15652
Skipped Seq from 15652 to 15654
Skipped Seq from 15655 to 15657
Skipped Seq from 15666 to 15669
Skipped Seq from 15671 to 15673
Skipped Seq from 15679 to 15681
Skipped Seq from 15681 to 15686
Skipped Seq from 15687 to 15692
Skipped Seq from 15693 to 15696
Skipped Seq from 15696 to 15699
Skipped Seq from 15699 to 15703
Skipped Seq from 15711 to 15714
Skipped Seq from 15715 to 15717
Skipped Seq from 15720 to 15722
Skipped Seq from 15725 to 15729
Skipped Seq from 15737 to 15741
Skipped Seq from 15741 to 15746
Skipped Seq from 15747 to 15749
Skipped Seq from 15760 to 15764
Skipped Seq from 15772 to 15774
Skipped Seq from 15775 to 15778
Skipped Seq from 15783 to 15785
Skipped Seq from 15788 to 15790
Skipped Seq from 15795 to 15797
Skipped Seq from 15811 to 15813
Skipped Seq from 15824 to 15826
Skipped Seq from 15826 to 15828
Skipped Seq from 15830 to 15833
Skipped Seq from 15835 to 15839
Skipped Seq from 15847 to 15849
Skipped Seq from 15849 to 15851
Skipped Seq from 15853 to 15855
Skipped Seq from 15856 to 15858
Skipped Seq from 15871 to 15873
Skipped Seq from 15884 to 15886
Skipped Seq from 15887 to 15890
Skipped Seq from 15892 to 15897
Skipped Seq from 15906 to 15908
Skipped Seq from 15908 to 15910
Skipped Seq from 15918 to 15927
Skipped Seq from 15934 to 15936
Skipped Seq from 15941 to 15944
Skipped Seq from 15948 to 15951
Skipped Seq from 15953 to 15956
Skipped Seq from 15956 to 15959
Skipped Seq from 15960 to 15964
Skipped Seq from 15969 to 15973
Skipped Seq from 15982 to 15984
Skipped Seq from 15985 to 15988
Skipped Seq from 15989 to 15992
Skipped Seq from 15999 to 16001
Skipped Seq from 16012 to 16014
Skipped Seq from 16023 to 16027
Skipped Seq from 16027 to 16029
Skipped Seq from 16029 to 16031
Skipped Seq from 16031 to 16033
Skipped Seq from 16033 to 16035
Skipped Seq from 16036 to 16041
Skipped Seq from 16042 to 16045
Skipped Seq from 16049 to 16051
Skipped Seq from 16052 to 16056
Skipped Seq from 16056 to 16058
Skipped Seq from 16078 to 16082
Skipped Seq from 16083 to 16089
Skipped Seq from 16089 to 16095
Skipped Seq from 16095 to 16102
Skipped Seq from 16102 to 16104
Skipped Seq from 16106 to 16112
Skipped Seq from 16112 to 16114
Skipped Seq from 16120 to 16123
Skipped Seq from 16123 to 16125
Skipped Seq from 16125 to 16127
Skipped Seq from 16127 to 16131
Skipped Seq from 16132 to 16136
Skipped Seq from 16150 to 16153
Skipped Seq from 16154 to 16156
Skipped Seq from 16156 to 16159
Skipped Seq from 16159 to 16161
Skipped Seq from 16162 to 16169
Skipped Seq from 16169 to 16173
Skipped Seq from 16174 to 16176
Skipped Seq from 16177 to 16180
Skipped Seq from 16183 to 16185
Skipped Seq from 16197 to 16199
Skipped Seq from 16199 to 16207
Skipped Seq from 16207 to 16209
Skipped Seq from 16211 to 16213
Skipped Seq from 16214 to 16227
Skipped Seq from 16233 to 16235
Skipped Seq from 16240 to 16242
Skipped Seq from 16246 to 16250
Skipped Seq from 16250 to 16252
Skipped Seq from 16258 to 16261
Skipped Seq from 16266 to 16268
Skipped Seq from 16276 to 16279
Skipped Seq from 16287 to 16290
Skipped Seq from 16291 to 16294
Number of times throttled: 10
Received: 16363 / 19779 packets
Start time: 1332839731.115736
End time: 1332839758.750558
Duration: 27.634822
