Starting client at 10.0.0.14:1283 with timeout:10
My IP address is 10.0.0.14Skipped Seq from 5 to 7
Recovered out of order packet from 17 to 6
Skipped Seq from 546 to 554
Skipped Seq from 554 to 558
Skipped Seq from 560 to 563
Skipped Seq from 572 to 575
Skipped Seq from 575 to 581
Skipped Seq from 581 to 590
Skipped Seq from 591 to 598
Skipped Seq from 598 to 612
Skipped Seq from 612 to 615
Skipped Seq from 615 to 619
Skipped Seq from 619 to 625
Skipped Seq from 625 to 627
Skipped Seq from 639 to 643
Skipped Seq from 645 to 653
Skipped Seq from 656 to 663
Skipped Seq from 667 to 669
Skipped Seq from 669 to 671
Skipped Seq from 671 to 677
Skipped Seq from 683 to 688
Skipped Seq from 690 to 694
Skipped Seq from 700 to 708
Skipped Seq from 708 to 712
Skipped Seq from 715 to 719
Skipped Seq from 719 to 723
Skipped Seq from 724 to 730
Skipped Seq from 738 to 742
Skipped Seq from 742 to 744
Skipped Seq from 744 to 747
Skipped Seq from 747 to 755
Skipped Seq from 758 to 763
Skipped Seq from 763 to 767
Skipped Seq from 767 to 777
Skipped Seq from 779 to 785
Skipped Seq from 785 to 789
Skipped Seq from 792 to 799
Skipped Seq from 801 to 808
Skipped Seq from 808 to 813
Skipped Seq from 814 to 816
Skipped Seq from 818 to 822
Skipped Seq from 825 to 829
Skipped Seq from 830 to 836
Skipped Seq from 839 to 842
Skipped Seq from 843 to 845
Skipped Seq from 845 to 851
Skipped Seq from 851 to 853
Skipped Seq from 853 to 855
Skipped Seq from 855 to 859
Skipped Seq from 860 to 863
Skipped Seq from 864 to 870
Skipped Seq from 871 to 878
Skipped Seq from 881 to 884
Skipped Seq from 884 to 886
Skipped Seq from 887 to 889
Skipped Seq from 889 to 891
Skipped Seq from 892 to 897
Skipped Seq from 898 to 903
Skipped Seq from 903 to 905
Skipped Seq from 905 to 907
Skipped Seq from 907 to 911
Skipped Seq from 911 to 917
Skipped Seq from 917 to 920
Skipped Seq from 921 to 923
Skipped Seq from 923 to 925
Skipped Seq from 925 to 928
Skipped Seq from 928 to 930
Skipped Seq from 930 to 932
Skipped Seq from 932 to 934
Skipped Seq from 938 to 946
Skipped Seq from 946 to 954
Skipped Seq from 955 to 958
Skipped Seq from 959 to 962
Skipped Seq from 962 to 968
Skipped Seq from 972 to 976
Skipped Seq from 976 to 978
Skipped Seq from 981 to 985
Skipped Seq from 987 to 999
Skipped Seq from 1001 to 1004
Skipped Seq from 1004 to 1007
Skipped Seq from 1007 to 1014
Skipped Seq from 1016 to 1021
Skipped Seq from 1021 to 1024
Skipped Seq from 1025 to 1036
Skipped Seq from 1037 to 1039
Skipped Seq from 1039 to 1041
Skipped Seq from 1041 to 1045
Skipped Seq from 1045 to 1048
Skipped Seq from 1049 to 1054
Skipped Seq from 1054 to 1056
Skipped Seq from 1058 to 1062
Skipped Seq from 1064 to 1069
Skipped Seq from 1070 to 1072
Skipped Seq from 1072 to 1074
Skipped Seq from 1074 to 1078
Skipped Seq from 1079 to 1082
Skipped Seq from 1083 to 1086
Skipped Seq from 1091 to 1099
Skipped Seq from 1100 to 1107
Skipped Seq from 1107 to 1115
Skipped Seq from 1123 to 1128
Skipped Seq from 1128 to 1130
Skipped Seq from 1131 to 1135
Skipped Seq from 1137 to 1143
Skipped Seq from 1144 to 1147
Skipped Seq from 1148 to 1151
Skipped Seq from 1152 to 1157
Skipped Seq from 1158 to 1162
Skipped Seq from 1164 to 1169
Skipped Seq from 1169 to 1177
Skipped Seq from 1180 to 1195
Skipped Seq from 1195 to 1200
Skipped Seq from 1202 to 1205
Skipped Seq from 1205 to 1209
Skipped Seq from 1210 to 1219
Skipped Seq from 1219 to 1221
Skipped Seq from 1221 to 1223
Skipped Seq from 1224 to 1228
Skipped Seq from 1228 to 1231
Skipped Seq from 1232 to 1234
Skipped Seq from 1236 to 1239
Skipped Seq from 1239 to 1241
Skipped Seq from 1241 to 1253
Skipped Seq from 1253 to 1260
Skipped Seq from 1260 to 1263
Skipped Seq from 1263 to 1265
Skipped Seq from 1267 to 1278
Skipped Seq from 1279 to 1282
Skipped Seq from 1284 to 1291
Skipped Seq from 1291 to 1293
Skipped Seq from 1296 to 1300
Skipped Seq from 1305 to 1311
Skipped Seq from 1313 to 1320
Skipped Seq from 1322 to 1325
Skipped Seq from 1325 to 1328
Skipped Seq from 1329 to 1332
Skipped Seq from 1335 to 1337
Skipped Seq from 1338 to 1341
Skipped Seq from 1346 to 1350
Skipped Seq from 1359 to 1361
Skipped Seq from 1364 to 1367
Skipped Seq from 1372 to 1379
Skipped Seq from 1379 to 1392
Skipped Seq from 1399 to 1411
Skipped Seq from 1411 to 1413
Skipped Seq from 1416 to 1424
Skipped Seq from 1428 to 1430
Skipped Seq from 1431 to 1433
Skipped Seq from 1439 to 1445
Skipped Seq from 1446 to 1448
Skipped Seq from 1455 to 1463
Skipped Seq from 1465 to 1468
Skipped Seq from 1475 to 1477
Skipped Seq from 1477 to 1479
Skipped Seq from 1480 to 1483
Skipped Seq from 1488 to 1493
Skipped Seq from 1496 to 1504
Skipped Seq from 1508 to 1513
Skipped Seq from 1513 to 1524
Skipped Seq from 1524 to 1531
Skipped Seq from 1531 to 1534
Skipped Seq from 1534 to 1538
Skipped Seq from 1538 to 1559
Skipped Seq from 1563 to 1573
Skipped Seq from 1574 to 1576
Skipped Seq from 1577 to 1587
Skipped Seq from 1588 to 1603
Skipped Seq from 1608 to 1622
Skipped Seq from 1627 to 1629
Skipped Seq from 1632 to 1634
Skipped Seq from 1634 to 1643
Skipped Seq from 1646 to 1654
Skipped Seq from 1656 to 1660
Skipped Seq from 1660 to 1666
Skipped Seq from 1666 to 1674
Skipped Seq from 1674 to 1676
Skipped Seq from 1677 to 1679
Skipped Seq from 1680 to 1684
Skipped Seq from 1685 to 1689
Skipped Seq from 1689 to 1691
Skipped Seq from 1692 to 1694
Skipped Seq from 1694 to 1696
Skipped Seq from 1698 to 1701
Skipped Seq from 1705 to 1713
Skipped Seq from 1714 to 1724
Skipped Seq from 1725 to 1730
Skipped Seq from 1730 to 1736
Skipped Seq from 1737 to 1743
Skipped Seq from 1746 to 1748
Skipped Seq from 1749 to 1751
Skipped Seq from 1751 to 1754
Skipped Seq from 1755 to 1760
Skipped Seq from 1761 to 1765
Skipped Seq from 1767 to 1772
Skipped Seq from 1773 to 1778
Skipped Seq from 1778 to 1780
Skipped Seq from 1782 to 1784
Skipped Seq from 1784 to 1789
Skipped Seq from 1789 to 1793
Skipped Seq from 1793 to 1795
Skipped Seq from 1801 to 1803
Skipped Seq from 1803 to 1805
Skipped Seq from 1806 to 1810
Skipped Seq from 1811 to 1820
Skipped Seq from 1822 to 1827
Skipped Seq from 1827 to 1835
Skipped Seq from 1837 to 1842
Skipped Seq from 1842 to 1844
Skipped Seq from 1848 to 1853
Skipped Seq from 1855 to 1858
Skipped Seq from 1860 to 1866
Skipped Seq from 1868 to 1873
Skipped Seq from 1877 to 1880
Skipped Seq from 1881 to 1886
Skipped Seq from 1889 to 1891
Skipped Seq from 1891 to 1895
Skipped Seq from 1897 to 1899
Skipped Seq from 1899 to 1902
Skipped Seq from 1903 to 1909
Skipped Seq from 1909 to 1911
Skipped Seq from 1911 to 1916
Skipped Seq from 1917 to 1921
Skipped Seq from 1921 to 1932
Skipped Seq from 1932 to 1934
Skipped Seq from 1936 to 1939
Skipped Seq from 1940 to 1947
Skipped Seq from 1947 to 1951
Skipped Seq from 1952 to 1956
Skipped Seq from 1957 to 1960
Skipped Seq from 1960 to 1964
Skipped Seq from 1965 to 1968
Skipped Seq from 1968 to 1975
Skipped Seq from 1977 to 1979
Skipped Seq from 1979 to 1981
Skipped Seq from 1984 to 1986
Skipped Seq from 1987 to 1990
Skipped Seq from 1994 to 1997
Skipped Seq from 1997 to 1999
Skipped Seq from 2003 to 2006
Skipped Seq from 2007 to 2017
Skipped Seq from 2018 to 2022
Skipped Seq from 2023 to 2028
Skipped Seq from 2028 to 2032
Skipped Seq from 2039 to 2042
Skipped Seq from 2042 to 2044
Skipped Seq from 2045 to 2052
Skipped Seq from 2052 to 2054
Skipped Seq from 2057 to 2059
Skipped Seq from 2061 to 2064
Skipped Seq from 2064 to 2066
Skipped Seq from 2067 to 2070
Skipped Seq from 2071 to 2078
Skipped Seq from 2078 to 2082
Skipped Seq from 2086 to 2089
Skipped Seq from 2092 to 2098
Skipped Seq from 2099 to 2101
Skipped Seq from 2105 to 2107
Skipped Seq from 2112 to 2114
Skipped Seq from 2114 to 2118
Skipped Seq from 2118 to 2129
Skipped Seq from 2132 to 2134
Skipped Seq from 2134 to 2136
Skipped Seq from 2136 to 2150
Skipped Seq from 2154 to 2165
Skipped Seq from 2166 to 2169
Skipped Seq from 2169 to 2172
Skipped Seq from 2172 to 2190
Skipped Seq from 2190 to 2204
Skipped Seq from 2204 to 2209
Skipped Seq from 2210 to 2224
Skipped Seq from 2226 to 2230
Skipped Seq from 2230 to 2232
Skipped Seq from 2232 to 2234
Skipped Seq from 2235 to 2241
Skipped Seq from 2248 to 2259
Skipped Seq from 2260 to 2262
Skipped Seq from 2263 to 2275
Skipped Seq from 2276 to 2278
Skipped Seq from 2279 to 2287
Skipped Seq from 2289 to 2308
Skipped Seq from 2308 to 2312
Skipped Seq from 2313 to 2316
Skipped Seq from 2318 to 2323
Skipped Seq from 2324 to 2327
Skipped Seq from 2331 to 2334
Skipped Seq from 2334 to 2339
Skipped Seq from 2342 to 2344
Skipped Seq from 2345 to 2358
Skipped Seq from 2359 to 2362
Skipped Seq from 2364 to 2369
Skipped Seq from 2376 to 2382
Skipped Seq from 2393 to 2395
Skipped Seq from 2395 to 2399
Skipped Seq from 2399 to 2406
Skipped Seq from 2406 to 2409
Skipped Seq from 2414 to 2419
Skipped Seq from 2423 to 2428
Skipped Seq from 2428 to 2430
Skipped Seq from 2431 to 2436
Skipped Seq from 2436 to 2439
Skipped Seq from 2446 to 2451
Skipped Seq from 2455 to 2457
Skipped Seq from 2457 to 2459
Skipped Seq from 2460 to 2462
Skipped Seq from 2469 to 2471
Skipped Seq from 2472 to 2480
Skipped Seq from 2480 to 2484
Skipped Seq from 2485 to 2487
Skipped Seq from 2497 to 2499
Skipped Seq from 2502 to 2504
Skipped Seq from 2511 to 2513
Skipped Seq from 2513 to 2515
Skipped Seq from 2517 to 2520
Skipped Seq from 2524 to 2528
Skipped Seq from 2534 to 2537
Skipped Seq from 2538 to 2540
Skipped Seq from 2540 to 2544
Skipped Seq from 2544 to 2547
Skipped Seq from 2549 to 2552
Skipped Seq from 2555 to 2557
Skipped Seq from 2558 to 2560
Skipped Seq from 2560 to 2562
Skipped Seq from 2566 to 2568
Skipped Seq from 2570 to 2572
Skipped Seq from 2573 to 2575
Skipped Seq from 2585 to 2591
Skipped Seq from 2595 to 2597
Skipped Seq from 2602 to 2604
Skipped Seq from 2604 to 2607
Skipped Seq from 2607 to 2612
Skipped Seq from 2614 to 2616
Skipped Seq from 2616 to 2618
Skipped Seq from 2620 to 2622
Skipped Seq from 2624 to 2627
Skipped Seq from 2628 to 2631
Skipped Seq from 2631 to 2633
Skipped Seq from 2635 to 2638
Skipped Seq from 2641 to 2646
Skipped Seq from 2650 to 2652
Skipped Seq from 2653 to 2659
Skipped Seq from 2661 to 2664
Skipped Seq from 2664 to 2667
Skipped Seq from 2667 to 2671
Skipped Seq from 2673 to 2675
Skipped Seq from 2693 to 2698
Skipped Seq from 2700 to 2703
Skipped Seq from 2710 to 2714
Skipped Seq from 2723 to 2727
Skipped Seq from 2730 to 2733
Skipped Seq from 2745 to 2747
Skipped Seq from 2750 to 2752
Skipped Seq from 2752 to 2756
Skipped Seq from 2761 to 2764
Skipped Seq from 2765 to 2767
Skipped Seq from 2772 to 2779
Skipped Seq from 2781 to 2786
Skipped Seq from 2789 to 2791
Skipped Seq from 2792 to 2794
Skipped Seq from 2997 to 2999
Skipped Seq from 3000 to 3004
Skipped Seq from 3033 to 3035
Number of times throttled: 3
Received: 1783 / 3049 packets
Start time: 1332840516.747020
End time: 1332840521.449845
Duration: 4.702825
