Starting client at 10.0.0.20:1288 with timeout:10
My IP address is 10.0.0.20Skipped Seq from 431 to 433
Skipped Seq from 433 to 435
Skipped Seq from 435 to 437
Skipped Seq from 442 to 444
Skipped Seq from 446 to 451
Skipped Seq from 452 to 455
Skipped Seq from 457 to 460
Skipped Seq from 461 to 464
Skipped Seq from 465 to 469
Skipped Seq from 469 to 473
Skipped Seq from 474 to 476
Skipped Seq from 476 to 478
Skipped Seq from 478 to 480
Skipped Seq from 481 to 483
Skipped Seq from 487 to 489
Skipped Seq from 489 to 491
Skipped Seq from 491 to 493
Skipped Seq from 493 to 499
Skipped Seq from 499 to 501
Skipped Seq from 502 to 504
Skipped Seq from 506 to 508
Skipped Seq from 509 to 512
Skipped Seq from 513 to 517
Skipped Seq from 518 to 522
Skipped Seq from 523 to 525
Skipped Seq from 527 to 531
Skipped Seq from 533 to 535
Skipped Seq from 535 to 538
Skipped Seq from 538 to 540
Skipped Seq from 542 to 544
Skipped Seq from 548 to 550
Skipped Seq from 551 to 553
Skipped Seq from 554 to 557
Skipped Seq from 560 to 562
Skipped Seq from 562 to 564
Skipped Seq from 569 to 571
Skipped Seq from 572 to 575
Skipped Seq from 575 to 577
Skipped Seq from 577 to 579
Skipped Seq from 581 to 585
Skipped Seq from 587 to 591
Skipped Seq from 592 to 594
Skipped Seq from 597 to 599
Skipped Seq from 603 to 605
Skipped Seq from 605 to 607
Skipped Seq from 609 to 611
Skipped Seq from 612 to 615
Skipped Seq from 615 to 618
Skipped Seq from 619 to 621
Skipped Seq from 621 to 623
Skipped Seq from 624 to 626
Skipped Seq from 627 to 631
Skipped Seq from 635 to 637
Skipped Seq from 638 to 640
Skipped Seq from 642 to 644
Skipped Seq from 645 to 650
Skipped Seq from 652 to 654
Skipped Seq from 655 to 657
Skipped Seq from 657 to 659
Skipped Seq from 661 to 663
Skipped Seq from 670 to 672
Skipped Seq from 672 to 674
Skipped Seq from 674 to 677
Skipped Seq from 677 to 679
Skipped Seq from 680 to 682
Skipped Seq from 684 to 686
Skipped Seq from 686 to 688
Skipped Seq from 688 to 690
Skipped Seq from 693 to 696
Skipped Seq from 698 to 704
Skipped Seq from 705 to 707
Skipped Seq from 709 to 711
Skipped Seq from 713 to 715
Skipped Seq from 716 to 718
Skipped Seq from 719 to 721
Skipped Seq from 724 to 726
Skipped Seq from 727 to 729
Skipped Seq from 733 to 737
Skipped Seq from 737 to 740
Skipped Seq from 740 to 742
Skipped Seq from 743 to 747
Skipped Seq from 748 to 750
Skipped Seq from 753 to 755
Skipped Seq from 761 to 763
Skipped Seq from 764 to 770
Skipped Seq from 770 to 772
Skipped Seq from 772 to 774
Skipped Seq from 778 to 781
Skipped Seq from 783 to 786
Skipped Seq from 786 to 788
Skipped Seq from 791 to 793
Skipped Seq from 793 to 796
Skipped Seq from 796 to 798
Skipped Seq from 798 to 800
Skipped Seq from 800 to 805
Skipped Seq from 805 to 807
Skipped Seq from 807 to 809
Skipped Seq from 813 to 815
Skipped Seq from 816 to 820
Skipped Seq from 825 to 827
Skipped Seq from 827 to 829
Skipped Seq from 834 to 836
Skipped Seq from 840 to 843
Skipped Seq from 844 to 846
Skipped Seq from 846 to 848
Skipped Seq from 853 to 855
Skipped Seq from 857 to 859
Skipped Seq from 860 to 862
Skipped Seq from 862 to 864
Skipped Seq from 865 to 867
Skipped Seq from 870 to 873
Skipped Seq from 876 to 879
Skipped Seq from 880 to 882
Skipped Seq from 884 to 888
Skipped Seq from 892 to 895
Skipped Seq from 895 to 897
Skipped Seq from 901 to 903
Skipped Seq from 903 to 905
Skipped Seq from 905 to 907
Skipped Seq from 908 to 912
Skipped Seq from 913 to 916
Skipped Seq from 916 to 918
Skipped Seq from 919 to 921
Skipped Seq from 921 to 923
Skipped Seq from 925 to 927
Skipped Seq from 927 to 932
Skipped Seq from 932 to 934
Skipped Seq from 934 to 937
Skipped Seq from 937 to 939
Skipped Seq from 946 to 949
Skipped Seq from 950 to 954
Skipped Seq from 958 to 961
Skipped Seq from 961 to 963
Skipped Seq from 964 to 966
Skipped Seq from 966 to 968
Skipped Seq from 968 to 971
Skipped Seq from 971 to 973
Skipped Seq from 973 to 975
Skipped Seq from 975 to 979
Skipped Seq from 981 to 983
Skipped Seq from 984 to 987
Skipped Seq from 987 to 989
Skipped Seq from 990 to 992
Skipped Seq from 992 to 997
Skipped Seq from 1001 to 1005
Skipped Seq from 1006 to 1010
Skipped Seq from 1010 to 1012
Skipped Seq from 1013 to 1015
Skipped Seq from 1016 to 1019
Skipped Seq from 1021 to 1023
Skipped Seq from 1024 to 1027
Skipped Seq from 1029 to 1031
Skipped Seq from 1031 to 1033
Skipped Seq from 1035 to 1037
Skipped Seq from 1037 to 1040
Skipped Seq from 1041 to 1043
Skipped Seq from 1045 to 1047
Skipped Seq from 1047 to 1049
Skipped Seq from 1049 to 1051
Skipped Seq from 1051 to 1053
Skipped Seq from 1053 to 1055
Skipped Seq from 1058 to 1060
Skipped Seq from 1060 to 1062
Skipped Seq from 1062 to 1064
Skipped Seq from 1066 to 1069
Skipped Seq from 1072 to 1074
Skipped Seq from 1074 to 1076
Skipped Seq from 1079 to 1081
Skipped Seq from 1081 to 1083
Skipped Seq from 1084 to 1086
Skipped Seq from 1087 to 1089
Skipped Seq from 1089 to 1092
Skipped Seq from 1092 to 1094
Skipped Seq from 1096 to 1099
Skipped Seq from 1099 to 1102
Skipped Seq from 1102 to 1104
Skipped Seq from 1105 to 1107
Skipped Seq from 1108 to 1111
Skipped Seq from 1114 to 1116
Skipped Seq from 1120 to 1122
Skipped Seq from 1124 to 1126
Skipped Seq from 1127 to 1129
Skipped Seq from 1130 to 1134
Skipped Seq from 1136 to 1139
Skipped Seq from 1141 to 1148
Skipped Seq from 1152 to 1154
Skipped Seq from 1155 to 1158
Skipped Seq from 1160 to 1162
Skipped Seq from 1165 to 1168
Skipped Seq from 1171 to 1173
Skipped Seq from 1173 to 1175
Skipped Seq from 1176 to 1178
Skipped Seq from 1179 to 1181
Skipped Seq from 1182 to 1184
Skipped Seq from 1184 to 1186
Skipped Seq from 1193 to 1196
Skipped Seq from 1199 to 1201
Skipped Seq from 1201 to 1203
Skipped Seq from 1203 to 1205
Skipped Seq from 1205 to 1207
Skipped Seq from 1207 to 1209
Skipped Seq from 1210 to 1213
Skipped Seq from 1213 to 1215
Skipped Seq from 1215 to 1218
Skipped Seq from 1220 to 1223
Skipped Seq from 1226 to 1228
Skipped Seq from 1234 to 1238
Skipped Seq from 1239 to 1241
Skipped Seq from 1241 to 1243
Skipped Seq from 1251 to 1254
Skipped Seq from 1254 to 1256
Skipped Seq from 1259 to 1261
Skipped Seq from 1261 to 1264
Skipped Seq from 1264 to 1267
Skipped Seq from 1271 to 1274
Skipped Seq from 1276 to 1278
Skipped Seq from 1281 to 1283
Skipped Seq from 1284 to 1287
Number of times throttled: 4
Received: 955 / 1288 packets
Start time: 1332840565.568101
End time: 1332840581.821806
Duration: 16.253705
