Starting client at 10.0.0.28:1249 with timeout:10
My IP address is 10.0.0.28Skipped Seq from 762 to 764
Skipped Seq from 766 to 768
Skipped Seq from 770 to 772
Skipped Seq from 772 to 777
Skipped Seq from 779 to 782
Skipped Seq from 783 to 786
Skipped Seq from 789 to 792
Skipped Seq from 793 to 795
Skipped Seq from 798 to 800
Skipped Seq from 800 to 802
Skipped Seq from 805 to 807
Skipped Seq from 814 to 816
Skipped Seq from 825 to 828
Skipped Seq from 828 to 830
Skipped Seq from 830 to 832
Skipped Seq from 836 to 839
Skipped Seq from 848 to 851
Skipped Seq from 852 to 854
Skipped Seq from 854 to 858
Skipped Seq from 858 to 860
Skipped Seq from 863 to 865
Skipped Seq from 865 to 867
Skipped Seq from 872 to 874
Skipped Seq from 874 to 876
Skipped Seq from 879 to 882
Skipped Seq from 882 to 884
Skipped Seq from 891 to 893
Skipped Seq from 893 to 895
Skipped Seq from 896 to 898
Skipped Seq from 898 to 900
Skipped Seq from 900 to 902
Skipped Seq from 903 to 905
Skipped Seq from 906 to 911
Skipped Seq from 911 to 915
Skipped Seq from 916 to 919
Skipped Seq from 919 to 922
Skipped Seq from 922 to 925
Skipped Seq from 925 to 927
Skipped Seq from 928 to 930
Skipped Seq from 932 to 934
Skipped Seq from 934 to 937
Skipped Seq from 939 to 942
Skipped Seq from 942 to 944
Skipped Seq from 946 to 948
Skipped Seq from 948 to 954
Skipped Seq from 954 to 958
Skipped Seq from 961 to 963
Skipped Seq from 963 to 967
Skipped Seq from 968 to 970
Skipped Seq from 970 to 974
Skipped Seq from 974 to 979
Skipped Seq from 980 to 985
Skipped Seq from 985 to 988
Skipped Seq from 988 to 990
Skipped Seq from 990 to 995
Skipped Seq from 997 to 999
Skipped Seq from 1000 to 1002
Skipped Seq from 1003 to 1005
Skipped Seq from 1007 to 1010
Skipped Seq from 1010 to 1015
Skipped Seq from 1015 to 1017
Skipped Seq from 1017 to 1020
Skipped Seq from 1020 to 1022
Skipped Seq from 1022 to 1025
Skipped Seq from 1025 to 1028
Skipped Seq from 1028 to 1030
Skipped Seq from 1030 to 1034
Skipped Seq from 1034 to 1037
Skipped Seq from 1037 to 1039
Skipped Seq from 1039 to 1042
Skipped Seq from 1042 to 1045
Skipped Seq from 1045 to 1047
Skipped Seq from 1048 to 1050
Skipped Seq from 1050 to 1052
Skipped Seq from 1052 to 1055
Skipped Seq from 1055 to 1057
Skipped Seq from 1057 to 1060
Skipped Seq from 1060 to 1062
Skipped Seq from 1062 to 1065
Skipped Seq from 1065 to 1067
Skipped Seq from 1070 to 1072
Skipped Seq from 1072 to 1079
Skipped Seq from 1079 to 1082
Skipped Seq from 1082 to 1087
Skipped Seq from 1087 to 1091
Skipped Seq from 1091 to 1093
Skipped Seq from 1093 to 1095
Skipped Seq from 1096 to 1103
Skipped Seq from 1107 to 1111
Skipped Seq from 1111 to 1122
Skipped Seq from 1122 to 1124
Skipped Seq from 1124 to 1129
Skipped Seq from 1134 to 1136
Skipped Seq from 1137 to 1142
Skipped Seq from 1142 to 1146
Skipped Seq from 1148 to 1150
Skipped Seq from 1150 to 1152
Skipped Seq from 1152 to 1157
Skipped Seq from 1157 to 1160
Skipped Seq from 1161 to 1164
Skipped Seq from 1166 to 1171
Skipped Seq from 1171 to 1178
Skipped Seq from 1179 to 1181
Skipped Seq from 1182 to 1184
Skipped Seq from 1184 to 1188
Skipped Seq from 1188 to 1190
Skipped Seq from 1190 to 1192
Skipped Seq from 1192 to 1197
Skipped Seq from 1197 to 1200
Skipped Seq from 1202 to 1205
Skipped Seq from 1208 to 1210
Skipped Seq from 1210 to 1214
Skipped Seq from 1214 to 1218
Skipped Seq from 1218 to 1222
Skipped Seq from 1222 to 1225
Skipped Seq from 1226 to 1228
Skipped Seq from 1228 to 1232
Skipped Seq from 1232 to 1234
Skipped Seq from 1234 to 1236
Skipped Seq from 1241 to 1243
Skipped Seq from 1243 to 1245
Skipped Seq from 1245 to 1249
Skipped Seq from 1249 to 1252
Skipped Seq from 1252 to 1254
Skipped Seq from 1254 to 1257
Skipped Seq from 1258 to 1261
Skipped Seq from 1261 to 1263
Skipped Seq from 1263 to 1265
Skipped Seq from 1265 to 1269
Skipped Seq from 1271 to 1274
Skipped Seq from 1275 to 1278
Skipped Seq from 1279 to 1281
Skipped Seq from 1281 to 1285
Skipped Seq from 1287 to 1289
Skipped Seq from 1290 to 1293
Skipped Seq from 1293 to 1295
Skipped Seq from 1297 to 1299
Skipped Seq from 1300 to 1303
Skipped Seq from 1303 to 1305
Skipped Seq from 1305 to 1308
Skipped Seq from 1309 to 1311
Skipped Seq from 1317 to 1320
Skipped Seq from 1320 to 1322
Skipped Seq from 1322 to 1325
Skipped Seq from 1326 to 1331
Skipped Seq from 1333 to 1335
Skipped Seq from 1336 to 1340
Skipped Seq from 1340 to 1342
Skipped Seq from 1342 to 1344
Skipped Seq from 1346 to 1351
Skipped Seq from 1353 to 1355
Skipped Seq from 1355 to 1357
Skipped Seq from 1357 to 1359
Skipped Seq from 1359 to 1363
Skipped Seq from 1368 to 1371
Skipped Seq from 1372 to 1374
Skipped Seq from 1374 to 1377
Skipped Seq from 1377 to 1380
Skipped Seq from 1380 to 1383
Skipped Seq from 1384 to 1386
Skipped Seq from 1386 to 1388
Skipped Seq from 1389 to 1391
Skipped Seq from 1392 to 1394
Skipped Seq from 1394 to 1399
Skipped Seq from 1401 to 1406
Skipped Seq from 1406 to 1408
Skipped Seq from 1408 to 1410
Skipped Seq from 1410 to 1414
Skipped Seq from 1418 to 1420
Skipped Seq from 1421 to 1423
Skipped Seq from 1425 to 1427
Skipped Seq from 1429 to 1431
Skipped Seq from 1431 to 1433
Skipped Seq from 1433 to 1436
Skipped Seq from 1436 to 1438
Skipped Seq from 1439 to 1442
Skipped Seq from 1443 to 1445
Skipped Seq from 1445 to 1447
Skipped Seq from 1450 to 1452
Skipped Seq from 1454 to 1456
Skipped Seq from 1457 to 1459
Skipped Seq from 1465 to 1467
Skipped Seq from 1468 to 1472
Skipped Seq from 1472 to 1475
Skipped Seq from 1475 to 1477
Skipped Seq from 1477 to 1480
Skipped Seq from 1480 to 1485
Skipped Seq from 1485 to 1488
Skipped Seq from 1492 to 1494
Skipped Seq from 1494 to 1496
Skipped Seq from 1497 to 1499
Skipped Seq from 1499 to 1501
Skipped Seq from 1505 to 1508
Skipped Seq from 1508 to 1510
Skipped Seq from 1511 to 1513
Skipped Seq from 1518 to 1520
Skipped Seq from 1523 to 1526
Skipped Seq from 1526 to 1531
Skipped Seq from 1531 to 1533
Skipped Seq from 1534 to 1537
Skipped Seq from 1537 to 1541
Skipped Seq from 1541 to 1544
Skipped Seq from 1545 to 1548
Skipped Seq from 1549 to 1552
Skipped Seq from 1553 to 1555
Skipped Seq from 1564 to 1566
Skipped Seq from 1566 to 1568
Skipped Seq from 1570 to 1572
Skipped Seq from 1572 to 1574
Skipped Seq from 1579 to 1581
Skipped Seq from 1583 to 1586
Skipped Seq from 1586 to 1588
Skipped Seq from 1591 to 1594
Skipped Seq from 1594 to 1596
Skipped Seq from 1597 to 1602
Skipped Seq from 1604 to 1609
Skipped Seq from 1609 to 1611
Skipped Seq from 1611 to 1614
Skipped Seq from 1614 to 1616
Skipped Seq from 1618 to 1622
Skipped Seq from 1622 to 1626
Skipped Seq from 1626 to 1630
Skipped Seq from 1630 to 1632
Skipped Seq from 1632 to 1634
Skipped Seq from 1634 to 1636
Skipped Seq from 1637 to 1639
Skipped Seq from 1639 to 1641
Skipped Seq from 1641 to 1643
Skipped Seq from 1643 to 1646
Skipped Seq from 1647 to 1652
Skipped Seq from 1653 to 1656
Skipped Seq from 1657 to 1659
Skipped Seq from 1659 to 1662
Skipped Seq from 1665 to 1667
Skipped Seq from 1667 to 1672
Skipped Seq from 1672 to 1674
Skipped Seq from 1675 to 1679
Skipped Seq from 1679 to 1681
Skipped Seq from 1681 to 1683
Skipped Seq from 1683 to 1685
Skipped Seq from 1686 to 1688
Skipped Seq from 1688 to 1690
Skipped Seq from 1691 to 1693
Skipped Seq from 1693 to 1695
Skipped Seq from 1695 to 1697
Skipped Seq from 1697 to 1700
Skipped Seq from 1700 to 1702
Skipped Seq from 1703 to 1705
Skipped Seq from 1706 to 1708
Skipped Seq from 1708 to 1713
Skipped Seq from 1713 to 1715
Skipped Seq from 1718 to 1720
Skipped Seq from 1720 to 1726
Skipped Seq from 1727 to 1729
Skipped Seq from 1729 to 1731
Skipped Seq from 1732 to 1734
Skipped Seq from 1736 to 1738
Skipped Seq from 1738 to 1743
Skipped Seq from 1743 to 1747
Skipped Seq from 1747 to 1750
Skipped Seq from 1750 to 1752
Skipped Seq from 1753 to 1755
Skipped Seq from 1756 to 1758
Skipped Seq from 1758 to 1760
Skipped Seq from 1763 to 1766
Skipped Seq from 1767 to 1769
Skipped Seq from 1769 to 1772
Skipped Seq from 1773 to 1775
Skipped Seq from 1777 to 1779
Skipped Seq from 1780 to 1782
Skipped Seq from 1783 to 1785
Skipped Seq from 1787 to 1789
Skipped Seq from 1793 to 1795
Skipped Seq from 1795 to 1797
Skipped Seq from 1798 to 1802
Skipped Seq from 1809 to 1811
Skipped Seq from 1811 to 1813
Skipped Seq from 1813 to 1816
Skipped Seq from 1816 to 1820
Skipped Seq from 1821 to 1824
Skipped Seq from 1834 to 1836
Skipped Seq from 1837 to 1840
Skipped Seq from 1845 to 1848
Skipped Seq from 1855 to 1858
Skipped Seq from 1863 to 1865
Skipped Seq from 1868 to 1870
Skipped Seq from 1870 to 1873
Skipped Seq from 1876 to 1878
Skipped Seq from 1885 to 1887
Skipped Seq from 1895 to 1897
Skipped Seq from 1899 to 1901
Skipped Seq from 1901 to 1903
Skipped Seq from 1906 to 1922
Skipped Seq from 1922 to 1925
Skipped Seq from 1925 to 1930
Skipped Seq from 1930 to 1935
Skipped Seq from 1936 to 1938
Skipped Seq from 1938 to 1940
Skipped Seq from 1940 to 1942
Skipped Seq from 1942 to 1944
Skipped Seq from 1944 to 1949
Skipped Seq from 1950 to 1952
Skipped Seq from 1952 to 1957
Skipped Seq from 1957 to 1959
Skipped Seq from 1959 to 1963
Skipped Seq from 1964 to 1967
Skipped Seq from 1971 to 1990
Skipped Seq from 1990 to 1994
Skipped Seq from 1994 to 1998
Skipped Seq from 1998 to 2005
Skipped Seq from 2005 to 2009
Skipped Seq from 2009 to 2011
Skipped Seq from 2011 to 2013
Skipped Seq from 2013 to 2017
Skipped Seq from 2017 to 2019
Skipped Seq from 2019 to 2022
Skipped Seq from 2022 to 2024
Skipped Seq from 2024 to 2026
Skipped Seq from 2027 to 2029
Skipped Seq from 2029 to 2033
Skipped Seq from 2034 to 2036
Skipped Seq from 2036 to 2038
Skipped Seq from 2038 to 2041
Skipped Seq from 2041 to 2043
Skipped Seq from 2043 to 2046
Skipped Seq from 2046 to 2048
Skipped Seq from 2048 to 2050
Skipped Seq from 2050 to 2052
Skipped Seq from 2052 to 2057
Skipped Seq from 2058 to 2060
Skipped Seq from 2060 to 2062
Skipped Seq from 2062 to 2065
Skipped Seq from 2065 to 2067
Skipped Seq from 2067 to 2071
Skipped Seq from 2071 to 2073
Skipped Seq from 2073 to 2077
Skipped Seq from 2078 to 2085
Skipped Seq from 2085 to 2092
Skipped Seq from 2093 to 2096
Skipped Seq from 2096 to 2099
Skipped Seq from 2099 to 2101
Skipped Seq from 2101 to 2103
Skipped Seq from 2103 to 2107
Skipped Seq from 2108 to 2110
Skipped Seq from 2110 to 2115
Skipped Seq from 2115 to 2119
Skipped Seq from 2121 to 2126
Skipped Seq from 2126 to 2128
Skipped Seq from 2128 to 2132
Skipped Seq from 2132 to 2136
Skipped Seq from 2136 to 2138
Skipped Seq from 2138 to 2142
Skipped Seq from 2142 to 2145
Skipped Seq from 2145 to 2147
Skipped Seq from 2147 to 2150
Skipped Seq from 2150 to 2153
Skipped Seq from 2153 to 2155
Skipped Seq from 2155 to 2160
Skipped Seq from 2161 to 2164
Skipped Seq from 2164 to 2166
Skipped Seq from 2166 to 2171
Skipped Seq from 2171 to 2174
Skipped Seq from 2174 to 2181
Skipped Seq from 2181 to 2183
Skipped Seq from 2184 to 2187
Skipped Seq from 2188 to 2191
Skipped Seq from 2191 to 2195
Skipped Seq from 2195 to 2197
Skipped Seq from 2197 to 2199
Skipped Seq from 2199 to 2201
Skipped Seq from 2201 to 2203
Skipped Seq from 2204 to 2210
Skipped Seq from 2210 to 2212
Skipped Seq from 2212 to 2216
Skipped Seq from 2217 to 2220
Skipped Seq from 2220 to 2222
Skipped Seq from 2223 to 2225
Skipped Seq from 2225 to 2227
Skipped Seq from 2227 to 2229
Skipped Seq from 2229 to 2236
Skipped Seq from 2238 to 2243
Skipped Seq from 2244 to 2246
Skipped Seq from 2246 to 2248
Skipped Seq from 2248 to 2250
Skipped Seq from 2250 to 2254
Skipped Seq from 2254 to 2256
Skipped Seq from 2256 to 2259
Skipped Seq from 2259 to 2264
Skipped Seq from 2265 to 2271
Skipped Seq from 2271 to 2274
Skipped Seq from 2275 to 2277
Skipped Seq from 2277 to 2279
Skipped Seq from 2279 to 2282
Skipped Seq from 2282 to 2284
Skipped Seq from 2284 to 2286
Skipped Seq from 2287 to 2289
Skipped Seq from 2289 to 2295
Skipped Seq from 2295 to 2302
Skipped Seq from 2302 to 2307
Skipped Seq from 2307 to 2309
Skipped Seq from 2309 to 2311
Skipped Seq from 2312 to 2317
Skipped Seq from 2317 to 2319
Skipped Seq from 2319 to 2321
Skipped Seq from 2321 to 2328
Skipped Seq from 2329 to 2335
Skipped Seq from 2335 to 2337
Skipped Seq from 2337 to 2339
Skipped Seq from 2339 to 2344
Skipped Seq from 2344 to 2346
Skipped Seq from 2346 to 2348
Skipped Seq from 2348 to 2351
Skipped Seq from 2352 to 2355
Skipped Seq from 2355 to 2357
Skipped Seq from 2357 to 2359
Skipped Seq from 2359 to 2362
Skipped Seq from 2362 to 2365
Skipped Seq from 2365 to 2367
Skipped Seq from 2368 to 2371
Skipped Seq from 2371 to 2373
Skipped Seq from 2373 to 2375
Skipped Seq from 2375 to 2377
Skipped Seq from 2377 to 2379
Skipped Seq from 2379 to 2382
Skipped Seq from 2383 to 2387
Skipped Seq from 2387 to 2389
Skipped Seq from 2389 to 2391
Skipped Seq from 2391 to 2395
Skipped Seq from 2396 to 2399
Skipped Seq from 2400 to 2402
Skipped Seq from 2402 to 2405
Skipped Seq from 2405 to 2407
Skipped Seq from 2407 to 2409
Skipped Seq from 2409 to 2412
Skipped Seq from 2412 to 2414
Skipped Seq from 2414 to 2416
Skipped Seq from 2416 to 2418
Skipped Seq from 2418 to 2422
Skipped Seq from 2422 to 2424
Skipped Seq from 2424 to 2426
Skipped Seq from 2426 to 2428
Skipped Seq from 2428 to 2431
Skipped Seq from 2431 to 2435
Skipped Seq from 2435 to 2437
Skipped Seq from 2438 to 2440
Skipped Seq from 2440 to 2444
Skipped Seq from 2444 to 2446
Skipped Seq from 2446 to 2451
Skipped Seq from 2451 to 2453
Skipped Seq from 2453 to 2455
Skipped Seq from 2456 to 2464
Skipped Seq from 2464 to 2471
Skipped Seq from 2472 to 2474
Skipped Seq from 2476 to 2483
Skipped Seq from 2483 to 2488
Skipped Seq from 2488 to 2490
Skipped Seq from 2491 to 2498
Skipped Seq from 2498 to 2501
Skipped Seq from 2501 to 2507
Skipped Seq from 2507 to 2509
Skipped Seq from 2510 to 2518
Skipped Seq from 2519 to 2521
Skipped Seq from 2521 to 2525
Skipped Seq from 2526 to 2529
Skipped Seq from 2531 to 2537
Skipped Seq from 2537 to 2540
Skipped Seq from 2541 to 2549
Skipped Seq from 2551 to 2554
Skipped Seq from 2554 to 2558
Skipped Seq from 2560 to 2563
Skipped Seq from 2563 to 2566
Skipped Seq from 2566 to 2575
Skipped Seq from 2575 to 2578
Skipped Seq from 2578 to 2582
Skipped Seq from 2582 to 2588
Skipped Seq from 2588 to 2592
Skipped Seq from 2592 to 2594
Skipped Seq from 2595 to 2601
Skipped Seq from 2601 to 2604
Skipped Seq from 2604 to 2608
Skipped Seq from 2609 to 2612
Skipped Seq from 2616 to 2621
Skipped Seq from 2622 to 2626
Skipped Seq from 2627 to 2631
Skipped Seq from 2632 to 2635
Skipped Seq from 2636 to 2638
Skipped Seq from 2638 to 2641
Skipped Seq from 2641 to 2649
Skipped Seq from 2649 to 2654
Skipped Seq from 2656 to 2664
Skipped Seq from 2664 to 2666
Skipped Seq from 2667 to 2672
Skipped Seq from 2676 to 2681
Skipped Seq from 2686 to 2688
Skipped Seq from 2688 to 2695
Skipped Seq from 2695 to 2702
Skipped Seq from 2703 to 2710
Skipped Seq from 2710 to 2715
Skipped Seq from 2715 to 2717
Skipped Seq from 2717 to 2719
Skipped Seq from 2719 to 2723
Skipped Seq from 2723 to 2727
Skipped Seq from 2727 to 2729
Skipped Seq from 2730 to 2736
Skipped Seq from 2736 to 2738
Skipped Seq from 2738 to 2742
Skipped Seq from 2742 to 2746
Skipped Seq from 2747 to 2750
Skipped Seq from 2750 to 2752
Skipped Seq from 2753 to 2759
Skipped Seq from 2760 to 2762
Skipped Seq from 2762 to 2764
Skipped Seq from 2765 to 2767
Skipped Seq from 2767 to 2775
Skipped Seq from 2775 to 2778
Skipped Seq from 2778 to 2784
Skipped Seq from 2784 to 2786
Skipped Seq from 2786 to 2789
Skipped Seq from 2789 to 2793
Skipped Seq from 2793 to 2795
Skipped Seq from 2795 to 2800
Skipped Seq from 2800 to 2802
Skipped Seq from 2802 to 2804
Number of times throttled: 5
Received: 1691 / 2804 packets
Start time: 1332839527.897694
End time: 1332839546.129284
Duration: 18.231590
