Starting client at 10.0.0.23:1289 with timeout:10
My IP address is 10.0.0.23Skipped Seq from 1 to 4
Recovered out of order packet from 4 to 2
Recovered out of order packet from 4 to 3
Skipped Seq from 880 to 887
Skipped Seq from 887 to 890
Skipped Seq from 894 to 897
Skipped Seq from 897 to 901
Skipped Seq from 902 to 904
Skipped Seq from 906 to 908
Skipped Seq from 908 to 911
Skipped Seq from 911 to 914
Skipped Seq from 914 to 917
Skipped Seq from 917 to 921
Skipped Seq from 922 to 927
Skipped Seq from 927 to 929
Skipped Seq from 931 to 935
Skipped Seq from 938 to 943
Skipped Seq from 943 to 946
Skipped Seq from 947 to 950
Skipped Seq from 950 to 952
Skipped Seq from 952 to 957
Skipped Seq from 958 to 960
Skipped Seq from 960 to 964
Skipped Seq from 964 to 971
Skipped Seq from 973 to 978
Skipped Seq from 978 to 980
Skipped Seq from 980 to 984
Skipped Seq from 985 to 987
Skipped Seq from 990 to 992
Skipped Seq from 992 to 996
Skipped Seq from 996 to 999
Skipped Seq from 999 to 1006
Skipped Seq from 1006 to 1008
Skipped Seq from 1008 to 1010
Skipped Seq from 1011 to 1013
Skipped Seq from 1013 to 1017
Skipped Seq from 1017 to 1019
Skipped Seq from 1019 to 1022
Skipped Seq from 1022 to 1026
Skipped Seq from 1029 to 1031
Skipped Seq from 1031 to 1035
Skipped Seq from 1035 to 1038
Skipped Seq from 1038 to 1042
Skipped Seq from 1043 to 1045
Skipped Seq from 1046 to 1049
Skipped Seq from 1050 to 1055
Skipped Seq from 1056 to 1063
Skipped Seq from 1063 to 1066
Skipped Seq from 1066 to 1071
Skipped Seq from 1071 to 1073
Skipped Seq from 1075 to 1077
Skipped Seq from 1080 to 1082
Skipped Seq from 1082 to 1086
Skipped Seq from 1087 to 1089
Skipped Seq from 1091 to 1093
Skipped Seq from 1094 to 1096
Skipped Seq from 1096 to 1099
Skipped Seq from 1100 to 1103
Skipped Seq from 1105 to 1108
Skipped Seq from 1109 to 1112
Skipped Seq from 1113 to 1115
Skipped Seq from 1115 to 1117
Skipped Seq from 1117 to 1120
Skipped Seq from 1120 to 1123
Skipped Seq from 1125 to 1127
Skipped Seq from 1127 to 1130
Skipped Seq from 1132 to 1135
Skipped Seq from 1135 to 1138
Skipped Seq from 1138 to 1142
Skipped Seq from 1142 to 1144
Skipped Seq from 1145 to 1147
Skipped Seq from 1147 to 1152
Skipped Seq from 1154 to 1156
Skipped Seq from 1156 to 1161
Skipped Seq from 1163 to 1165
Skipped Seq from 1166 to 1168
Skipped Seq from 1168 to 1170
Skipped Seq from 1170 to 1175
Skipped Seq from 1176 to 1178
Skipped Seq from 1178 to 1182
Skipped Seq from 1182 to 1186
Skipped Seq from 1186 to 1188
Skipped Seq from 1189 to 1191
Skipped Seq from 1191 to 1198
Skipped Seq from 1199 to 1204
Skipped Seq from 1204 to 1209
Skipped Seq from 1209 to 1211
Skipped Seq from 1214 to 1216
Skipped Seq from 1216 to 1218
Skipped Seq from 1219 to 1222
Skipped Seq from 1224 to 1227
Skipped Seq from 1233 to 1236
Skipped Seq from 1237 to 1239
Skipped Seq from 1240 to 1243
Skipped Seq from 1245 to 1247
Skipped Seq from 1247 to 1250
Skipped Seq from 1251 to 1253
Skipped Seq from 1253 to 1257
Skipped Seq from 1257 to 1259
Skipped Seq from 1259 to 1262
Skipped Seq from 1263 to 1266
Skipped Seq from 1266 to 1269
Skipped Seq from 1269 to 1272
Skipped Seq from 1272 to 1275
Skipped Seq from 1276 to 1278
Skipped Seq from 1278 to 1281
Skipped Seq from 1282 to 1285
Skipped Seq from 1285 to 1290
Skipped Seq from 1290 to 1292
Skipped Seq from 1297 to 1299
Skipped Seq from 1299 to 1302
Skipped Seq from 1303 to 1306
Skipped Seq from 1306 to 1308
Skipped Seq from 1308 to 1311
Skipped Seq from 1312 to 1315
Skipped Seq from 1315 to 1318
Skipped Seq from 1318 to 1320
Skipped Seq from 1320 to 1324
Skipped Seq from 1325 to 1327
Skipped Seq from 1327 to 1332
Skipped Seq from 1332 to 1336
Skipped Seq from 1337 to 1339
Skipped Seq from 1341 to 1343
Skipped Seq from 1345 to 1353
Skipped Seq from 1353 to 1357
Skipped Seq from 1357 to 1360
Skipped Seq from 1360 to 1364
Skipped Seq from 1365 to 1368
Skipped Seq from 1368 to 1371
Skipped Seq from 1373 to 1375
Skipped Seq from 1375 to 1378
Skipped Seq from 1378 to 1381
Skipped Seq from 1381 to 1388
Skipped Seq from 1389 to 1395
Skipped Seq from 1395 to 1398
Skipped Seq from 1398 to 1402
Skipped Seq from 1402 to 1405
Skipped Seq from 1407 to 1409
Skipped Seq from 1409 to 1411
Skipped Seq from 1412 to 1417
Skipped Seq from 1417 to 1421
Skipped Seq from 1421 to 1423
Skipped Seq from 1425 to 1427
Skipped Seq from 1428 to 1430
Skipped Seq from 1430 to 1433
Skipped Seq from 1435 to 1437
Skipped Seq from 1438 to 1441
Skipped Seq from 1443 to 1446
Skipped Seq from 1446 to 1449
Skipped Seq from 1449 to 1451
Skipped Seq from 1457 to 1459
Skipped Seq from 1460 to 1462
Skipped Seq from 1462 to 1464
Skipped Seq from 1464 to 1468
Skipped Seq from 1468 to 1470
Skipped Seq from 1470 to 1475
Skipped Seq from 1475 to 1477
Skipped Seq from 1479 to 1484
Skipped Seq from 1484 to 1486
Skipped Seq from 1489 to 1492
Skipped Seq from 1494 to 1496
Skipped Seq from 1499 to 1503
Skipped Seq from 1508 to 1510
Skipped Seq from 1510 to 1512
Skipped Seq from 1512 to 1514
Skipped Seq from 1514 to 1519
Skipped Seq from 1519 to 1521
Skipped Seq from 1522 to 1527
Skipped Seq from 1527 to 1530
Skipped Seq from 1532 to 1535
Skipped Seq from 1535 to 1537
Skipped Seq from 1538 to 1540
Skipped Seq from 1540 to 1545
Skipped Seq from 1547 to 1549
Skipped Seq from 1550 to 1552
Skipped Seq from 1552 to 1556
Skipped Seq from 1557 to 1559
Skipped Seq from 1560 to 1563
Skipped Seq from 1563 to 1567
Skipped Seq from 1567 to 1571
Skipped Seq from 1571 to 1573
Skipped Seq from 1573 to 1575
Skipped Seq from 1576 to 1578
Skipped Seq from 1578 to 1580
Skipped Seq from 1580 to 1583
Skipped Seq from 1584 to 1587
Skipped Seq from 1587 to 1591
Skipped Seq from 1591 to 1596
Skipped Seq from 1596 to 1601
Skipped Seq from 1602 to 1606
Skipped Seq from 1607 to 1610
Skipped Seq from 1610 to 1616
Skipped Seq from 1616 to 1619
Skipped Seq from 1620 to 1624
Skipped Seq from 1626 to 1632
Skipped Seq from 1634 to 1638
Skipped Seq from 1639 to 1643
Skipped Seq from 1643 to 1647
Skipped Seq from 1648 to 1650
Skipped Seq from 1650 to 1652
Skipped Seq from 1652 to 1655
Skipped Seq from 1656 to 1659
Skipped Seq from 1659 to 1661
Skipped Seq from 1665 to 1667
Skipped Seq from 1667 to 1669
Skipped Seq from 1671 to 1673
Skipped Seq from 1673 to 1677
Skipped Seq from 1677 to 1680
Skipped Seq from 1680 to 1682
Skipped Seq from 1682 to 1685
Skipped Seq from 1685 to 1688
Skipped Seq from 1688 to 1690
Skipped Seq from 1690 to 1695
Skipped Seq from 1696 to 1699
Skipped Seq from 1700 to 1702
Skipped Seq from 1702 to 1704
Skipped Seq from 1704 to 1707
Skipped Seq from 1707 to 1711
Skipped Seq from 1713 to 1718
Skipped Seq from 1718 to 1724
Skipped Seq from 1725 to 1727
Skipped Seq from 1727 to 1734
Skipped Seq from 1734 to 1737
Skipped Seq from 1737 to 1739
Skipped Seq from 1741 to 1744
Skipped Seq from 1744 to 1747
Skipped Seq from 1748 to 1754
Skipped Seq from 1754 to 1758
Skipped Seq from 1758 to 1761
Skipped Seq from 1762 to 1766
Skipped Seq from 1766 to 1772
Skipped Seq from 1772 to 1774
Skipped Seq from 1777 to 1782
Skipped Seq from 1783 to 1787
Skipped Seq from 1788 to 1792
Skipped Seq from 1792 to 1795
Skipped Seq from 1796 to 1798
Skipped Seq from 1799 to 1803
Skipped Seq from 1804 to 1807
Skipped Seq from 1808 to 1810
Skipped Seq from 1810 to 1812
Skipped Seq from 1812 to 1814
Skipped Seq from 1815 to 1817
Skipped Seq from 1817 to 1821
Skipped Seq from 1821 to 1823
Skipped Seq from 1824 to 1828
Skipped Seq from 1828 to 1831
Skipped Seq from 1832 to 1834
Skipped Seq from 1836 to 1838
Skipped Seq from 1838 to 1841
Skipped Seq from 1842 to 1847
Skipped Seq from 1847 to 1850
Skipped Seq from 1850 to 1852
Skipped Seq from 1852 to 1854
Skipped Seq from 1854 to 1856
Skipped Seq from 1859 to 1864
Skipped Seq from 1864 to 1866
Skipped Seq from 1866 to 1869
Skipped Seq from 1869 to 1871
Skipped Seq from 1871 to 1873
Skipped Seq from 1873 to 1877
Skipped Seq from 1878 to 1880
Skipped Seq from 1880 to 1883
Skipped Seq from 1883 to 1886
Skipped Seq from 1887 to 1889
Skipped Seq from 1891 to 1897
Skipped Seq from 1897 to 1900
Skipped Seq from 1901 to 1906
Skipped Seq from 1906 to 1913
Skipped Seq from 1913 to 1916
Skipped Seq from 1916 to 1921
Skipped Seq from 1924 to 1926
Skipped Seq from 1928 to 1931
Skipped Seq from 1932 to 1938
Skipped Seq from 1939 to 1941
Skipped Seq from 1942 to 1944
Skipped Seq from 1944 to 1949
Skipped Seq from 1949 to 1954
Skipped Seq from 1954 to 1956
Skipped Seq from 1957 to 1959
Skipped Seq from 1961 to 1963
Skipped Seq from 1963 to 1966
Skipped Seq from 1967 to 1969
Skipped Seq from 1969 to 1971
Skipped Seq from 1973 to 1977
Skipped Seq from 1977 to 1980
Skipped Seq from 1980 to 1982
Skipped Seq from 1982 to 1985
Skipped Seq from 1985 to 1988
Skipped Seq from 1990 to 1994
Skipped Seq from 1994 to 1996
Skipped Seq from 1997 to 2001
Skipped Seq from 2002 to 2004
Skipped Seq from 2005 to 2009
Skipped Seq from 2009 to 2011
Skipped Seq from 2011 to 2013
Skipped Seq from 2013 to 2015
Skipped Seq from 2015 to 2018
Skipped Seq from 2020 to 2022
Skipped Seq from 2023 to 2025
Skipped Seq from 2026 to 2028
Skipped Seq from 2029 to 2031
Skipped Seq from 2031 to 2034
Skipped Seq from 2034 to 2036
Skipped Seq from 2036 to 2039
Skipped Seq from 2039 to 2042
Skipped Seq from 2042 to 2044
Skipped Seq from 2046 to 2049
Skipped Seq from 2049 to 2053
Skipped Seq from 2053 to 2055
Skipped Seq from 2056 to 2064
Skipped Seq from 2067 to 2069
Skipped Seq from 2069 to 2071
Skipped Seq from 2071 to 2074
Skipped Seq from 2074 to 2077
Skipped Seq from 2077 to 2080
Skipped Seq from 2080 to 2083
Skipped Seq from 2084 to 2090
Skipped Seq from 2090 to 2093
Skipped Seq from 2094 to 2096
Skipped Seq from 2096 to 2098
Skipped Seq from 2101 to 2103
Skipped Seq from 2104 to 2108
Skipped Seq from 2108 to 2110
Skipped Seq from 2110 to 2114
Skipped Seq from 2114 to 2118
Skipped Seq from 2118 to 2126
Skipped Seq from 2127 to 2129
Skipped Seq from 2129 to 2134
Skipped Seq from 2134 to 2139
Skipped Seq from 2140 to 2142
Skipped Seq from 2142 to 2145
Skipped Seq from 2147 to 2150
Skipped Seq from 2152 to 2154
Skipped Seq from 2156 to 2158
Skipped Seq from 2158 to 2163
Skipped Seq from 2163 to 2165
Skipped Seq from 2165 to 2168
Skipped Seq from 2169 to 2171
Skipped Seq from 2171 to 2174
Skipped Seq from 2174 to 2178
Skipped Seq from 2179 to 2181
Skipped Seq from 2185 to 2187
Skipped Seq from 2191 to 2194
Skipped Seq from 2194 to 2196
Skipped Seq from 2199 to 2201
Skipped Seq from 2202 to 2204
Skipped Seq from 2206 to 2208
Skipped Seq from 2208 to 2210
Skipped Seq from 2210 to 2215
Skipped Seq from 2215 to 2218
Skipped Seq from 2220 to 2223
Skipped Seq from 2223 to 2227
Skipped Seq from 2227 to 2231
Skipped Seq from 2232 to 2234
Skipped Seq from 2237 to 2240
Skipped Seq from 2241 to 2243
Skipped Seq from 2243 to 2246
Skipped Seq from 2246 to 2251
Skipped Seq from 2251 to 2255
Skipped Seq from 2255 to 2260
Skipped Seq from 2260 to 2262
Skipped Seq from 2268 to 2281
Skipped Seq from 2281 to 2283
Skipped Seq from 2285 to 2288
Skipped Seq from 2292 to 2299
Skipped Seq from 2302 to 2306
Skipped Seq from 2306 to 2314
Skipped Seq from 2314 to 2321
Skipped Seq from 2322 to 2325
Skipped Seq from 2330 to 2333
Skipped Seq from 2334 to 2336
Skipped Seq from 2340 to 2343
Skipped Seq from 2348 to 2355
Number of times throttled: 4
Received: 1536 / 2357 packets
Start time: 1332840831.636994
End time: 1332840847.714430
Duration: 16.077436
