Starting client at 10.0.0.16:1280 with timeout:10
My IP address is 10.0.0.16Skipped Seq from 14 to 18
Skipped Seq from 18 to 25
Skipped Seq from 25 to 33
Skipped Seq from 36 to 44
Skipped Seq from 44 to 46
Skipped Seq from 49 to 54
Skipped Seq from 55 to 63
Skipped Seq from 63 to 72
Skipped Seq from 73 to 77
Skipped Seq from 77 to 80
Skipped Seq from 80 to 83
Skipped Seq from 84 to 87
Skipped Seq from 87 to 92
Skipped Seq from 92 to 95
Skipped Seq from 95 to 98
Skipped Seq from 98 to 102
Skipped Seq from 102 to 111
Skipped Seq from 111 to 114
Skipped Seq from 114 to 117
Skipped Seq from 122 to 125
Skipped Seq from 126 to 131
Skipped Seq from 131 to 136
Skipped Seq from 138 to 141
Skipped Seq from 141 to 144
Skipped Seq from 145 to 149
Skipped Seq from 150 to 157
Skipped Seq from 159 to 163
Skipped Seq from 163 to 174
Skipped Seq from 174 to 184
Skipped Seq from 184 to 186
Skipped Seq from 186 to 189
Skipped Seq from 189 to 193
Skipped Seq from 194 to 198
Skipped Seq from 199 to 203
Skipped Seq from 203 to 226
Skipped Seq from 226 to 228
Skipped Seq from 228 to 232
Skipped Seq from 232 to 234
Skipped Seq from 234 to 237
Skipped Seq from 237 to 242
Skipped Seq from 244 to 248
Skipped Seq from 248 to 251
Skipped Seq from 251 to 257
Skipped Seq from 257 to 259
Skipped Seq from 259 to 265
Skipped Seq from 265 to 267
Skipped Seq from 267 to 278
Skipped Seq from 278 to 280
Skipped Seq from 281 to 284
Skipped Seq from 284 to 288
Skipped Seq from 292 to 303
Skipped Seq from 304 to 307
Skipped Seq from 308 to 314
Skipped Seq from 314 to 317
Skipped Seq from 317 to 324
Skipped Seq from 325 to 327
Skipped Seq from 329 to 332
Skipped Seq from 334 to 336
Skipped Seq from 337 to 345
Skipped Seq from 345 to 350
Skipped Seq from 350 to 352
Skipped Seq from 356 to 358
Skipped Seq from 361 to 363
Skipped Seq from 365 to 369
Skipped Seq from 369 to 371
Skipped Seq from 373 to 383
Skipped Seq from 383 to 388
Skipped Seq from 391 to 395
Skipped Seq from 398 to 401
Skipped Seq from 403 to 407
Skipped Seq from 408 to 411
Skipped Seq from 425 to 427
Skipped Seq from 429 to 432
Skipped Seq from 439 to 445
Skipped Seq from 445 to 447
Skipped Seq from 447 to 449
Skipped Seq from 449 to 451
Skipped Seq from 451 to 463
Skipped Seq from 468 to 475
Skipped Seq from 475 to 477
Skipped Seq from 480 to 482
Skipped Seq from 482 to 485
Skipped Seq from 488 to 490
Skipped Seq from 508 to 513
Skipped Seq from 513 to 515
Skipped Seq from 516 to 520
Skipped Seq from 522 to 527
Skipped Seq from 527 to 529
Skipped Seq from 532 to 541
Skipped Seq from 561 to 563
Skipped Seq from 577 to 587
Skipped Seq from 594 to 597
Skipped Seq from 597 to 600
Skipped Seq from 600 to 604
Skipped Seq from 614 to 620
Skipped Seq from 620 to 624
Skipped Seq from 625 to 629
Skipped Seq from 629 to 635
Skipped Seq from 635 to 637
Skipped Seq from 637 to 643
Skipped Seq from 644 to 653
Skipped Seq from 653 to 659
Skipped Seq from 660 to 664
Skipped Seq from 664 to 673
Skipped Seq from 675 to 677
Skipped Seq from 677 to 680
Skipped Seq from 680 to 695
Skipped Seq from 696 to 715
Skipped Seq from 717 to 722
Skipped Seq from 724 to 726
Skipped Seq from 727 to 730
Skipped Seq from 731 to 736
Skipped Seq from 741 to 745
Skipped Seq from 746 to 748
Skipped Seq from 748 to 750
Skipped Seq from 750 to 755
Skipped Seq from 755 to 761
Skipped Seq from 761 to 770
Skipped Seq from 778 to 781
Skipped Seq from 782 to 784
Skipped Seq from 786 to 790
Skipped Seq from 790 to 794
Skipped Seq from 794 to 797
Skipped Seq from 798 to 803
Skipped Seq from 808 to 811
Skipped Seq from 812 to 816
Skipped Seq from 816 to 820
Skipped Seq from 820 to 828
Skipped Seq from 831 to 834
Skipped Seq from 835 to 838
Skipped Seq from 840 to 843
Skipped Seq from 844 to 847
Skipped Seq from 852 to 854
Skipped Seq from 854 to 856
Skipped Seq from 856 to 860
Skipped Seq from 861 to 867
Skipped Seq from 867 to 878
Skipped Seq from 882 to 884
Skipped Seq from 887 to 889
Skipped Seq from 892 to 896
Skipped Seq from 898 to 904
Skipped Seq from 904 to 907
Skipped Seq from 908 to 913
Skipped Seq from 913 to 915
Skipped Seq from 915 to 923
Skipped Seq from 923 to 925
Skipped Seq from 925 to 929
Skipped Seq from 930 to 933
Skipped Seq from 934 to 938
Skipped Seq from 938 to 941
Skipped Seq from 941 to 943
Skipped Seq from 943 to 952
Skipped Seq from 953 to 957
Skipped Seq from 958 to 960
Skipped Seq from 960 to 963
Skipped Seq from 963 to 967
Skipped Seq from 971 to 976
Skipped Seq from 977 to 980
Skipped Seq from 980 to 987
Skipped Seq from 987 to 991
Skipped Seq from 995 to 997
Skipped Seq from 1006 to 1008
Skipped Seq from 1008 to 1012
Skipped Seq from 1013 to 1021
Skipped Seq from 1022 to 1025
Skipped Seq from 1025 to 1041
Skipped Seq from 1041 to 1046
Skipped Seq from 1046 to 1051
Skipped Seq from 1053 to 1056
Skipped Seq from 1057 to 1059
Skipped Seq from 1060 to 1063
Skipped Seq from 1064 to 1066
Skipped Seq from 1067 to 1086
Skipped Seq from 1087 to 1092
Skipped Seq from 1093 to 1097
Skipped Seq from 1098 to 1101
Skipped Seq from 1101 to 1103
Skipped Seq from 1103 to 1106
Skipped Seq from 1107 to 1109
Skipped Seq from 1111 to 1117
Skipped Seq from 1122 to 1129
Skipped Seq from 1129 to 1138
Skipped Seq from 1139 to 1141
Skipped Seq from 1141 to 1146
Skipped Seq from 1146 to 1149
Skipped Seq from 1149 to 1157
Skipped Seq from 1157 to 1168
Skipped Seq from 1172 to 1174
Skipped Seq from 1174 to 1177
Skipped Seq from 1183 to 1186
Skipped Seq from 1186 to 1191
Skipped Seq from 1192 to 1202
Skipped Seq from 1202 to 1216
Skipped Seq from 1217 to 1220
Skipped Seq from 1220 to 1224
Skipped Seq from 1225 to 1231
Skipped Seq from 1232 to 1238
Skipped Seq from 1238 to 1243
Skipped Seq from 1247 to 1253
Skipped Seq from 1253 to 1268
Skipped Seq from 1268 to 1270
Skipped Seq from 1271 to 1275
Skipped Seq from 1278 to 1292
Skipped Seq from 1295 to 1303
Skipped Seq from 1303 to 1305
Skipped Seq from 1308 to 1313
Skipped Seq from 1313 to 1315
Skipped Seq from 1315 to 1320
Skipped Seq from 1320 to 1323
Skipped Seq from 1323 to 1328
Skipped Seq from 1328 to 1331
Skipped Seq from 1331 to 1336
Skipped Seq from 1336 to 1346
Skipped Seq from 1348 to 1354
Skipped Seq from 1358 to 1364
Skipped Seq from 1365 to 1372
Skipped Seq from 1372 to 1374
Skipped Seq from 1374 to 1379
Skipped Seq from 1379 to 1381
Skipped Seq from 1382 to 1384
Skipped Seq from 1384 to 1392
Skipped Seq from 1393 to 1397
Skipped Seq from 1397 to 1402
Skipped Seq from 1404 to 1423
Skipped Seq from 1424 to 1430
Skipped Seq from 1431 to 1442
Skipped Seq from 1442 to 1459
Skipped Seq from 1460 to 1463
Skipped Seq from 1466 to 1472
Skipped Seq from 1472 to 1474
Skipped Seq from 1475 to 1477
Skipped Seq from 1479 to 1484
Skipped Seq from 1485 to 1493
Skipped Seq from 1494 to 1500
Skipped Seq from 1501 to 1505
Skipped Seq from 1505 to 1509
Skipped Seq from 1509 to 1512
Skipped Seq from 1512 to 1516
Skipped Seq from 1518 to 1523
Skipped Seq from 1527 to 1530
Skipped Seq from 1530 to 1534
Skipped Seq from 1536 to 1552
Skipped Seq from 1552 to 1554
Skipped Seq from 1555 to 1560
Skipped Seq from 1560 to 1569
Skipped Seq from 1570 to 1582
Skipped Seq from 1582 to 1611
Skipped Seq from 1612 to 1615
Skipped Seq from 1615 to 1618
Skipped Seq from 1619 to 1623
Skipped Seq from 1624 to 1627
Skipped Seq from 1630 to 1656
Skipped Seq from 1656 to 1681
Skipped Seq from 1681 to 1684
Skipped Seq from 1684 to 1695
Skipped Seq from 1695 to 1700
Skipped Seq from 1700 to 1704
Skipped Seq from 1706 to 1715
Skipped Seq from 1715 to 1721
Skipped Seq from 1725 to 1731
Skipped Seq from 1733 to 1735
Skipped Seq from 1735 to 1740
Skipped Seq from 1741 to 1743
Skipped Seq from 1743 to 1745
Skipped Seq from 1746 to 1751
Skipped Seq from 1751 to 1754
Skipped Seq from 1754 to 1757
Skipped Seq from 1757 to 1759
Skipped Seq from 1760 to 1764
Skipped Seq from 1765 to 1768
Skipped Seq from 1772 to 1778
Skipped Seq from 1778 to 1781
Skipped Seq from 1781 to 1784
Skipped Seq from 1785 to 1787
Skipped Seq from 1788 to 1793
Skipped Seq from 1793 to 1798
Skipped Seq from 1798 to 1808
Skipped Seq from 1809 to 1814
Skipped Seq from 1814 to 1817
Skipped Seq from 1817 to 1820
Skipped Seq from 1820 to 1827
Skipped Seq from 1829 to 1847
Skipped Seq from 1847 to 1853
Skipped Seq from 1854 to 1860
Skipped Seq from 1860 to 1863
Skipped Seq from 1863 to 1869
Skipped Seq from 1870 to 1873
Skipped Seq from 1873 to 1875
Skipped Seq from 1876 to 1882
Skipped Seq from 1883 to 1885
Skipped Seq from 1889 to 1894
Skipped Seq from 1895 to 1897
Skipped Seq from 1897 to 1900
Skipped Seq from 1902 to 1905
Skipped Seq from 1907 to 1911
Skipped Seq from 1911 to 1914
Skipped Seq from 1914 to 1921
Skipped Seq from 1927 to 1931
Skipped Seq from 1932 to 1942
Skipped Seq from 1942 to 1949
Skipped Seq from 1950 to 1957
Skipped Seq from 1957 to 1961
Skipped Seq from 1961 to 1964
Skipped Seq from 1964 to 1970
Skipped Seq from 1971 to 1976
Skipped Seq from 1978 to 1981
Skipped Seq from 1981 to 1986
Skipped Seq from 1990 to 1992
Skipped Seq from 1992 to 1994
Skipped Seq from 1994 to 2002
Skipped Seq from 2003 to 2007
Skipped Seq from 2007 to 2028
Skipped Seq from 2031 to 2033
Skipped Seq from 2034 to 2037
Skipped Seq from 2041 to 2045
Skipped Seq from 2047 to 2051
Skipped Seq from 2052 to 2056
Skipped Seq from 2056 to 2062
Skipped Seq from 2064 to 2069
Skipped Seq from 2071 to 2074
Skipped Seq from 2075 to 2077
Skipped Seq from 2078 to 2080
Skipped Seq from 2081 to 2088
Skipped Seq from 2088 to 2091
Skipped Seq from 2091 to 2094
Skipped Seq from 2094 to 2098
Skipped Seq from 2102 to 2111
Skipped Seq from 2112 to 2120
Skipped Seq from 2120 to 2125
Skipped Seq from 2125 to 2127
Skipped Seq from 2127 to 2135
Skipped Seq from 2135 to 2141
Skipped Seq from 2142 to 2145
Skipped Seq from 2147 to 2151
Skipped Seq from 2151 to 2155
Skipped Seq from 2155 to 2158
Skipped Seq from 2158 to 2164
Skipped Seq from 2164 to 2167
Skipped Seq from 2169 to 2173
Skipped Seq from 2173 to 2179
Skipped Seq from 2179 to 2181
Skipped Seq from 2182 to 2184
Skipped Seq from 2185 to 2187
Skipped Seq from 2187 to 2192
Skipped Seq from 2198 to 2200
Skipped Seq from 2200 to 2202
Skipped Seq from 2208 to 2215
Skipped Seq from 2216 to 2218
Skipped Seq from 2219 to 2221
Skipped Seq from 2221 to 2223
Skipped Seq from 2223 to 2226
Skipped Seq from 2227 to 2231
Skipped Seq from 2233 to 2237
Skipped Seq from 2241 to 2243
Skipped Seq from 2244 to 2252
Skipped Seq from 2253 to 2260
Skipped Seq from 2263 to 2265
Skipped Seq from 2266 to 2268
Skipped Seq from 2268 to 2272
Skipped Seq from 2273 to 2275
Skipped Seq from 2277 to 2279
Skipped Seq from 2284 to 2286
Skipped Seq from 2286 to 2289
Skipped Seq from 2290 to 2292
Skipped Seq from 2292 to 2294
Skipped Seq from 2305 to 2307
Skipped Seq from 2315 to 2317
Skipped Seq from 2317 to 2320
Skipped Seq from 2323 to 2326
Skipped Seq from 2326 to 2330
Skipped Seq from 2332 to 2334
Skipped Seq from 2334 to 2336
Skipped Seq from 2338 to 2341
Skipped Seq from 2346 to 2350
Skipped Seq from 2352 to 2354
Skipped Seq from 2355 to 2361
Skipped Seq from 2362 to 2367
Skipped Seq from 2375 to 2377
Skipped Seq from 2377 to 2380
Skipped Seq from 2380 to 2382
Skipped Seq from 2387 to 2389
Skipped Seq from 2392 to 2394
Skipped Seq from 2400 to 2402
Skipped Seq from 2404 to 2407
Skipped Seq from 2407 to 2413
Skipped Seq from 2413 to 2415
Skipped Seq from 2415 to 2417
Skipped Seq from 2432 to 2434
Skipped Seq from 2435 to 2443
Skipped Seq from 2443 to 2445
Skipped Seq from 2445 to 2447
Skipped Seq from 2448 to 2450
Skipped Seq from 2454 to 2456
Skipped Seq from 2462 to 2464
Skipped Seq from 2466 to 2469
Skipped Seq from 2472 to 2476
Skipped Seq from 2480 to 2482
Skipped Seq from 2484 to 2486
Skipped Seq from 2491 to 2498
Skipped Seq from 2499 to 2503
Skipped Seq from 2506 to 2512
Skipped Seq from 2515 to 2520
Skipped Seq from 2520 to 2530
Skipped Seq from 2531 to 2533
Skipped Seq from 2533 to 2535
Skipped Seq from 2554 to 2557
Skipped Seq from 2557 to 2559
Skipped Seq from 2564 to 2568
Skipped Seq from 2569 to 2571
Skipped Seq from 2571 to 2573
Skipped Seq from 2577 to 2580
Skipped Seq from 2599 to 2602
Skipped Seq from 2603 to 2606
Skipped Seq from 2611 to 2614
Skipped Seq from 2616 to 2618
Skipped Seq from 2619 to 2621
Skipped Seq from 2622 to 2624
Skipped Seq from 2626 to 2628
Skipped Seq from 2660 to 2664
Skipped Seq from 2669 to 2674
Skipped Seq from 2675 to 2677
Skipped Seq from 2677 to 2679
Skipped Seq from 2679 to 2682
Skipped Seq from 2692 to 2694
Skipped Seq from 2695 to 2697
Skipped Seq from 2697 to 2703
Skipped Seq from 2709 to 2711
Skipped Seq from 2729 to 2731
Skipped Seq from 2746 to 2749
Skipped Seq from 2764 to 2766
Skipped Seq from 2784 to 2789
Skipped Seq from 2790 to 2793
Skipped Seq from 2800 to 2802
Skipped Seq from 2838 to 2841
Skipped Seq from 2842 to 2844
Skipped Seq from 2847 to 2849
Skipped Seq from 2852 to 2854
Skipped Seq from 2875 to 2885
Skipped Seq from 2887 to 2893
Skipped Seq from 2913 to 2915
Skipped Seq from 2926 to 2929
Skipped Seq from 2954 to 2956
Skipped Seq from 2957 to 2960
Skipped Seq from 2962 to 2964
Skipped Seq from 2981 to 2984
Skipped Seq from 2986 to 2988
Skipped Seq from 3001 to 3003
Skipped Seq from 3007 to 3009
Skipped Seq from 3018 to 3021
Skipped Seq from 3023 to 3025
Skipped Seq from 3027 to 3029
Skipped Seq from 3029 to 3032
Skipped Seq from 3032 to 3034
Skipped Seq from 3038 to 3040
Skipped Seq from 3042 to 3045
Skipped Seq from 3054 to 3056
Skipped Seq from 3057 to 3059
Skipped Seq from 3065 to 3067
Skipped Seq from 3072 to 3074
Skipped Seq from 3086 to 3088
Skipped Seq from 3096 to 3098
Skipped Seq from 3173 to 3180
Skipped Seq from 3749 to 3751
Skipped Seq from 3755 to 3760
Skipped Seq from 3765 to 3767
Skipped Seq from 6639 to 6641
Skipped Seq from 6646 to 6649
Skipped Seq from 6651 to 6653
Skipped Seq from 6654 to 6656
Skipped Seq from 6672 to 6674
Skipped Seq from 6674 to 6677
Skipped Seq from 6680 to 6684
Skipped Seq from 6685 to 6688
Skipped Seq from 6691 to 6693
Skipped Seq from 6695 to 6697
Skipped Seq from 6700 to 6704
Skipped Seq from 6705 to 6707
Skipped Seq from 6714 to 6720
Skipped Seq from 6721 to 6723
Skipped Seq from 6725 to 6729
Skipped Seq from 6737 to 6739
Skipped Seq from 6739 to 6741
Skipped Seq from 6744 to 6747
Skipped Seq from 6754 to 6757
Skipped Seq from 6757 to 6759
Skipped Seq from 6759 to 6762
Skipped Seq from 6766 to 6768
Skipped Seq from 6770 to 6772
Skipped Seq from 6772 to 6774
Skipped Seq from 6789 to 6791
Skipped Seq from 6794 to 6796
Skipped Seq from 6803 to 6807
Skipped Seq from 6808 to 6814
Skipped Seq from 6832 to 6835
Skipped Seq from 6837 to 6840
Skipped Seq from 6840 to 6844
Skipped Seq from 6849 to 6851
Skipped Seq from 6855 to 6858
Skipped Seq from 6860 to 6862
Skipped Seq from 6870 to 6875
Skipped Seq from 6878 to 6881
Skipped Seq from 6882 to 6884
Skipped Seq from 6884 to 6886
Skipped Seq from 6896 to 6898
Skipped Seq from 6904 to 6906
Skipped Seq from 6925 to 6928
Skipped Seq from 6928 to 6932
Skipped Seq from 6942 to 6944
Skipped Seq from 6947 to 6953
Skipped Seq from 6967 to 6969
Skipped Seq from 6970 to 6973
Skipped Seq from 6973 to 6975
Skipped Seq from 6983 to 6985
Skipped Seq from 6987 to 6989
Skipped Seq from 6990 to 6992
Skipped Seq from 7001 to 7005
Skipped Seq from 7027 to 7031
Skipped Seq from 7034 to 7039
Skipped Seq from 7039 to 7041
Skipped Seq from 7043 to 7045
Skipped Seq from 7056 to 7060
Skipped Seq from 7073 to 7076
Skipped Seq from 7076 to 7078
Skipped Seq from 7080 to 7084
Skipped Seq from 7084 to 7086
Skipped Seq from 7093 to 7096
Skipped Seq from 7098 to 7100
Skipped Seq from 7131 to 7133
Skipped Seq from 7133 to 7135
Skipped Seq from 7148 to 7151
Skipped Seq from 7154 to 7158
Skipped Seq from 7160 to 7162
Skipped Seq from 7164 to 7166
Skipped Seq from 7172 to 7175
Skipped Seq from 7175 to 7177
Skipped Seq from 7191 to 7193
Skipped Seq from 7204 to 7206
Skipped Seq from 7211 to 7217
Skipped Seq from 7224 to 7229
Skipped Seq from 7231 to 7235
Skipped Seq from 7239 to 7246
Skipped Seq from 7247 to 7255
Skipped Seq from 7271 to 7274
Skipped Seq from 7282 to 7287
Skipped Seq from 7293 to 7295
Skipped Seq from 7308 to 7310
Skipped Seq from 7313 to 7317
Skipped Seq from 7321 to 7323
Skipped Seq from 7328 to 7334
Skipped Seq from 7337 to 7341
Skipped Seq from 7342 to 7344
Skipped Seq from 7349 to 7352
Skipped Seq from 7353 to 7355
Skipped Seq from 7360 to 7362
Skipped Seq from 7364 to 7367
Skipped Seq from 7372 to 7376
Skipped Seq from 7376 to 7379
Skipped Seq from 7379 to 7383
Skipped Seq from 7385 to 7387
Skipped Seq from 7389 to 7391
Skipped Seq from 7397 to 7399
Skipped Seq from 7399 to 7403
Skipped Seq from 7405 to 7408
Skipped Seq from 7413 to 7416
Skipped Seq from 7418 to 7420
Skipped Seq from 7421 to 7424
Skipped Seq from 7435 to 7438
Skipped Seq from 7450 to 7458
Skipped Seq from 7462 to 7465
Skipped Seq from 7475 to 7481
Skipped Seq from 7481 to 7491
Skipped Seq from 7492 to 7496
Skipped Seq from 7497 to 7502
Skipped Seq from 7504 to 7506
Skipped Seq from 7525 to 7527
Skipped Seq from 7533 to 7536
Skipped Seq from 7554 to 7559
Skipped Seq from 7574 to 7576
Skipped Seq from 7576 to 7580
Skipped Seq from 7581 to 7587
Skipped Seq from 7588 to 7590
Skipped Seq from 7599 to 7602
Skipped Seq from 7605 to 7607
Skipped Seq from 7607 to 7609
Skipped Seq from 7616 to 7620
Skipped Seq from 7624 to 7628
Skipped Seq from 7629 to 7631
Skipped Seq from 7636 to 7638
Skipped Seq from 7640 to 7642
Skipped Seq from 7665 to 7668
Skipped Seq from 7668 to 7671
Skipped Seq from 7689 to 7692
Skipped Seq from 7696 to 7699
Skipped Seq from 7699 to 7705
Skipped Seq from 7723 to 7726
Skipped Seq from 7731 to 7734
Skipped Seq from 7737 to 7741
Skipped Seq from 7742 to 7745
Skipped Seq from 7756 to 7765
Skipped Seq from 7768 to 7771
Skipped Seq from 7783 to 7785
Skipped Seq from 7785 to 7791
Skipped Seq from 7819 to 7824
Skipped Seq from 7833 to 7835
Skipped Seq from 7846 to 7857
Skipped Seq from 7867 to 7872
Skipped Seq from 7875 to 7877
Skipped Seq from 7879 to 7885
Skipped Seq from 7894 to 7897
Skipped Seq from 7904 to 7906
Skipped Seq from 7938 to 7941
Skipped Seq from 7942 to 7945
Skipped Seq from 7945 to 7947
Skipped Seq from 7951 to 7953
Skipped Seq from 7973 to 7979
Skipped Seq from 7986 to 7990
Skipped Seq from 7990 to 7992
Skipped Seq from 7994 to 7998
Skipped Seq from 8012 to 8016
Skipped Seq from 8019 to 8022
Skipped Seq from 8022 to 8025
Skipped Seq from 8026 to 8029
Skipped Seq from 8034 to 8036
Skipped Seq from 8038 to 8045
Skipped Seq from 8049 to 8052
Skipped Seq from 8053 to 8056
Skipped Seq from 8075 to 8078
Skipped Seq from 8079 to 8081
Skipped Seq from 8094 to 8097
Skipped Seq from 8112 to 8114
Skipped Seq from 8116 to 8121
Skipped Seq from 8151 to 8153
Skipped Seq from 8153 to 8158
Skipped Seq from 8160 to 8162
Skipped Seq from 8174 to 8180
Skipped Seq from 8224 to 8226
Skipped Seq from 8280 to 8282
Skipped Seq from 8378 to 8382
Skipped Seq from 8416 to 8421
Skipped Seq from 8436 to 8439
Skipped Seq from 8442 to 8444
Number of times throttled: 6
Received: 7737 / 9799 packets
Start time: 1332840422.713300
End time: 1332840435.551234
Duration: 12.837934
