Starting client at 10.0.0.23:1235 with timeout:10
My IP address is 10.0.0.23Skipped Seq from 0 to 23
Skipped Seq from 592 to 594
Skipped Seq from 597 to 599
Skipped Seq from 599 to 601
Skipped Seq from 607 to 609
Skipped Seq from 613 to 615
Skipped Seq from 615 to 619
Skipped Seq from 619 to 621
Skipped Seq from 622 to 626
Skipped Seq from 630 to 632
Skipped Seq from 634 to 636
Skipped Seq from 637 to 640
Skipped Seq from 640 to 644
Skipped Seq from 644 to 646
Skipped Seq from 646 to 649
Skipped Seq from 649 to 651
Skipped Seq from 651 to 653
Skipped Seq from 653 to 656
Skipped Seq from 662 to 664
Skipped Seq from 665 to 667
Skipped Seq from 668 to 672
Skipped Seq from 674 to 677
Skipped Seq from 681 to 683
Skipped Seq from 683 to 685
Skipped Seq from 686 to 690
Skipped Seq from 692 to 694
Skipped Seq from 694 to 696
Skipped Seq from 696 to 699
Skipped Seq from 703 to 706
Skipped Seq from 707 to 709
Skipped Seq from 710 to 712
Skipped Seq from 713 to 716
Skipped Seq from 719 to 722
Skipped Seq from 727 to 732
Skipped Seq from 733 to 735
Skipped Seq from 736 to 738
Skipped Seq from 738 to 740
Skipped Seq from 746 to 748
Skipped Seq from 749 to 751
Skipped Seq from 751 to 753
Skipped Seq from 755 to 757
Skipped Seq from 761 to 763
Skipped Seq from 764 to 766
Skipped Seq from 770 to 772
Skipped Seq from 772 to 775
Skipped Seq from 776 to 778
Skipped Seq from 779 to 781
Skipped Seq from 782 to 785
Skipped Seq from 789 to 791
Skipped Seq from 795 to 798
Skipped Seq from 799 to 801
Skipped Seq from 803 to 805
Skipped Seq from 808 to 810
Skipped Seq from 811 to 813
Skipped Seq from 813 to 815
Skipped Seq from 816 to 818
Skipped Seq from 818 to 821
Skipped Seq from 821 to 824
Skipped Seq from 825 to 829
Skipped Seq from 832 to 835
Skipped Seq from 835 to 837
Skipped Seq from 837 to 839
Skipped Seq from 840 to 843
Skipped Seq from 843 to 845
Skipped Seq from 845 to 849
Skipped Seq from 849 to 851
Skipped Seq from 853 to 856
Skipped Seq from 856 to 858
Skipped Seq from 858 to 860
Skipped Seq from 860 to 862
Skipped Seq from 865 to 867
Skipped Seq from 867 to 869
Skipped Seq from 869 to 871
Skipped Seq from 873 to 877
Skipped Seq from 879 to 882
Skipped Seq from 884 to 887
Skipped Seq from 887 to 889
Skipped Seq from 890 to 893
Skipped Seq from 893 to 895
Skipped Seq from 897 to 899
Skipped Seq from 900 to 903
Skipped Seq from 903 to 905
Skipped Seq from 906 to 908
Skipped Seq from 908 to 911
Skipped Seq from 911 to 914
Skipped Seq from 914 to 916
Skipped Seq from 916 to 918
Skipped Seq from 918 to 922
Skipped Seq from 922 to 925
Skipped Seq from 926 to 929
Skipped Seq from 931 to 934
Skipped Seq from 934 to 943
Skipped Seq from 943 to 948
Skipped Seq from 949 to 951
Skipped Seq from 951 to 955
Skipped Seq from 955 to 960
Skipped Seq from 960 to 964
Skipped Seq from 965 to 968
Skipped Seq from 968 to 973
Skipped Seq from 973 to 978
Skipped Seq from 978 to 982
Skipped Seq from 982 to 989
Skipped Seq from 989 to 992
Skipped Seq from 992 to 996
Skipped Seq from 997 to 1001
Skipped Seq from 1001 to 1003
Skipped Seq from 1003 to 1006
Skipped Seq from 1006 to 1008
Skipped Seq from 1009 to 1012
Skipped Seq from 1014 to 1017
Skipped Seq from 1021 to 1023
Skipped Seq from 1024 to 1026
Skipped Seq from 1029 to 1033
Skipped Seq from 1037 to 1040
Skipped Seq from 1040 to 1042
Skipped Seq from 1049 to 1052
Skipped Seq from 1054 to 1056
Skipped Seq from 1056 to 1058
Skipped Seq from 1061 to 1063
Skipped Seq from 1064 to 1066
Skipped Seq from 1066 to 1069
Skipped Seq from 1069 to 1073
Skipped Seq from 1073 to 1078
Skipped Seq from 1101 to 1103
Skipped Seq from 1104 to 1107
Skipped Seq from 1107 to 1109
Skipped Seq from 1110 to 1112
Skipped Seq from 1116 to 1119
Skipped Seq from 1125 to 1128
Skipped Seq from 1132 to 1134
Skipped Seq from 1137 to 1139
Skipped Seq from 1140 to 1143
Skipped Seq from 1148 to 1150
Skipped Seq from 1153 to 1155
Skipped Seq from 1155 to 1157
Skipped Seq from 1157 to 1159
Skipped Seq from 1162 to 1164
Skipped Seq from 1164 to 1166
Skipped Seq from 1166 to 1168
Skipped Seq from 1169 to 1173
Skipped Seq from 1178 to 1182
Skipped Seq from 1185 to 1188
Skipped Seq from 1189 to 1192
Skipped Seq from 1194 to 1199
Skipped Seq from 1199 to 1203
Skipped Seq from 1203 to 1209
Skipped Seq from 1223 to 1226
Skipped Seq from 1227 to 1229
Skipped Seq from 1231 to 1233
Skipped Seq from 1233 to 1235
Skipped Seq from 1246 to 1248
Skipped Seq from 1251 to 1254
Skipped Seq from 1254 to 1258
Skipped Seq from 1258 to 1260
Skipped Seq from 1260 to 1263
Skipped Seq from 1264 to 1270
Skipped Seq from 1274 to 1278
Skipped Seq from 1281 to 1283
Skipped Seq from 1285 to 1287
Skipped Seq from 1288 to 1292
Skipped Seq from 1292 to 1295
Skipped Seq from 1301 to 1303
Skipped Seq from 1303 to 1307
Skipped Seq from 1307 to 1309
Skipped Seq from 1309 to 1312
Skipped Seq from 1313 to 1317
Skipped Seq from 1317 to 1319
Skipped Seq from 1320 to 1322
Skipped Seq from 1322 to 1325
Skipped Seq from 1328 to 1330
Skipped Seq from 1330 to 1334
Skipped Seq from 1337 to 1339
Skipped Seq from 1339 to 1343
Skipped Seq from 1343 to 1345
Skipped Seq from 1345 to 1347
Skipped Seq from 1347 to 1349
Skipped Seq from 1350 to 1353
Skipped Seq from 1353 to 1358
Skipped Seq from 1358 to 1364
Skipped Seq from 1367 to 1370
Skipped Seq from 1370 to 1372
Skipped Seq from 1373 to 1377
Skipped Seq from 1378 to 1384
Skipped Seq from 1388 to 1393
Skipped Seq from 1394 to 1396
Skipped Seq from 1396 to 1398
Skipped Seq from 1399 to 1404
Skipped Seq from 1404 to 1407
Skipped Seq from 1407 to 1410
Skipped Seq from 1412 to 1414
Skipped Seq from 1414 to 1416
Skipped Seq from 1416 to 1419
Skipped Seq from 1419 to 1421
Skipped Seq from 1421 to 1423
Skipped Seq from 1425 to 1427
Skipped Seq from 1430 to 1432
Skipped Seq from 1432 to 1439
Skipped Seq from 1441 to 1443
Skipped Seq from 1445 to 1448
Skipped Seq from 1448 to 1450
Skipped Seq from 1451 to 1453
Skipped Seq from 1459 to 1463
Skipped Seq from 1464 to 1469
Skipped Seq from 1470 to 1472
Skipped Seq from 1474 to 1476
Skipped Seq from 1477 to 1479
Skipped Seq from 1479 to 1481
Skipped Seq from 1487 to 1489
Skipped Seq from 1490 to 1492
Skipped Seq from 1500 to 1502
Skipped Seq from 1505 to 1507
Skipped Seq from 1519 to 1521
Skipped Seq from 1524 to 1526
Skipped Seq from 1531 to 1534
Skipped Seq from 1544 to 1546
Skipped Seq from 1549 to 1551
Skipped Seq from 1552 to 1555
Skipped Seq from 1561 to 1563
Skipped Seq from 1581 to 1583
Skipped Seq from 1598 to 1600
Skipped Seq from 1603 to 1605
Skipped Seq from 1610 to 1612
Skipped Seq from 1627 to 1629
Skipped Seq from 1663 to 1665
Skipped Seq from 1665 to 1667
Skipped Seq from 1673 to 1675
Skipped Seq from 1685 to 1687
Skipped Seq from 1690 to 1693
Skipped Seq from 1695 to 1697
Skipped Seq from 1707 to 1709
Skipped Seq from 1710 to 1712
Skipped Seq from 1714 to 1716
Skipped Seq from 1741 to 1743
Skipped Seq from 1743 to 1745
Skipped Seq from 1759 to 1761
Skipped Seq from 1787 to 1789
Skipped Seq from 1795 to 1797
Skipped Seq from 1798 to 1800
Skipped Seq from 1800 to 1802
Skipped Seq from 1802 to 1804
Skipped Seq from 1825 to 1827
Skipped Seq from 1827 to 1829
Skipped Seq from 1831 to 1833
Skipped Seq from 1835 to 1837
Skipped Seq from 1838 to 1840
Skipped Seq from 1840 to 1842
Skipped Seq from 1847 to 1849
Skipped Seq from 1849 to 1851
Skipped Seq from 1866 to 1868
Skipped Seq from 1878 to 1880
Skipped Seq from 1881 to 1883
Skipped Seq from 1883 to 1890
Skipped Seq from 1890 to 1897
Skipped Seq from 1897 to 1904
Skipped Seq from 1904 to 1907
Skipped Seq from 1908 to 1912
Skipped Seq from 1912 to 1914
Skipped Seq from 1914 to 1916
Skipped Seq from 1917 to 1919
Skipped Seq from 1919 to 1921
Skipped Seq from 1921 to 1924
Skipped Seq from 1924 to 1926
Skipped Seq from 1926 to 1928
Skipped Seq from 1928 to 1931
Skipped Seq from 1932 to 1934
Skipped Seq from 1934 to 1938
Skipped Seq from 1938 to 1940
Skipped Seq from 1940 to 1942
Skipped Seq from 1944 to 1946
Skipped Seq from 1946 to 1954
Skipped Seq from 1954 to 1958
Skipped Seq from 1958 to 1961
Skipped Seq from 1961 to 1963
Skipped Seq from 1963 to 1966
Skipped Seq from 1967 to 1970
Skipped Seq from 1972 to 1976
Skipped Seq from 1976 to 1978
Skipped Seq from 1979 to 1982
Skipped Seq from 1983 to 1985
Skipped Seq from 1985 to 1988
Skipped Seq from 1988 to 1990
Skipped Seq from 1990 to 1992
Skipped Seq from 1993 to 1995
Skipped Seq from 1995 to 1998
Skipped Seq from 1998 to 2002
Skipped Seq from 2002 to 2004
Skipped Seq from 2004 to 2007
Skipped Seq from 2007 to 2009
Skipped Seq from 2010 to 2014
Skipped Seq from 2014 to 2020
Skipped Seq from 2020 to 2022
Skipped Seq from 2022 to 2024
Skipped Seq from 2024 to 2027
Skipped Seq from 2027 to 2030
Skipped Seq from 2030 to 2036
Skipped Seq from 2036 to 2039
Skipped Seq from 2039 to 2041
Skipped Seq from 2042 to 2045
Skipped Seq from 2045 to 2049
Skipped Seq from 2051 to 2054
Skipped Seq from 2054 to 2058
Skipped Seq from 2058 to 2060
Skipped Seq from 2060 to 2063
Skipped Seq from 2063 to 2065
Skipped Seq from 2066 to 2068
Skipped Seq from 2068 to 2070
Skipped Seq from 2070 to 2074
Skipped Seq from 2074 to 2076
Skipped Seq from 2078 to 2082
Skipped Seq from 2083 to 2088
Skipped Seq from 2088 to 2090
Skipped Seq from 2090 to 2094
Skipped Seq from 2095 to 2097
Skipped Seq from 2097 to 2099
Skipped Seq from 2099 to 2106
Skipped Seq from 2107 to 2109
Skipped Seq from 2109 to 2116
Skipped Seq from 2116 to 2119
Skipped Seq from 2120 to 2124
Skipped Seq from 2124 to 2126
Skipped Seq from 2126 to 2128
Skipped Seq from 2128 to 2130
Skipped Seq from 2130 to 2133
Skipped Seq from 2133 to 2135
Skipped Seq from 2135 to 2137
Skipped Seq from 2137 to 2139
Skipped Seq from 2139 to 2141
Skipped Seq from 2141 to 2143
Skipped Seq from 2143 to 2145
Skipped Seq from 2145 to 2148
Skipped Seq from 2149 to 2152
Skipped Seq from 2153 to 2156
Skipped Seq from 2156 to 2158
Skipped Seq from 2158 to 2160
Skipped Seq from 2160 to 2162
Skipped Seq from 2163 to 2165
Skipped Seq from 2165 to 2168
Skipped Seq from 2168 to 2170
Skipped Seq from 2170 to 2172
Skipped Seq from 2173 to 2175
Skipped Seq from 2175 to 2179
Skipped Seq from 2180 to 2182
Skipped Seq from 2182 to 2184
Skipped Seq from 2184 to 2187
Skipped Seq from 2187 to 2189
Skipped Seq from 2189 to 2191
Skipped Seq from 2191 to 2193
Skipped Seq from 2193 to 2195
Skipped Seq from 2196 to 2198
Skipped Seq from 2198 to 2202
Skipped Seq from 2203 to 2205
Skipped Seq from 2205 to 2208
Skipped Seq from 2208 to 2210
Skipped Seq from 2210 to 2212
Skipped Seq from 2212 to 2214
Skipped Seq from 2214 to 2217
Skipped Seq from 2217 to 2219
Skipped Seq from 2219 to 2222
Skipped Seq from 2222 to 2224
Skipped Seq from 2224 to 2226
Skipped Seq from 2226 to 2228
Skipped Seq from 2228 to 2230
Skipped Seq from 2234 to 2240
Skipped Seq from 2240 to 2248
Skipped Seq from 2248 to 2251
Skipped Seq from 2251 to 2253
Skipped Seq from 2253 to 2255
Skipped Seq from 2255 to 2258
Skipped Seq from 2259 to 2262
Skipped Seq from 2262 to 2264
Skipped Seq from 2264 to 2266
Skipped Seq from 2266 to 2268
Skipped Seq from 2268 to 2270
Skipped Seq from 2271 to 2273
Skipped Seq from 2273 to 2277
Skipped Seq from 2277 to 2281
Skipped Seq from 2281 to 2286
Skipped Seq from 2286 to 2288
Skipped Seq from 2288 to 2291
Skipped Seq from 2291 to 2293
Skipped Seq from 2294 to 2296
Skipped Seq from 2296 to 2299
Skipped Seq from 2299 to 2303
Skipped Seq from 2303 to 2305
Skipped Seq from 2305 to 2309
Skipped Seq from 2310 to 2314
Skipped Seq from 2314 to 2316
Skipped Seq from 2317 to 2319
Skipped Seq from 2319 to 2322
Skipped Seq from 2322 to 2324
Skipped Seq from 2324 to 2326
Skipped Seq from 2327 to 2330
Skipped Seq from 2330 to 2332
Skipped Seq from 2332 to 2334
Skipped Seq from 2334 to 2336
Skipped Seq from 2336 to 2342
Skipped Seq from 2342 to 2344
Skipped Seq from 2344 to 2348
Skipped Seq from 2348 to 2350
Skipped Seq from 2350 to 2353
Skipped Seq from 2353 to 2355
Skipped Seq from 2356 to 2358
Skipped Seq from 2358 to 2363
Skipped Seq from 2363 to 2365
Skipped Seq from 2366 to 2368
Skipped Seq from 2368 to 2371
Skipped Seq from 2371 to 2375
Skipped Seq from 2375 to 2379
Skipped Seq from 2379 to 2381
Skipped Seq from 2381 to 2383
Skipped Seq from 2383 to 2385
Skipped Seq from 2385 to 2387
Skipped Seq from 2387 to 2389
Skipped Seq from 2389 to 2395
Skipped Seq from 2395 to 2397
Skipped Seq from 2397 to 2399
Skipped Seq from 2399 to 2401
Skipped Seq from 2402 to 2405
Skipped Seq from 2405 to 2408
Skipped Seq from 2408 to 2412
Skipped Seq from 2412 to 2415
Skipped Seq from 2415 to 2417
Skipped Seq from 2418 to 2421
Skipped Seq from 2425 to 2430
Skipped Seq from 2431 to 2434
Skipped Seq from 2434 to 2439
Skipped Seq from 2440 to 2442
Skipped Seq from 2442 to 2444
Skipped Seq from 2444 to 2446
Skipped Seq from 2446 to 2449
Skipped Seq from 2449 to 2452
Skipped Seq from 2452 to 2454
Skipped Seq from 2454 to 2456
Skipped Seq from 2456 to 2459
Skipped Seq from 2460 to 2464
Skipped Seq from 2464 to 2466
Skipped Seq from 2466 to 2468
Skipped Seq from 2469 to 2471
Skipped Seq from 2471 to 2474
Skipped Seq from 2475 to 2481
Skipped Seq from 2481 to 2483
Skipped Seq from 2484 to 2488
Skipped Seq from 2489 to 2491
Skipped Seq from 2491 to 2494
Skipped Seq from 2494 to 2496
Skipped Seq from 2496 to 2498
Skipped Seq from 2498 to 2500
Skipped Seq from 2500 to 2502
Skipped Seq from 2502 to 2504
Skipped Seq from 2504 to 2506
Skipped Seq from 2506 to 2508
Skipped Seq from 2508 to 2510
Skipped Seq from 2510 to 2513
Skipped Seq from 2514 to 2517
Skipped Seq from 2518 to 2522
Skipped Seq from 2522 to 2524
Skipped Seq from 2524 to 2526
Skipped Seq from 2526 to 2528
Skipped Seq from 2530 to 2536
Skipped Seq from 2537 to 2539
Skipped Seq from 2539 to 2543
Skipped Seq from 2544 to 2549
Skipped Seq from 2550 to 2553
Skipped Seq from 2553 to 2555
Skipped Seq from 2555 to 2557
Skipped Seq from 2557 to 2559
Skipped Seq from 2559 to 2561
Skipped Seq from 2561 to 2563
Skipped Seq from 2564 to 2566
Skipped Seq from 2566 to 2568
Skipped Seq from 2568 to 2571
Skipped Seq from 2571 to 2573
Skipped Seq from 2573 to 2575
Skipped Seq from 2575 to 2580
Skipped Seq from 2581 to 2585
Skipped Seq from 2585 to 2587
Skipped Seq from 2588 to 2590
Skipped Seq from 2590 to 2592
Skipped Seq from 2592 to 2594
Skipped Seq from 2594 to 2596
Skipped Seq from 2596 to 2598
Skipped Seq from 2598 to 2600
Skipped Seq from 2600 to 2602
Skipped Seq from 2603 to 2607
Skipped Seq from 2607 to 2609
Skipped Seq from 2610 to 2612
Skipped Seq from 2612 to 2614
Skipped Seq from 2614 to 2616
Skipped Seq from 2616 to 2620
Skipped Seq from 2620 to 2622
Skipped Seq from 2623 to 2625
Skipped Seq from 2625 to 2627
Skipped Seq from 2628 to 2630
Skipped Seq from 2630 to 2633
Skipped Seq from 2633 to 2635
Skipped Seq from 2635 to 2637
Skipped Seq from 2637 to 2639
Skipped Seq from 2639 to 2642
Skipped Seq from 2642 to 2644
Skipped Seq from 2644 to 2647
Skipped Seq from 2648 to 2650
Skipped Seq from 2650 to 2652
Skipped Seq from 2652 to 2654
Skipped Seq from 2655 to 2658
Skipped Seq from 2658 to 2660
Skipped Seq from 2660 to 2662
Skipped Seq from 2662 to 2665
Skipped Seq from 2665 to 2667
Skipped Seq from 2667 to 2669
Skipped Seq from 2670 to 2672
Skipped Seq from 2672 to 2674
Skipped Seq from 2674 to 2676
Skipped Seq from 2676 to 2678
Skipped Seq from 2678 to 2692
Skipped Seq from 2693 to 2698
Skipped Seq from 2698 to 2700
Skipped Seq from 2700 to 2702
Skipped Seq from 2702 to 2705
Skipped Seq from 2706 to 2708
Skipped Seq from 2708 to 2710
Skipped Seq from 2710 to 2712
Skipped Seq from 2713 to 2724
Skipped Seq from 2724 to 2726
Skipped Seq from 2726 to 2728
Skipped Seq from 2728 to 2730
Skipped Seq from 2730 to 2732
Skipped Seq from 2732 to 2734
Skipped Seq from 2734 to 2736
Skipped Seq from 2736 to 2740
Skipped Seq from 2740 to 2743
Skipped Seq from 2743 to 2747
Skipped Seq from 2747 to 2753
Skipped Seq from 2753 to 2755
Skipped Seq from 2755 to 2757
Skipped Seq from 2757 to 2759
Skipped Seq from 2759 to 2761
Skipped Seq from 2761 to 2767
Skipped Seq from 2768 to 2771
Skipped Seq from 2771 to 2773
Skipped Seq from 2773 to 2775
Skipped Seq from 2776 to 2780
Skipped Seq from 2780 to 2782
Skipped Seq from 2782 to 2786
Skipped Seq from 2786 to 2788
Skipped Seq from 2788 to 2790
Skipped Seq from 2790 to 2792
Skipped Seq from 2792 to 2797
Skipped Seq from 2797 to 2799
Skipped Seq from 2799 to 2801
Skipped Seq from 2801 to 2804
Skipped Seq from 2804 to 2806
Skipped Seq from 2809 to 2818
Skipped Seq from 2818 to 2820
Skipped Seq from 2820 to 2823
Skipped Seq from 2823 to 2829
Skipped Seq from 2829 to 2833
Skipped Seq from 2834 to 2836
Skipped Seq from 2836 to 2839
Skipped Seq from 2840 to 2843
Skipped Seq from 2843 to 2845
Skipped Seq from 2846 to 2852
Skipped Seq from 2852 to 2857
Skipped Seq from 2857 to 2859
Skipped Seq from 2859 to 2868
Skipped Seq from 2868 to 2874
Skipped Seq from 2874 to 2876
Skipped Seq from 2878 to 2882
Skipped Seq from 2882 to 2886
Skipped Seq from 2886 to 2888
Skipped Seq from 2888 to 2891
Skipped Seq from 2891 to 2895
Skipped Seq from 2896 to 2898
Skipped Seq from 2898 to 2901
Skipped Seq from 2902 to 2912
Skipped Seq from 2912 to 2914
Skipped Seq from 2914 to 2916
Skipped Seq from 2916 to 2921
Skipped Seq from 2921 to 2923
Skipped Seq from 2923 to 2929
Skipped Seq from 2929 to 2931
Skipped Seq from 2931 to 2933
Skipped Seq from 2933 to 2935
Skipped Seq from 2935 to 2939
Skipped Seq from 2940 to 2942
Skipped Seq from 2942 to 2944
Skipped Seq from 2944 to 2946
Skipped Seq from 2947 to 2950
Skipped Seq from 2950 to 2955
Skipped Seq from 2955 to 2958
Skipped Seq from 2958 to 2960
Skipped Seq from 2960 to 2963
Skipped Seq from 2964 to 2966
Skipped Seq from 2966 to 2971
Skipped Seq from 2971 to 2976
Skipped Seq from 2976 to 2982
Skipped Seq from 2982 to 2994
Skipped Seq from 2994 to 2999
Skipped Seq from 2999 to 3007
Skipped Seq from 3007 to 3010
Skipped Seq from 3010 to 3030
Skipped Seq from 3030 to 3035
Skipped Seq from 3035 to 3047
Skipped Seq from 3047 to 3052
Skipped Seq from 3052 to 3055
Skipped Seq from 3055 to 3059
Skipped Seq from 3059 to 3065
Skipped Seq from 3065 to 3067
Skipped Seq from 3067 to 3071
Skipped Seq from 3071 to 3078
Skipped Seq from 3078 to 3091
Skipped Seq from 3091 to 3097
Skipped Seq from 3097 to 3116
Skipped Seq from 3116 to 3125
Skipped Seq from 3126 to 3137
Skipped Seq from 3137 to 3144
Skipped Seq from 3144 to 3157
Skipped Seq from 3157 to 3168
Skipped Seq from 3168 to 3179
Skipped Seq from 3179 to 3217
Skipped Seq from 3217 to 3225
Skipped Seq from 3225 to 3235
Skipped Seq from 3235 to 3264
Skipped Seq from 3264 to 3277
Skipped Seq from 3277 to 3302
Skipped Seq from 3302 to 3313
Skipped Seq from 3313 to 3326
Skipped Seq from 3326 to 3336
Skipped Seq from 3336 to 3371
Skipped Seq from 3371 to 3378
Skipped Seq from 3378 to 3396
Skipped Seq from 3396 to 3408
Skipped Seq from 3408 to 3413
Skipped Seq from 3413 to 3439
Skipped Seq from 3439 to 3467
Skipped Seq from 3467 to 3487
Skipped Seq from 3487 to 3495
Skipped Seq from 3495 to 3500
Skipped Seq from 3500 to 3503
Skipped Seq from 3503 to 3508
Skipped Seq from 3508 to 3522
Skipped Seq from 3522 to 3537
Skipped Seq from 3537 to 3542
Skipped Seq from 3542 to 3549
Skipped Seq from 3549 to 3587
Skipped Seq from 3587 to 3593
Skipped Seq from 3593 to 3601
Skipped Seq from 3601 to 3618
Skipped Seq from 3618 to 3632
Skipped Seq from 3632 to 3647
Skipped Seq from 3647 to 3667
Skipped Seq from 3667 to 3682
Skipped Seq from 3682 to 3692
Skipped Seq from 3692 to 3705
Skipped Seq from 3705 to 3715
Skipped Seq from 3715 to 3727
Skipped Seq from 3727 to 3735
Skipped Seq from 3735 to 3752
Skipped Seq from 3752 to 3767
Skipped Seq from 3767 to 3770
Skipped Seq from 3770 to 3789
Skipped Seq from 3789 to 3793
Skipped Seq from 3793 to 3801
Skipped Seq from 3801 to 3809
Skipped Seq from 3809 to 3815
Skipped Seq from 3815 to 3823
Skipped Seq from 3823 to 3836
Skipped Seq from 3836 to 3845
Skipped Seq from 3845 to 3859
Skipped Seq from 3859 to 3885
Skipped Seq from 3885 to 3904
Skipped Seq from 3904 to 3915
Skipped Seq from 3915 to 3921
Skipped Seq from 3921 to 3927
Skipped Seq from 3927 to 3980
Skipped Seq from 3980 to 3985
Skipped Seq from 3985 to 4001
Skipped Seq from 4001 to 4006
Skipped Seq from 4006 to 4019
Skipped Seq from 4019 to 4048
Skipped Seq from 4048 to 4054
Skipped Seq from 4054 to 4068
Skipped Seq from 4068 to 4074
Skipped Seq from 4074 to 4081
Skipped Seq from 4081 to 4087
Skipped Seq from 4087 to 4093
Skipped Seq from 4093 to 4107
Skipped Seq from 4107 to 4116
Skipped Seq from 4116 to 4118
Skipped Seq from 4118 to 4130
Skipped Seq from 4130 to 4133
Skipped Seq from 4133 to 4143
Skipped Seq from 4143 to 4165
Skipped Seq from 4165 to 4191
Skipped Seq from 4191 to 4196
Skipped Seq from 4196 to 4210
Skipped Seq from 4210 to 4225
Skipped Seq from 4225 to 4230
Skipped Seq from 4230 to 4237
Skipped Seq from 4237 to 4242
Skipped Seq from 4242 to 4264
Skipped Seq from 4264 to 4270
Skipped Seq from 4270 to 4275
Skipped Seq from 4275 to 4301
Skipped Seq from 4301 to 4315
Skipped Seq from 4315 to 4343
Skipped Seq from 4343 to 4350
Skipped Seq from 4350 to 4368
Skipped Seq from 4368 to 4387
Skipped Seq from 4387 to 4394
Skipped Seq from 4394 to 4410
Skipped Seq from 4410 to 4426
Skipped Seq from 4426 to 4448
Skipped Seq from 4448 to 4458
Skipped Seq from 4458 to 4472
Skipped Seq from 4472 to 4484
Skipped Seq from 4484 to 4494
Skipped Seq from 4494 to 4503
Skipped Seq from 4503 to 4530
Skipped Seq from 4530 to 4545
Skipped Seq from 4545 to 4563
Skipped Seq from 4563 to 4572
Skipped Seq from 4572 to 4584
Skipped Seq from 4584 to 4597
Skipped Seq from 4597 to 4635
Skipped Seq from 4635 to 4657
Skipped Seq from 4657 to 4667
Skipped Seq from 4667 to 4672
Skipped Seq from 4672 to 4690
Skipped Seq from 4690 to 4701
Skipped Seq from 4701 to 4711
Skipped Seq from 4711 to 4733
Skipped Seq from 4733 to 4766
Skipped Seq from 4766 to 4782
Skipped Seq from 4782 to 4789
Skipped Seq from 4789 to 4799
Skipped Seq from 4799 to 4810
Skipped Seq from 4810 to 4814
Skipped Seq from 4814 to 4829
Skipped Seq from 4829 to 4876
Skipped Seq from 4876 to 4907
Skipped Seq from 4907 to 4917
Skipped Seq from 4917 to 4938
Skipped Seq from 4938 to 4948
Skipped Seq from 4948 to 4970
Skipped Seq from 4970 to 4978
Skipped Seq from 4978 to 4989
Skipped Seq from 4989 to 5053
Skipped Seq from 5053 to 5074
Skipped Seq from 5074 to 5082
Skipped Seq from 5082 to 5101
Skipped Seq from 5101 to 5107
Skipped Seq from 5107 to 5125
Skipped Seq from 5125 to 5146
Skipped Seq from 5146 to 5155
Skipped Seq from 5155 to 5159
Skipped Seq from 5159 to 5173
Skipped Seq from 5173 to 5189
Skipped Seq from 5189 to 5203
Skipped Seq from 5203 to 5212
Skipped Seq from 5212 to 5225
Skipped Seq from 5225 to 5233
Skipped Seq from 5233 to 5239
Skipped Seq from 5239 to 5257
Skipped Seq from 5257 to 5271
Skipped Seq from 5271 to 5289
Skipped Seq from 5289 to 5297
Skipped Seq from 5297 to 5303
Skipped Seq from 5303 to 5313
Skipped Seq from 5313 to 5319
Skipped Seq from 5319 to 5330
Skipped Seq from 5330 to 5340
Skipped Seq from 5340 to 5357
Skipped Seq from 5357 to 5365
Skipped Seq from 5365 to 5373
Skipped Seq from 5373 to 5383
Skipped Seq from 5383 to 5389
Skipped Seq from 5389 to 5400
Skipped Seq from 5400 to 5416
Skipped Seq from 5416 to 5424
Skipped Seq from 5424 to 5432
Skipped Seq from 5432 to 5440
Skipped Seq from 5440 to 5450
Skipped Seq from 5450 to 5458
Skipped Seq from 5458 to 5466
Skipped Seq from 5466 to 5474
Skipped Seq from 5474 to 5481
Skipped Seq from 5481 to 5488
Skipped Seq from 5488 to 5495
Skipped Seq from 5495 to 5502
Skipped Seq from 5502 to 5510
Skipped Seq from 5510 to 5517
Skipped Seq from 5517 to 5533
Skipped Seq from 5533 to 5558
Skipped Seq from 5558 to 5569
Skipped Seq from 5569 to 5576
Skipped Seq from 5576 to 5583
Skipped Seq from 5583 to 5590
Skipped Seq from 5590 to 5598
Skipped Seq from 5598 to 5605
Skipped Seq from 5605 to 5612
Skipped Seq from 5612 to 5617
Skipped Seq from 5617 to 5625
Skipped Seq from 5625 to 5640
Skipped Seq from 5640 to 5647
Skipped Seq from 5647 to 5652
Skipped Seq from 5652 to 5672
Skipped Seq from 5672 to 5702
Skipped Seq from 5702 to 5709
Skipped Seq from 5709 to 5714
Skipped Seq from 5714 to 5722
Skipped Seq from 5722 to 5729
Skipped Seq from 5729 to 5735
Skipped Seq from 5735 to 5742
Skipped Seq from 5742 to 5748
Skipped Seq from 5748 to 5764
Skipped Seq from 5764 to 5768
Skipped Seq from 5768 to 5776
Skipped Seq from 5776 to 5791
Skipped Seq from 5791 to 5804
Skipped Seq from 5804 to 5810
Skipped Seq from 5810 to 5818
Skipped Seq from 5818 to 5823
Skipped Seq from 5823 to 5829
Skipped Seq from 5829 to 5835
Skipped Seq from 5835 to 5844
Skipped Seq from 5844 to 5851
Skipped Seq from 5851 to 5858
Skipped Seq from 5858 to 5865
Skipped Seq from 5865 to 5871
Skipped Seq from 5871 to 5884
Skipped Seq from 5884 to 5890
Skipped Seq from 5890 to 5904
Skipped Seq from 5904 to 5909
Skipped Seq from 5909 to 5915
Skipped Seq from 5915 to 5923
Skipped Seq from 5923 to 5927
Skipped Seq from 5927 to 5935
Skipped Seq from 5935 to 5944
Skipped Seq from 5944 to 5951
Skipped Seq from 5951 to 5965
Skipped Seq from 5965 to 5978
Skipped Seq from 5978 to 5984
Skipped Seq from 5984 to 5998
Skipped Seq from 5998 to 6015
Skipped Seq from 6015 to 6021
Skipped Seq from 6021 to 6028
Skipped Seq from 6028 to 6034
Skipped Seq from 6034 to 6040
Skipped Seq from 6040 to 6054
Skipped Seq from 6054 to 6061
Skipped Seq from 6061 to 6072
Skipped Seq from 6072 to 6079
Skipped Seq from 6079 to 6085
Skipped Seq from 6085 to 6091
Skipped Seq from 6091 to 6098
Skipped Seq from 6098 to 6160
Skipped Seq from 6160 to 6187
Skipped Seq from 6187 to 6196
Skipped Seq from 6196 to 6210
Skipped Seq from 6210 to 6219
Skipped Seq from 6219 to 6247
Skipped Seq from 6247 to 6273
Skipped Seq from 6273 to 6294
Skipped Seq from 6294 to 6299
Skipped Seq from 6299 to 6306
Skipped Seq from 6306 to 6326
Skipped Seq from 6326 to 6332
Skipped Seq from 6332 to 6338
Skipped Seq from 6338 to 6356
Skipped Seq from 6356 to 6373
Skipped Seq from 6373 to 6385
Skipped Seq from 6385 to 6393
Skipped Seq from 6393 to 6413
Skipped Seq from 6413 to 6427
Skipped Seq from 6427 to 6447
Skipped Seq from 6447 to 6480
Skipped Seq from 6480 to 6482
Skipped Seq from 6482 to 6504
Skipped Seq from 6504 to 6513
Skipped Seq from 6513 to 6518
Skipped Seq from 6518 to 6525
Skipped Seq from 6525 to 6527
Skipped Seq from 6528 to 6532
Skipped Seq from 6532 to 6535
Skipped Seq from 6536 to 6539
Skipped Seq from 6539 to 6547
Skipped Seq from 6547 to 6558
Skipped Seq from 6558 to 6577
Skipped Seq from 6579 to 6600
Skipped Seq from 6602 to 6605
Skipped Seq from 6605 to 6609
Skipped Seq from 6609 to 6617
Skipped Seq from 6617 to 6623
Skipped Seq from 6623 to 6628
Skipped Seq from 6628 to 6640
Skipped Seq from 6640 to 6647
Skipped Seq from 6649 to 6656
Skipped Seq from 6656 to 6661
Skipped Seq from 6661 to 6668
Skipped Seq from 6671 to 6673
Skipped Seq from 6673 to 6681
Skipped Seq from 6681 to 6684
Skipped Seq from 6684 to 6700
Skipped Seq from 6700 to 6709
Skipped Seq from 6712 to 6716
Skipped Seq from 6718 to 6720
Skipped Seq from 6720 to 6723
Skipped Seq from 6723 to 6727
Skipped Seq from 6727 to 6731
Skipped Seq from 6731 to 6733
Skipped Seq from 6734 to 6740
Skipped Seq from 6741 to 6744
Skipped Seq from 6744 to 6751
Skipped Seq from 6752 to 6758
Skipped Seq from 6761 to 6767
Skipped Seq from 6768 to 6770
Skipped Seq from 6772 to 6778
Skipped Seq from 6779 to 6801
Skipped Seq from 6803 to 6814
Skipped Seq from 6814 to 6826
Skipped Seq from 6826 to 6836
Skipped Seq from 6836 to 6841
Skipped Seq from 6841 to 6849
Skipped Seq from 6850 to 6853
Skipped Seq from 6853 to 6864
Skipped Seq from 6864 to 6873
Skipped Seq from 6873 to 6877
Skipped Seq from 6877 to 6882
Skipped Seq from 6882 to 6888
Skipped Seq from 6890 to 6894
Skipped Seq from 6894 to 6896
Skipped Seq from 6896 to 6899
Skipped Seq from 6899 to 6909
Skipped Seq from 6909 to 6912
Skipped Seq from 6912 to 6924
Skipped Seq from 6924 to 6926
Skipped Seq from 6926 to 6928
Skipped Seq from 6929 to 6931
Skipped Seq from 6931 to 6940
Skipped Seq from 6940 to 6946
Skipped Seq from 6946 to 6948
Skipped Seq from 6948 to 6950
Skipped Seq from 6950 to 6956
Skipped Seq from 6956 to 6966
Skipped Seq from 6966 to 6972
Skipped Seq from 6972 to 6975
Skipped Seq from 6975 to 6979
Skipped Seq from 6979 to 6981
Skipped Seq from 6981 to 6985
Skipped Seq from 6985 to 6987
Skipped Seq from 6987 to 6991
Skipped Seq from 6991 to 6994
Skipped Seq from 6994 to 7000
Skipped Seq from 7000 to 7010
Skipped Seq from 7010 to 7014
Skipped Seq from 7014 to 7018
Skipped Seq from 7018 to 7022
Skipped Seq from 7022 to 7034
Skipped Seq from 7034 to 7036
Skipped Seq from 7036 to 7039
Skipped Seq from 7039 to 7049
Skipped Seq from 7049 to 7053
Skipped Seq from 7053 to 7066
Skipped Seq from 7067 to 7071
Skipped Seq from 7071 to 7073
Skipped Seq from 7073 to 7075
Skipped Seq from 7077 to 7079
Skipped Seq from 7079 to 7082
Skipped Seq from 7083 to 7085
Skipped Seq from 7085 to 7095
Skipped Seq from 7095 to 7101
Skipped Seq from 7101 to 7103
Skipped Seq from 7103 to 7107
Skipped Seq from 7107 to 7111
Skipped Seq from 7111 to 7114
Skipped Seq from 7114 to 7116
Skipped Seq from 7116 to 7118
Skipped Seq from 7118 to 7125
Skipped Seq from 7125 to 7127
Skipped Seq from 7128 to 7131
Skipped Seq from 7131 to 7138
Skipped Seq from 7138 to 7141
Skipped Seq from 7142 to 7145
Skipped Seq from 7145 to 7152
Skipped Seq from 7152 to 7157
Skipped Seq from 7157 to 7159
Skipped Seq from 7159 to 7164
Skipped Seq from 7164 to 7171
Skipped Seq from 7173 to 7176
Skipped Seq from 7176 to 7178
Skipped Seq from 7178 to 7181
Skipped Seq from 7181 to 7183
Skipped Seq from 7183 to 7186
Skipped Seq from 7187 to 7202
Skipped Seq from 7206 to 7210
Skipped Seq from 7212 to 7214
Skipped Seq from 7218 to 7220
Skipped Seq from 7221 to 7223
Skipped Seq from 7224 to 7226
Skipped Seq from 7226 to 7228
Skipped Seq from 7231 to 7233
Skipped Seq from 7233 to 7235
Skipped Seq from 7235 to 7237
Skipped Seq from 7240 to 7242
Skipped Seq from 7246 to 7248
Skipped Seq from 7248 to 7250
Skipped Seq from 7250 to 7253
Skipped Seq from 7258 to 7260
Skipped Seq from 7261 to 7266
Skipped Seq from 7272 to 7274
Skipped Seq from 7278 to 7280
Skipped Seq from 7282 to 7284
Skipped Seq from 7286 to 7289
Skipped Seq from 7289 to 7291
Skipped Seq from 7292 to 7294
Skipped Seq from 7296 to 7302
Skipped Seq from 7306 to 7309
Skipped Seq from 7313 to 7316
Skipped Seq from 7320 to 7322
Skipped Seq from 7324 to 7327
Skipped Seq from 7335 to 7337
Skipped Seq from 7342 to 7344
Skipped Seq from 7359 to 7361
Skipped Seq from 7361 to 7363
Skipped Seq from 7366 to 7370
Skipped Seq from 7374 to 7378
Skipped Seq from 7380 to 7382
Skipped Seq from 7399 to 7402
Skipped Seq from 7402 to 7406
Skipped Seq from 7417 to 7419
Skipped Seq from 7496 to 7500
Number of times throttled: 7
Received: 10888 / 15841 packets
Start time: 1332840951.106056
End time: 1332840984.224419
Duration: 33.118363
