Starting client at 10.0.0.26:1290 with timeout:10
My IP address is 10.0.0.26Skipped Seq from 1 to 7
Recovered out of order packet from 15 to 2
Recovered out of order packet from 15 to 3
Recovered out of order packet from 15 to 4
Recovered out of order packet from 15 to 5
Recovered out of order packet from 15 to 6
Skipped Seq from 1868 to 1870
Skipped Seq from 1870 to 1872
Skipped Seq from 1873 to 1877
Skipped Seq from 1878 to 1880
Skipped Seq from 1880 to 1883
Skipped Seq from 1884 to 1886
Skipped Seq from 1886 to 1889
Skipped Seq from 1890 to 1892
Skipped Seq from 1893 to 1896
Skipped Seq from 1896 to 1898
Skipped Seq from 1898 to 1900
Skipped Seq from 1900 to 1903
Skipped Seq from 1903 to 1906
Skipped Seq from 1908 to 1910
Skipped Seq from 1910 to 1912
Skipped Seq from 1912 to 1915
Skipped Seq from 1916 to 1918
Skipped Seq from 1918 to 1920
Skipped Seq from 1920 to 1923
Skipped Seq from 1923 to 1925
Skipped Seq from 1925 to 1927
Skipped Seq from 1927 to 1930
Skipped Seq from 1931 to 1933
Skipped Seq from 1933 to 1936
Skipped Seq from 1936 to 1938
Skipped Seq from 1938 to 1940
Skipped Seq from 1941 to 1943
Skipped Seq from 1943 to 1945
Skipped Seq from 1945 to 1948
Skipped Seq from 1948 to 1950
Skipped Seq from 1950 to 1952
Skipped Seq from 1952 to 1954
Skipped Seq from 1955 to 1958
Skipped Seq from 1958 to 1960
Skipped Seq from 1960 to 1963
Skipped Seq from 1964 to 1967
Skipped Seq from 1967 to 1969
Skipped Seq from 1969 to 1971
Skipped Seq from 1972 to 1974
Skipped Seq from 1974 to 1976
Skipped Seq from 1978 to 1982
Skipped Seq from 1982 to 1984
Skipped Seq from 1987 to 1992
Skipped Seq from 1992 to 1995
Skipped Seq from 1995 to 1997
Skipped Seq from 1997 to 2000
Skipped Seq from 2000 to 2003
Skipped Seq from 2003 to 2005
Skipped Seq from 2005 to 2007
Skipped Seq from 2007 to 2009
Skipped Seq from 2010 to 2012
Skipped Seq from 2012 to 2016
Skipped Seq from 2017 to 2019
Skipped Seq from 2020 to 2024
Skipped Seq from 2025 to 2027
Skipped Seq from 2027 to 2029
Skipped Seq from 2029 to 2033
Skipped Seq from 2035 to 2038
Skipped Seq from 2038 to 2041
Skipped Seq from 2042 to 2044
Skipped Seq from 2044 to 2046
Skipped Seq from 2046 to 2048
Skipped Seq from 2049 to 2051
Skipped Seq from 2052 to 2056
Skipped Seq from 2056 to 2058
Skipped Seq from 2058 to 2060
Skipped Seq from 2060 to 2063
Skipped Seq from 2063 to 2065
Skipped Seq from 2067 to 2070
Skipped Seq from 2070 to 2073
Skipped Seq from 2074 to 2077
Skipped Seq from 2077 to 2079
Skipped Seq from 2079 to 2082
Skipped Seq from 2082 to 2084
Skipped Seq from 2085 to 2087
Skipped Seq from 2087 to 2090
Skipped Seq from 2090 to 2092
Skipped Seq from 2092 to 2094
Skipped Seq from 2095 to 2098
Skipped Seq from 2098 to 2100
Skipped Seq from 2100 to 2102
Skipped Seq from 2102 to 2105
Skipped Seq from 2106 to 2108
Skipped Seq from 2108 to 2111
Skipped Seq from 2111 to 2113
Skipped Seq from 2114 to 2116
Skipped Seq from 2116 to 2118
Skipped Seq from 2118 to 2120
Skipped Seq from 2120 to 2123
Skipped Seq from 2123 to 2125
Skipped Seq from 2125 to 2127
Skipped Seq from 2127 to 2129
Skipped Seq from 2130 to 2133
Skipped Seq from 2133 to 2136
Skipped Seq from 2138 to 2140
Skipped Seq from 2140 to 2144
Skipped Seq from 2145 to 2147
Skipped Seq from 2147 to 2150
Skipped Seq from 2150 to 2152
Skipped Seq from 2152 to 2154
Skipped Seq from 2154 to 2156
Skipped Seq from 2157 to 2160
Skipped Seq from 2160 to 2162
Skipped Seq from 2162 to 2164
Skipped Seq from 2164 to 2167
Skipped Seq from 2168 to 2170
Skipped Seq from 2170 to 2172
Skipped Seq from 2172 to 2175
Skipped Seq from 2175 to 2177
Skipped Seq from 2178 to 2180
Skipped Seq from 2180 to 2183
Skipped Seq from 2183 to 2185
Skipped Seq from 2185 to 2187
Skipped Seq from 2188 to 2190
Skipped Seq from 2190 to 2192
Skipped Seq from 2192 to 2194
Skipped Seq from 2194 to 2197
Skipped Seq from 2198 to 2200
Skipped Seq from 2200 to 2202
Skipped Seq from 2202 to 2204
Skipped Seq from 2204 to 2206
Skipped Seq from 2206 to 2208
Skipped Seq from 2208 to 2212
Skipped Seq from 2212 to 2214
Skipped Seq from 2214 to 2216
Skipped Seq from 2216 to 2218
Skipped Seq from 2219 to 2222
Skipped Seq from 2223 to 2226
Skipped Seq from 2226 to 2229
Skipped Seq from 2229 to 2231
Skipped Seq from 2232 to 2234
Skipped Seq from 2235 to 2238
Skipped Seq from 2238 to 2240
Skipped Seq from 2240 to 2243
Skipped Seq from 2243 to 2245
Skipped Seq from 2246 to 2248
Skipped Seq from 2248 to 2251
Skipped Seq from 2251 to 2253
Skipped Seq from 2254 to 2257
Skipped Seq from 2258 to 2261
Skipped Seq from 2261 to 2263
Skipped Seq from 2263 to 2265
Skipped Seq from 2265 to 2267
Skipped Seq from 2267 to 2269
Skipped Seq from 2269 to 2271
Skipped Seq from 2271 to 2273
Skipped Seq from 2273 to 2275
Skipped Seq from 2275 to 2277
Skipped Seq from 2277 to 2280
Skipped Seq from 2280 to 2282
Skipped Seq from 2283 to 2286
Skipped Seq from 2286 to 2288
Skipped Seq from 2288 to 2290
Skipped Seq from 2290 to 2292
Skipped Seq from 2293 to 2295
Skipped Seq from 2295 to 2298
Skipped Seq from 2298 to 2301
Skipped Seq from 2302 to 2304
Skipped Seq from 2304 to 2306
Skipped Seq from 2306 to 2309
Skipped Seq from 2310 to 2314
Skipped Seq from 2315 to 2317
Skipped Seq from 2318 to 2322
Skipped Seq from 2323 to 2326
Skipped Seq from 2326 to 2328
Skipped Seq from 2329 to 2331
Skipped Seq from 2331 to 2334
Skipped Seq from 2335 to 2338
Skipped Seq from 2340 to 2346
Skipped Seq from 2346 to 2348
Skipped Seq from 2348 to 2352
Skipped Seq from 2353 to 2355
Skipped Seq from 2355 to 2359
Skipped Seq from 2360 to 2362
Skipped Seq from 2362 to 2364
Skipped Seq from 2364 to 2366
Skipped Seq from 2367 to 2369
Skipped Seq from 2369 to 2373
Skipped Seq from 2374 to 2376
Skipped Seq from 2376 to 2379
Skipped Seq from 2379 to 2381
Skipped Seq from 2381 to 2383
Skipped Seq from 2383 to 2386
Skipped Seq from 2387 to 2389
Skipped Seq from 2390 to 2393
Skipped Seq from 2393 to 2395
Skipped Seq from 2395 to 2397
Skipped Seq from 2397 to 2399
Skipped Seq from 2399 to 2402
Skipped Seq from 2403 to 2405
Skipped Seq from 2405 to 2407
Skipped Seq from 2407 to 2410
Skipped Seq from 2410 to 2412
Skipped Seq from 2413 to 2416
Skipped Seq from 2416 to 2418
Skipped Seq from 2419 to 2422
Skipped Seq from 2422 to 2424
Skipped Seq from 2424 to 2427
Skipped Seq from 2428 to 2430
Skipped Seq from 2430 to 2432
Skipped Seq from 2432 to 2435
Skipped Seq from 2435 to 2437
Skipped Seq from 2437 to 2439
Skipped Seq from 2440 to 2443
Skipped Seq from 2443 to 2445
Skipped Seq from 2446 to 2448
Skipped Seq from 2448 to 2450
Skipped Seq from 2450 to 2452
Skipped Seq from 2452 to 2455
Skipped Seq from 2455 to 2457
Skipped Seq from 2458 to 2460
Skipped Seq from 2460 to 2464
Skipped Seq from 2465 to 2468
Skipped Seq from 2468 to 2470
Skipped Seq from 2471 to 2473
Skipped Seq from 2473 to 2476
Skipped Seq from 2477 to 2481
Skipped Seq from 2482 to 2484
Skipped Seq from 2484 to 2486
Skipped Seq from 2486 to 2489
Skipped Seq from 2490 to 2492
Skipped Seq from 2493 to 2497
Skipped Seq from 2498 to 2501
Skipped Seq from 2501 to 2503
Skipped Seq from 2504 to 2507
Skipped Seq from 2507 to 2509
Skipped Seq from 2510 to 2514
Skipped Seq from 2514 to 2516
Skipped Seq from 2517 to 2519
Skipped Seq from 2519 to 2521
Skipped Seq from 2522 to 2526
Skipped Seq from 2526 to 2528
Skipped Seq from 2528 to 2530
Skipped Seq from 2531 to 2534
Skipped Seq from 2534 to 2536
Skipped Seq from 2537 to 2541
Skipped Seq from 2542 to 2544
Skipped Seq from 2544 to 2547
Skipped Seq from 2549 to 2552
Skipped Seq from 2552 to 2554
Skipped Seq from 2554 to 2556
Skipped Seq from 2556 to 2558
Skipped Seq from 2558 to 2560
Skipped Seq from 2560 to 2562
Skipped Seq from 2562 to 2564
Skipped Seq from 2564 to 2566
Skipped Seq from 2567 to 2571
Skipped Seq from 2571 to 2573
Skipped Seq from 2573 to 2575
Skipped Seq from 2576 to 2580
Skipped Seq from 2581 to 2583
Skipped Seq from 2584 to 2588
Skipped Seq from 2589 to 2592
Skipped Seq from 2593 to 2595
Skipped Seq from 2595 to 2598
Skipped Seq from 2598 to 2601
Skipped Seq from 2603 to 2605
Skipped Seq from 2605 to 2609
Skipped Seq from 2610 to 2612
Skipped Seq from 2612 to 2614
Skipped Seq from 2614 to 2617
Skipped Seq from 2617 to 2619
Skipped Seq from 2620 to 2622
Skipped Seq from 2622 to 2625
Skipped Seq from 2627 to 2636
Skipped Seq from 2636 to 2639
Skipped Seq from 2639 to 2641
Skipped Seq from 2641 to 2643
Skipped Seq from 2643 to 2645
Skipped Seq from 2645 to 2647
Skipped Seq from 2647 to 2650
Skipped Seq from 2650 to 2652
Skipped Seq from 2652 to 2655
Skipped Seq from 2656 to 2658
Skipped Seq from 2658 to 2660
Skipped Seq from 2660 to 2662
Skipped Seq from 2662 to 2665
Skipped Seq from 2666 to 2668
Skipped Seq from 2668 to 2670
Skipped Seq from 2670 to 2673
Skipped Seq from 2673 to 2675
Skipped Seq from 2675 to 2677
Skipped Seq from 2678 to 2680
Skipped Seq from 2680 to 2683
Skipped Seq from 2683 to 2685
Skipped Seq from 2686 to 2689
Skipped Seq from 2689 to 2691
Skipped Seq from 2691 to 2693
Skipped Seq from 2693 to 2695
Skipped Seq from 2695 to 2697
Skipped Seq from 2697 to 2700
Skipped Seq from 2700 to 2702
Skipped Seq from 2702 to 2704
Skipped Seq from 2704 to 2706
Skipped Seq from 2706 to 2708
Skipped Seq from 2709 to 2712
Skipped Seq from 2713 to 2716
Skipped Seq from 2716 to 2718
Skipped Seq from 2719 to 2723
Skipped Seq from 2723 to 2725
Skipped Seq from 2725 to 2727
Skipped Seq from 2728 to 2730
Skipped Seq from 2731 to 2733
Skipped Seq from 2733 to 2736
Skipped Seq from 2736 to 2738
Skipped Seq from 2738 to 2740
Skipped Seq from 2740 to 2743
Skipped Seq from 2743 to 2745
Skipped Seq from 2745 to 2748
Skipped Seq from 2749 to 2751
Skipped Seq from 2751 to 2754
Skipped Seq from 2755 to 2757
Skipped Seq from 2757 to 2759
Skipped Seq from 2759 to 2761
Skipped Seq from 2761 to 2764
Skipped Seq from 2764 to 2766
Skipped Seq from 2767 to 2769
Skipped Seq from 2769 to 2771
Skipped Seq from 2771 to 2774
Skipped Seq from 2775 to 2777
Skipped Seq from 2777 to 2781
Skipped Seq from 2783 to 2787
Skipped Seq from 2788 to 2791
Skipped Seq from 2792 to 2795
Skipped Seq from 2796 to 2799
Skipped Seq from 2800 to 2804
Skipped Seq from 2806 to 2809
Skipped Seq from 2809 to 2811
Skipped Seq from 2812 to 2816
Skipped Seq from 2817 to 2819
Skipped Seq from 2823 to 2826
Skipped Seq from 2833 to 2838
Skipped Seq from 2838 to 2841
Skipped Seq from 2857 to 2861
Skipped Seq from 2861 to 2869
Skipped Seq from 2869 to 2878
Skipped Seq from 2878 to 2888
Skipped Seq from 2888 to 2892
Skipped Seq from 2892 to 2894
Skipped Seq from 2894 to 2898
Skipped Seq from 2899 to 2901
Skipped Seq from 2901 to 2904
Skipped Seq from 2905 to 2907
Skipped Seq from 2908 to 2912
Skipped Seq from 2915 to 2923
Skipped Seq from 2923 to 2928
Skipped Seq from 2929 to 2934
Skipped Seq from 2935 to 2937
Skipped Seq from 2937 to 2940
Skipped Seq from 2941 to 2944
Skipped Seq from 2945 to 2947
Skipped Seq from 2947 to 2949
Skipped Seq from 2949 to 2953
Skipped Seq from 2954 to 2956
Skipped Seq from 2957 to 2960
Skipped Seq from 2960 to 2962
Skipped Seq from 2962 to 2965
Skipped Seq from 2966 to 2969
Skipped Seq from 2969 to 2971
Skipped Seq from 2971 to 2973
Skipped Seq from 2973 to 2975
Skipped Seq from 2976 to 2979
Skipped Seq from 2979 to 2981
Skipped Seq from 2981 to 2984
Skipped Seq from 2985 to 2987
Skipped Seq from 2987 to 2990
Skipped Seq from 2991 to 2993
Skipped Seq from 2993 to 2996
Skipped Seq from 2997 to 2999
Skipped Seq from 2999 to 3002
Skipped Seq from 3002 to 3004
Skipped Seq from 3005 to 3008
Skipped Seq from 3008 to 3010
Skipped Seq from 3010 to 3012
Skipped Seq from 3012 to 3014
Skipped Seq from 3014 to 3016
Skipped Seq from 3016 to 3019
Skipped Seq from 3019 to 3021
Skipped Seq from 3022 to 3025
Skipped Seq from 3025 to 3027
Skipped Seq from 3027 to 3029
Skipped Seq from 3029 to 3031
Skipped Seq from 3031 to 3033
Skipped Seq from 3033 to 3035
Skipped Seq from 3036 to 3039
Skipped Seq from 3039 to 3041
Skipped Seq from 3041 to 3043
Skipped Seq from 3043 to 3046
Skipped Seq from 3047 to 3049
Skipped Seq from 3049 to 3052
Skipped Seq from 3052 to 3054
Skipped Seq from 3055 to 3057
Skipped Seq from 3057 to 3060
Skipped Seq from 3060 to 3062
Skipped Seq from 3062 to 3064
Skipped Seq from 3064 to 3066
Skipped Seq from 3066 to 3068
Skipped Seq from 3068 to 3071
Skipped Seq from 3072 to 3075
Skipped Seq from 3077 to 3080
Skipped Seq from 3080 to 3082
Skipped Seq from 3083 to 3086
Skipped Seq from 3086 to 3089
Skipped Seq from 3090 to 3092
Skipped Seq from 3092 to 3095
Skipped Seq from 3096 to 3099
Skipped Seq from 3099 to 3102
Skipped Seq from 3103 to 3105
Skipped Seq from 3105 to 3108
Skipped Seq from 3109 to 3112
Skipped Seq from 3113 to 3116
Skipped Seq from 3116 to 3118
Skipped Seq from 3119 to 3122
Skipped Seq from 3123 to 3126
Skipped Seq from 3127 to 3129
Skipped Seq from 3129 to 3131
Skipped Seq from 3131 to 3134
Skipped Seq from 3135 to 3137
Skipped Seq from 3137 to 3140
Skipped Seq from 3140 to 3142
Skipped Seq from 3142 to 3144
Skipped Seq from 3144 to 3146
Skipped Seq from 3147 to 3149
Skipped Seq from 3149 to 3152
Skipped Seq from 3152 to 3155
Skipped Seq from 3155 to 3157
Skipped Seq from 3157 to 3159
Skipped Seq from 3160 to 3163
Skipped Seq from 3163 to 3165
Skipped Seq from 3166 to 3169
Skipped Seq from 3169 to 3171
Skipped Seq from 3171 to 3174
Skipped Seq from 3175 to 3177
Skipped Seq from 3177 to 3179
Skipped Seq from 3179 to 3182
Skipped Seq from 3183 to 3186
Skipped Seq from 3187 to 3190
Skipped Seq from 3190 to 3192
Skipped Seq from 3192 to 3194
Skipped Seq from 3194 to 3197
Skipped Seq from 3200 to 3203
Skipped Seq from 3203 to 3207
Skipped Seq from 3207 to 3209
Skipped Seq from 3209 to 3211
Skipped Seq from 3211 to 3213
Skipped Seq from 3214 to 3217
Skipped Seq from 3217 to 3219
Skipped Seq from 3219 to 3221
Skipped Seq from 3221 to 3224
Skipped Seq from 3225 to 3228
Skipped Seq from 3228 to 3230
Skipped Seq from 3231 to 3234
Skipped Seq from 3235 to 3238
Skipped Seq from 3238 to 3240
Skipped Seq from 3240 to 3242
Skipped Seq from 3242 to 3244
Skipped Seq from 3244 to 3246
Skipped Seq from 3247 to 3250
Skipped Seq from 3250 to 3253
Skipped Seq from 3254 to 3256
Skipped Seq from 3256 to 3259
Skipped Seq from 3259 to 3261
Skipped Seq from 3261 to 3263
Skipped Seq from 3264 to 3267
Skipped Seq from 3268 to 3270
Skipped Seq from 3270 to 3273
Skipped Seq from 3281 to 3285
Skipped Seq from 3285 to 3289
Skipped Seq from 3302 to 3305
Skipped Seq from 3305 to 3310
Skipped Seq from 3310 to 3321
Skipped Seq from 3321 to 3331
Skipped Seq from 3331 to 3335
Skipped Seq from 3336 to 3339
Skipped Seq from 3339 to 3342
Skipped Seq from 3343 to 3346
Skipped Seq from 3347 to 3350
Skipped Seq from 3351 to 3354
Skipped Seq from 3354 to 3356
Skipped Seq from 3356 to 3358
Skipped Seq from 3359 to 3362
Skipped Seq from 3362 to 3364
Skipped Seq from 3365 to 3367
Skipped Seq from 3369 to 3372
Skipped Seq from 3372 to 3374
Skipped Seq from 3376 to 3381
Skipped Seq from 3381 to 3383
Skipped Seq from 3383 to 3386
Skipped Seq from 3388 to 3392
Skipped Seq from 3392 to 3395
Skipped Seq from 3395 to 3397
Skipped Seq from 3397 to 3400
Skipped Seq from 3400 to 3402
Skipped Seq from 3402 to 3404
Skipped Seq from 3404 to 3407
Skipped Seq from 3407 to 3409
Skipped Seq from 3409 to 3411
Skipped Seq from 3411 to 3413
Skipped Seq from 3413 to 3415
Skipped Seq from 3416 to 3419
Skipped Seq from 3419 to 3422
Skipped Seq from 3423 to 3425
Skipped Seq from 3426 to 3430
Skipped Seq from 3431 to 3434
Skipped Seq from 3435 to 3438
Skipped Seq from 3438 to 3440
Skipped Seq from 3441 to 3444
Skipped Seq from 3445 to 3448
Skipped Seq from 3449 to 3452
Skipped Seq from 3452 to 3454
Skipped Seq from 3454 to 3457
Skipped Seq from 3458 to 3461
Skipped Seq from 3462 to 3465
Skipped Seq from 3466 to 3469
Skipped Seq from 3469 to 3471
Skipped Seq from 3471 to 3473
Skipped Seq from 3474 to 3477
Skipped Seq from 3477 to 3479
Skipped Seq from 3479 to 3481
Skipped Seq from 3482 to 3485
Skipped Seq from 3485 to 3487
Skipped Seq from 3489 to 3494
Skipped Seq from 3494 to 3497
Skipped Seq from 3497 to 3499
Skipped Seq from 3499 to 3503
Skipped Seq from 3504 to 3506
Skipped Seq from 3506 to 3510
Skipped Seq from 3511 to 3514
Skipped Seq from 3514 to 3516
Skipped Seq from 3516 to 3518
Skipped Seq from 3518 to 3520
Skipped Seq from 3521 to 3524
Skipped Seq from 3525 to 3528
Skipped Seq from 3529 to 3532
Skipped Seq from 3532 to 3534
Skipped Seq from 3534 to 3536
Skipped Seq from 3537 to 3539
Skipped Seq from 3539 to 3542
Skipped Seq from 3542 to 3545
Skipped Seq from 3546 to 3549
Skipped Seq from 3550 to 3553
Skipped Seq from 3554 to 3557
Skipped Seq from 3559 to 3563
Skipped Seq from 3563 to 3565
Skipped Seq from 3565 to 3567
Skipped Seq from 3567 to 3569
Skipped Seq from 3569 to 3572
Skipped Seq from 3574 to 3577
Skipped Seq from 3577 to 3579
Skipped Seq from 3579 to 3582
Skipped Seq from 3583 to 3586
Skipped Seq from 3587 to 3590
Skipped Seq from 3590 to 3592
Skipped Seq from 3593 to 3596
Skipped Seq from 3596 to 3598
Skipped Seq from 3598 to 3600
Skipped Seq from 3600 to 3602
Skipped Seq from 3602 to 3604
Skipped Seq from 3604 to 3606
Skipped Seq from 3606 to 3608
Skipped Seq from 3608 to 3610
Skipped Seq from 3610 to 3613
Skipped Seq from 3613 to 3615
Skipped Seq from 3615 to 3617
Skipped Seq from 3618 to 3621
Skipped Seq from 3621 to 3623
Skipped Seq from 3624 to 3627
Skipped Seq from 3627 to 3629
Skipped Seq from 3630 to 3633
Skipped Seq from 3633 to 3635
Skipped Seq from 3635 to 3637
Skipped Seq from 3637 to 3640
Skipped Seq from 3641 to 3643
Skipped Seq from 3643 to 3646
Skipped Seq from 3647 to 3650
Skipped Seq from 3650 to 3652
Skipped Seq from 3652 to 3654
Skipped Seq from 3654 to 3656
Skipped Seq from 3657 to 3660
Skipped Seq from 3660 to 3662
Skipped Seq from 3664 to 3669
Skipped Seq from 3673 to 3676
Skipped Seq from 3676 to 3678
Skipped Seq from 3678 to 3681
Skipped Seq from 3682 to 3686
Skipped Seq from 3686 to 3691
Skipped Seq from 3691 to 3694
Skipped Seq from 3696 to 3701
Skipped Seq from 3701 to 3705
Skipped Seq from 3707 to 3710
Skipped Seq from 3710 to 3712
Skipped Seq from 3713 to 3717
Skipped Seq from 3719 to 3721
Skipped Seq from 3721 to 3723
Skipped Seq from 3723 to 3726
Skipped Seq from 3726 to 3730
Skipped Seq from 3732 to 3735
Skipped Seq from 3735 to 3738
Skipped Seq from 3738 to 3740
Skipped Seq from 3743 to 3748
Skipped Seq from 3750 to 3755
Skipped Seq from 3758 to 3763
Skipped Seq from 3765 to 3768
Skipped Seq from 3768 to 3771
Skipped Seq from 3780 to 3782
Skipped Seq from 3782 to 3793
Skipped Seq from 3793 to 3798
Skipped Seq from 3803 to 3807
Skipped Seq from 3807 to 3811
Skipped Seq from 3811 to 3819
Skipped Seq from 3820 to 3822
Skipped Seq from 3822 to 3826
Skipped Seq from 3826 to 3829
Skipped Seq from 3829 to 3834
Skipped Seq from 3838 to 3841
Skipped Seq from 3842 to 3847
Skipped Seq from 3847 to 3849
Skipped Seq from 3849 to 3852
Skipped Seq from 3854 to 3857
Skipped Seq from 3857 to 3860
Skipped Seq from 3860 to 3863
Skipped Seq from 3863 to 3865
Skipped Seq from 3865 to 3867
Skipped Seq from 3867 to 3869
Skipped Seq from 3870 to 3874
Skipped Seq from 3875 to 3878
Skipped Seq from 3879 to 3881
Skipped Seq from 3881 to 3883
Skipped Seq from 3883 to 3885
Skipped Seq from 3885 to 3888
Skipped Seq from 3888 to 3890
Skipped Seq from 3893 to 3897
Skipped Seq from 3898 to 3900
Skipped Seq from 3900 to 3905
Skipped Seq from 3905 to 3907
Skipped Seq from 3907 to 3910
Skipped Seq from 3911 to 3914
Skipped Seq from 3915 to 3918
Skipped Seq from 3919 to 3922
Skipped Seq from 3923 to 3926
Skipped Seq from 3926 to 3928
Skipped Seq from 3928 to 3930
Skipped Seq from 3930 to 3933
Skipped Seq from 3934 to 3937
Skipped Seq from 3937 to 3939
Skipped Seq from 3939 to 3941
Skipped Seq from 3942 to 3945
Skipped Seq from 3945 to 3947
Skipped Seq from 3947 to 3949
Skipped Seq from 3950 to 3953
Skipped Seq from 3953 to 3955
Skipped Seq from 3955 to 3957
Skipped Seq from 3957 to 3959
Skipped Seq from 3959 to 3961
Skipped Seq from 3961 to 3963
Skipped Seq from 3963 to 3966
Skipped Seq from 3967 to 3969
Skipped Seq from 3969 to 3971
Skipped Seq from 3971 to 3974
Skipped Seq from 3975 to 3978
Skipped Seq from 3979 to 3982
Skipped Seq from 3983 to 3986
Skipped Seq from 3987 to 3990
Skipped Seq from 3990 to 3992
Skipped Seq from 3992 to 3995
Skipped Seq from 3996 to 3999
Skipped Seq from 4000 to 4003
Skipped Seq from 4004 to 4007
Skipped Seq from 4007 to 4009
Skipped Seq from 4009 to 4011
Skipped Seq from 4011 to 4013
Skipped Seq from 4014 to 4017
Skipped Seq from 4018 to 4020
Skipped Seq from 4020 to 4023
Skipped Seq from 4023 to 4025
Skipped Seq from 4025 to 4027
Skipped Seq from 4027 to 4030
Skipped Seq from 4031 to 4033
Skipped Seq from 4033 to 4036
Skipped Seq from 4036 to 4038
Skipped Seq from 4039 to 4042
Skipped Seq from 4043 to 4046
Skipped Seq from 4047 to 4050
Skipped Seq from 4050 to 4053
Skipped Seq from 4053 to 4055
Skipped Seq from 4055 to 4057
Skipped Seq from 4057 to 4059
Skipped Seq from 4063 to 4075
Skipped Seq from 4075 to 4078
Skipped Seq from 4078 to 4082
Skipped Seq from 4083 to 4085
Skipped Seq from 4085 to 4088
Skipped Seq from 4089 to 4092
Skipped Seq from 4093 to 4096
Skipped Seq from 4097 to 4100
Skipped Seq from 4100 to 4102
Skipped Seq from 4102 to 4104
Skipped Seq from 4104 to 4106
Skipped Seq from 4106 to 4108
Skipped Seq from 4109 to 4112
Skipped Seq from 4112 to 4114
Skipped Seq from 4114 to 4117
Skipped Seq from 4118 to 4121
Skipped Seq from 4121 to 4123
Skipped Seq from 4124 to 4127
Skipped Seq from 4128 to 4131
Skipped Seq from 4131 to 4133
Skipped Seq from 4134 to 4137
Skipped Seq from 4137 to 4139
Skipped Seq from 4139 to 4141
Skipped Seq from 4142 to 4145
Skipped Seq from 4145 to 4148
Skipped Seq from 4149 to 4152
Skipped Seq from 4153 to 4156
Skipped Seq from 4156 to 4158
Skipped Seq from 4158 to 4160
Skipped Seq from 4160 to 4162
Skipped Seq from 4162 to 4164
Skipped Seq from 4165 to 4168
Skipped Seq from 4168 to 4170
Skipped Seq from 4170 to 4173
Skipped Seq from 4174 to 4177
Skipped Seq from 4178 to 4181
Skipped Seq from 4182 to 4184
Skipped Seq from 4184 to 4187
Skipped Seq from 4188 to 4190
Skipped Seq from 4191 to 4198
Skipped Seq from 4199 to 4201
Skipped Seq from 4203 to 4209
Skipped Seq from 4209 to 4211
Skipped Seq from 4212 to 4215
Skipped Seq from 4215 to 4220
Skipped Seq from 4221 to 4223
Skipped Seq from 4224 to 4228
Skipped Seq from 4228 to 4231
Skipped Seq from 4232 to 4234
Skipped Seq from 4234 to 4237
Skipped Seq from 4239 to 4242
Skipped Seq from 4242 to 4245
Skipped Seq from 4245 to 4252
Skipped Seq from 4254 to 4256
Skipped Seq from 4258 to 4261
Skipped Seq from 4261 to 4264
Skipped Seq from 4266 to 4270
Skipped Seq from 4270 to 4272
Skipped Seq from 4272 to 4274
Skipped Seq from 4274 to 4277
Skipped Seq from 4277 to 4280
Skipped Seq from 4280 to 4283
Skipped Seq from 4283 to 4287
Skipped Seq from 4287 to 4289
Skipped Seq from 4289 to 4291
Skipped Seq from 4295 to 4297
Skipped Seq from 4297 to 4312
Skipped Seq from 4312 to 4314
Skipped Seq from 4314 to 4318
Skipped Seq from 4319 to 4321
Skipped Seq from 4321 to 4326
Skipped Seq from 4329 to 4335
Skipped Seq from 4335 to 4337
Skipped Seq from 4337 to 4341
Skipped Seq from 4341 to 4345
Skipped Seq from 4345 to 4353
Skipped Seq from 4353 to 4355
Skipped Seq from 4355 to 4365
Skipped Seq from 4365 to 4367
Skipped Seq from 4367 to 4371
Skipped Seq from 4372 to 4385
Skipped Seq from 4385 to 4398
Skipped Seq from 4398 to 4407
Skipped Seq from 4407 to 4409
Skipped Seq from 4409 to 4419
Skipped Seq from 4420 to 4432
Skipped Seq from 4432 to 4434
Skipped Seq from 4434 to 4440
Skipped Seq from 4440 to 4444
Skipped Seq from 4444 to 4454
Skipped Seq from 4454 to 4461
Skipped Seq from 4462 to 4467
Skipped Seq from 4467 to 4469
Skipped Seq from 4469 to 4474
Skipped Seq from 4474 to 4480
Skipped Seq from 4481 to 4488
Skipped Seq from 4488 to 4492
Skipped Seq from 4492 to 4497
Skipped Seq from 4497 to 4504
Skipped Seq from 4504 to 4513
Skipped Seq from 4513 to 4517
Skipped Seq from 4517 to 4524
Skipped Seq from 4524 to 4527
Skipped Seq from 4527 to 4530
Skipped Seq from 4530 to 4537
Skipped Seq from 4537 to 4541
Skipped Seq from 4541 to 4548
Skipped Seq from 4548 to 4552
Skipped Seq from 4552 to 4554
Skipped Seq from 4554 to 4559
Skipped Seq from 4559 to 4562
Skipped Seq from 4563 to 4578
Skipped Seq from 4579 to 4585
Skipped Seq from 4585 to 4593
Skipped Seq from 4593 to 4597
Skipped Seq from 4597 to 4604
Skipped Seq from 4604 to 4614
Skipped Seq from 4614 to 4618
Skipped Seq from 4618 to 4620
Skipped Seq from 4620 to 4627
Skipped Seq from 4627 to 4631
Skipped Seq from 4631 to 4633
Skipped Seq from 4633 to 4637
Skipped Seq from 4637 to 4641
Skipped Seq from 4641 to 4647
Skipped Seq from 4647 to 4649
Skipped Seq from 4649 to 4654
Skipped Seq from 4654 to 4658
Skipped Seq from 4658 to 4661
Skipped Seq from 4661 to 4666
Skipped Seq from 4666 to 4675
Skipped Seq from 4675 to 4692
Skipped Seq from 4692 to 4697
Skipped Seq from 4697 to 4700
Skipped Seq from 4700 to 4720
Skipped Seq from 4720 to 4723
Skipped Seq from 4723 to 4727
Skipped Seq from 4727 to 4746
Skipped Seq from 4746 to 4749
Skipped Seq from 4749 to 4755
Skipped Seq from 4755 to 4759
Skipped Seq from 4759 to 4764
Skipped Seq from 4764 to 4773
Skipped Seq from 4773 to 4781
Skipped Seq from 4781 to 4794
Skipped Seq from 4794 to 4805
Skipped Seq from 4805 to 4808
Skipped Seq from 4808 to 4812
Skipped Seq from 4812 to 4817
Skipped Seq from 4817 to 4821
Skipped Seq from 4821 to 4827
Skipped Seq from 4827 to 4830
Skipped Seq from 4830 to 4835
Skipped Seq from 4835 to 4840
Skipped Seq from 4840 to 4843
Skipped Seq from 4843 to 4848
Skipped Seq from 4848 to 4851
Skipped Seq from 4852 to 4858
Skipped Seq from 4858 to 4862
Skipped Seq from 4862 to 4867
Skipped Seq from 4867 to 4871
Skipped Seq from 4871 to 4874
Skipped Seq from 4874 to 4877
Skipped Seq from 4877 to 4880
Skipped Seq from 4880 to 4885
Skipped Seq from 4885 to 4889
Skipped Seq from 4889 to 4894
Skipped Seq from 4894 to 4897
Skipped Seq from 4897 to 4900
Skipped Seq from 4900 to 4904
Skipped Seq from 4904 to 4908
Skipped Seq from 4908 to 4912
Skipped Seq from 4912 to 4916
Skipped Seq from 4916 to 4920
Skipped Seq from 4921 to 4926
Skipped Seq from 4926 to 4930
Skipped Seq from 4930 to 4934
Skipped Seq from 4934 to 4939
Skipped Seq from 4939 to 4943
Skipped Seq from 4943 to 4948
Skipped Seq from 4949 to 4953
Skipped Seq from 4953 to 4958
Skipped Seq from 4958 to 4962
Skipped Seq from 4962 to 4966
Skipped Seq from 4967 to 4974
Skipped Seq from 4974 to 4976
Skipped Seq from 4976 to 4980
Skipped Seq from 4980 to 4985
Skipped Seq from 4985 to 4988
Skipped Seq from 4988 to 4993
Skipped Seq from 4994 to 4998
Skipped Seq from 4998 to 5003
Skipped Seq from 5003 to 5018
Skipped Seq from 5018 to 5021
Skipped Seq from 5021 to 5026
Skipped Seq from 5026 to 5030
Skipped Seq from 5030 to 5035
Skipped Seq from 5035 to 5039
Skipped Seq from 5039 to 5044
Skipped Seq from 5044 to 5053
Skipped Seq from 5053 to 5059
Skipped Seq from 5059 to 5067
Skipped Seq from 5067 to 5074
Skipped Seq from 5074 to 5094
Skipped Seq from 5094 to 5102
Skipped Seq from 5102 to 5109
Skipped Seq from 5109 to 5114
Skipped Seq from 5114 to 5123
Skipped Seq from 5123 to 5129
Skipped Seq from 5129 to 5138
Skipped Seq from 5138 to 5141
Skipped Seq from 5141 to 5155
Skipped Seq from 5156 to 5169
Skipped Seq from 5169 to 5173
Skipped Seq from 5173 to 5183
Skipped Seq from 5183 to 5194
Skipped Seq from 5194 to 5200
Skipped Seq from 5200 to 5207
Skipped Seq from 5207 to 5214
Skipped Seq from 5214 to 5222
Skipped Seq from 5222 to 5229
Skipped Seq from 5229 to 5243
Skipped Seq from 5243 to 5249
Skipped Seq from 5249 to 5255
Skipped Seq from 5255 to 5270
Skipped Seq from 5270 to 5278
Skipped Seq from 5278 to 5285
Skipped Seq from 5285 to 5290
Skipped Seq from 5290 to 5297
Skipped Seq from 5297 to 5305
Skipped Seq from 5305 to 5311
Skipped Seq from 5311 to 5318
Skipped Seq from 5318 to 5325
Skipped Seq from 5325 to 5332
Skipped Seq from 5332 to 5337
Skipped Seq from 5337 to 5350
Skipped Seq from 5350 to 5365
Skipped Seq from 5365 to 5372
Skipped Seq from 5372 to 5378
Skipped Seq from 5378 to 5385
Skipped Seq from 5385 to 5392
Skipped Seq from 5392 to 5407
Skipped Seq from 5407 to 5413
Skipped Seq from 5413 to 5419
Skipped Seq from 5419 to 5425
Skipped Seq from 5425 to 5427
Skipped Seq from 5427 to 5442
Skipped Seq from 5442 to 5446
Skipped Seq from 5446 to 5459
Skipped Seq from 5459 to 5472
Skipped Seq from 5472 to 5484
Skipped Seq from 5484 to 5490
Skipped Seq from 5490 to 5493
Skipped Seq from 5493 to 5496
Skipped Seq from 5496 to 5499
Skipped Seq from 5499 to 5503
Skipped Seq from 5503 to 5528
Skipped Seq from 5528 to 5531
Skipped Seq from 5531 to 5534
Skipped Seq from 5534 to 5549
Skipped Seq from 5549 to 5561
Skipped Seq from 5561 to 5564
Skipped Seq from 5564 to 5571
Skipped Seq from 5571 to 5581
Skipped Seq from 5581 to 5589
Skipped Seq from 5589 to 5597
Skipped Seq from 5597 to 5603
Skipped Seq from 5603 to 5610
Skipped Seq from 5610 to 5615
Skipped Seq from 5615 to 5622
Skipped Seq from 5622 to 5632
Skipped Seq from 5632 to 5639
Skipped Seq from 5639 to 5652
Skipped Seq from 5652 to 5659
Skipped Seq from 5659 to 5664
Skipped Seq from 5664 to 5671
Skipped Seq from 5671 to 5682
Skipped Seq from 5682 to 5691
Skipped Seq from 5691 to 5697
Skipped Seq from 5697 to 5703
Skipped Seq from 5703 to 5710
Skipped Seq from 5710 to 5714
Skipped Seq from 5714 to 5733
Skipped Seq from 5733 to 5736
Skipped Seq from 5736 to 5744
Skipped Seq from 5744 to 5765
Skipped Seq from 5765 to 5776
Skipped Seq from 5776 to 5788
Skipped Seq from 5788 to 5801
Skipped Seq from 5801 to 5810
Skipped Seq from 5810 to 5824
Skipped Seq from 5824 to 5833
Skipped Seq from 5833 to 5846
Skipped Seq from 5846 to 5857
Skipped Seq from 5857 to 5867
Skipped Seq from 5867 to 5875
Skipped Seq from 5875 to 5890
Skipped Seq from 5890 to 5898
Skipped Seq from 5898 to 5912
Skipped Seq from 5912 to 5923
Skipped Seq from 5923 to 5933
Skipped Seq from 5933 to 5943
Skipped Seq from 5943 to 5956
Skipped Seq from 5956 to 5966
Skipped Seq from 5966 to 5976
Skipped Seq from 5976 to 5986
Skipped Seq from 5986 to 5999
Skipped Seq from 5999 to 6010
Skipped Seq from 6010 to 6020
Skipped Seq from 6020 to 6030
Skipped Seq from 6030 to 6040
Skipped Seq from 6040 to 6051
Skipped Seq from 6051 to 6061
Skipped Seq from 6061 to 6071
Skipped Seq from 6071 to 6083
Skipped Seq from 6083 to 6095
Skipped Seq from 6095 to 6103
Skipped Seq from 6103 to 6115
Skipped Seq from 6115 to 6126
Skipped Seq from 6126 to 6135
Skipped Seq from 6135 to 6146
Skipped Seq from 6146 to 6154
Skipped Seq from 6154 to 6175
Skipped Seq from 6175 to 6187
Skipped Seq from 6187 to 6195
Skipped Seq from 6195 to 6205
Skipped Seq from 6205 to 6216
Skipped Seq from 6216 to 6226
Skipped Seq from 6226 to 6237
Skipped Seq from 6237 to 6245
Skipped Seq from 6245 to 6255
Skipped Seq from 6255 to 6257
Skipped Seq from 6257 to 6276
Skipped Seq from 6276 to 6286
Skipped Seq from 6286 to 6296
Skipped Seq from 6296 to 6308
Skipped Seq from 6308 to 6318
Skipped Seq from 6318 to 6326
Skipped Seq from 6326 to 6337
Skipped Seq from 6337 to 6355
Skipped Seq from 6355 to 6365
Skipped Seq from 6365 to 6374
Skipped Seq from 6374 to 6385
Skipped Seq from 6385 to 6405
Skipped Seq from 6405 to 6413
Skipped Seq from 6413 to 6434
Skipped Seq from 6434 to 6442
Skipped Seq from 6442 to 6447
Skipped Seq from 6447 to 6458
Skipped Seq from 6458 to 6462
Skipped Seq from 6462 to 6466
Skipped Seq from 6466 to 6471
Skipped Seq from 6471 to 6477
Skipped Seq from 6477 to 6482
Skipped Seq from 6482 to 6486
Skipped Seq from 6486 to 6496
Skipped Seq from 6496 to 6506
Skipped Seq from 6506 to 6514
Skipped Seq from 6514 to 6523
Skipped Seq from 6523 to 6531
Skipped Seq from 6531 to 6548
Skipped Seq from 6548 to 6563
Skipped Seq from 6563 to 6573
Skipped Seq from 6573 to 6588
Skipped Seq from 6588 to 6596
Skipped Seq from 6596 to 6618
Skipped Seq from 6618 to 6626
Skipped Seq from 6626 to 6635
Skipped Seq from 6635 to 6644
Skipped Seq from 6644 to 6652
Skipped Seq from 6652 to 6662
Skipped Seq from 6662 to 6669
Skipped Seq from 6669 to 6677
Skipped Seq from 6677 to 6687
Skipped Seq from 6687 to 6695
Skipped Seq from 6695 to 6703
Skipped Seq from 6703 to 6710
Skipped Seq from 6710 to 6721
Skipped Seq from 6721 to 6726
Skipped Seq from 6726 to 6736
Skipped Seq from 6736 to 6746
Skipped Seq from 6746 to 6754
Skipped Seq from 6754 to 6762
Skipped Seq from 6762 to 6771
Skipped Seq from 6771 to 6779
Skipped Seq from 6779 to 6786
Skipped Seq from 6786 to 6804
Skipped Seq from 6804 to 6811
Skipped Seq from 6811 to 6820
Skipped Seq from 6820 to 6828
Skipped Seq from 6828 to 6835
Skipped Seq from 6835 to 6842
Skipped Seq from 6842 to 6850
Skipped Seq from 6850 to 6858
Skipped Seq from 6858 to 6865
Skipped Seq from 6865 to 6871
Skipped Seq from 6871 to 6878
Skipped Seq from 6878 to 6885
Skipped Seq from 6885 to 6891
Skipped Seq from 6891 to 6899
Skipped Seq from 6899 to 6904
Skipped Seq from 6904 to 6912
Skipped Seq from 6912 to 6920
Skipped Seq from 6920 to 6927
Skipped Seq from 6927 to 6933
Skipped Seq from 6933 to 6941
Skipped Seq from 6941 to 6948
Skipped Seq from 6948 to 6955
Skipped Seq from 6955 to 6961
Skipped Seq from 6961 to 6967
Skipped Seq from 6967 to 6975
Skipped Seq from 6975 to 6982
Skipped Seq from 6982 to 6988
Skipped Seq from 6988 to 6995
Skipped Seq from 6995 to 7001
Skipped Seq from 7001 to 7008
Skipped Seq from 7008 to 7014
Skipped Seq from 7014 to 7022
Skipped Seq from 7022 to 7028
Skipped Seq from 7028 to 7035
Skipped Seq from 7035 to 7042
Skipped Seq from 7042 to 7048
Skipped Seq from 7048 to 7056
Skipped Seq from 7056 to 7062
Skipped Seq from 7062 to 7069
Skipped Seq from 7069 to 7075
Skipped Seq from 7075 to 7082
Skipped Seq from 7082 to 7089
Skipped Seq from 7089 to 7095
Skipped Seq from 7095 to 7102
Skipped Seq from 7102 to 7108
Skipped Seq from 7108 to 7121
Skipped Seq from 7121 to 7128
Skipped Seq from 7128 to 7134
Skipped Seq from 7134 to 7141
Skipped Seq from 7141 to 7146
Skipped Seq from 7146 to 7153
Skipped Seq from 7153 to 7158
Skipped Seq from 7158 to 7164
Skipped Seq from 7164 to 7171
Skipped Seq from 7171 to 7177
Skipped Seq from 7177 to 7184
Skipped Seq from 7184 to 7191
Skipped Seq from 7191 to 7198
Skipped Seq from 7198 to 7208
Skipped Seq from 7208 to 7220
Skipped Seq from 7220 to 7229
Skipped Seq from 7229 to 7238
Skipped Seq from 7238 to 7250
Skipped Seq from 7250 to 7269
Skipped Seq from 7269 to 7279
Skipped Seq from 7279 to 7290
Skipped Seq from 7290 to 7299
Skipped Seq from 7299 to 7309
Skipped Seq from 7309 to 7319
Skipped Seq from 7319 to 7338
Skipped Seq from 7338 to 7347
Skipped Seq from 7347 to 7355
Skipped Seq from 7355 to 7364
Skipped Seq from 7364 to 7391
Skipped Seq from 7391 to 7398
Skipped Seq from 7398 to 7409
Skipped Seq from 7409 to 7418
Skipped Seq from 7418 to 7427
Skipped Seq from 7427 to 7435
Skipped Seq from 7435 to 7444
Skipped Seq from 7444 to 7461
Skipped Seq from 7461 to 7463
Skipped Seq from 7463 to 7466
Skipped Seq from 7467 to 7469
Skipped Seq from 7469 to 7472
Skipped Seq from 7473 to 7476
Skipped Seq from 7477 to 7480
Skipped Seq from 7480 to 7482
Skipped Seq from 7482 to 7484
Skipped Seq from 7484 to 7489
Skipped Seq from 7489 to 7496
Skipped Seq from 7496 to 7498
Skipped Seq from 7498 to 7500
Skipped Seq from 7500 to 7503
Skipped Seq from 7504 to 7507
Skipped Seq from 7508 to 7511
Skipped Seq from 7511 to 7513
Skipped Seq from 7513 to 7515
Skipped Seq from 7515 to 7519
Skipped Seq from 7520 to 7523
Skipped Seq from 7523 to 7525
Skipped Seq from 7525 to 7529
Skipped Seq from 7529 to 7532
Skipped Seq from 7533 to 7537
Skipped Seq from 7537 to 7539
Skipped Seq from 7539 to 7542
Skipped Seq from 7542 to 7545
Skipped Seq from 7546 to 7548
Skipped Seq from 7548 to 7551
Skipped Seq from 7551 to 7555
Skipped Seq from 7555 to 7558
Skipped Seq from 7558 to 7560
Skipped Seq from 7560 to 7565
Skipped Seq from 7565 to 7567
Skipped Seq from 7567 to 7569
Skipped Seq from 7570 to 7574
Skipped Seq from 7574 to 7577
Skipped Seq from 7577 to 7583
Skipped Seq from 7583 to 7585
Skipped Seq from 7585 to 7587
Skipped Seq from 7587 to 7589
Skipped Seq from 7589 to 7594
Skipped Seq from 7594 to 7596
Skipped Seq from 7597 to 7600
Skipped Seq from 7601 to 7604
Skipped Seq from 7604 to 7610
Skipped Seq from 7610 to 7613
Skipped Seq from 7614 to 7616
Skipped Seq from 7616 to 7619
Skipped Seq from 7619 to 7621
Skipped Seq from 7621 to 7624
Skipped Seq from 7624 to 7634
Skipped Seq from 7635 to 7638
Skipped Seq from 7638 to 7640
Skipped Seq from 7640 to 7642
Skipped Seq from 7642 to 7646
Skipped Seq from 7646 to 7649
Skipped Seq from 7650 to 7655
Skipped Seq from 7655 to 7660
Skipped Seq from 7660 to 7665
Skipped Seq from 7665 to 7669
Skipped Seq from 7669 to 7672
Skipped Seq from 7673 to 7677
Skipped Seq from 7677 to 7679
Skipped Seq from 7679 to 7681
Skipped Seq from 7681 to 7684
Skipped Seq from 7684 to 7688
Skipped Seq from 7689 to 7692
Skipped Seq from 7692 to 7695
Skipped Seq from 7695 to 7701
Skipped Seq from 7701 to 7705
Skipped Seq from 7705 to 7711
Skipped Seq from 7712 to 7714
Skipped Seq from 7714 to 7716
Skipped Seq from 7716 to 7719
Skipped Seq from 7719 to 7721
Skipped Seq from 7721 to 7726
Skipped Seq from 7727 to 7734
Skipped Seq from 7734 to 7738
Skipped Seq from 7738 to 7743
Skipped Seq from 7745 to 7751
Skipped Seq from 7751 to 7755
Skipped Seq from 7755 to 7757
Skipped Seq from 7757 to 7761
Skipped Seq from 7762 to 7764
Skipped Seq from 7764 to 7766
Skipped Seq from 7766 to 7770
Skipped Seq from 7770 to 7774
Skipped Seq from 7774 to 7777
Skipped Seq from 7777 to 7781
Skipped Seq from 7781 to 7785
Skipped Seq from 7785 to 7787
Skipped Seq from 7787 to 7795
Skipped Seq from 7795 to 7799
Skipped Seq from 7799 to 7801
Skipped Seq from 7801 to 7803
Skipped Seq from 7803 to 7807
Skipped Seq from 7807 to 7809
Skipped Seq from 7809 to 7812
Skipped Seq from 7813 to 7817
Skipped Seq from 7817 to 7820
Skipped Seq from 7821 to 7824
Skipped Seq from 7824 to 7827
Skipped Seq from 7828 to 7830
Skipped Seq from 7830 to 7832
Skipped Seq from 7832 to 7834
Skipped Seq from 7834 to 7836
Skipped Seq from 7836 to 7848
Skipped Seq from 7848 to 7852
Skipped Seq from 7852 to 7857
Skipped Seq from 7857 to 7861
Skipped Seq from 7861 to 7863
Skipped Seq from 7863 to 7866
Skipped Seq from 7867 to 7870
Skipped Seq from 7871 to 7874
Skipped Seq from 7875 to 7878
Skipped Seq from 7879 to 7882
Skipped Seq from 7882 to 7885
Skipped Seq from 7886 to 7888
Skipped Seq from 7888 to 7890
Skipped Seq from 7890 to 7892
Skipped Seq from 7892 to 7895
Skipped Seq from 7896 to 7901
Skipped Seq from 7902 to 7904
Skipped Seq from 7904 to 7907
Skipped Seq from 7908 to 7911
Skipped Seq from 7912 to 7915
Skipped Seq from 7915 to 7917
Skipped Seq from 7918 to 7921
Skipped Seq from 7922 to 7927
Skipped Seq from 7927 to 7930
Skipped Seq from 7931 to 7934
Skipped Seq from 7935 to 7938
Skipped Seq from 7939 to 7942
Skipped Seq from 7942 to 7945
Skipped Seq from 7945 to 7948
Skipped Seq from 7948 to 7950
Skipped Seq from 7950 to 7952
Skipped Seq from 7952 to 7954
Skipped Seq from 7954 to 7958
Skipped Seq from 7958 to 7961
Skipped Seq from 7962 to 7965
Skipped Seq from 7966 to 7970
Skipped Seq from 7970 to 7973
Skipped Seq from 7973 to 7975
Skipped Seq from 7975 to 7977
Skipped Seq from 7977 to 7979
Skipped Seq from 7980 to 7982
Skipped Seq from 7982 to 7996
Skipped Seq from 7997 to 8000
Skipped Seq from 8000 to 8002
Skipped Seq from 8002 to 8004
Skipped Seq from 8004 to 8006
Skipped Seq from 8006 to 8008
Skipped Seq from 8008 to 8011
Skipped Seq from 8011 to 8024
Skipped Seq from 8024 to 8028
Skipped Seq from 8028 to 8032
Skipped Seq from 8032 to 8038
Skipped Seq from 8038 to 8041
Skipped Seq from 8041 to 8044
Skipped Seq from 8045 to 8048
Skipped Seq from 8048 to 8050
Skipped Seq from 8050 to 8052
Skipped Seq from 8052 to 8054
Skipped Seq from 8054 to 8056
Skipped Seq from 8056 to 8058
Skipped Seq from 8058 to 8060
Skipped Seq from 8060 to 8068
Skipped Seq from 8068 to 8071
Skipped Seq from 8071 to 8073
Skipped Seq from 8073 to 8075
Skipped Seq from 8076 to 8081
Skipped Seq from 8081 to 8085
Skipped Seq from 8085 to 8089
Skipped Seq from 8089 to 8091
Skipped Seq from 8091 to 8094
Skipped Seq from 8094 to 8099
Skipped Seq from 8099 to 8102
Skipped Seq from 8103 to 8110
Skipped Seq from 8110 to 8112
Skipped Seq from 8113 to 8116
Skipped Seq from 8116 to 8118
Skipped Seq from 8118 to 8122
Skipped Seq from 8122 to 8126
Skipped Seq from 8126 to 8129
Skipped Seq from 8130 to 8133
Skipped Seq from 8133 to 8139
Skipped Seq from 8139 to 8145
Skipped Seq from 8145 to 8147
Skipped Seq from 8148 to 8151
Skipped Seq from 8151 to 8153
Skipped Seq from 8154 to 8158
Skipped Seq from 8158 to 8163
Skipped Seq from 8163 to 8166
Skipped Seq from 8166 to 8169
Skipped Seq from 8169 to 8172
Skipped Seq from 8172 to 8174
Skipped Seq from 8174 to 8176
Skipped Seq from 8176 to 8179
Skipped Seq from 8179 to 8181
Skipped Seq from 8181 to 8183
Skipped Seq from 8183 to 8190
Skipped Seq from 8190 to 8192
Skipped Seq from 8192 to 8194
Skipped Seq from 8194 to 8197
Skipped Seq from 8197 to 8199
Skipped Seq from 8199 to 8203
Skipped Seq from 8203 to 8205
Skipped Seq from 8205 to 8208
Skipped Seq from 8209 to 8214
Skipped Seq from 8215 to 8217
Skipped Seq from 8217 to 8221
Skipped Seq from 8221 to 8228
Skipped Seq from 8229 to 8232
Skipped Seq from 8232 to 8235
Skipped Seq from 8235 to 8237
Skipped Seq from 8238 to 8242
Skipped Seq from 8242 to 8250
Skipped Seq from 8250 to 8253
Skipped Seq from 8254 to 8256
Skipped Seq from 8256 to 8259
Skipped Seq from 8260 to 8263
Skipped Seq from 8263 to 8266
Skipped Seq from 8267 to 8270
Skipped Seq from 8271 to 8273
Skipped Seq from 8273 to 8277
Skipped Seq from 8277 to 8280
Skipped Seq from 8280 to 8282
Skipped Seq from 8282 to 8284
Skipped Seq from 8284 to 8289
Skipped Seq from 8290 to 8293
Skipped Seq from 8293 to 8296
Skipped Seq from 8296 to 8298
Skipped Seq from 8298 to 8300
Skipped Seq from 8300 to 8303
Skipped Seq from 8303 to 8307
Skipped Seq from 8308 to 8315
Skipped Seq from 8315 to 8321
Skipped Seq from 8321 to 8323
Skipped Seq from 8323 to 8325
Skipped Seq from 8325 to 8327
Skipped Seq from 8327 to 8331
Skipped Seq from 8332 to 8345
Skipped Seq from 8345 to 8348
Skipped Seq from 8348 to 8360
Skipped Seq from 8360 to 8362
Skipped Seq from 8362 to 8365
Skipped Seq from 8366 to 8369
Skipped Seq from 8370 to 8375
Skipped Seq from 8376 to 8379
Skipped Seq from 8379 to 8385
Skipped Seq from 8385 to 8389
Skipped Seq from 8389 to 8391
Skipped Seq from 8391 to 8393
Skipped Seq from 8393 to 8396
Skipped Seq from 8396 to 8398
Skipped Seq from 8398 to 8400
Skipped Seq from 8401 to 8404
Skipped Seq from 8405 to 8408
Skipped Seq from 8408 to 8410
Skipped Seq from 8410 to 8414
Skipped Seq from 8415 to 8418
Skipped Seq from 8418 to 8420
Skipped Seq from 8420 to 8422
Skipped Seq from 8422 to 8424
Skipped Seq from 8424 to 8426
Skipped Seq from 8426 to 8428
Skipped Seq from 8428 to 8430
Skipped Seq from 8430 to 8433
Skipped Seq from 8433 to 8438
Skipped Seq from 8438 to 8442
Skipped Seq from 8442 to 8445
Skipped Seq from 8445 to 8447
Skipped Seq from 8447 to 8453
Skipped Seq from 8453 to 8455
Skipped Seq from 8455 to 8457
Skipped Seq from 8457 to 8459
Skipped Seq from 8459 to 8462
Skipped Seq from 8462 to 8464
Skipped Seq from 8464 to 8467
Skipped Seq from 8467 to 8470
Skipped Seq from 8471 to 8474
Skipped Seq from 8474 to 8479
Skipped Seq from 8479 to 8484
Skipped Seq from 8484 to 8487
Skipped Seq from 8488 to 8491
Skipped Seq from 8491 to 8495
Skipped Seq from 8496 to 8499
Skipped Seq from 8500 to 8505
Skipped Seq from 8506 to 8509
Skipped Seq from 8509 to 8511
Skipped Seq from 8511 to 8513
Skipped Seq from 8513 to 8516
Skipped Seq from 8516 to 8518
Skipped Seq from 8518 to 8523
Skipped Seq from 8523 to 8527
Skipped Seq from 8527 to 8530
Skipped Seq from 8530 to 8532
Skipped Seq from 8532 to 8534
Skipped Seq from 8534 to 8536
Skipped Seq from 8536 to 8538
Skipped Seq from 8538 to 8540
Skipped Seq from 8540 to 8545
Skipped Seq from 8545 to 8547
Skipped Seq from 8549 to 8551
Skipped Seq from 8551 to 8554
Skipped Seq from 8555 to 8557
Skipped Seq from 8557 to 8561
Skipped Seq from 8561 to 8563
Skipped Seq from 8563 to 8565
Skipped Seq from 8567 to 8571
Skipped Seq from 8573 to 8575
Skipped Seq from 8576 to 8578
Skipped Seq from 8578 to 8580
Skipped Seq from 8583 to 8585
Skipped Seq from 8587 to 8595
Skipped Seq from 8595 to 8598
Skipped Seq from 8599 to 8602
Skipped Seq from 8602 to 8604
Skipped Seq from 8604 to 8607
Skipped Seq from 8609 to 8612
Skipped Seq from 8613 to 8615
Skipped Seq from 8616 to 8619
Skipped Seq from 8619 to 8624
Skipped Seq from 8626 to 8628
Skipped Seq from 8629 to 8631
Skipped Seq from 8632 to 8636
Skipped Seq from 8637 to 8641
Skipped Seq from 8641 to 8644
Skipped Seq from 8644 to 8646
Skipped Seq from 8647 to 8649
Skipped Seq from 8651 to 8653
Skipped Seq from 8653 to 8655
Skipped Seq from 8655 to 8657
Skipped Seq from 8658 to 8660
Skipped Seq from 8660 to 8663
Skipped Seq from 8664 to 8668
Skipped Seq from 8669 to 8672
Skipped Seq from 8673 to 8683
Skipped Seq from 8684 to 8691
Skipped Seq from 8691 to 8694
Skipped Seq from 8695 to 8698
Skipped Seq from 8699 to 8701
Skipped Seq from 8702 to 8704
Skipped Seq from 8705 to 8709
Skipped Seq from 8709 to 8712
Skipped Seq from 8712 to 8714
Skipped Seq from 8714 to 8717
Skipped Seq from 8719 to 8721
Skipped Seq from 8721 to 8725
Skipped Seq from 8725 to 8728
Skipped Seq from 8729 to 8732
Skipped Seq from 8733 to 8735
Skipped Seq from 8736 to 8738
Skipped Seq from 8741 to 8743
Skipped Seq from 8743 to 8745
Skipped Seq from 8746 to 8748
Skipped Seq from 8748 to 8750
Skipped Seq from 8751 to 8753
Skipped Seq from 8754 to 8756
Skipped Seq from 8756 to 8758
Skipped Seq from 8759 to 8761
Skipped Seq from 8761 to 8763
Skipped Seq from 8764 to 8766
Skipped Seq from 8767 to 8769
Skipped Seq from 8769 to 8772
Skipped Seq from 8773 to 8776
Skipped Seq from 8776 to 8780
Skipped Seq from 8780 to 8782
Skipped Seq from 8782 to 8785
Skipped Seq from 8786 to 8792
Skipped Seq from 8797 to 8800
Skipped Seq from 8809 to 8811
Skipped Seq from 8819 to 8822
Skipped Seq from 8830 to 8832
Skipped Seq from 8836 to 8838
Skipped Seq from 8845 to 8849
Skipped Seq from 8856 to 8862
Skipped Seq from 8873 to 8885
Skipped Seq from 9334 to 9336
Skipped Seq from 9436 to 9452
Skipped Seq from 9453 to 9456
Skipped Seq from 9457 to 9460
Skipped Seq from 9460 to 9462
Skipped Seq from 9463 to 9465
Skipped Seq from 9471 to 9474
Skipped Seq from 9474 to 9477
Skipped Seq from 9477 to 9479
Skipped Seq from 9479 to 9484
Skipped Seq from 9486 to 9488
Skipped Seq from 9488 to 9490
Skipped Seq from 9498 to 9501
Skipped Seq from 9502 to 9504
Skipped Seq from 9504 to 9507
Skipped Seq from 9509 to 9511
Skipped Seq from 9515 to 9517
Skipped Seq from 9520 to 9522
Skipped Seq from 9522 to 9524
Skipped Seq from 9527 to 9530
Skipped Seq from 9533 to 9536
Skipped Seq from 9536 to 9538
Skipped Seq from 9538 to 9540
Skipped Seq from 9541 to 9543
Skipped Seq from 9543 to 9546
Skipped Seq from 9547 to 9550
Skipped Seq from 9550 to 9553
Skipped Seq from 9569 to 9571
Skipped Seq from 9576 to 9578
Skipped Seq from 9581 to 9583
Skipped Seq from 9584 to 9586
Skipped Seq from 9586 to 9588
Skipped Seq from 9595 to 9599
Skipped Seq from 9599 to 9601
Skipped Seq from 9601 to 9605
Skipped Seq from 9606 to 9608
Skipped Seq from 9613 to 9615
Skipped Seq from 9617 to 9620
Skipped Seq from 9623 to 9625
Skipped Seq from 9626 to 9629
Skipped Seq from 9637 to 9639
Skipped Seq from 9645 to 9647
Skipped Seq from 9648 to 9651
Skipped Seq from 9655 to 9658
Skipped Seq from 9666 to 9670
Skipped Seq from 9671 to 9673
Skipped Seq from 9675 to 9678
Skipped Seq from 9684 to 9686
Skipped Seq from 9686 to 9688
Skipped Seq from 9690 to 9693
Skipped Seq from 9694 to 9697
Skipped Seq from 9700 to 9702
Skipped Seq from 9702 to 9705
Skipped Seq from 9706 to 9710
Skipped Seq from 9711 to 9715
Skipped Seq from 9725 to 9728
Skipped Seq from 9728 to 9730
Skipped Seq from 9730 to 9734
Skipped Seq from 9734 to 9747
Skipped Seq from 9747 to 9749
Skipped Seq from 9749 to 9753
Skipped Seq from 9754 to 9757
Skipped Seq from 9811 to 9815
Skipped Seq from 9815 to 9818
Skipped Seq from 9820 to 9823
Skipped Seq from 9824 to 9826
Skipped Seq from 9826 to 9828
Skipped Seq from 9829 to 9832
Skipped Seq from 9839 to 9841
Skipped Seq from 9843 to 9847
Skipped Seq from 9847 to 9849
Skipped Seq from 9849 to 9852
Skipped Seq from 9852 to 9855
Skipped Seq from 9857 to 9861
Skipped Seq from 9862 to 9864
Skipped Seq from 9865 to 9867
Skipped Seq from 9867 to 9870
Skipped Seq from 9870 to 9874
Skipped Seq from 9877 to 9880
Skipped Seq from 9882 to 9884
Skipped Seq from 9885 to 9888
Skipped Seq from 9890 to 9895
Skipped Seq from 9895 to 9900
Skipped Seq from 9903 to 9905
Skipped Seq from 9909 to 9913
Skipped Seq from 9914 to 9917
Skipped Seq from 9928 to 9930
Skipped Seq from 9932 to 9934
Skipped Seq from 9934 to 9936
Skipped Seq from 9938 to 9941
Skipped Seq from 9946 to 9948
Skipped Seq from 9949 to 9951
Skipped Seq from 9951 to 9953
Skipped Seq from 9953 to 9956
Skipped Seq from 9957 to 9959
Skipped Seq from 9962 to 9964
Skipped Seq from 9967 to 9969
Skipped Seq from 9969 to 9971
Skipped Seq from 9972 to 9974
Skipped Seq from 9976 to 9978
Skipped Seq from 9978 to 9980
Skipped Seq from 9980 to 9984
Skipped Seq from 9985 to 9987
Skipped Seq from 9987 to 9989
Skipped Seq from 9993 to 9995
Skipped Seq from 9995 to 9997
Skipped Seq from 9997 to 10000
Skipped Seq from 10000 to 10002
Skipped Seq from 10002 to 10007
Skipped Seq from 10007 to 10010
Skipped Seq from 10017 to 10020
Skipped Seq from 10022 to 10035
Skipped Seq from 10038 to 10043
Skipped Seq from 10043 to 10046
Skipped Seq from 10047 to 10049
Skipped Seq from 10051 to 10053
Skipped Seq from 10053 to 10057
Skipped Seq from 10057 to 10059
Skipped Seq from 10059 to 10062
Skipped Seq from 10062 to 10065
Skipped Seq from 10065 to 10067
Skipped Seq from 10068 to 10070
Skipped Seq from 10072 to 10074
Skipped Seq from 10074 to 10077
Skipped Seq from 10079 to 10082
Skipped Seq from 10082 to 10084
Skipped Seq from 10086 to 10089
Skipped Seq from 10090 to 10093
Skipped Seq from 10094 to 10097
Skipped Seq from 10097 to 10102
Skipped Seq from 10103 to 10105
Skipped Seq from 10105 to 10110
Skipped Seq from 10110 to 10113
Skipped Seq from 10113 to 10117
Skipped Seq from 10120 to 10122
Skipped Seq from 10123 to 10125
Skipped Seq from 10127 to 10130
Skipped Seq from 10130 to 10133
Skipped Seq from 10133 to 10137
Skipped Seq from 10137 to 10140
Skipped Seq from 10141 to 10144
Skipped Seq from 10145 to 10149
Skipped Seq from 10150 to 10152
Skipped Seq from 10152 to 10156
Skipped Seq from 10159 to 10161
Skipped Seq from 10161 to 10163
Skipped Seq from 10164 to 10166
Skipped Seq from 10166 to 10168
Skipped Seq from 10169 to 10172
Skipped Seq from 10172 to 10176
Skipped Seq from 10176 to 10190
Skipped Seq from 10190 to 10193
Skipped Seq from 10199 to 10204
Skipped Seq from 10204 to 10206
Skipped Seq from 10206 to 10210
Skipped Seq from 10211 to 10217
Skipped Seq from 10217 to 10221
Skipped Seq from 10230 to 10232
Skipped Seq from 10233 to 10235
Skipped Seq from 10238 to 10240
Skipped Seq from 10241 to 10243
Skipped Seq from 10245 to 10247
Skipped Seq from 10247 to 10249
Skipped Seq from 10254 to 10256
Skipped Seq from 10256 to 10258
Skipped Seq from 10258 to 10260
Skipped Seq from 10261 to 10263
Skipped Seq from 10263 to 10267
Skipped Seq from 10270 to 10273
Skipped Seq from 10276 to 10278
Skipped Seq from 10279 to 10281
Skipped Seq from 10281 to 10283
Skipped Seq from 10285 to 10287
Skipped Seq from 10293 to 10295
Skipped Seq from 10298 to 10301
Skipped Seq from 10304 to 10306
Skipped Seq from 10312 to 10324
Skipped Seq from 10325 to 10327
Skipped Seq from 10331 to 10334
Skipped Seq from 10334 to 10337
Skipped Seq from 10337 to 10340
Skipped Seq from 10340 to 10343
Skipped Seq from 10348 to 10350
Skipped Seq from 10352 to 10354
Skipped Seq from 10360 to 10362
Skipped Seq from 10364 to 10366
Skipped Seq from 10368 to 10370
Skipped Seq from 10373 to 10377
Skipped Seq from 10377 to 10379
Skipped Seq from 10379 to 10381
Skipped Seq from 10388 to 10390
Skipped Seq from 10392 to 10395
Skipped Seq from 10395 to 10397
Skipped Seq from 10397 to 10402
Skipped Seq from 10404 to 10406
Skipped Seq from 10407 to 10409
Skipped Seq from 10409 to 10415
Skipped Seq from 10416 to 10419
Skipped Seq from 10419 to 10421
Skipped Seq from 10422 to 10424
Skipped Seq from 10426 to 10428
Skipped Seq from 10432 to 10442
Skipped Seq from 10442 to 10445
Skipped Seq from 10451 to 10457
Skipped Seq from 10458 to 10464
Skipped Seq from 10465 to 10467
Skipped Seq from 10468 to 10474
Skipped Seq from 10476 to 10478
Skipped Seq from 10479 to 10483
Skipped Seq from 10483 to 10488
Skipped Seq from 10490 to 10492
Skipped Seq from 10508 to 10514
Skipped Seq from 10519 to 10526
Skipped Seq from 10527 to 10534
Skipped Seq from 10535 to 10538
Skipped Seq from 10546 to 10562
Skipped Seq from 10565 to 10568
Skipped Seq from 10569 to 10571
Skipped Seq from 10571 to 10575
Skipped Seq from 10576 to 10580
Skipped Seq from 10582 to 10585
Skipped Seq from 10585 to 10587
Skipped Seq from 10597 to 10599
Skipped Seq from 10599 to 10602
Skipped Seq from 10605 to 10608
Skipped Seq from 10608 to 10610
Skipped Seq from 10611 to 10613
Skipped Seq from 10613 to 10615
Skipped Seq from 11108 to 11111
Skipped Seq from 11141 to 11145
Number of times throttled: 11
Received: 5757 / 11147 packets
Start time: 1332842766.322352
End time: 1332842793.944931
Duration: 27.622579
