Starting client at 10.0.0.18:1259 with timeout:10
My IP address is 10.0.0.18Skipped Seq from 1 to 4
Recovered out of order packet from 4 to 3
Skipped Seq from 4 to 7
Skipped Seq from 8 to 20
Skipped Seq from 22 to 27
Skipped Seq from 28 to 32
Skipped Seq from 32 to 41
Skipped Seq from 41 to 54
Skipped Seq from 54 to 60
Skipped Seq from 67 to 69
Skipped Seq from 74 to 79
Skipped Seq from 79 to 82
Skipped Seq from 83 to 85
Skipped Seq from 85 to 104
Skipped Seq from 104 to 108
Skipped Seq from 108 to 111
Skipped Seq from 111 to 114
Skipped Seq from 114 to 116
Skipped Seq from 117 to 130
Skipped Seq from 130 to 135
Skipped Seq from 136 to 140
Skipped Seq from 140 to 142
Skipped Seq from 142 to 144
Skipped Seq from 144 to 147
Skipped Seq from 147 to 149
Skipped Seq from 149 to 152
Skipped Seq from 157 to 162
Skipped Seq from 162 to 179
Skipped Seq from 179 to 190
Skipped Seq from 190 to 197
Skipped Seq from 197 to 207
Skipped Seq from 207 to 211
Skipped Seq from 211 to 218
Skipped Seq from 218 to 231
Skipped Seq from 231 to 236
Skipped Seq from 238 to 244
Skipped Seq from 244 to 247
Skipped Seq from 247 to 254
Skipped Seq from 255 to 262
Skipped Seq from 262 to 270
Skipped Seq from 271 to 274
Skipped Seq from 282 to 286
Skipped Seq from 286 to 289
Skipped Seq from 289 to 291
Skipped Seq from 291 to 305
Skipped Seq from 305 to 308
Skipped Seq from 309 to 317
Skipped Seq from 318 to 327
Skipped Seq from 329 to 332
Skipped Seq from 332 to 335
Skipped Seq from 342 to 363
Skipped Seq from 363 to 370
Skipped Seq from 372 to 383
Skipped Seq from 383 to 386
Skipped Seq from 387 to 400
Skipped Seq from 403 to 406
Skipped Seq from 407 to 420
Skipped Seq from 420 to 422
Skipped Seq from 425 to 435
Skipped Seq from 435 to 446
Skipped Seq from 447 to 456
Skipped Seq from 457 to 460
Skipped Seq from 460 to 466
Skipped Seq from 466 to 468
Skipped Seq from 468 to 472
Skipped Seq from 473 to 475
Skipped Seq from 475 to 478
Skipped Seq from 480 to 487
Skipped Seq from 488 to 493
Skipped Seq from 493 to 497
Skipped Seq from 502 to 505
Skipped Seq from 505 to 508
Skipped Seq from 509 to 524
Skipped Seq from 526 to 535
Skipped Seq from 535 to 541
Skipped Seq from 541 to 559
Skipped Seq from 559 to 561
Skipped Seq from 561 to 568
Skipped Seq from 568 to 579
Skipped Seq from 579 to 582
Skipped Seq from 582 to 584
Skipped Seq from 589 to 591
Skipped Seq from 591 to 596
Skipped Seq from 598 to 607
Skipped Seq from 607 to 615
Skipped Seq from 615 to 626
Skipped Seq from 626 to 635
Skipped Seq from 635 to 637
Skipped Seq from 637 to 650
Skipped Seq from 650 to 652
Skipped Seq from 653 to 663
Skipped Seq from 663 to 670
Skipped Seq from 670 to 685
Skipped Seq from 686 to 689
Skipped Seq from 689 to 704
Skipped Seq from 704 to 706
Skipped Seq from 706 to 708
Skipped Seq from 709 to 714
Skipped Seq from 714 to 717
Skipped Seq from 719 to 721
Skipped Seq from 721 to 727
Skipped Seq from 727 to 729
Skipped Seq from 729 to 736
Skipped Seq from 738 to 744
Skipped Seq from 744 to 749
Skipped Seq from 750 to 752
Skipped Seq from 753 to 756
Skipped Seq from 759 to 765
Skipped Seq from 765 to 767
Skipped Seq from 767 to 770
Skipped Seq from 770 to 775
Skipped Seq from 775 to 780
Skipped Seq from 780 to 788
Skipped Seq from 792 to 806
Skipped Seq from 806 to 811
Skipped Seq from 813 to 815
Skipped Seq from 815 to 824
Skipped Seq from 824 to 826
Skipped Seq from 826 to 828
Skipped Seq from 830 to 833
Skipped Seq from 833 to 838
Skipped Seq from 838 to 844
Skipped Seq from 845 to 858
Skipped Seq from 858 to 867
Skipped Seq from 867 to 869
Skipped Seq from 870 to 872
Skipped Seq from 873 to 875
Skipped Seq from 875 to 877
Skipped Seq from 877 to 885
Skipped Seq from 885 to 893
Skipped Seq from 894 to 898
Skipped Seq from 898 to 904
Skipped Seq from 904 to 906
Skipped Seq from 906 to 910
Skipped Seq from 910 to 913
Skipped Seq from 913 to 916
Skipped Seq from 917 to 919
Skipped Seq from 919 to 921
Skipped Seq from 922 to 926
Skipped Seq from 926 to 929
Skipped Seq from 929 to 943
Skipped Seq from 943 to 945
Skipped Seq from 949 to 951
Skipped Seq from 951 to 953
Skipped Seq from 953 to 955
Skipped Seq from 955 to 958
Skipped Seq from 959 to 969
Skipped Seq from 972 to 977
Skipped Seq from 977 to 1002
Skipped Seq from 1003 to 1008
Skipped Seq from 1008 to 1010
Skipped Seq from 1010 to 1012
Skipped Seq from 1012 to 1016
Skipped Seq from 1016 to 1019
Skipped Seq from 1019 to 1023
Skipped Seq from 1023 to 1025
Skipped Seq from 1025 to 1031
Skipped Seq from 1031 to 1033
Skipped Seq from 1033 to 1037
Skipped Seq from 1037 to 1060
Skipped Seq from 1061 to 1066
Skipped Seq from 1066 to 1070
Skipped Seq from 1070 to 1079
Skipped Seq from 1080 to 1086
Skipped Seq from 1089 to 1093
Skipped Seq from 1094 to 1097
Skipped Seq from 1097 to 1099
Skipped Seq from 1101 to 1110
Skipped Seq from 1110 to 1112
Skipped Seq from 1112 to 1116
Skipped Seq from 1116 to 1123
Skipped Seq from 1123 to 1127
Skipped Seq from 1127 to 1132
Skipped Seq from 1132 to 1141
Skipped Seq from 1141 to 1147
Skipped Seq from 1149 to 1151
Skipped Seq from 1152 to 1161
Skipped Seq from 1162 to 1176
Skipped Seq from 1176 to 1185
Skipped Seq from 1185 to 1187
Skipped Seq from 1187 to 1193
Skipped Seq from 1193 to 1195
Skipped Seq from 1196 to 1203
Skipped Seq from 1203 to 1206
Skipped Seq from 1206 to 1221
Skipped Seq from 1222 to 1228
Skipped Seq from 1228 to 1231
Skipped Seq from 1231 to 1236
Skipped Seq from 1237 to 1239
Skipped Seq from 1239 to 1243
Skipped Seq from 1243 to 1245
Skipped Seq from 1245 to 1248
Skipped Seq from 1249 to 1256
Skipped Seq from 1257 to 1268
Skipped Seq from 1268 to 1273
Skipped Seq from 1273 to 1279
Skipped Seq from 1279 to 1290
Skipped Seq from 1291 to 1298
Skipped Seq from 1298 to 1301
Skipped Seq from 1303 to 1311
Skipped Seq from 1311 to 1317
Skipped Seq from 1317 to 1321
Skipped Seq from 1321 to 1323
Skipped Seq from 1323 to 1325
Skipped Seq from 1325 to 1327
Skipped Seq from 1329 to 1331
Skipped Seq from 1331 to 1333
Skipped Seq from 1334 to 1345
Skipped Seq from 1345 to 1348
Skipped Seq from 1353 to 1355
Skipped Seq from 1357 to 1364
Skipped Seq from 1364 to 1366
Skipped Seq from 1366 to 1368
Skipped Seq from 1369 to 1371
Skipped Seq from 1371 to 1373
Skipped Seq from 1374 to 1376
Skipped Seq from 1376 to 1378
Skipped Seq from 1378 to 1383
Skipped Seq from 1383 to 1385
Skipped Seq from 1385 to 1392
Skipped Seq from 1392 to 1394
Skipped Seq from 1394 to 1411
Skipped Seq from 1411 to 1413
Skipped Seq from 1413 to 1415
Skipped Seq from 1415 to 1417
Skipped Seq from 1418 to 1422
Skipped Seq from 1422 to 1428
Skipped Seq from 1428 to 1438
Skipped Seq from 1439 to 1444
Skipped Seq from 1444 to 1452
Skipped Seq from 1453 to 1455
Skipped Seq from 1456 to 1464
Skipped Seq from 1464 to 1471
Skipped Seq from 1471 to 1476
Skipped Seq from 1476 to 1493
Skipped Seq from 1493 to 1495
Skipped Seq from 1495 to 1503
Skipped Seq from 1504 to 1510
Skipped Seq from 1511 to 1514
Skipped Seq from 1514 to 1516
Skipped Seq from 1516 to 1521
Skipped Seq from 1521 to 1523
Skipped Seq from 1525 to 1529
Skipped Seq from 1529 to 1531
Skipped Seq from 1531 to 1534
Skipped Seq from 1534 to 1559
Skipped Seq from 1560 to 1566
Skipped Seq from 1566 to 1571
Skipped Seq from 1571 to 1574
Skipped Seq from 1574 to 1577
Skipped Seq from 1578 to 1581
Skipped Seq from 1581 to 1583
Skipped Seq from 1583 to 1592
Skipped Seq from 1592 to 1594
Skipped Seq from 1594 to 1599
Skipped Seq from 1599 to 1609
Skipped Seq from 1610 to 1612
Skipped Seq from 1613 to 1624
Skipped Seq from 1624 to 1642
Skipped Seq from 1642 to 1644
Skipped Seq from 1644 to 1648
Skipped Seq from 1648 to 1655
Skipped Seq from 1656 to 1659
Skipped Seq from 1659 to 1678
Skipped Seq from 1679 to 1681
Skipped Seq from 1681 to 1683
Skipped Seq from 1684 to 1686
Skipped Seq from 1686 to 1695
Skipped Seq from 1695 to 1703
Skipped Seq from 1703 to 1707
Skipped Seq from 1707 to 1710
Skipped Seq from 1710 to 1715
Skipped Seq from 1718 to 1720
Skipped Seq from 1720 to 1724
Skipped Seq from 1724 to 1729
Skipped Seq from 1729 to 1734
Skipped Seq from 1735 to 1737
Skipped Seq from 1738 to 1741
Skipped Seq from 1741 to 1744
Skipped Seq from 1745 to 1747
Skipped Seq from 1748 to 1750
Skipped Seq from 1751 to 1758
Skipped Seq from 1759 to 1762
Skipped Seq from 1767 to 1771
Skipped Seq from 1772 to 1777
Skipped Seq from 1777 to 1779
Skipped Seq from 1781 to 1789
Skipped Seq from 1789 to 1796
Skipped Seq from 1796 to 1805
Skipped Seq from 1805 to 1809
Skipped Seq from 1810 to 1812
Skipped Seq from 1813 to 1817
Skipped Seq from 1817 to 1822
Skipped Seq from 1822 to 1824
Skipped Seq from 1824 to 1829
Skipped Seq from 1829 to 1836
Skipped Seq from 1837 to 1839
Skipped Seq from 1849 to 1851
Skipped Seq from 1851 to 1857
Skipped Seq from 1862 to 1868
Skipped Seq from 1869 to 1872
Skipped Seq from 1874 to 1881
Skipped Seq from 1884 to 1887
Skipped Seq from 1888 to 1891
Skipped Seq from 1892 to 1894
Skipped Seq from 1895 to 1897
Skipped Seq from 1904 to 1911
Skipped Seq from 1912 to 1914
Skipped Seq from 1919 to 1935
Skipped Seq from 1940 to 1943
Skipped Seq from 1945 to 1948
Skipped Seq from 1948 to 1952
Skipped Seq from 1955 to 1965
Skipped Seq from 1966 to 1969
Skipped Seq from 1969 to 1971
Skipped Seq from 1971 to 1977
Skipped Seq from 1979 to 1981
Skipped Seq from 1981 to 1984
Skipped Seq from 1984 to 1990
Skipped Seq from 1990 to 1996
Skipped Seq from 1996 to 2001
Skipped Seq from 2001 to 2013
Skipped Seq from 2013 to 2019
Skipped Seq from 2019 to 2024
Skipped Seq from 2028 to 2032
Skipped Seq from 2033 to 2038
Skipped Seq from 2038 to 2041
Skipped Seq from 2046 to 2048
Skipped Seq from 2048 to 2052
Skipped Seq from 2053 to 2056
Skipped Seq from 2056 to 2059
Skipped Seq from 2060 to 2063
Skipped Seq from 2063 to 2068
Skipped Seq from 2068 to 2078
Skipped Seq from 2078 to 2080
Skipped Seq from 2081 to 2085
Skipped Seq from 2085 to 2087
Skipped Seq from 2093 to 2097
Skipped Seq from 2097 to 2101
Skipped Seq from 2101 to 2103
Skipped Seq from 2105 to 2107
Skipped Seq from 2107 to 2111
Skipped Seq from 2112 to 2115
Skipped Seq from 2115 to 2124
Skipped Seq from 2124 to 2128
Skipped Seq from 2128 to 2144
Skipped Seq from 2144 to 2147
Skipped Seq from 2147 to 2150
Skipped Seq from 2152 to 2156
Skipped Seq from 2156 to 2158
Skipped Seq from 2158 to 2178
Skipped Seq from 2179 to 2181
Skipped Seq from 2181 to 2184
Skipped Seq from 2184 to 2188
Skipped Seq from 2188 to 2190
Skipped Seq from 2190 to 2193
Skipped Seq from 2196 to 2210
Skipped Seq from 2210 to 2224
Skipped Seq from 2227 to 2235
Skipped Seq from 2235 to 2237
Skipped Seq from 2239 to 2243
Skipped Seq from 2247 to 2254
Skipped Seq from 2254 to 2261
Skipped Seq from 2262 to 2272
Skipped Seq from 2273 to 2277
Skipped Seq from 2278 to 2282
Skipped Seq from 2282 to 2284
Skipped Seq from 2286 to 2299
Skipped Seq from 2301 to 2307
Skipped Seq from 2307 to 2335
Skipped Seq from 2336 to 2342
Skipped Seq from 2368 to 2380
Skipped Seq from 2380 to 2383
Skipped Seq from 2383 to 2390
Skipped Seq from 2404 to 2406
Skipped Seq from 2407 to 2414
Skipped Seq from 2414 to 2421
Skipped Seq from 2423 to 2428
Skipped Seq from 2429 to 2436
Skipped Seq from 2436 to 2439
Skipped Seq from 2441 to 2443
Skipped Seq from 2443 to 2446
Skipped Seq from 2448 to 2460
Skipped Seq from 2462 to 2466
Skipped Seq from 2466 to 2469
Skipped Seq from 2469 to 2471
Skipped Seq from 2475 to 2480
Skipped Seq from 2482 to 2488
Skipped Seq from 2488 to 2492
Skipped Seq from 2494 to 2500
Skipped Seq from 2500 to 2503
Skipped Seq from 2508 to 2514
Skipped Seq from 2515 to 2518
Skipped Seq from 2522 to 2526
Skipped Seq from 2531 to 2534
Skipped Seq from 2536 to 2539
Skipped Seq from 2539 to 2542
Skipped Seq from 2545 to 2548
Skipped Seq from 2548 to 2555
Skipped Seq from 2558 to 2562
Skipped Seq from 2567 to 2572
Skipped Seq from 2572 to 2576
Skipped Seq from 2576 to 2579
Skipped Seq from 2579 to 2591
Skipped Seq from 2591 to 2594
Skipped Seq from 2594 to 2597
Skipped Seq from 2607 to 2610
Skipped Seq from 2611 to 2614
Skipped Seq from 2614 to 2620
Skipped Seq from 2624 to 2636
Skipped Seq from 2640 to 2649
Skipped Seq from 2650 to 2655
Skipped Seq from 2662 to 2668
Skipped Seq from 2670 to 2674
Skipped Seq from 2677 to 2681
Skipped Seq from 2681 to 2685
Skipped Seq from 2685 to 2690
Skipped Seq from 2693 to 2699
Skipped Seq from 2699 to 2702
Skipped Seq from 2702 to 2705
Skipped Seq from 2705 to 2711
Skipped Seq from 2712 to 2716
Skipped Seq from 2716 to 2719
Skipped Seq from 2719 to 2726
Skipped Seq from 2726 to 2728
Skipped Seq from 2729 to 2731
Skipped Seq from 2731 to 2738
Skipped Seq from 2740 to 2742
Skipped Seq from 2745 to 2754
Skipped Seq from 2754 to 2761
Skipped Seq from 2761 to 2764
Skipped Seq from 2764 to 2772
Skipped Seq from 2774 to 2781
Skipped Seq from 2784 to 2788
Skipped Seq from 2791 to 2802
Skipped Seq from 2806 to 2812
Skipped Seq from 2815 to 2821
Skipped Seq from 2821 to 2825
Skipped Seq from 2828 to 2831
Skipped Seq from 2832 to 2834
Skipped Seq from 2834 to 2838
Skipped Seq from 2841 to 2859
Skipped Seq from 2859 to 2868
Skipped Seq from 2868 to 2879
Skipped Seq from 2879 to 2895
Skipped Seq from 2897 to 2909
Skipped Seq from 2909 to 2918
Skipped Seq from 2919 to 2938
Skipped Seq from 2942 to 2948
Skipped Seq from 2948 to 2951
Skipped Seq from 2951 to 2955
Skipped Seq from 2955 to 2972
Skipped Seq from 2982 to 2984
Skipped Seq from 2995 to 3007
Skipped Seq from 3010 to 3015
Skipped Seq from 3019 to 3024
Skipped Seq from 3026 to 3029
Skipped Seq from 3029 to 3032
Skipped Seq from 3035 to 3037
Skipped Seq from 3037 to 3048
Skipped Seq from 3049 to 3061
Skipped Seq from 3062 to 3069
Skipped Seq from 3081 to 3086
Skipped Seq from 3087 to 3091
Skipped Seq from 3091 to 3096
Skipped Seq from 3111 to 3115
Skipped Seq from 3118 to 3122
Skipped Seq from 3122 to 3126
Skipped Seq from 3131 to 3133
Skipped Seq from 3135 to 3142
Skipped Seq from 3146 to 3148
Skipped Seq from 3149 to 3155
Skipped Seq from 3165 to 3169
Skipped Seq from 3199 to 3201
Skipped Seq from 3207 to 3213
Skipped Seq from 3213 to 3223
Skipped Seq from 3223 to 3227
Skipped Seq from 3228 to 3231
Skipped Seq from 3231 to 3236
Skipped Seq from 3239 to 3242
Skipped Seq from 3243 to 3249
Skipped Seq from 3253 to 3257
Skipped Seq from 3288 to 3292
Skipped Seq from 3295 to 3309
Skipped Seq from 3314 to 3317
Skipped Seq from 3318 to 3321
Skipped Seq from 3324 to 3326
Skipped Seq from 3338 to 3342
Skipped Seq from 3342 to 3345
Skipped Seq from 3350 to 3355
Skipped Seq from 3358 to 3364
Skipped Seq from 3366 to 3369
Skipped Seq from 3369 to 3372
Skipped Seq from 3376 to 3378
Skipped Seq from 3391 to 3394
Skipped Seq from 3394 to 3397
Skipped Seq from 3404 to 3412
Skipped Seq from 3422 to 3430
Skipped Seq from 3484 to 3489
Skipped Seq from 3561 to 3564
Skipped Seq from 3564 to 3579
Skipped Seq from 3579 to 3585
Skipped Seq from 3593 to 3600
Skipped Seq from 3637 to 3641
Skipped Seq from 3693 to 3702
Skipped Seq from 3702 to 3707
Skipped Seq from 3714 to 3717
Skipped Seq from 3743 to 3748
Skipped Seq from 3836 to 3847
Skipped Seq from 3861 to 3865
Skipped Seq from 3865 to 3870
Skipped Seq from 8530 to 8537
Skipped Seq from 8537 to 8541
Skipped Seq from 8543 to 8547
Skipped Seq from 8548 to 8552
Skipped Seq from 8563 to 8565
Skipped Seq from 8579 to 8581
Skipped Seq from 8581 to 8588
Skipped Seq from 8588 to 8590
Skipped Seq from 8591 to 8593
Skipped Seq from 8597 to 8601
Skipped Seq from 8603 to 8605
Skipped Seq from 8616 to 8618
Skipped Seq from 8624 to 8632
Skipped Seq from 8678 to 8681
Skipped Seq from 8682 to 8684
Skipped Seq from 8688 to 8690
Skipped Seq from 8698 to 8701
Skipped Seq from 8722 to 8725
Skipped Seq from 8737 to 8739
Skipped Seq from 8739 to 8741
Skipped Seq from 8768 to 8771
Skipped Seq from 8785 to 8788
Skipped Seq from 8807 to 8814
Skipped Seq from 8814 to 8824
Skipped Seq from 8824 to 8831
Skipped Seq from 8842 to 8845
Skipped Seq from 8845 to 8847
Skipped Seq from 8855 to 8869
Skipped Seq from 8873 to 8876
Skipped Seq from 8876 to 8887
Skipped Seq from 8890 to 8894
Skipped Seq from 8898 to 8903
Skipped Seq from 8912 to 8914
Skipped Seq from 8915 to 8917
Skipped Seq from 8918 to 8922
Skipped Seq from 8922 to 8926
Skipped Seq from 8940 to 8942
Skipped Seq from 8942 to 8948
Skipped Seq from 8951 to 8965
Skipped Seq from 8965 to 8970
Skipped Seq from 8971 to 8973
Skipped Seq from 8979 to 8982
Skipped Seq from 8997 to 8999
Skipped Seq from 9001 to 9003
Skipped Seq from 9008 to 9010
Skipped Seq from 9016 to 9019
Skipped Seq from 9020 to 9023
Skipped Seq from 9023 to 9025
Skipped Seq from 9025 to 9027
Skipped Seq from 9027 to 9029
Skipped Seq from 9030 to 9032
Skipped Seq from 9036 to 9038
Skipped Seq from 9039 to 9041
Skipped Seq from 9041 to 9043
Skipped Seq from 9045 to 9048
Skipped Seq from 9059 to 9061
Skipped Seq from 9062 to 9064
Skipped Seq from 9079 to 9081
Skipped Seq from 9081 to 9083
Skipped Seq from 9086 to 9090
Skipped Seq from 9093 to 9097
Skipped Seq from 9098 to 9105
Skipped Seq from 9112 to 9114
Skipped Seq from 9140 to 9143
Skipped Seq from 9148 to 9151
Skipped Seq from 9151 to 9153
Skipped Seq from 9156 to 9159
Skipped Seq from 9161 to 9163
Skipped Seq from 9167 to 9169
Skipped Seq from 9174 to 9176
Skipped Seq from 9176 to 9178
Skipped Seq from 9178 to 9180
Skipped Seq from 9180 to 9182
Skipped Seq from 9182 to 9186
Skipped Seq from 9191 to 9198
Skipped Seq from 9200 to 9209
Skipped Seq from 9218 to 9223
Skipped Seq from 9223 to 9229
Skipped Seq from 9231 to 9235
Skipped Seq from 9235 to 9237
Skipped Seq from 9237 to 9241
Skipped Seq from 9241 to 9243
Skipped Seq from 9263 to 9265
Skipped Seq from 9266 to 9270
Skipped Seq from 9270 to 9273
Skipped Seq from 9273 to 9277
Skipped Seq from 9281 to 9284
Skipped Seq from 9284 to 9288
Skipped Seq from 9293 to 9296
Skipped Seq from 9296 to 9299
Skipped Seq from 9300 to 9302
Skipped Seq from 9307 to 9310
Skipped Seq from 9315 to 9318
Skipped Seq from 9321 to 9323
Skipped Seq from 9323 to 9327
Skipped Seq from 9331 to 9337
Skipped Seq from 9337 to 9339
Skipped Seq from 9341 to 9343
Skipped Seq from 9344 to 9346
Skipped Seq from 9351 to 9354
Skipped Seq from 9377 to 9380
Skipped Seq from 9380 to 9382
Skipped Seq from 9387 to 9393
Skipped Seq from 9397 to 9399
Skipped Seq from 9403 to 9405
Skipped Seq from 9405 to 9411
Skipped Seq from 9416 to 9420
Skipped Seq from 9420 to 9425
Skipped Seq from 9434 to 9439
Skipped Seq from 9439 to 9446
Skipped Seq from 9448 to 9450
Skipped Seq from 9452 to 9456
Skipped Seq from 9459 to 9467
Skipped Seq from 9469 to 9471
Skipped Seq from 9472 to 9478
Skipped Seq from 9479 to 9484
Skipped Seq from 9484 to 9488
Skipped Seq from 9488 to 9492
Skipped Seq from 9495 to 9500
Skipped Seq from 9501 to 9507
Skipped Seq from 9510 to 9519
Skipped Seq from 9524 to 9539
Skipped Seq from 9557 to 9562
Skipped Seq from 9562 to 9564
Skipped Seq from 9567 to 9574
Skipped Seq from 9575 to 9578
Skipped Seq from 9580 to 9585
Skipped Seq from 9586 to 9592
Skipped Seq from 9592 to 9596
Skipped Seq from 9597 to 9604
Skipped Seq from 9604 to 9608
Skipped Seq from 9608 to 9613
Skipped Seq from 9614 to 9616
Skipped Seq from 9617 to 9619
Skipped Seq from 9619 to 9621
Skipped Seq from 9621 to 9623
Skipped Seq from 9628 to 9634
Skipped Seq from 9636 to 9638
Skipped Seq from 9665 to 9668
Skipped Seq from 9669 to 9671
Skipped Seq from 9671 to 9673
Skipped Seq from 9674 to 9677
Skipped Seq from 9678 to 9681
Skipped Seq from 9685 to 9688
Skipped Seq from 9705 to 9707
Skipped Seq from 9711 to 9713
Skipped Seq from 9714 to 9718
Skipped Seq from 9723 to 9726
Skipped Seq from 9752 to 9754
Skipped Seq from 9754 to 9756
Skipped Seq from 9756 to 9761
Skipped Seq from 9761 to 9765
Skipped Seq from 9765 to 9767
Skipped Seq from 9770 to 9772
Skipped Seq from 9804 to 9806
Skipped Seq from 9809 to 9812
Skipped Seq from 21035 to 21037
Skipped Seq from 21037 to 21039
Skipped Seq from 21040 to 21042
Skipped Seq from 21042 to 21056
Skipped Seq from 21056 to 21064
Skipped Seq from 21064 to 21066
Skipped Seq from 21066 to 21071
Skipped Seq from 21072 to 21076
Skipped Seq from 21079 to 21083
Skipped Seq from 21083 to 21085
Skipped Seq from 21085 to 21087
Skipped Seq from 21087 to 21093
Skipped Seq from 21093 to 21098
Skipped Seq from 21098 to 21105
Skipped Seq from 21106 to 21112
Skipped Seq from 21112 to 21119
Skipped Seq from 21119 to 21121
Skipped Seq from 21123 to 21127
Skipped Seq from 21127 to 21131
Skipped Seq from 21132 to 21139
Skipped Seq from 21139 to 21145
Skipped Seq from 21145 to 21147
Skipped Seq from 21147 to 21149
Skipped Seq from 21149 to 21151
Skipped Seq from 21151 to 21153
Skipped Seq from 21153 to 21161
Skipped Seq from 21161 to 21175
Skipped Seq from 21175 to 21178
Skipped Seq from 21178 to 21180
Skipped Seq from 21180 to 21182
Skipped Seq from 21182 to 21184
Skipped Seq from 21184 to 21188
Skipped Seq from 21188 to 21194
Skipped Seq from 21194 to 21199
Skipped Seq from 21200 to 21204
Skipped Seq from 21204 to 21207
Skipped Seq from 21208 to 21214
Skipped Seq from 21214 to 21217
Skipped Seq from 21217 to 21219
Skipped Seq from 21219 to 21221
Skipped Seq from 21221 to 21227
Skipped Seq from 21227 to 21234
Skipped Seq from 21234 to 21241
Skipped Seq from 21241 to 21252
Skipped Seq from 21252 to 21259
Skipped Seq from 21259 to 21261
Skipped Seq from 21263 to 21265
Skipped Seq from 21265 to 21267
Skipped Seq from 21270 to 21277
Skipped Seq from 21277 to 21279
Skipped Seq from 21280 to 21289
Skipped Seq from 21289 to 21292
Skipped Seq from 21293 to 21297
Skipped Seq from 21297 to 21308
Skipped Seq from 21308 to 21315
Skipped Seq from 21315 to 21320
Skipped Seq from 21320 to 21325
Skipped Seq from 21326 to 21335
Skipped Seq from 21337 to 21343
Skipped Seq from 21344 to 21347
Skipped Seq from 21348 to 21350
Skipped Seq from 21350 to 21356
Skipped Seq from 21356 to 21358
Skipped Seq from 21358 to 21360
Skipped Seq from 21360 to 21362
Skipped Seq from 21362 to 21366
Skipped Seq from 21366 to 21368
Skipped Seq from 21368 to 21371
Skipped Seq from 21374 to 21377
Skipped Seq from 21377 to 21379
Skipped Seq from 21381 to 21388
Skipped Seq from 21388 to 21390
Skipped Seq from 21390 to 21394
Skipped Seq from 21394 to 21396
Skipped Seq from 21399 to 21401
Skipped Seq from 21401 to 21403
Skipped Seq from 21405 to 21411
Skipped Seq from 21412 to 21417
Skipped Seq from 21418 to 21420
Skipped Seq from 21420 to 21422
Skipped Seq from 21422 to 21424
Skipped Seq from 21424 to 21431
Skipped Seq from 21431 to 21434
Skipped Seq from 21434 to 21446
Skipped Seq from 21448 to 21450
Skipped Seq from 21450 to 21462
Skipped Seq from 21463 to 21467
Skipped Seq from 21468 to 21471
Skipped Seq from 21472 to 21474
Skipped Seq from 21475 to 21482
Skipped Seq from 21482 to 21486
Skipped Seq from 21490 to 21492
Skipped Seq from 21494 to 21496
Skipped Seq from 21498 to 21502
Skipped Seq from 21502 to 21504
Skipped Seq from 21506 to 21508
Skipped Seq from 21508 to 21512
Skipped Seq from 21512 to 21514
Skipped Seq from 21514 to 21516
Skipped Seq from 21516 to 21520
Skipped Seq from 21520 to 21523
Skipped Seq from 21525 to 21527
Skipped Seq from 21527 to 21529
Skipped Seq from 21531 to 21533
Skipped Seq from 21533 to 21535
Skipped Seq from 21535 to 21538
Skipped Seq from 21539 to 21544
Skipped Seq from 21548 to 21551
Skipped Seq from 21553 to 21562
Skipped Seq from 21562 to 21566
Skipped Seq from 21566 to 21568
Skipped Seq from 21569 to 21583
Skipped Seq from 21583 to 21593
Skipped Seq from 21597 to 21599
Skipped Seq from 21599 to 21604
Skipped Seq from 21608 to 21610
Skipped Seq from 21612 to 21614
Skipped Seq from 21614 to 21616
Skipped Seq from 21623 to 21627
Skipped Seq from 21627 to 21629
Skipped Seq from 21629 to 21646
Skipped Seq from 21646 to 21650
Skipped Seq from 21650 to 21652
Skipped Seq from 21653 to 21655
Skipped Seq from 21656 to 21660
Skipped Seq from 21660 to 21665
Skipped Seq from 21665 to 21667
Skipped Seq from 21667 to 21671
Skipped Seq from 21671 to 21674
Skipped Seq from 21674 to 21688
Skipped Seq from 21689 to 21697
Skipped Seq from 21698 to 21700
Skipped Seq from 21701 to 21713
Skipped Seq from 21715 to 21732
Skipped Seq from 21732 to 21743
Skipped Seq from 21744 to 21746
Skipped Seq from 21747 to 21752
Skipped Seq from 21752 to 21760
Skipped Seq from 21760 to 21766
Skipped Seq from 21766 to 21777
Skipped Seq from 21778 to 21783
Skipped Seq from 21783 to 21786
Skipped Seq from 21788 to 21804
Skipped Seq from 21804 to 21806
Skipped Seq from 21806 to 21818
Skipped Seq from 21818 to 21825
Skipped Seq from 21825 to 21831
Skipped Seq from 21832 to 21836
Skipped Seq from 21836 to 21849
Skipped Seq from 21849 to 21851
Skipped Seq from 21854 to 21863
Skipped Seq from 21863 to 21868
Skipped Seq from 21868 to 21882
Skipped Seq from 21882 to 21884
Skipped Seq from 21885 to 21890
Skipped Seq from 21891 to 21894
Skipped Seq from 21895 to 21907
Skipped Seq from 21907 to 21917
Skipped Seq from 21918 to 21922
Skipped Seq from 21922 to 21925
Skipped Seq from 21925 to 21929
Skipped Seq from 21929 to 21937
Skipped Seq from 21937 to 21942
Skipped Seq from 21943 to 21949
Skipped Seq from 21949 to 21960
Skipped Seq from 21961 to 21967
Skipped Seq from 21967 to 21973
Skipped Seq from 21973 to 21976
Skipped Seq from 21978 to 21982
Skipped Seq from 21982 to 21984
Skipped Seq from 21984 to 21995
Skipped Seq from 21995 to 22001
Skipped Seq from 22001 to 22003
Skipped Seq from 22003 to 22006
Skipped Seq from 22006 to 22009
Skipped Seq from 22009 to 22012
Skipped Seq from 22012 to 22017
Skipped Seq from 22017 to 22019
Skipped Seq from 22022 to 22025
Skipped Seq from 22026 to 22028
Skipped Seq from 22029 to 22031
Skipped Seq from 22031 to 22035
Skipped Seq from 22035 to 22037
Skipped Seq from 22037 to 22043
Skipped Seq from 22043 to 22047
Skipped Seq from 22047 to 22049
Skipped Seq from 22051 to 22055
Skipped Seq from 22055 to 22057
Skipped Seq from 22061 to 22063
Skipped Seq from 22063 to 22066
Skipped Seq from 22066 to 22068
Skipped Seq from 22068 to 22074
Skipped Seq from 22074 to 22086
Skipped Seq from 22086 to 22090
Skipped Seq from 22091 to 22096
Skipped Seq from 22097 to 22105
Skipped Seq from 22106 to 22113
Skipped Seq from 22113 to 22119
Skipped Seq from 22119 to 22122
Skipped Seq from 22123 to 22132
Skipped Seq from 22132 to 22140
Skipped Seq from 22142 to 22147
Skipped Seq from 22148 to 22154
Skipped Seq from 22156 to 22158
Skipped Seq from 22158 to 22166
Skipped Seq from 22167 to 22173
Skipped Seq from 22175 to 22180
Skipped Seq from 22201 to 22209
Skipped Seq from 22210 to 22219
Skipped Seq from 22219 to 22221
Skipped Seq from 22224 to 22229
Skipped Seq from 22229 to 22235
Skipped Seq from 22235 to 22243
Skipped Seq from 22245 to 22250
Skipped Seq from 22252 to 22254
Skipped Seq from 22254 to 22260
Skipped Seq from 22260 to 22263
Skipped Seq from 22264 to 22266
Skipped Seq from 22266 to 22268
Skipped Seq from 22270 to 22275
Skipped Seq from 22275 to 22277
Skipped Seq from 22277 to 22281
Skipped Seq from 22281 to 22286
Skipped Seq from 22287 to 22291
Skipped Seq from 22291 to 22297
Skipped Seq from 22297 to 22299
Skipped Seq from 22299 to 22302
Skipped Seq from 22303 to 22305
Skipped Seq from 22306 to 22312
Skipped Seq from 22313 to 22316
Skipped Seq from 22317 to 22320
Skipped Seq from 22320 to 22322
Skipped Seq from 22322 to 22326
Skipped Seq from 22327 to 22337
Skipped Seq from 22338 to 22346
Skipped Seq from 22346 to 22351
Skipped Seq from 22352 to 22356
Skipped Seq from 22356 to 22358
Skipped Seq from 22358 to 22360
Skipped Seq from 22360 to 22366
Skipped Seq from 22368 to 22372
Skipped Seq from 22372 to 22379
Skipped Seq from 22380 to 22392
Skipped Seq from 22392 to 22394
Skipped Seq from 22395 to 22415
Skipped Seq from 22415 to 22419
Skipped Seq from 22423 to 22432
Skipped Seq from 22432 to 22444
Skipped Seq from 22444 to 22453
Skipped Seq from 22454 to 22465
Skipped Seq from 22466 to 22468
Skipped Seq from 22470 to 22472
Skipped Seq from 22473 to 22477
Skipped Seq from 22478 to 22497
Skipped Seq from 22497 to 22499
Skipped Seq from 22507 to 22511
Skipped Seq from 22511 to 22515
Skipped Seq from 22516 to 22525
Skipped Seq from 22525 to 22534
Skipped Seq from 22534 to 22544
Skipped Seq from 22544 to 22554
Skipped Seq from 22554 to 22556
Skipped Seq from 22556 to 22558
Skipped Seq from 22559 to 22572
Skipped Seq from 22572 to 22575
Skipped Seq from 22575 to 22577
Skipped Seq from 22577 to 22584
Skipped Seq from 22584 to 22586
Skipped Seq from 22586 to 22593
Skipped Seq from 22593 to 22595
Skipped Seq from 22610 to 22615
Skipped Seq from 22615 to 22622
Skipped Seq from 22622 to 22638
Skipped Seq from 22641 to 22643
Skipped Seq from 22645 to 22648
Skipped Seq from 22648 to 22650
Skipped Seq from 22653 to 22655
Skipped Seq from 22658 to 22661
Skipped Seq from 22661 to 22665
Skipped Seq from 22666 to 22672
Skipped Seq from 22673 to 22677
Skipped Seq from 22677 to 22686
Skipped Seq from 22686 to 22688
Skipped Seq from 22688 to 22692
Skipped Seq from 22693 to 22701
Skipped Seq from 22701 to 22706
Skipped Seq from 22706 to 22718
Skipped Seq from 22718 to 22729
Skipped Seq from 22729 to 22739
Skipped Seq from 22740 to 22743
Skipped Seq from 22743 to 22753
Skipped Seq from 22753 to 22766
Skipped Seq from 22766 to 22771
Skipped Seq from 22772 to 22777
Skipped Seq from 22777 to 22779
Skipped Seq from 22779 to 22782
Skipped Seq from 22783 to 22788
Skipped Seq from 22788 to 22790
Skipped Seq from 22792 to 22794
Skipped Seq from 22796 to 22803
Skipped Seq from 22803 to 22805
Skipped Seq from 22806 to 22809
Skipped Seq from 22811 to 22814
Skipped Seq from 22814 to 22821
Skipped Seq from 22821 to 22825
Skipped Seq from 22825 to 22829
Skipped Seq from 22829 to 22831
Skipped Seq from 22831 to 22833
Skipped Seq from 22833 to 22836
Skipped Seq from 22838 to 22840
Skipped Seq from 22840 to 22844
Skipped Seq from 22844 to 22847
Skipped Seq from 22853 to 22856
Skipped Seq from 22857 to 22859
Skipped Seq from 22859 to 22865
Skipped Seq from 22865 to 22868
Skipped Seq from 22868 to 22870
Skipped Seq from 22870 to 22874
Skipped Seq from 22874 to 22877
Skipped Seq from 22877 to 22882
Skipped Seq from 22882 to 22886
Skipped Seq from 22888 to 22890
Skipped Seq from 22890 to 22892
Skipped Seq from 22892 to 22895
Skipped Seq from 22895 to 22907
Skipped Seq from 22907 to 22912
Skipped Seq from 22912 to 22918
Skipped Seq from 22918 to 22922
Skipped Seq from 22925 to 22931
Skipped Seq from 22931 to 22933
Skipped Seq from 22933 to 22936
Skipped Seq from 22936 to 22939
Skipped Seq from 22939 to 22944
Skipped Seq from 22945 to 22947
Skipped Seq from 22947 to 22954
Skipped Seq from 22954 to 22964
Skipped Seq from 22964 to 22973
Skipped Seq from 22973 to 22975
Skipped Seq from 22975 to 22980
Skipped Seq from 22980 to 22985
Skipped Seq from 22985 to 22989
Skipped Seq from 22989 to 22997
Skipped Seq from 22997 to 23007
Skipped Seq from 23009 to 23011
Skipped Seq from 23013 to 23015
Skipped Seq from 23021 to 23023
Skipped Seq from 23023 to 23026
Skipped Seq from 23026 to 23031
Skipped Seq from 23032 to 23034
Skipped Seq from 23034 to 23039
Skipped Seq from 23041 to 23045
Skipped Seq from 23045 to 23047
Skipped Seq from 23047 to 23049
Skipped Seq from 23049 to 23052
Skipped Seq from 23055 to 23057
Skipped Seq from 23058 to 23061
Skipped Seq from 23061 to 23069
Skipped Seq from 23069 to 23076
Skipped Seq from 23076 to 23078
Skipped Seq from 23078 to 23084
Skipped Seq from 23084 to 23091
Skipped Seq from 23091 to 23093
Skipped Seq from 23094 to 23097
Skipped Seq from 23098 to 23101
Skipped Seq from 23101 to 23113
Skipped Seq from 23114 to 23116
Skipped Seq from 23116 to 23119
Skipped Seq from 23119 to 23121
Skipped Seq from 23122 to 23124
Skipped Seq from 23124 to 23127
Skipped Seq from 23128 to 23134
Skipped Seq from 23134 to 23136
Skipped Seq from 23137 to 23147
Skipped Seq from 23148 to 23150
Skipped Seq from 23151 to 23153
Skipped Seq from 23153 to 23158
Skipped Seq from 23158 to 23160
Skipped Seq from 23162 to 23164
Skipped Seq from 23164 to 23170
Skipped Seq from 23170 to 23173
Skipped Seq from 23173 to 23176
Skipped Seq from 23176 to 23178
Skipped Seq from 23178 to 23180
Skipped Seq from 23180 to 23182
Skipped Seq from 23182 to 23184
Skipped Seq from 23184 to 23186
Skipped Seq from 23187 to 23198
Skipped Seq from 23198 to 23206
Skipped Seq from 23206 to 23208
Skipped Seq from 23210 to 23212
Skipped Seq from 23212 to 23216
Skipped Seq from 23216 to 23220
Skipped Seq from 23221 to 23226
Skipped Seq from 23226 to 23228
Skipped Seq from 23228 to 23236
Skipped Seq from 23236 to 23238
Skipped Seq from 23238 to 23251
Skipped Seq from 23252 to 23261
Skipped Seq from 23262 to 23266
Skipped Seq from 23266 to 23275
Skipped Seq from 23275 to 23287
Skipped Seq from 23287 to 23291
Skipped Seq from 23292 to 23309
Skipped Seq from 23309 to 23311
Skipped Seq from 23313 to 23319
Skipped Seq from 23319 to 23330
Skipped Seq from 23330 to 23333
Skipped Seq from 23334 to 23338
Skipped Seq from 23339 to 23341
Skipped Seq from 23342 to 23353
Skipped Seq from 23354 to 23363
Skipped Seq from 23365 to 23370
Skipped Seq from 23370 to 23382
Skipped Seq from 23382 to 23387
Skipped Seq from 23387 to 23389
Skipped Seq from 23389 to 23391
Skipped Seq from 23391 to 23394
Skipped Seq from 23394 to 23396
Skipped Seq from 23396 to 23400
Skipped Seq from 23400 to 23404
Skipped Seq from 23405 to 23411
Skipped Seq from 23411 to 23413
Skipped Seq from 23413 to 23420
Skipped Seq from 23420 to 23422
Skipped Seq from 23424 to 23433
Skipped Seq from 23433 to 23440
Skipped Seq from 23440 to 23446
Skipped Seq from 23447 to 23451
Skipped Seq from 23451 to 23459
Skipped Seq from 23460 to 23471
Skipped Seq from 23471 to 23476
Skipped Seq from 23476 to 23487
Skipped Seq from 23487 to 23493
Skipped Seq from 23493 to 23504
Skipped Seq from 23504 to 23506
Skipped Seq from 23507 to 23510
Skipped Seq from 23510 to 23513
Skipped Seq from 23513 to 23517
Skipped Seq from 23517 to 23519
Skipped Seq from 23519 to 23523
Skipped Seq from 23524 to 23526
Skipped Seq from 23526 to 23532
Skipped Seq from 23532 to 23543
Skipped Seq from 23543 to 23545
Skipped Seq from 23545 to 23548
Skipped Seq from 23550 to 23554
Skipped Seq from 23555 to 23557
Skipped Seq from 23559 to 23563
Skipped Seq from 23563 to 23565
Skipped Seq from 23565 to 23567
Skipped Seq from 23567 to 23569
Skipped Seq from 23569 to 23571
Skipped Seq from 23573 to 23575
Skipped Seq from 23575 to 23578
Skipped Seq from 23581 to 23591
Skipped Seq from 23591 to 23595
Skipped Seq from 23595 to 23601
Skipped Seq from 23603 to 23605
Skipped Seq from 23606 to 23609
Skipped Seq from 23610 to 23612
Skipped Seq from 23612 to 23615
Skipped Seq from 23615 to 23617
Skipped Seq from 23618 to 23620
Skipped Seq from 23622 to 23625
Skipped Seq from 23625 to 23631
Skipped Seq from 23633 to 23649
Skipped Seq from 23649 to 23659
Skipped Seq from 23659 to 23669
Skipped Seq from 23669 to 23680
Skipped Seq from 23681 to 23683
Skipped Seq from 23683 to 23685
Skipped Seq from 23685 to 23692
Skipped Seq from 23692 to 23705
Skipped Seq from 23705 to 23707
Skipped Seq from 23707 to 23717
Skipped Seq from 23717 to 23720
Skipped Seq from 23720 to 23737
Skipped Seq from 23737 to 23742
Skipped Seq from 23742 to 23744
Skipped Seq from 23744 to 23746
Skipped Seq from 23751 to 23753
Skipped Seq from 23754 to 23791
Skipped Seq from 23791 to 23796
Skipped Seq from 23796 to 23802
Skipped Seq from 23802 to 23804
Skipped Seq from 23805 to 23809
Skipped Seq from 23809 to 23813
Skipped Seq from 23813 to 23817
Skipped Seq from 23817 to 23820
Skipped Seq from 23820 to 23829
Skipped Seq from 23830 to 23837
Skipped Seq from 23837 to 23846
Skipped Seq from 23846 to 23849
Skipped Seq from 23849 to 23851
Skipped Seq from 23851 to 23858
Skipped Seq from 23858 to 23860
Skipped Seq from 23860 to 23862
Skipped Seq from 23863 to 23867
Skipped Seq from 23867 to 23879
Skipped Seq from 23881 to 23883
Skipped Seq from 23883 to 23889
Skipped Seq from 23889 to 23896
Skipped Seq from 23896 to 23898
Skipped Seq from 23898 to 23906
Skipped Seq from 23908 to 23911
Skipped Seq from 23912 to 23914
Skipped Seq from 23916 to 23925
Skipped Seq from 23925 to 23928
Skipped Seq from 23929 to 23932
Skipped Seq from 23932 to 23944
Skipped Seq from 23945 to 23949
Skipped Seq from 23949 to 23954
Skipped Seq from 23954 to 23963
Skipped Seq from 23963 to 23967
Skipped Seq from 23968 to 23974
Skipped Seq from 23975 to 23981
Skipped Seq from 23982 to 24005
Skipped Seq from 24005 to 24007
Skipped Seq from 24007 to 24011
Skipped Seq from 24011 to 24013
Skipped Seq from 24013 to 24015
Skipped Seq from 24015 to 24019
Skipped Seq from 24020 to 24026
Skipped Seq from 24028 to 24030
Skipped Seq from 24032 to 24035
Skipped Seq from 24036 to 24047
Skipped Seq from 24047 to 24049
Skipped Seq from 24049 to 24072
Skipped Seq from 24072 to 24077
Skipped Seq from 24077 to 24081
Skipped Seq from 24081 to 24088
Skipped Seq from 24088 to 24096
Skipped Seq from 24096 to 24111
Skipped Seq from 24112 to 24128
Skipped Seq from 24130 to 24139
Skipped Seq from 24143 to 24145
Skipped Seq from 24145 to 24147
Skipped Seq from 24147 to 24151
Skipped Seq from 24151 to 24157
Skipped Seq from 24157 to 24165
Skipped Seq from 24167 to 24171
Skipped Seq from 24176 to 24178
Skipped Seq from 24179 to 24181
Skipped Seq from 24181 to 24185
Skipped Seq from 24185 to 24191
Skipped Seq from 24191 to 24193
Skipped Seq from 24198 to 24202
Skipped Seq from 24202 to 24212
Skipped Seq from 24216 to 24219
Skipped Seq from 24222 to 24224
Skipped Seq from 24224 to 24227
Skipped Seq from 24228 to 24233
Skipped Seq from 24235 to 24238
Skipped Seq from 24238 to 24248
Skipped Seq from 24248 to 24268
Skipped Seq from 24271 to 24274
Skipped Seq from 24276 to 24285
Skipped Seq from 24287 to 24290
Skipped Seq from 24290 to 24293
Skipped Seq from 24299 to 24303
Skipped Seq from 24303 to 24305
Skipped Seq from 24305 to 24310
Skipped Seq from 24312 to 24322
Skipped Seq from 24322 to 24324
Skipped Seq from 24324 to 24330
Skipped Seq from 24332 to 24334
Skipped Seq from 24336 to 24340
Skipped Seq from 24340 to 24344
Skipped Seq from 24346 to 24349
Skipped Seq from 24350 to 24357
Skipped Seq from 24357 to 24361
Skipped Seq from 24361 to 24363
Skipped Seq from 24366 to 24368
Skipped Seq from 24374 to 24379
Skipped Seq from 24385 to 24387
Skipped Seq from 24387 to 24389
Skipped Seq from 24389 to 24392
Skipped Seq from 24392 to 24397
Skipped Seq from 24397 to 24400
Skipped Seq from 24400 to 24402
Skipped Seq from 24410 to 24414
Skipped Seq from 24414 to 24418
Skipped Seq from 24425 to 24434
Skipped Seq from 24441 to 24448
Skipped Seq from 24450 to 24452
Skipped Seq from 24454 to 24459
Skipped Seq from 24462 to 24464
Skipped Seq from 24468 to 24479
Skipped Seq from 24479 to 24484
Skipped Seq from 24484 to 24486
Skipped Seq from 24488 to 24490
Skipped Seq from 24493 to 24502
Skipped Seq from 24502 to 24504
Skipped Seq from 24509 to 24511
Skipped Seq from 24511 to 24513
Skipped Seq from 24513 to 24515
Skipped Seq from 24515 to 24517
Skipped Seq from 24518 to 24520
Skipped Seq from 24520 to 24522
Skipped Seq from 24528 to 24530
Skipped Seq from 24530 to 24533
Skipped Seq from 24534 to 24543
Skipped Seq from 24543 to 24548
Skipped Seq from 24548 to 24555
Skipped Seq from 24555 to 24558
Skipped Seq from 24558 to 24560
Skipped Seq from 24560 to 24565
Skipped Seq from 24572 to 24580
Skipped Seq from 24587 to 24596
Skipped Seq from 24598 to 24600
Skipped Seq from 24601 to 24606
Skipped Seq from 24610 to 24612
Skipped Seq from 24630 to 24633
Skipped Seq from 24645 to 24649
Skipped Seq from 24655 to 24657
Skipped Seq from 24659 to 24663
Skipped Seq from 24663 to 24667
Skipped Seq from 24673 to 24676
Skipped Seq from 24676 to 24684
Skipped Seq from 24684 to 24688
Skipped Seq from 24699 to 24703
Skipped Seq from 24705 to 24708
Skipped Seq from 24709 to 24713
Skipped Seq from 24738 to 24740
Skipped Seq from 24744 to 24755
Skipped Seq from 24768 to 24770
Skipped Seq from 24770 to 24773
Skipped Seq from 24777 to 24780
Skipped Seq from 24799 to 24801
Skipped Seq from 24808 to 24818
Skipped Seq from 24900 to 24903
Skipped Seq from 24904 to 24907
Skipped Seq from 24937 to 24945
Skipped Seq from 24948 to 24950
Skipped Seq from 24950 to 24952
Skipped Seq from 24974 to 24976
Skipped Seq from 24980 to 24982
Skipped Seq from 25016 to 25027
Skipped Seq from 25027 to 25029
Skipped Seq from 25041 to 25047
Skipped Seq from 25051 to 25054
Skipped Seq from 29579 to 29581
Skipped Seq from 29596 to 29598
Skipped Seq from 29601 to 29604
Skipped Seq from 29606 to 29608
Skipped Seq from 29620 to 29624
Skipped Seq from 29625 to 29629
Skipped Seq from 29629 to 29632
Skipped Seq from 29635 to 29637
Skipped Seq from 29639 to 29642
Skipped Seq from 29644 to 29646
Skipped Seq from 29646 to 29648
Skipped Seq from 29648 to 29651
Skipped Seq from 29652 to 29655
Skipped Seq from 29663 to 29672
Skipped Seq from 29672 to 29677
Skipped Seq from 29677 to 29690
Skipped Seq from 29690 to 29697
Skipped Seq from 29699 to 29702
Skipped Seq from 29705 to 29707
Skipped Seq from 29717 to 29719
Skipped Seq from 29727 to 29732
Skipped Seq from 29753 to 29762
Skipped Seq from 29765 to 29768
Skipped Seq from 29772 to 29776
Skipped Seq from 29777 to 29781
Skipped Seq from 29781 to 29784
Skipped Seq from 29785 to 29787
Skipped Seq from 29791 to 29794
Skipped Seq from 29796 to 29799
Skipped Seq from 29804 to 29806
Skipped Seq from 29809 to 29811
Skipped Seq from 29813 to 29816
Skipped Seq from 29817 to 29820
Skipped Seq from 29827 to 29829
Skipped Seq from 29830 to 29838
Skipped Seq from 29845 to 29848
Skipped Seq from 29848 to 29850
Skipped Seq from 29851 to 29854
Skipped Seq from 29855 to 29861
Skipped Seq from 29862 to 29864
Skipped Seq from 29870 to 29872
Skipped Seq from 29872 to 29879
Skipped Seq from 29880 to 29882
Skipped Seq from 29894 to 29897
Skipped Seq from 29898 to 29900
Skipped Seq from 29902 to 29904
Skipped Seq from 29912 to 29915
Skipped Seq from 29922 to 29924
Skipped Seq from 29929 to 29933
Skipped Seq from 29938 to 29941
Skipped Seq from 29951 to 29953
Skipped Seq from 29954 to 29957
Skipped Seq from 29961 to 29965
Skipped Seq from 29965 to 29968
Skipped Seq from 29968 to 29970
Skipped Seq from 29971 to 29973
Skipped Seq from 29974 to 29977
Skipped Seq from 29980 to 29984
Skipped Seq from 29984 to 29988
Skipped Seq from 29988 to 29990
Skipped Seq from 30008 to 30011
Skipped Seq from 30034 to 30037
Skipped Seq from 30039 to 30041
Skipped Seq from 30042 to 30046
Skipped Seq from 30047 to 30054
Skipped Seq from 30057 to 30059
Skipped Seq from 30061 to 30064
Skipped Seq from 30073 to 30075
Skipped Seq from 30076 to 30079
Skipped Seq from 30083 to 30086
Skipped Seq from 30091 to 30093
Skipped Seq from 30094 to 30096
Skipped Seq from 30098 to 30105
Skipped Seq from 30105 to 30109
Skipped Seq from 30109 to 30113
Skipped Seq from 30115 to 30117
Skipped Seq from 30117 to 30124
Number of times throttled: 12
Received: 24607 / 30136 packets
Start time: 1332841803.583829
End time: 1332841854.711175
Duration: 51.127346
