Starting client at 10.0.0.23:1284 with timeout:10
My IP address is 10.0.0.23Skipped Seq from 856 to 861
Skipped Seq from 862 to 864
Skipped Seq from 867 to 873
Skipped Seq from 873 to 876
Skipped Seq from 878 to 880
Skipped Seq from 880 to 883
Skipped Seq from 888 to 891
Skipped Seq from 891 to 900
Skipped Seq from 903 to 905
Skipped Seq from 909 to 911
Skipped Seq from 911 to 913
Skipped Seq from 917 to 919
Skipped Seq from 919 to 926
Skipped Seq from 927 to 931
Skipped Seq from 934 to 939
Skipped Seq from 939 to 941
Skipped Seq from 941 to 951
Skipped Seq from 951 to 954
Skipped Seq from 954 to 957
Skipped Seq from 960 to 962
Skipped Seq from 963 to 968
Skipped Seq from 970 to 973
Skipped Seq from 973 to 980
Skipped Seq from 980 to 983
Skipped Seq from 983 to 985
Skipped Seq from 985 to 987
Skipped Seq from 987 to 993
Skipped Seq from 998 to 1003
Skipped Seq from 1003 to 1011
Skipped Seq from 1011 to 1016
Skipped Seq from 1018 to 1023
Skipped Seq from 1026 to 1028
Skipped Seq from 1029 to 1032
Skipped Seq from 1032 to 1039
Skipped Seq from 1042 to 1044
Skipped Seq from 1066 to 1069
Skipped Seq from 1069 to 1077
Skipped Seq from 1077 to 1084
Skipped Seq from 1086 to 1094
Skipped Seq from 1094 to 1097
Skipped Seq from 1100 to 1104
Skipped Seq from 1106 to 1108
Skipped Seq from 1108 to 1114
Skipped Seq from 1115 to 1118
Skipped Seq from 1118 to 1120
Skipped Seq from 1120 to 1122
Skipped Seq from 1123 to 1126
Skipped Seq from 1127 to 1129
Skipped Seq from 1130 to 1133
Skipped Seq from 1136 to 1138
Skipped Seq from 1138 to 1140
Skipped Seq from 1140 to 1142
Skipped Seq from 1143 to 1146
Skipped Seq from 1149 to 1152
Skipped Seq from 1152 to 1156
Skipped Seq from 1156 to 1160
Skipped Seq from 1161 to 1166
Skipped Seq from 1168 to 1172
Skipped Seq from 1173 to 1175
Skipped Seq from 1175 to 1178
Skipped Seq from 1179 to 1181
Skipped Seq from 1182 to 1188
Skipped Seq from 1189 to 1200
Skipped Seq from 1207 to 1214
Skipped Seq from 1230 to 1235
Skipped Seq from 1235 to 1244
Skipped Seq from 1244 to 1248
Skipped Seq from 1249 to 1254
Skipped Seq from 1254 to 1256
Skipped Seq from 1257 to 1265
Skipped Seq from 1274 to 1279
Skipped Seq from 1282 to 1284
Skipped Seq from 1285 to 1290
Skipped Seq from 1299 to 1303
Skipped Seq from 1307 to 1309
Skipped Seq from 1309 to 1311
Skipped Seq from 1311 to 1314
Skipped Seq from 1320 to 1323
Skipped Seq from 1331 to 1334
Skipped Seq from 1334 to 1337
Skipped Seq from 1338 to 1341
Skipped Seq from 1341 to 1345
Skipped Seq from 1345 to 1348
Skipped Seq from 1351 to 1353
Skipped Seq from 1354 to 1359
Skipped Seq from 1359 to 1372
Skipped Seq from 1372 to 1376
Skipped Seq from 1376 to 1380
Skipped Seq from 1380 to 1382
Skipped Seq from 1382 to 1384
Skipped Seq from 1385 to 1391
Skipped Seq from 1391 to 1394
Skipped Seq from 1397 to 1400
Skipped Seq from 1401 to 1415
Skipped Seq from 1416 to 1425
Skipped Seq from 1425 to 1427
Skipped Seq from 1427 to 1430
Skipped Seq from 1430 to 1443
Skipped Seq from 1444 to 1447
Skipped Seq from 1447 to 1452
Skipped Seq from 1452 to 1460
Skipped Seq from 1461 to 1464
Skipped Seq from 1464 to 1471
Skipped Seq from 1471 to 1480
Skipped Seq from 1480 to 1482
Skipped Seq from 1482 to 1487
Skipped Seq from 1489 to 1492
Skipped Seq from 1492 to 1494
Skipped Seq from 1496 to 1498
Skipped Seq from 1498 to 1504
Skipped Seq from 1504 to 1508
Skipped Seq from 1509 to 1515
Skipped Seq from 1515 to 1518
Skipped Seq from 1521 to 1528
Skipped Seq from 1528 to 1532
Skipped Seq from 1534 to 1541
Skipped Seq from 1541 to 1545
Skipped Seq from 1545 to 1550
Skipped Seq from 1552 to 1554
Skipped Seq from 1554 to 1559
Skipped Seq from 1559 to 1561
Skipped Seq from 1561 to 1563
Skipped Seq from 1563 to 1566
Skipped Seq from 1567 to 1569
Skipped Seq from 1570 to 1572
Skipped Seq from 1573 to 1576
Skipped Seq from 1576 to 1585
Skipped Seq from 1586 to 1595
Skipped Seq from 1598 to 1603
Skipped Seq from 1603 to 1608
Skipped Seq from 1608 to 1611
Skipped Seq from 1611 to 1614
Skipped Seq from 1614 to 1617
Skipped Seq from 1618 to 1625
Skipped Seq from 1627 to 1629
Skipped Seq from 1630 to 1633
Skipped Seq from 1633 to 1635
Skipped Seq from 1639 to 1643
Skipped Seq from 1646 to 1649
Skipped Seq from 1651 to 1653
Skipped Seq from 1653 to 1658
Skipped Seq from 1659 to 1663
Skipped Seq from 1664 to 1666
Skipped Seq from 1666 to 1671
Skipped Seq from 1671 to 1675
Skipped Seq from 1675 to 1679
Skipped Seq from 1680 to 1682
Skipped Seq from 1683 to 1685
Skipped Seq from 1685 to 1687
Skipped Seq from 1690 to 1692
Skipped Seq from 1692 to 1701
Skipped Seq from 1701 to 1704
Skipped Seq from 1706 to 1709
Skipped Seq from 1713 to 1717
Skipped Seq from 1718 to 1723
Skipped Seq from 1723 to 1729
Skipped Seq from 1729 to 1732
Skipped Seq from 1734 to 1737
Skipped Seq from 1737 to 1740
Skipped Seq from 1740 to 1744
Skipped Seq from 1746 to 1751
Skipped Seq from 1751 to 1755
Skipped Seq from 1756 to 1758
Skipped Seq from 1758 to 1762
Skipped Seq from 1764 to 1769
Skipped Seq from 1769 to 1774
Skipped Seq from 1774 to 1778
Skipped Seq from 1779 to 1781
Skipped Seq from 1783 to 1785
Skipped Seq from 1785 to 1788
Skipped Seq from 1788 to 1790
Skipped Seq from 1791 to 1793
Skipped Seq from 1793 to 1795
Skipped Seq from 1796 to 1798
Skipped Seq from 1798 to 1800
Skipped Seq from 1802 to 1805
Skipped Seq from 1807 to 1809
Skipped Seq from 1809 to 1811
Skipped Seq from 1811 to 1814
Skipped Seq from 1814 to 1816
Skipped Seq from 1816 to 1821
Skipped Seq from 1822 to 1826
Skipped Seq from 1827 to 1829
Skipped Seq from 1829 to 1831
Skipped Seq from 1831 to 1833
Skipped Seq from 1833 to 1835
Skipped Seq from 1835 to 1840
Skipped Seq from 1841 to 1844
Skipped Seq from 1845 to 1848
Skipped Seq from 1848 to 1850
Skipped Seq from 1850 to 1854
Skipped Seq from 1854 to 1856
Skipped Seq from 1856 to 1858
Skipped Seq from 1862 to 1865
Skipped Seq from 1866 to 1871
Skipped Seq from 1872 to 1875
Skipped Seq from 1877 to 1880
Skipped Seq from 1880 to 1883
Skipped Seq from 1885 to 1890
Skipped Seq from 1890 to 1893
Skipped Seq from 1895 to 1897
Skipped Seq from 1897 to 1900
Skipped Seq from 1901 to 1905
Skipped Seq from 1906 to 1909
Skipped Seq from 1910 to 1912
Skipped Seq from 1912 to 1917
Skipped Seq from 1917 to 1921
Skipped Seq from 1921 to 1923
Skipped Seq from 1923 to 1926
Skipped Seq from 1926 to 1935
Skipped Seq from 1935 to 1940
Skipped Seq from 1941 to 1947
Skipped Seq from 1947 to 1949
Skipped Seq from 1949 to 1952
Skipped Seq from 1952 to 1957
Skipped Seq from 1957 to 1962
Skipped Seq from 1962 to 1968
Skipped Seq from 1968 to 1973
Skipped Seq from 1973 to 1977
Skipped Seq from 1981 to 1990
Skipped Seq from 1990 to 1995
Skipped Seq from 1995 to 1998
Skipped Seq from 1998 to 2001
Skipped Seq from 2001 to 2004
Skipped Seq from 2004 to 2014
Skipped Seq from 2019 to 2021
Skipped Seq from 2021 to 2027
Skipped Seq from 2031 to 2036
Skipped Seq from 2041 to 2045
Skipped Seq from 2046 to 2050
Skipped Seq from 2050 to 2052
Skipped Seq from 2056 to 2061
Skipped Seq from 2061 to 2067
Skipped Seq from 2068 to 2070
Skipped Seq from 2070 to 2073
Skipped Seq from 2073 to 2079
Skipped Seq from 2079 to 2086
Skipped Seq from 2086 to 2091
Skipped Seq from 2092 to 2096
Skipped Seq from 2101 to 2106
Skipped Seq from 2108 to 2110
Skipped Seq from 2110 to 2114
Skipped Seq from 2114 to 2118
Skipped Seq from 2120 to 2123
Skipped Seq from 2125 to 2128
Skipped Seq from 2128 to 2130
Skipped Seq from 2130 to 2133
Skipped Seq from 2134 to 2140
Skipped Seq from 2150 to 2154
Skipped Seq from 2156 to 2160
Skipped Seq from 2165 to 2169
Skipped Seq from 2169 to 2171
Skipped Seq from 2171 to 2173
Skipped Seq from 2174 to 2176
Skipped Seq from 2177 to 2181
Skipped Seq from 2181 to 2190
Skipped Seq from 2190 to 2194
Skipped Seq from 2197 to 2199
Skipped Seq from 2199 to 2202
Skipped Seq from 2203 to 2206
Skipped Seq from 2206 to 2209
Skipped Seq from 2211 to 2214
Skipped Seq from 2216 to 2219
Skipped Seq from 2219 to 2222
Skipped Seq from 2222 to 2224
Skipped Seq from 2230 to 2232
Skipped Seq from 2232 to 2242
Skipped Seq from 2242 to 2245
Skipped Seq from 2259 to 2264
Skipped Seq from 2264 to 2266
Skipped Seq from 2266 to 2275
Skipped Seq from 2275 to 2286
Skipped Seq from 2286 to 2300
Skipped Seq from 2301 to 2304
Skipped Seq from 2304 to 2314
Skipped Seq from 2317 to 2328
Skipped Seq from 2328 to 2335
Skipped Seq from 2335 to 2340
Skipped Seq from 2343 to 2345
Skipped Seq from 2346 to 2348
Skipped Seq from 2350 to 2355
Skipped Seq from 2357 to 2359
Skipped Seq from 2359 to 2361
Skipped Seq from 2361 to 2363
Skipped Seq from 2364 to 2372
Skipped Seq from 2373 to 2376
Skipped Seq from 2380 to 2385
Skipped Seq from 2385 to 2398
Skipped Seq from 2398 to 2401
Skipped Seq from 2405 to 2407
Skipped Seq from 2409 to 2425
Skipped Seq from 2426 to 2428
Skipped Seq from 2430 to 2432
Skipped Seq from 2432 to 2438
Skipped Seq from 2438 to 2440
Skipped Seq from 2441 to 2444
Skipped Seq from 2448 to 2450
Skipped Seq from 2450 to 2455
Skipped Seq from 2455 to 2457
Skipped Seq from 2460 to 2463
Skipped Seq from 2463 to 2467
Skipped Seq from 2468 to 2475
Skipped Seq from 2482 to 2489
Skipped Seq from 2489 to 2495
Skipped Seq from 2495 to 2497
Skipped Seq from 2500 to 2514
Skipped Seq from 2514 to 2518
Skipped Seq from 2519 to 2524
Skipped Seq from 2526 to 2529
Skipped Seq from 2529 to 2532
Skipped Seq from 2532 to 2534
Skipped Seq from 2534 to 2537
Skipped Seq from 2538 to 2541
Skipped Seq from 2547 to 2550
Skipped Seq from 2550 to 2554
Skipped Seq from 2555 to 2561
Skipped Seq from 2561 to 2563
Skipped Seq from 2563 to 2566
Skipped Seq from 2566 to 2570
Skipped Seq from 2571 to 2578
Skipped Seq from 2578 to 2580
Skipped Seq from 2580 to 2586
Skipped Seq from 2588 to 2592
Skipped Seq from 2592 to 2605
Skipped Seq from 2606 to 2608
Skipped Seq from 2608 to 2614
Skipped Seq from 2614 to 2618
Skipped Seq from 2619 to 2624
Skipped Seq from 2625 to 2632
Skipped Seq from 2632 to 2634
Skipped Seq from 2634 to 2636
Skipped Seq from 2636 to 2641
Skipped Seq from 2643 to 2646
Skipped Seq from 2646 to 2648
Skipped Seq from 2650 to 2652
Skipped Seq from 2657 to 2659
Skipped Seq from 2660 to 2662
Skipped Seq from 2662 to 2666
Skipped Seq from 2666 to 2668
Skipped Seq from 2671 to 2676
Skipped Seq from 2678 to 2683
Skipped Seq from 2711 to 2717
Skipped Seq from 2718 to 2723
Skipped Seq from 2723 to 2733
Skipped Seq from 2733 to 2737
Skipped Seq from 2739 to 2747
Skipped Seq from 2747 to 2755
Skipped Seq from 2755 to 2758
Skipped Seq from 2758 to 2768
Skipped Seq from 2772 to 2775
Skipped Seq from 2782 to 2787
Skipped Seq from 2787 to 2790
Skipped Seq from 2793 to 2796
Skipped Seq from 2798 to 2803
Skipped Seq from 2803 to 2806
Skipped Seq from 2808 to 2818
Skipped Seq from 2822 to 2824
Skipped Seq from 2825 to 2828
Skipped Seq from 2828 to 2832
Skipped Seq from 2834 to 2836
Skipped Seq from 2838 to 2843
Skipped Seq from 2843 to 2846
Skipped Seq from 2846 to 2849
Skipped Seq from 2850 to 2852
Skipped Seq from 2852 to 2855
Skipped Seq from 2857 to 2862
Skipped Seq from 2864 to 2869
Skipped Seq from 2869 to 2881
Skipped Seq from 2883 to 2885
Skipped Seq from 2887 to 2890
Skipped Seq from 2890 to 2894
Skipped Seq from 2897 to 2899
Skipped Seq from 2899 to 2901
Skipped Seq from 2902 to 2906
Skipped Seq from 2907 to 2909
Skipped Seq from 2911 to 2915
Skipped Seq from 2915 to 2918
Skipped Seq from 2922 to 2928
Skipped Seq from 2929 to 2938
Skipped Seq from 2944 to 2950
Skipped Seq from 2950 to 2956
Skipped Seq from 2956 to 2962
Skipped Seq from 2962 to 2975
Skipped Seq from 2977 to 2979
Skipped Seq from 2979 to 2981
Skipped Seq from 2983 to 2985
Skipped Seq from 2985 to 2991
Skipped Seq from 2992 to 2995
Skipped Seq from 2995 to 2997
Skipped Seq from 2997 to 3003
Skipped Seq from 3003 to 3005
Skipped Seq from 3008 to 3010
Skipped Seq from 3013 to 3020
Skipped Seq from 3020 to 3023
Skipped Seq from 3024 to 3026
Skipped Seq from 3026 to 3032
Skipped Seq from 3032 to 3034
Skipped Seq from 3034 to 3036
Skipped Seq from 3037 to 3042
Skipped Seq from 3042 to 3044
Skipped Seq from 3045 to 3048
Skipped Seq from 3049 to 3052
Skipped Seq from 3055 to 3058
Skipped Seq from 3058 to 3063
Skipped Seq from 3065 to 3075
Skipped Seq from 3075 to 3079
Skipped Seq from 3079 to 3089
Skipped Seq from 3089 to 3091
Skipped Seq from 3091 to 3102
Skipped Seq from 3102 to 3104
Skipped Seq from 3105 to 3117
Skipped Seq from 3117 to 3119
Skipped Seq from 3123 to 3125
Skipped Seq from 3125 to 3127
Skipped Seq from 3127 to 3129
Skipped Seq from 3130 to 3132
Skipped Seq from 3133 to 3135
Skipped Seq from 3135 to 3137
Skipped Seq from 3137 to 3139
Skipped Seq from 3139 to 3142
Skipped Seq from 3143 to 3146
Skipped Seq from 3147 to 3149
Skipped Seq from 3150 to 3153
Skipped Seq from 3153 to 3158
Skipped Seq from 3158 to 3160
Skipped Seq from 3162 to 3164
Skipped Seq from 3164 to 3169
Skipped Seq from 3172 to 3177
Skipped Seq from 3177 to 3184
Skipped Seq from 3186 to 3189
Skipped Seq from 3190 to 3193
Skipped Seq from 3195 to 3198
Skipped Seq from 3199 to 3202
Skipped Seq from 3204 to 3209
Skipped Seq from 3210 to 3212
Skipped Seq from 3213 to 3217
Skipped Seq from 3217 to 3222
Skipped Seq from 3224 to 3227
Skipped Seq from 3229 to 3234
Skipped Seq from 3235 to 3241
Skipped Seq from 3250 to 3252
Skipped Seq from 3252 to 3256
Skipped Seq from 3258 to 3267
Skipped Seq from 3267 to 3274
Skipped Seq from 3277 to 3282
Skipped Seq from 3282 to 3286
Skipped Seq from 3286 to 3292
Skipped Seq from 3292 to 3294
Skipped Seq from 3298 to 3307
Skipped Seq from 3307 to 3321
Skipped Seq from 3321 to 3324
Skipped Seq from 3324 to 3329
Skipped Seq from 3329 to 3333
Skipped Seq from 3333 to 3338
Skipped Seq from 3343 to 3346
Skipped Seq from 3346 to 3350
Skipped Seq from 3350 to 3353
Skipped Seq from 3353 to 3355
Skipped Seq from 3355 to 3361
Skipped Seq from 3362 to 3364
Skipped Seq from 3365 to 3377
Skipped Seq from 3377 to 3380
Skipped Seq from 3381 to 3383
Skipped Seq from 3383 to 3391
Skipped Seq from 3392 to 3394
Skipped Seq from 3394 to 3396
Skipped Seq from 3396 to 3398
Skipped Seq from 3398 to 3400
Skipped Seq from 3400 to 3405
Skipped Seq from 3407 to 3410
Skipped Seq from 3411 to 3416
Skipped Seq from 3416 to 3420
Skipped Seq from 3421 to 3424
Skipped Seq from 3426 to 3432
Skipped Seq from 3433 to 3435
Skipped Seq from 3435 to 3437
Skipped Seq from 3437 to 3439
Skipped Seq from 3445 to 3448
Skipped Seq from 3449 to 3456
Skipped Seq from 3458 to 3469
Skipped Seq from 3469 to 3471
Skipped Seq from 3471 to 3473
Skipped Seq from 3473 to 3476
Skipped Seq from 3477 to 3479
Skipped Seq from 3479 to 3483
Skipped Seq from 3488 to 3490
Skipped Seq from 3492 to 3494
Skipped Seq from 3495 to 3500
Skipped Seq from 3500 to 3511
Skipped Seq from 3512 to 3519
Skipped Seq from 3520 to 3542
Skipped Seq from 3542 to 3549
Skipped Seq from 3549 to 3551
Skipped Seq from 3557 to 3569
Skipped Seq from 3569 to 3571
Skipped Seq from 3571 to 3573
Skipped Seq from 3573 to 3575
Skipped Seq from 3575 to 3578
Skipped Seq from 3578 to 3580
Skipped Seq from 3582 to 3586
Skipped Seq from 3591 to 3601
Skipped Seq from 3602 to 3604
Skipped Seq from 3606 to 3610
Skipped Seq from 3617 to 3621
Skipped Seq from 3621 to 3624
Skipped Seq from 3632 to 3636
Skipped Seq from 3636 to 3639
Skipped Seq from 3639 to 3641
Skipped Seq from 3647 to 3650
Skipped Seq from 3651 to 3653
Skipped Seq from 3653 to 3656
Skipped Seq from 3658 to 3662
Skipped Seq from 3662 to 3664
Skipped Seq from 3670 to 3678
Skipped Seq from 3678 to 3686
Skipped Seq from 3687 to 3694
Skipped Seq from 3694 to 3699
Skipped Seq from 3699 to 3706
Skipped Seq from 3706 to 3708
Skipped Seq from 3710 to 3713
Skipped Seq from 3716 to 3719
Skipped Seq from 3719 to 3721
Skipped Seq from 3721 to 3737
Skipped Seq from 3738 to 3743
Skipped Seq from 3743 to 3748
Skipped Seq from 3753 to 3757
Skipped Seq from 3757 to 3772
Skipped Seq from 3773 to 3777
Skipped Seq from 3779 to 3782
Skipped Seq from 3784 to 3787
Skipped Seq from 3788 to 3794
Skipped Seq from 3794 to 3797
Skipped Seq from 3798 to 3801
Skipped Seq from 3805 to 3807
Skipped Seq from 3808 to 3810
Skipped Seq from 3817 to 3821
Skipped Seq from 3822 to 3829
Skipped Seq from 3833 to 3835
Skipped Seq from 3835 to 3839
Skipped Seq from 3843 to 3848
Skipped Seq from 3850 to 3853
Skipped Seq from 3857 to 3860
Skipped Seq from 3860 to 3864
Skipped Seq from 3864 to 3866
Skipped Seq from 3870 to 3872
Skipped Seq from 3875 to 3880
Skipped Seq from 3883 to 3887
Skipped Seq from 3889 to 3896
Skipped Seq from 3897 to 3901
Skipped Seq from 3901 to 3905
Skipped Seq from 3906 to 3908
Skipped Seq from 3916 to 3918
Skipped Seq from 3918 to 3925
Skipped Seq from 3932 to 3948
Skipped Seq from 3948 to 3951
Skipped Seq from 3955 to 3957
Skipped Seq from 3957 to 3960
Skipped Seq from 3960 to 3965
Skipped Seq from 3968 to 3970
Skipped Seq from 3970 to 3972
Skipped Seq from 3972 to 3975
Skipped Seq from 3983 to 3985
Skipped Seq from 3986 to 3991
Skipped Seq from 3995 to 3997
Skipped Seq from 4003 to 4009
Skipped Seq from 4009 to 4011
Skipped Seq from 4011 to 4026
Skipped Seq from 4028 to 4030
Skipped Seq from 4030 to 4032
Skipped Seq from 4032 to 4034
Skipped Seq from 4034 to 4037
Skipped Seq from 4044 to 4047
Skipped Seq from 4049 to 4051
Skipped Seq from 4051 to 4057
Skipped Seq from 4061 to 4064
Skipped Seq from 4066 to 4070
Skipped Seq from 4070 to 4072
Skipped Seq from 4074 to 4083
Skipped Seq from 4083 to 4085
Skipped Seq from 4085 to 4088
Skipped Seq from 4090 to 4092
Skipped Seq from 4093 to 4097
Skipped Seq from 4097 to 4101
Skipped Seq from 4102 to 4106
Skipped Seq from 4106 to 4109
Skipped Seq from 4109 to 4112
Skipped Seq from 4114 to 4116
Skipped Seq from 4116 to 4118
Skipped Seq from 4125 to 4134
Skipped Seq from 4136 to 4138
Skipped Seq from 4139 to 4141
Skipped Seq from 4141 to 4144
Skipped Seq from 4147 to 4150
Skipped Seq from 4151 to 4153
Skipped Seq from 4168 to 4170
Skipped Seq from 4170 to 4173
Skipped Seq from 4174 to 4177
Skipped Seq from 4182 to 4184
Skipped Seq from 4185 to 4187
Skipped Seq from 4197 to 4203
Skipped Seq from 4205 to 4212
Skipped Seq from 4212 to 4214
Skipped Seq from 4223 to 4226
Skipped Seq from 4226 to 4233
Skipped Seq from 4262 to 4265
Skipped Seq from 4266 to 4269
Skipped Seq from 4273 to 4275
Skipped Seq from 4276 to 4283
Skipped Seq from 4297 to 4299
Skipped Seq from 4312 to 4314
Skipped Seq from 4322 to 4326
Skipped Seq from 4332 to 4334
Skipped Seq from 4335 to 4337
Skipped Seq from 4346 to 4348
Skipped Seq from 4362 to 4365
Skipped Seq from 4365 to 4369
Skipped Seq from 4387 to 4392
Skipped Seq from 4397 to 4399
Skipped Seq from 4400 to 4405
Skipped Seq from 4406 to 4409
Skipped Seq from 4410 to 4413
Skipped Seq from 4415 to 4419
Skipped Seq from 4423 to 4425
Skipped Seq from 4434 to 4437
Skipped Seq from 4438 to 4440
Skipped Seq from 4441 to 4443
Skipped Seq from 4443 to 4446
Skipped Seq from 4450 to 4462
Skipped Seq from 4490 to 4492
Skipped Seq from 4499 to 4502
Skipped Seq from 4502 to 4506
Number of times throttled: 4
Received: 2899 / 4915 packets
Start time: 1332842445.305061
End time: 1332842462.599509
Duration: 17.294448
