Starting client at 10.0.0.26:1292 with timeout:10
My IP address is 10.0.0.26Skipped Seq from 7 to 9
Skipped Seq from 9 to 11
Skipped Seq from 11 to 13
Skipped Seq from 13 to 17
Skipped Seq from 18 to 21
Skipped Seq from 27 to 29
Skipped Seq from 40 to 42
Skipped Seq from 44 to 46
Skipped Seq from 51 to 53
Skipped Seq from 57 to 59
Skipped Seq from 64 to 67
Skipped Seq from 73 to 76
Skipped Seq from 77 to 79
Skipped Seq from 79 to 83
Skipped Seq from 83 to 85
Skipped Seq from 85 to 89
Skipped Seq from 92 to 94
Skipped Seq from 97 to 99
Skipped Seq from 102 to 104
Skipped Seq from 111 to 113
Skipped Seq from 117 to 119
Skipped Seq from 119 to 121
Skipped Seq from 123 to 125
Skipped Seq from 126 to 129
Skipped Seq from 129 to 131
Skipped Seq from 136 to 138
Skipped Seq from 140 to 142
Skipped Seq from 145 to 147
Skipped Seq from 162 to 165
Skipped Seq from 165 to 167
Skipped Seq from 168 to 170
Skipped Seq from 171 to 173
Skipped Seq from 174 to 177
Skipped Seq from 182 to 184
Skipped Seq from 188 to 192
Skipped Seq from 210 to 212
Skipped Seq from 234 to 236
Skipped Seq from 237 to 239
Skipped Seq from 253 to 255
Skipped Seq from 259 to 261
Skipped Seq from 263 to 267
Skipped Seq from 272 to 275
Skipped Seq from 276 to 280
Skipped Seq from 286 to 288
Skipped Seq from 291 to 293
Skipped Seq from 306 to 308
Skipped Seq from 317 to 319
Skipped Seq from 320 to 322
Skipped Seq from 322 to 325
Skipped Seq from 325 to 336
Skipped Seq from 341 to 344
Skipped Seq from 344 to 347
Skipped Seq from 347 to 351
Skipped Seq from 351 to 353
Skipped Seq from 353 to 357
Skipped Seq from 357 to 359
Skipped Seq from 384 to 391
Skipped Seq from 391 to 399
Skipped Seq from 399 to 404
Skipped Seq from 404 to 408
Skipped Seq from 408 to 410
Skipped Seq from 410 to 413
Skipped Seq from 413 to 420
Skipped Seq from 420 to 422
Skipped Seq from 422 to 424
Skipped Seq from 425 to 427
Skipped Seq from 428 to 468
Skipped Seq from 468 to 476
Skipped Seq from 476 to 478
Skipped Seq from 478 to 480
Skipped Seq from 481 to 484
Skipped Seq from 484 to 486
Skipped Seq from 487 to 491
Skipped Seq from 491 to 494
Skipped Seq from 494 to 499
Skipped Seq from 500 to 502
Skipped Seq from 504 to 506
Skipped Seq from 507 to 510
Skipped Seq from 510 to 513
Skipped Seq from 513 to 519
Skipped Seq from 519 to 521
Skipped Seq from 521 to 524
Skipped Seq from 524 to 527
Skipped Seq from 527 to 530
Skipped Seq from 530 to 533
Skipped Seq from 534 to 548
Skipped Seq from 548 to 550
Skipped Seq from 550 to 561
Skipped Seq from 561 to 576
Skipped Seq from 576 to 581
Skipped Seq from 581 to 584
Skipped Seq from 584 to 606
Skipped Seq from 608 to 614
Skipped Seq from 615 to 617
Skipped Seq from 617 to 627
Skipped Seq from 627 to 630
Skipped Seq from 630 to 632
Skipped Seq from 632 to 635
Skipped Seq from 636 to 639
Skipped Seq from 639 to 643
Skipped Seq from 643 to 657
Skipped Seq from 657 to 660
Skipped Seq from 660 to 663
Skipped Seq from 663 to 666
Skipped Seq from 666 to 686
Skipped Seq from 686 to 688
Skipped Seq from 688 to 698
Skipped Seq from 698 to 722
Skipped Seq from 722 to 724
Skipped Seq from 725 to 727
Skipped Seq from 727 to 746
Skipped Seq from 746 to 754
Skipped Seq from 755 to 767
Skipped Seq from 767 to 784
Skipped Seq from 784 to 787
Skipped Seq from 787 to 789
Skipped Seq from 789 to 799
Skipped Seq from 799 to 804
Skipped Seq from 804 to 806
Skipped Seq from 806 to 808
Skipped Seq from 808 to 810
Skipped Seq from 810 to 812
Skipped Seq from 815 to 817
Skipped Seq from 818 to 820
Skipped Seq from 826 to 829
Skipped Seq from 840 to 843
Skipped Seq from 843 to 845
Skipped Seq from 846 to 848
Skipped Seq from 851 to 853
Skipped Seq from 855 to 857
Skipped Seq from 859 to 863
Skipped Seq from 863 to 865
Skipped Seq from 865 to 867
Skipped Seq from 867 to 869
Skipped Seq from 869 to 871
Skipped Seq from 872 to 874
Skipped Seq from 874 to 877
Skipped Seq from 878 to 880
Skipped Seq from 882 to 885
Skipped Seq from 885 to 887
Skipped Seq from 887 to 896
Skipped Seq from 897 to 900
Skipped Seq from 900 to 910
Skipped Seq from 912 to 914
Skipped Seq from 915 to 918
Skipped Seq from 919 to 922
Skipped Seq from 923 to 925
Skipped Seq from 926 to 930
Skipped Seq from 930 to 932
Skipped Seq from 932 to 937
Skipped Seq from 937 to 939
Skipped Seq from 941 to 943
Skipped Seq from 943 to 945
Skipped Seq from 945 to 948
Skipped Seq from 951 to 955
Skipped Seq from 957 to 959
Skipped Seq from 963 to 966
Skipped Seq from 966 to 968
Skipped Seq from 970 to 972
Skipped Seq from 972 to 974
Skipped Seq from 977 to 979
Skipped Seq from 981 to 984
Skipped Seq from 985 to 988
Skipped Seq from 988 to 991
Skipped Seq from 992 to 1001
Skipped Seq from 1001 to 1004
Skipped Seq from 1005 to 1008
Skipped Seq from 1008 to 1010
Skipped Seq from 1010 to 1012
Skipped Seq from 1012 to 1015
Skipped Seq from 1015 to 1017
Skipped Seq from 1019 to 1021
Skipped Seq from 1023 to 1027
Skipped Seq from 1028 to 1030
Skipped Seq from 1031 to 1035
Skipped Seq from 1035 to 1037
Skipped Seq from 1038 to 1041
Skipped Seq from 1042 to 1044
Skipped Seq from 1044 to 1048
Skipped Seq from 1049 to 1051
Skipped Seq from 1051 to 1053
Skipped Seq from 1053 to 1055
Skipped Seq from 1055 to 1057
Skipped Seq from 1058 to 1060
Skipped Seq from 1061 to 1065
Skipped Seq from 1067 to 1069
Skipped Seq from 1069 to 1077
Skipped Seq from 1077 to 1081
Skipped Seq from 1087 to 1089
Skipped Seq from 1090 to 1094
Skipped Seq from 1095 to 1097
Skipped Seq from 1098 to 1100
Skipped Seq from 1101 to 1104
Skipped Seq from 1104 to 1107
Skipped Seq from 1107 to 1109
Skipped Seq from 1109 to 1112
Skipped Seq from 1112 to 1114
Skipped Seq from 1115 to 1117
Skipped Seq from 1118 to 1123
Skipped Seq from 1126 to 1128
Skipped Seq from 1131 to 1142
Skipped Seq from 1143 to 1146
Skipped Seq from 1146 to 1148
Skipped Seq from 1148 to 1155
Skipped Seq from 1155 to 1158
Skipped Seq from 1158 to 1161
Skipped Seq from 1161 to 1165
Skipped Seq from 1165 to 1167
Skipped Seq from 1167 to 1169
Skipped Seq from 1172 to 1174
Skipped Seq from 1177 to 1180
Skipped Seq from 1180 to 1183
Skipped Seq from 1183 to 1185
Skipped Seq from 1185 to 1188
Skipped Seq from 1189 to 1191
Skipped Seq from 1191 to 1194
Skipped Seq from 1194 to 1196
Skipped Seq from 1196 to 1201
Skipped Seq from 1202 to 1206
Skipped Seq from 1206 to 1212
Skipped Seq from 1212 to 1215
Skipped Seq from 1215 to 1224
Skipped Seq from 1226 to 1242
Skipped Seq from 1242 to 1246
Skipped Seq from 1246 to 1249
Skipped Seq from 1249 to 1252
Skipped Seq from 1252 to 1254
Skipped Seq from 1254 to 1256
Skipped Seq from 1257 to 1259
Skipped Seq from 1259 to 1261
Skipped Seq from 1261 to 1265
Skipped Seq from 1266 to 1271
Skipped Seq from 1272 to 1274
Skipped Seq from 1274 to 1276
Skipped Seq from 1276 to 1278
Skipped Seq from 1278 to 1280
Skipped Seq from 1281 to 1283
Skipped Seq from 1284 to 1286
Skipped Seq from 1286 to 1289
Skipped Seq from 1290 to 1293
Skipped Seq from 1296 to 1298
Skipped Seq from 1298 to 1300
Skipped Seq from 1300 to 1304
Skipped Seq from 1306 to 1309
Skipped Seq from 1309 to 1311
Skipped Seq from 1311 to 1313
Skipped Seq from 1314 to 1316
Skipped Seq from 1318 to 1322
Skipped Seq from 1322 to 1324
Skipped Seq from 1325 to 1331
Skipped Seq from 1331 to 1336
Skipped Seq from 1336 to 1338
Skipped Seq from 1338 to 1340
Skipped Seq from 1343 to 1348
Skipped Seq from 1348 to 1352
Skipped Seq from 1353 to 1356
Skipped Seq from 1356 to 1358
Skipped Seq from 1358 to 1363
Skipped Seq from 1363 to 1365
Skipped Seq from 1365 to 1368
Skipped Seq from 1368 to 1374
Skipped Seq from 1376 to 1379
Skipped Seq from 1379 to 1382
Skipped Seq from 1382 to 1384
Skipped Seq from 1385 to 1390
Skipped Seq from 1390 to 1392
Skipped Seq from 1392 to 1395
Skipped Seq from 1395 to 1399
Skipped Seq from 1399 to 1401
Skipped Seq from 1402 to 1406
Skipped Seq from 1406 to 1408
Skipped Seq from 1408 to 1410
Skipped Seq from 1410 to 1412
Skipped Seq from 1412 to 1415
Skipped Seq from 1416 to 1421
Skipped Seq from 1424 to 1426
Skipped Seq from 1427 to 1429
Skipped Seq from 1429 to 1431
Skipped Seq from 1431 to 1433
Skipped Seq from 1433 to 1436
Skipped Seq from 1436 to 1438
Skipped Seq from 1438 to 1440
Skipped Seq from 1441 to 1443
Skipped Seq from 1443 to 1447
Skipped Seq from 1447 to 1449
Skipped Seq from 1452 to 1454
Skipped Seq from 1457 to 1465
Skipped Seq from 1467 to 1472
Skipped Seq from 1472 to 1475
Skipped Seq from 1476 to 1478
Skipped Seq from 1478 to 1481
Skipped Seq from 1481 to 1484
Skipped Seq from 1486 to 1488
Skipped Seq from 1490 to 1493
Skipped Seq from 1493 to 1495
Skipped Seq from 1496 to 1501
Skipped Seq from 1501 to 1505
Skipped Seq from 1506 to 1508
Skipped Seq from 1508 to 1510
Skipped Seq from 1510 to 1513
Skipped Seq from 1513 to 1518
Skipped Seq from 1518 to 1520
Skipped Seq from 1520 to 1522
Skipped Seq from 1522 to 1526
Skipped Seq from 1527 to 1533
Skipped Seq from 1533 to 1535
Skipped Seq from 1536 to 1538
Skipped Seq from 1538 to 1542
Skipped Seq from 1542 to 1547
Skipped Seq from 1547 to 1549
Skipped Seq from 1550 to 1552
Skipped Seq from 1552 to 1556
Skipped Seq from 1556 to 1558
Skipped Seq from 1558 to 1563
Skipped Seq from 1563 to 1567
Skipped Seq from 1567 to 1570
Skipped Seq from 1570 to 1572
Skipped Seq from 1572 to 1576
Skipped Seq from 1576 to 1578
Skipped Seq from 1579 to 1581
Skipped Seq from 1581 to 1583
Skipped Seq from 1583 to 1586
Skipped Seq from 1588 to 1591
Skipped Seq from 1591 to 1598
Skipped Seq from 1598 to 1601
Skipped Seq from 1601 to 1606
Skipped Seq from 1606 to 1609
Skipped Seq from 1609 to 1611
Skipped Seq from 1611 to 1615
Skipped Seq from 1615 to 1617
Skipped Seq from 1617 to 1620
Skipped Seq from 1620 to 1624
Skipped Seq from 1624 to 1626
Skipped Seq from 1626 to 1628
Skipped Seq from 1628 to 1631
Skipped Seq from 1633 to 1635
Skipped Seq from 1636 to 1638
Skipped Seq from 1638 to 1640
Skipped Seq from 1641 to 1645
Skipped Seq from 1645 to 1649
Skipped Seq from 1651 to 1653
Skipped Seq from 1653 to 1655
Skipped Seq from 1655 to 1658
Skipped Seq from 1658 to 1660
Skipped Seq from 1660 to 1662
Skipped Seq from 1662 to 1666
Skipped Seq from 1667 to 1669
Skipped Seq from 1670 to 1672
Skipped Seq from 1672 to 1675
Skipped Seq from 1675 to 1678
Skipped Seq from 1678 to 1681
Skipped Seq from 1681 to 1683
Skipped Seq from 1684 to 1688
Skipped Seq from 1688 to 1690
Skipped Seq from 1690 to 1692
Skipped Seq from 1692 to 1695
Skipped Seq from 1695 to 1697
Skipped Seq from 1698 to 1701
Skipped Seq from 1701 to 1706
Skipped Seq from 1709 to 1712
Skipped Seq from 1712 to 1714
Skipped Seq from 1717 to 1719
Skipped Seq from 1719 to 1722
Skipped Seq from 1725 to 1729
Skipped Seq from 1735 to 1746
Skipped Seq from 1746 to 1748
Skipped Seq from 1748 to 1750
Skipped Seq from 1751 to 1756
Skipped Seq from 1756 to 1762
Skipped Seq from 1763 to 1766
Skipped Seq from 1766 to 1777
Skipped Seq from 1778 to 1781
Skipped Seq from 1781 to 1783
Skipped Seq from 1783 to 1786
Skipped Seq from 1786 to 1790
Skipped Seq from 1790 to 1792
Skipped Seq from 1792 to 1794
Skipped Seq from 1795 to 1799
Skipped Seq from 1799 to 1802
Skipped Seq from 1803 to 1807
Skipped Seq from 1807 to 1809
Skipped Seq from 1809 to 1813
Skipped Seq from 1813 to 1815
Skipped Seq from 1816 to 1818
Skipped Seq from 1818 to 1820
Skipped Seq from 1822 to 1824
Skipped Seq from 1827 to 1829
Skipped Seq from 1830 to 1832
Skipped Seq from 1832 to 1836
Skipped Seq from 1838 to 1841
Skipped Seq from 1841 to 1843
Skipped Seq from 1843 to 1848
Skipped Seq from 1848 to 1850
Skipped Seq from 1853 to 1864
Skipped Seq from 1866 to 1868
Skipped Seq from 1868 to 1872
Skipped Seq from 1872 to 1886
Skipped Seq from 1886 to 1898
Skipped Seq from 1898 to 1900
Skipped Seq from 1905 to 1911
Skipped Seq from 1913 to 1918
Skipped Seq from 1920 to 1922
Skipped Seq from 1926 to 1931
Skipped Seq from 1937 to 1943
Skipped Seq from 1943 to 1945
Skipped Seq from 1945 to 1947
Skipped Seq from 1952 to 1955
Skipped Seq from 1957 to 1959
Skipped Seq from 1965 to 1970
Skipped Seq from 1971 to 1974
Skipped Seq from 1974 to 1977
Skipped Seq from 1978 to 1981
Skipped Seq from 1981 to 1992
Skipped Seq from 1992 to 2009
Skipped Seq from 2009 to 2015
Skipped Seq from 2015 to 2017
Skipped Seq from 2017 to 2022
Skipped Seq from 2022 to 2024
Skipped Seq from 2026 to 2029
Skipped Seq from 2033 to 2036
Skipped Seq from 2036 to 2038
Skipped Seq from 2039 to 2041
Skipped Seq from 2041 to 2045
Skipped Seq from 2045 to 2049
Skipped Seq from 2050 to 2052
Skipped Seq from 2052 to 2055
Skipped Seq from 2056 to 2061
Skipped Seq from 2061 to 2064
Skipped Seq from 2066 to 2068
Skipped Seq from 2068 to 2071
Skipped Seq from 2072 to 2076
Skipped Seq from 2077 to 2081
Skipped Seq from 2081 to 2083
Skipped Seq from 2084 to 2099
Skipped Seq from 2099 to 2101
Skipped Seq from 2101 to 2104
Skipped Seq from 2104 to 2107
Skipped Seq from 2108 to 2111
Skipped Seq from 2111 to 2113
Skipped Seq from 2114 to 2117
Skipped Seq from 2118 to 2121
Skipped Seq from 2121 to 2124
Skipped Seq from 2125 to 2129
Skipped Seq from 2130 to 2132
Skipped Seq from 2132 to 2136
Skipped Seq from 2136 to 2140
Skipped Seq from 2140 to 2142
Skipped Seq from 2143 to 2148
Skipped Seq from 2148 to 2153
Skipped Seq from 2153 to 2159
Skipped Seq from 2159 to 2163
Skipped Seq from 2163 to 2168
Skipped Seq from 2168 to 2171
Skipped Seq from 2173 to 2175
Skipped Seq from 2175 to 2177
Skipped Seq from 2177 to 2179
Skipped Seq from 2180 to 2182
Skipped Seq from 2183 to 2186
Skipped Seq from 2186 to 2190
Skipped Seq from 2190 to 2195
Skipped Seq from 2195 to 2198
Skipped Seq from 2199 to 2210
Skipped Seq from 2210 to 2214
Skipped Seq from 2214 to 2219
Skipped Seq from 2219 to 2223
Skipped Seq from 2223 to 2227
Skipped Seq from 2227 to 2231
Skipped Seq from 2232 to 2237
Skipped Seq from 2237 to 2240
Skipped Seq from 2240 to 2243
Skipped Seq from 2243 to 2247
Skipped Seq from 2247 to 2252
Skipped Seq from 2252 to 2254
Skipped Seq from 2254 to 2256
Skipped Seq from 2257 to 2260
Skipped Seq from 2261 to 2268
Skipped Seq from 2268 to 2271
Skipped Seq from 2271 to 2273
Skipped Seq from 2274 to 2278
Skipped Seq from 2278 to 2282
Skipped Seq from 2282 to 2285
Skipped Seq from 2288 to 2291
Skipped Seq from 2291 to 2293
Skipped Seq from 2294 to 2296
Skipped Seq from 2296 to 2298
Skipped Seq from 2299 to 2302
Skipped Seq from 2303 to 2309
Skipped Seq from 2309 to 2313
Skipped Seq from 2313 to 2316
Skipped Seq from 2317 to 2320
Skipped Seq from 2320 to 2326
Skipped Seq from 2326 to 2330
Skipped Seq from 2331 to 2333
Skipped Seq from 2334 to 2341
Skipped Seq from 2344 to 2348
Skipped Seq from 2348 to 2354
Skipped Seq from 2354 to 2359
Skipped Seq from 2359 to 2372
Skipped Seq from 2372 to 2374
Skipped Seq from 2374 to 2376
Skipped Seq from 2377 to 2394
Skipped Seq from 2395 to 2409
Skipped Seq from 2409 to 2411
Skipped Seq from 2411 to 2414
Skipped Seq from 2414 to 2427
Skipped Seq from 2427 to 2430
Skipped Seq from 2430 to 2435
Skipped Seq from 2435 to 2456
Skipped Seq from 2457 to 2465
Skipped Seq from 2465 to 2471
Skipped Seq from 2471 to 2484
Skipped Seq from 2484 to 2494
Skipped Seq from 2494 to 2500
Skipped Seq from 2500 to 2502
Skipped Seq from 2505 to 2508
Skipped Seq from 2508 to 2510
Skipped Seq from 2510 to 2515
Skipped Seq from 2515 to 2520
Skipped Seq from 2522 to 2535
Skipped Seq from 2535 to 2537
Skipped Seq from 2537 to 2540
Skipped Seq from 2543 to 2548
Skipped Seq from 2548 to 2555
Skipped Seq from 2555 to 2562
Skipped Seq from 2562 to 2569
Skipped Seq from 2569 to 2574
Skipped Seq from 2574 to 2587
Skipped Seq from 2587 to 2607
Skipped Seq from 2607 to 2610
Skipped Seq from 2610 to 2623
Skipped Seq from 2623 to 2630
Skipped Seq from 2630 to 2632
Skipped Seq from 2632 to 2634
Skipped Seq from 2634 to 2639
Skipped Seq from 2639 to 2648
Skipped Seq from 2648 to 2653
Skipped Seq from 2653 to 2661
Skipped Seq from 2661 to 2673
Skipped Seq from 2673 to 2686
Skipped Seq from 2686 to 2705
Skipped Seq from 2706 to 2710
Skipped Seq from 2710 to 2728
Skipped Seq from 2728 to 2732
Skipped Seq from 2732 to 2734
Skipped Seq from 2734 to 2746
Skipped Seq from 2746 to 2750
Skipped Seq from 2750 to 2755
Skipped Seq from 2755 to 2777
Skipped Seq from 2777 to 2780
Skipped Seq from 2780 to 2786
Skipped Seq from 2786 to 2790
Skipped Seq from 2790 to 2796
Skipped Seq from 2796 to 2798
Skipped Seq from 2799 to 2801
Skipped Seq from 2801 to 2804
Skipped Seq from 2804 to 2806
Skipped Seq from 2808 to 2812
Skipped Seq from 2812 to 2814
Skipped Seq from 2815 to 2819
Skipped Seq from 2819 to 2821
Skipped Seq from 2821 to 2824
Skipped Seq from 2825 to 2828
Skipped Seq from 2829 to 2832
Skipped Seq from 2834 to 2840
Skipped Seq from 2841 to 2843
Skipped Seq from 2843 to 2846
Skipped Seq from 2848 to 2854
Skipped Seq from 2857 to 2859
Skipped Seq from 2860 to 2862
Skipped Seq from 2864 to 2867
Skipped Seq from 2874 to 2877
Skipped Seq from 2877 to 2880
Skipped Seq from 2880 to 2883
Skipped Seq from 2885 to 2887
Skipped Seq from 2887 to 2889
Skipped Seq from 2890 to 2896
Skipped Seq from 2896 to 2899
Skipped Seq from 2899 to 2905
Skipped Seq from 2905 to 2907
Skipped Seq from 2907 to 2913
Skipped Seq from 2913 to 2916
Skipped Seq from 2916 to 2920
Skipped Seq from 2921 to 2923
Skipped Seq from 2923 to 2925
Skipped Seq from 2925 to 2930
Skipped Seq from 2930 to 2932
Skipped Seq from 2934 to 2937
Number of times throttled: 5
Received: 1154 / 2965 packets
Start time: 1332842789.678814
End time: 1332842805.243929
Duration: 15.565115
