Starting client at 10.0.0.13:1236 with timeout:10
My IP address is 10.0.0.13Skipped Seq from 0 to 3
Skipped Seq from 4 to 11
Skipped Seq from 11 to 16
Skipped Seq from 16 to 19
Skipped Seq from 19 to 21
Skipped Seq from 21 to 23
Skipped Seq from 23 to 31
Skipped Seq from 31 to 37
Skipped Seq from 37 to 49
Skipped Seq from 49 to 52
Skipped Seq from 52 to 68
Skipped Seq from 68 to 70
Skipped Seq from 70 to 75
Skipped Seq from 75 to 78
Skipped Seq from 78 to 80
Skipped Seq from 80 to 82
Skipped Seq from 82 to 84
Skipped Seq from 84 to 86
Skipped Seq from 86 to 92
Skipped Seq from 93 to 96
Skipped Seq from 96 to 104
Skipped Seq from 104 to 110
Skipped Seq from 110 to 112
Skipped Seq from 112 to 114
Skipped Seq from 117 to 121
Skipped Seq from 121 to 124
Skipped Seq from 124 to 134
Skipped Seq from 134 to 137
Skipped Seq from 137 to 141
Skipped Seq from 141 to 143
Skipped Seq from 143 to 147
Skipped Seq from 147 to 150
Skipped Seq from 150 to 154
Skipped Seq from 156 to 159
Skipped Seq from 160 to 180
Skipped Seq from 180 to 196
Skipped Seq from 196 to 198
Skipped Seq from 198 to 200
Skipped Seq from 200 to 205
Skipped Seq from 205 to 207
Skipped Seq from 208 to 218
Skipped Seq from 218 to 220
Skipped Seq from 221 to 226
Skipped Seq from 226 to 228
Skipped Seq from 228 to 230
Skipped Seq from 230 to 232
Skipped Seq from 232 to 234
Skipped Seq from 234 to 239
Skipped Seq from 239 to 243
Skipped Seq from 243 to 252
Skipped Seq from 252 to 254
Skipped Seq from 254 to 257
Skipped Seq from 257 to 259
Skipped Seq from 259 to 261
Skipped Seq from 261 to 263
Skipped Seq from 263 to 265
Skipped Seq from 265 to 272
Skipped Seq from 272 to 283
Skipped Seq from 283 to 298
Skipped Seq from 298 to 302
Skipped Seq from 302 to 304
Skipped Seq from 305 to 312
Skipped Seq from 312 to 315
Skipped Seq from 315 to 323
Skipped Seq from 323 to 325
Skipped Seq from 325 to 327
Skipped Seq from 327 to 329
Skipped Seq from 329 to 331
Skipped Seq from 331 to 333
Skipped Seq from 333 to 335
Skipped Seq from 335 to 341
Skipped Seq from 341 to 343
Skipped Seq from 343 to 375
Skipped Seq from 375 to 377
Skipped Seq from 377 to 379
Skipped Seq from 379 to 381
Skipped Seq from 383 to 389
Skipped Seq from 389 to 403
Skipped Seq from 403 to 405
Skipped Seq from 405 to 409
Skipped Seq from 409 to 412
Skipped Seq from 412 to 415
Skipped Seq from 415 to 418
Skipped Seq from 418 to 422
Skipped Seq from 422 to 427
Skipped Seq from 427 to 438
Skipped Seq from 439 to 441
Skipped Seq from 441 to 444
Skipped Seq from 444 to 446
Skipped Seq from 448 to 452
Skipped Seq from 454 to 457
Skipped Seq from 458 to 464
Skipped Seq from 465 to 470
Skipped Seq from 470 to 476
Skipped Seq from 476 to 480
Skipped Seq from 481 to 488
Skipped Seq from 488 to 493
Skipped Seq from 493 to 497
Skipped Seq from 497 to 499
Skipped Seq from 500 to 503
Skipped Seq from 503 to 507
Skipped Seq from 507 to 509
Skipped Seq from 509 to 511
Skipped Seq from 511 to 513
Skipped Seq from 513 to 521
Skipped Seq from 521 to 536
Skipped Seq from 536 to 558
Skipped Seq from 558 to 563
Skipped Seq from 563 to 566
Skipped Seq from 568 to 573
Skipped Seq from 573 to 581
Skipped Seq from 582 to 594
Skipped Seq from 594 to 596
Skipped Seq from 596 to 598
Skipped Seq from 598 to 602
Skipped Seq from 603 to 605
Skipped Seq from 605 to 613
Skipped Seq from 613 to 617
Skipped Seq from 619 to 629
Skipped Seq from 629 to 635
Skipped Seq from 636 to 638
Skipped Seq from 638 to 651
Skipped Seq from 651 to 669
Skipped Seq from 669 to 678
Skipped Seq from 678 to 686
Skipped Seq from 687 to 696
Skipped Seq from 696 to 701
Skipped Seq from 704 to 708
Skipped Seq from 708 to 720
Skipped Seq from 720 to 723
Skipped Seq from 723 to 725
Skipped Seq from 725 to 727
Skipped Seq from 727 to 734
Skipped Seq from 734 to 745
Skipped Seq from 745 to 747
Skipped Seq from 747 to 750
Skipped Seq from 750 to 752
Skipped Seq from 752 to 756
Skipped Seq from 757 to 760
Skipped Seq from 760 to 763
Skipped Seq from 763 to 767
Skipped Seq from 767 to 773
Skipped Seq from 773 to 776
Skipped Seq from 776 to 778
Skipped Seq from 778 to 788
Skipped Seq from 788 to 794
Skipped Seq from 794 to 800
Skipped Seq from 802 to 805
Skipped Seq from 806 to 810
Skipped Seq from 810 to 817
Skipped Seq from 817 to 825
Skipped Seq from 825 to 836
Skipped Seq from 837 to 842
Skipped Seq from 842 to 845
Skipped Seq from 845 to 851
Skipped Seq from 851 to 854
Skipped Seq from 855 to 857
Skipped Seq from 858 to 861
Skipped Seq from 861 to 870
Skipped Seq from 870 to 872
Skipped Seq from 872 to 882
Skipped Seq from 882 to 884
Skipped Seq from 884 to 886
Skipped Seq from 886 to 892
Skipped Seq from 892 to 897
Skipped Seq from 897 to 905
Skipped Seq from 905 to 910
Skipped Seq from 910 to 912
Skipped Seq from 912 to 924
Skipped Seq from 924 to 926
Skipped Seq from 926 to 934
Skipped Seq from 934 to 947
Skipped Seq from 947 to 950
Skipped Seq from 950 to 957
Skipped Seq from 957 to 967
Skipped Seq from 967 to 971
Skipped Seq from 971 to 974
Skipped Seq from 974 to 979
Skipped Seq from 980 to 982
Skipped Seq from 982 to 991
Skipped Seq from 991 to 994
Skipped Seq from 994 to 999
Skipped Seq from 999 to 1003
Skipped Seq from 1003 to 1005
Skipped Seq from 1005 to 1013
Skipped Seq from 1014 to 1022
Skipped Seq from 1023 to 1031
Skipped Seq from 1031 to 1035
Skipped Seq from 1035 to 1040
Skipped Seq from 1040 to 1042
Skipped Seq from 1042 to 1044
Skipped Seq from 1044 to 1059
Skipped Seq from 1059 to 1063
Skipped Seq from 1063 to 1065
Skipped Seq from 1065 to 1067
Skipped Seq from 1067 to 1069
Skipped Seq from 1069 to 1085
Skipped Seq from 1085 to 1087
Skipped Seq from 1087 to 1096
Skipped Seq from 1097 to 1100
Skipped Seq from 1100 to 1110
Skipped Seq from 1110 to 1115
Skipped Seq from 1115 to 1131
Skipped Seq from 1131 to 1133
Skipped Seq from 1133 to 1138
Skipped Seq from 1139 to 1141
Skipped Seq from 1141 to 1146
Skipped Seq from 1146 to 1148
Skipped Seq from 1149 to 1163
Skipped Seq from 1163 to 1175
Skipped Seq from 1175 to 1180
Skipped Seq from 1180 to 1185
Skipped Seq from 1185 to 1194
Skipped Seq from 1194 to 1196
Skipped Seq from 1196 to 1199
Skipped Seq from 1200 to 1207
Skipped Seq from 1208 to 1214
Skipped Seq from 1214 to 1229
Skipped Seq from 1229 to 1231
Skipped Seq from 1231 to 1236
Skipped Seq from 1236 to 1238
Skipped Seq from 1239 to 1247
Skipped Seq from 1247 to 1251
Skipped Seq from 1251 to 1261
Skipped Seq from 1261 to 1263
Skipped Seq from 1263 to 1265
Skipped Seq from 1265 to 1273
Skipped Seq from 1273 to 1275
Skipped Seq from 1276 to 1284
Skipped Seq from 1284 to 1286
Skipped Seq from 1286 to 1288
Skipped Seq from 1288 to 1300
Skipped Seq from 1300 to 1314
Skipped Seq from 1314 to 1317
Skipped Seq from 1317 to 1321
Skipped Seq from 1321 to 1327
Skipped Seq from 1328 to 1333
Skipped Seq from 1333 to 1338
Skipped Seq from 1338 to 1346
Skipped Seq from 1346 to 1348
Skipped Seq from 1348 to 1351
Skipped Seq from 1352 to 1355
Skipped Seq from 1355 to 1357
Skipped Seq from 1358 to 1360
Skipped Seq from 1360 to 1362
Skipped Seq from 1362 to 1364
Skipped Seq from 1364 to 1368
Skipped Seq from 1368 to 1370
Skipped Seq from 1370 to 1375
Skipped Seq from 1376 to 1379
Skipped Seq from 1379 to 1381
Skipped Seq from 1381 to 1383
Skipped Seq from 1383 to 1385
Skipped Seq from 1385 to 1387
Skipped Seq from 1387 to 1389
Skipped Seq from 1389 to 1392
Skipped Seq from 1392 to 1401
Skipped Seq from 1401 to 1403
Skipped Seq from 1403 to 1406
Skipped Seq from 1406 to 1408
Skipped Seq from 1409 to 1411
Skipped Seq from 1411 to 1434
Skipped Seq from 1434 to 1436
Skipped Seq from 1437 to 1441
Skipped Seq from 1441 to 1443
Skipped Seq from 1443 to 1445
Skipped Seq from 1445 to 1447
Skipped Seq from 1447 to 1452
Skipped Seq from 1452 to 1454
Skipped Seq from 1454 to 1458
Skipped Seq from 1458 to 1460
Skipped Seq from 1460 to 1463
Skipped Seq from 1463 to 1469
Skipped Seq from 1469 to 1473
Skipped Seq from 1473 to 1475
Skipped Seq from 1475 to 1479
Skipped Seq from 1479 to 1482
Skipped Seq from 1482 to 1484
Skipped Seq from 1484 to 1486
Skipped Seq from 1486 to 1488
Skipped Seq from 1488 to 1490
Skipped Seq from 1490 to 1493
Skipped Seq from 1493 to 1499
Skipped Seq from 1499 to 1507
Skipped Seq from 1507 to 1509
Skipped Seq from 1509 to 1515
Skipped Seq from 1515 to 1517
Skipped Seq from 1517 to 1525
Skipped Seq from 1525 to 1527
Skipped Seq from 1527 to 1529
Skipped Seq from 1529 to 1531
Skipped Seq from 1532 to 1537
Skipped Seq from 1537 to 1542
Skipped Seq from 1542 to 1547
Skipped Seq from 1547 to 1551
Skipped Seq from 1552 to 1556
Skipped Seq from 1557 to 1568
Skipped Seq from 1569 to 1571
Skipped Seq from 1571 to 1576
Skipped Seq from 1577 to 1583
Skipped Seq from 1583 to 1586
Skipped Seq from 1586 to 1589
Skipped Seq from 1589 to 1591
Skipped Seq from 1591 to 1600
Skipped Seq from 1600 to 1604
Skipped Seq from 1604 to 1606
Skipped Seq from 1606 to 1611
Skipped Seq from 1611 to 1614
Skipped Seq from 1614 to 1623
Skipped Seq from 1624 to 1629
Skipped Seq from 1631 to 1635
Skipped Seq from 1635 to 1641
Skipped Seq from 1641 to 1676
Skipped Seq from 1676 to 1682
Skipped Seq from 1682 to 1686
Skipped Seq from 1686 to 1690
Skipped Seq from 1690 to 1699
Skipped Seq from 1700 to 1702
Skipped Seq from 1703 to 1706
Skipped Seq from 1706 to 1712
Skipped Seq from 1713 to 1715
Skipped Seq from 1715 to 1718
Skipped Seq from 1718 to 1726
Skipped Seq from 1726 to 1729
Skipped Seq from 1729 to 1735
Skipped Seq from 1735 to 1737
Skipped Seq from 1737 to 1739
Skipped Seq from 1739 to 1749
Skipped Seq from 1750 to 1753
Skipped Seq from 1753 to 1755
Skipped Seq from 1755 to 1758
Skipped Seq from 1759 to 1761
Skipped Seq from 1761 to 1767
Skipped Seq from 1767 to 1771
Skipped Seq from 1771 to 1778
Skipped Seq from 1778 to 1781
Skipped Seq from 1783 to 1798
Skipped Seq from 1798 to 1807
Skipped Seq from 1807 to 1810
Skipped Seq from 1811 to 1814
Skipped Seq from 1814 to 1818
Skipped Seq from 1818 to 1820
Skipped Seq from 1820 to 1828
Skipped Seq from 1828 to 1837
Skipped Seq from 1837 to 1839
Skipped Seq from 1839 to 1841
Skipped Seq from 1841 to 1844
Skipped Seq from 1844 to 1850
Skipped Seq from 1850 to 1852
Skipped Seq from 1852 to 1854
Skipped Seq from 1854 to 1897
Skipped Seq from 1897 to 1900
Skipped Seq from 1900 to 1903
Skipped Seq from 1903 to 1915
Skipped Seq from 1915 to 1921
Skipped Seq from 1921 to 1923
Skipped Seq from 1923 to 1925
Skipped Seq from 1925 to 1934
Skipped Seq from 1934 to 1940
Skipped Seq from 1940 to 1949
Skipped Seq from 1949 to 1962
Skipped Seq from 1962 to 1975
Skipped Seq from 1975 to 1982
Skipped Seq from 1982 to 1992
Skipped Seq from 1993 to 1995
Skipped Seq from 1995 to 1998
Skipped Seq from 1999 to 2001
Skipped Seq from 2001 to 2005
Skipped Seq from 2005 to 2007
Skipped Seq from 2007 to 2011
Skipped Seq from 2011 to 2018
Skipped Seq from 2018 to 2020
Skipped Seq from 2020 to 2022
Skipped Seq from 2022 to 2024
Skipped Seq from 2024 to 2028
Skipped Seq from 2028 to 2031
Skipped Seq from 2033 to 2038
Skipped Seq from 2039 to 2041
Skipped Seq from 2041 to 2049
Skipped Seq from 2049 to 2051
Skipped Seq from 2051 to 2053
Skipped Seq from 2053 to 2055
Skipped Seq from 2056 to 2059
Skipped Seq from 2059 to 2061
Skipped Seq from 2061 to 2066
Skipped Seq from 2066 to 2068
Skipped Seq from 2068 to 2070
Skipped Seq from 2070 to 2073
Skipped Seq from 2073 to 2075
Skipped Seq from 2075 to 2077
Skipped Seq from 2077 to 2080
Skipped Seq from 2080 to 2082
Skipped Seq from 2082 to 2084
Skipped Seq from 2084 to 2089
Skipped Seq from 2089 to 2091
Skipped Seq from 2091 to 2093
Skipped Seq from 2093 to 2095
Skipped Seq from 2096 to 2098
Skipped Seq from 2098 to 2100
Skipped Seq from 2100 to 2105
Skipped Seq from 2108 to 2117
Skipped Seq from 2117 to 2120
Skipped Seq from 2120 to 2128
Skipped Seq from 2128 to 2131
Skipped Seq from 2131 to 2133
Skipped Seq from 2133 to 2135
Skipped Seq from 2135 to 2142
Skipped Seq from 2142 to 2145
Skipped Seq from 2145 to 2148
Skipped Seq from 2149 to 2155
Skipped Seq from 2155 to 2157
Skipped Seq from 2157 to 2161
Skipped Seq from 2161 to 2164
Skipped Seq from 2164 to 2171
Skipped Seq from 2171 to 2176
Skipped Seq from 2176 to 2178
Skipped Seq from 2178 to 2181
Skipped Seq from 2181 to 2184
Skipped Seq from 2185 to 2187
Skipped Seq from 2187 to 2189
Skipped Seq from 2189 to 2191
Skipped Seq from 2191 to 2193
Skipped Seq from 2193 to 2195
Skipped Seq from 2195 to 2197
Skipped Seq from 2197 to 2201
Skipped Seq from 2201 to 2209
Skipped Seq from 2209 to 2220
Skipped Seq from 2220 to 2225
Skipped Seq from 2225 to 2239
Skipped Seq from 2239 to 2244
Skipped Seq from 2244 to 2250
Skipped Seq from 2250 to 2252
Skipped Seq from 2252 to 2254
Skipped Seq from 2254 to 2259
Skipped Seq from 2259 to 2262
Skipped Seq from 2262 to 2264
Skipped Seq from 2264 to 2267
Skipped Seq from 2267 to 2269
Skipped Seq from 2269 to 2271
Skipped Seq from 2271 to 2273
Skipped Seq from 2273 to 2276
Skipped Seq from 2277 to 2279
Skipped Seq from 2279 to 2281
Skipped Seq from 2281 to 2284
Skipped Seq from 2284 to 2286
Skipped Seq from 2287 to 2295
Skipped Seq from 2295 to 2299
Skipped Seq from 2299 to 2313
Skipped Seq from 2313 to 2316
Skipped Seq from 2316 to 2319
Skipped Seq from 2319 to 2322
Skipped Seq from 2322 to 2325
Skipped Seq from 2326 to 2328
Skipped Seq from 2328 to 2333
Skipped Seq from 2334 to 2337
Skipped Seq from 2337 to 2345
Skipped Seq from 2346 to 2351
Skipped Seq from 2351 to 2353
Skipped Seq from 2353 to 2355
Skipped Seq from 2355 to 2357
Skipped Seq from 2357 to 2359
Skipped Seq from 2359 to 2361
Skipped Seq from 2361 to 2363
Skipped Seq from 2363 to 2366
Skipped Seq from 2366 to 2369
Skipped Seq from 2369 to 2371
Skipped Seq from 2371 to 2377
Skipped Seq from 2377 to 2383
Skipped Seq from 2383 to 2399
Skipped Seq from 2399 to 2402
Skipped Seq from 2402 to 2408
Skipped Seq from 2408 to 2411
Skipped Seq from 2411 to 2413
Skipped Seq from 2413 to 2419
Skipped Seq from 2419 to 2425
Skipped Seq from 2425 to 2427
Skipped Seq from 2427 to 2429
Skipped Seq from 2430 to 2432
Skipped Seq from 2432 to 2435
Skipped Seq from 2436 to 2438
Skipped Seq from 2438 to 2445
Skipped Seq from 2446 to 2452
Skipped Seq from 2452 to 2459
Skipped Seq from 2459 to 2461
Skipped Seq from 2461 to 2463
Skipped Seq from 2463 to 2465
Skipped Seq from 2465 to 2468
Skipped Seq from 2469 to 2483
Skipped Seq from 2484 to 2486
Skipped Seq from 2486 to 2488
Skipped Seq from 2488 to 2492
Skipped Seq from 2492 to 2494
Skipped Seq from 2494 to 2497
Skipped Seq from 2497 to 2504
Skipped Seq from 2505 to 2510
Skipped Seq from 2510 to 2516
Skipped Seq from 2516 to 2519
Skipped Seq from 2519 to 2532
Skipped Seq from 2532 to 2534
Skipped Seq from 2534 to 2536
Skipped Seq from 2536 to 2539
Skipped Seq from 2539 to 2542
Skipped Seq from 2542 to 2553
Skipped Seq from 2553 to 2561
Skipped Seq from 2561 to 2563
Skipped Seq from 2564 to 2566
Skipped Seq from 2566 to 2568
Skipped Seq from 2568 to 2573
Skipped Seq from 2573 to 2575
Skipped Seq from 2576 to 2583
Skipped Seq from 2583 to 2586
Skipped Seq from 2586 to 2594
Skipped Seq from 2594 to 2608
Skipped Seq from 2610 to 2613
Skipped Seq from 2613 to 2620
Number of times throttled: 4
Received: 614 / 2625 packets
Start time: 1332841012.966488
End time: 1332841028.032749
Duration: 15.066261
