Starting client at 10.0.0.13:1270 with timeout:10
My IP address is 10.0.0.13Skipped Seq from 0 to 5
Skipped Seq from 5 to 20
Skipped Seq from 20 to 59
Skipped Seq from 59 to 66
Skipped Seq from 67 to 80
Skipped Seq from 80 to 82
Skipped Seq from 82 to 85
Skipped Seq from 85 to 89
Skipped Seq from 89 to 96
Skipped Seq from 96 to 105
Skipped Seq from 105 to 107
Skipped Seq from 107 to 109
Skipped Seq from 109 to 112
Skipped Seq from 112 to 134
Skipped Seq from 134 to 136
Skipped Seq from 136 to 138
Skipped Seq from 138 to 140
Skipped Seq from 140 to 143
Skipped Seq from 143 to 147
Skipped Seq from 147 to 149
Skipped Seq from 150 to 152
Skipped Seq from 152 to 154
Skipped Seq from 154 to 156
Skipped Seq from 156 to 158
Skipped Seq from 158 to 161
Skipped Seq from 161 to 166
Skipped Seq from 167 to 169
Skipped Seq from 170 to 175
Skipped Seq from 175 to 178
Skipped Seq from 178 to 180
Skipped Seq from 180 to 182
Skipped Seq from 182 to 196
Skipped Seq from 196 to 198
Skipped Seq from 199 to 202
Skipped Seq from 202 to 204
Skipped Seq from 204 to 206
Skipped Seq from 206 to 208
Skipped Seq from 208 to 217
Skipped Seq from 217 to 219
Skipped Seq from 219 to 224
Skipped Seq from 224 to 227
Skipped Seq from 227 to 231
Skipped Seq from 231 to 233
Skipped Seq from 233 to 239
Skipped Seq from 239 to 241
Skipped Seq from 241 to 250
Skipped Seq from 250 to 253
Skipped Seq from 253 to 257
Skipped Seq from 257 to 259
Skipped Seq from 259 to 263
Skipped Seq from 263 to 265
Skipped Seq from 265 to 270
Skipped Seq from 270 to 286
Skipped Seq from 286 to 291
Skipped Seq from 291 to 297
Skipped Seq from 297 to 310
Skipped Seq from 310 to 312
Skipped Seq from 312 to 316
Skipped Seq from 316 to 318
Skipped Seq from 318 to 320
Skipped Seq from 320 to 322
Skipped Seq from 322 to 326
Skipped Seq from 326 to 328
Skipped Seq from 328 to 330
Skipped Seq from 330 to 335
Skipped Seq from 335 to 339
Skipped Seq from 339 to 341
Skipped Seq from 341 to 347
Skipped Seq from 347 to 350
Skipped Seq from 351 to 353
Skipped Seq from 353 to 357
Skipped Seq from 357 to 367
Skipped Seq from 367 to 378
Skipped Seq from 378 to 380
Skipped Seq from 380 to 382
Skipped Seq from 382 to 391
Skipped Seq from 392 to 394
Skipped Seq from 394 to 400
Skipped Seq from 400 to 409
Skipped Seq from 409 to 411
Skipped Seq from 412 to 415
Skipped Seq from 415 to 417
Skipped Seq from 417 to 423
Skipped Seq from 423 to 428
Skipped Seq from 428 to 430
Skipped Seq from 431 to 445
Skipped Seq from 446 to 448
Skipped Seq from 448 to 450
Skipped Seq from 450 to 452
Skipped Seq from 452 to 455
Skipped Seq from 455 to 460
Skipped Seq from 460 to 467
Skipped Seq from 467 to 469
Skipped Seq from 470 to 475
Skipped Seq from 475 to 478
Skipped Seq from 478 to 482
Skipped Seq from 482 to 486
Skipped Seq from 487 to 489
Skipped Seq from 489 to 494
Skipped Seq from 494 to 496
Skipped Seq from 496 to 501
Skipped Seq from 501 to 504
Skipped Seq from 504 to 506
Skipped Seq from 506 to 509
Skipped Seq from 510 to 512
Skipped Seq from 512 to 517
Skipped Seq from 517 to 529
Skipped Seq from 530 to 532
Skipped Seq from 532 to 541
Skipped Seq from 541 to 543
Skipped Seq from 543 to 545
Skipped Seq from 545 to 547
Skipped Seq from 547 to 552
Skipped Seq from 552 to 557
Skipped Seq from 557 to 566
Skipped Seq from 566 to 574
Skipped Seq from 574 to 579
Skipped Seq from 579 to 582
Skipped Seq from 582 to 585
Skipped Seq from 585 to 587
Skipped Seq from 587 to 593
Skipped Seq from 593 to 595
Skipped Seq from 595 to 598
Skipped Seq from 598 to 600
Skipped Seq from 600 to 603
Skipped Seq from 603 to 613
Skipped Seq from 613 to 625
Skipped Seq from 626 to 636
Skipped Seq from 636 to 649
Skipped Seq from 649 to 652
Skipped Seq from 652 to 676
Skipped Seq from 676 to 682
Skipped Seq from 682 to 696
Skipped Seq from 696 to 699
Skipped Seq from 700 to 709
Skipped Seq from 709 to 711
Skipped Seq from 712 to 729
Skipped Seq from 729 to 732
Skipped Seq from 732 to 734
Skipped Seq from 734 to 736
Skipped Seq from 736 to 741
Skipped Seq from 741 to 747
Skipped Seq from 747 to 757
Skipped Seq from 757 to 783
Skipped Seq from 783 to 788
Skipped Seq from 788 to 790
Skipped Seq from 791 to 795
Skipped Seq from 795 to 811
Skipped Seq from 811 to 813
Skipped Seq from 813 to 816
Skipped Seq from 816 to 818
Skipped Seq from 818 to 821
Skipped Seq from 821 to 825
Skipped Seq from 825 to 827
Skipped Seq from 827 to 829
Skipped Seq from 829 to 831
Skipped Seq from 831 to 835
Skipped Seq from 835 to 837
Skipped Seq from 837 to 839
Skipped Seq from 840 to 842
Skipped Seq from 842 to 845
Skipped Seq from 845 to 850
Skipped Seq from 850 to 852
Skipped Seq from 853 to 857
Skipped Seq from 857 to 864
Skipped Seq from 864 to 867
Skipped Seq from 867 to 872
Skipped Seq from 872 to 874
Skipped Seq from 874 to 888
Skipped Seq from 888 to 899
Skipped Seq from 899 to 901
Skipped Seq from 901 to 912
Skipped Seq from 912 to 914
Skipped Seq from 916 to 924
Skipped Seq from 924 to 932
Skipped Seq from 932 to 934
Skipped Seq from 934 to 937
Skipped Seq from 937 to 944
Skipped Seq from 944 to 950
Skipped Seq from 950 to 958
Skipped Seq from 959 to 969
Skipped Seq from 969 to 972
Skipped Seq from 972 to 976
Skipped Seq from 976 to 981
Skipped Seq from 981 to 984
Skipped Seq from 984 to 995
Skipped Seq from 995 to 1003
Skipped Seq from 1003 to 1005
Skipped Seq from 1005 to 1007
Skipped Seq from 1007 to 1009
Skipped Seq from 1009 to 1015
Skipped Seq from 1015 to 1025
Skipped Seq from 1025 to 1027
Skipped Seq from 1027 to 1034
Skipped Seq from 1034 to 1041
Skipped Seq from 1041 to 1043
Skipped Seq from 1043 to 1048
Skipped Seq from 1048 to 1051
Skipped Seq from 1051 to 1054
Skipped Seq from 1054 to 1065
Skipped Seq from 1065 to 1067
Skipped Seq from 1068 to 1074
Skipped Seq from 1074 to 1076
Skipped Seq from 1076 to 1080
Skipped Seq from 1080 to 1086
Skipped Seq from 1087 to 1091
Skipped Seq from 1091 to 1102
Skipped Seq from 1102 to 1105
Skipped Seq from 1105 to 1107
Skipped Seq from 1107 to 1124
Skipped Seq from 1124 to 1127
Skipped Seq from 1127 to 1138
Skipped Seq from 1138 to 1149
Skipped Seq from 1149 to 1156
Skipped Seq from 1156 to 1158
Skipped Seq from 1158 to 1163
Skipped Seq from 1163 to 1167
Skipped Seq from 1167 to 1171
Skipped Seq from 1172 to 1176
Skipped Seq from 1176 to 1194
Skipped Seq from 1195 to 1199
Skipped Seq from 1199 to 1216
Skipped Seq from 1216 to 1223
Skipped Seq from 1223 to 1237
Skipped Seq from 1237 to 1242
Skipped Seq from 1242 to 1246
Skipped Seq from 1246 to 1250
Skipped Seq from 1250 to 1254
Skipped Seq from 1254 to 1257
Skipped Seq from 1257 to 1261
Skipped Seq from 1261 to 1268
Skipped Seq from 1268 to 1270
Skipped Seq from 1270 to 1272
Skipped Seq from 1272 to 1275
Skipped Seq from 1275 to 1284
Skipped Seq from 1284 to 1287
Skipped Seq from 1287 to 1289
Skipped Seq from 1290 to 1293
Skipped Seq from 1293 to 1309
Skipped Seq from 1309 to 1312
Skipped Seq from 1312 to 1321
Skipped Seq from 1321 to 1329
Skipped Seq from 1329 to 1336
Skipped Seq from 1336 to 1355
Skipped Seq from 1355 to 1357
Skipped Seq from 1357 to 1359
Skipped Seq from 1359 to 1367
Skipped Seq from 1367 to 1372
Skipped Seq from 1372 to 1374
Skipped Seq from 1374 to 1376
Skipped Seq from 1376 to 1378
Skipped Seq from 1378 to 1380
Skipped Seq from 1380 to 1383
Skipped Seq from 1383 to 1388
Skipped Seq from 1388 to 1390
Skipped Seq from 1390 to 1392
Skipped Seq from 1392 to 1406
Skipped Seq from 1406 to 1408
Skipped Seq from 1408 to 1410
Skipped Seq from 1410 to 1413
Skipped Seq from 1413 to 1418
Skipped Seq from 1418 to 1422
Skipped Seq from 1422 to 1425
Skipped Seq from 1426 to 1433
Skipped Seq from 1433 to 1435
Skipped Seq from 1435 to 1437
Skipped Seq from 1437 to 1446
Skipped Seq from 1446 to 1448
Skipped Seq from 1448 to 1450
Skipped Seq from 1450 to 1452
Skipped Seq from 1452 to 1465
Skipped Seq from 1466 to 1468
Skipped Seq from 1468 to 1470
Skipped Seq from 1470 to 1476
Skipped Seq from 1476 to 1480
Skipped Seq from 1480 to 1483
Skipped Seq from 1483 to 1489
Skipped Seq from 1489 to 1493
Skipped Seq from 1493 to 1510
Skipped Seq from 1510 to 1523
Skipped Seq from 1524 to 1530
Skipped Seq from 1530 to 1541
Skipped Seq from 1541 to 1545
Skipped Seq from 1545 to 1550
Skipped Seq from 1550 to 1553
Skipped Seq from 1553 to 1558
Skipped Seq from 1558 to 1560
Skipped Seq from 1560 to 1563
Skipped Seq from 1565 to 1570
Skipped Seq from 1570 to 1575
Skipped Seq from 1575 to 1582
Skipped Seq from 1582 to 1585
Skipped Seq from 1586 to 1625
Skipped Seq from 1625 to 1631
Skipped Seq from 1632 to 1634
Skipped Seq from 1634 to 1636
Skipped Seq from 1636 to 1648
Skipped Seq from 1648 to 1662
Skipped Seq from 1662 to 1667
Skipped Seq from 1667 to 1670
Skipped Seq from 1670 to 1674
Skipped Seq from 1674 to 1676
Skipped Seq from 1677 to 1686
Skipped Seq from 1686 to 1701
Skipped Seq from 1702 to 1704
Skipped Seq from 1704 to 1707
Skipped Seq from 1708 to 1713
Skipped Seq from 1713 to 1715
Skipped Seq from 1716 to 1719
Skipped Seq from 1720 to 1726
Skipped Seq from 1726 to 1729
Skipped Seq from 1729 to 1735
Skipped Seq from 1735 to 1739
Skipped Seq from 1739 to 1746
Skipped Seq from 1747 to 1765
Skipped Seq from 1765 to 1767
Skipped Seq from 1768 to 1773
Skipped Seq from 1773 to 1775
Skipped Seq from 1776 to 1788
Skipped Seq from 1788 to 1793
Skipped Seq from 1793 to 1796
Skipped Seq from 1796 to 1798
Skipped Seq from 1798 to 1811
Skipped Seq from 1811 to 1826
Skipped Seq from 1827 to 1829
Skipped Seq from 1829 to 1831
Skipped Seq from 1831 to 1833
Skipped Seq from 1833 to 1838
Skipped Seq from 1838 to 1844
Skipped Seq from 1845 to 1849
Skipped Seq from 1849 to 1853
Skipped Seq from 1854 to 1856
Skipped Seq from 1856 to 1862
Skipped Seq from 1862 to 1864
Skipped Seq from 1864 to 1869
Skipped Seq from 1869 to 1872
Skipped Seq from 1872 to 1875
Skipped Seq from 1875 to 1877
Skipped Seq from 1877 to 1879
Skipped Seq from 1879 to 1882
Skipped Seq from 1883 to 1893
Skipped Seq from 1893 to 1895
Skipped Seq from 1895 to 1901
Skipped Seq from 1901 to 1906
Skipped Seq from 1906 to 1908
Skipped Seq from 1908 to 1914
Skipped Seq from 1914 to 1923
Skipped Seq from 1923 to 1926
Skipped Seq from 1926 to 1930
Skipped Seq from 1930 to 1948
Skipped Seq from 1948 to 1953
Skipped Seq from 1953 to 1955
Skipped Seq from 1958 to 1960
Skipped Seq from 1960 to 1964
Skipped Seq from 1964 to 1968
Skipped Seq from 1969 to 1971
Skipped Seq from 1971 to 1975
Skipped Seq from 1977 to 1985
Skipped Seq from 1986 to 1988
Skipped Seq from 1989 to 1994
Skipped Seq from 1995 to 1998
Skipped Seq from 1998 to 2002
Skipped Seq from 2002 to 2005
Skipped Seq from 2005 to 2007
Skipped Seq from 2007 to 2009
Skipped Seq from 2010 to 2014
Skipped Seq from 2014 to 2030
Skipped Seq from 2030 to 2037
Skipped Seq from 2037 to 2043
Skipped Seq from 2043 to 2050
Skipped Seq from 2050 to 2052
Skipped Seq from 2053 to 2058
Skipped Seq from 2058 to 2063
Skipped Seq from 2063 to 2088
Skipped Seq from 2088 to 2097
Skipped Seq from 2097 to 2100
Skipped Seq from 2100 to 2104
Skipped Seq from 2104 to 2106
Skipped Seq from 2106 to 2112
Skipped Seq from 2114 to 2118
Skipped Seq from 2118 to 2122
Skipped Seq from 2122 to 2140
Skipped Seq from 2141 to 2147
Skipped Seq from 2147 to 2151
Skipped Seq from 2151 to 2153
Skipped Seq from 2153 to 2156
Skipped Seq from 2157 to 2165
Skipped Seq from 2166 to 2171
Skipped Seq from 2171 to 2175
Skipped Seq from 2176 to 2179
Skipped Seq from 2179 to 2181
Skipped Seq from 2181 to 2184
Skipped Seq from 2184 to 2187
Skipped Seq from 2187 to 2202
Skipped Seq from 2202 to 2213
Skipped Seq from 2213 to 2216
Skipped Seq from 2217 to 2221
Skipped Seq from 2222 to 2227
Skipped Seq from 2228 to 2235
Skipped Seq from 2235 to 2238
Skipped Seq from 2238 to 2241
Skipped Seq from 2242 to 2245
Skipped Seq from 2245 to 2248
Skipped Seq from 2248 to 2255
Skipped Seq from 2256 to 2258
Skipped Seq from 2258 to 2262
Skipped Seq from 2263 to 2265
Skipped Seq from 2266 to 2272
Skipped Seq from 2272 to 2274
Skipped Seq from 2275 to 2277
Skipped Seq from 2277 to 2294
Skipped Seq from 2297 to 2299
Skipped Seq from 2300 to 2311
Skipped Seq from 2314 to 2318
Skipped Seq from 2318 to 2338
Skipped Seq from 2338 to 2351
Skipped Seq from 2351 to 2353
Number of times throttled: 3
Received: 498 / 2355 packets
Start time: 1332841902.891905
End time: 1332841916.128982
Duration: 13.237077
