Starting client at 10.0.0.21:1282 with timeout:10
My IP address is 10.0.0.21Skipped Seq from 0 to 2
Skipped Seq from 2 to 6
Skipped Seq from 7 to 10
Skipped Seq from 10 to 25
Skipped Seq from 25 to 27
Skipped Seq from 27 to 29
Skipped Seq from 29 to 31
Skipped Seq from 31 to 34
Skipped Seq from 34 to 37
Skipped Seq from 37 to 39
Skipped Seq from 39 to 41
Skipped Seq from 41 to 45
Skipped Seq from 45 to 48
Skipped Seq from 48 to 58
Skipped Seq from 58 to 63
Skipped Seq from 64 to 66
Skipped Seq from 66 to 71
Skipped Seq from 71 to 85
Skipped Seq from 86 to 88
Skipped Seq from 88 to 93
Skipped Seq from 93 to 96
Skipped Seq from 96 to 105
Skipped Seq from 105 to 109
Skipped Seq from 109 to 111
Skipped Seq from 111 to 116
Skipped Seq from 116 to 118
Skipped Seq from 118 to 120
Skipped Seq from 120 to 122
Skipped Seq from 122 to 128
Skipped Seq from 128 to 130
Skipped Seq from 130 to 132
Skipped Seq from 132 to 134
Skipped Seq from 134 to 137
Skipped Seq from 137 to 139
Skipped Seq from 140 to 142
Skipped Seq from 142 to 145
Skipped Seq from 146 to 149
Skipped Seq from 150 to 158
Skipped Seq from 159 to 161
Skipped Seq from 161 to 167
Skipped Seq from 167 to 171
Skipped Seq from 171 to 173
Skipped Seq from 173 to 180
Skipped Seq from 181 to 186
Skipped Seq from 187 to 190
Skipped Seq from 190 to 203
Skipped Seq from 203 to 214
Skipped Seq from 214 to 216
Skipped Seq from 216 to 220
Skipped Seq from 220 to 223
Skipped Seq from 223 to 225
Skipped Seq from 225 to 229
Skipped Seq from 229 to 231
Skipped Seq from 231 to 233
Skipped Seq from 233 to 235
Skipped Seq from 235 to 241
Skipped Seq from 241 to 244
Skipped Seq from 244 to 248
Skipped Seq from 248 to 250
Skipped Seq from 251 to 258
Skipped Seq from 258 to 261
Skipped Seq from 261 to 265
Skipped Seq from 265 to 268
Skipped Seq from 268 to 270
Skipped Seq from 270 to 276
Skipped Seq from 276 to 278
Skipped Seq from 278 to 282
Skipped Seq from 282 to 287
Skipped Seq from 288 to 290
Skipped Seq from 290 to 300
Skipped Seq from 300 to 302
Skipped Seq from 302 to 306
Skipped Seq from 306 to 308
Skipped Seq from 309 to 324
Skipped Seq from 324 to 326
Skipped Seq from 326 to 328
Skipped Seq from 328 to 344
Skipped Seq from 344 to 349
Skipped Seq from 349 to 351
Skipped Seq from 352 to 354
Skipped Seq from 354 to 356
Skipped Seq from 358 to 364
Skipped Seq from 364 to 367
Skipped Seq from 368 to 374
Skipped Seq from 374 to 377
Skipped Seq from 377 to 379
Skipped Seq from 380 to 382
Skipped Seq from 383 to 387
Skipped Seq from 388 to 395
Skipped Seq from 396 to 399
Skipped Seq from 399 to 402
Skipped Seq from 403 to 405
Skipped Seq from 405 to 408
Skipped Seq from 408 to 410
Skipped Seq from 410 to 416
Skipped Seq from 416 to 424
Skipped Seq from 424 to 429
Skipped Seq from 429 to 438
Skipped Seq from 438 to 446
Skipped Seq from 446 to 455
Skipped Seq from 455 to 461
Skipped Seq from 461 to 466
Skipped Seq from 467 to 479
Skipped Seq from 480 to 484
Skipped Seq from 485 to 487
Skipped Seq from 487 to 490
Skipped Seq from 491 to 493
Skipped Seq from 493 to 497
Skipped Seq from 497 to 506
Skipped Seq from 506 to 516
Skipped Seq from 516 to 525
Skipped Seq from 525 to 532
Skipped Seq from 532 to 534
Skipped Seq from 534 to 538
Skipped Seq from 538 to 540
Skipped Seq from 541 to 543
Skipped Seq from 543 to 550
Skipped Seq from 550 to 557
Skipped Seq from 557 to 564
Skipped Seq from 564 to 575
Skipped Seq from 575 to 608
Skipped Seq from 608 to 610
Skipped Seq from 611 to 613
Skipped Seq from 613 to 623
Skipped Seq from 623 to 626
Skipped Seq from 626 to 628
Skipped Seq from 628 to 632
Skipped Seq from 634 to 637
Skipped Seq from 637 to 642
Skipped Seq from 643 to 654
Skipped Seq from 654 to 660
Skipped Seq from 660 to 664
Skipped Seq from 664 to 666
Skipped Seq from 666 to 679
Skipped Seq from 679 to 683
Number of times throttled: 0
Received: 167 / 696 packets
Start time: 1332842503.963421
End time: 1332842514.751477
Duration: 10.788056
