Starting client at 10.0.0.24:1275 with timeout:10
My IP address is 10.0.0.24Skipped Seq from 2 to 16
Skipped Seq from 16 to 31
Skipped Seq from 31 to 33
Skipped Seq from 34 to 42
Skipped Seq from 42 to 46
Skipped Seq from 46 to 56
Skipped Seq from 56 to 58
Skipped Seq from 58 to 61
Skipped Seq from 61 to 63
Skipped Seq from 64 to 66
Skipped Seq from 66 to 86
Skipped Seq from 87 to 90
Skipped Seq from 90 to 95
Skipped Seq from 96 to 98
Skipped Seq from 98 to 105
Skipped Seq from 105 to 115
Skipped Seq from 115 to 135
Skipped Seq from 135 to 138
Skipped Seq from 138 to 140
Skipped Seq from 140 to 149
Skipped Seq from 149 to 154
Skipped Seq from 155 to 159
Skipped Seq from 159 to 161
Skipped Seq from 161 to 163
Skipped Seq from 163 to 169
Skipped Seq from 169 to 174
Skipped Seq from 174 to 179
Skipped Seq from 179 to 186
Skipped Seq from 186 to 188
Skipped Seq from 188 to 194
Skipped Seq from 194 to 199
Skipped Seq from 199 to 209
Skipped Seq from 209 to 214
Skipped Seq from 214 to 224
Skipped Seq from 224 to 226
Skipped Seq from 226 to 229
Skipped Seq from 230 to 232
Skipped Seq from 233 to 238
Skipped Seq from 238 to 240
Skipped Seq from 240 to 245
Skipped Seq from 245 to 249
Skipped Seq from 251 to 253
Skipped Seq from 253 to 264
Skipped Seq from 264 to 267
Skipped Seq from 267 to 283
Skipped Seq from 283 to 300
Skipped Seq from 300 to 310
Skipped Seq from 310 to 313
Skipped Seq from 313 to 325
Skipped Seq from 325 to 328
Skipped Seq from 329 to 333
Skipped Seq from 334 to 336
Skipped Seq from 336 to 342
Skipped Seq from 342 to 344
Skipped Seq from 344 to 346
Skipped Seq from 346 to 350
Skipped Seq from 351 to 353
Skipped Seq from 353 to 357
Skipped Seq from 357 to 359
Skipped Seq from 359 to 362
Skipped Seq from 362 to 369
Skipped Seq from 369 to 377
Skipped Seq from 377 to 379
Skipped Seq from 379 to 386
Skipped Seq from 387 to 389
Skipped Seq from 389 to 399
Skipped Seq from 399 to 424
Skipped Seq from 424 to 439
Skipped Seq from 439 to 445
Skipped Seq from 445 to 447
Skipped Seq from 447 to 454
Skipped Seq from 454 to 465
Skipped Seq from 466 to 478
Skipped Seq from 478 to 495
Skipped Seq from 495 to 497
Skipped Seq from 497 to 499
Skipped Seq from 500 to 505
Skipped Seq from 505 to 518
Skipped Seq from 518 to 522
Skipped Seq from 523 to 533
Skipped Seq from 535 to 545
Skipped Seq from 546 to 552
Skipped Seq from 552 to 558
Skipped Seq from 560 to 576
Skipped Seq from 576 to 579
Skipped Seq from 579 to 581
Skipped Seq from 582 to 585
Skipped Seq from 585 to 590
Skipped Seq from 590 to 594
Skipped Seq from 594 to 609
Skipped Seq from 609 to 616
Skipped Seq from 616 to 620
Skipped Seq from 621 to 652
Skipped Seq from 652 to 659
Skipped Seq from 659 to 662
Skipped Seq from 662 to 664
Skipped Seq from 665 to 668
Skipped Seq from 668 to 671
Skipped Seq from 671 to 673
Skipped Seq from 673 to 675
Skipped Seq from 677 to 680
Skipped Seq from 680 to 684
Skipped Seq from 684 to 688
Skipped Seq from 688 to 694
Skipped Seq from 694 to 711
Skipped Seq from 711 to 719
Skipped Seq from 719 to 724
Skipped Seq from 724 to 727
Skipped Seq from 727 to 730
Skipped Seq from 730 to 732
Skipped Seq from 734 to 737
Skipped Seq from 737 to 744
Skipped Seq from 744 to 748
Skipped Seq from 748 to 753
Skipped Seq from 753 to 762
Skipped Seq from 762 to 766
Skipped Seq from 766 to 769
Skipped Seq from 769 to 774
Skipped Seq from 774 to 794
Skipped Seq from 794 to 806
Skipped Seq from 807 to 810
Skipped Seq from 810 to 813
Skipped Seq from 813 to 818
Skipped Seq from 818 to 824
Skipped Seq from 825 to 827
Skipped Seq from 830 to 833
Skipped Seq from 833 to 837
Skipped Seq from 837 to 841
Skipped Seq from 841 to 845
Skipped Seq from 848 to 850
Skipped Seq from 851 to 853
Skipped Seq from 859 to 878
Skipped Seq from 878 to 886
Skipped Seq from 886 to 890
Skipped Seq from 890 to 907
Skipped Seq from 908 to 911
Skipped Seq from 911 to 913
Skipped Seq from 914 to 927
Skipped Seq from 927 to 935
Skipped Seq from 939 to 942
Skipped Seq from 942 to 949
Skipped Seq from 949 to 954
Skipped Seq from 954 to 962
Skipped Seq from 963 to 966
Skipped Seq from 967 to 971
Skipped Seq from 971 to 982
Skipped Seq from 982 to 989
Skipped Seq from 989 to 994
Skipped Seq from 999 to 1007
Skipped Seq from 1011 to 1015
Skipped Seq from 1015 to 1021
Skipped Seq from 1022 to 1028
Skipped Seq from 1029 to 1035
Skipped Seq from 1037 to 1046
Skipped Seq from 1047 to 1051
Skipped Seq from 1052 to 1063
Skipped Seq from 1063 to 1079
Skipped Seq from 1080 to 1083
Skipped Seq from 1083 to 1090
Skipped Seq from 1090 to 1096
Skipped Seq from 1098 to 1107
Skipped Seq from 1108 to 1110
Skipped Seq from 1110 to 1112
Skipped Seq from 1113 to 1115
Skipped Seq from 1117 to 1119
Skipped Seq from 1122 to 1124
Skipped Seq from 1125 to 1131
Skipped Seq from 1134 to 1136
Skipped Seq from 1137 to 1139
Skipped Seq from 1140 to 1144
Skipped Seq from 1144 to 1151
Skipped Seq from 1151 to 1154
Skipped Seq from 1155 to 1157
Skipped Seq from 1158 to 1162
Skipped Seq from 1162 to 1167
Skipped Seq from 1167 to 1169
Skipped Seq from 1169 to 1175
Skipped Seq from 1175 to 1181
Skipped Seq from 1183 to 1188
Skipped Seq from 1188 to 1190
Skipped Seq from 1190 to 1193
Skipped Seq from 1193 to 1195
Skipped Seq from 1197 to 1199
Skipped Seq from 1199 to 1209
Skipped Seq from 1209 to 1214
Skipped Seq from 1215 to 1217
Skipped Seq from 1221 to 1223
Skipped Seq from 1223 to 1225
Skipped Seq from 1226 to 1229
Skipped Seq from 1233 to 1235
Skipped Seq from 1238 to 1241
Skipped Seq from 1243 to 1247
Skipped Seq from 1247 to 1251
Skipped Seq from 1257 to 1259
Skipped Seq from 1259 to 1264
Skipped Seq from 1264 to 1267
Skipped Seq from 1268 to 1272
Skipped Seq from 1272 to 1278
Skipped Seq from 1278 to 1283
Skipped Seq from 1283 to 1288
Skipped Seq from 1288 to 1294
Skipped Seq from 1297 to 1299
Skipped Seq from 1300 to 1302
Skipped Seq from 1302 to 1304
Skipped Seq from 1306 to 1308
Skipped Seq from 1308 to 1314
Skipped Seq from 1318 to 1320
Skipped Seq from 1320 to 1322
Skipped Seq from 1323 to 1326
Skipped Seq from 1329 to 1332
Skipped Seq from 1332 to 1341
Skipped Seq from 1342 to 1345
Skipped Seq from 1345 to 1352
Skipped Seq from 1352 to 1359
Skipped Seq from 1364 to 1368
Skipped Seq from 1368 to 1370
Skipped Seq from 1370 to 1372
Skipped Seq from 1375 to 1378
Skipped Seq from 1378 to 1381
Skipped Seq from 1383 to 1389
Skipped Seq from 1390 to 1394
Skipped Seq from 1396 to 1399
Skipped Seq from 1399 to 1413
Skipped Seq from 1413 to 1419
Skipped Seq from 1419 to 1425
Skipped Seq from 1426 to 1429
Skipped Seq from 1430 to 1436
Skipped Seq from 1436 to 1441
Skipped Seq from 1442 to 1445
Skipped Seq from 1445 to 1447
Skipped Seq from 1449 to 1460
Skipped Seq from 1464 to 1471
Skipped Seq from 1472 to 1481
Skipped Seq from 1481 to 1484
Skipped Seq from 1485 to 1488
Skipped Seq from 1488 to 1491
Skipped Seq from 1491 to 1499
Skipped Seq from 1499 to 1507
Skipped Seq from 1507 to 1509
Skipped Seq from 1512 to 1515
Skipped Seq from 1515 to 1519
Skipped Seq from 1519 to 1521
Skipped Seq from 1522 to 1525
Skipped Seq from 1528 to 1530
Skipped Seq from 1530 to 1533
Skipped Seq from 1533 to 1536
Skipped Seq from 1536 to 1540
Skipped Seq from 1540 to 1542
Skipped Seq from 1542 to 1548
Skipped Seq from 1554 to 1557
Skipped Seq from 1557 to 1559
Skipped Seq from 1559 to 1565
Skipped Seq from 1565 to 1570
Skipped Seq from 1570 to 1580
Skipped Seq from 1582 to 1584
Skipped Seq from 1584 to 1587
Skipped Seq from 1587 to 1592
Skipped Seq from 1592 to 1605
Skipped Seq from 1605 to 1608
Skipped Seq from 1608 to 1612
Skipped Seq from 1612 to 1620
Skipped Seq from 1621 to 1624
Skipped Seq from 1624 to 1628
Skipped Seq from 1628 to 1631
Skipped Seq from 1634 to 1638
Skipped Seq from 1640 to 1642
Skipped Seq from 1642 to 1651
Skipped Seq from 1651 to 1662
Skipped Seq from 1662 to 1670
Skipped Seq from 1671 to 1675
Skipped Seq from 1678 to 1687
Skipped Seq from 1687 to 1691
Skipped Seq from 1691 to 1695
Skipped Seq from 1697 to 1707
Skipped Seq from 1708 to 1723
Skipped Seq from 1723 to 1728
Skipped Seq from 1728 to 1735
Skipped Seq from 1735 to 1737
Skipped Seq from 1737 to 1749
Skipped Seq from 1750 to 1754
Skipped Seq from 1754 to 1756
Skipped Seq from 1758 to 1760
Skipped Seq from 1761 to 1767
Skipped Seq from 1767 to 1771
Skipped Seq from 1775 to 1790
Skipped Seq from 1790 to 1795
Skipped Seq from 1795 to 1797
Skipped Seq from 1797 to 1800
Skipped Seq from 1802 to 1809
Skipped Seq from 1810 to 1814
Skipped Seq from 1815 to 1820
Skipped Seq from 1821 to 1826
Skipped Seq from 1826 to 1832
Skipped Seq from 1832 to 1837
Skipped Seq from 1837 to 1839
Skipped Seq from 1842 to 1844
Skipped Seq from 1844 to 1846
Skipped Seq from 1850 to 1860
Skipped Seq from 1861 to 1866
Skipped Seq from 1866 to 1869
Skipped Seq from 1869 to 1871
Skipped Seq from 1872 to 1877
Skipped Seq from 1877 to 1888
Skipped Seq from 1888 to 1890
Skipped Seq from 1893 to 1896
Skipped Seq from 1897 to 1899
Skipped Seq from 1899 to 1905
Skipped Seq from 1905 to 1911
Skipped Seq from 1911 to 1920
Skipped Seq from 1920 to 1923
Skipped Seq from 1923 to 1926
Skipped Seq from 1928 to 1930
Skipped Seq from 1930 to 1933
Skipped Seq from 1933 to 1935
Skipped Seq from 1935 to 1937
Skipped Seq from 1937 to 1941
Skipped Seq from 1941 to 1944
Skipped Seq from 1947 to 1949
Skipped Seq from 1949 to 1952
Skipped Seq from 1952 to 1956
Skipped Seq from 1957 to 1960
Skipped Seq from 1960 to 1962
Skipped Seq from 1962 to 1969
Skipped Seq from 1972 to 1979
Skipped Seq from 1979 to 1981
Skipped Seq from 1981 to 1984
Skipped Seq from 1987 to 1995
Skipped Seq from 1996 to 1999
Skipped Seq from 1999 to 2004
Skipped Seq from 2005 to 2008
Skipped Seq from 2010 to 2016
Skipped Seq from 2017 to 2034
Skipped Seq from 2034 to 2036
Skipped Seq from 2038 to 2048
Skipped Seq from 2049 to 2058
Skipped Seq from 2058 to 2060
Skipped Seq from 2061 to 2066
Skipped Seq from 2066 to 2070
Skipped Seq from 2073 to 2077
Skipped Seq from 2077 to 2081
Skipped Seq from 2081 to 2083
Skipped Seq from 2084 to 2088
Skipped Seq from 2088 to 2091
Skipped Seq from 2092 to 2097
Skipped Seq from 2098 to 2102
Skipped Seq from 2102 to 2106
Skipped Seq from 2106 to 2116
Skipped Seq from 2116 to 2119
Skipped Seq from 2119 to 2121
Skipped Seq from 2121 to 2123
Skipped Seq from 2124 to 2130
Skipped Seq from 2130 to 2132
Skipped Seq from 2132 to 2143
Skipped Seq from 2143 to 2145
Skipped Seq from 2146 to 2150
Skipped Seq from 2155 to 2164
Skipped Seq from 2219 to 2240
Skipped Seq from 2241 to 2272
Skipped Seq from 2275 to 2277
Skipped Seq from 2277 to 2280
Skipped Seq from 2289 to 2295
Skipped Seq from 2295 to 2297
Skipped Seq from 2298 to 2306
Skipped Seq from 2306 to 2313
Skipped Seq from 2314 to 2316
Skipped Seq from 2316 to 2324
Skipped Seq from 2326 to 2329
Skipped Seq from 2330 to 2334
Skipped Seq from 2334 to 2337
Skipped Seq from 2338 to 2346
Skipped Seq from 2346 to 2350
Skipped Seq from 2350 to 2356
Skipped Seq from 2361 to 2367
Skipped Seq from 2368 to 2371
Skipped Seq from 2374 to 2403
Skipped Seq from 2403 to 2405
Skipped Seq from 2406 to 2420
Skipped Seq from 2422 to 2425
Skipped Seq from 2425 to 2434
Skipped Seq from 2434 to 2454
Skipped Seq from 2454 to 2459
Skipped Seq from 2459 to 2470
Skipped Seq from 2470 to 2474
Skipped Seq from 2476 to 2481
Skipped Seq from 2483 to 2493
Skipped Seq from 2497 to 2502
Skipped Seq from 2505 to 2510
Skipped Seq from 2511 to 2515
Skipped Seq from 2516 to 2523
Skipped Seq from 2523 to 2537
Skipped Seq from 2537 to 2540
Skipped Seq from 2540 to 2549
Skipped Seq from 2549 to 2551
Skipped Seq from 2551 to 2556
Skipped Seq from 2556 to 2572
Skipped Seq from 2580 to 2585
Skipped Seq from 2585 to 2593
Skipped Seq from 2595 to 2601
Skipped Seq from 2602 to 2604
Skipped Seq from 2606 to 2610
Skipped Seq from 2613 to 2620
Skipped Seq from 2620 to 2622
Skipped Seq from 2622 to 2629
Skipped Seq from 2630 to 2643
Skipped Seq from 2654 to 2661
Skipped Seq from 2665 to 2670
Skipped Seq from 2670 to 2675
Skipped Seq from 2677 to 2687
Skipped Seq from 2687 to 2692
Skipped Seq from 2695 to 2698
Skipped Seq from 2700 to 2705
Skipped Seq from 2705 to 2712
Skipped Seq from 2715 to 2720
Skipped Seq from 2726 to 2735
Skipped Seq from 2736 to 2740
Skipped Seq from 2741 to 2743
Skipped Seq from 2751 to 2765
Skipped Seq from 2766 to 2768
Skipped Seq from 2768 to 2777
Skipped Seq from 2778 to 2781
Skipped Seq from 2781 to 2788
Skipped Seq from 2788 to 2797
Skipped Seq from 2797 to 2800
Skipped Seq from 2803 to 2813
Skipped Seq from 2816 to 2824
Skipped Seq from 2829 to 2834
Skipped Seq from 2836 to 2838
Skipped Seq from 2839 to 2849
Skipped Seq from 2850 to 2852
Skipped Seq from 2852 to 2862
Skipped Seq from 2862 to 2879
Skipped Seq from 2879 to 2884
Skipped Seq from 2887 to 2891
Skipped Seq from 2894 to 2896
Skipped Seq from 2896 to 2900
Skipped Seq from 2901 to 2903
Skipped Seq from 2905 to 2915
Skipped Seq from 2915 to 2922
Skipped Seq from 2924 to 2928
Skipped Seq from 2928 to 2936
Skipped Seq from 2938 to 2947
Skipped Seq from 2949 to 2965
Skipped Seq from 2967 to 2975
Skipped Seq from 2975 to 2979
Skipped Seq from 2981 to 2985
Skipped Seq from 2988 to 2991
Skipped Seq from 2991 to 2999
Skipped Seq from 3000 to 3003
Skipped Seq from 3003 to 3008
Skipped Seq from 3032 to 3037
Skipped Seq from 3037 to 3043
Skipped Seq from 3046 to 3048
Skipped Seq from 3048 to 3050
Skipped Seq from 3050 to 3052
Skipped Seq from 3052 to 3054
Skipped Seq from 3054 to 3062
Skipped Seq from 3062 to 3066
Skipped Seq from 3066 to 3073
Skipped Seq from 3073 to 3075
Skipped Seq from 3085 to 3096
Skipped Seq from 3096 to 3099
Skipped Seq from 3123 to 3126
Skipped Seq from 3130 to 3132
Skipped Seq from 3134 to 3137
Skipped Seq from 3137 to 3139
Skipped Seq from 3145 to 3148
Skipped Seq from 3156 to 3159
Skipped Seq from 3159 to 3161
Skipped Seq from 3161 to 3163
Skipped Seq from 3168 to 3171
Skipped Seq from 3212 to 3214
Skipped Seq from 3218 to 3220
Skipped Seq from 3221 to 3223
Skipped Seq from 3228 to 3234
Skipped Seq from 3235 to 3237
Skipped Seq from 3238 to 3242
Skipped Seq from 3247 to 3249
Skipped Seq from 3249 to 3253
Skipped Seq from 3257 to 3259
Skipped Seq from 3267 to 3272
Skipped Seq from 3274 to 3280
Skipped Seq from 3284 to 3286
Skipped Seq from 3292 to 3295
Skipped Seq from 3299 to 3302
Skipped Seq from 3302 to 3304
Skipped Seq from 3308 to 3311
Skipped Seq from 3330 to 3332
Skipped Seq from 3333 to 3335
Skipped Seq from 3336 to 3339
Skipped Seq from 3342 to 3344
Skipped Seq from 3353 to 3355
Skipped Seq from 3355 to 3357
Skipped Seq from 3366 to 3368
Skipped Seq from 3380 to 3383
Skipped Seq from 5023 to 5029
Skipped Seq from 5031 to 5035
Skipped Seq from 5038 to 5043
Skipped Seq from 5044 to 5046
Skipped Seq from 5047 to 5053
Skipped Seq from 5054 to 5059
Skipped Seq from 5059 to 5070
Skipped Seq from 5071 to 5074
Skipped Seq from 5078 to 5082
Skipped Seq from 5083 to 5088
Skipped Seq from 5089 to 5093
Skipped Seq from 5094 to 5096
Skipped Seq from 5097 to 5108
Skipped Seq from 5109 to 5115
Skipped Seq from 5115 to 5120
Skipped Seq from 5121 to 5138
Skipped Seq from 5140 to 5145
Skipped Seq from 5147 to 5150
Skipped Seq from 5151 to 5154
Skipped Seq from 5156 to 5158
Skipped Seq from 5159 to 5161
Skipped Seq from 5161 to 5166
Skipped Seq from 5166 to 5168
Skipped Seq from 5170 to 5172
Skipped Seq from 5174 to 5178
Skipped Seq from 5179 to 5182
Skipped Seq from 5183 to 5187
Skipped Seq from 5187 to 5190
Skipped Seq from 5190 to 5197
Skipped Seq from 5198 to 5203
Skipped Seq from 5204 to 5209
Skipped Seq from 5209 to 5213
Skipped Seq from 5214 to 5219
Skipped Seq from 5221 to 5224
Skipped Seq from 5224 to 5251
Skipped Seq from 5252 to 5255
Skipped Seq from 5255 to 5257
Skipped Seq from 5257 to 5261
Skipped Seq from 5262 to 5266
Skipped Seq from 5267 to 5270
Skipped Seq from 5271 to 5273
Skipped Seq from 5273 to 5275
Skipped Seq from 5277 to 5279
Skipped Seq from 5280 to 5282
Skipped Seq from 5282 to 5284
Skipped Seq from 5284 to 5289
Skipped Seq from 5291 to 5295
Skipped Seq from 5296 to 5301
Skipped Seq from 5301 to 5304
Skipped Seq from 5304 to 5310
Skipped Seq from 5310 to 5314
Skipped Seq from 5314 to 5316
Skipped Seq from 5316 to 5319
Skipped Seq from 5319 to 5321
Skipped Seq from 5324 to 5327
Skipped Seq from 5330 to 5333
Skipped Seq from 5336 to 5349
Skipped Seq from 5350 to 5354
Skipped Seq from 5354 to 5358
Skipped Seq from 5359 to 5362
Skipped Seq from 5362 to 5364
Skipped Seq from 5365 to 5368
Skipped Seq from 5369 to 5374
Skipped Seq from 5374 to 5379
Skipped Seq from 5381 to 5383
Skipped Seq from 5388 to 5392
Skipped Seq from 5393 to 5399
Skipped Seq from 5400 to 5403
Skipped Seq from 5404 to 5412
Skipped Seq from 5416 to 5419
Skipped Seq from 5419 to 5421
Skipped Seq from 5421 to 5424
Skipped Seq from 5425 to 5440
Skipped Seq from 5440 to 5444
Skipped Seq from 5445 to 5448
Skipped Seq from 5450 to 5457
Skipped Seq from 5457 to 5464
Skipped Seq from 5465 to 5473
Skipped Seq from 5475 to 5478
Skipped Seq from 5478 to 5480
Skipped Seq from 5485 to 5490
Skipped Seq from 5491 to 5502
Skipped Seq from 5504 to 5510
Skipped Seq from 5510 to 5513
Skipped Seq from 5514 to 5519
Skipped Seq from 5521 to 5538
Skipped Seq from 5546 to 5555
Skipped Seq from 5555 to 5557
Skipped Seq from 5559 to 5561
Skipped Seq from 5568 to 5572
Skipped Seq from 5574 to 5577
Skipped Seq from 5577 to 5581
Skipped Seq from 5583 to 5585
Skipped Seq from 5585 to 5597
Skipped Seq from 5598 to 5601
Skipped Seq from 5601 to 5605
Skipped Seq from 5607 to 5618
Skipped Seq from 5618 to 5623
Skipped Seq from 5627 to 5630
Skipped Seq from 5632 to 5634
Skipped Seq from 5634 to 5636
Skipped Seq from 5637 to 5642
Skipped Seq from 5646 to 5653
Skipped Seq from 5654 to 5657
Skipped Seq from 5659 to 5664
Skipped Seq from 5666 to 5674
Skipped Seq from 5675 to 5678
Skipped Seq from 5680 to 5692
Skipped Seq from 5696 to 5699
Skipped Seq from 5699 to 5701
Skipped Seq from 5704 to 5709
Skipped Seq from 5709 to 5711
Skipped Seq from 5711 to 5719
Skipped Seq from 5721 to 5732
Skipped Seq from 5732 to 5734
Skipped Seq from 5734 to 5751
Skipped Seq from 5751 to 5754
Skipped Seq from 5758 to 5763
Skipped Seq from 5769 to 5771
Skipped Seq from 5774 to 5782
Skipped Seq from 5784 to 5787
Skipped Seq from 5787 to 5790
Skipped Seq from 5790 to 5792
Skipped Seq from 5794 to 5799
Skipped Seq from 5799 to 5804
Skipped Seq from 5804 to 5809
Skipped Seq from 5814 to 5830
Skipped Seq from 5831 to 5838
Skipped Seq from 5840 to 5846
Skipped Seq from 5846 to 5858
Skipped Seq from 5863 to 5876
Skipped Seq from 5877 to 5880
Skipped Seq from 5883 to 5885
Skipped Seq from 5890 to 5893
Skipped Seq from 5895 to 5902
Skipped Seq from 5902 to 5907
Skipped Seq from 5911 to 5917
Skipped Seq from 5917 to 5919
Skipped Seq from 5920 to 5926
Skipped Seq from 5927 to 5948
Skipped Seq from 5949 to 5952
Skipped Seq from 5952 to 5954
Skipped Seq from 5954 to 5957
Skipped Seq from 5958 to 5961
Skipped Seq from 5963 to 5967
Skipped Seq from 5967 to 5969
Skipped Seq from 5973 to 5978
Skipped Seq from 5978 to 5988
Skipped Seq from 5991 to 5994
Skipped Seq from 5994 to 5999
Skipped Seq from 6002 to 6006
Skipped Seq from 6009 to 6014
Skipped Seq from 6014 to 6018
Skipped Seq from 6021 to 6028
Skipped Seq from 6030 to 6032
Skipped Seq from 6033 to 6044
Skipped Seq from 6045 to 6048
Skipped Seq from 6050 to 6079
Skipped Seq from 6079 to 6085
Skipped Seq from 6087 to 6095
Skipped Seq from 6101 to 6106
Skipped Seq from 6106 to 6109
Skipped Seq from 6109 to 6117
Skipped Seq from 6117 to 6132
Skipped Seq from 6132 to 6136
Skipped Seq from 6136 to 6138
Skipped Seq from 6138 to 6140
Skipped Seq from 6141 to 6144
Skipped Seq from 6144 to 6149
Skipped Seq from 6149 to 6151
Skipped Seq from 6156 to 6159
Skipped Seq from 6160 to 6167
Skipped Seq from 6167 to 6171
Skipped Seq from 6174 to 6188
Skipped Seq from 6189 to 6191
Skipped Seq from 6191 to 6193
Skipped Seq from 6193 to 6197
Skipped Seq from 6199 to 6211
Skipped Seq from 6213 to 6231
Skipped Seq from 6232 to 6240
Skipped Seq from 6242 to 6244
Skipped Seq from 6245 to 6248
Skipped Seq from 6248 to 6250
Skipped Seq from 6250 to 6252
Skipped Seq from 6252 to 6254
Skipped Seq from 6255 to 6260
Skipped Seq from 6261 to 6265
Skipped Seq from 6266 to 6271
Skipped Seq from 6271 to 6273
Skipped Seq from 6275 to 6277
Skipped Seq from 6277 to 6280
Skipped Seq from 6283 to 6285
Skipped Seq from 6285 to 6287
Skipped Seq from 6288 to 6293
Skipped Seq from 6293 to 6296
Skipped Seq from 6297 to 6301
Skipped Seq from 6301 to 6305
Skipped Seq from 6307 to 6315
Skipped Seq from 6315 to 6330
Skipped Seq from 6332 to 6335
Skipped Seq from 6335 to 6337
Skipped Seq from 6337 to 6344
Skipped Seq from 6349 to 6353
Skipped Seq from 6353 to 6355
Skipped Seq from 6360 to 6365
Skipped Seq from 6370 to 6374
Skipped Seq from 6376 to 6378
Skipped Seq from 6378 to 6380
Skipped Seq from 6380 to 6382
Skipped Seq from 6382 to 6394
Skipped Seq from 6397 to 6399
Skipped Seq from 6399 to 6402
Skipped Seq from 6404 to 6406
Skipped Seq from 6406 to 6410
Skipped Seq from 6410 to 6420
Skipped Seq from 6422 to 6428
Skipped Seq from 6429 to 6444
Skipped Seq from 6445 to 6447
Skipped Seq from 6447 to 6450
Skipped Seq from 6464 to 6466
Skipped Seq from 6470 to 6475
Skipped Seq from 6475 to 6479
Skipped Seq from 6479 to 6495
Skipped Seq from 6497 to 6500
Skipped Seq from 6500 to 6503
Skipped Seq from 6503 to 6506
Skipped Seq from 6514 to 6517
Skipped Seq from 6517 to 6553
Skipped Seq from 6553 to 6560
Skipped Seq from 6561 to 6568
Skipped Seq from 6570 to 6575
Skipped Seq from 6575 to 6585
Skipped Seq from 6585 to 6595
Skipped Seq from 6599 to 6604
Skipped Seq from 6607 to 6614
Skipped Seq from 6614 to 6619
Skipped Seq from 6619 to 6621
Skipped Seq from 6621 to 6625
Skipped Seq from 6630 to 6682
Skipped Seq from 6691 to 6697
Skipped Seq from 6699 to 6702
Skipped Seq from 6703 to 6707
Skipped Seq from 6710 to 6713
Skipped Seq from 6716 to 6722
Skipped Seq from 6722 to 6729
Skipped Seq from 6731 to 6734
Skipped Seq from 6734 to 6738
Skipped Seq from 6738 to 6741
Skipped Seq from 6742 to 6747
Skipped Seq from 6749 to 6751
Skipped Seq from 6753 to 6760
Skipped Seq from 6764 to 6772
Skipped Seq from 6772 to 6775
Skipped Seq from 6775 to 6780
Skipped Seq from 6781 to 6789
Skipped Seq from 6790 to 6794
Skipped Seq from 6794 to 6802
Skipped Seq from 6802 to 6807
Skipped Seq from 6808 to 6813
Skipped Seq from 6816 to 6823
Skipped Seq from 6825 to 6829
Skipped Seq from 6829 to 6833
Skipped Seq from 6833 to 6847
Skipped Seq from 6847 to 6858
Skipped Seq from 6859 to 6861
Number of times throttled: 6
Received: 3432 / 6864 packets
Start time: 1332842130.078202
End time: 1332842148.878821
Duration: 18.800619
