Starting client at 10.0.0.19:1237 with timeout:10
My IP address is 10.0.0.19Skipped Seq from 8 to 11
Recovered out of order packet from 24 to 9
Recovered out of order packet from 24 to 10
Skipped Seq from 804 to 806
Skipped Seq from 807 to 810
Skipped Seq from 810 to 816
Skipped Seq from 816 to 825
Skipped Seq from 825 to 831
Skipped Seq from 832 to 838
Skipped Seq from 841 to 843
Skipped Seq from 844 to 848
Skipped Seq from 848 to 857
Skipped Seq from 857 to 859
Skipped Seq from 861 to 865
Skipped Seq from 866 to 869
Skipped Seq from 872 to 875
Skipped Seq from 875 to 877
Skipped Seq from 877 to 879
Skipped Seq from 881 to 885
Skipped Seq from 885 to 888
Skipped Seq from 889 to 892
Skipped Seq from 893 to 899
Skipped Seq from 900 to 908
Skipped Seq from 911 to 924
Skipped Seq from 924 to 926
Skipped Seq from 926 to 931
Skipped Seq from 931 to 940
Skipped Seq from 940 to 945
Skipped Seq from 949 to 951
Skipped Seq from 953 to 957
Skipped Seq from 957 to 959
Skipped Seq from 959 to 963
Skipped Seq from 964 to 966
Skipped Seq from 966 to 970
Skipped Seq from 972 to 976
Skipped Seq from 976 to 982
Skipped Seq from 983 to 987
Skipped Seq from 987 to 996
Skipped Seq from 997 to 999
Skipped Seq from 999 to 1001
Skipped Seq from 1004 to 1006
Skipped Seq from 1006 to 1009
Skipped Seq from 1010 to 1015
Skipped Seq from 1015 to 1018
Skipped Seq from 1018 to 1023
Skipped Seq from 1025 to 1029
Skipped Seq from 1032 to 1037
Skipped Seq from 1038 to 1040
Skipped Seq from 1040 to 1042
Skipped Seq from 1044 to 1049
Skipped Seq from 1050 to 1056
Skipped Seq from 1056 to 1060
Skipped Seq from 1060 to 1062
Skipped Seq from 1063 to 1065
Skipped Seq from 1068 to 1070
Skipped Seq from 1070 to 1078
Skipped Seq from 1081 to 1083
Skipped Seq from 1083 to 1085
Skipped Seq from 1085 to 1090
Skipped Seq from 1091 to 1099
Skipped Seq from 1101 to 1103
Skipped Seq from 1103 to 1105
Skipped Seq from 1108 to 1119
Skipped Seq from 1119 to 1122
Skipped Seq from 1122 to 1127
Skipped Seq from 1129 to 1131
Skipped Seq from 1131 to 1138
Skipped Seq from 1139 to 1154
Skipped Seq from 1154 to 1156
Skipped Seq from 1157 to 1161
Skipped Seq from 1165 to 1167
Skipped Seq from 1167 to 1182
Skipped Seq from 1186 to 1189
Skipped Seq from 1192 to 1201
Skipped Seq from 1201 to 1204
Skipped Seq from 1206 to 1209
Skipped Seq from 1212 to 1214
Skipped Seq from 1219 to 1231
Skipped Seq from 1231 to 1233
Skipped Seq from 1235 to 1248
Skipped Seq from 1248 to 1250
Skipped Seq from 1252 to 1256
Skipped Seq from 1256 to 1261
Skipped Seq from 1261 to 1263
Skipped Seq from 1263 to 1269
Skipped Seq from 1269 to 1271
Skipped Seq from 1271 to 1278
Skipped Seq from 1279 to 1281
Skipped Seq from 1281 to 1284
Skipped Seq from 1286 to 1288
Skipped Seq from 1288 to 1290
Skipped Seq from 1290 to 1295
Skipped Seq from 1295 to 1297
Skipped Seq from 1298 to 1303
Skipped Seq from 1303 to 1310
Skipped Seq from 1310 to 1313
Skipped Seq from 1315 to 1321
Skipped Seq from 1323 to 1326
Skipped Seq from 1326 to 1329
Skipped Seq from 1329 to 1333
Skipped Seq from 1334 to 1344
Skipped Seq from 1348 to 1350
Skipped Seq from 1350 to 1356
Skipped Seq from 1357 to 1361
Skipped Seq from 1361 to 1363
Skipped Seq from 1363 to 1367
Skipped Seq from 1368 to 1370
Skipped Seq from 1371 to 1374
Skipped Seq from 1374 to 1376
Skipped Seq from 1376 to 1378
Skipped Seq from 1380 to 1382
Skipped Seq from 1382 to 1384
Skipped Seq from 1386 to 1388
Skipped Seq from 1390 to 1395
Skipped Seq from 1395 to 1399
Skipped Seq from 1399 to 1414
Skipped Seq from 1414 to 1419
Skipped Seq from 1419 to 1423
Skipped Seq from 1423 to 1428
Skipped Seq from 1429 to 1436
Skipped Seq from 1436 to 1444
Skipped Seq from 1444 to 1454
Skipped Seq from 1454 to 1457
Skipped Seq from 1458 to 1462
Skipped Seq from 1466 to 1470
Skipped Seq from 1470 to 1472
Skipped Seq from 1472 to 1477
Skipped Seq from 1477 to 1480
Skipped Seq from 1480 to 1483
Skipped Seq from 1484 to 1488
Skipped Seq from 1488 to 1491
Skipped Seq from 1491 to 1495
Skipped Seq from 1500 to 1507
Skipped Seq from 1507 to 1511
Skipped Seq from 1511 to 1517
Skipped Seq from 1517 to 1520
Skipped Seq from 1520 to 1531
Skipped Seq from 1532 to 1535
Skipped Seq from 1537 to 1539
Skipped Seq from 1539 to 1541
Skipped Seq from 1546 to 1549
Skipped Seq from 1549 to 1551
Skipped Seq from 1555 to 1559
Skipped Seq from 1561 to 1563
Skipped Seq from 1563 to 1565
Skipped Seq from 1566 to 1569
Skipped Seq from 1570 to 1572
Skipped Seq from 1573 to 1576
Skipped Seq from 1577 to 1581
Skipped Seq from 1582 to 1587
Skipped Seq from 1588 to 1590
Skipped Seq from 1590 to 1593
Skipped Seq from 1593 to 1595
Skipped Seq from 1595 to 1597
Skipped Seq from 1597 to 1600
Skipped Seq from 1600 to 1603
Skipped Seq from 1603 to 1605
Skipped Seq from 1607 to 1610
Skipped Seq from 1613 to 1617
Skipped Seq from 1617 to 1627
Skipped Seq from 1628 to 1632
Skipped Seq from 1632 to 1634
Skipped Seq from 1634 to 1637
Skipped Seq from 1637 to 1640
Skipped Seq from 1640 to 1645
Skipped Seq from 1646 to 1650
Skipped Seq from 1652 to 1659
Skipped Seq from 1663 to 1666
Skipped Seq from 1666 to 1669
Skipped Seq from 1670 to 1672
Skipped Seq from 1672 to 1674
Skipped Seq from 1674 to 1678
Skipped Seq from 1679 to 1685
Skipped Seq from 1686 to 1690
Skipped Seq from 1691 to 1694
Skipped Seq from 1694 to 1697
Skipped Seq from 1697 to 1700
Skipped Seq from 1700 to 1703
Skipped Seq from 1707 to 1710
Skipped Seq from 1710 to 1713
Skipped Seq from 1715 to 1717
Skipped Seq from 1723 to 1725
Skipped Seq from 1725 to 1727
Skipped Seq from 1727 to 1730
Skipped Seq from 1731 to 1734
Skipped Seq from 1734 to 1736
Skipped Seq from 1736 to 1739
Skipped Seq from 1740 to 1746
Skipped Seq from 1746 to 1753
Skipped Seq from 1753 to 1758
Skipped Seq from 1758 to 1769
Skipped Seq from 1771 to 1774
Skipped Seq from 1774 to 1776
Skipped Seq from 1776 to 1778
Skipped Seq from 1780 to 1782
Skipped Seq from 1782 to 1784
Skipped Seq from 1786 to 1798
Skipped Seq from 1798 to 1805
Skipped Seq from 1806 to 1808
Skipped Seq from 1809 to 1819
Skipped Seq from 1820 to 1825
Skipped Seq from 1827 to 1829
Skipped Seq from 1831 to 1837
Skipped Seq from 1837 to 1841
Skipped Seq from 1845 to 1849
Skipped Seq from 1850 to 1852
Skipped Seq from 1852 to 1856
Skipped Seq from 1856 to 1866
Skipped Seq from 1868 to 1874
Skipped Seq from 1874 to 1877
Skipped Seq from 1878 to 1884
Skipped Seq from 1885 to 1887
Skipped Seq from 1887 to 1891
Skipped Seq from 1891 to 1893
Skipped Seq from 1897 to 1899
Skipped Seq from 1899 to 1901
Skipped Seq from 1901 to 1903
Skipped Seq from 1904 to 1908
Skipped Seq from 1908 to 1912
Skipped Seq from 1913 to 1919
Skipped Seq from 1920 to 1925
Skipped Seq from 1925 to 1928
Skipped Seq from 1928 to 1930
Skipped Seq from 1930 to 1939
Skipped Seq from 1939 to 1946
Skipped Seq from 1947 to 1950
Skipped Seq from 1950 to 1952
Skipped Seq from 1957 to 1961
Skipped Seq from 1964 to 1966
Skipped Seq from 1966 to 1972
Skipped Seq from 1972 to 1978
Skipped Seq from 1978 to 1983
Skipped Seq from 1984 to 1986
Skipped Seq from 1986 to 1988
Skipped Seq from 1988 to 1991
Skipped Seq from 1994 to 1997
Skipped Seq from 2000 to 2002
Skipped Seq from 2002 to 2004
Skipped Seq from 2006 to 2012
Skipped Seq from 2012 to 2019
Skipped Seq from 2019 to 2023
Skipped Seq from 2023 to 2027
Skipped Seq from 2027 to 2031
Skipped Seq from 2033 to 2038
Skipped Seq from 2038 to 2043
Skipped Seq from 2043 to 2045
Skipped Seq from 2045 to 2048
Skipped Seq from 2049 to 2053
Skipped Seq from 2053 to 2055
Skipped Seq from 2055 to 2063
Skipped Seq from 2063 to 2065
Skipped Seq from 2065 to 2068
Skipped Seq from 2069 to 2074
Skipped Seq from 2075 to 2077
Skipped Seq from 2077 to 2084
Skipped Seq from 2085 to 2091
Skipped Seq from 2091 to 2100
Skipped Seq from 2100 to 2103
Skipped Seq from 2104 to 2111
Skipped Seq from 2111 to 2113
Skipped Seq from 2113 to 2118
Skipped Seq from 2118 to 2126
Skipped Seq from 2128 to 2137
Skipped Seq from 2137 to 2139
Skipped Seq from 2141 to 2145
Skipped Seq from 2150 to 2155
Skipped Seq from 2156 to 2159
Skipped Seq from 2159 to 2163
Skipped Seq from 2163 to 2165
Skipped Seq from 2165 to 2168
Skipped Seq from 2169 to 2172
Skipped Seq from 2172 to 2178
Skipped Seq from 2178 to 2185
Skipped Seq from 2185 to 2188
Skipped Seq from 2188 to 2190
Skipped Seq from 2190 to 2193
Skipped Seq from 2193 to 2195
Skipped Seq from 2195 to 2199
Skipped Seq from 2199 to 2204
Skipped Seq from 2205 to 2211
Skipped Seq from 2211 to 2216
Skipped Seq from 2216 to 2218
Skipped Seq from 2218 to 2223
Skipped Seq from 2223 to 2225
Skipped Seq from 2225 to 2232
Skipped Seq from 2232 to 2237
Skipped Seq from 2237 to 2240
Skipped Seq from 2240 to 2243
Skipped Seq from 2244 to 2253
Skipped Seq from 2253 to 2258
Skipped Seq from 2258 to 2266
Skipped Seq from 2266 to 2271
Skipped Seq from 2271 to 2273
Skipped Seq from 2273 to 2279
Skipped Seq from 2279 to 2281
Skipped Seq from 2281 to 2284
Skipped Seq from 2284 to 2286
Skipped Seq from 2286 to 2290
Skipped Seq from 2290 to 2293
Skipped Seq from 2294 to 2303
Skipped Seq from 2303 to 2311
Skipped Seq from 2311 to 2319
Skipped Seq from 2319 to 2321
Skipped Seq from 2321 to 2323
Skipped Seq from 2323 to 2325
Skipped Seq from 2327 to 2337
Skipped Seq from 2337 to 2354
Skipped Seq from 2354 to 2365
Skipped Seq from 2365 to 2377
Skipped Seq from 2378 to 2387
Skipped Seq from 2387 to 2393
Skipped Seq from 2393 to 2396
Skipped Seq from 2396 to 2398
Skipped Seq from 2398 to 2400
Skipped Seq from 2401 to 2405
Skipped Seq from 2406 to 2408
Skipped Seq from 2408 to 2413
Skipped Seq from 2414 to 2421
Skipped Seq from 2422 to 2426
Skipped Seq from 2426 to 2428
Skipped Seq from 2429 to 2434
Skipped Seq from 2434 to 2437
Skipped Seq from 2437 to 2445
Skipped Seq from 2445 to 2448
Skipped Seq from 2448 to 2452
Skipped Seq from 2452 to 2455
Skipped Seq from 2455 to 2463
Skipped Seq from 2465 to 2468
Skipped Seq from 2469 to 2483
Skipped Seq from 2483 to 2485
Skipped Seq from 2487 to 2489
Skipped Seq from 2489 to 2493
Skipped Seq from 2493 to 2499
Skipped Seq from 2499 to 2501
Skipped Seq from 2501 to 2506
Skipped Seq from 2506 to 2517
Skipped Seq from 2518 to 2520
Skipped Seq from 2521 to 2523
Skipped Seq from 2523 to 2528
Skipped Seq from 2528 to 2530
Skipped Seq from 2530 to 2533
Skipped Seq from 2533 to 2535
Skipped Seq from 2535 to 2544
Skipped Seq from 2544 to 2547
Skipped Seq from 2547 to 2549
Skipped Seq from 2549 to 2551
Skipped Seq from 2551 to 2554
Skipped Seq from 2554 to 2568
Skipped Seq from 2568 to 2577
Skipped Seq from 2579 to 2581
Skipped Seq from 2581 to 2584
Skipped Seq from 2584 to 2586
Skipped Seq from 2586 to 2590
Skipped Seq from 2590 to 2594
Skipped Seq from 2594 to 2597
Skipped Seq from 2599 to 2601
Skipped Seq from 2601 to 2608
Skipped Seq from 2610 to 2613
Skipped Seq from 2614 to 2623
Skipped Seq from 2623 to 2626
Skipped Seq from 2628 to 2631
Skipped Seq from 2632 to 2639
Skipped Seq from 2639 to 2643
Skipped Seq from 2643 to 2650
Skipped Seq from 2650 to 2654
Skipped Seq from 2654 to 2656
Skipped Seq from 2656 to 2658
Skipped Seq from 2658 to 2665
Skipped Seq from 2672 to 2675
Skipped Seq from 2694 to 2696
Skipped Seq from 2696 to 2706
Skipped Seq from 2706 to 2708
Skipped Seq from 2708 to 2710
Skipped Seq from 2711 to 2723
Skipped Seq from 2723 to 2725
Skipped Seq from 2725 to 2738
Skipped Seq from 2738 to 2746
Skipped Seq from 2746 to 2751
Skipped Seq from 2751 to 2753
Skipped Seq from 2755 to 2757
Skipped Seq from 2760 to 2766
Skipped Seq from 2769 to 2771
Skipped Seq from 2771 to 2776
Skipped Seq from 2776 to 2782
Skipped Seq from 2782 to 2790
Skipped Seq from 2790 to 2794
Skipped Seq from 2795 to 2799
Skipped Seq from 2800 to 2812
Skipped Seq from 2812 to 2822
Skipped Seq from 2822 to 2824
Skipped Seq from 2832 to 2835
Skipped Seq from 2835 to 2838
Skipped Seq from 2840 to 2846
Skipped Seq from 2846 to 2848
Skipped Seq from 2848 to 2852
Skipped Seq from 2854 to 2857
Skipped Seq from 2857 to 2861
Skipped Seq from 2861 to 2870
Skipped Seq from 2871 to 2878
Skipped Seq from 2881 to 2885
Skipped Seq from 2889 to 2891
Skipped Seq from 2892 to 2896
Skipped Seq from 2896 to 2903
Skipped Seq from 2903 to 2908
Skipped Seq from 2908 to 2917
Skipped Seq from 2917 to 2919
Skipped Seq from 2919 to 2923
Skipped Seq from 2926 to 2930
Skipped Seq from 2932 to 2935
Skipped Seq from 2935 to 2937
Skipped Seq from 2937 to 2941
Skipped Seq from 2942 to 2946
Skipped Seq from 2946 to 2951
Skipped Seq from 2951 to 2954
Skipped Seq from 2954 to 2958
Skipped Seq from 2958 to 2968
Skipped Seq from 2968 to 2970
Skipped Seq from 2971 to 2976
Skipped Seq from 2976 to 2982
Skipped Seq from 2982 to 2984
Skipped Seq from 2985 to 2987
Skipped Seq from 2987 to 2992
Skipped Seq from 2992 to 2998
Skipped Seq from 2998 to 3003
Skipped Seq from 3004 to 3006
Skipped Seq from 3007 to 3009
Skipped Seq from 3014 to 3017
Skipped Seq from 3018 to 3022
Skipped Seq from 3023 to 3026
Skipped Seq from 3026 to 3028
Skipped Seq from 3028 to 3030
Skipped Seq from 3030 to 3033
Skipped Seq from 3033 to 3035
Skipped Seq from 3035 to 3038
Skipped Seq from 3038 to 3040
Skipped Seq from 3040 to 3045
Skipped Seq from 3045 to 3048
Skipped Seq from 3048 to 3050
Skipped Seq from 3050 to 3053
Skipped Seq from 3053 to 3059
Skipped Seq from 3060 to 3062
Skipped Seq from 3062 to 3065
Skipped Seq from 3066 to 3070
Skipped Seq from 3071 to 3074
Skipped Seq from 3074 to 3079
Skipped Seq from 3080 to 3082
Skipped Seq from 3082 to 3084
Skipped Seq from 3085 to 3087
Skipped Seq from 3087 to 3089
Skipped Seq from 3089 to 3094
Skipped Seq from 3095 to 3097
Skipped Seq from 3098 to 3104
Skipped Seq from 3105 to 3107
Skipped Seq from 3107 to 3112
Skipped Seq from 3113 to 3115
Skipped Seq from 3116 to 3118
Skipped Seq from 3119 to 3123
Skipped Seq from 3123 to 3133
Skipped Seq from 3134 to 3136
Skipped Seq from 3136 to 3140
Skipped Seq from 3141 to 3146
Skipped Seq from 3146 to 3158
Skipped Seq from 3158 to 3160
Skipped Seq from 3160 to 3162
Skipped Seq from 3162 to 3166
Skipped Seq from 3168 to 3171
Skipped Seq from 3172 to 3175
Skipped Seq from 3176 to 3182
Skipped Seq from 3182 to 3185
Skipped Seq from 3185 to 3191
Skipped Seq from 3191 to 3197
Skipped Seq from 3197 to 3199
Skipped Seq from 3200 to 3207
Skipped Seq from 3212 to 3214
Skipped Seq from 3214 to 3218
Skipped Seq from 3219 to 3225
Skipped Seq from 3225 to 3228
Skipped Seq from 3229 to 3235
Skipped Seq from 3235 to 3252
Skipped Seq from 3252 to 3254
Skipped Seq from 3260 to 3263
Skipped Seq from 3263 to 3265
Skipped Seq from 3265 to 3270
Skipped Seq from 3270 to 3272
Skipped Seq from 3275 to 3279
Skipped Seq from 3280 to 3285
Skipped Seq from 3285 to 3293
Skipped Seq from 3295 to 3297
Skipped Seq from 3299 to 3309
Skipped Seq from 3309 to 3311
Skipped Seq from 3313 to 3322
Skipped Seq from 3322 to 3328
Skipped Seq from 3328 to 3335
Skipped Seq from 3335 to 3337
Skipped Seq from 3338 to 3340
Skipped Seq from 3340 to 3345
Skipped Seq from 3345 to 3355
Skipped Seq from 3355 to 3360
Skipped Seq from 3360 to 3369
Skipped Seq from 3370 to 3374
Skipped Seq from 3375 to 3377
Skipped Seq from 3377 to 3384
Skipped Seq from 3385 to 3387
Skipped Seq from 3387 to 3392
Skipped Seq from 3392 to 3397
Skipped Seq from 3401 to 3403
Skipped Seq from 3403 to 3405
Skipped Seq from 3405 to 3407
Skipped Seq from 3407 to 3412
Skipped Seq from 3412 to 3425
Skipped Seq from 3426 to 3430
Skipped Seq from 3433 to 3442
Skipped Seq from 3442 to 3446
Skipped Seq from 3446 to 3449
Skipped Seq from 3450 to 3454
Skipped Seq from 3455 to 3457
Skipped Seq from 3458 to 3461
Skipped Seq from 3464 to 3466
Skipped Seq from 3468 to 3470
Skipped Seq from 3471 to 3475
Skipped Seq from 3475 to 3477
Skipped Seq from 3477 to 3483
Skipped Seq from 3483 to 3486
Skipped Seq from 3487 to 3491
Skipped Seq from 3491 to 3503
Skipped Seq from 3505 to 3507
Skipped Seq from 3507 to 3513
Skipped Seq from 3513 to 3538
Skipped Seq from 3538 to 3540
Skipped Seq from 3540 to 3543
Skipped Seq from 3543 to 3546
Skipped Seq from 3546 to 3553
Skipped Seq from 3553 to 3555
Skipped Seq from 3557 to 3559
Skipped Seq from 3559 to 3563
Skipped Seq from 3563 to 3567
Skipped Seq from 3572 to 3576
Skipped Seq from 3576 to 3582
Skipped Seq from 3582 to 3588
Skipped Seq from 3592 to 3594
Skipped Seq from 3598 to 3606
Skipped Seq from 3609 to 3613
Skipped Seq from 3613 to 3617
Skipped Seq from 3617 to 3619
Skipped Seq from 3619 to 3621
Skipped Seq from 3621 to 3623
Skipped Seq from 3624 to 3634
Skipped Seq from 3634 to 3637
Skipped Seq from 3637 to 3639
Skipped Seq from 3639 to 3641
Skipped Seq from 3641 to 3645
Skipped Seq from 3645 to 3647
Skipped Seq from 3647 to 3651
Skipped Seq from 3652 to 3655
Skipped Seq from 3655 to 3661
Skipped Seq from 3662 to 3674
Skipped Seq from 3674 to 3677
Skipped Seq from 3681 to 3683
Skipped Seq from 3683 to 3688
Skipped Seq from 3688 to 3701
Skipped Seq from 3701 to 3707
Skipped Seq from 3707 to 3714
Skipped Seq from 3714 to 3718
Skipped Seq from 3718 to 3720
Skipped Seq from 3720 to 3723
Skipped Seq from 3724 to 3726
Skipped Seq from 3726 to 3731
Skipped Seq from 3732 to 3740
Skipped Seq from 3740 to 3745
Skipped Seq from 3745 to 3748
Skipped Seq from 3749 to 3751
Skipped Seq from 3752 to 3767
Skipped Seq from 3767 to 3770
Skipped Seq from 3770 to 3776
Skipped Seq from 3776 to 3779
Skipped Seq from 3779 to 3791
Skipped Seq from 3793 to 3796
Skipped Seq from 3796 to 3799
Skipped Seq from 3799 to 3813
Skipped Seq from 3813 to 3819
Skipped Seq from 3819 to 3825
Skipped Seq from 3825 to 3827
Skipped Seq from 3830 to 3839
Skipped Seq from 3839 to 3842
Skipped Seq from 3843 to 3845
Skipped Seq from 3845 to 3857
Skipped Seq from 3859 to 3867
Skipped Seq from 3867 to 3872
Skipped Seq from 3872 to 3874
Skipped Seq from 3874 to 3877
Skipped Seq from 3877 to 3886
Skipped Seq from 3886 to 3899
Skipped Seq from 3899 to 3903
Skipped Seq from 3903 to 3910
Skipped Seq from 3910 to 3912
Skipped Seq from 3912 to 3925
Skipped Seq from 3927 to 3930
Skipped Seq from 3930 to 3938
Skipped Seq from 3938 to 3951
Skipped Seq from 3953 to 3955
Skipped Seq from 3955 to 3963
Skipped Seq from 3963 to 3971
Skipped Seq from 3971 to 3973
Skipped Seq from 3973 to 3975
Skipped Seq from 3975 to 3977
Skipped Seq from 3977 to 3982
Skipped Seq from 3982 to 3987
Skipped Seq from 3987 to 3989
Skipped Seq from 3989 to 3992
Skipped Seq from 3992 to 4000
Skipped Seq from 4000 to 4006
Skipped Seq from 4006 to 4008
Skipped Seq from 4008 to 4017
Skipped Seq from 4020 to 4023
Skipped Seq from 4023 to 4026
Skipped Seq from 4028 to 4035
Skipped Seq from 4036 to 4042
Skipped Seq from 4043 to 4053
Skipped Seq from 4053 to 4064
Skipped Seq from 4064 to 4069
Skipped Seq from 4070 to 4073
Skipped Seq from 4073 to 4082
Skipped Seq from 4082 to 4086
Skipped Seq from 4086 to 4088
Skipped Seq from 4089 to 4093
Skipped Seq from 4094 to 4099
Skipped Seq from 4099 to 4101
Skipped Seq from 4101 to 4107
Skipped Seq from 4107 to 4110
Skipped Seq from 4110 to 4114
Skipped Seq from 4114 to 4121
Skipped Seq from 4121 to 4123
Skipped Seq from 4123 to 4128
Skipped Seq from 4128 to 4130
Skipped Seq from 4130 to 4133
Skipped Seq from 4133 to 4137
Skipped Seq from 4137 to 4139
Skipped Seq from 4140 to 4142
Skipped Seq from 4142 to 4145
Skipped Seq from 4145 to 4147
Skipped Seq from 4147 to 4150
Skipped Seq from 4150 to 4160
Skipped Seq from 4161 to 4163
Skipped Seq from 4169 to 4172
Skipped Seq from 4178 to 4181
Skipped Seq from 4182 to 4184
Skipped Seq from 4184 to 4188
Skipped Seq from 4190 to 4192
Skipped Seq from 4192 to 4199
Skipped Seq from 4200 to 4202
Skipped Seq from 4202 to 4204
Skipped Seq from 4208 to 4212
Skipped Seq from 4212 to 4214
Skipped Seq from 4219 to 4221
Skipped Seq from 4223 to 4225
Skipped Seq from 4228 to 4231
Skipped Seq from 4231 to 4243
Skipped Seq from 4244 to 4256
Skipped Seq from 4256 to 4263
Skipped Seq from 4266 to 4269
Skipped Seq from 4275 to 4286
Skipped Seq from 4286 to 4289
Skipped Seq from 4289 to 4291
Skipped Seq from 4296 to 4301
Skipped Seq from 4301 to 4303
Skipped Seq from 4303 to 4305
Skipped Seq from 4305 to 4307
Skipped Seq from 4308 to 4312
Skipped Seq from 4312 to 4314
Skipped Seq from 4314 to 4316
Skipped Seq from 4316 to 4319
Skipped Seq from 4321 to 4323
Skipped Seq from 4323 to 4325
Skipped Seq from 4328 to 4332
Skipped Seq from 4332 to 4336
Skipped Seq from 4336 to 4340
Skipped Seq from 4340 to 4345
Skipped Seq from 4346 to 4348
Skipped Seq from 4348 to 4351
Skipped Seq from 4351 to 4356
Skipped Seq from 4356 to 4362
Skipped Seq from 4365 to 4367
Skipped Seq from 4369 to 4377
Skipped Seq from 4383 to 4393
Skipped Seq from 4397 to 4401
Skipped Seq from 4401 to 4403
Skipped Seq from 4403 to 4406
Skipped Seq from 4406 to 4409
Skipped Seq from 4409 to 4412
Skipped Seq from 4413 to 4417
Skipped Seq from 4419 to 4422
Skipped Seq from 4422 to 4425
Skipped Seq from 4428 to 4433
Skipped Seq from 4434 to 4436
Skipped Seq from 4436 to 4438
Skipped Seq from 4442 to 4445
Skipped Seq from 4447 to 4451
Skipped Seq from 4452 to 4455
Skipped Seq from 4456 to 4460
Skipped Seq from 4462 to 4465
Skipped Seq from 4465 to 4468
Skipped Seq from 4470 to 4475
Skipped Seq from 4477 to 4479
Skipped Seq from 4481 to 4483
Skipped Seq from 4483 to 4488
Skipped Seq from 4489 to 4492
Skipped Seq from 4494 to 4496
Skipped Seq from 4502 to 4504
Skipped Seq from 4508 to 4514
Skipped Seq from 4515 to 4518
Skipped Seq from 4520 to 4524
Skipped Seq from 4524 to 4527
Skipped Seq from 4527 to 4531
Skipped Seq from 4531 to 4535
Skipped Seq from 4535 to 4541
Skipped Seq from 4542 to 4548
Skipped Seq from 4549 to 4554
Skipped Seq from 4555 to 4557
Skipped Seq from 4558 to 4561
Skipped Seq from 4566 to 4573
Skipped Seq from 4574 to 4577
Skipped Seq from 4582 to 4584
Skipped Seq from 4589 to 4592
Skipped Seq from 4592 to 4595
Skipped Seq from 4600 to 4603
Skipped Seq from 4603 to 4605
Skipped Seq from 4606 to 4608
Skipped Seq from 4608 to 4611
Skipped Seq from 4612 to 4615
Skipped Seq from 4619 to 4622
Skipped Seq from 4622 to 4625
Skipped Seq from 4628 to 4630
Skipped Seq from 4631 to 4633
Skipped Seq from 4643 to 4646
Skipped Seq from 4647 to 4649
Skipped Seq from 4649 to 4653
Skipped Seq from 4653 to 4655
Skipped Seq from 4655 to 4657
Skipped Seq from 4661 to 4663
Skipped Seq from 4668 to 4671
Skipped Seq from 4671 to 4673
Skipped Seq from 4673 to 4676
Skipped Seq from 4685 to 4688
Skipped Seq from 4689 to 4691
Skipped Seq from 4691 to 4695
Skipped Seq from 4695 to 4698
Skipped Seq from 4701 to 4703
Skipped Seq from 4706 to 4708
Skipped Seq from 4708 to 4711
Skipped Seq from 4712 to 4716
Skipped Seq from 4723 to 4726
Skipped Seq from 4727 to 4731
Skipped Seq from 4740 to 4743
Skipped Seq from 4749 to 4753
Skipped Seq from 4768 to 4771
Skipped Seq from 4775 to 4780
Skipped Seq from 4785 to 4788
Skipped Seq from 4791 to 4793
Skipped Seq from 4796 to 4799
Skipped Seq from 4804 to 4806
Skipped Seq from 4806 to 4808
Skipped Seq from 4808 to 4812
Skipped Seq from 4839 to 4841
Skipped Seq from 4841 to 4844
Skipped Seq from 4844 to 4846
Skipped Seq from 4849 to 4852
Skipped Seq from 4852 to 4855
Skipped Seq from 4859 to 4862
Skipped Seq from 4863 to 4865
Skipped Seq from 4865 to 4868
Skipped Seq from 4868 to 4870
Skipped Seq from 4872 to 4875
Skipped Seq from 4877 to 4879
Skipped Seq from 4883 to 4887
Skipped Seq from 4892 to 4894
Skipped Seq from 4895 to 4898
Skipped Seq from 4902 to 4904
Skipped Seq from 4905 to 4907
Skipped Seq from 4907 to 4909
Skipped Seq from 4915 to 4917
Skipped Seq from 4917 to 4920
Skipped Seq from 4920 to 4922
Skipped Seq from 4925 to 4927
Skipped Seq from 4934 to 4936
Skipped Seq from 4936 to 4938
Skipped Seq from 4939 to 4941
Skipped Seq from 4941 to 4944
Skipped Seq from 4947 to 4951
Skipped Seq from 4957 to 4959
Skipped Seq from 4970 to 4972
Skipped Seq from 4973 to 4975
Skipped Seq from 4975 to 4978
Skipped Seq from 4979 to 4981
Skipped Seq from 4981 to 4983
Skipped Seq from 4987 to 4990
Skipped Seq from 4994 to 4997
Skipped Seq from 4997 to 5000
Skipped Seq from 5005 to 5008
Skipped Seq from 5009 to 5013
Skipped Seq from 5017 to 5019
Skipped Seq from 5019 to 5022
Skipped Seq from 5025 to 5027
Skipped Seq from 5046 to 5048
Skipped Seq from 5056 to 5058
Skipped Seq from 5058 to 5060
Skipped Seq from 5064 to 5066
Skipped Seq from 5072 to 5078
Skipped Seq from 5086 to 5089
Skipped Seq from 5089 to 5092
Skipped Seq from 5099 to 5102
Skipped Seq from 5108 to 5110
Skipped Seq from 5112 to 5114
Skipped Seq from 5115 to 5117
Skipped Seq from 5118 to 5120
Skipped Seq from 5124 to 5126
Skipped Seq from 5127 to 5129
Skipped Seq from 5133 to 5136
Skipped Seq from 5142 to 5145
Skipped Seq from 5147 to 5149
Skipped Seq from 5149 to 5153
Skipped Seq from 5163 to 5167
Skipped Seq from 5171 to 5174
Skipped Seq from 5180 to 5182
Skipped Seq from 5183 to 5185
Skipped Seq from 5186 to 5189
Skipped Seq from 5191 to 5194
Skipped Seq from 5202 to 5206
Skipped Seq from 5211 to 5213
Skipped Seq from 5215 to 5218
Skipped Seq from 5218 to 5221
Skipped Seq from 5222 to 5225
Skipped Seq from 5227 to 5229
Skipped Seq from 5231 to 5233
Skipped Seq from 5235 to 5239
Skipped Seq from 5241 to 5243
Skipped Seq from 5253 to 5257
Skipped Seq from 5260 to 5266
Skipped Seq from 5268 to 5271
Skipped Seq from 5273 to 5275
Skipped Seq from 5277 to 5282
Skipped Seq from 5286 to 5289
Skipped Seq from 5296 to 5299
Skipped Seq from 5312 to 5314
Skipped Seq from 5328 to 5336
Skipped Seq from 5338 to 5343
Skipped Seq from 5351 to 5354
Skipped Seq from 5356 to 5361
Skipped Seq from 5367 to 5372
Skipped Seq from 5376 to 5378
Number of times throttled: 5
Received: 7491 / 10206 packets
Start time: 1332841129.259316
End time: 1332841153.603924
Duration: 24.344608
