Starting client at 10.0.0.20:1284 with timeout:10
My IP address is 10.0.0.20Skipped Seq from 11 to 19
Skipped Seq from 19 to 21
Skipped Seq from 21 to 24
Skipped Seq from 24 to 28
Skipped Seq from 28 to 31
Skipped Seq from 31 to 34
Skipped Seq from 34 to 37
Skipped Seq from 37 to 43
Skipped Seq from 43 to 49
Skipped Seq from 49 to 54
Skipped Seq from 54 to 59
Skipped Seq from 60 to 64
Skipped Seq from 64 to 67
Skipped Seq from 67 to 69
Skipped Seq from 69 to 73
Skipped Seq from 73 to 79
Skipped Seq from 79 to 84
Skipped Seq from 84 to 86
Skipped Seq from 86 to 88
Skipped Seq from 88 to 91
Skipped Seq from 92 to 96
Skipped Seq from 96 to 105
Skipped Seq from 106 to 109
Skipped Seq from 110 to 112
Skipped Seq from 113 to 117
Skipped Seq from 118 to 121
Skipped Seq from 122 to 124
Skipped Seq from 124 to 126
Skipped Seq from 129 to 131
Skipped Seq from 131 to 133
Skipped Seq from 134 to 136
Skipped Seq from 136 to 138
Skipped Seq from 138 to 140
Skipped Seq from 140 to 142
Skipped Seq from 142 to 144
Skipped Seq from 146 to 148
Skipped Seq from 150 to 155
Skipped Seq from 155 to 157
Skipped Seq from 159 to 161
Skipped Seq from 161 to 163
Skipped Seq from 163 to 166
Skipped Seq from 166 to 170
Skipped Seq from 170 to 172
Skipped Seq from 172 to 175
Skipped Seq from 176 to 178
Skipped Seq from 178 to 180
Skipped Seq from 181 to 186
Skipped Seq from 187 to 189
Skipped Seq from 189 to 192
Skipped Seq from 192 to 195
Skipped Seq from 195 to 197
Skipped Seq from 197 to 199
Skipped Seq from 199 to 201
Skipped Seq from 201 to 205
Skipped Seq from 205 to 207
Skipped Seq from 207 to 211
Skipped Seq from 214 to 217
Skipped Seq from 219 to 221
Skipped Seq from 221 to 223
Skipped Seq from 223 to 225
Skipped Seq from 225 to 227
Skipped Seq from 227 to 234
Skipped Seq from 234 to 238
Skipped Seq from 240 to 242
Skipped Seq from 242 to 247
Skipped Seq from 247 to 249
Skipped Seq from 250 to 254
Skipped Seq from 254 to 258
Skipped Seq from 260 to 263
Skipped Seq from 263 to 267
Skipped Seq from 268 to 270
Skipped Seq from 271 to 278
Skipped Seq from 280 to 282
Skipped Seq from 282 to 287
Skipped Seq from 287 to 290
Skipped Seq from 290 to 292
Skipped Seq from 292 to 294
Skipped Seq from 295 to 300
Skipped Seq from 300 to 302
Skipped Seq from 303 to 314
Skipped Seq from 314 to 318
Skipped Seq from 318 to 320
Skipped Seq from 320 to 322
Skipped Seq from 323 to 328
Skipped Seq from 328 to 334
Skipped Seq from 335 to 337
Skipped Seq from 337 to 339
Skipped Seq from 339 to 342
Skipped Seq from 343 to 345
Skipped Seq from 345 to 351
Skipped Seq from 351 to 353
Skipped Seq from 354 to 356
Skipped Seq from 356 to 358
Skipped Seq from 359 to 361
Skipped Seq from 361 to 363
Skipped Seq from 363 to 368
Skipped Seq from 368 to 374
Skipped Seq from 376 to 382
Skipped Seq from 382 to 397
Skipped Seq from 399 to 401
Skipped Seq from 401 to 403
Skipped Seq from 403 to 405
Skipped Seq from 405 to 408
Skipped Seq from 408 to 410
Skipped Seq from 410 to 413
Skipped Seq from 414 to 416
Skipped Seq from 416 to 420
Skipped Seq from 423 to 425
Skipped Seq from 425 to 427
Skipped Seq from 427 to 429
Skipped Seq from 429 to 431
Skipped Seq from 432 to 434
Skipped Seq from 434 to 436
Skipped Seq from 436 to 444
Skipped Seq from 444 to 447
Skipped Seq from 447 to 451
Skipped Seq from 453 to 455
Skipped Seq from 455 to 461
Skipped Seq from 462 to 469
Skipped Seq from 470 to 475
Skipped Seq from 475 to 484
Skipped Seq from 485 to 488
Skipped Seq from 488 to 490
Skipped Seq from 490 to 492
Skipped Seq from 493 to 496
Skipped Seq from 496 to 502
Skipped Seq from 503 to 507
Skipped Seq from 507 to 512
Skipped Seq from 512 to 516
Skipped Seq from 518 to 522
Skipped Seq from 522 to 529
Skipped Seq from 532 to 537
Skipped Seq from 538 to 540
Skipped Seq from 540 to 542
Skipped Seq from 542 to 545
Skipped Seq from 546 to 549
Skipped Seq from 549 to 553
Skipped Seq from 553 to 556
Skipped Seq from 556 to 560
Skipped Seq from 560 to 568
Skipped Seq from 568 to 570
Skipped Seq from 570 to 572
Skipped Seq from 572 to 574
Skipped Seq from 575 to 577
Skipped Seq from 577 to 583
Skipped Seq from 583 to 585
Skipped Seq from 585 to 594
Skipped Seq from 594 to 597
Skipped Seq from 597 to 603
Skipped Seq from 603 to 605
Skipped Seq from 606 to 608
Skipped Seq from 608 to 611
Skipped Seq from 616 to 620
Skipped Seq from 623 to 625
Skipped Seq from 625 to 629
Skipped Seq from 629 to 631
Skipped Seq from 631 to 634
Skipped Seq from 634 to 639
Skipped Seq from 640 to 642
Skipped Seq from 643 to 646
Skipped Seq from 648 to 650
Skipped Seq from 650 to 665
Skipped Seq from 665 to 669
Skipped Seq from 669 to 671
Skipped Seq from 671 to 673
Skipped Seq from 673 to 676
Skipped Seq from 676 to 678
Skipped Seq from 679 to 683
Skipped Seq from 683 to 685
Skipped Seq from 686 to 689
Skipped Seq from 689 to 694
Skipped Seq from 696 to 698
Skipped Seq from 699 to 705
Skipped Seq from 705 to 707
Skipped Seq from 707 to 710
Skipped Seq from 710 to 713
Skipped Seq from 715 to 717
Skipped Seq from 718 to 721
Skipped Seq from 721 to 728
Skipped Seq from 728 to 730
Skipped Seq from 730 to 732
Skipped Seq from 736 to 738
Skipped Seq from 738 to 741
Skipped Seq from 741 to 745
Skipped Seq from 745 to 749
Skipped Seq from 749 to 751
Skipped Seq from 752 to 754
Skipped Seq from 754 to 756
Skipped Seq from 756 to 767
Skipped Seq from 768 to 771
Skipped Seq from 771 to 774
Skipped Seq from 777 to 784
Skipped Seq from 784 to 786
Skipped Seq from 787 to 790
Skipped Seq from 790 to 792
Skipped Seq from 792 to 794
Skipped Seq from 794 to 796
Skipped Seq from 796 to 798
Skipped Seq from 798 to 800
Skipped Seq from 800 to 802
Skipped Seq from 804 to 806
Skipped Seq from 806 to 811
Skipped Seq from 812 to 814
Skipped Seq from 854 to 857
Skipped Seq from 857 to 864
Skipped Seq from 864 to 870
Skipped Seq from 870 to 881
Skipped Seq from 881 to 884
Skipped Seq from 884 to 889
Skipped Seq from 889 to 894
Skipped Seq from 894 to 896
Skipped Seq from 896 to 904
Skipped Seq from 904 to 908
Skipped Seq from 908 to 912
Skipped Seq from 912 to 915
Skipped Seq from 915 to 921
Skipped Seq from 921 to 927
Skipped Seq from 927 to 932
Skipped Seq from 932 to 936
Skipped Seq from 937 to 942
Skipped Seq from 943 to 945
Skipped Seq from 945 to 947
Skipped Seq from 947 to 954
Skipped Seq from 954 to 963
Skipped Seq from 963 to 967
Skipped Seq from 967 to 971
Skipped Seq from 971 to 980
Skipped Seq from 980 to 982
Skipped Seq from 982 to 986
Skipped Seq from 986 to 994
Skipped Seq from 994 to 1001
Skipped Seq from 1001 to 1007
Skipped Seq from 1007 to 1014
Skipped Seq from 1015 to 1019
Skipped Seq from 1020 to 1031
Skipped Seq from 1031 to 1045
Skipped Seq from 1045 to 1060
Skipped Seq from 1060 to 1064
Skipped Seq from 1067 to 1070
Skipped Seq from 1072 to 1074
Skipped Seq from 1075 to 1079
Skipped Seq from 1079 to 1084
Skipped Seq from 1085 to 1087
Skipped Seq from 1088 to 1090
Skipped Seq from 1090 to 1092
Skipped Seq from 1096 to 1099
Skipped Seq from 1099 to 1104
Skipped Seq from 1104 to 1107
Skipped Seq from 1109 to 1111
Skipped Seq from 1112 to 1115
Skipped Seq from 1119 to 1126
Skipped Seq from 1126 to 1131
Skipped Seq from 1133 to 1137
Skipped Seq from 1137 to 1139
Skipped Seq from 1139 to 1145
Skipped Seq from 1147 to 1149
Skipped Seq from 1150 to 1158
Skipped Seq from 1160 to 1164
Skipped Seq from 1164 to 1166
Skipped Seq from 1166 to 1171
Skipped Seq from 1171 to 1177
Skipped Seq from 1177 to 1179
Skipped Seq from 1179 to 1188
Skipped Seq from 1188 to 1194
Skipped Seq from 1194 to 1198
Skipped Seq from 1199 to 1202
Skipped Seq from 1202 to 1205
Skipped Seq from 1205 to 1209
Skipped Seq from 1210 to 1216
Skipped Seq from 1216 to 1223
Skipped Seq from 1223 to 1225
Skipped Seq from 1225 to 1228
Skipped Seq from 1228 to 1231
Skipped Seq from 1231 to 1238
Skipped Seq from 1238 to 1249
Skipped Seq from 1250 to 1257
Skipped Seq from 1259 to 1261
Skipped Seq from 1261 to 1263
Skipped Seq from 1269 to 1271
Skipped Seq from 1271 to 1275
Skipped Seq from 1277 to 1283
Skipped Seq from 1283 to 1287
Skipped Seq from 1288 to 1299
Skipped Seq from 1299 to 1305
Skipped Seq from 1305 to 1309
Skipped Seq from 1309 to 1313
Skipped Seq from 1313 to 1315
Skipped Seq from 1315 to 1318
Skipped Seq from 1318 to 1324
Skipped Seq from 1324 to 1328
Skipped Seq from 1329 to 1338
Skipped Seq from 1338 to 1342
Skipped Seq from 1342 to 1352
Skipped Seq from 1354 to 1359
Skipped Seq from 1359 to 1362
Skipped Seq from 1362 to 1364
Skipped Seq from 1364 to 1366
Skipped Seq from 1366 to 1369
Skipped Seq from 1369 to 1371
Skipped Seq from 1372 to 1387
Skipped Seq from 1387 to 1392
Skipped Seq from 1392 to 1394
Skipped Seq from 1394 to 1398
Skipped Seq from 1400 to 1402
Skipped Seq from 1402 to 1406
Skipped Seq from 1406 to 1408
Skipped Seq from 1408 to 1413
Skipped Seq from 1413 to 1415
Skipped Seq from 1415 to 1419
Skipped Seq from 1420 to 1422
Skipped Seq from 1424 to 1429
Skipped Seq from 1429 to 1431
Skipped Seq from 1431 to 1435
Skipped Seq from 1435 to 1437
Skipped Seq from 1437 to 1440
Skipped Seq from 1440 to 1442
Skipped Seq from 1442 to 1444
Skipped Seq from 1444 to 1447
Skipped Seq from 1447 to 1451
Skipped Seq from 1451 to 1456
Skipped Seq from 1456 to 1458
Skipped Seq from 1458 to 1460
Skipped Seq from 1460 to 1465
Skipped Seq from 1465 to 1467
Skipped Seq from 1467 to 1471
Skipped Seq from 1474 to 1478
Skipped Seq from 1478 to 1486
Skipped Seq from 1486 to 1492
Skipped Seq from 1492 to 1505
Skipped Seq from 1505 to 1507
Skipped Seq from 1507 to 1509
Skipped Seq from 1509 to 1511
Skipped Seq from 1512 to 1514
Skipped Seq from 1514 to 1516
Skipped Seq from 1518 to 1525
Skipped Seq from 1525 to 1527
Skipped Seq from 1527 to 1529
Skipped Seq from 1530 to 1534
Skipped Seq from 1534 to 1540
Skipped Seq from 1540 to 1549
Skipped Seq from 1551 to 1554
Skipped Seq from 1554 to 1557
Skipped Seq from 1557 to 1561
Skipped Seq from 1561 to 1573
Skipped Seq from 1573 to 1577
Skipped Seq from 1577 to 1580
Skipped Seq from 1580 to 1583
Skipped Seq from 1583 to 1585
Skipped Seq from 1585 to 1589
Skipped Seq from 1589 to 1593
Skipped Seq from 1593 to 1605
Skipped Seq from 1605 to 1607
Skipped Seq from 1607 to 1609
Skipped Seq from 1609 to 1616
Skipped Seq from 1616 to 1620
Skipped Seq from 1620 to 1625
Skipped Seq from 1625 to 1629
Skipped Seq from 1629 to 1632
Skipped Seq from 1632 to 1634
Skipped Seq from 1634 to 1636
Skipped Seq from 1636 to 1639
Skipped Seq from 1639 to 1641
Skipped Seq from 1641 to 1651
Skipped Seq from 1651 to 1655
Skipped Seq from 1655 to 1659
Skipped Seq from 1659 to 1661
Skipped Seq from 1661 to 1665
Skipped Seq from 1667 to 1671
Skipped Seq from 1671 to 1674
Skipped Seq from 1674 to 1679
Skipped Seq from 1679 to 1687
Skipped Seq from 1688 to 1690
Skipped Seq from 1690 to 1694
Skipped Seq from 1694 to 1696
Skipped Seq from 1696 to 1701
Skipped Seq from 1701 to 1714
Skipped Seq from 1714 to 1716
Skipped Seq from 1716 to 1718
Skipped Seq from 1718 to 1720
Skipped Seq from 1720 to 1723
Skipped Seq from 1723 to 1727
Skipped Seq from 1727 to 1730
Skipped Seq from 1730 to 1732
Skipped Seq from 1732 to 1743
Skipped Seq from 1743 to 1748
Skipped Seq from 1748 to 1754
Skipped Seq from 1756 to 1776
Skipped Seq from 1778 to 1785
Skipped Seq from 1787 to 1789
Skipped Seq from 1792 to 1805
Skipped Seq from 1805 to 1814
Skipped Seq from 1814 to 1826
Skipped Seq from 1826 to 1832
Skipped Seq from 1832 to 1839
Skipped Seq from 1839 to 1842
Skipped Seq from 1842 to 1846
Skipped Seq from 1846 to 1861
Skipped Seq from 1862 to 1866
Skipped Seq from 1866 to 1869
Skipped Seq from 1870 to 1874
Skipped Seq from 1874 to 1879
Skipped Seq from 1881 to 1892
Skipped Seq from 1893 to 1898
Skipped Seq from 1900 to 1903
Skipped Seq from 1904 to 1907
Skipped Seq from 1907 to 1912
Skipped Seq from 1914 to 1917
Skipped Seq from 1921 to 1924
Skipped Seq from 1924 to 1926
Skipped Seq from 1927 to 1929
Skipped Seq from 1929 to 1931
Skipped Seq from 1931 to 1933
Skipped Seq from 1933 to 1940
Skipped Seq from 1940 to 1945
Skipped Seq from 1945 to 1948
Skipped Seq from 1950 to 1955
Skipped Seq from 1955 to 1961
Skipped Seq from 1962 to 1968
Skipped Seq from 1968 to 1971
Skipped Seq from 1973 to 1979
Skipped Seq from 1979 to 1983
Skipped Seq from 1983 to 1986
Skipped Seq from 1986 to 1988
Skipped Seq from 1991 to 1996
Skipped Seq from 1996 to 1999
Skipped Seq from 2000 to 2004
Skipped Seq from 2005 to 2015
Skipped Seq from 2016 to 2032
Skipped Seq from 2032 to 2034
Skipped Seq from 2034 to 2040
Skipped Seq from 2040 to 2042
Skipped Seq from 2042 to 2047
Skipped Seq from 2047 to 2050
Skipped Seq from 2051 to 2053
Skipped Seq from 2053 to 2055
Skipped Seq from 2055 to 2058
Skipped Seq from 2058 to 2060
Skipped Seq from 2061 to 2065
Skipped Seq from 2065 to 2067
Skipped Seq from 2067 to 2069
Skipped Seq from 2071 to 2083
Skipped Seq from 2083 to 2085
Skipped Seq from 2086 to 2091
Skipped Seq from 2091 to 2093
Skipped Seq from 2093 to 2099
Skipped Seq from 2099 to 2102
Skipped Seq from 2103 to 2106
Skipped Seq from 2106 to 2109
Skipped Seq from 2109 to 2111
Skipped Seq from 2111 to 2113
Skipped Seq from 2113 to 2117
Skipped Seq from 2118 to 2120
Skipped Seq from 2120 to 2122
Skipped Seq from 2122 to 2124
Skipped Seq from 2124 to 2126
Skipped Seq from 2126 to 2128
Skipped Seq from 2128 to 2131
Skipped Seq from 2131 to 2133
Skipped Seq from 2134 to 2136
Skipped Seq from 2136 to 2138
Skipped Seq from 2138 to 2142
Skipped Seq from 2142 to 2144
Skipped Seq from 2144 to 2146
Skipped Seq from 2146 to 2149
Skipped Seq from 2150 to 2153
Skipped Seq from 2153 to 2156
Skipped Seq from 2156 to 2161
Skipped Seq from 2161 to 2165
Skipped Seq from 2168 to 2177
Skipped Seq from 2177 to 2183
Skipped Seq from 2183 to 2185
Skipped Seq from 2185 to 2187
Skipped Seq from 2187 to 2189
Skipped Seq from 2189 to 2191
Skipped Seq from 2191 to 2193
Skipped Seq from 2193 to 2195
Skipped Seq from 2195 to 2197
Skipped Seq from 2197 to 2199
Skipped Seq from 2199 to 2210
Skipped Seq from 2212 to 2214
Skipped Seq from 2214 to 2216
Skipped Seq from 2216 to 2224
Skipped Seq from 2224 to 2227
Skipped Seq from 2227 to 2233
Skipped Seq from 2233 to 2236
Skipped Seq from 2236 to 2244
Skipped Seq from 2244 to 2247
Skipped Seq from 2247 to 2252
Skipped Seq from 2253 to 2255
Skipped Seq from 2255 to 2257
Skipped Seq from 2257 to 2262
Skipped Seq from 2262 to 2273
Skipped Seq from 2273 to 2279
Skipped Seq from 2279 to 2284
Skipped Seq from 2284 to 2287
Skipped Seq from 2288 to 2291
Skipped Seq from 2292 to 2294
Skipped Seq from 2296 to 2298
Skipped Seq from 2298 to 2300
Skipped Seq from 2300 to 2304
Skipped Seq from 2304 to 2306
Skipped Seq from 2306 to 2308
Skipped Seq from 2308 to 2310
Skipped Seq from 2310 to 2312
Skipped Seq from 2312 to 2320
Skipped Seq from 2320 to 2332
Skipped Seq from 2332 to 2334
Skipped Seq from 2334 to 2337
Skipped Seq from 2337 to 2339
Skipped Seq from 2339 to 2341
Skipped Seq from 2341 to 2343
Skipped Seq from 2343 to 2373
Skipped Seq from 2373 to 2377
Skipped Seq from 2378 to 2380
Skipped Seq from 2380 to 2394
Skipped Seq from 2394 to 2399
Skipped Seq from 2399 to 2401
Skipped Seq from 2401 to 2407
Skipped Seq from 2407 to 2411
Skipped Seq from 2411 to 2416
Skipped Seq from 2416 to 2419
Skipped Seq from 2419 to 2421
Skipped Seq from 2421 to 2423
Skipped Seq from 2423 to 2435
Skipped Seq from 2435 to 2443
Skipped Seq from 2443 to 2449
Skipped Seq from 2449 to 2451
Skipped Seq from 2451 to 2453
Skipped Seq from 2454 to 2460
Skipped Seq from 2460 to 2463
Skipped Seq from 2463 to 2466
Skipped Seq from 2466 to 2476
Skipped Seq from 2476 to 2483
Skipped Seq from 2483 to 2485
Skipped Seq from 2485 to 2487
Skipped Seq from 2487 to 2502
Skipped Seq from 2502 to 2504
Skipped Seq from 2504 to 2509
Skipped Seq from 2509 to 2515
Skipped Seq from 2515 to 2526
Skipped Seq from 2526 to 2539
Skipped Seq from 2542 to 2545
Skipped Seq from 2546 to 2562
Skipped Seq from 2562 to 2566
Skipped Seq from 2566 to 2572
Skipped Seq from 2572 to 2579
Skipped Seq from 2579 to 2583
Skipped Seq from 2583 to 2586
Skipped Seq from 2586 to 2589
Skipped Seq from 2590 to 2604
Skipped Seq from 2605 to 2613
Skipped Seq from 2613 to 2619
Skipped Seq from 2619 to 2624
Skipped Seq from 2626 to 2637
Skipped Seq from 2637 to 2640
Skipped Seq from 2640 to 2645
Skipped Seq from 2645 to 2649
Skipped Seq from 2651 to 2655
Skipped Seq from 2655 to 2658
Skipped Seq from 2658 to 2661
Skipped Seq from 2661 to 2664
Skipped Seq from 2664 to 2667
Skipped Seq from 2668 to 2671
Skipped Seq from 2672 to 2679
Skipped Seq from 2681 to 2685
Skipped Seq from 2686 to 2690
Skipped Seq from 2696 to 2700
Skipped Seq from 2700 to 2705
Skipped Seq from 2706 to 2708
Skipped Seq from 2708 to 2712
Skipped Seq from 2712 to 2718
Skipped Seq from 2719 to 2724
Skipped Seq from 2727 to 2734
Skipped Seq from 2734 to 2743
Skipped Seq from 2746 to 2750
Skipped Seq from 2751 to 2754
Skipped Seq from 2755 to 2766
Skipped Seq from 2766 to 2768
Skipped Seq from 2769 to 2780
Skipped Seq from 2781 to 2787
Skipped Seq from 2787 to 2792
Skipped Seq from 2792 to 2794
Skipped Seq from 2794 to 2798
Skipped Seq from 2798 to 2800
Skipped Seq from 2800 to 2802
Skipped Seq from 2805 to 2813
Skipped Seq from 2815 to 2819
Skipped Seq from 2819 to 2831
Skipped Seq from 2836 to 2844
Skipped Seq from 2844 to 2848
Skipped Seq from 2851 to 2853
Skipped Seq from 2853 to 2857
Skipped Seq from 2858 to 2861
Skipped Seq from 2861 to 2864
Skipped Seq from 2865 to 2868
Skipped Seq from 2870 to 2872
Skipped Seq from 2872 to 2875
Skipped Seq from 2875 to 2878
Skipped Seq from 2878 to 2881
Skipped Seq from 2885 to 2887
Skipped Seq from 2889 to 2891
Skipped Seq from 2892 to 2895
Skipped Seq from 2897 to 2902
Skipped Seq from 2904 to 2906
Skipped Seq from 2907 to 2910
Skipped Seq from 2911 to 2919
Skipped Seq from 2922 to 2925
Skipped Seq from 2925 to 2928
Skipped Seq from 2929 to 2931
Skipped Seq from 2931 to 2933
Skipped Seq from 2933 to 2935
Skipped Seq from 2936 to 2938
Skipped Seq from 2939 to 2941
Skipped Seq from 2942 to 2947
Skipped Seq from 2950 to 2956
Skipped Seq from 2956 to 2958
Skipped Seq from 2960 to 2963
Skipped Seq from 2963 to 2965
Skipped Seq from 2967 to 2971
Skipped Seq from 2974 to 3000
Skipped Seq from 3002 to 3007
Skipped Seq from 3008 to 3010
Skipped Seq from 3011 to 3014
Skipped Seq from 3014 to 3018
Skipped Seq from 3018 to 3022
Skipped Seq from 3023 to 3027
Skipped Seq from 3027 to 3032
Skipped Seq from 3032 to 3035
Skipped Seq from 3035 to 3037
Skipped Seq from 3038 to 3058
Skipped Seq from 3058 to 3079
Skipped Seq from 3079 to 3082
Skipped Seq from 3084 to 3088
Skipped Seq from 3089 to 3095
Skipped Seq from 3100 to 3102
Skipped Seq from 3102 to 3125
Skipped Seq from 3125 to 3132
Skipped Seq from 3132 to 3140
Skipped Seq from 3140 to 3145
Skipped Seq from 3145 to 3155
Skipped Seq from 3155 to 3160
Skipped Seq from 3160 to 3164
Skipped Seq from 3164 to 3169
Skipped Seq from 3169 to 3177
Skipped Seq from 3177 to 3197
Skipped Seq from 3197 to 3203
Skipped Seq from 3203 to 3210
Skipped Seq from 3210 to 3214
Skipped Seq from 3214 to 3221
Skipped Seq from 3221 to 3227
Skipped Seq from 3227 to 3230
Skipped Seq from 3230 to 3235
Skipped Seq from 3235 to 3262
Skipped Seq from 3262 to 3267
Skipped Seq from 3267 to 3290
Skipped Seq from 3290 to 3302
Skipped Seq from 3302 to 3317
Skipped Seq from 3317 to 3323
Skipped Seq from 3323 to 3329
Skipped Seq from 3329 to 3345
Skipped Seq from 3345 to 3348
Skipped Seq from 3348 to 3364
Skipped Seq from 3364 to 3368
Skipped Seq from 3368 to 3382
Skipped Seq from 3382 to 3386
Skipped Seq from 3386 to 3421
Skipped Seq from 3421 to 3445
Skipped Seq from 3445 to 3458
Skipped Seq from 3458 to 3467
Skipped Seq from 3467 to 3477
Skipped Seq from 3477 to 3505
Skipped Seq from 3505 to 3528
Skipped Seq from 3528 to 3535
Skipped Seq from 3535 to 3553
Skipped Seq from 3553 to 3560
Skipped Seq from 3560 to 3570
Skipped Seq from 3570 to 3587
Skipped Seq from 3587 to 3590
Skipped Seq from 3590 to 3595
Skipped Seq from 3595 to 3613
Skipped Seq from 3613 to 3624
Skipped Seq from 3624 to 3645
Skipped Seq from 3645 to 3649
Skipped Seq from 3649 to 3669
Skipped Seq from 3669 to 3688
Skipped Seq from 3688 to 3700
Skipped Seq from 3700 to 3707
Skipped Seq from 3707 to 3722
Skipped Seq from 3722 to 3733
Skipped Seq from 3733 to 3781
Skipped Seq from 3781 to 3850
Skipped Seq from 3850 to 3860
Skipped Seq from 3860 to 3871
Skipped Seq from 3871 to 3952
Skipped Seq from 3952 to 3995
Skipped Seq from 3995 to 4039
Skipped Seq from 4039 to 4064
Skipped Seq from 4064 to 4069
Skipped Seq from 4069 to 4092
Skipped Seq from 4092 to 4102
Skipped Seq from 4102 to 4115
Skipped Seq from 4115 to 4125
Skipped Seq from 4125 to 4147
Skipped Seq from 4148 to 4164
Skipped Seq from 4164 to 4178
Skipped Seq from 4178 to 4182
Skipped Seq from 4182 to 4196
Skipped Seq from 4196 to 4209
Skipped Seq from 4209 to 4244
Skipped Seq from 4244 to 4261
Skipped Seq from 4261 to 4266
Skipped Seq from 4266 to 4275
Skipped Seq from 4275 to 4280
Skipped Seq from 4280 to 4287
Skipped Seq from 4287 to 4295
Skipped Seq from 4295 to 4310
Skipped Seq from 4310 to 4314
Skipped Seq from 4314 to 4331
Skipped Seq from 4331 to 4341
Skipped Seq from 4341 to 4346
Skipped Seq from 4347 to 4356
Skipped Seq from 4357 to 4363
Skipped Seq from 4363 to 4372
Skipped Seq from 4372 to 4383
Skipped Seq from 4383 to 4388
Skipped Seq from 4388 to 4393
Skipped Seq from 4394 to 4409
Skipped Seq from 4409 to 4418
Skipped Seq from 4418 to 4420
Skipped Seq from 4420 to 4437
Skipped Seq from 4437 to 4446
Skipped Seq from 4446 to 4456
Skipped Seq from 4456 to 4476
Skipped Seq from 4476 to 4487
Skipped Seq from 4487 to 4495
Skipped Seq from 4495 to 4520
Skipped Seq from 4520 to 4525
Skipped Seq from 4525 to 4530
Skipped Seq from 4530 to 4534
Skipped Seq from 4534 to 4544
Skipped Seq from 4544 to 4548
Skipped Seq from 4548 to 4553
Skipped Seq from 4553 to 4558
Skipped Seq from 4558 to 4567
Skipped Seq from 4567 to 4570
Skipped Seq from 4570 to 4581
Skipped Seq from 4581 to 4587
Skipped Seq from 4588 to 4608
Skipped Seq from 4608 to 4611
Skipped Seq from 4611 to 4615
Number of times throttled: 7
Received: 1120 / 4615 packets
Start time: 1332842429.561846
End time: 1332842446.673389
Duration: 17.111543
