Starting client at 10.0.0.23:1274 with timeout:10
My IP address is 10.0.0.23Skipped Seq from 0 to 2
Skipped Seq from 2 to 10
Skipped Seq from 11 to 14
Skipped Seq from 17 to 21
Skipped Seq from 21 to 24
Skipped Seq from 25 to 27
Skipped Seq from 29 to 31
Skipped Seq from 32 to 34
Skipped Seq from 37 to 44
Skipped Seq from 45 to 49
Skipped Seq from 51 to 54
Skipped Seq from 54 to 57
Skipped Seq from 61 to 63
Skipped Seq from 65 to 67
Skipped Seq from 69 to 73
Skipped Seq from 73 to 75
Skipped Seq from 76 to 78
Skipped Seq from 78 to 80
Skipped Seq from 84 to 86
Skipped Seq from 86 to 88
Skipped Seq from 90 to 92
Skipped Seq from 92 to 96
Skipped Seq from 97 to 99
Skipped Seq from 101 to 103
Skipped Seq from 104 to 109
Skipped Seq from 109 to 112
Skipped Seq from 112 to 115
Skipped Seq from 117 to 119
Skipped Seq from 119 to 121
Skipped Seq from 121 to 125
Skipped Seq from 126 to 128
Skipped Seq from 130 to 132
Skipped Seq from 135 to 137
Skipped Seq from 138 to 140
Skipped Seq from 142 to 144
Skipped Seq from 145 to 147
Skipped Seq from 147 to 149
Skipped Seq from 150 to 152
Skipped Seq from 157 to 159
Skipped Seq from 159 to 163
Skipped Seq from 165 to 167
Skipped Seq from 168 to 170
Skipped Seq from 173 to 178
Skipped Seq from 183 to 191
Skipped Seq from 194 to 196
Skipped Seq from 199 to 204
Skipped Seq from 207 to 212
Skipped Seq from 214 to 217
Skipped Seq from 222 to 224
Skipped Seq from 227 to 229
Skipped Seq from 232 to 235
Skipped Seq from 235 to 238
Skipped Seq from 238 to 244
Skipped Seq from 245 to 250
Skipped Seq from 251 to 254
Skipped Seq from 254 to 262
Skipped Seq from 262 to 267
Skipped Seq from 268 to 271
Skipped Seq from 272 to 274
Skipped Seq from 274 to 277
Skipped Seq from 279 to 283
Skipped Seq from 283 to 285
Skipped Seq from 285 to 287
Skipped Seq from 288 to 292
Skipped Seq from 292 to 294
Skipped Seq from 294 to 304
Skipped Seq from 307 to 309
Skipped Seq from 313 to 316
Skipped Seq from 319 to 321
Skipped Seq from 321 to 324
Skipped Seq from 327 to 329
Skipped Seq from 331 to 333
Skipped Seq from 335 to 338
Skipped Seq from 338 to 340
Skipped Seq from 348 to 351
Skipped Seq from 353 to 355
Skipped Seq from 357 to 359
Skipped Seq from 359 to 361
Skipped Seq from 362 to 364
Skipped Seq from 364 to 368
Skipped Seq from 368 to 370
Skipped Seq from 371 to 373
Skipped Seq from 376 to 378
Skipped Seq from 378 to 381
Skipped Seq from 381 to 383
Skipped Seq from 384 to 386
Skipped Seq from 387 to 390
Skipped Seq from 391 to 393
Skipped Seq from 393 to 395
Skipped Seq from 401 to 403
Skipped Seq from 404 to 406
Skipped Seq from 408 to 411
Skipped Seq from 411 to 416
Skipped Seq from 419 to 421
Skipped Seq from 421 to 423
Skipped Seq from 423 to 425
Skipped Seq from 425 to 428
Skipped Seq from 433 to 435
Skipped Seq from 436 to 438
Skipped Seq from 440 to 442
Skipped Seq from 443 to 445
Skipped Seq from 445 to 447
Skipped Seq from 451 to 454
Skipped Seq from 454 to 456
Skipped Seq from 457 to 460
Skipped Seq from 461 to 463
Skipped Seq from 468 to 470
Skipped Seq from 470 to 472
Skipped Seq from 473 to 475
Skipped Seq from 475 to 477
Skipped Seq from 477 to 479
Skipped Seq from 486 to 488
Skipped Seq from 491 to 493
Skipped Seq from 495 to 498
Skipped Seq from 509 to 511
Skipped Seq from 511 to 514
Skipped Seq from 518 to 520
Skipped Seq from 522 to 524
Skipped Seq from 532 to 535
Skipped Seq from 535 to 537
Skipped Seq from 539 to 542
Skipped Seq from 543 to 545
Skipped Seq from 545 to 550
Skipped Seq from 552 to 555
Skipped Seq from 556 to 559
Skipped Seq from 564 to 567
Skipped Seq from 570 to 572
Skipped Seq from 574 to 577
Skipped Seq from 578 to 581
Skipped Seq from 582 to 585
Skipped Seq from 587 to 590
Skipped Seq from 595 to 598
Skipped Seq from 602 to 604
Skipped Seq from 604 to 606
Skipped Seq from 614 to 616
Skipped Seq from 617 to 619
Skipped Seq from 620 to 623
Skipped Seq from 624 to 626
Skipped Seq from 626 to 628
Skipped Seq from 630 to 632
Skipped Seq from 634 to 636
Skipped Seq from 636 to 638
Skipped Seq from 638 to 640
Skipped Seq from 642 to 644
Skipped Seq from 646 to 648
Skipped Seq from 649 to 652
Skipped Seq from 653 to 655
Skipped Seq from 659 to 661
Skipped Seq from 661 to 664
Skipped Seq from 665 to 667
Skipped Seq from 668 to 670
Skipped Seq from 672 to 674
Skipped Seq from 677 to 679
Skipped Seq from 679 to 681
Skipped Seq from 687 to 690
Skipped Seq from 693 to 695
Skipped Seq from 695 to 697
Skipped Seq from 699 to 701
Skipped Seq from 702 to 704
Skipped Seq from 705 to 708
Skipped Seq from 711 to 713
Skipped Seq from 715 to 718
Skipped Seq from 718 to 722
Skipped Seq from 722 to 724
Skipped Seq from 725 to 727
Skipped Seq from 728 to 730
Skipped Seq from 731 to 733
Skipped Seq from 733 to 735
Skipped Seq from 738 to 740
Skipped Seq from 741 to 743
Skipped Seq from 743 to 746
Skipped Seq from 746 to 749
Skipped Seq from 749 to 751
Skipped Seq from 751 to 754
Skipped Seq from 754 to 757
Skipped Seq from 757 to 759
Skipped Seq from 761 to 763
Skipped Seq from 763 to 765
Skipped Seq from 766 to 770
Skipped Seq from 770 to 772
Skipped Seq from 772 to 774
Skipped Seq from 780 to 785
Skipped Seq from 787 to 789
Skipped Seq from 791 to 795
Skipped Seq from 796 to 798
Skipped Seq from 801 to 803
Skipped Seq from 804 to 806
Skipped Seq from 807 to 809
Skipped Seq from 813 to 816
Skipped Seq from 817 to 819
Skipped Seq from 819 to 822
Skipped Seq from 833 to 835
Skipped Seq from 837 to 840
Skipped Seq from 840 to 842
Skipped Seq from 844 to 850
Skipped Seq from 854 to 856
Skipped Seq from 859 to 861
Skipped Seq from 863 to 865
Skipped Seq from 870 to 872
Skipped Seq from 877 to 880
Skipped Seq from 882 to 884
Skipped Seq from 887 to 889
Skipped Seq from 891 to 893
Skipped Seq from 894 to 899
Skipped Seq from 901 to 904
Skipped Seq from 909 to 912
Skipped Seq from 913 to 915
Skipped Seq from 915 to 918
Skipped Seq from 922 to 926
Skipped Seq from 928 to 931
Skipped Seq from 939 to 942
Skipped Seq from 943 to 945
Skipped Seq from 949 to 952
Skipped Seq from 960 to 962
Skipped Seq from 964 to 968
Skipped Seq from 968 to 970
Skipped Seq from 972 to 974
Skipped Seq from 976 to 978
Skipped Seq from 985 to 987
Skipped Seq from 990 to 992
Skipped Seq from 996 to 998
Skipped Seq from 998 to 1000
Skipped Seq from 1002 to 1004
Skipped Seq from 1005 to 1008
Skipped Seq from 1016 to 1018
Skipped Seq from 1023 to 1025
Skipped Seq from 1026 to 1028
Skipped Seq from 1028 to 1030
Skipped Seq from 1033 to 1037
Skipped Seq from 1043 to 1045
Skipped Seq from 1047 to 1050
Skipped Seq from 1050 to 1053
Skipped Seq from 1053 to 1055
Skipped Seq from 1058 to 1060
Skipped Seq from 1060 to 1063
Skipped Seq from 1064 to 1066
Skipped Seq from 1091 to 1094
Skipped Seq from 1094 to 1098
Skipped Seq from 1099 to 1103
Skipped Seq from 1104 to 1106
Skipped Seq from 1107 to 1109
Skipped Seq from 1131 to 1134
Skipped Seq from 1138 to 1140
Skipped Seq from 1142 to 1144
Skipped Seq from 1145 to 1148
Skipped Seq from 1161 to 1163
Skipped Seq from 1163 to 1165
Skipped Seq from 1168 to 1170
Skipped Seq from 1171 to 1173
Skipped Seq from 1177 to 1181
Skipped Seq from 1183 to 1186
Skipped Seq from 1196 to 1198
Skipped Seq from 1198 to 1202
Skipped Seq from 1204 to 1206
Skipped Seq from 1207 to 1209
Skipped Seq from 1211 to 1213
Skipped Seq from 1215 to 1219
Skipped Seq from 1224 to 1226
Skipped Seq from 1227 to 1230
Skipped Seq from 1231 to 1234
Skipped Seq from 1239 to 1241
Skipped Seq from 1244 to 1247
Skipped Seq from 1250 to 1252
Skipped Seq from 1253 to 1255
Skipped Seq from 1256 to 1258
Skipped Seq from 1259 to 1263
Skipped Seq from 1265 to 1267
Skipped Seq from 1270 to 1272
Skipped Seq from 1272 to 1274
Skipped Seq from 1284 to 1288
Skipped Seq from 1288 to 1290
Skipped Seq from 1291 to 1294
Skipped Seq from 1296 to 1298
Skipped Seq from 1298 to 1300
Skipped Seq from 1304 to 1310
Skipped Seq from 1312 to 1318
Skipped Seq from 1321 to 1323
Skipped Seq from 1330 to 1333
Skipped Seq from 1340 to 1342
Skipped Seq from 1343 to 1345
Skipped Seq from 1348 to 1350
Skipped Seq from 1352 to 1355
Skipped Seq from 1356 to 1358
Skipped Seq from 1358 to 1360
Skipped Seq from 1365 to 1368
Skipped Seq from 1373 to 1375
Skipped Seq from 1376 to 1378
Skipped Seq from 1379 to 1382
Skipped Seq from 1383 to 1385
Skipped Seq from 1388 to 1391
Skipped Seq from 1392 to 1396
Skipped Seq from 1400 to 1403
Skipped Seq from 1403 to 1406
Skipped Seq from 1406 to 1408
Skipped Seq from 1408 to 1410
Skipped Seq from 1410 to 1412
Skipped Seq from 1415 to 1417
Skipped Seq from 1423 to 1425
Skipped Seq from 1426 to 1428
Skipped Seq from 1436 to 1438
Skipped Seq from 1439 to 1441
Skipped Seq from 1443 to 1445
Skipped Seq from 1456 to 1458
Skipped Seq from 1458 to 1461
Skipped Seq from 1465 to 1468
Skipped Seq from 1468 to 1471
Skipped Seq from 1473 to 1475
Skipped Seq from 1475 to 1477
Skipped Seq from 1479 to 1482
Skipped Seq from 1484 to 1486
Skipped Seq from 1486 to 1488
Skipped Seq from 1492 to 1495
Skipped Seq from 1497 to 1499
Skipped Seq from 1504 to 1506
Skipped Seq from 1507 to 1510
Skipped Seq from 1514 to 1517
Skipped Seq from 1521 to 1523
Skipped Seq from 1524 to 1526
Skipped Seq from 1532 to 1534
Skipped Seq from 1536 to 1538
Skipped Seq from 1542 to 1545
Skipped Seq from 1546 to 1549
Skipped Seq from 1549 to 1551
Skipped Seq from 1558 to 1560
Skipped Seq from 1563 to 1567
Skipped Seq from 1572 to 1575
Skipped Seq from 1576 to 1578
Skipped Seq from 1580 to 1582
Skipped Seq from 1583 to 1585
Skipped Seq from 1587 to 1589
Skipped Seq from 1591 to 1596
Skipped Seq from 1598 to 1600
Skipped Seq from 1601 to 1603
Skipped Seq from 1607 to 1609
Skipped Seq from 1609 to 1612
Skipped Seq from 1612 to 1617
Skipped Seq from 1621 to 1624
Skipped Seq from 1634 to 1637
Skipped Seq from 1642 to 1644
Skipped Seq from 1646 to 1648
Skipped Seq from 1650 to 1652
Skipped Seq from 1652 to 1654
Skipped Seq from 1654 to 1656
Skipped Seq from 1657 to 1660
Skipped Seq from 1664 to 1668
Skipped Seq from 1669 to 1671
Skipped Seq from 1675 to 1677
Skipped Seq from 1677 to 1682
Skipped Seq from 1682 to 1684
Skipped Seq from 1696 to 1699
Skipped Seq from 1702 to 1704
Skipped Seq from 1704 to 1707
Skipped Seq from 1709 to 1711
Skipped Seq from 1716 to 1718
Skipped Seq from 1725 to 1727
Skipped Seq from 1727 to 1730
Skipped Seq from 1742 to 1744
Skipped Seq from 1745 to 1748
Skipped Seq from 1749 to 1752
Skipped Seq from 1762 to 1766
Skipped Seq from 1782 to 1784
Skipped Seq from 1784 to 1786
Skipped Seq from 1787 to 1789
Skipped Seq from 1789 to 1792
Skipped Seq from 1797 to 1799
Skipped Seq from 1799 to 1801
Skipped Seq from 1807 to 1809
Skipped Seq from 1812 to 1815
Skipped Seq from 1815 to 1821
Skipped Seq from 1825 to 1827
Skipped Seq from 1832 to 1835
Skipped Seq from 1835 to 1841
Skipped Seq from 1845 to 1847
Skipped Seq from 1854 to 1857
Skipped Seq from 1858 to 1860
Skipped Seq from 1865 to 1867
Skipped Seq from 1871 to 1874
Skipped Seq from 1878 to 1880
Skipped Seq from 1880 to 1882
Skipped Seq from 1882 to 1884
Skipped Seq from 1887 to 1895
Skipped Seq from 1895 to 1900
Skipped Seq from 1900 to 1902
Skipped Seq from 1902 to 1904
Skipped Seq from 1905 to 1908
Skipped Seq from 1908 to 1911
Skipped Seq from 1913 to 1918
Skipped Seq from 1918 to 1923
Skipped Seq from 1924 to 1926
Skipped Seq from 1929 to 1931
Skipped Seq from 1931 to 1935
Skipped Seq from 1936 to 1939
Skipped Seq from 1940 to 1943
Skipped Seq from 1944 to 1959
Skipped Seq from 1959 to 1965
Skipped Seq from 1968 to 1973
Skipped Seq from 1973 to 1975
Skipped Seq from 1976 to 1981
Skipped Seq from 1982 to 1986
Skipped Seq from 1987 to 1990
Skipped Seq from 1990 to 1994
Skipped Seq from 1995 to 1997
Skipped Seq from 1997 to 2003
Skipped Seq from 2006 to 2009
Skipped Seq from 2009 to 2020
Skipped Seq from 2020 to 2022
Skipped Seq from 2023 to 2031
Skipped Seq from 2031 to 2033
Skipped Seq from 2033 to 2035
Skipped Seq from 2038 to 2043
Skipped Seq from 2044 to 2046
Skipped Seq from 2046 to 2049
Skipped Seq from 2049 to 2053
Skipped Seq from 2055 to 2061
Skipped Seq from 2062 to 2065
Skipped Seq from 2065 to 2071
Skipped Seq from 2071 to 2073
Skipped Seq from 2076 to 2081
Skipped Seq from 2083 to 2086
Skipped Seq from 2086 to 2089
Skipped Seq from 2089 to 2092
Skipped Seq from 2093 to 2096
Skipped Seq from 2096 to 2100
Skipped Seq from 2101 to 2112
Skipped Seq from 2112 to 2114
Skipped Seq from 2115 to 2130
Skipped Seq from 2130 to 2140
Skipped Seq from 2140 to 2145
Skipped Seq from 2145 to 2148
Skipped Seq from 2149 to 2153
Skipped Seq from 2154 to 2157
Skipped Seq from 2157 to 2159
Skipped Seq from 2159 to 2161
Skipped Seq from 2163 to 2169
Skipped Seq from 2171 to 2181
Skipped Seq from 2182 to 2192
Skipped Seq from 2192 to 2198
Skipped Seq from 2198 to 2201
Skipped Seq from 2201 to 2204
Skipped Seq from 2204 to 2208
Skipped Seq from 2208 to 2214
Skipped Seq from 2214 to 2217
Skipped Seq from 2217 to 2219
Skipped Seq from 2221 to 2227
Skipped Seq from 2228 to 2231
Skipped Seq from 2231 to 2233
Skipped Seq from 2234 to 2236
Skipped Seq from 2236 to 2249
Skipped Seq from 2249 to 2255
Skipped Seq from 2255 to 2258
Skipped Seq from 2258 to 2263
Skipped Seq from 2263 to 2266
Skipped Seq from 2267 to 2269
Skipped Seq from 2270 to 2275
Skipped Seq from 2277 to 2280
Skipped Seq from 2280 to 2285
Skipped Seq from 2287 to 2290
Skipped Seq from 2290 to 2294
Skipped Seq from 2294 to 2297
Skipped Seq from 2297 to 2301
Skipped Seq from 2301 to 2304
Skipped Seq from 2304 to 2313
Skipped Seq from 2313 to 2319
Skipped Seq from 2319 to 2322
Skipped Seq from 2323 to 2325
Skipped Seq from 2331 to 2340
Skipped Seq from 2341 to 2349
Skipped Seq from 2349 to 2351
Skipped Seq from 2351 to 2356
Skipped Seq from 2356 to 2358
Skipped Seq from 2358 to 2360
Skipped Seq from 2360 to 2362
Skipped Seq from 2362 to 2365
Skipped Seq from 2365 to 2368
Skipped Seq from 2368 to 2373
Skipped Seq from 2373 to 2375
Skipped Seq from 2375 to 2383
Skipped Seq from 2383 to 2389
Skipped Seq from 2389 to 2392
Skipped Seq from 2392 to 2394
Skipped Seq from 2394 to 2396
Skipped Seq from 2397 to 2401
Skipped Seq from 2401 to 2404
Skipped Seq from 2404 to 2406
Skipped Seq from 2406 to 2408
Skipped Seq from 2408 to 2413
Skipped Seq from 2413 to 2417
Skipped Seq from 2417 to 2420
Skipped Seq from 2420 to 2422
Skipped Seq from 2422 to 2425
Skipped Seq from 2426 to 2433
Skipped Seq from 2433 to 2439
Skipped Seq from 2439 to 2441
Skipped Seq from 2441 to 2444
Skipped Seq from 2444 to 2447
Skipped Seq from 2447 to 2449
Skipped Seq from 2449 to 2455
Skipped Seq from 2455 to 2458
Skipped Seq from 2458 to 2461
Skipped Seq from 2461 to 2463
Skipped Seq from 2463 to 2465
Skipped Seq from 2465 to 2467
Skipped Seq from 2467 to 2472
Skipped Seq from 2472 to 2478
Skipped Seq from 2478 to 2482
Skipped Seq from 2482 to 2485
Skipped Seq from 2485 to 2487
Skipped Seq from 2488 to 2492
Skipped Seq from 2492 to 2495
Skipped Seq from 2495 to 2500
Skipped Seq from 2500 to 2503
Skipped Seq from 2503 to 2505
Skipped Seq from 2506 to 2509
Skipped Seq from 2509 to 2512
Skipped Seq from 2513 to 2515
Skipped Seq from 2515 to 2518
Skipped Seq from 2518 to 2521
Skipped Seq from 2521 to 2524
Skipped Seq from 2524 to 2529
Skipped Seq from 2529 to 2534
Skipped Seq from 2534 to 2540
Skipped Seq from 2540 to 2545
Skipped Seq from 2545 to 2547
Skipped Seq from 2547 to 2550
Skipped Seq from 2550 to 2553
Skipped Seq from 2554 to 2557
Skipped Seq from 2557 to 2559
Skipped Seq from 2559 to 2566
Skipped Seq from 2567 to 2569
Skipped Seq from 2569 to 2572
Skipped Seq from 2573 to 2576
Skipped Seq from 2576 to 2580
Skipped Seq from 2581 to 2583
Skipped Seq from 2583 to 2587
Skipped Seq from 2587 to 2589
Skipped Seq from 2589 to 2591
Skipped Seq from 2591 to 2594
Skipped Seq from 2594 to 2596
Skipped Seq from 2596 to 2606
Skipped Seq from 2606 to 2611
Skipped Seq from 2611 to 2613
Skipped Seq from 2613 to 2625
Skipped Seq from 2625 to 2627
Skipped Seq from 2627 to 2629
Skipped Seq from 2629 to 2631
Skipped Seq from 2631 to 2633
Skipped Seq from 2634 to 2638
Skipped Seq from 2638 to 2640
Skipped Seq from 2641 to 2643
Skipped Seq from 2643 to 2648
Skipped Seq from 2648 to 2656
Skipped Seq from 2656 to 2664
Skipped Seq from 2664 to 2669
Skipped Seq from 2669 to 2676
Skipped Seq from 2676 to 2679
Skipped Seq from 2679 to 2691
Skipped Seq from 2691 to 2693
Skipped Seq from 2693 to 2695
Skipped Seq from 2695 to 2698
Skipped Seq from 2698 to 2700
Skipped Seq from 2701 to 2703
Skipped Seq from 2703 to 2706
Skipped Seq from 2706 to 2711
Skipped Seq from 2711 to 2716
Skipped Seq from 2716 to 2718
Skipped Seq from 2718 to 2721
Skipped Seq from 2722 to 2724
Skipped Seq from 2724 to 2727
Skipped Seq from 2727 to 2729
Skipped Seq from 2729 to 2738
Skipped Seq from 2740 to 2743
Skipped Seq from 2743 to 2746
Skipped Seq from 2746 to 2750
Skipped Seq from 2750 to 2753
Skipped Seq from 2753 to 2756
Skipped Seq from 2757 to 2760
Skipped Seq from 2760 to 2765
Skipped Seq from 2765 to 2768
Skipped Seq from 2768 to 2770
Skipped Seq from 2770 to 2772
Skipped Seq from 2772 to 2774
Skipped Seq from 2774 to 2783
Skipped Seq from 2783 to 2788
Skipped Seq from 2788 to 2792
Skipped Seq from 2792 to 2800
Skipped Seq from 2800 to 2802
Skipped Seq from 2802 to 2804
Skipped Seq from 2804 to 2806
Skipped Seq from 2806 to 2813
Skipped Seq from 2813 to 2818
Skipped Seq from 2819 to 2821
Skipped Seq from 2821 to 2826
Skipped Seq from 2826 to 2828
Skipped Seq from 2828 to 2831
Skipped Seq from 2833 to 2835
Skipped Seq from 2835 to 2837
Skipped Seq from 2837 to 2841
Skipped Seq from 2841 to 2844
Skipped Seq from 2844 to 2852
Skipped Seq from 2852 to 2856
Skipped Seq from 2856 to 2862
Skipped Seq from 2862 to 2866
Skipped Seq from 2866 to 2870
Skipped Seq from 2871 to 2874
Skipped Seq from 2875 to 2877
Skipped Seq from 2877 to 2879
Skipped Seq from 2879 to 2881
Skipped Seq from 2881 to 2883
Skipped Seq from 2883 to 2885
Skipped Seq from 2885 to 2887
Skipped Seq from 2887 to 2891
Skipped Seq from 2892 to 2895
Skipped Seq from 2896 to 2898
Skipped Seq from 2898 to 2900
Skipped Seq from 2900 to 2902
Skipped Seq from 2903 to 2906
Skipped Seq from 2906 to 2910
Skipped Seq from 2910 to 2913
Skipped Seq from 2913 to 2915
Skipped Seq from 2915 to 2917
Skipped Seq from 2917 to 2919
Skipped Seq from 2919 to 2931
Skipped Seq from 2932 to 2936
Skipped Seq from 2936 to 2938
Skipped Seq from 2939 to 2943
Skipped Seq from 2944 to 2948
Skipped Seq from 2948 to 2952
Skipped Seq from 2952 to 2954
Skipped Seq from 2955 to 2959
Skipped Seq from 2959 to 2963
Skipped Seq from 2964 to 2969
Skipped Seq from 2969 to 2973
Skipped Seq from 2973 to 2976
Skipped Seq from 2976 to 2981
Skipped Seq from 2981 to 2985
Skipped Seq from 2985 to 2988
Skipped Seq from 2988 to 2992
Skipped Seq from 2992 to 2994
Skipped Seq from 2994 to 2996
Skipped Seq from 2997 to 3000
Skipped Seq from 3000 to 3002
Skipped Seq from 3002 to 3004
Skipped Seq from 3005 to 3007
Skipped Seq from 3007 to 3014
Skipped Seq from 3014 to 3018
Skipped Seq from 3018 to 3020
Skipped Seq from 3020 to 3024
Skipped Seq from 3024 to 3026
Skipped Seq from 3026 to 3028
Skipped Seq from 3028 to 3030
Skipped Seq from 3030 to 3033
Skipped Seq from 3033 to 3035
Skipped Seq from 3035 to 3043
Skipped Seq from 3043 to 3046
Skipped Seq from 3047 to 3049
Skipped Seq from 3049 to 3051
Skipped Seq from 3051 to 3056
Skipped Seq from 3057 to 3059
Skipped Seq from 3059 to 3061
Skipped Seq from 3061 to 3063
Skipped Seq from 3063 to 3071
Skipped Seq from 3071 to 3073
Skipped Seq from 3073 to 3079
Skipped Seq from 3080 to 3082
Skipped Seq from 3082 to 3085
Skipped Seq from 3085 to 3087
Skipped Seq from 3088 to 3091
Skipped Seq from 3093 to 3095
Skipped Seq from 3095 to 3109
Skipped Seq from 3110 to 3114
Skipped Seq from 3114 to 3118
Skipped Seq from 3118 to 3120
Skipped Seq from 3121 to 3126
Skipped Seq from 3126 to 3133
Skipped Seq from 3133 to 3138
Skipped Seq from 3138 to 3144
Skipped Seq from 3144 to 3146
Skipped Seq from 3146 to 3148
Skipped Seq from 3148 to 3151
Skipped Seq from 3151 to 3158
Skipped Seq from 3159 to 3161
Skipped Seq from 3161 to 3167
Skipped Seq from 3167 to 3175
Skipped Seq from 3175 to 3178
Skipped Seq from 3178 to 3180
Skipped Seq from 3180 to 3185
Skipped Seq from 3185 to 3188
Skipped Seq from 3188 to 3197
Skipped Seq from 3197 to 3203
Skipped Seq from 3203 to 3206
Skipped Seq from 3206 to 3215
Skipped Seq from 3215 to 3217
Skipped Seq from 3217 to 3223
Skipped Seq from 3223 to 3227
Skipped Seq from 3227 to 3237
Skipped Seq from 3237 to 3239
Skipped Seq from 3239 to 3242
Skipped Seq from 3242 to 3244
Skipped Seq from 3244 to 3246
Skipped Seq from 3246 to 3248
Skipped Seq from 3248 to 3250
Skipped Seq from 3250 to 3252
Skipped Seq from 3252 to 3254
Skipped Seq from 3254 to 3258
Skipped Seq from 3258 to 3260
Skipped Seq from 3260 to 3263
Skipped Seq from 3263 to 3265
Skipped Seq from 3267 to 3271
Skipped Seq from 3271 to 3274
Skipped Seq from 3274 to 3281
Skipped Seq from 3281 to 3285
Skipped Seq from 3285 to 3295
Skipped Seq from 3295 to 3299
Skipped Seq from 3299 to 3306
Skipped Seq from 3306 to 3314
Skipped Seq from 3315 to 3317
Skipped Seq from 3317 to 3321
Skipped Seq from 3321 to 3325
Skipped Seq from 3326 to 3329
Skipped Seq from 3329 to 3333
Skipped Seq from 3334 to 3338
Skipped Seq from 3339 to 3345
Skipped Seq from 3345 to 3351
Skipped Seq from 3351 to 3357
Skipped Seq from 3357 to 3362
Skipped Seq from 3363 to 3366
Skipped Seq from 3366 to 3369
Skipped Seq from 3369 to 3371
Skipped Seq from 3371 to 3376
Skipped Seq from 3376 to 3380
Skipped Seq from 3380 to 3393
Skipped Seq from 3393 to 3401
Skipped Seq from 3401 to 3416
Skipped Seq from 3419 to 3424
Skipped Seq from 3425 to 3429
Skipped Seq from 3430 to 3433
Skipped Seq from 3433 to 3436
Skipped Seq from 3436 to 3438
Skipped Seq from 3438 to 3440
Skipped Seq from 3440 to 3442
Skipped Seq from 3442 to 3444
Skipped Seq from 3444 to 3447
Skipped Seq from 3447 to 3449
Skipped Seq from 3449 to 3451
Skipped Seq from 3451 to 3453
Skipped Seq from 3453 to 3455
Skipped Seq from 3455 to 3457
Skipped Seq from 3457 to 3469
Skipped Seq from 3470 to 3472
Skipped Seq from 3472 to 3474
Skipped Seq from 3475 to 3478
Skipped Seq from 3478 to 3487
Skipped Seq from 3487 to 3489
Skipped Seq from 3489 to 3491
Skipped Seq from 3491 to 3494
Skipped Seq from 3494 to 3498
Skipped Seq from 3498 to 3500
Skipped Seq from 3502 to 3504
Skipped Seq from 3504 to 3507
Skipped Seq from 3508 to 3511
Skipped Seq from 3511 to 3523
Skipped Seq from 3523 to 3526
Skipped Seq from 3526 to 3539
Skipped Seq from 3539 to 3543
Skipped Seq from 3543 to 3554
Skipped Seq from 3554 to 3556
Skipped Seq from 3556 to 3558
Skipped Seq from 3558 to 3562
Skipped Seq from 3563 to 3566
Skipped Seq from 3566 to 3568
Skipped Seq from 3568 to 3572
Skipped Seq from 3573 to 3575
Skipped Seq from 3575 to 3577
Skipped Seq from 3577 to 3580
Skipped Seq from 3580 to 3582
Skipped Seq from 3582 to 3584
Skipped Seq from 3585 to 3588
Skipped Seq from 3588 to 3590
Skipped Seq from 3590 to 3596
Skipped Seq from 3596 to 3598
Skipped Seq from 3598 to 3600
Skipped Seq from 3601 to 3604
Skipped Seq from 3604 to 3609
Skipped Seq from 3610 to 3615
Skipped Seq from 3617 to 3620
Skipped Seq from 3620 to 3626
Skipped Seq from 3631 to 3633
Skipped Seq from 3633 to 3635
Skipped Seq from 3636 to 3638
Skipped Seq from 3638 to 3647
Skipped Seq from 3652 to 3654
Skipped Seq from 3657 to 3661
Skipped Seq from 3661 to 3665
Skipped Seq from 3669 to 3672
Skipped Seq from 3675 to 3686
Skipped Seq from 3693 to 3699
Skipped Seq from 3708 to 3711
Skipped Seq from 3712 to 3714
Skipped Seq from 3717 to 3719
Skipped Seq from 3719 to 3725
Skipped Seq from 3728 to 3731
Skipped Seq from 3731 to 3733
Skipped Seq from 3741 to 3744
Skipped Seq from 3746 to 3752
Skipped Seq from 3757 to 3759
Skipped Seq from 3759 to 3761
Skipped Seq from 3762 to 3764
Skipped Seq from 3767 to 3772
Skipped Seq from 3773 to 3778
Skipped Seq from 3779 to 3783
Skipped Seq from 3784 to 3786
Skipped Seq from 3786 to 3788
Skipped Seq from 3789 to 3791
Skipped Seq from 3794 to 3799
Skipped Seq from 3799 to 3804
Skipped Seq from 3805 to 3808
Skipped Seq from 3809 to 3813
Skipped Seq from 3816 to 3820
Skipped Seq from 3821 to 3823
Skipped Seq from 3824 to 3827
Skipped Seq from 3829 to 3831
Skipped Seq from 3833 to 3835
Skipped Seq from 3836 to 3840
Skipped Seq from 3840 to 3843
Skipped Seq from 3843 to 3847
Skipped Seq from 3851 to 3853
Skipped Seq from 3853 to 3857
Skipped Seq from 3857 to 3860
Skipped Seq from 3860 to 3862
Skipped Seq from 3862 to 3864
Skipped Seq from 3864 to 3868
Skipped Seq from 3869 to 3871
Skipped Seq from 3871 to 3875
Skipped Seq from 3878 to 3881
Skipped Seq from 3881 to 3883
Skipped Seq from 3885 to 3892
Skipped Seq from 3893 to 3898
Skipped Seq from 3898 to 3901
Skipped Seq from 3902 to 3914
Skipped Seq from 3915 to 3917
Skipped Seq from 3918 to 3921
Skipped Seq from 3921 to 3926
Skipped Seq from 3927 to 3929
Skipped Seq from 3929 to 3932
Skipped Seq from 3933 to 3940
Skipped Seq from 3945 to 3953
Skipped Seq from 3953 to 3956
Skipped Seq from 3956 to 3964
Skipped Seq from 3964 to 3967
Skipped Seq from 3967 to 3969
Skipped Seq from 3969 to 3971
Skipped Seq from 3971 to 3973
Skipped Seq from 3974 to 3978
Skipped Seq from 3984 to 3990
Skipped Seq from 3993 to 4002
Skipped Seq from 4003 to 4008
Skipped Seq from 4009 to 4011
Skipped Seq from 4014 to 4019
Skipped Seq from 4019 to 4026
Skipped Seq from 4031 to 4035
Skipped Seq from 4035 to 4039
Skipped Seq from 4041 to 4045
Skipped Seq from 4045 to 4051
Skipped Seq from 4053 to 4056
Skipped Seq from 4056 to 4060
Skipped Seq from 4067 to 4069
Skipped Seq from 4071 to 4074
Skipped Seq from 4077 to 4082
Skipped Seq from 4083 to 4086
Skipped Seq from 4087 to 4091
Skipped Seq from 4091 to 4095
Skipped Seq from 4097 to 4100
Skipped Seq from 4100 to 4102
Skipped Seq from 4107 to 4109
Skipped Seq from 4112 to 4114
Skipped Seq from 4115 to 4119
Skipped Seq from 4121 to 4123
Skipped Seq from 4123 to 4128
Skipped Seq from 4128 to 4130
Skipped Seq from 4132 to 4137
Skipped Seq from 4139 to 4141
Skipped Seq from 4144 to 4147
Skipped Seq from 4147 to 4151
Skipped Seq from 4151 to 4155
Skipped Seq from 4157 to 4159
Skipped Seq from 4160 to 4162
Skipped Seq from 4165 to 4167
Skipped Seq from 4168 to 4170
Skipped Seq from 4170 to 4174
Skipped Seq from 4174 to 4177
Skipped Seq from 4177 to 4179
Skipped Seq from 4180 to 4183
Skipped Seq from 4184 to 4187
Skipped Seq from 4188 to 4190
Skipped Seq from 4194 to 4200
Skipped Seq from 4201 to 4207
Skipped Seq from 4208 to 4213
Skipped Seq from 4215 to 4217
Skipped Seq from 4217 to 4222
Skipped Seq from 4223 to 4226
Skipped Seq from 4226 to 4230
Skipped Seq from 4231 to 4234
Skipped Seq from 4234 to 4238
Skipped Seq from 4240 to 4243
Skipped Seq from 4243 to 4247
Skipped Seq from 4250 to 4254
Skipped Seq from 4257 to 4260
Skipped Seq from 4260 to 4262
Skipped Seq from 4262 to 4265
Skipped Seq from 4265 to 4269
Skipped Seq from 4269 to 4273
Skipped Seq from 4273 to 4276
Skipped Seq from 4278 to 4281
Skipped Seq from 4284 to 4288
Skipped Seq from 4293 to 4295
Skipped Seq from 4295 to 4298
Skipped Seq from 4299 to 4302
Skipped Seq from 4302 to 4305
Skipped Seq from 4310 to 4312
Skipped Seq from 4312 to 4315
Skipped Seq from 4315 to 4319
Skipped Seq from 4319 to 4321
Skipped Seq from 4323 to 4325
Skipped Seq from 4326 to 4329
Skipped Seq from 4329 to 4333
Skipped Seq from 4333 to 4336
Skipped Seq from 4337 to 4340
Skipped Seq from 4340 to 4343
Skipped Seq from 4344 to 4347
Skipped Seq from 4347 to 4351
Skipped Seq from 4351 to 4353
Skipped Seq from 4358 to 4360
Skipped Seq from 4360 to 4362
Skipped Seq from 4362 to 4364
Skipped Seq from 4364 to 4367
Skipped Seq from 4368 to 4370
Skipped Seq from 4371 to 4374
Skipped Seq from 4375 to 4378
Skipped Seq from 4379 to 4384
Skipped Seq from 4384 to 4387
Skipped Seq from 4388 to 4391
Skipped Seq from 4392 to 4395
Skipped Seq from 4396 to 4398
Skipped Seq from 4399 to 4403
Skipped Seq from 4406 to 4409
Skipped Seq from 4410 to 4413
Skipped Seq from 4413 to 4417
Skipped Seq from 4419 to 4422
Skipped Seq from 4427 to 4430
Skipped Seq from 4431 to 4433
Skipped Seq from 4433 to 4436
Skipped Seq from 4436 to 4439
Skipped Seq from 4440 to 4444
Skipped Seq from 4445 to 4447
Skipped Seq from 4447 to 4451
Skipped Seq from 4456 to 4458
Skipped Seq from 4461 to 4465
Skipped Seq from 4466 to 4468
Skipped Seq from 4471 to 4475
Skipped Seq from 4477 to 4481
Skipped Seq from 4482 to 4484
Skipped Seq from 4484 to 4487
Skipped Seq from 4488 to 4491
Skipped Seq from 4491 to 4493
Skipped Seq from 4494 to 4496
Skipped Seq from 4497 to 4500
Skipped Seq from 4504 to 4506
Skipped Seq from 4507 to 4510
Skipped Seq from 4510 to 4513
Skipped Seq from 4514 to 4518
Skipped Seq from 4521 to 4523
Skipped Seq from 4523 to 4526
Skipped Seq from 4528 to 4530
Skipped Seq from 4530 to 4533
Skipped Seq from 4534 to 4536
Skipped Seq from 4536 to 4538
Skipped Seq from 4538 to 4540
Skipped Seq from 4541 to 4544
Skipped Seq from 4544 to 4548
Skipped Seq from 4551 to 4554
Skipped Seq from 4555 to 4558
Skipped Seq from 4559 to 4564
Skipped Seq from 4564 to 4570
Skipped Seq from 4570 to 4574
Skipped Seq from 4575 to 4579
Skipped Seq from 4579 to 4585
Skipped Seq from 4585 to 4591
Skipped Seq from 4592 to 4597
Skipped Seq from 4597 to 4602
Skipped Seq from 4603 to 4608
Skipped Seq from 4608 to 4611
Skipped Seq from 4611 to 4614
Skipped Seq from 4614 to 4618
Skipped Seq from 4621 to 4623
Skipped Seq from 4624 to 4628
Skipped Seq from 4628 to 4630
Skipped Seq from 4630 to 4636
Skipped Seq from 4637 to 4639
Skipped Seq from 4642 to 4645
Skipped Seq from 4646 to 4649
Skipped Seq from 4651 to 4657
Skipped Seq from 4658 to 4664
Skipped Seq from 4664 to 4670
Skipped Seq from 4671 to 4676
Skipped Seq from 4676 to 4679
Skipped Seq from 4679 to 4681
Skipped Seq from 4682 to 4684
Skipped Seq from 4684 to 4688
Skipped Seq from 4689 to 4692
Skipped Seq from 4692 to 4694
Skipped Seq from 4694 to 4699
Skipped Seq from 4699 to 4708
Skipped Seq from 4709 to 4714
Skipped Seq from 4714 to 4717
Skipped Seq from 4718 to 4724
Skipped Seq from 4725 to 4732
Skipped Seq from 4732 to 4735
Skipped Seq from 4742 to 4744
Skipped Seq from 4745 to 4749
Skipped Seq from 4753 to 4755
Skipped Seq from 4760 to 4762
Skipped Seq from 4775 to 4777
Skipped Seq from 4780 to 4782
Skipped Seq from 4787 to 4789
Skipped Seq from 4791 to 4795
Skipped Seq from 4812 to 4814
Skipped Seq from 4818 to 4820
Skipped Seq from 4824 to 4828
Skipped Seq from 4834 to 4837
Skipped Seq from 4843 to 4845
Skipped Seq from 4845 to 4849
Skipped Seq from 4850 to 4853
Skipped Seq from 4858 to 4861
Skipped Seq from 4861 to 4863
Number of times throttled: 6
Received: 3910 / 6353 packets
Start time: 1332842202.112394
End time: 1332842219.776641
Duration: 17.664247
