Starting client at 10.0.0.25:1275 with timeout:10
My IP address is 10.0.0.25Skipped Seq from 3 to 11
Skipped Seq from 16 to 20
Skipped Seq from 20 to 29
Skipped Seq from 29 to 35
Skipped Seq from 35 to 46
Skipped Seq from 46 to 57
Skipped Seq from 57 to 67
Skipped Seq from 68 to 74
Skipped Seq from 75 to 80
Skipped Seq from 81 to 84
Skipped Seq from 85 to 87
Skipped Seq from 87 to 90
Skipped Seq from 90 to 95
Skipped Seq from 95 to 97
Skipped Seq from 98 to 104
Skipped Seq from 104 to 106
Skipped Seq from 106 to 129
Skipped Seq from 129 to 132
Skipped Seq from 132 to 134
Skipped Seq from 134 to 141
Skipped Seq from 141 to 152
Skipped Seq from 152 to 158
Skipped Seq from 158 to 164
Skipped Seq from 164 to 171
Skipped Seq from 172 to 180
Skipped Seq from 180 to 183
Skipped Seq from 183 to 186
Skipped Seq from 187 to 190
Skipped Seq from 191 to 208
Skipped Seq from 209 to 212
Skipped Seq from 212 to 220
Skipped Seq from 220 to 231
Skipped Seq from 231 to 233
Skipped Seq from 234 to 245
Skipped Seq from 245 to 249
Skipped Seq from 249 to 251
Skipped Seq from 251 to 253
Skipped Seq from 253 to 260
Skipped Seq from 260 to 270
Skipped Seq from 270 to 279
Skipped Seq from 280 to 282
Skipped Seq from 282 to 288
Skipped Seq from 288 to 300
Skipped Seq from 301 to 311
Skipped Seq from 312 to 314
Skipped Seq from 314 to 322
Skipped Seq from 322 to 334
Skipped Seq from 334 to 339
Skipped Seq from 339 to 341
Skipped Seq from 341 to 345
Skipped Seq from 345 to 349
Skipped Seq from 349 to 352
Skipped Seq from 353 to 356
Skipped Seq from 357 to 360
Skipped Seq from 361 to 365
Skipped Seq from 365 to 367
Skipped Seq from 367 to 369
Skipped Seq from 369 to 372
Skipped Seq from 372 to 374
Skipped Seq from 375 to 395
Skipped Seq from 395 to 397
Skipped Seq from 397 to 401
Skipped Seq from 401 to 403
Skipped Seq from 403 to 407
Skipped Seq from 407 to 409
Skipped Seq from 409 to 419
Skipped Seq from 419 to 421
Skipped Seq from 422 to 425
Skipped Seq from 425 to 428
Skipped Seq from 429 to 431
Skipped Seq from 431 to 438
Skipped Seq from 438 to 440
Skipped Seq from 440 to 442
Skipped Seq from 443 to 448
Skipped Seq from 448 to 450
Skipped Seq from 450 to 459
Skipped Seq from 459 to 461
Skipped Seq from 461 to 463
Skipped Seq from 463 to 465
Skipped Seq from 465 to 467
Skipped Seq from 467 to 470
Skipped Seq from 470 to 481
Skipped Seq from 481 to 486
Skipped Seq from 486 to 488
Skipped Seq from 488 to 490
Skipped Seq from 490 to 496
Skipped Seq from 496 to 498
Skipped Seq from 498 to 501
Skipped Seq from 501 to 523
Skipped Seq from 523 to 526
Skipped Seq from 526 to 528
Skipped Seq from 528 to 535
Skipped Seq from 535 to 537
Skipped Seq from 538 to 545
Skipped Seq from 545 to 547
Skipped Seq from 547 to 551
Skipped Seq from 551 to 554
Skipped Seq from 554 to 563
Skipped Seq from 564 to 566
Skipped Seq from 566 to 568
Skipped Seq from 569 to 573
Skipped Seq from 576 to 582
Skipped Seq from 582 to 585
Skipped Seq from 585 to 597
Skipped Seq from 597 to 599
Skipped Seq from 599 to 601
Skipped Seq from 601 to 609
Skipped Seq from 609 to 611
Skipped Seq from 611 to 613
Skipped Seq from 613 to 618
Skipped Seq from 618 to 621
Skipped Seq from 621 to 624
Skipped Seq from 624 to 626
Skipped Seq from 626 to 628
Skipped Seq from 628 to 630
Skipped Seq from 630 to 633
Skipped Seq from 633 to 635
Skipped Seq from 635 to 639
Skipped Seq from 640 to 642
Skipped Seq from 642 to 660
Skipped Seq from 661 to 666
Skipped Seq from 667 to 671
Skipped Seq from 671 to 676
Skipped Seq from 676 to 682
Skipped Seq from 683 to 691
Skipped Seq from 691 to 693
Skipped Seq from 694 to 696
Skipped Seq from 696 to 698
Skipped Seq from 698 to 702
Skipped Seq from 702 to 707
Skipped Seq from 707 to 709
Skipped Seq from 709 to 711
Skipped Seq from 711 to 716
Skipped Seq from 716 to 718
Skipped Seq from 718 to 722
Skipped Seq from 723 to 726
Skipped Seq from 726 to 728
Skipped Seq from 728 to 731
Skipped Seq from 731 to 740
Skipped Seq from 740 to 742
Skipped Seq from 742 to 748
Skipped Seq from 748 to 752
Skipped Seq from 752 to 756
Skipped Seq from 756 to 764
Skipped Seq from 764 to 766
Skipped Seq from 766 to 768
Skipped Seq from 768 to 781
Skipped Seq from 781 to 783
Skipped Seq from 783 to 798
Skipped Seq from 799 to 803
Skipped Seq from 803 to 823
Skipped Seq from 824 to 827
Skipped Seq from 827 to 831
Skipped Seq from 831 to 833
Skipped Seq from 833 to 835
Skipped Seq from 835 to 837
Skipped Seq from 837 to 853
Skipped Seq from 853 to 855
Skipped Seq from 855 to 870
Skipped Seq from 870 to 876
Skipped Seq from 876 to 880
Skipped Seq from 880 to 882
Skipped Seq from 882 to 888
Skipped Seq from 888 to 892
Skipped Seq from 892 to 896
Skipped Seq from 897 to 899
Skipped Seq from 899 to 902
Skipped Seq from 902 to 906
Skipped Seq from 906 to 909
Skipped Seq from 909 to 913
Skipped Seq from 913 to 915
Skipped Seq from 915 to 918
Skipped Seq from 918 to 921
Skipped Seq from 922 to 936
Skipped Seq from 936 to 940
Skipped Seq from 940 to 942
Skipped Seq from 942 to 944
Skipped Seq from 944 to 947
Skipped Seq from 947 to 949
Skipped Seq from 949 to 955
Skipped Seq from 955 to 957
Skipped Seq from 957 to 959
Skipped Seq from 959 to 961
Skipped Seq from 961 to 963
Skipped Seq from 963 to 968
Skipped Seq from 969 to 971
Skipped Seq from 971 to 978
Skipped Seq from 978 to 986
Skipped Seq from 986 to 992
Skipped Seq from 992 to 994
Skipped Seq from 994 to 999
Skipped Seq from 1000 to 1005
Skipped Seq from 1005 to 1007
Skipped Seq from 1007 to 1009
Skipped Seq from 1010 to 1015
Skipped Seq from 1015 to 1017
Skipped Seq from 1017 to 1019
Skipped Seq from 1019 to 1021
Skipped Seq from 1021 to 1026
Skipped Seq from 1026 to 1033
Skipped Seq from 1033 to 1039
Skipped Seq from 1039 to 1042
Skipped Seq from 1042 to 1047
Skipped Seq from 1048 to 1051
Skipped Seq from 1051 to 1064
Skipped Seq from 1064 to 1075
Skipped Seq from 1075 to 1077
Skipped Seq from 1078 to 1081
Skipped Seq from 1081 to 1093
Skipped Seq from 1093 to 1096
Skipped Seq from 1096 to 1102
Skipped Seq from 1102 to 1105
Skipped Seq from 1105 to 1114
Skipped Seq from 1114 to 1129
Skipped Seq from 1129 to 1131
Skipped Seq from 1131 to 1135
Skipped Seq from 1135 to 1137
Skipped Seq from 1137 to 1141
Skipped Seq from 1141 to 1143
Skipped Seq from 1143 to 1148
Skipped Seq from 1149 to 1164
Skipped Seq from 1164 to 1166
Skipped Seq from 1166 to 1168
Skipped Seq from 1168 to 1170
Skipped Seq from 1170 to 1181
Skipped Seq from 1182 to 1184
Skipped Seq from 1184 to 1186
Skipped Seq from 1186 to 1190
Skipped Seq from 1190 to 1194
Skipped Seq from 1194 to 1208
Skipped Seq from 1208 to 1210
Skipped Seq from 1210 to 1214
Skipped Seq from 1214 to 1216
Skipped Seq from 1216 to 1218
Skipped Seq from 1218 to 1224
Skipped Seq from 1224 to 1226
Skipped Seq from 1226 to 1228
Skipped Seq from 1228 to 1231
Skipped Seq from 1231 to 1233
Skipped Seq from 1233 to 1235
Skipped Seq from 1235 to 1237
Skipped Seq from 1238 to 1245
Skipped Seq from 1245 to 1247
Skipped Seq from 1247 to 1249
Skipped Seq from 1249 to 1251
Skipped Seq from 1251 to 1261
Skipped Seq from 1261 to 1264
Skipped Seq from 1264 to 1281
Skipped Seq from 1281 to 1285
Skipped Seq from 1285 to 1291
Skipped Seq from 1291 to 1293
Skipped Seq from 1293 to 1297
Skipped Seq from 1298 to 1316
Skipped Seq from 1316 to 1318
Skipped Seq from 1319 to 1322
Skipped Seq from 1324 to 1327
Skipped Seq from 1327 to 1329
Skipped Seq from 1329 to 1338
Skipped Seq from 1338 to 1344
Skipped Seq from 1344 to 1355
Skipped Seq from 1355 to 1365
Skipped Seq from 1365 to 1384
Skipped Seq from 1384 to 1386
Skipped Seq from 1386 to 1388
Skipped Seq from 1388 to 1394
Skipped Seq from 1394 to 1397
Skipped Seq from 1397 to 1399
Skipped Seq from 1399 to 1403
Skipped Seq from 1403 to 1405
Skipped Seq from 1405 to 1409
Skipped Seq from 1409 to 1416
Skipped Seq from 1417 to 1419
Skipped Seq from 1419 to 1422
Skipped Seq from 1423 to 1432
Skipped Seq from 1432 to 1439
Skipped Seq from 1439 to 1443
Skipped Seq from 1443 to 1449
Skipped Seq from 1449 to 1456
Skipped Seq from 1456 to 1469
Skipped Seq from 1469 to 1471
Skipped Seq from 1471 to 1473
Skipped Seq from 1473 to 1477
Skipped Seq from 1477 to 1480
Skipped Seq from 1480 to 1482
Skipped Seq from 1483 to 1488
Skipped Seq from 1489 to 1491
Skipped Seq from 1491 to 1493
Skipped Seq from 1493 to 1498
Skipped Seq from 1499 to 1518
Skipped Seq from 1518 to 1521
Skipped Seq from 1521 to 1539
Skipped Seq from 1539 to 1541
Skipped Seq from 1541 to 1544
Skipped Seq from 1544 to 1548
Skipped Seq from 1548 to 1550
Skipped Seq from 1551 to 1555
Skipped Seq from 1555 to 1559
Skipped Seq from 1560 to 1572
Skipped Seq from 1572 to 1581
Skipped Seq from 1582 to 1584
Skipped Seq from 1584 to 1587
Skipped Seq from 1587 to 1593
Skipped Seq from 1593 to 1595
Skipped Seq from 1595 to 1597
Skipped Seq from 1597 to 1600
Skipped Seq from 1600 to 1602
Skipped Seq from 1603 to 1606
Skipped Seq from 1606 to 1610
Skipped Seq from 1610 to 1612
Skipped Seq from 1612 to 1616
Skipped Seq from 1619 to 1625
Skipped Seq from 1626 to 1628
Skipped Seq from 1628 to 1636
Skipped Seq from 1638 to 1644
Skipped Seq from 1645 to 1653
Skipped Seq from 1653 to 1659
Skipped Seq from 1661 to 1668
Skipped Seq from 1668 to 1672
Skipped Seq from 1673 to 1676
Skipped Seq from 1677 to 1683
Skipped Seq from 1683 to 1688
Skipped Seq from 1689 to 1694
Skipped Seq from 1694 to 1705
Skipped Seq from 1706 to 1709
Skipped Seq from 1709 to 1716
Skipped Seq from 1716 to 1728
Skipped Seq from 1728 to 1730
Skipped Seq from 1730 to 1742
Skipped Seq from 1742 to 1747
Skipped Seq from 1747 to 1757
Skipped Seq from 1757 to 1765
Skipped Seq from 1765 to 1769
Skipped Seq from 1771 to 1773
Skipped Seq from 1774 to 1782
Skipped Seq from 1782 to 1788
Skipped Seq from 1788 to 1798
Skipped Seq from 1798 to 1807
Skipped Seq from 1807 to 1815
Skipped Seq from 1815 to 1819
Skipped Seq from 1819 to 1826
Skipped Seq from 1826 to 1828
Skipped Seq from 1828 to 1831
Skipped Seq from 1832 to 1836
Skipped Seq from 1836 to 1839
Skipped Seq from 1839 to 1842
Skipped Seq from 1842 to 1847
Skipped Seq from 1847 to 1858
Skipped Seq from 1858 to 1860
Skipped Seq from 1860 to 1862
Skipped Seq from 1862 to 1871
Skipped Seq from 1874 to 1878
Skipped Seq from 1879 to 1888
Skipped Seq from 1888 to 1900
Skipped Seq from 1900 to 1905
Skipped Seq from 1905 to 1908
Skipped Seq from 1908 to 1916
Skipped Seq from 1917 to 1937
Skipped Seq from 1938 to 1940
Skipped Seq from 1940 to 1943
Skipped Seq from 1943 to 1945
Skipped Seq from 1945 to 1953
Skipped Seq from 1954 to 1956
Skipped Seq from 1956 to 1962
Skipped Seq from 1962 to 1975
Skipped Seq from 1975 to 1977
Skipped Seq from 1977 to 1979
Skipped Seq from 1979 to 1981
Skipped Seq from 1981 to 1983
Skipped Seq from 1983 to 1987
Skipped Seq from 1988 to 1994
Skipped Seq from 1994 to 1996
Skipped Seq from 1996 to 2005
Skipped Seq from 2005 to 2009
Skipped Seq from 2011 to 2013
Skipped Seq from 2013 to 2021
Skipped Seq from 2021 to 2023
Skipped Seq from 2023 to 2026
Skipped Seq from 2028 to 2034
Skipped Seq from 2034 to 2037
Skipped Seq from 2037 to 2042
Skipped Seq from 2042 to 2051
Skipped Seq from 2051 to 2054
Skipped Seq from 2054 to 2056
Skipped Seq from 2056 to 2058
Skipped Seq from 2058 to 2065
Skipped Seq from 2065 to 2078
Skipped Seq from 2078 to 2080
Skipped Seq from 2081 to 2083
Skipped Seq from 2083 to 2085
Skipped Seq from 2085 to 2087
Skipped Seq from 2087 to 2089
Skipped Seq from 2089 to 2091
Skipped Seq from 2091 to 2094
Skipped Seq from 2094 to 2098
Skipped Seq from 2098 to 2100
Skipped Seq from 2100 to 2103
Skipped Seq from 2103 to 2105
Skipped Seq from 2106 to 2108
Skipped Seq from 2108 to 2111
Skipped Seq from 2111 to 2115
Skipped Seq from 2115 to 2119
Skipped Seq from 2120 to 2125
Skipped Seq from 2125 to 2130
Skipped Seq from 2130 to 2133
Skipped Seq from 2133 to 2135
Skipped Seq from 2135 to 2138
Skipped Seq from 2138 to 2141
Skipped Seq from 2141 to 2143
Skipped Seq from 2143 to 2146
Skipped Seq from 2147 to 2149
Skipped Seq from 2149 to 2153
Skipped Seq from 2154 to 2156
Skipped Seq from 2156 to 2158
Skipped Seq from 2158 to 2162
Skipped Seq from 2162 to 2164
Skipped Seq from 2164 to 2166
Skipped Seq from 2166 to 2168
Skipped Seq from 2168 to 2173
Skipped Seq from 2174 to 2176
Skipped Seq from 2176 to 2178
Skipped Seq from 2178 to 2180
Skipped Seq from 2180 to 2183
Skipped Seq from 2183 to 2189
Skipped Seq from 2189 to 2191
Skipped Seq from 2191 to 2201
Skipped Seq from 2201 to 2208
Skipped Seq from 2208 to 2214
Skipped Seq from 2214 to 2223
Skipped Seq from 2224 to 2229
Skipped Seq from 2229 to 2236
Skipped Seq from 2236 to 2238
Skipped Seq from 2238 to 2240
Skipped Seq from 2240 to 2243
Skipped Seq from 2243 to 2254
Skipped Seq from 2254 to 2256
Skipped Seq from 2256 to 2258
Skipped Seq from 2258 to 2260
Skipped Seq from 2260 to 2262
Skipped Seq from 2262 to 2264
Skipped Seq from 2264 to 2268
Skipped Seq from 2268 to 2270
Skipped Seq from 2270 to 2277
Skipped Seq from 2277 to 2279
Skipped Seq from 2279 to 2287
Skipped Seq from 2288 to 2295
Skipped Seq from 2295 to 2301
Skipped Seq from 2301 to 2303
Skipped Seq from 2303 to 2334
Skipped Seq from 2334 to 2336
Skipped Seq from 2336 to 2341
Skipped Seq from 2341 to 2349
Skipped Seq from 2349 to 2356
Skipped Seq from 2356 to 2358
Skipped Seq from 2362 to 2365
Skipped Seq from 2365 to 2372
Skipped Seq from 2372 to 2380
Skipped Seq from 2380 to 2387
Skipped Seq from 2387 to 2389
Skipped Seq from 2389 to 2395
Skipped Seq from 2395 to 2397
Skipped Seq from 2397 to 2399
Skipped Seq from 2399 to 2404
Skipped Seq from 2404 to 2407
Skipped Seq from 2407 to 2414
Skipped Seq from 2415 to 2417
Skipped Seq from 2417 to 2428
Skipped Seq from 2428 to 2436
Skipped Seq from 2436 to 2438
Skipped Seq from 2438 to 2442
Skipped Seq from 2443 to 2449
Skipped Seq from 2450 to 2453
Skipped Seq from 2453 to 2456
Skipped Seq from 2456 to 2459
Skipped Seq from 2459 to 2469
Skipped Seq from 2469 to 2472
Skipped Seq from 2472 to 2474
Skipped Seq from 2474 to 2477
Skipped Seq from 2477 to 2479
Skipped Seq from 2479 to 2485
Skipped Seq from 2485 to 2488
Skipped Seq from 2488 to 2490
Skipped Seq from 2491 to 2495
Skipped Seq from 2495 to 2498
Skipped Seq from 2498 to 2506
Skipped Seq from 2506 to 2510
Skipped Seq from 2510 to 2512
Skipped Seq from 2512 to 2516
Skipped Seq from 2517 to 2519
Skipped Seq from 2519 to 2522
Skipped Seq from 2522 to 2527
Skipped Seq from 2527 to 2535
Skipped Seq from 2535 to 2559
Skipped Seq from 2560 to 2562
Skipped Seq from 2562 to 2583
Skipped Seq from 2583 to 2585
Skipped Seq from 2586 to 2593
Skipped Seq from 2593 to 2609
Skipped Seq from 2616 to 2628
Skipped Seq from 2628 to 2631
Skipped Seq from 2631 to 2634
Skipped Seq from 2640 to 2642
Skipped Seq from 2642 to 2649
Skipped Seq from 2649 to 2662
Skipped Seq from 2662 to 2664
Skipped Seq from 2664 to 2670
Skipped Seq from 2674 to 2680
Skipped Seq from 2680 to 2685
Skipped Seq from 2686 to 2689
Skipped Seq from 2690 to 2692
Skipped Seq from 2692 to 2695
Skipped Seq from 2695 to 2703
Skipped Seq from 2703 to 2706
Skipped Seq from 2706 to 2721
Skipped Seq from 2721 to 2729
Skipped Seq from 2729 to 2736
Skipped Seq from 2737 to 2739
Skipped Seq from 2740 to 2745
Skipped Seq from 2745 to 2749
Skipped Seq from 2749 to 2752
Skipped Seq from 2752 to 2757
Skipped Seq from 2757 to 2768
Skipped Seq from 2768 to 2775
Skipped Seq from 2776 to 2779
Skipped Seq from 2779 to 2792
Skipped Seq from 2792 to 2794
Skipped Seq from 2796 to 2799
Skipped Seq from 2799 to 2803
Skipped Seq from 2803 to 2806
Skipped Seq from 2806 to 2815
Skipped Seq from 2815 to 2818
Skipped Seq from 2818 to 2822
Skipped Seq from 2822 to 2824
Skipped Seq from 2824 to 2827
Skipped Seq from 2829 to 2832
Skipped Seq from 2832 to 2836
Skipped Seq from 2836 to 2847
Skipped Seq from 2847 to 2855
Skipped Seq from 2856 to 2860
Skipped Seq from 2860 to 2862
Skipped Seq from 2862 to 2864
Skipped Seq from 2864 to 2868
Skipped Seq from 2870 to 2872
Skipped Seq from 2873 to 2878
Skipped Seq from 2878 to 2888
Skipped Seq from 2890 to 2900
Skipped Seq from 2902 to 2906
Skipped Seq from 2906 to 2919
Skipped Seq from 2920 to 2923
Skipped Seq from 2923 to 2928
Skipped Seq from 2928 to 2937
Skipped Seq from 2938 to 2940
Skipped Seq from 2941 to 2945
Skipped Seq from 2945 to 2947
Skipped Seq from 2947 to 2949
Skipped Seq from 2949 to 2951
Skipped Seq from 2951 to 2954
Skipped Seq from 2954 to 2956
Skipped Seq from 2956 to 2962
Skipped Seq from 2962 to 2964
Skipped Seq from 2964 to 2966
Skipped Seq from 2966 to 2968
Skipped Seq from 2968 to 2970
Skipped Seq from 2970 to 2972
Skipped Seq from 2972 to 2977
Skipped Seq from 2978 to 2983
Skipped Seq from 2983 to 2987
Skipped Seq from 2987 to 2989
Skipped Seq from 2990 to 2997
Skipped Seq from 2998 to 3005
Skipped Seq from 3005 to 3025
Skipped Seq from 3025 to 3029
Skipped Seq from 3030 to 3032
Skipped Seq from 3032 to 3046
Skipped Seq from 3046 to 3048
Skipped Seq from 3048 to 3056
Skipped Seq from 3056 to 3058
Skipped Seq from 3058 to 3069
Skipped Seq from 3069 to 3074
Skipped Seq from 3074 to 3076
Skipped Seq from 3076 to 3079
Skipped Seq from 3079 to 3086
Skipped Seq from 3086 to 3088
Skipped Seq from 3088 to 3094
Skipped Seq from 3094 to 3096
Skipped Seq from 3097 to 3102
Skipped Seq from 3102 to 3107
Skipped Seq from 3107 to 3109
Skipped Seq from 3110 to 3114
Skipped Seq from 3115 to 3124
Skipped Seq from 3124 to 3133
Skipped Seq from 3133 to 3135
Skipped Seq from 3135 to 3146
Skipped Seq from 3146 to 3154
Skipped Seq from 3154 to 3157
Skipped Seq from 3158 to 3160
Skipped Seq from 3161 to 3167
Skipped Seq from 3167 to 3172
Skipped Seq from 3172 to 3179
Skipped Seq from 3179 to 3183
Skipped Seq from 3183 to 3188
Skipped Seq from 3189 to 3191
Skipped Seq from 3191 to 3196
Skipped Seq from 3196 to 3198
Skipped Seq from 3198 to 3200
Skipped Seq from 3201 to 3206
Skipped Seq from 3206 to 3208
Skipped Seq from 3209 to 3212
Skipped Seq from 3212 to 3214
Skipped Seq from 3214 to 3216
Skipped Seq from 3216 to 3219
Skipped Seq from 3219 to 3224
Skipped Seq from 3224 to 3237
Skipped Seq from 3238 to 3243
Skipped Seq from 3243 to 3245
Skipped Seq from 3246 to 3253
Skipped Seq from 3253 to 3258
Skipped Seq from 3258 to 3261
Skipped Seq from 3261 to 3272
Skipped Seq from 3272 to 3274
Skipped Seq from 3274 to 3279
Skipped Seq from 3279 to 3284
Skipped Seq from 3284 to 3287
Skipped Seq from 3288 to 3291
Skipped Seq from 3291 to 3309
Skipped Seq from 3309 to 3311
Skipped Seq from 3311 to 3319
Skipped Seq from 3319 to 3333
Skipped Seq from 3335 to 3339
Skipped Seq from 3340 to 3342
Skipped Seq from 3342 to 3345
Skipped Seq from 3346 to 3354
Skipped Seq from 3354 to 3357
Skipped Seq from 3357 to 3359
Skipped Seq from 3359 to 3362
Skipped Seq from 3362 to 3369
Skipped Seq from 3369 to 3371
Skipped Seq from 3371 to 3373
Skipped Seq from 3373 to 3378
Skipped Seq from 3378 to 3385
Skipped Seq from 3385 to 3390
Skipped Seq from 3390 to 3393
Skipped Seq from 3394 to 3396
Skipped Seq from 3396 to 3399
Skipped Seq from 3399 to 3403
Skipped Seq from 3403 to 3405
Skipped Seq from 3405 to 3407
Skipped Seq from 3408 to 3410
Skipped Seq from 3410 to 3412
Skipped Seq from 3414 to 3416
Skipped Seq from 3416 to 3423
Skipped Seq from 3423 to 3425
Skipped Seq from 3425 to 3435
Skipped Seq from 3435 to 3437
Skipped Seq from 3437 to 3439
Skipped Seq from 3439 to 3441
Skipped Seq from 3441 to 3445
Skipped Seq from 3448 to 3451
Skipped Seq from 3451 to 3453
Skipped Seq from 3453 to 3458
Skipped Seq from 3458 to 3460
Skipped Seq from 3461 to 3465
Skipped Seq from 3465 to 3474
Skipped Seq from 3474 to 3483
Skipped Seq from 3483 to 3489
Skipped Seq from 3490 to 3496
Skipped Seq from 3496 to 3498
Skipped Seq from 3499 to 3501
Skipped Seq from 3501 to 3506
Skipped Seq from 3506 to 3522
Skipped Seq from 3522 to 3533
Skipped Seq from 3533 to 3537
Skipped Seq from 3537 to 3539
Skipped Seq from 3539 to 3543
Skipped Seq from 3543 to 3546
Skipped Seq from 3546 to 3548
Skipped Seq from 3548 to 3559
Skipped Seq from 3559 to 3565
Skipped Seq from 3565 to 3570
Skipped Seq from 3571 to 3578
Skipped Seq from 3578 to 3580
Skipped Seq from 3581 to 3587
Skipped Seq from 3588 to 3590
Skipped Seq from 3590 to 3600
Skipped Seq from 3600 to 3611
Skipped Seq from 3611 to 3617
Skipped Seq from 3618 to 3622
Skipped Seq from 3623 to 3625
Skipped Seq from 3626 to 3633
Skipped Seq from 3633 to 3644
Skipped Seq from 3644 to 3661
Skipped Seq from 3665 to 3677
Skipped Seq from 3677 to 3706
Skipped Seq from 3707 to 3716
Skipped Seq from 3717 to 3727
Skipped Seq from 3728 to 3732
Skipped Seq from 3733 to 3736
Skipped Seq from 3736 to 3753
Skipped Seq from 3756 to 3759
Skipped Seq from 3759 to 3768
Skipped Seq from 3768 to 3771
Skipped Seq from 3772 to 3775
Skipped Seq from 3775 to 3779
Skipped Seq from 3782 to 3785
Skipped Seq from 3786 to 3789
Skipped Seq from 3789 to 3793
Skipped Seq from 3794 to 3796
Skipped Seq from 3796 to 3803
Skipped Seq from 3804 to 3809
Skipped Seq from 3809 to 3811
Skipped Seq from 3811 to 3816
Skipped Seq from 3818 to 3820
Skipped Seq from 3820 to 3822
Skipped Seq from 3825 to 3838
Skipped Seq from 3838 to 3842
Skipped Seq from 3842 to 3855
Skipped Seq from 3856 to 3859
Skipped Seq from 3862 to 3864
Skipped Seq from 3864 to 3877
Skipped Seq from 3878 to 3884
Skipped Seq from 3884 to 3898
Skipped Seq from 3898 to 3900
Skipped Seq from 3900 to 3903
Skipped Seq from 3903 to 3906
Skipped Seq from 3906 to 3908
Skipped Seq from 3908 to 3913
Skipped Seq from 3913 to 3917
Skipped Seq from 3917 to 3919
Skipped Seq from 3920 to 3923
Skipped Seq from 3923 to 3925
Skipped Seq from 3925 to 3927
Skipped Seq from 3927 to 3929
Skipped Seq from 3929 to 3931
Skipped Seq from 3931 to 3933
Skipped Seq from 3933 to 3935
Skipped Seq from 3935 to 3946
Skipped Seq from 3946 to 3950
Skipped Seq from 3952 to 3959
Skipped Seq from 3959 to 3962
Skipped Seq from 3962 to 3964
Skipped Seq from 3964 to 3966
Skipped Seq from 3966 to 3968
Skipped Seq from 3968 to 3973
Skipped Seq from 3973 to 3977
Skipped Seq from 3977 to 3980
Skipped Seq from 3980 to 3987
Skipped Seq from 3987 to 3994
Skipped Seq from 3994 to 3996
Skipped Seq from 3996 to 3998
Skipped Seq from 3998 to 4000
Skipped Seq from 4000 to 4008
Skipped Seq from 4008 to 4010
Skipped Seq from 4010 to 4012
Skipped Seq from 4012 to 4014
Skipped Seq from 4014 to 4022
Skipped Seq from 4022 to 4024
Skipped Seq from 4024 to 4033
Skipped Seq from 4033 to 4035
Skipped Seq from 4035 to 4038
Skipped Seq from 4038 to 4042
Skipped Seq from 4042 to 4044
Skipped Seq from 4044 to 4046
Skipped Seq from 4046 to 4057
Skipped Seq from 4057 to 4059
Skipped Seq from 4059 to 4064
Skipped Seq from 4064 to 4075
Skipped Seq from 4075 to 4088
Skipped Seq from 4088 to 4090
Skipped Seq from 4090 to 4092
Skipped Seq from 4092 to 4094
Skipped Seq from 4094 to 4097
Skipped Seq from 4098 to 4108
Number of times throttled: 4
Received: 988 / 4113 packets
Start time: 1332841925.519861
End time: 1332841940.214979
Duration: 14.695118
