Starting client at 10.0.0.24:1284 with timeout:10
My IP address is 10.0.0.24Skipped Seq from 0 to 16
Skipped Seq from 563 to 565
Skipped Seq from 565 to 568
Skipped Seq from 569 to 571
Skipped Seq from 573 to 575
Skipped Seq from 581 to 583
Skipped Seq from 590 to 592
Skipped Seq from 592 to 594
Skipped Seq from 595 to 597
Skipped Seq from 607 to 610
Skipped Seq from 615 to 617
Skipped Seq from 618 to 621
Skipped Seq from 631 to 634
Skipped Seq from 638 to 641
Skipped Seq from 641 to 643
Skipped Seq from 645 to 647
Skipped Seq from 650 to 653
Skipped Seq from 661 to 663
Skipped Seq from 663 to 665
Skipped Seq from 666 to 668
Skipped Seq from 671 to 673
Skipped Seq from 674 to 677
Skipped Seq from 679 to 681
Skipped Seq from 689 to 692
Skipped Seq from 694 to 696
Skipped Seq from 700 to 702
Skipped Seq from 711 to 713
Skipped Seq from 719 to 721
Skipped Seq from 724 to 726
Skipped Seq from 728 to 730
Skipped Seq from 734 to 736
Skipped Seq from 747 to 750
Skipped Seq from 758 to 760
Skipped Seq from 770 to 772
Skipped Seq from 780 to 783
Skipped Seq from 792 to 794
Skipped Seq from 794 to 797
Skipped Seq from 798 to 800
Skipped Seq from 804 to 809
Skipped Seq from 815 to 817
Skipped Seq from 825 to 828
Skipped Seq from 830 to 832
Skipped Seq from 837 to 842
Skipped Seq from 842 to 850
Skipped Seq from 850 to 854
Skipped Seq from 854 to 856
Skipped Seq from 858 to 860
Skipped Seq from 865 to 872
Skipped Seq from 876 to 883
Skipped Seq from 887 to 891
Skipped Seq from 891 to 905
Skipped Seq from 905 to 914
Skipped Seq from 914 to 917
Skipped Seq from 917 to 920
Skipped Seq from 920 to 923
Skipped Seq from 923 to 926
Skipped Seq from 930 to 936
Skipped Seq from 936 to 946
Skipped Seq from 946 to 950
Skipped Seq from 950 to 952
Skipped Seq from 952 to 959
Skipped Seq from 959 to 963
Skipped Seq from 965 to 975
Skipped Seq from 976 to 979
Skipped Seq from 979 to 983
Skipped Seq from 983 to 986
Skipped Seq from 986 to 990
Skipped Seq from 990 to 994
Skipped Seq from 994 to 996
Skipped Seq from 996 to 998
Skipped Seq from 998 to 1000
Skipped Seq from 1000 to 1002
Skipped Seq from 1002 to 1004
Skipped Seq from 1005 to 1008
Skipped Seq from 1008 to 1014
Skipped Seq from 1014 to 1021
Skipped Seq from 1021 to 1024
Skipped Seq from 1024 to 1027
Skipped Seq from 1027 to 1029
Skipped Seq from 1030 to 1032
Skipped Seq from 1032 to 1034
Skipped Seq from 1034 to 1037
Skipped Seq from 1039 to 1044
Skipped Seq from 1044 to 1046
Skipped Seq from 1046 to 1048
Skipped Seq from 1048 to 1050
Skipped Seq from 1050 to 1053
Skipped Seq from 1053 to 1055
Skipped Seq from 1055 to 1057
Skipped Seq from 1057 to 1061
Skipped Seq from 1061 to 1065
Skipped Seq from 1065 to 1067
Skipped Seq from 1067 to 1070
Skipped Seq from 1070 to 1073
Skipped Seq from 1076 to 1085
Skipped Seq from 1085 to 1090
Skipped Seq from 1090 to 1092
Skipped Seq from 1093 to 1096
Skipped Seq from 1096 to 1099
Skipped Seq from 1099 to 1103
Skipped Seq from 1103 to 1105
Skipped Seq from 1105 to 1110
Skipped Seq from 1110 to 1112
Skipped Seq from 1114 to 1116
Skipped Seq from 1116 to 1128
Skipped Seq from 1128 to 1131
Skipped Seq from 1131 to 1133
Skipped Seq from 1135 to 1138
Skipped Seq from 1138 to 1146
Skipped Seq from 1146 to 1148
Skipped Seq from 1148 to 1154
Skipped Seq from 1155 to 1162
Skipped Seq from 1165 to 1170
Skipped Seq from 1170 to 1172
Skipped Seq from 1174 to 1176
Skipped Seq from 1177 to 1183
Skipped Seq from 1183 to 1186
Skipped Seq from 1186 to 1198
Skipped Seq from 1198 to 1202
Skipped Seq from 1202 to 1205
Skipped Seq from 1210 to 1212
Skipped Seq from 1212 to 1214
Skipped Seq from 1214 to 1217
Skipped Seq from 1218 to 1223
Skipped Seq from 1224 to 1228
Skipped Seq from 1228 to 1232
Skipped Seq from 1232 to 1237
Skipped Seq from 1237 to 1240
Skipped Seq from 1240 to 1243
Skipped Seq from 1243 to 1254
Skipped Seq from 1255 to 1263
Skipped Seq from 1263 to 1266
Skipped Seq from 1266 to 1270
Skipped Seq from 1271 to 1273
Skipped Seq from 1273 to 1282
Skipped Seq from 1283 to 1286
Skipped Seq from 1288 to 1298
Skipped Seq from 1298 to 1300
Skipped Seq from 1306 to 1310
Skipped Seq from 1310 to 1320
Skipped Seq from 1320 to 1322
Skipped Seq from 1323 to 1325
Skipped Seq from 1325 to 1328
Skipped Seq from 1328 to 1330
Skipped Seq from 1331 to 1334
Skipped Seq from 1334 to 1345
Skipped Seq from 1345 to 1349
Skipped Seq from 1349 to 1351
Skipped Seq from 1351 to 1354
Skipped Seq from 1354 to 1356
Skipped Seq from 1358 to 1370
Skipped Seq from 1371 to 1373
Skipped Seq from 1373 to 1385
Skipped Seq from 1385 to 1398
Skipped Seq from 1398 to 1404
Skipped Seq from 1404 to 1411
Skipped Seq from 1414 to 1416
Skipped Seq from 1419 to 1427
Skipped Seq from 1428 to 1433
Skipped Seq from 1433 to 1440
Skipped Seq from 1441 to 1443
Skipped Seq from 1443 to 1450
Skipped Seq from 1452 to 1457
Skipped Seq from 1457 to 1460
Skipped Seq from 1461 to 1465
Skipped Seq from 1465 to 1469
Skipped Seq from 1470 to 1472
Skipped Seq from 1472 to 1474
Skipped Seq from 1474 to 1479
Skipped Seq from 1480 to 1489
Skipped Seq from 1489 to 1494
Skipped Seq from 1495 to 1503
Skipped Seq from 1506 to 1508
Skipped Seq from 1510 to 1526
Skipped Seq from 1529 to 1531
Skipped Seq from 1531 to 1533
Skipped Seq from 1536 to 1540
Skipped Seq from 1541 to 1544
Skipped Seq from 1544 to 1573
Skipped Seq from 1573 to 1577
Skipped Seq from 1577 to 1582
Skipped Seq from 1582 to 1584
Skipped Seq from 1586 to 1590
Skipped Seq from 1590 to 1593
Skipped Seq from 1595 to 1599
Skipped Seq from 1601 to 1611
Skipped Seq from 1612 to 1615
Skipped Seq from 1617 to 1621
Skipped Seq from 1621 to 1623
Skipped Seq from 1625 to 1628
Skipped Seq from 1628 to 1644
Skipped Seq from 1645 to 1647
Skipped Seq from 1649 to 1652
Skipped Seq from 1652 to 1655
Skipped Seq from 1655 to 1657
Skipped Seq from 1657 to 1662
Skipped Seq from 1662 to 1665
Skipped Seq from 1665 to 1667
Skipped Seq from 1668 to 1674
Skipped Seq from 1674 to 1677
Skipped Seq from 1681 to 1696
Skipped Seq from 1697 to 1704
Skipped Seq from 1704 to 1726
Skipped Seq from 1726 to 1729
Skipped Seq from 1729 to 1732
Skipped Seq from 1734 to 1736
Skipped Seq from 1737 to 1750
Skipped Seq from 1750 to 1754
Skipped Seq from 1754 to 1756
Skipped Seq from 1759 to 1764
Skipped Seq from 1764 to 1768
Skipped Seq from 1768 to 1771
Skipped Seq from 1771 to 1778
Skipped Seq from 1781 to 1783
Skipped Seq from 1784 to 1787
Skipped Seq from 1787 to 1791
Skipped Seq from 1791 to 1793
Skipped Seq from 1794 to 1798
Skipped Seq from 1798 to 1802
Skipped Seq from 1802 to 1804
Skipped Seq from 1804 to 1809
Skipped Seq from 1809 to 1813
Skipped Seq from 1814 to 1821
Skipped Seq from 1822 to 1824
Skipped Seq from 1824 to 1827
Skipped Seq from 1829 to 1835
Skipped Seq from 1839 to 1841
Skipped Seq from 1841 to 1846
Skipped Seq from 1846 to 1848
Skipped Seq from 1849 to 1851
Skipped Seq from 1852 to 1862
Skipped Seq from 1862 to 1870
Skipped Seq from 1870 to 1876
Skipped Seq from 1877 to 1887
Skipped Seq from 1890 to 1894
Skipped Seq from 1894 to 1899
Skipped Seq from 1899 to 1901
Skipped Seq from 1901 to 1907
Skipped Seq from 1907 to 1912
Skipped Seq from 1913 to 1923
Skipped Seq from 1923 to 1925
Skipped Seq from 1926 to 1932
Skipped Seq from 1932 to 1938
Skipped Seq from 1938 to 1957
Skipped Seq from 1958 to 1961
Skipped Seq from 1961 to 1964
Skipped Seq from 1965 to 1970
Skipped Seq from 1973 to 1977
Skipped Seq from 1978 to 1985
Skipped Seq from 1985 to 1993
Skipped Seq from 1993 to 1995
Skipped Seq from 1995 to 1999
Skipped Seq from 1999 to 2004
Skipped Seq from 2005 to 2011
Skipped Seq from 2011 to 2015
Skipped Seq from 2015 to 2017
Skipped Seq from 2019 to 2022
Skipped Seq from 2022 to 2035
Skipped Seq from 2038 to 2044
Skipped Seq from 2044 to 2046
Skipped Seq from 2046 to 2053
Skipped Seq from 2053 to 2058
Skipped Seq from 2058 to 2069
Skipped Seq from 2071 to 2077
Skipped Seq from 2077 to 2085
Skipped Seq from 2085 to 2089
Skipped Seq from 2089 to 2093
Skipped Seq from 2096 to 2106
Skipped Seq from 2106 to 2108
Skipped Seq from 2108 to 2125
Skipped Seq from 2125 to 2127
Skipped Seq from 2127 to 2132
Skipped Seq from 2133 to 2135
Skipped Seq from 2135 to 2139
Skipped Seq from 2139 to 2141
Skipped Seq from 2141 to 2144
Skipped Seq from 2145 to 2147
Skipped Seq from 2147 to 2151
Skipped Seq from 2151 to 2153
Skipped Seq from 2153 to 2165
Skipped Seq from 2165 to 2172
Skipped Seq from 2172 to 2175
Skipped Seq from 2175 to 2177
Skipped Seq from 2178 to 2180
Skipped Seq from 2181 to 2183
Skipped Seq from 2183 to 2191
Skipped Seq from 2191 to 2196
Skipped Seq from 2196 to 2198
Skipped Seq from 2198 to 2202
Skipped Seq from 2202 to 2204
Skipped Seq from 2204 to 2206
Skipped Seq from 2206 to 2208
Skipped Seq from 2208 to 2210
Skipped Seq from 2210 to 2213
Skipped Seq from 2213 to 2215
Skipped Seq from 2215 to 2217
Skipped Seq from 2218 to 2225
Skipped Seq from 2225 to 2228
Skipped Seq from 2228 to 2230
Skipped Seq from 2230 to 2232
Skipped Seq from 2232 to 2234
Skipped Seq from 2234 to 2236
Skipped Seq from 2236 to 2251
Skipped Seq from 2251 to 2255
Skipped Seq from 2255 to 2258
Skipped Seq from 2258 to 2261
Skipped Seq from 2261 to 2267
Skipped Seq from 2267 to 2270
Skipped Seq from 2270 to 2272
Skipped Seq from 2274 to 2280
Skipped Seq from 2281 to 2283
Skipped Seq from 2283 to 2285
Skipped Seq from 2286 to 2291
Skipped Seq from 2291 to 2301
Skipped Seq from 2302 to 2308
Skipped Seq from 2308 to 2318
Skipped Seq from 2318 to 2322
Skipped Seq from 2323 to 2343
Skipped Seq from 2343 to 2362
Skipped Seq from 2362 to 2364
Skipped Seq from 2364 to 2366
Skipped Seq from 2366 to 2375
Skipped Seq from 2376 to 2386
Skipped Seq from 2388 to 2390
Skipped Seq from 2392 to 2395
Skipped Seq from 2395 to 2400
Skipped Seq from 2400 to 2404
Skipped Seq from 2404 to 2414
Skipped Seq from 2414 to 2416
Skipped Seq from 2418 to 2420
Skipped Seq from 2420 to 2422
Skipped Seq from 2422 to 2426
Skipped Seq from 2426 to 2433
Skipped Seq from 2433 to 2439
Skipped Seq from 2439 to 2444
Skipped Seq from 2444 to 2446
Skipped Seq from 2446 to 2448
Skipped Seq from 2448 to 2455
Skipped Seq from 2457 to 2460
Skipped Seq from 2460 to 2464
Skipped Seq from 2464 to 2466
Skipped Seq from 2466 to 2469
Skipped Seq from 2469 to 2475
Skipped Seq from 2475 to 2486
Skipped Seq from 2486 to 2488
Skipped Seq from 2488 to 2490
Skipped Seq from 2491 to 2497
Skipped Seq from 2497 to 2499
Skipped Seq from 2499 to 2507
Skipped Seq from 2507 to 2511
Skipped Seq from 2511 to 2515
Skipped Seq from 2515 to 2519
Skipped Seq from 2519 to 2525
Skipped Seq from 2526 to 2534
Skipped Seq from 2534 to 2536
Skipped Seq from 2536 to 2541
Skipped Seq from 2541 to 2545
Skipped Seq from 2546 to 2548
Skipped Seq from 2548 to 2567
Skipped Seq from 2569 to 2579
Skipped Seq from 2581 to 2583
Skipped Seq from 2588 to 2593
Skipped Seq from 2593 to 2607
Skipped Seq from 2607 to 2614
Skipped Seq from 2614 to 2618
Skipped Seq from 2620 to 2622
Skipped Seq from 2622 to 2624
Skipped Seq from 2624 to 2627
Skipped Seq from 2627 to 2629
Skipped Seq from 2629 to 2631
Skipped Seq from 2633 to 2652
Skipped Seq from 2652 to 2655
Skipped Seq from 2655 to 2660
Skipped Seq from 2661 to 2669
Skipped Seq from 2672 to 2674
Skipped Seq from 2674 to 2681
Skipped Seq from 2681 to 2683
Skipped Seq from 2683 to 2687
Skipped Seq from 2687 to 2689
Skipped Seq from 2689 to 2691
Skipped Seq from 2692 to 2695
Skipped Seq from 2695 to 2713
Skipped Seq from 2715 to 2720
Skipped Seq from 2720 to 2722
Skipped Seq from 2722 to 2727
Skipped Seq from 2727 to 2729
Skipped Seq from 2729 to 2731
Skipped Seq from 2731 to 2733
Skipped Seq from 2733 to 2753
Skipped Seq from 2754 to 2773
Skipped Seq from 2773 to 2777
Skipped Seq from 2777 to 2779
Skipped Seq from 2780 to 2782
Skipped Seq from 2782 to 2787
Skipped Seq from 2787 to 2796
Skipped Seq from 2796 to 2798
Skipped Seq from 2800 to 2802
Skipped Seq from 2802 to 2804
Skipped Seq from 2805 to 2809
Skipped Seq from 2809 to 2812
Skipped Seq from 2819 to 2825
Skipped Seq from 2825 to 2830
Skipped Seq from 2831 to 2841
Skipped Seq from 2841 to 2850
Skipped Seq from 2850 to 2859
Skipped Seq from 2859 to 2861
Skipped Seq from 2861 to 2866
Skipped Seq from 2866 to 2868
Skipped Seq from 2868 to 2871
Skipped Seq from 2872 to 2882
Skipped Seq from 2882 to 2884
Skipped Seq from 2885 to 2888
Skipped Seq from 2888 to 2893
Skipped Seq from 2894 to 2900
Skipped Seq from 2900 to 2909
Skipped Seq from 2912 to 2916
Skipped Seq from 2917 to 2925
Skipped Seq from 2925 to 2933
Skipped Seq from 2934 to 2957
Skipped Seq from 2957 to 2962
Skipped Seq from 2965 to 2967
Skipped Seq from 2967 to 2969
Skipped Seq from 2969 to 2971
Skipped Seq from 2974 to 2976
Skipped Seq from 2976 to 2980
Skipped Seq from 2980 to 2984
Skipped Seq from 2984 to 2986
Skipped Seq from 2986 to 2988
Skipped Seq from 2988 to 2997
Skipped Seq from 2997 to 2999
Skipped Seq from 2999 to 3002
Skipped Seq from 3002 to 3006
Skipped Seq from 3008 to 3018
Skipped Seq from 3019 to 3022
Skipped Seq from 3022 to 3024
Skipped Seq from 3025 to 3028
Skipped Seq from 3028 to 3030
Skipped Seq from 3033 to 3039
Skipped Seq from 3039 to 3041
Skipped Seq from 3041 to 3045
Skipped Seq from 3045 to 3047
Skipped Seq from 3048 to 3050
Skipped Seq from 3050 to 3052
Skipped Seq from 3052 to 3054
Skipped Seq from 3054 to 3057
Skipped Seq from 3057 to 3063
Skipped Seq from 3064 to 3068
Skipped Seq from 3068 to 3082
Skipped Seq from 3082 to 3086
Skipped Seq from 3086 to 3088
Skipped Seq from 3088 to 3090
Skipped Seq from 3090 to 3094
Skipped Seq from 3095 to 3098
Skipped Seq from 3100 to 3102
Skipped Seq from 3102 to 3104
Skipped Seq from 3106 to 3113
Skipped Seq from 3115 to 3118
Skipped Seq from 3118 to 3121
Skipped Seq from 3123 to 3125
Skipped Seq from 3125 to 3128
Skipped Seq from 3128 to 3141
Skipped Seq from 3141 to 3143
Skipped Seq from 3143 to 3147
Skipped Seq from 3147 to 3164
Skipped Seq from 3164 to 3169
Skipped Seq from 3169 to 3175
Skipped Seq from 3176 to 3178
Skipped Seq from 3179 to 3192
Skipped Seq from 3192 to 3210
Skipped Seq from 3211 to 3213
Skipped Seq from 3213 to 3221
Skipped Seq from 3221 to 3228
Skipped Seq from 3229 to 3231
Skipped Seq from 3231 to 3235
Skipped Seq from 3235 to 3237
Skipped Seq from 3237 to 3242
Skipped Seq from 3242 to 3244
Skipped Seq from 3244 to 3246
Skipped Seq from 3246 to 3249
Skipped Seq from 3250 to 3256
Skipped Seq from 3259 to 3272
Skipped Seq from 3274 to 3276
Skipped Seq from 3276 to 3278
Skipped Seq from 3278 to 3281
Skipped Seq from 3282 to 3285
Skipped Seq from 3286 to 3291
Skipped Seq from 3291 to 3293
Skipped Seq from 3294 to 3296
Skipped Seq from 3298 to 3302
Skipped Seq from 3302 to 3304
Skipped Seq from 3308 to 3310
Skipped Seq from 3311 to 3313
Skipped Seq from 3313 to 3315
Skipped Seq from 3316 to 3320
Skipped Seq from 3320 to 3323
Skipped Seq from 3324 to 3326
Skipped Seq from 3326 to 3329
Skipped Seq from 3330 to 3332
Skipped Seq from 3332 to 3340
Skipped Seq from 3340 to 3347
Skipped Seq from 3347 to 3351
Skipped Seq from 3352 to 3370
Skipped Seq from 3371 to 3375
Skipped Seq from 3375 to 3379
Skipped Seq from 3382 to 3384
Skipped Seq from 3384 to 3396
Skipped Seq from 3396 to 3401
Skipped Seq from 3401 to 3405
Skipped Seq from 3405 to 3409
Skipped Seq from 3411 to 3414
Skipped Seq from 3415 to 3420
Skipped Seq from 3421 to 3424
Skipped Seq from 3424 to 3427
Skipped Seq from 3428 to 3432
Skipped Seq from 3432 to 3440
Skipped Seq from 3441 to 3443
Skipped Seq from 3443 to 3446
Skipped Seq from 3446 to 3448
Skipped Seq from 3449 to 3452
Skipped Seq from 3452 to 3458
Skipped Seq from 3458 to 3464
Skipped Seq from 3464 to 3467
Skipped Seq from 3469 to 3474
Skipped Seq from 3475 to 3477
Skipped Seq from 3477 to 3486
Skipped Seq from 3486 to 3490
Skipped Seq from 3490 to 3492
Skipped Seq from 3493 to 3499
Skipped Seq from 3501 to 3504
Skipped Seq from 3504 to 3506
Skipped Seq from 3510 to 3519
Skipped Seq from 3519 to 3521
Skipped Seq from 3521 to 3524
Skipped Seq from 3524 to 3526
Skipped Seq from 3528 to 3531
Skipped Seq from 3531 to 3533
Skipped Seq from 3533 to 3535
Skipped Seq from 3537 to 3544
Skipped Seq from 3544 to 3553
Skipped Seq from 3553 to 3559
Skipped Seq from 3559 to 3568
Skipped Seq from 3568 to 3570
Skipped Seq from 3571 to 3573
Skipped Seq from 3573 to 3575
Skipped Seq from 3575 to 3577
Skipped Seq from 3577 to 3583
Skipped Seq from 3585 to 3593
Skipped Seq from 3595 to 3598
Skipped Seq from 3599 to 3605
Skipped Seq from 3605 to 3607
Skipped Seq from 3613 to 3615
Skipped Seq from 3616 to 3619
Skipped Seq from 3619 to 3626
Skipped Seq from 3626 to 3630
Skipped Seq from 3630 to 3633
Skipped Seq from 3633 to 3638
Skipped Seq from 3638 to 3640
Skipped Seq from 3640 to 3642
Skipped Seq from 3642 to 3648
Skipped Seq from 3651 to 3653
Skipped Seq from 3653 to 3657
Skipped Seq from 3658 to 3662
Skipped Seq from 3662 to 3665
Skipped Seq from 3665 to 3673
Skipped Seq from 3674 to 3683
Skipped Seq from 3683 to 3685
Skipped Seq from 3687 to 3690
Skipped Seq from 3690 to 3694
Skipped Seq from 3694 to 3697
Skipped Seq from 3697 to 3699
Skipped Seq from 3700 to 3702
Skipped Seq from 3703 to 3708
Skipped Seq from 3709 to 3716
Skipped Seq from 3719 to 3724
Skipped Seq from 3724 to 3733
Skipped Seq from 3734 to 3737
Skipped Seq from 3739 to 3741
Skipped Seq from 3741 to 3747
Skipped Seq from 3747 to 3751
Skipped Seq from 3751 to 3757
Skipped Seq from 3757 to 3772
Skipped Seq from 3772 to 3775
Skipped Seq from 3778 to 3781
Skipped Seq from 3784 to 3786
Skipped Seq from 3787 to 3789
Skipped Seq from 3791 to 3801
Skipped Seq from 3801 to 3809
Skipped Seq from 3811 to 3813
Skipped Seq from 3813 to 3824
Skipped Seq from 3825 to 3828
Skipped Seq from 3828 to 3838
Skipped Seq from 3838 to 3842
Skipped Seq from 3843 to 3845
Skipped Seq from 3845 to 3855
Skipped Seq from 3855 to 3862
Skipped Seq from 3863 to 3870
Skipped Seq from 3872 to 3881
Skipped Seq from 3881 to 3885
Skipped Seq from 3887 to 3898
Skipped Seq from 3900 to 3909
Skipped Seq from 3912 to 3916
Skipped Seq from 3916 to 3919
Skipped Seq from 3919 to 3924
Skipped Seq from 3924 to 3930
Skipped Seq from 3931 to 3945
Skipped Seq from 3946 to 3948
Skipped Seq from 3962 to 3965
Skipped Seq from 3965 to 3967
Skipped Seq from 3968 to 3970
Skipped Seq from 3974 to 3979
Skipped Seq from 3981 to 3983
Skipped Seq from 3987 to 3989
Skipped Seq from 3989 to 3991
Skipped Seq from 3991 to 3995
Skipped Seq from 3995 to 3997
Skipped Seq from 3997 to 4007
Skipped Seq from 4007 to 4009
Skipped Seq from 4009 to 4015
Skipped Seq from 4015 to 4017
Skipped Seq from 4017 to 4020
Skipped Seq from 4020 to 4026
Skipped Seq from 4026 to 4033
Skipped Seq from 4034 to 4039
Skipped Seq from 4041 to 4043
Skipped Seq from 4043 to 4046
Skipped Seq from 4047 to 4057
Skipped Seq from 4057 to 4060
Skipped Seq from 4060 to 4062
Skipped Seq from 4064 to 4066
Skipped Seq from 4066 to 4071
Skipped Seq from 4073 to 4075
Skipped Seq from 4081 to 4100
Skipped Seq from 4102 to 4109
Skipped Seq from 4117 to 4122
Skipped Seq from 4122 to 4125
Skipped Seq from 4125 to 4127
Skipped Seq from 4127 to 4133
Skipped Seq from 4136 to 4138
Skipped Seq from 4140 to 4142
Skipped Seq from 4143 to 4147
Skipped Seq from 4156 to 4159
Skipped Seq from 4159 to 4163
Skipped Seq from 4164 to 4167
Skipped Seq from 4167 to 4169
Skipped Seq from 4171 to 4173
Skipped Seq from 4176 to 4179
Skipped Seq from 4180 to 4184
Skipped Seq from 4186 to 4190
Skipped Seq from 4194 to 4196
Skipped Seq from 4196 to 4200
Skipped Seq from 4203 to 4205
Skipped Seq from 4206 to 4208
Skipped Seq from 4209 to 4211
Skipped Seq from 4211 to 4214
Skipped Seq from 4215 to 4217
Skipped Seq from 4218 to 4221
Skipped Seq from 4223 to 4225
Skipped Seq from 4225 to 4227
Skipped Seq from 4233 to 4240
Skipped Seq from 4242 to 4244
Skipped Seq from 4247 to 4250
Skipped Seq from 4256 to 4258
Skipped Seq from 4260 to 4268
Skipped Seq from 4275 to 4278
Skipped Seq from 4278 to 4282
Skipped Seq from 4282 to 4285
Skipped Seq from 4285 to 4288
Skipped Seq from 4293 to 4297
Skipped Seq from 4301 to 4303
Skipped Seq from 4303 to 4305
Skipped Seq from 4305 to 4307
Skipped Seq from 4311 to 4313
Skipped Seq from 4316 to 4318
Skipped Seq from 4319 to 4322
Skipped Seq from 4324 to 4326
Skipped Seq from 4330 to 4333
Skipped Seq from 4334 to 4337
Skipped Seq from 4337 to 4352
Skipped Seq from 4353 to 4355
Skipped Seq from 4355 to 4357
Skipped Seq from 4358 to 4360
Skipped Seq from 4369 to 4371
Skipped Seq from 4376 to 4378
Skipped Seq from 4378 to 4382
Skipped Seq from 4390 to 4394
Skipped Seq from 4394 to 4398
Skipped Seq from 4399 to 4401
Skipped Seq from 4401 to 4403
Skipped Seq from 4403 to 4406
Skipped Seq from 4406 to 4409
Skipped Seq from 4409 to 4411
Skipped Seq from 4411 to 4413
Skipped Seq from 4413 to 4415
Skipped Seq from 4415 to 4417
Skipped Seq from 4417 to 4419
Skipped Seq from 4421 to 4431
Skipped Seq from 4433 to 4435
Skipped Seq from 4437 to 4439
Skipped Seq from 4439 to 4442
Skipped Seq from 4443 to 4448
Skipped Seq from 4448 to 4452
Skipped Seq from 4456 to 4459
Skipped Seq from 4459 to 4461
Skipped Seq from 4462 to 4465
Skipped Seq from 4465 to 4467
Skipped Seq from 4468 to 4474
Skipped Seq from 4476 to 4478
Skipped Seq from 4479 to 4484
Skipped Seq from 4484 to 4486
Skipped Seq from 4486 to 4505
Skipped Seq from 4507 to 4510
Skipped Seq from 4522 to 4525
Skipped Seq from 4525 to 4529
Skipped Seq from 4529 to 4532
Skipped Seq from 4533 to 4535
Skipped Seq from 4535 to 4537
Skipped Seq from 4538 to 4540
Skipped Seq from 4544 to 4547
Skipped Seq from 4552 to 4554
Skipped Seq from 4563 to 4565
Skipped Seq from 4567 to 4570
Skipped Seq from 4571 to 4575
Skipped Seq from 4579 to 4581
Skipped Seq from 4584 to 4586
Skipped Seq from 4589 to 4591
Skipped Seq from 4596 to 4598
Skipped Seq from 4598 to 4601
Skipped Seq from 4602 to 4605
Skipped Seq from 4607 to 4609
Skipped Seq from 4611 to 4613
Skipped Seq from 4617 to 4620
Skipped Seq from 4635 to 4637
Skipped Seq from 4638 to 4640
Skipped Seq from 4642 to 4645
Skipped Seq from 4658 to 4660
Skipped Seq from 4665 to 4667
Skipped Seq from 4673 to 4675
Skipped Seq from 4681 to 4683
Skipped Seq from 4683 to 4685
Skipped Seq from 4723 to 4725
Skipped Seq from 4730 to 4733
Skipped Seq from 4733 to 4735
Skipped Seq from 4738 to 4740
Skipped Seq from 4743 to 4745
Skipped Seq from 4756 to 4758
Skipped Seq from 4764 to 4767
Skipped Seq from 4773 to 4776
Skipped Seq from 4785 to 4787
Skipped Seq from 4790 to 4794
Skipped Seq from 4794 to 4796
Skipped Seq from 4802 to 4804
Skipped Seq from 4817 to 4819
Skipped Seq from 4829 to 4831
Skipped Seq from 4853 to 4855
Skipped Seq from 4855 to 4857
Skipped Seq from 4859 to 4861
Skipped Seq from 4861 to 4863
Skipped Seq from 4865 to 4867
Skipped Seq from 4868 to 4870
Skipped Seq from 4874 to 4877
Skipped Seq from 4890 to 4895
Skipped Seq from 4898 to 4902
Skipped Seq from 4908 to 4913
Skipped Seq from 4915 to 4917
Skipped Seq from 4927 to 4929
Skipped Seq from 4932 to 4934
Skipped Seq from 4938 to 4941
Skipped Seq from 4941 to 4943
Skipped Seq from 4952 to 4954
Skipped Seq from 4958 to 4961
Skipped Seq from 4971 to 4974
Skipped Seq from 4983 to 4985
Skipped Seq from 4996 to 4998
Skipped Seq from 5000 to 5004
Skipped Seq from 5005 to 5007
Skipped Seq from 5008 to 5010
Skipped Seq from 5014 to 5016
Skipped Seq from 5032 to 5035
Skipped Seq from 5035 to 5038
Skipped Seq from 5048 to 5050
Skipped Seq from 5053 to 5056
Skipped Seq from 5065 to 5067
Skipped Seq from 5069 to 5072
Skipped Seq from 5072 to 5074
Skipped Seq from 5074 to 5077
Skipped Seq from 5085 to 5087
Skipped Seq from 5107 to 5109
Skipped Seq from 5114 to 5117
Skipped Seq from 5117 to 5120
Skipped Seq from 5129 to 5131
Skipped Seq from 5189 to 5192
Skipped Seq from 5193 to 5196
Skipped Seq from 5222 to 5224
Skipped Seq from 5234 to 5236
Skipped Seq from 5250 to 5252
Skipped Seq from 5253 to 5255
Skipped Seq from 5261 to 5263
Skipped Seq from 5263 to 5265
Skipped Seq from 5276 to 5278
Skipped Seq from 5291 to 5293
Skipped Seq from 5299 to 5301
Skipped Seq from 5318 to 5320
Skipped Seq from 5328 to 5330
Skipped Seq from 5332 to 5334
Skipped Seq from 5338 to 5340
Skipped Seq from 5342 to 5344
Skipped Seq from 5346 to 5348
Number of times throttled: 5
Received: 7931 / 10618 packets
Start time: 1332842399.388417
End time: 1332842424.260627
Duration: 24.872210
