Starting client at 10.0.0.20:1250 with timeout:10
My IP address is 10.0.0.20Skipped Seq from 0 to 21
Recovered out of order packet from 28 to 9
Recovered out of order packet from 34 to 10
Skipped Seq from 859 to 861
Skipped Seq from 863 to 865
Skipped Seq from 868 to 870
Skipped Seq from 878 to 881
Skipped Seq from 890 to 892
Skipped Seq from 896 to 899
Skipped Seq from 899 to 901
Skipped Seq from 928 to 931
Skipped Seq from 931 to 934
Skipped Seq from 934 to 939
Skipped Seq from 939 to 942
Skipped Seq from 944 to 946
Skipped Seq from 948 to 950
Skipped Seq from 952 to 954
Skipped Seq from 955 to 958
Skipped Seq from 958 to 964
Skipped Seq from 967 to 969
Skipped Seq from 969 to 971
Skipped Seq from 972 to 974
Skipped Seq from 976 to 978
Skipped Seq from 982 to 984
Skipped Seq from 985 to 987
Skipped Seq from 989 to 991
Skipped Seq from 991 to 993
Skipped Seq from 995 to 999
Skipped Seq from 1003 to 1005
Skipped Seq from 1010 to 1012
Skipped Seq from 1016 to 1018
Skipped Seq from 1021 to 1023
Skipped Seq from 1024 to 1026
Skipped Seq from 1033 to 1035
Skipped Seq from 1040 to 1043
Skipped Seq from 1043 to 1046
Skipped Seq from 1048 to 1050
Skipped Seq from 1054 to 1057
Skipped Seq from 1064 to 1066
Skipped Seq from 1066 to 1068
Skipped Seq from 1068 to 1070
Skipped Seq from 1072 to 1074
Skipped Seq from 1075 to 1077
Skipped Seq from 1078 to 1080
Skipped Seq from 1081 to 1083
Skipped Seq from 1085 to 1088
Skipped Seq from 1088 to 1091
Skipped Seq from 1096 to 1098
Skipped Seq from 1098 to 1100
Skipped Seq from 1101 to 1103
Skipped Seq from 1103 to 1105
Skipped Seq from 1107 to 1109
Skipped Seq from 1109 to 1113
Skipped Seq from 1113 to 1116
Skipped Seq from 1121 to 1124
Skipped Seq from 1124 to 1126
Skipped Seq from 1132 to 1134
Skipped Seq from 1140 to 1142
Skipped Seq from 1142 to 1144
Skipped Seq from 1148 to 1150
Skipped Seq from 1150 to 1152
Skipped Seq from 1153 to 1155
Skipped Seq from 1156 to 1158
Skipped Seq from 1158 to 1160
Skipped Seq from 1163 to 1165
Skipped Seq from 1168 to 1171
Skipped Seq from 1171 to 1173
Skipped Seq from 1174 to 1176
Skipped Seq from 1176 to 1178
Skipped Seq from 1181 to 1183
Skipped Seq from 1184 to 1187
Skipped Seq from 1193 to 1196
Skipped Seq from 1199 to 1201
Skipped Seq from 1202 to 1204
Skipped Seq from 1204 to 1206
Skipped Seq from 1206 to 1209
Skipped Seq from 1209 to 1211
Skipped Seq from 1212 to 1214
Skipped Seq from 1214 to 1217
Skipped Seq from 1219 to 1221
Skipped Seq from 1221 to 1224
Skipped Seq from 1229 to 1234
Skipped Seq from 1234 to 1240
Skipped Seq from 1242 to 1245
Skipped Seq from 1249 to 1251
Skipped Seq from 1257 to 1260
Skipped Seq from 1260 to 1262
Skipped Seq from 1262 to 1264
Skipped Seq from 1265 to 1267
Skipped Seq from 1268 to 1270
Skipped Seq from 1270 to 1272
Skipped Seq from 1272 to 1275
Skipped Seq from 1275 to 1277
Skipped Seq from 1279 to 1282
Skipped Seq from 1282 to 1285
Skipped Seq from 1286 to 1288
Skipped Seq from 1288 to 1291
Skipped Seq from 1291 to 1294
Skipped Seq from 1301 to 1303
Skipped Seq from 1308 to 1310
Skipped Seq from 1312 to 1314
Skipped Seq from 1323 to 1325
Skipped Seq from 1331 to 1333
Skipped Seq from 1334 to 1336
Skipped Seq from 1336 to 1338
Skipped Seq from 1340 to 1342
Skipped Seq from 1342 to 1344
Skipped Seq from 1345 to 1347
Skipped Seq from 1351 to 1353
Skipped Seq from 1354 to 1356
Skipped Seq from 1360 to 1363
Skipped Seq from 1365 to 1369
Skipped Seq from 1371 to 1373
Skipped Seq from 1374 to 1376
Skipped Seq from 1380 to 1382
Skipped Seq from 1382 to 1385
Skipped Seq from 1385 to 1387
Skipped Seq from 1388 to 1390
Skipped Seq from 1390 to 1392
Skipped Seq from 1392 to 1397
Skipped Seq from 1398 to 1400
Skipped Seq from 1406 to 1409
Skipped Seq from 1415 to 1417
Skipped Seq from 1418 to 1420
Skipped Seq from 1420 to 1422
Skipped Seq from 1424 to 1427
Skipped Seq from 1427 to 1429
Skipped Seq from 1430 to 1432
Skipped Seq from 1437 to 1440
Skipped Seq from 1440 to 1442
Skipped Seq from 1442 to 1445
Skipped Seq from 1450 to 1452
Skipped Seq from 1453 to 1455
Skipped Seq from 1456 to 1458
Skipped Seq from 1458 to 1460
Skipped Seq from 1462 to 1464
Skipped Seq from 1467 to 1469
Skipped Seq from 1469 to 1471
Skipped Seq from 1471 to 1473
Skipped Seq from 1479 to 1484
Skipped Seq from 1485 to 1487
Skipped Seq from 1494 to 1496
Skipped Seq from 1497 to 1499
Skipped Seq from 1499 to 1501
Skipped Seq from 1502 to 1504
Skipped Seq from 1507 to 1509
Skipped Seq from 1510 to 1512
Skipped Seq from 1514 to 1516
Skipped Seq from 1519 to 1523
Skipped Seq from 1525 to 1527
Skipped Seq from 1536 to 1538
Skipped Seq from 1544 to 1546
Skipped Seq from 1548 to 1553
Skipped Seq from 1559 to 1561
Skipped Seq from 1562 to 1564
Skipped Seq from 1565 to 1567
Skipped Seq from 1567 to 1569
Skipped Seq from 1571 to 1573
Skipped Seq from 1575 to 1577
Skipped Seq from 1577 to 1579
Skipped Seq from 1581 to 1584
Skipped Seq from 1584 to 1586
Skipped Seq from 1586 to 1588
Skipped Seq from 1594 to 1597
Skipped Seq from 1597 to 1600
Skipped Seq from 1601 to 1603
Skipped Seq from 1604 to 1606
Skipped Seq from 1607 to 1609
Skipped Seq from 1611 to 1613
Skipped Seq from 1614 to 1616
Skipped Seq from 1616 to 1618
Skipped Seq from 1618 to 1620
Skipped Seq from 1621 to 1623
Skipped Seq from 1624 to 1628
Skipped Seq from 1636 to 1639
Skipped Seq from 1641 to 1643
Skipped Seq from 1644 to 1650
Skipped Seq from 1650 to 1652
Skipped Seq from 1652 to 1654
Skipped Seq from 1658 to 1661
Skipped Seq from 1666 to 1668
Skipped Seq from 1671 to 1673
Skipped Seq from 1674 to 1677
Skipped Seq from 1679 to 1681
Skipped Seq from 1684 to 1686
Skipped Seq from 1686 to 1688
Skipped Seq from 1688 to 1691
Skipped Seq from 1692 to 1695
Skipped Seq from 1695 to 1697
Skipped Seq from 1699 to 1701
Skipped Seq from 1702 to 1705
Skipped Seq from 1705 to 1708
Skipped Seq from 1710 to 1712
Skipped Seq from 1716 to 1718
Skipped Seq from 1719 to 1722
Skipped Seq from 1723 to 1725
Skipped Seq from 1728 to 1730
Skipped Seq from 1730 to 1732
Skipped Seq from 1733 to 1735
Skipped Seq from 1736 to 1738
Skipped Seq from 1740 to 1744
Skipped Seq from 1746 to 1748
Skipped Seq from 1751 to 1753
Skipped Seq from 1756 to 1759
Skipped Seq from 1759 to 1761
Skipped Seq from 1761 to 1763
Skipped Seq from 1766 to 1768
Skipped Seq from 1768 to 1770
Skipped Seq from 1773 to 1775
Skipped Seq from 1775 to 1777
Skipped Seq from 1777 to 1779
Skipped Seq from 1779 to 1781
Skipped Seq from 1786 to 1788
Skipped Seq from 1793 to 1795
Skipped Seq from 1804 to 1806
Skipped Seq from 1811 to 1814
Skipped Seq from 1818 to 1820
Skipped Seq from 1821 to 1824
Skipped Seq from 1824 to 1826
Skipped Seq from 1830 to 1833
Skipped Seq from 1835 to 1837
Skipped Seq from 1839 to 1841
Skipped Seq from 1841 to 1843
Skipped Seq from 1861 to 1865
Skipped Seq from 1866 to 1869
Skipped Seq from 1870 to 1872
Skipped Seq from 1872 to 1875
Skipped Seq from 1878 to 1880
Skipped Seq from 1880 to 1882
Skipped Seq from 1882 to 1884
Skipped Seq from 1884 to 1893
Skipped Seq from 1893 to 1899
Skipped Seq from 1899 to 1901
Skipped Seq from 1901 to 1906
Skipped Seq from 1907 to 1918
Skipped Seq from 1918 to 1920
Skipped Seq from 1920 to 1923
Skipped Seq from 1923 to 1925
Skipped Seq from 1925 to 1930
Skipped Seq from 1931 to 1936
Skipped Seq from 1937 to 1939
Skipped Seq from 1939 to 1944
Skipped Seq from 1946 to 1948
Skipped Seq from 1948 to 1951
Skipped Seq from 1951 to 1954
Skipped Seq from 1957 to 1959
Skipped Seq from 1960 to 1962
Skipped Seq from 1964 to 1975
Skipped Seq from 1975 to 1987
Skipped Seq from 1987 to 1995
Skipped Seq from 1995 to 2000
Skipped Seq from 2000 to 2019
Skipped Seq from 2019 to 2021
Skipped Seq from 2021 to 2023
Skipped Seq from 2023 to 2032
Skipped Seq from 2032 to 2034
Skipped Seq from 2034 to 2036
Skipped Seq from 2036 to 2044
Skipped Seq from 2044 to 2047
Skipped Seq from 2048 to 2051
Skipped Seq from 2052 to 2055
Skipped Seq from 2055 to 2057
Skipped Seq from 2057 to 2059
Skipped Seq from 2060 to 2062
Skipped Seq from 2062 to 2066
Skipped Seq from 2066 to 2070
Skipped Seq from 2071 to 2076
Skipped Seq from 2076 to 2078
Skipped Seq from 2078 to 2080
Skipped Seq from 2081 to 2083
Skipped Seq from 2083 to 2087
Skipped Seq from 2087 to 2091
Skipped Seq from 2092 to 2094
Skipped Seq from 2094 to 2096
Skipped Seq from 2097 to 2100
Skipped Seq from 2100 to 2102
Skipped Seq from 2102 to 2104
Skipped Seq from 2104 to 2106
Skipped Seq from 2106 to 2109
Skipped Seq from 2109 to 2114
Skipped Seq from 2114 to 2118
Skipped Seq from 2118 to 2122
Skipped Seq from 2123 to 2125
Skipped Seq from 2125 to 2127
Skipped Seq from 2127 to 2129
Skipped Seq from 2129 to 2131
Skipped Seq from 2131 to 2133
Skipped Seq from 2133 to 2135
Skipped Seq from 2135 to 2137
Skipped Seq from 2137 to 2141
Skipped Seq from 2141 to 2144
Skipped Seq from 2144 to 2148
Skipped Seq from 2149 to 2157
Skipped Seq from 2157 to 2160
Skipped Seq from 2160 to 2162
Skipped Seq from 2162 to 2164
Skipped Seq from 2164 to 2166
Skipped Seq from 2166 to 2169
Skipped Seq from 2171 to 2176
Skipped Seq from 2177 to 2179
Skipped Seq from 2179 to 2181
Skipped Seq from 2181 to 2183
Skipped Seq from 2184 to 2186
Skipped Seq from 2186 to 2190
Skipped Seq from 2190 to 2194
Skipped Seq from 2194 to 2198
Skipped Seq from 2198 to 2206
Skipped Seq from 2206 to 2208
Skipped Seq from 2209 to 2211
Skipped Seq from 2211 to 2214
Skipped Seq from 2214 to 2216
Skipped Seq from 2216 to 2223
Skipped Seq from 2224 to 2226
Skipped Seq from 2227 to 2231
Skipped Seq from 2231 to 2233
Skipped Seq from 2233 to 2235
Skipped Seq from 2235 to 2237
Skipped Seq from 2237 to 2239
Skipped Seq from 2240 to 2245
Skipped Seq from 2245 to 2248
Skipped Seq from 2249 to 2251
Skipped Seq from 2251 to 2253
Skipped Seq from 2253 to 2259
Skipped Seq from 2259 to 2261
Skipped Seq from 2261 to 2265
Skipped Seq from 2265 to 2273
Skipped Seq from 2273 to 2276
Skipped Seq from 2276 to 2279
Skipped Seq from 2281 to 2285
Skipped Seq from 2286 to 2290
Skipped Seq from 2290 to 2292
Skipped Seq from 2292 to 2294
Skipped Seq from 2294 to 2296
Skipped Seq from 2296 to 2302
Skipped Seq from 2303 to 2305
Skipped Seq from 2305 to 2307
Skipped Seq from 2307 to 2309
Skipped Seq from 2309 to 2312
Skipped Seq from 2313 to 2315
Skipped Seq from 2315 to 2322
Skipped Seq from 2323 to 2325
Skipped Seq from 2325 to 2328
Skipped Seq from 2328 to 2330
Skipped Seq from 2330 to 2337
Skipped Seq from 2338 to 2340
Skipped Seq from 2340 to 2344
Skipped Seq from 2345 to 2347
Skipped Seq from 2347 to 2349
Skipped Seq from 2349 to 2354
Skipped Seq from 2354 to 2356
Skipped Seq from 2356 to 2358
Skipped Seq from 2358 to 2360
Skipped Seq from 2360 to 2366
Skipped Seq from 2367 to 2369
Skipped Seq from 2369 to 2371
Skipped Seq from 2371 to 2373
Skipped Seq from 2373 to 2375
Skipped Seq from 2375 to 2377
Skipped Seq from 2377 to 2380
Skipped Seq from 2380 to 2382
Skipped Seq from 2382 to 2384
Skipped Seq from 2384 to 2386
Skipped Seq from 2388 to 2391
Skipped Seq from 2391 to 2394
Skipped Seq from 2394 to 2398
Skipped Seq from 2399 to 2402
Skipped Seq from 2402 to 2404
Skipped Seq from 2405 to 2409
Skipped Seq from 2409 to 2414
Skipped Seq from 2414 to 2424
Skipped Seq from 2424 to 2426
Skipped Seq from 2426 to 2428
Skipped Seq from 2428 to 2430
Skipped Seq from 2430 to 2433
Skipped Seq from 2434 to 2443
Skipped Seq from 2443 to 2448
Skipped Seq from 2448 to 2451
Skipped Seq from 2451 to 2453
Skipped Seq from 2453 to 2458
Skipped Seq from 2458 to 2465
Skipped Seq from 2466 to 2469
Skipped Seq from 2470 to 2476
Skipped Seq from 2476 to 2479
Skipped Seq from 2479 to 2483
Skipped Seq from 2484 to 2488
Skipped Seq from 2488 to 2498
Skipped Seq from 2498 to 2501
Skipped Seq from 2501 to 2503
Skipped Seq from 2503 to 2506
Skipped Seq from 2507 to 2513
Skipped Seq from 2513 to 2515
Skipped Seq from 2515 to 2519
Skipped Seq from 2520 to 2528
Skipped Seq from 2528 to 2532
Skipped Seq from 2532 to 2536
Skipped Seq from 2536 to 2539
Skipped Seq from 2539 to 2541
Skipped Seq from 2541 to 2543
Skipped Seq from 2543 to 2545
Skipped Seq from 2545 to 2551
Skipped Seq from 2551 to 2553
Skipped Seq from 2553 to 2556
Skipped Seq from 2557 to 2560
Skipped Seq from 2560 to 2564
Skipped Seq from 2564 to 2566
Skipped Seq from 2566 to 2570
Skipped Seq from 2570 to 2572
Skipped Seq from 2572 to 2576
Skipped Seq from 2576 to 2578
Skipped Seq from 2579 to 2582
Skipped Seq from 2583 to 2588
Skipped Seq from 2588 to 2592
Skipped Seq from 2592 to 2595
Skipped Seq from 2595 to 2597
Skipped Seq from 2597 to 2599
Skipped Seq from 2599 to 2602
Skipped Seq from 2603 to 2614
Skipped Seq from 2614 to 2617
Skipped Seq from 2617 to 2619
Skipped Seq from 2619 to 2625
Skipped Seq from 2626 to 2630
Skipped Seq from 2630 to 2632
Skipped Seq from 2633 to 2637
Skipped Seq from 2637 to 2640
Skipped Seq from 2640 to 2644
Skipped Seq from 2645 to 2648
Skipped Seq from 2648 to 2651
Skipped Seq from 2652 to 2657
Skipped Seq from 2657 to 2659
Skipped Seq from 2660 to 2665
Skipped Seq from 2665 to 2667
Skipped Seq from 2667 to 2671
Skipped Seq from 2671 to 2679
Skipped Seq from 2680 to 2682
Skipped Seq from 2682 to 2686
Skipped Seq from 2687 to 2690
Skipped Seq from 2690 to 2692
Skipped Seq from 2692 to 2697
Skipped Seq from 2697 to 2699
Skipped Seq from 2699 to 2701
Skipped Seq from 2701 to 2703
Skipped Seq from 2703 to 2705
Skipped Seq from 2706 to 2715
Skipped Seq from 2715 to 2717
Skipped Seq from 2717 to 2721
Skipped Seq from 2721 to 2724
Skipped Seq from 2725 to 2728
Skipped Seq from 2728 to 2730
Skipped Seq from 2730 to 2732
Skipped Seq from 2733 to 2737
Skipped Seq from 2738 to 2741
Skipped Seq from 2741 to 2746
Skipped Seq from 2746 to 2749
Skipped Seq from 2749 to 2751
Skipped Seq from 2751 to 2753
Skipped Seq from 2754 to 2757
Skipped Seq from 2758 to 2761
Skipped Seq from 2761 to 2763
Skipped Seq from 2763 to 2765
Skipped Seq from 2765 to 2767
Skipped Seq from 2767 to 2769
Skipped Seq from 2770 to 2774
Skipped Seq from 2775 to 2782
Skipped Seq from 2782 to 2784
Skipped Seq from 2784 to 2789
Skipped Seq from 2789 to 2791
Skipped Seq from 2791 to 2793
Skipped Seq from 2793 to 2795
Skipped Seq from 2795 to 2797
Skipped Seq from 2797 to 2800
Skipped Seq from 2800 to 2809
Skipped Seq from 2809 to 2812
Skipped Seq from 2812 to 2814
Skipped Seq from 2814 to 2816
Skipped Seq from 2816 to 2818
Skipped Seq from 2819 to 2824
Skipped Seq from 2824 to 2826
Skipped Seq from 2826 to 2829
Skipped Seq from 2829 to 2831
Skipped Seq from 2831 to 2833
Skipped Seq from 2833 to 2836
Skipped Seq from 2836 to 2840
Skipped Seq from 2840 to 2847
Skipped Seq from 2847 to 2849
Skipped Seq from 2849 to 2853
Skipped Seq from 2853 to 2858
Skipped Seq from 2859 to 2862
Skipped Seq from 2862 to 2868
Skipped Seq from 2868 to 2870
Skipped Seq from 2870 to 2872
Skipped Seq from 2872 to 2874
Skipped Seq from 2874 to 2876
Skipped Seq from 2876 to 2883
Skipped Seq from 2883 to 2885
Skipped Seq from 2885 to 2887
Skipped Seq from 2887 to 2891
Skipped Seq from 2892 to 2898
Skipped Seq from 2898 to 2907
Skipped Seq from 2907 to 2911
Skipped Seq from 2911 to 2914
Skipped Seq from 2914 to 2916
Skipped Seq from 2916 to 2918
Skipped Seq from 2918 to 2921
Skipped Seq from 2921 to 2923
Skipped Seq from 2924 to 2933
Skipped Seq from 2933 to 2938
Skipped Seq from 2938 to 2942
Skipped Seq from 2942 to 2945
Skipped Seq from 2945 to 2947
Skipped Seq from 2947 to 2949
Skipped Seq from 2949 to 2951
Skipped Seq from 2951 to 2955
Skipped Seq from 2955 to 2959
Skipped Seq from 2959 to 2966
Skipped Seq from 2967 to 2969
Skipped Seq from 2969 to 2974
Skipped Seq from 2975 to 2981
Skipped Seq from 2981 to 2985
Skipped Seq from 2985 to 2987
Skipped Seq from 2987 to 2994
Skipped Seq from 2995 to 2997
Skipped Seq from 2997 to 3002
Skipped Seq from 3002 to 3010
Skipped Seq from 3011 to 3013
Skipped Seq from 3013 to 3015
Skipped Seq from 3015 to 3017
Skipped Seq from 3017 to 3022
Skipped Seq from 3022 to 3026
Skipped Seq from 3026 to 3028
Skipped Seq from 3028 to 3030
Skipped Seq from 3030 to 3032
Skipped Seq from 3032 to 3034
Skipped Seq from 3034 to 3036
Skipped Seq from 3036 to 3039
Skipped Seq from 3039 to 3042
Skipped Seq from 3042 to 3045
Skipped Seq from 3045 to 3047
Skipped Seq from 3047 to 3049
Skipped Seq from 3049 to 3051
Skipped Seq from 3051 to 3053
Skipped Seq from 3053 to 3055
Skipped Seq from 3056 to 3065
Skipped Seq from 3066 to 3075
Skipped Seq from 3075 to 3077
Skipped Seq from 3077 to 3079
Skipped Seq from 3079 to 3082
Skipped Seq from 3082 to 3084
Skipped Seq from 3085 to 3087
Skipped Seq from 3087 to 3089
Skipped Seq from 3089 to 3091
Skipped Seq from 3091 to 3098
Skipped Seq from 3099 to 3101
Skipped Seq from 3101 to 3103
Skipped Seq from 3103 to 3106
Skipped Seq from 3107 to 3110
Skipped Seq from 3110 to 3114
Skipped Seq from 3114 to 3122
Skipped Seq from 3122 to 3125
Skipped Seq from 3125 to 3127
Skipped Seq from 3127 to 3129
Skipped Seq from 3129 to 3131
Skipped Seq from 3132 to 3136
Skipped Seq from 3136 to 3138
Skipped Seq from 3138 to 3140
Skipped Seq from 3140 to 3145
Skipped Seq from 3145 to 3151
Skipped Seq from 3151 to 3153
Skipped Seq from 3153 to 3156
Skipped Seq from 3156 to 3158
Skipped Seq from 3158 to 3162
Skipped Seq from 3162 to 3165
Skipped Seq from 3165 to 3169
Skipped Seq from 3169 to 3174
Skipped Seq from 3175 to 3180
Skipped Seq from 3182 to 3186
Skipped Seq from 3186 to 3188
Skipped Seq from 3188 to 3190
Skipped Seq from 3190 to 3192
Skipped Seq from 3193 to 3195
Skipped Seq from 3195 to 3200
Skipped Seq from 3200 to 3202
Skipped Seq from 3202 to 3204
Skipped Seq from 3204 to 3207
Skipped Seq from 3207 to 3210
Skipped Seq from 3210 to 3214
Skipped Seq from 3214 to 3217
Skipped Seq from 3217 to 3220
Skipped Seq from 3220 to 3222
Skipped Seq from 3222 to 3225
Skipped Seq from 3226 to 3229
Skipped Seq from 3229 to 3231
Skipped Seq from 3232 to 3235
Skipped Seq from 3236 to 3238
Skipped Seq from 3238 to 3242
Skipped Seq from 3244 to 3247
Skipped Seq from 3247 to 3249
Skipped Seq from 3249 to 3252
Skipped Seq from 3252 to 3255
Skipped Seq from 3255 to 3257
Skipped Seq from 3258 to 3261
Skipped Seq from 3261 to 3263
Skipped Seq from 3264 to 3269
Skipped Seq from 3269 to 3271
Skipped Seq from 3271 to 3277
Skipped Seq from 3278 to 3280
Skipped Seq from 3280 to 3285
Skipped Seq from 3286 to 3290
Skipped Seq from 3290 to 3294
Skipped Seq from 3294 to 3296
Skipped Seq from 3296 to 3298
Skipped Seq from 3298 to 3301
Skipped Seq from 3301 to 3303
Skipped Seq from 3303 to 3306
Skipped Seq from 3306 to 3309
Skipped Seq from 3309 to 3311
Skipped Seq from 3311 to 3315
Skipped Seq from 3315 to 3317
Skipped Seq from 3317 to 3320
Skipped Seq from 3322 to 3333
Skipped Seq from 3333 to 3336
Skipped Seq from 3337 to 3341
Skipped Seq from 3341 to 3344
Skipped Seq from 3344 to 3347
Skipped Seq from 3347 to 3350
Skipped Seq from 3350 to 3355
Skipped Seq from 3356 to 3359
Skipped Seq from 3359 to 3361
Skipped Seq from 3361 to 3363
Skipped Seq from 3363 to 3369
Skipped Seq from 3369 to 3373
Skipped Seq from 3373 to 3377
Skipped Seq from 3377 to 3380
Skipped Seq from 3380 to 3383
Skipped Seq from 3383 to 3387
Skipped Seq from 3387 to 3391
Skipped Seq from 3391 to 3394
Skipped Seq from 3394 to 3396
Skipped Seq from 3396 to 3398
Skipped Seq from 3398 to 3400
Skipped Seq from 3400 to 3402
Skipped Seq from 3402 to 3406
Skipped Seq from 3406 to 3411
Skipped Seq from 3411 to 3420
Skipped Seq from 3420 to 3422
Skipped Seq from 3422 to 3424
Skipped Seq from 3424 to 3426
Skipped Seq from 3426 to 3430
Skipped Seq from 3430 to 3432
Skipped Seq from 3433 to 3435
Skipped Seq from 3435 to 3441
Skipped Seq from 3441 to 3443
Skipped Seq from 3443 to 3446
Skipped Seq from 3446 to 3450
Skipped Seq from 3450 to 3452
Skipped Seq from 3452 to 3454
Skipped Seq from 3454 to 3456
Skipped Seq from 3456 to 3462
Skipped Seq from 3464 to 3470
Skipped Seq from 3471 to 3477
Skipped Seq from 3477 to 3481
Skipped Seq from 3482 to 3486
Skipped Seq from 3487 to 3489
Skipped Seq from 3489 to 3491
Skipped Seq from 3491 to 3493
Skipped Seq from 3493 to 3495
Skipped Seq from 3495 to 3498
Skipped Seq from 3499 to 3503
Skipped Seq from 3503 to 3508
Skipped Seq from 3508 to 3511
Skipped Seq from 3511 to 3513
Skipped Seq from 3513 to 3516
Skipped Seq from 3516 to 3518
Skipped Seq from 3518 to 3520
Skipped Seq from 3520 to 3522
Skipped Seq from 3522 to 3524
Skipped Seq from 3524 to 3534
Skipped Seq from 3534 to 3536
Skipped Seq from 3536 to 3543
Skipped Seq from 3543 to 3546
Skipped Seq from 3546 to 3553
Skipped Seq from 3553 to 3557
Skipped Seq from 3557 to 3559
Skipped Seq from 3559 to 3562
Skipped Seq from 3562 to 3564
Skipped Seq from 3564 to 3566
Skipped Seq from 3566 to 3575
Skipped Seq from 3575 to 3578
Skipped Seq from 3578 to 3583
Skipped Seq from 3583 to 3586
Skipped Seq from 3586 to 3588
Skipped Seq from 3588 to 3591
Skipped Seq from 3591 to 3593
Skipped Seq from 3593 to 3597
Skipped Seq from 3597 to 3599
Skipped Seq from 3599 to 3601
Skipped Seq from 3601 to 3603
Skipped Seq from 3603 to 3607
Skipped Seq from 3607 to 3609
Skipped Seq from 3609 to 3613
Skipped Seq from 3613 to 3617
Skipped Seq from 3618 to 3620
Skipped Seq from 3620 to 3622
Skipped Seq from 3622 to 3624
Skipped Seq from 3624 to 3626
Skipped Seq from 3627 to 3629
Skipped Seq from 3629 to 3631
Skipped Seq from 3631 to 3634
Skipped Seq from 3635 to 3638
Skipped Seq from 3638 to 3640
Skipped Seq from 3640 to 3642
Skipped Seq from 3642 to 3644
Skipped Seq from 3644 to 3646
Skipped Seq from 3646 to 3650
Skipped Seq from 3650 to 3654
Skipped Seq from 3654 to 3659
Skipped Seq from 3659 to 3663
Skipped Seq from 3663 to 3666
Skipped Seq from 3667 to 3669
Skipped Seq from 3670 to 3672
Skipped Seq from 3672 to 3675
Skipped Seq from 3675 to 3677
Skipped Seq from 3677 to 3681
Skipped Seq from 3681 to 3683
Skipped Seq from 3683 to 3688
Skipped Seq from 3688 to 3693
Skipped Seq from 3693 to 3696
Skipped Seq from 3696 to 3699
Skipped Seq from 3699 to 3701
Skipped Seq from 3701 to 3703
Skipped Seq from 3703 to 3709
Skipped Seq from 3710 to 3717
Skipped Seq from 3717 to 3721
Skipped Seq from 3721 to 3723
Skipped Seq from 3723 to 3725
Skipped Seq from 3725 to 3727
Skipped Seq from 3727 to 3731
Skipped Seq from 3731 to 3735
Skipped Seq from 3735 to 3739
Skipped Seq from 3739 to 3745
Skipped Seq from 3745 to 3749
Skipped Seq from 3750 to 3752
Skipped Seq from 3752 to 3767
Skipped Seq from 3768 to 3770
Skipped Seq from 3770 to 3775
Skipped Seq from 3775 to 3777
Skipped Seq from 3778 to 3781
Skipped Seq from 3781 to 3784
Skipped Seq from 3784 to 3792
Skipped Seq from 3795 to 3801
Skipped Seq from 3801 to 3805
Skipped Seq from 3805 to 3809
Skipped Seq from 3809 to 3811
Skipped Seq from 3811 to 3813
Skipped Seq from 3813 to 3815
Skipped Seq from 3816 to 3821
Skipped Seq from 3821 to 3825
Skipped Seq from 3825 to 3827
Skipped Seq from 3827 to 3832
Skipped Seq from 3832 to 3840
Skipped Seq from 3840 to 3845
Skipped Seq from 3845 to 3847
Skipped Seq from 3847 to 3850
Skipped Seq from 3850 to 3853
Skipped Seq from 3853 to 3858
Skipped Seq from 3858 to 3862
Skipped Seq from 3862 to 3864
Skipped Seq from 3864 to 3866
Skipped Seq from 3866 to 3872
Skipped Seq from 3872 to 3877
Skipped Seq from 3877 to 3880
Skipped Seq from 3880 to 3883
Skipped Seq from 3884 to 3888
Skipped Seq from 3889 to 3891
Skipped Seq from 3891 to 3895
Skipped Seq from 3895 to 3903
Skipped Seq from 3903 to 3905
Skipped Seq from 3905 to 3907
Skipped Seq from 3907 to 3910
Skipped Seq from 3910 to 3915
Skipped Seq from 3915 to 3917
Skipped Seq from 3917 to 3919
Skipped Seq from 3919 to 3921
Skipped Seq from 3921 to 3923
Skipped Seq from 3923 to 3927
Skipped Seq from 3927 to 3931
Skipped Seq from 3931 to 3934
Skipped Seq from 3934 to 3937
Skipped Seq from 3937 to 3941
Skipped Seq from 3941 to 3945
Skipped Seq from 3945 to 3947
Skipped Seq from 3947 to 3949
Skipped Seq from 3949 to 3957
Skipped Seq from 3957 to 3960
Skipped Seq from 3961 to 3964
Skipped Seq from 3964 to 3966
Skipped Seq from 3967 to 3969
Skipped Seq from 3969 to 3971
Skipped Seq from 3971 to 3981
Skipped Seq from 3981 to 3987
Skipped Seq from 3987 to 3996
Skipped Seq from 3996 to 4000
Skipped Seq from 4000 to 4003
Skipped Seq from 4004 to 4012
Skipped Seq from 4012 to 4019
Skipped Seq from 4020 to 4022
Skipped Seq from 4022 to 4025
Skipped Seq from 4025 to 4030
Skipped Seq from 4030 to 4033
Skipped Seq from 4033 to 4035
Skipped Seq from 4036 to 4050
Skipped Seq from 4051 to 4053
Skipped Seq from 4053 to 4060
Skipped Seq from 4060 to 4072
Skipped Seq from 4072 to 4074
Skipped Seq from 4074 to 4078
Skipped Seq from 4079 to 4083
Skipped Seq from 4083 to 4087
Skipped Seq from 4088 to 4090
Skipped Seq from 4091 to 4094
Skipped Seq from 4094 to 4099
Skipped Seq from 4099 to 4101
Skipped Seq from 4101 to 4103
Skipped Seq from 4104 to 4106
Skipped Seq from 4106 to 4111
Skipped Seq from 4111 to 4113
Skipped Seq from 4114 to 4116
Skipped Seq from 4116 to 4121
Skipped Seq from 4121 to 4125
Skipped Seq from 4125 to 4129
Skipped Seq from 4129 to 4134
Skipped Seq from 4135 to 4140
Skipped Seq from 4140 to 4142
Skipped Seq from 4142 to 4144
Skipped Seq from 4145 to 4147
Skipped Seq from 4147 to 4153
Skipped Seq from 4153 to 4157
Skipped Seq from 4157 to 4159
Skipped Seq from 4159 to 4166
Skipped Seq from 4167 to 4169
Skipped Seq from 4170 to 4174
Skipped Seq from 4174 to 4176
Skipped Seq from 4176 to 4179
Skipped Seq from 4179 to 4181
Skipped Seq from 4181 to 4185
Skipped Seq from 4186 to 4188
Skipped Seq from 4188 to 4190
Skipped Seq from 4190 to 4196
Skipped Seq from 4200 to 4206
Skipped Seq from 4208 to 4211
Skipped Seq from 4211 to 4214
Skipped Seq from 4214 to 4217
Skipped Seq from 4217 to 4221
Skipped Seq from 4222 to 4229
Skipped Seq from 4229 to 4231
Skipped Seq from 4231 to 4233
Skipped Seq from 4233 to 4238
Skipped Seq from 4238 to 4243
Skipped Seq from 4243 to 4245
Skipped Seq from 4245 to 4249
Skipped Seq from 4249 to 4253
Skipped Seq from 4253 to 4258
Skipped Seq from 4258 to 4260
Skipped Seq from 4260 to 4264
Skipped Seq from 4264 to 4266
Skipped Seq from 4266 to 4276
Skipped Seq from 4276 to 4278
Skipped Seq from 4278 to 4281
Skipped Seq from 4282 to 4285
Skipped Seq from 4286 to 4289
Skipped Seq from 4289 to 4291
Skipped Seq from 4292 to 4295
Skipped Seq from 4296 to 4300
Skipped Seq from 4300 to 4302
Skipped Seq from 4303 to 4308
Skipped Seq from 4308 to 4311
Skipped Seq from 4311 to 4313
Skipped Seq from 4313 to 4320
Skipped Seq from 4320 to 4324
Skipped Seq from 4325 to 4328
Skipped Seq from 4328 to 4330
Skipped Seq from 4330 to 4332
Skipped Seq from 4332 to 4334
Skipped Seq from 4334 to 4337
Skipped Seq from 4337 to 4339
Skipped Seq from 4339 to 4341
Skipped Seq from 4341 to 4343
Skipped Seq from 4343 to 4347
Skipped Seq from 4348 to 4350
Skipped Seq from 4350 to 4354
Skipped Seq from 4355 to 4363
Skipped Seq from 4366 to 4370
Skipped Seq from 4370 to 4372
Skipped Seq from 4372 to 4376
Skipped Seq from 4376 to 4381
Skipped Seq from 4382 to 4386
Skipped Seq from 4386 to 4388
Skipped Seq from 4388 to 4390
Skipped Seq from 4390 to 4395
Skipped Seq from 4396 to 4400
Skipped Seq from 4400 to 4403
Skipped Seq from 4404 to 4406
Skipped Seq from 4406 to 4413
Skipped Seq from 4414 to 4421
Skipped Seq from 4421 to 4425
Skipped Seq from 4425 to 4428
Skipped Seq from 4430 to 4435
Skipped Seq from 4436 to 4438
Skipped Seq from 4439 to 4444
Skipped Seq from 4444 to 4446
Skipped Seq from 4446 to 4450
Skipped Seq from 4450 to 4468
Skipped Seq from 4468 to 4471
Skipped Seq from 4471 to 4476
Skipped Seq from 4476 to 4482
Skipped Seq from 4482 to 4489
Skipped Seq from 4491 to 4494
Skipped Seq from 4494 to 4496
Skipped Seq from 4496 to 4503
Skipped Seq from 4503 to 4507
Skipped Seq from 4507 to 4513
Skipped Seq from 4513 to 4515
Skipped Seq from 4515 to 4517
Skipped Seq from 4517 to 4521
Skipped Seq from 4521 to 4523
Skipped Seq from 4523 to 4526
Skipped Seq from 4526 to 4535
Skipped Seq from 4535 to 4537
Skipped Seq from 4537 to 4539
Skipped Seq from 4539 to 4546
Skipped Seq from 4546 to 4548
Skipped Seq from 4549 to 4553
Skipped Seq from 4554 to 4557
Skipped Seq from 4557 to 4564
Skipped Seq from 4564 to 4566
Skipped Seq from 4566 to 4569
Skipped Seq from 4569 to 4573
Skipped Seq from 4573 to 4577
Skipped Seq from 4578 to 4581
Skipped Seq from 4581 to 4588
Skipped Seq from 4588 to 4590
Skipped Seq from 4590 to 4592
Skipped Seq from 4592 to 4601
Skipped Seq from 4602 to 4611
Skipped Seq from 4613 to 4619
Skipped Seq from 4619 to 4621
Skipped Seq from 4621 to 4625
Skipped Seq from 4625 to 4628
Skipped Seq from 4629 to 4631
Skipped Seq from 4631 to 4635
Skipped Seq from 4635 to 4637
Skipped Seq from 4637 to 4639
Skipped Seq from 4639 to 4645
Skipped Seq from 4645 to 4650
Skipped Seq from 4650 to 4659
Skipped Seq from 4659 to 4666
Skipped Seq from 4666 to 4668
Skipped Seq from 4668 to 4670
Skipped Seq from 4670 to 4679
Skipped Seq from 4680 to 4683
Skipped Seq from 4683 to 4694
Skipped Seq from 4694 to 4696
Skipped Seq from 4696 to 4699
Skipped Seq from 4699 to 4701
Skipped Seq from 4701 to 4711
Skipped Seq from 4711 to 4714
Skipped Seq from 4714 to 4716
Skipped Seq from 4716 to 4723
Skipped Seq from 4724 to 4728
Skipped Seq from 4728 to 4731
Skipped Seq from 4731 to 4737
Skipped Seq from 4737 to 4741
Skipped Seq from 4741 to 4747
Skipped Seq from 4748 to 4755
Skipped Seq from 4755 to 4761
Skipped Seq from 4761 to 4768
Skipped Seq from 4769 to 4774
Skipped Seq from 4774 to 4776
Skipped Seq from 4776 to 4778
Skipped Seq from 4779 to 4785
Skipped Seq from 4785 to 4791
Skipped Seq from 4791 to 4793
Skipped Seq from 4793 to 4797
Skipped Seq from 4797 to 4801
Skipped Seq from 4801 to 4803
Skipped Seq from 4803 to 4812
Skipped Seq from 4813 to 4815
Skipped Seq from 4815 to 4823
Skipped Seq from 4823 to 4825
Skipped Seq from 4825 to 4833
Skipped Seq from 4833 to 4836
Skipped Seq from 4837 to 4839
Skipped Seq from 4839 to 4841
Skipped Seq from 4841 to 4844
Skipped Seq from 4844 to 4846
Skipped Seq from 4846 to 4849
Skipped Seq from 4849 to 4851
Skipped Seq from 4851 to 4853
Skipped Seq from 4853 to 4861
Skipped Seq from 4862 to 4864
Skipped Seq from 4864 to 4866
Skipped Seq from 4866 to 4868
Skipped Seq from 4868 to 4870
Skipped Seq from 4870 to 4876
Skipped Seq from 4876 to 4883
Skipped Seq from 4883 to 4885
Skipped Seq from 4885 to 4896
Skipped Seq from 4896 to 4898
Skipped Seq from 4898 to 4902
Skipped Seq from 4903 to 4911
Skipped Seq from 4911 to 4915
Skipped Seq from 4916 to 4921
Skipped Seq from 4922 to 4928
Skipped Seq from 4930 to 4937
Skipped Seq from 4938 to 4940
Skipped Seq from 4940 to 4956
Skipped Seq from 4956 to 4962
Skipped Seq from 4962 to 4965
Skipped Seq from 4965 to 4969
Skipped Seq from 4969 to 4971
Skipped Seq from 4972 to 4974
Skipped Seq from 4974 to 4977
Skipped Seq from 4977 to 4979
Skipped Seq from 4979 to 4981
Skipped Seq from 4981 to 4989
Skipped Seq from 4989 to 4991
Skipped Seq from 4991 to 5004
Skipped Seq from 5004 to 5006
Skipped Seq from 5006 to 5018
Skipped Seq from 5019 to 5028
Skipped Seq from 5028 to 5030
Skipped Seq from 5030 to 5033
Skipped Seq from 5033 to 5036
Skipped Seq from 5036 to 5038
Skipped Seq from 5038 to 5047
Skipped Seq from 5047 to 5049
Skipped Seq from 5049 to 5051
Skipped Seq from 5051 to 5054
Skipped Seq from 5054 to 5061
Skipped Seq from 5061 to 5063
Skipped Seq from 5063 to 5069
Skipped Seq from 5069 to 5071
Skipped Seq from 5071 to 5073
Skipped Seq from 5073 to 5082
Skipped Seq from 5082 to 5084
Skipped Seq from 5084 to 5086
Skipped Seq from 5086 to 5098
Skipped Seq from 5098 to 5109
Skipped Seq from 5109 to 5120
Skipped Seq from 5120 to 5130
Skipped Seq from 5131 to 5133
Skipped Seq from 5133 to 5141
Skipped Seq from 5141 to 5147
Skipped Seq from 5147 to 5149
Skipped Seq from 5150 to 5152
Skipped Seq from 5152 to 5171
Skipped Seq from 5171 to 5173
Skipped Seq from 5173 to 5186
Skipped Seq from 5187 to 5229
Skipped Seq from 5229 to 5231
Skipped Seq from 5231 to 5233
Skipped Seq from 5233 to 5235
Skipped Seq from 5235 to 5248
Skipped Seq from 5248 to 5256
Skipped Seq from 5256 to 5258
Skipped Seq from 5258 to 5260
Skipped Seq from 5260 to 5262
Skipped Seq from 5262 to 5270
Skipped Seq from 5270 to 5288
Skipped Seq from 5289 to 5292
Skipped Seq from 5292 to 5306
Skipped Seq from 5306 to 5308
Skipped Seq from 5308 to 5310
Skipped Seq from 5312 to 5324
Skipped Seq from 5325 to 5338
Skipped Seq from 5338 to 5341
Skipped Seq from 5341 to 5355
Skipped Seq from 5357 to 5362
Skipped Seq from 5362 to 5376
Skipped Seq from 5376 to 5383
Skipped Seq from 5383 to 5385
Skipped Seq from 5385 to 5404
Skipped Seq from 5404 to 5407
Skipped Seq from 5407 to 5433
Skipped Seq from 5433 to 5444
Skipped Seq from 5444 to 5446
Skipped Seq from 5449 to 5452
Skipped Seq from 5452 to 5458
Skipped Seq from 5458 to 5461
Skipped Seq from 5462 to 5477
Skipped Seq from 5477 to 5486
Skipped Seq from 5486 to 5491
Skipped Seq from 5491 to 5493
Skipped Seq from 5493 to 5507
Skipped Seq from 5507 to 5509
Skipped Seq from 5509 to 5512
Skipped Seq from 5512 to 5544
Skipped Seq from 5544 to 5546
Skipped Seq from 5548 to 5560
Skipped Seq from 5563 to 5565
Skipped Seq from 5565 to 5573
Skipped Seq from 5573 to 5580
Skipped Seq from 5580 to 5594
Skipped Seq from 5594 to 5605
Skipped Seq from 5605 to 5607
Skipped Seq from 5607 to 5623
Skipped Seq from 5623 to 5632
Skipped Seq from 5632 to 5641
Skipped Seq from 5641 to 5643
Skipped Seq from 5643 to 5645
Skipped Seq from 5645 to 5653
Skipped Seq from 5653 to 5657
Skipped Seq from 5657 to 5667
Skipped Seq from 5667 to 5680
Skipped Seq from 5680 to 5682
Skipped Seq from 5682 to 5692
Skipped Seq from 5692 to 5694
Skipped Seq from 5694 to 5696
Skipped Seq from 5696 to 5698
Skipped Seq from 5698 to 5703
Skipped Seq from 5705 to 5710
Skipped Seq from 5710 to 5712
Skipped Seq from 5712 to 5719
Skipped Seq from 5719 to 5721
Skipped Seq from 5721 to 5732
Skipped Seq from 5732 to 5734
Skipped Seq from 5734 to 5737
Skipped Seq from 5737 to 5740
Skipped Seq from 5740 to 5742
Skipped Seq from 5742 to 5750
Skipped Seq from 5750 to 5762
Skipped Seq from 5763 to 5770
Skipped Seq from 5770 to 5781
Skipped Seq from 5781 to 5783
Skipped Seq from 5784 to 5788
Skipped Seq from 5788 to 5799
Skipped Seq from 5799 to 5805
Skipped Seq from 5805 to 5820
Skipped Seq from 5820 to 5822
Skipped Seq from 5822 to 5830
Skipped Seq from 5830 to 5837
Skipped Seq from 5837 to 5839
Skipped Seq from 5841 to 5846
Skipped Seq from 5847 to 5853
Skipped Seq from 5855 to 5858
Skipped Seq from 5858 to 5867
Skipped Seq from 5873 to 5882
Skipped Seq from 5884 to 5897
Skipped Seq from 5897 to 5908
Skipped Seq from 5908 to 5919
Skipped Seq from 5919 to 5928
Skipped Seq from 5928 to 5938
Skipped Seq from 5938 to 5947
Skipped Seq from 5948 to 5950
Skipped Seq from 5950 to 5953
Skipped Seq from 5955 to 5965
Skipped Seq from 5965 to 5967
Skipped Seq from 5967 to 5969
Skipped Seq from 5970 to 5978
Skipped Seq from 5979 to 5984
Skipped Seq from 5984 to 5991
Skipped Seq from 5991 to 6003
Skipped Seq from 6003 to 6013
Skipped Seq from 6013 to 6021
Skipped Seq from 6024 to 6026
Skipped Seq from 6027 to 6034
Skipped Seq from 6035 to 6042
Skipped Seq from 6043 to 6057
Skipped Seq from 6058 to 6063
Skipped Seq from 6063 to 6077
Skipped Seq from 6077 to 6087
Skipped Seq from 6087 to 6094
Skipped Seq from 6094 to 6107
Skipped Seq from 6110 to 6115
Skipped Seq from 6116 to 6130
Skipped Seq from 6130 to 6139
Skipped Seq from 6139 to 6146
Skipped Seq from 6146 to 6152
Skipped Seq from 6153 to 6169
Skipped Seq from 6170 to 6172
Skipped Seq from 6173 to 6187
Skipped Seq from 6187 to 6196
Skipped Seq from 6197 to 6201
Skipped Seq from 6202 to 6212
Skipped Seq from 6214 to 6235
Skipped Seq from 6236 to 6242
Skipped Seq from 6242 to 6257
Skipped Seq from 6257 to 6263
Skipped Seq from 6263 to 6270
Skipped Seq from 6273 to 6281
Skipped Seq from 6281 to 6283
Skipped Seq from 6289 to 6296
Skipped Seq from 6296 to 6303
Skipped Seq from 6304 to 6308
Skipped Seq from 6308 to 6313
Skipped Seq from 6313 to 6322
Skipped Seq from 6324 to 6327
Skipped Seq from 6329 to 6335
Skipped Seq from 6335 to 6346
Skipped Seq from 6346 to 6352
Skipped Seq from 6352 to 6354
Skipped Seq from 6354 to 6362
Skipped Seq from 6362 to 6371
Skipped Seq from 6373 to 6379
Skipped Seq from 6380 to 6384
Skipped Seq from 6385 to 6388
Skipped Seq from 6388 to 6392
Skipped Seq from 6392 to 6394
Skipped Seq from 6394 to 6400
Skipped Seq from 6401 to 6412
Skipped Seq from 6416 to 6423
Skipped Seq from 6423 to 6436
Skipped Seq from 6436 to 6442
Skipped Seq from 6442 to 6445
Skipped Seq from 6445 to 6453
Skipped Seq from 6454 to 6462
Skipped Seq from 6463 to 6470
Skipped Seq from 6470 to 6480
Skipped Seq from 6483 to 6487
Skipped Seq from 6487 to 6499
Skipped Seq from 6500 to 6507
Skipped Seq from 6508 to 6513
Skipped Seq from 6515 to 6528
Skipped Seq from 6528 to 6534
Skipped Seq from 6535 to 6537
Skipped Seq from 6538 to 6544
Skipped Seq from 6544 to 6553
Skipped Seq from 6555 to 6563
Skipped Seq from 6563 to 6570
Skipped Seq from 6570 to 6580
Skipped Seq from 6580 to 6589
Skipped Seq from 6590 to 6597
Skipped Seq from 6597 to 6605
Skipped Seq from 6605 to 6617
Skipped Seq from 6617 to 6630
Skipped Seq from 6630 to 6633
Skipped Seq from 6634 to 6642
Skipped Seq from 6642 to 6658
Skipped Seq from 6662 to 6672
Skipped Seq from 6672 to 6684
Skipped Seq from 6684 to 6697
Skipped Seq from 6700 to 6711
Skipped Seq from 6712 to 6727
Skipped Seq from 6729 to 6741
Skipped Seq from 6743 to 6751
Skipped Seq from 6751 to 6766
Skipped Seq from 6767 to 6780
Skipped Seq from 6781 to 6792
Skipped Seq from 6793 to 6806
Skipped Seq from 6807 to 6810
Skipped Seq from 6820 to 6831
Skipped Seq from 6831 to 6833
Skipped Seq from 6834 to 6839
Skipped Seq from 6840 to 6843
Skipped Seq from 6852 to 6862
Skipped Seq from 6864 to 6868
Skipped Seq from 6868 to 6871
Skipped Seq from 6884 to 6893
Skipped Seq from 6899 to 6909
Skipped Seq from 6910 to 6921
Skipped Seq from 6923 to 6927
Skipped Seq from 6931 to 6933
Skipped Seq from 6939 to 6941
Skipped Seq from 6944 to 6946
Skipped Seq from 6948 to 6951
Skipped Seq from 6960 to 6962
Skipped Seq from 6962 to 6966
Skipped Seq from 6967 to 6970
Skipped Seq from 6972 to 6977
Skipped Seq from 6989 to 6993
Skipped Seq from 6999 to 7001
Skipped Seq from 7001 to 7009
Skipped Seq from 7009 to 7014
Skipped Seq from 7021 to 7024
Skipped Seq from 7026 to 7028
Skipped Seq from 7032 to 7035
Skipped Seq from 7036 to 7038
Skipped Seq from 7040 to 7044
Skipped Seq from 7050 to 7052
Skipped Seq from 7053 to 7056
Skipped Seq from 7056 to 7059
Skipped Seq from 7060 to 7064
Skipped Seq from 7064 to 7066
Skipped Seq from 7070 to 7072
Skipped Seq from 7073 to 7075
Skipped Seq from 7080 to 7082
Skipped Seq from 7083 to 7086
Skipped Seq from 7086 to 7089
Skipped Seq from 7090 to 7093
Skipped Seq from 7098 to 7102
Skipped Seq from 7108 to 7112
Skipped Seq from 7113 to 7115
Skipped Seq from 7135 to 7138
Skipped Seq from 7138 to 7140
Skipped Seq from 7141 to 7145
Skipped Seq from 7197 to 7208
Skipped Seq from 7209 to 7212
Skipped Seq from 8255 to 8257
Skipped Seq from 8257 to 8260
Skipped Seq from 8260 to 8262
Skipped Seq from 8262 to 8267
Skipped Seq from 8267 to 8269
Skipped Seq from 8272 to 8274
Skipped Seq from 8277 to 8279
Skipped Seq from 8281 to 8288
Skipped Seq from 8290 to 8292
Skipped Seq from 8293 to 8301
Skipped Seq from 8302 to 8305
Skipped Seq from 8306 to 8310
Skipped Seq from 8310 to 8312
Skipped Seq from 8314 to 8317
Skipped Seq from 8318 to 8324
Skipped Seq from 8324 to 8326
Skipped Seq from 8328 to 8330
Skipped Seq from 8333 to 8337
Skipped Seq from 8339 to 8341
Skipped Seq from 8343 to 8345
Skipped Seq from 8350 to 8357
Skipped Seq from 8357 to 8360
Skipped Seq from 8360 to 8366
Skipped Seq from 8366 to 8368
Skipped Seq from 8371 to 8373
Skipped Seq from 8373 to 8375
Skipped Seq from 8375 to 8377
Skipped Seq from 8377 to 8379
Skipped Seq from 8380 to 8385
Skipped Seq from 8385 to 8388
Skipped Seq from 8388 to 8392
Skipped Seq from 8392 to 8395
Skipped Seq from 8395 to 8399
Skipped Seq from 8399 to 8405
Skipped Seq from 8406 to 8409
Skipped Seq from 8410 to 8412
Skipped Seq from 8412 to 8420
Skipped Seq from 8420 to 8422
Skipped Seq from 8424 to 8426
Skipped Seq from 8426 to 8430
Skipped Seq from 8431 to 8433
Skipped Seq from 8433 to 8435
Skipped Seq from 8437 to 8442
Skipped Seq from 8444 to 8450
Skipped Seq from 8450 to 8452
Skipped Seq from 8452 to 8456
Skipped Seq from 8456 to 8460
Skipped Seq from 8462 to 8465
Skipped Seq from 8470 to 8472
Skipped Seq from 8474 to 8477
Skipped Seq from 8479 to 8484
Skipped Seq from 8484 to 8488
Skipped Seq from 8493 to 8497
Skipped Seq from 8497 to 8504
Skipped Seq from 8508 to 8510
Skipped Seq from 8510 to 8512
Skipped Seq from 8514 to 8516
Skipped Seq from 8517 to 8522
Skipped Seq from 8524 to 8526
Skipped Seq from 8529 to 8533
Skipped Seq from 8534 to 8539
Skipped Seq from 8539 to 8543
Skipped Seq from 8543 to 8549
Skipped Seq from 8550 to 8553
Skipped Seq from 8555 to 8557
Skipped Seq from 8557 to 8559
Skipped Seq from 8562 to 8564
Skipped Seq from 8564 to 8570
Skipped Seq from 8570 to 8576
Skipped Seq from 8576 to 8578
Skipped Seq from 8582 to 8584
Skipped Seq from 8585 to 8587
Skipped Seq from 8591 to 8596
Skipped Seq from 8596 to 8598
Skipped Seq from 8600 to 8604
Skipped Seq from 8606 to 8608
Skipped Seq from 8611 to 8614
Skipped Seq from 8614 to 8617
Skipped Seq from 8619 to 8621
Skipped Seq from 8623 to 8625
Skipped Seq from 8626 to 8632
Skipped Seq from 8636 to 8647
Skipped Seq from 8648 to 8651
Skipped Seq from 8652 to 8661
Skipped Seq from 8661 to 8667
Skipped Seq from 8668 to 8672
Skipped Seq from 8674 to 8678
Skipped Seq from 8678 to 8682
Skipped Seq from 8683 to 8689
Skipped Seq from 8691 to 8693
Skipped Seq from 8695 to 8703
Skipped Seq from 8703 to 8708
Skipped Seq from 8710 to 8712
Skipped Seq from 8712 to 8714
Skipped Seq from 8716 to 8719
Skipped Seq from 8723 to 8729
Skipped Seq from 8729 to 8733
Skipped Seq from 8734 to 8737
Skipped Seq from 8737 to 8740
Skipped Seq from 8740 to 8742
Skipped Seq from 8742 to 8744
Skipped Seq from 8744 to 8746
Skipped Seq from 8746 to 8751
Skipped Seq from 8751 to 8757
Skipped Seq from 8761 to 8765
Skipped Seq from 8770 to 8772
Skipped Seq from 8772 to 8780
Skipped Seq from 8780 to 8782
Skipped Seq from 8785 to 8787
Skipped Seq from 8788 to 8791
Skipped Seq from 8792 to 8795
Skipped Seq from 8795 to 8804
Skipped Seq from 8804 to 8808
Skipped Seq from 8808 to 8811
Skipped Seq from 8812 to 8815
Skipped Seq from 8818 to 8823
Skipped Seq from 8823 to 8826
Skipped Seq from 8829 to 8832
Skipped Seq from 8833 to 8836
Skipped Seq from 8839 to 8841
Skipped Seq from 8841 to 8844
Skipped Seq from 8846 to 8858
Skipped Seq from 8858 to 8861
Skipped Seq from 8863 to 8867
Skipped Seq from 8867 to 8873
Skipped Seq from 8873 to 8877
Skipped Seq from 8877 to 8881
Skipped Seq from 8882 to 8885
Skipped Seq from 8886 to 8890
Skipped Seq from 8891 to 8894
Skipped Seq from 8894 to 8896
Skipped Seq from 8896 to 8898
Skipped Seq from 8899 to 8903
Skipped Seq from 8905 to 8907
Skipped Seq from 8907 to 8909
Skipped Seq from 8913 to 8915
Skipped Seq from 8915 to 8918
Skipped Seq from 8918 to 8922
Skipped Seq from 8924 to 8927
Skipped Seq from 8927 to 8930
Skipped Seq from 8930 to 8933
Skipped Seq from 8933 to 8935
Skipped Seq from 8936 to 8939
Skipped Seq from 8941 to 8945
Skipped Seq from 8948 to 8960
Skipped Seq from 8960 to 8970
Skipped Seq from 8971 to 8976
Skipped Seq from 8976 to 8978
Skipped Seq from 8978 to 8983
Skipped Seq from 8984 to 8994
Skipped Seq from 8994 to 8998
Skipped Seq from 8999 to 9001
Skipped Seq from 9001 to 9006
Skipped Seq from 9006 to 9008
Skipped Seq from 9009 to 9011
Skipped Seq from 9011 to 9019
Skipped Seq from 9019 to 9023
Skipped Seq from 9023 to 9025
Skipped Seq from 9026 to 9031
Skipped Seq from 9033 to 9035
Skipped Seq from 9035 to 9043
Skipped Seq from 9047 to 9051
Skipped Seq from 9052 to 9057
Skipped Seq from 9057 to 9060
Skipped Seq from 9061 to 9067
Skipped Seq from 9067 to 9074
Skipped Seq from 9078 to 9081
Skipped Seq from 9082 to 9088
Skipped Seq from 9089 to 9091
Skipped Seq from 9091 to 9096
Skipped Seq from 9097 to 9103
Skipped Seq from 9103 to 9109
Skipped Seq from 9110 to 9114
Skipped Seq from 9116 to 9118
Skipped Seq from 9122 to 9127
Skipped Seq from 9129 to 9131
Skipped Seq from 9131 to 9134
Skipped Seq from 9134 to 9136
Skipped Seq from 9136 to 9145
Skipped Seq from 9148 to 9155
Skipped Seq from 9158 to 9166
Skipped Seq from 9168 to 9170
Skipped Seq from 9172 to 9176
Skipped Seq from 9178 to 9180
Skipped Seq from 9180 to 9183
Skipped Seq from 9184 to 9186
Skipped Seq from 9188 to 9190
Skipped Seq from 9190 to 9197
Skipped Seq from 9202 to 9204
Skipped Seq from 9204 to 9206
Skipped Seq from 9209 to 9215
Skipped Seq from 9222 to 9224
Skipped Seq from 9224 to 9226
Skipped Seq from 9228 to 9230
Skipped Seq from 9235 to 9241
Skipped Seq from 9242 to 9251
Skipped Seq from 9251 to 9254
Skipped Seq from 9255 to 9257
Skipped Seq from 9259 to 9262
Skipped Seq from 9262 to 9264
Skipped Seq from 9264 to 9272
Skipped Seq from 9281 to 9283
Skipped Seq from 9283 to 9286
Skipped Seq from 9286 to 9288
Skipped Seq from 9289 to 9293
Skipped Seq from 9293 to 9297
Skipped Seq from 9298 to 9301
Skipped Seq from 9301 to 9305
Skipped Seq from 9306 to 9308
Skipped Seq from 9310 to 9313
Skipped Seq from 9313 to 9315
Skipped Seq from 9317 to 9319
Skipped Seq from 9319 to 9321
Skipped Seq from 9322 to 9326
Skipped Seq from 9327 to 9332
Skipped Seq from 9332 to 9335
Skipped Seq from 9335 to 9337
Skipped Seq from 9338 to 9340
Skipped Seq from 9343 to 9346
Skipped Seq from 9348 to 9351
Skipped Seq from 9351 to 9357
Skipped Seq from 9358 to 9364
Skipped Seq from 9365 to 9372
Skipped Seq from 9373 to 9378
Skipped Seq from 9378 to 9382
Skipped Seq from 9382 to 9388
Skipped Seq from 9388 to 9397
Skipped Seq from 9403 to 9409
Skipped Seq from 9409 to 9411
Skipped Seq from 9412 to 9414
Skipped Seq from 9415 to 9417
Skipped Seq from 9417 to 9419
Skipped Seq from 9419 to 9424
Skipped Seq from 9424 to 9426
Skipped Seq from 9427 to 9433
Skipped Seq from 9438 to 9446
Skipped Seq from 9448 to 9451
Skipped Seq from 9452 to 9454
Skipped Seq from 9458 to 9460
Skipped Seq from 9463 to 9465
Skipped Seq from 9467 to 9472
Skipped Seq from 9474 to 9478
Skipped Seq from 9484 to 9493
Skipped Seq from 9493 to 9495
Skipped Seq from 9500 to 9504
Skipped Seq from 9504 to 9508
Skipped Seq from 9508 to 9512
Skipped Seq from 9512 to 9516
Skipped Seq from 9517 to 9523
Skipped Seq from 9525 to 9527
Skipped Seq from 9529 to 9542
Skipped Seq from 9542 to 9547
Skipped Seq from 9547 to 9549
Skipped Seq from 9550 to 9552
Skipped Seq from 9552 to 9554
Skipped Seq from 9557 to 9565
Skipped Seq from 9565 to 9568
Skipped Seq from 9568 to 9574
Skipped Seq from 9576 to 9578
Skipped Seq from 9579 to 9584
Skipped Seq from 9584 to 9586
Skipped Seq from 9586 to 9591
Skipped Seq from 9595 to 9597
Skipped Seq from 9602 to 9605
Skipped Seq from 9606 to 9613
Skipped Seq from 9613 to 9616
Skipped Seq from 9617 to 9621
Skipped Seq from 9624 to 9629
Skipped Seq from 9629 to 9633
Skipped Seq from 9637 to 9641
Skipped Seq from 9641 to 9647
Skipped Seq from 9647 to 9653
Skipped Seq from 9654 to 9664
Skipped Seq from 9666 to 9668
Skipped Seq from 9671 to 9673
Skipped Seq from 9673 to 9675
Skipped Seq from 9675 to 9677
Skipped Seq from 9677 to 9679
Skipped Seq from 9679 to 9681
Skipped Seq from 9681 to 9683
Skipped Seq from 9685 to 9688
Skipped Seq from 9688 to 9690
Skipped Seq from 9698 to 9701
Skipped Seq from 9703 to 9708
Skipped Seq from 9715 to 9718
Skipped Seq from 9720 to 9722
Skipped Seq from 9722 to 9724
Skipped Seq from 9724 to 9726
Skipped Seq from 9726 to 9728
Skipped Seq from 9728 to 9730
Skipped Seq from 9735 to 9738
Skipped Seq from 9738 to 9743
Skipped Seq from 9743 to 9747
Skipped Seq from 9747 to 9760
Skipped Seq from 9760 to 9763
Skipped Seq from 9763 to 9772
Skipped Seq from 9772 to 9777
Skipped Seq from 9777 to 9780
Skipped Seq from 9782 to 9789
Skipped Seq from 9790 to 9793
Skipped Seq from 9793 to 9796
Skipped Seq from 9796 to 9798
Skipped Seq from 9798 to 9800
Skipped Seq from 9800 to 9802
Skipped Seq from 9805 to 9810
Skipped Seq from 9815 to 9818
Skipped Seq from 9819 to 9821
Skipped Seq from 9821 to 9825
Skipped Seq from 9827 to 9829
Skipped Seq from 9830 to 9833
Skipped Seq from 9833 to 9840
Skipped Seq from 9840 to 9845
Skipped Seq from 9846 to 9852
Skipped Seq from 9852 to 9854
Skipped Seq from 9856 to 9865
Skipped Seq from 9866 to 9870
Skipped Seq from 9873 to 9880
Skipped Seq from 9880 to 9887
Skipped Seq from 9889 to 9892
Skipped Seq from 9896 to 9899
Skipped Seq from 9899 to 9902
Skipped Seq from 9902 to 9904
Skipped Seq from 9904 to 9913
Skipped Seq from 9913 to 9915
Skipped Seq from 9917 to 9919
Skipped Seq from 9923 to 9925
Skipped Seq from 9925 to 9927
Skipped Seq from 9927 to 9934
Skipped Seq from 9938 to 9941
Skipped Seq from 9948 to 9950
Skipped Seq from 9950 to 9966
Skipped Seq from 9966 to 9970
Skipped Seq from 9972 to 9989
Skipped Seq from 9989 to 9991
Skipped Seq from 9993 to 9996
Skipped Seq from 9996 to 9998
Skipped Seq from 9998 to 10007
Skipped Seq from 10008 to 10010
Skipped Seq from 10012 to 10015
Skipped Seq from 10015 to 10018
Skipped Seq from 10018 to 10020
Skipped Seq from 10042 to 10044
Skipped Seq from 10045 to 10055
Skipped Seq from 10055 to 10059
Skipped Seq from 10060 to 10074
Skipped Seq from 10075 to 10077
Skipped Seq from 10077 to 10082
Skipped Seq from 10083 to 10092
Skipped Seq from 10092 to 10096
Skipped Seq from 10096 to 10103
Skipped Seq from 10104 to 10107
Skipped Seq from 10107 to 10131
Skipped Seq from 10131 to 10139
Skipped Seq from 10140 to 10162
Skipped Seq from 10162 to 10166
Skipped Seq from 10168 to 10172
Skipped Seq from 10173 to 10175
Skipped Seq from 10176 to 10181
Skipped Seq from 10181 to 10187
Skipped Seq from 10190 to 10208
Skipped Seq from 10208 to 10216
Skipped Seq from 10220 to 10228
Skipped Seq from 10230 to 10235
Skipped Seq from 10237 to 10242
Skipped Seq from 10251 to 10254
Skipped Seq from 10254 to 10268
Skipped Seq from 10284 to 10294
Skipped Seq from 10295 to 10300
Skipped Seq from 10301 to 10304
Skipped Seq from 10304 to 10309
Skipped Seq from 10309 to 10319
Skipped Seq from 10319 to 10323
Skipped Seq from 10323 to 10348
Skipped Seq from 10349 to 10360
Skipped Seq from 10361 to 10368
Skipped Seq from 10368 to 10373
Skipped Seq from 10381 to 10383
Skipped Seq from 10384 to 10386
Skipped Seq from 10387 to 10389
Skipped Seq from 10391 to 10393
Skipped Seq from 10408 to 10418
Skipped Seq from 10418 to 10420
Skipped Seq from 10420 to 10422
Skipped Seq from 10422 to 10426
Skipped Seq from 10426 to 10428
Skipped Seq from 10428 to 10448
Skipped Seq from 10453 to 10456
Skipped Seq from 10457 to 10459
Skipped Seq from 10460 to 10464
Skipped Seq from 10465 to 10469
Skipped Seq from 10471 to 10474
Skipped Seq from 10477 to 10479
Skipped Seq from 10479 to 10481
Skipped Seq from 10481 to 10486
Skipped Seq from 10487 to 10490
Skipped Seq from 10491 to 10494
Skipped Seq from 10494 to 10497
Skipped Seq from 10497 to 10499
Skipped Seq from 10500 to 10504
Skipped Seq from 10506 to 10514
Skipped Seq from 10514 to 10520
Skipped Seq from 10520 to 10523
Skipped Seq from 10523 to 10525
Skipped Seq from 10528 to 10530
Skipped Seq from 10535 to 10539
Skipped Seq from 10539 to 10541
Skipped Seq from 10541 to 10543
Skipped Seq from 10544 to 10550
Skipped Seq from 10551 to 10554
Skipped Seq from 10554 to 10568
Skipped Seq from 10568 to 10572
Skipped Seq from 10572 to 10574
Skipped Seq from 10576 to 10579
Skipped Seq from 10580 to 10588
Skipped Seq from 10591 to 10601
Skipped Seq from 10602 to 10604
Skipped Seq from 10604 to 10608
Skipped Seq from 10609 to 10612
Skipped Seq from 10612 to 10616
Skipped Seq from 10616 to 10618
Skipped Seq from 10618 to 10623
Skipped Seq from 10624 to 10627
Skipped Seq from 10630 to 10632
Skipped Seq from 10632 to 10634
Skipped Seq from 10636 to 10642
Skipped Seq from 10643 to 10645
Skipped Seq from 10645 to 10647
Skipped Seq from 10649 to 10651
Skipped Seq from 10652 to 10655
Skipped Seq from 10655 to 10657
Skipped Seq from 10657 to 10660
Skipped Seq from 10661 to 10666
Skipped Seq from 10667 to 10669
Skipped Seq from 10672 to 10674
Skipped Seq from 10678 to 10682
Skipped Seq from 10682 to 10686
Skipped Seq from 10686 to 10688
Skipped Seq from 10688 to 10691
Skipped Seq from 10691 to 10694
Skipped Seq from 10694 to 10696
Skipped Seq from 10697 to 10700
Skipped Seq from 10700 to 10702
Skipped Seq from 10704 to 10711
Skipped Seq from 10711 to 10713
Skipped Seq from 10721 to 10724
Skipped Seq from 10727 to 10729
Skipped Seq from 10734 to 10743
Skipped Seq from 10743 to 10746
Skipped Seq from 10746 to 10749
Skipped Seq from 10749 to 10751
Skipped Seq from 10751 to 10753
Skipped Seq from 10754 to 10756
Skipped Seq from 10756 to 10758
Skipped Seq from 10758 to 10762
Skipped Seq from 10762 to 10764
Skipped Seq from 10764 to 10766
Skipped Seq from 10770 to 10775
Skipped Seq from 10776 to 10779
Skipped Seq from 10782 to 10784
Skipped Seq from 10784 to 10795
Skipped Seq from 10795 to 10797
Skipped Seq from 10798 to 10805
Skipped Seq from 10805 to 10810
Skipped Seq from 10810 to 10812
Skipped Seq from 10813 to 10816
Skipped Seq from 10816 to 10820
Skipped Seq from 10821 to 10824
Skipped Seq from 10824 to 10826
Skipped Seq from 10831 to 10834
Skipped Seq from 10835 to 10837
Skipped Seq from 10843 to 10851
Skipped Seq from 10853 to 10858
Skipped Seq from 10860 to 10865
Skipped Seq from 10865 to 10872
Skipped Seq from 10874 to 10888
Skipped Seq from 10888 to 10893
Skipped Seq from 10893 to 10910
Skipped Seq from 10913 to 10916
Skipped Seq from 10924 to 10926
Skipped Seq from 10926 to 10936
Skipped Seq from 10936 to 10942
Skipped Seq from 10943 to 10964
Skipped Seq from 10965 to 10974
Skipped Seq from 10981 to 10983
Skipped Seq from 10983 to 10987
Skipped Seq from 10987 to 10989
Skipped Seq from 10990 to 10992
Skipped Seq from 10994 to 10996
Skipped Seq from 10996 to 11029
Skipped Seq from 11029 to 11036
Skipped Seq from 11036 to 11040
Skipped Seq from 11041 to 11044
Skipped Seq from 11044 to 11046
Skipped Seq from 11048 to 11053
Skipped Seq from 11053 to 11056
Skipped Seq from 11059 to 11063
Skipped Seq from 11064 to 11068
Skipped Seq from 11070 to 11073
Skipped Seq from 11075 to 11078
Skipped Seq from 11081 to 11099
Skipped Seq from 11102 to 11110
Skipped Seq from 11112 to 11129
Skipped Seq from 11129 to 11134
Skipped Seq from 11134 to 11136
Skipped Seq from 11137 to 11141
Skipped Seq from 11141 to 11143
Skipped Seq from 11145 to 11153
Skipped Seq from 11153 to 11155
Skipped Seq from 11156 to 11160
Skipped Seq from 11160 to 11164
Skipped Seq from 11166 to 11174
Skipped Seq from 11174 to 11181
Skipped Seq from 11186 to 11193
Skipped Seq from 11194 to 11197
Skipped Seq from 11204 to 11207
Skipped Seq from 11208 to 11210
Skipped Seq from 11214 to 11222
Skipped Seq from 11222 to 11226
Skipped Seq from 11227 to 11231
Skipped Seq from 11231 to 11233
Skipped Seq from 11233 to 11235
Skipped Seq from 11235 to 11237
Skipped Seq from 11238 to 11240
Skipped Seq from 11240 to 11244
Skipped Seq from 11244 to 11246
Skipped Seq from 11251 to 11253
Skipped Seq from 11253 to 11260
Skipped Seq from 11260 to 11269
Skipped Seq from 11272 to 11283
Skipped Seq from 11284 to 11287
Skipped Seq from 11287 to 11290
Skipped Seq from 11292 to 11301
Skipped Seq from 11304 to 11310
Skipped Seq from 11321 to 11325
Skipped Seq from 11325 to 11334
Skipped Seq from 11336 to 11344
Skipped Seq from 11344 to 11346
Skipped Seq from 11346 to 11349
Skipped Seq from 11349 to 11355
Skipped Seq from 11356 to 11358
Skipped Seq from 11359 to 11361
Skipped Seq from 11363 to 11365
Skipped Seq from 11365 to 11367
Skipped Seq from 11368 to 11374
Skipped Seq from 11376 to 11380
Skipped Seq from 11380 to 11382
Skipped Seq from 11382 to 11387
Skipped Seq from 11387 to 11395
Skipped Seq from 11395 to 11403
Skipped Seq from 11403 to 11410
Skipped Seq from 11410 to 11420
Skipped Seq from 11420 to 11422
Skipped Seq from 11424 to 11429
Skipped Seq from 11429 to 11431
Skipped Seq from 11431 to 11433
Skipped Seq from 11434 to 11437
Skipped Seq from 11438 to 11441
Skipped Seq from 11446 to 11448
Skipped Seq from 11448 to 11450
Skipped Seq from 11450 to 11453
Skipped Seq from 11453 to 11463
Skipped Seq from 11463 to 11465
Skipped Seq from 11466 to 11472
Skipped Seq from 11472 to 11476
Skipped Seq from 11476 to 11478
Skipped Seq from 11478 to 11480
Skipped Seq from 11482 to 11484
Skipped Seq from 11486 to 11493
Skipped Seq from 11502 to 11505
Skipped Seq from 11505 to 11511
Skipped Seq from 11511 to 11513
Skipped Seq from 11513 to 11515
Skipped Seq from 11525 to 11530
Skipped Seq from 11530 to 11532
Skipped Seq from 11532 to 11534
Skipped Seq from 11535 to 11537
Skipped Seq from 11537 to 11542
Skipped Seq from 11542 to 11544
Skipped Seq from 11546 to 11548
Skipped Seq from 11549 to 11553
Skipped Seq from 11553 to 11561
Skipped Seq from 11561 to 11576
Skipped Seq from 11576 to 11619
Skipped Seq from 11620 to 11625
Skipped Seq from 11625 to 11631
Skipped Seq from 11636 to 11638
Skipped Seq from 11638 to 11641
Skipped Seq from 11651 to 11660
Skipped Seq from 11660 to 11662
Skipped Seq from 11662 to 11664
Skipped Seq from 11664 to 11666
Skipped Seq from 11667 to 11681
Skipped Seq from 11682 to 11684
Skipped Seq from 11686 to 11700
Skipped Seq from 11700 to 11702
Skipped Seq from 11702 to 11705
Skipped Seq from 11712 to 11714
Skipped Seq from 11716 to 11720
Skipped Seq from 11721 to 11724
Skipped Seq from 11724 to 11727
Skipped Seq from 11728 to 11731
Skipped Seq from 11732 to 11734
Skipped Seq from 11734 to 11736
Skipped Seq from 11737 to 11740
Skipped Seq from 11742 to 11744
Skipped Seq from 11745 to 11749
Skipped Seq from 11749 to 11754
Skipped Seq from 11755 to 11757
Skipped Seq from 11757 to 11767
Skipped Seq from 11772 to 11776
Skipped Seq from 11777 to 11779
Skipped Seq from 11779 to 11781
Skipped Seq from 11781 to 11783
Skipped Seq from 11784 to 11787
Skipped Seq from 11794 to 11796
Skipped Seq from 11796 to 11798
Skipped Seq from 11798 to 11800
Skipped Seq from 11802 to 11807
Skipped Seq from 11807 to 11809
Skipped Seq from 11809 to 11812
Skipped Seq from 11815 to 11828
Skipped Seq from 11829 to 11832
Skipped Seq from 11835 to 11838
Skipped Seq from 11840 to 11852
Skipped Seq from 11852 to 11858
Skipped Seq from 11858 to 11860
Skipped Seq from 11860 to 11862
Skipped Seq from 11862 to 11864
Skipped Seq from 11866 to 11870
Skipped Seq from 11871 to 11873
Skipped Seq from 11873 to 11876
Skipped Seq from 11882 to 11885
Skipped Seq from 11886 to 11890
Skipped Seq from 11890 to 11893
Skipped Seq from 11895 to 11897
Skipped Seq from 11900 to 11902
Skipped Seq from 11902 to 11904
Skipped Seq from 11910 to 11913
Skipped Seq from 11913 to 11916
Skipped Seq from 11918 to 11920
Skipped Seq from 11920 to 11925
Skipped Seq from 11926 to 11929
Skipped Seq from 11931 to 11940
Skipped Seq from 11942 to 11950
Skipped Seq from 11950 to 11952
Skipped Seq from 11957 to 11961
Skipped Seq from 11961 to 11963
Skipped Seq from 11968 to 11970
Skipped Seq from 11970 to 11972
Skipped Seq from 11973 to 11975
Skipped Seq from 11975 to 11977
Skipped Seq from 11978 to 11980
Skipped Seq from 11988 to 11991
Skipped Seq from 11993 to 11995
Skipped Seq from 11995 to 11998
Skipped Seq from 12002 to 12008
Skipped Seq from 12008 to 12011
Skipped Seq from 12014 to 12016
Skipped Seq from 12017 to 12019
Skipped Seq from 12019 to 12021
Skipped Seq from 12021 to 12025
Skipped Seq from 12026 to 12029
Skipped Seq from 12031 to 12033
Skipped Seq from 12035 to 12037
Skipped Seq from 12037 to 12039
Skipped Seq from 12039 to 12042
Skipped Seq from 12042 to 12044
Skipped Seq from 12049 to 12051
Skipped Seq from 12053 to 12055
Skipped Seq from 12064 to 12068
Skipped Seq from 12069 to 12073
Skipped Seq from 12074 to 12081
Skipped Seq from 12081 to 12089
Skipped Seq from 12089 to 12097
Skipped Seq from 12097 to 12105
Skipped Seq from 12106 to 12111
Skipped Seq from 12111 to 12113
Skipped Seq from 12115 to 12117
Skipped Seq from 12117 to 12124
Skipped Seq from 12126 to 12128
Skipped Seq from 12130 to 12132
Skipped Seq from 12132 to 12137
Skipped Seq from 12137 to 12139
Skipped Seq from 12141 to 12144
Skipped Seq from 12144 to 12152
Skipped Seq from 12154 to 12163
Skipped Seq from 12163 to 12165
Skipped Seq from 12165 to 12167
Skipped Seq from 12167 to 12169
Skipped Seq from 12169 to 12172
Skipped Seq from 12172 to 12174
Skipped Seq from 12175 to 12178
Skipped Seq from 12180 to 12183
Skipped Seq from 12184 to 12189
Skipped Seq from 12189 to 12191
Skipped Seq from 12192 to 12194
Skipped Seq from 12194 to 12197
Skipped Seq from 12197 to 12201
Skipped Seq from 12201 to 12207
Skipped Seq from 12207 to 12216
Skipped Seq from 12221 to 12224
Skipped Seq from 12229 to 12231
Skipped Seq from 12237 to 12239
Skipped Seq from 12253 to 12259
Skipped Seq from 12268 to 12272
Skipped Seq from 12281 to 12284
Skipped Seq from 12286 to 12288
Skipped Seq from 12293 to 12302
Skipped Seq from 12308 to 12314
Skipped Seq from 12340 to 12347
Skipped Seq from 12349 to 12351
Skipped Seq from 12366 to 12368
Skipped Seq from 12368 to 12370
Skipped Seq from 12371 to 12373
Skipped Seq from 12386 to 12388
Skipped Seq from 12388 to 12391
Skipped Seq from 12392 to 12395
Skipped Seq from 12398 to 12402
Skipped Seq from 12405 to 12409
Skipped Seq from 12412 to 12414
Skipped Seq from 12427 to 12431
Skipped Seq from 12434 to 12436
Skipped Seq from 12436 to 12438
Skipped Seq from 12440 to 12450
Skipped Seq from 12456 to 12459
Skipped Seq from 12460 to 12462
Skipped Seq from 12465 to 12469
Skipped Seq from 12477 to 12481
Skipped Seq from 12491 to 12493
Skipped Seq from 12494 to 12496
Skipped Seq from 12500 to 12503
Skipped Seq from 12518 to 12521
Skipped Seq from 12521 to 12530
Skipped Seq from 12531 to 12535
Skipped Seq from 12540 to 12542
Skipped Seq from 12543 to 12545
Skipped Seq from 12545 to 12547
Skipped Seq from 12548 to 12550
Skipped Seq from 12550 to 12554
Skipped Seq from 12556 to 12558
Skipped Seq from 12561 to 12563
Skipped Seq from 12566 to 12569
Skipped Seq from 12570 to 12572
Skipped Seq from 12578 to 12582
Skipped Seq from 12582 to 12585
Skipped Seq from 12593 to 12595
Skipped Seq from 12597 to 12599
Skipped Seq from 12600 to 12602
Skipped Seq from 16102 to 16105
Skipped Seq from 16105 to 16109
Skipped Seq from 16109 to 16124
Skipped Seq from 16124 to 16127
Skipped Seq from 16128 to 16137
Skipped Seq from 16137 to 16139
Skipped Seq from 16139 to 16155
Skipped Seq from 16155 to 16162
Skipped Seq from 16164 to 16206
Skipped Seq from 16206 to 16210
Skipped Seq from 16210 to 16219
Skipped Seq from 16219 to 16222
Skipped Seq from 16222 to 16235
Skipped Seq from 16236 to 16245
Skipped Seq from 16245 to 16259
Skipped Seq from 16259 to 16265
Skipped Seq from 16265 to 16270
Skipped Seq from 16271 to 16273
Skipped Seq from 16273 to 16293
Skipped Seq from 16293 to 16295
Skipped Seq from 16295 to 16306
Skipped Seq from 16310 to 16328
Skipped Seq from 16328 to 16331
Skipped Seq from 16331 to 16338
Skipped Seq from 16338 to 16344
Skipped Seq from 16344 to 16353
Skipped Seq from 16354 to 16359
Skipped Seq from 16359 to 16374
Skipped Seq from 16375 to 16377
Skipped Seq from 16377 to 16399
Skipped Seq from 16399 to 16403
Skipped Seq from 16403 to 16422
Skipped Seq from 16422 to 16424
Skipped Seq from 16424 to 16431
Skipped Seq from 16432 to 16435
Skipped Seq from 16435 to 16443
Skipped Seq from 16444 to 16451
Skipped Seq from 16451 to 16453
Skipped Seq from 16454 to 16460
Skipped Seq from 16460 to 16462
Skipped Seq from 16462 to 16466
Skipped Seq from 16466 to 16473
Skipped Seq from 16473 to 16475
Skipped Seq from 16475 to 16480
Skipped Seq from 16481 to 16493
Skipped Seq from 16493 to 16498
Skipped Seq from 16498 to 16501
Skipped Seq from 16501 to 16504
Skipped Seq from 16504 to 16507
Skipped Seq from 16507 to 16509
Skipped Seq from 16509 to 16519
Skipped Seq from 16519 to 16521
Skipped Seq from 16521 to 16527
Skipped Seq from 16529 to 16534
Skipped Seq from 16534 to 16543
Skipped Seq from 16543 to 16550
Skipped Seq from 16550 to 16557
Skipped Seq from 16562 to 16564
Skipped Seq from 16564 to 16575
Skipped Seq from 16575 to 16580
Skipped Seq from 16581 to 16583
Skipped Seq from 16584 to 16587
Skipped Seq from 16587 to 16597
Skipped Seq from 16597 to 16604
Skipped Seq from 16604 to 16607
Skipped Seq from 16607 to 16611
Skipped Seq from 16612 to 16615
Skipped Seq from 16615 to 16617
Skipped Seq from 16617 to 16622
Skipped Seq from 16624 to 16627
Skipped Seq from 16628 to 16632
Skipped Seq from 16632 to 16641
Skipped Seq from 16644 to 16649
Skipped Seq from 16649 to 16652
Skipped Seq from 16652 to 16666
Skipped Seq from 16666 to 16675
Skipped Seq from 16677 to 16679
Skipped Seq from 16679 to 16686
Skipped Seq from 16686 to 16691
Skipped Seq from 16692 to 16703
Skipped Seq from 16706 to 16708
Skipped Seq from 16708 to 16712
Skipped Seq from 16712 to 16717
Skipped Seq from 16717 to 16737
Skipped Seq from 16738 to 16743
Skipped Seq from 16743 to 16749
Skipped Seq from 16749 to 16757
Skipped Seq from 16758 to 16770
Skipped Seq from 16772 to 16774
Skipped Seq from 16775 to 16777
Skipped Seq from 16778 to 16789
Skipped Seq from 16789 to 16795
Skipped Seq from 16795 to 16814
Skipped Seq from 16815 to 16836
Skipped Seq from 16836 to 16846
Skipped Seq from 16846 to 16848
Skipped Seq from 16848 to 16853
Skipped Seq from 16853 to 16861
Skipped Seq from 16861 to 16879
Skipped Seq from 16879 to 16881
Skipped Seq from 16881 to 16884
Skipped Seq from 16884 to 16889
Skipped Seq from 16889 to 16899
Skipped Seq from 16899 to 16902
Skipped Seq from 16902 to 16911
Skipped Seq from 16912 to 16914
Skipped Seq from 16915 to 16933
Skipped Seq from 16933 to 16936
Skipped Seq from 16938 to 16949
Skipped Seq from 16949 to 16955
Skipped Seq from 16955 to 16961
Skipped Seq from 16961 to 16968
Skipped Seq from 16968 to 16983
Skipped Seq from 16983 to 16988
Skipped Seq from 16990 to 16995
Skipped Seq from 16995 to 17002
Skipped Seq from 17002 to 17007
Skipped Seq from 17008 to 17016
Skipped Seq from 17020 to 17023
Skipped Seq from 17023 to 17033
Skipped Seq from 17033 to 17061
Skipped Seq from 17061 to 17067
Skipped Seq from 17067 to 17069
Skipped Seq from 17069 to 17075
Skipped Seq from 17075 to 17077
Skipped Seq from 17077 to 17080
Skipped Seq from 17080 to 17087
Skipped Seq from 17087 to 17100
Skipped Seq from 17100 to 17102
Skipped Seq from 17103 to 17105
Skipped Seq from 17105 to 17115
Skipped Seq from 17115 to 17123
Skipped Seq from 17123 to 17129
Skipped Seq from 17129 to 17135
Skipped Seq from 17137 to 17139
Skipped Seq from 17139 to 17145
Skipped Seq from 17145 to 17148
Skipped Seq from 17148 to 17152
Skipped Seq from 17155 to 17164
Skipped Seq from 17164 to 17179
Skipped Seq from 17179 to 17189
Skipped Seq from 17189 to 17192
Skipped Seq from 17192 to 17195
Skipped Seq from 17195 to 17199
Skipped Seq from 17199 to 17201
Skipped Seq from 17201 to 17207
Skipped Seq from 17207 to 17213
Skipped Seq from 17213 to 17218
Skipped Seq from 17218 to 17228
Skipped Seq from 17228 to 17230
Skipped Seq from 17230 to 17232
Skipped Seq from 17232 to 17245
Skipped Seq from 17245 to 17247
Skipped Seq from 17247 to 17250
Skipped Seq from 17250 to 17259
Skipped Seq from 17259 to 17263
Skipped Seq from 17263 to 17289
Skipped Seq from 17289 to 17294
Skipped Seq from 17294 to 17306
Skipped Seq from 17306 to 17321
Skipped Seq from 17321 to 17324
Skipped Seq from 17324 to 17358
Skipped Seq from 17358 to 17360
Skipped Seq from 17360 to 17367
Skipped Seq from 17367 to 17370
Skipped Seq from 17370 to 17378
Skipped Seq from 17378 to 17381
Skipped Seq from 17381 to 17392
Skipped Seq from 17393 to 17397
Skipped Seq from 17397 to 17402
Skipped Seq from 17402 to 17406
Skipped Seq from 17406 to 17410
Skipped Seq from 17410 to 17416
Skipped Seq from 17417 to 17427
Skipped Seq from 17427 to 17431
Skipped Seq from 17431 to 17436
Skipped Seq from 17436 to 17446
Skipped Seq from 17447 to 17449
Skipped Seq from 17449 to 17456
Skipped Seq from 17456 to 17458
Skipped Seq from 17458 to 17462
Skipped Seq from 17462 to 17464
Skipped Seq from 17464 to 17475
Skipped Seq from 17475 to 17484
Skipped Seq from 17484 to 17491
Skipped Seq from 17492 to 17494
Skipped Seq from 17495 to 17505
Skipped Seq from 17505 to 17516
Skipped Seq from 17516 to 17518
Skipped Seq from 17518 to 17520
Skipped Seq from 17521 to 17526
Skipped Seq from 17526 to 17538
Skipped Seq from 17538 to 17550
Skipped Seq from 17550 to 17555
Skipped Seq from 17555 to 17559
Skipped Seq from 17559 to 17563
Skipped Seq from 17566 to 17568
Skipped Seq from 17569 to 17574
Skipped Seq from 17574 to 17583
Skipped Seq from 17585 to 17587
Skipped Seq from 17587 to 17589
Skipped Seq from 17589 to 17594
Skipped Seq from 17594 to 17605
Skipped Seq from 17605 to 17608
Skipped Seq from 17610 to 17625
Skipped Seq from 17625 to 17631
Skipped Seq from 17631 to 17635
Skipped Seq from 17635 to 17638
Skipped Seq from 17638 to 17651
Skipped Seq from 17651 to 17654
Skipped Seq from 17654 to 17656
Skipped Seq from 17656 to 17658
Skipped Seq from 17658 to 17672
Skipped Seq from 17673 to 17678
Skipped Seq from 17678 to 17684
Skipped Seq from 17684 to 17688
Skipped Seq from 17690 to 17692
Skipped Seq from 17692 to 17707
Skipped Seq from 17707 to 17709
Skipped Seq from 17710 to 17713
Skipped Seq from 17717 to 17720
Skipped Seq from 17720 to 17728
Skipped Seq from 17728 to 17731
Skipped Seq from 17731 to 17751
Skipped Seq from 17751 to 17758
Skipped Seq from 17758 to 17760
Skipped Seq from 17761 to 17763
Skipped Seq from 17763 to 17780
Skipped Seq from 17780 to 17799
Skipped Seq from 17799 to 17803
Skipped Seq from 17803 to 17806
Skipped Seq from 17808 to 17815
Skipped Seq from 17816 to 17819
Skipped Seq from 17819 to 17821
Skipped Seq from 17821 to 17827
Skipped Seq from 17827 to 17840
Skipped Seq from 17841 to 17850
Skipped Seq from 17853 to 17855
Skipped Seq from 17857 to 17864
Skipped Seq from 17864 to 17870
Skipped Seq from 17870 to 17875
Skipped Seq from 17876 to 17889
Skipped Seq from 17889 to 17896
Skipped Seq from 17897 to 17906
Skipped Seq from 17906 to 17913
Skipped Seq from 17913 to 17920
Skipped Seq from 17920 to 17923
Skipped Seq from 17923 to 17926
Skipped Seq from 17926 to 17929
Skipped Seq from 17929 to 17938
Skipped Seq from 17938 to 17941
Skipped Seq from 17941 to 17956
Skipped Seq from 17956 to 17960
Skipped Seq from 17962 to 17964
Skipped Seq from 17964 to 17966
Skipped Seq from 17966 to 17969
Skipped Seq from 17970 to 17972
Skipped Seq from 17973 to 17975
Skipped Seq from 17975 to 17989
Skipped Seq from 17990 to 17992
Skipped Seq from 17992 to 17999
Skipped Seq from 17999 to 18006
Skipped Seq from 18007 to 18015
Skipped Seq from 18015 to 18018
Skipped Seq from 18018 to 18020
Skipped Seq from 18020 to 18025
Skipped Seq from 18025 to 18028
Skipped Seq from 18028 to 18037
Skipped Seq from 18037 to 18040
Skipped Seq from 18040 to 18045
Skipped Seq from 18045 to 18057
Skipped Seq from 18057 to 18075
Skipped Seq from 18075 to 18084
Skipped Seq from 18084 to 18088
Skipped Seq from 18088 to 18091
Skipped Seq from 18091 to 18095
Skipped Seq from 18095 to 18097
Skipped Seq from 18097 to 18106
Skipped Seq from 18109 to 18117
Skipped Seq from 18117 to 18119
Skipped Seq from 18119 to 18127
Skipped Seq from 18128 to 18134
Skipped Seq from 18135 to 18143
Skipped Seq from 18144 to 18149
Skipped Seq from 18152 to 18160
Skipped Seq from 18160 to 18163
Skipped Seq from 18163 to 18166
Skipped Seq from 18167 to 18174
Skipped Seq from 18176 to 18178
Skipped Seq from 18179 to 18181
Skipped Seq from 18182 to 18215
Skipped Seq from 18215 to 18222
Skipped Seq from 18222 to 18227
Skipped Seq from 18227 to 18241
Skipped Seq from 18241 to 18244
Skipped Seq from 18245 to 18251
Skipped Seq from 18251 to 18256
Skipped Seq from 18256 to 18272
Skipped Seq from 18273 to 18283
Skipped Seq from 18283 to 18292
Skipped Seq from 18292 to 18294
Skipped Seq from 18295 to 18302
Skipped Seq from 18302 to 18306
Skipped Seq from 18306 to 18310
Skipped Seq from 18311 to 18316
Skipped Seq from 18317 to 18352
Skipped Seq from 18352 to 18371
Skipped Seq from 18371 to 18380
Skipped Seq from 18380 to 18384
Skipped Seq from 18385 to 18388
Skipped Seq from 18388 to 18398
Skipped Seq from 18398 to 18401
Skipped Seq from 18401 to 18404
Skipped Seq from 18404 to 18412
Skipped Seq from 18412 to 18415
Skipped Seq from 18415 to 18417
Skipped Seq from 18418 to 18422
Skipped Seq from 18424 to 18428
Skipped Seq from 18428 to 18436
Skipped Seq from 18436 to 18451
Skipped Seq from 18452 to 18463
Skipped Seq from 18463 to 18472
Skipped Seq from 18472 to 18487
Skipped Seq from 18488 to 18503
Skipped Seq from 18503 to 18505
Skipped Seq from 18505 to 18508
Skipped Seq from 18508 to 18522
Skipped Seq from 18523 to 18534
Number of times throttled: 15
Received: 10021 / 18541 packets
Start time: 1332841395.983035
End time: 1332841434.395908
Duration: 38.412873
