Starting client at 10.0.0.20:1277 with timeout:10
My IP address is 10.0.0.20Skipped Seq from 319 to 322
Skipped Seq from 322 to 325
Skipped Seq from 326 to 332
Skipped Seq from 335 to 343
Skipped Seq from 348 to 353
Skipped Seq from 353 to 355
Skipped Seq from 355 to 367
Skipped Seq from 369 to 373
Skipped Seq from 374 to 391
Skipped Seq from 391 to 398
Skipped Seq from 405 to 418
Skipped Seq from 427 to 434
Skipped Seq from 436 to 438
Skipped Seq from 439 to 443
Skipped Seq from 445 to 451
Skipped Seq from 451 to 453
Skipped Seq from 453 to 458
Skipped Seq from 460 to 466
Skipped Seq from 466 to 469
Skipped Seq from 469 to 472
Skipped Seq from 474 to 479
Skipped Seq from 479 to 484
Skipped Seq from 485 to 490
Skipped Seq from 491 to 493
Skipped Seq from 493 to 505
Skipped Seq from 505 to 508
Skipped Seq from 509 to 513
Skipped Seq from 515 to 526
Skipped Seq from 526 to 532
Skipped Seq from 534 to 537
Skipped Seq from 538 to 547
Skipped Seq from 548 to 550
Skipped Seq from 551 to 558
Skipped Seq from 560 to 567
Skipped Seq from 571 to 576
Skipped Seq from 578 to 582
Skipped Seq from 582 to 590
Skipped Seq from 592 to 594
Skipped Seq from 595 to 597
Skipped Seq from 599 to 602
Skipped Seq from 602 to 606
Skipped Seq from 606 to 608
Skipped Seq from 608 to 618
Skipped Seq from 620 to 624
Skipped Seq from 624 to 626
Skipped Seq from 626 to 635
Skipped Seq from 635 to 643
Skipped Seq from 644 to 653
Skipped Seq from 653 to 655
Skipped Seq from 658 to 664
Skipped Seq from 664 to 667
Skipped Seq from 669 to 671
Skipped Seq from 672 to 687
Skipped Seq from 688 to 690
Skipped Seq from 691 to 696
Skipped Seq from 698 to 709
Skipped Seq from 709 to 715
Skipped Seq from 718 to 723
Skipped Seq from 723 to 736
Skipped Seq from 736 to 745
Skipped Seq from 745 to 747
Skipped Seq from 747 to 749
Skipped Seq from 750 to 752
Skipped Seq from 752 to 757
Skipped Seq from 758 to 762
Skipped Seq from 765 to 767
Skipped Seq from 767 to 769
Skipped Seq from 770 to 772
Skipped Seq from 773 to 778
Skipped Seq from 779 to 781
Skipped Seq from 781 to 789
Skipped Seq from 789 to 795
Skipped Seq from 795 to 800
Skipped Seq from 800 to 804
Skipped Seq from 805 to 811
Skipped Seq from 811 to 816
Skipped Seq from 818 to 821
Skipped Seq from 821 to 835
Skipped Seq from 838 to 842
Skipped Seq from 844 to 849
Skipped Seq from 849 to 852
Skipped Seq from 853 to 855
Skipped Seq from 855 to 859
Skipped Seq from 859 to 868
Skipped Seq from 869 to 874
Skipped Seq from 875 to 877
Skipped Seq from 877 to 887
Skipped Seq from 889 to 893
Skipped Seq from 894 to 898
Skipped Seq from 899 to 903
Skipped Seq from 904 to 917
Skipped Seq from 919 to 927
Skipped Seq from 928 to 930
Skipped Seq from 932 to 934
Skipped Seq from 934 to 936
Skipped Seq from 936 to 938
Skipped Seq from 938 to 940
Skipped Seq from 940 to 943
Skipped Seq from 943 to 950
Skipped Seq from 950 to 962
Skipped Seq from 964 to 968
Skipped Seq from 969 to 974
Skipped Seq from 974 to 977
Skipped Seq from 977 to 979
Skipped Seq from 980 to 983
Skipped Seq from 985 to 990
Skipped Seq from 991 to 996
Skipped Seq from 996 to 999
Skipped Seq from 999 to 1001
Skipped Seq from 1001 to 1005
Skipped Seq from 1005 to 1014
Skipped Seq from 1015 to 1022
Skipped Seq from 1024 to 1026
Skipped Seq from 1027 to 1032
Skipped Seq from 1034 to 1047
Skipped Seq from 1047 to 1050
Skipped Seq from 1062 to 1070
Skipped Seq from 1070 to 1077
Skipped Seq from 1078 to 1083
Skipped Seq from 1083 to 1085
Skipped Seq from 1087 to 1090
Skipped Seq from 1091 to 1093
Skipped Seq from 1096 to 1100
Skipped Seq from 1102 to 1106
Skipped Seq from 1106 to 1112
Skipped Seq from 1113 to 1117
Skipped Seq from 1118 to 1125
Skipped Seq from 1125 to 1128
Skipped Seq from 1130 to 1134
Skipped Seq from 1134 to 1137
Skipped Seq from 1137 to 1139
Skipped Seq from 1140 to 1145
Skipped Seq from 1145 to 1158
Skipped Seq from 1158 to 1162
Skipped Seq from 1162 to 1164
Skipped Seq from 1165 to 1168
Skipped Seq from 1172 to 1175
Skipped Seq from 1175 to 1181
Skipped Seq from 1181 to 1183
Skipped Seq from 1183 to 1185
Skipped Seq from 1187 to 1217
Skipped Seq from 1217 to 1226
Skipped Seq from 1230 to 1235
Skipped Seq from 1236 to 1244
Skipped Seq from 1245 to 1250
Skipped Seq from 1251 to 1253
Skipped Seq from 1255 to 1257
Skipped Seq from 1257 to 1260
Skipped Seq from 1262 to 1266
Skipped Seq from 1266 to 1275
Skipped Seq from 1277 to 1290
Skipped Seq from 1291 to 1293
Skipped Seq from 1294 to 1297
Skipped Seq from 1297 to 1300
Skipped Seq from 1302 to 1309
Skipped Seq from 1311 to 1316
Skipped Seq from 1316 to 1318
Skipped Seq from 1319 to 1322
Skipped Seq from 1322 to 1324
Skipped Seq from 1326 to 1329
Skipped Seq from 1330 to 1341
Skipped Seq from 1342 to 1351
Skipped Seq from 1352 to 1357
Skipped Seq from 1357 to 1370
Skipped Seq from 1373 to 1379
Skipped Seq from 1381 to 1394
Skipped Seq from 1396 to 1413
Skipped Seq from 1414 to 1419
Skipped Seq from 1419 to 1422
Skipped Seq from 1423 to 1427
Skipped Seq from 1428 to 1432
Skipped Seq from 1432 to 1437
Skipped Seq from 1438 to 1444
Skipped Seq from 1444 to 1447
Skipped Seq from 1448 to 1453
Skipped Seq from 1453 to 1467
Skipped Seq from 1470 to 1472
Skipped Seq from 1473 to 1480
Skipped Seq from 1480 to 1490
Skipped Seq from 1491 to 1494
Skipped Seq from 1494 to 1498
Skipped Seq from 1498 to 1509
Skipped Seq from 1510 to 1514
Skipped Seq from 1514 to 1518
Skipped Seq from 1522 to 1524
Skipped Seq from 1524 to 1527
Skipped Seq from 1528 to 1538
Skipped Seq from 1547 to 1550
Skipped Seq from 1551 to 1558
Skipped Seq from 1559 to 1567
Skipped Seq from 1567 to 1573
Skipped Seq from 1576 to 1581
Skipped Seq from 1582 to 1584
Skipped Seq from 1585 to 1590
Skipped Seq from 1591 to 1596
Skipped Seq from 1596 to 1610
Skipped Seq from 1610 to 1615
Skipped Seq from 1623 to 1636
Skipped Seq from 1662 to 1671
Skipped Seq from 1671 to 1678
Skipped Seq from 1678 to 1682
Skipped Seq from 1682 to 1685
Skipped Seq from 1685 to 1691
Skipped Seq from 1691 to 1696
Skipped Seq from 1697 to 1699
Skipped Seq from 1699 to 1703
Skipped Seq from 1703 to 1708
Skipped Seq from 1712 to 1718
Skipped Seq from 1720 to 1725
Skipped Seq from 1725 to 1728
Skipped Seq from 1729 to 1734
Skipped Seq from 1734 to 1747
Skipped Seq from 1747 to 1750
Skipped Seq from 1750 to 1752
Skipped Seq from 1752 to 1754
Skipped Seq from 1754 to 1764
Skipped Seq from 1764 to 1771
Skipped Seq from 1771 to 1773
Skipped Seq from 1773 to 1781
Skipped Seq from 1781 to 1783
Skipped Seq from 1783 to 1785
Skipped Seq from 1785 to 1787
Skipped Seq from 1787 to 1791
Skipped Seq from 1791 to 1794
Skipped Seq from 1796 to 1800
Skipped Seq from 1800 to 1802
Skipped Seq from 1808 to 1819
Skipped Seq from 1820 to 1825
Skipped Seq from 1825 to 1840
Skipped Seq from 1841 to 1843
Skipped Seq from 1845 to 1847
Skipped Seq from 1847 to 1850
Skipped Seq from 1854 to 1860
Skipped Seq from 1861 to 1865
Skipped Seq from 1866 to 1874
Skipped Seq from 1874 to 1878
Skipped Seq from 1879 to 1881
Skipped Seq from 1881 to 1898
Skipped Seq from 1900 to 1902
Skipped Seq from 1903 to 1908
Skipped Seq from 1908 to 1912
Skipped Seq from 1912 to 1923
Skipped Seq from 1923 to 1927
Skipped Seq from 1927 to 1933
Skipped Seq from 1934 to 1937
Skipped Seq from 1937 to 1943
Skipped Seq from 1944 to 1949
Skipped Seq from 1951 to 1962
Skipped Seq from 1963 to 1966
Skipped Seq from 1966 to 1970
Skipped Seq from 1970 to 1980
Skipped Seq from 1980 to 1989
Skipped Seq from 1989 to 1994
Skipped Seq from 1996 to 2000
Skipped Seq from 2000 to 2002
Skipped Seq from 2003 to 2005
Skipped Seq from 2007 to 2011
Skipped Seq from 2011 to 2014
Skipped Seq from 2016 to 2018
Skipped Seq from 2020 to 2027
Skipped Seq from 2027 to 2029
Skipped Seq from 2029 to 2031
Skipped Seq from 2035 to 2038
Skipped Seq from 2038 to 2056
Skipped Seq from 2056 to 2081
Skipped Seq from 2081 to 2084
Skipped Seq from 2090 to 2092
Skipped Seq from 2093 to 2096
Skipped Seq from 2099 to 2102
Skipped Seq from 2102 to 2115
Skipped Seq from 2115 to 2117
Skipped Seq from 2118 to 2120
Skipped Seq from 2120 to 2124
Skipped Seq from 2124 to 2139
Skipped Seq from 2139 to 2149
Skipped Seq from 2150 to 2154
Skipped Seq from 2155 to 2161
Skipped Seq from 2167 to 2170
Skipped Seq from 2173 to 2176
Skipped Seq from 2177 to 2198
Skipped Seq from 2198 to 2217
Skipped Seq from 2217 to 2221
Skipped Seq from 2228 to 2235
Skipped Seq from 2236 to 2238
Skipped Seq from 2238 to 2248
Skipped Seq from 2252 to 2258
Skipped Seq from 2258 to 2265
Skipped Seq from 2265 to 2269
Skipped Seq from 2269 to 2275
Skipped Seq from 2275 to 2279
Skipped Seq from 2279 to 2282
Skipped Seq from 2282 to 2287
Skipped Seq from 2290 to 2293
Skipped Seq from 2293 to 2299
Skipped Seq from 2300 to 2302
Skipped Seq from 2303 to 2313
Skipped Seq from 2313 to 2319
Skipped Seq from 2320 to 2340
Skipped Seq from 2341 to 2343
Skipped Seq from 2343 to 2349
Skipped Seq from 2350 to 2360
Skipped Seq from 2360 to 2372
Skipped Seq from 2372 to 2377
Skipped Seq from 2377 to 2388
Skipped Seq from 2390 to 2392
Skipped Seq from 2394 to 2399
Skipped Seq from 2400 to 2413
Skipped Seq from 2413 to 2419
Skipped Seq from 2421 to 2433
Skipped Seq from 2435 to 2439
Skipped Seq from 2441 to 2463
Skipped Seq from 2464 to 2466
Skipped Seq from 2470 to 2473
Skipped Seq from 2473 to 2476
Skipped Seq from 2479 to 2505
Skipped Seq from 2506 to 2508
Skipped Seq from 2516 to 2519
Skipped Seq from 2519 to 2528
Skipped Seq from 2532 to 2534
Skipped Seq from 2534 to 2538
Skipped Seq from 2538 to 2557
Skipped Seq from 2558 to 2561
Skipped Seq from 2562 to 2565
Skipped Seq from 2566 to 2568
Skipped Seq from 2568 to 2576
Skipped Seq from 2576 to 2578
Skipped Seq from 2578 to 2581
Skipped Seq from 2581 to 2601
Skipped Seq from 2601 to 2604
Skipped Seq from 2605 to 2616
Skipped Seq from 2616 to 2618
Skipped Seq from 2618 to 2620
Skipped Seq from 2620 to 2624
Skipped Seq from 2624 to 2630
Skipped Seq from 2630 to 2633
Skipped Seq from 2634 to 2644
Skipped Seq from 2645 to 2647
Skipped Seq from 2647 to 2653
Skipped Seq from 2654 to 2657
Skipped Seq from 2657 to 2671
Skipped Seq from 2672 to 2679
Skipped Seq from 2680 to 2684
Skipped Seq from 2685 to 2692
Skipped Seq from 2694 to 2697
Skipped Seq from 2697 to 2699
Skipped Seq from 2699 to 2702
Skipped Seq from 2703 to 2708
Skipped Seq from 2708 to 2722
Skipped Seq from 2723 to 2740
Skipped Seq from 2740 to 2742
Skipped Seq from 2742 to 2748
Skipped Seq from 2748 to 2752
Skipped Seq from 2753 to 2759
Skipped Seq from 2762 to 2765
Skipped Seq from 2765 to 2767
Skipped Seq from 2768 to 2771
Skipped Seq from 2771 to 2774
Skipped Seq from 2774 to 2778
Skipped Seq from 2778 to 2807
Skipped Seq from 2808 to 2812
Skipped Seq from 2813 to 2816
Skipped Seq from 2817 to 2823
Skipped Seq from 2823 to 2825
Skipped Seq from 2827 to 2833
Skipped Seq from 2834 to 2846
Skipped Seq from 2849 to 2861
Skipped Seq from 2861 to 2866
Skipped Seq from 2866 to 2868
Skipped Seq from 2868 to 2872
Skipped Seq from 2872 to 2877
Skipped Seq from 2878 to 2882
Skipped Seq from 2885 to 2887
Skipped Seq from 2889 to 2891
Skipped Seq from 2894 to 2896
Skipped Seq from 2897 to 2908
Skipped Seq from 2909 to 2911
Skipped Seq from 2912 to 2936
Skipped Seq from 2936 to 2948
Skipped Seq from 2948 to 2955
Skipped Seq from 2956 to 2958
Skipped Seq from 2958 to 2960
Skipped Seq from 2963 to 2966
Skipped Seq from 2966 to 2968
Skipped Seq from 2973 to 2997
Skipped Seq from 2997 to 3009
Skipped Seq from 3010 to 3022
Skipped Seq from 3022 to 3024
Skipped Seq from 3025 to 3030
Skipped Seq from 3030 to 3032
Skipped Seq from 3033 to 3041
Skipped Seq from 3042 to 3056
Skipped Seq from 3056 to 3060
Skipped Seq from 3060 to 3070
Skipped Seq from 3070 to 3074
Skipped Seq from 3074 to 3076
Skipped Seq from 3080 to 3083
Skipped Seq from 3084 to 3087
Skipped Seq from 3089 to 3099
Skipped Seq from 3100 to 3102
Skipped Seq from 3102 to 3110
Skipped Seq from 3110 to 3117
Skipped Seq from 3118 to 3120
Skipped Seq from 3124 to 3126
Skipped Seq from 3126 to 3128
Skipped Seq from 3128 to 3134
Skipped Seq from 3135 to 3139
Skipped Seq from 3140 to 3142
Skipped Seq from 3142 to 3144
Skipped Seq from 3145 to 3151
Skipped Seq from 3153 to 3163
Skipped Seq from 3163 to 3166
Skipped Seq from 3169 to 3172
Skipped Seq from 3173 to 3176
Skipped Seq from 3177 to 3179
Skipped Seq from 3181 to 3183
Skipped Seq from 3184 to 3186
Skipped Seq from 3187 to 3192
Skipped Seq from 3192 to 3194
Skipped Seq from 3196 to 3198
Skipped Seq from 3204 to 3206
Skipped Seq from 3206 to 3214
Skipped Seq from 3216 to 3218
Skipped Seq from 3219 to 3221
Skipped Seq from 3222 to 3231
Skipped Seq from 3232 to 3245
Skipped Seq from 3247 to 3250
Skipped Seq from 3250 to 3253
Skipped Seq from 3253 to 3256
Skipped Seq from 3257 to 3259
Skipped Seq from 3264 to 3266
Skipped Seq from 3267 to 3270
Skipped Seq from 3270 to 3272
Skipped Seq from 3274 to 3276
Skipped Seq from 3278 to 3285
Skipped Seq from 3286 to 3289
Skipped Seq from 3291 to 3293
Skipped Seq from 3294 to 3297
Skipped Seq from 3302 to 3305
Skipped Seq from 3306 to 3309
Skipped Seq from 3309 to 3311
Skipped Seq from 3311 to 3314
Skipped Seq from 3315 to 3318
Skipped Seq from 3321 to 3325
Skipped Seq from 3327 to 3329
Skipped Seq from 3329 to 3332
Skipped Seq from 3337 to 3340
Skipped Seq from 3342 to 3345
Skipped Seq from 3346 to 3354
Skipped Seq from 3355 to 3365
Skipped Seq from 3365 to 3368
Skipped Seq from 3369 to 3372
Skipped Seq from 3383 to 3388
Skipped Seq from 3407 to 3411
Skipped Seq from 3412 to 3418
Skipped Seq from 3418 to 3424
Skipped Seq from 3432 to 3437
Skipped Seq from 3438 to 3440
Skipped Seq from 3441 to 3447
Skipped Seq from 3447 to 3450
Skipped Seq from 3454 to 3458
Skipped Seq from 3460 to 3466
Skipped Seq from 3466 to 3468
Skipped Seq from 3468 to 3475
Skipped Seq from 3480 to 3482
Skipped Seq from 3485 to 3487
Skipped Seq from 3489 to 3491
Skipped Seq from 3495 to 3500
Skipped Seq from 3500 to 3513
Skipped Seq from 3521 to 3523
Skipped Seq from 3527 to 3529
Skipped Seq from 3531 to 3533
Skipped Seq from 3539 to 3541
Skipped Seq from 3557 to 3560
Skipped Seq from 3562 to 3564
Skipped Seq from 3566 to 3569
Skipped Seq from 3569 to 3571
Skipped Seq from 3572 to 3574
Skipped Seq from 3589 to 3592
Skipped Seq from 3598 to 3603
Skipped Seq from 3604 to 3607
Skipped Seq from 3612 to 3615
Skipped Seq from 3615 to 3617
Skipped Seq from 3618 to 3620
Skipped Seq from 3628 to 3630
Skipped Seq from 3632 to 3636
Skipped Seq from 3637 to 3640
Skipped Seq from 3640 to 3643
Skipped Seq from 3648 to 3651
Skipped Seq from 3651 to 3655
Skipped Seq from 3669 to 3673
Skipped Seq from 3675 to 3677
Skipped Seq from 3681 to 3683
Skipped Seq from 3684 to 3688
Skipped Seq from 3695 to 3697
Skipped Seq from 3718 to 3720
Skipped Seq from 3721 to 3723
Skipped Seq from 3744 to 3746
Skipped Seq from 3752 to 3755
Skipped Seq from 3772 to 3774
Skipped Seq from 3781 to 3783
Skipped Seq from 3807 to 3809
Skipped Seq from 3829 to 3832
Skipped Seq from 3833 to 3835
Skipped Seq from 3840 to 3842
Skipped Seq from 3851 to 3855
Skipped Seq from 3855 to 3858
Skipped Seq from 3862 to 3865
Skipped Seq from 3873 to 3875
Skipped Seq from 3875 to 3877
Skipped Seq from 3880 to 3882
Skipped Seq from 3887 to 3889
Skipped Seq from 3895 to 3898
Skipped Seq from 3909 to 3911
Skipped Seq from 3915 to 3917
Skipped Seq from 3917 to 3919
Skipped Seq from 3919 to 3921
Skipped Seq from 3922 to 3924
Skipped Seq from 3937 to 3941
Skipped Seq from 3943 to 3946
Skipped Seq from 3972 to 3974
Skipped Seq from 3975 to 3977
Skipped Seq from 4068 to 4073
Skipped Seq from 4093 to 4095
Skipped Seq from 4119 to 4121
Skipped Seq from 4173 to 4175
Skipped Seq from 4203 to 4205
Skipped Seq from 4205 to 4207
Skipped Seq from 4210 to 4213
Skipped Seq from 7412 to 7414
Skipped Seq from 7424 to 7428
Skipped Seq from 7445 to 7450
Skipped Seq from 7450 to 7452
Skipped Seq from 7457 to 7460
Skipped Seq from 7469 to 7471
Skipped Seq from 7476 to 7478
Skipped Seq from 7482 to 7487
Skipped Seq from 7496 to 7498
Skipped Seq from 7500 to 7502
Skipped Seq from 7502 to 7504
Skipped Seq from 7505 to 7508
Skipped Seq from 7510 to 7512
Skipped Seq from 7515 to 7521
Skipped Seq from 7523 to 7526
Skipped Seq from 7527 to 7532
Skipped Seq from 7533 to 7537
Skipped Seq from 7537 to 7539
Skipped Seq from 7540 to 7543
Skipped Seq from 7546 to 7548
Skipped Seq from 7548 to 7551
Skipped Seq from 7561 to 7563
Skipped Seq from 7568 to 7570
Skipped Seq from 7570 to 7588
Skipped Seq from 7588 to 7595
Skipped Seq from 7598 to 7602
Skipped Seq from 7602 to 7606
Skipped Seq from 7613 to 7620
Skipped Seq from 7623 to 7628
Skipped Seq from 7632 to 7639
Skipped Seq from 7646 to 7650
Skipped Seq from 7660 to 7663
Skipped Seq from 7666 to 7668
Skipped Seq from 7687 to 7692
Skipped Seq from 7700 to 7703
Skipped Seq from 7709 to 7716
Skipped Seq from 7716 to 7718
Skipped Seq from 7720 to 7723
Skipped Seq from 7727 to 7729
Skipped Seq from 7729 to 7743
Skipped Seq from 7746 to 7750
Skipped Seq from 7758 to 7765
Skipped Seq from 7767 to 7769
Skipped Seq from 7770 to 7772
Skipped Seq from 7777 to 7784
Skipped Seq from 7794 to 7806
Skipped Seq from 7810 to 7815
Skipped Seq from 7831 to 7838
Skipped Seq from 7842 to 7848
Skipped Seq from 7855 to 7862
Skipped Seq from 7862 to 7864
Skipped Seq from 7864 to 7866
Skipped Seq from 7866 to 7868
Skipped Seq from 7869 to 7872
Skipped Seq from 7874 to 7876
Skipped Seq from 7879 to 7887
Skipped Seq from 7891 to 7894
Skipped Seq from 7894 to 7897
Skipped Seq from 7898 to 7900
Skipped Seq from 7905 to 7909
Skipped Seq from 7909 to 7911
Skipped Seq from 7913 to 7915
Skipped Seq from 7918 to 7920
Skipped Seq from 7921 to 7923
Skipped Seq from 7923 to 7925
Skipped Seq from 7931 to 7933
Skipped Seq from 7946 to 7948
Skipped Seq from 7952 to 7954
Skipped Seq from 7958 to 7960
Skipped Seq from 7960 to 7964
Skipped Seq from 7967 to 7975
Skipped Seq from 7981 to 7983
Skipped Seq from 7987 to 7989
Skipped Seq from 7992 to 7996
Skipped Seq from 8002 to 8004
Skipped Seq from 8004 to 8006
Skipped Seq from 8008 to 8011
Skipped Seq from 8018 to 8020
Skipped Seq from 8024 to 8026
Skipped Seq from 8033 to 8035
Skipped Seq from 8036 to 8039
Skipped Seq from 8043 to 8045
Skipped Seq from 8068 to 8076
Skipped Seq from 8087 to 8092
Skipped Seq from 8092 to 8105
Skipped Seq from 8107 to 8112
Skipped Seq from 8120 to 8123
Skipped Seq from 8123 to 8125
Skipped Seq from 8125 to 8127
Skipped Seq from 8127 to 8130
Skipped Seq from 8130 to 8132
Skipped Seq from 8143 to 8149
Skipped Seq from 8149 to 8151
Skipped Seq from 8157 to 8160
Skipped Seq from 8163 to 8166
Skipped Seq from 8166 to 8168
Skipped Seq from 8174 to 8176
Skipped Seq from 8179 to 8181
Skipped Seq from 8191 to 8193
Skipped Seq from 8200 to 8203
Skipped Seq from 8209 to 8211
Skipped Seq from 8213 to 8217
Skipped Seq from 8220 to 8222
Skipped Seq from 8222 to 8228
Skipped Seq from 8233 to 8235
Skipped Seq from 8237 to 8240
Skipped Seq from 8243 to 8245
Skipped Seq from 8255 to 8258
Skipped Seq from 8264 to 8266
Skipped Seq from 8267 to 8269
Skipped Seq from 8270 to 8272
Skipped Seq from 8273 to 8275
Skipped Seq from 8275 to 8279
Skipped Seq from 8288 to 8290
Skipped Seq from 8290 to 8292
Skipped Seq from 8297 to 8299
Skipped Seq from 8299 to 8302
Skipped Seq from 8306 to 8309
Skipped Seq from 8314 to 8317
Skipped Seq from 8320 to 8323
Skipped Seq from 8330 to 8332
Skipped Seq from 8332 to 8335
Skipped Seq from 8335 to 8337
Skipped Seq from 8338 to 8340
Skipped Seq from 8344 to 8348
Skipped Seq from 8352 to 8354
Skipped Seq from 8356 to 8358
Skipped Seq from 8358 to 8361
Skipped Seq from 8366 to 8368
Skipped Seq from 8368 to 8370
Skipped Seq from 8376 to 8379
Skipped Seq from 8379 to 8381
Skipped Seq from 8385 to 8387
Skipped Seq from 8387 to 8389
Skipped Seq from 8389 to 8393
Skipped Seq from 8410 to 8414
Skipped Seq from 8428 to 8433
Skipped Seq from 8434 to 8439
Skipped Seq from 8453 to 8455
Skipped Seq from 8456 to 8458
Skipped Seq from 8460 to 8463
Skipped Seq from 8465 to 8467
Skipped Seq from 8467 to 8469
Skipped Seq from 8471 to 8473
Skipped Seq from 8473 to 8475
Skipped Seq from 8482 to 8485
Skipped Seq from 8486 to 8488
Skipped Seq from 8490 to 8492
Skipped Seq from 8497 to 8499
Skipped Seq from 8510 to 8516
Skipped Seq from 8517 to 8519
Skipped Seq from 8521 to 8525
Skipped Seq from 8534 to 8536
Skipped Seq from 8550 to 8553
Skipped Seq from 8564 to 8566
Skipped Seq from 8570 to 8573
Skipped Seq from 8582 to 8585
Skipped Seq from 8586 to 8588
Skipped Seq from 8594 to 8597
Skipped Seq from 8612 to 8614
Skipped Seq from 8618 to 8620
Skipped Seq from 8629 to 8633
Skipped Seq from 8638 to 8642
Skipped Seq from 8666 to 8668
Skipped Seq from 8696 to 8701
Skipped Seq from 8715 to 8717
Skipped Seq from 8717 to 8720
Skipped Seq from 8737 to 8741
Skipped Seq from 8762 to 8766
Skipped Seq from 8789 to 8791
Skipped Seq from 8813 to 8818
Skipped Seq from 8864 to 8866
Skipped Seq from 8905 to 8907
Skipped Seq from 8908 to 8911
Skipped Seq from 8915 to 8918
Skipped Seq from 8935 to 8937
Skipped Seq from 8958 to 8960
Skipped Seq from 8978 to 8980
Number of times throttled: 7
Received: 8310 / 10978 packets
Start time: 1332842115.940842
End time: 1332842141.597846
Duration: 25.657004
