Starting client at 10.0.0.16:1255 with timeout:10
My IP address is 10.0.0.16Skipped Seq from 681 to 686
Skipped Seq from 690 to 692
Skipped Seq from 699 to 701
Skipped Seq from 702 to 705
Skipped Seq from 705 to 707
Skipped Seq from 717 to 719
Skipped Seq from 721 to 725
Skipped Seq from 726 to 728
Skipped Seq from 728 to 730
Skipped Seq from 732 to 735
Skipped Seq from 736 to 738
Skipped Seq from 739 to 743
Skipped Seq from 744 to 747
Skipped Seq from 748 to 750
Skipped Seq from 750 to 753
Skipped Seq from 756 to 758
Skipped Seq from 760 to 764
Skipped Seq from 766 to 768
Skipped Seq from 770 to 773
Skipped Seq from 773 to 775
Skipped Seq from 776 to 779
Skipped Seq from 783 to 785
Skipped Seq from 785 to 788
Skipped Seq from 790 to 793
Skipped Seq from 794 to 796
Skipped Seq from 804 to 807
Skipped Seq from 809 to 811
Skipped Seq from 811 to 813
Skipped Seq from 813 to 815
Skipped Seq from 816 to 822
Skipped Seq from 825 to 827
Skipped Seq from 827 to 830
Skipped Seq from 833 to 836
Skipped Seq from 837 to 839
Skipped Seq from 842 to 844
Skipped Seq from 848 to 850
Skipped Seq from 852 to 855
Skipped Seq from 856 to 860
Skipped Seq from 865 to 867
Skipped Seq from 869 to 871
Skipped Seq from 871 to 873
Skipped Seq from 875 to 878
Skipped Seq from 878 to 880
Skipped Seq from 885 to 887
Skipped Seq from 887 to 889
Skipped Seq from 890 to 893
Skipped Seq from 893 to 895
Skipped Seq from 896 to 901
Skipped Seq from 903 to 907
Skipped Seq from 907 to 910
Skipped Seq from 912 to 915
Skipped Seq from 926 to 929
Skipped Seq from 932 to 934
Skipped Seq from 939 to 945
Skipped Seq from 946 to 948
Skipped Seq from 949 to 951
Skipped Seq from 954 to 958
Skipped Seq from 959 to 962
Skipped Seq from 962 to 964
Skipped Seq from 965 to 967
Skipped Seq from 968 to 971
Skipped Seq from 973 to 975
Skipped Seq from 975 to 979
Skipped Seq from 980 to 982
Skipped Seq from 983 to 986
Skipped Seq from 991 to 993
Skipped Seq from 996 to 999
Skipped Seq from 1000 to 1002
Skipped Seq from 1002 to 1005
Skipped Seq from 1006 to 1008
Skipped Seq from 1017 to 1019
Skipped Seq from 1020 to 1022
Skipped Seq from 1024 to 1028
Skipped Seq from 1030 to 1033
Skipped Seq from 1036 to 1040
Skipped Seq from 1042 to 1044
Skipped Seq from 1049 to 1051
Skipped Seq from 1051 to 1053
Skipped Seq from 1055 to 1057
Skipped Seq from 1058 to 1060
Skipped Seq from 1060 to 1063
Skipped Seq from 1064 to 1066
Skipped Seq from 1066 to 1068
Skipped Seq from 1071 to 1074
Skipped Seq from 1075 to 1077
Skipped Seq from 1081 to 1083
Skipped Seq from 1083 to 1086
Skipped Seq from 1086 to 1088
Skipped Seq from 1091 to 1093
Skipped Seq from 1093 to 1095
Skipped Seq from 1095 to 1098
Skipped Seq from 1107 to 1109
Skipped Seq from 1113 to 1115
Skipped Seq from 1115 to 1118
Skipped Seq from 1118 to 1121
Skipped Seq from 1124 to 1127
Skipped Seq from 1129 to 1132
Skipped Seq from 1134 to 1137
Skipped Seq from 1142 to 1146
Skipped Seq from 1150 to 1152
Skipped Seq from 1152 to 1158
Skipped Seq from 1158 to 1160
Skipped Seq from 1161 to 1163
Skipped Seq from 1163 to 1166
Skipped Seq from 1167 to 1170
Skipped Seq from 1171 to 1173
Skipped Seq from 1174 to 1176
Skipped Seq from 1177 to 1179
Skipped Seq from 1179 to 1182
Skipped Seq from 1183 to 1187
Skipped Seq from 1187 to 1192
Skipped Seq from 1193 to 1195
Skipped Seq from 1200 to 1204
Skipped Seq from 1205 to 1211
Skipped Seq from 1211 to 1213
Skipped Seq from 1214 to 1217
Skipped Seq from 1217 to 1220
Skipped Seq from 1222 to 1224
Skipped Seq from 1225 to 1229
Skipped Seq from 1232 to 1235
Skipped Seq from 1235 to 1238
Skipped Seq from 1238 to 1241
Skipped Seq from 1241 to 1243
Skipped Seq from 1244 to 1246
Skipped Seq from 1248 to 1251
Skipped Seq from 1251 to 1257
Skipped Seq from 1258 to 1260
Skipped Seq from 1261 to 1265
Skipped Seq from 1270 to 1272
Skipped Seq from 1272 to 1274
Skipped Seq from 1276 to 1279
Skipped Seq from 1281 to 1283
Skipped Seq from 1284 to 1287
Skipped Seq from 1287 to 1289
Skipped Seq from 1293 to 1295
Skipped Seq from 1295 to 1297
Skipped Seq from 1301 to 1304
Skipped Seq from 1307 to 1311
Skipped Seq from 1322 to 1324
Skipped Seq from 1325 to 1327
Skipped Seq from 1328 to 1330
Skipped Seq from 1330 to 1334
Skipped Seq from 1334 to 1337
Skipped Seq from 1341 to 1343
Skipped Seq from 1345 to 1349
Skipped Seq from 1349 to 1353
Skipped Seq from 1354 to 1356
Skipped Seq from 1360 to 1363
Skipped Seq from 1363 to 1365
Skipped Seq from 1365 to 1368
Skipped Seq from 1379 to 1382
Skipped Seq from 1385 to 1391
Skipped Seq from 1397 to 1399
Skipped Seq from 1401 to 1406
Skipped Seq from 1406 to 1412
Skipped Seq from 1417 to 1419
Skipped Seq from 1420 to 1422
Skipped Seq from 1427 to 1430
Skipped Seq from 1434 to 1439
Skipped Seq from 1441 to 1444
Skipped Seq from 1447 to 1453
Skipped Seq from 1455 to 1458
Skipped Seq from 1458 to 1460
Skipped Seq from 1460 to 1463
Skipped Seq from 1466 to 1468
Skipped Seq from 1472 to 1475
Skipped Seq from 1475 to 1477
Skipped Seq from 1480 to 1482
Skipped Seq from 1482 to 1484
Skipped Seq from 1496 to 1498
Skipped Seq from 1498 to 1504
Skipped Seq from 1507 to 1509
Skipped Seq from 1509 to 1511
Skipped Seq from 1521 to 1524
Skipped Seq from 1526 to 1529
Skipped Seq from 1530 to 1533
Skipped Seq from 1533 to 1535
Skipped Seq from 1535 to 1539
Skipped Seq from 1547 to 1549
Skipped Seq from 1550 to 1553
Skipped Seq from 1554 to 1557
Skipped Seq from 1557 to 1560
Skipped Seq from 1561 to 1564
Skipped Seq from 1565 to 1568
Skipped Seq from 1568 to 1572
Skipped Seq from 1573 to 1575
Skipped Seq from 1576 to 1578
Skipped Seq from 1581 to 1585
Skipped Seq from 1585 to 1588
Skipped Seq from 1589 to 1591
Skipped Seq from 1592 to 1597
Skipped Seq from 1599 to 1601
Skipped Seq from 1601 to 1603
Skipped Seq from 1604 to 1606
Skipped Seq from 1611 to 1615
Skipped Seq from 1617 to 1621
Skipped Seq from 1624 to 1627
Skipped Seq from 1630 to 1632
Skipped Seq from 1635 to 1638
Skipped Seq from 1646 to 1648
Skipped Seq from 1651 to 1654
Skipped Seq from 1658 to 1662
Skipped Seq from 1665 to 1668
Skipped Seq from 1675 to 1677
Skipped Seq from 1688 to 1690
Skipped Seq from 1693 to 1695
Skipped Seq from 1709 to 1712
Skipped Seq from 1713 to 1718
Skipped Seq from 1718 to 1720
Skipped Seq from 1720 to 1724
Skipped Seq from 1726 to 1729
Skipped Seq from 1732 to 1738
Skipped Seq from 1740 to 1742
Skipped Seq from 1743 to 1745
Skipped Seq from 1756 to 1760
Skipped Seq from 1761 to 1763
Skipped Seq from 1770 to 1779
Skipped Seq from 1781 to 1784
Skipped Seq from 1785 to 1789
Skipped Seq from 1789 to 1793
Skipped Seq from 1793 to 1797
Skipped Seq from 1798 to 1801
Skipped Seq from 1801 to 1803
Skipped Seq from 1806 to 1808
Skipped Seq from 1812 to 1817
Skipped Seq from 1819 to 1821
Skipped Seq from 1822 to 1824
Skipped Seq from 1827 to 1829
Skipped Seq from 1830 to 1832
Skipped Seq from 1833 to 1836
Skipped Seq from 1839 to 1841
Skipped Seq from 1843 to 1850
Skipped Seq from 1850 to 1852
Skipped Seq from 1853 to 1856
Skipped Seq from 1857 to 1861
Skipped Seq from 1869 to 1871
Skipped Seq from 1877 to 1880
Skipped Seq from 1880 to 1883
Skipped Seq from 1890 to 1893
Skipped Seq from 1896 to 1898
Skipped Seq from 1904 to 1909
Skipped Seq from 1914 to 1917
Skipped Seq from 1918 to 1922
Skipped Seq from 1924 to 1930
Skipped Seq from 1931 to 1933
Skipped Seq from 1935 to 1937
Skipped Seq from 1937 to 1940
Skipped Seq from 1945 to 1952
Skipped Seq from 1998 to 2004
Skipped Seq from 2009 to 2011
Skipped Seq from 2011 to 2015
Skipped Seq from 2022 to 2025
Skipped Seq from 2026 to 2028
Skipped Seq from 2028 to 2032
Skipped Seq from 2083 to 2086
Skipped Seq from 2087 to 2090
Skipped Seq from 2092 to 2096
Skipped Seq from 2096 to 2108
Skipped Seq from 2108 to 2113
Skipped Seq from 2142 to 2148
Skipped Seq from 2168 to 2171
Skipped Seq from 2233 to 2236
Skipped Seq from 2339 to 2341
Skipped Seq from 2341 to 2343
Skipped Seq from 2374 to 2376
Number of times throttled: 2
Received: 9390 / 9914 packets
Start time: 1315407318.553997
End time: 1315407340.527130
Duration: 21.973133
