Starting client at 10.0.0.13:1262 with timeout:10
My IP address is 10.0.0.13Skipped Seq from 1270 to 1272
Skipped Seq from 1272 to 1276
Skipped Seq from 1281 to 1283
Skipped Seq from 1283 to 1285
Skipped Seq from 1286 to 1293
Skipped Seq from 1295 to 1297
Skipped Seq from 1298 to 1300
Skipped Seq from 1300 to 1302
Skipped Seq from 1312 to 1315
Skipped Seq from 1315 to 1317
Skipped Seq from 1323 to 1327
Skipped Seq from 1328 to 1331
Skipped Seq from 1332 to 1335
Skipped Seq from 1344 to 1346
Skipped Seq from 1346 to 1348
Skipped Seq from 1348 to 1352
Skipped Seq from 1356 to 1358
Skipped Seq from 1363 to 1365
Skipped Seq from 1369 to 1376
Skipped Seq from 1398 to 1404
Skipped Seq from 1404 to 1406
Skipped Seq from 1406 to 1409
Skipped Seq from 1419 to 1421
Skipped Seq from 1422 to 1424
Skipped Seq from 1424 to 1427
Skipped Seq from 1428 to 1430
Skipped Seq from 1430 to 1435
Skipped Seq from 1435 to 1437
Skipped Seq from 1439 to 1442
Skipped Seq from 1442 to 1444
Skipped Seq from 1445 to 1447
Skipped Seq from 1448 to 1450
Skipped Seq from 1450 to 1452
Skipped Seq from 1452 to 1456
Skipped Seq from 1456 to 1459
Skipped Seq from 1459 to 1461
Skipped Seq from 1467 to 1471
Skipped Seq from 1471 to 1473
Skipped Seq from 1474 to 1477
Skipped Seq from 1479 to 1482
Skipped Seq from 1490 to 1492
Skipped Seq from 1500 to 1502
Skipped Seq from 1503 to 1505
Skipped Seq from 1506 to 1508
Skipped Seq from 1509 to 1511
Skipped Seq from 1519 to 1522
Skipped Seq from 1532 to 1536
Skipped Seq from 1536 to 1539
Skipped Seq from 1540 to 1542
Skipped Seq from 1544 to 1547
Skipped Seq from 1547 to 1552
Skipped Seq from 1552 to 1554
Skipped Seq from 1555 to 1557
Skipped Seq from 1557 to 1559
Skipped Seq from 1572 to 1574
Skipped Seq from 1580 to 1585
Skipped Seq from 1585 to 1587
Skipped Seq from 1587 to 1589
Skipped Seq from 1590 to 1592
Skipped Seq from 1592 to 1596
Skipped Seq from 1604 to 1606
Skipped Seq from 1607 to 1609
Skipped Seq from 1610 to 1613
Skipped Seq from 1621 to 1623
Skipped Seq from 1632 to 1636
Skipped Seq from 1638 to 1641
Skipped Seq from 1643 to 1645
Skipped Seq from 1649 to 1655
Skipped Seq from 1657 to 1660
Skipped Seq from 1662 to 1664
Skipped Seq from 1668 to 1670
Skipped Seq from 1671 to 1673
Skipped Seq from 1674 to 1676
Skipped Seq from 1677 to 1682
Skipped Seq from 1682 to 1685
Skipped Seq from 1685 to 1689
Skipped Seq from 1689 to 1695
Skipped Seq from 1695 to 1697
Skipped Seq from 1697 to 1701
Skipped Seq from 1702 to 1704
Skipped Seq from 1707 to 1709
Skipped Seq from 1711 to 1713
Skipped Seq from 1713 to 1715
Skipped Seq from 1715 to 1718
Skipped Seq from 1722 to 1727
Skipped Seq from 1727 to 1732
Skipped Seq from 1732 to 1743
Skipped Seq from 1744 to 1746
Skipped Seq from 1748 to 1750
Skipped Seq from 1750 to 1752
Skipped Seq from 1755 to 1760
Skipped Seq from 1768 to 1771
Skipped Seq from 1773 to 1775
Skipped Seq from 1775 to 1779
Skipped Seq from 1783 to 1786
Skipped Seq from 1787 to 1789
Skipped Seq from 1796 to 1798
Skipped Seq from 1799 to 1805
Skipped Seq from 1806 to 1810
Skipped Seq from 1810 to 1814
Skipped Seq from 1814 to 1818
Skipped Seq from 1819 to 1825
Skipped Seq from 1827 to 1830
Skipped Seq from 1830 to 1835
Skipped Seq from 1839 to 1841
Skipped Seq from 1848 to 1850
Skipped Seq from 1857 to 1859
Skipped Seq from 1859 to 1865
Skipped Seq from 1871 to 1875
Skipped Seq from 1875 to 1878
Skipped Seq from 1885 to 1887
Skipped Seq from 1892 to 1894
Skipped Seq from 1896 to 1900
Skipped Seq from 1900 to 1902
Skipped Seq from 1909 to 1915
Skipped Seq from 1928 to 1931
Skipped Seq from 1933 to 1935
Skipped Seq from 1935 to 1943
Skipped Seq from 1944 to 1947
Skipped Seq from 1947 to 1949
Skipped Seq from 1951 to 1953
Skipped Seq from 1954 to 1956
Skipped Seq from 1956 to 1959
Skipped Seq from 1959 to 1962
Skipped Seq from 1962 to 1965
Skipped Seq from 1966 to 1970
Skipped Seq from 1970 to 1974
Skipped Seq from 1976 to 1978
Skipped Seq from 1981 to 1984
Skipped Seq from 1987 to 1991
Skipped Seq from 1991 to 1995
Skipped Seq from 1996 to 1998
Skipped Seq from 1998 to 2000
Skipped Seq from 2006 to 2008
Skipped Seq from 2009 to 2015
Skipped Seq from 2015 to 2021
Skipped Seq from 2021 to 2024
Skipped Seq from 2024 to 2026
Skipped Seq from 2030 to 2032
Skipped Seq from 2034 to 2038
Skipped Seq from 2039 to 2041
Skipped Seq from 2044 to 2046
Skipped Seq from 2046 to 2049
Skipped Seq from 2049 to 2051
Skipped Seq from 2051 to 2054
Skipped Seq from 2055 to 2063
Skipped Seq from 2063 to 2065
Skipped Seq from 2066 to 2068
Skipped Seq from 2070 to 2074
Skipped Seq from 2079 to 2085
Skipped Seq from 2086 to 2089
Skipped Seq from 2089 to 2091
Skipped Seq from 2091 to 2095
Skipped Seq from 2097 to 2099
Skipped Seq from 2099 to 2104
Skipped Seq from 2104 to 2106
Skipped Seq from 2106 to 2109
Skipped Seq from 2110 to 2114
Skipped Seq from 2114 to 2117
Skipped Seq from 2117 to 2119
Skipped Seq from 2121 to 2123
Skipped Seq from 2125 to 2128
Skipped Seq from 2130 to 2132
Skipped Seq from 2134 to 2136
Skipped Seq from 2136 to 2139
Skipped Seq from 2144 to 2147
Skipped Seq from 2150 to 2152
Skipped Seq from 2152 to 2154
Skipped Seq from 2155 to 2157
Skipped Seq from 2158 to 2160
Skipped Seq from 2161 to 2164
Skipped Seq from 2164 to 2167
Skipped Seq from 2171 to 2174
Skipped Seq from 2178 to 2180
Skipped Seq from 2183 to 2186
Skipped Seq from 2189 to 2193
Skipped Seq from 2201 to 2204
Skipped Seq from 2204 to 2206
Skipped Seq from 2212 to 2214
Skipped Seq from 2214 to 2218
Skipped Seq from 2219 to 2222
Skipped Seq from 2222 to 2231
Skipped Seq from 2231 to 2233
Skipped Seq from 2248 to 2250
Skipped Seq from 2250 to 2252
Skipped Seq from 2253 to 2255
Skipped Seq from 2263 to 2265
Skipped Seq from 2274 to 2276
Skipped Seq from 2277 to 2279
Skipped Seq from 2280 to 2283
Skipped Seq from 2285 to 2290
Skipped Seq from 2299 to 2302
Skipped Seq from 2306 to 2310
Skipped Seq from 2312 to 2314
Skipped Seq from 2314 to 2318
Skipped Seq from 2319 to 2322
Skipped Seq from 2322 to 2324
Skipped Seq from 2324 to 2330
Skipped Seq from 2334 to 2336
Skipped Seq from 2336 to 2338
Skipped Seq from 2339 to 2343
Skipped Seq from 2345 to 2347
Skipped Seq from 2347 to 2349
Skipped Seq from 2354 to 2357
Skipped Seq from 2361 to 2365
Skipped Seq from 2366 to 2368
Skipped Seq from 2368 to 2370
Skipped Seq from 2370 to 2372
Skipped Seq from 2378 to 2381
Skipped Seq from 2383 to 2385
Skipped Seq from 2386 to 2390
Skipped Seq from 2390 to 2396
Skipped Seq from 2400 to 2402
Skipped Seq from 2404 to 2406
Skipped Seq from 2407 to 2410
Skipped Seq from 2410 to 2412
Skipped Seq from 2412 to 2414
Skipped Seq from 2420 to 2423
Skipped Seq from 2423 to 2428
Skipped Seq from 2428 to 2430
Skipped Seq from 2432 to 2434
Skipped Seq from 2438 to 2440
Skipped Seq from 2440 to 2444
Skipped Seq from 2448 to 2450
Skipped Seq from 2450 to 2453
Skipped Seq from 2454 to 2458
Skipped Seq from 2466 to 2468
Skipped Seq from 2468 to 2471
Skipped Seq from 2475 to 2477
Skipped Seq from 2479 to 2485
Skipped Seq from 2485 to 2489
Skipped Seq from 2489 to 2494
Skipped Seq from 2495 to 2497
Skipped Seq from 2497 to 2500
Skipped Seq from 2505 to 2507
Skipped Seq from 2512 to 2516
Skipped Seq from 2517 to 2519
Skipped Seq from 2519 to 2521
Skipped Seq from 2526 to 2528
Skipped Seq from 2528 to 2530
Skipped Seq from 2534 to 2537
Skipped Seq from 2537 to 2539
Skipped Seq from 2540 to 2542
Skipped Seq from 2542 to 2544
Skipped Seq from 2569 to 2571
Skipped Seq from 2575 to 2577
Skipped Seq from 2577 to 2579
Skipped Seq from 2583 to 2586
Skipped Seq from 2586 to 2588
Skipped Seq from 2588 to 2590
Skipped Seq from 2590 to 2592
Skipped Seq from 2594 to 2598
Skipped Seq from 2598 to 2600
Skipped Seq from 2600 to 2604
Skipped Seq from 2604 to 2606
Skipped Seq from 2609 to 2611
Skipped Seq from 2611 to 2613
Skipped Seq from 2617 to 2619
Skipped Seq from 2619 to 2621
Skipped Seq from 2623 to 2632
Skipped Seq from 2635 to 2637
Skipped Seq from 2639 to 2641
Skipped Seq from 2646 to 2648
Skipped Seq from 2655 to 2658
Skipped Seq from 2658 to 2661
Skipped Seq from 2661 to 2663
Skipped Seq from 2666 to 2668
Skipped Seq from 2676 to 2678
Skipped Seq from 2680 to 2683
Skipped Seq from 2684 to 2686
Skipped Seq from 2688 to 2690
Skipped Seq from 2690 to 2692
Skipped Seq from 2699 to 2701
Skipped Seq from 2702 to 2704
Skipped Seq from 2704 to 2707
Skipped Seq from 2707 to 2709
Skipped Seq from 2710 to 2715
Skipped Seq from 2723 to 2725
Skipped Seq from 2729 to 2733
Skipped Seq from 2735 to 2741
Skipped Seq from 2745 to 2747
Skipped Seq from 2748 to 2752
Skipped Seq from 2756 to 2759
Skipped Seq from 2759 to 2761
Skipped Seq from 2762 to 2764
Skipped Seq from 2767 to 2770
Skipped Seq from 2770 to 2772
Skipped Seq from 2780 to 2782
Skipped Seq from 2790 to 2792
Skipped Seq from 2792 to 2795
Skipped Seq from 2795 to 2797
Skipped Seq from 2797 to 2799
Skipped Seq from 2805 to 2810
Skipped Seq from 2810 to 2813
Skipped Seq from 2814 to 2821
Skipped Seq from 2824 to 2830
Skipped Seq from 2847 to 2850
Skipped Seq from 2854 to 2857
Skipped Seq from 2860 to 2862
Skipped Seq from 2867 to 2871
Skipped Seq from 2876 to 2880
Skipped Seq from 2880 to 2884
Skipped Seq from 2884 to 2887
Skipped Seq from 2887 to 2890
Skipped Seq from 2892 to 2894
Skipped Seq from 2895 to 2897
Skipped Seq from 2898 to 2900
Skipped Seq from 2901 to 2903
Skipped Seq from 2904 to 2906
Skipped Seq from 2908 to 2912
Skipped Seq from 2913 to 2915
Skipped Seq from 2916 to 2918
Skipped Seq from 2919 to 2923
Skipped Seq from 2926 to 2928
Skipped Seq from 2928 to 2930
Skipped Seq from 2931 to 2933
Skipped Seq from 2937 to 2939
Skipped Seq from 2939 to 2941
Skipped Seq from 2942 to 2944
Skipped Seq from 2950 to 2952
Skipped Seq from 2962 to 2964
Skipped Seq from 2964 to 2966
Skipped Seq from 2966 to 2970
Skipped Seq from 2974 to 2976
Skipped Seq from 2976 to 2978
Skipped Seq from 2978 to 2980
Skipped Seq from 2981 to 2983
Skipped Seq from 2983 to 2986
Skipped Seq from 2987 to 2990
Skipped Seq from 2991 to 2993
Skipped Seq from 2995 to 2999
Skipped Seq from 3004 to 3007
Skipped Seq from 3011 to 3014
Skipped Seq from 3014 to 3016
Skipped Seq from 3017 to 3020
Skipped Seq from 3020 to 3025
Skipped Seq from 3028 to 3031
Skipped Seq from 3035 to 3037
Skipped Seq from 3040 to 3043
Skipped Seq from 3045 to 3047
Skipped Seq from 3050 to 3052
Skipped Seq from 3052 to 3058
Skipped Seq from 3058 to 3060
Skipped Seq from 3060 to 3062
Skipped Seq from 3063 to 3068
Skipped Seq from 3071 to 3074
Skipped Seq from 3074 to 3077
Skipped Seq from 3077 to 3081
Skipped Seq from 3081 to 3084
Skipped Seq from 3084 to 3086
Skipped Seq from 3091 to 3093
Skipped Seq from 3093 to 3095
Skipped Seq from 3095 to 3098
Skipped Seq from 3098 to 3101
Skipped Seq from 3102 to 3104
Skipped Seq from 3104 to 3107
Number of times throttled: 2
Received: 2419 / 3110 packets
Start time: 1315407488.456311
End time: 1315407503.010455
Duration: 14.554144
